[2023-02-08 13:44:24] Environments:
------------  ------------------------------------------------------------
sys.platform  linux
Python        3.8.10 (default, Nov 14 2022, 12:59:47) [GCC 9.4.0]
JAX           0.4.2 @/home/giung/.local/lib/python3.8/site-packages/jax
jaxlib        0.4.2 @/home/giung/.local/lib/python3.8/site-packages/jaxlib
Flax          0.6.4 @/home/giung/.local/lib/python3.8/site-packages/flax
Optax         0.1.4 @/home/giung/.local/lib/python3.8/site-packages/optax
------------  ------------------------------------------------------------

[2023-02-08 13:44:24] Command line arguments:
- args.data_root          : ./data/
- args.data_name          : CIFAR10_x32
- args.data_augmentation  : standard
- args.data_proportional  : 1.0
- args.model_depth        : 20
- args.model_width        : 4
- args.model_style        : BN-ReLU
- args.optim_bs           : 256
- args.optim_ne           : 200
- args.optim_lr           : 0.0001
- args.optim_b1           : 0.9
- args.optim_b2           : 0.999
- args.optim_eps          : 1e-08
- args.optim_weight_decay : 0.0003
- args.rho                : 0.3
- args.save               : /home/giung/giung2-dev/projects/sam/save/CIFAR10_x32/R20x4-BN-ReLU/SAM-Adam/bs-0256_ne-0200_lr-0.0001_b1-0.9000_b2-0.9990_wd-0.0003_rho-0.3000_fp32/42
- args.seed               : 42
- args.precision          : fp32

[2023-02-08 13:44:30] Multiple local devices are detected:
[TpuDevice(id=0, process_index=0, coords=(0,0,0), core_on_chip=0), TpuDevice(id=1, process_index=0, coords=(0,0,0), core_on_chip=1), TpuDevice(id=2, process_index=0, coords=(1,0,0), core_on_chip=0), TpuDevice(id=3, process_index=0, coords=(1,0,0), core_on_chip=1), TpuDevice(id=4, process_index=0, coords=(0,1,0), core_on_chip=0), TpuDevice(id=5, process_index=0, coords=(0,1,0), core_on_chip=1), TpuDevice(id=6, process_index=0, coords=(1,1,0), core_on_chip=0), TpuDevice(id=7, process_index=0, coords=(1,1,0), core_on_chip=1)]

[2023-02-08 13:45:30] [Epoch     1/  200] trn/loss 1.925e+00, trn/lr 1.000e-04, val/acc 3.883e-01, val/nll 1.664e+00 (best_acc: 0.000e+00 -> 3.883e-01, test_acc: 3.917e-01, test_nll: 1.658e+00)
[2023-02-08 13:45:38] [Epoch     2/  200] trn/loss 1.669e+00, trn/lr 9.999e-05, val/acc 4.331e-01, val/nll 1.534e+00 (best_acc: 3.883e-01 -> 4.331e-01, test_acc: 4.323e-01, test_nll: 1.526e+00)
[2023-02-08 13:45:47] [Epoch     3/  200] trn/loss 1.552e+00, trn/lr 9.996e-05, val/acc 4.764e-01, val/nll 1.426e+00 (best_acc: 4.331e-01 -> 4.764e-01, test_acc: 4.792e-01, test_nll: 1.421e+00)
[2023-02-08 13:45:55] [Epoch     4/  200] trn/loss 1.453e+00, trn/lr 9.992e-05, val/acc 5.039e-01, val/nll 1.363e+00 (best_acc: 4.764e-01 -> 5.039e-01, test_acc: 5.023e-01, test_nll: 1.362e+00)
[2023-02-08 13:46:03] [Epoch     5/  200] trn/loss 1.386e+00, trn/lr 9.987e-05, val/acc 5.298e-01, val/nll 1.275e+00 (best_acc: 5.039e-01 -> 5.298e-01, test_acc: 5.265e-01, test_nll: 1.278e+00)
[2023-02-08 13:46:12] [Epoch     6/  200] trn/loss 1.313e+00, trn/lr 9.981e-05, val/acc 5.480e-01, val/nll 1.212e+00 (best_acc: 5.298e-01 -> 5.480e-01, test_acc: 5.504e-01, test_nll: 1.215e+00)
[2023-02-08 13:46:20] [Epoch     7/  200] trn/loss 1.248e+00, trn/lr 9.974e-05, val/acc 5.772e-01, val/nll 1.157e+00 (best_acc: 5.480e-01 -> 5.772e-01, test_acc: 5.794e-01, test_nll: 1.162e+00)
[2023-02-08 13:46:28] [Epoch     8/  200] trn/loss 1.179e+00, trn/lr 9.965e-05, val/acc 6.038e-01, val/nll 1.098e+00 (best_acc: 5.772e-01 -> 6.038e-01, test_acc: 6.033e-01, test_nll: 1.103e+00)
[2023-02-08 13:46:36] [Epoch     9/  200] trn/loss 1.109e+00, trn/lr 9.955e-05, val/acc 6.350e-01, val/nll 1.019e+00 (best_acc: 6.038e-01 -> 6.350e-01, test_acc: 6.332e-01, test_nll: 1.027e+00)
[2023-02-08 13:46:45] [Epoch    10/  200] trn/loss 1.058e+00, trn/lr 9.944e-05, val/acc 6.473e-01, val/nll 9.723e-01 (best_acc: 6.350e-01 -> 6.473e-01, test_acc: 6.469e-01, test_nll: 9.797e-01)
[2023-02-08 13:46:53] [Epoch    11/  200] trn/loss 1.002e+00, trn/lr 9.932e-05, val/acc 6.740e-01, val/nll 9.200e-01 (best_acc: 6.473e-01 -> 6.740e-01, test_acc: 6.687e-01, test_nll: 9.275e-01)
[2023-02-08 13:47:01] [Epoch    12/  200] trn/loss 9.550e-01, trn/lr 9.919e-05, val/acc 6.819e-01, val/nll 8.774e-01 (best_acc: 6.740e-01 -> 6.819e-01, test_acc: 6.824e-01, test_nll: 8.863e-01)
[2023-02-08 13:47:09] [Epoch    13/  200] trn/loss 9.150e-01, trn/lr 9.904e-05, val/acc 6.986e-01, val/nll 8.436e-01 (best_acc: 6.819e-01 -> 6.986e-01, test_acc: 6.982e-01, test_nll: 8.517e-01)
[2023-02-08 13:47:18] [Epoch    14/  200] trn/loss 8.777e-01, trn/lr 9.888e-05, val/acc 7.121e-01, val/nll 8.038e-01 (best_acc: 6.986e-01 -> 7.121e-01, test_acc: 7.123e-01, test_nll: 8.119e-01)
[2023-02-08 13:47:26] [Epoch    15/  200] trn/loss 8.348e-01, trn/lr 9.871e-05, val/acc 7.251e-01, val/nll 7.657e-01 (best_acc: 7.121e-01 -> 7.251e-01, test_acc: 7.180e-01, test_nll: 7.793e-01)
[2023-02-08 13:47:34] [Epoch    16/  200] trn/loss 7.890e-01, trn/lr 9.853e-05, val/acc 7.437e-01, val/nll 7.180e-01 (best_acc: 7.251e-01 -> 7.437e-01, test_acc: 7.392e-01, test_nll: 7.290e-01)
[2023-02-08 13:47:42] [Epoch    17/  200] trn/loss 7.539e-01, trn/lr 9.833e-05, val/acc 7.481e-01, val/nll 7.078e-01 (best_acc: 7.437e-01 -> 7.481e-01, test_acc: 7.532e-01, test_nll: 7.155e-01)
[2023-02-08 13:47:51] [Epoch    18/  200] trn/loss 7.211e-01, trn/lr 9.812e-05, val/acc 7.602e-01, val/nll 6.676e-01 (best_acc: 7.481e-01 -> 7.602e-01, test_acc: 7.641e-01, test_nll: 6.761e-01)
[2023-02-08 13:47:59] [Epoch    19/  200] trn/loss 6.865e-01, trn/lr 9.790e-05, val/acc 7.737e-01, val/nll 6.393e-01 (best_acc: 7.602e-01 -> 7.737e-01, test_acc: 7.777e-01, test_nll: 6.420e-01)
[2023-02-08 13:48:07] [Epoch    20/  200] trn/loss 6.594e-01, trn/lr 9.767e-05, val/acc 7.847e-01, val/nll 6.100e-01 (best_acc: 7.737e-01 -> 7.847e-01, test_acc: 7.878e-01, test_nll: 6.141e-01)
[2023-02-08 13:48:15] [Epoch    21/  200] trn/loss 6.304e-01, trn/lr 9.743e-05, val/acc 7.931e-01, val/nll 5.941e-01 (best_acc: 7.847e-01 -> 7.931e-01, test_acc: 7.890e-01, test_nll: 6.000e-01)
[2023-02-08 13:48:23] [Epoch    22/  200] trn/loss 6.061e-01, trn/lr 9.718e-05, val/acc 7.936e-01, val/nll 5.888e-01 (best_acc: 7.931e-01 -> 7.936e-01, test_acc: 7.969e-01, test_nll: 5.873e-01)
[2023-02-08 13:48:32] [Epoch    23/  200] trn/loss 5.834e-01, trn/lr 9.691e-05, val/acc 8.051e-01, val/nll 5.546e-01 (best_acc: 7.936e-01 -> 8.051e-01, test_acc: 8.081e-01, test_nll: 5.583e-01)
[2023-02-08 13:48:40] [Epoch    24/  200] trn/loss 5.667e-01, trn/lr 9.663e-05, val/acc 8.138e-01, val/nll 5.319e-01 (best_acc: 8.051e-01 -> 8.138e-01, test_acc: 8.189e-01, test_nll: 5.338e-01)
[2023-02-08 13:48:48] [Epoch    25/  200] trn/loss 5.423e-01, trn/lr 9.634e-05, val/acc 8.159e-01, val/nll 5.215e-01 (best_acc: 8.138e-01 -> 8.159e-01, test_acc: 8.198e-01, test_nll: 5.245e-01)
[2023-02-08 13:48:56] [Epoch    26/  200] trn/loss 5.295e-01, trn/lr 9.604e-05, val/acc 8.205e-01, val/nll 5.117e-01 (best_acc: 8.159e-01 -> 8.205e-01, test_acc: 8.268e-01, test_nll: 5.145e-01)
[2023-02-08 13:49:05] [Epoch    27/  200] trn/loss 5.142e-01, trn/lr 9.573e-05, val/acc 8.329e-01, val/nll 4.905e-01 (best_acc: 8.205e-01 -> 8.329e-01, test_acc: 8.326e-01, test_nll: 4.927e-01)
[2023-02-08 13:49:12] [Epoch    28/  200] trn/loss 4.952e-01, trn/lr 9.541e-05, val/acc 8.299e-01, val/nll 4.874e-01
[2023-02-08 13:49:20] [Epoch    29/  200] trn/loss 4.825e-01, trn/lr 9.507e-05, val/acc 8.353e-01, val/nll 4.802e-01 (best_acc: 8.329e-01 -> 8.353e-01, test_acc: 8.308e-01, test_nll: 4.820e-01)
[2023-02-08 13:49:28] [Epoch    30/  200] trn/loss 4.646e-01, trn/lr 9.473e-05, val/acc 8.424e-01, val/nll 4.570e-01 (best_acc: 8.353e-01 -> 8.424e-01, test_acc: 8.454e-01, test_nll: 4.624e-01)
[2023-02-08 13:49:37] [Epoch    31/  200] trn/loss 4.545e-01, trn/lr 9.437e-05, val/acc 8.528e-01, val/nll 4.395e-01 (best_acc: 8.424e-01 -> 8.528e-01, test_acc: 8.465e-01, test_nll: 4.463e-01)
[2023-02-08 13:49:45] [Epoch    32/  200] trn/loss 4.398e-01, trn/lr 9.400e-05, val/acc 8.533e-01, val/nll 4.320e-01 (best_acc: 8.528e-01 -> 8.533e-01, test_acc: 8.475e-01, test_nll: 4.421e-01)
[2023-02-08 13:49:52] [Epoch    33/  200] trn/loss 4.308e-01, trn/lr 9.363e-05, val/acc 8.504e-01, val/nll 4.382e-01
[2023-02-08 13:50:00] [Epoch    34/  200] trn/loss 4.219e-01, trn/lr 9.324e-05, val/acc 8.545e-01, val/nll 4.207e-01 (best_acc: 8.533e-01 -> 8.545e-01, test_acc: 8.550e-01, test_nll: 4.303e-01)
[2023-02-08 13:50:09] [Epoch    35/  200] trn/loss 4.080e-01, trn/lr 9.284e-05, val/acc 8.561e-01, val/nll 4.237e-01 (best_acc: 8.545e-01 -> 8.561e-01, test_acc: 8.568e-01, test_nll: 4.268e-01)
[2023-02-08 13:50:17] [Epoch    36/  200] trn/loss 3.999e-01, trn/lr 9.243e-05, val/acc 8.606e-01, val/nll 4.053e-01 (best_acc: 8.561e-01 -> 8.606e-01, test_acc: 8.608e-01, test_nll: 4.084e-01)
[2023-02-08 13:50:25] [Epoch    37/  200] trn/loss 3.883e-01, trn/lr 9.201e-05, val/acc 8.652e-01, val/nll 3.936e-01 (best_acc: 8.606e-01 -> 8.652e-01, test_acc: 8.675e-01, test_nll: 3.995e-01)
[2023-02-08 13:50:32] [Epoch    38/  200] trn/loss 3.788e-01, trn/lr 9.157e-05, val/acc 8.639e-01, val/nll 3.896e-01
[2023-02-08 13:50:40] [Epoch    39/  200] trn/loss 3.717e-01, trn/lr 9.113e-05, val/acc 8.684e-01, val/nll 3.793e-01 (best_acc: 8.652e-01 -> 8.684e-01, test_acc: 8.717e-01, test_nll: 3.866e-01)
[2023-02-08 13:50:49] [Epoch    40/  200] trn/loss 3.638e-01, trn/lr 9.068e-05, val/acc 8.699e-01, val/nll 3.813e-01 (best_acc: 8.684e-01 -> 8.699e-01, test_acc: 8.698e-01, test_nll: 3.876e-01)
[2023-02-08 13:50:57] [Epoch    41/  200] trn/loss 3.523e-01, trn/lr 9.022e-05, val/acc 8.702e-01, val/nll 3.724e-01 (best_acc: 8.699e-01 -> 8.702e-01, test_acc: 8.739e-01, test_nll: 3.806e-01)
[2023-02-08 13:51:04] [Epoch    42/  200] trn/loss 3.438e-01, trn/lr 8.975e-05, val/acc 8.697e-01, val/nll 3.735e-01
[2023-02-08 13:51:12] [Epoch    43/  200] trn/loss 3.386e-01, trn/lr 8.927e-05, val/acc 8.758e-01, val/nll 3.644e-01 (best_acc: 8.702e-01 -> 8.758e-01, test_acc: 8.738e-01, test_nll: 3.718e-01)
[2023-02-08 13:51:20] [Epoch    44/  200] trn/loss 3.311e-01, trn/lr 8.878e-05, val/acc 8.787e-01, val/nll 3.523e-01 (best_acc: 8.758e-01 -> 8.787e-01, test_acc: 8.798e-01, test_nll: 3.549e-01)
[2023-02-08 13:51:28] [Epoch    45/  200] trn/loss 3.197e-01, trn/lr 8.828e-05, val/acc 8.785e-01, val/nll 3.544e-01
[2023-02-08 13:51:36] [Epoch    46/  200] trn/loss 3.143e-01, trn/lr 8.777e-05, val/acc 8.804e-01, val/nll 3.520e-01 (best_acc: 8.787e-01 -> 8.804e-01, test_acc: 8.807e-01, test_nll: 3.589e-01)
[2023-02-08 13:51:44] [Epoch    47/  200] trn/loss 3.090e-01, trn/lr 8.725e-05, val/acc 8.869e-01, val/nll 3.363e-01 (best_acc: 8.804e-01 -> 8.869e-01, test_acc: 8.837e-01, test_nll: 3.444e-01)
[2023-02-08 13:51:51] [Epoch    48/  200] trn/loss 3.024e-01, trn/lr 8.672e-05, val/acc 8.834e-01, val/nll 3.475e-01
[2023-02-08 13:51:58] [Epoch    49/  200] trn/loss 2.955e-01, trn/lr 8.618e-05, val/acc 8.865e-01, val/nll 3.365e-01
[2023-02-08 13:52:06] [Epoch    50/  200] trn/loss 2.866e-01, trn/lr 8.563e-05, val/acc 8.900e-01, val/nll 3.240e-01 (best_acc: 8.869e-01 -> 8.900e-01, test_acc: 8.869e-01, test_nll: 3.331e-01)
[2023-02-08 13:52:15] [Epoch    51/  200] trn/loss 2.814e-01, trn/lr 8.508e-05, val/acc 8.914e-01, val/nll 3.245e-01 (best_acc: 8.900e-01 -> 8.914e-01, test_acc: 8.891e-01, test_nll: 3.310e-01)
[2023-02-08 13:52:22] [Epoch    52/  200] trn/loss 2.774e-01, trn/lr 8.451e-05, val/acc 8.875e-01, val/nll 3.268e-01
[2023-02-08 13:52:30] [Epoch    53/  200] trn/loss 2.700e-01, trn/lr 8.394e-05, val/acc 8.936e-01, val/nll 3.211e-01 (best_acc: 8.914e-01 -> 8.936e-01, test_acc: 8.897e-01, test_nll: 3.261e-01)
[2023-02-08 13:52:37] [Epoch    54/  200] trn/loss 2.677e-01, trn/lr 8.336e-05, val/acc 8.921e-01, val/nll 3.201e-01
[2023-02-08 13:52:45] [Epoch    55/  200] trn/loss 2.587e-01, trn/lr 8.277e-05, val/acc 8.987e-01, val/nll 3.055e-01 (best_acc: 8.936e-01 -> 8.987e-01, test_acc: 8.934e-01, test_nll: 3.180e-01)
[2023-02-08 13:52:53] [Epoch    56/  200] trn/loss 2.544e-01, trn/lr 8.217e-05, val/acc 8.968e-01, val/nll 3.032e-01
[2023-02-08 13:53:01] [Epoch    57/  200] trn/loss 2.472e-01, trn/lr 8.157e-05, val/acc 9.014e-01, val/nll 2.975e-01 (best_acc: 8.987e-01 -> 9.014e-01, test_acc: 8.964e-01, test_nll: 3.058e-01)
[2023-02-08 13:53:08] [Epoch    58/  200] trn/loss 2.422e-01, trn/lr 8.096e-05, val/acc 8.989e-01, val/nll 2.960e-01
[2023-02-08 13:53:15] [Epoch    59/  200] trn/loss 2.415e-01, trn/lr 8.034e-05, val/acc 8.988e-01, val/nll 2.968e-01
[2023-02-08 13:53:23] [Epoch    60/  200] trn/loss 2.363e-01, trn/lr 7.971e-05, val/acc 8.942e-01, val/nll 3.061e-01
[2023-02-08 13:53:30] [Epoch    61/  200] trn/loss 2.300e-01, trn/lr 7.907e-05, val/acc 9.010e-01, val/nll 2.914e-01
[2023-02-08 13:53:38] [Epoch    62/  200] trn/loss 2.266e-01, trn/lr 7.843e-05, val/acc 9.040e-01, val/nll 2.828e-01 (best_acc: 9.014e-01 -> 9.040e-01, test_acc: 9.019e-01, test_nll: 2.921e-01)
[2023-02-08 13:53:46] [Epoch    63/  200] trn/loss 2.203e-01, trn/lr 7.778e-05, val/acc 9.046e-01, val/nll 2.808e-01 (best_acc: 9.040e-01 -> 9.046e-01, test_acc: 9.031e-01, test_nll: 2.867e-01)
[2023-02-08 13:53:54] [Epoch    64/  200] trn/loss 2.189e-01, trn/lr 7.712e-05, val/acc 9.052e-01, val/nll 2.778e-01 (best_acc: 9.046e-01 -> 9.052e-01, test_acc: 9.015e-01, test_nll: 2.875e-01)
[2023-02-08 13:54:03] [Epoch    65/  200] trn/loss 2.132e-01, trn/lr 7.646e-05, val/acc 9.075e-01, val/nll 2.761e-01 (best_acc: 9.052e-01 -> 9.075e-01, test_acc: 9.025e-01, test_nll: 2.871e-01)
[2023-02-08 13:54:10] [Epoch    66/  200] trn/loss 2.098e-01, trn/lr 7.579e-05, val/acc 9.075e-01, val/nll 2.744e-01
[2023-02-08 13:54:17] [Epoch    67/  200] trn/loss 2.048e-01, trn/lr 7.512e-05, val/acc 9.064e-01, val/nll 2.736e-01
[2023-02-08 13:54:24] [Epoch    68/  200] trn/loss 2.027e-01, trn/lr 7.443e-05, val/acc 9.062e-01, val/nll 2.762e-01
[2023-02-08 13:54:32] [Epoch    69/  200] trn/loss 1.988e-01, trn/lr 7.374e-05, val/acc 9.069e-01, val/nll 2.665e-01
[2023-02-08 13:54:40] [Epoch    70/  200] trn/loss 1.921e-01, trn/lr 7.305e-05, val/acc 9.083e-01, val/nll 2.706e-01 (best_acc: 9.075e-01 -> 9.083e-01, test_acc: 9.052e-01, test_nll: 2.786e-01)
[2023-02-08 13:54:48] [Epoch    71/  200] trn/loss 1.915e-01, trn/lr 7.235e-05, val/acc 9.084e-01, val/nll 2.727e-01 (best_acc: 9.083e-01 -> 9.084e-01, test_acc: 9.033e-01, test_nll: 2.790e-01)
[2023-02-08 13:54:56] [Epoch    72/  200] trn/loss 1.890e-01, trn/lr 7.165e-05, val/acc 9.116e-01, val/nll 2.585e-01 (best_acc: 9.084e-01 -> 9.116e-01, test_acc: 9.099e-01, test_nll: 2.687e-01)
[2023-02-08 13:55:04] [Epoch    73/  200] trn/loss 1.857e-01, trn/lr 7.093e-05, val/acc 9.107e-01, val/nll 2.609e-01
[2023-02-08 13:55:11] [Epoch    74/  200] trn/loss 1.793e-01, trn/lr 7.022e-05, val/acc 9.113e-01, val/nll 2.588e-01
[2023-02-08 13:55:19] [Epoch    75/  200] trn/loss 1.783e-01, trn/lr 6.950e-05, val/acc 9.135e-01, val/nll 2.538e-01 (best_acc: 9.116e-01 -> 9.135e-01, test_acc: 9.133e-01, test_nll: 2.640e-01)
[2023-02-08 13:55:27] [Epoch    76/  200] trn/loss 1.764e-01, trn/lr 6.877e-05, val/acc 9.142e-01, val/nll 2.531e-01 (best_acc: 9.135e-01 -> 9.142e-01, test_acc: 9.115e-01, test_nll: 2.615e-01)
[2023-02-08 13:55:35] [Epoch    77/  200] trn/loss 1.703e-01, trn/lr 6.804e-05, val/acc 9.108e-01, val/nll 2.538e-01
[2023-02-08 13:55:42] [Epoch    78/  200] trn/loss 1.683e-01, trn/lr 6.731e-05, val/acc 9.135e-01, val/nll 2.500e-01
[2023-02-08 13:55:50] [Epoch    79/  200] trn/loss 1.664e-01, trn/lr 6.657e-05, val/acc 9.164e-01, val/nll 2.472e-01 (best_acc: 9.142e-01 -> 9.164e-01, test_acc: 9.137e-01, test_nll: 2.576e-01)
[2023-02-08 13:55:59] [Epoch    80/  200] trn/loss 1.623e-01, trn/lr 6.583e-05, val/acc 9.195e-01, val/nll 2.416e-01 (best_acc: 9.164e-01 -> 9.195e-01, test_acc: 9.138e-01, test_nll: 2.543e-01)
[2023-02-08 13:56:06] [Epoch    81/  200] trn/loss 1.577e-01, trn/lr 6.508e-05, val/acc 9.166e-01, val/nll 2.418e-01
[2023-02-08 13:56:13] [Epoch    82/  200] trn/loss 1.555e-01, trn/lr 6.433e-05, val/acc 9.189e-01, val/nll 2.404e-01
[2023-02-08 13:56:20] [Epoch    83/  200] trn/loss 1.524e-01, trn/lr 6.357e-05, val/acc 9.164e-01, val/nll 2.429e-01
[2023-02-08 13:56:28] [Epoch    84/  200] trn/loss 1.524e-01, trn/lr 6.282e-05, val/acc 9.189e-01, val/nll 2.381e-01
[2023-02-08 13:56:35] [Epoch    85/  200] trn/loss 1.489e-01, trn/lr 6.206e-05, val/acc 9.178e-01, val/nll 2.432e-01
[2023-02-08 13:56:43] [Epoch    86/  200] trn/loss 1.443e-01, trn/lr 6.129e-05, val/acc 9.201e-01, val/nll 2.346e-01 (best_acc: 9.195e-01 -> 9.201e-01, test_acc: 9.156e-01, test_nll: 2.449e-01)
[2023-02-08 13:56:50] [Epoch    87/  200] trn/loss 1.444e-01, trn/lr 6.053e-05, val/acc 9.189e-01, val/nll 2.360e-01
[2023-02-08 13:56:57] [Epoch    88/  200] trn/loss 1.417e-01, trn/lr 5.976e-05, val/acc 9.180e-01, val/nll 2.336e-01
[2023-02-08 13:57:06] [Epoch    89/  200] trn/loss 1.403e-01, trn/lr 5.899e-05, val/acc 9.213e-01, val/nll 2.305e-01 (best_acc: 9.201e-01 -> 9.213e-01, test_acc: 9.168e-01, test_nll: 2.411e-01)
[2023-02-08 13:57:13] [Epoch    90/  200] trn/loss 1.378e-01, trn/lr 5.821e-05, val/acc 9.194e-01, val/nll 2.345e-01
[2023-02-08 13:57:21] [Epoch    91/  200] trn/loss 1.369e-01, trn/lr 5.744e-05, val/acc 9.217e-01, val/nll 2.315e-01 (best_acc: 9.213e-01 -> 9.217e-01, test_acc: 9.168e-01, test_nll: 2.426e-01)
[2023-02-08 13:57:29] [Epoch    92/  200] trn/loss 1.315e-01, trn/lr 5.666e-05, val/acc 9.220e-01, val/nll 2.285e-01 (best_acc: 9.217e-01 -> 9.220e-01, test_acc: 9.173e-01, test_nll: 2.388e-01)
[2023-02-08 13:57:37] [Epoch    93/  200] trn/loss 1.307e-01, trn/lr 5.588e-05, val/acc 9.210e-01, val/nll 2.265e-01
[2023-02-08 13:57:44] [Epoch    94/  200] trn/loss 1.283e-01, trn/lr 5.510e-05, val/acc 9.210e-01, val/nll 2.302e-01
[2023-02-08 13:57:52] [Epoch    95/  200] trn/loss 1.255e-01, trn/lr 5.432e-05, val/acc 9.241e-01, val/nll 2.268e-01 (best_acc: 9.220e-01 -> 9.241e-01, test_acc: 9.201e-01, test_nll: 2.362e-01)
[2023-02-08 13:57:59] [Epoch    96/  200] trn/loss 1.257e-01, trn/lr 5.353e-05, val/acc 9.233e-01, val/nll 2.266e-01
[2023-02-08 13:58:07] [Epoch    97/  200] trn/loss 1.220e-01, trn/lr 5.275e-05, val/acc 9.231e-01, val/nll 2.235e-01
[2023-02-08 13:58:14] [Epoch    98/  200] trn/loss 1.217e-01, trn/lr 5.197e-05, val/acc 9.217e-01, val/nll 2.287e-01
[2023-02-08 13:58:22] [Epoch    99/  200] trn/loss 1.212e-01, trn/lr 5.118e-05, val/acc 9.243e-01, val/nll 2.206e-01 (best_acc: 9.241e-01 -> 9.243e-01, test_acc: 9.197e-01, test_nll: 2.333e-01)
[2023-02-08 13:58:29] [Epoch   100/  200] trn/loss 1.178e-01, trn/lr 5.040e-05, val/acc 9.229e-01, val/nll 2.250e-01
[2023-02-08 13:58:37] [Epoch   101/  200] trn/loss 1.166e-01, trn/lr 4.961e-05, val/acc 9.219e-01, val/nll 2.258e-01
[2023-02-08 13:58:44] [Epoch   102/  200] trn/loss 1.143e-01, trn/lr 4.882e-05, val/acc 9.241e-01, val/nll 2.235e-01
[2023-02-08 13:58:51] [Epoch   103/  200] trn/loss 1.137e-01, trn/lr 4.804e-05, val/acc 9.237e-01, val/nll 2.195e-01
[2023-02-08 13:58:58] [Epoch   104/  200] trn/loss 1.119e-01, trn/lr 4.725e-05, val/acc 9.237e-01, val/nll 2.195e-01
[2023-02-08 13:59:06] [Epoch   105/  200] trn/loss 1.099e-01, trn/lr 4.647e-05, val/acc 9.241e-01, val/nll 2.201e-01
[2023-02-08 13:59:14] [Epoch   106/  200] trn/loss 1.085e-01, trn/lr 4.569e-05, val/acc 9.244e-01, val/nll 2.185e-01 (best_acc: 9.243e-01 -> 9.244e-01, test_acc: 9.237e-01, test_nll: 2.222e-01)
[2023-02-08 13:59:22] [Epoch   107/  200] trn/loss 1.056e-01, trn/lr 4.491e-05, val/acc 9.248e-01, val/nll 2.170e-01 (best_acc: 9.244e-01 -> 9.248e-01, test_acc: 9.248e-01, test_nll: 2.212e-01)
[2023-02-08 13:59:30] [Epoch   108/  200] trn/loss 1.045e-01, trn/lr 4.413e-05, val/acc 9.256e-01, val/nll 2.159e-01 (best_acc: 9.248e-01 -> 9.256e-01, test_acc: 9.257e-01, test_nll: 2.243e-01)
[2023-02-08 13:59:39] [Epoch   109/  200] trn/loss 1.034e-01, trn/lr 4.335e-05, val/acc 9.261e-01, val/nll 2.177e-01 (best_acc: 9.256e-01 -> 9.261e-01, test_acc: 9.237e-01, test_nll: 2.231e-01)
[2023-02-08 13:59:47] [Epoch   110/  200] trn/loss 1.024e-01, trn/lr 4.257e-05, val/acc 9.269e-01, val/nll 2.133e-01 (best_acc: 9.261e-01 -> 9.269e-01, test_acc: 9.240e-01, test_nll: 2.216e-01)
[2023-02-08 13:59:54] [Epoch   111/  200] trn/loss 1.011e-01, trn/lr 4.179e-05, val/acc 9.264e-01, val/nll 2.144e-01
[2023-02-08 14:00:01] [Epoch   112/  200] trn/loss 9.882e-02, trn/lr 4.102e-05, val/acc 9.261e-01, val/nll 2.140e-01
[2023-02-08 14:00:08] [Epoch   113/  200] trn/loss 9.751e-02, trn/lr 4.025e-05, val/acc 9.259e-01, val/nll 2.139e-01
[2023-02-08 14:00:16] [Epoch   114/  200] trn/loss 9.611e-02, trn/lr 3.948e-05, val/acc 9.262e-01, val/nll 2.130e-01
[2023-02-08 14:00:24] [Epoch   115/  200] trn/loss 9.501e-02, trn/lr 3.871e-05, val/acc 9.284e-01, val/nll 2.107e-01 (best_acc: 9.269e-01 -> 9.284e-01, test_acc: 9.245e-01, test_nll: 2.200e-01)
[2023-02-08 14:00:31] [Epoch   116/  200] trn/loss 9.438e-02, trn/lr 3.795e-05, val/acc 9.260e-01, val/nll 2.135e-01
[2023-02-08 14:00:38] [Epoch   117/  200] trn/loss 9.302e-02, trn/lr 3.719e-05, val/acc 9.280e-01, val/nll 2.090e-01
[2023-02-08 14:00:46] [Epoch   118/  200] trn/loss 9.181e-02, trn/lr 3.643e-05, val/acc 9.278e-01, val/nll 2.074e-01
[2023-02-08 14:00:53] [Epoch   119/  200] trn/loss 9.020e-02, trn/lr 3.568e-05, val/acc 9.274e-01, val/nll 2.075e-01
[2023-02-08 14:01:00] [Epoch   120/  200] trn/loss 8.959e-02, trn/lr 3.493e-05, val/acc 9.275e-01, val/nll 2.093e-01
[2023-02-08 14:01:07] [Epoch   121/  200] trn/loss 8.810e-02, trn/lr 3.418e-05, val/acc 9.267e-01, val/nll 2.113e-01
[2023-02-08 14:01:15] [Epoch   122/  200] trn/loss 8.771e-02, trn/lr 3.344e-05, val/acc 9.274e-01, val/nll 2.053e-01
[2023-02-08 14:01:23] [Epoch   123/  200] trn/loss 8.752e-02, trn/lr 3.270e-05, val/acc 9.292e-01, val/nll 2.067e-01 (best_acc: 9.284e-01 -> 9.292e-01, test_acc: 9.270e-01, test_nll: 2.159e-01)
[2023-02-08 14:01:31] [Epoch   124/  200] trn/loss 8.424e-02, trn/lr 3.196e-05, val/acc 9.294e-01, val/nll 2.040e-01 (best_acc: 9.292e-01 -> 9.294e-01, test_acc: 9.267e-01, test_nll: 2.132e-01)
[2023-02-08 14:01:39] [Epoch   125/  200] trn/loss 8.401e-02, trn/lr 3.123e-05, val/acc 9.301e-01, val/nll 2.039e-01 (best_acc: 9.294e-01 -> 9.301e-01, test_acc: 9.276e-01, test_nll: 2.112e-01)
[2023-02-08 14:01:47] [Epoch   126/  200] trn/loss 8.353e-02, trn/lr 3.051e-05, val/acc 9.293e-01, val/nll 2.021e-01
[2023-02-08 14:01:54] [Epoch   127/  200] trn/loss 8.146e-02, trn/lr 2.979e-05, val/acc 9.281e-01, val/nll 2.053e-01
[2023-02-08 14:02:01] [Epoch   128/  200] trn/loss 8.095e-02, trn/lr 2.907e-05, val/acc 9.301e-01, val/nll 2.044e-01
[2023-02-08 14:02:08] [Epoch   129/  200] trn/loss 8.046e-02, trn/lr 2.836e-05, val/acc 9.290e-01, val/nll 2.033e-01
[2023-02-08 14:02:15] [Epoch   130/  200] trn/loss 8.002e-02, trn/lr 2.765e-05, val/acc 9.299e-01, val/nll 2.021e-01
[2023-02-08 14:02:24] [Epoch   131/  200] trn/loss 7.888e-02, trn/lr 2.695e-05, val/acc 9.303e-01, val/nll 2.011e-01 (best_acc: 9.301e-01 -> 9.303e-01, test_acc: 9.284e-01, test_nll: 2.105e-01)
[2023-02-08 14:02:31] [Epoch   132/  200] trn/loss 7.717e-02, trn/lr 2.626e-05, val/acc 9.299e-01, val/nll 2.004e-01
[2023-02-08 14:02:38] [Epoch   133/  200] trn/loss 7.636e-02, trn/lr 2.557e-05, val/acc 9.299e-01, val/nll 2.019e-01
[2023-02-08 14:02:45] [Epoch   134/  200] trn/loss 7.582e-02, trn/lr 2.489e-05, val/acc 9.303e-01, val/nll 2.016e-01
[2023-02-08 14:02:53] [Epoch   135/  200] trn/loss 7.489e-02, trn/lr 2.421e-05, val/acc 9.298e-01, val/nll 2.015e-01
[2023-02-08 14:03:01] [Epoch   136/  200] trn/loss 7.495e-02, trn/lr 2.354e-05, val/acc 9.309e-01, val/nll 2.015e-01 (best_acc: 9.303e-01 -> 9.309e-01, test_acc: 9.282e-01, test_nll: 2.105e-01)
[2023-02-08 14:03:08] [Epoch   137/  200] trn/loss 7.510e-02, trn/lr 2.288e-05, val/acc 9.299e-01, val/nll 2.004e-01
[2023-02-08 14:03:16] [Epoch   138/  200] trn/loss 7.454e-02, trn/lr 2.222e-05, val/acc 9.312e-01, val/nll 2.003e-01 (best_acc: 9.309e-01 -> 9.312e-01, test_acc: 9.287e-01, test_nll: 2.083e-01)
[2023-02-08 14:03:24] [Epoch   139/  200] trn/loss 7.298e-02, trn/lr 2.157e-05, val/acc 9.308e-01, val/nll 1.995e-01
[2023-02-08 14:03:32] [Epoch   140/  200] trn/loss 7.230e-02, trn/lr 2.093e-05, val/acc 9.333e-01, val/nll 1.974e-01 (best_acc: 9.312e-01 -> 9.333e-01, test_acc: 9.296e-01, test_nll: 2.055e-01)
[2023-02-08 14:03:39] [Epoch   141/  200] trn/loss 7.045e-02, trn/lr 2.030e-05, val/acc 9.319e-01, val/nll 1.977e-01
[2023-02-08 14:03:46] [Epoch   142/  200] trn/loss 6.916e-02, trn/lr 1.967e-05, val/acc 9.296e-01, val/nll 2.002e-01
[2023-02-08 14:03:53] [Epoch   143/  200] trn/loss 6.880e-02, trn/lr 1.905e-05, val/acc 9.312e-01, val/nll 1.971e-01
[2023-02-08 14:04:01] [Epoch   144/  200] trn/loss 7.009e-02, trn/lr 1.843e-05, val/acc 9.325e-01, val/nll 1.984e-01
[2023-02-08 14:04:08] [Epoch   145/  200] trn/loss 6.827e-02, trn/lr 1.783e-05, val/acc 9.315e-01, val/nll 1.972e-01
[2023-02-08 14:04:15] [Epoch   146/  200] trn/loss 6.785e-02, trn/lr 1.723e-05, val/acc 9.322e-01, val/nll 1.979e-01
[2023-02-08 14:04:22] [Epoch   147/  200] trn/loss 6.712e-02, trn/lr 1.664e-05, val/acc 9.317e-01, val/nll 1.983e-01
[2023-02-08 14:04:30] [Epoch   148/  200] trn/loss 6.600e-02, trn/lr 1.606e-05, val/acc 9.330e-01, val/nll 1.967e-01
[2023-02-08 14:04:37] [Epoch   149/  200] trn/loss 6.654e-02, trn/lr 1.549e-05, val/acc 9.315e-01, val/nll 1.961e-01
[2023-02-08 14:04:44] [Epoch   150/  200] trn/loss 6.614e-02, trn/lr 1.493e-05, val/acc 9.313e-01, val/nll 1.963e-01
[2023-02-08 14:04:51] [Epoch   151/  200] trn/loss 6.597e-02, trn/lr 1.437e-05, val/acc 9.309e-01, val/nll 1.968e-01
[2023-02-08 14:04:59] [Epoch   152/  200] trn/loss 6.429e-02, trn/lr 1.382e-05, val/acc 9.305e-01, val/nll 1.986e-01
[2023-02-08 14:05:06] [Epoch   153/  200] trn/loss 6.473e-02, trn/lr 1.329e-05, val/acc 9.308e-01, val/nll 1.976e-01
[2023-02-08 14:05:13] [Epoch   154/  200] trn/loss 6.454e-02, trn/lr 1.276e-05, val/acc 9.317e-01, val/nll 1.972e-01
[2023-02-08 14:05:20] [Epoch   155/  200] trn/loss 6.276e-02, trn/lr 1.224e-05, val/acc 9.308e-01, val/nll 1.959e-01
[2023-02-08 14:05:28] [Epoch   156/  200] trn/loss 6.312e-02, trn/lr 1.173e-05, val/acc 9.324e-01, val/nll 1.972e-01
[2023-02-08 14:05:35] [Epoch   157/  200] trn/loss 6.337e-02, trn/lr 1.123e-05, val/acc 9.308e-01, val/nll 1.963e-01
[2023-02-08 14:05:42] [Epoch   158/  200] trn/loss 6.270e-02, trn/lr 1.074e-05, val/acc 9.321e-01, val/nll 1.954e-01
[2023-02-08 14:05:49] [Epoch   159/  200] trn/loss 6.173e-02, trn/lr 1.025e-05, val/acc 9.327e-01, val/nll 1.953e-01
[2023-02-08 14:05:57] [Epoch   160/  200] trn/loss 6.169e-02, trn/lr 9.783e-06, val/acc 9.325e-01, val/nll 1.950e-01
[2023-02-08 14:06:04] [Epoch   161/  200] trn/loss 6.152e-02, trn/lr 9.321e-06, val/acc 9.325e-01, val/nll 1.947e-01
[2023-02-08 14:06:11] [Epoch   162/  200] trn/loss 6.062e-02, trn/lr 8.870e-06, val/acc 9.317e-01, val/nll 1.957e-01
[2023-02-08 14:06:18] [Epoch   163/  200] trn/loss 5.993e-02, trn/lr 8.428e-06, val/acc 9.323e-01, val/nll 1.945e-01
[2023-02-08 14:06:25] [Epoch   164/  200] trn/loss 6.061e-02, trn/lr 7.997e-06, val/acc 9.325e-01, val/nll 1.946e-01
[2023-02-08 14:06:33] [Epoch   165/  200] trn/loss 6.027e-02, trn/lr 7.576e-06, val/acc 9.317e-01, val/nll 1.947e-01
[2023-02-08 14:06:40] [Epoch   166/  200] trn/loss 6.012e-02, trn/lr 7.166e-06, val/acc 9.322e-01, val/nll 1.945e-01
[2023-02-08 14:06:47] [Epoch   167/  200] trn/loss 6.005e-02, trn/lr 6.766e-06, val/acc 9.329e-01, val/nll 1.947e-01
[2023-02-08 14:06:54] [Epoch   168/  200] trn/loss 5.966e-02, trn/lr 6.377e-06, val/acc 9.319e-01, val/nll 1.950e-01
[2023-02-08 14:07:02] [Epoch   169/  200] trn/loss 5.911e-02, trn/lr 5.998e-06, val/acc 9.317e-01, val/nll 1.952e-01
[2023-02-08 14:07:09] [Epoch   170/  200] trn/loss 5.877e-02, trn/lr 5.631e-06, val/acc 9.333e-01, val/nll 1.943e-01
[2023-02-08 14:07:16] [Epoch   171/  200] trn/loss 5.942e-02, trn/lr 5.274e-06, val/acc 9.329e-01, val/nll 1.943e-01
[2023-02-08 14:07:23] [Epoch   172/  200] trn/loss 5.910e-02, trn/lr 4.929e-06, val/acc 9.329e-01, val/nll 1.937e-01
[2023-02-08 14:07:30] [Epoch   173/  200] trn/loss 5.897e-02, trn/lr 4.594e-06, val/acc 9.332e-01, val/nll 1.942e-01
[2023-02-08 14:07:38] [Epoch   174/  200] trn/loss 5.872e-02, trn/lr 4.271e-06, val/acc 9.330e-01, val/nll 1.938e-01
[2023-02-08 14:07:45] [Epoch   175/  200] trn/loss 5.791e-02, trn/lr 3.959e-06, val/acc 9.324e-01, val/nll 1.939e-01
[2023-02-08 14:07:52] [Epoch   176/  200] trn/loss 5.752e-02, trn/lr 3.659e-06, val/acc 9.329e-01, val/nll 1.941e-01
[2023-02-08 14:08:00] [Epoch   177/  200] trn/loss 5.731e-02, trn/lr 3.369e-06, val/acc 9.324e-01, val/nll 1.944e-01
[2023-02-08 14:08:07] [Epoch   178/  200] trn/loss 5.793e-02, trn/lr 3.092e-06, val/acc 9.333e-01, val/nll 1.936e-01
[2023-02-08 14:08:15] [Epoch   179/  200] trn/loss 5.777e-02, trn/lr 2.826e-06, val/acc 9.334e-01, val/nll 1.937e-01 (best_acc: 9.333e-01 -> 9.334e-01, test_acc: 9.316e-01, test_nll: 2.004e-01)
[2023-02-08 14:08:23] [Epoch   180/  200] trn/loss 5.815e-02, trn/lr 2.571e-06, val/acc 9.336e-01, val/nll 1.937e-01 (best_acc: 9.334e-01 -> 9.336e-01, test_acc: 9.316e-01, test_nll: 2.002e-01)
[2023-02-08 14:08:30] [Epoch   181/  200] trn/loss 5.688e-02, trn/lr 2.329e-06, val/acc 9.331e-01, val/nll 1.943e-01
[2023-02-08 14:08:38] [Epoch   182/  200] trn/loss 5.711e-02, trn/lr 2.098e-06, val/acc 9.327e-01, val/nll 1.942e-01
[2023-02-08 14:08:45] [Epoch   183/  200] trn/loss 5.699e-02, trn/lr 1.878e-06, val/acc 9.330e-01, val/nll 1.936e-01
[2023-02-08 14:08:52] [Epoch   184/  200] trn/loss 5.774e-02, trn/lr 1.671e-06, val/acc 9.322e-01, val/nll 1.939e-01
[2023-02-08 14:08:59] [Epoch   185/  200] trn/loss 5.662e-02, trn/lr 1.476e-06, val/acc 9.324e-01, val/nll 1.938e-01
[2023-02-08 14:09:07] [Epoch   186/  200] trn/loss 5.681e-02, trn/lr 1.292e-06, val/acc 9.332e-01, val/nll 1.936e-01
[2023-02-08 14:09:14] [Epoch   187/  200] trn/loss 5.751e-02, trn/lr 1.121e-06, val/acc 9.331e-01, val/nll 1.935e-01
[2023-02-08 14:09:21] [Epoch   188/  200] trn/loss 5.688e-02, trn/lr 9.617e-07, val/acc 9.324e-01, val/nll 1.933e-01
[2023-02-08 14:09:28] [Epoch   189/  200] trn/loss 5.680e-02, trn/lr 8.145e-07, val/acc 9.332e-01, val/nll 1.932e-01
[2023-02-08 14:09:36] [Epoch   190/  200] trn/loss 5.689e-02, trn/lr 6.794e-07, val/acc 9.332e-01, val/nll 1.934e-01
[2023-02-08 14:09:43] [Epoch   191/  200] trn/loss 5.657e-02, trn/lr 5.565e-07, val/acc 9.324e-01, val/nll 1.934e-01
[2023-02-08 14:09:50] [Epoch   192/  200] trn/loss 5.694e-02, trn/lr 4.458e-07, val/acc 9.332e-01, val/nll 1.934e-01
[2023-02-08 14:09:57] [Epoch   193/  200] trn/loss 5.731e-02, trn/lr 3.474e-07, val/acc 9.324e-01, val/nll 1.932e-01
[2023-02-08 14:10:04] [Epoch   194/  200] trn/loss 5.595e-02, trn/lr 2.612e-07, val/acc 9.332e-01, val/nll 1.931e-01
[2023-02-08 14:10:12] [Epoch   195/  200] trn/loss 5.617e-02, trn/lr 1.872e-07, val/acc 9.330e-01, val/nll 1.935e-01
[2023-02-08 14:10:19] [Epoch   196/  200] trn/loss 5.629e-02, trn/lr 1.255e-07, val/acc 9.329e-01, val/nll 1.935e-01
[2023-02-08 14:10:26] [Epoch   197/  200] trn/loss 5.650e-02, trn/lr 7.619e-08, val/acc 9.327e-01, val/nll 1.935e-01
[2023-02-08 14:10:33] [Epoch   198/  200] trn/loss 5.672e-02, trn/lr 3.916e-08, val/acc 9.326e-01, val/nll 1.933e-01
[2023-02-08 14:10:41] [Epoch   199/  200] trn/loss 5.654e-02, trn/lr 1.445e-08, val/acc 9.329e-01, val/nll 1.935e-01
[2023-02-08 14:10:48] [Epoch   200/  200] trn/loss 5.702e-02, trn/lr 2.075e-09, val/acc 9.332e-01, val/nll 1.931e-01
