[2023-04-06 22:15:30] Environments:
------------  --------------------------------------------------------------------------------
sys.platform  linux
Python        3.10.8 (main, Nov 24 2022, 14:13:03) [GCC 11.2.0]
JAX           0.4.1 @/mnt/home/giung/.conda/envs/jax-vessl/lib/python3.10/site-packages/jax
jaxlib        0.4.1 @/mnt/home/giung/.conda/envs/jax-vessl/lib/python3.10/site-packages/jaxlib
Flax          0.6.3 @/mnt/home/giung/.conda/envs/jax-vessl/lib/python3.10/site-packages/flax
Optax         0.1.4 @/mnt/home/giung/.conda/envs/jax-vessl/lib/python3.10/site-packages/optax
------------  --------------------------------------------------------------------------------

[2023-04-06 22:15:30] Command line arguments:
- args.data_root          : ./data/
- args.data_name          : CIFAR10_x32
- args.data_augmentation  : standard
- args.data_proportional  : 1.0
- args.model_name         : FlaxPreResNet
- args.model_depth        : 28
- args.model_width        : 10
- args.model_style        : BN-ReLU
- args.optim_bs           : 256
- args.optim_ne           : 200
- args.optim_lr           : 0.1
- args.optim_momentum     : 0.99
- args.optim_weight_decay : 0.0003
- args.save               : /mnt/home/giung/giung2-dev/projects/residual-networks/save/CIFAR10_x32/WRN28x10-BN-ReLU/bs-0256_ne-0200_lr-0.10_mo-0.99_wd-0.0003_fp32/42
- args.seed               : 42
- args.precision          : fp32

[2023-04-06 22:17:57] [Epoch     1/  200] trn/loss 1.853e+00, trn/lr 1.000e-01, val/acc 3.625e-01, val/nll 1.704e+00 (best_acc: 0.000e+00 -> 3.625e-01, test_acc: 3.563e-01, test_nll: 1.713e+00)
[2023-04-06 22:20:08] [Epoch     2/  200] trn/loss 1.536e+00, trn/lr 9.999e-02, val/acc 3.863e-01, val/nll 2.016e+00 (best_acc: 3.625e-01 -> 3.863e-01, test_acc: 3.807e-01, test_nll: 1.984e+00)
[2023-04-06 22:21:53] [Epoch     3/  200] trn/loss 1.388e+00, trn/lr 9.996e-02, val/acc 4.600e-01, val/nll 1.540e+00 (best_acc: 3.863e-01 -> 4.600e-01, test_acc: 4.529e-01, test_nll: 1.546e+00)
[2023-04-06 22:23:37] [Epoch     4/  200] trn/loss 1.270e+00, trn/lr 9.992e-02, val/acc 4.892e-01, val/nll 1.469e+00 (best_acc: 4.600e-01 -> 4.892e-01, test_acc: 4.768e-01, test_nll: 1.489e+00)
[2023-04-06 22:25:19] [Epoch     5/  200] trn/loss 1.182e+00, trn/lr 9.987e-02, val/acc 5.236e-01, val/nll 1.490e+00 (best_acc: 4.892e-01 -> 5.236e-01, test_acc: 5.295e-01, test_nll: 1.467e+00)
[2023-04-06 22:27:00] [Epoch     6/  200] trn/loss 1.122e+00, trn/lr 9.981e-02, val/acc 5.395e-01, val/nll 1.371e+00 (best_acc: 5.236e-01 -> 5.395e-01, test_acc: 5.455e-01, test_nll: 1.375e+00)
[2023-04-06 22:28:41] [Epoch     7/  200] trn/loss 1.083e+00, trn/lr 9.974e-02, val/acc 5.687e-01, val/nll 1.229e+00 (best_acc: 5.395e-01 -> 5.687e-01, test_acc: 5.608e-01, test_nll: 1.247e+00)
[2023-04-06 22:30:08] [Epoch     8/  200] trn/loss 1.059e+00, trn/lr 9.965e-02, val/acc 5.440e-01, val/nll 1.423e+00
[2023-04-06 22:31:48] [Epoch     9/  200] trn/loss 1.011e+00, trn/lr 9.955e-02, val/acc 6.340e-01, val/nll 1.051e+00 (best_acc: 5.687e-01 -> 6.340e-01, test_acc: 6.289e-01, test_nll: 1.054e+00)
[2023-04-06 22:33:16] [Epoch    10/  200] trn/loss 1.010e+00, trn/lr 9.944e-02, val/acc 5.896e-01, val/nll 1.216e+00
[2023-04-06 22:34:56] [Epoch    11/  200] trn/loss 9.564e-01, trn/lr 9.932e-02, val/acc 6.567e-01, val/nll 9.838e-01 (best_acc: 6.340e-01 -> 6.567e-01, test_acc: 6.398e-01, test_nll: 1.007e+00)
[2023-04-06 22:36:24] [Epoch    12/  200] trn/loss 9.487e-01, trn/lr 9.919e-02, val/acc 5.496e-01, val/nll 1.325e+00
[2023-04-06 22:37:51] [Epoch    13/  200] trn/loss 9.496e-01, trn/lr 9.904e-02, val/acc 3.805e-01, val/nll 2.001e+00
[2023-04-06 22:39:18] [Epoch    14/  200] trn/loss 9.178e-01, trn/lr 9.888e-02, val/acc 5.774e-01, val/nll 1.310e+00
[2023-04-06 22:40:46] [Epoch    15/  200] trn/loss 9.167e-01, trn/lr 9.871e-02, val/acc 5.655e-01, val/nll 1.364e+00
[2023-04-06 22:42:13] [Epoch    16/  200] trn/loss 8.772e-01, trn/lr 9.853e-02, val/acc 6.280e-01, val/nll 1.105e+00
[2023-04-06 22:43:41] [Epoch    17/  200] trn/loss 8.632e-01, trn/lr 9.833e-02, val/acc 5.083e-01, val/nll 1.728e+00
[2023-04-06 22:45:08] [Epoch    18/  200] trn/loss 8.396e-01, trn/lr 9.812e-02, val/acc 5.732e-01, val/nll 1.324e+00
[2023-04-06 22:46:35] [Epoch    19/  200] trn/loss 8.069e-01, trn/lr 9.790e-02, val/acc 6.496e-01, val/nll 1.033e+00
[2023-04-06 22:48:03] [Epoch    20/  200] trn/loss 8.247e-01, trn/lr 9.767e-02, val/acc 5.767e-01, val/nll 1.379e+00
[2023-04-06 22:49:30] [Epoch    21/  200] trn/loss 8.151e-01, trn/lr 9.743e-02, val/acc 5.968e-01, val/nll 1.280e+00
[2023-04-06 22:50:57] [Epoch    22/  200] trn/loss 7.785e-01, trn/lr 9.718e-02, val/acc 5.592e-01, val/nll 1.347e+00
[2023-04-06 22:52:25] [Epoch    23/  200] trn/loss 7.852e-01, trn/lr 9.691e-02, val/acc 6.558e-01, val/nll 1.088e+00
[2023-04-06 22:54:05] [Epoch    24/  200] trn/loss 7.733e-01, trn/lr 9.663e-02, val/acc 6.698e-01, val/nll 9.653e-01 (best_acc: 6.567e-01 -> 6.698e-01, test_acc: 6.569e-01, test_nll: 9.838e-01)
[2023-04-06 22:55:33] [Epoch    25/  200] trn/loss 7.792e-01, trn/lr 9.634e-02, val/acc 6.385e-01, val/nll 1.149e+00
[2023-04-06 22:57:00] [Epoch    26/  200] trn/loss 7.534e-01, trn/lr 9.604e-02, val/acc 4.874e-01, val/nll 2.496e+00
[2023-04-06 22:58:28] [Epoch    27/  200] trn/loss 7.648e-01, trn/lr 9.573e-02, val/acc 6.487e-01, val/nll 1.035e+00
[2023-04-06 22:59:55] [Epoch    28/  200] trn/loss 7.247e-01, trn/lr 9.541e-02, val/acc 6.660e-01, val/nll 1.013e+00
[2023-04-06 23:01:36] [Epoch    29/  200] trn/loss 7.425e-01, trn/lr 9.507e-02, val/acc 7.101e-01, val/nll 8.617e-01 (best_acc: 6.698e-01 -> 7.101e-01, test_acc: 7.105e-01, test_nll: 8.584e-01)
[2023-04-06 23:03:04] [Epoch    30/  200] trn/loss 7.395e-01, trn/lr 9.473e-02, val/acc 6.700e-01, val/nll 9.842e-01
[2023-04-06 23:04:31] [Epoch    31/  200] trn/loss 7.394e-01, trn/lr 9.437e-02, val/acc 4.889e-01, val/nll 1.781e+00
[2023-04-06 23:05:59] [Epoch    32/  200] trn/loss 7.455e-01, trn/lr 9.400e-02, val/acc 6.069e-01, val/nll 1.236e+00
[2023-04-06 23:07:26] [Epoch    33/  200] trn/loss 7.424e-01, trn/lr 9.363e-02, val/acc 6.447e-01, val/nll 1.159e+00
[2023-04-06 23:08:54] [Epoch    34/  200] trn/loss 7.400e-01, trn/lr 9.324e-02, val/acc 6.623e-01, val/nll 1.038e+00
[2023-04-06 23:10:22] [Epoch    35/  200] trn/loss 7.402e-01, trn/lr 9.284e-02, val/acc 5.027e-01, val/nll 1.479e+00
[2023-04-06 23:11:49] [Epoch    36/  200] trn/loss 7.349e-01, trn/lr 9.243e-02, val/acc 6.098e-01, val/nll 1.373e+00
[2023-04-06 23:13:17] [Epoch    37/  200] trn/loss 7.170e-01, trn/lr 9.201e-02, val/acc 7.062e-01, val/nll 8.805e-01
[2023-04-06 23:14:44] [Epoch    38/  200] trn/loss 7.158e-01, trn/lr 9.157e-02, val/acc 6.732e-01, val/nll 9.431e-01
[2023-04-06 23:16:25] [Epoch    39/  200] trn/loss 7.386e-01, trn/lr 9.113e-02, val/acc 7.199e-01, val/nll 8.214e-01 (best_acc: 7.101e-01 -> 7.199e-01, test_acc: 7.163e-01, test_nll: 8.359e-01)
[2023-04-06 23:17:52] [Epoch    40/  200] trn/loss 7.350e-01, trn/lr 9.068e-02, val/acc 7.118e-01, val/nll 8.380e-01
[2023-04-06 23:19:19] [Epoch    41/  200] trn/loss 7.258e-01, trn/lr 9.022e-02, val/acc 6.935e-01, val/nll 9.503e-01
[2023-04-06 23:20:47] [Epoch    42/  200] trn/loss 7.358e-01, trn/lr 8.975e-02, val/acc 7.080e-01, val/nll 8.859e-01
[2023-04-06 23:22:14] [Epoch    43/  200] trn/loss 7.204e-01, trn/lr 8.927e-02, val/acc 6.317e-01, val/nll 1.227e+00
[2023-04-06 23:23:42] [Epoch    44/  200] trn/loss 7.034e-01, trn/lr 8.878e-02, val/acc 7.157e-01, val/nll 8.458e-01
[2023-04-06 23:25:09] [Epoch    45/  200] trn/loss 6.932e-01, trn/lr 8.828e-02, val/acc 6.598e-01, val/nll 1.028e+00
[2023-04-06 23:26:37] [Epoch    46/  200] trn/loss 7.197e-01, trn/lr 8.777e-02, val/acc 6.466e-01, val/nll 1.180e+00
[2023-04-06 23:28:04] [Epoch    47/  200] trn/loss 7.385e-01, trn/lr 8.725e-02, val/acc 6.257e-01, val/nll 1.067e+00
[2023-04-06 23:29:44] [Epoch    48/  200] trn/loss 7.096e-01, trn/lr 8.672e-02, val/acc 7.321e-01, val/nll 7.624e-01 (best_acc: 7.199e-01 -> 7.321e-01, test_acc: 7.310e-01, test_nll: 7.747e-01)
[2023-04-06 23:31:12] [Epoch    49/  200] trn/loss 7.107e-01, trn/lr 8.618e-02, val/acc 5.866e-01, val/nll 1.370e+00
[2023-04-06 23:32:39] [Epoch    50/  200] trn/loss 7.216e-01, trn/lr 8.563e-02, val/acc 6.892e-01, val/nll 9.122e-01
[2023-04-06 23:34:06] [Epoch    51/  200] trn/loss 7.306e-01, trn/lr 8.508e-02, val/acc 6.979e-01, val/nll 9.203e-01
[2023-04-06 23:35:46] [Epoch    52/  200] trn/loss 7.008e-01, trn/lr 8.451e-02, val/acc 7.407e-01, val/nll 7.631e-01 (best_acc: 7.321e-01 -> 7.407e-01, test_acc: 7.339e-01, test_nll: 7.766e-01)
[2023-04-06 23:37:14] [Epoch    53/  200] trn/loss 6.928e-01, trn/lr 8.394e-02, val/acc 6.509e-01, val/nll 1.091e+00
[2023-04-06 23:38:41] [Epoch    54/  200] trn/loss 7.258e-01, trn/lr 8.336e-02, val/acc 7.162e-01, val/nll 8.230e-01
[2023-04-06 23:40:08] [Epoch    55/  200] trn/loss 7.210e-01, trn/lr 8.277e-02, val/acc 7.062e-01, val/nll 9.401e-01
[2023-04-06 23:41:36] [Epoch    56/  200] trn/loss 7.079e-01, trn/lr 8.217e-02, val/acc 6.986e-01, val/nll 9.211e-01
[2023-04-06 23:43:03] [Epoch    57/  200] trn/loss 6.854e-01, trn/lr 8.157e-02, val/acc 7.238e-01, val/nll 8.177e-01
[2023-04-06 23:44:30] [Epoch    58/  200] trn/loss 6.940e-01, trn/lr 8.096e-02, val/acc 7.144e-01, val/nll 8.394e-01
[2023-04-06 23:45:57] [Epoch    59/  200] trn/loss 7.055e-01, trn/lr 8.034e-02, val/acc 6.647e-01, val/nll 1.204e+00
[2023-04-06 23:47:25] [Epoch    60/  200] trn/loss 6.941e-01, trn/lr 7.971e-02, val/acc 6.489e-01, val/nll 1.083e+00
[2023-04-06 23:48:52] [Epoch    61/  200] trn/loss 6.784e-01, trn/lr 7.907e-02, val/acc 7.003e-01, val/nll 8.964e-01
[2023-04-06 23:50:31] [Epoch    62/  200] trn/loss 6.613e-01, trn/lr 7.843e-02, val/acc 7.608e-01, val/nll 7.168e-01 (best_acc: 7.407e-01 -> 7.608e-01, test_acc: 7.485e-01, test_nll: 7.324e-01)
[2023-04-06 23:51:58] [Epoch    63/  200] trn/loss 6.627e-01, trn/lr 7.778e-02, val/acc 7.331e-01, val/nll 7.929e-01
[2023-04-06 23:53:25] [Epoch    64/  200] trn/loss 6.821e-01, trn/lr 7.712e-02, val/acc 7.056e-01, val/nll 8.811e-01
[2023-04-06 23:54:52] [Epoch    65/  200] trn/loss 6.792e-01, trn/lr 7.646e-02, val/acc 6.597e-01, val/nll 1.017e+00
[2023-04-06 23:56:19] [Epoch    66/  200] trn/loss 6.761e-01, trn/lr 7.579e-02, val/acc 7.142e-01, val/nll 8.859e-01
[2023-04-06 23:57:46] [Epoch    67/  200] trn/loss 6.860e-01, trn/lr 7.512e-02, val/acc 6.690e-01, val/nll 1.033e+00
[2023-04-06 23:59:13] [Epoch    68/  200] trn/loss 6.546e-01, trn/lr 7.443e-02, val/acc 6.153e-01, val/nll 1.268e+00
[2023-04-07 00:00:57] [Epoch    69/  200] trn/loss 6.454e-01, trn/lr 7.374e-02, val/acc 7.699e-01, val/nll 6.864e-01 (best_acc: 7.608e-01 -> 7.699e-01, test_acc: 7.616e-01, test_nll: 7.124e-01)
[2023-04-07 00:02:24] [Epoch    70/  200] trn/loss 6.575e-01, trn/lr 7.305e-02, val/acc 7.080e-01, val/nll 9.493e-01
[2023-04-07 00:03:51] [Epoch    71/  200] trn/loss 6.594e-01, trn/lr 7.235e-02, val/acc 7.103e-01, val/nll 8.791e-01
[2023-04-07 00:05:18] [Epoch    72/  200] trn/loss 6.551e-01, trn/lr 7.165e-02, val/acc 7.071e-01, val/nll 9.334e-01
[2023-04-07 00:06:45] [Epoch    73/  200] trn/loss 6.590e-01, trn/lr 7.093e-02, val/acc 6.950e-01, val/nll 8.820e-01
[2023-04-07 00:08:12] [Epoch    74/  200] trn/loss 6.481e-01, trn/lr 7.022e-02, val/acc 6.982e-01, val/nll 9.729e-01
[2023-04-07 00:09:40] [Epoch    75/  200] trn/loss 6.630e-01, trn/lr 6.950e-02, val/acc 6.996e-01, val/nll 8.684e-01
[2023-04-07 00:11:07] [Epoch    76/  200] trn/loss 6.711e-01, trn/lr 6.877e-02, val/acc 7.055e-01, val/nll 9.027e-01
[2023-04-07 00:12:34] [Epoch    77/  200] trn/loss 6.591e-01, trn/lr 6.804e-02, val/acc 7.145e-01, val/nll 8.659e-01
[2023-04-07 00:14:01] [Epoch    78/  200] trn/loss 6.365e-01, trn/lr 6.731e-02, val/acc 7.595e-01, val/nll 6.939e-01
[2023-04-07 00:15:28] [Epoch    79/  200] trn/loss 6.399e-01, trn/lr 6.657e-02, val/acc 7.622e-01, val/nll 7.274e-01
[2023-04-07 00:16:55] [Epoch    80/  200] trn/loss 6.223e-01, trn/lr 6.583e-02, val/acc 7.235e-01, val/nll 8.313e-01
[2023-04-07 00:18:22] [Epoch    81/  200] trn/loss 6.273e-01, trn/lr 6.508e-02, val/acc 7.329e-01, val/nll 7.682e-01
[2023-04-07 00:19:48] [Epoch    82/  200] trn/loss 6.240e-01, trn/lr 6.433e-02, val/acc 7.614e-01, val/nll 6.953e-01
[2023-04-07 00:21:15] [Epoch    83/  200] trn/loss 6.244e-01, trn/lr 6.357e-02, val/acc 7.236e-01, val/nll 8.532e-01
[2023-04-07 00:22:42] [Epoch    84/  200] trn/loss 6.301e-01, trn/lr 6.282e-02, val/acc 7.179e-01, val/nll 8.764e-01
[2023-04-07 00:24:09] [Epoch    85/  200] trn/loss 6.216e-01, trn/lr 6.206e-02, val/acc 7.198e-01, val/nll 8.745e-01
[2023-04-07 00:25:36] [Epoch    86/  200] trn/loss 6.245e-01, trn/lr 6.129e-02, val/acc 6.460e-01, val/nll 1.193e+00
[2023-04-07 00:27:03] [Epoch    87/  200] trn/loss 6.170e-01, trn/lr 6.053e-02, val/acc 7.273e-01, val/nll 8.103e-01
[2023-04-07 00:28:30] [Epoch    88/  200] trn/loss 6.114e-01, trn/lr 5.976e-02, val/acc 6.837e-01, val/nll 9.803e-01
[2023-04-07 00:29:57] [Epoch    89/  200] trn/loss 6.111e-01, trn/lr 5.899e-02, val/acc 7.531e-01, val/nll 7.434e-01
[2023-04-07 00:31:24] [Epoch    90/  200] trn/loss 5.850e-01, trn/lr 5.821e-02, val/acc 7.394e-01, val/nll 7.862e-01
[2023-04-07 00:32:50] [Epoch    91/  200] trn/loss 5.898e-01, trn/lr 5.744e-02, val/acc 7.093e-01, val/nll 8.948e-01
[2023-04-07 00:34:17] [Epoch    92/  200] trn/loss 5.918e-01, trn/lr 5.666e-02, val/acc 7.471e-01, val/nll 7.354e-01
[2023-04-07 00:35:44] [Epoch    93/  200] trn/loss 5.855e-01, trn/lr 5.588e-02, val/acc 7.636e-01, val/nll 7.440e-01
[2023-04-07 00:37:11] [Epoch    94/  200] trn/loss 5.841e-01, trn/lr 5.510e-02, val/acc 7.368e-01, val/nll 8.007e-01
[2023-04-07 00:38:37] [Epoch    95/  200] trn/loss 5.926e-01, trn/lr 5.432e-02, val/acc 7.403e-01, val/nll 8.310e-01
[2023-04-07 00:40:04] [Epoch    96/  200] trn/loss 5.933e-01, trn/lr 5.353e-02, val/acc 7.345e-01, val/nll 8.202e-01
[2023-04-07 00:41:31] [Epoch    97/  200] trn/loss 5.827e-01, trn/lr 5.275e-02, val/acc 7.673e-01, val/nll 6.940e-01
[2023-04-07 00:42:57] [Epoch    98/  200] trn/loss 5.672e-01, trn/lr 5.197e-02, val/acc 7.064e-01, val/nll 9.028e-01
[2023-04-07 00:44:24] [Epoch    99/  200] trn/loss 5.717e-01, trn/lr 5.118e-02, val/acc 7.421e-01, val/nll 7.852e-01
[2023-04-07 00:45:51] [Epoch   100/  200] trn/loss 5.704e-01, trn/lr 5.040e-02, val/acc 7.621e-01, val/nll 7.278e-01
[2023-04-07 00:47:17] [Epoch   101/  200] trn/loss 5.645e-01, trn/lr 4.961e-02, val/acc 7.598e-01, val/nll 7.172e-01
[2023-04-07 00:48:44] [Epoch   102/  200] trn/loss 5.436e-01, trn/lr 4.882e-02, val/acc 7.627e-01, val/nll 7.066e-01
[2023-04-07 00:50:11] [Epoch   103/  200] trn/loss 5.482e-01, trn/lr 4.804e-02, val/acc 7.543e-01, val/nll 7.264e-01
[2023-04-07 00:51:37] [Epoch   104/  200] trn/loss 5.455e-01, trn/lr 4.725e-02, val/acc 7.577e-01, val/nll 7.248e-01
[2023-04-07 00:53:04] [Epoch   105/  200] trn/loss 5.610e-01, trn/lr 4.647e-02, val/acc 7.320e-01, val/nll 8.339e-01
[2023-04-07 00:54:44] [Epoch   106/  200] trn/loss 5.485e-01, trn/lr 4.569e-02, val/acc 7.936e-01, val/nll 6.112e-01 (best_acc: 7.699e-01 -> 7.936e-01, test_acc: 7.851e-01, test_nll: 6.484e-01)
[2023-04-07 00:56:10] [Epoch   107/  200] trn/loss 5.380e-01, trn/lr 4.491e-02, val/acc 7.612e-01, val/nll 7.075e-01
[2023-04-07 00:57:37] [Epoch   108/  200] trn/loss 5.210e-01, trn/lr 4.413e-02, val/acc 7.545e-01, val/nll 7.381e-01
[2023-04-07 00:59:03] [Epoch   109/  200] trn/loss 5.131e-01, trn/lr 4.335e-02, val/acc 7.903e-01, val/nll 6.209e-01
[2023-04-07 01:00:30] [Epoch   110/  200] trn/loss 5.118e-01, trn/lr 4.257e-02, val/acc 7.784e-01, val/nll 6.723e-01
[2023-04-07 01:02:09] [Epoch   111/  200] trn/loss 4.976e-01, trn/lr 4.179e-02, val/acc 8.042e-01, val/nll 5.700e-01 (best_acc: 7.936e-01 -> 8.042e-01, test_acc: 7.916e-01, test_nll: 5.914e-01)
[2023-04-07 01:03:35] [Epoch   112/  200] trn/loss 5.053e-01, trn/lr 4.102e-02, val/acc 7.179e-01, val/nll 8.524e-01
[2023-04-07 01:05:02] [Epoch   113/  200] trn/loss 5.235e-01, trn/lr 4.025e-02, val/acc 7.399e-01, val/nll 7.986e-01
[2023-04-07 01:06:28] [Epoch   114/  200] trn/loss 5.100e-01, trn/lr 3.948e-02, val/acc 7.713e-01, val/nll 6.921e-01
[2023-04-07 01:07:55] [Epoch   115/  200] trn/loss 5.084e-01, trn/lr 3.871e-02, val/acc 7.716e-01, val/nll 6.790e-01
[2023-04-07 01:09:46] [Epoch   116/  200] trn/loss 4.742e-01, trn/lr 3.795e-02, val/acc 8.055e-01, val/nll 5.636e-01 (best_acc: 8.042e-01 -> 8.055e-01, test_acc: 8.056e-01, test_nll: 5.779e-01)
[2023-04-07 01:11:13] [Epoch   117/  200] trn/loss 4.800e-01, trn/lr 3.719e-02, val/acc 7.899e-01, val/nll 6.216e-01
[2023-04-07 01:12:52] [Epoch   118/  200] trn/loss 4.806e-01, trn/lr 3.643e-02, val/acc 8.258e-01, val/nll 5.168e-01 (best_acc: 8.055e-01 -> 8.258e-01, test_acc: 8.238e-01, test_nll: 5.187e-01)
[2023-04-07 01:14:19] [Epoch   119/  200] trn/loss 4.680e-01, trn/lr 3.568e-02, val/acc 7.966e-01, val/nll 6.138e-01
[2023-04-07 01:15:45] [Epoch   120/  200] trn/loss 4.726e-01, trn/lr 3.493e-02, val/acc 8.114e-01, val/nll 5.637e-01
[2023-04-07 01:17:12] [Epoch   121/  200] trn/loss 4.698e-01, trn/lr 3.418e-02, val/acc 7.763e-01, val/nll 6.951e-01
[2023-04-07 01:18:38] [Epoch   122/  200] trn/loss 4.506e-01, trn/lr 3.344e-02, val/acc 7.804e-01, val/nll 7.006e-01
[2023-04-07 01:20:05] [Epoch   123/  200] trn/loss 4.557e-01, trn/lr 3.270e-02, val/acc 7.435e-01, val/nll 8.201e-01
[2023-04-07 01:21:31] [Epoch   124/  200] trn/loss 4.345e-01, trn/lr 3.196e-02, val/acc 8.077e-01, val/nll 5.734e-01
[2023-04-07 01:22:58] [Epoch   125/  200] trn/loss 4.423e-01, trn/lr 3.123e-02, val/acc 8.222e-01, val/nll 5.301e-01
[2023-04-07 01:24:37] [Epoch   126/  200] trn/loss 4.450e-01, trn/lr 3.051e-02, val/acc 8.334e-01, val/nll 4.857e-01 (best_acc: 8.258e-01 -> 8.334e-01, test_acc: 8.289e-01, test_nll: 4.893e-01)
[2023-04-07 01:26:04] [Epoch   127/  200] trn/loss 4.278e-01, trn/lr 2.979e-02, val/acc 8.033e-01, val/nll 6.009e-01
[2023-04-07 01:27:30] [Epoch   128/  200] trn/loss 4.170e-01, trn/lr 2.907e-02, val/acc 8.160e-01, val/nll 5.692e-01
[2023-04-07 01:28:57] [Epoch   129/  200] trn/loss 4.060e-01, trn/lr 2.836e-02, val/acc 8.069e-01, val/nll 5.726e-01
[2023-04-07 01:30:36] [Epoch   130/  200] trn/loss 4.042e-01, trn/lr 2.765e-02, val/acc 8.371e-01, val/nll 4.953e-01 (best_acc: 8.334e-01 -> 8.371e-01, test_acc: 8.286e-01, test_nll: 5.223e-01)
[2023-04-07 01:32:02] [Epoch   131/  200] trn/loss 3.988e-01, trn/lr 2.695e-02, val/acc 8.192e-01, val/nll 5.549e-01
[2023-04-07 01:33:29] [Epoch   132/  200] trn/loss 3.972e-01, trn/lr 2.626e-02, val/acc 8.305e-01, val/nll 5.147e-01
[2023-04-07 01:34:55] [Epoch   133/  200] trn/loss 3.855e-01, trn/lr 2.557e-02, val/acc 8.127e-01, val/nll 5.762e-01
[2023-04-07 01:36:34] [Epoch   134/  200] trn/loss 3.865e-01, trn/lr 2.489e-02, val/acc 8.396e-01, val/nll 4.940e-01 (best_acc: 8.371e-01 -> 8.396e-01, test_acc: 8.340e-01, test_nll: 4.901e-01)
[2023-04-07 01:38:16] [Epoch   135/  200] trn/loss 3.868e-01, trn/lr 2.421e-02, val/acc 8.417e-01, val/nll 4.705e-01 (best_acc: 8.396e-01 -> 8.417e-01, test_acc: 8.411e-01, test_nll: 4.855e-01)
[2023-04-07 01:39:42] [Epoch   136/  200] trn/loss 3.702e-01, trn/lr 2.354e-02, val/acc 8.374e-01, val/nll 4.940e-01
[2023-04-07 01:41:09] [Epoch   137/  200] trn/loss 3.673e-01, trn/lr 2.288e-02, val/acc 8.362e-01, val/nll 5.048e-01
[2023-04-07 01:42:48] [Epoch   138/  200] trn/loss 3.710e-01, trn/lr 2.222e-02, val/acc 8.513e-01, val/nll 4.632e-01 (best_acc: 8.417e-01 -> 8.513e-01, test_acc: 8.453e-01, test_nll: 4.731e-01)
[2023-04-07 01:44:14] [Epoch   139/  200] trn/loss 3.460e-01, trn/lr 2.157e-02, val/acc 8.405e-01, val/nll 4.878e-01
[2023-04-07 01:45:53] [Epoch   140/  200] trn/loss 3.367e-01, trn/lr 2.093e-02, val/acc 8.543e-01, val/nll 4.200e-01 (best_acc: 8.513e-01 -> 8.543e-01, test_acc: 8.577e-01, test_nll: 4.338e-01)
[2023-04-07 01:47:32] [Epoch   141/  200] trn/loss 3.355e-01, trn/lr 2.030e-02, val/acc 8.544e-01, val/nll 4.527e-01 (best_acc: 8.543e-01 -> 8.544e-01, test_acc: 8.477e-01, test_nll: 4.681e-01)
[2023-04-07 01:48:58] [Epoch   142/  200] trn/loss 3.253e-01, trn/lr 1.967e-02, val/acc 8.427e-01, val/nll 4.828e-01
[2023-04-07 01:50:38] [Epoch   143/  200] trn/loss 3.266e-01, trn/lr 1.905e-02, val/acc 8.585e-01, val/nll 4.145e-01 (best_acc: 8.544e-01 -> 8.585e-01, test_acc: 8.497e-01, test_nll: 4.489e-01)
[2023-04-07 01:52:05] [Epoch   144/  200] trn/loss 3.314e-01, trn/lr 1.843e-02, val/acc 8.288e-01, val/nll 5.268e-01
[2023-04-07 01:53:31] [Epoch   145/  200] trn/loss 3.172e-01, trn/lr 1.783e-02, val/acc 8.452e-01, val/nll 4.966e-01
[2023-04-07 01:55:10] [Epoch   146/  200] trn/loss 2.928e-01, trn/lr 1.723e-02, val/acc 8.636e-01, val/nll 4.057e-01 (best_acc: 8.585e-01 -> 8.636e-01, test_acc: 8.567e-01, test_nll: 4.233e-01)
[2023-04-07 01:56:36] [Epoch   147/  200] trn/loss 2.827e-01, trn/lr 1.664e-02, val/acc 8.520e-01, val/nll 4.491e-01
[2023-04-07 01:58:02] [Epoch   148/  200] trn/loss 2.883e-01, trn/lr 1.606e-02, val/acc 8.561e-01, val/nll 4.437e-01
[2023-04-07 01:59:28] [Epoch   149/  200] trn/loss 2.853e-01, trn/lr 1.549e-02, val/acc 8.546e-01, val/nll 4.326e-01
[2023-04-07 02:01:09] [Epoch   150/  200] trn/loss 2.751e-01, trn/lr 1.493e-02, val/acc 8.727e-01, val/nll 3.916e-01 (best_acc: 8.636e-01 -> 8.727e-01, test_acc: 8.610e-01, test_nll: 4.175e-01)
[2023-04-07 02:02:52] [Epoch   151/  200] trn/loss 2.599e-01, trn/lr 1.437e-02, val/acc 8.783e-01, val/nll 3.619e-01 (best_acc: 8.727e-01 -> 8.783e-01, test_acc: 8.729e-01, test_nll: 3.836e-01)
[2023-04-07 02:04:18] [Epoch   152/  200] trn/loss 2.547e-01, trn/lr 1.382e-02, val/acc 8.677e-01, val/nll 4.050e-01
[2023-04-07 02:05:45] [Epoch   153/  200] trn/loss 2.528e-01, trn/lr 1.329e-02, val/acc 8.405e-01, val/nll 5.259e-01
[2023-04-07 02:07:24] [Epoch   154/  200] trn/loss 2.458e-01, trn/lr 1.276e-02, val/acc 8.788e-01, val/nll 3.659e-01 (best_acc: 8.783e-01 -> 8.788e-01, test_acc: 8.761e-01, test_nll: 3.823e-01)
[2023-04-07 02:09:04] [Epoch   155/  200] trn/loss 2.300e-01, trn/lr 1.224e-02, val/acc 8.790e-01, val/nll 3.833e-01 (best_acc: 8.788e-01 -> 8.790e-01, test_acc: 8.745e-01, test_nll: 3.852e-01)
[2023-04-07 02:10:30] [Epoch   156/  200] trn/loss 2.315e-01, trn/lr 1.173e-02, val/acc 8.647e-01, val/nll 4.405e-01
[2023-04-07 02:12:08] [Epoch   157/  200] trn/loss 2.321e-01, trn/lr 1.123e-02, val/acc 8.843e-01, val/nll 3.611e-01 (best_acc: 8.790e-01 -> 8.843e-01, test_acc: 8.770e-01, test_nll: 3.907e-01)
[2023-04-07 02:13:34] [Epoch   158/  200] trn/loss 2.157e-01, trn/lr 1.074e-02, val/acc 8.688e-01, val/nll 4.091e-01
[2023-04-07 02:15:13] [Epoch   159/  200] trn/loss 2.099e-01, trn/lr 1.025e-02, val/acc 8.890e-01, val/nll 3.325e-01 (best_acc: 8.843e-01 -> 8.890e-01, test_acc: 8.891e-01, test_nll: 3.424e-01)
[2023-04-07 02:16:39] [Epoch   160/  200] trn/loss 2.015e-01, trn/lr 9.783e-03, val/acc 8.875e-01, val/nll 3.703e-01
[2023-04-07 02:18:05] [Epoch   161/  200] trn/loss 1.940e-01, trn/lr 9.321e-03, val/acc 8.782e-01, val/nll 3.870e-01
[2023-04-07 02:19:32] [Epoch   162/  200] trn/loss 1.820e-01, trn/lr 8.870e-03, val/acc 8.801e-01, val/nll 3.679e-01
[2023-04-07 02:21:12] [Epoch   163/  200] trn/loss 1.745e-01, trn/lr 8.428e-03, val/acc 8.896e-01, val/nll 3.437e-01 (best_acc: 8.890e-01 -> 8.896e-01, test_acc: 8.895e-01, test_nll: 3.507e-01)
[2023-04-07 02:22:51] [Epoch   164/  200] trn/loss 1.676e-01, trn/lr 7.997e-03, val/acc 8.907e-01, val/nll 3.438e-01 (best_acc: 8.896e-01 -> 8.907e-01, test_acc: 8.919e-01, test_nll: 3.554e-01)
[2023-04-07 02:24:29] [Epoch   165/  200] trn/loss 1.629e-01, trn/lr 7.576e-03, val/acc 8.944e-01, val/nll 3.352e-01 (best_acc: 8.907e-01 -> 8.944e-01, test_acc: 8.933e-01, test_nll: 3.392e-01)
[2023-04-07 02:25:55] [Epoch   166/  200] trn/loss 1.443e-01, trn/lr 7.166e-03, val/acc 8.929e-01, val/nll 3.498e-01
[2023-04-07 02:27:34] [Epoch   167/  200] trn/loss 1.376e-01, trn/lr 6.766e-03, val/acc 9.073e-01, val/nll 2.977e-01 (best_acc: 8.944e-01 -> 9.073e-01, test_acc: 9.020e-01, test_nll: 3.233e-01)
[2023-04-07 02:29:00] [Epoch   168/  200] trn/loss 1.261e-01, trn/lr 6.377e-03, val/acc 9.001e-01, val/nll 3.283e-01
[2023-04-07 02:30:26] [Epoch   169/  200] trn/loss 1.199e-01, trn/lr 5.998e-03, val/acc 9.029e-01, val/nll 3.218e-01
[2023-04-07 02:31:53] [Epoch   170/  200] trn/loss 1.086e-01, trn/lr 5.631e-03, val/acc 9.050e-01, val/nll 3.183e-01
[2023-04-07 02:33:19] [Epoch   171/  200] trn/loss 1.018e-01, trn/lr 5.274e-03, val/acc 9.070e-01, val/nll 3.065e-01
[2023-04-07 02:35:00] [Epoch   172/  200] trn/loss 9.592e-02, trn/lr 4.929e-03, val/acc 9.118e-01, val/nll 3.086e-01 (best_acc: 9.073e-01 -> 9.118e-01, test_acc: 9.090e-01, test_nll: 3.206e-01)
[2023-04-07 02:36:26] [Epoch   173/  200] trn/loss 9.536e-02, trn/lr 4.594e-03, val/acc 9.086e-01, val/nll 3.027e-01
[2023-04-07 02:38:05] [Epoch   174/  200] trn/loss 8.162e-02, trn/lr 4.271e-03, val/acc 9.129e-01, val/nll 3.060e-01 (best_acc: 9.118e-01 -> 9.129e-01, test_acc: 9.032e-01, test_nll: 3.269e-01)
[2023-04-07 02:39:43] [Epoch   175/  200] trn/loss 7.416e-02, trn/lr 3.959e-03, val/acc 9.144e-01, val/nll 3.012e-01 (best_acc: 9.129e-01 -> 9.144e-01, test_acc: 9.109e-01, test_nll: 3.224e-01)
[2023-04-07 02:41:09] [Epoch   176/  200] trn/loss 6.404e-02, trn/lr 3.659e-03, val/acc 9.111e-01, val/nll 3.208e-01
[2023-04-07 02:42:36] [Epoch   177/  200] trn/loss 5.839e-02, trn/lr 3.369e-03, val/acc 9.134e-01, val/nll 2.993e-01
[2023-04-07 02:44:15] [Epoch   178/  200] trn/loss 5.241e-02, trn/lr 3.092e-03, val/acc 9.196e-01, val/nll 2.941e-01 (best_acc: 9.144e-01 -> 9.196e-01, test_acc: 9.167e-01, test_nll: 3.013e-01)
[2023-04-07 02:45:55] [Epoch   179/  200] trn/loss 4.555e-02, trn/lr 2.826e-03, val/acc 9.230e-01, val/nll 2.727e-01 (best_acc: 9.196e-01 -> 9.230e-01, test_acc: 9.171e-01, test_nll: 3.029e-01)
[2023-04-07 02:47:21] [Epoch   180/  200] trn/loss 3.708e-02, trn/lr 2.571e-03, val/acc 9.228e-01, val/nll 2.902e-01
[2023-04-07 02:48:59] [Epoch   181/  200] trn/loss 2.972e-02, trn/lr 2.329e-03, val/acc 9.256e-01, val/nll 2.782e-01 (best_acc: 9.230e-01 -> 9.256e-01, test_acc: 9.206e-01, test_nll: 2.899e-01)
[2023-04-07 02:50:26] [Epoch   182/  200] trn/loss 2.561e-02, trn/lr 2.098e-03, val/acc 9.213e-01, val/nll 3.004e-01
[2023-04-07 02:51:52] [Epoch   183/  200] trn/loss 2.345e-02, trn/lr 1.878e-03, val/acc 9.242e-01, val/nll 2.893e-01
[2023-04-07 02:53:18] [Epoch   184/  200] trn/loss 1.916e-02, trn/lr 1.671e-03, val/acc 9.251e-01, val/nll 2.926e-01
[2023-04-07 02:54:58] [Epoch   185/  200] trn/loss 1.695e-02, trn/lr 1.476e-03, val/acc 9.259e-01, val/nll 2.787e-01 (best_acc: 9.256e-01 -> 9.259e-01, test_acc: 9.245e-01, test_nll: 2.941e-01)
[2023-04-07 02:56:37] [Epoch   186/  200] trn/loss 1.293e-02, trn/lr 1.292e-03, val/acc 9.280e-01, val/nll 2.863e-01 (best_acc: 9.259e-01 -> 9.280e-01, test_acc: 9.223e-01, test_nll: 3.039e-01)
[2023-04-07 02:58:17] [Epoch   187/  200] trn/loss 1.164e-02, trn/lr 1.121e-03, val/acc 9.295e-01, val/nll 2.811e-01 (best_acc: 9.280e-01 -> 9.295e-01, test_acc: 9.231e-01, test_nll: 3.016e-01)
[2023-04-07 02:59:43] [Epoch   188/  200] trn/loss 1.042e-02, trn/lr 9.617e-04, val/acc 9.291e-01, val/nll 2.732e-01
[2023-04-07 03:01:09] [Epoch   189/  200] trn/loss 8.815e-03, trn/lr 8.145e-04, val/acc 9.287e-01, val/nll 2.801e-01
[2023-04-07 03:02:36] [Epoch   190/  200] trn/loss 8.767e-03, trn/lr 6.794e-04, val/acc 9.284e-01, val/nll 2.760e-01
[2023-04-07 03:04:15] [Epoch   191/  200] trn/loss 7.951e-03, trn/lr 5.565e-04, val/acc 9.314e-01, val/nll 2.753e-01 (best_acc: 9.295e-01 -> 9.314e-01, test_acc: 9.260e-01, test_nll: 2.948e-01)
[2023-04-07 03:05:55] [Epoch   192/  200] trn/loss 7.114e-03, trn/lr 4.458e-04, val/acc 9.326e-01, val/nll 2.774e-01 (best_acc: 9.314e-01 -> 9.326e-01, test_acc: 9.270e-01, test_nll: 2.902e-01)
[2023-04-07 03:07:21] [Epoch   193/  200] trn/loss 6.581e-03, trn/lr 3.474e-04, val/acc 9.319e-01, val/nll 2.772e-01
[2023-04-07 03:08:47] [Epoch   194/  200] trn/loss 6.335e-03, trn/lr 2.612e-04, val/acc 9.322e-01, val/nll 2.747e-01
[2023-04-07 03:10:13] [Epoch   195/  200] trn/loss 6.352e-03, trn/lr 1.872e-04, val/acc 9.322e-01, val/nll 2.742e-01
[2023-04-07 03:11:40] [Epoch   196/  200] trn/loss 6.126e-03, trn/lr 1.255e-04, val/acc 9.310e-01, val/nll 2.753e-01
[2023-04-07 03:13:06] [Epoch   197/  200] trn/loss 5.973e-03, trn/lr 7.619e-05, val/acc 9.325e-01, val/nll 2.732e-01
[2023-04-07 03:14:32] [Epoch   198/  200] trn/loss 6.457e-03, trn/lr 3.916e-05, val/acc 9.317e-01, val/nll 2.738e-01
[2023-04-07 03:15:59] [Epoch   199/  200] trn/loss 5.770e-03, trn/lr 1.445e-05, val/acc 9.321e-01, val/nll 2.743e-01
[2023-04-07 03:17:25] [Epoch   200/  200] trn/loss 6.357e-03, trn/lr 2.075e-06, val/acc 9.325e-01, val/nll 2.764e-01
