[2023-02-14 15:08:17] Environments:
------------  ------------------------------------------------------------
sys.platform  linux
Python        3.8.10 (default, Nov 14 2022, 12:59:47) [GCC 9.4.0]
JAX           0.4.2 @/home/giung/.local/lib/python3.8/site-packages/jax
jaxlib        0.4.2 @/home/giung/.local/lib/python3.8/site-packages/jaxlib
Flax          0.6.4 @/home/giung/.local/lib/python3.8/site-packages/flax
Optax         0.1.4 @/home/giung/.local/lib/python3.8/site-packages/optax
------------  ------------------------------------------------------------

[2023-02-14 15:08:17] Command line arguments:
- args.data_root          : ./data/
- args.data_name          : CIFAR100_x32
- args.data_augmentation  : standard
- args.data_proportional  : 1.0
- args.model_depth        : 20
- args.model_width        : 4
- args.model_style        : BN-ReLU
- args.optim_bs           : 256
- args.optim_ne           : 200
- args.optim_lr           : 1.0
- args.optim_b1           : 0.7
- args.optim_b2           : 0.999
- args.optim_eps          : 0.1
- args.optim_weight_decay : 0.001
- args.rho                : 0.3
- args.num_data_factor    : 4.0
- args.save               : /home/giung/giung2-dev/projects/sam/save/CIFAR100_x32/R20x4-BN-ReLU/BayesSAM/bs-0256_ne-0200_lr-1.00_b1-0.700_b2-0.999_wd-0.0010_eps-1e-1_rho-0.3000_factor-4.0_fp32/42
- args.seed               : 42
- args.precision          : fp32

[2023-02-14 15:08:23] Multiple local devices are detected:
[TpuDevice(id=0, process_index=0, coords=(0,0,0), core_on_chip=0), TpuDevice(id=1, process_index=0, coords=(0,0,0), core_on_chip=1), TpuDevice(id=2, process_index=0, coords=(1,0,0), core_on_chip=0), TpuDevice(id=3, process_index=0, coords=(1,0,0), core_on_chip=1), TpuDevice(id=4, process_index=0, coords=(0,1,0), core_on_chip=0), TpuDevice(id=5, process_index=0, coords=(0,1,0), core_on_chip=1), TpuDevice(id=6, process_index=0, coords=(1,1,0), core_on_chip=0), TpuDevice(id=7, process_index=0, coords=(1,1,0), core_on_chip=1)]

[2023-02-14 15:09:33] [Epoch     1/  200] trn/loss 4.571e+00, trn/lr 1.000e+00, trn/scale 9.322e-01, val/acc 5.000e-02, val/nll 4.287e+00 (best_acc: 0.000e+00 -> 5.000e-02, test_acc: 4.990e-02, test_nll: 4.288e+00)
[2023-02-14 15:09:43] [Epoch     2/  200] trn/loss 4.069e+00, trn/lr 9.999e-01, trn/scale 8.093e-01, val/acc 1.008e-01, val/nll 3.823e+00 (best_acc: 5.000e-02 -> 1.008e-01, test_acc: 1.044e-01, test_nll: 3.812e+00)
[2023-02-14 15:09:52] [Epoch     3/  200] trn/loss 3.787e+00, trn/lr 9.996e-01, trn/scale 7.046e-01, val/acc 1.102e-01, val/nll 3.728e+00 (best_acc: 1.008e-01 -> 1.102e-01, test_acc: 1.182e-01, test_nll: 3.711e+00)
[2023-02-14 15:10:01] [Epoch     4/  200] trn/loss 3.595e+00, trn/lr 9.992e-01, trn/scale 6.154e-01, val/acc 1.559e-01, val/nll 3.461e+00 (best_acc: 1.102e-01 -> 1.559e-01, test_acc: 1.650e-01, test_nll: 3.437e+00)
[2023-02-14 15:10:10] [Epoch     5/  200] trn/loss 3.346e+00, trn/lr 9.987e-01, trn/scale 5.393e-01, val/acc 1.993e-01, val/nll 3.220e+00 (best_acc: 1.559e-01 -> 1.993e-01, test_acc: 1.978e-01, test_nll: 3.200e+00)
[2023-02-14 15:10:20] [Epoch     6/  200] trn/loss 3.088e+00, trn/lr 9.981e-01, trn/scale 4.745e-01, val/acc 2.308e-01, val/nll 3.062e+00 (best_acc: 1.993e-01 -> 2.308e-01, test_acc: 2.312e-01, test_nll: 3.031e+00)
[2023-02-14 15:10:29] [Epoch     7/  200] trn/loss 2.877e+00, trn/lr 9.974e-01, trn/scale 4.193e-01, val/acc 2.419e-01, val/nll 3.063e+00 (best_acc: 2.308e-01 -> 2.419e-01, test_acc: 2.424e-01, test_nll: 3.043e+00)
[2023-02-14 15:10:38] [Epoch     8/  200] trn/loss 2.697e+00, trn/lr 9.965e-01, trn/scale 3.723e-01, val/acc 2.889e-01, val/nll 2.771e+00 (best_acc: 2.419e-01 -> 2.889e-01, test_acc: 2.885e-01, test_nll: 2.738e+00)
[2023-02-14 15:10:47] [Epoch     9/  200] trn/loss 2.549e+00, trn/lr 9.955e-01, trn/scale 3.322e-01, val/acc 3.356e-01, val/nll 2.504e+00 (best_acc: 2.889e-01 -> 3.356e-01, test_acc: 3.420e-01, test_nll: 2.467e+00)
[2023-02-14 15:10:56] [Epoch    10/  200] trn/loss 2.440e+00, trn/lr 9.944e-01, trn/scale 2.981e-01, val/acc 3.469e-01, val/nll 2.496e+00 (best_acc: 3.356e-01 -> 3.469e-01, test_acc: 3.517e-01, test_nll: 2.454e+00)
[2023-02-14 15:11:06] [Epoch    11/  200] trn/loss 2.378e+00, trn/lr 9.932e-01, trn/scale 2.690e-01, val/acc 3.524e-01, val/nll 2.408e+00 (best_acc: 3.469e-01 -> 3.524e-01, test_acc: 3.698e-01, test_nll: 2.366e+00)
[2023-02-14 15:11:14] [Epoch    12/  200] trn/loss 2.325e+00, trn/lr 9.919e-01, trn/scale 2.442e-01, val/acc 3.208e-01, val/nll 2.596e+00
[2023-02-14 15:11:22] [Epoch    13/  200] trn/loss 2.315e+00, trn/lr 9.904e-01, trn/scale 2.230e-01, val/acc 3.131e-01, val/nll 2.688e+00
[2023-02-14 15:11:30] [Epoch    14/  200] trn/loss 2.302e+00, trn/lr 9.888e-01, trn/scale 2.050e-01, val/acc 3.473e-01, val/nll 2.440e+00
[2023-02-14 15:11:38] [Epoch    15/  200] trn/loss 2.305e+00, trn/lr 9.871e-01, trn/scale 1.897e-01, val/acc 2.258e-01, val/nll 3.376e+00
[2023-02-14 15:11:47] [Epoch    16/  200] trn/loss 2.349e+00, trn/lr 9.853e-01, trn/scale 1.766e-01, val/acc 3.351e-01, val/nll 2.525e+00
[2023-02-14 15:11:55] [Epoch    17/  200] trn/loss 2.371e+00, trn/lr 9.833e-01, trn/scale 1.655e-01, val/acc 3.090e-01, val/nll 2.717e+00
[2023-02-14 15:12:04] [Epoch    18/  200] trn/loss 2.392e+00, trn/lr 9.812e-01, trn/scale 1.560e-01, val/acc 3.584e-01, val/nll 2.471e+00 (best_acc: 3.524e-01 -> 3.584e-01, test_acc: 3.699e-01, test_nll: 2.441e+00)
[2023-02-14 15:12:12] [Epoch    19/  200] trn/loss 2.430e+00, trn/lr 9.790e-01, trn/scale 1.479e-01, val/acc 1.291e-01, val/nll 4.809e+00
[2023-02-14 15:12:20] [Epoch    20/  200] trn/loss 2.452e+00, trn/lr 9.767e-01, trn/scale 1.410e-01, val/acc 3.134e-01, val/nll 2.691e+00
[2023-02-14 15:12:28] [Epoch    21/  200] trn/loss 2.494e+00, trn/lr 9.743e-01, trn/scale 1.352e-01, val/acc 2.788e-01, val/nll 2.964e+00
[2023-02-14 15:12:37] [Epoch    22/  200] trn/loss 2.511e+00, trn/lr 9.718e-01, trn/scale 1.302e-01, val/acc 3.194e-01, val/nll 2.665e+00
[2023-02-14 15:12:45] [Epoch    23/  200] trn/loss 2.533e+00, trn/lr 9.691e-01, trn/scale 1.259e-01, val/acc 3.011e-01, val/nll 2.775e+00
[2023-02-14 15:12:53] [Epoch    24/  200] trn/loss 2.555e+00, trn/lr 9.663e-01, trn/scale 1.223e-01, val/acc 2.873e-01, val/nll 2.805e+00
[2023-02-14 15:13:01] [Epoch    25/  200] trn/loss 2.559e+00, trn/lr 9.634e-01, trn/scale 1.192e-01, val/acc 2.731e-01, val/nll 2.874e+00
[2023-02-14 15:13:09] [Epoch    26/  200] trn/loss 2.604e+00, trn/lr 9.604e-01, trn/scale 1.165e-01, val/acc 2.598e-01, val/nll 2.959e+00
[2023-02-14 15:13:17] [Epoch    27/  200] trn/loss 2.614e+00, trn/lr 9.573e-01, trn/scale 1.143e-01, val/acc 2.021e-01, val/nll 3.383e+00
[2023-02-14 15:13:26] [Epoch    28/  200] trn/loss 2.636e+00, trn/lr 9.541e-01, trn/scale 1.124e-01, val/acc 2.313e-01, val/nll 3.347e+00
[2023-02-14 15:13:34] [Epoch    29/  200] trn/loss 2.645e+00, trn/lr 9.507e-01, trn/scale 1.107e-01, val/acc 2.764e-01, val/nll 2.829e+00
[2023-02-14 15:13:42] [Epoch    30/  200] trn/loss 2.671e+00, trn/lr 9.473e-01, trn/scale 1.093e-01, val/acc 2.043e-01, val/nll 3.504e+00
[2023-02-14 15:13:50] [Epoch    31/  200] trn/loss 2.684e+00, trn/lr 9.437e-01, trn/scale 1.081e-01, val/acc 1.084e-01, val/nll 5.088e+00
[2023-02-14 15:13:58] [Epoch    32/  200] trn/loss 2.711e+00, trn/lr 9.400e-01, trn/scale 1.071e-01, val/acc 2.832e-01, val/nll 2.905e+00
[2023-02-14 15:14:06] [Epoch    33/  200] trn/loss 2.679e+00, trn/lr 9.363e-01, trn/scale 1.063e-01, val/acc 2.532e-01, val/nll 3.013e+00
[2023-02-14 15:14:15] [Epoch    34/  200] trn/loss 2.688e+00, trn/lr 9.324e-01, trn/scale 1.055e-01, val/acc 2.382e-01, val/nll 3.133e+00
[2023-02-14 15:14:23] [Epoch    35/  200] trn/loss 2.690e+00, trn/lr 9.284e-01, trn/scale 1.049e-01, val/acc 2.613e-01, val/nll 2.926e+00
[2023-02-14 15:14:31] [Epoch    36/  200] trn/loss 2.698e+00, trn/lr 9.243e-01, trn/scale 1.044e-01, val/acc 2.041e-01, val/nll 3.364e+00
[2023-02-14 15:14:39] [Epoch    37/  200] trn/loss 2.693e+00, trn/lr 9.201e-01, trn/scale 1.039e-01, val/acc 2.293e-01, val/nll 3.171e+00
[2023-02-14 15:14:47] [Epoch    38/  200] trn/loss 2.683e+00, trn/lr 9.157e-01, trn/scale 1.035e-01, val/acc 2.415e-01, val/nll 3.038e+00
[2023-02-14 15:14:56] [Epoch    39/  200] trn/loss 2.705e+00, trn/lr 9.113e-01, trn/scale 1.032e-01, val/acc 2.322e-01, val/nll 3.068e+00
[2023-02-14 15:15:04] [Epoch    40/  200] trn/loss 2.696e+00, trn/lr 9.068e-01, trn/scale 1.029e-01, val/acc 2.665e-01, val/nll 2.866e+00
[2023-02-14 15:15:12] [Epoch    41/  200] trn/loss 2.698e+00, trn/lr 9.022e-01, trn/scale 1.027e-01, val/acc 1.753e-01, val/nll 3.713e+00
[2023-02-14 15:15:20] [Epoch    42/  200] trn/loss 2.679e+00, trn/lr 8.975e-01, trn/scale 1.025e-01, val/acc 2.137e-01, val/nll 3.194e+00
[2023-02-14 15:15:28] [Epoch    43/  200] trn/loss 2.681e+00, trn/lr 8.927e-01, trn/scale 1.023e-01, val/acc 2.194e-01, val/nll 3.185e+00
[2023-02-14 15:15:36] [Epoch    44/  200] trn/loss 2.693e+00, trn/lr 8.878e-01, trn/scale 1.021e-01, val/acc 1.650e-01, val/nll 4.284e+00
[2023-02-14 15:15:45] [Epoch    45/  200] trn/loss 2.681e+00, trn/lr 8.828e-01, trn/scale 1.020e-01, val/acc 2.544e-01, val/nll 3.106e+00
[2023-02-14 15:15:53] [Epoch    46/  200] trn/loss 2.681e+00, trn/lr 8.777e-01, trn/scale 1.019e-01, val/acc 2.199e-01, val/nll 3.101e+00
[2023-02-14 15:16:01] [Epoch    47/  200] trn/loss 2.665e+00, trn/lr 8.725e-01, trn/scale 1.018e-01, val/acc 2.720e-01, val/nll 2.868e+00
[2023-02-14 15:16:09] [Epoch    48/  200] trn/loss 2.675e+00, trn/lr 8.672e-01, trn/scale 1.017e-01, val/acc 2.192e-01, val/nll 3.211e+00
[2023-02-14 15:16:17] [Epoch    49/  200] trn/loss 2.665e+00, trn/lr 8.618e-01, trn/scale 1.016e-01, val/acc 2.652e-01, val/nll 2.987e+00
[2023-02-14 15:16:26] [Epoch    50/  200] trn/loss 2.667e+00, trn/lr 8.563e-01, trn/scale 1.016e-01, val/acc 2.490e-01, val/nll 2.995e+00
[2023-02-14 15:16:34] [Epoch    51/  200] trn/loss 2.670e+00, trn/lr 8.508e-01, trn/scale 1.015e-01, val/acc 2.281e-01, val/nll 3.099e+00
[2023-02-14 15:16:42] [Epoch    52/  200] trn/loss 2.667e+00, trn/lr 8.451e-01, trn/scale 1.015e-01, val/acc 2.944e-01, val/nll 2.757e+00
[2023-02-14 15:16:50] [Epoch    53/  200] trn/loss 2.650e+00, trn/lr 8.394e-01, trn/scale 1.015e-01, val/acc 2.931e-01, val/nll 2.799e+00
[2023-02-14 15:16:58] [Epoch    54/  200] trn/loss 2.654e+00, trn/lr 8.336e-01, trn/scale 1.014e-01, val/acc 2.739e-01, val/nll 2.949e+00
[2023-02-14 15:17:06] [Epoch    55/  200] trn/loss 2.630e+00, trn/lr 8.277e-01, trn/scale 1.014e-01, val/acc 2.768e-01, val/nll 2.913e+00
[2023-02-14 15:17:15] [Epoch    56/  200] trn/loss 2.634e+00, trn/lr 8.217e-01, trn/scale 1.014e-01, val/acc 2.311e-01, val/nll 3.123e+00
[2023-02-14 15:17:23] [Epoch    57/  200] trn/loss 2.615e+00, trn/lr 8.157e-01, trn/scale 1.014e-01, val/acc 2.296e-01, val/nll 3.242e+00
[2023-02-14 15:17:31] [Epoch    58/  200] trn/loss 2.619e+00, trn/lr 8.096e-01, trn/scale 1.014e-01, val/acc 2.926e-01, val/nll 2.712e+00
[2023-02-14 15:17:39] [Epoch    59/  200] trn/loss 2.599e+00, trn/lr 8.034e-01, trn/scale 1.013e-01, val/acc 2.233e-01, val/nll 3.333e+00
[2023-02-14 15:17:47] [Epoch    60/  200] trn/loss 2.612e+00, trn/lr 7.971e-01, trn/scale 1.013e-01, val/acc 2.497e-01, val/nll 3.047e+00
[2023-02-14 15:17:56] [Epoch    61/  200] trn/loss 2.611e+00, trn/lr 7.907e-01, trn/scale 1.013e-01, val/acc 3.028e-01, val/nll 2.771e+00
[2023-02-14 15:18:04] [Epoch    62/  200] trn/loss 2.603e+00, trn/lr 7.843e-01, trn/scale 1.013e-01, val/acc 2.779e-01, val/nll 2.925e+00
[2023-02-14 15:18:12] [Epoch    63/  200] trn/loss 2.589e+00, trn/lr 7.778e-01, trn/scale 1.013e-01, val/acc 2.684e-01, val/nll 2.936e+00
[2023-02-14 15:18:20] [Epoch    64/  200] trn/loss 2.584e+00, trn/lr 7.712e-01, trn/scale 1.013e-01, val/acc 2.035e-01, val/nll 3.479e+00
[2023-02-14 15:18:28] [Epoch    65/  200] trn/loss 2.573e+00, trn/lr 7.646e-01, trn/scale 1.013e-01, val/acc 2.817e-01, val/nll 2.863e+00
[2023-02-14 15:18:36] [Epoch    66/  200] trn/loss 2.573e+00, trn/lr 7.579e-01, trn/scale 1.013e-01, val/acc 2.762e-01, val/nll 2.925e+00
[2023-02-14 15:18:45] [Epoch    67/  200] trn/loss 2.564e+00, trn/lr 7.512e-01, trn/scale 1.013e-01, val/acc 2.324e-01, val/nll 3.424e+00
[2023-02-14 15:18:53] [Epoch    68/  200] trn/loss 2.556e+00, trn/lr 7.443e-01, trn/scale 1.013e-01, val/acc 2.914e-01, val/nll 2.734e+00
[2023-02-14 15:19:01] [Epoch    69/  200] trn/loss 2.543e+00, trn/lr 7.374e-01, trn/scale 1.013e-01, val/acc 2.441e-01, val/nll 3.088e+00
[2023-02-14 15:19:09] [Epoch    70/  200] trn/loss 2.538e+00, trn/lr 7.305e-01, trn/scale 1.013e-01, val/acc 2.188e-01, val/nll 3.210e+00
[2023-02-14 15:19:17] [Epoch    71/  200] trn/loss 2.538e+00, trn/lr 7.235e-01, trn/scale 1.013e-01, val/acc 3.001e-01, val/nll 2.756e+00
[2023-02-14 15:19:25] [Epoch    72/  200] trn/loss 2.529e+00, trn/lr 7.165e-01, trn/scale 1.013e-01, val/acc 2.352e-01, val/nll 3.343e+00
[2023-02-14 15:19:34] [Epoch    73/  200] trn/loss 2.516e+00, trn/lr 7.093e-01, trn/scale 1.013e-01, val/acc 2.341e-01, val/nll 3.152e+00
[2023-02-14 15:19:42] [Epoch    74/  200] trn/loss 2.495e+00, trn/lr 7.022e-01, trn/scale 1.013e-01, val/acc 2.442e-01, val/nll 3.158e+00
[2023-02-14 15:19:50] [Epoch    75/  200] trn/loss 2.505e+00, trn/lr 6.950e-01, trn/scale 1.013e-01, val/acc 3.408e-01, val/nll 2.560e+00
[2023-02-14 15:19:58] [Epoch    76/  200] trn/loss 2.493e+00, trn/lr 6.877e-01, trn/scale 1.013e-01, val/acc 3.146e-01, val/nll 2.664e+00
[2023-02-14 15:20:06] [Epoch    77/  200] trn/loss 2.477e+00, trn/lr 6.804e-01, trn/scale 1.013e-01, val/acc 3.317e-01, val/nll 2.559e+00
[2023-02-14 15:20:15] [Epoch    78/  200] trn/loss 2.477e+00, trn/lr 6.731e-01, trn/scale 1.013e-01, val/acc 2.407e-01, val/nll 3.079e+00
[2023-02-14 15:20:23] [Epoch    79/  200] trn/loss 2.472e+00, trn/lr 6.657e-01, trn/scale 1.013e-01, val/acc 3.343e-01, val/nll 2.573e+00
[2023-02-14 15:20:31] [Epoch    80/  200] trn/loss 2.475e+00, trn/lr 6.583e-01, trn/scale 1.013e-01, val/acc 2.646e-01, val/nll 2.868e+00
[2023-02-14 15:20:39] [Epoch    81/  200] trn/loss 2.461e+00, trn/lr 6.508e-01, trn/scale 1.013e-01, val/acc 2.916e-01, val/nll 2.795e+00
[2023-02-14 15:20:47] [Epoch    82/  200] trn/loss 2.462e+00, trn/lr 6.433e-01, trn/scale 1.013e-01, val/acc 3.043e-01, val/nll 2.695e+00
[2023-02-14 15:20:55] [Epoch    83/  200] trn/loss 2.439e+00, trn/lr 6.357e-01, trn/scale 1.013e-01, val/acc 3.215e-01, val/nll 2.593e+00
[2023-02-14 15:21:04] [Epoch    84/  200] trn/loss 2.431e+00, trn/lr 6.282e-01, trn/scale 1.013e-01, val/acc 3.394e-01, val/nll 2.534e+00
[2023-02-14 15:21:12] [Epoch    85/  200] trn/loss 2.437e+00, trn/lr 6.206e-01, trn/scale 1.013e-01, val/acc 3.418e-01, val/nll 2.574e+00
[2023-02-14 15:21:20] [Epoch    86/  200] trn/loss 2.417e+00, trn/lr 6.129e-01, trn/scale 1.013e-01, val/acc 3.007e-01, val/nll 2.702e+00
[2023-02-14 15:21:28] [Epoch    87/  200] trn/loss 2.412e+00, trn/lr 6.053e-01, trn/scale 1.013e-01, val/acc 2.879e-01, val/nll 2.858e+00
[2023-02-14 15:21:36] [Epoch    88/  200] trn/loss 2.407e+00, trn/lr 5.976e-01, trn/scale 1.013e-01, val/acc 2.965e-01, val/nll 2.737e+00
[2023-02-14 15:21:45] [Epoch    89/  200] trn/loss 2.392e+00, trn/lr 5.899e-01, trn/scale 1.013e-01, val/acc 3.232e-01, val/nll 2.612e+00
[2023-02-14 15:21:53] [Epoch    90/  200] trn/loss 2.384e+00, trn/lr 5.821e-01, trn/scale 1.013e-01, val/acc 2.804e-01, val/nll 2.884e+00
[2023-02-14 15:22:01] [Epoch    91/  200] trn/loss 2.368e+00, trn/lr 5.744e-01, trn/scale 1.013e-01, val/acc 3.498e-01, val/nll 2.489e+00
[2023-02-14 15:22:09] [Epoch    92/  200] trn/loss 2.374e+00, trn/lr 5.666e-01, trn/scale 1.013e-01, val/acc 2.715e-01, val/nll 3.077e+00
[2023-02-14 15:22:17] [Epoch    93/  200] trn/loss 2.358e+00, trn/lr 5.588e-01, trn/scale 1.013e-01, val/acc 3.086e-01, val/nll 2.654e+00
[2023-02-14 15:22:26] [Epoch    94/  200] trn/loss 2.351e+00, trn/lr 5.510e-01, trn/scale 1.013e-01, val/acc 3.705e-01, val/nll 2.439e+00 (best_acc: 3.584e-01 -> 3.705e-01, test_acc: 3.741e-01, test_nll: 2.405e+00)
[2023-02-14 15:22:35] [Epoch    95/  200] trn/loss 2.340e+00, trn/lr 5.432e-01, trn/scale 1.013e-01, val/acc 3.250e-01, val/nll 2.643e+00
[2023-02-14 15:22:43] [Epoch    96/  200] trn/loss 2.339e+00, trn/lr 5.353e-01, trn/scale 1.013e-01, val/acc 3.431e-01, val/nll 2.559e+00
[2023-02-14 15:22:52] [Epoch    97/  200] trn/loss 2.330e+00, trn/lr 5.275e-01, trn/scale 1.013e-01, val/acc 3.803e-01, val/nll 2.328e+00 (best_acc: 3.705e-01 -> 3.803e-01, test_acc: 3.922e-01, test_nll: 2.295e+00)
[2023-02-14 15:23:00] [Epoch    98/  200] trn/loss 2.315e+00, trn/lr 5.197e-01, trn/scale 1.013e-01, val/acc 3.728e-01, val/nll 2.392e+00
[2023-02-14 15:23:08] [Epoch    99/  200] trn/loss 2.299e+00, trn/lr 5.118e-01, trn/scale 1.013e-01, val/acc 3.113e-01, val/nll 2.725e+00
[2023-02-14 15:23:16] [Epoch   100/  200] trn/loss 2.299e+00, trn/lr 5.040e-01, trn/scale 1.013e-01, val/acc 3.482e-01, val/nll 2.500e+00
[2023-02-14 15:23:25] [Epoch   101/  200] trn/loss 2.288e+00, trn/lr 4.961e-01, trn/scale 1.013e-01, val/acc 3.399e-01, val/nll 2.580e+00
[2023-02-14 15:23:33] [Epoch   102/  200] trn/loss 2.280e+00, trn/lr 4.882e-01, trn/scale 1.013e-01, val/acc 3.228e-01, val/nll 2.714e+00
[2023-02-14 15:23:41] [Epoch   103/  200] trn/loss 2.278e+00, trn/lr 4.804e-01, trn/scale 1.013e-01, val/acc 2.800e-01, val/nll 2.994e+00
[2023-02-14 15:23:49] [Epoch   104/  200] trn/loss 2.268e+00, trn/lr 4.725e-01, trn/scale 1.013e-01, val/acc 3.662e-01, val/nll 2.408e+00
[2023-02-14 15:23:57] [Epoch   105/  200] trn/loss 2.258e+00, trn/lr 4.647e-01, trn/scale 1.013e-01, val/acc 3.787e-01, val/nll 2.378e+00
[2023-02-14 15:24:07] [Epoch   106/  200] trn/loss 2.249e+00, trn/lr 4.569e-01, trn/scale 1.013e-01, val/acc 4.003e-01, val/nll 2.244e+00 (best_acc: 3.803e-01 -> 4.003e-01, test_acc: 4.047e-01, test_nll: 2.220e+00)
[2023-02-14 15:24:16] [Epoch   107/  200] trn/loss 2.241e+00, trn/lr 4.491e-01, trn/scale 1.013e-01, val/acc 4.032e-01, val/nll 2.286e+00 (best_acc: 4.003e-01 -> 4.032e-01, test_acc: 4.131e-01, test_nll: 2.247e+00)
[2023-02-14 15:24:24] [Epoch   108/  200] trn/loss 2.223e+00, trn/lr 4.413e-01, trn/scale 1.013e-01, val/acc 4.013e-01, val/nll 2.274e+00
[2023-02-14 15:24:32] [Epoch   109/  200] trn/loss 2.224e+00, trn/lr 4.335e-01, trn/scale 1.013e-01, val/acc 3.584e-01, val/nll 2.510e+00
[2023-02-14 15:24:41] [Epoch   110/  200] trn/loss 2.218e+00, trn/lr 4.257e-01, trn/scale 1.013e-01, val/acc 4.043e-01, val/nll 2.251e+00 (best_acc: 4.032e-01 -> 4.043e-01, test_acc: 4.162e-01, test_nll: 2.222e+00)
[2023-02-14 15:24:49] [Epoch   111/  200] trn/loss 2.204e+00, trn/lr 4.179e-01, trn/scale 1.013e-01, val/acc 3.910e-01, val/nll 2.374e+00
[2023-02-14 15:24:58] [Epoch   112/  200] trn/loss 2.187e+00, trn/lr 4.102e-01, trn/scale 1.013e-01, val/acc 3.759e-01, val/nll 2.365e+00
[2023-02-14 15:25:06] [Epoch   113/  200] trn/loss 2.183e+00, trn/lr 4.025e-01, trn/scale 1.013e-01, val/acc 3.963e-01, val/nll 2.324e+00
[2023-02-14 15:25:14] [Epoch   114/  200] trn/loss 2.178e+00, trn/lr 3.948e-01, trn/scale 1.013e-01, val/acc 3.838e-01, val/nll 2.354e+00
[2023-02-14 15:25:22] [Epoch   115/  200] trn/loss 2.166e+00, trn/lr 3.871e-01, trn/scale 1.013e-01, val/acc 3.928e-01, val/nll 2.335e+00
[2023-02-14 15:25:30] [Epoch   116/  200] trn/loss 2.159e+00, trn/lr 3.795e-01, trn/scale 1.013e-01, val/acc 3.914e-01, val/nll 2.321e+00
[2023-02-14 15:25:38] [Epoch   117/  200] trn/loss 2.154e+00, trn/lr 3.719e-01, trn/scale 1.013e-01, val/acc 3.611e-01, val/nll 2.560e+00
[2023-02-14 15:25:48] [Epoch   118/  200] trn/loss 2.138e+00, trn/lr 3.643e-01, trn/scale 1.013e-01, val/acc 4.503e-01, val/nll 2.057e+00 (best_acc: 4.043e-01 -> 4.503e-01, test_acc: 4.541e-01, test_nll: 2.028e+00)
[2023-02-14 15:25:57] [Epoch   119/  200] trn/loss 2.133e+00, trn/lr 3.568e-01, trn/scale 1.013e-01, val/acc 4.553e-01, val/nll 2.041e+00 (best_acc: 4.503e-01 -> 4.553e-01, test_acc: 4.736e-01, test_nll: 2.009e+00)
[2023-02-14 15:26:05] [Epoch   120/  200] trn/loss 2.114e+00, trn/lr 3.493e-01, trn/scale 1.013e-01, val/acc 4.114e-01, val/nll 2.243e+00
[2023-02-14 15:26:13] [Epoch   121/  200] trn/loss 2.108e+00, trn/lr 3.418e-01, trn/scale 1.013e-01, val/acc 3.600e-01, val/nll 2.556e+00
[2023-02-14 15:26:21] [Epoch   122/  200] trn/loss 2.098e+00, trn/lr 3.344e-01, trn/scale 1.013e-01, val/acc 4.235e-01, val/nll 2.177e+00
[2023-02-14 15:26:29] [Epoch   123/  200] trn/loss 2.099e+00, trn/lr 3.270e-01, trn/scale 1.013e-01, val/acc 4.083e-01, val/nll 2.202e+00
[2023-02-14 15:26:38] [Epoch   124/  200] trn/loss 2.086e+00, trn/lr 3.196e-01, trn/scale 1.013e-01, val/acc 4.092e-01, val/nll 2.237e+00
[2023-02-14 15:26:46] [Epoch   125/  200] trn/loss 2.074e+00, trn/lr 3.123e-01, trn/scale 1.013e-01, val/acc 4.450e-01, val/nll 2.068e+00
[2023-02-14 15:26:54] [Epoch   126/  200] trn/loss 2.062e+00, trn/lr 3.051e-01, trn/scale 1.013e-01, val/acc 4.389e-01, val/nll 2.141e+00
[2023-02-14 15:27:02] [Epoch   127/  200] trn/loss 2.044e+00, trn/lr 2.979e-01, trn/scale 1.013e-01, val/acc 4.406e-01, val/nll 2.093e+00
[2023-02-14 15:27:11] [Epoch   128/  200] trn/loss 2.046e+00, trn/lr 2.907e-01, trn/scale 1.013e-01, val/acc 4.775e-01, val/nll 1.986e+00 (best_acc: 4.553e-01 -> 4.775e-01, test_acc: 4.879e-01, test_nll: 1.955e+00)
[2023-02-14 15:27:20] [Epoch   129/  200] trn/loss 2.030e+00, trn/lr 2.836e-01, trn/scale 1.013e-01, val/acc 4.667e-01, val/nll 2.002e+00
[2023-02-14 15:27:28] [Epoch   130/  200] trn/loss 2.019e+00, trn/lr 2.765e-01, trn/scale 1.013e-01, val/acc 4.721e-01, val/nll 2.009e+00
[2023-02-14 15:27:36] [Epoch   131/  200] trn/loss 2.016e+00, trn/lr 2.695e-01, trn/scale 1.013e-01, val/acc 4.673e-01, val/nll 2.001e+00
[2023-02-14 15:27:44] [Epoch   132/  200] trn/loss 2.004e+00, trn/lr 2.626e-01, trn/scale 1.013e-01, val/acc 4.774e-01, val/nll 1.990e+00
[2023-02-14 15:27:52] [Epoch   133/  200] trn/loss 1.995e+00, trn/lr 2.557e-01, trn/scale 1.014e-01, val/acc 4.593e-01, val/nll 2.024e+00
[2023-02-14 15:28:00] [Epoch   134/  200] trn/loss 1.986e+00, trn/lr 2.489e-01, trn/scale 1.014e-01, val/acc 4.378e-01, val/nll 2.092e+00
[2023-02-14 15:28:09] [Epoch   135/  200] trn/loss 1.973e+00, trn/lr 2.421e-01, trn/scale 1.014e-01, val/acc 4.671e-01, val/nll 1.991e+00
[2023-02-14 15:28:18] [Epoch   136/  200] trn/loss 1.964e+00, trn/lr 2.354e-01, trn/scale 1.014e-01, val/acc 4.843e-01, val/nll 1.915e+00 (best_acc: 4.775e-01 -> 4.843e-01, test_acc: 4.863e-01, test_nll: 1.899e+00)
[2023-02-14 15:28:26] [Epoch   137/  200] trn/loss 1.954e+00, trn/lr 2.288e-01, trn/scale 1.014e-01, val/acc 4.831e-01, val/nll 1.928e+00
[2023-02-14 15:28:34] [Epoch   138/  200] trn/loss 1.946e+00, trn/lr 2.222e-01, trn/scale 1.014e-01, val/acc 4.769e-01, val/nll 1.971e+00
[2023-02-14 15:28:42] [Epoch   139/  200] trn/loss 1.938e+00, trn/lr 2.157e-01, trn/scale 1.014e-01, val/acc 4.790e-01, val/nll 1.956e+00
[2023-02-14 15:28:51] [Epoch   140/  200] trn/loss 1.921e+00, trn/lr 2.093e-01, trn/scale 1.014e-01, val/acc 4.853e-01, val/nll 1.936e+00 (best_acc: 4.843e-01 -> 4.853e-01, test_acc: 4.898e-01, test_nll: 1.911e+00)
[2023-02-14 15:29:00] [Epoch   141/  200] trn/loss 1.918e+00, trn/lr 2.030e-01, trn/scale 1.014e-01, val/acc 4.738e-01, val/nll 1.925e+00
[2023-02-14 15:29:09] [Epoch   142/  200] trn/loss 1.903e+00, trn/lr 1.967e-01, trn/scale 1.014e-01, val/acc 5.013e-01, val/nll 1.872e+00 (best_acc: 4.853e-01 -> 5.013e-01, test_acc: 5.126e-01, test_nll: 1.849e+00)
[2023-02-14 15:29:18] [Epoch   143/  200] trn/loss 1.900e+00, trn/lr 1.905e-01, trn/scale 1.014e-01, val/acc 5.123e-01, val/nll 1.828e+00 (best_acc: 5.013e-01 -> 5.123e-01, test_acc: 5.246e-01, test_nll: 1.802e+00)
[2023-02-14 15:29:26] [Epoch   144/  200] trn/loss 1.884e+00, trn/lr 1.843e-01, trn/scale 1.014e-01, val/acc 4.824e-01, val/nll 1.907e+00
[2023-02-14 15:29:34] [Epoch   145/  200] trn/loss 1.878e+00, trn/lr 1.783e-01, trn/scale 1.014e-01, val/acc 5.060e-01, val/nll 1.837e+00
[2023-02-14 15:29:43] [Epoch   146/  200] trn/loss 1.870e+00, trn/lr 1.723e-01, trn/scale 1.014e-01, val/acc 5.176e-01, val/nll 1.798e+00 (best_acc: 5.123e-01 -> 5.176e-01, test_acc: 5.193e-01, test_nll: 1.760e+00)
[2023-02-14 15:29:51] [Epoch   147/  200] trn/loss 1.855e+00, trn/lr 1.664e-01, trn/scale 1.014e-01, val/acc 5.054e-01, val/nll 1.858e+00
[2023-02-14 15:30:00] [Epoch   148/  200] trn/loss 1.847e+00, trn/lr 1.606e-01, trn/scale 1.014e-01, val/acc 4.948e-01, val/nll 1.936e+00
[2023-02-14 15:30:08] [Epoch   149/  200] trn/loss 1.838e+00, trn/lr 1.549e-01, trn/scale 1.014e-01, val/acc 5.131e-01, val/nll 1.781e+00
[2023-02-14 15:30:17] [Epoch   150/  200] trn/loss 1.824e+00, trn/lr 1.493e-01, trn/scale 1.014e-01, val/acc 5.304e-01, val/nll 1.763e+00 (best_acc: 5.176e-01 -> 5.304e-01, test_acc: 5.404e-01, test_nll: 1.739e+00)
[2023-02-14 15:30:26] [Epoch   151/  200] trn/loss 1.823e+00, trn/lr 1.437e-01, trn/scale 1.014e-01, val/acc 5.306e-01, val/nll 1.748e+00 (best_acc: 5.304e-01 -> 5.306e-01, test_acc: 5.421e-01, test_nll: 1.721e+00)
[2023-02-14 15:30:35] [Epoch   152/  200] trn/loss 1.810e+00, trn/lr 1.382e-01, trn/scale 1.014e-01, val/acc 5.144e-01, val/nll 1.810e+00
[2023-02-14 15:30:44] [Epoch   153/  200] trn/loss 1.801e+00, trn/lr 1.329e-01, trn/scale 1.014e-01, val/acc 5.326e-01, val/nll 1.748e+00 (best_acc: 5.306e-01 -> 5.326e-01, test_acc: 5.348e-01, test_nll: 1.724e+00)
[2023-02-14 15:30:52] [Epoch   154/  200] trn/loss 1.788e+00, trn/lr 1.276e-01, trn/scale 1.014e-01, val/acc 5.277e-01, val/nll 1.755e+00
[2023-02-14 15:31:00] [Epoch   155/  200] trn/loss 1.778e+00, trn/lr 1.224e-01, trn/scale 1.014e-01, val/acc 5.317e-01, val/nll 1.727e+00
[2023-02-14 15:31:09] [Epoch   156/  200] trn/loss 1.778e+00, trn/lr 1.173e-01, trn/scale 1.014e-01, val/acc 5.399e-01, val/nll 1.705e+00 (best_acc: 5.326e-01 -> 5.399e-01, test_acc: 5.527e-01, test_nll: 1.677e+00)
[2023-02-14 15:31:19] [Epoch   157/  200] trn/loss 1.770e+00, trn/lr 1.123e-01, trn/scale 1.014e-01, val/acc 5.458e-01, val/nll 1.714e+00 (best_acc: 5.399e-01 -> 5.458e-01, test_acc: 5.467e-01, test_nll: 1.691e+00)
[2023-02-14 15:31:28] [Epoch   158/  200] trn/loss 1.758e+00, trn/lr 1.074e-01, trn/scale 1.014e-01, val/acc 5.513e-01, val/nll 1.696e+00 (best_acc: 5.458e-01 -> 5.513e-01, test_acc: 5.606e-01, test_nll: 1.671e+00)
[2023-02-14 15:31:37] [Epoch   159/  200] trn/loss 1.748e+00, trn/lr 1.025e-01, trn/scale 1.014e-01, val/acc 5.606e-01, val/nll 1.686e+00 (best_acc: 5.513e-01 -> 5.606e-01, test_acc: 5.621e-01, test_nll: 1.661e+00)
[2023-02-14 15:31:46] [Epoch   160/  200] trn/loss 1.738e+00, trn/lr 9.783e-02, trn/scale 1.014e-01, val/acc 5.614e-01, val/nll 1.647e+00 (best_acc: 5.606e-01 -> 5.614e-01, test_acc: 5.691e-01, test_nll: 1.623e+00)
[2023-02-14 15:31:54] [Epoch   161/  200] trn/loss 1.729e+00, trn/lr 9.321e-02, trn/scale 1.014e-01, val/acc 5.523e-01, val/nll 1.671e+00
[2023-02-14 15:32:02] [Epoch   162/  200] trn/loss 1.716e+00, trn/lr 8.870e-02, trn/scale 1.014e-01, val/acc 5.494e-01, val/nll 1.662e+00
[2023-02-14 15:32:11] [Epoch   163/  200] trn/loss 1.716e+00, trn/lr 8.428e-02, trn/scale 1.014e-01, val/acc 5.457e-01, val/nll 1.674e+00
[2023-02-14 15:32:20] [Epoch   164/  200] trn/loss 1.704e+00, trn/lr 7.997e-02, trn/scale 1.014e-01, val/acc 5.698e-01, val/nll 1.601e+00 (best_acc: 5.614e-01 -> 5.698e-01, test_acc: 5.784e-01, test_nll: 1.579e+00)
[2023-02-14 15:32:29] [Epoch   165/  200] trn/loss 1.694e+00, trn/lr 7.576e-02, trn/scale 1.014e-01, val/acc 5.743e-01, val/nll 1.582e+00 (best_acc: 5.698e-01 -> 5.743e-01, test_acc: 5.815e-01, test_nll: 1.560e+00)
[2023-02-14 15:32:37] [Epoch   166/  200] trn/loss 1.684e+00, trn/lr 7.166e-02, trn/scale 1.014e-01, val/acc 5.710e-01, val/nll 1.601e+00
[2023-02-14 15:32:47] [Epoch   167/  200] trn/loss 1.677e+00, trn/lr 6.766e-02, trn/scale 1.014e-01, val/acc 5.788e-01, val/nll 1.580e+00 (best_acc: 5.743e-01 -> 5.788e-01, test_acc: 5.845e-01, test_nll: 1.564e+00)
[2023-02-14 15:32:55] [Epoch   168/  200] trn/loss 1.674e+00, trn/lr 6.377e-02, trn/scale 1.014e-01, val/acc 5.697e-01, val/nll 1.604e+00
[2023-02-14 15:33:03] [Epoch   169/  200] trn/loss 1.664e+00, trn/lr 5.998e-02, trn/scale 1.014e-01, val/acc 5.758e-01, val/nll 1.583e+00
[2023-02-14 15:33:11] [Epoch   170/  200] trn/loss 1.655e+00, trn/lr 5.631e-02, trn/scale 1.014e-01, val/acc 5.739e-01, val/nll 1.589e+00
[2023-02-14 15:33:20] [Epoch   171/  200] trn/loss 1.648e+00, trn/lr 5.274e-02, trn/scale 1.014e-01, val/acc 5.830e-01, val/nll 1.548e+00 (best_acc: 5.788e-01 -> 5.830e-01, test_acc: 5.912e-01, test_nll: 1.522e+00)
[2023-02-14 15:33:29] [Epoch   172/  200] trn/loss 1.635e+00, trn/lr 4.929e-02, trn/scale 1.014e-01, val/acc 5.777e-01, val/nll 1.550e+00
[2023-02-14 15:33:38] [Epoch   173/  200] trn/loss 1.633e+00, trn/lr 4.594e-02, trn/scale 1.014e-01, val/acc 5.910e-01, val/nll 1.535e+00 (best_acc: 5.830e-01 -> 5.910e-01, test_acc: 5.979e-01, test_nll: 1.511e+00)
[2023-02-14 15:33:46] [Epoch   174/  200] trn/loss 1.624e+00, trn/lr 4.271e-02, trn/scale 1.014e-01, val/acc 5.867e-01, val/nll 1.546e+00
[2023-02-14 15:33:54] [Epoch   175/  200] trn/loss 1.622e+00, trn/lr 3.959e-02, trn/scale 1.014e-01, val/acc 5.860e-01, val/nll 1.542e+00
[2023-02-14 15:34:03] [Epoch   176/  200] trn/loss 1.615e+00, trn/lr 3.659e-02, trn/scale 1.014e-01, val/acc 5.933e-01, val/nll 1.534e+00 (best_acc: 5.910e-01 -> 5.933e-01, test_acc: 6.021e-01, test_nll: 1.508e+00)
[2023-02-14 15:34:12] [Epoch   177/  200] trn/loss 1.608e+00, trn/lr 3.369e-02, trn/scale 1.014e-01, val/acc 5.937e-01, val/nll 1.510e+00 (best_acc: 5.933e-01 -> 5.937e-01, test_acc: 6.034e-01, test_nll: 1.488e+00)
[2023-02-14 15:34:22] [Epoch   178/  200] trn/loss 1.604e+00, trn/lr 3.092e-02, trn/scale 1.014e-01, val/acc 5.960e-01, val/nll 1.525e+00 (best_acc: 5.937e-01 -> 5.960e-01, test_acc: 6.032e-01, test_nll: 1.500e+00)
[2023-02-14 15:34:31] [Epoch   179/  200] trn/loss 1.593e+00, trn/lr 2.826e-02, trn/scale 1.014e-01, val/acc 6.000e-01, val/nll 1.506e+00 (best_acc: 5.960e-01 -> 6.000e-01, test_acc: 6.067e-01, test_nll: 1.486e+00)
[2023-02-14 15:34:40] [Epoch   180/  200] trn/loss 1.590e+00, trn/lr 2.571e-02, trn/scale 1.014e-01, val/acc 6.035e-01, val/nll 1.498e+00 (best_acc: 6.000e-01 -> 6.035e-01, test_acc: 6.089e-01, test_nll: 1.478e+00)
[2023-02-14 15:34:48] [Epoch   181/  200] trn/loss 1.584e+00, trn/lr 2.329e-02, trn/scale 1.014e-01, val/acc 6.030e-01, val/nll 1.485e+00
[2023-02-14 15:34:57] [Epoch   182/  200] trn/loss 1.581e+00, trn/lr 2.098e-02, trn/scale 1.014e-01, val/acc 6.054e-01, val/nll 1.481e+00 (best_acc: 6.035e-01 -> 6.054e-01, test_acc: 6.128e-01, test_nll: 1.460e+00)
[2023-02-14 15:35:07] [Epoch   183/  200] trn/loss 1.571e+00, trn/lr 1.878e-02, trn/scale 1.014e-01, val/acc 6.062e-01, val/nll 1.478e+00 (best_acc: 6.054e-01 -> 6.062e-01, test_acc: 6.123e-01, test_nll: 1.457e+00)
[2023-02-14 15:35:16] [Epoch   184/  200] trn/loss 1.568e+00, trn/lr 1.671e-02, trn/scale 1.014e-01, val/acc 6.075e-01, val/nll 1.471e+00 (best_acc: 6.062e-01 -> 6.075e-01, test_acc: 6.127e-01, test_nll: 1.449e+00)
[2023-02-14 15:35:25] [Epoch   185/  200] trn/loss 1.562e+00, trn/lr 1.476e-02, trn/scale 1.014e-01, val/acc 6.093e-01, val/nll 1.472e+00 (best_acc: 6.075e-01 -> 6.093e-01, test_acc: 6.114e-01, test_nll: 1.451e+00)
[2023-02-14 15:35:33] [Epoch   186/  200] trn/loss 1.559e+00, trn/lr 1.292e-02, trn/scale 1.014e-01, val/acc 6.090e-01, val/nll 1.470e+00
[2023-02-14 15:35:41] [Epoch   187/  200] trn/loss 1.557e+00, trn/lr 1.121e-02, trn/scale 1.014e-01, val/acc 6.082e-01, val/nll 1.473e+00
[2023-02-14 15:35:51] [Epoch   188/  200] trn/loss 1.551e+00, trn/lr 9.617e-03, trn/scale 1.014e-01, val/acc 6.114e-01, val/nll 1.465e+00 (best_acc: 6.093e-01 -> 6.114e-01, test_acc: 6.163e-01, test_nll: 1.440e+00)
[2023-02-14 15:35:59] [Epoch   189/  200] trn/loss 1.550e+00, trn/lr 8.145e-03, trn/scale 1.014e-01, val/acc 6.110e-01, val/nll 1.457e+00
[2023-02-14 15:36:07] [Epoch   190/  200] trn/loss 1.548e+00, trn/lr 6.794e-03, trn/scale 1.014e-01, val/acc 6.102e-01, val/nll 1.458e+00
[2023-02-14 15:36:16] [Epoch   191/  200] trn/loss 1.545e+00, trn/lr 5.565e-03, trn/scale 1.014e-01, val/acc 6.129e-01, val/nll 1.459e+00 (best_acc: 6.114e-01 -> 6.129e-01, test_acc: 6.165e-01, test_nll: 1.437e+00)
[2023-02-14 15:36:24] [Epoch   192/  200] trn/loss 1.549e+00, trn/lr 4.458e-03, trn/scale 1.014e-01, val/acc 6.123e-01, val/nll 1.454e+00
[2023-02-14 15:36:33] [Epoch   193/  200] trn/loss 1.539e+00, trn/lr 3.474e-03, trn/scale 1.015e-01, val/acc 6.138e-01, val/nll 1.457e+00 (best_acc: 6.129e-01 -> 6.138e-01, test_acc: 6.183e-01, test_nll: 1.435e+00)
[2023-02-14 15:36:42] [Epoch   194/  200] trn/loss 1.543e+00, trn/lr 2.612e-03, trn/scale 1.015e-01, val/acc 6.132e-01, val/nll 1.451e+00
[2023-02-14 15:36:50] [Epoch   195/  200] trn/loss 1.539e+00, trn/lr 1.872e-03, trn/scale 1.015e-01, val/acc 6.138e-01, val/nll 1.453e+00
[2023-02-14 15:36:58] [Epoch   196/  200] trn/loss 1.537e+00, trn/lr 1.255e-03, trn/scale 1.015e-01, val/acc 6.127e-01, val/nll 1.452e+00
[2023-02-14 15:37:06] [Epoch   197/  200] trn/loss 1.534e+00, trn/lr 7.619e-04, trn/scale 1.015e-01, val/acc 6.132e-01, val/nll 1.455e+00
[2023-02-14 15:37:14] [Epoch   198/  200] trn/loss 1.536e+00, trn/lr 3.916e-04, trn/scale 1.015e-01, val/acc 6.136e-01, val/nll 1.452e+00
[2023-02-14 15:37:22] [Epoch   199/  200] trn/loss 1.536e+00, trn/lr 1.445e-04, trn/scale 1.015e-01, val/acc 6.132e-01, val/nll 1.455e+00
[2023-02-14 15:37:31] [Epoch   200/  200] trn/loss 1.534e+00, trn/lr 2.075e-05, trn/scale 1.015e-01, val/acc 6.127e-01, val/nll 1.453e+00
