[2023-02-16 08:32:18] Environments:
------------  ------------------------------------------------------------
sys.platform  linux
Python        3.8.10 (default, Nov 14 2022, 12:59:47) [GCC 9.4.0]
JAX           0.4.2 @/home/giung/.local/lib/python3.8/site-packages/jax
jaxlib        0.4.2 @/home/giung/.local/lib/python3.8/site-packages/jaxlib
Flax          0.6.4 @/home/giung/.local/lib/python3.8/site-packages/flax
Optax         0.1.4 @/home/giung/.local/lib/python3.8/site-packages/optax
------------  ------------------------------------------------------------

[2023-02-16 08:32:18] Command line arguments:
- args.data_root          : ./data/
- args.data_name          : CIFAR10_x32
- args.data_augmentation  : standard
- args.data_proportional  : 1.0
- args.model_depth        : 20
- args.model_width        : 4
- args.model_style        : BN-ReLU
- args.optim_bs           : 256
- args.optim_ne           : 200
- args.optim_lr           : 3.0
- args.optim_b1           : 0.7
- args.optim_b2           : 0.999
- args.optim_eps          : 0.1
- args.optim_weight_decay : 0.001
- args.rho                : 0.3
- args.num_data_factor    : 1.0
- args.save               : /home/giung/giung2-dev/projects/sam/save/CIFAR10_x32/R20x4-BN-ReLU/BayesSAM/bs-0256_ne-0200_lr-3.00_b1-0.700_b2-0.999_wd-0.0010_eps-1e-1_rho-0.3000_factor-1.0_fp32/42
- args.seed               : 42
- args.precision          : fp32

[2023-02-16 08:32:32] Multiple local devices are detected:
[TpuDevice(id=0, process_index=0, coords=(0,0,0), core_on_chip=0), TpuDevice(id=1, process_index=0, coords=(0,0,0), core_on_chip=1), TpuDevice(id=2, process_index=0, coords=(1,0,0), core_on_chip=0), TpuDevice(id=3, process_index=0, coords=(1,0,0), core_on_chip=1), TpuDevice(id=4, process_index=0, coords=(0,1,0), core_on_chip=0), TpuDevice(id=5, process_index=0, coords=(0,1,0), core_on_chip=1), TpuDevice(id=6, process_index=0, coords=(1,1,0), core_on_chip=0), TpuDevice(id=7, process_index=0, coords=(1,1,0), core_on_chip=1)]

[2023-02-16 08:33:42] [Epoch     1/  200] trn/loss 2.105e+00, trn/lr 3.000e+00, trn/scale 9.322e-01, val/acc 3.153e-01, val/nll 1.783e+00 (best_acc: 0.000e+00 -> 3.153e-01, test_acc: 3.066e-01, test_nll: 1.781e+00)
[2023-02-16 08:33:52] [Epoch     2/  200] trn/loss 1.663e+00, trn/lr 3.000e+00, trn/scale 8.093e-01, val/acc 3.826e-01, val/nll 1.594e+00 (best_acc: 3.153e-01 -> 3.826e-01, test_acc: 3.864e-01, test_nll: 1.592e+00)
[2023-02-16 08:34:01] [Epoch     3/  200] trn/loss 1.402e+00, trn/lr 2.999e+00, trn/scale 7.045e-01, val/acc 4.772e-01, val/nll 1.475e+00 (best_acc: 3.826e-01 -> 4.772e-01, test_acc: 4.728e-01, test_nll: 1.481e+00)
[2023-02-16 08:34:09] [Epoch     4/  200] trn/loss 1.218e+00, trn/lr 2.998e+00, trn/scale 6.153e-01, val/acc 4.742e-01, val/nll 1.364e+00
[2023-02-16 08:34:18] [Epoch     5/  200] trn/loss 1.093e+00, trn/lr 2.996e+00, trn/scale 5.392e-01, val/acc 5.055e-01, val/nll 1.355e+00 (best_acc: 4.772e-01 -> 5.055e-01, test_acc: 5.001e-01, test_nll: 1.358e+00)
[2023-02-16 08:34:27] [Epoch     6/  200] trn/loss 1.032e+00, trn/lr 2.994e+00, trn/scale 4.744e-01, val/acc 4.895e-01, val/nll 1.477e+00
[2023-02-16 08:34:35] [Epoch     7/  200] trn/loss 9.908e-01, trn/lr 2.992e+00, trn/scale 4.192e-01, val/acc 4.238e-01, val/nll 1.966e+00
[2023-02-16 08:34:43] [Epoch     8/  200] trn/loss 9.697e-01, trn/lr 2.990e+00, trn/scale 3.722e-01, val/acc 4.803e-01, val/nll 1.985e+00
[2023-02-16 08:34:52] [Epoch     9/  200] trn/loss 9.589e-01, trn/lr 2.987e+00, trn/scale 3.321e-01, val/acc 5.384e-01, val/nll 1.502e+00 (best_acc: 5.055e-01 -> 5.384e-01, test_acc: 5.343e-01, test_nll: 1.518e+00)
[2023-02-16 08:35:00] [Epoch    10/  200] trn/loss 1.016e+00, trn/lr 2.983e+00, trn/scale 2.979e-01, val/acc 3.509e-01, val/nll 2.453e+00
[2023-02-16 08:35:09] [Epoch    11/  200] trn/loss 1.098e+00, trn/lr 2.980e+00, trn/scale 2.688e-01, val/acc 5.959e-01, val/nll 1.232e+00 (best_acc: 5.384e-01 -> 5.959e-01, test_acc: 5.951e-01, test_nll: 1.231e+00)
[2023-02-16 08:35:18] [Epoch    12/  200] trn/loss 1.136e+00, trn/lr 2.976e+00, trn/scale 2.440e-01, val/acc 4.614e-01, val/nll 1.586e+00
[2023-02-16 08:35:26] [Epoch    13/  200] trn/loss 1.313e+00, trn/lr 2.971e+00, trn/scale 2.229e-01, val/acc 3.905e-01, val/nll 1.701e+00
[2023-02-16 08:35:34] [Epoch    14/  200] trn/loss 1.380e+00, trn/lr 2.966e+00, trn/scale 2.049e-01, val/acc 3.490e-01, val/nll 1.944e+00
[2023-02-16 08:35:42] [Epoch    15/  200] trn/loss 1.527e+00, trn/lr 2.961e+00, trn/scale 1.895e-01, val/acc 9.978e-02, val/nll 1.056e+02
[2023-02-16 08:35:50] [Epoch    16/  200] trn/loss 2.175e+00, trn/lr 2.956e+00, trn/scale 1.764e-01, val/acc 9.303e-02, val/nll 3.974e+00
[2023-02-16 08:35:59] [Epoch    17/  200] trn/loss 2.289e+00, trn/lr 2.950e+00, trn/scale 1.653e-01, val/acc 9.978e-02, val/nll 2.336e+00
[2023-02-16 08:36:07] [Epoch    18/  200] trn/loss 2.286e+00, trn/lr 2.944e+00, trn/scale 1.558e-01, val/acc 1.044e-01, val/nll 2.403e+00
[2023-02-16 08:36:15] [Epoch    19/  200] trn/loss 2.308e+00, trn/lr 2.937e+00, trn/scale 1.477e-01, val/acc 9.281e-02, val/nll 2.383e+00
[2023-02-16 08:36:23] [Epoch    20/  200] trn/loss 2.360e+00, trn/lr 2.930e+00, trn/scale 1.408e-01, val/acc 1.104e-01, val/nll 1.341e+09
[2023-02-16 08:36:31] [Epoch    21/  200] trn/loss 2.318e+00, trn/lr 2.923e+00, trn/scale 1.349e-01, val/acc 9.823e-02, val/nll 2.311e+00
[2023-02-16 08:36:40] [Epoch    22/  200] trn/loss 2.389e+00, trn/lr 2.915e+00, trn/scale 1.299e-01, val/acc 1.007e-01, val/nll 2.327e+00
[2023-02-16 08:36:48] [Epoch    23/  200] trn/loss 9.572e+01, trn/lr 2.907e+00, trn/scale 1.256e-01, val/acc 9.978e-02, val/nll 2.390e+00
[2023-02-16 08:36:56] [Epoch    24/  200] trn/loss 2.321e+00, trn/lr 2.899e+00, trn/scale 1.220e-01, val/acc 1.044e-01, val/nll 2.338e+00
[2023-02-16 08:37:04] [Epoch    25/  200] trn/loss 2.334e+00, trn/lr 2.890e+00, trn/scale 1.189e-01, val/acc 9.281e-02, val/nll 2.317e+00
[2023-02-16 08:37:12] [Epoch    26/  200] trn/loss 2.360e+00, trn/lr 2.881e+00, trn/scale 1.163e-01, val/acc 7.323e-02, val/nll 4.544e+00
[2023-02-16 08:37:20] [Epoch    27/  200] trn/loss 2.325e+00, trn/lr 2.872e+00, trn/scale 1.140e-01, val/acc 9.281e-02, val/nll 2.323e+00
[2023-02-16 08:37:28] [Epoch    28/  200] trn/loss 2.314e+00, trn/lr 2.862e+00, trn/scale 1.121e-01, val/acc 9.856e-02, val/nll 2.329e+00
[2023-02-16 08:37:37] [Epoch    29/  200] trn/loss 2.343e+00, trn/lr 2.852e+00, trn/scale 1.104e-01, val/acc 9.281e-02, val/nll 1.659e+06
[2023-02-16 08:37:45] [Epoch    30/  200] trn/loss 2.333e+00, trn/lr 2.842e+00, trn/scale 1.091e-01, val/acc 9.823e-02, val/nll 2.344e+00
[2023-02-16 08:37:53] [Epoch    31/  200] trn/loss 2.347e+00, trn/lr 2.831e+00, trn/scale 1.079e-01, val/acc 9.823e-02, val/nll 2.326e+00
[2023-02-16 08:38:01] [Epoch    32/  200] trn/loss 2.323e+00, trn/lr 2.820e+00, trn/scale 1.068e-01, val/acc 9.823e-02, val/nll 2.334e+00
[2023-02-16 08:38:09] [Epoch    33/  200] trn/loss 2.323e+00, trn/lr 2.809e+00, trn/scale 1.060e-01, val/acc 9.856e-02, val/nll 2.312e+00
[2023-02-16 08:38:18] [Epoch    34/  200] trn/loss 2.327e+00, trn/lr 2.797e+00, trn/scale 1.052e-01, val/acc 1.007e-01, val/nll 2.310e+00
[2023-02-16 08:38:26] [Epoch    35/  200] trn/loss 2.324e+00, trn/lr 2.785e+00, trn/scale 1.046e-01, val/acc 9.823e-02, val/nll 2.337e+00
[2023-02-16 08:38:34] [Epoch    36/  200] trn/loss 2.325e+00, trn/lr 2.773e+00, trn/scale 1.041e-01, val/acc 9.945e-02, val/nll 2.320e+00
[2023-02-16 08:38:42] [Epoch    37/  200] trn/loss 2.324e+00, trn/lr 2.760e+00, trn/scale 1.036e-01, val/acc 9.945e-02, val/nll 2.346e+00
[2023-02-16 08:38:50] [Epoch    38/  200] trn/loss 2.326e+00, trn/lr 2.747e+00, trn/scale 1.032e-01, val/acc 1.007e-01, val/nll 2.308e+00
[2023-02-16 08:38:58] [Epoch    39/  200] trn/loss 2.323e+00, trn/lr 2.734e+00, trn/scale 1.029e-01, val/acc 1.007e-01, val/nll 2.315e+00
[2023-02-16 08:39:07] [Epoch    40/  200] trn/loss 2.323e+00, trn/lr 2.720e+00, trn/scale 1.026e-01, val/acc 9.945e-02, val/nll 2.320e+00
[2023-02-16 08:39:15] [Epoch    41/  200] trn/loss 2.324e+00, trn/lr 2.707e+00, trn/scale 1.024e-01, val/acc 9.281e-02, val/nll 2.312e+00
[2023-02-16 08:39:23] [Epoch    42/  200] trn/loss 2.325e+00, trn/lr 2.692e+00, trn/scale 1.022e-01, val/acc 9.281e-02, val/nll 2.332e+00
[2023-02-16 08:39:31] [Epoch    43/  200] trn/loss 2.325e+00, trn/lr 2.678e+00, trn/scale 1.020e-01, val/acc 9.978e-02, val/nll 2.321e+00
[2023-02-16 08:39:39] [Epoch    44/  200] trn/loss 2.325e+00, trn/lr 2.663e+00, trn/scale 1.019e-01, val/acc 9.823e-02, val/nll 2.311e+00
[2023-02-16 08:39:48] [Epoch    45/  200] trn/loss 2.325e+00, trn/lr 2.648e+00, trn/scale 1.017e-01, val/acc 9.281e-02, val/nll 2.330e+00
[2023-02-16 08:39:56] [Epoch    46/  200] trn/loss 2.324e+00, trn/lr 2.633e+00, trn/scale 1.016e-01, val/acc 1.007e-01, val/nll 2.333e+00
[2023-02-16 08:40:04] [Epoch    47/  200] trn/loss 2.326e+00, trn/lr 2.617e+00, trn/scale 1.015e-01, val/acc 9.281e-02, val/nll 2.322e+00
[2023-02-16 08:40:12] [Epoch    48/  200] trn/loss 2.326e+00, trn/lr 2.602e+00, trn/scale 1.015e-01, val/acc 9.978e-02, val/nll 2.323e+00
[2023-02-16 08:40:20] [Epoch    49/  200] trn/loss 2.322e+00, trn/lr 2.585e+00, trn/scale 1.014e-01, val/acc 9.823e-02, val/nll 2.316e+00
[2023-02-16 08:40:28] [Epoch    50/  200] trn/loss 2.326e+00, trn/lr 2.569e+00, trn/scale 1.013e-01, val/acc 9.823e-02, val/nll 2.345e+00
[2023-02-16 08:40:37] [Epoch    51/  200] trn/loss 2.324e+00, trn/lr 2.552e+00, trn/scale 1.013e-01, val/acc 1.044e-01, val/nll 2.327e+00
[2023-02-16 08:40:45] [Epoch    52/  200] trn/loss 2.324e+00, trn/lr 2.535e+00, trn/scale 1.012e-01, val/acc 9.823e-02, val/nll 2.319e+00
[2023-02-16 08:40:53] [Epoch    53/  200] trn/loss 2.323e+00, trn/lr 2.518e+00, trn/scale 1.012e-01, val/acc 9.856e-02, val/nll 2.337e+00
[2023-02-16 08:41:01] [Epoch    54/  200] trn/loss 2.321e+00, trn/lr 2.501e+00, trn/scale 1.012e-01, val/acc 9.978e-02, val/nll 2.315e+00
[2023-02-16 08:41:09] [Epoch    55/  200] trn/loss 2.321e+00, trn/lr 2.483e+00, trn/scale 1.012e-01, val/acc 1.081e-01, val/nll 2.310e+00
[2023-02-16 08:41:18] [Epoch    56/  200] trn/loss 2.323e+00, trn/lr 2.465e+00, trn/scale 1.011e-01, val/acc 1.044e-01, val/nll 2.321e+00
[2023-02-16 08:41:26] [Epoch    57/  200] trn/loss 2.323e+00, trn/lr 2.447e+00, trn/scale 1.011e-01, val/acc 9.978e-02, val/nll 2.317e+00
[2023-02-16 08:41:34] [Epoch    58/  200] trn/loss 2.323e+00, trn/lr 2.429e+00, trn/scale 1.011e-01, val/acc 9.945e-02, val/nll 2.313e+00
[2023-02-16 08:41:42] [Epoch    59/  200] trn/loss 2.323e+00, trn/lr 2.410e+00, trn/scale 1.011e-01, val/acc 1.007e-01, val/nll 2.321e+00
[2023-02-16 08:41:50] [Epoch    60/  200] trn/loss 2.319e+00, trn/lr 2.391e+00, trn/scale 1.011e-01, val/acc 9.281e-02, val/nll 2.326e+00
[2023-02-16 08:41:59] [Epoch    61/  200] trn/loss 2.321e+00, trn/lr 2.372e+00, trn/scale 1.011e-01, val/acc 9.281e-02, val/nll 2.321e+00
[2023-02-16 08:42:07] [Epoch    62/  200] trn/loss 2.323e+00, trn/lr 2.353e+00, trn/scale 1.011e-01, val/acc 1.044e-01, val/nll 2.318e+00
[2023-02-16 08:42:15] [Epoch    63/  200] trn/loss 2.322e+00, trn/lr 2.333e+00, trn/scale 1.011e-01, val/acc 1.044e-01, val/nll 2.308e+00
[2023-02-16 08:42:23] [Epoch    64/  200] trn/loss 2.320e+00, trn/lr 2.314e+00, trn/scale 1.010e-01, val/acc 9.823e-02, val/nll 2.328e+00
[2023-02-16 08:42:31] [Epoch    65/  200] trn/loss 2.321e+00, trn/lr 2.294e+00, trn/scale 1.010e-01, val/acc 1.081e-01, val/nll 2.309e+00
[2023-02-16 08:42:39] [Epoch    66/  200] trn/loss 2.322e+00, trn/lr 2.274e+00, trn/scale 1.010e-01, val/acc 9.978e-02, val/nll 2.314e+00
[2023-02-16 08:42:48] [Epoch    67/  200] trn/loss 2.322e+00, trn/lr 2.253e+00, trn/scale 1.010e-01, val/acc 9.281e-02, val/nll 2.321e+00
[2023-02-16 08:42:56] [Epoch    68/  200] trn/loss 2.320e+00, trn/lr 2.233e+00, trn/scale 1.010e-01, val/acc 9.978e-02, val/nll 2.314e+00
[2023-02-16 08:43:04] [Epoch    69/  200] trn/loss 2.321e+00, trn/lr 2.212e+00, trn/scale 1.010e-01, val/acc 1.007e-01, val/nll 2.319e+00
[2023-02-16 08:43:12] [Epoch    70/  200] trn/loss 2.319e+00, trn/lr 2.192e+00, trn/scale 1.010e-01, val/acc 9.978e-02, val/nll 2.318e+00
[2023-02-16 08:43:20] [Epoch    71/  200] trn/loss 2.321e+00, trn/lr 2.171e+00, trn/scale 1.010e-01, val/acc 9.823e-02, val/nll 2.313e+00
[2023-02-16 08:43:29] [Epoch    72/  200] trn/loss 2.321e+00, trn/lr 2.149e+00, trn/scale 1.010e-01, val/acc 9.978e-02, val/nll 2.320e+00
[2023-02-16 08:43:37] [Epoch    73/  200] trn/loss 2.323e+00, trn/lr 2.128e+00, trn/scale 1.010e-01, val/acc 9.823e-02, val/nll 2.359e+00
[2023-02-16 08:43:45] [Epoch    74/  200] trn/loss 2.320e+00, trn/lr 2.107e+00, trn/scale 1.010e-01, val/acc 9.823e-02, val/nll 2.342e+00
[2023-02-16 08:43:53] [Epoch    75/  200] trn/loss 2.319e+00, trn/lr 2.085e+00, trn/scale 1.010e-01, val/acc 1.081e-01, val/nll 2.319e+00
[2023-02-16 08:44:01] [Epoch    76/  200] trn/loss 2.319e+00, trn/lr 2.063e+00, trn/scale 1.010e-01, val/acc 1.007e-01, val/nll 2.317e+00
[2023-02-16 08:44:09] [Epoch    77/  200] trn/loss 2.318e+00, trn/lr 2.041e+00, trn/scale 1.010e-01, val/acc 1.081e-01, val/nll 2.318e+00
[2023-02-16 08:44:18] [Epoch    78/  200] trn/loss 2.319e+00, trn/lr 2.019e+00, trn/scale 1.010e-01, val/acc 1.081e-01, val/nll 2.313e+00
[2023-02-16 08:44:26] [Epoch    79/  200] trn/loss 2.319e+00, trn/lr 1.997e+00, trn/scale 1.010e-01, val/acc 9.945e-02, val/nll 2.319e+00
[2023-02-16 08:44:34] [Epoch    80/  200] trn/loss 2.317e+00, trn/lr 1.975e+00, trn/scale 1.010e-01, val/acc 1.007e-01, val/nll 2.319e+00
[2023-02-16 08:44:42] [Epoch    81/  200] trn/loss 2.317e+00, trn/lr 1.952e+00, trn/scale 1.010e-01, val/acc 9.945e-02, val/nll 2.335e+00
[2023-02-16 08:44:51] [Epoch    82/  200] trn/loss 2.318e+00, trn/lr 1.930e+00, trn/scale 1.010e-01, val/acc 9.945e-02, val/nll 2.320e+00
[2023-02-16 08:44:59] [Epoch    83/  200] trn/loss 2.317e+00, trn/lr 1.907e+00, trn/scale 1.010e-01, val/acc 9.823e-02, val/nll 2.318e+00
[2023-02-16 08:45:07] [Epoch    84/  200] trn/loss 2.318e+00, trn/lr 1.885e+00, trn/scale 1.010e-01, val/acc 9.856e-02, val/nll 2.314e+00
[2023-02-16 08:45:15] [Epoch    85/  200] trn/loss 2.318e+00, trn/lr 1.862e+00, trn/scale 1.010e-01, val/acc 9.945e-02, val/nll 2.318e+00
[2023-02-16 08:45:23] [Epoch    86/  200] trn/loss 2.316e+00, trn/lr 1.839e+00, trn/scale 1.010e-01, val/acc 9.945e-02, val/nll 2.318e+00
[2023-02-16 08:45:32] [Epoch    87/  200] trn/loss 2.318e+00, trn/lr 1.816e+00, trn/scale 1.010e-01, val/acc 9.281e-02, val/nll 2.310e+00
[2023-02-16 08:45:40] [Epoch    88/  200] trn/loss 2.318e+00, trn/lr 1.793e+00, trn/scale 1.010e-01, val/acc 1.007e-01, val/nll 2.316e+00
[2023-02-16 08:45:48] [Epoch    89/  200] trn/loss 2.317e+00, trn/lr 1.770e+00, trn/scale 1.010e-01, val/acc 1.044e-01, val/nll 2.313e+00
[2023-02-16 08:45:56] [Epoch    90/  200] trn/loss 2.315e+00, trn/lr 1.746e+00, trn/scale 1.010e-01, val/acc 9.281e-02, val/nll 2.307e+00
[2023-02-16 08:46:04] [Epoch    91/  200] trn/loss 2.316e+00, trn/lr 1.723e+00, trn/scale 1.010e-01, val/acc 1.081e-01, val/nll 2.308e+00
[2023-02-16 08:46:13] [Epoch    92/  200] trn/loss 2.314e+00, trn/lr 1.700e+00, trn/scale 1.010e-01, val/acc 9.856e-02, val/nll 2.324e+00
[2023-02-16 08:46:21] [Epoch    93/  200] trn/loss 2.317e+00, trn/lr 1.676e+00, trn/scale 1.010e-01, val/acc 9.823e-02, val/nll 2.310e+00
[2023-02-16 08:46:29] [Epoch    94/  200] trn/loss 2.315e+00, trn/lr 1.653e+00, trn/scale 1.010e-01, val/acc 9.978e-02, val/nll 2.311e+00
[2023-02-16 08:46:37] [Epoch    95/  200] trn/loss 2.316e+00, trn/lr 1.630e+00, trn/scale 1.010e-01, val/acc 9.856e-02, val/nll 2.319e+00
[2023-02-16 08:46:46] [Epoch    96/  200] trn/loss 2.315e+00, trn/lr 1.606e+00, trn/scale 1.010e-01, val/acc 9.823e-02, val/nll 2.307e+00
[2023-02-16 08:46:54] [Epoch    97/  200] trn/loss 2.316e+00, trn/lr 1.582e+00, trn/scale 1.010e-01, val/acc 1.007e-01, val/nll 2.311e+00
[2023-02-16 08:47:02] [Epoch    98/  200] trn/loss 2.315e+00, trn/lr 1.559e+00, trn/scale 1.010e-01, val/acc 9.856e-02, val/nll 2.307e+00
[2023-02-16 08:47:10] [Epoch    99/  200] trn/loss 2.315e+00, trn/lr 1.535e+00, trn/scale 1.010e-01, val/acc 9.978e-02, val/nll 2.312e+00
[2023-02-16 08:47:18] [Epoch   100/  200] trn/loss 2.314e+00, trn/lr 1.512e+00, trn/scale 1.010e-01, val/acc 1.081e-01, val/nll 2.312e+00
[2023-02-16 08:47:27] [Epoch   101/  200] trn/loss 2.315e+00, trn/lr 1.488e+00, trn/scale 1.010e-01, val/acc 9.823e-02, val/nll 2.316e+00
[2023-02-16 08:47:35] [Epoch   102/  200] trn/loss 2.314e+00, trn/lr 1.465e+00, trn/scale 1.010e-01, val/acc 9.978e-02, val/nll 2.310e+00
[2023-02-16 08:47:43] [Epoch   103/  200] trn/loss 2.313e+00, trn/lr 1.441e+00, trn/scale 1.010e-01, val/acc 9.281e-02, val/nll 2.317e+00
[2023-02-16 08:47:51] [Epoch   104/  200] trn/loss 2.315e+00, trn/lr 1.418e+00, trn/scale 1.010e-01, val/acc 9.823e-02, val/nll 2.321e+00
[2023-02-16 08:47:59] [Epoch   105/  200] trn/loss 2.313e+00, trn/lr 1.394e+00, trn/scale 1.010e-01, val/acc 9.281e-02, val/nll 2.313e+00
[2023-02-16 08:48:08] [Epoch   106/  200] trn/loss 2.314e+00, trn/lr 1.371e+00, trn/scale 1.010e-01, val/acc 9.823e-02, val/nll 2.310e+00
[2023-02-16 08:48:16] [Epoch   107/  200] trn/loss 2.313e+00, trn/lr 1.347e+00, trn/scale 1.010e-01, val/acc 9.978e-02, val/nll 2.314e+00
[2023-02-16 08:48:24] [Epoch   108/  200] trn/loss 2.312e+00, trn/lr 1.324e+00, trn/scale 1.010e-01, val/acc 9.945e-02, val/nll 2.309e+00
[2023-02-16 08:48:32] [Epoch   109/  200] trn/loss 2.312e+00, trn/lr 1.300e+00, trn/scale 1.010e-01, val/acc 1.081e-01, val/nll 2.306e+00
[2023-02-16 08:48:40] [Epoch   110/  200] trn/loss 2.313e+00, trn/lr 1.277e+00, trn/scale 1.010e-01, val/acc 9.281e-02, val/nll 2.320e+00
[2023-02-16 08:48:49] [Epoch   111/  200] trn/loss 2.313e+00, trn/lr 1.254e+00, trn/scale 1.010e-01, val/acc 9.856e-02, val/nll 2.308e+00
[2023-02-16 08:48:57] [Epoch   112/  200] trn/loss 2.311e+00, trn/lr 1.231e+00, trn/scale 1.010e-01, val/acc 9.823e-02, val/nll 2.315e+00
[2023-02-16 08:49:05] [Epoch   113/  200] trn/loss 2.312e+00, trn/lr 1.207e+00, trn/scale 1.010e-01, val/acc 9.978e-02, val/nll 2.321e+00
[2023-02-16 08:49:13] [Epoch   114/  200] trn/loss 2.313e+00, trn/lr 1.184e+00, trn/scale 1.010e-01, val/acc 9.856e-02, val/nll 2.309e+00
[2023-02-16 08:49:21] [Epoch   115/  200] trn/loss 2.312e+00, trn/lr 1.161e+00, trn/scale 1.010e-01, val/acc 9.945e-02, val/nll 2.310e+00
[2023-02-16 08:49:30] [Epoch   116/  200] trn/loss 2.313e+00, trn/lr 1.138e+00, trn/scale 1.010e-01, val/acc 9.823e-02, val/nll 2.305e+00
[2023-02-16 08:49:38] [Epoch   117/  200] trn/loss 2.310e+00, trn/lr 1.116e+00, trn/scale 1.010e-01, val/acc 9.281e-02, val/nll 2.315e+00
[2023-02-16 08:49:46] [Epoch   118/  200] trn/loss 2.311e+00, trn/lr 1.093e+00, trn/scale 1.010e-01, val/acc 9.978e-02, val/nll 2.315e+00
[2023-02-16 08:49:54] [Epoch   119/  200] trn/loss 2.311e+00, trn/lr 1.070e+00, trn/scale 1.010e-01, val/acc 9.856e-02, val/nll 2.312e+00
[2023-02-16 08:50:02] [Epoch   120/  200] trn/loss 2.310e+00, trn/lr 1.048e+00, trn/scale 1.010e-01, val/acc 1.007e-01, val/nll 2.315e+00
[2023-02-16 08:50:10] [Epoch   121/  200] trn/loss 2.311e+00, trn/lr 1.025e+00, trn/scale 1.010e-01, val/acc 9.823e-02, val/nll 2.312e+00
[2023-02-16 08:50:19] [Epoch   122/  200] trn/loss 2.311e+00, trn/lr 1.003e+00, trn/scale 1.010e-01, val/acc 9.823e-02, val/nll 2.321e+00
[2023-02-16 08:50:27] [Epoch   123/  200] trn/loss 2.311e+00, trn/lr 9.809e-01, trn/scale 1.010e-01, val/acc 9.978e-02, val/nll 2.309e+00
[2023-02-16 08:50:35] [Epoch   124/  200] trn/loss 2.310e+00, trn/lr 9.589e-01, trn/scale 1.010e-01, val/acc 9.978e-02, val/nll 2.320e+00
[2023-02-16 08:50:43] [Epoch   125/  200] trn/loss 2.309e+00, trn/lr 9.370e-01, trn/scale 1.010e-01, val/acc 9.856e-02, val/nll 2.319e+00
[2023-02-16 08:50:51] [Epoch   126/  200] trn/loss 2.309e+00, trn/lr 9.152e-01, trn/scale 1.010e-01, val/acc 1.081e-01, val/nll 2.305e+00
[2023-02-16 08:51:00] [Epoch   127/  200] trn/loss 2.308e+00, trn/lr 8.936e-01, trn/scale 1.010e-01, val/acc 1.081e-01, val/nll 2.306e+00
[2023-02-16 08:51:08] [Epoch   128/  200] trn/loss 2.310e+00, trn/lr 8.721e-01, trn/scale 1.010e-01, val/acc 9.978e-02, val/nll 2.307e+00
[2023-02-16 08:51:16] [Epoch   129/  200] trn/loss 2.309e+00, trn/lr 8.508e-01, trn/scale 1.010e-01, val/acc 1.007e-01, val/nll 2.308e+00
[2023-02-16 08:51:24] [Epoch   130/  200] trn/loss 2.308e+00, trn/lr 8.296e-01, trn/scale 1.010e-01, val/acc 9.823e-02, val/nll 2.310e+00
[2023-02-16 08:51:32] [Epoch   131/  200] trn/loss 2.309e+00, trn/lr 8.086e-01, trn/scale 1.010e-01, val/acc 9.856e-02, val/nll 2.306e+00
[2023-02-16 08:51:40] [Epoch   132/  200] trn/loss 2.308e+00, trn/lr 7.878e-01, trn/scale 1.010e-01, val/acc 9.978e-02, val/nll 2.307e+00
[2023-02-16 08:51:49] [Epoch   133/  200] trn/loss 2.308e+00, trn/lr 7.671e-01, trn/scale 1.010e-01, val/acc 9.281e-02, val/nll 2.309e+00
[2023-02-16 08:51:57] [Epoch   134/  200] trn/loss 2.308e+00, trn/lr 7.467e-01, trn/scale 1.010e-01, val/acc 1.081e-01, val/nll 2.305e+00
[2023-02-16 08:52:05] [Epoch   135/  200] trn/loss 2.309e+00, trn/lr 7.264e-01, trn/scale 1.010e-01, val/acc 9.823e-02, val/nll 2.308e+00
[2023-02-16 08:52:13] [Epoch   136/  200] trn/loss 2.308e+00, trn/lr 7.063e-01, trn/scale 1.010e-01, val/acc 9.281e-02, val/nll 2.309e+00
[2023-02-16 08:52:21] [Epoch   137/  200] trn/loss 2.308e+00, trn/lr 6.864e-01, trn/scale 1.010e-01, val/acc 1.044e-01, val/nll 2.309e+00
[2023-02-16 08:52:30] [Epoch   138/  200] trn/loss 2.308e+00, trn/lr 6.667e-01, trn/scale 1.010e-01, val/acc 9.978e-02, val/nll 2.310e+00
[2023-02-16 08:52:38] [Epoch   139/  200] trn/loss 2.308e+00, trn/lr 6.472e-01, trn/scale 1.010e-01, val/acc 9.281e-02, val/nll 2.307e+00
[2023-02-16 08:52:46] [Epoch   140/  200] trn/loss 2.307e+00, trn/lr 6.279e-01, trn/scale 1.010e-01, val/acc 9.978e-02, val/nll 2.306e+00
[2023-02-16 08:52:54] [Epoch   141/  200] trn/loss 2.307e+00, trn/lr 6.089e-01, trn/scale 1.010e-01, val/acc 9.978e-02, val/nll 2.309e+00
[2023-02-16 08:53:02] [Epoch   142/  200] trn/loss 2.307e+00, trn/lr 5.900e-01, trn/scale 1.010e-01, val/acc 9.856e-02, val/nll 2.308e+00
[2023-02-16 08:53:10] [Epoch   143/  200] trn/loss 2.307e+00, trn/lr 5.714e-01, trn/scale 1.010e-01, val/acc 9.281e-02, val/nll 2.306e+00
[2023-02-16 08:53:19] [Epoch   144/  200] trn/loss 2.307e+00, trn/lr 5.530e-01, trn/scale 1.010e-01, val/acc 9.945e-02, val/nll 2.305e+00
[2023-02-16 08:53:27] [Epoch   145/  200] trn/loss 2.307e+00, trn/lr 5.349e-01, trn/scale 1.010e-01, val/acc 9.823e-02, val/nll 2.308e+00
[2023-02-16 08:53:35] [Epoch   146/  200] trn/loss 2.307e+00, trn/lr 5.170e-01, trn/scale 1.010e-01, val/acc 9.281e-02, val/nll 2.306e+00
[2023-02-16 08:53:43] [Epoch   147/  200] trn/loss 2.306e+00, trn/lr 4.993e-01, trn/scale 1.010e-01, val/acc 1.044e-01, val/nll 2.306e+00
[2023-02-16 08:53:51] [Epoch   148/  200] trn/loss 2.306e+00, trn/lr 4.819e-01, trn/scale 1.010e-01, val/acc 1.081e-01, val/nll 2.308e+00
[2023-02-16 08:54:00] [Epoch   149/  200] trn/loss 2.306e+00, trn/lr 4.647e-01, trn/scale 1.010e-01, val/acc 9.945e-02, val/nll 2.307e+00
[2023-02-16 08:54:08] [Epoch   150/  200] trn/loss 2.306e+00, trn/lr 4.478e-01, trn/scale 1.010e-01, val/acc 1.044e-01, val/nll 2.305e+00
[2023-02-16 08:54:16] [Epoch   151/  200] trn/loss 2.306e+00, trn/lr 4.311e-01, trn/scale 1.010e-01, val/acc 1.081e-01, val/nll 2.303e+00
[2023-02-16 08:54:24] [Epoch   152/  200] trn/loss 2.305e+00, trn/lr 4.147e-01, trn/scale 1.010e-01, val/acc 9.856e-02, val/nll 2.304e+00
[2023-02-16 08:54:32] [Epoch   153/  200] trn/loss 2.306e+00, trn/lr 3.986e-01, trn/scale 1.010e-01, val/acc 1.007e-01, val/nll 2.304e+00
[2023-02-16 08:54:40] [Epoch   154/  200] trn/loss 2.305e+00, trn/lr 3.827e-01, trn/scale 1.010e-01, val/acc 9.978e-02, val/nll 2.307e+00
[2023-02-16 08:54:49] [Epoch   155/  200] trn/loss 2.305e+00, trn/lr 3.671e-01, trn/scale 1.010e-01, val/acc 9.978e-02, val/nll 2.304e+00
[2023-02-16 08:54:57] [Epoch   156/  200] trn/loss 2.305e+00, trn/lr 3.518e-01, trn/scale 1.010e-01, val/acc 9.945e-02, val/nll 2.305e+00
[2023-02-16 08:55:05] [Epoch   157/  200] trn/loss 2.305e+00, trn/lr 3.368e-01, trn/scale 1.010e-01, val/acc 9.823e-02, val/nll 2.305e+00
[2023-02-16 08:55:13] [Epoch   158/  200] trn/loss 2.305e+00, trn/lr 3.221e-01, trn/scale 1.010e-01, val/acc 9.945e-02, val/nll 2.305e+00
[2023-02-16 08:55:21] [Epoch   159/  200] trn/loss 2.305e+00, trn/lr 3.076e-01, trn/scale 1.010e-01, val/acc 9.978e-02, val/nll 2.305e+00
[2023-02-16 08:55:29] [Epoch   160/  200] trn/loss 2.305e+00, trn/lr 2.935e-01, trn/scale 1.010e-01, val/acc 9.978e-02, val/nll 2.307e+00
[2023-02-16 08:55:38] [Epoch   161/  200] trn/loss 2.305e+00, trn/lr 2.796e-01, trn/scale 1.010e-01, val/acc 1.081e-01, val/nll 2.303e+00
[2023-02-16 08:55:46] [Epoch   162/  200] trn/loss 2.305e+00, trn/lr 2.661e-01, trn/scale 1.010e-01, val/acc 9.978e-02, val/nll 2.305e+00
[2023-02-16 08:55:54] [Epoch   163/  200] trn/loss 2.305e+00, trn/lr 2.528e-01, trn/scale 1.010e-01, val/acc 9.856e-02, val/nll 2.306e+00
[2023-02-16 08:56:02] [Epoch   164/  200] trn/loss 2.304e+00, trn/lr 2.399e-01, trn/scale 1.010e-01, val/acc 9.945e-02, val/nll 2.306e+00
[2023-02-16 08:56:10] [Epoch   165/  200] trn/loss 2.305e+00, trn/lr 2.273e-01, trn/scale 1.010e-01, val/acc 9.823e-02, val/nll 2.304e+00
[2023-02-16 08:56:19] [Epoch   166/  200] trn/loss 2.304e+00, trn/lr 2.150e-01, trn/scale 1.010e-01, val/acc 9.281e-02, val/nll 2.305e+00
[2023-02-16 08:56:27] [Epoch   167/  200] trn/loss 2.304e+00, trn/lr 2.030e-01, trn/scale 1.010e-01, val/acc 9.856e-02, val/nll 2.304e+00
[2023-02-16 08:56:35] [Epoch   168/  200] trn/loss 2.304e+00, trn/lr 1.913e-01, trn/scale 1.010e-01, val/acc 9.823e-02, val/nll 2.304e+00
[2023-02-16 08:56:43] [Epoch   169/  200] trn/loss 2.304e+00, trn/lr 1.800e-01, trn/scale 1.010e-01, val/acc 9.823e-02, val/nll 2.304e+00
[2023-02-16 08:56:51] [Epoch   170/  200] trn/loss 2.304e+00, trn/lr 1.689e-01, trn/scale 1.010e-01, val/acc 9.281e-02, val/nll 2.304e+00
[2023-02-16 08:56:59] [Epoch   171/  200] trn/loss 2.304e+00, trn/lr 1.582e-01, trn/scale 1.010e-01, val/acc 9.978e-02, val/nll 2.306e+00
[2023-02-16 08:57:08] [Epoch   172/  200] trn/loss 2.304e+00, trn/lr 1.479e-01, trn/scale 1.010e-01, val/acc 9.281e-02, val/nll 2.304e+00
[2023-02-16 08:57:16] [Epoch   173/  200] trn/loss 2.304e+00, trn/lr 1.378e-01, trn/scale 1.010e-01, val/acc 9.281e-02, val/nll 2.304e+00
[2023-02-16 08:57:24] [Epoch   174/  200] trn/loss 2.304e+00, trn/lr 1.281e-01, trn/scale 1.010e-01, val/acc 1.081e-01, val/nll 2.302e+00
[2023-02-16 08:57:32] [Epoch   175/  200] trn/loss 2.303e+00, trn/lr 1.188e-01, trn/scale 1.010e-01, val/acc 9.281e-02, val/nll 2.304e+00
[2023-02-16 08:57:40] [Epoch   176/  200] trn/loss 2.304e+00, trn/lr 1.098e-01, trn/scale 1.010e-01, val/acc 1.007e-01, val/nll 2.303e+00
[2023-02-16 08:57:49] [Epoch   177/  200] trn/loss 2.303e+00, trn/lr 1.011e-01, trn/scale 1.010e-01, val/acc 9.281e-02, val/nll 2.303e+00
[2023-02-16 08:57:57] [Epoch   178/  200] trn/loss 2.303e+00, trn/lr 9.275e-02, trn/scale 1.010e-01, val/acc 9.945e-02, val/nll 2.303e+00
[2023-02-16 08:58:05] [Epoch   179/  200] trn/loss 2.303e+00, trn/lr 8.477e-02, trn/scale 1.010e-01, val/acc 9.823e-02, val/nll 2.303e+00
[2023-02-16 08:58:13] [Epoch   180/  200] trn/loss 2.303e+00, trn/lr 7.714e-02, trn/scale 1.010e-01, val/acc 9.945e-02, val/nll 2.304e+00
[2023-02-16 08:58:21] [Epoch   181/  200] trn/loss 2.303e+00, trn/lr 6.986e-02, trn/scale 1.010e-01, val/acc 9.978e-02, val/nll 2.304e+00
[2023-02-16 08:58:29] [Epoch   182/  200] trn/loss 2.303e+00, trn/lr 6.293e-02, trn/scale 1.010e-01, val/acc 9.978e-02, val/nll 2.303e+00
[2023-02-16 08:58:38] [Epoch   183/  200] trn/loss 2.303e+00, trn/lr 5.635e-02, trn/scale 1.010e-01, val/acc 9.281e-02, val/nll 2.303e+00
[2023-02-16 08:58:46] [Epoch   184/  200] trn/loss 2.303e+00, trn/lr 5.013e-02, trn/scale 1.010e-01, val/acc 9.978e-02, val/nll 2.303e+00
[2023-02-16 08:58:54] [Epoch   185/  200] trn/loss 2.303e+00, trn/lr 4.427e-02, trn/scale 1.010e-01, val/acc 1.081e-01, val/nll 2.302e+00
[2023-02-16 08:59:02] [Epoch   186/  200] trn/loss 2.303e+00, trn/lr 3.877e-02, trn/scale 1.010e-01, val/acc 9.856e-02, val/nll 2.303e+00
[2023-02-16 08:59:10] [Epoch   187/  200] trn/loss 2.303e+00, trn/lr 3.363e-02, trn/scale 1.010e-01, val/acc 9.281e-02, val/nll 2.304e+00
[2023-02-16 08:59:18] [Epoch   188/  200] trn/loss 2.303e+00, trn/lr 2.885e-02, trn/scale 1.010e-01, val/acc 9.978e-02, val/nll 2.303e+00
[2023-02-16 08:59:27] [Epoch   189/  200] trn/loss 2.303e+00, trn/lr 2.444e-02, trn/scale 1.010e-01, val/acc 9.281e-02, val/nll 2.303e+00
[2023-02-16 08:59:35] [Epoch   190/  200] trn/loss 2.303e+00, trn/lr 2.038e-02, trn/scale 1.010e-01, val/acc 9.281e-02, val/nll 2.303e+00
[2023-02-16 08:59:43] [Epoch   191/  200] trn/loss 2.303e+00, trn/lr 1.670e-02, trn/scale 1.010e-01, val/acc 9.281e-02, val/nll 2.303e+00
[2023-02-16 08:59:51] [Epoch   192/  200] trn/loss 2.303e+00, trn/lr 1.338e-02, trn/scale 1.010e-01, val/acc 9.281e-02, val/nll 2.303e+00
[2023-02-16 08:59:59] [Epoch   193/  200] trn/loss 2.303e+00, trn/lr 1.042e-02, trn/scale 1.010e-01, val/acc 9.281e-02, val/nll 2.303e+00
[2023-02-16 09:00:08] [Epoch   194/  200] trn/loss 2.303e+00, trn/lr 7.835e-03, trn/scale 1.010e-01, val/acc 9.281e-02, val/nll 2.303e+00
[2023-02-16 09:00:16] [Epoch   195/  200] trn/loss 2.303e+00, trn/lr 5.616e-03, trn/scale 1.010e-01, val/acc 9.281e-02, val/nll 2.303e+00
[2023-02-16 09:00:24] [Epoch   196/  200] trn/loss 2.303e+00, trn/lr 3.766e-03, trn/scale 1.010e-01, val/acc 9.281e-02, val/nll 2.303e+00
[2023-02-16 09:00:32] [Epoch   197/  200] trn/loss 2.303e+00, trn/lr 2.286e-03, trn/scale 1.010e-01, val/acc 9.281e-02, val/nll 2.303e+00
[2023-02-16 09:00:40] [Epoch   198/  200] trn/loss 2.303e+00, trn/lr 1.175e-03, trn/scale 1.010e-01, val/acc 9.281e-02, val/nll 2.303e+00
[2023-02-16 09:00:48] [Epoch   199/  200] trn/loss 2.303e+00, trn/lr 4.335e-04, trn/scale 1.010e-01, val/acc 9.281e-02, val/nll 2.303e+00
[2023-02-16 09:00:57] [Epoch   200/  200] trn/loss 2.303e+00, trn/lr 6.226e-05, trn/scale 1.010e-01, val/acc 9.281e-02, val/nll 2.303e+00
