[2023-02-11 08:10:22] Environments:
------------  ------------------------------------------------------------
sys.platform  linux
Python        3.8.10 (default, Nov 14 2022, 12:59:47) [GCC 9.4.0]
JAX           0.4.2 @/home/giung/.local/lib/python3.8/site-packages/jax
jaxlib        0.4.2 @/home/giung/.local/lib/python3.8/site-packages/jaxlib
Flax          0.6.4 @/home/giung/.local/lib/python3.8/site-packages/flax
Optax         0.1.4 @/home/giung/.local/lib/python3.8/site-packages/optax
------------  ------------------------------------------------------------

[2023-02-11 08:10:22] Command line arguments:
- args.data_root          : ./data/
- args.data_name          : CIFAR10_x32
- args.data_augmentation  : standard
- args.data_proportional  : 1.0
- args.model_depth        : 20
- args.model_width        : 4
- args.model_style        : BN-ReLU
- args.optim_bs           : 256
- args.optim_ne           : 200
- args.optim_lr           : 0.3
- args.optim_b1           : 0.99
- args.optim_b2           : 0.999
- args.optim_eps          : 0.1
- args.optim_weight_decay : 0.0001
- args.rho                : 0.1
- args.num_data_factor    : 1.0
- args.save               : /home/giung/giung2-dev/projects/sam/save/CIFAR10_x32/R20x4-BN-ReLU/BayesSAM/bs-0256_ne-0200_lr-0.30_b1-0.990_b2-0.999_wd-0.0001_eps-1e-1_rho-0.1000_factor-1.0_fp32/42
- args.seed               : 42
- args.precision          : fp32

[2023-02-11 08:10:28] Multiple local devices are detected:
[TpuDevice(id=0, process_index=0, coords=(0,0,0), core_on_chip=0), TpuDevice(id=1, process_index=0, coords=(0,0,0), core_on_chip=1), TpuDevice(id=2, process_index=0, coords=(1,0,0), core_on_chip=0), TpuDevice(id=3, process_index=0, coords=(1,0,0), core_on_chip=1), TpuDevice(id=4, process_index=0, coords=(0,1,0), core_on_chip=0), TpuDevice(id=5, process_index=0, coords=(0,1,0), core_on_chip=1), TpuDevice(id=6, process_index=0, coords=(1,1,0), core_on_chip=0), TpuDevice(id=7, process_index=0, coords=(1,1,0), core_on_chip=1)]

[2023-02-11 08:11:37] [Epoch     1/  200] trn/loss 2.337e+00, trn/lr 3.000e-01, trn/scale 9.322e-01, val/acc 2.546e-01, val/nll 1.969e+00 (best_acc: 0.000e+00 -> 2.546e-01, test_acc: 2.501e-01, test_nll: 1.978e+00)
[2023-02-11 08:11:47] [Epoch     2/  200] trn/loss 1.937e+00, trn/lr 3.000e-01, trn/scale 8.092e-01, val/acc 3.248e-01, val/nll 1.748e+00 (best_acc: 2.546e-01 -> 3.248e-01, test_acc: 3.296e-01, test_nll: 1.758e+00)
[2023-02-11 08:11:56] [Epoch     3/  200] trn/loss 1.713e+00, trn/lr 2.999e-01, trn/scale 7.043e-01, val/acc 4.066e-01, val/nll 1.582e+00 (best_acc: 3.248e-01 -> 4.066e-01, test_acc: 4.101e-01, test_nll: 1.589e+00)
[2023-02-11 08:12:05] [Epoch     4/  200] trn/loss 1.566e+00, trn/lr 2.998e-01, trn/scale 6.150e-01, val/acc 4.680e-01, val/nll 1.429e+00 (best_acc: 4.066e-01 -> 4.680e-01, test_acc: 4.675e-01, test_nll: 1.430e+00)
[2023-02-11 08:12:15] [Epoch     5/  200] trn/loss 1.453e+00, trn/lr 2.996e-01, trn/scale 5.388e-01, val/acc 5.118e-01, val/nll 1.336e+00 (best_acc: 4.680e-01 -> 5.118e-01, test_acc: 5.100e-01, test_nll: 1.333e+00)
[2023-02-11 08:12:24] [Epoch     6/  200] trn/loss 1.305e+00, trn/lr 2.994e-01, trn/scale 4.740e-01, val/acc 5.540e-01, val/nll 1.198e+00 (best_acc: 5.118e-01 -> 5.540e-01, test_acc: 5.462e-01, test_nll: 1.208e+00)
[2023-02-11 08:12:33] [Epoch     7/  200] trn/loss 1.196e+00, trn/lr 2.992e-01, trn/scale 4.187e-01, val/acc 5.848e-01, val/nll 1.122e+00 (best_acc: 5.540e-01 -> 5.848e-01, test_acc: 5.824e-01, test_nll: 1.142e+00)
[2023-02-11 08:12:42] [Epoch     8/  200] trn/loss 1.090e+00, trn/lr 2.990e-01, trn/scale 3.716e-01, val/acc 6.241e-01, val/nll 1.037e+00 (best_acc: 5.848e-01 -> 6.241e-01, test_acc: 6.260e-01, test_nll: 1.045e+00)
[2023-02-11 08:12:52] [Epoch     9/  200] trn/loss 9.803e-01, trn/lr 2.987e-01, trn/scale 3.315e-01, val/acc 6.488e-01, val/nll 9.672e-01 (best_acc: 6.241e-01 -> 6.488e-01, test_acc: 6.440e-01, test_nll: 9.804e-01)
[2023-02-11 08:13:01] [Epoch    10/  200] trn/loss 9.070e-01, trn/lr 2.983e-01, trn/scale 2.973e-01, val/acc 6.923e-01, val/nll 8.490e-01 (best_acc: 6.488e-01 -> 6.923e-01, test_acc: 6.896e-01, test_nll: 8.714e-01)
[2023-02-11 08:13:10] [Epoch    11/  200] trn/loss 8.237e-01, trn/lr 2.980e-01, trn/scale 2.682e-01, val/acc 6.993e-01, val/nll 8.417e-01 (best_acc: 6.923e-01 -> 6.993e-01, test_acc: 6.923e-01, test_nll: 8.659e-01)
[2023-02-11 08:13:20] [Epoch    12/  200] trn/loss 7.769e-01, trn/lr 2.976e-01, trn/scale 2.434e-01, val/acc 7.384e-01, val/nll 7.383e-01 (best_acc: 6.993e-01 -> 7.384e-01, test_acc: 7.366e-01, test_nll: 7.600e-01)
[2023-02-11 08:13:29] [Epoch    13/  200] trn/loss 7.310e-01, trn/lr 2.971e-01, trn/scale 2.222e-01, val/acc 7.581e-01, val/nll 7.067e-01 (best_acc: 7.384e-01 -> 7.581e-01, test_acc: 7.499e-01, test_nll: 7.226e-01)
[2023-02-11 08:13:38] [Epoch    14/  200] trn/loss 6.629e-01, trn/lr 2.966e-01, trn/scale 2.042e-01, val/acc 7.885e-01, val/nll 6.074e-01 (best_acc: 7.581e-01 -> 7.885e-01, test_acc: 7.822e-01, test_nll: 6.275e-01)
[2023-02-11 08:13:47] [Epoch    15/  200] trn/loss 6.100e-01, trn/lr 2.961e-01, trn/scale 1.889e-01, val/acc 7.930e-01, val/nll 5.846e-01 (best_acc: 7.885e-01 -> 7.930e-01, test_acc: 7.906e-01, test_nll: 5.998e-01)
[2023-02-11 08:13:56] [Epoch    16/  200] trn/loss 5.634e-01, trn/lr 2.956e-01, trn/scale 1.758e-01, val/acc 8.053e-01, val/nll 5.534e-01 (best_acc: 7.930e-01 -> 8.053e-01, test_acc: 8.053e-01, test_nll: 5.611e-01)
[2023-02-11 08:14:06] [Epoch    17/  200] trn/loss 5.289e-01, trn/lr 2.950e-01, trn/scale 1.647e-01, val/acc 8.139e-01, val/nll 5.322e-01 (best_acc: 8.053e-01 -> 8.139e-01, test_acc: 8.172e-01, test_nll: 5.270e-01)
[2023-02-11 08:14:15] [Epoch    18/  200] trn/loss 4.866e-01, trn/lr 2.944e-01, trn/scale 1.552e-01, val/acc 8.389e-01, val/nll 4.674e-01 (best_acc: 8.139e-01 -> 8.389e-01, test_acc: 8.384e-01, test_nll: 4.700e-01)
[2023-02-11 08:14:23] [Epoch    19/  200] trn/loss 4.542e-01, trn/lr 2.937e-01, trn/scale 1.471e-01, val/acc 8.230e-01, val/nll 5.074e-01
[2023-02-11 08:14:32] [Epoch    20/  200] trn/loss 4.455e-01, trn/lr 2.930e-01, trn/scale 1.402e-01, val/acc 8.426e-01, val/nll 4.575e-01 (best_acc: 8.389e-01 -> 8.426e-01, test_acc: 8.405e-01, test_nll: 4.699e-01)
[2023-02-11 08:14:42] [Epoch    21/  200] trn/loss 4.233e-01, trn/lr 2.923e-01, trn/scale 1.343e-01, val/acc 8.456e-01, val/nll 4.440e-01 (best_acc: 8.426e-01 -> 8.456e-01, test_acc: 8.445e-01, test_nll: 4.547e-01)
[2023-02-11 08:14:51] [Epoch    22/  200] trn/loss 4.046e-01, trn/lr 2.915e-01, trn/scale 1.293e-01, val/acc 8.458e-01, val/nll 4.466e-01 (best_acc: 8.456e-01 -> 8.458e-01, test_acc: 8.406e-01, test_nll: 4.630e-01)
[2023-02-11 08:15:00] [Epoch    23/  200] trn/loss 3.794e-01, trn/lr 2.907e-01, trn/scale 1.250e-01, val/acc 8.612e-01, val/nll 4.069e-01 (best_acc: 8.458e-01 -> 8.612e-01, test_acc: 8.595e-01, test_nll: 4.160e-01)
[2023-02-11 08:15:09] [Epoch    24/  200] trn/loss 3.567e-01, trn/lr 2.899e-01, trn/scale 1.214e-01, val/acc 8.740e-01, val/nll 3.687e-01 (best_acc: 8.612e-01 -> 8.740e-01, test_acc: 8.679e-01, test_nll: 3.802e-01)
[2023-02-11 08:15:18] [Epoch    25/  200] trn/loss 3.230e-01, trn/lr 2.890e-01, trn/scale 1.183e-01, val/acc 8.741e-01, val/nll 3.629e-01 (best_acc: 8.740e-01 -> 8.741e-01, test_acc: 8.668e-01, test_nll: 3.804e-01)
[2023-02-11 08:15:28] [Epoch    26/  200] trn/loss 3.066e-01, trn/lr 2.881e-01, trn/scale 1.157e-01, val/acc 8.810e-01, val/nll 3.466e-01 (best_acc: 8.741e-01 -> 8.810e-01, test_acc: 8.803e-01, test_nll: 3.540e-01)
[2023-02-11 08:15:36] [Epoch    27/  200] trn/loss 2.978e-01, trn/lr 2.872e-01, trn/scale 1.134e-01, val/acc 8.782e-01, val/nll 3.531e-01
[2023-02-11 08:15:44] [Epoch    28/  200] trn/loss 2.928e-01, trn/lr 2.862e-01, trn/scale 1.115e-01, val/acc 8.749e-01, val/nll 3.673e-01
[2023-02-11 08:15:53] [Epoch    29/  200] trn/loss 2.812e-01, trn/lr 2.852e-01, trn/scale 1.099e-01, val/acc 8.890e-01, val/nll 3.251e-01 (best_acc: 8.810e-01 -> 8.890e-01, test_acc: 8.827e-01, test_nll: 3.399e-01)
[2023-02-11 08:16:03] [Epoch    30/  200] trn/loss 2.560e-01, trn/lr 2.842e-01, trn/scale 1.085e-01, val/acc 8.910e-01, val/nll 3.147e-01 (best_acc: 8.890e-01 -> 8.910e-01, test_acc: 8.856e-01, test_nll: 3.355e-01)
[2023-02-11 08:16:12] [Epoch    31/  200] trn/loss 2.462e-01, trn/lr 2.831e-01, trn/scale 1.073e-01, val/acc 8.960e-01, val/nll 3.013e-01 (best_acc: 8.910e-01 -> 8.960e-01, test_acc: 8.920e-01, test_nll: 3.146e-01)
[2023-02-11 08:16:20] [Epoch    32/  200] trn/loss 2.346e-01, trn/lr 2.820e-01, trn/scale 1.063e-01, val/acc 8.944e-01, val/nll 3.072e-01
[2023-02-11 08:16:29] [Epoch    33/  200] trn/loss 2.255e-01, trn/lr 2.809e-01, trn/scale 1.054e-01, val/acc 9.063e-01, val/nll 2.843e-01 (best_acc: 8.960e-01 -> 9.063e-01, test_acc: 8.949e-01, test_nll: 3.092e-01)
[2023-02-11 08:16:37] [Epoch    34/  200] trn/loss 2.097e-01, trn/lr 2.797e-01, trn/scale 1.047e-01, val/acc 9.008e-01, val/nll 2.833e-01
[2023-02-11 08:16:47] [Epoch    35/  200] trn/loss 2.007e-01, trn/lr 2.785e-01, trn/scale 1.041e-01, val/acc 9.075e-01, val/nll 2.642e-01 (best_acc: 9.063e-01 -> 9.075e-01, test_acc: 9.050e-01, test_nll: 2.801e-01)
[2023-02-11 08:16:55] [Epoch    36/  200] trn/loss 1.955e-01, trn/lr 2.773e-01, trn/scale 1.035e-01, val/acc 9.065e-01, val/nll 2.759e-01
[2023-02-11 08:17:04] [Epoch    37/  200] trn/loss 1.828e-01, trn/lr 2.760e-01, trn/scale 1.031e-01, val/acc 9.095e-01, val/nll 2.610e-01 (best_acc: 9.075e-01 -> 9.095e-01, test_acc: 9.037e-01, test_nll: 2.831e-01)
[2023-02-11 08:17:12] [Epoch    38/  200] trn/loss 1.786e-01, trn/lr 2.747e-01, trn/scale 1.027e-01, val/acc 8.944e-01, val/nll 3.162e-01
[2023-02-11 08:17:21] [Epoch    39/  200] trn/loss 1.779e-01, trn/lr 2.734e-01, trn/scale 1.023e-01, val/acc 9.072e-01, val/nll 2.735e-01
[2023-02-11 08:17:29] [Epoch    40/  200] trn/loss 1.710e-01, trn/lr 2.720e-01, trn/scale 1.021e-01, val/acc 9.048e-01, val/nll 2.790e-01
[2023-02-11 08:17:37] [Epoch    41/  200] trn/loss 1.726e-01, trn/lr 2.707e-01, trn/scale 1.018e-01, val/acc 9.088e-01, val/nll 2.677e-01
[2023-02-11 08:17:46] [Epoch    42/  200] trn/loss 1.626e-01, trn/lr 2.692e-01, trn/scale 1.016e-01, val/acc 9.146e-01, val/nll 2.564e-01 (best_acc: 9.095e-01 -> 9.146e-01, test_acc: 9.109e-01, test_nll: 2.642e-01)
[2023-02-11 08:17:54] [Epoch    43/  200] trn/loss 1.534e-01, trn/lr 2.678e-01, trn/scale 1.014e-01, val/acc 9.132e-01, val/nll 2.514e-01
[2023-02-11 08:18:03] [Epoch    44/  200] trn/loss 1.441e-01, trn/lr 2.663e-01, trn/scale 1.013e-01, val/acc 9.155e-01, val/nll 2.445e-01 (best_acc: 9.146e-01 -> 9.155e-01, test_acc: 9.121e-01, test_nll: 2.610e-01)
[2023-02-11 08:18:12] [Epoch    45/  200] trn/loss 1.408e-01, trn/lr 2.648e-01, trn/scale 1.012e-01, val/acc 9.073e-01, val/nll 2.819e-01
[2023-02-11 08:18:20] [Epoch    46/  200] trn/loss 1.400e-01, trn/lr 2.633e-01, trn/scale 1.011e-01, val/acc 9.096e-01, val/nll 2.589e-01
[2023-02-11 08:18:29] [Epoch    47/  200] trn/loss 1.316e-01, trn/lr 2.617e-01, trn/scale 1.010e-01, val/acc 9.192e-01, val/nll 2.364e-01 (best_acc: 9.155e-01 -> 9.192e-01, test_acc: 9.140e-01, test_nll: 2.440e-01)
[2023-02-11 08:18:38] [Epoch    48/  200] trn/loss 1.287e-01, trn/lr 2.602e-01, trn/scale 1.009e-01, val/acc 9.264e-01, val/nll 2.162e-01 (best_acc: 9.192e-01 -> 9.264e-01, test_acc: 9.205e-01, test_nll: 2.291e-01)
[2023-02-11 08:18:47] [Epoch    49/  200] trn/loss 1.106e-01, trn/lr 2.585e-01, trn/scale 1.008e-01, val/acc 9.199e-01, val/nll 2.331e-01
[2023-02-11 08:18:55] [Epoch    50/  200] trn/loss 1.105e-01, trn/lr 2.569e-01, trn/scale 1.008e-01, val/acc 9.257e-01, val/nll 2.288e-01
[2023-02-11 08:19:03] [Epoch    51/  200] trn/loss 1.070e-01, trn/lr 2.552e-01, trn/scale 1.007e-01, val/acc 9.256e-01, val/nll 2.232e-01
[2023-02-11 08:19:11] [Epoch    52/  200] trn/loss 1.054e-01, trn/lr 2.535e-01, trn/scale 1.007e-01, val/acc 9.260e-01, val/nll 2.191e-01
[2023-02-11 08:19:19] [Epoch    53/  200] trn/loss 1.040e-01, trn/lr 2.518e-01, trn/scale 1.006e-01, val/acc 9.249e-01, val/nll 2.202e-01
[2023-02-11 08:19:29] [Epoch    54/  200] trn/loss 1.010e-01, trn/lr 2.501e-01, trn/scale 1.006e-01, val/acc 9.306e-01, val/nll 2.059e-01 (best_acc: 9.264e-01 -> 9.306e-01, test_acc: 9.242e-01, test_nll: 2.203e-01)
[2023-02-11 08:19:37] [Epoch    55/  200] trn/loss 8.889e-02, trn/lr 2.483e-01, trn/scale 1.006e-01, val/acc 9.250e-01, val/nll 2.265e-01
[2023-02-11 08:19:45] [Epoch    56/  200] trn/loss 9.794e-02, trn/lr 2.465e-01, trn/scale 1.006e-01, val/acc 9.223e-01, val/nll 2.286e-01
[2023-02-11 08:19:53] [Epoch    57/  200] trn/loss 9.152e-02, trn/lr 2.447e-01, trn/scale 1.005e-01, val/acc 9.306e-01, val/nll 2.101e-01
[2023-02-11 08:20:02] [Epoch    58/  200] trn/loss 8.364e-02, trn/lr 2.429e-01, trn/scale 1.005e-01, val/acc 9.288e-01, val/nll 2.030e-01
[2023-02-11 08:20:10] [Epoch    59/  200] trn/loss 8.780e-02, trn/lr 2.410e-01, trn/scale 1.005e-01, val/acc 9.291e-01, val/nll 2.133e-01
[2023-02-11 08:20:19] [Epoch    60/  200] trn/loss 8.436e-02, trn/lr 2.391e-01, trn/scale 1.005e-01, val/acc 9.345e-01, val/nll 1.946e-01 (best_acc: 9.306e-01 -> 9.345e-01, test_acc: 9.311e-01, test_nll: 2.031e-01)
[2023-02-11 08:20:27] [Epoch    61/  200] trn/loss 8.059e-02, trn/lr 2.372e-01, trn/scale 1.005e-01, val/acc 9.316e-01, val/nll 2.013e-01
[2023-02-11 08:20:35] [Epoch    62/  200] trn/loss 7.820e-02, trn/lr 2.353e-01, trn/scale 1.005e-01, val/acc 9.269e-01, val/nll 2.191e-01
[2023-02-11 08:20:44] [Epoch    63/  200] trn/loss 7.613e-02, trn/lr 2.333e-01, trn/scale 1.005e-01, val/acc 9.264e-01, val/nll 2.134e-01
[2023-02-11 08:20:52] [Epoch    64/  200] trn/loss 7.449e-02, trn/lr 2.314e-01, trn/scale 1.005e-01, val/acc 9.281e-01, val/nll 2.169e-01
[2023-02-11 08:21:00] [Epoch    65/  200] trn/loss 7.235e-02, trn/lr 2.294e-01, trn/scale 1.005e-01, val/acc 9.289e-01, val/nll 2.047e-01
[2023-02-11 08:21:08] [Epoch    66/  200] trn/loss 6.852e-02, trn/lr 2.274e-01, trn/scale 1.004e-01, val/acc 9.250e-01, val/nll 2.136e-01
[2023-02-11 08:21:16] [Epoch    67/  200] trn/loss 7.006e-02, trn/lr 2.253e-01, trn/scale 1.004e-01, val/acc 9.285e-01, val/nll 2.154e-01
[2023-02-11 08:21:25] [Epoch    68/  200] trn/loss 6.965e-02, trn/lr 2.233e-01, trn/scale 1.004e-01, val/acc 9.288e-01, val/nll 2.066e-01
[2023-02-11 08:21:33] [Epoch    69/  200] trn/loss 6.529e-02, trn/lr 2.212e-01, trn/scale 1.004e-01, val/acc 9.249e-01, val/nll 2.218e-01
[2023-02-11 08:21:41] [Epoch    70/  200] trn/loss 6.423e-02, trn/lr 2.192e-01, trn/scale 1.004e-01, val/acc 9.312e-01, val/nll 2.054e-01
[2023-02-11 08:21:49] [Epoch    71/  200] trn/loss 6.266e-02, trn/lr 2.171e-01, trn/scale 1.004e-01, val/acc 9.345e-01, val/nll 1.971e-01
[2023-02-11 08:21:59] [Epoch    72/  200] trn/loss 5.685e-02, trn/lr 2.149e-01, trn/scale 1.004e-01, val/acc 9.352e-01, val/nll 1.941e-01 (best_acc: 9.345e-01 -> 9.352e-01, test_acc: 9.310e-01, test_nll: 2.040e-01)
[2023-02-11 08:22:08] [Epoch    73/  200] trn/loss 5.647e-02, trn/lr 2.128e-01, trn/scale 1.004e-01, val/acc 9.354e-01, val/nll 1.921e-01 (best_acc: 9.352e-01 -> 9.354e-01, test_acc: 9.302e-01, test_nll: 2.065e-01)
[2023-02-11 08:22:16] [Epoch    74/  200] trn/loss 5.609e-02, trn/lr 2.107e-01, trn/scale 1.004e-01, val/acc 9.304e-01, val/nll 2.077e-01
[2023-02-11 08:22:24] [Epoch    75/  200] trn/loss 5.525e-02, trn/lr 2.085e-01, trn/scale 1.004e-01, val/acc 9.313e-01, val/nll 2.021e-01
[2023-02-11 08:22:33] [Epoch    76/  200] trn/loss 5.235e-02, trn/lr 2.063e-01, trn/scale 1.004e-01, val/acc 9.332e-01, val/nll 2.018e-01
[2023-02-11 08:22:41] [Epoch    77/  200] trn/loss 5.042e-02, trn/lr 2.041e-01, trn/scale 1.004e-01, val/acc 9.337e-01, val/nll 2.024e-01
[2023-02-11 08:22:49] [Epoch    78/  200] trn/loss 5.171e-02, trn/lr 2.019e-01, trn/scale 1.004e-01, val/acc 9.316e-01, val/nll 2.091e-01
[2023-02-11 08:22:58] [Epoch    79/  200] trn/loss 5.359e-02, trn/lr 1.997e-01, trn/scale 1.004e-01, val/acc 9.367e-01, val/nll 1.875e-01 (best_acc: 9.354e-01 -> 9.367e-01, test_acc: 9.354e-01, test_nll: 2.034e-01)
[2023-02-11 08:23:06] [Epoch    80/  200] trn/loss 4.790e-02, trn/lr 1.975e-01, trn/scale 1.004e-01, val/acc 9.222e-01, val/nll 2.336e-01
[2023-02-11 08:23:15] [Epoch    81/  200] trn/loss 4.757e-02, trn/lr 1.952e-01, trn/scale 1.004e-01, val/acc 9.366e-01, val/nll 2.003e-01
[2023-02-11 08:23:23] [Epoch    82/  200] trn/loss 4.273e-02, trn/lr 1.930e-01, trn/scale 1.004e-01, val/acc 9.362e-01, val/nll 1.938e-01
[2023-02-11 08:23:31] [Epoch    83/  200] trn/loss 3.996e-02, trn/lr 1.907e-01, trn/scale 1.004e-01, val/acc 9.344e-01, val/nll 1.885e-01
[2023-02-11 08:23:41] [Epoch    84/  200] trn/loss 3.722e-02, trn/lr 1.885e-01, trn/scale 1.004e-01, val/acc 9.368e-01, val/nll 1.883e-01 (best_acc: 9.367e-01 -> 9.368e-01, test_acc: 9.384e-01, test_nll: 1.893e-01)
[2023-02-11 08:23:49] [Epoch    85/  200] trn/loss 3.788e-02, trn/lr 1.862e-01, trn/scale 1.004e-01, val/acc 9.334e-01, val/nll 2.027e-01
[2023-02-11 08:23:57] [Epoch    86/  200] trn/loss 3.945e-02, trn/lr 1.839e-01, trn/scale 1.004e-01, val/acc 9.340e-01, val/nll 1.974e-01
[2023-02-11 08:24:05] [Epoch    87/  200] trn/loss 3.822e-02, trn/lr 1.816e-01, trn/scale 1.004e-01, val/acc 9.367e-01, val/nll 1.895e-01
[2023-02-11 08:24:14] [Epoch    88/  200] trn/loss 3.746e-02, trn/lr 1.793e-01, trn/scale 1.004e-01, val/acc 9.387e-01, val/nll 1.815e-01 (best_acc: 9.368e-01 -> 9.387e-01, test_acc: 9.359e-01, test_nll: 1.907e-01)
[2023-02-11 08:24:23] [Epoch    89/  200] trn/loss 3.472e-02, trn/lr 1.770e-01, trn/scale 1.004e-01, val/acc 9.330e-01, val/nll 2.037e-01
[2023-02-11 08:24:31] [Epoch    90/  200] trn/loss 3.470e-02, trn/lr 1.746e-01, trn/scale 1.004e-01, val/acc 9.385e-01, val/nll 1.931e-01
[2023-02-11 08:24:39] [Epoch    91/  200] trn/loss 3.325e-02, trn/lr 1.723e-01, trn/scale 1.004e-01, val/acc 9.369e-01, val/nll 1.918e-01
[2023-02-11 08:24:48] [Epoch    92/  200] trn/loss 3.282e-02, trn/lr 1.700e-01, trn/scale 1.004e-01, val/acc 9.389e-01, val/nll 1.940e-01 (best_acc: 9.387e-01 -> 9.389e-01, test_acc: 9.337e-01, test_nll: 1.979e-01)
[2023-02-11 08:24:57] [Epoch    93/  200] trn/loss 2.932e-02, trn/lr 1.676e-01, trn/scale 1.004e-01, val/acc 9.397e-01, val/nll 1.891e-01 (best_acc: 9.389e-01 -> 9.397e-01, test_acc: 9.358e-01, test_nll: 1.977e-01)
[2023-02-11 08:25:06] [Epoch    94/  200] trn/loss 2.851e-02, trn/lr 1.653e-01, trn/scale 1.004e-01, val/acc 9.424e-01, val/nll 1.783e-01 (best_acc: 9.397e-01 -> 9.424e-01, test_acc: 9.369e-01, test_nll: 1.868e-01)
[2023-02-11 08:25:15] [Epoch    95/  200] trn/loss 3.289e-02, trn/lr 1.630e-01, trn/scale 1.004e-01, val/acc 9.347e-01, val/nll 1.867e-01
[2023-02-11 08:25:23] [Epoch    96/  200] trn/loss 3.059e-02, trn/lr 1.606e-01, trn/scale 1.004e-01, val/acc 9.394e-01, val/nll 1.861e-01
[2023-02-11 08:25:31] [Epoch    97/  200] trn/loss 3.012e-02, trn/lr 1.582e-01, trn/scale 1.004e-01, val/acc 9.388e-01, val/nll 1.840e-01
[2023-02-11 08:25:40] [Epoch    98/  200] trn/loss 2.865e-02, trn/lr 1.559e-01, trn/scale 1.004e-01, val/acc 9.387e-01, val/nll 1.968e-01
[2023-02-11 08:25:48] [Epoch    99/  200] trn/loss 3.075e-02, trn/lr 1.535e-01, trn/scale 1.004e-01, val/acc 9.311e-01, val/nll 2.070e-01
[2023-02-11 08:25:56] [Epoch   100/  200] trn/loss 3.080e-02, trn/lr 1.512e-01, trn/scale 1.004e-01, val/acc 9.374e-01, val/nll 1.857e-01
[2023-02-11 08:26:04] [Epoch   101/  200] trn/loss 2.925e-02, trn/lr 1.488e-01, trn/scale 1.004e-01, val/acc 9.366e-01, val/nll 1.892e-01
[2023-02-11 08:26:13] [Epoch   102/  200] trn/loss 2.678e-02, trn/lr 1.465e-01, trn/scale 1.004e-01, val/acc 9.435e-01, val/nll 1.771e-01 (best_acc: 9.424e-01 -> 9.435e-01, test_acc: 9.361e-01, test_nll: 1.865e-01)
[2023-02-11 08:26:22] [Epoch   103/  200] trn/loss 2.578e-02, trn/lr 1.441e-01, trn/scale 1.004e-01, val/acc 9.394e-01, val/nll 1.799e-01
[2023-02-11 08:26:30] [Epoch   104/  200] trn/loss 2.322e-02, trn/lr 1.418e-01, trn/scale 1.004e-01, val/acc 9.394e-01, val/nll 1.802e-01
[2023-02-11 08:26:39] [Epoch   105/  200] trn/loss 2.390e-02, trn/lr 1.394e-01, trn/scale 1.004e-01, val/acc 9.437e-01, val/nll 1.746e-01 (best_acc: 9.435e-01 -> 9.437e-01, test_acc: 9.393e-01, test_nll: 1.791e-01)
[2023-02-11 08:26:49] [Epoch   106/  200] trn/loss 2.089e-02, trn/lr 1.371e-01, trn/scale 1.004e-01, val/acc 9.465e-01, val/nll 1.678e-01 (best_acc: 9.437e-01 -> 9.465e-01, test_acc: 9.408e-01, test_nll: 1.740e-01)
[2023-02-11 08:26:57] [Epoch   107/  200] trn/loss 2.023e-02, trn/lr 1.347e-01, trn/scale 1.004e-01, val/acc 9.427e-01, val/nll 1.790e-01
[2023-02-11 08:27:05] [Epoch   108/  200] trn/loss 1.966e-02, trn/lr 1.324e-01, trn/scale 1.004e-01, val/acc 9.444e-01, val/nll 1.732e-01
[2023-02-11 08:27:13] [Epoch   109/  200] trn/loss 1.855e-02, trn/lr 1.300e-01, trn/scale 1.004e-01, val/acc 9.413e-01, val/nll 1.877e-01
[2023-02-11 08:27:21] [Epoch   110/  200] trn/loss 1.952e-02, trn/lr 1.277e-01, trn/scale 1.004e-01, val/acc 9.412e-01, val/nll 1.842e-01
[2023-02-11 08:27:30] [Epoch   111/  200] trn/loss 1.908e-02, trn/lr 1.254e-01, trn/scale 1.004e-01, val/acc 9.439e-01, val/nll 1.683e-01
[2023-02-11 08:27:38] [Epoch   112/  200] trn/loss 1.776e-02, trn/lr 1.231e-01, trn/scale 1.004e-01, val/acc 9.424e-01, val/nll 1.742e-01
[2023-02-11 08:27:46] [Epoch   113/  200] trn/loss 1.461e-02, trn/lr 1.207e-01, trn/scale 1.004e-01, val/acc 9.444e-01, val/nll 1.698e-01
[2023-02-11 08:27:54] [Epoch   114/  200] trn/loss 1.612e-02, trn/lr 1.184e-01, trn/scale 1.004e-01, val/acc 9.447e-01, val/nll 1.742e-01
[2023-02-11 08:28:03] [Epoch   115/  200] trn/loss 1.562e-02, trn/lr 1.161e-01, trn/scale 1.004e-01, val/acc 9.454e-01, val/nll 1.682e-01
[2023-02-11 08:28:11] [Epoch   116/  200] trn/loss 1.383e-02, trn/lr 1.138e-01, trn/scale 1.004e-01, val/acc 9.433e-01, val/nll 1.790e-01
[2023-02-11 08:28:19] [Epoch   117/  200] trn/loss 1.552e-02, trn/lr 1.116e-01, trn/scale 1.004e-01, val/acc 9.427e-01, val/nll 1.732e-01
[2023-02-11 08:28:27] [Epoch   118/  200] trn/loss 1.621e-02, trn/lr 1.093e-01, trn/scale 1.004e-01, val/acc 9.452e-01, val/nll 1.739e-01
[2023-02-11 08:28:36] [Epoch   119/  200] trn/loss 1.533e-02, trn/lr 1.070e-01, trn/scale 1.004e-01, val/acc 9.465e-01, val/nll 1.654e-01
[2023-02-11 08:28:45] [Epoch   120/  200] trn/loss 1.435e-02, trn/lr 1.048e-01, trn/scale 1.004e-01, val/acc 9.470e-01, val/nll 1.643e-01 (best_acc: 9.465e-01 -> 9.470e-01, test_acc: 9.400e-01, test_nll: 1.757e-01)
[2023-02-11 08:28:53] [Epoch   121/  200] trn/loss 1.458e-02, trn/lr 1.025e-01, trn/scale 1.004e-01, val/acc 9.442e-01, val/nll 1.718e-01
[2023-02-11 08:29:02] [Epoch   122/  200] trn/loss 1.355e-02, trn/lr 1.003e-01, trn/scale 1.004e-01, val/acc 9.476e-01, val/nll 1.676e-01 (best_acc: 9.470e-01 -> 9.476e-01, test_acc: 9.435e-01, test_nll: 1.713e-01)
[2023-02-11 08:29:10] [Epoch   123/  200] trn/loss 1.194e-02, trn/lr 9.809e-02, trn/scale 1.004e-01, val/acc 9.461e-01, val/nll 1.659e-01
[2023-02-11 08:29:19] [Epoch   124/  200] trn/loss 1.123e-02, trn/lr 9.589e-02, trn/scale 1.004e-01, val/acc 9.482e-01, val/nll 1.619e-01 (best_acc: 9.476e-01 -> 9.482e-01, test_acc: 9.452e-01, test_nll: 1.627e-01)
[2023-02-11 08:29:28] [Epoch   125/  200] trn/loss 1.191e-02, trn/lr 9.370e-02, trn/scale 1.003e-01, val/acc 9.486e-01, val/nll 1.673e-01 (best_acc: 9.482e-01 -> 9.486e-01, test_acc: 9.452e-01, test_nll: 1.684e-01)
[2023-02-11 08:29:37] [Epoch   126/  200] trn/loss 1.265e-02, trn/lr 9.152e-02, trn/scale 1.003e-01, val/acc 9.446e-01, val/nll 1.705e-01
[2023-02-11 08:29:45] [Epoch   127/  200] trn/loss 1.104e-02, trn/lr 8.936e-02, trn/scale 1.003e-01, val/acc 9.466e-01, val/nll 1.654e-01
[2023-02-11 08:29:53] [Epoch   128/  200] trn/loss 9.702e-03, trn/lr 8.721e-02, trn/scale 1.003e-01, val/acc 9.482e-01, val/nll 1.628e-01
[2023-02-11 08:30:01] [Epoch   129/  200] trn/loss 9.608e-03, trn/lr 8.508e-02, trn/scale 1.003e-01, val/acc 9.486e-01, val/nll 1.603e-01
[2023-02-11 08:30:11] [Epoch   130/  200] trn/loss 9.503e-03, trn/lr 8.296e-02, trn/scale 1.003e-01, val/acc 9.489e-01, val/nll 1.612e-01 (best_acc: 9.486e-01 -> 9.489e-01, test_acc: 9.459e-01, test_nll: 1.669e-01)
[2023-02-11 08:30:19] [Epoch   131/  200] trn/loss 8.474e-03, trn/lr 8.086e-02, trn/scale 1.003e-01, val/acc 9.489e-01, val/nll 1.650e-01
[2023-02-11 08:30:27] [Epoch   132/  200] trn/loss 8.148e-03, trn/lr 7.878e-02, trn/scale 1.003e-01, val/acc 9.479e-01, val/nll 1.586e-01
[2023-02-11 08:30:35] [Epoch   133/  200] trn/loss 7.613e-03, trn/lr 7.671e-02, trn/scale 1.003e-01, val/acc 9.480e-01, val/nll 1.639e-01
[2023-02-11 08:30:44] [Epoch   134/  200] trn/loss 7.326e-03, trn/lr 7.467e-02, trn/scale 1.003e-01, val/acc 9.473e-01, val/nll 1.667e-01
[2023-02-11 08:30:53] [Epoch   135/  200] trn/loss 7.484e-03, trn/lr 7.264e-02, trn/scale 1.003e-01, val/acc 9.498e-01, val/nll 1.565e-01 (best_acc: 9.489e-01 -> 9.498e-01, test_acc: 9.472e-01, test_nll: 1.618e-01)
[2023-02-11 08:31:01] [Epoch   136/  200] trn/loss 7.223e-03, trn/lr 7.063e-02, trn/scale 1.003e-01, val/acc 9.492e-01, val/nll 1.697e-01
[2023-02-11 08:31:09] [Epoch   137/  200] trn/loss 7.479e-03, trn/lr 6.864e-02, trn/scale 1.003e-01, val/acc 9.498e-01, val/nll 1.580e-01
[2023-02-11 08:31:19] [Epoch   138/  200] trn/loss 8.000e-03, trn/lr 6.667e-02, trn/scale 1.003e-01, val/acc 9.514e-01, val/nll 1.547e-01 (best_acc: 9.498e-01 -> 9.514e-01, test_acc: 9.488e-01, test_nll: 1.545e-01)
[2023-02-11 08:31:27] [Epoch   139/  200] trn/loss 6.646e-03, trn/lr 6.472e-02, trn/scale 1.003e-01, val/acc 9.513e-01, val/nll 1.544e-01
[2023-02-11 08:31:35] [Epoch   140/  200] trn/loss 5.828e-03, trn/lr 6.279e-02, trn/scale 1.003e-01, val/acc 9.508e-01, val/nll 1.544e-01
[2023-02-11 08:31:43] [Epoch   141/  200] trn/loss 6.177e-03, trn/lr 6.089e-02, trn/scale 1.003e-01, val/acc 9.498e-01, val/nll 1.532e-01
[2023-02-11 08:31:52] [Epoch   142/  200] trn/loss 6.120e-03, trn/lr 5.900e-02, trn/scale 1.003e-01, val/acc 9.511e-01, val/nll 1.569e-01
[2023-02-11 08:32:00] [Epoch   143/  200] trn/loss 5.576e-03, trn/lr 5.714e-02, trn/scale 1.003e-01, val/acc 9.506e-01, val/nll 1.525e-01
[2023-02-11 08:32:08] [Epoch   144/  200] trn/loss 5.153e-03, trn/lr 5.530e-02, trn/scale 1.003e-01, val/acc 9.503e-01, val/nll 1.572e-01
[2023-02-11 08:32:17] [Epoch   145/  200] trn/loss 5.248e-03, trn/lr 5.349e-02, trn/scale 1.003e-01, val/acc 9.519e-01, val/nll 1.557e-01 (best_acc: 9.514e-01 -> 9.519e-01, test_acc: 9.500e-01, test_nll: 1.564e-01)
[2023-02-11 08:32:26] [Epoch   146/  200] trn/loss 5.076e-03, trn/lr 5.170e-02, trn/scale 1.003e-01, val/acc 9.523e-01, val/nll 1.513e-01 (best_acc: 9.519e-01 -> 9.523e-01, test_acc: 9.490e-01, test_nll: 1.555e-01)
[2023-02-11 08:32:35] [Epoch   147/  200] trn/loss 4.765e-03, trn/lr 4.993e-02, trn/scale 1.003e-01, val/acc 9.524e-01, val/nll 1.522e-01 (best_acc: 9.523e-01 -> 9.524e-01, test_acc: 9.505e-01, test_nll: 1.503e-01)
[2023-02-11 08:32:44] [Epoch   148/  200] trn/loss 4.539e-03, trn/lr 4.819e-02, trn/scale 1.003e-01, val/acc 9.552e-01, val/nll 1.475e-01 (best_acc: 9.524e-01 -> 9.552e-01, test_acc: 9.510e-01, test_nll: 1.513e-01)
[2023-02-11 08:32:53] [Epoch   149/  200] trn/loss 4.500e-03, trn/lr 4.647e-02, trn/scale 1.003e-01, val/acc 9.531e-01, val/nll 1.452e-01
[2023-02-11 08:33:01] [Epoch   150/  200] trn/loss 4.355e-03, trn/lr 4.478e-02, trn/scale 1.003e-01, val/acc 9.539e-01, val/nll 1.517e-01
[2023-02-11 08:33:09] [Epoch   151/  200] trn/loss 3.838e-03, trn/lr 4.311e-02, trn/scale 1.003e-01, val/acc 9.530e-01, val/nll 1.505e-01
[2023-02-11 08:33:17] [Epoch   152/  200] trn/loss 3.771e-03, trn/lr 4.147e-02, trn/scale 1.003e-01, val/acc 9.528e-01, val/nll 1.504e-01
[2023-02-11 08:33:25] [Epoch   153/  200] trn/loss 3.935e-03, trn/lr 3.986e-02, trn/scale 1.003e-01, val/acc 9.528e-01, val/nll 1.506e-01
[2023-02-11 08:33:34] [Epoch   154/  200] trn/loss 3.679e-03, trn/lr 3.827e-02, trn/scale 1.003e-01, val/acc 9.518e-01, val/nll 1.495e-01
[2023-02-11 08:33:42] [Epoch   155/  200] trn/loss 3.629e-03, trn/lr 3.671e-02, trn/scale 1.003e-01, val/acc 9.537e-01, val/nll 1.508e-01
[2023-02-11 08:33:50] [Epoch   156/  200] trn/loss 3.245e-03, trn/lr 3.518e-02, trn/scale 1.003e-01, val/acc 9.531e-01, val/nll 1.497e-01
[2023-02-11 08:33:58] [Epoch   157/  200] trn/loss 3.357e-03, trn/lr 3.368e-02, trn/scale 1.003e-01, val/acc 9.541e-01, val/nll 1.532e-01
[2023-02-11 08:34:06] [Epoch   158/  200] trn/loss 3.064e-03, trn/lr 3.221e-02, trn/scale 1.003e-01, val/acc 9.535e-01, val/nll 1.502e-01
[2023-02-11 08:34:14] [Epoch   159/  200] trn/loss 2.951e-03, trn/lr 3.076e-02, trn/scale 1.003e-01, val/acc 9.539e-01, val/nll 1.481e-01
[2023-02-11 08:34:22] [Epoch   160/  200] trn/loss 2.880e-03, trn/lr 2.935e-02, trn/scale 1.003e-01, val/acc 9.544e-01, val/nll 1.508e-01
[2023-02-11 08:34:32] [Epoch   161/  200] trn/loss 2.801e-03, trn/lr 2.796e-02, trn/scale 1.003e-01, val/acc 9.555e-01, val/nll 1.448e-01 (best_acc: 9.552e-01 -> 9.555e-01, test_acc: 9.540e-01, test_nll: 1.462e-01)
[2023-02-11 08:34:40] [Epoch   162/  200] trn/loss 2.643e-03, trn/lr 2.661e-02, trn/scale 1.003e-01, val/acc 9.550e-01, val/nll 1.447e-01
[2023-02-11 08:34:48] [Epoch   163/  200] trn/loss 2.523e-03, trn/lr 2.528e-02, trn/scale 1.003e-01, val/acc 9.551e-01, val/nll 1.469e-01
[2023-02-11 08:34:56] [Epoch   164/  200] trn/loss 2.442e-03, trn/lr 2.399e-02, trn/scale 1.003e-01, val/acc 9.551e-01, val/nll 1.468e-01
[2023-02-11 08:35:05] [Epoch   165/  200] trn/loss 2.533e-03, trn/lr 2.273e-02, trn/scale 1.003e-01, val/acc 9.562e-01, val/nll 1.461e-01 (best_acc: 9.555e-01 -> 9.562e-01, test_acc: 9.541e-01, test_nll: 1.485e-01)
[2023-02-11 08:35:13] [Epoch   166/  200] trn/loss 2.455e-03, trn/lr 2.150e-02, trn/scale 1.003e-01, val/acc 9.531e-01, val/nll 1.475e-01
[2023-02-11 08:35:21] [Epoch   167/  200] trn/loss 2.423e-03, trn/lr 2.030e-02, trn/scale 1.003e-01, val/acc 9.556e-01, val/nll 1.483e-01
[2023-02-11 08:35:29] [Epoch   168/  200] trn/loss 2.310e-03, trn/lr 1.913e-02, trn/scale 1.003e-01, val/acc 9.545e-01, val/nll 1.470e-01
[2023-02-11 08:35:38] [Epoch   169/  200] trn/loss 2.260e-03, trn/lr 1.800e-02, trn/scale 1.003e-01, val/acc 9.562e-01, val/nll 1.441e-01
[2023-02-11 08:35:47] [Epoch   170/  200] trn/loss 2.188e-03, trn/lr 1.689e-02, trn/scale 1.003e-01, val/acc 9.564e-01, val/nll 1.434e-01 (best_acc: 9.562e-01 -> 9.564e-01, test_acc: 9.550e-01, test_nll: 1.447e-01)
[2023-02-11 08:35:55] [Epoch   171/  200] trn/loss 2.097e-03, trn/lr 1.582e-02, trn/scale 1.003e-01, val/acc 9.555e-01, val/nll 1.458e-01
[2023-02-11 08:36:03] [Epoch   172/  200] trn/loss 2.070e-03, trn/lr 1.479e-02, trn/scale 1.003e-01, val/acc 9.553e-01, val/nll 1.440e-01
[2023-02-11 08:36:11] [Epoch   173/  200] trn/loss 2.041e-03, trn/lr 1.378e-02, trn/scale 1.003e-01, val/acc 9.554e-01, val/nll 1.447e-01
[2023-02-11 08:36:19] [Epoch   174/  200] trn/loss 2.000e-03, trn/lr 1.281e-02, trn/scale 1.003e-01, val/acc 9.561e-01, val/nll 1.447e-01
[2023-02-11 08:36:28] [Epoch   175/  200] trn/loss 1.895e-03, trn/lr 1.188e-02, trn/scale 1.003e-01, val/acc 9.567e-01, val/nll 1.426e-01 (best_acc: 9.564e-01 -> 9.567e-01, test_acc: 9.550e-01, test_nll: 1.432e-01)
[2023-02-11 08:36:37] [Epoch   176/  200] trn/loss 1.835e-03, trn/lr 1.098e-02, trn/scale 1.003e-01, val/acc 9.565e-01, val/nll 1.410e-01
[2023-02-11 08:36:46] [Epoch   177/  200] trn/loss 1.817e-03, trn/lr 1.011e-02, trn/scale 1.003e-01, val/acc 9.572e-01, val/nll 1.416e-01 (best_acc: 9.567e-01 -> 9.572e-01, test_acc: 9.539e-01, test_nll: 1.434e-01)
[2023-02-11 08:36:55] [Epoch   178/  200] trn/loss 1.815e-03, trn/lr 9.275e-03, trn/scale 1.003e-01, val/acc 9.579e-01, val/nll 1.413e-01 (best_acc: 9.572e-01 -> 9.579e-01, test_acc: 9.545e-01, test_nll: 1.434e-01)
[2023-02-11 08:37:03] [Epoch   179/  200] trn/loss 1.827e-03, trn/lr 8.477e-03, trn/scale 1.003e-01, val/acc 9.571e-01, val/nll 1.426e-01
[2023-02-11 08:37:11] [Epoch   180/  200] trn/loss 1.768e-03, trn/lr 7.714e-03, trn/scale 1.003e-01, val/acc 9.566e-01, val/nll 1.423e-01
[2023-02-11 08:37:19] [Epoch   181/  200] trn/loss 1.715e-03, trn/lr 6.986e-03, trn/scale 1.003e-01, val/acc 9.572e-01, val/nll 1.422e-01
[2023-02-11 08:37:28] [Epoch   182/  200] trn/loss 1.682e-03, trn/lr 6.293e-03, trn/scale 1.003e-01, val/acc 9.571e-01, val/nll 1.417e-01
[2023-02-11 08:37:36] [Epoch   183/  200] trn/loss 1.682e-03, trn/lr 5.635e-03, trn/scale 1.003e-01, val/acc 9.570e-01, val/nll 1.410e-01
[2023-02-11 08:37:44] [Epoch   184/  200] trn/loss 1.665e-03, trn/lr 5.013e-03, trn/scale 1.003e-01, val/acc 9.569e-01, val/nll 1.415e-01
[2023-02-11 08:37:52] [Epoch   185/  200] trn/loss 1.584e-03, trn/lr 4.427e-03, trn/scale 1.003e-01, val/acc 9.572e-01, val/nll 1.422e-01
[2023-02-11 08:38:00] [Epoch   186/  200] trn/loss 1.620e-03, trn/lr 3.877e-03, trn/scale 1.003e-01, val/acc 9.577e-01, val/nll 1.426e-01
[2023-02-11 08:38:08] [Epoch   187/  200] trn/loss 1.579e-03, trn/lr 3.363e-03, trn/scale 1.003e-01, val/acc 9.571e-01, val/nll 1.424e-01
[2023-02-11 08:38:17] [Epoch   188/  200] trn/loss 1.544e-03, trn/lr 2.885e-03, trn/scale 1.003e-01, val/acc 9.574e-01, val/nll 1.422e-01
[2023-02-11 08:38:25] [Epoch   189/  200] trn/loss 1.556e-03, trn/lr 2.444e-03, trn/scale 1.003e-01, val/acc 9.574e-01, val/nll 1.420e-01
[2023-02-11 08:38:33] [Epoch   190/  200] trn/loss 1.551e-03, trn/lr 2.038e-03, trn/scale 1.003e-01, val/acc 9.573e-01, val/nll 1.424e-01
[2023-02-11 08:38:41] [Epoch   191/  200] trn/loss 1.519e-03, trn/lr 1.670e-03, trn/scale 1.003e-01, val/acc 9.575e-01, val/nll 1.413e-01
[2023-02-11 08:38:49] [Epoch   192/  200] trn/loss 1.561e-03, trn/lr 1.338e-03, trn/scale 1.003e-01, val/acc 9.572e-01, val/nll 1.417e-01
[2023-02-11 08:38:57] [Epoch   193/  200] trn/loss 1.537e-03, trn/lr 1.042e-03, trn/scale 1.003e-01, val/acc 9.572e-01, val/nll 1.417e-01
[2023-02-11 08:39:06] [Epoch   194/  200] trn/loss 1.527e-03, trn/lr 7.835e-04, trn/scale 1.003e-01, val/acc 9.569e-01, val/nll 1.417e-01
[2023-02-11 08:39:14] [Epoch   195/  200] trn/loss 1.518e-03, trn/lr 5.616e-04, trn/scale 1.003e-01, val/acc 9.570e-01, val/nll 1.418e-01
[2023-02-11 08:39:22] [Epoch   196/  200] trn/loss 1.513e-03, trn/lr 3.766e-04, trn/scale 1.003e-01, val/acc 9.567e-01, val/nll 1.418e-01
[2023-02-11 08:39:31] [Epoch   197/  200] trn/loss 1.520e-03, trn/lr 2.286e-04, trn/scale 1.003e-01, val/acc 9.580e-01, val/nll 1.416e-01 (best_acc: 9.579e-01 -> 9.580e-01, test_acc: 9.554e-01, test_nll: 1.421e-01)
[2023-02-11 08:39:39] [Epoch   198/  200] trn/loss 1.564e-03, trn/lr 1.175e-04, trn/scale 1.003e-01, val/acc 9.573e-01, val/nll 1.415e-01
[2023-02-11 08:39:47] [Epoch   199/  200] trn/loss 1.517e-03, trn/lr 4.335e-05, trn/scale 1.003e-01, val/acc 9.570e-01, val/nll 1.416e-01
[2023-02-11 08:39:56] [Epoch   200/  200] trn/loss 1.534e-03, trn/lr 6.226e-06, trn/scale 1.003e-01, val/acc 9.570e-01, val/nll 1.417e-01
