[2023-02-19 21:25:28] Environments:
------------  ------------------------------------------------------------
sys.platform  linux
Python        3.8.10 (default, Nov 14 2022, 12:59:47) [GCC 9.4.0]
JAX           0.4.2 @/home/giung/.local/lib/python3.8/site-packages/jax
jaxlib        0.4.2 @/home/giung/.local/lib/python3.8/site-packages/jaxlib
Flax          0.6.4 @/home/giung/.local/lib/python3.8/site-packages/flax
Optax         0.1.4 @/home/giung/.local/lib/python3.8/site-packages/optax
------------  ------------------------------------------------------------

[2023-02-19 21:25:28] Command line arguments:
- args.data_root          : ./data/
- args.data_name          : CIFAR10_x32
- args.data_augmentation  : standard
- args.data_proportional  : 1.0
- args.model_depth        : 20
- args.model_width        : 4
- args.model_style        : BN-ReLU
- args.optim_bs           : 256
- args.optim_ne           : 200
- args.optim_lr           : 0.3
- args.optim_momentum     : 0.9
- args.optim_weight_decay : 0.0001
- args.rho                : 1.0
- args.save               : /home/giung/giung2-dev/projects/sam/save/CIFAR10_x32/R20x4-BN-ReLU/ASAM/bs-0256_ne-0200_lr-0.30_mo-0.90_wd-0.0001_rho-1.0000_fp32/42
- args.seed               : 42
- args.precision          : fp32

[2023-02-19 21:25:34] Multiple local devices are detected:
[TpuDevice(id=0, process_index=0, coords=(0,0,0), core_on_chip=0), TpuDevice(id=1, process_index=0, coords=(0,0,0), core_on_chip=1), TpuDevice(id=2, process_index=0, coords=(1,0,0), core_on_chip=0), TpuDevice(id=3, process_index=0, coords=(1,0,0), core_on_chip=1), TpuDevice(id=4, process_index=0, coords=(0,1,0), core_on_chip=0), TpuDevice(id=5, process_index=0, coords=(0,1,0), core_on_chip=1), TpuDevice(id=6, process_index=0, coords=(1,1,0), core_on_chip=0), TpuDevice(id=7, process_index=0, coords=(1,1,0), core_on_chip=1)]

[2023-02-19 21:26:39] [Epoch     1/  200] trn/loss 2.652e+00, trn/lr 3.000e-01, val/acc 9.900e-02, val/nll 2.310e+00 (best_acc: 0.000e+00 -> 9.900e-02, test_acc: 1.065e-01, test_nll: 2.308e+00)
[2023-02-19 21:26:47] [Epoch     2/  200] trn/loss 2.303e+00, trn/lr 3.000e-01, val/acc 1.017e-01, val/nll 2.299e+00 (best_acc: 9.900e-02 -> 1.017e-01, test_acc: 1.048e-01, test_nll: 2.300e+00)
[2023-02-19 21:26:55] [Epoch     3/  200] trn/loss 2.299e+00, trn/lr 2.999e-01, val/acc 1.053e-01, val/nll 2.302e+00 (best_acc: 1.017e-01 -> 1.053e-01, test_acc: 1.135e-01, test_nll: 2.301e+00)
[2023-02-19 21:27:03] [Epoch     4/  200] trn/loss 2.295e+00, trn/lr 2.998e-01, val/acc 1.125e-01, val/nll 2.299e+00 (best_acc: 1.053e-01 -> 1.125e-01, test_acc: 1.181e-01, test_nll: 2.300e+00)
[2023-02-19 21:27:11] [Epoch     5/  200] trn/loss 2.291e+00, trn/lr 2.996e-01, val/acc 1.147e-01, val/nll 2.300e+00 (best_acc: 1.125e-01 -> 1.147e-01, test_acc: 1.210e-01, test_nll: 2.302e+00)
[2023-02-19 21:27:19] [Epoch     6/  200] trn/loss 2.278e+00, trn/lr 2.994e-01, val/acc 1.336e-01, val/nll 2.283e+00 (best_acc: 1.147e-01 -> 1.336e-01, test_acc: 1.391e-01, test_nll: 2.283e+00)
[2023-02-19 21:27:27] [Epoch     7/  200] trn/loss 2.228e+00, trn/lr 2.992e-01, val/acc 1.954e-01, val/nll 2.126e+00 (best_acc: 1.336e-01 -> 1.954e-01, test_acc: 1.912e-01, test_nll: 2.129e+00)
[2023-02-19 21:27:35] [Epoch     8/  200] trn/loss 2.068e+00, trn/lr 2.990e-01, val/acc 2.160e-01, val/nll 2.073e+00 (best_acc: 1.954e-01 -> 2.160e-01, test_acc: 2.080e-01, test_nll: 2.075e+00)
[2023-02-19 21:27:43] [Epoch     9/  200] trn/loss 1.971e+00, trn/lr 2.987e-01, val/acc 2.319e-01, val/nll 1.962e+00 (best_acc: 2.160e-01 -> 2.319e-01, test_acc: 2.403e-01, test_nll: 1.957e+00)
[2023-02-19 21:27:51] [Epoch    10/  200] trn/loss 1.910e+00, trn/lr 2.983e-01, val/acc 2.722e-01, val/nll 1.913e+00 (best_acc: 2.319e-01 -> 2.722e-01, test_acc: 2.729e-01, test_nll: 1.910e+00)
[2023-02-19 21:27:59] [Epoch    11/  200] trn/loss 1.841e+00, trn/lr 2.980e-01, val/acc 3.064e-01, val/nll 1.805e+00 (best_acc: 2.722e-01 -> 3.064e-01, test_acc: 3.120e-01, test_nll: 1.802e+00)
[2023-02-19 21:28:07] [Epoch    12/  200] trn/loss 1.764e+00, trn/lr 2.976e-01, val/acc 3.240e-01, val/nll 1.747e+00 (best_acc: 3.064e-01 -> 3.240e-01, test_acc: 3.178e-01, test_nll: 1.744e+00)
[2023-02-19 21:28:15] [Epoch    13/  200] trn/loss 1.705e+00, trn/lr 2.971e-01, val/acc 3.758e-01, val/nll 1.639e+00 (best_acc: 3.240e-01 -> 3.758e-01, test_acc: 3.822e-01, test_nll: 1.640e+00)
[2023-02-19 21:28:23] [Epoch    14/  200] trn/loss 1.645e+00, trn/lr 2.966e-01, val/acc 3.781e-01, val/nll 1.617e+00 (best_acc: 3.758e-01 -> 3.781e-01, test_acc: 3.810e-01, test_nll: 1.618e+00)
[2023-02-19 21:28:31] [Epoch    15/  200] trn/loss 1.597e+00, trn/lr 2.961e-01, val/acc 4.035e-01, val/nll 1.588e+00 (best_acc: 3.781e-01 -> 4.035e-01, test_acc: 4.193e-01, test_nll: 1.586e+00)
[2023-02-19 21:28:39] [Epoch    16/  200] trn/loss 1.528e+00, trn/lr 2.956e-01, val/acc 4.145e-01, val/nll 1.563e+00 (best_acc: 4.035e-01 -> 4.145e-01, test_acc: 4.301e-01, test_nll: 1.559e+00)
[2023-02-19 21:28:47] [Epoch    17/  200] trn/loss 1.437e+00, trn/lr 2.950e-01, val/acc 4.742e-01, val/nll 1.411e+00 (best_acc: 4.145e-01 -> 4.742e-01, test_acc: 4.805e-01, test_nll: 1.416e+00)
[2023-02-19 21:28:55] [Epoch    18/  200] trn/loss 1.311e+00, trn/lr 2.944e-01, val/acc 5.399e-01, val/nll 1.239e+00 (best_acc: 4.742e-01 -> 5.399e-01, test_acc: 5.407e-01, test_nll: 1.257e+00)
[2023-02-19 21:29:03] [Epoch    19/  200] trn/loss 1.181e+00, trn/lr 2.937e-01, val/acc 5.785e-01, val/nll 1.131e+00 (best_acc: 5.399e-01 -> 5.785e-01, test_acc: 5.780e-01, test_nll: 1.145e+00)
[2023-02-19 21:29:11] [Epoch    20/  200] trn/loss 1.054e+00, trn/lr 2.930e-01, val/acc 6.326e-01, val/nll 1.040e+00 (best_acc: 5.785e-01 -> 6.326e-01, test_acc: 6.285e-01, test_nll: 1.054e+00)
[2023-02-19 21:29:19] [Epoch    21/  200] trn/loss 9.531e-01, trn/lr 2.923e-01, val/acc 6.702e-01, val/nll 9.472e-01 (best_acc: 6.326e-01 -> 6.702e-01, test_acc: 6.632e-01, test_nll: 9.552e-01)
[2023-02-19 21:29:27] [Epoch    22/  200] trn/loss 8.598e-01, trn/lr 2.915e-01, val/acc 6.852e-01, val/nll 9.279e-01 (best_acc: 6.702e-01 -> 6.852e-01, test_acc: 6.744e-01, test_nll: 9.450e-01)
[2023-02-19 21:29:35] [Epoch    23/  200] trn/loss 7.806e-01, trn/lr 2.907e-01, val/acc 7.496e-01, val/nll 7.283e-01 (best_acc: 6.852e-01 -> 7.496e-01, test_acc: 7.424e-01, test_nll: 7.487e-01)
[2023-02-19 21:29:42] [Epoch    24/  200] trn/loss 6.964e-01, trn/lr 2.899e-01, val/acc 6.980e-01, val/nll 8.974e-01
[2023-02-19 21:29:50] [Epoch    25/  200] trn/loss 6.425e-01, trn/lr 2.890e-01, val/acc 7.713e-01, val/nll 6.706e-01 (best_acc: 7.496e-01 -> 7.713e-01, test_acc: 7.714e-01, test_nll: 6.793e-01)
[2023-02-19 21:29:57] [Epoch    26/  200] trn/loss 6.030e-01, trn/lr 2.881e-01, val/acc 7.496e-01, val/nll 7.437e-01
[2023-02-19 21:30:05] [Epoch    27/  200] trn/loss 5.544e-01, trn/lr 2.872e-01, val/acc 8.054e-01, val/nll 5.702e-01 (best_acc: 7.713e-01 -> 8.054e-01, test_acc: 7.981e-01, test_nll: 5.831e-01)
[2023-02-19 21:30:12] [Epoch    28/  200] trn/loss 5.212e-01, trn/lr 2.862e-01, val/acc 7.481e-01, val/nll 7.678e-01
[2023-02-19 21:30:20] [Epoch    29/  200] trn/loss 4.940e-01, trn/lr 2.852e-01, val/acc 8.258e-01, val/nll 5.195e-01 (best_acc: 8.054e-01 -> 8.258e-01, test_acc: 8.184e-01, test_nll: 5.306e-01)
[2023-02-19 21:30:28] [Epoch    30/  200] trn/loss 4.595e-01, trn/lr 2.842e-01, val/acc 7.988e-01, val/nll 5.879e-01
[2023-02-19 21:30:35] [Epoch    31/  200] trn/loss 4.375e-01, trn/lr 2.831e-01, val/acc 8.166e-01, val/nll 5.270e-01
[2023-02-19 21:30:42] [Epoch    32/  200] trn/loss 4.120e-01, trn/lr 2.820e-01, val/acc 8.200e-01, val/nll 5.376e-01
[2023-02-19 21:30:50] [Epoch    33/  200] trn/loss 3.998e-01, trn/lr 2.809e-01, val/acc 8.322e-01, val/nll 5.099e-01 (best_acc: 8.258e-01 -> 8.322e-01, test_acc: 8.312e-01, test_nll: 5.284e-01)
[2023-02-19 21:30:58] [Epoch    34/  200] trn/loss 3.746e-01, trn/lr 2.797e-01, val/acc 8.475e-01, val/nll 4.515e-01 (best_acc: 8.322e-01 -> 8.475e-01, test_acc: 8.427e-01, test_nll: 4.714e-01)
[2023-02-19 21:31:06] [Epoch    35/  200] trn/loss 3.543e-01, trn/lr 2.785e-01, val/acc 8.492e-01, val/nll 4.559e-01 (best_acc: 8.475e-01 -> 8.492e-01, test_acc: 8.410e-01, test_nll: 4.770e-01)
[2023-02-19 21:31:14] [Epoch    36/  200] trn/loss 3.440e-01, trn/lr 2.773e-01, val/acc 8.583e-01, val/nll 4.153e-01 (best_acc: 8.492e-01 -> 8.583e-01, test_acc: 8.579e-01, test_nll: 4.323e-01)
[2023-02-19 21:31:22] [Epoch    37/  200] trn/loss 3.238e-01, trn/lr 2.760e-01, val/acc 8.708e-01, val/nll 3.908e-01 (best_acc: 8.583e-01 -> 8.708e-01, test_acc: 8.623e-01, test_nll: 4.076e-01)
[2023-02-19 21:31:29] [Epoch    38/  200] trn/loss 3.131e-01, trn/lr 2.747e-01, val/acc 8.525e-01, val/nll 4.431e-01
[2023-02-19 21:31:37] [Epoch    39/  200] trn/loss 3.037e-01, trn/lr 2.734e-01, val/acc 8.720e-01, val/nll 3.741e-01 (best_acc: 8.708e-01 -> 8.720e-01, test_acc: 8.699e-01, test_nll: 3.875e-01)
[2023-02-19 21:31:45] [Epoch    40/  200] trn/loss 2.907e-01, trn/lr 2.720e-01, val/acc 8.759e-01, val/nll 3.723e-01 (best_acc: 8.720e-01 -> 8.759e-01, test_acc: 8.683e-01, test_nll: 3.955e-01)
[2023-02-19 21:31:52] [Epoch    41/  200] trn/loss 2.784e-01, trn/lr 2.707e-01, val/acc 8.697e-01, val/nll 3.836e-01
[2023-02-19 21:32:00] [Epoch    42/  200] trn/loss 2.653e-01, trn/lr 2.692e-01, val/acc 8.787e-01, val/nll 3.620e-01 (best_acc: 8.759e-01 -> 8.787e-01, test_acc: 8.746e-01, test_nll: 3.766e-01)
[2023-02-19 21:32:07] [Epoch    43/  200] trn/loss 2.527e-01, trn/lr 2.678e-01, val/acc 8.687e-01, val/nll 3.843e-01
[2023-02-19 21:32:14] [Epoch    44/  200] trn/loss 2.457e-01, trn/lr 2.663e-01, val/acc 8.739e-01, val/nll 3.800e-01
[2023-02-19 21:32:22] [Epoch    45/  200] trn/loss 2.347e-01, trn/lr 2.648e-01, val/acc 8.804e-01, val/nll 3.552e-01 (best_acc: 8.787e-01 -> 8.804e-01, test_acc: 8.804e-01, test_nll: 3.545e-01)
[2023-02-19 21:32:29] [Epoch    46/  200] trn/loss 2.298e-01, trn/lr 2.633e-01, val/acc 8.446e-01, val/nll 4.536e-01
[2023-02-19 21:32:37] [Epoch    47/  200] trn/loss 2.255e-01, trn/lr 2.617e-01, val/acc 8.894e-01, val/nll 3.265e-01 (best_acc: 8.804e-01 -> 8.894e-01, test_acc: 8.877e-01, test_nll: 3.410e-01)
[2023-02-19 21:32:45] [Epoch    48/  200] trn/loss 2.149e-01, trn/lr 2.602e-01, val/acc 8.944e-01, val/nll 3.228e-01 (best_acc: 8.894e-01 -> 8.944e-01, test_acc: 8.848e-01, test_nll: 3.391e-01)
[2023-02-19 21:32:53] [Epoch    49/  200] trn/loss 2.111e-01, trn/lr 2.585e-01, val/acc 8.934e-01, val/nll 3.172e-01
[2023-02-19 21:33:00] [Epoch    50/  200] trn/loss 2.010e-01, trn/lr 2.569e-01, val/acc 8.898e-01, val/nll 3.284e-01
[2023-02-19 21:33:07] [Epoch    51/  200] trn/loss 1.973e-01, trn/lr 2.552e-01, val/acc 8.907e-01, val/nll 3.206e-01
[2023-02-19 21:33:14] [Epoch    52/  200] trn/loss 1.952e-01, trn/lr 2.535e-01, val/acc 8.933e-01, val/nll 3.116e-01
[2023-02-19 21:33:21] [Epoch    53/  200] trn/loss 1.837e-01, trn/lr 2.518e-01, val/acc 8.850e-01, val/nll 3.451e-01
[2023-02-19 21:33:29] [Epoch    54/  200] trn/loss 1.742e-01, trn/lr 2.501e-01, val/acc 8.958e-01, val/nll 3.119e-01 (best_acc: 8.944e-01 -> 8.958e-01, test_acc: 8.916e-01, test_nll: 3.269e-01)
[2023-02-19 21:33:36] [Epoch    55/  200] trn/loss 1.693e-01, trn/lr 2.483e-01, val/acc 8.737e-01, val/nll 3.767e-01
[2023-02-19 21:33:44] [Epoch    56/  200] trn/loss 1.644e-01, trn/lr 2.465e-01, val/acc 9.024e-01, val/nll 2.887e-01 (best_acc: 8.958e-01 -> 9.024e-01, test_acc: 8.967e-01, test_nll: 3.045e-01)
[2023-02-19 21:33:52] [Epoch    57/  200] trn/loss 1.596e-01, trn/lr 2.447e-01, val/acc 8.905e-01, val/nll 3.218e-01
[2023-02-19 21:34:00] [Epoch    58/  200] trn/loss 1.557e-01, trn/lr 2.429e-01, val/acc 9.056e-01, val/nll 2.913e-01 (best_acc: 9.024e-01 -> 9.056e-01, test_acc: 9.035e-01, test_nll: 2.859e-01)
[2023-02-19 21:34:08] [Epoch    59/  200] trn/loss 1.500e-01, trn/lr 2.410e-01, val/acc 9.086e-01, val/nll 2.683e-01 (best_acc: 9.056e-01 -> 9.086e-01, test_acc: 8.997e-01, test_nll: 2.905e-01)
[2023-02-19 21:34:16] [Epoch    60/  200] trn/loss 1.504e-01, trn/lr 2.391e-01, val/acc 9.094e-01, val/nll 2.663e-01 (best_acc: 9.086e-01 -> 9.094e-01, test_acc: 9.049e-01, test_nll: 2.777e-01)
[2023-02-19 21:34:24] [Epoch    61/  200] trn/loss 1.477e-01, trn/lr 2.372e-01, val/acc 9.155e-01, val/nll 2.551e-01 (best_acc: 9.094e-01 -> 9.155e-01, test_acc: 9.050e-01, test_nll: 2.793e-01)
[2023-02-19 21:34:31] [Epoch    62/  200] trn/loss 1.408e-01, trn/lr 2.353e-01, val/acc 8.906e-01, val/nll 3.364e-01
[2023-02-19 21:34:38] [Epoch    63/  200] trn/loss 1.355e-01, trn/lr 2.333e-01, val/acc 9.049e-01, val/nll 2.776e-01
[2023-02-19 21:34:45] [Epoch    64/  200] trn/loss 1.314e-01, trn/lr 2.314e-01, val/acc 8.982e-01, val/nll 3.088e-01
[2023-02-19 21:34:52] [Epoch    65/  200] trn/loss 1.268e-01, trn/lr 2.294e-01, val/acc 9.024e-01, val/nll 2.985e-01
[2023-02-19 21:35:00] [Epoch    66/  200] trn/loss 1.205e-01, trn/lr 2.274e-01, val/acc 9.153e-01, val/nll 2.517e-01
[2023-02-19 21:35:07] [Epoch    67/  200] trn/loss 1.220e-01, trn/lr 2.253e-01, val/acc 9.137e-01, val/nll 2.528e-01
[2023-02-19 21:35:14] [Epoch    68/  200] trn/loss 1.159e-01, trn/lr 2.233e-01, val/acc 9.133e-01, val/nll 2.596e-01
[2023-02-19 21:35:21] [Epoch    69/  200] trn/loss 1.182e-01, trn/lr 2.212e-01, val/acc 9.113e-01, val/nll 2.631e-01
[2023-02-19 21:35:29] [Epoch    70/  200] trn/loss 1.096e-01, trn/lr 2.192e-01, val/acc 9.101e-01, val/nll 2.684e-01
[2023-02-19 21:35:36] [Epoch    71/  200] trn/loss 1.118e-01, trn/lr 2.171e-01, val/acc 9.093e-01, val/nll 2.769e-01
[2023-02-19 21:35:43] [Epoch    72/  200] trn/loss 1.044e-01, trn/lr 2.149e-01, val/acc 9.023e-01, val/nll 2.924e-01
[2023-02-19 21:35:50] [Epoch    73/  200] trn/loss 1.038e-01, trn/lr 2.128e-01, val/acc 9.053e-01, val/nll 2.771e-01
[2023-02-19 21:35:57] [Epoch    74/  200] trn/loss 9.516e-02, trn/lr 2.107e-01, val/acc 9.114e-01, val/nll 2.627e-01
[2023-02-19 21:36:05] [Epoch    75/  200] trn/loss 9.482e-02, trn/lr 2.085e-01, val/acc 9.009e-01, val/nll 2.949e-01
[2023-02-19 21:36:12] [Epoch    76/  200] trn/loss 9.436e-02, trn/lr 2.063e-01, val/acc 9.040e-01, val/nll 2.822e-01
[2023-02-19 21:36:19] [Epoch    77/  200] trn/loss 8.777e-02, trn/lr 2.041e-01, val/acc 9.102e-01, val/nll 2.615e-01
[2023-02-19 21:36:26] [Epoch    78/  200] trn/loss 9.065e-02, trn/lr 2.019e-01, val/acc 9.111e-01, val/nll 2.834e-01
[2023-02-19 21:36:34] [Epoch    79/  200] trn/loss 8.629e-02, trn/lr 1.997e-01, val/acc 9.197e-01, val/nll 2.417e-01 (best_acc: 9.155e-01 -> 9.197e-01, test_acc: 9.130e-01, test_nll: 2.653e-01)
[2023-02-19 21:36:41] [Epoch    80/  200] trn/loss 8.424e-02, trn/lr 1.975e-01, val/acc 9.153e-01, val/nll 2.546e-01
[2023-02-19 21:36:48] [Epoch    81/  200] trn/loss 8.072e-02, trn/lr 1.952e-01, val/acc 9.115e-01, val/nll 2.599e-01
[2023-02-19 21:36:56] [Epoch    82/  200] trn/loss 7.689e-02, trn/lr 1.930e-01, val/acc 9.250e-01, val/nll 2.273e-01 (best_acc: 9.197e-01 -> 9.250e-01, test_acc: 9.173e-01, test_nll: 2.426e-01)
[2023-02-19 21:37:04] [Epoch    83/  200] trn/loss 7.208e-02, trn/lr 1.907e-01, val/acc 9.211e-01, val/nll 2.346e-01
[2023-02-19 21:37:11] [Epoch    84/  200] trn/loss 7.265e-02, trn/lr 1.885e-01, val/acc 9.159e-01, val/nll 2.514e-01
[2023-02-19 21:37:18] [Epoch    85/  200] trn/loss 6.860e-02, trn/lr 1.862e-01, val/acc 9.149e-01, val/nll 2.614e-01
[2023-02-19 21:37:26] [Epoch    86/  200] trn/loss 6.928e-02, trn/lr 1.839e-01, val/acc 9.260e-01, val/nll 2.338e-01 (best_acc: 9.250e-01 -> 9.260e-01, test_acc: 9.172e-01, test_nll: 2.479e-01)
[2023-02-19 21:37:33] [Epoch    87/  200] trn/loss 6.721e-02, trn/lr 1.816e-01, val/acc 9.061e-01, val/nll 2.879e-01
[2023-02-19 21:37:40] [Epoch    88/  200] trn/loss 6.820e-02, trn/lr 1.793e-01, val/acc 9.176e-01, val/nll 2.538e-01
[2023-02-19 21:37:47] [Epoch    89/  200] trn/loss 6.638e-02, trn/lr 1.770e-01, val/acc 9.187e-01, val/nll 2.496e-01
[2023-02-19 21:37:55] [Epoch    90/  200] trn/loss 6.297e-02, trn/lr 1.746e-01, val/acc 9.164e-01, val/nll 2.448e-01
[2023-02-19 21:38:03] [Epoch    91/  200] trn/loss 5.879e-02, trn/lr 1.723e-01, val/acc 9.275e-01, val/nll 2.275e-01 (best_acc: 9.260e-01 -> 9.275e-01, test_acc: 9.222e-01, test_nll: 2.458e-01)
[2023-02-19 21:38:11] [Epoch    92/  200] trn/loss 5.843e-02, trn/lr 1.700e-01, val/acc 9.321e-01, val/nll 2.121e-01 (best_acc: 9.275e-01 -> 9.321e-01, test_acc: 9.262e-01, test_nll: 2.310e-01)
[2023-02-19 21:38:18] [Epoch    93/  200] trn/loss 5.642e-02, trn/lr 1.676e-01, val/acc 9.221e-01, val/nll 2.455e-01
[2023-02-19 21:38:25] [Epoch    94/  200] trn/loss 5.385e-02, trn/lr 1.653e-01, val/acc 9.188e-01, val/nll 2.585e-01
[2023-02-19 21:38:32] [Epoch    95/  200] trn/loss 5.236e-02, trn/lr 1.630e-01, val/acc 9.168e-01, val/nll 2.758e-01
[2023-02-19 21:38:39] [Epoch    96/  200] trn/loss 5.313e-02, trn/lr 1.606e-01, val/acc 9.230e-01, val/nll 2.410e-01
[2023-02-19 21:38:47] [Epoch    97/  200] trn/loss 4.936e-02, trn/lr 1.582e-01, val/acc 9.238e-01, val/nll 2.375e-01
[2023-02-19 21:38:54] [Epoch    98/  200] trn/loss 4.852e-02, trn/lr 1.559e-01, val/acc 9.074e-01, val/nll 2.994e-01
[2023-02-19 21:39:01] [Epoch    99/  200] trn/loss 4.694e-02, trn/lr 1.535e-01, val/acc 9.229e-01, val/nll 2.496e-01
[2023-02-19 21:39:08] [Epoch   100/  200] trn/loss 4.463e-02, trn/lr 1.512e-01, val/acc 9.206e-01, val/nll 2.468e-01
[2023-02-19 21:39:15] [Epoch   101/  200] trn/loss 4.206e-02, trn/lr 1.488e-01, val/acc 9.209e-01, val/nll 2.468e-01
[2023-02-19 21:39:23] [Epoch   102/  200] trn/loss 4.340e-02, trn/lr 1.465e-01, val/acc 9.249e-01, val/nll 2.277e-01
[2023-02-19 21:39:30] [Epoch   103/  200] trn/loss 3.966e-02, trn/lr 1.441e-01, val/acc 9.277e-01, val/nll 2.266e-01
[2023-02-19 21:39:37] [Epoch   104/  200] trn/loss 3.952e-02, trn/lr 1.418e-01, val/acc 9.240e-01, val/nll 2.294e-01
[2023-02-19 21:39:44] [Epoch   105/  200] trn/loss 3.853e-02, trn/lr 1.394e-01, val/acc 9.287e-01, val/nll 2.111e-01
[2023-02-19 21:39:51] [Epoch   106/  200] trn/loss 3.531e-02, trn/lr 1.371e-01, val/acc 9.313e-01, val/nll 2.074e-01
[2023-02-19 21:39:59] [Epoch   107/  200] trn/loss 3.459e-02, trn/lr 1.347e-01, val/acc 9.348e-01, val/nll 2.012e-01 (best_acc: 9.321e-01 -> 9.348e-01, test_acc: 9.319e-01, test_nll: 2.121e-01)
[2023-02-19 21:40:07] [Epoch   108/  200] trn/loss 3.222e-02, trn/lr 1.324e-01, val/acc 9.300e-01, val/nll 2.163e-01
[2023-02-19 21:40:14] [Epoch   109/  200] trn/loss 3.429e-02, trn/lr 1.300e-01, val/acc 9.300e-01, val/nll 2.223e-01
[2023-02-19 21:40:21] [Epoch   110/  200] trn/loss 3.113e-02, trn/lr 1.277e-01, val/acc 9.327e-01, val/nll 2.080e-01
[2023-02-19 21:40:28] [Epoch   111/  200] trn/loss 3.164e-02, trn/lr 1.254e-01, val/acc 9.348e-01, val/nll 2.027e-01
[2023-02-19 21:40:36] [Epoch   112/  200] trn/loss 2.984e-02, trn/lr 1.231e-01, val/acc 9.249e-01, val/nll 2.400e-01
[2023-02-19 21:40:43] [Epoch   113/  200] trn/loss 2.825e-02, trn/lr 1.207e-01, val/acc 9.325e-01, val/nll 2.140e-01
[2023-02-19 21:40:51] [Epoch   114/  200] trn/loss 2.716e-02, trn/lr 1.184e-01, val/acc 9.364e-01, val/nll 1.944e-01 (best_acc: 9.348e-01 -> 9.364e-01, test_acc: 9.318e-01, test_nll: 2.123e-01)
[2023-02-19 21:40:58] [Epoch   115/  200] trn/loss 2.649e-02, trn/lr 1.161e-01, val/acc 9.294e-01, val/nll 2.186e-01
[2023-02-19 21:41:05] [Epoch   116/  200] trn/loss 2.397e-02, trn/lr 1.138e-01, val/acc 9.323e-01, val/nll 2.102e-01
[2023-02-19 21:41:12] [Epoch   117/  200] trn/loss 2.580e-02, trn/lr 1.116e-01, val/acc 9.282e-01, val/nll 2.255e-01
[2023-02-19 21:41:20] [Epoch   118/  200] trn/loss 2.276e-02, trn/lr 1.093e-01, val/acc 9.360e-01, val/nll 2.105e-01
[2023-02-19 21:41:27] [Epoch   119/  200] trn/loss 2.132e-02, trn/lr 1.070e-01, val/acc 9.353e-01, val/nll 1.990e-01
[2023-02-19 21:41:34] [Epoch   120/  200] trn/loss 2.026e-02, trn/lr 1.048e-01, val/acc 9.292e-01, val/nll 2.204e-01
[2023-02-19 21:41:41] [Epoch   121/  200] trn/loss 2.064e-02, trn/lr 1.025e-01, val/acc 9.325e-01, val/nll 2.157e-01
[2023-02-19 21:41:49] [Epoch   122/  200] trn/loss 2.010e-02, trn/lr 1.003e-01, val/acc 9.373e-01, val/nll 1.952e-01 (best_acc: 9.364e-01 -> 9.373e-01, test_acc: 9.351e-01, test_nll: 2.031e-01)
[2023-02-19 21:41:57] [Epoch   123/  200] trn/loss 1.864e-02, trn/lr 9.809e-02, val/acc 9.396e-01, val/nll 1.914e-01 (best_acc: 9.373e-01 -> 9.396e-01, test_acc: 9.350e-01, test_nll: 2.026e-01)
[2023-02-19 21:42:04] [Epoch   124/  200] trn/loss 1.664e-02, trn/lr 9.589e-02, val/acc 9.394e-01, val/nll 1.962e-01
[2023-02-19 21:42:12] [Epoch   125/  200] trn/loss 1.767e-02, trn/lr 9.370e-02, val/acc 9.400e-01, val/nll 1.905e-01 (best_acc: 9.396e-01 -> 9.400e-01, test_acc: 9.386e-01, test_nll: 1.958e-01)
[2023-02-19 21:42:19] [Epoch   126/  200] trn/loss 1.720e-02, trn/lr 9.152e-02, val/acc 9.368e-01, val/nll 2.025e-01
[2023-02-19 21:42:27] [Epoch   127/  200] trn/loss 1.628e-02, trn/lr 8.936e-02, val/acc 9.351e-01, val/nll 1.990e-01
[2023-02-19 21:42:34] [Epoch   128/  200] trn/loss 1.491e-02, trn/lr 8.721e-02, val/acc 9.341e-01, val/nll 2.016e-01
[2023-02-19 21:42:41] [Epoch   129/  200] trn/loss 1.504e-02, trn/lr 8.508e-02, val/acc 9.332e-01, val/nll 2.054e-01
[2023-02-19 21:42:49] [Epoch   130/  200] trn/loss 1.416e-02, trn/lr 8.296e-02, val/acc 9.424e-01, val/nll 1.815e-01 (best_acc: 9.400e-01 -> 9.424e-01, test_acc: 9.408e-01, test_nll: 1.899e-01)
[2023-02-19 21:42:56] [Epoch   131/  200] trn/loss 1.226e-02, trn/lr 8.086e-02, val/acc 9.400e-01, val/nll 1.861e-01
[2023-02-19 21:43:03] [Epoch   132/  200] trn/loss 1.225e-02, trn/lr 7.878e-02, val/acc 9.386e-01, val/nll 1.983e-01
[2023-02-19 21:43:11] [Epoch   133/  200] trn/loss 1.149e-02, trn/lr 7.671e-02, val/acc 9.438e-01, val/nll 1.844e-01 (best_acc: 9.424e-01 -> 9.438e-01, test_acc: 9.383e-01, test_nll: 1.883e-01)
[2023-02-19 21:43:19] [Epoch   134/  200] trn/loss 1.121e-02, trn/lr 7.467e-02, val/acc 9.415e-01, val/nll 1.869e-01
[2023-02-19 21:43:26] [Epoch   135/  200] trn/loss 1.117e-02, trn/lr 7.264e-02, val/acc 9.416e-01, val/nll 1.897e-01
[2023-02-19 21:43:33] [Epoch   136/  200] trn/loss 1.069e-02, trn/lr 7.063e-02, val/acc 9.418e-01, val/nll 1.973e-01
[2023-02-19 21:43:40] [Epoch   137/  200] trn/loss 9.453e-03, trn/lr 6.864e-02, val/acc 9.350e-01, val/nll 2.052e-01
[2023-02-19 21:43:47] [Epoch   138/  200] trn/loss 9.102e-03, trn/lr 6.667e-02, val/acc 9.427e-01, val/nll 1.868e-01
[2023-02-19 21:43:55] [Epoch   139/  200] trn/loss 8.691e-03, trn/lr 6.472e-02, val/acc 9.398e-01, val/nll 2.001e-01
[2023-02-19 21:44:02] [Epoch   140/  200] trn/loss 8.554e-03, trn/lr 6.279e-02, val/acc 9.433e-01, val/nll 1.859e-01
[2023-02-19 21:44:09] [Epoch   141/  200] trn/loss 7.796e-03, trn/lr 6.089e-02, val/acc 9.428e-01, val/nll 1.858e-01
[2023-02-19 21:44:16] [Epoch   142/  200] trn/loss 7.786e-03, trn/lr 5.900e-02, val/acc 9.416e-01, val/nll 1.854e-01
[2023-02-19 21:44:24] [Epoch   143/  200] trn/loss 7.115e-03, trn/lr 5.714e-02, val/acc 9.462e-01, val/nll 1.786e-01 (best_acc: 9.438e-01 -> 9.462e-01, test_acc: 9.404e-01, test_nll: 1.858e-01)
[2023-02-19 21:44:31] [Epoch   144/  200] trn/loss 7.069e-03, trn/lr 5.530e-02, val/acc 9.439e-01, val/nll 1.836e-01
[2023-02-19 21:44:39] [Epoch   145/  200] trn/loss 6.148e-03, trn/lr 5.349e-02, val/acc 9.368e-01, val/nll 2.009e-01
[2023-02-19 21:44:46] [Epoch   146/  200] trn/loss 5.866e-03, trn/lr 5.170e-02, val/acc 9.426e-01, val/nll 1.919e-01
[2023-02-19 21:44:53] [Epoch   147/  200] trn/loss 5.869e-03, trn/lr 4.993e-02, val/acc 9.454e-01, val/nll 1.833e-01
[2023-02-19 21:45:00] [Epoch   148/  200] trn/loss 5.725e-03, trn/lr 4.819e-02, val/acc 9.444e-01, val/nll 1.805e-01
[2023-02-19 21:45:07] [Epoch   149/  200] trn/loss 5.453e-03, trn/lr 4.647e-02, val/acc 9.447e-01, val/nll 1.778e-01
[2023-02-19 21:45:15] [Epoch   150/  200] trn/loss 5.010e-03, trn/lr 4.478e-02, val/acc 9.454e-01, val/nll 1.797e-01
[2023-02-19 21:45:22] [Epoch   151/  200] trn/loss 4.705e-03, trn/lr 4.311e-02, val/acc 9.457e-01, val/nll 1.730e-01
[2023-02-19 21:45:29] [Epoch   152/  200] trn/loss 4.188e-03, trn/lr 4.147e-02, val/acc 9.435e-01, val/nll 1.823e-01
[2023-02-19 21:45:37] [Epoch   153/  200] trn/loss 4.021e-03, trn/lr 3.986e-02, val/acc 9.468e-01, val/nll 1.733e-01 (best_acc: 9.462e-01 -> 9.468e-01, test_acc: 9.417e-01, test_nll: 1.833e-01)
[2023-02-19 21:45:44] [Epoch   154/  200] trn/loss 3.569e-03, trn/lr 3.827e-02, val/acc 9.435e-01, val/nll 1.912e-01
[2023-02-19 21:45:51] [Epoch   155/  200] trn/loss 3.703e-03, trn/lr 3.671e-02, val/acc 9.468e-01, val/nll 1.715e-01
[2023-02-19 21:45:59] [Epoch   156/  200] trn/loss 3.315e-03, trn/lr 3.518e-02, val/acc 9.461e-01, val/nll 1.792e-01
[2023-02-19 21:46:06] [Epoch   157/  200] trn/loss 3.306e-03, trn/lr 3.368e-02, val/acc 9.463e-01, val/nll 1.771e-01
[2023-02-19 21:46:13] [Epoch   158/  200] trn/loss 3.288e-03, trn/lr 3.221e-02, val/acc 9.459e-01, val/nll 1.724e-01
[2023-02-19 21:46:20] [Epoch   159/  200] trn/loss 2.824e-03, trn/lr 3.076e-02, val/acc 9.461e-01, val/nll 1.717e-01
[2023-02-19 21:46:27] [Epoch   160/  200] trn/loss 2.710e-03, trn/lr 2.935e-02, val/acc 9.457e-01, val/nll 1.751e-01
[2023-02-19 21:46:35] [Epoch   161/  200] trn/loss 2.511e-03, trn/lr 2.796e-02, val/acc 9.500e-01, val/nll 1.682e-01 (best_acc: 9.468e-01 -> 9.500e-01, test_acc: 9.483e-01, test_nll: 1.679e-01)
[2023-02-19 21:46:43] [Epoch   162/  200] trn/loss 2.361e-03, trn/lr 2.661e-02, val/acc 9.461e-01, val/nll 1.713e-01
[2023-02-19 21:46:50] [Epoch   163/  200] trn/loss 2.308e-03, trn/lr 2.528e-02, val/acc 9.482e-01, val/nll 1.766e-01
[2023-02-19 21:46:57] [Epoch   164/  200] trn/loss 2.251e-03, trn/lr 2.399e-02, val/acc 9.497e-01, val/nll 1.691e-01
[2023-02-19 21:47:05] [Epoch   165/  200] trn/loss 2.194e-03, trn/lr 2.273e-02, val/acc 9.506e-01, val/nll 1.706e-01 (best_acc: 9.500e-01 -> 9.506e-01, test_acc: 9.469e-01, test_nll: 1.706e-01)
[2023-02-19 21:47:12] [Epoch   166/  200] trn/loss 2.121e-03, trn/lr 2.150e-02, val/acc 9.493e-01, val/nll 1.694e-01
[2023-02-19 21:47:20] [Epoch   167/  200] trn/loss 2.033e-03, trn/lr 2.030e-02, val/acc 9.511e-01, val/nll 1.712e-01 (best_acc: 9.506e-01 -> 9.511e-01, test_acc: 9.482e-01, test_nll: 1.684e-01)
[2023-02-19 21:47:27] [Epoch   168/  200] trn/loss 1.916e-03, trn/lr 1.913e-02, val/acc 9.497e-01, val/nll 1.675e-01
[2023-02-19 21:47:35] [Epoch   169/  200] trn/loss 1.858e-03, trn/lr 1.800e-02, val/acc 9.523e-01, val/nll 1.627e-01 (best_acc: 9.511e-01 -> 9.523e-01, test_acc: 9.484e-01, test_nll: 1.680e-01)
[2023-02-19 21:47:42] [Epoch   170/  200] trn/loss 1.650e-03, trn/lr 1.689e-02, val/acc 9.510e-01, val/nll 1.656e-01
[2023-02-19 21:47:50] [Epoch   171/  200] trn/loss 1.697e-03, trn/lr 1.582e-02, val/acc 9.520e-01, val/nll 1.656e-01
[2023-02-19 21:47:57] [Epoch   172/  200] trn/loss 1.677e-03, trn/lr 1.479e-02, val/acc 9.521e-01, val/nll 1.653e-01
[2023-02-19 21:48:04] [Epoch   173/  200] trn/loss 1.598e-03, trn/lr 1.378e-02, val/acc 9.518e-01, val/nll 1.634e-01
[2023-02-19 21:48:11] [Epoch   174/  200] trn/loss 1.447e-03, trn/lr 1.281e-02, val/acc 9.517e-01, val/nll 1.655e-01
[2023-02-19 21:48:18] [Epoch   175/  200] trn/loss 1.372e-03, trn/lr 1.188e-02, val/acc 9.509e-01, val/nll 1.664e-01
[2023-02-19 21:48:26] [Epoch   176/  200] trn/loss 1.324e-03, trn/lr 1.098e-02, val/acc 9.520e-01, val/nll 1.640e-01
[2023-02-19 21:48:33] [Epoch   177/  200] trn/loss 1.263e-03, trn/lr 1.011e-02, val/acc 9.513e-01, val/nll 1.648e-01
[2023-02-19 21:48:41] [Epoch   178/  200] trn/loss 1.238e-03, trn/lr 9.275e-03, val/acc 9.527e-01, val/nll 1.622e-01 (best_acc: 9.523e-01 -> 9.527e-01, test_acc: 9.507e-01, test_nll: 1.688e-01)
[2023-02-19 21:48:48] [Epoch   179/  200] trn/loss 1.234e-03, trn/lr 8.477e-03, val/acc 9.521e-01, val/nll 1.637e-01
[2023-02-19 21:48:55] [Epoch   180/  200] trn/loss 1.192e-03, trn/lr 7.714e-03, val/acc 9.519e-01, val/nll 1.616e-01
[2023-02-19 21:49:03] [Epoch   181/  200] trn/loss 1.110e-03, trn/lr 6.986e-03, val/acc 9.525e-01, val/nll 1.640e-01
[2023-02-19 21:49:10] [Epoch   182/  200] trn/loss 1.080e-03, trn/lr 6.293e-03, val/acc 9.520e-01, val/nll 1.640e-01
[2023-02-19 21:49:17] [Epoch   183/  200] trn/loss 1.076e-03, trn/lr 5.635e-03, val/acc 9.523e-01, val/nll 1.620e-01
[2023-02-19 21:49:24] [Epoch   184/  200] trn/loss 1.094e-03, trn/lr 5.013e-03, val/acc 9.525e-01, val/nll 1.601e-01
[2023-02-19 21:49:31] [Epoch   185/  200] trn/loss 1.020e-03, trn/lr 4.427e-03, val/acc 9.527e-01, val/nll 1.595e-01
[2023-02-19 21:49:39] [Epoch   186/  200] trn/loss 1.013e-03, trn/lr 3.877e-03, val/acc 9.539e-01, val/nll 1.604e-01 (best_acc: 9.527e-01 -> 9.539e-01, test_acc: 9.512e-01, test_nll: 1.652e-01)
[2023-02-19 21:49:47] [Epoch   187/  200] trn/loss 9.777e-04, trn/lr 3.363e-03, val/acc 9.540e-01, val/nll 1.597e-01 (best_acc: 9.539e-01 -> 9.540e-01, test_acc: 9.517e-01, test_nll: 1.650e-01)
[2023-02-19 21:49:55] [Epoch   188/  200] trn/loss 9.628e-04, trn/lr 2.885e-03, val/acc 9.545e-01, val/nll 1.602e-01 (best_acc: 9.540e-01 -> 9.545e-01, test_acc: 9.510e-01, test_nll: 1.651e-01)
[2023-02-19 21:50:03] [Epoch   189/  200] trn/loss 9.408e-04, trn/lr 2.444e-03, val/acc 9.546e-01, val/nll 1.602e-01 (best_acc: 9.545e-01 -> 9.546e-01, test_acc: 9.514e-01, test_nll: 1.648e-01)
[2023-02-19 21:50:10] [Epoch   190/  200] trn/loss 9.801e-04, trn/lr 2.038e-03, val/acc 9.537e-01, val/nll 1.599e-01
[2023-02-19 21:50:18] [Epoch   191/  200] trn/loss 9.349e-04, trn/lr 1.670e-03, val/acc 9.540e-01, val/nll 1.600e-01
[2023-02-19 21:50:25] [Epoch   192/  200] trn/loss 9.541e-04, trn/lr 1.338e-03, val/acc 9.539e-01, val/nll 1.601e-01
[2023-02-19 21:50:32] [Epoch   193/  200] trn/loss 8.871e-04, trn/lr 1.042e-03, val/acc 9.537e-01, val/nll 1.605e-01
[2023-02-19 21:50:39] [Epoch   194/  200] trn/loss 9.263e-04, trn/lr 7.835e-04, val/acc 9.535e-01, val/nll 1.600e-01
[2023-02-19 21:50:47] [Epoch   195/  200] trn/loss 8.664e-04, trn/lr 5.616e-04, val/acc 9.535e-01, val/nll 1.600e-01
[2023-02-19 21:50:54] [Epoch   196/  200] trn/loss 8.998e-04, trn/lr 3.766e-04, val/acc 9.537e-01, val/nll 1.600e-01
[2023-02-19 21:51:01] [Epoch   197/  200] trn/loss 9.188e-04, trn/lr 2.286e-04, val/acc 9.541e-01, val/nll 1.601e-01
[2023-02-19 21:51:08] [Epoch   198/  200] trn/loss 9.133e-04, trn/lr 1.175e-04, val/acc 9.542e-01, val/nll 1.596e-01
[2023-02-19 21:51:15] [Epoch   199/  200] trn/loss 9.088e-04, trn/lr 4.335e-05, val/acc 9.538e-01, val/nll 1.599e-01
[2023-02-19 21:51:23] [Epoch   200/  200] trn/loss 9.111e-04, trn/lr 6.226e-06, val/acc 9.538e-01, val/nll 1.602e-01
