[2023-02-08 21:54:56] Environments:
------------  ------------------------------------------------------------
sys.platform  linux
Python        3.8.10 (default, Nov 14 2022, 12:59:47) [GCC 9.4.0]
JAX           0.4.2 @/home/giung/.local/lib/python3.8/site-packages/jax
jaxlib        0.4.2 @/home/giung/.local/lib/python3.8/site-packages/jaxlib
Flax          0.6.4 @/home/giung/.local/lib/python3.8/site-packages/flax
Optax         0.1.4 @/home/giung/.local/lib/python3.8/site-packages/optax
------------  ------------------------------------------------------------

[2023-02-08 21:54:56] Command line arguments:
- args.data_root          : ./data/
- args.data_name          : CIFAR10_x32
- args.data_augmentation  : standard
- args.data_proportional  : 1.0
- args.model_depth        : 20
- args.model_width        : 4
- args.model_style        : BN-ReLU
- args.optim_bs           : 256
- args.optim_ne           : 200
- args.optim_lr           : 0.001
- args.optim_b1           : 0.97
- args.optim_b2           : 0.999
- args.optim_eps          : 1e-08
- args.optim_weight_decay : 0.0003
- args.rho                : 0.01
- args.save               : /home/giung/giung2-dev/projects/sam/save/CIFAR10_x32/R20x4-BN-ReLU/SAM-Adam/bs-0256_ne-0200_lr-0.0010_b1-0.9700_b2-0.9990_wd-0.0003_rho-0.0100_fp32/42
- args.seed               : 42
- args.precision          : fp32

[2023-02-08 21:55:02] Multiple local devices are detected:
[TpuDevice(id=0, process_index=0, coords=(0,0,0), core_on_chip=0), TpuDevice(id=1, process_index=0, coords=(0,0,0), core_on_chip=1), TpuDevice(id=2, process_index=0, coords=(1,0,0), core_on_chip=0), TpuDevice(id=3, process_index=0, coords=(1,0,0), core_on_chip=1), TpuDevice(id=4, process_index=0, coords=(0,1,0), core_on_chip=0), TpuDevice(id=5, process_index=0, coords=(0,1,0), core_on_chip=1), TpuDevice(id=6, process_index=0, coords=(1,1,0), core_on_chip=0), TpuDevice(id=7, process_index=0, coords=(1,1,0), core_on_chip=1)]

[2023-02-08 21:56:02] [Epoch     1/  200] trn/loss 1.537e+00, trn/lr 1.000e-03, val/acc 5.504e-01, val/nll 1.282e+00 (best_acc: 0.000e+00 -> 5.504e-01, test_acc: 5.490e-01, test_nll: 1.289e+00)
[2023-02-08 21:56:11] [Epoch     2/  200] trn/loss 1.119e+00, trn/lr 9.999e-04, val/acc 5.936e-01, val/nll 1.194e+00 (best_acc: 5.504e-01 -> 5.936e-01, test_acc: 5.940e-01, test_nll: 1.198e+00)
[2023-02-08 21:56:19] [Epoch     3/  200] trn/loss 9.199e-01, trn/lr 9.996e-04, val/acc 6.236e-01, val/nll 1.241e+00 (best_acc: 5.936e-01 -> 6.236e-01, test_acc: 6.214e-01, test_nll: 1.269e+00)
[2023-02-08 21:56:27] [Epoch     4/  200] trn/loss 7.799e-01, trn/lr 9.992e-04, val/acc 6.982e-01, val/nll 9.238e-01 (best_acc: 6.236e-01 -> 6.982e-01, test_acc: 6.985e-01, test_nll: 9.339e-01)
[2023-02-08 21:56:35] [Epoch     5/  200] trn/loss 6.853e-01, trn/lr 9.987e-04, val/acc 7.271e-01, val/nll 7.994e-01 (best_acc: 6.982e-01 -> 7.271e-01, test_acc: 7.253e-01, test_nll: 8.177e-01)
[2023-02-08 21:56:44] [Epoch     6/  200] trn/loss 6.143e-01, trn/lr 9.981e-04, val/acc 7.569e-01, val/nll 7.335e-01 (best_acc: 7.271e-01 -> 7.569e-01, test_acc: 7.544e-01, test_nll: 7.387e-01)
[2023-02-08 21:56:52] [Epoch     7/  200] trn/loss 5.727e-01, trn/lr 9.974e-04, val/acc 7.940e-01, val/nll 6.167e-01 (best_acc: 7.569e-01 -> 7.940e-01, test_acc: 7.957e-01, test_nll: 6.246e-01)
[2023-02-08 21:57:00] [Epoch     8/  200] trn/loss 5.289e-01, trn/lr 9.965e-04, val/acc 8.022e-01, val/nll 5.964e-01 (best_acc: 7.940e-01 -> 8.022e-01, test_acc: 7.894e-01, test_nll: 6.199e-01)
[2023-02-08 21:57:08] [Epoch     9/  200] trn/loss 4.820e-01, trn/lr 9.955e-04, val/acc 8.288e-01, val/nll 5.209e-01 (best_acc: 8.022e-01 -> 8.288e-01, test_acc: 8.225e-01, test_nll: 5.383e-01)
[2023-02-08 21:57:15] [Epoch    10/  200] trn/loss 4.706e-01, trn/lr 9.944e-04, val/acc 7.939e-01, val/nll 6.043e-01
[2023-02-08 21:57:23] [Epoch    11/  200] trn/loss 4.446e-01, trn/lr 9.932e-04, val/acc 8.000e-01, val/nll 6.033e-01
[2023-02-08 21:57:30] [Epoch    12/  200] trn/loss 4.249e-01, trn/lr 9.919e-04, val/acc 8.209e-01, val/nll 5.227e-01
[2023-02-08 21:57:38] [Epoch    13/  200] trn/loss 4.031e-01, trn/lr 9.904e-04, val/acc 8.374e-01, val/nll 4.833e-01 (best_acc: 8.288e-01 -> 8.374e-01, test_acc: 8.296e-01, test_nll: 5.013e-01)
[2023-02-08 21:57:45] [Epoch    14/  200] trn/loss 3.783e-01, trn/lr 9.888e-04, val/acc 8.348e-01, val/nll 4.957e-01
[2023-02-08 21:57:54] [Epoch    15/  200] trn/loss 3.691e-01, trn/lr 9.871e-04, val/acc 8.491e-01, val/nll 4.442e-01 (best_acc: 8.374e-01 -> 8.491e-01, test_acc: 8.434e-01, test_nll: 4.619e-01)
[2023-02-08 21:58:02] [Epoch    16/  200] trn/loss 3.501e-01, trn/lr 9.853e-04, val/acc 8.574e-01, val/nll 4.187e-01 (best_acc: 8.491e-01 -> 8.574e-01, test_acc: 8.538e-01, test_nll: 4.346e-01)
[2023-02-08 21:58:09] [Epoch    17/  200] trn/loss 3.415e-01, trn/lr 9.833e-04, val/acc 8.201e-01, val/nll 5.453e-01
[2023-02-08 21:58:17] [Epoch    18/  200] trn/loss 3.367e-01, trn/lr 9.812e-04, val/acc 8.424e-01, val/nll 4.936e-01
[2023-02-08 21:58:24] [Epoch    19/  200] trn/loss 3.185e-01, trn/lr 9.790e-04, val/acc 8.491e-01, val/nll 4.410e-01
[2023-02-08 21:58:31] [Epoch    20/  200] trn/loss 3.144e-01, trn/lr 9.767e-04, val/acc 8.442e-01, val/nll 4.738e-01
[2023-02-08 21:58:39] [Epoch    21/  200] trn/loss 2.930e-01, trn/lr 9.743e-04, val/acc 8.746e-01, val/nll 3.784e-01 (best_acc: 8.574e-01 -> 8.746e-01, test_acc: 8.660e-01, test_nll: 4.009e-01)
[2023-02-08 21:58:47] [Epoch    22/  200] trn/loss 2.864e-01, trn/lr 9.718e-04, val/acc 8.381e-01, val/nll 5.020e-01
[2023-02-08 21:58:54] [Epoch    23/  200] trn/loss 2.812e-01, trn/lr 9.691e-04, val/acc 8.726e-01, val/nll 3.841e-01
[2023-02-08 21:59:01] [Epoch    24/  200] trn/loss 2.727e-01, trn/lr 9.663e-04, val/acc 8.629e-01, val/nll 4.070e-01
[2023-02-08 21:59:08] [Epoch    25/  200] trn/loss 2.636e-01, trn/lr 9.634e-04, val/acc 8.583e-01, val/nll 4.688e-01
[2023-02-08 21:59:16] [Epoch    26/  200] trn/loss 2.656e-01, trn/lr 9.604e-04, val/acc 8.627e-01, val/nll 4.242e-01
[2023-02-08 21:59:24] [Epoch    27/  200] trn/loss 2.554e-01, trn/lr 9.573e-04, val/acc 8.778e-01, val/nll 3.883e-01 (best_acc: 8.746e-01 -> 8.778e-01, test_acc: 8.762e-01, test_nll: 3.910e-01)
[2023-02-08 21:59:32] [Epoch    28/  200] trn/loss 2.456e-01, trn/lr 9.541e-04, val/acc 8.784e-01, val/nll 3.780e-01 (best_acc: 8.778e-01 -> 8.784e-01, test_acc: 8.732e-01, test_nll: 3.977e-01)
[2023-02-08 21:59:39] [Epoch    29/  200] trn/loss 2.408e-01, trn/lr 9.507e-04, val/acc 8.475e-01, val/nll 4.774e-01
[2023-02-08 21:59:47] [Epoch    30/  200] trn/loss 2.296e-01, trn/lr 9.473e-04, val/acc 8.782e-01, val/nll 3.679e-01
[2023-02-08 21:59:55] [Epoch    31/  200] trn/loss 2.236e-01, trn/lr 9.437e-04, val/acc 8.861e-01, val/nll 3.500e-01 (best_acc: 8.784e-01 -> 8.861e-01, test_acc: 8.838e-01, test_nll: 3.679e-01)
[2023-02-08 22:00:02] [Epoch    32/  200] trn/loss 2.207e-01, trn/lr 9.400e-04, val/acc 8.833e-01, val/nll 3.561e-01
[2023-02-08 22:00:09] [Epoch    33/  200] trn/loss 2.120e-01, trn/lr 9.363e-04, val/acc 8.524e-01, val/nll 4.957e-01
[2023-02-08 22:00:17] [Epoch    34/  200] trn/loss 2.057e-01, trn/lr 9.324e-04, val/acc 8.842e-01, val/nll 3.638e-01
[2023-02-08 22:00:25] [Epoch    35/  200] trn/loss 2.041e-01, trn/lr 9.284e-04, val/acc 8.916e-01, val/nll 3.359e-01 (best_acc: 8.861e-01 -> 8.916e-01, test_acc: 8.898e-01, test_nll: 3.474e-01)
[2023-02-08 22:00:32] [Epoch    36/  200] trn/loss 2.015e-01, trn/lr 9.243e-04, val/acc 8.764e-01, val/nll 3.923e-01
[2023-02-08 22:00:40] [Epoch    37/  200] trn/loss 1.917e-01, trn/lr 9.201e-04, val/acc 8.830e-01, val/nll 3.842e-01
[2023-02-08 22:00:48] [Epoch    38/  200] trn/loss 1.922e-01, trn/lr 9.157e-04, val/acc 8.928e-01, val/nll 3.534e-01 (best_acc: 8.916e-01 -> 8.928e-01, test_acc: 8.899e-01, test_nll: 3.701e-01)
[2023-02-08 22:00:56] [Epoch    39/  200] trn/loss 1.862e-01, trn/lr 9.113e-04, val/acc 8.933e-01, val/nll 3.330e-01 (best_acc: 8.928e-01 -> 8.933e-01, test_acc: 8.897e-01, test_nll: 3.441e-01)
[2023-02-08 22:01:03] [Epoch    40/  200] trn/loss 1.869e-01, trn/lr 9.068e-04, val/acc 8.861e-01, val/nll 3.585e-01
[2023-02-08 22:01:10] [Epoch    41/  200] trn/loss 1.819e-01, trn/lr 9.022e-04, val/acc 8.760e-01, val/nll 3.854e-01
[2023-02-08 22:01:18] [Epoch    42/  200] trn/loss 1.818e-01, trn/lr 8.975e-04, val/acc 8.787e-01, val/nll 3.868e-01
[2023-02-08 22:01:25] [Epoch    43/  200] trn/loss 1.734e-01, trn/lr 8.927e-04, val/acc 8.907e-01, val/nll 3.634e-01
[2023-02-08 22:01:33] [Epoch    44/  200] trn/loss 1.672e-01, trn/lr 8.878e-04, val/acc 8.999e-01, val/nll 3.319e-01 (best_acc: 8.933e-01 -> 8.999e-01, test_acc: 8.943e-01, test_nll: 3.328e-01)
[2023-02-08 22:01:40] [Epoch    45/  200] trn/loss 1.654e-01, trn/lr 8.828e-04, val/acc 8.928e-01, val/nll 3.458e-01
[2023-02-08 22:01:48] [Epoch    46/  200] trn/loss 1.603e-01, trn/lr 8.777e-04, val/acc 8.858e-01, val/nll 3.738e-01
[2023-02-08 22:01:55] [Epoch    47/  200] trn/loss 1.608e-01, trn/lr 8.725e-04, val/acc 8.969e-01, val/nll 3.256e-01
[2023-02-08 22:02:02] [Epoch    48/  200] trn/loss 1.587e-01, trn/lr 8.672e-04, val/acc 8.961e-01, val/nll 3.513e-01
[2023-02-08 22:02:10] [Epoch    49/  200] trn/loss 1.597e-01, trn/lr 8.618e-04, val/acc 9.048e-01, val/nll 3.160e-01 (best_acc: 8.999e-01 -> 9.048e-01, test_acc: 8.946e-01, test_nll: 3.360e-01)
[2023-02-08 22:02:18] [Epoch    50/  200] trn/loss 1.473e-01, trn/lr 8.563e-04, val/acc 9.022e-01, val/nll 3.198e-01
[2023-02-08 22:02:26] [Epoch    51/  200] trn/loss 1.461e-01, trn/lr 8.508e-04, val/acc 9.060e-01, val/nll 3.133e-01 (best_acc: 9.048e-01 -> 9.060e-01, test_acc: 9.004e-01, test_nll: 3.239e-01)
[2023-02-08 22:02:33] [Epoch    52/  200] trn/loss 1.419e-01, trn/lr 8.451e-04, val/acc 8.945e-01, val/nll 3.410e-01
[2023-02-08 22:02:40] [Epoch    53/  200] trn/loss 1.444e-01, trn/lr 8.394e-04, val/acc 8.952e-01, val/nll 3.406e-01
[2023-02-08 22:02:48] [Epoch    54/  200] trn/loss 1.423e-01, trn/lr 8.336e-04, val/acc 8.987e-01, val/nll 3.527e-01
[2023-02-08 22:02:55] [Epoch    55/  200] trn/loss 1.434e-01, trn/lr 8.277e-04, val/acc 9.046e-01, val/nll 3.249e-01
[2023-02-08 22:03:03] [Epoch    56/  200] trn/loss 1.362e-01, trn/lr 8.217e-04, val/acc 9.097e-01, val/nll 3.060e-01 (best_acc: 9.060e-01 -> 9.097e-01, test_acc: 9.055e-01, test_nll: 3.192e-01)
[2023-02-08 22:03:10] [Epoch    57/  200] trn/loss 1.275e-01, trn/lr 8.157e-04, val/acc 8.965e-01, val/nll 3.494e-01
[2023-02-08 22:03:18] [Epoch    58/  200] trn/loss 1.345e-01, trn/lr 8.096e-04, val/acc 9.008e-01, val/nll 3.304e-01
[2023-02-08 22:03:25] [Epoch    59/  200] trn/loss 1.295e-01, trn/lr 8.034e-04, val/acc 9.063e-01, val/nll 3.129e-01
[2023-02-08 22:03:32] [Epoch    60/  200] trn/loss 1.278e-01, trn/lr 7.971e-04, val/acc 8.956e-01, val/nll 3.605e-01
[2023-02-08 22:03:39] [Epoch    61/  200] trn/loss 1.252e-01, trn/lr 7.907e-04, val/acc 9.024e-01, val/nll 3.391e-01
[2023-02-08 22:03:47] [Epoch    62/  200] trn/loss 1.166e-01, trn/lr 7.843e-04, val/acc 9.027e-01, val/nll 3.340e-01
[2023-02-08 22:03:54] [Epoch    63/  200] trn/loss 1.207e-01, trn/lr 7.778e-04, val/acc 9.073e-01, val/nll 3.076e-01
[2023-02-08 22:04:01] [Epoch    64/  200] trn/loss 1.098e-01, trn/lr 7.712e-04, val/acc 9.053e-01, val/nll 3.168e-01
[2023-02-08 22:04:08] [Epoch    65/  200] trn/loss 1.169e-01, trn/lr 7.646e-04, val/acc 9.088e-01, val/nll 3.152e-01
[2023-02-08 22:04:16] [Epoch    66/  200] trn/loss 1.136e-01, trn/lr 7.579e-04, val/acc 8.838e-01, val/nll 4.157e-01
[2023-02-08 22:04:23] [Epoch    67/  200] trn/loss 1.127e-01, trn/lr 7.512e-04, val/acc 9.080e-01, val/nll 3.209e-01
[2023-02-08 22:04:30] [Epoch    68/  200] trn/loss 1.058e-01, trn/lr 7.443e-04, val/acc 9.048e-01, val/nll 3.240e-01
[2023-02-08 22:04:37] [Epoch    69/  200] trn/loss 1.055e-01, trn/lr 7.374e-04, val/acc 8.993e-01, val/nll 3.448e-01
[2023-02-08 22:04:45] [Epoch    70/  200] trn/loss 1.114e-01, trn/lr 7.305e-04, val/acc 8.962e-01, val/nll 3.583e-01
[2023-02-08 22:04:52] [Epoch    71/  200] trn/loss 1.077e-01, trn/lr 7.235e-04, val/acc 8.918e-01, val/nll 3.975e-01
[2023-02-08 22:04:59] [Epoch    72/  200] trn/loss 1.050e-01, trn/lr 7.165e-04, val/acc 9.062e-01, val/nll 3.190e-01
[2023-02-08 22:05:07] [Epoch    73/  200] trn/loss 9.921e-02, trn/lr 7.094e-04, val/acc 9.018e-01, val/nll 3.421e-01
[2023-02-08 22:05:15] [Epoch    74/  200] trn/loss 9.752e-02, trn/lr 7.022e-04, val/acc 9.129e-01, val/nll 2.997e-01 (best_acc: 9.097e-01 -> 9.129e-01, test_acc: 9.069e-01, test_nll: 3.099e-01)
[2023-02-08 22:05:22] [Epoch    75/  200] trn/loss 9.776e-02, trn/lr 6.950e-04, val/acc 9.076e-01, val/nll 3.104e-01
[2023-02-08 22:05:29] [Epoch    76/  200] trn/loss 8.986e-02, trn/lr 6.877e-04, val/acc 9.096e-01, val/nll 3.041e-01
[2023-02-08 22:05:37] [Epoch    77/  200] trn/loss 8.731e-02, trn/lr 6.804e-04, val/acc 9.002e-01, val/nll 3.557e-01
[2023-02-08 22:05:44] [Epoch    78/  200] trn/loss 9.545e-02, trn/lr 6.731e-04, val/acc 9.076e-01, val/nll 3.224e-01
[2023-02-08 22:05:51] [Epoch    79/  200] trn/loss 9.138e-02, trn/lr 6.657e-04, val/acc 9.033e-01, val/nll 3.343e-01
[2023-02-08 22:05:58] [Epoch    80/  200] trn/loss 8.885e-02, trn/lr 6.583e-04, val/acc 9.125e-01, val/nll 2.942e-01
[2023-02-08 22:06:06] [Epoch    81/  200] trn/loss 8.076e-02, trn/lr 6.508e-04, val/acc 9.097e-01, val/nll 3.038e-01
[2023-02-08 22:06:13] [Epoch    82/  200] trn/loss 8.529e-02, trn/lr 6.433e-04, val/acc 9.044e-01, val/nll 3.374e-01
[2023-02-08 22:06:20] [Epoch    83/  200] trn/loss 8.229e-02, trn/lr 6.357e-04, val/acc 8.988e-01, val/nll 3.750e-01
[2023-02-08 22:06:28] [Epoch    84/  200] trn/loss 7.882e-02, trn/lr 6.282e-04, val/acc 9.118e-01, val/nll 3.113e-01
[2023-02-08 22:06:36] [Epoch    85/  200] trn/loss 7.800e-02, trn/lr 6.206e-04, val/acc 9.147e-01, val/nll 3.089e-01 (best_acc: 9.129e-01 -> 9.147e-01, test_acc: 9.143e-01, test_nll: 3.108e-01)
[2023-02-08 22:06:43] [Epoch    86/  200] trn/loss 7.546e-02, trn/lr 6.129e-04, val/acc 9.127e-01, val/nll 3.051e-01
[2023-02-08 22:06:50] [Epoch    87/  200] trn/loss 8.077e-02, trn/lr 6.053e-04, val/acc 9.134e-01, val/nll 3.114e-01
[2023-02-08 22:06:58] [Epoch    88/  200] trn/loss 7.605e-02, trn/lr 5.976e-04, val/acc 9.081e-01, val/nll 3.246e-01
[2023-02-08 22:07:05] [Epoch    89/  200] trn/loss 7.553e-02, trn/lr 5.899e-04, val/acc 9.104e-01, val/nll 3.101e-01
[2023-02-08 22:07:12] [Epoch    90/  200] trn/loss 7.383e-02, trn/lr 5.821e-04, val/acc 9.103e-01, val/nll 3.106e-01
[2023-02-08 22:07:20] [Epoch    91/  200] trn/loss 7.014e-02, trn/lr 5.744e-04, val/acc 9.118e-01, val/nll 3.219e-01
[2023-02-08 22:07:27] [Epoch    92/  200] trn/loss 6.437e-02, trn/lr 5.666e-04, val/acc 9.081e-01, val/nll 3.190e-01
[2023-02-08 22:07:35] [Epoch    93/  200] trn/loss 6.450e-02, trn/lr 5.588e-04, val/acc 9.154e-01, val/nll 2.975e-01 (best_acc: 9.147e-01 -> 9.154e-01, test_acc: 9.105e-01, test_nll: 3.154e-01)
[2023-02-08 22:07:42] [Epoch    94/  200] trn/loss 6.356e-02, trn/lr 5.510e-04, val/acc 9.106e-01, val/nll 3.265e-01
[2023-02-08 22:07:50] [Epoch    95/  200] trn/loss 7.096e-02, trn/lr 5.432e-04, val/acc 9.119e-01, val/nll 3.201e-01
[2023-02-08 22:07:57] [Epoch    96/  200] trn/loss 6.577e-02, trn/lr 5.353e-04, val/acc 9.086e-01, val/nll 3.354e-01
[2023-02-08 22:08:04] [Epoch    97/  200] trn/loss 6.613e-02, trn/lr 5.275e-04, val/acc 9.144e-01, val/nll 3.106e-01
[2023-02-08 22:08:11] [Epoch    98/  200] trn/loss 5.957e-02, trn/lr 5.197e-04, val/acc 9.053e-01, val/nll 3.495e-01
[2023-02-08 22:08:20] [Epoch    99/  200] trn/loss 6.105e-02, trn/lr 5.118e-04, val/acc 9.174e-01, val/nll 3.040e-01 (best_acc: 9.154e-01 -> 9.174e-01, test_acc: 9.169e-01, test_nll: 3.074e-01)
[2023-02-08 22:08:27] [Epoch   100/  200] trn/loss 5.523e-02, trn/lr 5.040e-04, val/acc 9.156e-01, val/nll 3.117e-01
[2023-02-08 22:08:34] [Epoch   101/  200] trn/loss 5.687e-02, trn/lr 4.961e-04, val/acc 9.122e-01, val/nll 3.175e-01
[2023-02-08 22:08:42] [Epoch   102/  200] trn/loss 5.673e-02, trn/lr 4.882e-04, val/acc 9.048e-01, val/nll 3.388e-01
[2023-02-08 22:08:50] [Epoch   103/  200] trn/loss 5.898e-02, trn/lr 4.804e-04, val/acc 9.190e-01, val/nll 2.984e-01 (best_acc: 9.174e-01 -> 9.190e-01, test_acc: 9.114e-01, test_nll: 3.261e-01)
[2023-02-08 22:08:58] [Epoch   104/  200] trn/loss 5.693e-02, trn/lr 4.725e-04, val/acc 9.209e-01, val/nll 3.032e-01 (best_acc: 9.190e-01 -> 9.209e-01, test_acc: 9.161e-01, test_nll: 3.117e-01)
[2023-02-08 22:09:05] [Epoch   105/  200] trn/loss 5.015e-02, trn/lr 4.647e-04, val/acc 9.187e-01, val/nll 2.990e-01
[2023-02-08 22:09:13] [Epoch   106/  200] trn/loss 5.052e-02, trn/lr 4.569e-04, val/acc 9.243e-01, val/nll 2.807e-01 (best_acc: 9.209e-01 -> 9.243e-01, test_acc: 9.191e-01, test_nll: 2.956e-01)
[2023-02-08 22:09:21] [Epoch   107/  200] trn/loss 4.863e-02, trn/lr 4.491e-04, val/acc 9.164e-01, val/nll 3.180e-01
[2023-02-08 22:09:28] [Epoch   108/  200] trn/loss 4.571e-02, trn/lr 4.413e-04, val/acc 9.187e-01, val/nll 3.062e-01
[2023-02-08 22:09:35] [Epoch   109/  200] trn/loss 5.017e-02, trn/lr 4.335e-04, val/acc 9.211e-01, val/nll 2.959e-01
[2023-02-08 22:09:42] [Epoch   110/  200] trn/loss 5.006e-02, trn/lr 4.257e-04, val/acc 9.215e-01, val/nll 3.007e-01
[2023-02-08 22:09:50] [Epoch   111/  200] trn/loss 4.610e-02, trn/lr 4.179e-04, val/acc 9.222e-01, val/nll 2.902e-01
[2023-02-08 22:09:58] [Epoch   112/  200] trn/loss 4.252e-02, trn/lr 4.102e-04, val/acc 9.247e-01, val/nll 2.927e-01 (best_acc: 9.243e-01 -> 9.247e-01, test_acc: 9.179e-01, test_nll: 3.113e-01)
[2023-02-08 22:10:05] [Epoch   113/  200] trn/loss 4.298e-02, trn/lr 4.025e-04, val/acc 9.167e-01, val/nll 3.074e-01
[2023-02-08 22:10:12] [Epoch   114/  200] trn/loss 4.048e-02, trn/lr 3.948e-04, val/acc 9.213e-01, val/nll 3.109e-01
[2023-02-08 22:10:21] [Epoch   115/  200] trn/loss 4.251e-02, trn/lr 3.871e-04, val/acc 9.278e-01, val/nll 2.866e-01 (best_acc: 9.247e-01 -> 9.278e-01, test_acc: 9.203e-01, test_nll: 3.040e-01)
[2023-02-08 22:10:28] [Epoch   116/  200] trn/loss 3.803e-02, trn/lr 3.795e-04, val/acc 9.239e-01, val/nll 2.927e-01
[2023-02-08 22:10:35] [Epoch   117/  200] trn/loss 3.871e-02, trn/lr 3.719e-04, val/acc 9.223e-01, val/nll 2.852e-01
[2023-02-08 22:10:42] [Epoch   118/  200] trn/loss 3.809e-02, trn/lr 3.643e-04, val/acc 9.215e-01, val/nll 2.962e-01
[2023-02-08 22:10:50] [Epoch   119/  200] trn/loss 3.550e-02, trn/lr 3.568e-04, val/acc 9.189e-01, val/nll 3.005e-01
[2023-02-08 22:10:57] [Epoch   120/  200] trn/loss 3.523e-02, trn/lr 3.493e-04, val/acc 9.210e-01, val/nll 3.087e-01
[2023-02-08 22:11:04] [Epoch   121/  200] trn/loss 3.402e-02, trn/lr 3.418e-04, val/acc 9.221e-01, val/nll 3.036e-01
[2023-02-08 22:11:11] [Epoch   122/  200] trn/loss 3.003e-02, trn/lr 3.344e-04, val/acc 9.231e-01, val/nll 3.023e-01
[2023-02-08 22:11:18] [Epoch   123/  200] trn/loss 2.889e-02, trn/lr 3.270e-04, val/acc 9.252e-01, val/nll 2.883e-01
[2023-02-08 22:11:26] [Epoch   124/  200] trn/loss 2.742e-02, trn/lr 3.196e-04, val/acc 9.259e-01, val/nll 2.873e-01
[2023-02-08 22:11:33] [Epoch   125/  200] trn/loss 3.123e-02, trn/lr 3.123e-04, val/acc 9.143e-01, val/nll 3.354e-01
[2023-02-08 22:11:40] [Epoch   126/  200] trn/loss 3.239e-02, trn/lr 3.051e-04, val/acc 9.248e-01, val/nll 2.750e-01
[2023-02-08 22:11:47] [Epoch   127/  200] trn/loss 2.659e-02, trn/lr 2.979e-04, val/acc 9.253e-01, val/nll 2.966e-01
[2023-02-08 22:11:55] [Epoch   128/  200] trn/loss 2.733e-02, trn/lr 2.907e-04, val/acc 9.191e-01, val/nll 3.101e-01
[2023-02-08 22:12:02] [Epoch   129/  200] trn/loss 3.015e-02, trn/lr 2.836e-04, val/acc 9.256e-01, val/nll 2.859e-01
[2023-02-08 22:12:09] [Epoch   130/  200] trn/loss 2.652e-02, trn/lr 2.765e-04, val/acc 9.264e-01, val/nll 2.742e-01
[2023-02-08 22:12:17] [Epoch   131/  200] trn/loss 2.452e-02, trn/lr 2.695e-04, val/acc 9.298e-01, val/nll 2.731e-01 (best_acc: 9.278e-01 -> 9.298e-01, test_acc: 9.253e-01, test_nll: 2.881e-01)
[2023-02-08 22:12:25] [Epoch   132/  200] trn/loss 2.499e-02, trn/lr 2.626e-04, val/acc 9.265e-01, val/nll 2.852e-01
[2023-02-08 22:12:32] [Epoch   133/  200] trn/loss 2.495e-02, trn/lr 2.557e-04, val/acc 9.223e-01, val/nll 2.981e-01
[2023-02-08 22:12:39] [Epoch   134/  200] trn/loss 2.268e-02, trn/lr 2.489e-04, val/acc 9.257e-01, val/nll 2.868e-01
[2023-02-08 22:12:46] [Epoch   135/  200] trn/loss 2.262e-02, trn/lr 2.421e-04, val/acc 9.254e-01, val/nll 2.876e-01
[2023-02-08 22:12:54] [Epoch   136/  200] trn/loss 2.060e-02, trn/lr 2.354e-04, val/acc 9.283e-01, val/nll 2.827e-01
[2023-02-08 22:13:01] [Epoch   137/  200] trn/loss 1.814e-02, trn/lr 2.288e-04, val/acc 9.256e-01, val/nll 2.836e-01
[2023-02-08 22:13:08] [Epoch   138/  200] trn/loss 1.859e-02, trn/lr 2.222e-04, val/acc 9.278e-01, val/nll 2.734e-01
[2023-02-08 22:13:15] [Epoch   139/  200] trn/loss 1.738e-02, trn/lr 2.157e-04, val/acc 9.281e-01, val/nll 2.870e-01
[2023-02-08 22:13:23] [Epoch   140/  200] trn/loss 1.901e-02, trn/lr 2.093e-04, val/acc 9.282e-01, val/nll 2.877e-01
[2023-02-08 22:13:30] [Epoch   141/  200] trn/loss 1.631e-02, trn/lr 2.030e-04, val/acc 9.274e-01, val/nll 2.753e-01
[2023-02-08 22:13:38] [Epoch   142/  200] trn/loss 1.488e-02, trn/lr 1.967e-04, val/acc 9.299e-01, val/nll 2.761e-01 (best_acc: 9.298e-01 -> 9.299e-01, test_acc: 9.270e-01, test_nll: 2.941e-01)
[2023-02-08 22:13:45] [Epoch   143/  200] trn/loss 1.442e-02, trn/lr 1.905e-04, val/acc 9.263e-01, val/nll 2.908e-01
[2023-02-08 22:13:54] [Epoch   144/  200] trn/loss 1.520e-02, trn/lr 1.843e-04, val/acc 9.329e-01, val/nll 2.668e-01 (best_acc: 9.299e-01 -> 9.329e-01, test_acc: 9.288e-01, test_nll: 2.824e-01)
[2023-02-08 22:14:01] [Epoch   145/  200] trn/loss 1.477e-02, trn/lr 1.783e-04, val/acc 9.293e-01, val/nll 2.880e-01
[2023-02-08 22:14:08] [Epoch   146/  200] trn/loss 1.396e-02, trn/lr 1.723e-04, val/acc 9.300e-01, val/nll 2.714e-01
[2023-02-08 22:14:15] [Epoch   147/  200] trn/loss 1.269e-02, trn/lr 1.664e-04, val/acc 9.273e-01, val/nll 2.839e-01
[2023-02-08 22:14:23] [Epoch   148/  200] trn/loss 1.233e-02, trn/lr 1.606e-04, val/acc 9.327e-01, val/nll 2.675e-01
[2023-02-08 22:14:30] [Epoch   149/  200] trn/loss 1.294e-02, trn/lr 1.549e-04, val/acc 9.309e-01, val/nll 2.705e-01
[2023-02-08 22:14:38] [Epoch   150/  200] trn/loss 1.164e-02, trn/lr 1.493e-04, val/acc 9.350e-01, val/nll 2.662e-01 (best_acc: 9.329e-01 -> 9.350e-01, test_acc: 9.345e-01, test_nll: 2.723e-01)
[2023-02-08 22:14:46] [Epoch   151/  200] trn/loss 1.034e-02, trn/lr 1.437e-04, val/acc 9.325e-01, val/nll 2.713e-01
[2023-02-08 22:14:53] [Epoch   152/  200] trn/loss 9.357e-03, trn/lr 1.382e-04, val/acc 9.314e-01, val/nll 2.759e-01
[2023-02-08 22:15:00] [Epoch   153/  200] trn/loss 9.758e-03, trn/lr 1.329e-04, val/acc 9.338e-01, val/nll 2.696e-01
[2023-02-08 22:15:07] [Epoch   154/  200] trn/loss 9.552e-03, trn/lr 1.276e-04, val/acc 9.312e-01, val/nll 2.795e-01
[2023-02-08 22:15:15] [Epoch   155/  200] trn/loss 9.228e-03, trn/lr 1.224e-04, val/acc 9.311e-01, val/nll 2.633e-01
[2023-02-08 22:15:22] [Epoch   156/  200] trn/loss 7.271e-03, trn/lr 1.173e-04, val/acc 9.333e-01, val/nll 2.700e-01
[2023-02-08 22:15:29] [Epoch   157/  200] trn/loss 8.033e-03, trn/lr 1.123e-04, val/acc 9.315e-01, val/nll 2.687e-01
[2023-02-08 22:15:36] [Epoch   158/  200] trn/loss 8.289e-03, trn/lr 1.074e-04, val/acc 9.329e-01, val/nll 2.700e-01
[2023-02-08 22:15:44] [Epoch   159/  200] trn/loss 7.795e-03, trn/lr 1.025e-04, val/acc 9.312e-01, val/nll 2.673e-01
[2023-02-08 22:15:51] [Epoch   160/  200] trn/loss 7.499e-03, trn/lr 9.783e-05, val/acc 9.301e-01, val/nll 2.726e-01
[2023-02-08 22:15:58] [Epoch   161/  200] trn/loss 7.456e-03, trn/lr 9.321e-05, val/acc 9.332e-01, val/nll 2.717e-01
[2023-02-08 22:16:05] [Epoch   162/  200] trn/loss 6.304e-03, trn/lr 8.870e-05, val/acc 9.336e-01, val/nll 2.687e-01
[2023-02-08 22:16:13] [Epoch   163/  200] trn/loss 5.780e-03, trn/lr 8.428e-05, val/acc 9.341e-01, val/nll 2.648e-01
[2023-02-08 22:16:21] [Epoch   164/  200] trn/loss 6.132e-03, trn/lr 7.997e-05, val/acc 9.357e-01, val/nll 2.580e-01 (best_acc: 9.350e-01 -> 9.357e-01, test_acc: 9.316e-01, test_nll: 2.766e-01)
[2023-02-08 22:16:28] [Epoch   165/  200] trn/loss 5.547e-03, trn/lr 7.576e-05, val/acc 9.334e-01, val/nll 2.562e-01
[2023-02-08 22:16:35] [Epoch   166/  200] trn/loss 5.249e-03, trn/lr 7.166e-05, val/acc 9.344e-01, val/nll 2.621e-01
[2023-02-08 22:16:44] [Epoch   167/  200] trn/loss 5.356e-03, trn/lr 6.766e-05, val/acc 9.362e-01, val/nll 2.503e-01 (best_acc: 9.357e-01 -> 9.362e-01, test_acc: 9.337e-01, test_nll: 2.676e-01)
[2023-02-08 22:16:52] [Epoch   168/  200] trn/loss 4.675e-03, trn/lr 6.377e-05, val/acc 9.374e-01, val/nll 2.514e-01 (best_acc: 9.362e-01 -> 9.374e-01, test_acc: 9.351e-01, test_nll: 2.617e-01)
[2023-02-08 22:16:59] [Epoch   169/  200] trn/loss 4.561e-03, trn/lr 5.998e-05, val/acc 9.361e-01, val/nll 2.537e-01
[2023-02-08 22:17:06] [Epoch   170/  200] trn/loss 4.691e-03, trn/lr 5.631e-05, val/acc 9.368e-01, val/nll 2.476e-01
[2023-02-08 22:17:14] [Epoch   171/  200] trn/loss 4.488e-03, trn/lr 5.274e-05, val/acc 9.374e-01, val/nll 2.510e-01
[2023-02-08 22:17:22] [Epoch   172/  200] trn/loss 3.921e-03, trn/lr 4.929e-05, val/acc 9.389e-01, val/nll 2.439e-01 (best_acc: 9.374e-01 -> 9.389e-01, test_acc: 9.362e-01, test_nll: 2.612e-01)
[2023-02-08 22:17:30] [Epoch   173/  200] trn/loss 3.895e-03, trn/lr 4.594e-05, val/acc 9.394e-01, val/nll 2.463e-01 (best_acc: 9.389e-01 -> 9.394e-01, test_acc: 9.388e-01, test_nll: 2.567e-01)
[2023-02-08 22:17:37] [Epoch   174/  200] trn/loss 3.669e-03, trn/lr 4.271e-05, val/acc 9.394e-01, val/nll 2.434e-01
[2023-02-08 22:17:45] [Epoch   175/  200] trn/loss 3.512e-03, trn/lr 3.959e-05, val/acc 9.384e-01, val/nll 2.440e-01
[2023-02-08 22:17:53] [Epoch   176/  200] trn/loss 3.361e-03, trn/lr 3.659e-05, val/acc 9.404e-01, val/nll 2.425e-01 (best_acc: 9.394e-01 -> 9.404e-01, test_acc: 9.372e-01, test_nll: 2.559e-01)
[2023-02-08 22:18:00] [Epoch   177/  200] trn/loss 3.248e-03, trn/lr 3.369e-05, val/acc 9.393e-01, val/nll 2.453e-01
[2023-02-08 22:18:07] [Epoch   178/  200] trn/loss 2.971e-03, trn/lr 3.092e-05, val/acc 9.382e-01, val/nll 2.531e-01
[2023-02-08 22:18:15] [Epoch   179/  200] trn/loss 3.017e-03, trn/lr 2.826e-05, val/acc 9.366e-01, val/nll 2.480e-01
[2023-02-08 22:18:22] [Epoch   180/  200] trn/loss 3.277e-03, trn/lr 2.571e-05, val/acc 9.389e-01, val/nll 2.474e-01
[2023-02-08 22:18:29] [Epoch   181/  200] trn/loss 2.778e-03, trn/lr 2.329e-05, val/acc 9.395e-01, val/nll 2.456e-01
[2023-02-08 22:18:36] [Epoch   182/  200] trn/loss 2.734e-03, trn/lr 2.098e-05, val/acc 9.394e-01, val/nll 2.461e-01
[2023-02-08 22:18:43] [Epoch   183/  200] trn/loss 2.686e-03, trn/lr 1.878e-05, val/acc 9.395e-01, val/nll 2.441e-01
[2023-02-08 22:18:51] [Epoch   184/  200] trn/loss 2.690e-03, trn/lr 1.671e-05, val/acc 9.399e-01, val/nll 2.464e-01
[2023-02-08 22:18:58] [Epoch   185/  200] trn/loss 2.639e-03, trn/lr 1.476e-05, val/acc 9.387e-01, val/nll 2.473e-01
[2023-02-08 22:19:05] [Epoch   186/  200] trn/loss 2.549e-03, trn/lr 1.292e-05, val/acc 9.394e-01, val/nll 2.433e-01
[2023-02-08 22:19:12] [Epoch   187/  200] trn/loss 2.528e-03, trn/lr 1.121e-05, val/acc 9.393e-01, val/nll 2.432e-01
[2023-02-08 22:19:20] [Epoch   188/  200] trn/loss 2.377e-03, trn/lr 9.617e-06, val/acc 9.384e-01, val/nll 2.427e-01
[2023-02-08 22:19:27] [Epoch   189/  200] trn/loss 2.282e-03, trn/lr 8.145e-06, val/acc 9.390e-01, val/nll 2.424e-01
[2023-02-08 22:19:34] [Epoch   190/  200] trn/loss 2.242e-03, trn/lr 6.794e-06, val/acc 9.390e-01, val/nll 2.434e-01
[2023-02-08 22:19:41] [Epoch   191/  200] trn/loss 2.192e-03, trn/lr 5.565e-06, val/acc 9.390e-01, val/nll 2.431e-01
[2023-02-08 22:19:49] [Epoch   192/  200] trn/loss 2.249e-03, trn/lr 4.458e-06, val/acc 9.396e-01, val/nll 2.445e-01
[2023-02-08 22:19:56] [Epoch   193/  200] trn/loss 2.369e-03, trn/lr 3.474e-06, val/acc 9.393e-01, val/nll 2.434e-01
[2023-02-08 22:20:03] [Epoch   194/  200] trn/loss 2.265e-03, trn/lr 2.612e-06, val/acc 9.389e-01, val/nll 2.431e-01
[2023-02-08 22:20:10] [Epoch   195/  200] trn/loss 2.234e-03, trn/lr 1.872e-06, val/acc 9.387e-01, val/nll 2.435e-01
[2023-02-08 22:20:17] [Epoch   196/  200] trn/loss 2.269e-03, trn/lr 1.255e-06, val/acc 9.383e-01, val/nll 2.432e-01
[2023-02-08 22:20:25] [Epoch   197/  200] trn/loss 2.129e-03, trn/lr 7.619e-07, val/acc 9.388e-01, val/nll 2.427e-01
[2023-02-08 22:20:32] [Epoch   198/  200] trn/loss 2.286e-03, trn/lr 3.916e-07, val/acc 9.389e-01, val/nll 2.428e-01
[2023-02-08 22:20:39] [Epoch   199/  200] trn/loss 2.230e-03, trn/lr 1.445e-07, val/acc 9.393e-01, val/nll 2.427e-01
[2023-02-08 22:20:46] [Epoch   200/  200] trn/loss 2.336e-03, trn/lr 2.075e-08, val/acc 9.388e-01, val/nll 2.436e-01
