[2023-02-03 17:26:46] Environments:
------------  -------------------------------------------------------------------------------
sys.platform  linux
Python        3.10.8 (main, Nov 24 2022, 14:13:03) [GCC 11.2.0]
JAX           0.4.1 @/mnt/home/giung/.conda/envs/jax-siml/lib/python3.10/site-packages/jax
jaxlib        0.4.1 @/mnt/home/giung/.conda/envs/jax-siml/lib/python3.10/site-packages/jaxlib
Flax          0.6.3 @/mnt/home/giung/.conda/envs/jax-siml/lib/python3.10/site-packages/flax
Optax         0.1.4 @/mnt/home/giung/.conda/envs/jax-siml/lib/python3.10/site-packages/optax
------------  -------------------------------------------------------------------------------

[2023-02-03 17:26:46] Command line arguments:
- args.data_root          : ./data/
- args.data_name          : CIFAR10_x32
- args.data_augmentation  : standard
- args.data_proportional  : 1.0
- args.model_depth        : 44
- args.model_width        : 1
- args.model_style        : BN-ReLU
- args.optim_bs           : 256
- args.optim_ne           : 200
- args.optim_lr           : 0.3
- args.optim_momentum     : 0.97
- args.optim_weight_decay : 0.0001
- args.save               : /mnt/home/giung/giung2-dev/projects/residual-networks/save/CIFAR10_x32/R44-BN-ReLU/bs-0256_ne-0200_lr-0.30_mo-0.97_wd-0.0001_fp32/42
- args.seed               : 42
- args.precision          : fp32

[2023-02-03 17:27:19] [Epoch     1/  200] trn/loss 2.493e+00, trn/lr 3.000e-01, val/acc 9.967e-02, val/nll 2.549e+00 (best_acc: 0.000e+00 -> 9.967e-02, test_acc: 1.000e-01, test_nll: 2.324e+00)
[2023-02-03 17:27:24] [Epoch     2/  200] trn/loss 2.263e+00, trn/lr 3.000e-01, val/acc 1.595e-01, val/nll 2.286e+00 (best_acc: 9.967e-02 -> 1.595e-01, test_acc: 1.547e-01, test_nll: 2.306e+00)
[2023-02-03 17:27:28] [Epoch     3/  200] trn/loss 2.089e+00, trn/lr 2.999e-01, val/acc 1.917e-01, val/nll 2.053e+00 (best_acc: 1.595e-01 -> 1.917e-01, test_acc: 1.906e-01, test_nll: 2.061e+00)
[2023-02-03 17:27:32] [Epoch     4/  200] trn/loss 2.004e+00, trn/lr 2.998e-01, val/acc 1.942e-01, val/nll 2.020e+00 (best_acc: 1.917e-01 -> 1.942e-01, test_acc: 1.884e-01, test_nll: 2.020e+00)
[2023-02-03 17:27:37] [Epoch     5/  200] trn/loss 1.972e+00, trn/lr 2.996e-01, val/acc 2.076e-01, val/nll 1.950e+00 (best_acc: 1.942e-01 -> 2.076e-01, test_acc: 2.084e-01, test_nll: 1.958e+00)
[2023-02-03 17:27:41] [Epoch     6/  200] trn/loss 1.925e+00, trn/lr 2.994e-01, val/acc 2.324e-01, val/nll 1.899e+00 (best_acc: 2.076e-01 -> 2.324e-01, test_acc: 2.426e-01, test_nll: 1.890e+00)
[2023-02-03 17:27:46] [Epoch     7/  200] trn/loss 1.863e+00, trn/lr 2.992e-01, val/acc 2.705e-01, val/nll 1.843e+00 (best_acc: 2.324e-01 -> 2.705e-01, test_acc: 2.796e-01, test_nll: 1.831e+00)
[2023-02-03 17:27:50] [Epoch     8/  200] trn/loss 1.785e+00, trn/lr 2.990e-01, val/acc 3.061e-01, val/nll 1.798e+00 (best_acc: 2.705e-01 -> 3.061e-01, test_acc: 3.217e-01, test_nll: 1.779e+00)
[2023-02-03 17:27:54] [Epoch     9/  200] trn/loss 1.679e+00, trn/lr 2.987e-01, val/acc 3.289e-01, val/nll 1.766e+00 (best_acc: 3.061e-01 -> 3.289e-01, test_acc: 3.346e-01, test_nll: 1.751e+00)
[2023-02-03 17:27:59] [Epoch    10/  200] trn/loss 1.630e+00, trn/lr 2.983e-01, val/acc 3.854e-01, val/nll 1.721e+00 (best_acc: 3.289e-01 -> 3.854e-01, test_acc: 3.854e-01, test_nll: 1.709e+00)
[2023-02-03 17:28:03] [Epoch    11/  200] trn/loss 1.525e+00, trn/lr 2.980e-01, val/acc 3.862e-01, val/nll 1.845e+00 (best_acc: 3.854e-01 -> 3.862e-01, test_acc: 3.826e-01, test_nll: 1.847e+00)
[2023-02-03 17:28:07] [Epoch    12/  200] trn/loss 1.426e+00, trn/lr 2.976e-01, val/acc 4.475e-01, val/nll 1.466e+00 (best_acc: 3.862e-01 -> 4.475e-01, test_acc: 4.546e-01, test_nll: 1.455e+00)
[2023-02-03 17:28:11] [Epoch    13/  200] trn/loss 1.340e+00, trn/lr 2.971e-01, val/acc 4.027e-01, val/nll 1.723e+00
[2023-02-03 17:28:16] [Epoch    14/  200] trn/loss 1.291e+00, trn/lr 2.966e-01, val/acc 4.455e-01, val/nll 1.932e+00
[2023-02-03 17:28:20] [Epoch    15/  200] trn/loss 1.181e+00, trn/lr 2.961e-01, val/acc 5.353e-01, val/nll 1.392e+00 (best_acc: 4.475e-01 -> 5.353e-01, test_acc: 5.369e-01, test_nll: 1.385e+00)
[2023-02-03 17:28:24] [Epoch    16/  200] trn/loss 1.121e+00, trn/lr 2.956e-01, val/acc 6.014e-01, val/nll 1.122e+00 (best_acc: 5.353e-01 -> 6.014e-01, test_acc: 6.021e-01, test_nll: 1.134e+00)
[2023-02-03 17:28:29] [Epoch    17/  200] trn/loss 1.042e+00, trn/lr 2.950e-01, val/acc 6.460e-01, val/nll 9.726e-01 (best_acc: 6.014e-01 -> 6.460e-01, test_acc: 6.463e-01, test_nll: 9.953e-01)
[2023-02-03 17:28:33] [Epoch    18/  200] trn/loss 9.535e-01, trn/lr 2.944e-01, val/acc 3.175e-01, val/nll 4.180e+00
[2023-02-03 17:28:37] [Epoch    19/  200] trn/loss 9.235e-01, trn/lr 2.937e-01, val/acc 6.377e-01, val/nll 1.121e+00
[2023-02-03 17:28:41] [Epoch    20/  200] trn/loss 8.847e-01, trn/lr 2.930e-01, val/acc 6.694e-01, val/nll 9.573e-01 (best_acc: 6.460e-01 -> 6.694e-01, test_acc: 6.553e-01, test_nll: 9.916e-01)
[2023-02-03 17:28:46] [Epoch    21/  200] trn/loss 8.200e-01, trn/lr 2.923e-01, val/acc 6.965e-01, val/nll 8.858e-01 (best_acc: 6.694e-01 -> 6.965e-01, test_acc: 6.883e-01, test_nll: 9.003e-01)
[2023-02-03 17:28:50] [Epoch    22/  200] trn/loss 7.916e-01, trn/lr 2.915e-01, val/acc 6.677e-01, val/nll 1.041e+00
[2023-02-03 17:28:54] [Epoch    23/  200] trn/loss 7.780e-01, trn/lr 2.907e-01, val/acc 6.741e-01, val/nll 1.005e+00
[2023-02-03 17:28:58] [Epoch    24/  200] trn/loss 7.476e-01, trn/lr 2.899e-01, val/acc 6.864e-01, val/nll 9.524e-01
[2023-02-03 17:29:02] [Epoch    25/  200] trn/loss 7.033e-01, trn/lr 2.890e-01, val/acc 7.154e-01, val/nll 9.241e-01 (best_acc: 6.965e-01 -> 7.154e-01, test_acc: 7.034e-01, test_nll: 9.571e-01)
[2023-02-03 17:29:07] [Epoch    26/  200] trn/loss 7.151e-01, trn/lr 2.881e-01, val/acc 7.419e-01, val/nll 7.803e-01 (best_acc: 7.154e-01 -> 7.419e-01, test_acc: 7.358e-01, test_nll: 7.989e-01)
[2023-02-03 17:29:11] [Epoch    27/  200] trn/loss 6.912e-01, trn/lr 2.872e-01, val/acc 6.442e-01, val/nll 1.350e+00
[2023-02-03 17:29:15] [Epoch    28/  200] trn/loss 6.723e-01, trn/lr 2.862e-01, val/acc 7.497e-01, val/nll 7.415e-01 (best_acc: 7.419e-01 -> 7.497e-01, test_acc: 7.443e-01, test_nll: 7.703e-01)
[2023-02-03 17:29:19] [Epoch    29/  200] trn/loss 6.706e-01, trn/lr 2.852e-01, val/acc 6.574e-01, val/nll 1.196e+00
[2023-02-03 17:29:23] [Epoch    30/  200] trn/loss 6.430e-01, trn/lr 2.842e-01, val/acc 6.916e-01, val/nll 1.024e+00
[2023-02-03 17:29:27] [Epoch    31/  200] trn/loss 6.293e-01, trn/lr 2.831e-01, val/acc 7.216e-01, val/nll 8.822e-01
[2023-02-03 17:29:31] [Epoch    32/  200] trn/loss 6.206e-01, trn/lr 2.820e-01, val/acc 6.997e-01, val/nll 9.091e-01
[2023-02-03 17:29:36] [Epoch    33/  200] trn/loss 6.091e-01, trn/lr 2.809e-01, val/acc 7.454e-01, val/nll 8.169e-01
[2023-02-03 17:29:40] [Epoch    34/  200] trn/loss 6.160e-01, trn/lr 2.797e-01, val/acc 7.437e-01, val/nll 8.244e-01
[2023-02-03 17:29:44] [Epoch    35/  200] trn/loss 5.864e-01, trn/lr 2.785e-01, val/acc 6.980e-01, val/nll 9.604e-01
[2023-02-03 17:29:48] [Epoch    36/  200] trn/loss 6.044e-01, trn/lr 2.773e-01, val/acc 7.442e-01, val/nll 7.812e-01
[2023-02-03 17:29:52] [Epoch    37/  200] trn/loss 5.855e-01, trn/lr 2.760e-01, val/acc 7.400e-01, val/nll 7.966e-01
[2023-02-03 17:29:56] [Epoch    38/  200] trn/loss 5.789e-01, trn/lr 2.747e-01, val/acc 6.999e-01, val/nll 9.460e-01
[2023-02-03 17:30:00] [Epoch    39/  200] trn/loss 5.598e-01, trn/lr 2.734e-01, val/acc 7.593e-01, val/nll 7.230e-01 (best_acc: 7.497e-01 -> 7.593e-01, test_acc: 7.551e-01, test_nll: 7.321e-01)
[2023-02-03 17:30:04] [Epoch    40/  200] trn/loss 5.674e-01, trn/lr 2.720e-01, val/acc 7.256e-01, val/nll 8.133e-01
[2023-02-03 17:30:09] [Epoch    41/  200] trn/loss 5.718e-01, trn/lr 2.707e-01, val/acc 7.581e-01, val/nll 7.032e-01
[2023-02-03 17:30:13] [Epoch    42/  200] trn/loss 5.519e-01, trn/lr 2.692e-01, val/acc 7.643e-01, val/nll 7.138e-01 (best_acc: 7.593e-01 -> 7.643e-01, test_acc: 7.563e-01, test_nll: 7.233e-01)
[2023-02-03 17:30:17] [Epoch    43/  200] trn/loss 5.546e-01, trn/lr 2.678e-01, val/acc 7.289e-01, val/nll 8.510e-01
[2023-02-03 17:30:21] [Epoch    44/  200] trn/loss 5.453e-01, trn/lr 2.663e-01, val/acc 7.847e-01, val/nll 6.490e-01 (best_acc: 7.643e-01 -> 7.847e-01, test_acc: 7.792e-01, test_nll: 6.571e-01)
[2023-02-03 17:30:25] [Epoch    45/  200] trn/loss 5.459e-01, trn/lr 2.648e-01, val/acc 7.830e-01, val/nll 6.476e-01
[2023-02-03 17:30:30] [Epoch    46/  200] trn/loss 5.281e-01, trn/lr 2.633e-01, val/acc 7.475e-01, val/nll 7.530e-01
[2023-02-03 17:30:34] [Epoch    47/  200] trn/loss 5.316e-01, trn/lr 2.617e-01, val/acc 7.652e-01, val/nll 6.859e-01
[2023-02-03 17:30:38] [Epoch    48/  200] trn/loss 5.198e-01, trn/lr 2.602e-01, val/acc 7.752e-01, val/nll 6.729e-01
[2023-02-03 17:30:42] [Epoch    49/  200] trn/loss 5.172e-01, trn/lr 2.585e-01, val/acc 7.445e-01, val/nll 8.228e-01
[2023-02-03 17:30:46] [Epoch    50/  200] trn/loss 5.087e-01, trn/lr 2.569e-01, val/acc 7.874e-01, val/nll 6.435e-01 (best_acc: 7.847e-01 -> 7.874e-01, test_acc: 7.878e-01, test_nll: 6.466e-01)
[2023-02-03 17:30:50] [Epoch    51/  200] trn/loss 5.164e-01, trn/lr 2.552e-01, val/acc 7.726e-01, val/nll 6.919e-01
[2023-02-03 17:30:54] [Epoch    52/  200] trn/loss 5.185e-01, trn/lr 2.535e-01, val/acc 7.701e-01, val/nll 7.000e-01
[2023-02-03 17:30:59] [Epoch    53/  200] trn/loss 5.092e-01, trn/lr 2.518e-01, val/acc 8.006e-01, val/nll 5.930e-01 (best_acc: 7.874e-01 -> 8.006e-01, test_acc: 7.979e-01, test_nll: 6.084e-01)
[2023-02-03 17:31:03] [Epoch    54/  200] trn/loss 5.021e-01, trn/lr 2.501e-01, val/acc 7.772e-01, val/nll 7.117e-01
[2023-02-03 17:31:07] [Epoch    55/  200] trn/loss 4.943e-01, trn/lr 2.483e-01, val/acc 7.926e-01, val/nll 6.310e-01
[2023-02-03 17:31:11] [Epoch    56/  200] trn/loss 4.923e-01, trn/lr 2.465e-01, val/acc 8.067e-01, val/nll 5.899e-01 (best_acc: 8.006e-01 -> 8.067e-01, test_acc: 8.007e-01, test_nll: 6.089e-01)
[2023-02-03 17:31:15] [Epoch    57/  200] trn/loss 4.782e-01, trn/lr 2.447e-01, val/acc 7.847e-01, val/nll 6.545e-01
[2023-02-03 17:31:19] [Epoch    58/  200] trn/loss 5.061e-01, trn/lr 2.429e-01, val/acc 7.315e-01, val/nll 8.779e-01
[2023-02-03 17:31:23] [Epoch    59/  200] trn/loss 4.836e-01, trn/lr 2.410e-01, val/acc 7.628e-01, val/nll 7.670e-01
[2023-02-03 17:31:28] [Epoch    60/  200] trn/loss 4.897e-01, trn/lr 2.391e-01, val/acc 7.969e-01, val/nll 6.189e-01
[2023-02-03 17:31:32] [Epoch    61/  200] trn/loss 4.722e-01, trn/lr 2.372e-01, val/acc 7.637e-01, val/nll 7.370e-01
[2023-02-03 17:31:36] [Epoch    62/  200] trn/loss 4.601e-01, trn/lr 2.353e-01, val/acc 7.996e-01, val/nll 6.108e-01
[2023-02-03 17:31:40] [Epoch    63/  200] trn/loss 4.779e-01, trn/lr 2.333e-01, val/acc 7.316e-01, val/nll 9.649e-01
[2023-02-03 17:31:44] [Epoch    64/  200] trn/loss 4.626e-01, trn/lr 2.314e-01, val/acc 8.188e-01, val/nll 5.376e-01 (best_acc: 8.067e-01 -> 8.188e-01, test_acc: 8.135e-01, test_nll: 5.476e-01)
[2023-02-03 17:31:48] [Epoch    65/  200] trn/loss 4.687e-01, trn/lr 2.294e-01, val/acc 7.715e-01, val/nll 7.237e-01
[2023-02-03 17:31:52] [Epoch    66/  200] trn/loss 4.584e-01, trn/lr 2.274e-01, val/acc 7.898e-01, val/nll 6.692e-01
[2023-02-03 17:31:56] [Epoch    67/  200] trn/loss 4.423e-01, trn/lr 2.253e-01, val/acc 7.991e-01, val/nll 5.940e-01
[2023-02-03 17:32:00] [Epoch    68/  200] trn/loss 4.503e-01, trn/lr 2.233e-01, val/acc 7.532e-01, val/nll 8.433e-01
[2023-02-03 17:32:05] [Epoch    69/  200] trn/loss 4.535e-01, trn/lr 2.212e-01, val/acc 7.759e-01, val/nll 7.094e-01
[2023-02-03 17:32:09] [Epoch    70/  200] trn/loss 4.487e-01, trn/lr 2.192e-01, val/acc 7.866e-01, val/nll 6.251e-01
[2023-02-03 17:32:13] [Epoch    71/  200] trn/loss 4.541e-01, trn/lr 2.171e-01, val/acc 7.632e-01, val/nll 7.036e-01
[2023-02-03 17:32:17] [Epoch    72/  200] trn/loss 4.484e-01, trn/lr 2.149e-01, val/acc 7.593e-01, val/nll 7.386e-01
[2023-02-03 17:32:21] [Epoch    73/  200] trn/loss 4.375e-01, trn/lr 2.128e-01, val/acc 8.004e-01, val/nll 6.376e-01
[2023-02-03 17:32:25] [Epoch    74/  200] trn/loss 4.372e-01, trn/lr 2.107e-01, val/acc 8.030e-01, val/nll 5.982e-01
[2023-02-03 17:32:29] [Epoch    75/  200] trn/loss 4.155e-01, trn/lr 2.085e-01, val/acc 7.890e-01, val/nll 6.601e-01
[2023-02-03 17:32:33] [Epoch    76/  200] trn/loss 4.316e-01, trn/lr 2.063e-01, val/acc 7.940e-01, val/nll 6.135e-01
[2023-02-03 17:32:38] [Epoch    77/  200] trn/loss 4.313e-01, trn/lr 2.041e-01, val/acc 8.225e-01, val/nll 5.404e-01 (best_acc: 8.188e-01 -> 8.225e-01, test_acc: 8.229e-01, test_nll: 5.548e-01)
[2023-02-03 17:32:42] [Epoch    78/  200] trn/loss 4.218e-01, trn/lr 2.019e-01, val/acc 8.183e-01, val/nll 5.557e-01
[2023-02-03 17:32:46] [Epoch    79/  200] trn/loss 4.165e-01, trn/lr 1.997e-01, val/acc 8.325e-01, val/nll 5.069e-01 (best_acc: 8.225e-01 -> 8.325e-01, test_acc: 8.255e-01, test_nll: 5.226e-01)
[2023-02-03 17:32:50] [Epoch    80/  200] trn/loss 4.125e-01, trn/lr 1.975e-01, val/acc 8.353e-01, val/nll 4.968e-01 (best_acc: 8.325e-01 -> 8.353e-01, test_acc: 8.307e-01, test_nll: 5.125e-01)
[2023-02-03 17:32:54] [Epoch    81/  200] trn/loss 4.140e-01, trn/lr 1.952e-01, val/acc 8.139e-01, val/nll 5.728e-01
[2023-02-03 17:32:59] [Epoch    82/  200] trn/loss 4.143e-01, trn/lr 1.930e-01, val/acc 7.465e-01, val/nll 8.341e-01
[2023-02-03 17:33:03] [Epoch    83/  200] trn/loss 4.084e-01, trn/lr 1.907e-01, val/acc 7.898e-01, val/nll 7.050e-01
[2023-02-03 17:33:07] [Epoch    84/  200] trn/loss 4.011e-01, trn/lr 1.885e-01, val/acc 8.153e-01, val/nll 5.807e-01
[2023-02-03 17:33:11] [Epoch    85/  200] trn/loss 3.954e-01, trn/lr 1.862e-01, val/acc 8.070e-01, val/nll 5.892e-01
[2023-02-03 17:33:15] [Epoch    86/  200] trn/loss 3.923e-01, trn/lr 1.839e-01, val/acc 7.917e-01, val/nll 6.578e-01
[2023-02-03 17:33:19] [Epoch    87/  200] trn/loss 4.042e-01, trn/lr 1.816e-01, val/acc 8.030e-01, val/nll 6.280e-01
[2023-02-03 17:33:23] [Epoch    88/  200] trn/loss 3.811e-01, trn/lr 1.793e-01, val/acc 8.290e-01, val/nll 5.254e-01
[2023-02-03 17:33:27] [Epoch    89/  200] trn/loss 3.833e-01, trn/lr 1.770e-01, val/acc 8.261e-01, val/nll 5.163e-01
[2023-02-03 17:33:31] [Epoch    90/  200] trn/loss 3.981e-01, trn/lr 1.746e-01, val/acc 8.082e-01, val/nll 6.199e-01
[2023-02-03 17:33:35] [Epoch    91/  200] trn/loss 3.824e-01, trn/lr 1.723e-01, val/acc 8.039e-01, val/nll 6.304e-01
[2023-02-03 17:33:40] [Epoch    92/  200] trn/loss 3.725e-01, trn/lr 1.700e-01, val/acc 8.362e-01, val/nll 4.930e-01 (best_acc: 8.353e-01 -> 8.362e-01, test_acc: 8.342e-01, test_nll: 5.143e-01)
[2023-02-03 17:33:44] [Epoch    93/  200] trn/loss 3.784e-01, trn/lr 1.676e-01, val/acc 8.186e-01, val/nll 5.680e-01
[2023-02-03 17:33:48] [Epoch    94/  200] trn/loss 3.712e-01, trn/lr 1.653e-01, val/acc 8.150e-01, val/nll 5.774e-01
[2023-02-03 17:33:52] [Epoch    95/  200] trn/loss 3.700e-01, trn/lr 1.630e-01, val/acc 8.088e-01, val/nll 5.803e-01
[2023-02-03 17:33:56] [Epoch    96/  200] trn/loss 3.589e-01, trn/lr 1.606e-01, val/acc 8.011e-01, val/nll 6.460e-01
[2023-02-03 17:34:00] [Epoch    97/  200] trn/loss 3.720e-01, trn/lr 1.582e-01, val/acc 8.358e-01, val/nll 5.019e-01
[2023-02-03 17:34:04] [Epoch    98/  200] trn/loss 3.576e-01, trn/lr 1.559e-01, val/acc 8.393e-01, val/nll 4.982e-01 (best_acc: 8.362e-01 -> 8.393e-01, test_acc: 8.364e-01, test_nll: 4.976e-01)
[2023-02-03 17:34:09] [Epoch    99/  200] trn/loss 3.601e-01, trn/lr 1.535e-01, val/acc 8.409e-01, val/nll 5.049e-01 (best_acc: 8.393e-01 -> 8.409e-01, test_acc: 8.373e-01, test_nll: 5.212e-01)
[2023-02-03 17:34:13] [Epoch   100/  200] trn/loss 3.465e-01, trn/lr 1.512e-01, val/acc 8.156e-01, val/nll 6.048e-01
[2023-02-03 17:34:17] [Epoch   101/  200] trn/loss 3.558e-01, trn/lr 1.488e-01, val/acc 8.204e-01, val/nll 5.531e-01
[2023-02-03 17:34:21] [Epoch   102/  200] trn/loss 3.509e-01, trn/lr 1.465e-01, val/acc 8.244e-01, val/nll 5.562e-01
[2023-02-03 17:34:25] [Epoch   103/  200] trn/loss 3.375e-01, trn/lr 1.441e-01, val/acc 7.909e-01, val/nll 6.671e-01
[2023-02-03 17:34:30] [Epoch   104/  200] trn/loss 3.380e-01, trn/lr 1.418e-01, val/acc 8.482e-01, val/nll 4.463e-01 (best_acc: 8.409e-01 -> 8.482e-01, test_acc: 8.436e-01, test_nll: 4.479e-01)
[2023-02-03 17:34:34] [Epoch   105/  200] trn/loss 3.381e-01, trn/lr 1.394e-01, val/acc 8.301e-01, val/nll 5.308e-01
[2023-02-03 17:34:38] [Epoch   106/  200] trn/loss 3.258e-01, trn/lr 1.371e-01, val/acc 8.559e-01, val/nll 4.365e-01 (best_acc: 8.482e-01 -> 8.559e-01, test_acc: 8.585e-01, test_nll: 4.495e-01)
[2023-02-03 17:34:42] [Epoch   107/  200] trn/loss 3.239e-01, trn/lr 1.347e-01, val/acc 8.176e-01, val/nll 6.224e-01
[2023-02-03 17:34:46] [Epoch   108/  200] trn/loss 3.254e-01, trn/lr 1.324e-01, val/acc 8.248e-01, val/nll 5.560e-01
[2023-02-03 17:34:50] [Epoch   109/  200] trn/loss 3.306e-01, trn/lr 1.300e-01, val/acc 7.855e-01, val/nll 6.923e-01
[2023-02-03 17:34:55] [Epoch   110/  200] trn/loss 3.201e-01, trn/lr 1.277e-01, val/acc 8.649e-01, val/nll 4.033e-01 (best_acc: 8.559e-01 -> 8.649e-01, test_acc: 8.590e-01, test_nll: 4.294e-01)
[2023-02-03 17:34:59] [Epoch   111/  200] trn/loss 3.116e-01, trn/lr 1.254e-01, val/acc 8.494e-01, val/nll 4.690e-01
[2023-02-03 17:35:03] [Epoch   112/  200] trn/loss 3.108e-01, trn/lr 1.231e-01, val/acc 8.231e-01, val/nll 5.521e-01
[2023-02-03 17:35:07] [Epoch   113/  200] trn/loss 3.177e-01, trn/lr 1.207e-01, val/acc 8.185e-01, val/nll 6.482e-01
[2023-02-03 17:35:11] [Epoch   114/  200] trn/loss 3.018e-01, trn/lr 1.184e-01, val/acc 8.649e-01, val/nll 4.093e-01
[2023-02-03 17:35:15] [Epoch   115/  200] trn/loss 3.014e-01, trn/lr 1.161e-01, val/acc 8.377e-01, val/nll 5.151e-01
[2023-02-03 17:35:19] [Epoch   116/  200] trn/loss 3.013e-01, trn/lr 1.138e-01, val/acc 8.178e-01, val/nll 6.076e-01
[2023-02-03 17:35:23] [Epoch   117/  200] trn/loss 2.904e-01, trn/lr 1.116e-01, val/acc 8.243e-01, val/nll 5.924e-01
[2023-02-03 17:35:27] [Epoch   118/  200] trn/loss 2.889e-01, trn/lr 1.093e-01, val/acc 8.596e-01, val/nll 4.241e-01
[2023-02-03 17:35:31] [Epoch   119/  200] trn/loss 2.893e-01, trn/lr 1.070e-01, val/acc 8.503e-01, val/nll 4.706e-01
[2023-02-03 17:35:36] [Epoch   120/  200] trn/loss 2.814e-01, trn/lr 1.048e-01, val/acc 8.377e-01, val/nll 5.198e-01
[2023-02-03 17:35:40] [Epoch   121/  200] trn/loss 2.750e-01, trn/lr 1.025e-01, val/acc 8.690e-01, val/nll 4.010e-01 (best_acc: 8.649e-01 -> 8.690e-01, test_acc: 8.641e-01, test_nll: 4.138e-01)
[2023-02-03 17:35:44] [Epoch   122/  200] trn/loss 2.691e-01, trn/lr 1.003e-01, val/acc 7.924e-01, val/nll 7.205e-01
[2023-02-03 17:35:48] [Epoch   123/  200] trn/loss 2.737e-01, trn/lr 9.809e-02, val/acc 8.561e-01, val/nll 4.554e-01
[2023-02-03 17:35:52] [Epoch   124/  200] trn/loss 2.685e-01, trn/lr 9.589e-02, val/acc 8.562e-01, val/nll 4.562e-01
[2023-02-03 17:35:56] [Epoch   125/  200] trn/loss 2.691e-01, trn/lr 9.370e-02, val/acc 8.564e-01, val/nll 4.721e-01
[2023-02-03 17:36:00] [Epoch   126/  200] trn/loss 2.614e-01, trn/lr 9.152e-02, val/acc 8.574e-01, val/nll 4.621e-01
[2023-02-03 17:36:04] [Epoch   127/  200] trn/loss 2.479e-01, trn/lr 8.936e-02, val/acc 8.659e-01, val/nll 4.360e-01
[2023-02-03 17:36:08] [Epoch   128/  200] trn/loss 2.590e-01, trn/lr 8.721e-02, val/acc 8.137e-01, val/nll 6.190e-01
[2023-02-03 17:36:13] [Epoch   129/  200] trn/loss 2.506e-01, trn/lr 8.508e-02, val/acc 8.121e-01, val/nll 6.703e-01
[2023-02-03 17:36:17] [Epoch   130/  200] trn/loss 2.403e-01, trn/lr 8.296e-02, val/acc 8.377e-01, val/nll 5.348e-01
[2023-02-03 17:36:21] [Epoch   131/  200] trn/loss 2.362e-01, trn/lr 8.086e-02, val/acc 8.515e-01, val/nll 4.849e-01
[2023-02-03 17:36:25] [Epoch   132/  200] trn/loss 2.304e-01, trn/lr 7.878e-02, val/acc 8.777e-01, val/nll 3.839e-01 (best_acc: 8.690e-01 -> 8.777e-01, test_acc: 8.751e-01, test_nll: 4.082e-01)
[2023-02-03 17:36:29] [Epoch   133/  200] trn/loss 2.352e-01, trn/lr 7.671e-02, val/acc 8.662e-01, val/nll 4.427e-01
[2023-02-03 17:36:33] [Epoch   134/  200] trn/loss 2.314e-01, trn/lr 7.467e-02, val/acc 8.560e-01, val/nll 4.623e-01
[2023-02-03 17:36:37] [Epoch   135/  200] trn/loss 2.228e-01, trn/lr 7.264e-02, val/acc 8.553e-01, val/nll 4.710e-01
[2023-02-03 17:36:42] [Epoch   136/  200] trn/loss 2.177e-01, trn/lr 7.063e-02, val/acc 8.862e-01, val/nll 3.684e-01 (best_acc: 8.777e-01 -> 8.862e-01, test_acc: 8.824e-01, test_nll: 3.767e-01)
[2023-02-03 17:36:46] [Epoch   137/  200] trn/loss 2.122e-01, trn/lr 6.864e-02, val/acc 8.545e-01, val/nll 4.824e-01
[2023-02-03 17:36:50] [Epoch   138/  200] trn/loss 2.057e-01, trn/lr 6.667e-02, val/acc 8.752e-01, val/nll 4.179e-01
[2023-02-03 17:36:54] [Epoch   139/  200] trn/loss 1.994e-01, trn/lr 6.472e-02, val/acc 8.851e-01, val/nll 3.677e-01
[2023-02-03 17:36:58] [Epoch   140/  200] trn/loss 2.057e-01, trn/lr 6.279e-02, val/acc 8.636e-01, val/nll 4.472e-01
[2023-02-03 17:37:02] [Epoch   141/  200] trn/loss 1.894e-01, trn/lr 6.089e-02, val/acc 8.683e-01, val/nll 4.362e-01
[2023-02-03 17:37:06] [Epoch   142/  200] trn/loss 1.914e-01, trn/lr 5.900e-02, val/acc 8.814e-01, val/nll 3.769e-01
[2023-02-03 17:37:10] [Epoch   143/  200] trn/loss 1.850e-01, trn/lr 5.714e-02, val/acc 8.784e-01, val/nll 4.071e-01
[2023-02-03 17:37:14] [Epoch   144/  200] trn/loss 1.854e-01, trn/lr 5.530e-02, val/acc 8.835e-01, val/nll 3.656e-01
[2023-02-03 17:37:18] [Epoch   145/  200] trn/loss 1.838e-01, trn/lr 5.349e-02, val/acc 8.781e-01, val/nll 3.939e-01
[2023-02-03 17:37:23] [Epoch   146/  200] trn/loss 1.740e-01, trn/lr 5.170e-02, val/acc 8.871e-01, val/nll 3.832e-01 (best_acc: 8.862e-01 -> 8.871e-01, test_acc: 8.769e-01, test_nll: 4.013e-01)
[2023-02-03 17:37:27] [Epoch   147/  200] trn/loss 1.654e-01, trn/lr 4.993e-02, val/acc 8.853e-01, val/nll 3.938e-01
[2023-02-03 17:37:31] [Epoch   148/  200] trn/loss 1.583e-01, trn/lr 4.819e-02, val/acc 8.762e-01, val/nll 4.281e-01
[2023-02-03 17:37:35] [Epoch   149/  200] trn/loss 1.602e-01, trn/lr 4.647e-02, val/acc 8.856e-01, val/nll 3.878e-01
[2023-02-03 17:37:39] [Epoch   150/  200] trn/loss 1.562e-01, trn/lr 4.478e-02, val/acc 8.885e-01, val/nll 3.874e-01 (best_acc: 8.871e-01 -> 8.885e-01, test_acc: 8.840e-01, test_nll: 3.847e-01)
[2023-02-03 17:37:44] [Epoch   151/  200] trn/loss 1.522e-01, trn/lr 4.311e-02, val/acc 8.877e-01, val/nll 3.825e-01
[2023-02-03 17:37:48] [Epoch   152/  200] trn/loss 1.427e-01, trn/lr 4.147e-02, val/acc 8.893e-01, val/nll 3.872e-01 (best_acc: 8.885e-01 -> 8.893e-01, test_acc: 8.882e-01, test_nll: 3.823e-01)
[2023-02-03 17:37:52] [Epoch   153/  200] trn/loss 1.439e-01, trn/lr 3.986e-02, val/acc 8.881e-01, val/nll 3.814e-01
[2023-02-03 17:37:56] [Epoch   154/  200] trn/loss 1.350e-01, trn/lr 3.827e-02, val/acc 8.998e-01, val/nll 3.497e-01 (best_acc: 8.893e-01 -> 8.998e-01, test_acc: 8.929e-01, test_nll: 3.660e-01)
[2023-02-03 17:38:01] [Epoch   155/  200] trn/loss 1.357e-01, trn/lr 3.671e-02, val/acc 8.886e-01, val/nll 3.898e-01
[2023-02-03 17:38:05] [Epoch   156/  200] trn/loss 1.315e-01, trn/lr 3.518e-02, val/acc 8.825e-01, val/nll 4.063e-01
[2023-02-03 17:38:09] [Epoch   157/  200] trn/loss 1.192e-01, trn/lr 3.368e-02, val/acc 8.889e-01, val/nll 3.994e-01
[2023-02-03 17:38:13] [Epoch   158/  200] trn/loss 1.191e-01, trn/lr 3.221e-02, val/acc 8.950e-01, val/nll 3.721e-01
[2023-02-03 17:38:17] [Epoch   159/  200] trn/loss 1.082e-01, trn/lr 3.076e-02, val/acc 9.015e-01, val/nll 3.628e-01 (best_acc: 8.998e-01 -> 9.015e-01, test_acc: 8.953e-01, test_nll: 3.716e-01)
[2023-02-03 17:38:21] [Epoch   160/  200] trn/loss 1.031e-01, trn/lr 2.935e-02, val/acc 8.982e-01, val/nll 3.659e-01
[2023-02-03 17:38:25] [Epoch   161/  200] trn/loss 1.003e-01, trn/lr 2.796e-02, val/acc 8.907e-01, val/nll 4.011e-01
[2023-02-03 17:38:29] [Epoch   162/  200] trn/loss 9.596e-02, trn/lr 2.661e-02, val/acc 8.978e-01, val/nll 3.624e-01
[2023-02-03 17:38:34] [Epoch   163/  200] trn/loss 9.039e-02, trn/lr 2.528e-02, val/acc 9.011e-01, val/nll 3.830e-01
[2023-02-03 17:38:38] [Epoch   164/  200] trn/loss 8.605e-02, trn/lr 2.399e-02, val/acc 9.003e-01, val/nll 3.910e-01
[2023-02-03 17:38:42] [Epoch   165/  200] trn/loss 8.156e-02, trn/lr 2.273e-02, val/acc 8.940e-01, val/nll 4.178e-01
[2023-02-03 17:38:46] [Epoch   166/  200] trn/loss 7.353e-02, trn/lr 2.150e-02, val/acc 9.025e-01, val/nll 3.696e-01 (best_acc: 9.015e-01 -> 9.025e-01, test_acc: 9.023e-01, test_nll: 3.705e-01)
[2023-02-03 17:38:51] [Epoch   167/  200] trn/loss 6.548e-02, trn/lr 2.030e-02, val/acc 9.090e-01, val/nll 3.704e-01 (best_acc: 9.025e-01 -> 9.090e-01, test_acc: 9.065e-01, test_nll: 3.739e-01)
[2023-02-03 17:38:55] [Epoch   168/  200] trn/loss 6.478e-02, trn/lr 1.913e-02, val/acc 9.066e-01, val/nll 3.656e-01
[2023-02-03 17:38:59] [Epoch   169/  200] trn/loss 5.738e-02, trn/lr 1.800e-02, val/acc 9.127e-01, val/nll 3.551e-01 (best_acc: 9.090e-01 -> 9.127e-01, test_acc: 9.078e-01, test_nll: 3.570e-01)
[2023-02-03 17:39:03] [Epoch   170/  200] trn/loss 5.619e-02, trn/lr 1.689e-02, val/acc 9.080e-01, val/nll 3.822e-01
[2023-02-03 17:39:07] [Epoch   171/  200] trn/loss 5.093e-02, trn/lr 1.582e-02, val/acc 9.106e-01, val/nll 3.682e-01
[2023-02-03 17:39:11] [Epoch   172/  200] trn/loss 4.960e-02, trn/lr 1.479e-02, val/acc 9.092e-01, val/nll 3.810e-01
[2023-02-03 17:39:16] [Epoch   173/  200] trn/loss 4.365e-02, trn/lr 1.378e-02, val/acc 9.096e-01, val/nll 3.815e-01
[2023-02-03 17:39:24] [Epoch   174/  200] trn/loss 4.101e-02, trn/lr 1.281e-02, val/acc 9.133e-01, val/nll 3.683e-01 (best_acc: 9.127e-01 -> 9.133e-01, test_acc: 9.131e-01, test_nll: 3.721e-01)
[2023-02-03 17:39:28] [Epoch   175/  200] trn/loss 3.743e-02, trn/lr 1.188e-02, val/acc 9.098e-01, val/nll 3.755e-01
[2023-02-03 17:39:32] [Epoch   176/  200] trn/loss 3.350e-02, trn/lr 1.098e-02, val/acc 9.139e-01, val/nll 3.634e-01 (best_acc: 9.133e-01 -> 9.139e-01, test_acc: 9.129e-01, test_nll: 3.736e-01)
[2023-02-03 17:39:36] [Epoch   177/  200] trn/loss 2.947e-02, trn/lr 1.011e-02, val/acc 9.136e-01, val/nll 3.795e-01
[2023-02-03 17:39:41] [Epoch   178/  200] trn/loss 2.644e-02, trn/lr 9.275e-03, val/acc 9.156e-01, val/nll 3.714e-01 (best_acc: 9.139e-01 -> 9.156e-01, test_acc: 9.153e-01, test_nll: 3.693e-01)
[2023-02-03 17:39:45] [Epoch   179/  200] trn/loss 2.454e-02, trn/lr 8.477e-03, val/acc 9.168e-01, val/nll 3.768e-01 (best_acc: 9.156e-01 -> 9.168e-01, test_acc: 9.120e-01, test_nll: 3.839e-01)
[2023-02-03 17:39:49] [Epoch   180/  200] trn/loss 2.122e-02, trn/lr 7.714e-03, val/acc 9.134e-01, val/nll 3.757e-01
[2023-02-03 17:39:53] [Epoch   181/  200] trn/loss 1.921e-02, trn/lr 6.986e-03, val/acc 9.158e-01, val/nll 3.778e-01
[2023-02-03 17:39:58] [Epoch   182/  200] trn/loss 1.800e-02, trn/lr 6.293e-03, val/acc 9.181e-01, val/nll 3.785e-01 (best_acc: 9.168e-01 -> 9.181e-01, test_acc: 9.161e-01, test_nll: 3.830e-01)
[2023-02-03 17:40:02] [Epoch   183/  200] trn/loss 1.748e-02, trn/lr 5.635e-03, val/acc 9.183e-01, val/nll 3.803e-01 (best_acc: 9.181e-01 -> 9.183e-01, test_acc: 9.156e-01, test_nll: 3.795e-01)
[2023-02-03 17:40:06] [Epoch   184/  200] trn/loss 1.455e-02, trn/lr 5.013e-03, val/acc 9.156e-01, val/nll 3.894e-01
[2023-02-03 17:40:11] [Epoch   185/  200] trn/loss 1.401e-02, trn/lr 4.427e-03, val/acc 9.213e-01, val/nll 3.797e-01 (best_acc: 9.183e-01 -> 9.213e-01, test_acc: 9.178e-01, test_nll: 3.844e-01)
[2023-02-03 17:40:15] [Epoch   186/  200] trn/loss 1.215e-02, trn/lr 3.877e-03, val/acc 9.197e-01, val/nll 3.848e-01
[2023-02-03 17:40:19] [Epoch   187/  200] trn/loss 1.188e-02, trn/lr 3.363e-03, val/acc 9.189e-01, val/nll 3.896e-01
[2023-02-03 17:40:23] [Epoch   188/  200] trn/loss 1.206e-02, trn/lr 2.885e-03, val/acc 9.188e-01, val/nll 3.895e-01
[2023-02-03 17:40:27] [Epoch   189/  200] trn/loss 1.129e-02, trn/lr 2.444e-03, val/acc 9.201e-01, val/nll 3.898e-01
[2023-02-03 17:40:31] [Epoch   190/  200] trn/loss 1.033e-02, trn/lr 2.038e-03, val/acc 9.192e-01, val/nll 3.928e-01
[2023-02-03 17:40:35] [Epoch   191/  200] trn/loss 1.036e-02, trn/lr 1.670e-03, val/acc 9.204e-01, val/nll 3.894e-01
[2023-02-03 17:40:40] [Epoch   192/  200] trn/loss 1.007e-02, trn/lr 1.338e-03, val/acc 9.194e-01, val/nll 3.907e-01
[2023-02-03 17:40:44] [Epoch   193/  200] trn/loss 9.554e-03, trn/lr 1.042e-03, val/acc 9.205e-01, val/nll 3.837e-01
[2023-02-03 17:40:48] [Epoch   194/  200] trn/loss 9.967e-03, trn/lr 7.835e-04, val/acc 9.212e-01, val/nll 3.871e-01
[2023-02-03 17:40:52] [Epoch   195/  200] trn/loss 9.181e-03, trn/lr 5.616e-04, val/acc 9.205e-01, val/nll 3.862e-01
[2023-02-03 17:40:56] [Epoch   196/  200] trn/loss 8.472e-03, trn/lr 3.766e-04, val/acc 9.202e-01, val/nll 3.864e-01
[2023-02-03 17:41:00] [Epoch   197/  200] trn/loss 8.241e-03, trn/lr 2.286e-04, val/acc 9.199e-01, val/nll 3.870e-01
[2023-02-03 17:41:04] [Epoch   198/  200] trn/loss 8.688e-03, trn/lr 1.175e-04, val/acc 9.200e-01, val/nll 3.859e-01
[2023-02-03 17:41:08] [Epoch   199/  200] trn/loss 7.918e-03, trn/lr 4.335e-05, val/acc 9.209e-01, val/nll 3.881e-01
[2023-02-03 17:41:12] [Epoch   200/  200] trn/loss 9.139e-03, trn/lr 6.226e-06, val/acc 9.201e-01, val/nll 3.907e-01
