[2023-02-11 20:09:31] Environments:
------------  ------------------------------------------------------------
sys.platform  linux
Python        3.8.10 (default, Nov 14 2022, 12:59:47) [GCC 9.4.0]
JAX           0.4.2 @/home/giung/.local/lib/python3.8/site-packages/jax
jaxlib        0.4.2 @/home/giung/.local/lib/python3.8/site-packages/jaxlib
Flax          0.6.4 @/home/giung/.local/lib/python3.8/site-packages/flax
Optax         0.1.4 @/home/giung/.local/lib/python3.8/site-packages/optax
------------  ------------------------------------------------------------

[2023-02-11 20:09:31] Command line arguments:
- args.data_root          : ./data/
- args.data_name          : CIFAR100_x32
- args.data_augmentation  : standard
- args.data_proportional  : 1.0
- args.model_depth        : 20
- args.model_width        : 4
- args.model_style        : BN-ReLU
- args.optim_bs           : 256
- args.optim_ne           : 200
- args.optim_lr           : 1.0
- args.optim_b1           : 0.7
- args.optim_b2           : 0.999
- args.optim_eps          : 0.1
- args.optim_weight_decay : 0.0003
- args.rho                : 0.3
- args.num_data_factor    : 1.0
- args.save               : /home/giung/giung2-dev/projects/sam/save/CIFAR100_x32/R20x4-BN-ReLU/BayesSAM/bs-0256_ne-0200_lr-1.00_b1-0.700_b2-0.999_wd-0.0003_eps-1e-1_rho-0.3000_factor-1.0_fp32/42
- args.seed               : 42
- args.precision          : fp32

[2023-02-11 20:09:37] Multiple local devices are detected:
[TpuDevice(id=0, process_index=0, coords=(0,0,0), core_on_chip=0), TpuDevice(id=1, process_index=0, coords=(0,0,0), core_on_chip=1), TpuDevice(id=2, process_index=0, coords=(1,0,0), core_on_chip=0), TpuDevice(id=3, process_index=0, coords=(1,0,0), core_on_chip=1), TpuDevice(id=4, process_index=0, coords=(0,1,0), core_on_chip=0), TpuDevice(id=5, process_index=0, coords=(0,1,0), core_on_chip=1), TpuDevice(id=6, process_index=0, coords=(1,1,0), core_on_chip=0), TpuDevice(id=7, process_index=0, coords=(1,1,0), core_on_chip=1)]

[2023-02-11 20:10:48] [Epoch     1/  200] trn/loss 4.549e+00, trn/lr 1.000e+00, trn/scale 9.322e-01, val/acc 5.100e-02, val/nll 4.289e+00 (best_acc: 0.000e+00 -> 5.100e-02, test_acc: 5.030e-02, test_nll: 4.284e+00)
[2023-02-11 20:10:58] [Epoch     2/  200] trn/loss 4.027e+00, trn/lr 9.999e-01, trn/scale 8.092e-01, val/acc 1.021e-01, val/nll 3.814e+00 (best_acc: 5.100e-02 -> 1.021e-01, test_acc: 1.076e-01, test_nll: 3.794e+00)
[2023-02-11 20:11:07] [Epoch     3/  200] trn/loss 3.725e+00, trn/lr 9.996e-01, trn/scale 7.044e-01, val/acc 1.390e-01, val/nll 3.620e+00 (best_acc: 1.021e-01 -> 1.390e-01, test_acc: 1.429e-01, test_nll: 3.597e+00)
[2023-02-11 20:11:16] [Epoch     4/  200] trn/loss 3.500e+00, trn/lr 9.992e-01, trn/scale 6.151e-01, val/acc 1.848e-01, val/nll 3.329e+00 (best_acc: 1.390e-01 -> 1.848e-01, test_acc: 1.869e-01, test_nll: 3.315e+00)
[2023-02-11 20:11:25] [Epoch     5/  200] trn/loss 3.242e+00, trn/lr 9.987e-01, trn/scale 5.390e-01, val/acc 2.205e-01, val/nll 3.137e+00 (best_acc: 1.848e-01 -> 2.205e-01, test_acc: 2.233e-01, test_nll: 3.122e+00)
[2023-02-11 20:11:35] [Epoch     6/  200] trn/loss 2.974e+00, trn/lr 9.981e-01, trn/scale 4.741e-01, val/acc 2.509e-01, val/nll 3.012e+00 (best_acc: 2.205e-01 -> 2.509e-01, test_acc: 2.502e-01, test_nll: 2.992e+00)
[2023-02-11 20:11:44] [Epoch     7/  200] trn/loss 2.722e+00, trn/lr 9.974e-01, trn/scale 4.189e-01, val/acc 2.914e-01, val/nll 2.799e+00 (best_acc: 2.509e-01 -> 2.914e-01, test_acc: 2.920e-01, test_nll: 2.789e+00)
[2023-02-11 20:11:53] [Epoch     8/  200] trn/loss 2.494e+00, trn/lr 9.965e-01, trn/scale 3.718e-01, val/acc 3.388e-01, val/nll 2.511e+00 (best_acc: 2.914e-01 -> 3.388e-01, test_acc: 3.456e-01, test_nll: 2.480e+00)
[2023-02-11 20:12:02] [Epoch     9/  200] trn/loss 2.298e+00, trn/lr 9.955e-01, trn/scale 3.317e-01, val/acc 3.785e-01, val/nll 2.315e+00 (best_acc: 3.388e-01 -> 3.785e-01, test_acc: 3.876e-01, test_nll: 2.289e+00)
[2023-02-11 20:12:12] [Epoch    10/  200] trn/loss 2.138e+00, trn/lr 9.944e-01, trn/scale 2.975e-01, val/acc 4.235e-01, val/nll 2.141e+00 (best_acc: 3.785e-01 -> 4.235e-01, test_acc: 4.267e-01, test_nll: 2.107e+00)
[2023-02-11 20:12:21] [Epoch    11/  200] trn/loss 2.009e+00, trn/lr 9.932e-01, trn/scale 2.684e-01, val/acc 4.367e-01, val/nll 2.083e+00 (best_acc: 4.235e-01 -> 4.367e-01, test_acc: 4.387e-01, test_nll: 2.064e+00)
[2023-02-11 20:12:30] [Epoch    12/  200] trn/loss 1.902e+00, trn/lr 9.919e-01, trn/scale 2.436e-01, val/acc 4.528e-01, val/nll 2.017e+00 (best_acc: 4.367e-01 -> 4.528e-01, test_acc: 4.618e-01, test_nll: 1.980e+00)
[2023-02-11 20:12:39] [Epoch    13/  200] trn/loss 1.839e+00, trn/lr 9.904e-01, trn/scale 2.225e-01, val/acc 4.723e-01, val/nll 1.925e+00 (best_acc: 4.528e-01 -> 4.723e-01, test_acc: 4.830e-01, test_nll: 1.890e+00)
[2023-02-11 20:12:47] [Epoch    14/  200] trn/loss 1.778e+00, trn/lr 9.888e-01, trn/scale 2.044e-01, val/acc 4.594e-01, val/nll 1.984e+00
[2023-02-11 20:12:56] [Epoch    15/  200] trn/loss 1.734e+00, trn/lr 9.871e-01, trn/scale 1.891e-01, val/acc 3.855e-01, val/nll 2.377e+00
[2023-02-11 20:13:04] [Epoch    16/  200] trn/loss 1.724e+00, trn/lr 9.853e-01, trn/scale 1.760e-01, val/acc 4.357e-01, val/nll 2.149e+00
[2023-02-11 20:13:13] [Epoch    17/  200] trn/loss 1.695e+00, trn/lr 9.833e-01, trn/scale 1.649e-01, val/acc 5.111e-01, val/nll 1.756e+00 (best_acc: 4.723e-01 -> 5.111e-01, test_acc: 5.142e-01, test_nll: 1.758e+00)
[2023-02-11 20:13:21] [Epoch    18/  200] trn/loss 1.671e+00, trn/lr 9.812e-01, trn/scale 1.554e-01, val/acc 4.733e-01, val/nll 1.949e+00
[2023-02-11 20:13:29] [Epoch    19/  200] trn/loss 1.669e+00, trn/lr 9.790e-01, trn/scale 1.473e-01, val/acc 4.787e-01, val/nll 1.934e+00
[2023-02-11 20:13:37] [Epoch    20/  200] trn/loss 1.650e+00, trn/lr 9.767e-01, trn/scale 1.404e-01, val/acc 4.728e-01, val/nll 1.918e+00
[2023-02-11 20:13:46] [Epoch    21/  200] trn/loss 1.664e+00, trn/lr 9.743e-01, trn/scale 1.345e-01, val/acc 4.586e-01, val/nll 1.979e+00
[2023-02-11 20:13:54] [Epoch    22/  200] trn/loss 1.647e+00, trn/lr 9.718e-01, trn/scale 1.295e-01, val/acc 4.897e-01, val/nll 1.860e+00
[2023-02-11 20:14:02] [Epoch    23/  200] trn/loss 1.644e+00, trn/lr 9.691e-01, trn/scale 1.252e-01, val/acc 3.185e-01, val/nll 2.855e+00
[2023-02-11 20:14:10] [Epoch    24/  200] trn/loss 1.650e+00, trn/lr 9.663e-01, trn/scale 1.216e-01, val/acc 4.585e-01, val/nll 1.992e+00
[2023-02-11 20:14:18] [Epoch    25/  200] trn/loss 1.643e+00, trn/lr 9.634e-01, trn/scale 1.185e-01, val/acc 4.780e-01, val/nll 1.873e+00
[2023-02-11 20:14:27] [Epoch    26/  200] trn/loss 1.656e+00, trn/lr 9.604e-01, trn/scale 1.159e-01, val/acc 4.623e-01, val/nll 2.040e+00
[2023-02-11 20:14:35] [Epoch    27/  200] trn/loss 1.632e+00, trn/lr 9.573e-01, trn/scale 1.136e-01, val/acc 4.792e-01, val/nll 1.926e+00
[2023-02-11 20:14:43] [Epoch    28/  200] trn/loss 1.637e+00, trn/lr 9.541e-01, trn/scale 1.117e-01, val/acc 4.719e-01, val/nll 1.982e+00
[2023-02-11 20:14:51] [Epoch    29/  200] trn/loss 1.645e+00, trn/lr 9.507e-01, trn/scale 1.101e-01, val/acc 4.558e-01, val/nll 2.064e+00
[2023-02-11 20:15:00] [Epoch    30/  200] trn/loss 1.641e+00, trn/lr 9.473e-01, trn/scale 1.087e-01, val/acc 5.144e-01, val/nll 1.814e+00 (best_acc: 5.111e-01 -> 5.144e-01, test_acc: 5.214e-01, test_nll: 1.781e+00)
[2023-02-11 20:15:09] [Epoch    31/  200] trn/loss 1.642e+00, trn/lr 9.437e-01, trn/scale 1.075e-01, val/acc 4.673e-01, val/nll 2.043e+00
[2023-02-11 20:15:18] [Epoch    32/  200] trn/loss 1.630e+00, trn/lr 9.400e-01, trn/scale 1.065e-01, val/acc 5.185e-01, val/nll 1.744e+00 (best_acc: 5.144e-01 -> 5.185e-01, test_acc: 5.287e-01, test_nll: 1.723e+00)
[2023-02-11 20:15:26] [Epoch    33/  200] trn/loss 1.625e+00, trn/lr 9.363e-01, trn/scale 1.056e-01, val/acc 4.137e-01, val/nll 2.312e+00
[2023-02-11 20:15:34] [Epoch    34/  200] trn/loss 1.622e+00, trn/lr 9.324e-01, trn/scale 1.049e-01, val/acc 4.997e-01, val/nll 1.816e+00
[2023-02-11 20:15:43] [Epoch    35/  200] trn/loss 1.620e+00, trn/lr 9.284e-01, trn/scale 1.043e-01, val/acc 5.002e-01, val/nll 1.874e+00
[2023-02-11 20:15:51] [Epoch    36/  200] trn/loss 1.609e+00, trn/lr 9.243e-01, trn/scale 1.038e-01, val/acc 4.800e-01, val/nll 1.926e+00
[2023-02-11 20:15:59] [Epoch    37/  200] trn/loss 1.626e+00, trn/lr 9.201e-01, trn/scale 1.033e-01, val/acc 4.529e-01, val/nll 2.153e+00
[2023-02-11 20:16:07] [Epoch    38/  200] trn/loss 1.608e+00, trn/lr 9.157e-01, trn/scale 1.029e-01, val/acc 4.512e-01, val/nll 2.036e+00
[2023-02-11 20:16:15] [Epoch    39/  200] trn/loss 1.606e+00, trn/lr 9.113e-01, trn/scale 1.026e-01, val/acc 4.728e-01, val/nll 1.944e+00
[2023-02-11 20:16:23] [Epoch    40/  200] trn/loss 1.598e+00, trn/lr 9.068e-01, trn/scale 1.023e-01, val/acc 4.170e-01, val/nll 2.229e+00
[2023-02-11 20:16:33] [Epoch    41/  200] trn/loss 1.585e+00, trn/lr 9.022e-01, trn/scale 1.021e-01, val/acc 5.320e-01, val/nll 1.705e+00 (best_acc: 5.185e-01 -> 5.320e-01, test_acc: 5.412e-01, test_nll: 1.684e+00)
[2023-02-11 20:16:42] [Epoch    42/  200] trn/loss 1.576e+00, trn/lr 8.975e-01, trn/scale 1.019e-01, val/acc 5.330e-01, val/nll 1.709e+00 (best_acc: 5.320e-01 -> 5.330e-01, test_acc: 5.286e-01, test_nll: 1.713e+00)
[2023-02-11 20:16:50] [Epoch    43/  200] trn/loss 1.572e+00, trn/lr 8.927e-01, trn/scale 1.017e-01, val/acc 4.996e-01, val/nll 1.844e+00
[2023-02-11 20:16:58] [Epoch    44/  200] trn/loss 1.569e+00, trn/lr 8.878e-01, trn/scale 1.015e-01, val/acc 4.861e-01, val/nll 1.920e+00
[2023-02-11 20:17:07] [Epoch    45/  200] trn/loss 1.574e+00, trn/lr 8.828e-01, trn/scale 1.014e-01, val/acc 4.913e-01, val/nll 1.852e+00
[2023-02-11 20:17:16] [Epoch    46/  200] trn/loss 1.555e+00, trn/lr 8.777e-01, trn/scale 1.013e-01, val/acc 5.399e-01, val/nll 1.670e+00 (best_acc: 5.330e-01 -> 5.399e-01, test_acc: 5.406e-01, test_nll: 1.663e+00)
[2023-02-11 20:17:24] [Epoch    47/  200] trn/loss 1.552e+00, trn/lr 8.725e-01, trn/scale 1.012e-01, val/acc 4.919e-01, val/nll 1.876e+00
[2023-02-11 20:17:32] [Epoch    48/  200] trn/loss 1.541e+00, trn/lr 8.672e-01, trn/scale 1.011e-01, val/acc 5.094e-01, val/nll 1.834e+00
[2023-02-11 20:17:40] [Epoch    49/  200] trn/loss 1.536e+00, trn/lr 8.618e-01, trn/scale 1.011e-01, val/acc 5.205e-01, val/nll 1.736e+00
[2023-02-11 20:17:48] [Epoch    50/  200] trn/loss 1.531e+00, trn/lr 8.563e-01, trn/scale 1.010e-01, val/acc 4.979e-01, val/nll 1.834e+00
[2023-02-11 20:17:57] [Epoch    51/  200] trn/loss 1.526e+00, trn/lr 8.508e-01, trn/scale 1.010e-01, val/acc 5.131e-01, val/nll 1.765e+00
[2023-02-11 20:18:05] [Epoch    52/  200] trn/loss 1.519e+00, trn/lr 8.451e-01, trn/scale 1.009e-01, val/acc 5.389e-01, val/nll 1.709e+00
[2023-02-11 20:18:13] [Epoch    53/  200] trn/loss 1.508e+00, trn/lr 8.394e-01, trn/scale 1.009e-01, val/acc 5.253e-01, val/nll 1.758e+00
[2023-02-11 20:18:21] [Epoch    54/  200] trn/loss 1.509e+00, trn/lr 8.336e-01, trn/scale 1.009e-01, val/acc 5.056e-01, val/nll 1.795e+00
[2023-02-11 20:18:30] [Epoch    55/  200] trn/loss 1.492e+00, trn/lr 8.277e-01, trn/scale 1.008e-01, val/acc 5.486e-01, val/nll 1.623e+00 (best_acc: 5.399e-01 -> 5.486e-01, test_acc: 5.491e-01, test_nll: 1.603e+00)
[2023-02-11 20:18:39] [Epoch    56/  200] trn/loss 1.501e+00, trn/lr 8.217e-01, trn/scale 1.008e-01, val/acc 5.398e-01, val/nll 1.658e+00
[2023-02-11 20:18:47] [Epoch    57/  200] trn/loss 1.484e+00, trn/lr 8.157e-01, trn/scale 1.008e-01, val/acc 5.325e-01, val/nll 1.686e+00
[2023-02-11 20:18:55] [Epoch    58/  200] trn/loss 1.487e+00, trn/lr 8.096e-01, trn/scale 1.008e-01, val/acc 5.477e-01, val/nll 1.665e+00
[2023-02-11 20:19:03] [Epoch    59/  200] trn/loss 1.473e+00, trn/lr 8.034e-01, trn/scale 1.008e-01, val/acc 5.346e-01, val/nll 1.676e+00
[2023-02-11 20:19:11] [Epoch    60/  200] trn/loss 1.468e+00, trn/lr 7.971e-01, trn/scale 1.008e-01, val/acc 5.308e-01, val/nll 1.689e+00
[2023-02-11 20:19:20] [Epoch    61/  200] trn/loss 1.459e+00, trn/lr 7.907e-01, trn/scale 1.007e-01, val/acc 5.382e-01, val/nll 1.664e+00
[2023-02-11 20:19:29] [Epoch    62/  200] trn/loss 1.450e+00, trn/lr 7.843e-01, trn/scale 1.007e-01, val/acc 5.551e-01, val/nll 1.615e+00 (best_acc: 5.486e-01 -> 5.551e-01, test_acc: 5.661e-01, test_nll: 1.583e+00)
[2023-02-11 20:19:37] [Epoch    63/  200] trn/loss 1.448e+00, trn/lr 7.778e-01, trn/scale 1.007e-01, val/acc 5.053e-01, val/nll 1.803e+00
[2023-02-11 20:19:45] [Epoch    64/  200] trn/loss 1.445e+00, trn/lr 7.712e-01, trn/scale 1.007e-01, val/acc 4.921e-01, val/nll 1.836e+00
[2023-02-11 20:19:53] [Epoch    65/  200] trn/loss 1.433e+00, trn/lr 7.646e-01, trn/scale 1.007e-01, val/acc 5.285e-01, val/nll 1.718e+00
[2023-02-11 20:20:03] [Epoch    66/  200] trn/loss 1.433e+00, trn/lr 7.579e-01, trn/scale 1.007e-01, val/acc 5.662e-01, val/nll 1.584e+00 (best_acc: 5.551e-01 -> 5.662e-01, test_acc: 5.622e-01, test_nll: 1.572e+00)
[2023-02-11 20:20:11] [Epoch    67/  200] trn/loss 1.414e+00, trn/lr 7.512e-01, trn/scale 1.007e-01, val/acc 5.340e-01, val/nll 1.683e+00
[2023-02-11 20:20:20] [Epoch    68/  200] trn/loss 1.411e+00, trn/lr 7.443e-01, trn/scale 1.007e-01, val/acc 5.679e-01, val/nll 1.555e+00 (best_acc: 5.662e-01 -> 5.679e-01, test_acc: 5.723e-01, test_nll: 1.538e+00)
[2023-02-11 20:20:28] [Epoch    69/  200] trn/loss 1.404e+00, trn/lr 7.374e-01, trn/scale 1.007e-01, val/acc 5.164e-01, val/nll 1.722e+00
[2023-02-11 20:20:37] [Epoch    70/  200] trn/loss 1.398e+00, trn/lr 7.305e-01, trn/scale 1.007e-01, val/acc 5.736e-01, val/nll 1.534e+00 (best_acc: 5.679e-01 -> 5.736e-01, test_acc: 5.764e-01, test_nll: 1.520e+00)
[2023-02-11 20:20:45] [Epoch    71/  200] trn/loss 1.399e+00, trn/lr 7.235e-01, trn/scale 1.007e-01, val/acc 5.398e-01, val/nll 1.642e+00
[2023-02-11 20:20:54] [Epoch    72/  200] trn/loss 1.390e+00, trn/lr 7.165e-01, trn/scale 1.007e-01, val/acc 5.259e-01, val/nll 1.761e+00
[2023-02-11 20:21:02] [Epoch    73/  200] trn/loss 1.381e+00, trn/lr 7.093e-01, trn/scale 1.007e-01, val/acc 5.471e-01, val/nll 1.683e+00
[2023-02-11 20:21:10] [Epoch    74/  200] trn/loss 1.371e+00, trn/lr 7.022e-01, trn/scale 1.007e-01, val/acc 5.606e-01, val/nll 1.561e+00
[2023-02-11 20:21:18] [Epoch    75/  200] trn/loss 1.377e+00, trn/lr 6.950e-01, trn/scale 1.007e-01, val/acc 5.545e-01, val/nll 1.632e+00
[2023-02-11 20:21:26] [Epoch    76/  200] trn/loss 1.365e+00, trn/lr 6.877e-01, trn/scale 1.007e-01, val/acc 5.467e-01, val/nll 1.639e+00
[2023-02-11 20:21:35] [Epoch    77/  200] trn/loss 1.351e+00, trn/lr 6.804e-01, trn/scale 1.007e-01, val/acc 5.296e-01, val/nll 1.690e+00
[2023-02-11 20:21:43] [Epoch    78/  200] trn/loss 1.348e+00, trn/lr 6.731e-01, trn/scale 1.007e-01, val/acc 5.244e-01, val/nll 1.724e+00
[2023-02-11 20:21:51] [Epoch    79/  200] trn/loss 1.341e+00, trn/lr 6.657e-01, trn/scale 1.007e-01, val/acc 5.394e-01, val/nll 1.709e+00
[2023-02-11 20:22:00] [Epoch    80/  200] trn/loss 1.337e+00, trn/lr 6.583e-01, trn/scale 1.007e-01, val/acc 5.871e-01, val/nll 1.466e+00 (best_acc: 5.736e-01 -> 5.871e-01, test_acc: 5.878e-01, test_nll: 1.447e+00)
[2023-02-11 20:22:09] [Epoch    81/  200] trn/loss 1.319e+00, trn/lr 6.508e-01, trn/scale 1.007e-01, val/acc 5.942e-01, val/nll 1.465e+00 (best_acc: 5.871e-01 -> 5.942e-01, test_acc: 5.899e-01, test_nll: 1.454e+00)
[2023-02-11 20:22:18] [Epoch    82/  200] trn/loss 1.317e+00, trn/lr 6.433e-01, trn/scale 1.007e-01, val/acc 5.412e-01, val/nll 1.635e+00
[2023-02-11 20:22:26] [Epoch    83/  200] trn/loss 1.310e+00, trn/lr 6.357e-01, trn/scale 1.007e-01, val/acc 5.783e-01, val/nll 1.520e+00
[2023-02-11 20:22:34] [Epoch    84/  200] trn/loss 1.301e+00, trn/lr 6.282e-01, trn/scale 1.007e-01, val/acc 5.624e-01, val/nll 1.599e+00
[2023-02-11 20:22:42] [Epoch    85/  200] trn/loss 1.305e+00, trn/lr 6.206e-01, trn/scale 1.007e-01, val/acc 5.825e-01, val/nll 1.512e+00
[2023-02-11 20:22:50] [Epoch    86/  200] trn/loss 1.286e+00, trn/lr 6.129e-01, trn/scale 1.007e-01, val/acc 5.916e-01, val/nll 1.480e+00
[2023-02-11 20:22:59] [Epoch    87/  200] trn/loss 1.280e+00, trn/lr 6.053e-01, trn/scale 1.007e-01, val/acc 5.831e-01, val/nll 1.483e+00
[2023-02-11 20:23:07] [Epoch    88/  200] trn/loss 1.271e+00, trn/lr 5.976e-01, trn/scale 1.007e-01, val/acc 5.935e-01, val/nll 1.425e+00
[2023-02-11 20:23:15] [Epoch    89/  200] trn/loss 1.261e+00, trn/lr 5.899e-01, trn/scale 1.007e-01, val/acc 5.741e-01, val/nll 1.532e+00
[2023-02-11 20:23:23] [Epoch    90/  200] trn/loss 1.250e+00, trn/lr 5.821e-01, trn/scale 1.007e-01, val/acc 5.796e-01, val/nll 1.528e+00
[2023-02-11 20:23:31] [Epoch    91/  200] trn/loss 1.253e+00, trn/lr 5.744e-01, trn/scale 1.007e-01, val/acc 5.423e-01, val/nll 1.655e+00
[2023-02-11 20:23:41] [Epoch    92/  200] trn/loss 1.247e+00, trn/lr 5.666e-01, trn/scale 1.007e-01, val/acc 5.993e-01, val/nll 1.420e+00 (best_acc: 5.942e-01 -> 5.993e-01, test_acc: 6.030e-01, test_nll: 1.403e+00)
[2023-02-11 20:23:49] [Epoch    93/  200] trn/loss 1.239e+00, trn/lr 5.588e-01, trn/scale 1.007e-01, val/acc 5.977e-01, val/nll 1.434e+00
[2023-02-11 20:23:57] [Epoch    94/  200] trn/loss 1.228e+00, trn/lr 5.510e-01, trn/scale 1.007e-01, val/acc 5.853e-01, val/nll 1.484e+00
[2023-02-11 20:24:05] [Epoch    95/  200] trn/loss 1.206e+00, trn/lr 5.432e-01, trn/scale 1.007e-01, val/acc 5.768e-01, val/nll 1.486e+00
[2023-02-11 20:24:14] [Epoch    96/  200] trn/loss 1.220e+00, trn/lr 5.353e-01, trn/scale 1.007e-01, val/acc 6.023e-01, val/nll 1.435e+00 (best_acc: 5.993e-01 -> 6.023e-01, test_acc: 6.101e-01, test_nll: 1.410e+00)
[2023-02-11 20:24:23] [Epoch    97/  200] trn/loss 1.203e+00, trn/lr 5.275e-01, trn/scale 1.007e-01, val/acc 5.871e-01, val/nll 1.487e+00
[2023-02-11 20:24:32] [Epoch    98/  200] trn/loss 1.190e+00, trn/lr 5.197e-01, trn/scale 1.007e-01, val/acc 6.077e-01, val/nll 1.388e+00 (best_acc: 6.023e-01 -> 6.077e-01, test_acc: 6.161e-01, test_nll: 1.395e+00)
[2023-02-11 20:24:40] [Epoch    99/  200] trn/loss 1.186e+00, trn/lr 5.118e-01, trn/scale 1.007e-01, val/acc 6.053e-01, val/nll 1.401e+00
[2023-02-11 20:24:49] [Epoch   100/  200] trn/loss 1.183e+00, trn/lr 5.040e-01, trn/scale 1.007e-01, val/acc 6.093e-01, val/nll 1.374e+00 (best_acc: 6.077e-01 -> 6.093e-01, test_acc: 6.195e-01, test_nll: 1.353e+00)
[2023-02-11 20:24:57] [Epoch   101/  200] trn/loss 1.177e+00, trn/lr 4.961e-01, trn/scale 1.007e-01, val/acc 5.791e-01, val/nll 1.574e+00
[2023-02-11 20:25:05] [Epoch   102/  200] trn/loss 1.161e+00, trn/lr 4.882e-01, trn/scale 1.007e-01, val/acc 5.957e-01, val/nll 1.437e+00
[2023-02-11 20:25:14] [Epoch   103/  200] trn/loss 1.156e+00, trn/lr 4.804e-01, trn/scale 1.007e-01, val/acc 5.969e-01, val/nll 1.430e+00
[2023-02-11 20:25:23] [Epoch   104/  200] trn/loss 1.153e+00, trn/lr 4.725e-01, trn/scale 1.007e-01, val/acc 6.259e-01, val/nll 1.312e+00 (best_acc: 6.093e-01 -> 6.259e-01, test_acc: 6.324e-01, test_nll: 1.306e+00)
[2023-02-11 20:25:32] [Epoch   105/  200] trn/loss 1.144e+00, trn/lr 4.647e-01, trn/scale 1.007e-01, val/acc 6.290e-01, val/nll 1.302e+00 (best_acc: 6.259e-01 -> 6.290e-01, test_acc: 6.361e-01, test_nll: 1.299e+00)
[2023-02-11 20:25:40] [Epoch   106/  200] trn/loss 1.135e+00, trn/lr 4.569e-01, trn/scale 1.007e-01, val/acc 6.212e-01, val/nll 1.315e+00
[2023-02-11 20:25:50] [Epoch   107/  200] trn/loss 1.119e+00, trn/lr 4.491e-01, trn/scale 1.007e-01, val/acc 6.409e-01, val/nll 1.268e+00 (best_acc: 6.290e-01 -> 6.409e-01, test_acc: 6.453e-01, test_nll: 1.259e+00)
[2023-02-11 20:25:59] [Epoch   108/  200] trn/loss 1.112e+00, trn/lr 4.413e-01, trn/scale 1.007e-01, val/acc 6.442e-01, val/nll 1.259e+00 (best_acc: 6.409e-01 -> 6.442e-01, test_acc: 6.492e-01, test_nll: 1.231e+00)
[2023-02-11 20:26:08] [Epoch   109/  200] trn/loss 1.104e+00, trn/lr 4.335e-01, trn/scale 1.007e-01, val/acc 6.499e-01, val/nll 1.228e+00 (best_acc: 6.442e-01 -> 6.499e-01, test_acc: 6.625e-01, test_nll: 1.202e+00)
[2023-02-11 20:26:16] [Epoch   110/  200] trn/loss 1.092e+00, trn/lr 4.257e-01, trn/scale 1.007e-01, val/acc 6.282e-01, val/nll 1.308e+00
[2023-02-11 20:26:24] [Epoch   111/  200] trn/loss 1.092e+00, trn/lr 4.179e-01, trn/scale 1.007e-01, val/acc 6.493e-01, val/nll 1.263e+00
[2023-02-11 20:26:33] [Epoch   112/  200] trn/loss 1.087e+00, trn/lr 4.102e-01, trn/scale 1.007e-01, val/acc 6.334e-01, val/nll 1.302e+00
[2023-02-11 20:26:41] [Epoch   113/  200] trn/loss 1.067e+00, trn/lr 4.025e-01, trn/scale 1.007e-01, val/acc 6.439e-01, val/nll 1.283e+00
[2023-02-11 20:26:50] [Epoch   114/  200] trn/loss 1.066e+00, trn/lr 3.948e-01, trn/scale 1.007e-01, val/acc 6.508e-01, val/nll 1.239e+00 (best_acc: 6.499e-01 -> 6.508e-01, test_acc: 6.551e-01, test_nll: 1.212e+00)
[2023-02-11 20:26:58] [Epoch   115/  200] trn/loss 1.059e+00, trn/lr 3.871e-01, trn/scale 1.007e-01, val/acc 6.309e-01, val/nll 1.322e+00
[2023-02-11 20:27:07] [Epoch   116/  200] trn/loss 1.046e+00, trn/lr 3.795e-01, trn/scale 1.007e-01, val/acc 6.531e-01, val/nll 1.219e+00 (best_acc: 6.508e-01 -> 6.531e-01, test_acc: 6.601e-01, test_nll: 1.209e+00)
[2023-02-11 20:27:17] [Epoch   117/  200] trn/loss 1.044e+00, trn/lr 3.719e-01, trn/scale 1.007e-01, val/acc 6.602e-01, val/nll 1.206e+00 (best_acc: 6.531e-01 -> 6.602e-01, test_acc: 6.584e-01, test_nll: 1.189e+00)
[2023-02-11 20:27:25] [Epoch   118/  200] trn/loss 1.028e+00, trn/lr 3.643e-01, trn/scale 1.007e-01, val/acc 6.571e-01, val/nll 1.219e+00
[2023-02-11 20:27:34] [Epoch   119/  200] trn/loss 1.027e+00, trn/lr 3.568e-01, trn/scale 1.007e-01, val/acc 6.711e-01, val/nll 1.161e+00 (best_acc: 6.602e-01 -> 6.711e-01, test_acc: 6.753e-01, test_nll: 1.153e+00)
[2023-02-11 20:27:42] [Epoch   120/  200] trn/loss 1.008e+00, trn/lr 3.493e-01, trn/scale 1.008e-01, val/acc 6.665e-01, val/nll 1.199e+00
[2023-02-11 20:27:50] [Epoch   121/  200] trn/loss 1.006e+00, trn/lr 3.418e-01, trn/scale 1.008e-01, val/acc 6.671e-01, val/nll 1.166e+00
[2023-02-11 20:27:59] [Epoch   122/  200] trn/loss 1.002e+00, trn/lr 3.344e-01, trn/scale 1.008e-01, val/acc 6.475e-01, val/nll 1.236e+00
[2023-02-11 20:28:07] [Epoch   123/  200] trn/loss 9.912e-01, trn/lr 3.270e-01, trn/scale 1.008e-01, val/acc 6.659e-01, val/nll 1.172e+00
[2023-02-11 20:28:15] [Epoch   124/  200] trn/loss 9.754e-01, trn/lr 3.196e-01, trn/scale 1.008e-01, val/acc 6.576e-01, val/nll 1.207e+00
[2023-02-11 20:28:24] [Epoch   125/  200] trn/loss 9.615e-01, trn/lr 3.123e-01, trn/scale 1.008e-01, val/acc 6.737e-01, val/nll 1.144e+00 (best_acc: 6.711e-01 -> 6.737e-01, test_acc: 6.765e-01, test_nll: 1.133e+00)
[2023-02-11 20:28:33] [Epoch   126/  200] trn/loss 9.584e-01, trn/lr 3.051e-01, trn/scale 1.008e-01, val/acc 6.802e-01, val/nll 1.144e+00 (best_acc: 6.737e-01 -> 6.802e-01, test_acc: 6.857e-01, test_nll: 1.127e+00)
[2023-02-11 20:28:43] [Epoch   127/  200] trn/loss 9.448e-01, trn/lr 2.979e-01, trn/scale 1.008e-01, val/acc 6.815e-01, val/nll 1.123e+00 (best_acc: 6.802e-01 -> 6.815e-01, test_acc: 6.819e-01, test_nll: 1.107e+00)
[2023-02-11 20:28:52] [Epoch   128/  200] trn/loss 9.431e-01, trn/lr 2.907e-01, trn/scale 1.008e-01, val/acc 6.878e-01, val/nll 1.112e+00 (best_acc: 6.815e-01 -> 6.878e-01, test_acc: 6.883e-01, test_nll: 1.098e+00)
[2023-02-11 20:29:00] [Epoch   129/  200] trn/loss 9.299e-01, trn/lr 2.836e-01, trn/scale 1.008e-01, val/acc 6.854e-01, val/nll 1.092e+00
[2023-02-11 20:29:09] [Epoch   130/  200] trn/loss 9.186e-01, trn/lr 2.765e-01, trn/scale 1.008e-01, val/acc 6.980e-01, val/nll 1.050e+00 (best_acc: 6.878e-01 -> 6.980e-01, test_acc: 7.029e-01, test_nll: 1.043e+00)
[2023-02-11 20:29:17] [Epoch   131/  200] trn/loss 9.152e-01, trn/lr 2.695e-01, trn/scale 1.008e-01, val/acc 6.784e-01, val/nll 1.139e+00
[2023-02-11 20:29:27] [Epoch   132/  200] trn/loss 9.056e-01, trn/lr 2.626e-01, trn/scale 1.008e-01, val/acc 6.983e-01, val/nll 1.077e+00 (best_acc: 6.980e-01 -> 6.983e-01, test_acc: 6.986e-01, test_nll: 1.066e+00)
[2023-02-11 20:29:35] [Epoch   133/  200] trn/loss 8.981e-01, trn/lr 2.557e-01, trn/scale 1.008e-01, val/acc 6.951e-01, val/nll 1.082e+00
[2023-02-11 20:29:43] [Epoch   134/  200] trn/loss 8.860e-01, trn/lr 2.489e-01, trn/scale 1.008e-01, val/acc 6.845e-01, val/nll 1.122e+00
[2023-02-11 20:29:51] [Epoch   135/  200] trn/loss 8.769e-01, trn/lr 2.421e-01, trn/scale 1.008e-01, val/acc 6.912e-01, val/nll 1.065e+00
[2023-02-11 20:30:00] [Epoch   136/  200] trn/loss 8.684e-01, trn/lr 2.354e-01, trn/scale 1.008e-01, val/acc 7.113e-01, val/nll 1.031e+00 (best_acc: 6.983e-01 -> 7.113e-01, test_acc: 7.078e-01, test_nll: 1.028e+00)
[2023-02-11 20:30:09] [Epoch   137/  200] trn/loss 8.572e-01, trn/lr 2.288e-01, trn/scale 1.008e-01, val/acc 7.041e-01, val/nll 1.029e+00
[2023-02-11 20:30:17] [Epoch   138/  200] trn/loss 8.453e-01, trn/lr 2.222e-01, trn/scale 1.008e-01, val/acc 7.051e-01, val/nll 1.023e+00
[2023-02-11 20:30:25] [Epoch   139/  200] trn/loss 8.366e-01, trn/lr 2.157e-01, trn/scale 1.008e-01, val/acc 6.961e-01, val/nll 1.059e+00
[2023-02-11 20:30:34] [Epoch   140/  200] trn/loss 8.297e-01, trn/lr 2.093e-01, trn/scale 1.008e-01, val/acc 7.128e-01, val/nll 1.009e+00 (best_acc: 7.113e-01 -> 7.128e-01, test_acc: 7.098e-01, test_nll: 1.008e+00)
[2023-02-11 20:30:42] [Epoch   141/  200] trn/loss 8.220e-01, trn/lr 2.030e-01, trn/scale 1.008e-01, val/acc 7.072e-01, val/nll 1.047e+00
[2023-02-11 20:30:51] [Epoch   142/  200] trn/loss 8.054e-01, trn/lr 1.967e-01, trn/scale 1.008e-01, val/acc 7.123e-01, val/nll 1.009e+00
[2023-02-11 20:31:00] [Epoch   143/  200] trn/loss 8.034e-01, trn/lr 1.905e-01, trn/scale 1.008e-01, val/acc 7.129e-01, val/nll 1.018e+00 (best_acc: 7.128e-01 -> 7.129e-01, test_acc: 7.117e-01, test_nll: 1.012e+00)
[2023-02-11 20:31:09] [Epoch   144/  200] trn/loss 7.879e-01, trn/lr 1.843e-01, trn/scale 1.008e-01, val/acc 7.194e-01, val/nll 9.702e-01 (best_acc: 7.129e-01 -> 7.194e-01, test_acc: 7.227e-01, test_nll: 9.633e-01)
[2023-02-11 20:31:18] [Epoch   145/  200] trn/loss 7.856e-01, trn/lr 1.783e-01, trn/scale 1.008e-01, val/acc 7.226e-01, val/nll 9.859e-01 (best_acc: 7.194e-01 -> 7.226e-01, test_acc: 7.278e-01, test_nll: 9.674e-01)
[2023-02-11 20:31:28] [Epoch   146/  200] trn/loss 7.696e-01, trn/lr 1.723e-01, trn/scale 1.008e-01, val/acc 7.235e-01, val/nll 9.718e-01 (best_acc: 7.226e-01 -> 7.235e-01, test_acc: 7.246e-01, test_nll: 9.662e-01)
[2023-02-11 20:31:36] [Epoch   147/  200] trn/loss 7.595e-01, trn/lr 1.664e-01, trn/scale 1.008e-01, val/acc 7.219e-01, val/nll 9.623e-01
[2023-02-11 20:31:45] [Epoch   148/  200] trn/loss 7.564e-01, trn/lr 1.606e-01, trn/scale 1.008e-01, val/acc 7.268e-01, val/nll 9.626e-01 (best_acc: 7.235e-01 -> 7.268e-01, test_acc: 7.232e-01, test_nll: 9.667e-01)
[2023-02-11 20:31:53] [Epoch   149/  200] trn/loss 7.401e-01, trn/lr 1.549e-01, trn/scale 1.008e-01, val/acc 7.262e-01, val/nll 9.536e-01
[2023-02-11 20:32:02] [Epoch   150/  200] trn/loss 7.331e-01, trn/lr 1.493e-01, trn/scale 1.008e-01, val/acc 7.385e-01, val/nll 9.137e-01 (best_acc: 7.268e-01 -> 7.385e-01, test_acc: 7.359e-01, test_nll: 9.127e-01)
[2023-02-11 20:32:11] [Epoch   151/  200] trn/loss 7.239e-01, trn/lr 1.437e-01, trn/scale 1.008e-01, val/acc 7.378e-01, val/nll 9.216e-01
[2023-02-11 20:32:19] [Epoch   152/  200] trn/loss 7.161e-01, trn/lr 1.382e-01, trn/scale 1.008e-01, val/acc 7.377e-01, val/nll 9.281e-01
[2023-02-11 20:32:27] [Epoch   153/  200] trn/loss 7.036e-01, trn/lr 1.329e-01, trn/scale 1.008e-01, val/acc 7.320e-01, val/nll 9.357e-01
[2023-02-11 20:32:35] [Epoch   154/  200] trn/loss 6.980e-01, trn/lr 1.276e-01, trn/scale 1.008e-01, val/acc 7.374e-01, val/nll 9.226e-01
[2023-02-11 20:32:45] [Epoch   155/  200] trn/loss 6.853e-01, trn/lr 1.224e-01, trn/scale 1.008e-01, val/acc 7.457e-01, val/nll 9.002e-01 (best_acc: 7.385e-01 -> 7.457e-01, test_acc: 7.461e-01, test_nll: 8.954e-01)
[2023-02-11 20:32:53] [Epoch   156/  200] trn/loss 6.797e-01, trn/lr 1.173e-01, trn/scale 1.008e-01, val/acc 7.455e-01, val/nll 9.012e-01
[2023-02-11 20:33:01] [Epoch   157/  200] trn/loss 6.699e-01, trn/lr 1.123e-01, trn/scale 1.008e-01, val/acc 7.437e-01, val/nll 8.900e-01
[2023-02-11 20:33:10] [Epoch   158/  200] trn/loss 6.629e-01, trn/lr 1.074e-01, trn/scale 1.008e-01, val/acc 7.527e-01, val/nll 8.726e-01 (best_acc: 7.457e-01 -> 7.527e-01, test_acc: 7.516e-01, test_nll: 8.745e-01)
[2023-02-11 20:33:18] [Epoch   159/  200] trn/loss 6.535e-01, trn/lr 1.025e-01, trn/scale 1.008e-01, val/acc 7.489e-01, val/nll 8.652e-01
[2023-02-11 20:33:27] [Epoch   160/  200] trn/loss 6.426e-01, trn/lr 9.783e-02, trn/scale 1.008e-01, val/acc 7.499e-01, val/nll 8.696e-01
[2023-02-11 20:33:35] [Epoch   161/  200] trn/loss 6.374e-01, trn/lr 9.321e-02, trn/scale 1.008e-01, val/acc 7.472e-01, val/nll 8.805e-01
[2023-02-11 20:33:44] [Epoch   162/  200] trn/loss 6.213e-01, trn/lr 8.870e-02, trn/scale 1.008e-01, val/acc 7.570e-01, val/nll 8.523e-01 (best_acc: 7.527e-01 -> 7.570e-01, test_acc: 7.520e-01, test_nll: 8.555e-01)
[2023-02-11 20:33:52] [Epoch   163/  200] trn/loss 6.202e-01, trn/lr 8.428e-02, trn/scale 1.008e-01, val/acc 7.543e-01, val/nll 8.505e-01
[2023-02-11 20:34:01] [Epoch   164/  200] trn/loss 6.099e-01, trn/lr 7.997e-02, trn/scale 1.008e-01, val/acc 7.603e-01, val/nll 8.420e-01 (best_acc: 7.570e-01 -> 7.603e-01, test_acc: 7.546e-01, test_nll: 8.427e-01)
[2023-02-11 20:34:09] [Epoch   165/  200] trn/loss 6.012e-01, trn/lr 7.576e-02, trn/scale 1.008e-01, val/acc 7.593e-01, val/nll 8.405e-01
[2023-02-11 20:34:19] [Epoch   166/  200] trn/loss 5.894e-01, trn/lr 7.166e-02, trn/scale 1.008e-01, val/acc 7.625e-01, val/nll 8.288e-01 (best_acc: 7.603e-01 -> 7.625e-01, test_acc: 7.655e-01, test_nll: 8.236e-01)
[2023-02-11 20:34:27] [Epoch   167/  200] trn/loss 5.815e-01, trn/lr 6.766e-02, trn/scale 1.008e-01, val/acc 7.607e-01, val/nll 8.375e-01
[2023-02-11 20:34:36] [Epoch   168/  200] trn/loss 5.763e-01, trn/lr 6.377e-02, trn/scale 1.008e-01, val/acc 7.681e-01, val/nll 8.258e-01 (best_acc: 7.625e-01 -> 7.681e-01, test_acc: 7.623e-01, test_nll: 8.268e-01)
[2023-02-11 20:34:44] [Epoch   169/  200] trn/loss 5.665e-01, trn/lr 5.998e-02, trn/scale 1.008e-01, val/acc 7.675e-01, val/nll 8.144e-01
[2023-02-11 20:34:53] [Epoch   170/  200] trn/loss 5.625e-01, trn/lr 5.631e-02, trn/scale 1.008e-01, val/acc 7.707e-01, val/nll 8.049e-01 (best_acc: 7.681e-01 -> 7.707e-01, test_acc: 7.689e-01, test_nll: 8.051e-01)
[2023-02-11 20:35:02] [Epoch   171/  200] trn/loss 5.514e-01, trn/lr 5.274e-02, trn/scale 1.008e-01, val/acc 7.669e-01, val/nll 8.078e-01
[2023-02-11 20:35:11] [Epoch   172/  200] trn/loss 5.442e-01, trn/lr 4.929e-02, trn/scale 1.008e-01, val/acc 7.720e-01, val/nll 8.017e-01 (best_acc: 7.707e-01 -> 7.720e-01, test_acc: 7.697e-01, test_nll: 7.993e-01)
[2023-02-11 20:35:19] [Epoch   173/  200] trn/loss 5.378e-01, trn/lr 4.594e-02, trn/scale 1.008e-01, val/acc 7.719e-01, val/nll 7.924e-01
[2023-02-11 20:35:27] [Epoch   174/  200] trn/loss 5.289e-01, trn/lr 4.271e-02, trn/scale 1.008e-01, val/acc 7.704e-01, val/nll 7.907e-01
[2023-02-11 20:35:36] [Epoch   175/  200] trn/loss 5.259e-01, trn/lr 3.959e-02, trn/scale 1.008e-01, val/acc 7.726e-01, val/nll 7.849e-01 (best_acc: 7.720e-01 -> 7.726e-01, test_acc: 7.752e-01, test_nll: 7.837e-01)
[2023-02-11 20:35:46] [Epoch   176/  200] trn/loss 5.187e-01, trn/lr 3.659e-02, trn/scale 1.008e-01, val/acc 7.729e-01, val/nll 7.833e-01 (best_acc: 7.726e-01 -> 7.729e-01, test_acc: 7.695e-01, test_nll: 7.855e-01)
[2023-02-11 20:35:55] [Epoch   177/  200] trn/loss 5.147e-01, trn/lr 3.369e-02, trn/scale 1.008e-01, val/acc 7.740e-01, val/nll 7.802e-01 (best_acc: 7.729e-01 -> 7.740e-01, test_acc: 7.716e-01, test_nll: 7.788e-01)
[2023-02-11 20:36:03] [Epoch   178/  200] trn/loss 5.080e-01, trn/lr 3.092e-02, trn/scale 1.008e-01, val/acc 7.730e-01, val/nll 7.802e-01
[2023-02-11 20:36:12] [Epoch   179/  200] trn/loss 4.981e-01, trn/lr 2.826e-02, trn/scale 1.008e-01, val/acc 7.767e-01, val/nll 7.681e-01 (best_acc: 7.740e-01 -> 7.767e-01, test_acc: 7.751e-01, test_nll: 7.709e-01)
[2023-02-11 20:36:21] [Epoch   180/  200] trn/loss 4.935e-01, trn/lr 2.571e-02, trn/scale 1.008e-01, val/acc 7.803e-01, val/nll 7.682e-01 (best_acc: 7.767e-01 -> 7.803e-01, test_acc: 7.763e-01, test_nll: 7.715e-01)
[2023-02-11 20:36:30] [Epoch   181/  200] trn/loss 4.900e-01, trn/lr 2.329e-02, trn/scale 1.008e-01, val/acc 7.780e-01, val/nll 7.672e-01
[2023-02-11 20:36:38] [Epoch   182/  200] trn/loss 4.864e-01, trn/lr 2.098e-02, trn/scale 1.008e-01, val/acc 7.790e-01, val/nll 7.622e-01
[2023-02-11 20:36:46] [Epoch   183/  200] trn/loss 4.799e-01, trn/lr 1.878e-02, trn/scale 1.008e-01, val/acc 7.778e-01, val/nll 7.611e-01
[2023-02-11 20:36:55] [Epoch   184/  200] trn/loss 4.767e-01, trn/lr 1.671e-02, trn/scale 1.008e-01, val/acc 7.804e-01, val/nll 7.568e-01 (best_acc: 7.803e-01 -> 7.804e-01, test_acc: 7.773e-01, test_nll: 7.605e-01)
[2023-02-11 20:37:05] [Epoch   185/  200] trn/loss 4.687e-01, trn/lr 1.476e-02, trn/scale 1.008e-01, val/acc 7.808e-01, val/nll 7.536e-01 (best_acc: 7.804e-01 -> 7.808e-01, test_acc: 7.792e-01, test_nll: 7.579e-01)
[2023-02-11 20:37:13] [Epoch   186/  200] trn/loss 4.662e-01, trn/lr 1.292e-02, trn/scale 1.008e-01, val/acc 7.808e-01, val/nll 7.541e-01
[2023-02-11 20:37:21] [Epoch   187/  200] trn/loss 4.655e-01, trn/lr 1.121e-02, trn/scale 1.008e-01, val/acc 7.802e-01, val/nll 7.522e-01
[2023-02-11 20:37:30] [Epoch   188/  200] trn/loss 4.601e-01, trn/lr 9.617e-03, trn/scale 1.008e-01, val/acc 7.810e-01, val/nll 7.505e-01 (best_acc: 7.808e-01 -> 7.810e-01, test_acc: 7.807e-01, test_nll: 7.527e-01)
[2023-02-11 20:37:39] [Epoch   189/  200] trn/loss 4.588e-01, trn/lr 8.145e-03, trn/scale 1.008e-01, val/acc 7.827e-01, val/nll 7.474e-01 (best_acc: 7.810e-01 -> 7.827e-01, test_acc: 7.796e-01, test_nll: 7.532e-01)
[2023-02-11 20:37:49] [Epoch   190/  200] trn/loss 4.558e-01, trn/lr 6.794e-03, trn/scale 1.008e-01, val/acc 7.836e-01, val/nll 7.459e-01 (best_acc: 7.827e-01 -> 7.836e-01, test_acc: 7.796e-01, test_nll: 7.506e-01)
[2023-02-11 20:37:57] [Epoch   191/  200] trn/loss 4.522e-01, trn/lr 5.565e-03, trn/scale 1.008e-01, val/acc 7.827e-01, val/nll 7.471e-01
[2023-02-11 20:38:05] [Epoch   192/  200] trn/loss 4.520e-01, trn/lr 4.458e-03, trn/scale 1.008e-01, val/acc 7.823e-01, val/nll 7.454e-01
[2023-02-11 20:38:14] [Epoch   193/  200] trn/loss 4.478e-01, trn/lr 3.474e-03, trn/scale 1.008e-01, val/acc 7.837e-01, val/nll 7.455e-01 (best_acc: 7.836e-01 -> 7.837e-01, test_acc: 7.797e-01, test_nll: 7.497e-01)
[2023-02-11 20:38:23] [Epoch   194/  200] trn/loss 4.490e-01, trn/lr 2.612e-03, trn/scale 1.008e-01, val/acc 7.852e-01, val/nll 7.430e-01 (best_acc: 7.837e-01 -> 7.852e-01, test_acc: 7.809e-01, test_nll: 7.480e-01)
[2023-02-11 20:38:32] [Epoch   195/  200] trn/loss 4.474e-01, trn/lr 1.872e-03, trn/scale 1.008e-01, val/acc 7.836e-01, val/nll 7.443e-01
[2023-02-11 20:38:40] [Epoch   196/  200] trn/loss 4.452e-01, trn/lr 1.255e-03, trn/scale 1.008e-01, val/acc 7.834e-01, val/nll 7.434e-01
[2023-02-11 20:38:48] [Epoch   197/  200] trn/loss 4.456e-01, trn/lr 7.619e-04, trn/scale 1.008e-01, val/acc 7.829e-01, val/nll 7.440e-01
[2023-02-11 20:38:56] [Epoch   198/  200] trn/loss 4.442e-01, trn/lr 3.916e-04, trn/scale 1.008e-01, val/acc 7.845e-01, val/nll 7.437e-01
[2023-02-11 20:39:04] [Epoch   199/  200] trn/loss 4.450e-01, trn/lr 1.445e-04, trn/scale 1.008e-01, val/acc 7.840e-01, val/nll 7.447e-01
[2023-02-11 20:39:12] [Epoch   200/  200] trn/loss 4.441e-01, trn/lr 2.075e-05, trn/scale 1.008e-01, val/acc 7.838e-01, val/nll 7.441e-01
