[2023-02-04 19:09:18] Environments:
------------  -------------------------------------------------------------------------------
sys.platform  linux
Python        3.10.8 (main, Nov 24 2022, 14:13:03) [GCC 11.2.0]
JAX           0.4.1 @/mnt/home/giung/.conda/envs/jax-siml/lib/python3.10/site-packages/jax
jaxlib        0.4.1 @/mnt/home/giung/.conda/envs/jax-siml/lib/python3.10/site-packages/jaxlib
Flax          0.6.3 @/mnt/home/giung/.conda/envs/jax-siml/lib/python3.10/site-packages/flax
Optax         0.1.4 @/mnt/home/giung/.conda/envs/jax-siml/lib/python3.10/site-packages/optax
------------  -------------------------------------------------------------------------------

[2023-02-04 19:09:18] Command line arguments:
- args.data_root          : ./data/
- args.data_name          : CIFAR100_x32
- args.data_augmentation  : standard
- args.data_proportional  : 1.0
- args.model_depth        : 56
- args.model_width        : 1
- args.model_style        : BN-ReLU
- args.optim_bs           : 256
- args.optim_ne           : 500
- args.optim_lr           : 0.03
- args.optim_momentum     : 0.99
- args.optim_weight_decay : 0.0001
- args.save               : /mnt/home/giung/giung2-dev/projects/residual-networks/save/CIFAR100_x32/R56-BN-ReLU/bs-0256_ne-0500_lr-0.03_mo-0.99_wd-0.0001_fp32/42
- args.seed               : 42
- args.precision          : fp32

[2023-02-04 19:09:56] [Epoch     1/  500] trn/loss 4.734e+00, trn/lr 3.000e-02, val/acc 1.471e-02, val/nll 5.738e+00 (best_acc: 0.000e+00 -> 1.471e-02, test_acc: 1.620e-02, test_nll: 5.809e+00)
[2023-02-04 19:10:02] [Epoch     2/  500] trn/loss 4.514e+00, trn/lr 3.000e-02, val/acc 2.301e-02, val/nll 4.467e+00 (best_acc: 1.471e-02 -> 2.301e-02, test_acc: 2.100e-02, test_nll: 4.469e+00)
[2023-02-04 19:10:07] [Epoch     3/  500] trn/loss 4.440e+00, trn/lr 3.000e-02, val/acc 2.268e-02, val/nll 4.425e+00
[2023-02-04 19:10:13] [Epoch     4/  500] trn/loss 4.401e+00, trn/lr 3.000e-02, val/acc 2.710e-02, val/nll 4.389e+00 (best_acc: 2.301e-02 -> 2.710e-02, test_acc: 2.800e-02, test_nll: 4.384e+00)
[2023-02-04 19:10:18] [Epoch     5/  500] trn/loss 4.351e+00, trn/lr 2.999e-02, val/acc 3.241e-02, val/nll 4.330e+00 (best_acc: 2.710e-02 -> 3.241e-02, test_acc: 3.170e-02, test_nll: 4.315e+00)
[2023-02-04 19:10:24] [Epoch     6/  500] trn/loss 4.271e+00, trn/lr 2.999e-02, val/acc 3.772e-02, val/nll 4.239e+00 (best_acc: 3.241e-02 -> 3.772e-02, test_acc: 3.680e-02, test_nll: 4.231e+00)
[2023-02-04 19:10:29] [Epoch     7/  500] trn/loss 4.202e+00, trn/lr 2.999e-02, val/acc 4.126e-02, val/nll 4.182e+00 (best_acc: 3.772e-02 -> 4.126e-02, test_acc: 4.410e-02, test_nll: 4.167e+00)
[2023-02-04 19:10:35] [Epoch     8/  500] trn/loss 4.132e+00, trn/lr 2.998e-02, val/acc 4.491e-02, val/nll 4.132e+00 (best_acc: 4.126e-02 -> 4.491e-02, test_acc: 4.720e-02, test_nll: 4.129e+00)
[2023-02-04 19:10:40] [Epoch     9/  500] trn/loss 4.109e+00, trn/lr 2.998e-02, val/acc 4.845e-02, val/nll 4.128e+00 (best_acc: 4.491e-02 -> 4.845e-02, test_acc: 5.310e-02, test_nll: 4.128e+00)
[2023-02-04 19:10:46] [Epoch    10/  500] trn/loss 4.081e+00, trn/lr 2.997e-02, val/acc 5.597e-02, val/nll 4.048e+00 (best_acc: 4.845e-02 -> 5.597e-02, test_acc: 5.830e-02, test_nll: 4.040e+00)
[2023-02-04 19:10:51] [Epoch    11/  500] trn/loss 4.019e+00, trn/lr 2.997e-02, val/acc 6.239e-02, val/nll 4.018e+00 (best_acc: 5.597e-02 -> 6.239e-02, test_acc: 6.320e-02, test_nll: 4.011e+00)
[2023-02-04 19:10:57] [Epoch    12/  500] trn/loss 3.929e+00, trn/lr 2.996e-02, val/acc 7.489e-02, val/nll 3.908e+00 (best_acc: 6.239e-02 -> 7.489e-02, test_acc: 7.420e-02, test_nll: 3.900e+00)
[2023-02-04 19:11:02] [Epoch    13/  500] trn/loss 3.870e+00, trn/lr 2.995e-02, val/acc 9.226e-02, val/nll 3.837e+00 (best_acc: 7.489e-02 -> 9.226e-02, test_acc: 9.220e-02, test_nll: 3.826e+00)
[2023-02-04 19:11:08] [Epoch    14/  500] trn/loss 3.772e+00, trn/lr 2.995e-02, val/acc 1.087e-01, val/nll 3.732e+00 (best_acc: 9.226e-02 -> 1.087e-01, test_acc: 1.108e-01, test_nll: 3.730e+00)
[2023-02-04 19:11:13] [Epoch    15/  500] trn/loss 3.677e+00, trn/lr 2.994e-02, val/acc 1.308e-01, val/nll 3.698e+00 (best_acc: 1.087e-01 -> 1.308e-01, test_acc: 1.336e-01, test_nll: 3.677e+00)
[2023-02-04 19:11:18] [Epoch    16/  500] trn/loss 3.566e+00, trn/lr 2.993e-02, val/acc 1.290e-01, val/nll 3.737e+00
[2023-02-04 19:11:24] [Epoch    17/  500] trn/loss 3.476e+00, trn/lr 2.992e-02, val/acc 1.562e-01, val/nll 3.486e+00 (best_acc: 1.308e-01 -> 1.562e-01, test_acc: 1.650e-01, test_nll: 3.454e+00)
[2023-02-04 19:11:29] [Epoch    18/  500] trn/loss 3.353e+00, trn/lr 2.991e-02, val/acc 1.760e-01, val/nll 3.401e+00 (best_acc: 1.562e-01 -> 1.760e-01, test_acc: 1.860e-01, test_nll: 3.343e+00)
[2023-02-04 19:11:35] [Epoch    19/  500] trn/loss 3.219e+00, trn/lr 2.990e-02, val/acc 1.966e-01, val/nll 3.275e+00 (best_acc: 1.760e-01 -> 1.966e-01, test_acc: 2.116e-01, test_nll: 3.228e+00)
[2023-02-04 19:11:41] [Epoch    20/  500] trn/loss 3.102e+00, trn/lr 2.989e-02, val/acc 2.273e-01, val/nll 3.114e+00 (best_acc: 1.966e-01 -> 2.273e-01, test_acc: 2.403e-01, test_nll: 3.066e+00)
[2023-02-04 19:11:46] [Epoch    21/  500] trn/loss 2.967e+00, trn/lr 2.988e-02, val/acc 2.485e-01, val/nll 3.097e+00 (best_acc: 2.273e-01 -> 2.485e-01, test_acc: 2.472e-01, test_nll: 3.050e+00)
[2023-02-04 19:11:52] [Epoch    22/  500] trn/loss 2.829e+00, trn/lr 2.986e-02, val/acc 2.790e-01, val/nll 2.864e+00 (best_acc: 2.485e-01 -> 2.790e-01, test_acc: 2.884e-01, test_nll: 2.825e+00)
[2023-02-04 19:11:57] [Epoch    23/  500] trn/loss 2.698e+00, trn/lr 2.985e-02, val/acc 2.841e-01, val/nll 2.892e+00 (best_acc: 2.790e-01 -> 2.841e-01, test_acc: 2.893e-01, test_nll: 2.851e+00)
[2023-02-04 19:12:03] [Epoch    24/  500] trn/loss 2.566e+00, trn/lr 2.984e-02, val/acc 2.982e-01, val/nll 2.876e+00 (best_acc: 2.841e-01 -> 2.982e-01, test_acc: 3.071e-01, test_nll: 2.827e+00)
[2023-02-04 19:12:08] [Epoch    25/  500] trn/loss 2.428e+00, trn/lr 2.982e-02, val/acc 3.355e-01, val/nll 2.636e+00 (best_acc: 2.982e-01 -> 3.355e-01, test_acc: 3.380e-01, test_nll: 2.605e+00)
[2023-02-04 19:12:14] [Epoch    26/  500] trn/loss 2.348e+00, trn/lr 2.981e-02, val/acc 3.567e-01, val/nll 2.530e+00 (best_acc: 3.355e-01 -> 3.567e-01, test_acc: 3.624e-01, test_nll: 2.472e+00)
[2023-02-04 19:12:19] [Epoch    27/  500] trn/loss 2.228e+00, trn/lr 2.979e-02, val/acc 3.810e-01, val/nll 2.407e+00 (best_acc: 3.567e-01 -> 3.810e-01, test_acc: 3.815e-01, test_nll: 2.380e+00)
[2023-02-04 19:12:25] [Epoch    28/  500] trn/loss 2.142e+00, trn/lr 2.978e-02, val/acc 3.960e-01, val/nll 2.358e+00 (best_acc: 3.810e-01 -> 3.960e-01, test_acc: 4.003e-01, test_nll: 2.330e+00)
[2023-02-04 19:12:30] [Epoch    29/  500] trn/loss 2.063e+00, trn/lr 2.976e-02, val/acc 4.051e-01, val/nll 2.304e+00 (best_acc: 3.960e-01 -> 4.051e-01, test_acc: 4.042e-01, test_nll: 2.294e+00)
[2023-02-04 19:12:36] [Epoch    30/  500] trn/loss 1.970e+00, trn/lr 2.974e-02, val/acc 4.240e-01, val/nll 2.232e+00 (best_acc: 4.051e-01 -> 4.240e-01, test_acc: 4.279e-01, test_nll: 2.219e+00)
[2023-02-04 19:12:41] [Epoch    31/  500] trn/loss 1.933e+00, trn/lr 2.973e-02, val/acc 4.240e-01, val/nll 2.203e+00
[2023-02-04 19:12:47] [Epoch    32/  500] trn/loss 1.834e+00, trn/lr 2.971e-02, val/acc 4.556e-01, val/nll 2.075e+00 (best_acc: 4.240e-01 -> 4.556e-01, test_acc: 4.577e-01, test_nll: 2.070e+00)
[2023-02-04 19:12:52] [Epoch    33/  500] trn/loss 1.747e+00, trn/lr 2.969e-02, val/acc 4.369e-01, val/nll 2.214e+00
[2023-02-04 19:12:57] [Epoch    34/  500] trn/loss 1.718e+00, trn/lr 2.967e-02, val/acc 4.710e-01, val/nll 1.968e+00 (best_acc: 4.556e-01 -> 4.710e-01, test_acc: 4.727e-01, test_nll: 1.974e+00)
[2023-02-04 19:13:03] [Epoch    35/  500] trn/loss 1.650e+00, trn/lr 2.965e-02, val/acc 4.796e-01, val/nll 1.964e+00 (best_acc: 4.710e-01 -> 4.796e-01, test_acc: 4.927e-01, test_nll: 1.964e+00)
[2023-02-04 19:13:08] [Epoch    36/  500] trn/loss 1.601e+00, trn/lr 2.963e-02, val/acc 4.975e-01, val/nll 1.913e+00 (best_acc: 4.796e-01 -> 4.975e-01, test_acc: 5.037e-01, test_nll: 1.895e+00)
[2023-02-04 19:13:13] [Epoch    37/  500] trn/loss 1.563e+00, trn/lr 2.961e-02, val/acc 4.846e-01, val/nll 1.958e+00
[2023-02-04 19:13:19] [Epoch    38/  500] trn/loss 1.513e+00, trn/lr 2.959e-02, val/acc 5.056e-01, val/nll 1.868e+00 (best_acc: 4.975e-01 -> 5.056e-01, test_acc: 5.154e-01, test_nll: 1.847e+00)
[2023-02-04 19:13:24] [Epoch    39/  500] trn/loss 1.490e+00, trn/lr 2.956e-02, val/acc 4.893e-01, val/nll 2.006e+00
[2023-02-04 19:13:29] [Epoch    40/  500] trn/loss 1.431e+00, trn/lr 2.954e-02, val/acc 5.028e-01, val/nll 1.889e+00
[2023-02-04 19:13:35] [Epoch    41/  500] trn/loss 1.404e+00, trn/lr 2.952e-02, val/acc 5.100e-01, val/nll 1.855e+00 (best_acc: 5.056e-01 -> 5.100e-01, test_acc: 5.034e-01, test_nll: 1.888e+00)
[2023-02-04 19:13:40] [Epoch    42/  500] trn/loss 1.385e+00, trn/lr 2.949e-02, val/acc 5.081e-01, val/nll 1.937e+00
[2023-02-04 19:13:45] [Epoch    43/  500] trn/loss 1.313e+00, trn/lr 2.947e-02, val/acc 5.150e-01, val/nll 1.870e+00 (best_acc: 5.100e-01 -> 5.150e-01, test_acc: 5.281e-01, test_nll: 1.825e+00)
[2023-02-04 19:13:51] [Epoch    44/  500] trn/loss 1.300e+00, trn/lr 2.944e-02, val/acc 5.319e-01, val/nll 1.774e+00 (best_acc: 5.150e-01 -> 5.319e-01, test_acc: 5.351e-01, test_nll: 1.769e+00)
[2023-02-04 19:13:56] [Epoch    45/  500] trn/loss 1.248e+00, trn/lr 2.942e-02, val/acc 5.280e-01, val/nll 1.792e+00
[2023-02-04 19:14:02] [Epoch    46/  500] trn/loss 1.237e+00, trn/lr 2.939e-02, val/acc 5.518e-01, val/nll 1.704e+00 (best_acc: 5.319e-01 -> 5.518e-01, test_acc: 5.518e-01, test_nll: 1.702e+00)
[2023-02-04 19:14:07] [Epoch    47/  500] trn/loss 1.229e+00, trn/lr 2.936e-02, val/acc 5.305e-01, val/nll 1.783e+00
[2023-02-04 19:14:12] [Epoch    48/  500] trn/loss 1.219e+00, trn/lr 2.934e-02, val/acc 5.289e-01, val/nll 1.869e+00
[2023-02-04 19:14:17] [Epoch    49/  500] trn/loss 1.207e+00, trn/lr 2.931e-02, val/acc 5.487e-01, val/nll 1.698e+00
[2023-02-04 19:14:22] [Epoch    50/  500] trn/loss 1.190e+00, trn/lr 2.928e-02, val/acc 5.465e-01, val/nll 1.682e+00
[2023-02-04 19:14:28] [Epoch    51/  500] trn/loss 1.145e+00, trn/lr 2.925e-02, val/acc 5.587e-01, val/nll 1.707e+00 (best_acc: 5.518e-01 -> 5.587e-01, test_acc: 5.629e-01, test_nll: 1.702e+00)
[2023-02-04 19:14:33] [Epoch    52/  500] trn/loss 1.131e+00, trn/lr 2.922e-02, val/acc 5.580e-01, val/nll 1.659e+00
[2023-02-04 19:14:39] [Epoch    53/  500] trn/loss 1.129e+00, trn/lr 2.919e-02, val/acc 5.617e-01, val/nll 1.677e+00 (best_acc: 5.587e-01 -> 5.617e-01, test_acc: 5.648e-01, test_nll: 1.677e+00)
[2023-02-04 19:14:44] [Epoch    54/  500] trn/loss 1.094e+00, trn/lr 2.916e-02, val/acc 5.357e-01, val/nll 1.808e+00
[2023-02-04 19:14:49] [Epoch    55/  500] trn/loss 1.082e+00, trn/lr 2.913e-02, val/acc 5.577e-01, val/nll 1.686e+00
[2023-02-04 19:14:54] [Epoch    56/  500] trn/loss 1.071e+00, trn/lr 2.910e-02, val/acc 5.566e-01, val/nll 1.724e+00
[2023-02-04 19:14:59] [Epoch    57/  500] trn/loss 1.055e+00, trn/lr 2.906e-02, val/acc 5.489e-01, val/nll 1.759e+00
[2023-02-04 19:15:04] [Epoch    58/  500] trn/loss 1.053e+00, trn/lr 2.903e-02, val/acc 5.614e-01, val/nll 1.691e+00
[2023-02-04 19:15:10] [Epoch    59/  500] trn/loss 1.013e+00, trn/lr 2.900e-02, val/acc 5.629e-01, val/nll 1.687e+00 (best_acc: 5.617e-01 -> 5.629e-01, test_acc: 5.616e-01, test_nll: 1.710e+00)
[2023-02-04 19:15:15] [Epoch    60/  500] trn/loss 1.018e+00, trn/lr 2.896e-02, val/acc 5.640e-01, val/nll 1.703e+00 (best_acc: 5.629e-01 -> 5.640e-01, test_acc: 5.690e-01, test_nll: 1.711e+00)
[2023-02-04 19:15:21] [Epoch    61/  500] trn/loss 1.009e+00, trn/lr 2.893e-02, val/acc 5.747e-01, val/nll 1.588e+00 (best_acc: 5.640e-01 -> 5.747e-01, test_acc: 5.770e-01, test_nll: 1.601e+00)
[2023-02-04 19:15:26] [Epoch    62/  500] trn/loss 9.734e-01, trn/lr 2.889e-02, val/acc 5.710e-01, val/nll 1.660e+00
[2023-02-04 19:15:31] [Epoch    63/  500] trn/loss 9.672e-01, trn/lr 2.886e-02, val/acc 5.722e-01, val/nll 1.660e+00
[2023-02-04 19:15:37] [Epoch    64/  500] trn/loss 9.811e-01, trn/lr 2.882e-02, val/acc 5.809e-01, val/nll 1.611e+00 (best_acc: 5.747e-01 -> 5.809e-01, test_acc: 5.870e-01, test_nll: 1.598e+00)
[2023-02-04 19:15:42] [Epoch    65/  500] trn/loss 9.676e-01, trn/lr 2.879e-02, val/acc 5.551e-01, val/nll 1.782e+00
[2023-02-04 19:15:47] [Epoch    66/  500] trn/loss 9.321e-01, trn/lr 2.875e-02, val/acc 5.585e-01, val/nll 1.799e+00
[2023-02-04 19:15:52] [Epoch    67/  500] trn/loss 9.342e-01, trn/lr 2.871e-02, val/acc 5.800e-01, val/nll 1.645e+00
[2023-02-04 19:15:58] [Epoch    68/  500] trn/loss 9.313e-01, trn/lr 2.867e-02, val/acc 5.841e-01, val/nll 1.605e+00 (best_acc: 5.809e-01 -> 5.841e-01, test_acc: 5.810e-01, test_nll: 1.615e+00)
[2023-02-04 19:16:03] [Epoch    69/  500] trn/loss 9.320e-01, trn/lr 2.863e-02, val/acc 5.821e-01, val/nll 1.622e+00
[2023-02-04 19:16:08] [Epoch    70/  500] trn/loss 9.318e-01, trn/lr 2.859e-02, val/acc 5.821e-01, val/nll 1.669e+00
[2023-02-04 19:16:13] [Epoch    71/  500] trn/loss 9.108e-01, trn/lr 2.855e-02, val/acc 5.774e-01, val/nll 1.683e+00
[2023-02-04 19:16:18] [Epoch    72/  500] trn/loss 9.140e-01, trn/lr 2.851e-02, val/acc 5.637e-01, val/nll 1.784e+00
[2023-02-04 19:16:24] [Epoch    73/  500] trn/loss 8.958e-01, trn/lr 2.847e-02, val/acc 5.803e-01, val/nll 1.690e+00
[2023-02-04 19:16:29] [Epoch    74/  500] trn/loss 8.893e-01, trn/lr 2.843e-02, val/acc 5.790e-01, val/nll 1.705e+00
[2023-02-04 19:16:34] [Epoch    75/  500] trn/loss 8.762e-01, trn/lr 2.839e-02, val/acc 5.802e-01, val/nll 1.656e+00
[2023-02-04 19:16:39] [Epoch    76/  500] trn/loss 8.681e-01, trn/lr 2.834e-02, val/acc 5.796e-01, val/nll 1.611e+00
[2023-02-04 19:16:45] [Epoch    77/  500] trn/loss 8.795e-01, trn/lr 2.830e-02, val/acc 5.898e-01, val/nll 1.616e+00 (best_acc: 5.841e-01 -> 5.898e-01, test_acc: 5.922e-01, test_nll: 1.610e+00)
[2023-02-04 19:16:50] [Epoch    78/  500] trn/loss 8.582e-01, trn/lr 2.826e-02, val/acc 5.942e-01, val/nll 1.556e+00 (best_acc: 5.898e-01 -> 5.942e-01, test_acc: 5.973e-01, test_nll: 1.581e+00)
[2023-02-04 19:16:55] [Epoch    79/  500] trn/loss 8.590e-01, trn/lr 2.821e-02, val/acc 5.720e-01, val/nll 1.803e+00
[2023-02-04 19:17:01] [Epoch    80/  500] trn/loss 8.333e-01, trn/lr 2.817e-02, val/acc 5.954e-01, val/nll 1.585e+00 (best_acc: 5.942e-01 -> 5.954e-01, test_acc: 6.049e-01, test_nll: 1.619e+00)
[2023-02-04 19:17:06] [Epoch    81/  500] trn/loss 8.347e-01, trn/lr 2.812e-02, val/acc 5.774e-01, val/nll 1.733e+00
[2023-02-04 19:17:11] [Epoch    82/  500] trn/loss 8.319e-01, trn/lr 2.808e-02, val/acc 5.858e-01, val/nll 1.650e+00
[2023-02-04 19:17:16] [Epoch    83/  500] trn/loss 8.464e-01, trn/lr 2.803e-02, val/acc 5.715e-01, val/nll 1.741e+00
[2023-02-04 19:17:22] [Epoch    84/  500] trn/loss 8.351e-01, trn/lr 2.798e-02, val/acc 5.960e-01, val/nll 1.638e+00 (best_acc: 5.954e-01 -> 5.960e-01, test_acc: 5.975e-01, test_nll: 1.649e+00)
[2023-02-04 19:17:27] [Epoch    85/  500] trn/loss 8.344e-01, trn/lr 2.794e-02, val/acc 5.857e-01, val/nll 1.709e+00
[2023-02-04 19:17:32] [Epoch    86/  500] trn/loss 8.123e-01, trn/lr 2.789e-02, val/acc 6.095e-01, val/nll 1.530e+00 (best_acc: 5.960e-01 -> 6.095e-01, test_acc: 6.179e-01, test_nll: 1.525e+00)
[2023-02-04 19:17:38] [Epoch    87/  500] trn/loss 7.809e-01, trn/lr 2.784e-02, val/acc 5.627e-01, val/nll 1.813e+00
[2023-02-04 19:17:43] [Epoch    88/  500] trn/loss 8.156e-01, trn/lr 2.779e-02, val/acc 5.785e-01, val/nll 1.737e+00
[2023-02-04 19:17:48] [Epoch    89/  500] trn/loss 8.219e-01, trn/lr 2.774e-02, val/acc 5.709e-01, val/nll 1.768e+00
[2023-02-04 19:17:53] [Epoch    90/  500] trn/loss 8.185e-01, trn/lr 2.769e-02, val/acc 5.895e-01, val/nll 1.690e+00
[2023-02-04 19:17:58] [Epoch    91/  500] trn/loss 7.950e-01, trn/lr 2.764e-02, val/acc 5.896e-01, val/nll 1.663e+00
[2023-02-04 19:18:03] [Epoch    92/  500] trn/loss 7.625e-01, trn/lr 2.759e-02, val/acc 5.857e-01, val/nll 1.692e+00
[2023-02-04 19:18:09] [Epoch    93/  500] trn/loss 7.672e-01, trn/lr 2.754e-02, val/acc 5.899e-01, val/nll 1.667e+00
[2023-02-04 19:18:14] [Epoch    94/  500] trn/loss 7.793e-01, trn/lr 2.749e-02, val/acc 5.877e-01, val/nll 1.735e+00
[2023-02-04 19:18:19] [Epoch    95/  500] trn/loss 7.782e-01, trn/lr 2.743e-02, val/acc 6.014e-01, val/nll 1.625e+00
[2023-02-04 19:18:24] [Epoch    96/  500] trn/loss 7.649e-01, trn/lr 2.738e-02, val/acc 5.919e-01, val/nll 1.659e+00
[2023-02-04 19:18:29] [Epoch    97/  500] trn/loss 7.808e-01, trn/lr 2.733e-02, val/acc 5.961e-01, val/nll 1.581e+00
[2023-02-04 19:18:34] [Epoch    98/  500] trn/loss 7.795e-01, trn/lr 2.727e-02, val/acc 5.896e-01, val/nll 1.649e+00
[2023-02-04 19:18:40] [Epoch    99/  500] trn/loss 7.433e-01, trn/lr 2.722e-02, val/acc 6.028e-01, val/nll 1.582e+00
[2023-02-04 19:18:45] [Epoch   100/  500] trn/loss 7.344e-01, trn/lr 2.716e-02, val/acc 6.002e-01, val/nll 1.671e+00
[2023-02-04 19:18:50] [Epoch   101/  500] trn/loss 7.419e-01, trn/lr 2.711e-02, val/acc 5.991e-01, val/nll 1.635e+00
[2023-02-04 19:18:55] [Epoch   102/  500] trn/loss 7.359e-01, trn/lr 2.705e-02, val/acc 5.930e-01, val/nll 1.703e+00
[2023-02-04 19:19:00] [Epoch   103/  500] trn/loss 7.308e-01, trn/lr 2.700e-02, val/acc 5.925e-01, val/nll 1.684e+00
[2023-02-04 19:19:05] [Epoch   104/  500] trn/loss 7.320e-01, trn/lr 2.694e-02, val/acc 6.067e-01, val/nll 1.633e+00
[2023-02-04 19:19:10] [Epoch   105/  500] trn/loss 7.256e-01, trn/lr 2.688e-02, val/acc 5.985e-01, val/nll 1.620e+00
[2023-02-04 19:19:16] [Epoch   106/  500] trn/loss 7.238e-01, trn/lr 2.682e-02, val/acc 5.900e-01, val/nll 1.711e+00
[2023-02-04 19:19:21] [Epoch   107/  500] trn/loss 7.264e-01, trn/lr 2.677e-02, val/acc 5.992e-01, val/nll 1.664e+00
[2023-02-04 19:19:26] [Epoch   108/  500] trn/loss 7.215e-01, trn/lr 2.671e-02, val/acc 5.904e-01, val/nll 1.670e+00
[2023-02-04 19:19:31] [Epoch   109/  500] trn/loss 7.328e-01, trn/lr 2.665e-02, val/acc 5.954e-01, val/nll 1.671e+00
[2023-02-04 19:19:36] [Epoch   110/  500] trn/loss 7.311e-01, trn/lr 2.659e-02, val/acc 5.957e-01, val/nll 1.627e+00
[2023-02-04 19:19:41] [Epoch   111/  500] trn/loss 7.287e-01, trn/lr 2.653e-02, val/acc 5.956e-01, val/nll 1.616e+00
[2023-02-04 19:19:47] [Epoch   112/  500] trn/loss 7.185e-01, trn/lr 2.647e-02, val/acc 6.150e-01, val/nll 1.644e+00 (best_acc: 6.095e-01 -> 6.150e-01, test_acc: 6.158e-01, test_nll: 1.659e+00)
[2023-02-04 19:19:52] [Epoch   113/  500] trn/loss 7.072e-01, trn/lr 2.641e-02, val/acc 6.060e-01, val/nll 1.635e+00
[2023-02-04 19:19:57] [Epoch   114/  500] trn/loss 6.739e-01, trn/lr 2.634e-02, val/acc 6.003e-01, val/nll 1.671e+00
[2023-02-04 19:20:02] [Epoch   115/  500] trn/loss 6.851e-01, trn/lr 2.628e-02, val/acc 6.006e-01, val/nll 1.697e+00
[2023-02-04 19:20:07] [Epoch   116/  500] trn/loss 7.080e-01, trn/lr 2.622e-02, val/acc 6.096e-01, val/nll 1.610e+00
[2023-02-04 19:20:13] [Epoch   117/  500] trn/loss 6.884e-01, trn/lr 2.616e-02, val/acc 5.971e-01, val/nll 1.702e+00
[2023-02-04 19:20:18] [Epoch   118/  500] trn/loss 6.815e-01, trn/lr 2.609e-02, val/acc 6.114e-01, val/nll 1.600e+00
[2023-02-04 19:20:23] [Epoch   119/  500] trn/loss 6.853e-01, trn/lr 2.603e-02, val/acc 5.938e-01, val/nll 1.703e+00
[2023-02-04 19:20:28] [Epoch   120/  500] trn/loss 6.882e-01, trn/lr 2.597e-02, val/acc 6.003e-01, val/nll 1.697e+00
[2023-02-04 19:20:33] [Epoch   121/  500] trn/loss 7.035e-01, trn/lr 2.590e-02, val/acc 6.007e-01, val/nll 1.619e+00
[2023-02-04 19:20:38] [Epoch   122/  500] trn/loss 6.747e-01, trn/lr 2.584e-02, val/acc 6.098e-01, val/nll 1.610e+00
[2023-02-04 19:20:44] [Epoch   123/  500] trn/loss 6.691e-01, trn/lr 2.577e-02, val/acc 6.021e-01, val/nll 1.645e+00
[2023-02-04 19:20:49] [Epoch   124/  500] trn/loss 6.801e-01, trn/lr 2.571e-02, val/acc 6.040e-01, val/nll 1.641e+00
[2023-02-04 19:20:54] [Epoch   125/  500] trn/loss 6.651e-01, trn/lr 2.564e-02, val/acc 6.160e-01, val/nll 1.555e+00 (best_acc: 6.150e-01 -> 6.160e-01, test_acc: 6.217e-01, test_nll: 1.561e+00)
[2023-02-04 19:20:59] [Epoch   126/  500] trn/loss 6.535e-01, trn/lr 2.557e-02, val/acc 6.041e-01, val/nll 1.693e+00
[2023-02-04 19:21:05] [Epoch   127/  500] trn/loss 6.566e-01, trn/lr 2.551e-02, val/acc 5.994e-01, val/nll 1.682e+00
[2023-02-04 19:21:10] [Epoch   128/  500] trn/loss 6.657e-01, trn/lr 2.544e-02, val/acc 5.940e-01, val/nll 1.720e+00
[2023-02-04 19:21:15] [Epoch   129/  500] trn/loss 6.687e-01, trn/lr 2.537e-02, val/acc 5.892e-01, val/nll 1.746e+00
[2023-02-04 19:21:20] [Epoch   130/  500] trn/loss 6.514e-01, trn/lr 2.530e-02, val/acc 6.106e-01, val/nll 1.610e+00
[2023-02-04 19:21:25] [Epoch   131/  500] trn/loss 6.613e-01, trn/lr 2.523e-02, val/acc 5.719e-01, val/nll 1.860e+00
[2023-02-04 19:21:30] [Epoch   132/  500] trn/loss 6.633e-01, trn/lr 2.516e-02, val/acc 6.135e-01, val/nll 1.652e+00
[2023-02-04 19:21:35] [Epoch   133/  500] trn/loss 6.365e-01, trn/lr 2.510e-02, val/acc 6.077e-01, val/nll 1.716e+00
[2023-02-04 19:21:41] [Epoch   134/  500] trn/loss 6.295e-01, trn/lr 2.503e-02, val/acc 6.001e-01, val/nll 1.719e+00
[2023-02-04 19:21:46] [Epoch   135/  500] trn/loss 6.315e-01, trn/lr 2.496e-02, val/acc 6.075e-01, val/nll 1.667e+00
[2023-02-04 19:21:51] [Epoch   136/  500] trn/loss 6.460e-01, trn/lr 2.488e-02, val/acc 5.898e-01, val/nll 1.735e+00
[2023-02-04 19:21:56] [Epoch   137/  500] trn/loss 6.381e-01, trn/lr 2.481e-02, val/acc 5.926e-01, val/nll 1.732e+00
[2023-02-04 19:22:01] [Epoch   138/  500] trn/loss 6.334e-01, trn/lr 2.474e-02, val/acc 6.084e-01, val/nll 1.707e+00
[2023-02-04 19:22:06] [Epoch   139/  500] trn/loss 6.510e-01, trn/lr 2.467e-02, val/acc 5.971e-01, val/nll 1.704e+00
[2023-02-04 19:22:12] [Epoch   140/  500] trn/loss 6.428e-01, trn/lr 2.460e-02, val/acc 6.050e-01, val/nll 1.699e+00
[2023-02-04 19:22:17] [Epoch   141/  500] trn/loss 6.315e-01, trn/lr 2.453e-02, val/acc 6.054e-01, val/nll 1.693e+00
[2023-02-04 19:22:22] [Epoch   142/  500] trn/loss 6.285e-01, trn/lr 2.445e-02, val/acc 6.025e-01, val/nll 1.670e+00
[2023-02-04 19:22:27] [Epoch   143/  500] trn/loss 6.344e-01, trn/lr 2.438e-02, val/acc 6.059e-01, val/nll 1.678e+00
[2023-02-04 19:22:32] [Epoch   144/  500] trn/loss 6.222e-01, trn/lr 2.431e-02, val/acc 6.014e-01, val/nll 1.746e+00
[2023-02-04 19:22:37] [Epoch   145/  500] trn/loss 6.095e-01, trn/lr 2.423e-02, val/acc 6.054e-01, val/nll 1.679e+00
[2023-02-04 19:22:42] [Epoch   146/  500] trn/loss 5.988e-01, trn/lr 2.416e-02, val/acc 6.046e-01, val/nll 1.710e+00
[2023-02-04 19:22:48] [Epoch   147/  500] trn/loss 6.015e-01, trn/lr 2.408e-02, val/acc 6.143e-01, val/nll 1.662e+00
[2023-02-04 19:22:53] [Epoch   148/  500] trn/loss 6.200e-01, trn/lr 2.401e-02, val/acc 5.928e-01, val/nll 1.825e+00
[2023-02-04 19:22:58] [Epoch   149/  500] trn/loss 6.124e-01, trn/lr 2.393e-02, val/acc 6.079e-01, val/nll 1.711e+00
[2023-02-04 19:23:03] [Epoch   150/  500] trn/loss 6.028e-01, trn/lr 2.386e-02, val/acc 6.056e-01, val/nll 1.670e+00
[2023-02-04 19:23:08] [Epoch   151/  500] trn/loss 5.971e-01, trn/lr 2.378e-02, val/acc 5.950e-01, val/nll 1.803e+00
[2023-02-04 19:23:13] [Epoch   152/  500] trn/loss 5.902e-01, trn/lr 2.370e-02, val/acc 6.054e-01, val/nll 1.654e+00
[2023-02-04 19:23:19] [Epoch   153/  500] trn/loss 5.916e-01, trn/lr 2.363e-02, val/acc 6.201e-01, val/nll 1.646e+00 (best_acc: 6.160e-01 -> 6.201e-01, test_acc: 6.175e-01, test_nll: 1.648e+00)
[2023-02-04 19:23:24] [Epoch   154/  500] trn/loss 5.957e-01, trn/lr 2.355e-02, val/acc 6.213e-01, val/nll 1.690e+00 (best_acc: 6.201e-01 -> 6.213e-01, test_acc: 6.170e-01, test_nll: 1.721e+00)
[2023-02-04 19:23:30] [Epoch   155/  500] trn/loss 6.083e-01, trn/lr 2.347e-02, val/acc 6.160e-01, val/nll 1.652e+00
[2023-02-04 19:23:35] [Epoch   156/  500] trn/loss 5.993e-01, trn/lr 2.339e-02, val/acc 6.025e-01, val/nll 1.738e+00
[2023-02-04 19:23:40] [Epoch   157/  500] trn/loss 5.918e-01, trn/lr 2.331e-02, val/acc 5.993e-01, val/nll 1.799e+00
[2023-02-04 19:23:45] [Epoch   158/  500] trn/loss 5.922e-01, trn/lr 2.324e-02, val/acc 6.114e-01, val/nll 1.682e+00
[2023-02-04 19:23:50] [Epoch   159/  500] trn/loss 5.581e-01, trn/lr 2.316e-02, val/acc 6.237e-01, val/nll 1.619e+00 (best_acc: 6.213e-01 -> 6.237e-01, test_acc: 6.252e-01, test_nll: 1.606e+00)
[2023-02-04 19:23:56] [Epoch   160/  500] trn/loss 5.641e-01, trn/lr 2.308e-02, val/acc 5.951e-01, val/nll 1.774e+00
[2023-02-04 19:24:01] [Epoch   161/  500] trn/loss 5.606e-01, trn/lr 2.300e-02, val/acc 6.034e-01, val/nll 1.728e+00
[2023-02-04 19:24:06] [Epoch   162/  500] trn/loss 5.643e-01, trn/lr 2.292e-02, val/acc 6.021e-01, val/nll 1.719e+00
[2023-02-04 19:24:11] [Epoch   163/  500] trn/loss 5.605e-01, trn/lr 2.284e-02, val/acc 6.158e-01, val/nll 1.674e+00
[2023-02-04 19:24:16] [Epoch   164/  500] trn/loss 5.720e-01, trn/lr 2.276e-02, val/acc 6.069e-01, val/nll 1.762e+00
[2023-02-04 19:24:21] [Epoch   165/  500] trn/loss 5.762e-01, trn/lr 2.268e-02, val/acc 6.080e-01, val/nll 1.684e+00
[2023-02-04 19:24:27] [Epoch   166/  500] trn/loss 5.702e-01, trn/lr 2.260e-02, val/acc 6.268e-01, val/nll 1.629e+00 (best_acc: 6.237e-01 -> 6.268e-01, test_acc: 6.212e-01, test_nll: 1.630e+00)
[2023-02-04 19:24:32] [Epoch   167/  500] trn/loss 5.584e-01, trn/lr 2.251e-02, val/acc 6.153e-01, val/nll 1.695e+00
[2023-02-04 19:24:37] [Epoch   168/  500] trn/loss 5.586e-01, trn/lr 2.243e-02, val/acc 6.076e-01, val/nll 1.744e+00
[2023-02-04 19:24:42] [Epoch   169/  500] trn/loss 5.438e-01, trn/lr 2.235e-02, val/acc 6.223e-01, val/nll 1.636e+00
[2023-02-04 19:24:48] [Epoch   170/  500] trn/loss 5.430e-01, trn/lr 2.227e-02, val/acc 5.991e-01, val/nll 1.808e+00
[2023-02-04 19:24:53] [Epoch   171/  500] trn/loss 5.539e-01, trn/lr 2.219e-02, val/acc 6.054e-01, val/nll 1.729e+00
[2023-02-04 19:24:58] [Epoch   172/  500] trn/loss 5.569e-01, trn/lr 2.210e-02, val/acc 5.968e-01, val/nll 1.782e+00
[2023-02-04 19:25:03] [Epoch   173/  500] trn/loss 5.654e-01, trn/lr 2.202e-02, val/acc 6.055e-01, val/nll 1.738e+00
[2023-02-04 19:25:08] [Epoch   174/  500] trn/loss 5.563e-01, trn/lr 2.194e-02, val/acc 6.091e-01, val/nll 1.723e+00
[2023-02-04 19:25:13] [Epoch   175/  500] trn/loss 5.427e-01, trn/lr 2.185e-02, val/acc 6.240e-01, val/nll 1.684e+00
[2023-02-04 19:25:19] [Epoch   176/  500] trn/loss 5.354e-01, trn/lr 2.177e-02, val/acc 6.115e-01, val/nll 1.702e+00
[2023-02-04 19:25:24] [Epoch   177/  500] trn/loss 5.595e-01, trn/lr 2.168e-02, val/acc 6.218e-01, val/nll 1.640e+00
[2023-02-04 19:25:29] [Epoch   178/  500] trn/loss 5.484e-01, trn/lr 2.160e-02, val/acc 6.053e-01, val/nll 1.732e+00
[2023-02-04 19:25:34] [Epoch   179/  500] trn/loss 5.194e-01, trn/lr 2.151e-02, val/acc 6.166e-01, val/nll 1.688e+00
[2023-02-04 19:25:39] [Epoch   180/  500] trn/loss 5.124e-01, trn/lr 2.143e-02, val/acc 6.222e-01, val/nll 1.685e+00
[2023-02-04 19:25:44] [Epoch   181/  500] trn/loss 4.932e-01, trn/lr 2.134e-02, val/acc 6.137e-01, val/nll 1.728e+00
[2023-02-04 19:25:50] [Epoch   182/  500] trn/loss 5.164e-01, trn/lr 2.126e-02, val/acc 6.250e-01, val/nll 1.656e+00
[2023-02-04 19:25:55] [Epoch   183/  500] trn/loss 5.174e-01, trn/lr 2.117e-02, val/acc 6.091e-01, val/nll 1.742e+00
[2023-02-04 19:26:00] [Epoch   184/  500] trn/loss 5.193e-01, trn/lr 2.109e-02, val/acc 6.079e-01, val/nll 1.761e+00
[2023-02-04 19:26:05] [Epoch   185/  500] trn/loss 5.193e-01, trn/lr 2.100e-02, val/acc 6.112e-01, val/nll 1.738e+00
[2023-02-04 19:26:10] [Epoch   186/  500] trn/loss 5.108e-01, trn/lr 2.091e-02, val/acc 6.238e-01, val/nll 1.680e+00
[2023-02-04 19:26:15] [Epoch   187/  500] trn/loss 5.188e-01, trn/lr 2.083e-02, val/acc 6.055e-01, val/nll 1.751e+00
[2023-02-04 19:26:20] [Epoch   188/  500] trn/loss 5.032e-01, trn/lr 2.074e-02, val/acc 6.212e-01, val/nll 1.652e+00
[2023-02-04 19:26:26] [Epoch   189/  500] trn/loss 5.144e-01, trn/lr 2.065e-02, val/acc 6.039e-01, val/nll 1.820e+00
[2023-02-04 19:26:31] [Epoch   190/  500] trn/loss 5.249e-01, trn/lr 2.057e-02, val/acc 6.205e-01, val/nll 1.699e+00
[2023-02-04 19:26:36] [Epoch   191/  500] trn/loss 5.007e-01, trn/lr 2.048e-02, val/acc 6.208e-01, val/nll 1.683e+00
[2023-02-04 19:26:41] [Epoch   192/  500] trn/loss 5.218e-01, trn/lr 2.039e-02, val/acc 6.102e-01, val/nll 1.762e+00
[2023-02-04 19:26:46] [Epoch   193/  500] trn/loss 5.230e-01, trn/lr 2.030e-02, val/acc 6.077e-01, val/nll 1.777e+00
[2023-02-04 19:26:51] [Epoch   194/  500] trn/loss 5.214e-01, trn/lr 2.021e-02, val/acc 6.086e-01, val/nll 1.733e+00
[2023-02-04 19:26:56] [Epoch   195/  500] trn/loss 5.009e-01, trn/lr 2.013e-02, val/acc 6.125e-01, val/nll 1.700e+00
[2023-02-04 19:27:02] [Epoch   196/  500] trn/loss 4.692e-01, trn/lr 2.004e-02, val/acc 6.200e-01, val/nll 1.718e+00
[2023-02-04 19:27:07] [Epoch   197/  500] trn/loss 4.651e-01, trn/lr 1.995e-02, val/acc 6.063e-01, val/nll 1.789e+00
[2023-02-04 19:27:12] [Epoch   198/  500] trn/loss 4.841e-01, trn/lr 1.986e-02, val/acc 6.174e-01, val/nll 1.736e+00
[2023-02-04 19:27:17] [Epoch   199/  500] trn/loss 4.955e-01, trn/lr 1.977e-02, val/acc 6.158e-01, val/nll 1.742e+00
[2023-02-04 19:27:22] [Epoch   200/  500] trn/loss 4.871e-01, trn/lr 1.968e-02, val/acc 6.202e-01, val/nll 1.746e+00
[2023-02-04 19:27:27] [Epoch   201/  500] trn/loss 4.761e-01, trn/lr 1.959e-02, val/acc 6.170e-01, val/nll 1.698e+00
[2023-02-04 19:27:32] [Epoch   202/  500] trn/loss 4.588e-01, trn/lr 1.950e-02, val/acc 6.178e-01, val/nll 1.806e+00
[2023-02-04 19:27:38] [Epoch   203/  500] trn/loss 4.819e-01, trn/lr 1.941e-02, val/acc 6.059e-01, val/nll 1.809e+00
[2023-02-04 19:27:43] [Epoch   204/  500] trn/loss 5.084e-01, trn/lr 1.932e-02, val/acc 6.174e-01, val/nll 1.731e+00
[2023-02-04 19:27:48] [Epoch   205/  500] trn/loss 4.868e-01, trn/lr 1.923e-02, val/acc 6.279e-01, val/nll 1.688e+00 (best_acc: 6.268e-01 -> 6.279e-01, test_acc: 6.354e-01, test_nll: 1.656e+00)
[2023-02-04 19:27:53] [Epoch   206/  500] trn/loss 4.527e-01, trn/lr 1.914e-02, val/acc 6.201e-01, val/nll 1.757e+00
[2023-02-04 19:27:59] [Epoch   207/  500] trn/loss 4.461e-01, trn/lr 1.905e-02, val/acc 6.063e-01, val/nll 1.889e+00
[2023-02-04 19:28:04] [Epoch   208/  500] trn/loss 4.620e-01, trn/lr 1.896e-02, val/acc 6.147e-01, val/nll 1.848e+00
[2023-02-04 19:28:09] [Epoch   209/  500] trn/loss 4.904e-01, trn/lr 1.887e-02, val/acc 6.039e-01, val/nll 1.832e+00
[2023-02-04 19:28:14] [Epoch   210/  500] trn/loss 4.628e-01, trn/lr 1.878e-02, val/acc 6.195e-01, val/nll 1.698e+00
[2023-02-04 19:28:19] [Epoch   211/  500] trn/loss 4.367e-01, trn/lr 1.868e-02, val/acc 6.153e-01, val/nll 1.803e+00
[2023-02-04 19:28:24] [Epoch   212/  500] trn/loss 4.563e-01, trn/lr 1.859e-02, val/acc 6.211e-01, val/nll 1.738e+00
[2023-02-04 19:28:29] [Epoch   213/  500] trn/loss 4.681e-01, trn/lr 1.850e-02, val/acc 6.014e-01, val/nll 1.858e+00
[2023-02-04 19:28:35] [Epoch   214/  500] trn/loss 4.766e-01, trn/lr 1.841e-02, val/acc 6.072e-01, val/nll 1.826e+00
[2023-02-04 19:28:40] [Epoch   215/  500] trn/loss 4.591e-01, trn/lr 1.832e-02, val/acc 6.125e-01, val/nll 1.825e+00
[2023-02-04 19:28:45] [Epoch   216/  500] trn/loss 4.578e-01, trn/lr 1.823e-02, val/acc 6.136e-01, val/nll 1.812e+00
[2023-02-04 19:28:50] [Epoch   217/  500] trn/loss 4.401e-01, trn/lr 1.813e-02, val/acc 6.283e-01, val/nll 1.720e+00 (best_acc: 6.279e-01 -> 6.283e-01, test_acc: 6.329e-01, test_nll: 1.720e+00)
[2023-02-04 19:28:56] [Epoch   218/  500] trn/loss 4.205e-01, trn/lr 1.804e-02, val/acc 6.155e-01, val/nll 1.752e+00
[2023-02-04 19:29:01] [Epoch   219/  500] trn/loss 4.318e-01, trn/lr 1.795e-02, val/acc 6.158e-01, val/nll 1.754e+00
[2023-02-04 19:29:06] [Epoch   220/  500] trn/loss 4.375e-01, trn/lr 1.786e-02, val/acc 6.094e-01, val/nll 1.848e+00
[2023-02-04 19:29:12] [Epoch   221/  500] trn/loss 4.316e-01, trn/lr 1.776e-02, val/acc 6.300e-01, val/nll 1.706e+00 (best_acc: 6.283e-01 -> 6.300e-01, test_acc: 6.262e-01, test_nll: 1.718e+00)
[2023-02-04 19:29:17] [Epoch   222/  500] trn/loss 4.241e-01, trn/lr 1.767e-02, val/acc 6.145e-01, val/nll 1.763e+00
[2023-02-04 19:29:22] [Epoch   223/  500] trn/loss 4.424e-01, trn/lr 1.758e-02, val/acc 6.258e-01, val/nll 1.730e+00
[2023-02-04 19:29:27] [Epoch   224/  500] trn/loss 4.345e-01, trn/lr 1.749e-02, val/acc 6.215e-01, val/nll 1.743e+00
[2023-02-04 19:29:32] [Epoch   225/  500] trn/loss 4.256e-01, trn/lr 1.739e-02, val/acc 6.227e-01, val/nll 1.703e+00
[2023-02-04 19:29:37] [Epoch   226/  500] trn/loss 4.147e-01, trn/lr 1.730e-02, val/acc 6.164e-01, val/nll 1.740e+00
[2023-02-04 19:29:42] [Epoch   227/  500] trn/loss 4.120e-01, trn/lr 1.721e-02, val/acc 6.123e-01, val/nll 1.812e+00
[2023-02-04 19:29:48] [Epoch   228/  500] trn/loss 4.247e-01, trn/lr 1.711e-02, val/acc 6.125e-01, val/nll 1.804e+00
[2023-02-04 19:29:53] [Epoch   229/  500] trn/loss 4.163e-01, trn/lr 1.702e-02, val/acc 6.228e-01, val/nll 1.775e+00
[2023-02-04 19:29:58] [Epoch   230/  500] trn/loss 4.036e-01, trn/lr 1.693e-02, val/acc 6.229e-01, val/nll 1.707e+00
[2023-02-04 19:30:03] [Epoch   231/  500] trn/loss 3.944e-01, trn/lr 1.683e-02, val/acc 6.335e-01, val/nll 1.738e+00 (best_acc: 6.300e-01 -> 6.335e-01, test_acc: 6.334e-01, test_nll: 1.765e+00)
[2023-02-04 19:30:08] [Epoch   232/  500] trn/loss 3.880e-01, trn/lr 1.674e-02, val/acc 6.163e-01, val/nll 1.825e+00
[2023-02-04 19:30:14] [Epoch   233/  500] trn/loss 4.079e-01, trn/lr 1.665e-02, val/acc 6.157e-01, val/nll 1.758e+00
[2023-02-04 19:30:19] [Epoch   234/  500] trn/loss 4.089e-01, trn/lr 1.655e-02, val/acc 6.350e-01, val/nll 1.677e+00 (best_acc: 6.335e-01 -> 6.350e-01, test_acc: 6.367e-01, test_nll: 1.660e+00)
[2023-02-04 19:30:24] [Epoch   235/  500] trn/loss 3.851e-01, trn/lr 1.646e-02, val/acc 6.127e-01, val/nll 1.906e+00
[2023-02-04 19:30:30] [Epoch   236/  500] trn/loss 3.722e-01, trn/lr 1.636e-02, val/acc 6.218e-01, val/nll 1.853e+00
[2023-02-04 19:30:35] [Epoch   237/  500] trn/loss 3.904e-01, trn/lr 1.627e-02, val/acc 6.137e-01, val/nll 1.823e+00
[2023-02-04 19:30:40] [Epoch   238/  500] trn/loss 3.998e-01, trn/lr 1.618e-02, val/acc 6.122e-01, val/nll 1.825e+00
[2023-02-04 19:30:45] [Epoch   239/  500] trn/loss 4.030e-01, trn/lr 1.608e-02, val/acc 6.147e-01, val/nll 1.893e+00
[2023-02-04 19:30:50] [Epoch   240/  500] trn/loss 4.045e-01, trn/lr 1.599e-02, val/acc 6.322e-01, val/nll 1.735e+00
[2023-02-04 19:30:55] [Epoch   241/  500] trn/loss 3.775e-01, trn/lr 1.590e-02, val/acc 6.270e-01, val/nll 1.716e+00
[2023-02-04 19:31:01] [Epoch   242/  500] trn/loss 3.710e-01, trn/lr 1.580e-02, val/acc 6.399e-01, val/nll 1.698e+00 (best_acc: 6.350e-01 -> 6.399e-01, test_acc: 6.379e-01, test_nll: 1.735e+00)
[2023-02-04 19:31:06] [Epoch   243/  500] trn/loss 3.647e-01, trn/lr 1.571e-02, val/acc 6.170e-01, val/nll 1.847e+00
[2023-02-04 19:31:11] [Epoch   244/  500] trn/loss 3.711e-01, trn/lr 1.561e-02, val/acc 6.123e-01, val/nll 1.915e+00
[2023-02-04 19:31:16] [Epoch   245/  500] trn/loss 3.846e-01, trn/lr 1.552e-02, val/acc 6.239e-01, val/nll 1.767e+00
[2023-02-04 19:31:21] [Epoch   246/  500] trn/loss 3.706e-01, trn/lr 1.542e-02, val/acc 6.315e-01, val/nll 1.727e+00
[2023-02-04 19:31:27] [Epoch   247/  500] trn/loss 3.699e-01, trn/lr 1.533e-02, val/acc 6.338e-01, val/nll 1.713e+00
[2023-02-04 19:31:32] [Epoch   248/  500] trn/loss 3.545e-01, trn/lr 1.524e-02, val/acc 6.335e-01, val/nll 1.734e+00
[2023-02-04 19:31:37] [Epoch   249/  500] trn/loss 3.514e-01, trn/lr 1.514e-02, val/acc 6.344e-01, val/nll 1.746e+00
[2023-02-04 19:31:42] [Epoch   250/  500] trn/loss 3.765e-01, trn/lr 1.505e-02, val/acc 6.283e-01, val/nll 1.735e+00
[2023-02-04 19:31:47] [Epoch   251/  500] trn/loss 3.698e-01, trn/lr 1.495e-02, val/acc 6.225e-01, val/nll 1.801e+00
[2023-02-04 19:31:52] [Epoch   252/  500] trn/loss 3.518e-01, trn/lr 1.486e-02, val/acc 6.347e-01, val/nll 1.728e+00
[2023-02-04 19:31:58] [Epoch   253/  500] trn/loss 3.423e-01, trn/lr 1.476e-02, val/acc 6.435e-01, val/nll 1.693e+00 (best_acc: 6.399e-01 -> 6.435e-01, test_acc: 6.443e-01, test_nll: 1.698e+00)
[2023-02-04 19:32:03] [Epoch   254/  500] trn/loss 3.360e-01, trn/lr 1.467e-02, val/acc 6.363e-01, val/nll 1.738e+00
[2023-02-04 19:32:08] [Epoch   255/  500] trn/loss 3.294e-01, trn/lr 1.458e-02, val/acc 6.313e-01, val/nll 1.772e+00
[2023-02-04 19:32:13] [Epoch   256/  500] trn/loss 3.238e-01, trn/lr 1.448e-02, val/acc 6.313e-01, val/nll 1.794e+00
[2023-02-04 19:32:19] [Epoch   257/  500] trn/loss 3.282e-01, trn/lr 1.439e-02, val/acc 6.334e-01, val/nll 1.734e+00
[2023-02-04 19:32:24] [Epoch   258/  500] trn/loss 3.298e-01, trn/lr 1.429e-02, val/acc 6.313e-01, val/nll 1.742e+00
[2023-02-04 19:32:29] [Epoch   259/  500] trn/loss 3.322e-01, trn/lr 1.420e-02, val/acc 6.281e-01, val/nll 1.774e+00
[2023-02-04 19:32:34] [Epoch   260/  500] trn/loss 3.376e-01, trn/lr 1.411e-02, val/acc 6.281e-01, val/nll 1.800e+00
[2023-02-04 19:32:39] [Epoch   261/  500] trn/loss 3.526e-01, trn/lr 1.401e-02, val/acc 6.251e-01, val/nll 1.779e+00
[2023-02-04 19:32:44] [Epoch   262/  500] trn/loss 3.360e-01, trn/lr 1.392e-02, val/acc 6.294e-01, val/nll 1.726e+00
[2023-02-04 19:32:50] [Epoch   263/  500] trn/loss 3.219e-01, trn/lr 1.382e-02, val/acc 6.218e-01, val/nll 1.840e+00
[2023-02-04 19:32:55] [Epoch   264/  500] trn/loss 3.197e-01, trn/lr 1.373e-02, val/acc 6.213e-01, val/nll 1.857e+00
[2023-02-04 19:33:00] [Epoch   265/  500] trn/loss 3.168e-01, trn/lr 1.364e-02, val/acc 6.213e-01, val/nll 1.844e+00
[2023-02-04 19:33:05] [Epoch   266/  500] trn/loss 3.209e-01, trn/lr 1.354e-02, val/acc 6.185e-01, val/nll 1.837e+00
[2023-02-04 19:33:10] [Epoch   267/  500] trn/loss 3.145e-01, trn/lr 1.345e-02, val/acc 6.240e-01, val/nll 1.801e+00
[2023-02-04 19:33:15] [Epoch   268/  500] trn/loss 3.223e-01, trn/lr 1.335e-02, val/acc 6.295e-01, val/nll 1.851e+00
[2023-02-04 19:33:21] [Epoch   269/  500] trn/loss 3.089e-01, trn/lr 1.326e-02, val/acc 6.279e-01, val/nll 1.808e+00
[2023-02-04 19:33:26] [Epoch   270/  500] trn/loss 2.999e-01, trn/lr 1.317e-02, val/acc 6.392e-01, val/nll 1.769e+00
[2023-02-04 19:33:31] [Epoch   271/  500] trn/loss 3.042e-01, trn/lr 1.307e-02, val/acc 6.373e-01, val/nll 1.803e+00
[2023-02-04 19:33:36] [Epoch   272/  500] trn/loss 2.984e-01, trn/lr 1.298e-02, val/acc 6.305e-01, val/nll 1.866e+00
[2023-02-04 19:33:41] [Epoch   273/  500] trn/loss 3.030e-01, trn/lr 1.289e-02, val/acc 6.279e-01, val/nll 1.778e+00
[2023-02-04 19:33:46] [Epoch   274/  500] trn/loss 3.118e-01, trn/lr 1.279e-02, val/acc 6.218e-01, val/nll 1.868e+00
[2023-02-04 19:33:51] [Epoch   275/  500] trn/loss 3.095e-01, trn/lr 1.270e-02, val/acc 6.335e-01, val/nll 1.769e+00
[2023-02-04 19:33:57] [Epoch   276/  500] trn/loss 3.038e-01, trn/lr 1.261e-02, val/acc 6.410e-01, val/nll 1.779e+00
[2023-02-04 19:34:02] [Epoch   277/  500] trn/loss 3.030e-01, trn/lr 1.251e-02, val/acc 6.265e-01, val/nll 1.859e+00
[2023-02-04 19:34:07] [Epoch   278/  500] trn/loss 2.992e-01, trn/lr 1.242e-02, val/acc 6.354e-01, val/nll 1.733e+00
[2023-02-04 19:34:12] [Epoch   279/  500] trn/loss 2.879e-01, trn/lr 1.233e-02, val/acc 6.455e-01, val/nll 1.719e+00 (best_acc: 6.435e-01 -> 6.455e-01, test_acc: 6.456e-01, test_nll: 1.784e+00)
[2023-02-04 19:34:18] [Epoch   280/  500] trn/loss 2.746e-01, trn/lr 1.224e-02, val/acc 6.430e-01, val/nll 1.755e+00
[2023-02-04 19:34:23] [Epoch   281/  500] trn/loss 2.749e-01, trn/lr 1.214e-02, val/acc 6.269e-01, val/nll 1.873e+00
[2023-02-04 19:34:28] [Epoch   282/  500] trn/loss 2.686e-01, trn/lr 1.205e-02, val/acc 6.421e-01, val/nll 1.778e+00
[2023-02-04 19:34:33] [Epoch   283/  500] trn/loss 2.585e-01, trn/lr 1.196e-02, val/acc 6.403e-01, val/nll 1.794e+00
[2023-02-04 19:34:38] [Epoch   284/  500] trn/loss 2.653e-01, trn/lr 1.187e-02, val/acc 6.279e-01, val/nll 1.890e+00
[2023-02-04 19:34:43] [Epoch   285/  500] trn/loss 2.745e-01, trn/lr 1.177e-02, val/acc 6.295e-01, val/nll 1.847e+00
[2023-02-04 19:34:49] [Epoch   286/  500] trn/loss 2.685e-01, trn/lr 1.168e-02, val/acc 6.305e-01, val/nll 1.766e+00
[2023-02-04 19:34:54] [Epoch   287/  500] trn/loss 2.644e-01, trn/lr 1.159e-02, val/acc 6.425e-01, val/nll 1.805e+00
[2023-02-04 19:34:59] [Epoch   288/  500] trn/loss 2.651e-01, trn/lr 1.150e-02, val/acc 6.295e-01, val/nll 1.897e+00
[2023-02-04 19:35:04] [Epoch   289/  500] trn/loss 2.695e-01, trn/lr 1.141e-02, val/acc 6.345e-01, val/nll 1.821e+00
[2023-02-04 19:35:09] [Epoch   290/  500] trn/loss 2.650e-01, trn/lr 1.132e-02, val/acc 6.320e-01, val/nll 1.827e+00
[2023-02-04 19:35:14] [Epoch   291/  500] trn/loss 2.546e-01, trn/lr 1.122e-02, val/acc 6.449e-01, val/nll 1.731e+00
[2023-02-04 19:35:20] [Epoch   292/  500] trn/loss 2.404e-01, trn/lr 1.113e-02, val/acc 6.381e-01, val/nll 1.829e+00
[2023-02-04 19:35:25] [Epoch   293/  500] trn/loss 2.325e-01, trn/lr 1.104e-02, val/acc 6.405e-01, val/nll 1.846e+00
[2023-02-04 19:35:30] [Epoch   294/  500] trn/loss 2.388e-01, trn/lr 1.095e-02, val/acc 6.414e-01, val/nll 1.793e+00
[2023-02-04 19:35:35] [Epoch   295/  500] trn/loss 2.312e-01, trn/lr 1.086e-02, val/acc 6.423e-01, val/nll 1.815e+00
[2023-02-04 19:35:40] [Epoch   296/  500] trn/loss 2.400e-01, trn/lr 1.077e-02, val/acc 6.337e-01, val/nll 1.887e+00
[2023-02-04 19:35:45] [Epoch   297/  500] trn/loss 2.403e-01, trn/lr 1.068e-02, val/acc 6.331e-01, val/nll 1.888e+00
[2023-02-04 19:35:50] [Epoch   298/  500] trn/loss 2.480e-01, trn/lr 1.059e-02, val/acc 6.376e-01, val/nll 1.828e+00
[2023-02-04 19:35:56] [Epoch   299/  500] trn/loss 2.443e-01, trn/lr 1.050e-02, val/acc 6.320e-01, val/nll 1.877e+00
[2023-02-04 19:36:01] [Epoch   300/  500] trn/loss 2.350e-01, trn/lr 1.041e-02, val/acc 6.337e-01, val/nll 1.848e+00
[2023-02-04 19:36:06] [Epoch   301/  500] trn/loss 2.209e-01, trn/lr 1.032e-02, val/acc 6.396e-01, val/nll 1.776e+00
[2023-02-04 19:36:11] [Epoch   302/  500] trn/loss 2.271e-01, trn/lr 1.023e-02, val/acc 6.382e-01, val/nll 1.839e+00
[2023-02-04 19:36:16] [Epoch   303/  500] trn/loss 2.142e-01, trn/lr 1.014e-02, val/acc 6.412e-01, val/nll 1.858e+00
[2023-02-04 19:36:21] [Epoch   304/  500] trn/loss 2.282e-01, trn/lr 1.005e-02, val/acc 6.379e-01, val/nll 1.849e+00
[2023-02-04 19:36:27] [Epoch   305/  500] trn/loss 2.198e-01, trn/lr 9.964e-03, val/acc 6.430e-01, val/nll 1.797e+00
[2023-02-04 19:36:32] [Epoch   306/  500] trn/loss 2.174e-01, trn/lr 9.875e-03, val/acc 6.342e-01, val/nll 1.895e+00
[2023-02-04 19:36:37] [Epoch   307/  500] trn/loss 2.197e-01, trn/lr 9.786e-03, val/acc 6.413e-01, val/nll 1.870e+00
[2023-02-04 19:36:42] [Epoch   308/  500] trn/loss 2.026e-01, trn/lr 9.698e-03, val/acc 6.507e-01, val/nll 1.754e+00 (best_acc: 6.455e-01 -> 6.507e-01, test_acc: 6.509e-01, test_nll: 1.762e+00)
[2023-02-04 19:36:48] [Epoch   309/  500] trn/loss 1.944e-01, trn/lr 9.610e-03, val/acc 6.361e-01, val/nll 1.809e+00
[2023-02-04 19:36:53] [Epoch   310/  500] trn/loss 1.941e-01, trn/lr 9.522e-03, val/acc 6.351e-01, val/nll 1.911e+00
[2023-02-04 19:36:58] [Epoch   311/  500] trn/loss 1.892e-01, trn/lr 9.435e-03, val/acc 6.383e-01, val/nll 1.888e+00
[2023-02-04 19:37:03] [Epoch   312/  500] trn/loss 1.937e-01, trn/lr 9.347e-03, val/acc 6.394e-01, val/nll 1.842e+00
[2023-02-04 19:37:08] [Epoch   313/  500] trn/loss 1.967e-01, trn/lr 9.260e-03, val/acc 6.414e-01, val/nll 1.849e+00
[2023-02-04 19:37:13] [Epoch   314/  500] trn/loss 1.858e-01, trn/lr 9.173e-03, val/acc 6.367e-01, val/nll 1.937e+00
[2023-02-04 19:37:18] [Epoch   315/  500] trn/loss 1.946e-01, trn/lr 9.086e-03, val/acc 6.366e-01, val/nll 1.890e+00
[2023-02-04 19:37:24] [Epoch   316/  500] trn/loss 1.985e-01, trn/lr 9.000e-03, val/acc 6.379e-01, val/nll 1.889e+00
[2023-02-04 19:37:29] [Epoch   317/  500] trn/loss 1.908e-01, trn/lr 8.914e-03, val/acc 6.514e-01, val/nll 1.778e+00 (best_acc: 6.507e-01 -> 6.514e-01, test_acc: 6.535e-01, test_nll: 1.775e+00)
[2023-02-04 19:37:34] [Epoch   318/  500] trn/loss 1.889e-01, trn/lr 8.828e-03, val/acc 6.470e-01, val/nll 1.799e+00
[2023-02-04 19:37:40] [Epoch   319/  500] trn/loss 1.786e-01, trn/lr 8.742e-03, val/acc 6.524e-01, val/nll 1.823e+00 (best_acc: 6.514e-01 -> 6.524e-01, test_acc: 6.546e-01, test_nll: 1.831e+00)
[2023-02-04 19:37:45] [Epoch   320/  500] trn/loss 1.664e-01, trn/lr 8.656e-03, val/acc 6.488e-01, val/nll 1.878e+00
[2023-02-04 19:37:50] [Epoch   321/  500] trn/loss 1.627e-01, trn/lr 8.571e-03, val/acc 6.418e-01, val/nll 1.882e+00
[2023-02-04 19:37:55] [Epoch   322/  500] trn/loss 1.797e-01, trn/lr 8.486e-03, val/acc 6.489e-01, val/nll 1.865e+00
[2023-02-04 19:38:00] [Epoch   323/  500] trn/loss 1.677e-01, trn/lr 8.401e-03, val/acc 6.454e-01, val/nll 1.851e+00
[2023-02-04 19:38:06] [Epoch   324/  500] trn/loss 1.625e-01, trn/lr 8.317e-03, val/acc 6.458e-01, val/nll 1.878e+00
[2023-02-04 19:38:11] [Epoch   325/  500] trn/loss 1.675e-01, trn/lr 8.232e-03, val/acc 6.402e-01, val/nll 1.850e+00
[2023-02-04 19:38:16] [Epoch   326/  500] trn/loss 1.597e-01, trn/lr 8.148e-03, val/acc 6.488e-01, val/nll 1.799e+00
[2023-02-04 19:38:21] [Epoch   327/  500] trn/loss 1.613e-01, trn/lr 8.065e-03, val/acc 6.436e-01, val/nll 1.925e+00
[2023-02-04 19:38:26] [Epoch   328/  500] trn/loss 1.705e-01, trn/lr 7.981e-03, val/acc 6.413e-01, val/nll 1.884e+00
[2023-02-04 19:38:31] [Epoch   329/  500] trn/loss 1.576e-01, trn/lr 7.898e-03, val/acc 6.467e-01, val/nll 1.852e+00
[2023-02-04 19:38:37] [Epoch   330/  500] trn/loss 1.530e-01, trn/lr 7.815e-03, val/acc 6.534e-01, val/nll 1.786e+00 (best_acc: 6.524e-01 -> 6.534e-01, test_acc: 6.583e-01, test_nll: 1.767e+00)
[2023-02-04 19:38:42] [Epoch   331/  500] trn/loss 1.489e-01, trn/lr 7.733e-03, val/acc 6.544e-01, val/nll 1.843e+00 (best_acc: 6.534e-01 -> 6.544e-01, test_acc: 6.634e-01, test_nll: 1.795e+00)
[2023-02-04 19:38:48] [Epoch   332/  500] trn/loss 1.452e-01, trn/lr 7.650e-03, val/acc 6.482e-01, val/nll 1.894e+00
[2023-02-04 19:38:53] [Epoch   333/  500] trn/loss 1.522e-01, trn/lr 7.568e-03, val/acc 6.581e-01, val/nll 1.849e+00 (best_acc: 6.544e-01 -> 6.581e-01, test_acc: 6.584e-01, test_nll: 1.861e+00)
[2023-02-04 19:38:58] [Epoch   334/  500] trn/loss 1.564e-01, trn/lr 7.487e-03, val/acc 6.488e-01, val/nll 1.868e+00
[2023-02-04 19:39:03] [Epoch   335/  500] trn/loss 1.542e-01, trn/lr 7.405e-03, val/acc 6.409e-01, val/nll 1.890e+00
[2023-02-04 19:39:08] [Epoch   336/  500] trn/loss 1.423e-01, trn/lr 7.324e-03, val/acc 6.463e-01, val/nll 1.861e+00
[2023-02-04 19:39:14] [Epoch   337/  500] trn/loss 1.352e-01, trn/lr 7.243e-03, val/acc 6.559e-01, val/nll 1.835e+00
[2023-02-04 19:39:19] [Epoch   338/  500] trn/loss 1.279e-01, trn/lr 7.163e-03, val/acc 6.520e-01, val/nll 1.894e+00
[2023-02-04 19:39:24] [Epoch   339/  500] trn/loss 1.245e-01, trn/lr 7.083e-03, val/acc 6.485e-01, val/nll 1.875e+00
[2023-02-04 19:39:29] [Epoch   340/  500] trn/loss 1.198e-01, trn/lr 7.003e-03, val/acc 6.555e-01, val/nll 1.829e+00
[2023-02-04 19:39:34] [Epoch   341/  500] trn/loss 1.211e-01, trn/lr 6.923e-03, val/acc 6.499e-01, val/nll 1.871e+00
[2023-02-04 19:39:39] [Epoch   342/  500] trn/loss 1.172e-01, trn/lr 6.844e-03, val/acc 6.501e-01, val/nll 1.869e+00
[2023-02-04 19:39:45] [Epoch   343/  500] trn/loss 1.127e-01, trn/lr 6.765e-03, val/acc 6.601e-01, val/nll 1.804e+00 (best_acc: 6.581e-01 -> 6.601e-01, test_acc: 6.595e-01, test_nll: 1.818e+00)
[2023-02-04 19:39:50] [Epoch   344/  500] trn/loss 1.171e-01, trn/lr 6.686e-03, val/acc 6.523e-01, val/nll 1.834e+00
[2023-02-04 19:39:55] [Epoch   345/  500] trn/loss 1.065e-01, trn/lr 6.608e-03, val/acc 6.591e-01, val/nll 1.832e+00
[2023-02-04 19:40:01] [Epoch   346/  500] trn/loss 1.059e-01, trn/lr 6.530e-03, val/acc 6.632e-01, val/nll 1.848e+00 (best_acc: 6.601e-01 -> 6.632e-01, test_acc: 6.705e-01, test_nll: 1.822e+00)
[2023-02-04 19:40:06] [Epoch   347/  500] trn/loss 1.085e-01, trn/lr 6.452e-03, val/acc 6.590e-01, val/nll 1.871e+00
[2023-02-04 19:40:11] [Epoch   348/  500] trn/loss 1.033e-01, trn/lr 6.375e-03, val/acc 6.608e-01, val/nll 1.819e+00
[2023-02-04 19:40:16] [Epoch   349/  500] trn/loss 1.048e-01, trn/lr 6.298e-03, val/acc 6.555e-01, val/nll 1.875e+00
[2023-02-04 19:40:22] [Epoch   350/  500] trn/loss 1.062e-01, trn/lr 6.222e-03, val/acc 6.608e-01, val/nll 1.857e+00
[2023-02-04 19:40:27] [Epoch   351/  500] trn/loss 1.008e-01, trn/lr 6.145e-03, val/acc 6.577e-01, val/nll 1.875e+00
[2023-02-04 19:40:32] [Epoch   352/  500] trn/loss 9.843e-02, trn/lr 6.069e-03, val/acc 6.584e-01, val/nll 1.876e+00
[2023-02-04 19:40:37] [Epoch   353/  500] trn/loss 9.739e-02, trn/lr 5.994e-03, val/acc 6.540e-01, val/nll 1.948e+00
[2023-02-04 19:40:42] [Epoch   354/  500] trn/loss 9.091e-02, trn/lr 5.919e-03, val/acc 6.564e-01, val/nll 1.849e+00
[2023-02-04 19:40:47] [Epoch   355/  500] trn/loss 8.416e-02, trn/lr 5.844e-03, val/acc 6.587e-01, val/nll 1.857e+00
[2023-02-04 19:40:53] [Epoch   356/  500] trn/loss 7.922e-02, trn/lr 5.769e-03, val/acc 6.658e-01, val/nll 1.829e+00 (best_acc: 6.632e-01 -> 6.658e-01, test_acc: 6.696e-01, test_nll: 1.797e+00)
[2023-02-04 19:40:58] [Epoch   357/  500] trn/loss 7.578e-02, trn/lr 5.695e-03, val/acc 6.585e-01, val/nll 1.853e+00
[2023-02-04 19:41:04] [Epoch   358/  500] trn/loss 7.259e-02, trn/lr 5.622e-03, val/acc 6.692e-01, val/nll 1.828e+00 (best_acc: 6.658e-01 -> 6.692e-01, test_acc: 6.724e-01, test_nll: 1.816e+00)
[2023-02-04 19:41:09] [Epoch   359/  500] trn/loss 7.386e-02, trn/lr 5.548e-03, val/acc 6.665e-01, val/nll 1.845e+00
[2023-02-04 19:41:14] [Epoch   360/  500] trn/loss 7.249e-02, trn/lr 5.475e-03, val/acc 6.626e-01, val/nll 1.849e+00
[2023-02-04 19:41:19] [Epoch   361/  500] trn/loss 6.765e-02, trn/lr 5.403e-03, val/acc 6.638e-01, val/nll 1.857e+00
[2023-02-04 19:41:24] [Epoch   362/  500] trn/loss 6.961e-02, trn/lr 5.330e-03, val/acc 6.603e-01, val/nll 1.843e+00
[2023-02-04 19:41:29] [Epoch   363/  500] trn/loss 6.980e-02, trn/lr 5.259e-03, val/acc 6.638e-01, val/nll 1.919e+00
[2023-02-04 19:41:34] [Epoch   364/  500] trn/loss 6.418e-02, trn/lr 5.187e-03, val/acc 6.625e-01, val/nll 1.861e+00
[2023-02-04 19:41:40] [Epoch   365/  500] trn/loss 6.206e-02, trn/lr 5.116e-03, val/acc 6.577e-01, val/nll 1.897e+00
[2023-02-04 19:41:45] [Epoch   366/  500] trn/loss 6.293e-02, trn/lr 5.045e-03, val/acc 6.685e-01, val/nll 1.867e+00
[2023-02-04 19:41:50] [Epoch   367/  500] trn/loss 5.857e-02, trn/lr 4.975e-03, val/acc 6.631e-01, val/nll 1.827e+00
[2023-02-04 19:41:55] [Epoch   368/  500] trn/loss 5.919e-02, trn/lr 4.905e-03, val/acc 6.678e-01, val/nll 1.831e+00
[2023-02-04 19:42:01] [Epoch   369/  500] trn/loss 5.672e-02, trn/lr 4.836e-03, val/acc 6.708e-01, val/nll 1.847e+00 (best_acc: 6.692e-01 -> 6.708e-01, test_acc: 6.692e-01, test_nll: 1.812e+00)
[2023-02-04 19:42:06] [Epoch   370/  500] trn/loss 5.668e-02, trn/lr 4.766e-03, val/acc 6.686e-01, val/nll 1.865e+00
[2023-02-04 19:42:11] [Epoch   371/  500] trn/loss 5.450e-02, trn/lr 4.698e-03, val/acc 6.712e-01, val/nll 1.818e+00 (best_acc: 6.708e-01 -> 6.712e-01, test_acc: 6.721e-01, test_nll: 1.829e+00)
[2023-02-04 19:42:17] [Epoch   372/  500] trn/loss 4.957e-02, trn/lr 4.629e-03, val/acc 6.732e-01, val/nll 1.805e+00 (best_acc: 6.712e-01 -> 6.732e-01, test_acc: 6.742e-01, test_nll: 1.811e+00)
[2023-02-04 19:42:22] [Epoch   373/  500] trn/loss 4.501e-02, trn/lr 4.562e-03, val/acc 6.730e-01, val/nll 1.794e+00
[2023-02-04 19:42:27] [Epoch   374/  500] trn/loss 4.008e-02, trn/lr 4.494e-03, val/acc 6.720e-01, val/nll 1.774e+00
[2023-02-04 19:42:32] [Epoch   375/  500] trn/loss 3.755e-02, trn/lr 4.427e-03, val/acc 6.730e-01, val/nll 1.810e+00
[2023-02-04 19:42:37] [Epoch   376/  500] trn/loss 4.026e-02, trn/lr 4.360e-03, val/acc 6.678e-01, val/nll 1.823e+00
[2023-02-04 19:42:43] [Epoch   377/  500] trn/loss 3.998e-02, trn/lr 4.294e-03, val/acc 6.757e-01, val/nll 1.828e+00 (best_acc: 6.732e-01 -> 6.757e-01, test_acc: 6.817e-01, test_nll: 1.807e+00)
[2023-02-04 19:42:48] [Epoch   378/  500] trn/loss 3.770e-02, trn/lr 4.228e-03, val/acc 6.713e-01, val/nll 1.794e+00
[2023-02-04 19:42:53] [Epoch   379/  500] trn/loss 3.656e-02, trn/lr 4.163e-03, val/acc 6.730e-01, val/nll 1.820e+00
[2023-02-04 19:42:58] [Epoch   380/  500] trn/loss 3.542e-02, trn/lr 4.098e-03, val/acc 6.742e-01, val/nll 1.779e+00
[2023-02-04 19:43:04] [Epoch   381/  500] trn/loss 3.471e-02, trn/lr 4.033e-03, val/acc 6.739e-01, val/nll 1.808e+00
[2023-02-04 19:43:09] [Epoch   382/  500] trn/loss 3.262e-02, trn/lr 3.969e-03, val/acc 6.751e-01, val/nll 1.815e+00
[2023-02-04 19:43:14] [Epoch   383/  500] trn/loss 3.191e-02, trn/lr 3.906e-03, val/acc 6.808e-01, val/nll 1.765e+00 (best_acc: 6.757e-01 -> 6.808e-01, test_acc: 6.827e-01, test_nll: 1.761e+00)
[2023-02-04 19:43:19] [Epoch   384/  500] trn/loss 3.003e-02, trn/lr 3.843e-03, val/acc 6.787e-01, val/nll 1.777e+00
[2023-02-04 19:43:25] [Epoch   385/  500] trn/loss 2.758e-02, trn/lr 3.780e-03, val/acc 6.787e-01, val/nll 1.787e+00
[2023-02-04 19:43:30] [Epoch   386/  500] trn/loss 2.760e-02, trn/lr 3.717e-03, val/acc 6.738e-01, val/nll 1.798e+00
[2023-02-04 19:43:35] [Epoch   387/  500] trn/loss 2.584e-02, trn/lr 3.656e-03, val/acc 6.785e-01, val/nll 1.788e+00
[2023-02-04 19:43:40] [Epoch   388/  500] trn/loss 2.482e-02, trn/lr 3.594e-03, val/acc 6.790e-01, val/nll 1.792e+00
[2023-02-04 19:43:46] [Epoch   389/  500] trn/loss 2.407e-02, trn/lr 3.533e-03, val/acc 6.819e-01, val/nll 1.740e+00 (best_acc: 6.808e-01 -> 6.819e-01, test_acc: 6.846e-01, test_nll: 1.759e+00)
[2023-02-04 19:43:51] [Epoch   390/  500] trn/loss 2.186e-02, trn/lr 3.473e-03, val/acc 6.837e-01, val/nll 1.744e+00 (best_acc: 6.819e-01 -> 6.837e-01, test_acc: 6.837e-01, test_nll: 1.749e+00)
[2023-02-04 19:43:56] [Epoch   391/  500] trn/loss 2.060e-02, trn/lr 3.413e-03, val/acc 6.837e-01, val/nll 1.732e+00
[2023-02-04 19:44:02] [Epoch   392/  500] trn/loss 1.855e-02, trn/lr 3.353e-03, val/acc 6.825e-01, val/nll 1.734e+00
[2023-02-04 19:44:07] [Epoch   393/  500] trn/loss 1.694e-02, trn/lr 3.294e-03, val/acc 6.822e-01, val/nll 1.762e+00
[2023-02-04 19:44:12] [Epoch   394/  500] trn/loss 1.547e-02, trn/lr 3.235e-03, val/acc 6.854e-01, val/nll 1.735e+00 (best_acc: 6.837e-01 -> 6.854e-01, test_acc: 6.865e-01, test_nll: 1.729e+00)
[2023-02-04 19:44:17] [Epoch   395/  500] trn/loss 1.629e-02, trn/lr 3.177e-03, val/acc 6.825e-01, val/nll 1.751e+00
[2023-02-04 19:44:23] [Epoch   396/  500] trn/loss 1.492e-02, trn/lr 3.119e-03, val/acc 6.866e-01, val/nll 1.714e+00 (best_acc: 6.854e-01 -> 6.866e-01, test_acc: 6.830e-01, test_nll: 1.722e+00)
[2023-02-04 19:44:28] [Epoch   397/  500] trn/loss 1.378e-02, trn/lr 3.062e-03, val/acc 6.868e-01, val/nll 1.724e+00 (best_acc: 6.866e-01 -> 6.868e-01, test_acc: 6.882e-01, test_nll: 1.705e+00)
[2023-02-04 19:44:34] [Epoch   398/  500] trn/loss 1.320e-02, trn/lr 3.005e-03, val/acc 6.918e-01, val/nll 1.707e+00 (best_acc: 6.868e-01 -> 6.918e-01, test_acc: 6.899e-01, test_nll: 1.706e+00)
[2023-02-04 19:44:39] [Epoch   399/  500] trn/loss 1.312e-02, trn/lr 2.949e-03, val/acc 6.912e-01, val/nll 1.723e+00
[2023-02-04 19:44:44] [Epoch   400/  500] trn/loss 1.178e-02, trn/lr 2.893e-03, val/acc 6.899e-01, val/nll 1.697e+00
[2023-02-04 19:44:49] [Epoch   401/  500] trn/loss 1.176e-02, trn/lr 2.837e-03, val/acc 6.889e-01, val/nll 1.707e+00
[2023-02-04 19:44:55] [Epoch   402/  500] trn/loss 1.211e-02, trn/lr 2.782e-03, val/acc 6.855e-01, val/nll 1.711e+00
[2023-02-04 19:45:00] [Epoch   403/  500] trn/loss 1.164e-02, trn/lr 2.728e-03, val/acc 6.866e-01, val/nll 1.710e+00
[2023-02-04 19:45:05] [Epoch   404/  500] trn/loss 1.061e-02, trn/lr 2.674e-03, val/acc 6.914e-01, val/nll 1.695e+00
[2023-02-04 19:45:10] [Epoch   405/  500] trn/loss 9.736e-03, trn/lr 2.621e-03, val/acc 6.899e-01, val/nll 1.706e+00
[2023-02-04 19:45:15] [Epoch   406/  500] trn/loss 9.672e-03, trn/lr 2.568e-03, val/acc 6.894e-01, val/nll 1.690e+00
[2023-02-04 19:45:20] [Epoch   407/  500] trn/loss 9.655e-03, trn/lr 2.515e-03, val/acc 6.915e-01, val/nll 1.674e+00
[2023-02-04 19:45:26] [Epoch   408/  500] trn/loss 9.261e-03, trn/lr 2.463e-03, val/acc 6.912e-01, val/nll 1.690e+00
[2023-02-04 19:45:31] [Epoch   409/  500] trn/loss 8.993e-03, trn/lr 2.412e-03, val/acc 6.900e-01, val/nll 1.678e+00
[2023-02-04 19:45:36] [Epoch   410/  500] trn/loss 8.971e-03, trn/lr 2.361e-03, val/acc 6.881e-01, val/nll 1.680e+00
[2023-02-04 19:45:41] [Epoch   411/  500] trn/loss 8.917e-03, trn/lr 2.310e-03, val/acc 6.852e-01, val/nll 1.683e+00
[2023-02-04 19:45:46] [Epoch   412/  500] trn/loss 8.549e-03, trn/lr 2.260e-03, val/acc 6.882e-01, val/nll 1.686e+00
[2023-02-04 19:45:51] [Epoch   413/  500] trn/loss 8.139e-03, trn/lr 2.211e-03, val/acc 6.878e-01, val/nll 1.678e+00
[2023-02-04 19:45:57] [Epoch   414/  500] trn/loss 8.019e-03, trn/lr 2.162e-03, val/acc 6.887e-01, val/nll 1.670e+00
[2023-02-04 19:46:02] [Epoch   415/  500] trn/loss 8.257e-03, trn/lr 2.113e-03, val/acc 6.883e-01, val/nll 1.678e+00
[2023-02-04 19:46:07] [Epoch   416/  500] trn/loss 7.521e-03, trn/lr 2.065e-03, val/acc 6.897e-01, val/nll 1.649e+00
[2023-02-04 19:46:12] [Epoch   417/  500] trn/loss 7.174e-03, trn/lr 2.018e-03, val/acc 6.890e-01, val/nll 1.652e+00
[2023-02-04 19:46:17] [Epoch   418/  500] trn/loss 7.298e-03, trn/lr 1.971e-03, val/acc 6.888e-01, val/nll 1.660e+00
[2023-02-04 19:46:22] [Epoch   419/  500] trn/loss 7.691e-03, trn/lr 1.924e-03, val/acc 6.883e-01, val/nll 1.648e+00
[2023-02-04 19:46:27] [Epoch   420/  500] trn/loss 7.271e-03, trn/lr 1.878e-03, val/acc 6.893e-01, val/nll 1.650e+00
[2023-02-04 19:46:33] [Epoch   421/  500] trn/loss 7.413e-03, trn/lr 1.833e-03, val/acc 6.905e-01, val/nll 1.655e+00
[2023-02-04 19:46:38] [Epoch   422/  500] trn/loss 7.321e-03, trn/lr 1.788e-03, val/acc 6.869e-01, val/nll 1.657e+00
[2023-02-04 19:46:43] [Epoch   423/  500] trn/loss 7.207e-03, trn/lr 1.744e-03, val/acc 6.868e-01, val/nll 1.649e+00
[2023-02-04 19:46:48] [Epoch   424/  500] trn/loss 7.272e-03, trn/lr 1.700e-03, val/acc 6.895e-01, val/nll 1.645e+00
[2023-02-04 19:46:53] [Epoch   425/  500] trn/loss 7.313e-03, trn/lr 1.657e-03, val/acc 6.889e-01, val/nll 1.648e+00
[2023-02-04 19:46:58] [Epoch   426/  500] trn/loss 7.326e-03, trn/lr 1.614e-03, val/acc 6.905e-01, val/nll 1.643e+00
[2023-02-04 19:47:04] [Epoch   427/  500] trn/loss 6.909e-03, trn/lr 1.571e-03, val/acc 6.881e-01, val/nll 1.640e+00
[2023-02-04 19:47:09] [Epoch   428/  500] trn/loss 6.742e-03, trn/lr 1.530e-03, val/acc 6.913e-01, val/nll 1.631e+00
[2023-02-04 19:47:14] [Epoch   429/  500] trn/loss 6.735e-03, trn/lr 1.489e-03, val/acc 6.924e-01, val/nll 1.634e+00 (best_acc: 6.918e-01 -> 6.924e-01, test_acc: 6.952e-01, test_nll: 1.625e+00)
[2023-02-04 19:47:19] [Epoch   430/  500] trn/loss 6.612e-03, trn/lr 1.448e-03, val/acc 6.913e-01, val/nll 1.633e+00
[2023-02-04 19:47:25] [Epoch   431/  500] trn/loss 6.064e-03, trn/lr 1.408e-03, val/acc 6.903e-01, val/nll 1.626e+00
[2023-02-04 19:47:30] [Epoch   432/  500] trn/loss 6.341e-03, trn/lr 1.368e-03, val/acc 6.923e-01, val/nll 1.627e+00
[2023-02-04 19:47:35] [Epoch   433/  500] trn/loss 6.571e-03, trn/lr 1.329e-03, val/acc 6.907e-01, val/nll 1.631e+00
[2023-02-04 19:47:40] [Epoch   434/  500] trn/loss 6.125e-03, trn/lr 1.291e-03, val/acc 6.919e-01, val/nll 1.628e+00
[2023-02-04 19:47:46] [Epoch   435/  500] trn/loss 6.423e-03, trn/lr 1.253e-03, val/acc 6.928e-01, val/nll 1.622e+00 (best_acc: 6.924e-01 -> 6.928e-01, test_acc: 6.968e-01, test_nll: 1.609e+00)
[2023-02-04 19:47:51] [Epoch   436/  500] trn/loss 6.484e-03, trn/lr 1.215e-03, val/acc 6.887e-01, val/nll 1.626e+00
[2023-02-04 19:47:56] [Epoch   437/  500] trn/loss 6.353e-03, trn/lr 1.178e-03, val/acc 6.905e-01, val/nll 1.624e+00
[2023-02-04 19:48:01] [Epoch   438/  500] trn/loss 6.112e-03, trn/lr 1.142e-03, val/acc 6.921e-01, val/nll 1.618e+00
[2023-02-04 19:48:06] [Epoch   439/  500] trn/loss 6.350e-03, trn/lr 1.106e-03, val/acc 6.926e-01, val/nll 1.621e+00
[2023-02-04 19:48:12] [Epoch   440/  500] trn/loss 6.224e-03, trn/lr 1.071e-03, val/acc 6.944e-01, val/nll 1.623e+00 (best_acc: 6.928e-01 -> 6.944e-01, test_acc: 6.958e-01, test_nll: 1.609e+00)
[2023-02-04 19:48:17] [Epoch   441/  500] trn/loss 6.377e-03, trn/lr 1.036e-03, val/acc 6.917e-01, val/nll 1.619e+00
[2023-02-04 19:48:22] [Epoch   442/  500] trn/loss 5.909e-03, trn/lr 1.002e-03, val/acc 6.919e-01, val/nll 1.614e+00
[2023-02-04 19:48:27] [Epoch   443/  500] trn/loss 6.021e-03, trn/lr 9.685e-04, val/acc 6.923e-01, val/nll 1.611e+00
[2023-02-04 19:48:32] [Epoch   444/  500] trn/loss 5.988e-03, trn/lr 9.354e-04, val/acc 6.927e-01, val/nll 1.613e+00
[2023-02-04 19:48:37] [Epoch   445/  500] trn/loss 5.994e-03, trn/lr 9.029e-04, val/acc 6.916e-01, val/nll 1.605e+00
[2023-02-04 19:48:43] [Epoch   446/  500] trn/loss 6.275e-03, trn/lr 8.710e-04, val/acc 6.936e-01, val/nll 1.602e+00
[2023-02-04 19:48:48] [Epoch   447/  500] trn/loss 6.135e-03, trn/lr 8.396e-04, val/acc 6.951e-01, val/nll 1.608e+00 (best_acc: 6.944e-01 -> 6.951e-01, test_acc: 6.961e-01, test_nll: 1.607e+00)
[2023-02-04 19:48:53] [Epoch   448/  500] trn/loss 5.966e-03, trn/lr 8.088e-04, val/acc 6.937e-01, val/nll 1.596e+00
[2023-02-04 19:48:59] [Epoch   449/  500] trn/loss 6.128e-03, trn/lr 7.786e-04, val/acc 6.939e-01, val/nll 1.609e+00
[2023-02-04 19:49:04] [Epoch   450/  500] trn/loss 5.777e-03, trn/lr 7.489e-04, val/acc 6.920e-01, val/nll 1.612e+00
[2023-02-04 19:49:09] [Epoch   451/  500] trn/loss 5.911e-03, trn/lr 7.198e-04, val/acc 6.924e-01, val/nll 1.606e+00
[2023-02-04 19:49:14] [Epoch   452/  500] trn/loss 5.883e-03, trn/lr 6.912e-04, val/acc 6.935e-01, val/nll 1.601e+00
[2023-02-04 19:49:20] [Epoch   453/  500] trn/loss 5.896e-03, trn/lr 6.632e-04, val/acc 6.971e-01, val/nll 1.605e+00 (best_acc: 6.951e-01 -> 6.971e-01, test_acc: 6.940e-01, test_nll: 1.603e+00)
[2023-02-04 19:49:25] [Epoch   454/  500] trn/loss 5.593e-03, trn/lr 6.358e-04, val/acc 6.933e-01, val/nll 1.601e+00
[2023-02-04 19:49:30] [Epoch   455/  500] trn/loss 5.860e-03, trn/lr 6.089e-04, val/acc 6.942e-01, val/nll 1.603e+00
[2023-02-04 19:49:35] [Epoch   456/  500] trn/loss 5.910e-03, trn/lr 5.826e-04, val/acc 6.934e-01, val/nll 1.605e+00
[2023-02-04 19:49:40] [Epoch   457/  500] trn/loss 5.949e-03, trn/lr 5.569e-04, val/acc 6.925e-01, val/nll 1.596e+00
[2023-02-04 19:49:45] [Epoch   458/  500] trn/loss 5.863e-03, trn/lr 5.317e-04, val/acc 6.948e-01, val/nll 1.596e+00
[2023-02-04 19:49:51] [Epoch   459/  500] trn/loss 5.789e-03, trn/lr 5.072e-04, val/acc 6.941e-01, val/nll 1.605e+00
[2023-02-04 19:49:56] [Epoch   460/  500] trn/loss 5.819e-03, trn/lr 4.831e-04, val/acc 6.927e-01, val/nll 1.598e+00
[2023-02-04 19:50:01] [Epoch   461/  500] trn/loss 5.640e-03, trn/lr 4.597e-04, val/acc 6.926e-01, val/nll 1.595e+00
[2023-02-04 19:50:06] [Epoch   462/  500] trn/loss 5.635e-03, trn/lr 4.368e-04, val/acc 6.962e-01, val/nll 1.596e+00
[2023-02-04 19:50:11] [Epoch   463/  500] trn/loss 5.851e-03, trn/lr 4.145e-04, val/acc 6.947e-01, val/nll 1.596e+00
[2023-02-04 19:50:16] [Epoch   464/  500] trn/loss 5.574e-03, trn/lr 3.928e-04, val/acc 6.951e-01, val/nll 1.597e+00
[2023-02-04 19:50:21] [Epoch   465/  500] trn/loss 5.957e-03, trn/lr 3.717e-04, val/acc 6.931e-01, val/nll 1.599e+00
[2023-02-04 19:50:27] [Epoch   466/  500] trn/loss 5.867e-03, trn/lr 3.511e-04, val/acc 6.920e-01, val/nll 1.600e+00
[2023-02-04 19:50:32] [Epoch   467/  500] trn/loss 5.843e-03, trn/lr 3.311e-04, val/acc 6.923e-01, val/nll 1.598e+00
[2023-02-04 19:50:37] [Epoch   468/  500] trn/loss 5.460e-03, trn/lr 3.117e-04, val/acc 6.937e-01, val/nll 1.599e+00
[2023-02-04 19:50:42] [Epoch   469/  500] trn/loss 5.782e-03, trn/lr 2.929e-04, val/acc 6.941e-01, val/nll 1.597e+00
[2023-02-04 19:50:47] [Epoch   470/  500] trn/loss 5.505e-03, trn/lr 2.747e-04, val/acc 6.941e-01, val/nll 1.599e+00
[2023-02-04 19:50:52] [Epoch   471/  500] trn/loss 5.505e-03, trn/lr 2.570e-04, val/acc 6.957e-01, val/nll 1.598e+00
[2023-02-04 19:50:58] [Epoch   472/  500] trn/loss 5.512e-03, trn/lr 2.399e-04, val/acc 6.938e-01, val/nll 1.598e+00
[2023-02-04 19:51:03] [Epoch   473/  500] trn/loss 5.683e-03, trn/lr 2.234e-04, val/acc 6.930e-01, val/nll 1.596e+00
[2023-02-04 19:51:08] [Epoch   474/  500] trn/loss 5.644e-03, trn/lr 2.075e-04, val/acc 6.925e-01, val/nll 1.599e+00
[2023-02-04 19:51:13] [Epoch   475/  500] trn/loss 5.516e-03, trn/lr 1.922e-04, val/acc 6.919e-01, val/nll 1.599e+00
[2023-02-04 19:51:18] [Epoch   476/  500] trn/loss 5.650e-03, trn/lr 1.774e-04, val/acc 6.937e-01, val/nll 1.597e+00
[2023-02-04 19:51:23] [Epoch   477/  500] trn/loss 5.656e-03, trn/lr 1.633e-04, val/acc 6.937e-01, val/nll 1.601e+00
[2023-02-04 19:51:28] [Epoch   478/  500] trn/loss 5.843e-03, trn/lr 1.497e-04, val/acc 6.929e-01, val/nll 1.598e+00
[2023-02-04 19:51:34] [Epoch   479/  500] trn/loss 5.697e-03, trn/lr 1.367e-04, val/acc 6.914e-01, val/nll 1.601e+00
[2023-02-04 19:51:39] [Epoch   480/  500] trn/loss 5.560e-03, trn/lr 1.243e-04, val/acc 6.935e-01, val/nll 1.594e+00
[2023-02-04 19:51:44] [Epoch   481/  500] trn/loss 5.523e-03, trn/lr 1.125e-04, val/acc 6.923e-01, val/nll 1.601e+00
[2023-02-04 19:51:49] [Epoch   482/  500] trn/loss 5.606e-03, trn/lr 1.013e-04, val/acc 6.931e-01, val/nll 1.601e+00
[2023-02-04 19:51:54] [Epoch   483/  500] trn/loss 5.477e-03, trn/lr 9.064e-05, val/acc 6.930e-01, val/nll 1.601e+00
[2023-02-04 19:51:59] [Epoch   484/  500] trn/loss 5.390e-03, trn/lr 8.059e-05, val/acc 6.933e-01, val/nll 1.599e+00
[2023-02-04 19:52:05] [Epoch   485/  500] trn/loss 5.501e-03, trn/lr 7.113e-05, val/acc 6.939e-01, val/nll 1.599e+00
[2023-02-04 19:52:10] [Epoch   486/  500] trn/loss 5.571e-03, trn/lr 6.226e-05, val/acc 6.930e-01, val/nll 1.594e+00
[2023-02-04 19:52:15] [Epoch   487/  500] trn/loss 5.496e-03, trn/lr 5.398e-05, val/acc 6.924e-01, val/nll 1.595e+00
[2023-02-04 19:52:20] [Epoch   488/  500] trn/loss 5.549e-03, trn/lr 4.629e-05, val/acc 6.938e-01, val/nll 1.598e+00
[2023-02-04 19:52:25] [Epoch   489/  500] trn/loss 5.410e-03, trn/lr 3.919e-05, val/acc 6.916e-01, val/nll 1.598e+00
[2023-02-04 19:52:30] [Epoch   490/  500] trn/loss 5.584e-03, trn/lr 3.268e-05, val/acc 6.946e-01, val/nll 1.599e+00
[2023-02-04 19:52:35] [Epoch   491/  500] trn/loss 5.401e-03, trn/lr 2.676e-05, val/acc 6.944e-01, val/nll 1.595e+00
[2023-02-04 19:52:41] [Epoch   492/  500] trn/loss 5.674e-03, trn/lr 2.143e-05, val/acc 6.931e-01, val/nll 1.594e+00
[2023-02-04 19:52:46] [Epoch   493/  500] trn/loss 5.399e-03, trn/lr 1.669e-05, val/acc 6.930e-01, val/nll 1.599e+00
[2023-02-04 19:52:51] [Epoch   494/  500] trn/loss 5.618e-03, trn/lr 1.254e-05, val/acc 6.918e-01, val/nll 1.598e+00
[2023-02-04 19:52:56] [Epoch   495/  500] trn/loss 5.352e-03, trn/lr 8.991e-06, val/acc 6.936e-01, val/nll 1.595e+00
[2023-02-04 19:53:01] [Epoch   496/  500] trn/loss 5.667e-03, trn/lr 6.028e-06, val/acc 6.933e-01, val/nll 1.596e+00
[2023-02-04 19:53:06] [Epoch   497/  500] trn/loss 5.618e-03, trn/lr 3.658e-06, val/acc 6.930e-01, val/nll 1.595e+00
[2023-02-04 19:53:12] [Epoch   498/  500] trn/loss 5.402e-03, trn/lr 1.880e-06, val/acc 6.929e-01, val/nll 1.598e+00
[2023-02-04 19:53:17] [Epoch   499/  500] trn/loss 5.501e-03, trn/lr 6.936e-07, val/acc 6.925e-01, val/nll 1.593e+00
[2023-02-04 19:53:22] [Epoch   500/  500] trn/loss 5.438e-03, trn/lr 9.964e-08, val/acc 6.938e-01, val/nll 1.597e+00
