[2023-02-15 16:33:09] Environments:
------------  ------------------------------------------------------------
sys.platform  linux
Python        3.8.10 (default, Nov 14 2022, 12:59:47) [GCC 9.4.0]
JAX           0.4.2 @/home/giung/.local/lib/python3.8/site-packages/jax
jaxlib        0.4.2 @/home/giung/.local/lib/python3.8/site-packages/jaxlib
Flax          0.6.4 @/home/giung/.local/lib/python3.8/site-packages/flax
Optax         0.1.4 @/home/giung/.local/lib/python3.8/site-packages/optax
------------  ------------------------------------------------------------

[2023-02-15 16:33:09] Command line arguments:
- args.data_root          : ./data/
- args.data_name          : CIFAR100_x32
- args.data_augmentation  : standard
- args.data_proportional  : 1.0
- args.model_depth        : 20
- args.model_width        : 4
- args.model_style        : BN-ReLU
- args.optim_bs           : 256
- args.optim_ne           : 200
- args.optim_lr           : 0.1
- args.optim_b1           : 0.99
- args.optim_b2           : 0.999
- args.optim_eps          : 0.1
- args.optim_weight_decay : 0.001
- args.rho                : 0.01
- args.num_data_factor    : 4.0
- args.save               : /home/giung/giung2-dev/projects/sam/save/CIFAR100_x32/R20x4-BN-ReLU/BayesSAM/bs-0256_ne-0200_lr-0.10_b1-0.990_b2-0.999_wd-0.0010_eps-1e-1_rho-0.0100_factor-4.0_fp32/42
- args.seed               : 42
- args.precision          : fp32

[2023-02-15 16:33:23] Multiple local devices are detected:
[TpuDevice(id=0, process_index=0, coords=(0,0,0), core_on_chip=0), TpuDevice(id=1, process_index=0, coords=(0,0,0), core_on_chip=1), TpuDevice(id=2, process_index=0, coords=(1,0,0), core_on_chip=0), TpuDevice(id=3, process_index=0, coords=(1,0,0), core_on_chip=1), TpuDevice(id=4, process_index=0, coords=(0,1,0), core_on_chip=0), TpuDevice(id=5, process_index=0, coords=(0,1,0), core_on_chip=1), TpuDevice(id=6, process_index=0, coords=(1,1,0), core_on_chip=0), TpuDevice(id=7, process_index=0, coords=(1,1,0), core_on_chip=1)]

[2023-02-15 16:34:32] [Epoch     1/  200] trn/loss 4.879e+00, trn/lr 1.000e-01, trn/scale 9.322e-01, val/acc 4.712e-02, val/nll 4.501e+00 (best_acc: 0.000e+00 -> 4.712e-02, test_acc: 4.780e-02, test_nll: 4.476e+00)
[2023-02-15 16:34:41] [Epoch     2/  200] trn/loss 4.279e+00, trn/lr 9.999e-02, trn/scale 8.094e-01, val/acc 7.965e-02, val/nll 4.107e+00 (best_acc: 4.712e-02 -> 7.965e-02, test_acc: 8.040e-02, test_nll: 4.084e+00)
[2023-02-15 16:34:50] [Epoch     3/  200] trn/loss 3.928e+00, trn/lr 9.996e-02, trn/scale 7.047e-01, val/acc 1.293e-01, val/nll 3.790e+00 (best_acc: 7.965e-02 -> 1.293e-01, test_acc: 1.290e-01, test_nll: 3.764e+00)
[2023-02-15 16:35:00] [Epoch     4/  200] trn/loss 3.662e+00, trn/lr 9.992e-02, trn/scale 6.156e-01, val/acc 1.546e-01, val/nll 3.547e+00 (best_acc: 1.293e-01 -> 1.546e-01, test_acc: 1.622e-01, test_nll: 3.524e+00)
[2023-02-15 16:35:09] [Epoch     5/  200] trn/loss 3.451e+00, trn/lr 9.987e-02, trn/scale 5.396e-01, val/acc 1.991e-01, val/nll 3.333e+00 (best_acc: 1.546e-01 -> 1.991e-01, test_acc: 2.042e-01, test_nll: 3.309e+00)
[2023-02-15 16:35:18] [Epoch     6/  200] trn/loss 3.238e+00, trn/lr 9.981e-02, trn/scale 4.749e-01, val/acc 2.378e-01, val/nll 3.127e+00 (best_acc: 1.991e-01 -> 2.378e-01, test_acc: 2.432e-01, test_nll: 3.093e+00)
[2023-02-15 16:35:27] [Epoch     7/  200] trn/loss 3.009e+00, trn/lr 9.974e-02, trn/scale 4.197e-01, val/acc 2.763e-01, val/nll 2.930e+00 (best_acc: 2.378e-01 -> 2.763e-01, test_acc: 2.855e-01, test_nll: 2.866e+00)
[2023-02-15 16:35:37] [Epoch     8/  200] trn/loss 2.816e+00, trn/lr 9.965e-02, trn/scale 3.728e-01, val/acc 3.072e-01, val/nll 2.749e+00 (best_acc: 2.763e-01 -> 3.072e-01, test_acc: 3.147e-01, test_nll: 2.686e+00)
[2023-02-15 16:35:46] [Epoch     9/  200] trn/loss 2.622e+00, trn/lr 9.955e-02, trn/scale 3.327e-01, val/acc 3.420e-01, val/nll 2.582e+00 (best_acc: 3.072e-01 -> 3.420e-01, test_acc: 3.502e-01, test_nll: 2.525e+00)
[2023-02-15 16:35:55] [Epoch    10/  200] trn/loss 2.443e+00, trn/lr 9.944e-02, trn/scale 2.987e-01, val/acc 3.727e-01, val/nll 2.409e+00 (best_acc: 3.420e-01 -> 3.727e-01, test_acc: 3.825e-01, test_nll: 2.349e+00)
[2023-02-15 16:36:04] [Epoch    11/  200] trn/loss 2.288e+00, trn/lr 9.932e-02, trn/scale 2.696e-01, val/acc 3.914e-01, val/nll 2.334e+00 (best_acc: 3.727e-01 -> 3.914e-01, test_acc: 4.043e-01, test_nll: 2.283e+00)
[2023-02-15 16:36:13] [Epoch    12/  200] trn/loss 2.145e+00, trn/lr 9.919e-02, trn/scale 2.449e-01, val/acc 4.219e-01, val/nll 2.172e+00 (best_acc: 3.914e-01 -> 4.219e-01, test_acc: 4.273e-01, test_nll: 2.141e+00)
[2023-02-15 16:36:23] [Epoch    13/  200] trn/loss 2.025e+00, trn/lr 9.904e-02, trn/scale 2.238e-01, val/acc 4.448e-01, val/nll 2.081e+00 (best_acc: 4.219e-01 -> 4.448e-01, test_acc: 4.413e-01, test_nll: 2.057e+00)
[2023-02-15 16:36:32] [Epoch    14/  200] trn/loss 1.921e+00, trn/lr 9.888e-02, trn/scale 2.058e-01, val/acc 4.778e-01, val/nll 1.923e+00 (best_acc: 4.448e-01 -> 4.778e-01, test_acc: 4.841e-01, test_nll: 1.900e+00)
[2023-02-15 16:36:40] [Epoch    15/  200] trn/loss 1.817e+00, trn/lr 9.871e-02, trn/scale 1.905e-01, val/acc 4.680e-01, val/nll 1.958e+00
[2023-02-15 16:36:49] [Epoch    16/  200] trn/loss 1.737e+00, trn/lr 9.853e-02, trn/scale 1.775e-01, val/acc 5.034e-01, val/nll 1.835e+00 (best_acc: 4.778e-01 -> 5.034e-01, test_acc: 5.019e-01, test_nll: 1.823e+00)
[2023-02-15 16:36:58] [Epoch    17/  200] trn/loss 1.647e+00, trn/lr 9.833e-02, trn/scale 1.664e-01, val/acc 5.139e-01, val/nll 1.767e+00 (best_acc: 5.034e-01 -> 5.139e-01, test_acc: 5.205e-01, test_nll: 1.745e+00)
[2023-02-15 16:37:07] [Epoch    18/  200] trn/loss 1.581e+00, trn/lr 9.812e-02, trn/scale 1.569e-01, val/acc 5.292e-01, val/nll 1.718e+00 (best_acc: 5.139e-01 -> 5.292e-01, test_acc: 5.222e-01, test_nll: 1.704e+00)
[2023-02-15 16:37:17] [Epoch    19/  200] trn/loss 1.535e+00, trn/lr 9.790e-02, trn/scale 1.489e-01, val/acc 5.306e-01, val/nll 1.652e+00 (best_acc: 5.292e-01 -> 5.306e-01, test_acc: 5.375e-01, test_nll: 1.646e+00)
[2023-02-15 16:37:26] [Epoch    20/  200] trn/loss 1.464e+00, trn/lr 9.767e-02, trn/scale 1.420e-01, val/acc 5.363e-01, val/nll 1.693e+00 (best_acc: 5.306e-01 -> 5.363e-01, test_acc: 5.343e-01, test_nll: 1.691e+00)
[2023-02-15 16:37:35] [Epoch    21/  200] trn/loss 1.421e+00, trn/lr 9.743e-02, trn/scale 1.362e-01, val/acc 5.479e-01, val/nll 1.655e+00 (best_acc: 5.363e-01 -> 5.479e-01, test_acc: 5.470e-01, test_nll: 1.650e+00)
[2023-02-15 16:37:44] [Epoch    22/  200] trn/loss 1.393e+00, trn/lr 9.718e-02, trn/scale 1.312e-01, val/acc 5.518e-01, val/nll 1.659e+00 (best_acc: 5.479e-01 -> 5.518e-01, test_acc: 5.487e-01, test_nll: 1.652e+00)
[2023-02-15 16:37:53] [Epoch    23/  200] trn/loss 1.355e+00, trn/lr 9.691e-02, trn/scale 1.270e-01, val/acc 5.706e-01, val/nll 1.516e+00 (best_acc: 5.518e-01 -> 5.706e-01, test_acc: 5.744e-01, test_nll: 1.507e+00)
[2023-02-15 16:38:02] [Epoch    24/  200] trn/loss 1.313e+00, trn/lr 9.663e-02, trn/scale 1.234e-01, val/acc 5.819e-01, val/nll 1.497e+00 (best_acc: 5.706e-01 -> 5.819e-01, test_acc: 5.814e-01, test_nll: 1.490e+00)
[2023-02-15 16:38:11] [Epoch    25/  200] trn/loss 1.294e+00, trn/lr 9.634e-02, trn/scale 1.203e-01, val/acc 5.756e-01, val/nll 1.511e+00
[2023-02-15 16:38:19] [Epoch    26/  200] trn/loss 1.257e+00, trn/lr 9.604e-02, trn/scale 1.177e-01, val/acc 5.717e-01, val/nll 1.519e+00
[2023-02-15 16:38:28] [Epoch    27/  200] trn/loss 1.247e+00, trn/lr 9.573e-02, trn/scale 1.154e-01, val/acc 6.003e-01, val/nll 1.411e+00 (best_acc: 5.819e-01 -> 6.003e-01, test_acc: 6.000e-01, test_nll: 1.394e+00)
[2023-02-15 16:38:36] [Epoch    28/  200] trn/loss 1.246e+00, trn/lr 9.541e-02, trn/scale 1.135e-01, val/acc 5.831e-01, val/nll 1.499e+00
[2023-02-15 16:38:45] [Epoch    29/  200] trn/loss 1.218e+00, trn/lr 9.507e-02, trn/scale 1.119e-01, val/acc 6.061e-01, val/nll 1.411e+00 (best_acc: 6.003e-01 -> 6.061e-01, test_acc: 6.012e-01, test_nll: 1.391e+00)
[2023-02-15 16:38:53] [Epoch    30/  200] trn/loss 1.184e+00, trn/lr 9.473e-02, trn/scale 1.105e-01, val/acc 5.935e-01, val/nll 1.461e+00
[2023-02-15 16:39:02] [Epoch    31/  200] trn/loss 1.163e+00, trn/lr 9.437e-02, trn/scale 1.094e-01, val/acc 5.975e-01, val/nll 1.439e+00
[2023-02-15 16:39:10] [Epoch    32/  200] trn/loss 1.147e+00, trn/lr 9.400e-02, trn/scale 1.084e-01, val/acc 5.900e-01, val/nll 1.510e+00
[2023-02-15 16:39:19] [Epoch    33/  200] trn/loss 1.134e+00, trn/lr 9.363e-02, trn/scale 1.075e-01, val/acc 6.131e-01, val/nll 1.404e+00 (best_acc: 6.061e-01 -> 6.131e-01, test_acc: 6.084e-01, test_nll: 1.394e+00)
[2023-02-15 16:39:27] [Epoch    34/  200] trn/loss 1.100e+00, trn/lr 9.324e-02, trn/scale 1.068e-01, val/acc 6.107e-01, val/nll 1.373e+00
[2023-02-15 16:39:35] [Epoch    35/  200] trn/loss 1.096e+00, trn/lr 9.284e-02, trn/scale 1.062e-01, val/acc 6.017e-01, val/nll 1.448e+00
[2023-02-15 16:39:44] [Epoch    36/  200] trn/loss 1.087e+00, trn/lr 9.243e-02, trn/scale 1.057e-01, val/acc 6.064e-01, val/nll 1.424e+00
[2023-02-15 16:39:53] [Epoch    37/  200] trn/loss 1.064e+00, trn/lr 9.201e-02, trn/scale 1.052e-01, val/acc 6.315e-01, val/nll 1.333e+00 (best_acc: 6.131e-01 -> 6.315e-01, test_acc: 6.305e-01, test_nll: 1.308e+00)
[2023-02-15 16:40:02] [Epoch    38/  200] trn/loss 1.039e+00, trn/lr 9.157e-02, trn/scale 1.048e-01, val/acc 6.356e-01, val/nll 1.293e+00 (best_acc: 6.315e-01 -> 6.356e-01, test_acc: 6.346e-01, test_nll: 1.267e+00)
[2023-02-15 16:40:10] [Epoch    39/  200] trn/loss 1.035e+00, trn/lr 9.113e-02, trn/scale 1.045e-01, val/acc 6.325e-01, val/nll 1.322e+00
[2023-02-15 16:40:18] [Epoch    40/  200] trn/loss 1.027e+00, trn/lr 9.068e-02, trn/scale 1.042e-01, val/acc 6.197e-01, val/nll 1.358e+00
[2023-02-15 16:40:27] [Epoch    41/  200] trn/loss 1.031e+00, trn/lr 9.022e-02, trn/scale 1.040e-01, val/acc 6.277e-01, val/nll 1.350e+00
[2023-02-15 16:40:35] [Epoch    42/  200] trn/loss 1.009e+00, trn/lr 8.975e-02, trn/scale 1.038e-01, val/acc 6.198e-01, val/nll 1.353e+00
[2023-02-15 16:40:43] [Epoch    43/  200] trn/loss 9.902e-01, trn/lr 8.927e-02, trn/scale 1.036e-01, val/acc 6.079e-01, val/nll 1.412e+00
[2023-02-15 16:40:51] [Epoch    44/  200] trn/loss 9.830e-01, trn/lr 8.878e-02, trn/scale 1.035e-01, val/acc 6.329e-01, val/nll 1.313e+00
[2023-02-15 16:40:59] [Epoch    45/  200] trn/loss 9.631e-01, trn/lr 8.828e-02, trn/scale 1.034e-01, val/acc 6.343e-01, val/nll 1.303e+00
[2023-02-15 16:41:08] [Epoch    46/  200] trn/loss 9.532e-01, trn/lr 8.777e-02, trn/scale 1.033e-01, val/acc 6.435e-01, val/nll 1.272e+00 (best_acc: 6.356e-01 -> 6.435e-01, test_acc: 6.488e-01, test_nll: 1.251e+00)
[2023-02-15 16:41:16] [Epoch    47/  200] trn/loss 9.554e-01, trn/lr 8.725e-02, trn/scale 1.032e-01, val/acc 6.104e-01, val/nll 1.445e+00
[2023-02-15 16:41:26] [Epoch    48/  200] trn/loss 9.694e-01, trn/lr 8.672e-02, trn/scale 1.031e-01, val/acc 6.521e-01, val/nll 1.220e+00 (best_acc: 6.435e-01 -> 6.521e-01, test_acc: 6.604e-01, test_nll: 1.196e+00)
[2023-02-15 16:41:34] [Epoch    49/  200] trn/loss 9.433e-01, trn/lr 8.618e-02, trn/scale 1.030e-01, val/acc 6.469e-01, val/nll 1.260e+00
[2023-02-15 16:41:42] [Epoch    50/  200] trn/loss 9.257e-01, trn/lr 8.563e-02, trn/scale 1.030e-01, val/acc 6.354e-01, val/nll 1.292e+00
[2023-02-15 16:41:50] [Epoch    51/  200] trn/loss 9.173e-01, trn/lr 8.508e-02, trn/scale 1.029e-01, val/acc 6.403e-01, val/nll 1.266e+00
[2023-02-15 16:41:58] [Epoch    52/  200] trn/loss 9.106e-01, trn/lr 8.451e-02, trn/scale 1.029e-01, val/acc 6.449e-01, val/nll 1.249e+00
[2023-02-15 16:42:08] [Epoch    53/  200] trn/loss 8.890e-01, trn/lr 8.394e-02, trn/scale 1.029e-01, val/acc 6.546e-01, val/nll 1.252e+00 (best_acc: 6.521e-01 -> 6.546e-01, test_acc: 6.613e-01, test_nll: 1.224e+00)
[2023-02-15 16:42:17] [Epoch    54/  200] trn/loss 8.835e-01, trn/lr 8.336e-02, trn/scale 1.028e-01, val/acc 6.590e-01, val/nll 1.197e+00 (best_acc: 6.546e-01 -> 6.590e-01, test_acc: 6.678e-01, test_nll: 1.189e+00)
[2023-02-15 16:42:25] [Epoch    55/  200] trn/loss 8.639e-01, trn/lr 8.277e-02, trn/scale 1.028e-01, val/acc 6.494e-01, val/nll 1.284e+00
[2023-02-15 16:42:33] [Epoch    56/  200] trn/loss 8.692e-01, trn/lr 8.217e-02, trn/scale 1.028e-01, val/acc 6.544e-01, val/nll 1.237e+00
[2023-02-15 16:42:41] [Epoch    57/  200] trn/loss 8.726e-01, trn/lr 8.157e-02, trn/scale 1.028e-01, val/acc 6.376e-01, val/nll 1.290e+00
[2023-02-15 16:42:50] [Epoch    58/  200] trn/loss 8.576e-01, trn/lr 8.096e-02, trn/scale 1.028e-01, val/acc 6.675e-01, val/nll 1.194e+00 (best_acc: 6.590e-01 -> 6.675e-01, test_acc: 6.704e-01, test_nll: 1.176e+00)
[2023-02-15 16:42:59] [Epoch    59/  200] trn/loss 8.364e-01, trn/lr 8.034e-02, trn/scale 1.028e-01, val/acc 6.562e-01, val/nll 1.208e+00
[2023-02-15 16:43:07] [Epoch    60/  200] trn/loss 8.302e-01, trn/lr 7.971e-02, trn/scale 1.028e-01, val/acc 6.636e-01, val/nll 1.211e+00
[2023-02-15 16:43:15] [Epoch    61/  200] trn/loss 8.397e-01, trn/lr 7.907e-02, trn/scale 1.028e-01, val/acc 6.605e-01, val/nll 1.207e+00
[2023-02-15 16:43:23] [Epoch    62/  200] trn/loss 8.306e-01, trn/lr 7.843e-02, trn/scale 1.027e-01, val/acc 6.616e-01, val/nll 1.208e+00
[2023-02-15 16:43:31] [Epoch    63/  200] trn/loss 8.052e-01, trn/lr 7.778e-02, trn/scale 1.027e-01, val/acc 6.594e-01, val/nll 1.219e+00
[2023-02-15 16:43:40] [Epoch    64/  200] trn/loss 7.932e-01, trn/lr 7.712e-02, trn/scale 1.027e-01, val/acc 6.629e-01, val/nll 1.228e+00
[2023-02-15 16:43:48] [Epoch    65/  200] trn/loss 8.021e-01, trn/lr 7.646e-02, trn/scale 1.027e-01, val/acc 6.520e-01, val/nll 1.250e+00
[2023-02-15 16:43:57] [Epoch    66/  200] trn/loss 7.900e-01, trn/lr 7.579e-02, trn/scale 1.027e-01, val/acc 6.795e-01, val/nll 1.124e+00 (best_acc: 6.675e-01 -> 6.795e-01, test_acc: 6.870e-01, test_nll: 1.123e+00)
[2023-02-15 16:44:05] [Epoch    67/  200] trn/loss 7.780e-01, trn/lr 7.512e-02, trn/scale 1.027e-01, val/acc 6.605e-01, val/nll 1.247e+00
[2023-02-15 16:44:13] [Epoch    68/  200] trn/loss 7.725e-01, trn/lr 7.443e-02, trn/scale 1.027e-01, val/acc 6.652e-01, val/nll 1.196e+00
[2023-02-15 16:44:21] [Epoch    69/  200] trn/loss 7.713e-01, trn/lr 7.374e-02, trn/scale 1.027e-01, val/acc 6.686e-01, val/nll 1.163e+00
[2023-02-15 16:44:30] [Epoch    70/  200] trn/loss 7.522e-01, trn/lr 7.305e-02, trn/scale 1.027e-01, val/acc 6.681e-01, val/nll 1.172e+00
[2023-02-15 16:44:39] [Epoch    71/  200] trn/loss 7.308e-01, trn/lr 7.235e-02, trn/scale 1.027e-01, val/acc 6.893e-01, val/nll 1.100e+00 (best_acc: 6.795e-01 -> 6.893e-01, test_acc: 6.859e-01, test_nll: 1.100e+00)
[2023-02-15 16:44:47] [Epoch    72/  200] trn/loss 7.346e-01, trn/lr 7.165e-02, trn/scale 1.027e-01, val/acc 6.631e-01, val/nll 1.213e+00
[2023-02-15 16:44:55] [Epoch    73/  200] trn/loss 7.085e-01, trn/lr 7.093e-02, trn/scale 1.027e-01, val/acc 6.798e-01, val/nll 1.113e+00
[2023-02-15 16:45:03] [Epoch    74/  200] trn/loss 7.095e-01, trn/lr 7.022e-02, trn/scale 1.027e-01, val/acc 6.805e-01, val/nll 1.150e+00
[2023-02-15 16:45:12] [Epoch    75/  200] trn/loss 7.091e-01, trn/lr 6.950e-02, trn/scale 1.027e-01, val/acc 6.771e-01, val/nll 1.139e+00
[2023-02-15 16:45:20] [Epoch    76/  200] trn/loss 6.933e-01, trn/lr 6.877e-02, trn/scale 1.027e-01, val/acc 6.794e-01, val/nll 1.147e+00
[2023-02-15 16:45:28] [Epoch    77/  200] trn/loss 7.014e-01, trn/lr 6.804e-02, trn/scale 1.028e-01, val/acc 6.775e-01, val/nll 1.151e+00
[2023-02-15 16:45:36] [Epoch    78/  200] trn/loss 6.905e-01, trn/lr 6.731e-02, trn/scale 1.028e-01, val/acc 6.762e-01, val/nll 1.138e+00
[2023-02-15 16:45:44] [Epoch    79/  200] trn/loss 6.754e-01, trn/lr 6.657e-02, trn/scale 1.028e-01, val/acc 6.751e-01, val/nll 1.158e+00
[2023-02-15 16:45:52] [Epoch    80/  200] trn/loss 6.673e-01, trn/lr 6.583e-02, trn/scale 1.028e-01, val/acc 6.853e-01, val/nll 1.113e+00
[2023-02-15 16:46:01] [Epoch    81/  200] trn/loss 6.506e-01, trn/lr 6.508e-02, trn/scale 1.028e-01, val/acc 6.817e-01, val/nll 1.126e+00
[2023-02-15 16:46:09] [Epoch    82/  200] trn/loss 6.466e-01, trn/lr 6.433e-02, trn/scale 1.028e-01, val/acc 6.686e-01, val/nll 1.181e+00
[2023-02-15 16:46:17] [Epoch    83/  200] trn/loss 6.573e-01, trn/lr 6.357e-02, trn/scale 1.028e-01, val/acc 6.804e-01, val/nll 1.139e+00
[2023-02-15 16:46:26] [Epoch    84/  200] trn/loss 6.385e-01, trn/lr 6.282e-02, trn/scale 1.028e-01, val/acc 6.897e-01, val/nll 1.089e+00 (best_acc: 6.893e-01 -> 6.897e-01, test_acc: 6.940e-01, test_nll: 1.094e+00)
[2023-02-15 16:46:34] [Epoch    85/  200] trn/loss 6.388e-01, trn/lr 6.206e-02, trn/scale 1.028e-01, val/acc 6.811e-01, val/nll 1.151e+00
[2023-02-15 16:46:43] [Epoch    86/  200] trn/loss 6.291e-01, trn/lr 6.129e-02, trn/scale 1.028e-01, val/acc 6.905e-01, val/nll 1.095e+00 (best_acc: 6.897e-01 -> 6.905e-01, test_acc: 6.938e-01, test_nll: 1.087e+00)
[2023-02-15 16:46:53] [Epoch    87/  200] trn/loss 6.111e-01, trn/lr 6.053e-02, trn/scale 1.028e-01, val/acc 6.910e-01, val/nll 1.082e+00 (best_acc: 6.905e-01 -> 6.910e-01, test_acc: 6.876e-01, test_nll: 1.099e+00)
[2023-02-15 16:47:02] [Epoch    88/  200] trn/loss 6.013e-01, trn/lr 5.976e-02, trn/scale 1.028e-01, val/acc 6.957e-01, val/nll 1.062e+00 (best_acc: 6.910e-01 -> 6.957e-01, test_acc: 7.005e-01, test_nll: 1.063e+00)
[2023-02-15 16:47:10] [Epoch    89/  200] trn/loss 5.916e-01, trn/lr 5.899e-02, trn/scale 1.028e-01, val/acc 6.908e-01, val/nll 1.099e+00
[2023-02-15 16:47:18] [Epoch    90/  200] trn/loss 5.860e-01, trn/lr 5.821e-02, trn/scale 1.028e-01, val/acc 6.934e-01, val/nll 1.091e+00
[2023-02-15 16:47:26] [Epoch    91/  200] trn/loss 5.751e-01, trn/lr 5.744e-02, trn/scale 1.028e-01, val/acc 6.913e-01, val/nll 1.075e+00
[2023-02-15 16:47:34] [Epoch    92/  200] trn/loss 5.605e-01, trn/lr 5.666e-02, trn/scale 1.028e-01, val/acc 6.951e-01, val/nll 1.090e+00
[2023-02-15 16:47:44] [Epoch    93/  200] trn/loss 5.644e-01, trn/lr 5.588e-02, trn/scale 1.028e-01, val/acc 6.960e-01, val/nll 1.088e+00 (best_acc: 6.957e-01 -> 6.960e-01, test_acc: 6.979e-01, test_nll: 1.092e+00)
[2023-02-15 16:47:52] [Epoch    94/  200] trn/loss 5.464e-01, trn/lr 5.510e-02, trn/scale 1.028e-01, val/acc 6.958e-01, val/nll 1.092e+00
[2023-02-15 16:48:01] [Epoch    95/  200] trn/loss 5.220e-01, trn/lr 5.432e-02, trn/scale 1.028e-01, val/acc 7.058e-01, val/nll 1.051e+00 (best_acc: 6.960e-01 -> 7.058e-01, test_acc: 7.012e-01, test_nll: 1.061e+00)
[2023-02-15 16:48:09] [Epoch    96/  200] trn/loss 5.299e-01, trn/lr 5.353e-02, trn/scale 1.028e-01, val/acc 6.986e-01, val/nll 1.063e+00
[2023-02-15 16:48:18] [Epoch    97/  200] trn/loss 5.355e-01, trn/lr 5.275e-02, trn/scale 1.028e-01, val/acc 7.102e-01, val/nll 1.023e+00 (best_acc: 7.058e-01 -> 7.102e-01, test_acc: 7.060e-01, test_nll: 1.038e+00)
[2023-02-15 16:48:27] [Epoch    98/  200] trn/loss 5.078e-01, trn/lr 5.197e-02, trn/scale 1.028e-01, val/acc 6.914e-01, val/nll 1.092e+00
[2023-02-15 16:48:35] [Epoch    99/  200] trn/loss 5.026e-01, trn/lr 5.118e-02, trn/scale 1.028e-01, val/acc 7.045e-01, val/nll 1.050e+00
[2023-02-15 16:48:43] [Epoch   100/  200] trn/loss 5.075e-01, trn/lr 5.040e-02, trn/scale 1.028e-01, val/acc 7.014e-01, val/nll 1.055e+00
[2023-02-15 16:48:51] [Epoch   101/  200] trn/loss 4.846e-01, trn/lr 4.961e-02, trn/scale 1.028e-01, val/acc 6.986e-01, val/nll 1.049e+00
[2023-02-15 16:49:00] [Epoch   102/  200] trn/loss 4.808e-01, trn/lr 4.882e-02, trn/scale 1.028e-01, val/acc 7.133e-01, val/nll 1.027e+00 (best_acc: 7.102e-01 -> 7.133e-01, test_acc: 7.107e-01, test_nll: 1.015e+00)
[2023-02-15 16:49:09] [Epoch   103/  200] trn/loss 4.692e-01, trn/lr 4.804e-02, trn/scale 1.028e-01, val/acc 7.095e-01, val/nll 1.036e+00
[2023-02-15 16:49:18] [Epoch   104/  200] trn/loss 4.590e-01, trn/lr 4.725e-02, trn/scale 1.028e-01, val/acc 7.184e-01, val/nll 1.007e+00 (best_acc: 7.133e-01 -> 7.184e-01, test_acc: 7.137e-01, test_nll: 1.016e+00)
[2023-02-15 16:49:26] [Epoch   105/  200] trn/loss 4.433e-01, trn/lr 4.647e-02, trn/scale 1.028e-01, val/acc 7.122e-01, val/nll 1.007e+00
[2023-02-15 16:49:34] [Epoch   106/  200] trn/loss 4.449e-01, trn/lr 4.569e-02, trn/scale 1.028e-01, val/acc 7.118e-01, val/nll 1.028e+00
[2023-02-15 16:49:42] [Epoch   107/  200] trn/loss 4.349e-01, trn/lr 4.491e-02, trn/scale 1.028e-01, val/acc 6.958e-01, val/nll 1.068e+00
[2023-02-15 16:49:50] [Epoch   108/  200] trn/loss 4.284e-01, trn/lr 4.413e-02, trn/scale 1.028e-01, val/acc 7.175e-01, val/nll 1.002e+00
[2023-02-15 16:49:59] [Epoch   109/  200] trn/loss 4.199e-01, trn/lr 4.335e-02, trn/scale 1.028e-01, val/acc 7.111e-01, val/nll 1.029e+00
[2023-02-15 16:50:07] [Epoch   110/  200] trn/loss 4.099e-01, trn/lr 4.257e-02, trn/scale 1.029e-01, val/acc 7.166e-01, val/nll 1.008e+00
[2023-02-15 16:50:15] [Epoch   111/  200] trn/loss 4.021e-01, trn/lr 4.179e-02, trn/scale 1.029e-01, val/acc 7.131e-01, val/nll 1.023e+00
[2023-02-15 16:50:23] [Epoch   112/  200] trn/loss 3.956e-01, trn/lr 4.102e-02, trn/scale 1.029e-01, val/acc 7.119e-01, val/nll 1.031e+00
[2023-02-15 16:50:32] [Epoch   113/  200] trn/loss 3.854e-01, trn/lr 4.025e-02, trn/scale 1.029e-01, val/acc 7.221e-01, val/nll 9.815e-01 (best_acc: 7.184e-01 -> 7.221e-01, test_acc: 7.249e-01, test_nll: 9.970e-01)
[2023-02-15 16:50:41] [Epoch   114/  200] trn/loss 3.668e-01, trn/lr 3.948e-02, trn/scale 1.029e-01, val/acc 7.304e-01, val/nll 9.618e-01 (best_acc: 7.221e-01 -> 7.304e-01, test_acc: 7.236e-01, test_nll: 9.765e-01)
[2023-02-15 16:50:50] [Epoch   115/  200] trn/loss 3.627e-01, trn/lr 3.871e-02, trn/scale 1.029e-01, val/acc 7.221e-01, val/nll 9.979e-01
[2023-02-15 16:50:58] [Epoch   116/  200] trn/loss 3.502e-01, trn/lr 3.795e-02, trn/scale 1.029e-01, val/acc 7.160e-01, val/nll 1.003e+00
[2023-02-15 16:51:06] [Epoch   117/  200] trn/loss 3.426e-01, trn/lr 3.719e-02, trn/scale 1.029e-01, val/acc 7.184e-01, val/nll 9.934e-01
[2023-02-15 16:51:14] [Epoch   118/  200] trn/loss 3.396e-01, trn/lr 3.643e-02, trn/scale 1.029e-01, val/acc 7.291e-01, val/nll 9.706e-01
[2023-02-15 16:51:23] [Epoch   119/  200] trn/loss 3.303e-01, trn/lr 3.568e-02, trn/scale 1.029e-01, val/acc 7.342e-01, val/nll 9.540e-01 (best_acc: 7.304e-01 -> 7.342e-01, test_acc: 7.313e-01, test_nll: 9.770e-01)
[2023-02-15 16:51:32] [Epoch   120/  200] trn/loss 3.126e-01, trn/lr 3.493e-02, trn/scale 1.029e-01, val/acc 7.338e-01, val/nll 9.540e-01
[2023-02-15 16:51:40] [Epoch   121/  200] trn/loss 3.026e-01, trn/lr 3.418e-02, trn/scale 1.029e-01, val/acc 7.292e-01, val/nll 9.610e-01
[2023-02-15 16:51:48] [Epoch   122/  200] trn/loss 3.012e-01, trn/lr 3.344e-02, trn/scale 1.029e-01, val/acc 7.181e-01, val/nll 1.017e+00
[2023-02-15 16:51:56] [Epoch   123/  200] trn/loss 2.995e-01, trn/lr 3.270e-02, trn/scale 1.029e-01, val/acc 7.219e-01, val/nll 9.897e-01
[2023-02-15 16:52:04] [Epoch   124/  200] trn/loss 2.902e-01, trn/lr 3.196e-02, trn/scale 1.029e-01, val/acc 7.242e-01, val/nll 9.834e-01
[2023-02-15 16:52:13] [Epoch   125/  200] trn/loss 2.763e-01, trn/lr 3.123e-02, trn/scale 1.029e-01, val/acc 7.271e-01, val/nll 9.817e-01
[2023-02-15 16:52:21] [Epoch   126/  200] trn/loss 2.687e-01, trn/lr 3.051e-02, trn/scale 1.029e-01, val/acc 7.314e-01, val/nll 9.731e-01
[2023-02-15 16:52:29] [Epoch   127/  200] trn/loss 2.638e-01, trn/lr 2.979e-02, trn/scale 1.029e-01, val/acc 7.311e-01, val/nll 9.613e-01
[2023-02-15 16:52:37] [Epoch   128/  200] trn/loss 2.515e-01, trn/lr 2.907e-02, trn/scale 1.029e-01, val/acc 7.301e-01, val/nll 9.449e-01
[2023-02-15 16:52:45] [Epoch   129/  200] trn/loss 2.467e-01, trn/lr 2.836e-02, trn/scale 1.029e-01, val/acc 7.251e-01, val/nll 1.001e+00
[2023-02-15 16:52:54] [Epoch   130/  200] trn/loss 2.382e-01, trn/lr 2.765e-02, trn/scale 1.029e-01, val/acc 7.360e-01, val/nll 9.592e-01 (best_acc: 7.342e-01 -> 7.360e-01, test_acc: 7.326e-01, test_nll: 9.709e-01)
[2023-02-15 16:53:03] [Epoch   131/  200] trn/loss 2.277e-01, trn/lr 2.695e-02, trn/scale 1.029e-01, val/acc 7.357e-01, val/nll 9.539e-01
[2023-02-15 16:53:12] [Epoch   132/  200] trn/loss 2.196e-01, trn/lr 2.626e-02, trn/scale 1.029e-01, val/acc 7.378e-01, val/nll 9.398e-01 (best_acc: 7.360e-01 -> 7.378e-01, test_acc: 7.383e-01, test_nll: 9.437e-01)
[2023-02-15 16:53:21] [Epoch   133/  200] trn/loss 2.133e-01, trn/lr 2.557e-02, trn/scale 1.029e-01, val/acc 7.426e-01, val/nll 9.321e-01 (best_acc: 7.378e-01 -> 7.426e-01, test_acc: 7.350e-01, test_nll: 9.454e-01)
[2023-02-15 16:53:30] [Epoch   134/  200] trn/loss 2.038e-01, trn/lr 2.489e-02, trn/scale 1.029e-01, val/acc 7.434e-01, val/nll 9.334e-01 (best_acc: 7.426e-01 -> 7.434e-01, test_acc: 7.382e-01, test_nll: 9.393e-01)
[2023-02-15 16:53:39] [Epoch   135/  200] trn/loss 1.958e-01, trn/lr 2.421e-02, trn/scale 1.029e-01, val/acc 7.376e-01, val/nll 9.428e-01
[2023-02-15 16:53:47] [Epoch   136/  200] trn/loss 1.924e-01, trn/lr 2.354e-02, trn/scale 1.029e-01, val/acc 7.402e-01, val/nll 9.359e-01
[2023-02-15 16:53:56] [Epoch   137/  200] trn/loss 1.882e-01, trn/lr 2.288e-02, trn/scale 1.029e-01, val/acc 7.447e-01, val/nll 9.181e-01 (best_acc: 7.434e-01 -> 7.447e-01, test_acc: 7.459e-01, test_nll: 9.282e-01)
[2023-02-15 16:54:04] [Epoch   138/  200] trn/loss 1.813e-01, trn/lr 2.222e-02, trn/scale 1.029e-01, val/acc 7.356e-01, val/nll 9.424e-01
[2023-02-15 16:54:12] [Epoch   139/  200] trn/loss 1.754e-01, trn/lr 2.157e-02, trn/scale 1.029e-01, val/acc 7.427e-01, val/nll 9.209e-01
[2023-02-15 16:54:21] [Epoch   140/  200] trn/loss 1.585e-01, trn/lr 2.093e-02, trn/scale 1.029e-01, val/acc 7.448e-01, val/nll 9.278e-01 (best_acc: 7.447e-01 -> 7.448e-01, test_acc: 7.438e-01, test_nll: 9.350e-01)
[2023-02-15 16:54:31] [Epoch   141/  200] trn/loss 1.613e-01, trn/lr 2.030e-02, trn/scale 1.029e-01, val/acc 7.451e-01, val/nll 9.346e-01 (best_acc: 7.448e-01 -> 7.451e-01, test_acc: 7.438e-01, test_nll: 9.423e-01)
[2023-02-15 16:54:40] [Epoch   142/  200] trn/loss 1.529e-01, trn/lr 1.967e-02, trn/scale 1.029e-01, val/acc 7.466e-01, val/nll 9.183e-01 (best_acc: 7.451e-01 -> 7.466e-01, test_acc: 7.471e-01, test_nll: 9.269e-01)
[2023-02-15 16:54:49] [Epoch   143/  200] trn/loss 1.499e-01, trn/lr 1.905e-02, trn/scale 1.029e-01, val/acc 7.472e-01, val/nll 9.186e-01 (best_acc: 7.466e-01 -> 7.472e-01, test_acc: 7.512e-01, test_nll: 9.198e-01)
[2023-02-15 16:54:57] [Epoch   144/  200] trn/loss 1.386e-01, trn/lr 1.843e-02, trn/scale 1.029e-01, val/acc 7.454e-01, val/nll 9.184e-01
[2023-02-15 16:55:06] [Epoch   145/  200] trn/loss 1.354e-01, trn/lr 1.783e-02, trn/scale 1.029e-01, val/acc 7.546e-01, val/nll 9.024e-01 (best_acc: 7.472e-01 -> 7.546e-01, test_acc: 7.549e-01, test_nll: 9.014e-01)
[2023-02-15 16:55:15] [Epoch   146/  200] trn/loss 1.282e-01, trn/lr 1.723e-02, trn/scale 1.029e-01, val/acc 7.506e-01, val/nll 9.179e-01
[2023-02-15 16:55:23] [Epoch   147/  200] trn/loss 1.245e-01, trn/lr 1.664e-02, trn/scale 1.029e-01, val/acc 7.512e-01, val/nll 9.066e-01
[2023-02-15 16:55:31] [Epoch   148/  200] trn/loss 1.186e-01, trn/lr 1.606e-02, trn/scale 1.029e-01, val/acc 7.497e-01, val/nll 9.161e-01
[2023-02-15 16:55:39] [Epoch   149/  200] trn/loss 1.110e-01, trn/lr 1.549e-02, trn/scale 1.029e-01, val/acc 7.529e-01, val/nll 8.987e-01
[2023-02-15 16:55:48] [Epoch   150/  200] trn/loss 1.042e-01, trn/lr 1.493e-02, trn/scale 1.029e-01, val/acc 7.556e-01, val/nll 9.003e-01 (best_acc: 7.546e-01 -> 7.556e-01, test_acc: 7.605e-01, test_nll: 8.940e-01)
[2023-02-15 16:55:57] [Epoch   151/  200] trn/loss 1.006e-01, trn/lr 1.437e-02, trn/scale 1.029e-01, val/acc 7.571e-01, val/nll 8.915e-01 (best_acc: 7.556e-01 -> 7.571e-01, test_acc: 7.584e-01, test_nll: 8.963e-01)
[2023-02-15 16:56:06] [Epoch   152/  200] trn/loss 9.511e-02, trn/lr 1.382e-02, trn/scale 1.028e-01, val/acc 7.518e-01, val/nll 9.169e-01
[2023-02-15 16:56:14] [Epoch   153/  200] trn/loss 9.066e-02, trn/lr 1.329e-02, trn/scale 1.028e-01, val/acc 7.535e-01, val/nll 9.068e-01
[2023-02-15 16:56:23] [Epoch   154/  200] trn/loss 8.667e-02, trn/lr 1.276e-02, trn/scale 1.028e-01, val/acc 7.579e-01, val/nll 8.869e-01 (best_acc: 7.571e-01 -> 7.579e-01, test_acc: 7.627e-01, test_nll: 8.816e-01)
[2023-02-15 16:56:31] [Epoch   155/  200] trn/loss 8.074e-02, trn/lr 1.224e-02, trn/scale 1.028e-01, val/acc 7.563e-01, val/nll 9.003e-01
[2023-02-15 16:56:40] [Epoch   156/  200] trn/loss 7.853e-02, trn/lr 1.173e-02, trn/scale 1.028e-01, val/acc 7.532e-01, val/nll 9.026e-01
[2023-02-15 16:56:49] [Epoch   157/  200] trn/loss 7.677e-02, trn/lr 1.123e-02, trn/scale 1.028e-01, val/acc 7.582e-01, val/nll 8.893e-01 (best_acc: 7.579e-01 -> 7.582e-01, test_acc: 7.548e-01, test_nll: 8.883e-01)
[2023-02-15 16:56:58] [Epoch   158/  200] trn/loss 7.318e-02, trn/lr 1.074e-02, trn/scale 1.028e-01, val/acc 7.608e-01, val/nll 8.776e-01 (best_acc: 7.582e-01 -> 7.608e-01, test_acc: 7.615e-01, test_nll: 8.750e-01)
[2023-02-15 16:57:07] [Epoch   159/  200] trn/loss 6.795e-02, trn/lr 1.025e-02, trn/scale 1.028e-01, val/acc 7.623e-01, val/nll 8.735e-01 (best_acc: 7.608e-01 -> 7.623e-01, test_acc: 7.649e-01, test_nll: 8.714e-01)
[2023-02-15 16:57:15] [Epoch   160/  200] trn/loss 6.509e-02, trn/lr 9.783e-03, trn/scale 1.028e-01, val/acc 7.566e-01, val/nll 9.095e-01
[2023-02-15 16:57:23] [Epoch   161/  200] trn/loss 6.242e-02, trn/lr 9.321e-03, trn/scale 1.028e-01, val/acc 7.617e-01, val/nll 8.811e-01
[2023-02-15 16:57:32] [Epoch   162/  200] trn/loss 6.033e-02, trn/lr 8.870e-03, trn/scale 1.028e-01, val/acc 7.621e-01, val/nll 8.761e-01
[2023-02-15 16:57:41] [Epoch   163/  200] trn/loss 5.722e-02, trn/lr 8.428e-03, trn/scale 1.028e-01, val/acc 7.646e-01, val/nll 8.774e-01 (best_acc: 7.623e-01 -> 7.646e-01, test_acc: 7.667e-01, test_nll: 8.764e-01)
[2023-02-15 16:57:50] [Epoch   164/  200] trn/loss 5.379e-02, trn/lr 7.997e-03, trn/scale 1.028e-01, val/acc 7.660e-01, val/nll 8.637e-01 (best_acc: 7.646e-01 -> 7.660e-01, test_acc: 7.633e-01, test_nll: 8.664e-01)
[2023-02-15 16:57:58] [Epoch   165/  200] trn/loss 5.150e-02, trn/lr 7.576e-03, trn/scale 1.028e-01, val/acc 7.642e-01, val/nll 8.737e-01
[2023-02-15 16:58:06] [Epoch   166/  200] trn/loss 4.809e-02, trn/lr 7.166e-03, trn/scale 1.028e-01, val/acc 7.645e-01, val/nll 8.685e-01
[2023-02-15 16:58:15] [Epoch   167/  200] trn/loss 4.540e-02, trn/lr 6.766e-03, trn/scale 1.028e-01, val/acc 7.655e-01, val/nll 8.733e-01
[2023-02-15 16:58:24] [Epoch   168/  200] trn/loss 4.393e-02, trn/lr 6.377e-03, trn/scale 1.028e-01, val/acc 7.680e-01, val/nll 8.588e-01 (best_acc: 7.660e-01 -> 7.680e-01, test_acc: 7.682e-01, test_nll: 8.544e-01)
[2023-02-15 16:58:33] [Epoch   169/  200] trn/loss 4.101e-02, trn/lr 5.998e-03, trn/scale 1.028e-01, val/acc 7.690e-01, val/nll 8.677e-01 (best_acc: 7.680e-01 -> 7.690e-01, test_acc: 7.700e-01, test_nll: 8.572e-01)
[2023-02-15 16:58:41] [Epoch   170/  200] trn/loss 3.988e-02, trn/lr 5.631e-03, trn/scale 1.028e-01, val/acc 7.646e-01, val/nll 8.657e-01
[2023-02-15 16:58:50] [Epoch   171/  200] trn/loss 3.852e-02, trn/lr 5.274e-03, trn/scale 1.028e-01, val/acc 7.709e-01, val/nll 8.678e-01 (best_acc: 7.690e-01 -> 7.709e-01, test_acc: 7.700e-01, test_nll: 8.533e-01)
[2023-02-15 16:58:59] [Epoch   172/  200] trn/loss 3.690e-02, trn/lr 4.929e-03, trn/scale 1.028e-01, val/acc 7.696e-01, val/nll 8.557e-01
[2023-02-15 16:59:08] [Epoch   173/  200] trn/loss 3.559e-02, trn/lr 4.594e-03, trn/scale 1.028e-01, val/acc 7.710e-01, val/nll 8.563e-01 (best_acc: 7.709e-01 -> 7.710e-01, test_acc: 7.746e-01, test_nll: 8.506e-01)
[2023-02-15 16:59:17] [Epoch   174/  200] trn/loss 3.380e-02, trn/lr 4.271e-03, trn/scale 1.028e-01, val/acc 7.718e-01, val/nll 8.505e-01 (best_acc: 7.710e-01 -> 7.718e-01, test_acc: 7.732e-01, test_nll: 8.385e-01)
[2023-02-15 16:59:26] [Epoch   175/  200] trn/loss 3.262e-02, trn/lr 3.959e-03, trn/scale 1.028e-01, val/acc 7.733e-01, val/nll 8.524e-01 (best_acc: 7.718e-01 -> 7.733e-01, test_acc: 7.743e-01, test_nll: 8.462e-01)
[2023-02-15 16:59:35] [Epoch   176/  200] trn/loss 3.168e-02, trn/lr 3.659e-03, trn/scale 1.028e-01, val/acc 7.751e-01, val/nll 8.524e-01 (best_acc: 7.733e-01 -> 7.751e-01, test_acc: 7.721e-01, test_nll: 8.440e-01)
[2023-02-15 16:59:44] [Epoch   177/  200] trn/loss 3.112e-02, trn/lr 3.369e-03, trn/scale 1.028e-01, val/acc 7.725e-01, val/nll 8.560e-01
[2023-02-15 16:59:52] [Epoch   178/  200] trn/loss 3.017e-02, trn/lr 3.092e-03, trn/scale 1.028e-01, val/acc 7.740e-01, val/nll 8.523e-01
[2023-02-15 17:00:00] [Epoch   179/  200] trn/loss 2.800e-02, trn/lr 2.826e-03, trn/scale 1.028e-01, val/acc 7.748e-01, val/nll 8.540e-01
[2023-02-15 17:00:08] [Epoch   180/  200] trn/loss 2.738e-02, trn/lr 2.571e-03, trn/scale 1.028e-01, val/acc 7.727e-01, val/nll 8.467e-01
[2023-02-15 17:00:16] [Epoch   181/  200] trn/loss 2.686e-02, trn/lr 2.329e-03, trn/scale 1.028e-01, val/acc 7.740e-01, val/nll 8.484e-01
[2023-02-15 17:00:25] [Epoch   182/  200] trn/loss 2.631e-02, trn/lr 2.098e-03, trn/scale 1.028e-01, val/acc 7.740e-01, val/nll 8.456e-01
[2023-02-15 17:00:33] [Epoch   183/  200] trn/loss 2.546e-02, trn/lr 1.878e-03, trn/scale 1.028e-01, val/acc 7.739e-01, val/nll 8.463e-01
[2023-02-15 17:00:42] [Epoch   184/  200] trn/loss 2.442e-02, trn/lr 1.671e-03, trn/scale 1.028e-01, val/acc 7.753e-01, val/nll 8.400e-01 (best_acc: 7.751e-01 -> 7.753e-01, test_acc: 7.782e-01, test_nll: 8.385e-01)
[2023-02-15 17:00:51] [Epoch   185/  200] trn/loss 2.404e-02, trn/lr 1.476e-03, trn/scale 1.028e-01, val/acc 7.770e-01, val/nll 8.417e-01 (best_acc: 7.753e-01 -> 7.770e-01, test_acc: 7.756e-01, test_nll: 8.368e-01)
[2023-02-15 17:00:59] [Epoch   186/  200] trn/loss 2.308e-02, trn/lr 1.292e-03, trn/scale 1.028e-01, val/acc 7.763e-01, val/nll 8.433e-01
[2023-02-15 17:01:08] [Epoch   187/  200] trn/loss 2.314e-02, trn/lr 1.121e-03, trn/scale 1.028e-01, val/acc 7.753e-01, val/nll 8.399e-01
[2023-02-15 17:01:16] [Epoch   188/  200] trn/loss 2.301e-02, trn/lr 9.617e-04, trn/scale 1.028e-01, val/acc 7.765e-01, val/nll 8.411e-01
[2023-02-15 17:01:24] [Epoch   189/  200] trn/loss 2.266e-02, trn/lr 8.145e-04, trn/scale 1.028e-01, val/acc 7.768e-01, val/nll 8.373e-01
[2023-02-15 17:01:32] [Epoch   190/  200] trn/loss 2.238e-02, trn/lr 6.794e-04, trn/scale 1.028e-01, val/acc 7.753e-01, val/nll 8.371e-01
[2023-02-15 17:01:41] [Epoch   191/  200] trn/loss 2.163e-02, trn/lr 5.565e-04, trn/scale 1.028e-01, val/acc 7.759e-01, val/nll 8.381e-01
[2023-02-15 17:01:50] [Epoch   192/  200] trn/loss 2.195e-02, trn/lr 4.458e-04, trn/scale 1.028e-01, val/acc 7.772e-01, val/nll 8.381e-01 (best_acc: 7.770e-01 -> 7.772e-01, test_acc: 7.782e-01, test_nll: 8.320e-01)
[2023-02-15 17:01:59] [Epoch   193/  200] trn/loss 2.187e-02, trn/lr 3.474e-04, trn/scale 1.028e-01, val/acc 7.779e-01, val/nll 8.382e-01 (best_acc: 7.772e-01 -> 7.779e-01, test_acc: 7.795e-01, test_nll: 8.322e-01)
[2023-02-15 17:02:08] [Epoch   194/  200] trn/loss 2.183e-02, trn/lr 2.612e-04, trn/scale 1.028e-01, val/acc 7.782e-01, val/nll 8.385e-01 (best_acc: 7.779e-01 -> 7.782e-01, test_acc: 7.770e-01, test_nll: 8.336e-01)
[2023-02-15 17:02:17] [Epoch   195/  200] trn/loss 2.163e-02, trn/lr 1.872e-04, trn/scale 1.028e-01, val/acc 7.781e-01, val/nll 8.378e-01
[2023-02-15 17:02:26] [Epoch   196/  200] trn/loss 2.158e-02, trn/lr 1.255e-04, trn/scale 1.028e-01, val/acc 7.783e-01, val/nll 8.370e-01 (best_acc: 7.782e-01 -> 7.783e-01, test_acc: 7.792e-01, test_nll: 8.317e-01)
[2023-02-15 17:02:34] [Epoch   197/  200] trn/loss 2.099e-02, trn/lr 7.619e-05, trn/scale 1.028e-01, val/acc 7.778e-01, val/nll 8.366e-01
[2023-02-15 17:02:42] [Epoch   198/  200] trn/loss 2.129e-02, trn/lr 3.916e-05, trn/scale 1.028e-01, val/acc 7.773e-01, val/nll 8.369e-01
[2023-02-15 17:02:51] [Epoch   199/  200] trn/loss 2.114e-02, trn/lr 1.445e-05, trn/scale 1.028e-01, val/acc 7.787e-01, val/nll 8.380e-01 (best_acc: 7.783e-01 -> 7.787e-01, test_acc: 7.789e-01, test_nll: 8.326e-01)
[2023-02-15 17:02:59] [Epoch   200/  200] trn/loss 2.132e-02, trn/lr 2.075e-06, trn/scale 1.028e-01, val/acc 7.780e-01, val/nll 8.365e-01
