[2023-02-19 20:17:30] Environments:
------------  ------------------------------------------------------------
sys.platform  linux
Python        3.8.10 (default, Nov 14 2022, 12:59:47) [GCC 9.4.0]
JAX           0.4.2 @/home/giung/.local/lib/python3.8/site-packages/jax
jaxlib        0.4.2 @/home/giung/.local/lib/python3.8/site-packages/jaxlib
Flax          0.6.4 @/home/giung/.local/lib/python3.8/site-packages/flax
Optax         0.1.4 @/home/giung/.local/lib/python3.8/site-packages/optax
------------  ------------------------------------------------------------

[2023-02-19 20:17:30] Command line arguments:
- args.data_root          : ./data/
- args.data_name          : CIFAR10_x32
- args.data_augmentation  : standard
- args.data_proportional  : 1.0
- args.model_depth        : 20
- args.model_width        : 4
- args.model_style        : BN-ReLU
- args.optim_bs           : 256
- args.optim_ne           : 200
- args.optim_lr           : 0.3
- args.optim_momentum     : 0.9
- args.optim_weight_decay : 0.001
- args.rho                : 0.01
- args.save               : /home/giung/giung2-dev/projects/sam/save/CIFAR10_x32/R20x4-BN-ReLU/ASAM/bs-0256_ne-0200_lr-0.30_mo-0.90_wd-0.0010_rho-0.0100_fp32/42
- args.seed               : 42
- args.precision          : fp32

[2023-02-19 20:17:36] Multiple local devices are detected:
[TpuDevice(id=0, process_index=0, coords=(0,0,0), core_on_chip=0), TpuDevice(id=1, process_index=0, coords=(0,0,0), core_on_chip=1), TpuDevice(id=2, process_index=0, coords=(1,0,0), core_on_chip=0), TpuDevice(id=3, process_index=0, coords=(1,0,0), core_on_chip=1), TpuDevice(id=4, process_index=0, coords=(0,1,0), core_on_chip=0), TpuDevice(id=5, process_index=0, coords=(0,1,0), core_on_chip=1), TpuDevice(id=6, process_index=0, coords=(1,1,0), core_on_chip=0), TpuDevice(id=7, process_index=0, coords=(1,1,0), core_on_chip=1)]

[2023-02-19 20:18:38] [Epoch     1/  200] trn/loss 2.634e+00, trn/lr 3.000e-01, val/acc 1.948e-01, val/nll 2.092e+00 (best_acc: 0.000e+00 -> 1.948e-01, test_acc: 1.840e-01, test_nll: 2.107e+00)
[2023-02-19 20:18:46] [Epoch     2/  200] trn/loss 1.967e+00, trn/lr 3.000e-01, val/acc 2.803e-01, val/nll 1.856e+00 (best_acc: 1.948e-01 -> 2.803e-01, test_acc: 2.803e-01, test_nll: 1.850e+00)
[2023-02-19 20:18:53] [Epoch     3/  200] trn/loss 1.805e+00, trn/lr 2.999e-01, val/acc 2.215e-01, val/nll 2.552e+00
[2023-02-19 20:19:01] [Epoch     4/  200] trn/loss 1.580e+00, trn/lr 2.998e-01, val/acc 4.429e-01, val/nll 1.623e+00 (best_acc: 2.803e-01 -> 4.429e-01, test_acc: 4.379e-01, test_nll: 1.617e+00)
[2023-02-19 20:19:09] [Epoch     5/  200] trn/loss 1.312e+00, trn/lr 2.996e-01, val/acc 3.627e-01, val/nll 2.192e+00
[2023-02-19 20:19:16] [Epoch     6/  200] trn/loss 1.151e+00, trn/lr 2.994e-01, val/acc 5.440e-01, val/nll 1.301e+00 (best_acc: 4.429e-01 -> 5.440e-01, test_acc: 5.553e-01, test_nll: 1.290e+00)
[2023-02-19 20:19:24] [Epoch     7/  200] trn/loss 1.072e+00, trn/lr 2.992e-01, val/acc 5.625e-01, val/nll 1.263e+00 (best_acc: 5.440e-01 -> 5.625e-01, test_acc: 5.656e-01, test_nll: 1.269e+00)
[2023-02-19 20:19:32] [Epoch     8/  200] trn/loss 9.732e-01, trn/lr 2.990e-01, val/acc 3.879e-01, val/nll 2.158e+00
[2023-02-19 20:19:40] [Epoch     9/  200] trn/loss 8.887e-01, trn/lr 2.987e-01, val/acc 5.956e-01, val/nll 1.368e+00 (best_acc: 5.625e-01 -> 5.956e-01, test_acc: 5.914e-01, test_nll: 1.378e+00)
[2023-02-19 20:19:48] [Epoch    10/  200] trn/loss 8.385e-01, trn/lr 2.983e-01, val/acc 6.128e-01, val/nll 1.151e+00 (best_acc: 5.956e-01 -> 6.128e-01, test_acc: 6.098e-01, test_nll: 1.153e+00)
[2023-02-19 20:19:55] [Epoch    11/  200] trn/loss 7.971e-01, trn/lr 2.980e-01, val/acc 5.594e-01, val/nll 1.659e+00
[2023-02-19 20:20:02] [Epoch    12/  200] trn/loss 7.820e-01, trn/lr 2.976e-01, val/acc 4.098e-01, val/nll 2.448e+00
[2023-02-19 20:20:10] [Epoch    13/  200] trn/loss 7.499e-01, trn/lr 2.971e-01, val/acc 7.340e-01, val/nll 7.693e-01 (best_acc: 6.128e-01 -> 7.340e-01, test_acc: 7.303e-01, test_nll: 7.957e-01)
[2023-02-19 20:20:17] [Epoch    14/  200] trn/loss 7.357e-01, trn/lr 2.966e-01, val/acc 6.390e-01, val/nll 1.108e+00
[2023-02-19 20:20:25] [Epoch    15/  200] trn/loss 7.246e-01, trn/lr 2.961e-01, val/acc 6.541e-01, val/nll 1.031e+00
[2023-02-19 20:20:32] [Epoch    16/  200] trn/loss 7.132e-01, trn/lr 2.956e-01, val/acc 7.077e-01, val/nll 9.058e-01
[2023-02-19 20:20:39] [Epoch    17/  200] trn/loss 7.030e-01, trn/lr 2.950e-01, val/acc 7.102e-01, val/nll 8.488e-01
[2023-02-19 20:20:46] [Epoch    18/  200] trn/loss 6.974e-01, trn/lr 2.944e-01, val/acc 6.944e-01, val/nll 8.701e-01
[2023-02-19 20:20:53] [Epoch    19/  200] trn/loss 6.871e-01, trn/lr 2.937e-01, val/acc 7.186e-01, val/nll 8.310e-01
[2023-02-19 20:21:01] [Epoch    20/  200] trn/loss 6.804e-01, trn/lr 2.930e-01, val/acc 7.196e-01, val/nll 8.213e-01
[2023-02-19 20:21:08] [Epoch    21/  200] trn/loss 6.695e-01, trn/lr 2.923e-01, val/acc 6.175e-01, val/nll 1.219e+00
[2023-02-19 20:21:15] [Epoch    22/  200] trn/loss 6.685e-01, trn/lr 2.915e-01, val/acc 6.003e-01, val/nll 1.330e+00
[2023-02-19 20:21:22] [Epoch    23/  200] trn/loss 6.660e-01, trn/lr 2.907e-01, val/acc 6.906e-01, val/nll 9.347e-01
[2023-02-19 20:21:29] [Epoch    24/  200] trn/loss 6.534e-01, trn/lr 2.899e-01, val/acc 5.858e-01, val/nll 1.590e+00
[2023-02-19 20:21:36] [Epoch    25/  200] trn/loss 6.581e-01, trn/lr 2.890e-01, val/acc 6.312e-01, val/nll 1.322e+00
[2023-02-19 20:21:44] [Epoch    26/  200] trn/loss 6.497e-01, trn/lr 2.881e-01, val/acc 5.119e-01, val/nll 1.508e+00
[2023-02-19 20:21:51] [Epoch    27/  200] trn/loss 6.525e-01, trn/lr 2.872e-01, val/acc 6.989e-01, val/nll 8.861e-01
[2023-02-19 20:21:59] [Epoch    28/  200] trn/loss 6.405e-01, trn/lr 2.862e-01, val/acc 7.354e-01, val/nll 7.994e-01 (best_acc: 7.340e-01 -> 7.354e-01, test_acc: 7.335e-01, test_nll: 8.131e-01)
[2023-02-19 20:22:06] [Epoch    29/  200] trn/loss 6.403e-01, trn/lr 2.852e-01, val/acc 7.156e-01, val/nll 8.680e-01
[2023-02-19 20:22:13] [Epoch    30/  200] trn/loss 6.334e-01, trn/lr 2.842e-01, val/acc 6.626e-01, val/nll 1.094e+00
[2023-02-19 20:22:20] [Epoch    31/  200] trn/loss 6.314e-01, trn/lr 2.831e-01, val/acc 4.669e-01, val/nll 1.952e+00
[2023-02-19 20:22:28] [Epoch    32/  200] trn/loss 6.212e-01, trn/lr 2.820e-01, val/acc 6.704e-01, val/nll 1.123e+00
[2023-02-19 20:22:35] [Epoch    33/  200] trn/loss 6.268e-01, trn/lr 2.809e-01, val/acc 7.312e-01, val/nll 8.186e-01
[2023-02-19 20:22:42] [Epoch    34/  200] trn/loss 6.121e-01, trn/lr 2.797e-01, val/acc 7.212e-01, val/nll 8.878e-01
[2023-02-19 20:22:49] [Epoch    35/  200] trn/loss 6.158e-01, trn/lr 2.785e-01, val/acc 5.806e-01, val/nll 1.383e+00
[2023-02-19 20:22:56] [Epoch    36/  200] trn/loss 6.237e-01, trn/lr 2.773e-01, val/acc 7.127e-01, val/nll 9.267e-01
[2023-02-19 20:23:04] [Epoch    37/  200] trn/loss 6.228e-01, trn/lr 2.760e-01, val/acc 6.171e-01, val/nll 1.226e+00
[2023-02-19 20:23:11] [Epoch    38/  200] trn/loss 6.183e-01, trn/lr 2.747e-01, val/acc 6.053e-01, val/nll 1.153e+00
[2023-02-19 20:23:18] [Epoch    39/  200] trn/loss 6.137e-01, trn/lr 2.734e-01, val/acc 7.025e-01, val/nll 8.811e-01
[2023-02-19 20:23:26] [Epoch    40/  200] trn/loss 6.133e-01, trn/lr 2.720e-01, val/acc 7.533e-01, val/nll 7.287e-01 (best_acc: 7.354e-01 -> 7.533e-01, test_acc: 7.503e-01, test_nll: 7.496e-01)
[2023-02-19 20:23:33] [Epoch    41/  200] trn/loss 6.023e-01, trn/lr 2.707e-01, val/acc 7.015e-01, val/nll 9.283e-01
[2023-02-19 20:23:40] [Epoch    42/  200] trn/loss 5.995e-01, trn/lr 2.692e-01, val/acc 6.043e-01, val/nll 1.216e+00
[2023-02-19 20:23:48] [Epoch    43/  200] trn/loss 5.973e-01, trn/lr 2.678e-01, val/acc 6.459e-01, val/nll 1.318e+00
[2023-02-19 20:23:55] [Epoch    44/  200] trn/loss 6.061e-01, trn/lr 2.663e-01, val/acc 7.007e-01, val/nll 9.492e-01
[2023-02-19 20:24:02] [Epoch    45/  200] trn/loss 5.882e-01, trn/lr 2.648e-01, val/acc 6.866e-01, val/nll 1.009e+00
[2023-02-19 20:24:09] [Epoch    46/  200] trn/loss 5.886e-01, trn/lr 2.633e-01, val/acc 7.192e-01, val/nll 8.160e-01
[2023-02-19 20:24:16] [Epoch    47/  200] trn/loss 5.941e-01, trn/lr 2.617e-01, val/acc 6.983e-01, val/nll 1.018e+00
[2023-02-19 20:24:24] [Epoch    48/  200] trn/loss 5.924e-01, trn/lr 2.602e-01, val/acc 6.926e-01, val/nll 9.573e-01
[2023-02-19 20:24:31] [Epoch    49/  200] trn/loss 5.802e-01, trn/lr 2.585e-01, val/acc 7.504e-01, val/nll 7.297e-01
[2023-02-19 20:24:38] [Epoch    50/  200] trn/loss 5.845e-01, trn/lr 2.569e-01, val/acc 5.596e-01, val/nll 1.478e+00
[2023-02-19 20:24:45] [Epoch    51/  200] trn/loss 5.730e-01, trn/lr 2.552e-01, val/acc 6.035e-01, val/nll 1.359e+00
[2023-02-19 20:24:52] [Epoch    52/  200] trn/loss 5.762e-01, trn/lr 2.535e-01, val/acc 5.923e-01, val/nll 1.390e+00
[2023-02-19 20:24:59] [Epoch    53/  200] trn/loss 5.719e-01, trn/lr 2.518e-01, val/acc 6.493e-01, val/nll 1.095e+00
[2023-02-19 20:25:07] [Epoch    54/  200] trn/loss 5.766e-01, trn/lr 2.501e-01, val/acc 7.211e-01, val/nll 8.482e-01
[2023-02-19 20:25:14] [Epoch    55/  200] trn/loss 5.787e-01, trn/lr 2.483e-01, val/acc 6.749e-01, val/nll 1.004e+00
[2023-02-19 20:25:21] [Epoch    56/  200] trn/loss 5.635e-01, trn/lr 2.465e-01, val/acc 6.636e-01, val/nll 1.153e+00
[2023-02-19 20:25:28] [Epoch    57/  200] trn/loss 5.649e-01, trn/lr 2.447e-01, val/acc 6.837e-01, val/nll 1.044e+00
[2023-02-19 20:25:35] [Epoch    58/  200] trn/loss 5.607e-01, trn/lr 2.429e-01, val/acc 7.191e-01, val/nll 9.398e-01
[2023-02-19 20:25:43] [Epoch    59/  200] trn/loss 5.604e-01, trn/lr 2.410e-01, val/acc 6.497e-01, val/nll 1.148e+00
[2023-02-19 20:25:50] [Epoch    60/  200] trn/loss 5.551e-01, trn/lr 2.391e-01, val/acc 6.538e-01, val/nll 1.164e+00
[2023-02-19 20:25:58] [Epoch    61/  200] trn/loss 5.603e-01, trn/lr 2.372e-01, val/acc 7.842e-01, val/nll 6.334e-01 (best_acc: 7.533e-01 -> 7.842e-01, test_acc: 7.801e-01, test_nll: 6.434e-01)
[2023-02-19 20:26:05] [Epoch    62/  200] trn/loss 5.427e-01, trn/lr 2.353e-01, val/acc 6.440e-01, val/nll 1.196e+00
[2023-02-19 20:26:12] [Epoch    63/  200] trn/loss 5.554e-01, trn/lr 2.333e-01, val/acc 5.769e-01, val/nll 1.412e+00
[2023-02-19 20:26:19] [Epoch    64/  200] trn/loss 5.558e-01, trn/lr 2.314e-01, val/acc 7.353e-01, val/nll 7.974e-01
[2023-02-19 20:26:27] [Epoch    65/  200] trn/loss 5.464e-01, trn/lr 2.294e-01, val/acc 6.322e-01, val/nll 1.169e+00
[2023-02-19 20:26:34] [Epoch    66/  200] trn/loss 5.531e-01, trn/lr 2.274e-01, val/acc 7.282e-01, val/nll 8.474e-01
[2023-02-19 20:26:41] [Epoch    67/  200] trn/loss 5.405e-01, trn/lr 2.253e-01, val/acc 7.574e-01, val/nll 7.129e-01
[2023-02-19 20:26:48] [Epoch    68/  200] trn/loss 5.340e-01, trn/lr 2.233e-01, val/acc 7.618e-01, val/nll 7.494e-01
[2023-02-19 20:26:55] [Epoch    69/  200] trn/loss 5.344e-01, trn/lr 2.212e-01, val/acc 7.715e-01, val/nll 6.723e-01
[2023-02-19 20:27:02] [Epoch    70/  200] trn/loss 5.412e-01, trn/lr 2.192e-01, val/acc 7.539e-01, val/nll 7.282e-01
[2023-02-19 20:27:10] [Epoch    71/  200] trn/loss 5.272e-01, trn/lr 2.171e-01, val/acc 7.051e-01, val/nll 9.281e-01
[2023-02-19 20:27:17] [Epoch    72/  200] trn/loss 5.316e-01, trn/lr 2.149e-01, val/acc 7.598e-01, val/nll 7.029e-01
[2023-02-19 20:27:24] [Epoch    73/  200] trn/loss 5.234e-01, trn/lr 2.128e-01, val/acc 5.958e-01, val/nll 1.559e+00
[2023-02-19 20:27:32] [Epoch    74/  200] trn/loss 5.137e-01, trn/lr 2.107e-01, val/acc 7.941e-01, val/nll 6.088e-01 (best_acc: 7.842e-01 -> 7.941e-01, test_acc: 7.925e-01, test_nll: 6.216e-01)
[2023-02-19 20:27:39] [Epoch    75/  200] trn/loss 5.154e-01, trn/lr 2.085e-01, val/acc 7.541e-01, val/nll 7.691e-01
[2023-02-19 20:27:46] [Epoch    76/  200] trn/loss 5.170e-01, trn/lr 2.063e-01, val/acc 7.029e-01, val/nll 1.016e+00
[2023-02-19 20:27:53] [Epoch    77/  200] trn/loss 5.083e-01, trn/lr 2.041e-01, val/acc 6.457e-01, val/nll 1.310e+00
[2023-02-19 20:28:01] [Epoch    78/  200] trn/loss 5.100e-01, trn/lr 2.019e-01, val/acc 7.466e-01, val/nll 7.668e-01
[2023-02-19 20:28:08] [Epoch    79/  200] trn/loss 5.112e-01, trn/lr 1.997e-01, val/acc 6.698e-01, val/nll 1.222e+00
[2023-02-19 20:28:15] [Epoch    80/  200] trn/loss 4.976e-01, trn/lr 1.975e-01, val/acc 6.617e-01, val/nll 1.130e+00
[2023-02-19 20:28:22] [Epoch    81/  200] trn/loss 4.971e-01, trn/lr 1.952e-01, val/acc 7.027e-01, val/nll 1.000e+00
[2023-02-19 20:28:29] [Epoch    82/  200] trn/loss 4.892e-01, trn/lr 1.930e-01, val/acc 6.575e-01, val/nll 1.129e+00
[2023-02-19 20:28:37] [Epoch    83/  200] trn/loss 4.961e-01, trn/lr 1.907e-01, val/acc 8.134e-01, val/nll 5.391e-01 (best_acc: 7.941e-01 -> 8.134e-01, test_acc: 8.100e-01, test_nll: 5.524e-01)
[2023-02-19 20:28:45] [Epoch    84/  200] trn/loss 4.884e-01, trn/lr 1.885e-01, val/acc 6.319e-01, val/nll 1.135e+00
[2023-02-19 20:28:52] [Epoch    85/  200] trn/loss 4.935e-01, trn/lr 1.862e-01, val/acc 7.844e-01, val/nll 6.718e-01
[2023-02-19 20:28:59] [Epoch    86/  200] trn/loss 4.801e-01, trn/lr 1.839e-01, val/acc 7.319e-01, val/nll 8.197e-01
[2023-02-19 20:29:06] [Epoch    87/  200] trn/loss 4.807e-01, trn/lr 1.816e-01, val/acc 7.668e-01, val/nll 7.145e-01
[2023-02-19 20:29:13] [Epoch    88/  200] trn/loss 4.787e-01, trn/lr 1.793e-01, val/acc 7.375e-01, val/nll 9.384e-01
[2023-02-19 20:29:21] [Epoch    89/  200] trn/loss 4.792e-01, trn/lr 1.770e-01, val/acc 7.979e-01, val/nll 5.937e-01
[2023-02-19 20:29:28] [Epoch    90/  200] trn/loss 4.769e-01, trn/lr 1.746e-01, val/acc 7.321e-01, val/nll 8.214e-01
[2023-02-19 20:29:35] [Epoch    91/  200] trn/loss 4.714e-01, trn/lr 1.723e-01, val/acc 8.046e-01, val/nll 5.746e-01
[2023-02-19 20:29:42] [Epoch    92/  200] trn/loss 4.605e-01, trn/lr 1.700e-01, val/acc 7.168e-01, val/nll 8.957e-01
[2023-02-19 20:29:49] [Epoch    93/  200] trn/loss 4.637e-01, trn/lr 1.676e-01, val/acc 8.092e-01, val/nll 5.787e-01
[2023-02-19 20:29:57] [Epoch    94/  200] trn/loss 4.479e-01, trn/lr 1.653e-01, val/acc 7.836e-01, val/nll 6.512e-01
[2023-02-19 20:30:04] [Epoch    95/  200] trn/loss 4.520e-01, trn/lr 1.630e-01, val/acc 7.748e-01, val/nll 7.055e-01
[2023-02-19 20:30:11] [Epoch    96/  200] trn/loss 4.532e-01, trn/lr 1.606e-01, val/acc 8.101e-01, val/nll 5.521e-01
[2023-02-19 20:30:18] [Epoch    97/  200] trn/loss 4.560e-01, trn/lr 1.582e-01, val/acc 6.053e-01, val/nll 1.514e+00
[2023-02-19 20:30:25] [Epoch    98/  200] trn/loss 4.458e-01, trn/lr 1.559e-01, val/acc 5.604e-01, val/nll 1.810e+00
[2023-02-19 20:30:32] [Epoch    99/  200] trn/loss 4.484e-01, trn/lr 1.535e-01, val/acc 7.883e-01, val/nll 6.378e-01
[2023-02-19 20:30:40] [Epoch   100/  200] trn/loss 4.351e-01, trn/lr 1.512e-01, val/acc 7.956e-01, val/nll 5.841e-01
[2023-02-19 20:30:47] [Epoch   101/  200] trn/loss 4.375e-01, trn/lr 1.488e-01, val/acc 7.591e-01, val/nll 7.838e-01
[2023-02-19 20:30:54] [Epoch   102/  200] trn/loss 4.268e-01, trn/lr 1.465e-01, val/acc 7.719e-01, val/nll 7.188e-01
[2023-02-19 20:31:01] [Epoch   103/  200] trn/loss 4.319e-01, trn/lr 1.441e-01, val/acc 7.320e-01, val/nll 8.204e-01
[2023-02-19 20:31:09] [Epoch   104/  200] trn/loss 4.201e-01, trn/lr 1.418e-01, val/acc 7.708e-01, val/nll 6.823e-01
[2023-02-19 20:31:16] [Epoch   105/  200] trn/loss 4.118e-01, trn/lr 1.394e-01, val/acc 7.696e-01, val/nll 7.204e-01
[2023-02-19 20:31:23] [Epoch   106/  200] trn/loss 4.090e-01, trn/lr 1.371e-01, val/acc 7.659e-01, val/nll 6.689e-01
[2023-02-19 20:31:30] [Epoch   107/  200] trn/loss 4.042e-01, trn/lr 1.347e-01, val/acc 8.086e-01, val/nll 5.797e-01
[2023-02-19 20:31:37] [Epoch   108/  200] trn/loss 4.082e-01, trn/lr 1.324e-01, val/acc 7.685e-01, val/nll 7.513e-01
[2023-02-19 20:31:44] [Epoch   109/  200] trn/loss 3.908e-01, trn/lr 1.300e-01, val/acc 7.417e-01, val/nll 8.247e-01
[2023-02-19 20:31:52] [Epoch   110/  200] trn/loss 4.029e-01, trn/lr 1.277e-01, val/acc 7.581e-01, val/nll 7.994e-01
[2023-02-19 20:31:59] [Epoch   111/  200] trn/loss 3.818e-01, trn/lr 1.254e-01, val/acc 7.660e-01, val/nll 7.781e-01
[2023-02-19 20:32:06] [Epoch   112/  200] trn/loss 3.891e-01, trn/lr 1.231e-01, val/acc 7.673e-01, val/nll 7.377e-01
[2023-02-19 20:32:13] [Epoch   113/  200] trn/loss 3.846e-01, trn/lr 1.207e-01, val/acc 8.049e-01, val/nll 6.308e-01
[2023-02-19 20:32:21] [Epoch   114/  200] trn/loss 3.732e-01, trn/lr 1.184e-01, val/acc 8.330e-01, val/nll 5.041e-01 (best_acc: 8.134e-01 -> 8.330e-01, test_acc: 8.321e-01, test_nll: 5.103e-01)
[2023-02-19 20:32:28] [Epoch   115/  200] trn/loss 3.675e-01, trn/lr 1.161e-01, val/acc 7.102e-01, val/nll 1.009e+00
[2023-02-19 20:32:36] [Epoch   116/  200] trn/loss 3.678e-01, trn/lr 1.138e-01, val/acc 8.268e-01, val/nll 5.535e-01
[2023-02-19 20:32:43] [Epoch   117/  200] trn/loss 3.623e-01, trn/lr 1.116e-01, val/acc 7.914e-01, val/nll 7.007e-01
[2023-02-19 20:32:50] [Epoch   118/  200] trn/loss 3.526e-01, trn/lr 1.093e-01, val/acc 8.095e-01, val/nll 6.044e-01
[2023-02-19 20:32:57] [Epoch   119/  200] trn/loss 3.486e-01, trn/lr 1.070e-01, val/acc 7.979e-01, val/nll 6.479e-01
[2023-02-19 20:33:05] [Epoch   120/  200] trn/loss 3.435e-01, trn/lr 1.048e-01, val/acc 8.336e-01, val/nll 5.045e-01 (best_acc: 8.330e-01 -> 8.336e-01, test_acc: 8.320e-01, test_nll: 4.999e-01)
[2023-02-19 20:33:12] [Epoch   121/  200] trn/loss 3.465e-01, trn/lr 1.025e-01, val/acc 6.942e-01, val/nll 1.122e+00
[2023-02-19 20:33:20] [Epoch   122/  200] trn/loss 3.326e-01, trn/lr 1.003e-01, val/acc 8.305e-01, val/nll 5.162e-01
[2023-02-19 20:33:28] [Epoch   123/  200] trn/loss 3.369e-01, trn/lr 9.809e-02, val/acc 8.449e-01, val/nll 4.545e-01 (best_acc: 8.336e-01 -> 8.449e-01, test_acc: 8.414e-01, test_nll: 4.684e-01)
[2023-02-19 20:33:35] [Epoch   124/  200] trn/loss 3.297e-01, trn/lr 9.589e-02, val/acc 8.071e-01, val/nll 6.543e-01
[2023-02-19 20:33:42] [Epoch   125/  200] trn/loss 3.240e-01, trn/lr 9.370e-02, val/acc 7.954e-01, val/nll 6.877e-01
[2023-02-19 20:33:50] [Epoch   126/  200] trn/loss 3.230e-01, trn/lr 9.152e-02, val/acc 8.550e-01, val/nll 4.432e-01 (best_acc: 8.449e-01 -> 8.550e-01, test_acc: 8.500e-01, test_nll: 4.656e-01)
[2023-02-19 20:33:57] [Epoch   127/  200] trn/loss 3.108e-01, trn/lr 8.936e-02, val/acc 8.377e-01, val/nll 5.180e-01
[2023-02-19 20:34:04] [Epoch   128/  200] trn/loss 3.119e-01, trn/lr 8.721e-02, val/acc 7.981e-01, val/nll 6.471e-01
[2023-02-19 20:34:11] [Epoch   129/  200] trn/loss 3.075e-01, trn/lr 8.508e-02, val/acc 7.879e-01, val/nll 6.436e-01
[2023-02-19 20:34:19] [Epoch   130/  200] trn/loss 2.956e-01, trn/lr 8.296e-02, val/acc 8.569e-01, val/nll 4.312e-01 (best_acc: 8.550e-01 -> 8.569e-01, test_acc: 8.587e-01, test_nll: 4.406e-01)
[2023-02-19 20:34:27] [Epoch   131/  200] trn/loss 2.919e-01, trn/lr 8.086e-02, val/acc 8.640e-01, val/nll 4.214e-01 (best_acc: 8.569e-01 -> 8.640e-01, test_acc: 8.572e-01, test_nll: 4.340e-01)
[2023-02-19 20:34:34] [Epoch   132/  200] trn/loss 2.817e-01, trn/lr 7.878e-02, val/acc 8.565e-01, val/nll 4.386e-01
[2023-02-19 20:34:42] [Epoch   133/  200] trn/loss 2.849e-01, trn/lr 7.671e-02, val/acc 8.476e-01, val/nll 4.782e-01
[2023-02-19 20:34:49] [Epoch   134/  200] trn/loss 2.789e-01, trn/lr 7.467e-02, val/acc 8.517e-01, val/nll 4.581e-01
[2023-02-19 20:34:56] [Epoch   135/  200] trn/loss 2.809e-01, trn/lr 7.264e-02, val/acc 8.423e-01, val/nll 4.739e-01
[2023-02-19 20:35:03] [Epoch   136/  200] trn/loss 2.678e-01, trn/lr 7.063e-02, val/acc 8.603e-01, val/nll 4.185e-01
[2023-02-19 20:35:11] [Epoch   137/  200] trn/loss 2.594e-01, trn/lr 6.864e-02, val/acc 8.782e-01, val/nll 3.737e-01 (best_acc: 8.640e-01 -> 8.782e-01, test_acc: 8.739e-01, test_nll: 3.889e-01)
[2023-02-19 20:35:18] [Epoch   138/  200] trn/loss 2.611e-01, trn/lr 6.667e-02, val/acc 8.429e-01, val/nll 4.937e-01
[2023-02-19 20:35:25] [Epoch   139/  200] trn/loss 2.501e-01, trn/lr 6.472e-02, val/acc 8.201e-01, val/nll 5.504e-01
[2023-02-19 20:35:33] [Epoch   140/  200] trn/loss 2.413e-01, trn/lr 6.279e-02, val/acc 8.226e-01, val/nll 5.604e-01
[2023-02-19 20:35:41] [Epoch   141/  200] trn/loss 2.354e-01, trn/lr 6.089e-02, val/acc 8.927e-01, val/nll 3.227e-01 (best_acc: 8.782e-01 -> 8.927e-01, test_acc: 8.926e-01, test_nll: 3.227e-01)
[2023-02-19 20:35:48] [Epoch   142/  200] trn/loss 2.347e-01, trn/lr 5.900e-02, val/acc 8.791e-01, val/nll 3.651e-01
[2023-02-19 20:35:56] [Epoch   143/  200] trn/loss 2.265e-01, trn/lr 5.714e-02, val/acc 8.967e-01, val/nll 3.231e-01 (best_acc: 8.927e-01 -> 8.967e-01, test_acc: 8.912e-01, test_nll: 3.382e-01)
[2023-02-19 20:36:03] [Epoch   144/  200] trn/loss 2.253e-01, trn/lr 5.530e-02, val/acc 8.587e-01, val/nll 4.718e-01
[2023-02-19 20:36:10] [Epoch   145/  200] trn/loss 2.148e-01, trn/lr 5.349e-02, val/acc 8.750e-01, val/nll 3.772e-01
[2023-02-19 20:36:17] [Epoch   146/  200] trn/loss 2.123e-01, trn/lr 5.170e-02, val/acc 8.519e-01, val/nll 4.699e-01
[2023-02-19 20:36:24] [Epoch   147/  200] trn/loss 2.067e-01, trn/lr 4.993e-02, val/acc 8.791e-01, val/nll 3.722e-01
[2023-02-19 20:36:32] [Epoch   148/  200] trn/loss 1.948e-01, trn/lr 4.819e-02, val/acc 8.591e-01, val/nll 4.524e-01
[2023-02-19 20:36:39] [Epoch   149/  200] trn/loss 1.877e-01, trn/lr 4.647e-02, val/acc 8.612e-01, val/nll 4.454e-01
[2023-02-19 20:36:46] [Epoch   150/  200] trn/loss 1.927e-01, trn/lr 4.478e-02, val/acc 8.754e-01, val/nll 3.869e-01
[2023-02-19 20:36:53] [Epoch   151/  200] trn/loss 1.784e-01, trn/lr 4.311e-02, val/acc 8.899e-01, val/nll 3.581e-01
[2023-02-19 20:37:00] [Epoch   152/  200] trn/loss 1.704e-01, trn/lr 4.147e-02, val/acc 8.841e-01, val/nll 3.672e-01
[2023-02-19 20:37:07] [Epoch   153/  200] trn/loss 1.697e-01, trn/lr 3.986e-02, val/acc 8.640e-01, val/nll 4.400e-01
[2023-02-19 20:37:15] [Epoch   154/  200] trn/loss 1.640e-01, trn/lr 3.827e-02, val/acc 8.869e-01, val/nll 3.607e-01
[2023-02-19 20:37:23] [Epoch   155/  200] trn/loss 1.524e-01, trn/lr 3.671e-02, val/acc 8.979e-01, val/nll 3.204e-01 (best_acc: 8.967e-01 -> 8.979e-01, test_acc: 8.955e-01, test_nll: 3.305e-01)
[2023-02-19 20:37:30] [Epoch   156/  200] trn/loss 1.460e-01, trn/lr 3.518e-02, val/acc 8.867e-01, val/nll 3.600e-01
[2023-02-19 20:37:37] [Epoch   157/  200] trn/loss 1.471e-01, trn/lr 3.368e-02, val/acc 8.939e-01, val/nll 3.450e-01
[2023-02-19 20:37:44] [Epoch   158/  200] trn/loss 1.383e-01, trn/lr 3.221e-02, val/acc 8.958e-01, val/nll 3.445e-01
[2023-02-19 20:37:52] [Epoch   159/  200] trn/loss 1.304e-01, trn/lr 3.076e-02, val/acc 8.991e-01, val/nll 3.157e-01 (best_acc: 8.979e-01 -> 8.991e-01, test_acc: 9.006e-01, test_nll: 3.256e-01)
[2023-02-19 20:38:00] [Epoch   160/  200] trn/loss 1.252e-01, trn/lr 2.935e-02, val/acc 9.146e-01, val/nll 2.623e-01 (best_acc: 8.991e-01 -> 9.146e-01, test_acc: 9.118e-01, test_nll: 2.793e-01)
[2023-02-19 20:38:07] [Epoch   161/  200] trn/loss 1.161e-01, trn/lr 2.796e-02, val/acc 9.039e-01, val/nll 3.066e-01
[2023-02-19 20:38:15] [Epoch   162/  200] trn/loss 1.040e-01, trn/lr 2.661e-02, val/acc 9.025e-01, val/nll 3.248e-01
[2023-02-19 20:38:22] [Epoch   163/  200] trn/loss 1.042e-01, trn/lr 2.528e-02, val/acc 8.787e-01, val/nll 4.201e-01
[2023-02-19 20:38:29] [Epoch   164/  200] trn/loss 9.789e-02, trn/lr 2.399e-02, val/acc 9.121e-01, val/nll 3.010e-01
[2023-02-19 20:38:37] [Epoch   165/  200] trn/loss 9.158e-02, trn/lr 2.273e-02, val/acc 9.197e-01, val/nll 2.642e-01 (best_acc: 9.146e-01 -> 9.197e-01, test_acc: 9.171e-01, test_nll: 2.769e-01)
[2023-02-19 20:38:44] [Epoch   166/  200] trn/loss 8.308e-02, trn/lr 2.150e-02, val/acc 9.148e-01, val/nll 3.007e-01
[2023-02-19 20:38:51] [Epoch   167/  200] trn/loss 7.734e-02, trn/lr 2.030e-02, val/acc 9.110e-01, val/nll 3.324e-01
[2023-02-19 20:38:58] [Epoch   168/  200] trn/loss 6.894e-02, trn/lr 1.913e-02, val/acc 9.165e-01, val/nll 2.957e-01
[2023-02-19 20:39:06] [Epoch   169/  200] trn/loss 6.939e-02, trn/lr 1.800e-02, val/acc 9.081e-01, val/nll 3.008e-01
[2023-02-19 20:39:13] [Epoch   170/  200] trn/loss 6.170e-02, trn/lr 1.689e-02, val/acc 9.210e-01, val/nll 2.689e-01 (best_acc: 9.197e-01 -> 9.210e-01, test_acc: 9.177e-01, test_nll: 2.716e-01)
[2023-02-19 20:39:21] [Epoch   171/  200] trn/loss 5.710e-02, trn/lr 1.582e-02, val/acc 9.159e-01, val/nll 2.983e-01
[2023-02-19 20:39:29] [Epoch   172/  200] trn/loss 5.160e-02, trn/lr 1.479e-02, val/acc 9.217e-01, val/nll 2.604e-01 (best_acc: 9.210e-01 -> 9.217e-01, test_acc: 9.212e-01, test_nll: 2.626e-01)
[2023-02-19 20:39:36] [Epoch   173/  200] trn/loss 4.536e-02, trn/lr 1.378e-02, val/acc 9.207e-01, val/nll 2.900e-01
[2023-02-19 20:39:43] [Epoch   174/  200] trn/loss 4.195e-02, trn/lr 1.281e-02, val/acc 9.206e-01, val/nll 2.768e-01
[2023-02-19 20:39:51] [Epoch   175/  200] trn/loss 3.534e-02, trn/lr 1.188e-02, val/acc 9.330e-01, val/nll 2.427e-01 (best_acc: 9.217e-01 -> 9.330e-01, test_acc: 9.289e-01, test_nll: 2.440e-01)
[2023-02-19 20:39:58] [Epoch   176/  200] trn/loss 2.958e-02, trn/lr 1.098e-02, val/acc 9.330e-01, val/nll 2.365e-01
[2023-02-19 20:40:05] [Epoch   177/  200] trn/loss 2.716e-02, trn/lr 1.011e-02, val/acc 9.324e-01, val/nll 2.398e-01
[2023-02-19 20:40:13] [Epoch   178/  200] trn/loss 2.314e-02, trn/lr 9.275e-03, val/acc 9.366e-01, val/nll 2.324e-01 (best_acc: 9.330e-01 -> 9.366e-01, test_acc: 9.324e-01, test_nll: 2.346e-01)
[2023-02-19 20:40:20] [Epoch   179/  200] trn/loss 1.874e-02, trn/lr 8.477e-03, val/acc 9.357e-01, val/nll 2.338e-01
[2023-02-19 20:40:28] [Epoch   180/  200] trn/loss 1.675e-02, trn/lr 7.714e-03, val/acc 9.381e-01, val/nll 2.263e-01 (best_acc: 9.366e-01 -> 9.381e-01, test_acc: 9.339e-01, test_nll: 2.359e-01)
[2023-02-19 20:40:36] [Epoch   181/  200] trn/loss 1.538e-02, trn/lr 6.986e-03, val/acc 9.407e-01, val/nll 2.166e-01 (best_acc: 9.381e-01 -> 9.407e-01, test_acc: 9.397e-01, test_nll: 2.164e-01)
[2023-02-19 20:40:44] [Epoch   182/  200] trn/loss 1.277e-02, trn/lr 6.293e-03, val/acc 9.396e-01, val/nll 2.240e-01
[2023-02-19 20:40:52] [Epoch   183/  200] trn/loss 1.203e-02, trn/lr 5.635e-03, val/acc 9.417e-01, val/nll 2.153e-01 (best_acc: 9.407e-01 -> 9.417e-01, test_acc: 9.403e-01, test_nll: 2.220e-01)
[2023-02-19 20:40:59] [Epoch   184/  200] trn/loss 1.121e-02, trn/lr 5.013e-03, val/acc 9.400e-01, val/nll 2.199e-01
[2023-02-19 20:41:07] [Epoch   185/  200] trn/loss 9.608e-03, trn/lr 4.427e-03, val/acc 9.439e-01, val/nll 2.091e-01 (best_acc: 9.417e-01 -> 9.439e-01, test_acc: 9.407e-01, test_nll: 2.220e-01)
[2023-02-19 20:41:14] [Epoch   186/  200] trn/loss 8.653e-03, trn/lr 3.877e-03, val/acc 9.410e-01, val/nll 2.106e-01
[2023-02-19 20:41:21] [Epoch   187/  200] trn/loss 8.129e-03, trn/lr 3.363e-03, val/acc 9.425e-01, val/nll 2.061e-01
[2023-02-19 20:41:29] [Epoch   188/  200] trn/loss 7.324e-03, trn/lr 2.885e-03, val/acc 9.447e-01, val/nll 2.064e-01 (best_acc: 9.439e-01 -> 9.447e-01, test_acc: 9.430e-01, test_nll: 2.067e-01)
[2023-02-19 20:41:36] [Epoch   189/  200] trn/loss 6.613e-03, trn/lr 2.444e-03, val/acc 9.429e-01, val/nll 2.085e-01
[2023-02-19 20:41:43] [Epoch   190/  200] trn/loss 6.658e-03, trn/lr 2.038e-03, val/acc 9.441e-01, val/nll 2.060e-01
[2023-02-19 20:41:51] [Epoch   191/  200] trn/loss 6.375e-03, trn/lr 1.670e-03, val/acc 9.458e-01, val/nll 2.052e-01 (best_acc: 9.447e-01 -> 9.458e-01, test_acc: 9.448e-01, test_nll: 2.062e-01)
[2023-02-19 20:41:59] [Epoch   192/  200] trn/loss 6.697e-03, trn/lr 1.338e-03, val/acc 9.446e-01, val/nll 2.040e-01
[2023-02-19 20:42:06] [Epoch   193/  200] trn/loss 6.065e-03, trn/lr 1.042e-03, val/acc 9.441e-01, val/nll 2.034e-01
[2023-02-19 20:42:13] [Epoch   194/  200] trn/loss 5.935e-03, trn/lr 7.835e-04, val/acc 9.444e-01, val/nll 2.014e-01
[2023-02-19 20:42:20] [Epoch   195/  200] trn/loss 5.504e-03, trn/lr 5.616e-04, val/acc 9.446e-01, val/nll 2.008e-01
[2023-02-19 20:42:27] [Epoch   196/  200] trn/loss 5.671e-03, trn/lr 3.766e-04, val/acc 9.455e-01, val/nll 2.022e-01
[2023-02-19 20:42:35] [Epoch   197/  200] trn/loss 5.457e-03, trn/lr 2.286e-04, val/acc 9.454e-01, val/nll 2.010e-01
[2023-02-19 20:42:42] [Epoch   198/  200] trn/loss 6.076e-03, trn/lr 1.175e-04, val/acc 9.441e-01, val/nll 2.014e-01
[2023-02-19 20:42:49] [Epoch   199/  200] trn/loss 5.535e-03, trn/lr 4.335e-05, val/acc 9.447e-01, val/nll 2.014e-01
[2023-02-19 20:42:56] [Epoch   200/  200] trn/loss 5.702e-03, trn/lr 6.226e-06, val/acc 9.448e-01, val/nll 2.012e-01
