[2023-04-08 04:58:15] Environments:
------------  --------------------------------------------------------------------------------
sys.platform  linux
Python        3.10.8 (main, Nov 24 2022, 14:13:03) [GCC 11.2.0]
JAX           0.4.1 @/mnt/home/giung/.conda/envs/jax-vessl/lib/python3.10/site-packages/jax
jaxlib        0.4.1 @/mnt/home/giung/.conda/envs/jax-vessl/lib/python3.10/site-packages/jaxlib
Flax          0.6.3 @/mnt/home/giung/.conda/envs/jax-vessl/lib/python3.10/site-packages/flax
Optax         0.1.4 @/mnt/home/giung/.conda/envs/jax-vessl/lib/python3.10/site-packages/optax
------------  --------------------------------------------------------------------------------

[2023-04-08 04:58:15] Command line arguments:
- args.data_root          : ./data/
- args.data_name          : CIFAR10_x32
- args.data_augmentation  : standard
- args.data_proportional  : 1.0
- args.model_name         : FlaxPreResNet
- args.model_depth        : 16
- args.model_width        : 8
- args.model_style        : BN-ReLU
- args.optim_bs           : 256
- args.optim_ne           : 200
- args.optim_lr           : 0.1
- args.optim_momentum     : 0.97
- args.optim_weight_decay : 0.003
- args.save               : /mnt/home/giung/giung2-dev/projects/residual-networks/save/CIFAR10_x32/WRN16x8-BN-ReLU/bs-0256_ne-0200_lr-0.10_mo-0.97_wd-0.0030_fp32/42
- args.seed               : 42
- args.precision          : fp32

[2023-04-08 04:59:18] [Epoch     1/  200] trn/loss 1.763e+00, trn/lr 1.000e-01, val/acc 2.208e-01, val/nll 2.160e+00 (best_acc: 0.000e+00 -> 2.208e-01, test_acc: 2.131e-01, test_nll: 2.158e+00)
[2023-04-08 04:59:50] [Epoch     2/  200] trn/loss 1.429e+00, trn/lr 9.999e-02, val/acc 3.842e-01, val/nll 1.934e+00 (best_acc: 2.208e-01 -> 3.842e-01, test_acc: 3.799e-01, test_nll: 1.961e+00)
[2023-04-08 05:00:21] [Epoch     3/  200] trn/loss 1.263e+00, trn/lr 9.996e-02, val/acc 4.171e-01, val/nll 1.785e+00 (best_acc: 3.842e-01 -> 4.171e-01, test_acc: 4.095e-01, test_nll: 1.817e+00)
[2023-04-08 05:00:49] [Epoch     4/  200] trn/loss 1.217e+00, trn/lr 9.992e-02, val/acc 2.939e-01, val/nll 2.860e+00
[2023-04-08 05:01:17] [Epoch     5/  200] trn/loss 1.186e+00, trn/lr 9.987e-02, val/acc 2.611e-01, val/nll 3.747e+00
[2023-04-08 05:01:48] [Epoch     6/  200] trn/loss 1.211e+00, trn/lr 9.981e-02, val/acc 4.450e-01, val/nll 1.694e+00 (best_acc: 4.171e-01 -> 4.450e-01, test_acc: 4.414e-01, test_nll: 1.705e+00)
[2023-04-08 05:02:16] [Epoch     7/  200] trn/loss 1.205e+00, trn/lr 9.974e-02, val/acc 3.989e-01, val/nll 1.945e+00
[2023-04-08 05:02:48] [Epoch     8/  200] trn/loss 1.181e+00, trn/lr 9.965e-02, val/acc 5.133e-01, val/nll 1.437e+00 (best_acc: 4.450e-01 -> 5.133e-01, test_acc: 5.090e-01, test_nll: 1.459e+00)
[2023-04-08 05:03:16] [Epoch     9/  200] trn/loss 1.202e+00, trn/lr 9.955e-02, val/acc 3.059e-01, val/nll 3.099e+00
[2023-04-08 05:03:43] [Epoch    10/  200] trn/loss 1.228e+00, trn/lr 9.944e-02, val/acc 3.034e-01, val/nll 2.753e+00
[2023-04-08 05:04:11] [Epoch    11/  200] trn/loss 1.188e+00, trn/lr 9.932e-02, val/acc 3.886e-01, val/nll 1.675e+00
[2023-04-08 05:04:39] [Epoch    12/  200] trn/loss 1.192e+00, trn/lr 9.919e-02, val/acc 1.708e-01, val/nll 4.927e+00
[2023-04-08 05:05:07] [Epoch    13/  200] trn/loss 1.195e+00, trn/lr 9.904e-02, val/acc 2.676e-01, val/nll 3.357e+00
[2023-04-08 05:05:35] [Epoch    14/  200] trn/loss 1.206e+00, trn/lr 9.888e-02, val/acc 1.790e-01, val/nll 5.537e+00
[2023-04-08 05:06:03] [Epoch    15/  200] trn/loss 1.218e+00, trn/lr 9.871e-02, val/acc 4.149e-01, val/nll 1.839e+00
[2023-04-08 05:06:31] [Epoch    16/  200] trn/loss 1.224e+00, trn/lr 9.853e-02, val/acc 2.975e-01, val/nll 2.309e+00
[2023-04-08 05:06:59] [Epoch    17/  200] trn/loss 1.202e+00, trn/lr 9.833e-02, val/acc 3.940e-01, val/nll 1.808e+00
[2023-04-08 05:07:26] [Epoch    18/  200] trn/loss 1.181e+00, trn/lr 9.812e-02, val/acc 2.520e-01, val/nll 4.536e+00
[2023-04-08 05:07:54] [Epoch    19/  200] trn/loss 1.187e+00, trn/lr 9.790e-02, val/acc 2.493e-01, val/nll 2.409e+00
[2023-04-08 05:08:22] [Epoch    20/  200] trn/loss 1.183e+00, trn/lr 9.767e-02, val/acc 3.378e-01, val/nll 2.500e+00
[2023-04-08 05:08:50] [Epoch    21/  200] trn/loss 1.160e+00, trn/lr 9.743e-02, val/acc 3.868e-01, val/nll 1.979e+00
[2023-04-08 05:09:18] [Epoch    22/  200] trn/loss 1.196e+00, trn/lr 9.718e-02, val/acc 2.725e-01, val/nll 2.523e+00
[2023-04-08 05:09:46] [Epoch    23/  200] trn/loss 1.170e+00, trn/lr 9.691e-02, val/acc 3.090e-01, val/nll 3.336e+00
[2023-04-08 05:10:14] [Epoch    24/  200] trn/loss 1.151e+00, trn/lr 9.663e-02, val/acc 2.914e-01, val/nll 2.786e+00
[2023-04-08 05:10:41] [Epoch    25/  200] trn/loss 1.182e+00, trn/lr 9.634e-02, val/acc 4.563e-01, val/nll 1.592e+00
[2023-04-08 05:11:09] [Epoch    26/  200] trn/loss 1.141e+00, trn/lr 9.604e-02, val/acc 3.732e-01, val/nll 2.207e+00
[2023-04-08 05:11:37] [Epoch    27/  200] trn/loss 1.163e+00, trn/lr 9.573e-02, val/acc 3.592e-01, val/nll 2.182e+00
[2023-04-08 05:12:05] [Epoch    28/  200] trn/loss 1.141e+00, trn/lr 9.541e-02, val/acc 3.400e-01, val/nll 2.255e+00
[2023-04-08 05:12:32] [Epoch    29/  200] trn/loss 1.126e+00, trn/lr 9.507e-02, val/acc 3.314e-01, val/nll 2.269e+00
[2023-04-08 05:13:00] [Epoch    30/  200] trn/loss 1.127e+00, trn/lr 9.473e-02, val/acc 3.908e-01, val/nll 1.833e+00
[2023-04-08 05:13:28] [Epoch    31/  200] trn/loss 1.138e+00, trn/lr 9.437e-02, val/acc 2.749e-01, val/nll 2.559e+00
[2023-04-08 05:13:56] [Epoch    32/  200] trn/loss 1.106e+00, trn/lr 9.400e-02, val/acc 4.138e-01, val/nll 1.625e+00
[2023-04-08 05:14:23] [Epoch    33/  200] trn/loss 1.128e+00, trn/lr 9.363e-02, val/acc 3.878e-01, val/nll 2.238e+00
[2023-04-08 05:14:51] [Epoch    34/  200] trn/loss 1.109e+00, trn/lr 9.324e-02, val/acc 4.960e-01, val/nll 1.449e+00
[2023-04-08 05:15:19] [Epoch    35/  200] trn/loss 1.121e+00, trn/lr 9.284e-02, val/acc 3.662e-01, val/nll 2.295e+00
[2023-04-08 05:15:46] [Epoch    36/  200] trn/loss 1.107e+00, trn/lr 9.243e-02, val/acc 4.126e-01, val/nll 1.760e+00
[2023-04-08 05:16:14] [Epoch    37/  200] trn/loss 1.128e+00, trn/lr 9.201e-02, val/acc 3.669e-01, val/nll 2.099e+00
[2023-04-08 05:16:42] [Epoch    38/  200] trn/loss 1.114e+00, trn/lr 9.157e-02, val/acc 2.617e-01, val/nll 4.226e+00
[2023-04-08 05:17:09] [Epoch    39/  200] trn/loss 1.094e+00, trn/lr 9.113e-02, val/acc 4.983e-01, val/nll 1.494e+00
[2023-04-08 05:17:37] [Epoch    40/  200] trn/loss 1.109e+00, trn/lr 9.068e-02, val/acc 1.051e-01, val/nll 1.163e+01
[2023-04-08 05:18:08] [Epoch    41/  200] trn/loss 1.125e+00, trn/lr 9.022e-02, val/acc 5.155e-01, val/nll 1.445e+00 (best_acc: 5.133e-01 -> 5.155e-01, test_acc: 5.116e-01, test_nll: 1.454e+00)
[2023-04-08 05:18:36] [Epoch    42/  200] trn/loss 1.109e+00, trn/lr 8.975e-02, val/acc 4.677e-01, val/nll 1.536e+00
[2023-04-08 05:19:03] [Epoch    43/  200] trn/loss 1.108e+00, trn/lr 8.927e-02, val/acc 2.811e-01, val/nll 2.361e+00
[2023-04-08 05:19:31] [Epoch    44/  200] trn/loss 1.107e+00, trn/lr 8.878e-02, val/acc 3.374e-01, val/nll 2.338e+00
[2023-04-08 05:19:59] [Epoch    45/  200] trn/loss 1.097e+00, trn/lr 8.828e-02, val/acc 4.923e-01, val/nll 1.513e+00
[2023-04-08 05:20:26] [Epoch    46/  200] trn/loss 1.114e+00, trn/lr 8.777e-02, val/acc 3.742e-01, val/nll 2.186e+00
[2023-04-08 05:20:54] [Epoch    47/  200] trn/loss 1.076e+00, trn/lr 8.725e-02, val/acc 4.252e-01, val/nll 1.660e+00
[2023-04-08 05:21:21] [Epoch    48/  200] trn/loss 1.109e+00, trn/lr 8.672e-02, val/acc 3.491e-01, val/nll 2.251e+00
[2023-04-08 05:21:49] [Epoch    49/  200] trn/loss 1.070e+00, trn/lr 8.618e-02, val/acc 3.604e-01, val/nll 2.492e+00
[2023-04-08 05:22:16] [Epoch    50/  200] trn/loss 1.107e+00, trn/lr 8.563e-02, val/acc 2.931e-01, val/nll 3.177e+00
[2023-04-08 05:22:44] [Epoch    51/  200] trn/loss 1.078e+00, trn/lr 8.508e-02, val/acc 4.169e-01, val/nll 1.826e+00
[2023-04-08 05:23:11] [Epoch    52/  200] trn/loss 1.077e+00, trn/lr 8.451e-02, val/acc 4.467e-01, val/nll 1.648e+00
[2023-04-08 05:23:39] [Epoch    53/  200] trn/loss 1.075e+00, trn/lr 8.394e-02, val/acc 3.389e-01, val/nll 2.065e+00
[2023-04-08 05:24:06] [Epoch    54/  200] trn/loss 1.077e+00, trn/lr 8.336e-02, val/acc 4.301e-01, val/nll 1.610e+00
[2023-04-08 05:24:34] [Epoch    55/  200] trn/loss 1.058e+00, trn/lr 8.277e-02, val/acc 3.838e-01, val/nll 2.307e+00
[2023-04-08 05:25:01] [Epoch    56/  200] trn/loss 1.079e+00, trn/lr 8.217e-02, val/acc 3.277e-01, val/nll 2.840e+00
[2023-04-08 05:25:29] [Epoch    57/  200] trn/loss 1.076e+00, trn/lr 8.157e-02, val/acc 2.498e-01, val/nll 3.523e+00
[2023-04-08 05:25:56] [Epoch    58/  200] trn/loss 1.061e+00, trn/lr 8.096e-02, val/acc 3.731e-01, val/nll 2.117e+00
[2023-04-08 05:26:24] [Epoch    59/  200] trn/loss 1.044e+00, trn/lr 8.034e-02, val/acc 4.629e-01, val/nll 1.756e+00
[2023-04-08 05:26:51] [Epoch    60/  200] trn/loss 1.047e+00, trn/lr 7.971e-02, val/acc 3.383e-01, val/nll 2.101e+00
[2023-04-08 05:27:18] [Epoch    61/  200] trn/loss 1.050e+00, trn/lr 7.907e-02, val/acc 4.650e-01, val/nll 1.882e+00
[2023-04-08 05:27:46] [Epoch    62/  200] trn/loss 1.052e+00, trn/lr 7.843e-02, val/acc 4.485e-01, val/nll 1.733e+00
[2023-04-08 05:28:13] [Epoch    63/  200] trn/loss 1.050e+00, trn/lr 7.778e-02, val/acc 2.889e-01, val/nll 2.899e+00
[2023-04-08 05:28:41] [Epoch    64/  200] trn/loss 1.041e+00, trn/lr 7.712e-02, val/acc 2.847e-01, val/nll 4.086e+00
[2023-04-08 05:29:11] [Epoch    65/  200] trn/loss 1.029e+00, trn/lr 7.646e-02, val/acc 5.329e-01, val/nll 1.337e+00 (best_acc: 5.155e-01 -> 5.329e-01, test_acc: 5.250e-01, test_nll: 1.374e+00)
[2023-04-08 05:29:42] [Epoch    66/  200] trn/loss 1.036e+00, trn/lr 7.579e-02, val/acc 5.673e-01, val/nll 1.242e+00 (best_acc: 5.329e-01 -> 5.673e-01, test_acc: 5.601e-01, test_nll: 1.248e+00)
[2023-04-08 05:30:09] [Epoch    67/  200] trn/loss 1.025e+00, trn/lr 7.512e-02, val/acc 1.180e-01, val/nll 8.914e+00
[2023-04-08 05:30:37] [Epoch    68/  200] trn/loss 1.029e+00, trn/lr 7.443e-02, val/acc 2.837e-01, val/nll 2.072e+00
[2023-04-08 05:31:04] [Epoch    69/  200] trn/loss 1.024e+00, trn/lr 7.374e-02, val/acc 4.555e-01, val/nll 1.574e+00
[2023-04-08 05:31:31] [Epoch    70/  200] trn/loss 1.012e+00, trn/lr 7.305e-02, val/acc 4.774e-01, val/nll 1.443e+00
[2023-04-08 05:31:58] [Epoch    71/  200] trn/loss 1.026e+00, trn/lr 7.235e-02, val/acc 3.209e-01, val/nll 2.847e+00
[2023-04-08 05:32:26] [Epoch    72/  200] trn/loss 1.020e+00, trn/lr 7.165e-02, val/acc 4.229e-01, val/nll 2.179e+00
[2023-04-08 05:32:53] [Epoch    73/  200] trn/loss 1.017e+00, trn/lr 7.093e-02, val/acc 4.796e-01, val/nll 1.711e+00
[2023-04-08 05:33:20] [Epoch    74/  200] trn/loss 1.023e+00, trn/lr 7.022e-02, val/acc 1.626e-01, val/nll 3.372e+00
[2023-04-08 05:33:47] [Epoch    75/  200] trn/loss 1.008e+00, trn/lr 6.950e-02, val/acc 5.468e-01, val/nll 1.283e+00
[2023-04-08 05:34:15] [Epoch    76/  200] trn/loss 9.895e-01, trn/lr 6.877e-02, val/acc 3.305e-01, val/nll 3.195e+00
[2023-04-08 05:34:42] [Epoch    77/  200] trn/loss 1.010e+00, trn/lr 6.804e-02, val/acc 2.277e-01, val/nll 4.265e+00
[2023-04-08 05:35:09] [Epoch    78/  200] trn/loss 1.009e+00, trn/lr 6.731e-02, val/acc 4.073e-01, val/nll 2.094e+00
[2023-04-08 05:35:36] [Epoch    79/  200] trn/loss 9.941e-01, trn/lr 6.657e-02, val/acc 4.725e-01, val/nll 1.578e+00
[2023-04-08 05:36:03] [Epoch    80/  200] trn/loss 9.991e-01, trn/lr 6.583e-02, val/acc 4.779e-01, val/nll 1.623e+00
[2023-04-08 05:36:30] [Epoch    81/  200] trn/loss 9.892e-01, trn/lr 6.508e-02, val/acc 3.521e-01, val/nll 2.393e+00
[2023-04-08 05:36:57] [Epoch    82/  200] trn/loss 9.690e-01, trn/lr 6.433e-02, val/acc 4.738e-01, val/nll 1.531e+00
[2023-04-08 05:37:25] [Epoch    83/  200] trn/loss 9.742e-01, trn/lr 6.357e-02, val/acc 4.997e-01, val/nll 1.622e+00
[2023-04-08 05:37:52] [Epoch    84/  200] trn/loss 9.879e-01, trn/lr 6.282e-02, val/acc 3.575e-01, val/nll 2.166e+00
[2023-04-08 05:38:22] [Epoch    85/  200] trn/loss 9.804e-01, trn/lr 6.206e-02, val/acc 6.009e-01, val/nll 1.144e+00 (best_acc: 5.673e-01 -> 6.009e-01, test_acc: 6.022e-01, test_nll: 1.132e+00)
[2023-04-08 05:38:49] [Epoch    86/  200] trn/loss 9.592e-01, trn/lr 6.129e-02, val/acc 4.686e-01, val/nll 1.583e+00
[2023-04-08 05:39:17] [Epoch    87/  200] trn/loss 9.765e-01, trn/lr 6.053e-02, val/acc 2.869e-01, val/nll 2.915e+00
[2023-04-08 05:39:44] [Epoch    88/  200] trn/loss 9.631e-01, trn/lr 5.976e-02, val/acc 5.091e-01, val/nll 1.451e+00
[2023-04-08 05:40:11] [Epoch    89/  200] trn/loss 9.806e-01, trn/lr 5.899e-02, val/acc 5.254e-01, val/nll 1.442e+00
[2023-04-08 05:40:38] [Epoch    90/  200] trn/loss 9.496e-01, trn/lr 5.821e-02, val/acc 4.861e-01, val/nll 1.511e+00
[2023-04-08 05:41:05] [Epoch    91/  200] trn/loss 9.448e-01, trn/lr 5.744e-02, val/acc 5.657e-01, val/nll 1.278e+00
[2023-04-08 05:41:32] [Epoch    92/  200] trn/loss 9.458e-01, trn/lr 5.666e-02, val/acc 5.314e-01, val/nll 1.339e+00
[2023-04-08 05:41:59] [Epoch    93/  200] trn/loss 9.479e-01, trn/lr 5.588e-02, val/acc 5.548e-01, val/nll 1.283e+00
[2023-04-08 05:42:26] [Epoch    94/  200] trn/loss 9.395e-01, trn/lr 5.510e-02, val/acc 3.706e-01, val/nll 2.472e+00
[2023-04-08 05:42:53] [Epoch    95/  200] trn/loss 9.355e-01, trn/lr 5.432e-02, val/acc 3.305e-01, val/nll 3.274e+00
[2023-04-08 05:43:20] [Epoch    96/  200] trn/loss 9.515e-01, trn/lr 5.353e-02, val/acc 3.980e-01, val/nll 2.305e+00
[2023-04-08 05:43:46] [Epoch    97/  200] trn/loss 9.363e-01, trn/lr 5.275e-02, val/acc 2.479e-01, val/nll 3.205e+00
[2023-04-08 05:44:13] [Epoch    98/  200] trn/loss 9.248e-01, trn/lr 5.197e-02, val/acc 3.082e-01, val/nll 3.410e+00
[2023-04-08 05:44:40] [Epoch    99/  200] trn/loss 9.438e-01, trn/lr 5.118e-02, val/acc 4.402e-01, val/nll 1.693e+00
[2023-04-08 05:45:07] [Epoch   100/  200] trn/loss 9.253e-01, trn/lr 5.040e-02, val/acc 3.513e-01, val/nll 2.450e+00
[2023-04-08 05:45:34] [Epoch   101/  200] trn/loss 9.104e-01, trn/lr 4.961e-02, val/acc 5.325e-01, val/nll 1.348e+00
[2023-04-08 05:46:01] [Epoch   102/  200] trn/loss 9.176e-01, trn/lr 4.882e-02, val/acc 5.805e-01, val/nll 1.237e+00
[2023-04-08 05:46:32] [Epoch   103/  200] trn/loss 9.146e-01, trn/lr 4.804e-02, val/acc 6.110e-01, val/nll 1.094e+00 (best_acc: 6.009e-01 -> 6.110e-01, test_acc: 5.984e-01, test_nll: 1.115e+00)
[2023-04-08 05:47:03] [Epoch   104/  200] trn/loss 9.111e-01, trn/lr 4.725e-02, val/acc 6.165e-01, val/nll 1.070e+00 (best_acc: 6.110e-01 -> 6.165e-01, test_acc: 6.126e-01, test_nll: 1.081e+00)
[2023-04-08 05:47:30] [Epoch   105/  200] trn/loss 9.049e-01, trn/lr 4.647e-02, val/acc 6.163e-01, val/nll 1.156e+00
[2023-04-08 05:47:57] [Epoch   106/  200] trn/loss 8.988e-01, trn/lr 4.569e-02, val/acc 5.258e-01, val/nll 1.403e+00
[2023-04-08 05:48:24] [Epoch   107/  200] trn/loss 8.881e-01, trn/lr 4.491e-02, val/acc 4.050e-01, val/nll 2.474e+00
[2023-04-08 05:48:51] [Epoch   108/  200] trn/loss 8.947e-01, trn/lr 4.413e-02, val/acc 5.652e-01, val/nll 1.257e+00
[2023-04-08 05:49:18] [Epoch   109/  200] trn/loss 8.914e-01, trn/lr 4.335e-02, val/acc 5.573e-01, val/nll 1.435e+00
[2023-04-08 05:49:45] [Epoch   110/  200] trn/loss 8.846e-01, trn/lr 4.257e-02, val/acc 5.364e-01, val/nll 1.387e+00
[2023-04-08 05:50:15] [Epoch   111/  200] trn/loss 8.742e-01, trn/lr 4.179e-02, val/acc 6.467e-01, val/nll 1.028e+00 (best_acc: 6.165e-01 -> 6.467e-01, test_acc: 6.395e-01, test_nll: 1.045e+00)
[2023-04-08 05:50:42] [Epoch   112/  200] trn/loss 8.591e-01, trn/lr 4.102e-02, val/acc 4.282e-01, val/nll 2.025e+00
[2023-04-08 05:51:09] [Epoch   113/  200] trn/loss 8.652e-01, trn/lr 4.025e-02, val/acc 5.213e-01, val/nll 1.493e+00
[2023-04-08 05:51:36] [Epoch   114/  200] trn/loss 8.601e-01, trn/lr 3.948e-02, val/acc 5.946e-01, val/nll 1.190e+00
[2023-04-08 05:52:03] [Epoch   115/  200] trn/loss 8.648e-01, trn/lr 3.871e-02, val/acc 6.081e-01, val/nll 1.145e+00
[2023-04-08 05:52:30] [Epoch   116/  200] trn/loss 8.441e-01, trn/lr 3.795e-02, val/acc 5.438e-01, val/nll 1.467e+00
[2023-04-08 05:52:57] [Epoch   117/  200] trn/loss 8.467e-01, trn/lr 3.719e-02, val/acc 6.305e-01, val/nll 1.140e+00
[2023-04-08 05:53:27] [Epoch   118/  200] trn/loss 8.542e-01, trn/lr 3.643e-02, val/acc 6.583e-01, val/nll 9.986e-01 (best_acc: 6.467e-01 -> 6.583e-01, test_acc: 6.575e-01, test_nll: 9.989e-01)
[2023-04-08 05:53:54] [Epoch   119/  200] trn/loss 8.393e-01, trn/lr 3.568e-02, val/acc 6.032e-01, val/nll 1.136e+00
[2023-04-08 05:54:21] [Epoch   120/  200] trn/loss 8.318e-01, trn/lr 3.493e-02, val/acc 5.259e-01, val/nll 1.616e+00
[2023-04-08 05:54:48] [Epoch   121/  200] trn/loss 8.404e-01, trn/lr 3.418e-02, val/acc 5.881e-01, val/nll 1.201e+00
[2023-04-08 05:55:15] [Epoch   122/  200] trn/loss 8.237e-01, trn/lr 3.344e-02, val/acc 5.573e-01, val/nll 1.316e+00
[2023-04-08 05:55:46] [Epoch   123/  200] trn/loss 8.101e-01, trn/lr 3.270e-02, val/acc 6.746e-01, val/nll 9.647e-01 (best_acc: 6.583e-01 -> 6.746e-01, test_acc: 6.623e-01, test_nll: 9.839e-01)
[2023-04-08 05:56:13] [Epoch   124/  200] trn/loss 8.216e-01, trn/lr 3.196e-02, val/acc 4.132e-01, val/nll 2.517e+00
[2023-04-08 05:56:39] [Epoch   125/  200] trn/loss 8.068e-01, trn/lr 3.123e-02, val/acc 6.118e-01, val/nll 1.207e+00
[2023-04-08 05:57:06] [Epoch   126/  200] trn/loss 7.959e-01, trn/lr 3.051e-02, val/acc 4.452e-01, val/nll 2.119e+00
[2023-04-08 05:57:33] [Epoch   127/  200] trn/loss 7.916e-01, trn/lr 2.979e-02, val/acc 6.267e-01, val/nll 1.162e+00
[2023-04-08 05:58:00] [Epoch   128/  200] trn/loss 7.920e-01, trn/lr 2.907e-02, val/acc 5.896e-01, val/nll 1.222e+00
[2023-04-08 05:58:27] [Epoch   129/  200] trn/loss 7.905e-01, trn/lr 2.836e-02, val/acc 6.218e-01, val/nll 1.109e+00
[2023-04-08 05:58:54] [Epoch   130/  200] trn/loss 7.768e-01, trn/lr 2.765e-02, val/acc 6.622e-01, val/nll 1.002e+00
[2023-04-08 05:59:20] [Epoch   131/  200] trn/loss 7.808e-01, trn/lr 2.695e-02, val/acc 6.061e-01, val/nll 1.145e+00
[2023-04-08 05:59:47] [Epoch   132/  200] trn/loss 7.710e-01, trn/lr 2.626e-02, val/acc 6.595e-01, val/nll 9.743e-01
[2023-04-08 06:00:18] [Epoch   133/  200] trn/loss 7.685e-01, trn/lr 2.557e-02, val/acc 6.778e-01, val/nll 9.029e-01 (best_acc: 6.746e-01 -> 6.778e-01, test_acc: 6.748e-01, test_nll: 9.150e-01)
[2023-04-08 06:00:45] [Epoch   134/  200] trn/loss 7.804e-01, trn/lr 2.489e-02, val/acc 3.723e-01, val/nll 2.017e+00
[2023-04-08 06:01:11] [Epoch   135/  200] trn/loss 7.485e-01, trn/lr 2.421e-02, val/acc 6.282e-01, val/nll 1.092e+00
[2023-04-08 06:01:38] [Epoch   136/  200] trn/loss 7.562e-01, trn/lr 2.354e-02, val/acc 5.389e-01, val/nll 1.405e+00
[2023-04-08 06:02:05] [Epoch   137/  200] trn/loss 7.690e-01, trn/lr 2.288e-02, val/acc 6.556e-01, val/nll 1.071e+00
[2023-04-08 06:02:32] [Epoch   138/  200] trn/loss 7.489e-01, trn/lr 2.222e-02, val/acc 6.631e-01, val/nll 9.956e-01
[2023-04-08 06:02:59] [Epoch   139/  200] trn/loss 7.206e-01, trn/lr 2.157e-02, val/acc 6.608e-01, val/nll 9.743e-01
[2023-04-08 06:03:26] [Epoch   140/  200] trn/loss 7.357e-01, trn/lr 2.093e-02, val/acc 6.452e-01, val/nll 1.099e+00
[2023-04-08 06:03:53] [Epoch   141/  200] trn/loss 7.216e-01, trn/lr 2.030e-02, val/acc 6.566e-01, val/nll 1.045e+00
[2023-04-08 06:04:20] [Epoch   142/  200] trn/loss 7.231e-01, trn/lr 1.967e-02, val/acc 6.485e-01, val/nll 1.017e+00
[2023-04-08 06:04:50] [Epoch   143/  200] trn/loss 7.107e-01, trn/lr 1.905e-02, val/acc 6.781e-01, val/nll 9.459e-01 (best_acc: 6.778e-01 -> 6.781e-01, test_acc: 6.801e-01, test_nll: 9.408e-01)
[2023-04-08 06:05:21] [Epoch   144/  200] trn/loss 7.068e-01, trn/lr 1.843e-02, val/acc 6.966e-01, val/nll 8.899e-01 (best_acc: 6.781e-01 -> 6.966e-01, test_acc: 6.914e-01, test_nll: 8.979e-01)
[2023-04-08 06:05:52] [Epoch   145/  200] trn/loss 6.963e-01, trn/lr 1.783e-02, val/acc 7.165e-01, val/nll 8.343e-01 (best_acc: 6.966e-01 -> 7.165e-01, test_acc: 7.083e-01, test_nll: 8.498e-01)
[2023-04-08 06:06:19] [Epoch   146/  200] trn/loss 6.822e-01, trn/lr 1.723e-02, val/acc 6.748e-01, val/nll 1.023e+00
[2023-04-08 06:06:45] [Epoch   147/  200] trn/loss 6.882e-01, trn/lr 1.664e-02, val/acc 6.624e-01, val/nll 9.837e-01
[2023-04-08 06:07:12] [Epoch   148/  200] trn/loss 6.684e-01, trn/lr 1.606e-02, val/acc 6.969e-01, val/nll 9.123e-01
[2023-04-08 06:07:43] [Epoch   149/  200] trn/loss 6.780e-01, trn/lr 1.549e-02, val/acc 7.434e-01, val/nll 7.496e-01 (best_acc: 7.165e-01 -> 7.434e-01, test_acc: 7.427e-01, test_nll: 7.565e-01)
[2023-04-08 06:08:10] [Epoch   150/  200] trn/loss 6.671e-01, trn/lr 1.493e-02, val/acc 6.841e-01, val/nll 9.520e-01
[2023-04-08 06:08:37] [Epoch   151/  200] trn/loss 6.646e-01, trn/lr 1.437e-02, val/acc 6.952e-01, val/nll 8.978e-01
[2023-04-08 06:09:04] [Epoch   152/  200] trn/loss 6.588e-01, trn/lr 1.382e-02, val/acc 7.015e-01, val/nll 8.708e-01
[2023-04-08 06:09:31] [Epoch   153/  200] trn/loss 6.418e-01, trn/lr 1.329e-02, val/acc 6.138e-01, val/nll 1.224e+00
[2023-04-08 06:09:57] [Epoch   154/  200] trn/loss 6.371e-01, trn/lr 1.276e-02, val/acc 6.513e-01, val/nll 1.126e+00
[2023-04-08 06:10:24] [Epoch   155/  200] trn/loss 6.338e-01, trn/lr 1.224e-02, val/acc 7.424e-01, val/nll 7.557e-01
[2023-04-08 06:10:51] [Epoch   156/  200] trn/loss 6.313e-01, trn/lr 1.173e-02, val/acc 6.923e-01, val/nll 9.223e-01
[2023-04-08 06:11:21] [Epoch   157/  200] trn/loss 6.273e-01, trn/lr 1.123e-02, val/acc 7.702e-01, val/nll 6.655e-01 (best_acc: 7.434e-01 -> 7.702e-01, test_acc: 7.610e-01, test_nll: 6.950e-01)
[2023-04-08 06:11:48] [Epoch   158/  200] trn/loss 6.078e-01, trn/lr 1.074e-02, val/acc 7.108e-01, val/nll 9.177e-01
[2023-04-08 06:12:15] [Epoch   159/  200] trn/loss 5.972e-01, trn/lr 1.025e-02, val/acc 7.415e-01, val/nll 7.649e-01
[2023-04-08 06:12:42] [Epoch   160/  200] trn/loss 5.886e-01, trn/lr 9.783e-03, val/acc 7.454e-01, val/nll 7.398e-01
[2023-04-08 06:13:09] [Epoch   161/  200] trn/loss 5.942e-01, trn/lr 9.321e-03, val/acc 7.555e-01, val/nll 7.126e-01
[2023-04-08 06:13:36] [Epoch   162/  200] trn/loss 5.831e-01, trn/lr 8.870e-03, val/acc 6.983e-01, val/nll 8.826e-01
[2023-04-08 06:14:02] [Epoch   163/  200] trn/loss 5.788e-01, trn/lr 8.428e-03, val/acc 6.244e-01, val/nll 1.308e+00
[2023-04-08 06:14:29] [Epoch   164/  200] trn/loss 5.691e-01, trn/lr 7.997e-03, val/acc 7.668e-01, val/nll 6.821e-01
[2023-04-08 06:14:56] [Epoch   165/  200] trn/loss 5.651e-01, trn/lr 7.576e-03, val/acc 7.513e-01, val/nll 7.414e-01
[2023-04-08 06:15:26] [Epoch   166/  200] trn/loss 5.559e-01, trn/lr 7.166e-03, val/acc 7.804e-01, val/nll 6.438e-01 (best_acc: 7.702e-01 -> 7.804e-01, test_acc: 7.763e-01, test_nll: 6.551e-01)
[2023-04-08 06:15:53] [Epoch   167/  200] trn/loss 5.490e-01, trn/lr 6.766e-03, val/acc 7.492e-01, val/nll 7.458e-01
[2023-04-08 06:16:20] [Epoch   168/  200] trn/loss 5.320e-01, trn/lr 6.377e-03, val/acc 7.551e-01, val/nll 7.486e-01
[2023-04-08 06:16:47] [Epoch   169/  200] trn/loss 5.306e-01, trn/lr 5.998e-03, val/acc 7.779e-01, val/nll 6.600e-01
[2023-04-08 06:17:14] [Epoch   170/  200] trn/loss 5.123e-01, trn/lr 5.631e-03, val/acc 7.394e-01, val/nll 8.127e-01
[2023-04-08 06:17:44] [Epoch   171/  200] trn/loss 5.098e-01, trn/lr 5.274e-03, val/acc 8.083e-01, val/nll 5.737e-01 (best_acc: 7.804e-01 -> 8.083e-01, test_acc: 8.015e-01, test_nll: 5.788e-01)
[2023-04-08 06:18:11] [Epoch   172/  200] trn/loss 5.071e-01, trn/lr 4.929e-03, val/acc 7.827e-01, val/nll 6.594e-01
[2023-04-08 06:18:38] [Epoch   173/  200] trn/loss 5.014e-01, trn/lr 4.594e-03, val/acc 8.062e-01, val/nll 5.758e-01
[2023-04-08 06:19:08] [Epoch   174/  200] trn/loss 4.914e-01, trn/lr 4.271e-03, val/acc 8.108e-01, val/nll 5.706e-01 (best_acc: 8.083e-01 -> 8.108e-01, test_acc: 7.978e-01, test_nll: 5.992e-01)
[2023-04-08 06:19:35] [Epoch   175/  200] trn/loss 4.832e-01, trn/lr 3.959e-03, val/acc 7.886e-01, val/nll 6.198e-01
[2023-04-08 06:20:05] [Epoch   176/  200] trn/loss 4.699e-01, trn/lr 3.659e-03, val/acc 8.169e-01, val/nll 5.454e-01 (best_acc: 8.108e-01 -> 8.169e-01, test_acc: 8.069e-01, test_nll: 5.607e-01)
[2023-04-08 06:20:36] [Epoch   177/  200] trn/loss 4.588e-01, trn/lr 3.369e-03, val/acc 8.246e-01, val/nll 5.185e-01 (best_acc: 8.169e-01 -> 8.246e-01, test_acc: 8.147e-01, test_nll: 5.365e-01)
[2023-04-08 06:21:02] [Epoch   178/  200] trn/loss 4.488e-01, trn/lr 3.092e-03, val/acc 7.890e-01, val/nll 6.406e-01
[2023-04-08 06:21:29] [Epoch   179/  200] trn/loss 4.477e-01, trn/lr 2.826e-03, val/acc 8.128e-01, val/nll 5.577e-01
[2023-04-08 06:22:00] [Epoch   180/  200] trn/loss 4.333e-01, trn/lr 2.571e-03, val/acc 8.291e-01, val/nll 5.117e-01 (best_acc: 8.246e-01 -> 8.291e-01, test_acc: 8.268e-01, test_nll: 5.304e-01)
[2023-04-08 06:22:27] [Epoch   181/  200] trn/loss 4.232e-01, trn/lr 2.329e-03, val/acc 8.254e-01, val/nll 5.258e-01
[2023-04-08 06:22:53] [Epoch   182/  200] trn/loss 4.161e-01, trn/lr 2.098e-03, val/acc 8.283e-01, val/nll 5.034e-01
[2023-04-08 06:23:24] [Epoch   183/  200] trn/loss 4.107e-01, trn/lr 1.878e-03, val/acc 8.350e-01, val/nll 4.871e-01 (best_acc: 8.291e-01 -> 8.350e-01, test_acc: 8.268e-01, test_nll: 5.018e-01)
[2023-04-08 06:23:51] [Epoch   184/  200] trn/loss 3.959e-01, trn/lr 1.671e-03, val/acc 8.279e-01, val/nll 4.926e-01
[2023-04-08 06:24:21] [Epoch   185/  200] trn/loss 3.853e-01, trn/lr 1.476e-03, val/acc 8.382e-01, val/nll 4.846e-01 (best_acc: 8.350e-01 -> 8.382e-01, test_acc: 8.299e-01, test_nll: 5.047e-01)
[2023-04-08 06:24:52] [Epoch   186/  200] trn/loss 3.795e-01, trn/lr 1.292e-03, val/acc 8.451e-01, val/nll 4.569e-01 (best_acc: 8.382e-01 -> 8.451e-01, test_acc: 8.388e-01, test_nll: 4.664e-01)
[2023-04-08 06:25:22] [Epoch   187/  200] trn/loss 3.681e-01, trn/lr 1.121e-03, val/acc 8.515e-01, val/nll 4.308e-01 (best_acc: 8.451e-01 -> 8.515e-01, test_acc: 8.503e-01, test_nll: 4.460e-01)
[2023-04-08 06:25:49] [Epoch   188/  200] trn/loss 3.586e-01, trn/lr 9.617e-04, val/acc 8.471e-01, val/nll 4.432e-01
[2023-04-08 06:26:19] [Epoch   189/  200] trn/loss 3.477e-01, trn/lr 8.145e-04, val/acc 8.577e-01, val/nll 4.162e-01 (best_acc: 8.515e-01 -> 8.577e-01, test_acc: 8.567e-01, test_nll: 4.280e-01)
[2023-04-08 06:26:49] [Epoch   190/  200] trn/loss 3.444e-01, trn/lr 6.794e-04, val/acc 8.582e-01, val/nll 4.213e-01 (best_acc: 8.577e-01 -> 8.582e-01, test_acc: 8.539e-01, test_nll: 4.426e-01)
[2023-04-08 06:27:20] [Epoch   191/  200] trn/loss 3.330e-01, trn/lr 5.565e-04, val/acc 8.652e-01, val/nll 4.023e-01 (best_acc: 8.582e-01 -> 8.652e-01, test_acc: 8.581e-01, test_nll: 4.160e-01)
[2023-04-08 06:27:50] [Epoch   192/  200] trn/loss 3.229e-01, trn/lr 4.458e-04, val/acc 8.659e-01, val/nll 3.988e-01 (best_acc: 8.652e-01 -> 8.659e-01, test_acc: 8.613e-01, test_nll: 4.105e-01)
[2023-04-08 06:28:20] [Epoch   193/  200] trn/loss 3.178e-01, trn/lr 3.474e-04, val/acc 8.684e-01, val/nll 3.888e-01 (best_acc: 8.659e-01 -> 8.684e-01, test_acc: 8.655e-01, test_nll: 4.042e-01)
[2023-04-08 06:28:50] [Epoch   194/  200] trn/loss 3.114e-01, trn/lr 2.612e-04, val/acc 8.738e-01, val/nll 3.830e-01 (best_acc: 8.684e-01 -> 8.738e-01, test_acc: 8.650e-01, test_nll: 4.011e-01)
[2023-04-08 06:29:17] [Epoch   195/  200] trn/loss 3.071e-01, trn/lr 1.872e-04, val/acc 8.731e-01, val/nll 3.803e-01
[2023-04-08 06:29:48] [Epoch   196/  200] trn/loss 3.022e-01, trn/lr 1.255e-04, val/acc 8.751e-01, val/nll 3.766e-01 (best_acc: 8.738e-01 -> 8.751e-01, test_acc: 8.675e-01, test_nll: 3.886e-01)
[2023-04-08 06:30:14] [Epoch   197/  200] trn/loss 2.994e-01, trn/lr 7.619e-05, val/acc 8.727e-01, val/nll 3.786e-01
[2023-04-08 06:30:41] [Epoch   198/  200] trn/loss 3.013e-01, trn/lr 3.916e-05, val/acc 8.738e-01, val/nll 3.762e-01
[2023-04-08 06:31:08] [Epoch   199/  200] trn/loss 2.947e-01, trn/lr 1.445e-05, val/acc 8.749e-01, val/nll 3.745e-01
[2023-04-08 06:31:35] [Epoch   200/  200] trn/loss 2.959e-01, trn/lr 2.075e-06, val/acc 8.741e-01, val/nll 3.747e-01
