[2023-02-16 19:41:06] Environments:
------------  ------------------------------------------------------------
sys.platform  linux
Python        3.8.10 (default, Nov 14 2022, 12:59:47) [GCC 9.4.0]
JAX           0.4.2 @/home/giung/.local/lib/python3.8/site-packages/jax
jaxlib        0.4.2 @/home/giung/.local/lib/python3.8/site-packages/jaxlib
Flax          0.6.4 @/home/giung/.local/lib/python3.8/site-packages/flax
Optax         0.1.4 @/home/giung/.local/lib/python3.8/site-packages/optax
------------  ------------------------------------------------------------

[2023-02-16 19:41:06] Command line arguments:
- args.data_root          : ./data/
- args.data_name          : CIFAR10_x32
- args.data_augmentation  : standard
- args.data_proportional  : 1.0
- args.model_depth        : 20
- args.model_width        : 4
- args.model_style        : BN-ReLU
- args.optim_bs           : 256
- args.optim_ne           : 200
- args.optim_lr           : 1.0
- args.optim_b1           : 0.9
- args.optim_b2           : 0.999
- args.optim_eps          : 0.1
- args.optim_weight_decay : 0.003
- args.rho                : 0.01
- args.num_data_factor    : 4.0
- args.save               : /home/giung/giung2-dev/projects/sam/save/CIFAR10_x32/R20x4-BN-ReLU/BayesSAM/bs-0256_ne-0200_lr-1.00_b1-0.900_b2-0.999_wd-0.0030_eps-1e-1_rho-0.0100_factor-4.0_fp32/42
- args.seed               : 42
- args.precision          : fp32

[2023-02-16 19:41:12] Multiple local devices are detected:
[TpuDevice(id=0, process_index=0, coords=(0,0,0), core_on_chip=0), TpuDevice(id=1, process_index=0, coords=(0,0,0), core_on_chip=1), TpuDevice(id=2, process_index=0, coords=(1,0,0), core_on_chip=0), TpuDevice(id=3, process_index=0, coords=(1,0,0), core_on_chip=1), TpuDevice(id=4, process_index=0, coords=(0,1,0), core_on_chip=0), TpuDevice(id=5, process_index=0, coords=(0,1,0), core_on_chip=1), TpuDevice(id=6, process_index=0, coords=(1,1,0), core_on_chip=0), TpuDevice(id=7, process_index=0, coords=(1,1,0), core_on_chip=1)]

[2023-02-16 19:42:24] [Epoch     1/  200] trn/loss 1.847e+00, trn/lr 1.000e+00, trn/scale 9.324e-01, val/acc 4.597e-01, val/nll 1.476e+00 (best_acc: 0.000e+00 -> 4.597e-01, test_acc: 4.581e-01, test_nll: 1.477e+00)
[2023-02-16 19:42:32] [Epoch     2/  200] trn/loss 1.360e+00, trn/lr 9.999e-01, trn/scale 8.098e-01, val/acc 4.355e-01, val/nll 1.668e+00
[2023-02-16 19:42:41] [Epoch     3/  200] trn/loss 1.067e+00, trn/lr 9.996e-01, trn/scale 7.054e-01, val/acc 5.938e-01, val/nll 1.176e+00 (best_acc: 4.597e-01 -> 5.938e-01, test_acc: 5.930e-01, test_nll: 1.185e+00)
[2023-02-16 19:42:50] [Epoch     4/  200] trn/loss 8.844e-01, trn/lr 9.992e-01, trn/scale 6.163e-01, val/acc 6.346e-01, val/nll 1.025e+00 (best_acc: 5.938e-01 -> 6.346e-01, test_acc: 6.305e-01, test_nll: 1.028e+00)
[2023-02-16 19:42:59] [Epoch     5/  200] trn/loss 8.038e-01, trn/lr 9.987e-01, trn/scale 5.405e-01, val/acc 6.168e-01, val/nll 1.144e+00
[2023-02-16 19:43:07] [Epoch     6/  200] trn/loss 7.955e-01, trn/lr 9.981e-01, trn/scale 4.759e-01, val/acc 6.191e-01, val/nll 1.072e+00
[2023-02-16 19:43:15] [Epoch     7/  200] trn/loss 8.272e-01, trn/lr 9.974e-01, trn/scale 4.208e-01, val/acc 4.619e-01, val/nll 2.146e+00
[2023-02-16 19:43:23] [Epoch     8/  200] trn/loss 8.603e-01, trn/lr 9.965e-01, trn/scale 3.739e-01, val/acc 4.976e-01, val/nll 1.479e+00
[2023-02-16 19:43:31] [Epoch     9/  200] trn/loss 8.742e-01, trn/lr 9.955e-01, trn/scale 3.339e-01, val/acc 3.382e-01, val/nll 2.060e+00
[2023-02-16 19:43:39] [Epoch    10/  200] trn/loss 9.206e-01, trn/lr 9.944e-01, trn/scale 2.998e-01, val/acc 5.312e-01, val/nll 1.599e+00
[2023-02-16 19:43:48] [Epoch    11/  200] trn/loss 9.591e-01, trn/lr 9.932e-01, trn/scale 2.708e-01, val/acc 4.656e-01, val/nll 1.671e+00
[2023-02-16 19:43:56] [Epoch    12/  200] trn/loss 1.007e+00, trn/lr 9.919e-01, trn/scale 2.460e-01, val/acc 3.647e-01, val/nll 2.403e+00
[2023-02-16 19:44:04] [Epoch    13/  200] trn/loss 1.029e+00, trn/lr 9.904e-01, trn/scale 2.249e-01, val/acc 4.702e-01, val/nll 1.556e+00
[2023-02-16 19:44:12] [Epoch    14/  200] trn/loss 1.098e+00, trn/lr 9.888e-01, trn/scale 2.070e-01, val/acc 4.425e-01, val/nll 1.798e+00
[2023-02-16 19:44:20] [Epoch    15/  200] trn/loss 1.171e+00, trn/lr 9.871e-01, trn/scale 1.916e-01, val/acc 3.449e-01, val/nll 1.875e+00
[2023-02-16 19:44:29] [Epoch    16/  200] trn/loss 1.177e+00, trn/lr 9.853e-01, trn/scale 1.786e-01, val/acc 3.180e-01, val/nll 2.261e+00
[2023-02-16 19:44:37] [Epoch    17/  200] trn/loss 1.216e+00, trn/lr 9.833e-01, trn/scale 1.674e-01, val/acc 1.852e-01, val/nll 5.715e+00
[2023-02-16 19:44:45] [Epoch    18/  200] trn/loss 1.301e+00, trn/lr 9.812e-01, trn/scale 1.580e-01, val/acc 2.572e-01, val/nll 2.753e+00
[2023-02-16 19:44:53] [Epoch    19/  200] trn/loss 1.341e+00, trn/lr 9.790e-01, trn/scale 1.499e-01, val/acc 1.572e-01, val/nll 4.007e+00
[2023-02-16 19:45:01] [Epoch    20/  200] trn/loss 1.365e+00, trn/lr 9.767e-01, trn/scale 1.430e-01, val/acc 2.897e-01, val/nll 2.209e+00
[2023-02-16 19:45:09] [Epoch    21/  200] trn/loss 1.389e+00, trn/lr 9.743e-01, trn/scale 1.371e-01, val/acc 1.530e-01, val/nll 3.881e+00
[2023-02-16 19:45:18] [Epoch    22/  200] trn/loss 1.451e+00, trn/lr 9.718e-01, trn/scale 1.321e-01, val/acc 1.084e-01, val/nll 7.388e+00
[2023-02-16 19:45:26] [Epoch    23/  200] trn/loss 1.502e+00, trn/lr 9.691e-01, trn/scale 1.278e-01, val/acc 2.227e-01, val/nll 3.426e+00
[2023-02-16 19:45:34] [Epoch    24/  200] trn/loss 1.519e+00, trn/lr 9.663e-01, trn/scale 1.241e-01, val/acc 1.038e-01, val/nll 4.997e+00
[2023-02-16 19:45:42] [Epoch    25/  200] trn/loss 1.693e+00, trn/lr 9.634e-01, trn/scale 1.210e-01, val/acc 1.028e-01, val/nll 4.583e+00
[2023-02-16 19:45:50] [Epoch    26/  200] trn/loss 1.669e+00, trn/lr 9.604e-01, trn/scale 1.184e-01, val/acc 1.220e-01, val/nll 4.600e+00
[2023-02-16 19:45:58] [Epoch    27/  200] trn/loss 1.900e+00, trn/lr 9.573e-01, trn/scale 1.161e-01, val/acc 1.539e-01, val/nll 2.248e+00
[2023-02-16 19:46:07] [Epoch    28/  200] trn/loss 1.878e+00, trn/lr 9.541e-01, trn/scale 1.142e-01, val/acc 1.892e-01, val/nll 2.193e+00
[2023-02-16 19:46:15] [Epoch    29/  200] trn/loss 1.974e+00, trn/lr 9.507e-01, trn/scale 1.125e-01, val/acc 1.080e-01, val/nll 2.339e+00
[2023-02-16 19:46:23] [Epoch    30/  200] trn/loss 1.963e+00, trn/lr 9.473e-01, trn/scale 1.111e-01, val/acc 1.410e-01, val/nll 2.271e+00
[2023-02-16 19:46:31] [Epoch    31/  200] trn/loss 2.025e+00, trn/lr 9.437e-01, trn/scale 1.099e-01, val/acc 9.823e-02, val/nll 2.395e+00
[2023-02-16 19:46:39] [Epoch    32/  200] trn/loss 2.119e+00, trn/lr 9.400e-01, trn/scale 1.089e-01, val/acc 9.281e-02, val/nll 2.401e+00
[2023-02-16 19:46:47] [Epoch    33/  200] trn/loss 2.024e+00, trn/lr 9.363e-01, trn/scale 1.080e-01, val/acc 1.471e-01, val/nll 2.453e+00
[2023-02-16 19:46:56] [Epoch    34/  200] trn/loss 2.055e+00, trn/lr 9.324e-01, trn/scale 1.073e-01, val/acc 1.117e-01, val/nll 6.553e+00
[2023-02-16 19:47:04] [Epoch    35/  200] trn/loss 2.135e+00, trn/lr 9.284e-01, trn/scale 1.067e-01, val/acc 1.101e-01, val/nll 2.352e+00
[2023-02-16 19:47:12] [Epoch    36/  200] trn/loss 2.114e+00, trn/lr 9.243e-01, trn/scale 1.061e-01, val/acc 9.978e-02, val/nll 3.078e+00
[2023-02-16 19:47:20] [Epoch    37/  200] trn/loss 2.120e+00, trn/lr 9.201e-01, trn/scale 1.057e-01, val/acc 1.623e-01, val/nll 2.201e+00
[2023-02-16 19:47:28] [Epoch    38/  200] trn/loss 2.093e+00, trn/lr 9.157e-01, trn/scale 1.053e-01, val/acc 1.009e-01, val/nll 2.822e+00
[2023-02-16 19:47:36] [Epoch    39/  200] trn/loss 2.145e+00, trn/lr 9.113e-01, trn/scale 1.049e-01, val/acc 9.314e-02, val/nll 7.581e+00
[2023-02-16 19:47:45] [Epoch    40/  200] trn/loss 2.098e+00, trn/lr 9.068e-01, trn/scale 1.046e-01, val/acc 1.079e-01, val/nll 2.407e+00
[2023-02-16 19:47:53] [Epoch    41/  200] trn/loss 2.066e+00, trn/lr 9.022e-01, trn/scale 1.044e-01, val/acc 1.105e-01, val/nll 2.472e+00
[2023-02-16 19:48:01] [Epoch    42/  200] trn/loss 2.074e+00, trn/lr 8.975e-01, trn/scale 1.042e-01, val/acc 2.167e-01, val/nll 2.057e+00
[2023-02-16 19:48:09] [Epoch    43/  200] trn/loss 2.083e+00, trn/lr 8.927e-01, trn/scale 1.040e-01, val/acc 7.500e-02, val/nll 2.387e+00
[2023-02-16 19:48:17] [Epoch    44/  200] trn/loss 2.123e+00, trn/lr 8.878e-01, trn/scale 1.039e-01, val/acc 9.281e-02, val/nll 2.562e+00
[2023-02-16 19:48:25] [Epoch    45/  200] trn/loss 2.136e+00, trn/lr 8.828e-01, trn/scale 1.037e-01, val/acc 1.081e-01, val/nll 2.363e+00
[2023-02-16 19:48:33] [Epoch    46/  200] trn/loss 2.075e+00, trn/lr 8.777e-01, trn/scale 1.036e-01, val/acc 9.281e-02, val/nll 1.017e+01
[2023-02-16 19:48:42] [Epoch    47/  200] trn/loss 2.085e+00, trn/lr 8.725e-01, trn/scale 1.035e-01, val/acc 1.521e-01, val/nll 2.941e+00
[2023-02-16 19:48:50] [Epoch    48/  200] trn/loss 2.073e+00, trn/lr 8.672e-01, trn/scale 1.035e-01, val/acc 1.647e-01, val/nll 2.137e+00
[2023-02-16 19:48:58] [Epoch    49/  200] trn/loss 2.047e+00, trn/lr 8.618e-01, trn/scale 1.034e-01, val/acc 9.978e-02, val/nll 2.491e+00
[2023-02-16 19:49:06] [Epoch    50/  200] trn/loss 2.068e+00, trn/lr 8.563e-01, trn/scale 1.033e-01, val/acc 1.020e-01, val/nll 8.744e+00
[2023-02-16 19:49:14] [Epoch    51/  200] trn/loss 2.046e+00, trn/lr 8.508e-01, trn/scale 1.033e-01, val/acc 2.012e-01, val/nll 2.131e+00
[2023-02-16 19:49:22] [Epoch    52/  200] trn/loss 2.036e+00, trn/lr 8.451e-01, trn/scale 1.033e-01, val/acc 1.207e-01, val/nll 3.872e+00
[2023-02-16 19:49:30] [Epoch    53/  200] trn/loss 2.029e+00, trn/lr 8.394e-01, trn/scale 1.032e-01, val/acc 1.675e-01, val/nll 2.129e+00
[2023-02-16 19:49:39] [Epoch    54/  200] trn/loss 2.076e+00, trn/lr 8.336e-01, trn/scale 1.032e-01, val/acc 1.044e-01, val/nll 6.347e+00
[2023-02-16 19:49:47] [Epoch    55/  200] trn/loss 2.018e+00, trn/lr 8.277e-01, trn/scale 1.032e-01, val/acc 1.133e-01, val/nll 2.284e+00
[2023-02-16 19:49:55] [Epoch    56/  200] trn/loss 2.033e+00, trn/lr 8.217e-01, trn/scale 1.031e-01, val/acc 1.184e-01, val/nll 2.388e+00
[2023-02-16 19:50:03] [Epoch    57/  200] trn/loss 1.983e+00, trn/lr 8.157e-01, trn/scale 1.031e-01, val/acc 1.250e-01, val/nll 3.533e+00
[2023-02-16 19:50:11] [Epoch    58/  200] trn/loss 2.018e+00, trn/lr 8.096e-01, trn/scale 1.031e-01, val/acc 9.945e-02, val/nll 2.418e+00
[2023-02-16 19:50:19] [Epoch    59/  200] trn/loss 2.006e+00, trn/lr 8.034e-01, trn/scale 1.031e-01, val/acc 1.041e-01, val/nll 4.099e+00
[2023-02-16 19:50:28] [Epoch    60/  200] trn/loss 2.041e+00, trn/lr 7.971e-01, trn/scale 1.031e-01, val/acc 9.281e-02, val/nll 2.851e+00
[2023-02-16 19:50:36] [Epoch    61/  200] trn/loss 2.038e+00, trn/lr 7.907e-01, trn/scale 1.031e-01, val/acc 1.206e-01, val/nll 3.469e+00
[2023-02-16 19:50:44] [Epoch    62/  200] trn/loss 2.129e+00, trn/lr 7.843e-01, trn/scale 1.031e-01, val/acc 9.945e-02, val/nll 2.316e+00
[2023-02-16 19:50:52] [Epoch    63/  200] trn/loss 2.129e+00, trn/lr 7.778e-01, trn/scale 1.031e-01, val/acc 1.035e-01, val/nll 2.501e+00
[2023-02-16 19:51:00] [Epoch    64/  200] trn/loss 2.081e+00, trn/lr 7.712e-01, trn/scale 1.030e-01, val/acc 1.088e-01, val/nll 2.400e+00
[2023-02-16 19:51:08] [Epoch    65/  200] trn/loss 2.082e+00, trn/lr 7.646e-01, trn/scale 1.030e-01, val/acc 1.617e-01, val/nll 2.074e+00
[2023-02-16 19:51:17] [Epoch    66/  200] trn/loss 2.054e+00, trn/lr 7.579e-01, trn/scale 1.030e-01, val/acc 1.748e-01, val/nll 2.140e+00
[2023-02-16 19:51:25] [Epoch    67/  200] trn/loss 2.024e+00, trn/lr 7.512e-01, trn/scale 1.030e-01, val/acc 1.225e-01, val/nll 6.427e+00
[2023-02-16 19:51:33] [Epoch    68/  200] trn/loss 2.032e+00, trn/lr 7.443e-01, trn/scale 1.030e-01, val/acc 1.095e-01, val/nll 2.390e+00
[2023-02-16 19:51:41] [Epoch    69/  200] trn/loss 2.028e+00, trn/lr 7.374e-01, trn/scale 1.030e-01, val/acc 1.668e-01, val/nll 2.120e+00
[2023-02-16 19:51:49] [Epoch    70/  200] trn/loss 2.030e+00, trn/lr 7.305e-01, trn/scale 1.030e-01, val/acc 1.118e-01, val/nll 5.481e+00
[2023-02-16 19:51:57] [Epoch    71/  200] trn/loss 2.018e+00, trn/lr 7.235e-01, trn/scale 1.030e-01, val/acc 9.823e-02, val/nll 7.191e+00
[2023-02-16 19:52:05] [Epoch    72/  200] trn/loss 2.025e+00, trn/lr 7.165e-01, trn/scale 1.030e-01, val/acc 9.945e-02, val/nll 2.578e+00
[2023-02-16 19:52:14] [Epoch    73/  200] trn/loss 2.025e+00, trn/lr 7.093e-01, trn/scale 1.030e-01, val/acc 1.156e-01, val/nll 2.334e+00
[2023-02-16 19:52:22] [Epoch    74/  200] trn/loss 2.026e+00, trn/lr 7.022e-01, trn/scale 1.030e-01, val/acc 9.845e-02, val/nll 2.778e+00
[2023-02-16 19:52:30] [Epoch    75/  200] trn/loss 2.061e+00, trn/lr 6.950e-01, trn/scale 1.030e-01, val/acc 9.956e-02, val/nll 2.508e+00
[2023-02-16 19:52:38] [Epoch    76/  200] trn/loss 2.010e+00, trn/lr 6.877e-01, trn/scale 1.030e-01, val/acc 1.872e-01, val/nll 2.094e+00
[2023-02-16 19:52:46] [Epoch    77/  200] trn/loss 2.018e+00, trn/lr 6.804e-01, trn/scale 1.030e-01, val/acc 1.740e-01, val/nll 2.101e+00
[2023-02-16 19:52:54] [Epoch    78/  200] trn/loss 2.008e+00, trn/lr 6.731e-01, trn/scale 1.030e-01, val/acc 1.081e-01, val/nll 5.028e+00
[2023-02-16 19:53:03] [Epoch    79/  200] trn/loss 2.023e+00, trn/lr 6.657e-01, trn/scale 1.030e-01, val/acc 1.156e-01, val/nll 2.405e+00
[2023-02-16 19:53:11] [Epoch    80/  200] trn/loss 2.015e+00, trn/lr 6.583e-01, trn/scale 1.030e-01, val/acc 2.265e-01, val/nll 2.001e+00
[2023-02-16 19:53:19] [Epoch    81/  200] trn/loss 2.017e+00, trn/lr 6.508e-01, trn/scale 1.030e-01, val/acc 2.262e-01, val/nll 1.951e+00
[2023-02-16 19:53:27] [Epoch    82/  200] trn/loss 2.091e+00, trn/lr 6.433e-01, trn/scale 1.030e-01, val/acc 1.115e-01, val/nll 2.333e+00
[2023-02-16 19:53:35] [Epoch    83/  200] trn/loss 2.063e+00, trn/lr 6.357e-01, trn/scale 1.030e-01, val/acc 1.204e-01, val/nll 2.268e+00
[2023-02-16 19:53:43] [Epoch    84/  200] trn/loss 2.042e+00, trn/lr 6.282e-01, trn/scale 1.030e-01, val/acc 1.138e-01, val/nll 2.381e+00
[2023-02-16 19:53:51] [Epoch    85/  200] trn/loss 2.034e+00, trn/lr 6.206e-01, trn/scale 1.030e-01, val/acc 1.265e-01, val/nll 2.502e+00
[2023-02-16 19:54:00] [Epoch    86/  200] trn/loss 2.064e+00, trn/lr 6.129e-01, trn/scale 1.030e-01, val/acc 1.044e-01, val/nll 6.885e+00
[2023-02-16 19:54:08] [Epoch    87/  200] trn/loss 2.029e+00, trn/lr 6.053e-01, trn/scale 1.030e-01, val/acc 1.718e-01, val/nll 2.113e+00
[2023-02-16 19:54:16] [Epoch    88/  200] trn/loss 2.029e+00, trn/lr 5.976e-01, trn/scale 1.030e-01, val/acc 1.407e-01, val/nll 2.572e+00
[2023-02-16 19:54:24] [Epoch    89/  200] trn/loss 2.036e+00, trn/lr 5.899e-01, trn/scale 1.030e-01, val/acc 1.020e-01, val/nll 2.561e+00
[2023-02-16 19:54:32] [Epoch    90/  200] trn/loss 2.026e+00, trn/lr 5.821e-01, trn/scale 1.030e-01, val/acc 1.726e-01, val/nll 2.022e+00
[2023-02-16 19:54:40] [Epoch    91/  200] trn/loss 2.025e+00, trn/lr 5.744e-01, trn/scale 1.030e-01, val/acc 1.529e-01, val/nll 2.386e+00
[2023-02-16 19:54:49] [Epoch    92/  200] trn/loss 2.023e+00, trn/lr 5.666e-01, trn/scale 1.030e-01, val/acc 1.162e-01, val/nll 2.407e+00
[2023-02-16 19:54:57] [Epoch    93/  200] trn/loss 2.026e+00, trn/lr 5.588e-01, trn/scale 1.030e-01, val/acc 9.978e-02, val/nll 2.655e+00
[2023-02-16 19:55:05] [Epoch    94/  200] trn/loss 2.047e+00, trn/lr 5.510e-01, trn/scale 1.030e-01, val/acc 1.376e-01, val/nll 2.163e+00
[2023-02-16 19:55:13] [Epoch    95/  200] trn/loss 2.034e+00, trn/lr 5.432e-01, trn/scale 1.030e-01, val/acc 1.055e-01, val/nll 2.526e+00
[2023-02-16 19:55:21] [Epoch    96/  200] trn/loss 2.024e+00, trn/lr 5.353e-01, trn/scale 1.030e-01, val/acc 1.383e-01, val/nll 2.725e+00
[2023-02-16 19:55:29] [Epoch    97/  200] trn/loss 2.025e+00, trn/lr 5.275e-01, trn/scale 1.030e-01, val/acc 1.007e-01, val/nll 3.181e+00
[2023-02-16 19:55:37] [Epoch    98/  200] trn/loss 2.012e+00, trn/lr 5.197e-01, trn/scale 1.030e-01, val/acc 1.638e-01, val/nll 2.071e+00
[2023-02-16 19:55:46] [Epoch    99/  200] trn/loss 2.034e+00, trn/lr 5.118e-01, trn/scale 1.030e-01, val/acc 1.729e-01, val/nll 2.024e+00
[2023-02-16 19:55:54] [Epoch   100/  200] trn/loss 2.019e+00, trn/lr 5.040e-01, trn/scale 1.030e-01, val/acc 1.680e-01, val/nll 2.117e+00
[2023-02-16 19:56:02] [Epoch   101/  200] trn/loss 2.026e+00, trn/lr 4.961e-01, trn/scale 1.030e-01, val/acc 1.017e-01, val/nll 2.245e+00
[2023-02-16 19:56:10] [Epoch   102/  200] trn/loss 2.020e+00, trn/lr 4.882e-01, trn/scale 1.030e-01, val/acc 1.155e-01, val/nll 3.559e+00
[2023-02-16 19:56:18] [Epoch   103/  200] trn/loss 2.010e+00, trn/lr 4.804e-01, trn/scale 1.030e-01, val/acc 1.852e-01, val/nll 2.011e+00
[2023-02-16 19:56:26] [Epoch   104/  200] trn/loss 2.024e+00, trn/lr 4.725e-01, trn/scale 1.030e-01, val/acc 1.394e-01, val/nll 2.232e+00
[2023-02-16 19:56:35] [Epoch   105/  200] trn/loss 2.021e+00, trn/lr 4.647e-01, trn/scale 1.030e-01, val/acc 1.025e-01, val/nll 3.022e+00
[2023-02-16 19:56:43] [Epoch   106/  200] trn/loss 1.997e+00, trn/lr 4.569e-01, trn/scale 1.030e-01, val/acc 1.383e-01, val/nll 2.197e+00
[2023-02-16 19:56:51] [Epoch   107/  200] trn/loss 2.019e+00, trn/lr 4.491e-01, trn/scale 1.030e-01, val/acc 1.011e-01, val/nll 2.638e+00
[2023-02-16 19:56:59] [Epoch   108/  200] trn/loss 2.027e+00, trn/lr 4.413e-01, trn/scale 1.030e-01, val/acc 1.895e-01, val/nll 2.213e+00
[2023-02-16 19:57:07] [Epoch   109/  200] trn/loss 2.019e+00, trn/lr 4.335e-01, trn/scale 1.030e-01, val/acc 1.433e-01, val/nll 3.186e+00
[2023-02-16 19:57:15] [Epoch   110/  200] trn/loss 2.010e+00, trn/lr 4.257e-01, trn/scale 1.030e-01, val/acc 1.046e-01, val/nll 3.364e+00
[2023-02-16 19:57:24] [Epoch   111/  200] trn/loss 2.014e+00, trn/lr 4.179e-01, trn/scale 1.030e-01, val/acc 1.000e-01, val/nll 2.649e+00
[2023-02-16 19:57:32] [Epoch   112/  200] trn/loss 2.005e+00, trn/lr 4.102e-01, trn/scale 1.030e-01, val/acc 1.533e-01, val/nll 2.140e+00
[2023-02-16 19:57:40] [Epoch   113/  200] trn/loss 2.000e+00, trn/lr 4.025e-01, trn/scale 1.030e-01, val/acc 1.760e-01, val/nll 1.995e+00
[2023-02-16 19:57:48] [Epoch   114/  200] trn/loss 1.995e+00, trn/lr 3.948e-01, trn/scale 1.030e-01, val/acc 1.862e-01, val/nll 1.971e+00
[2023-02-16 19:57:56] [Epoch   115/  200] trn/loss 2.016e+00, trn/lr 3.871e-01, trn/scale 1.030e-01, val/acc 1.044e-01, val/nll 2.642e+00
[2023-02-16 19:58:04] [Epoch   116/  200] trn/loss 2.140e+00, trn/lr 3.795e-01, trn/scale 1.030e-01, val/acc 1.819e-01, val/nll 2.145e+00
[2023-02-16 19:58:12] [Epoch   117/  200] trn/loss 2.068e+00, trn/lr 3.719e-01, trn/scale 1.030e-01, val/acc 1.461e-01, val/nll 3.572e+00
[2023-02-16 19:58:21] [Epoch   118/  200] trn/loss 2.026e+00, trn/lr 3.643e-01, trn/scale 1.030e-01, val/acc 1.323e-01, val/nll 2.202e+00
[2023-02-16 19:58:29] [Epoch   119/  200] trn/loss 2.017e+00, trn/lr 3.568e-01, trn/scale 1.030e-01, val/acc 1.777e-01, val/nll 2.067e+00
[2023-02-16 19:58:37] [Epoch   120/  200] trn/loss 2.021e+00, trn/lr 3.493e-01, trn/scale 1.030e-01, val/acc 1.444e-01, val/nll 2.216e+00
[2023-02-16 19:58:45] [Epoch   121/  200] trn/loss 2.006e+00, trn/lr 3.418e-01, trn/scale 1.030e-01, val/acc 1.372e-01, val/nll 2.152e+00
[2023-02-16 19:58:54] [Epoch   122/  200] trn/loss 1.998e+00, trn/lr 3.344e-01, trn/scale 1.030e-01, val/acc 1.048e-01, val/nll 2.525e+00
[2023-02-16 19:59:02] [Epoch   123/  200] trn/loss 1.988e+00, trn/lr 3.270e-01, trn/scale 1.030e-01, val/acc 1.558e-01, val/nll 2.179e+00
[2023-02-16 19:59:10] [Epoch   124/  200] trn/loss 1.962e+00, trn/lr 3.196e-01, trn/scale 1.030e-01, val/acc 1.799e-01, val/nll 1.978e+00
[2023-02-16 19:59:18] [Epoch   125/  200] trn/loss 1.962e+00, trn/lr 3.123e-01, trn/scale 1.030e-01, val/acc 1.232e-01, val/nll 3.523e+00
[2023-02-16 19:59:26] [Epoch   126/  200] trn/loss 1.950e+00, trn/lr 3.051e-01, trn/scale 1.030e-01, val/acc 1.044e-01, val/nll 4.219e+00
[2023-02-16 19:59:34] [Epoch   127/  200] trn/loss 1.946e+00, trn/lr 2.979e-01, trn/scale 1.030e-01, val/acc 2.209e-01, val/nll 1.946e+00
[2023-02-16 19:59:43] [Epoch   128/  200] trn/loss 1.948e+00, trn/lr 2.907e-01, trn/scale 1.030e-01, val/acc 1.103e-01, val/nll 2.296e+00
[2023-02-16 19:59:51] [Epoch   129/  200] trn/loss 1.943e+00, trn/lr 2.836e-01, trn/scale 1.030e-01, val/acc 9.978e-02, val/nll 2.744e+00
[2023-02-16 19:59:59] [Epoch   130/  200] trn/loss 1.952e+00, trn/lr 2.765e-01, trn/scale 1.030e-01, val/acc 1.961e-01, val/nll 1.943e+00
[2023-02-16 20:00:07] [Epoch   131/  200] trn/loss 1.940e+00, trn/lr 2.695e-01, trn/scale 1.030e-01, val/acc 1.746e-01, val/nll 2.029e+00
[2023-02-16 20:00:15] [Epoch   132/  200] trn/loss 1.937e+00, trn/lr 2.626e-01, trn/scale 1.030e-01, val/acc 1.502e-01, val/nll 2.181e+00
[2023-02-16 20:00:23] [Epoch   133/  200] trn/loss 1.932e+00, trn/lr 2.557e-01, trn/scale 1.030e-01, val/acc 1.038e-01, val/nll 4.420e+00
[2023-02-16 20:00:32] [Epoch   134/  200] trn/loss 1.936e+00, trn/lr 2.489e-01, trn/scale 1.030e-01, val/acc 1.667e-01, val/nll 2.069e+00
[2023-02-16 20:00:40] [Epoch   135/  200] trn/loss 1.927e+00, trn/lr 2.421e-01, trn/scale 1.030e-01, val/acc 1.610e-01, val/nll 2.320e+00
[2023-02-16 20:00:48] [Epoch   136/  200] trn/loss 1.943e+00, trn/lr 2.354e-01, trn/scale 1.030e-01, val/acc 1.148e-01, val/nll 2.463e+00
[2023-02-16 20:00:56] [Epoch   137/  200] trn/loss 1.941e+00, trn/lr 2.288e-01, trn/scale 1.030e-01, val/acc 1.946e-01, val/nll 1.986e+00
[2023-02-16 20:01:04] [Epoch   138/  200] trn/loss 1.931e+00, trn/lr 2.222e-01, trn/scale 1.030e-01, val/acc 1.690e-01, val/nll 2.047e+00
[2023-02-16 20:01:12] [Epoch   139/  200] trn/loss 1.931e+00, trn/lr 2.157e-01, trn/scale 1.030e-01, val/acc 1.237e-01, val/nll 2.347e+00
[2023-02-16 20:01:20] [Epoch   140/  200] trn/loss 1.925e+00, trn/lr 2.093e-01, trn/scale 1.030e-01, val/acc 2.034e-01, val/nll 1.894e+00
[2023-02-16 20:01:29] [Epoch   141/  200] trn/loss 1.920e+00, trn/lr 2.030e-01, trn/scale 1.030e-01, val/acc 2.088e-01, val/nll 1.930e+00
[2023-02-16 20:01:37] [Epoch   142/  200] trn/loss 1.925e+00, trn/lr 1.967e-01, trn/scale 1.030e-01, val/acc 1.619e-01, val/nll 2.159e+00
[2023-02-16 20:01:45] [Epoch   143/  200] trn/loss 1.920e+00, trn/lr 1.905e-01, trn/scale 1.030e-01, val/acc 1.971e-01, val/nll 1.947e+00
[2023-02-16 20:01:53] [Epoch   144/  200] trn/loss 1.923e+00, trn/lr 1.843e-01, trn/scale 1.030e-01, val/acc 1.758e-01, val/nll 1.983e+00
[2023-02-16 20:02:01] [Epoch   145/  200] trn/loss 1.920e+00, trn/lr 1.783e-01, trn/scale 1.030e-01, val/acc 9.823e-02, val/nll 4.768e+00
[2023-02-16 20:02:09] [Epoch   146/  200] trn/loss 1.915e+00, trn/lr 1.723e-01, trn/scale 1.030e-01, val/acc 1.879e-01, val/nll 1.944e+00
[2023-02-16 20:02:18] [Epoch   147/  200] trn/loss 1.911e+00, trn/lr 1.664e-01, trn/scale 1.030e-01, val/acc 1.055e-01, val/nll 3.495e+00
[2023-02-16 20:02:26] [Epoch   148/  200] trn/loss 1.914e+00, trn/lr 1.606e-01, trn/scale 1.030e-01, val/acc 1.254e-01, val/nll 2.812e+00
[2023-02-16 20:02:34] [Epoch   149/  200] trn/loss 1.911e+00, trn/lr 1.549e-01, trn/scale 1.030e-01, val/acc 1.677e-01, val/nll 2.035e+00
[2023-02-16 20:02:42] [Epoch   150/  200] trn/loss 1.913e+00, trn/lr 1.493e-01, trn/scale 1.030e-01, val/acc 2.156e-01, val/nll 1.894e+00
[2023-02-16 20:02:50] [Epoch   151/  200] trn/loss 1.910e+00, trn/lr 1.437e-01, trn/scale 1.030e-01, val/acc 2.001e-01, val/nll 1.878e+00
[2023-02-16 20:02:58] [Epoch   152/  200] trn/loss 1.912e+00, trn/lr 1.382e-01, trn/scale 1.030e-01, val/acc 1.938e-01, val/nll 1.898e+00
[2023-02-16 20:03:07] [Epoch   153/  200] trn/loss 1.905e+00, trn/lr 1.329e-01, trn/scale 1.030e-01, val/acc 1.280e-01, val/nll 2.726e+00
[2023-02-16 20:03:15] [Epoch   154/  200] trn/loss 1.905e+00, trn/lr 1.276e-01, trn/scale 1.030e-01, val/acc 1.751e-01, val/nll 2.007e+00
[2023-02-16 20:03:23] [Epoch   155/  200] trn/loss 1.906e+00, trn/lr 1.224e-01, trn/scale 1.030e-01, val/acc 1.635e-01, val/nll 2.066e+00
[2023-02-16 20:03:31] [Epoch   156/  200] trn/loss 1.901e+00, trn/lr 1.173e-01, trn/scale 1.030e-01, val/acc 1.952e-01, val/nll 1.967e+00
[2023-02-16 20:03:39] [Epoch   157/  200] trn/loss 1.902e+00, trn/lr 1.123e-01, trn/scale 1.030e-01, val/acc 9.900e-02, val/nll 3.498e+00
[2023-02-16 20:03:47] [Epoch   158/  200] trn/loss 1.902e+00, trn/lr 1.074e-01, trn/scale 1.030e-01, val/acc 1.508e-01, val/nll 2.162e+00
[2023-02-16 20:03:56] [Epoch   159/  200] trn/loss 1.895e+00, trn/lr 1.025e-01, trn/scale 1.030e-01, val/acc 1.539e-01, val/nll 2.131e+00
[2023-02-16 20:04:04] [Epoch   160/  200] trn/loss 1.893e+00, trn/lr 9.783e-02, trn/scale 1.030e-01, val/acc 1.982e-01, val/nll 1.875e+00
[2023-02-16 20:04:12] [Epoch   161/  200] trn/loss 1.895e+00, trn/lr 9.321e-02, trn/scale 1.030e-01, val/acc 2.064e-01, val/nll 1.857e+00
[2023-02-16 20:04:20] [Epoch   162/  200] trn/loss 1.895e+00, trn/lr 8.870e-02, trn/scale 1.030e-01, val/acc 1.534e-01, val/nll 2.094e+00
[2023-02-16 20:04:28] [Epoch   163/  200] trn/loss 1.887e+00, trn/lr 8.428e-02, trn/scale 1.030e-01, val/acc 1.444e-01, val/nll 2.232e+00
[2023-02-16 20:04:36] [Epoch   164/  200] trn/loss 1.888e+00, trn/lr 7.997e-02, trn/scale 1.030e-01, val/acc 1.668e-01, val/nll 2.028e+00
[2023-02-16 20:04:44] [Epoch   165/  200] trn/loss 1.884e+00, trn/lr 7.576e-02, trn/scale 1.030e-01, val/acc 1.521e-01, val/nll 2.311e+00
[2023-02-16 20:04:53] [Epoch   166/  200] trn/loss 1.884e+00, trn/lr 7.166e-02, trn/scale 1.030e-01, val/acc 2.282e-01, val/nll 1.870e+00
[2023-02-16 20:05:01] [Epoch   167/  200] trn/loss 1.879e+00, trn/lr 6.766e-02, trn/scale 1.030e-01, val/acc 1.935e-01, val/nll 1.917e+00
[2023-02-16 20:05:09] [Epoch   168/  200] trn/loss 1.882e+00, trn/lr 6.377e-02, trn/scale 1.030e-01, val/acc 2.308e-01, val/nll 1.864e+00
[2023-02-16 20:05:17] [Epoch   169/  200] trn/loss 1.876e+00, trn/lr 5.998e-02, trn/scale 1.030e-01, val/acc 1.337e-01, val/nll 2.221e+00
[2023-02-16 20:05:25] [Epoch   170/  200] trn/loss 1.871e+00, trn/lr 5.631e-02, trn/scale 1.030e-01, val/acc 1.804e-01, val/nll 2.042e+00
[2023-02-16 20:05:33] [Epoch   171/  200] trn/loss 1.866e+00, trn/lr 5.274e-02, trn/scale 1.030e-01, val/acc 1.739e-01, val/nll 2.026e+00
[2023-02-16 20:05:42] [Epoch   172/  200] trn/loss 1.862e+00, trn/lr 4.929e-02, trn/scale 1.030e-01, val/acc 1.947e-01, val/nll 1.887e+00
[2023-02-16 20:05:50] [Epoch   173/  200] trn/loss 1.863e+00, trn/lr 4.594e-02, trn/scale 1.030e-01, val/acc 1.269e-01, val/nll 2.413e+00
[2023-02-16 20:05:58] [Epoch   174/  200] trn/loss 1.858e+00, trn/lr 4.271e-02, trn/scale 1.030e-01, val/acc 1.921e-01, val/nll 2.110e+00
[2023-02-16 20:06:06] [Epoch   175/  200] trn/loss 1.855e+00, trn/lr 3.959e-02, trn/scale 1.030e-01, val/acc 2.436e-01, val/nll 1.849e+00
[2023-02-16 20:06:14] [Epoch   176/  200] trn/loss 1.851e+00, trn/lr 3.659e-02, trn/scale 1.030e-01, val/acc 2.140e-01, val/nll 1.878e+00
[2023-02-16 20:06:22] [Epoch   177/  200] trn/loss 1.848e+00, trn/lr 3.369e-02, trn/scale 1.030e-01, val/acc 2.385e-01, val/nll 1.859e+00
[2023-02-16 20:06:31] [Epoch   178/  200] trn/loss 1.845e+00, trn/lr 3.092e-02, trn/scale 1.030e-01, val/acc 2.002e-01, val/nll 2.021e+00
[2023-02-16 20:06:39] [Epoch   179/  200] trn/loss 1.845e+00, trn/lr 2.826e-02, trn/scale 1.030e-01, val/acc 2.053e-01, val/nll 1.881e+00
[2023-02-16 20:06:47] [Epoch   180/  200] trn/loss 1.838e+00, trn/lr 2.571e-02, trn/scale 1.030e-01, val/acc 2.077e-01, val/nll 1.865e+00
[2023-02-16 20:06:55] [Epoch   181/  200] trn/loss 1.835e+00, trn/lr 2.329e-02, trn/scale 1.030e-01, val/acc 2.400e-01, val/nll 1.801e+00
[2023-02-16 20:07:03] [Epoch   182/  200] trn/loss 1.833e+00, trn/lr 2.098e-02, trn/scale 1.030e-01, val/acc 2.260e-01, val/nll 1.842e+00
[2023-02-16 20:07:11] [Epoch   183/  200] trn/loss 1.831e+00, trn/lr 1.878e-02, trn/scale 1.030e-01, val/acc 2.574e-01, val/nll 1.788e+00
[2023-02-16 20:07:20] [Epoch   184/  200] trn/loss 1.831e+00, trn/lr 1.671e-02, trn/scale 1.030e-01, val/acc 2.561e-01, val/nll 1.784e+00
[2023-02-16 20:07:28] [Epoch   185/  200] trn/loss 1.826e+00, trn/lr 1.476e-02, trn/scale 1.030e-01, val/acc 2.452e-01, val/nll 1.824e+00
[2023-02-16 20:07:36] [Epoch   186/  200] trn/loss 1.825e+00, trn/lr 1.292e-02, trn/scale 1.030e-01, val/acc 2.738e-01, val/nll 1.788e+00
[2023-02-16 20:07:44] [Epoch   187/  200] trn/loss 1.822e+00, trn/lr 1.121e-02, trn/scale 1.030e-01, val/acc 2.365e-01, val/nll 1.796e+00
[2023-02-16 20:07:52] [Epoch   188/  200] trn/loss 1.822e+00, trn/lr 9.617e-03, trn/scale 1.030e-01, val/acc 2.179e-01, val/nll 1.864e+00
[2023-02-16 20:08:00] [Epoch   189/  200] trn/loss 1.818e+00, trn/lr 8.145e-03, trn/scale 1.030e-01, val/acc 2.345e-01, val/nll 1.821e+00
[2023-02-16 20:08:09] [Epoch   190/  200] trn/loss 1.814e+00, trn/lr 6.794e-03, trn/scale 1.030e-01, val/acc 2.414e-01, val/nll 1.773e+00
[2023-02-16 20:08:17] [Epoch   191/  200] trn/loss 1.814e+00, trn/lr 5.565e-03, trn/scale 1.030e-01, val/acc 2.441e-01, val/nll 1.776e+00
[2023-02-16 20:08:25] [Epoch   192/  200] trn/loss 1.812e+00, trn/lr 4.458e-03, trn/scale 1.031e-01, val/acc 2.397e-01, val/nll 1.769e+00
[2023-02-16 20:08:33] [Epoch   193/  200] trn/loss 1.813e+00, trn/lr 3.474e-03, trn/scale 1.031e-01, val/acc 2.420e-01, val/nll 1.778e+00
[2023-02-16 20:08:41] [Epoch   194/  200] trn/loss 1.810e+00, trn/lr 2.612e-03, trn/scale 1.031e-01, val/acc 2.506e-01, val/nll 1.764e+00
[2023-02-16 20:08:49] [Epoch   195/  200] trn/loss 1.806e+00, trn/lr 1.872e-03, trn/scale 1.031e-01, val/acc 2.530e-01, val/nll 1.763e+00
[2023-02-16 20:08:58] [Epoch   196/  200] trn/loss 1.807e+00, trn/lr 1.255e-03, trn/scale 1.031e-01, val/acc 2.490e-01, val/nll 1.763e+00
[2023-02-16 20:09:06] [Epoch   197/  200] trn/loss 1.806e+00, trn/lr 7.619e-04, trn/scale 1.031e-01, val/acc 2.482e-01, val/nll 1.764e+00
[2023-02-16 20:09:14] [Epoch   198/  200] trn/loss 1.810e+00, trn/lr 3.916e-04, trn/scale 1.031e-01, val/acc 2.487e-01, val/nll 1.762e+00
[2023-02-16 20:09:22] [Epoch   199/  200] trn/loss 1.807e+00, trn/lr 1.445e-04, trn/scale 1.031e-01, val/acc 2.490e-01, val/nll 1.763e+00
[2023-02-16 20:09:30] [Epoch   200/  200] trn/loss 1.807e+00, trn/lr 2.075e-05, trn/scale 1.031e-01, val/acc 2.509e-01, val/nll 1.766e+00
