[2023-02-14 05:57:25] Environments:
------------  ------------------------------------------------------------
sys.platform  linux
Python        3.8.10 (default, Nov 14 2022, 12:59:47) [GCC 9.4.0]
JAX           0.4.2 @/home/giung/.local/lib/python3.8/site-packages/jax
jaxlib        0.4.2 @/home/giung/.local/lib/python3.8/site-packages/jaxlib
Flax          0.6.4 @/home/giung/.local/lib/python3.8/site-packages/flax
Optax         0.1.4 @/home/giung/.local/lib/python3.8/site-packages/optax
------------  ------------------------------------------------------------

[2023-02-14 05:57:25] Command line arguments:
- args.data_root          : ./data/
- args.data_name          : CIFAR100_x32
- args.data_augmentation  : standard
- args.data_proportional  : 1.0
- args.model_depth        : 20
- args.model_width        : 4
- args.model_style        : BN-ReLU
- args.optim_bs           : 256
- args.optim_ne           : 200
- args.optim_lr           : 0.01
- args.optim_momentum     : 0.9
- args.optim_weight_decay : 0.001
- args.rho                : 0.01
- args.save               : /home/giung/giung2-dev/projects/sam/save/CIFAR100_x32/R20x4-BN-ReLU/SAM/bs-0256_ne-0200_lr-0.01_mo-0.90_wd-0.0010_rho-0.0100_fp32/42
- args.seed               : 42
- args.precision          : fp32

[2023-02-14 05:57:31] Multiple local devices are detected:
[TpuDevice(id=0, process_index=0, coords=(0,0,0), core_on_chip=0), TpuDevice(id=1, process_index=0, coords=(0,0,0), core_on_chip=1), TpuDevice(id=2, process_index=0, coords=(1,0,0), core_on_chip=0), TpuDevice(id=3, process_index=0, coords=(1,0,0), core_on_chip=1), TpuDevice(id=4, process_index=0, coords=(0,1,0), core_on_chip=0), TpuDevice(id=5, process_index=0, coords=(0,1,0), core_on_chip=1), TpuDevice(id=6, process_index=0, coords=(1,1,0), core_on_chip=0), TpuDevice(id=7, process_index=0, coords=(1,1,0), core_on_chip=1)]

[2023-02-14 05:58:30] [Epoch     1/  200] trn/loss 4.077e+00, trn/lr 1.000e-02, val/acc 1.310e-01, val/nll 3.735e+00 (best_acc: 0.000e+00 -> 1.310e-01, test_acc: 1.301e-01, test_nll: 3.716e+00)
[2023-02-14 05:58:38] [Epoch     2/  200] trn/loss 3.495e+00, trn/lr 9.999e-03, val/acc 1.966e-01, val/nll 3.348e+00 (best_acc: 1.310e-01 -> 1.966e-01, test_acc: 2.067e-01, test_nll: 3.308e+00)
[2023-02-14 05:58:46] [Epoch     3/  200] trn/loss 3.174e+00, trn/lr 9.996e-03, val/acc 2.407e-01, val/nll 3.123e+00 (best_acc: 1.966e-01 -> 2.407e-01, test_acc: 2.493e-01, test_nll: 3.079e+00)
[2023-02-14 05:58:54] [Epoch     4/  200] trn/loss 2.919e+00, trn/lr 9.992e-03, val/acc 2.803e-01, val/nll 2.932e+00 (best_acc: 2.407e-01 -> 2.803e-01, test_acc: 2.885e-01, test_nll: 2.898e+00)
[2023-02-14 05:59:02] [Epoch     5/  200] trn/loss 2.693e+00, trn/lr 9.987e-03, val/acc 3.093e-01, val/nll 2.720e+00 (best_acc: 2.803e-01 -> 3.093e-01, test_acc: 3.182e-01, test_nll: 2.673e+00)
[2023-02-14 05:59:10] [Epoch     6/  200] trn/loss 2.511e+00, trn/lr 9.981e-03, val/acc 3.507e-01, val/nll 2.541e+00 (best_acc: 3.093e-01 -> 3.507e-01, test_acc: 3.616e-01, test_nll: 2.498e+00)
[2023-02-14 05:59:18] [Epoch     7/  200] trn/loss 2.347e+00, trn/lr 9.974e-03, val/acc 3.753e-01, val/nll 2.398e+00 (best_acc: 3.507e-01 -> 3.753e-01, test_acc: 3.832e-01, test_nll: 2.361e+00)
[2023-02-14 05:59:26] [Epoch     8/  200] trn/loss 2.210e+00, trn/lr 9.965e-03, val/acc 3.942e-01, val/nll 2.312e+00 (best_acc: 3.753e-01 -> 3.942e-01, test_acc: 4.072e-01, test_nll: 2.275e+00)
[2023-02-14 05:59:34] [Epoch     9/  200] trn/loss 2.080e+00, trn/lr 9.955e-03, val/acc 3.983e-01, val/nll 2.323e+00 (best_acc: 3.942e-01 -> 3.983e-01, test_acc: 4.013e-01, test_nll: 2.294e+00)
[2023-02-14 05:59:42] [Epoch    10/  200] trn/loss 1.978e+00, trn/lr 9.944e-03, val/acc 4.492e-01, val/nll 2.090e+00 (best_acc: 3.983e-01 -> 4.492e-01, test_acc: 4.549e-01, test_nll: 2.061e+00)
[2023-02-14 05:59:50] [Epoch    11/  200] trn/loss 1.881e+00, trn/lr 9.932e-03, val/acc 4.574e-01, val/nll 2.068e+00 (best_acc: 4.492e-01 -> 4.574e-01, test_acc: 4.657e-01, test_nll: 2.040e+00)
[2023-02-14 05:59:57] [Epoch    12/  200] trn/loss 1.779e+00, trn/lr 9.919e-03, val/acc 4.571e-01, val/nll 2.093e+00
[2023-02-14 06:00:05] [Epoch    13/  200] trn/loss 1.704e+00, trn/lr 9.904e-03, val/acc 4.986e-01, val/nll 1.869e+00 (best_acc: 4.574e-01 -> 4.986e-01, test_acc: 5.033e-01, test_nll: 1.856e+00)
[2023-02-14 06:00:13] [Epoch    14/  200] trn/loss 1.629e+00, trn/lr 9.888e-03, val/acc 4.869e-01, val/nll 1.951e+00
[2023-02-14 06:00:21] [Epoch    15/  200] trn/loss 1.562e+00, trn/lr 9.871e-03, val/acc 5.168e-01, val/nll 1.810e+00 (best_acc: 4.986e-01 -> 5.168e-01, test_acc: 5.229e-01, test_nll: 1.786e+00)
[2023-02-14 06:00:28] [Epoch    16/  200] trn/loss 1.495e+00, trn/lr 9.853e-03, val/acc 5.101e-01, val/nll 1.839e+00
[2023-02-14 06:00:36] [Epoch    17/  200] trn/loss 1.435e+00, trn/lr 9.833e-03, val/acc 5.325e-01, val/nll 1.722e+00 (best_acc: 5.168e-01 -> 5.325e-01, test_acc: 5.273e-01, test_nll: 1.731e+00)
[2023-02-14 06:00:44] [Epoch    18/  200] trn/loss 1.393e+00, trn/lr 9.812e-03, val/acc 5.435e-01, val/nll 1.695e+00 (best_acc: 5.325e-01 -> 5.435e-01, test_acc: 5.490e-01, test_nll: 1.681e+00)
[2023-02-14 06:00:51] [Epoch    19/  200] trn/loss 1.338e+00, trn/lr 9.790e-03, val/acc 5.333e-01, val/nll 1.756e+00
[2023-02-14 06:00:59] [Epoch    20/  200] trn/loss 1.282e+00, trn/lr 9.767e-03, val/acc 5.456e-01, val/nll 1.661e+00 (best_acc: 5.435e-01 -> 5.456e-01, test_acc: 5.499e-01, test_nll: 1.668e+00)
[2023-02-14 06:01:07] [Epoch    21/  200] trn/loss 1.235e+00, trn/lr 9.743e-03, val/acc 5.494e-01, val/nll 1.652e+00 (best_acc: 5.456e-01 -> 5.494e-01, test_acc: 5.532e-01, test_nll: 1.654e+00)
[2023-02-14 06:01:15] [Epoch    22/  200] trn/loss 1.192e+00, trn/lr 9.718e-03, val/acc 5.605e-01, val/nll 1.631e+00 (best_acc: 5.494e-01 -> 5.605e-01, test_acc: 5.625e-01, test_nll: 1.630e+00)
[2023-02-14 06:01:23] [Epoch    23/  200] trn/loss 1.161e+00, trn/lr 9.691e-03, val/acc 4.957e-01, val/nll 2.024e+00
[2023-02-14 06:01:31] [Epoch    24/  200] trn/loss 1.118e+00, trn/lr 9.663e-03, val/acc 5.740e-01, val/nll 1.600e+00 (best_acc: 5.605e-01 -> 5.740e-01, test_acc: 5.712e-01, test_nll: 1.587e+00)
[2023-02-14 06:01:38] [Epoch    25/  200] trn/loss 1.076e+00, trn/lr 9.634e-03, val/acc 5.607e-01, val/nll 1.650e+00
[2023-02-14 06:01:46] [Epoch    26/  200] trn/loss 1.045e+00, trn/lr 9.604e-03, val/acc 5.808e-01, val/nll 1.561e+00 (best_acc: 5.740e-01 -> 5.808e-01, test_acc: 5.850e-01, test_nll: 1.551e+00)
[2023-02-14 06:01:53] [Epoch    27/  200] trn/loss 1.003e+00, trn/lr 9.573e-03, val/acc 5.738e-01, val/nll 1.572e+00
[2023-02-14 06:02:01] [Epoch    28/  200] trn/loss 9.670e-01, trn/lr 9.541e-03, val/acc 5.939e-01, val/nll 1.509e+00 (best_acc: 5.808e-01 -> 5.939e-01, test_acc: 6.000e-01, test_nll: 1.501e+00)
[2023-02-14 06:02:08] [Epoch    29/  200] trn/loss 9.451e-01, trn/lr 9.507e-03, val/acc 5.853e-01, val/nll 1.563e+00
[2023-02-14 06:02:15] [Epoch    30/  200] trn/loss 9.160e-01, trn/lr 9.473e-03, val/acc 5.939e-01, val/nll 1.525e+00
[2023-02-14 06:02:22] [Epoch    31/  200] trn/loss 8.835e-01, trn/lr 9.437e-03, val/acc 5.850e-01, val/nll 1.575e+00
[2023-02-14 06:02:30] [Epoch    32/  200] trn/loss 8.549e-01, trn/lr 9.400e-03, val/acc 6.117e-01, val/nll 1.443e+00 (best_acc: 5.939e-01 -> 6.117e-01, test_acc: 6.076e-01, test_nll: 1.454e+00)
[2023-02-14 06:02:38] [Epoch    33/  200] trn/loss 8.248e-01, trn/lr 9.363e-03, val/acc 5.921e-01, val/nll 1.553e+00
[2023-02-14 06:02:45] [Epoch    34/  200] trn/loss 7.975e-01, trn/lr 9.324e-03, val/acc 6.171e-01, val/nll 1.433e+00 (best_acc: 6.117e-01 -> 6.171e-01, test_acc: 6.076e-01, test_nll: 1.453e+00)
[2023-02-14 06:02:53] [Epoch    35/  200] trn/loss 7.767e-01, trn/lr 9.284e-03, val/acc 5.948e-01, val/nll 1.557e+00
[2023-02-14 06:03:00] [Epoch    36/  200] trn/loss 7.547e-01, trn/lr 9.243e-03, val/acc 5.743e-01, val/nll 1.617e+00
[2023-02-14 06:03:07] [Epoch    37/  200] trn/loss 7.271e-01, trn/lr 9.201e-03, val/acc 5.973e-01, val/nll 1.556e+00
[2023-02-14 06:03:15] [Epoch    38/  200] trn/loss 7.073e-01, trn/lr 9.157e-03, val/acc 6.192e-01, val/nll 1.435e+00 (best_acc: 6.171e-01 -> 6.192e-01, test_acc: 6.166e-01, test_nll: 1.460e+00)
[2023-02-14 06:03:22] [Epoch    39/  200] trn/loss 6.861e-01, trn/lr 9.113e-03, val/acc 6.063e-01, val/nll 1.491e+00
[2023-02-14 06:03:29] [Epoch    40/  200] trn/loss 6.632e-01, trn/lr 9.068e-03, val/acc 6.096e-01, val/nll 1.522e+00
[2023-02-14 06:03:37] [Epoch    41/  200] trn/loss 6.389e-01, trn/lr 9.022e-03, val/acc 6.177e-01, val/nll 1.474e+00
[2023-02-14 06:03:44] [Epoch    42/  200] trn/loss 6.066e-01, trn/lr 8.975e-03, val/acc 6.160e-01, val/nll 1.452e+00
[2023-02-14 06:03:52] [Epoch    43/  200] trn/loss 5.966e-01, trn/lr 8.927e-03, val/acc 6.233e-01, val/nll 1.424e+00 (best_acc: 6.192e-01 -> 6.233e-01, test_acc: 6.224e-01, test_nll: 1.433e+00)
[2023-02-14 06:03:59] [Epoch    44/  200] trn/loss 5.727e-01, trn/lr 8.878e-03, val/acc 6.219e-01, val/nll 1.440e+00
[2023-02-14 06:04:07] [Epoch    45/  200] trn/loss 5.520e-01, trn/lr 8.828e-03, val/acc 6.239e-01, val/nll 1.474e+00 (best_acc: 6.233e-01 -> 6.239e-01, test_acc: 6.183e-01, test_nll: 1.499e+00)
[2023-02-14 06:04:14] [Epoch    46/  200] trn/loss 5.378e-01, trn/lr 8.777e-03, val/acc 6.176e-01, val/nll 1.456e+00
[2023-02-14 06:04:21] [Epoch    47/  200] trn/loss 5.189e-01, trn/lr 8.725e-03, val/acc 6.145e-01, val/nll 1.525e+00
[2023-02-14 06:04:28] [Epoch    48/  200] trn/loss 4.993e-01, trn/lr 8.672e-03, val/acc 6.183e-01, val/nll 1.501e+00
[2023-02-14 06:04:36] [Epoch    49/  200] trn/loss 4.841e-01, trn/lr 8.618e-03, val/acc 6.257e-01, val/nll 1.442e+00 (best_acc: 6.239e-01 -> 6.257e-01, test_acc: 6.291e-01, test_nll: 1.453e+00)
[2023-02-14 06:04:44] [Epoch    50/  200] trn/loss 4.674e-01, trn/lr 8.563e-03, val/acc 6.104e-01, val/nll 1.547e+00
[2023-02-14 06:04:51] [Epoch    51/  200] trn/loss 4.550e-01, trn/lr 8.508e-03, val/acc 6.201e-01, val/nll 1.526e+00
[2023-02-14 06:04:58] [Epoch    52/  200] trn/loss 4.340e-01, trn/lr 8.451e-03, val/acc 6.149e-01, val/nll 1.551e+00
[2023-02-14 06:05:06] [Epoch    53/  200] trn/loss 4.200e-01, trn/lr 8.394e-03, val/acc 6.385e-01, val/nll 1.483e+00 (best_acc: 6.257e-01 -> 6.385e-01, test_acc: 6.323e-01, test_nll: 1.482e+00)
[2023-02-14 06:05:13] [Epoch    54/  200] trn/loss 4.121e-01, trn/lr 8.336e-03, val/acc 6.287e-01, val/nll 1.519e+00
[2023-02-14 06:05:20] [Epoch    55/  200] trn/loss 3.894e-01, trn/lr 8.277e-03, val/acc 6.060e-01, val/nll 1.626e+00
[2023-02-14 06:05:27] [Epoch    56/  200] trn/loss 3.822e-01, trn/lr 8.217e-03, val/acc 6.014e-01, val/nll 1.648e+00
[2023-02-14 06:05:35] [Epoch    57/  200] trn/loss 3.655e-01, trn/lr 8.157e-03, val/acc 6.258e-01, val/nll 1.570e+00
[2023-02-14 06:05:42] [Epoch    58/  200] trn/loss 3.499e-01, trn/lr 8.096e-03, val/acc 6.127e-01, val/nll 1.584e+00
[2023-02-14 06:05:50] [Epoch    59/  200] trn/loss 3.387e-01, trn/lr 8.034e-03, val/acc 6.442e-01, val/nll 1.452e+00 (best_acc: 6.385e-01 -> 6.442e-01, test_acc: 6.363e-01, test_nll: 1.476e+00)
[2023-02-14 06:05:57] [Epoch    60/  200] trn/loss 3.281e-01, trn/lr 7.971e-03, val/acc 6.434e-01, val/nll 1.390e+00
[2023-02-14 06:06:04] [Epoch    61/  200] trn/loss 3.213e-01, trn/lr 7.907e-03, val/acc 6.304e-01, val/nll 1.491e+00
[2023-02-14 06:06:11] [Epoch    62/  200] trn/loss 3.064e-01, trn/lr 7.843e-03, val/acc 6.415e-01, val/nll 1.454e+00
[2023-02-14 06:06:18] [Epoch    63/  200] trn/loss 2.936e-01, trn/lr 7.778e-03, val/acc 6.216e-01, val/nll 1.557e+00
[2023-02-14 06:06:25] [Epoch    64/  200] trn/loss 2.833e-01, trn/lr 7.712e-03, val/acc 6.333e-01, val/nll 1.497e+00
[2023-02-14 06:06:33] [Epoch    65/  200] trn/loss 2.763e-01, trn/lr 7.646e-03, val/acc 6.512e-01, val/nll 1.433e+00 (best_acc: 6.442e-01 -> 6.512e-01, test_acc: 6.457e-01, test_nll: 1.439e+00)
[2023-02-14 06:06:41] [Epoch    66/  200] trn/loss 2.741e-01, trn/lr 7.579e-03, val/acc 6.133e-01, val/nll 1.560e+00
[2023-02-14 06:06:48] [Epoch    67/  200] trn/loss 2.599e-01, trn/lr 7.512e-03, val/acc 6.507e-01, val/nll 1.451e+00
[2023-02-14 06:06:55] [Epoch    68/  200] trn/loss 2.526e-01, trn/lr 7.443e-03, val/acc 6.235e-01, val/nll 1.529e+00
[2023-02-14 06:07:02] [Epoch    69/  200] trn/loss 2.444e-01, trn/lr 7.374e-03, val/acc 6.481e-01, val/nll 1.437e+00
[2023-02-14 06:07:09] [Epoch    70/  200] trn/loss 2.333e-01, trn/lr 7.305e-03, val/acc 6.414e-01, val/nll 1.471e+00
[2023-02-14 06:07:17] [Epoch    71/  200] trn/loss 2.247e-01, trn/lr 7.235e-03, val/acc 6.535e-01, val/nll 1.422e+00 (best_acc: 6.512e-01 -> 6.535e-01, test_acc: 6.479e-01, test_nll: 1.460e+00)
[2023-02-14 06:07:24] [Epoch    72/  200] trn/loss 2.195e-01, trn/lr 7.165e-03, val/acc 6.262e-01, val/nll 1.546e+00
[2023-02-14 06:07:32] [Epoch    73/  200] trn/loss 2.093e-01, trn/lr 7.093e-03, val/acc 6.435e-01, val/nll 1.472e+00
[2023-02-14 06:07:40] [Epoch    74/  200] trn/loss 2.008e-01, trn/lr 7.022e-03, val/acc 6.569e-01, val/nll 1.415e+00 (best_acc: 6.535e-01 -> 6.569e-01, test_acc: 6.576e-01, test_nll: 1.420e+00)
[2023-02-14 06:07:47] [Epoch    75/  200] trn/loss 2.055e-01, trn/lr 6.950e-03, val/acc 6.561e-01, val/nll 1.411e+00
[2023-02-14 06:07:54] [Epoch    76/  200] trn/loss 2.010e-01, trn/lr 6.877e-03, val/acc 6.456e-01, val/nll 1.453e+00
[2023-02-14 06:08:01] [Epoch    77/  200] trn/loss 1.899e-01, trn/lr 6.804e-03, val/acc 6.475e-01, val/nll 1.477e+00
[2023-02-14 06:08:08] [Epoch    78/  200] trn/loss 1.805e-01, trn/lr 6.731e-03, val/acc 6.460e-01, val/nll 1.447e+00
[2023-02-14 06:08:15] [Epoch    79/  200] trn/loss 1.791e-01, trn/lr 6.657e-03, val/acc 6.490e-01, val/nll 1.455e+00
[2023-02-14 06:08:23] [Epoch    80/  200] trn/loss 1.707e-01, trn/lr 6.583e-03, val/acc 6.479e-01, val/nll 1.459e+00
[2023-02-14 06:08:30] [Epoch    81/  200] trn/loss 1.690e-01, trn/lr 6.508e-03, val/acc 6.653e-01, val/nll 1.376e+00 (best_acc: 6.569e-01 -> 6.653e-01, test_acc: 6.617e-01, test_nll: 1.402e+00)
[2023-02-14 06:08:38] [Epoch    82/  200] trn/loss 1.625e-01, trn/lr 6.433e-03, val/acc 6.470e-01, val/nll 1.444e+00
[2023-02-14 06:08:45] [Epoch    83/  200] trn/loss 1.610e-01, trn/lr 6.357e-03, val/acc 6.606e-01, val/nll 1.389e+00
[2023-02-14 06:08:52] [Epoch    84/  200] trn/loss 1.538e-01, trn/lr 6.282e-03, val/acc 6.471e-01, val/nll 1.475e+00
[2023-02-14 06:08:59] [Epoch    85/  200] trn/loss 1.499e-01, trn/lr 6.206e-03, val/acc 6.449e-01, val/nll 1.523e+00
[2023-02-14 06:09:06] [Epoch    86/  200] trn/loss 1.442e-01, trn/lr 6.129e-03, val/acc 6.571e-01, val/nll 1.435e+00
[2023-02-14 06:09:14] [Epoch    87/  200] trn/loss 1.372e-01, trn/lr 6.053e-03, val/acc 6.584e-01, val/nll 1.438e+00
[2023-02-14 06:09:21] [Epoch    88/  200] trn/loss 1.378e-01, trn/lr 5.976e-03, val/acc 6.716e-01, val/nll 1.373e+00 (best_acc: 6.653e-01 -> 6.716e-01, test_acc: 6.685e-01, test_nll: 1.393e+00)
[2023-02-14 06:09:29] [Epoch    89/  200] trn/loss 1.311e-01, trn/lr 5.899e-03, val/acc 6.592e-01, val/nll 1.435e+00
[2023-02-14 06:09:36] [Epoch    90/  200] trn/loss 1.224e-01, trn/lr 5.821e-03, val/acc 6.618e-01, val/nll 1.381e+00
[2023-02-14 06:09:43] [Epoch    91/  200] trn/loss 1.233e-01, trn/lr 5.744e-03, val/acc 6.694e-01, val/nll 1.379e+00
[2023-02-14 06:09:50] [Epoch    92/  200] trn/loss 1.190e-01, trn/lr 5.666e-03, val/acc 6.707e-01, val/nll 1.368e+00
[2023-02-14 06:09:58] [Epoch    93/  200] trn/loss 1.169e-01, trn/lr 5.588e-03, val/acc 6.771e-01, val/nll 1.348e+00 (best_acc: 6.716e-01 -> 6.771e-01, test_acc: 6.776e-01, test_nll: 1.351e+00)
[2023-02-14 06:10:05] [Epoch    94/  200] trn/loss 1.161e-01, trn/lr 5.510e-03, val/acc 6.725e-01, val/nll 1.374e+00
[2023-02-14 06:10:12] [Epoch    95/  200] trn/loss 1.095e-01, trn/lr 5.432e-03, val/acc 6.717e-01, val/nll 1.375e+00
[2023-02-14 06:10:20] [Epoch    96/  200] trn/loss 1.083e-01, trn/lr 5.353e-03, val/acc 6.642e-01, val/nll 1.437e+00
[2023-02-14 06:10:27] [Epoch    97/  200] trn/loss 1.013e-01, trn/lr 5.275e-03, val/acc 6.702e-01, val/nll 1.385e+00
[2023-02-14 06:10:34] [Epoch    98/  200] trn/loss 1.027e-01, trn/lr 5.197e-03, val/acc 6.737e-01, val/nll 1.390e+00
[2023-02-14 06:10:41] [Epoch    99/  200] trn/loss 9.841e-02, trn/lr 5.118e-03, val/acc 6.623e-01, val/nll 1.440e+00
[2023-02-14 06:10:48] [Epoch   100/  200] trn/loss 9.554e-02, trn/lr 5.040e-03, val/acc 6.764e-01, val/nll 1.340e+00
[2023-02-14 06:10:56] [Epoch   101/  200] trn/loss 9.238e-02, trn/lr 4.961e-03, val/acc 6.773e-01, val/nll 1.336e+00 (best_acc: 6.771e-01 -> 6.773e-01, test_acc: 6.836e-01, test_nll: 1.322e+00)
[2023-02-14 06:11:03] [Epoch   102/  200] trn/loss 8.715e-02, trn/lr 4.882e-03, val/acc 6.746e-01, val/nll 1.354e+00
[2023-02-14 06:11:11] [Epoch   103/  200] trn/loss 8.253e-02, trn/lr 4.804e-03, val/acc 6.700e-01, val/nll 1.341e+00
[2023-02-14 06:11:19] [Epoch   104/  200] trn/loss 8.416e-02, trn/lr 4.725e-03, val/acc 6.794e-01, val/nll 1.323e+00 (best_acc: 6.773e-01 -> 6.794e-01, test_acc: 6.779e-01, test_nll: 1.348e+00)
[2023-02-14 06:11:26] [Epoch   105/  200] trn/loss 8.191e-02, trn/lr 4.647e-03, val/acc 6.686e-01, val/nll 1.386e+00
[2023-02-14 06:11:33] [Epoch   106/  200] trn/loss 8.005e-02, trn/lr 4.569e-03, val/acc 6.768e-01, val/nll 1.337e+00
[2023-02-14 06:11:41] [Epoch   107/  200] trn/loss 7.585e-02, trn/lr 4.491e-03, val/acc 6.817e-01, val/nll 1.306e+00 (best_acc: 6.794e-01 -> 6.817e-01, test_acc: 6.847e-01, test_nll: 1.334e+00)
[2023-02-14 06:11:48] [Epoch   108/  200] trn/loss 7.219e-02, trn/lr 4.413e-03, val/acc 6.769e-01, val/nll 1.317e+00
[2023-02-14 06:11:55] [Epoch   109/  200] trn/loss 7.142e-02, trn/lr 4.335e-03, val/acc 6.785e-01, val/nll 1.346e+00
[2023-02-14 06:12:02] [Epoch   110/  200] trn/loss 6.533e-02, trn/lr 4.257e-03, val/acc 6.816e-01, val/nll 1.327e+00
[2023-02-14 06:12:10] [Epoch   111/  200] trn/loss 6.587e-02, trn/lr 4.179e-03, val/acc 6.840e-01, val/nll 1.303e+00 (best_acc: 6.817e-01 -> 6.840e-01, test_acc: 6.834e-01, test_nll: 1.311e+00)
[2023-02-14 06:12:17] [Epoch   112/  200] trn/loss 6.570e-02, trn/lr 4.102e-03, val/acc 6.794e-01, val/nll 1.349e+00
[2023-02-14 06:12:25] [Epoch   113/  200] trn/loss 6.527e-02, trn/lr 4.025e-03, val/acc 6.794e-01, val/nll 1.340e+00
[2023-02-14 06:12:33] [Epoch   114/  200] trn/loss 6.181e-02, trn/lr 3.948e-03, val/acc 6.872e-01, val/nll 1.294e+00 (best_acc: 6.840e-01 -> 6.872e-01, test_acc: 6.897e-01, test_nll: 1.290e+00)
[2023-02-14 06:12:40] [Epoch   115/  200] trn/loss 6.199e-02, trn/lr 3.871e-03, val/acc 6.842e-01, val/nll 1.335e+00
[2023-02-14 06:12:47] [Epoch   116/  200] trn/loss 5.941e-02, trn/lr 3.795e-03, val/acc 6.824e-01, val/nll 1.336e+00
[2023-02-14 06:12:55] [Epoch   117/  200] trn/loss 5.744e-02, trn/lr 3.719e-03, val/acc 6.897e-01, val/nll 1.295e+00 (best_acc: 6.872e-01 -> 6.897e-01, test_acc: 6.885e-01, test_nll: 1.312e+00)
[2023-02-14 06:13:02] [Epoch   118/  200] trn/loss 5.630e-02, trn/lr 3.643e-03, val/acc 6.742e-01, val/nll 1.334e+00
[2023-02-14 06:13:10] [Epoch   119/  200] trn/loss 5.726e-02, trn/lr 3.568e-03, val/acc 6.963e-01, val/nll 1.267e+00 (best_acc: 6.897e-01 -> 6.963e-01, test_acc: 6.949e-01, test_nll: 1.290e+00)
[2023-02-14 06:13:17] [Epoch   120/  200] trn/loss 5.497e-02, trn/lr 3.493e-03, val/acc 6.853e-01, val/nll 1.307e+00
[2023-02-14 06:13:24] [Epoch   121/  200] trn/loss 5.231e-02, trn/lr 3.418e-03, val/acc 6.893e-01, val/nll 1.284e+00
[2023-02-14 06:13:32] [Epoch   122/  200] trn/loss 5.002e-02, trn/lr 3.344e-03, val/acc 6.999e-01, val/nll 1.249e+00 (best_acc: 6.963e-01 -> 6.999e-01, test_acc: 6.935e-01, test_nll: 1.257e+00)
[2023-02-14 06:13:39] [Epoch   123/  200] trn/loss 4.845e-02, trn/lr 3.270e-03, val/acc 6.895e-01, val/nll 1.272e+00
[2023-02-14 06:13:47] [Epoch   124/  200] trn/loss 4.618e-02, trn/lr 3.196e-03, val/acc 6.885e-01, val/nll 1.276e+00
[2023-02-14 06:13:54] [Epoch   125/  200] trn/loss 4.527e-02, trn/lr 3.123e-03, val/acc 6.949e-01, val/nll 1.278e+00
[2023-02-14 06:14:01] [Epoch   126/  200] trn/loss 4.527e-02, trn/lr 3.051e-03, val/acc 6.903e-01, val/nll 1.261e+00
[2023-02-14 06:14:08] [Epoch   127/  200] trn/loss 4.330e-02, trn/lr 2.979e-03, val/acc 6.913e-01, val/nll 1.245e+00
[2023-02-14 06:14:15] [Epoch   128/  200] trn/loss 4.114e-02, trn/lr 2.907e-03, val/acc 6.936e-01, val/nll 1.259e+00
[2023-02-14 06:14:23] [Epoch   129/  200] trn/loss 4.096e-02, trn/lr 2.836e-03, val/acc 6.862e-01, val/nll 1.269e+00
[2023-02-14 06:14:30] [Epoch   130/  200] trn/loss 3.948e-02, trn/lr 2.765e-03, val/acc 6.902e-01, val/nll 1.254e+00
[2023-02-14 06:14:37] [Epoch   131/  200] trn/loss 3.885e-02, trn/lr 2.695e-03, val/acc 6.961e-01, val/nll 1.244e+00
[2023-02-14 06:14:45] [Epoch   132/  200] trn/loss 3.751e-02, trn/lr 2.626e-03, val/acc 7.007e-01, val/nll 1.227e+00 (best_acc: 6.999e-01 -> 7.007e-01, test_acc: 6.988e-01, test_nll: 1.229e+00)
[2023-02-14 06:14:52] [Epoch   133/  200] trn/loss 3.650e-02, trn/lr 2.557e-03, val/acc 6.999e-01, val/nll 1.224e+00
[2023-02-14 06:14:59] [Epoch   134/  200] trn/loss 3.606e-02, trn/lr 2.489e-03, val/acc 7.007e-01, val/nll 1.218e+00
[2023-02-14 06:15:07] [Epoch   135/  200] trn/loss 3.630e-02, trn/lr 2.421e-03, val/acc 7.014e-01, val/nll 1.219e+00 (best_acc: 7.007e-01 -> 7.014e-01, test_acc: 6.987e-01, test_nll: 1.232e+00)
[2023-02-14 06:15:14] [Epoch   136/  200] trn/loss 3.409e-02, trn/lr 2.354e-03, val/acc 6.969e-01, val/nll 1.224e+00
[2023-02-14 06:15:22] [Epoch   137/  200] trn/loss 3.352e-02, trn/lr 2.288e-03, val/acc 6.991e-01, val/nll 1.232e+00
[2023-02-14 06:15:29] [Epoch   138/  200] trn/loss 3.305e-02, trn/lr 2.222e-03, val/acc 7.038e-01, val/nll 1.211e+00 (best_acc: 7.014e-01 -> 7.038e-01, test_acc: 7.063e-01, test_nll: 1.210e+00)
[2023-02-14 06:15:37] [Epoch   139/  200] trn/loss 3.131e-02, trn/lr 2.157e-03, val/acc 6.981e-01, val/nll 1.210e+00
[2023-02-14 06:15:44] [Epoch   140/  200] trn/loss 3.076e-02, trn/lr 2.093e-03, val/acc 7.011e-01, val/nll 1.217e+00
[2023-02-14 06:15:51] [Epoch   141/  200] trn/loss 2.971e-02, trn/lr 2.030e-03, val/acc 7.023e-01, val/nll 1.200e+00
[2023-02-14 06:15:59] [Epoch   142/  200] trn/loss 2.860e-02, trn/lr 1.967e-03, val/acc 7.066e-01, val/nll 1.192e+00 (best_acc: 7.038e-01 -> 7.066e-01, test_acc: 7.058e-01, test_nll: 1.208e+00)
[2023-02-14 06:16:06] [Epoch   143/  200] trn/loss 2.971e-02, trn/lr 1.905e-03, val/acc 7.059e-01, val/nll 1.200e+00
[2023-02-14 06:16:13] [Epoch   144/  200] trn/loss 2.846e-02, trn/lr 1.843e-03, val/acc 7.045e-01, val/nll 1.191e+00
[2023-02-14 06:16:20] [Epoch   145/  200] trn/loss 2.808e-02, trn/lr 1.783e-03, val/acc 7.062e-01, val/nll 1.190e+00
[2023-02-14 06:16:28] [Epoch   146/  200] trn/loss 2.758e-02, trn/lr 1.723e-03, val/acc 7.084e-01, val/nll 1.185e+00 (best_acc: 7.066e-01 -> 7.084e-01, test_acc: 7.035e-01, test_nll: 1.190e+00)
[2023-02-14 06:16:36] [Epoch   147/  200] trn/loss 2.731e-02, trn/lr 1.664e-03, val/acc 7.051e-01, val/nll 1.186e+00
[2023-02-14 06:16:43] [Epoch   148/  200] trn/loss 2.658e-02, trn/lr 1.606e-03, val/acc 7.054e-01, val/nll 1.194e+00
[2023-02-14 06:16:51] [Epoch   149/  200] trn/loss 2.583e-02, trn/lr 1.549e-03, val/acc 7.088e-01, val/nll 1.182e+00 (best_acc: 7.084e-01 -> 7.088e-01, test_acc: 7.064e-01, test_nll: 1.185e+00)
[2023-02-14 06:16:58] [Epoch   150/  200] trn/loss 2.460e-02, trn/lr 1.493e-03, val/acc 7.090e-01, val/nll 1.170e+00 (best_acc: 7.088e-01 -> 7.090e-01, test_acc: 7.119e-01, test_nll: 1.175e+00)
[2023-02-14 06:17:06] [Epoch   151/  200] trn/loss 2.481e-02, trn/lr 1.437e-03, val/acc 7.147e-01, val/nll 1.168e+00 (best_acc: 7.090e-01 -> 7.147e-01, test_acc: 7.113e-01, test_nll: 1.179e+00)
[2023-02-14 06:17:14] [Epoch   152/  200] trn/loss 2.450e-02, trn/lr 1.382e-03, val/acc 7.073e-01, val/nll 1.188e+00
[2023-02-14 06:17:21] [Epoch   153/  200] trn/loss 2.385e-02, trn/lr 1.329e-03, val/acc 7.098e-01, val/nll 1.173e+00
[2023-02-14 06:17:28] [Epoch   154/  200] trn/loss 2.369e-02, trn/lr 1.276e-03, val/acc 7.059e-01, val/nll 1.182e+00
[2023-02-14 06:17:35] [Epoch   155/  200] trn/loss 2.296e-02, trn/lr 1.224e-03, val/acc 7.049e-01, val/nll 1.172e+00
[2023-02-14 06:17:42] [Epoch   156/  200] trn/loss 2.319e-02, trn/lr 1.173e-03, val/acc 7.086e-01, val/nll 1.178e+00
[2023-02-14 06:17:50] [Epoch   157/  200] trn/loss 2.245e-02, trn/lr 1.123e-03, val/acc 7.106e-01, val/nll 1.168e+00
[2023-02-14 06:17:57] [Epoch   158/  200] trn/loss 2.260e-02, trn/lr 1.074e-03, val/acc 7.096e-01, val/nll 1.167e+00
[2023-02-14 06:18:04] [Epoch   159/  200] trn/loss 2.187e-02, trn/lr 1.025e-03, val/acc 7.093e-01, val/nll 1.159e+00
[2023-02-14 06:18:11] [Epoch   160/  200] trn/loss 2.182e-02, trn/lr 9.783e-04, val/acc 7.076e-01, val/nll 1.172e+00
[2023-02-14 06:18:18] [Epoch   161/  200] trn/loss 2.163e-02, trn/lr 9.321e-04, val/acc 7.122e-01, val/nll 1.164e+00
[2023-02-14 06:18:25] [Epoch   162/  200] trn/loss 2.078e-02, trn/lr 8.870e-04, val/acc 7.128e-01, val/nll 1.163e+00
[2023-02-14 06:18:33] [Epoch   163/  200] trn/loss 2.125e-02, trn/lr 8.428e-04, val/acc 7.100e-01, val/nll 1.162e+00
[2023-02-14 06:18:40] [Epoch   164/  200] trn/loss 2.093e-02, trn/lr 7.997e-04, val/acc 7.117e-01, val/nll 1.161e+00
[2023-02-14 06:18:47] [Epoch   165/  200] trn/loss 2.029e-02, trn/lr 7.576e-04, val/acc 7.131e-01, val/nll 1.162e+00
[2023-02-14 06:18:54] [Epoch   166/  200] trn/loss 2.004e-02, trn/lr 7.166e-04, val/acc 7.119e-01, val/nll 1.156e+00
[2023-02-14 06:19:01] [Epoch   167/  200] trn/loss 1.942e-02, trn/lr 6.766e-04, val/acc 7.138e-01, val/nll 1.159e+00
[2023-02-14 06:19:09] [Epoch   168/  200] trn/loss 2.003e-02, trn/lr 6.377e-04, val/acc 7.124e-01, val/nll 1.155e+00
[2023-02-14 06:19:16] [Epoch   169/  200] trn/loss 1.965e-02, trn/lr 5.998e-04, val/acc 7.115e-01, val/nll 1.157e+00
[2023-02-14 06:19:23] [Epoch   170/  200] trn/loss 1.934e-02, trn/lr 5.631e-04, val/acc 7.140e-01, val/nll 1.152e+00
[2023-02-14 06:19:30] [Epoch   171/  200] trn/loss 1.924e-02, trn/lr 5.274e-04, val/acc 7.113e-01, val/nll 1.151e+00
[2023-02-14 06:19:37] [Epoch   172/  200] trn/loss 1.922e-02, trn/lr 4.929e-04, val/acc 7.137e-01, val/nll 1.154e+00
[2023-02-14 06:19:44] [Epoch   173/  200] trn/loss 1.906e-02, trn/lr 4.594e-04, val/acc 7.123e-01, val/nll 1.155e+00
[2023-02-14 06:19:52] [Epoch   174/  200] trn/loss 1.883e-02, trn/lr 4.271e-04, val/acc 7.136e-01, val/nll 1.152e+00
[2023-02-14 06:19:59] [Epoch   175/  200] trn/loss 1.870e-02, trn/lr 3.959e-04, val/acc 7.125e-01, val/nll 1.153e+00
[2023-02-14 06:20:06] [Epoch   176/  200] trn/loss 1.883e-02, trn/lr 3.659e-04, val/acc 7.140e-01, val/nll 1.152e+00
[2023-02-14 06:20:13] [Epoch   177/  200] trn/loss 1.871e-02, trn/lr 3.369e-04, val/acc 7.138e-01, val/nll 1.150e+00
[2023-02-14 06:20:20] [Epoch   178/  200] trn/loss 1.829e-02, trn/lr 3.092e-04, val/acc 7.122e-01, val/nll 1.152e+00
[2023-02-14 06:20:28] [Epoch   179/  200] trn/loss 1.813e-02, trn/lr 2.826e-04, val/acc 7.159e-01, val/nll 1.148e+00 (best_acc: 7.147e-01 -> 7.159e-01, test_acc: 7.143e-01, test_nll: 1.154e+00)
[2023-02-14 06:20:35] [Epoch   180/  200] trn/loss 1.844e-02, trn/lr 2.571e-04, val/acc 7.132e-01, val/nll 1.146e+00
[2023-02-14 06:20:43] [Epoch   181/  200] trn/loss 1.845e-02, trn/lr 2.329e-04, val/acc 7.159e-01, val/nll 1.147e+00
[2023-02-14 06:20:50] [Epoch   182/  200] trn/loss 1.830e-02, trn/lr 2.098e-04, val/acc 7.160e-01, val/nll 1.146e+00 (best_acc: 7.159e-01 -> 7.160e-01, test_acc: 7.166e-01, test_nll: 1.149e+00)
[2023-02-14 06:20:58] [Epoch   183/  200] trn/loss 1.787e-02, trn/lr 1.878e-04, val/acc 7.134e-01, val/nll 1.147e+00
[2023-02-14 06:21:05] [Epoch   184/  200] trn/loss 1.765e-02, trn/lr 1.671e-04, val/acc 7.154e-01, val/nll 1.145e+00
[2023-02-14 06:21:12] [Epoch   185/  200] trn/loss 1.784e-02, trn/lr 1.476e-04, val/acc 7.144e-01, val/nll 1.146e+00
[2023-02-14 06:21:19] [Epoch   186/  200] trn/loss 1.745e-02, trn/lr 1.292e-04, val/acc 7.139e-01, val/nll 1.147e+00
[2023-02-14 06:21:26] [Epoch   187/  200] trn/loss 1.790e-02, trn/lr 1.121e-04, val/acc 7.137e-01, val/nll 1.144e+00
[2023-02-14 06:21:34] [Epoch   188/  200] trn/loss 1.797e-02, trn/lr 9.617e-05, val/acc 7.143e-01, val/nll 1.144e+00
[2023-02-14 06:21:41] [Epoch   189/  200] trn/loss 1.794e-02, trn/lr 8.145e-05, val/acc 7.145e-01, val/nll 1.142e+00
[2023-02-14 06:21:48] [Epoch   190/  200] trn/loss 1.763e-02, trn/lr 6.794e-05, val/acc 7.159e-01, val/nll 1.142e+00
[2023-02-14 06:21:55] [Epoch   191/  200] trn/loss 1.726e-02, trn/lr 5.565e-05, val/acc 7.150e-01, val/nll 1.144e+00
[2023-02-14 06:22:02] [Epoch   192/  200] trn/loss 1.751e-02, trn/lr 4.458e-05, val/acc 7.153e-01, val/nll 1.141e+00
[2023-02-14 06:22:09] [Epoch   193/  200] trn/loss 1.756e-02, trn/lr 3.474e-05, val/acc 7.154e-01, val/nll 1.142e+00
[2023-02-14 06:22:17] [Epoch   194/  200] trn/loss 1.768e-02, trn/lr 2.612e-05, val/acc 7.155e-01, val/nll 1.142e+00
[2023-02-14 06:22:24] [Epoch   195/  200] trn/loss 1.776e-02, trn/lr 1.872e-05, val/acc 7.153e-01, val/nll 1.143e+00
[2023-02-14 06:22:31] [Epoch   196/  200] trn/loss 1.736e-02, trn/lr 1.255e-05, val/acc 7.155e-01, val/nll 1.142e+00
[2023-02-14 06:22:39] [Epoch   197/  200] trn/loss 1.731e-02, trn/lr 7.619e-06, val/acc 7.167e-01, val/nll 1.144e+00 (best_acc: 7.160e-01 -> 7.167e-01, test_acc: 7.157e-01, test_nll: 1.151e+00)
[2023-02-14 06:22:46] [Epoch   198/  200] trn/loss 1.748e-02, trn/lr 3.916e-06, val/acc 7.153e-01, val/nll 1.142e+00
[2023-02-14 06:22:53] [Epoch   199/  200] trn/loss 1.729e-02, trn/lr 1.445e-06, val/acc 7.154e-01, val/nll 1.143e+00
[2023-02-14 06:23:00] [Epoch   200/  200] trn/loss 1.762e-02, trn/lr 2.075e-07, val/acc 7.155e-01, val/nll 1.142e+00
