[2023-04-10 16:53:05] Environments:
------------  --------------------------------------------------------------------------------
sys.platform  linux
Python        3.10.8 (main, Nov 24 2022, 14:13:03) [GCC 11.2.0]
JAX           0.4.1 @/mnt/home/giung/.conda/envs/jax-vessl/lib/python3.10/site-packages/jax
jaxlib        0.4.1 @/mnt/home/giung/.conda/envs/jax-vessl/lib/python3.10/site-packages/jaxlib
Flax          0.6.3 @/mnt/home/giung/.conda/envs/jax-vessl/lib/python3.10/site-packages/flax
Optax         0.1.4 @/mnt/home/giung/.conda/envs/jax-vessl/lib/python3.10/site-packages/optax
------------  --------------------------------------------------------------------------------

[2023-04-10 16:53:05] Command line arguments:
- args.data_root          : ./data/
- args.data_name          : TinyImageNet200_x64
- args.data_augmentation  : standard
- args.data_proportional  : 1.0
- args.model_name         : FlaxPreResNet
- args.model_depth        : 28
- args.model_width        : 10
- args.model_style        : BN-ReLU
- args.optim_bs           : 256
- args.optim_ne           : 200
- args.optim_lr           : 0.1
- args.optim_momentum     : 0.99
- args.optim_weight_decay : 0.001
- args.save               : /mnt/home/giung/giung2-dev/projects/residual-networks/save/TinyImageNet200_x64/WRN28x10-BN-ReLU/bs-0256_ne-0200_lr-0.10_mo-0.99_wd-0.0010_fp32/42
- args.seed               : 42
- args.precision          : fp32

[2023-04-10 17:00:29] [Epoch     1/  200] trn/loss 4.898e+00, trn/lr 1.000e-01, val/acc 2.517e-02, val/nll 5.477e+00 (best_acc: 0.000e+00 -> 2.517e-02, test_acc: 2.550e-02, test_nll: 5.480e+00)
[2023-04-10 17:06:54] [Epoch     2/  200] trn/loss 4.583e+00, trn/lr 9.999e-02, val/acc 4.314e-02, val/nll 4.948e+00 (best_acc: 2.517e-02 -> 4.314e-02, test_acc: 4.160e-02, test_nll: 4.946e+00)
[2023-04-10 17:13:14] [Epoch     3/  200] trn/loss 4.421e+00, trn/lr 9.996e-02, val/acc 7.362e-02, val/nll 4.476e+00 (best_acc: 4.314e-02 -> 7.362e-02, test_acc: 7.190e-02, test_nll: 4.475e+00)
[2023-04-10 17:19:17] [Epoch     4/  200] trn/loss 4.337e+00, trn/lr 9.992e-02, val/acc 6.593e-02, val/nll 4.586e+00
[2023-04-10 17:25:19] [Epoch     5/  200] trn/loss 4.306e+00, trn/lr 9.987e-02, val/acc 5.702e-02, val/nll 4.773e+00
[2023-04-10 17:31:22] [Epoch     6/  200] trn/loss 4.284e+00, trn/lr 9.981e-02, val/acc 4.425e-02, val/nll 5.097e+00
[2023-04-10 17:37:24] [Epoch     7/  200] trn/loss 4.290e+00, trn/lr 9.974e-02, val/acc 4.795e-02, val/nll 4.856e+00
[2023-04-10 17:43:26] [Epoch     8/  200] trn/loss 4.272e+00, trn/lr 9.965e-02, val/acc 6.853e-02, val/nll 4.593e+00
[2023-04-10 17:49:29] [Epoch     9/  200] trn/loss 4.273e+00, trn/lr 9.955e-02, val/acc 5.614e-02, val/nll 5.188e+00
[2023-04-10 17:55:31] [Epoch    10/  200] trn/loss 4.283e+00, trn/lr 9.944e-02, val/acc 6.444e-02, val/nll 4.531e+00
[2023-04-10 18:01:33] [Epoch    11/  200] trn/loss 4.276e+00, trn/lr 9.932e-02, val/acc 7.107e-02, val/nll 4.436e+00
[2023-04-10 18:07:36] [Epoch    12/  200] trn/loss 4.288e+00, trn/lr 9.919e-02, val/acc 5.514e-02, val/nll 5.064e+00
[2023-04-10 18:13:37] [Epoch    13/  200] trn/loss 4.319e+00, trn/lr 9.904e-02, val/acc 5.315e-02, val/nll 4.941e+00
[2023-04-10 18:19:40] [Epoch    14/  200] trn/loss 4.303e+00, trn/lr 9.888e-02, val/acc 4.906e-02, val/nll 5.042e+00
[2023-04-10 18:25:42] [Epoch    15/  200] trn/loss 4.330e+00, trn/lr 9.871e-02, val/acc 5.913e-02, val/nll 4.627e+00
[2023-04-10 18:31:44] [Epoch    16/  200] trn/loss 4.316e+00, trn/lr 9.853e-02, val/acc 6.493e-02, val/nll 4.679e+00
[2023-04-10 18:37:46] [Epoch    17/  200] trn/loss 4.344e+00, trn/lr 9.833e-02, val/acc 6.875e-02, val/nll 4.529e+00
[2023-04-10 18:43:47] [Epoch    18/  200] trn/loss 4.359e+00, trn/lr 9.812e-02, val/acc 7.268e-02, val/nll 4.550e+00
[2023-04-10 18:49:49] [Epoch    19/  200] trn/loss 4.315e+00, trn/lr 9.790e-02, val/acc 5.288e-02, val/nll 4.781e+00
[2023-04-10 18:55:51] [Epoch    20/  200] trn/loss 4.337e+00, trn/lr 9.767e-02, val/acc 4.408e-02, val/nll 4.999e+00
[2023-04-10 19:01:52] [Epoch    21/  200] trn/loss 4.286e+00, trn/lr 9.743e-02, val/acc 4.602e-02, val/nll 4.852e+00
[2023-04-10 19:07:54] [Epoch    22/  200] trn/loss 4.320e+00, trn/lr 9.718e-02, val/acc 4.889e-02, val/nll 5.214e+00
[2023-04-10 19:13:56] [Epoch    23/  200] trn/loss 4.353e+00, trn/lr 9.691e-02, val/acc 6.327e-02, val/nll 4.590e+00
[2023-04-10 19:19:57] [Epoch    24/  200] trn/loss 4.361e+00, trn/lr 9.663e-02, val/acc 4.978e-02, val/nll 4.750e+00
[2023-04-10 19:25:59] [Epoch    25/  200] trn/loss 4.313e+00, trn/lr 9.634e-02, val/acc 5.028e-02, val/nll 4.824e+00
[2023-04-10 19:32:00] [Epoch    26/  200] trn/loss 4.336e+00, trn/lr 9.604e-02, val/acc 6.372e-02, val/nll 4.622e+00
[2023-04-10 19:38:01] [Epoch    27/  200] trn/loss 4.336e+00, trn/lr 9.573e-02, val/acc 6.211e-02, val/nll 4.665e+00
[2023-04-10 19:44:04] [Epoch    28/  200] trn/loss 4.325e+00, trn/lr 9.541e-02, val/acc 3.435e-02, val/nll 6.401e+00
[2023-04-10 19:50:06] [Epoch    29/  200] trn/loss 4.351e+00, trn/lr 9.507e-02, val/acc 5.227e-02, val/nll 4.786e+00
[2023-04-10 19:56:08] [Epoch    30/  200] trn/loss 4.312e+00, trn/lr 9.473e-02, val/acc 6.239e-02, val/nll 4.550e+00
[2023-04-10 20:02:11] [Epoch    31/  200] trn/loss 4.326e+00, trn/lr 9.437e-02, val/acc 5.459e-02, val/nll 4.830e+00
[2023-04-10 20:08:13] [Epoch    32/  200] trn/loss 4.366e+00, trn/lr 9.400e-02, val/acc 6.681e-02, val/nll 4.531e+00
[2023-04-10 20:14:15] [Epoch    33/  200] trn/loss 4.342e+00, trn/lr 9.362e-02, val/acc 3.424e-02, val/nll 5.190e+00
[2023-04-10 20:20:16] [Epoch    34/  200] trn/loss 4.355e+00, trn/lr 9.324e-02, val/acc 2.666e-02, val/nll 5.500e+00
[2023-04-10 20:26:37] [Epoch    35/  200] trn/loss 4.325e+00, trn/lr 9.284e-02, val/acc 7.832e-02, val/nll 4.466e+00 (best_acc: 7.362e-02 -> 7.832e-02, test_acc: 7.870e-02, test_nll: 4.446e+00)
[2023-04-10 20:32:39] [Epoch    36/  200] trn/loss 4.336e+00, trn/lr 9.243e-02, val/acc 4.226e-02, val/nll 4.997e+00
[2023-04-10 20:38:40] [Epoch    37/  200] trn/loss 4.349e+00, trn/lr 9.200e-02, val/acc 5.752e-02, val/nll 4.775e+00
[2023-04-10 20:44:41] [Epoch    38/  200] trn/loss 4.348e+00, trn/lr 9.157e-02, val/acc 2.782e-02, val/nll 6.456e+00
[2023-04-10 20:50:42] [Epoch    39/  200] trn/loss 4.347e+00, trn/lr 9.113e-02, val/acc 2.732e-02, val/nll 5.940e+00
[2023-04-10 20:56:43] [Epoch    40/  200] trn/loss 4.356e+00, trn/lr 9.068e-02, val/acc 6.787e-02, val/nll 4.590e+00
[2023-04-10 21:02:44] [Epoch    41/  200] trn/loss 4.343e+00, trn/lr 9.022e-02, val/acc 7.517e-02, val/nll 4.486e+00
[2023-04-10 21:08:45] [Epoch    42/  200] trn/loss 4.320e+00, trn/lr 8.975e-02, val/acc 2.804e-02, val/nll 6.343e+00
[2023-04-10 21:14:46] [Epoch    43/  200] trn/loss 4.327e+00, trn/lr 8.927e-02, val/acc 2.129e-02, val/nll 7.746e+00
[2023-04-10 21:20:46] [Epoch    44/  200] trn/loss 4.349e+00, trn/lr 8.878e-02, val/acc 2.683e-02, val/nll 6.094e+00
[2023-04-10 21:26:47] [Epoch    45/  200] trn/loss 4.332e+00, trn/lr 8.827e-02, val/acc 4.275e-02, val/nll 5.524e+00
[2023-04-10 21:32:47] [Epoch    46/  200] trn/loss 4.355e+00, trn/lr 8.776e-02, val/acc 4.325e-02, val/nll 5.220e+00
[2023-04-10 21:38:47] [Epoch    47/  200] trn/loss 4.340e+00, trn/lr 8.725e-02, val/acc 3.601e-02, val/nll 5.332e+00
[2023-04-10 21:44:47] [Epoch    48/  200] trn/loss 4.328e+00, trn/lr 8.672e-02, val/acc 5.697e-02, val/nll 5.191e+00
[2023-04-10 21:50:46] [Epoch    49/  200] trn/loss 4.320e+00, trn/lr 8.618e-02, val/acc 6.156e-02, val/nll 4.823e+00
[2023-04-10 21:56:46] [Epoch    50/  200] trn/loss 4.307e+00, trn/lr 8.563e-02, val/acc 3.247e-02, val/nll 5.146e+00
[2023-04-10 22:02:46] [Epoch    51/  200] trn/loss 4.310e+00, trn/lr 8.508e-02, val/acc 5.376e-02, val/nll 4.716e+00
[2023-04-10 22:08:45] [Epoch    52/  200] trn/loss 4.302e+00, trn/lr 8.451e-02, val/acc 3.921e-02, val/nll 4.980e+00
[2023-04-10 22:14:44] [Epoch    53/  200] trn/loss 4.324e+00, trn/lr 8.394e-02, val/acc 6.715e-02, val/nll 4.526e+00
[2023-04-10 22:20:43] [Epoch    54/  200] trn/loss 4.318e+00, trn/lr 8.336e-02, val/acc 4.718e-02, val/nll 5.113e+00
[2023-04-10 22:26:42] [Epoch    55/  200] trn/loss 4.328e+00, trn/lr 8.277e-02, val/acc 1.770e-02, val/nll 7.025e+00
[2023-04-10 22:32:40] [Epoch    56/  200] trn/loss 4.307e+00, trn/lr 8.217e-02, val/acc 3.330e-02, val/nll 5.804e+00
[2023-04-10 22:38:37] [Epoch    57/  200] trn/loss 4.296e+00, trn/lr 8.157e-02, val/acc 3.446e-02, val/nll 5.380e+00
[2023-04-10 22:44:34] [Epoch    58/  200] trn/loss 4.280e+00, trn/lr 8.096e-02, val/acc 6.029e-02, val/nll 4.657e+00
[2023-04-10 22:50:31] [Epoch    59/  200] trn/loss 4.275e+00, trn/lr 8.033e-02, val/acc 5.326e-02, val/nll 4.855e+00
[2023-04-10 22:56:27] [Epoch    60/  200] trn/loss 4.298e+00, trn/lr 7.971e-02, val/acc 4.939e-02, val/nll 4.675e+00
[2023-04-10 23:02:24] [Epoch    61/  200] trn/loss 4.279e+00, trn/lr 7.907e-02, val/acc 6.327e-02, val/nll 4.653e+00
[2023-04-10 23:08:19] [Epoch    62/  200] trn/loss 4.272e+00, trn/lr 7.843e-02, val/acc 4.729e-02, val/nll 4.769e+00
[2023-04-10 23:14:15] [Epoch    63/  200] trn/loss 4.295e+00, trn/lr 7.778e-02, val/acc 6.787e-02, val/nll 4.641e+00
[2023-04-10 23:20:11] [Epoch    64/  200] trn/loss 4.262e+00, trn/lr 7.712e-02, val/acc 7.129e-02, val/nll 4.610e+00
[2023-04-10 23:26:06] [Epoch    65/  200] trn/loss 4.264e+00, trn/lr 7.646e-02, val/acc 3.219e-02, val/nll 6.136e+00
[2023-04-10 23:32:00] [Epoch    66/  200] trn/loss 4.250e+00, trn/lr 7.579e-02, val/acc 3.916e-02, val/nll 5.871e+00
[2023-04-10 23:38:13] [Epoch    67/  200] trn/loss 4.282e+00, trn/lr 7.511e-02, val/acc 8.219e-02, val/nll 4.410e+00 (best_acc: 7.832e-02 -> 8.219e-02, test_acc: 8.280e-02, test_nll: 4.402e+00)
[2023-04-10 23:44:07] [Epoch    68/  200] trn/loss 4.226e+00, trn/lr 7.443e-02, val/acc 4.121e-02, val/nll 5.085e+00
[2023-04-10 23:50:02] [Epoch    69/  200] trn/loss 4.230e+00, trn/lr 7.374e-02, val/acc 2.683e-02, val/nll 5.639e+00
[2023-04-10 23:55:56] [Epoch    70/  200] trn/loss 4.229e+00, trn/lr 7.305e-02, val/acc 7.727e-02, val/nll 4.454e+00
[2023-04-11 00:01:50] [Epoch    71/  200] trn/loss 4.226e+00, trn/lr 7.235e-02, val/acc 7.566e-02, val/nll 4.483e+00
[2023-04-11 00:07:44] [Epoch    72/  200] trn/loss 4.238e+00, trn/lr 7.164e-02, val/acc 7.456e-02, val/nll 4.344e+00
[2023-04-11 00:13:57] [Epoch    73/  200] trn/loss 4.193e+00, trn/lr 7.093e-02, val/acc 9.132e-02, val/nll 4.297e+00 (best_acc: 8.219e-02 -> 9.132e-02, test_acc: 9.140e-02, test_nll: 4.297e+00)
[2023-04-11 00:19:51] [Epoch    74/  200] trn/loss 4.175e+00, trn/lr 7.022e-02, val/acc 6.316e-02, val/nll 4.679e+00
[2023-04-11 00:25:44] [Epoch    75/  200] trn/loss 4.184e+00, trn/lr 6.950e-02, val/acc 5.315e-02, val/nll 4.855e+00
[2023-04-11 00:31:37] [Epoch    76/  200] trn/loss 4.185e+00, trn/lr 6.877e-02, val/acc 6.145e-02, val/nll 4.715e+00
[2023-04-11 00:37:30] [Epoch    77/  200] trn/loss 4.180e+00, trn/lr 6.804e-02, val/acc 5.658e-02, val/nll 4.689e+00
[2023-04-11 00:43:24] [Epoch    78/  200] trn/loss 4.194e+00, trn/lr 6.731e-02, val/acc 4.132e-02, val/nll 5.568e+00
[2023-04-11 00:49:17] [Epoch    79/  200] trn/loss 4.187e+00, trn/lr 6.657e-02, val/acc 5.183e-02, val/nll 4.766e+00
[2023-04-11 00:55:27] [Epoch    80/  200] trn/loss 4.183e+00, trn/lr 6.582e-02, val/acc 9.535e-02, val/nll 4.246e+00 (best_acc: 9.132e-02 -> 9.535e-02, test_acc: 9.180e-02, test_nll: 4.246e+00)
[2023-04-11 01:01:19] [Epoch    81/  200] trn/loss 4.167e+00, trn/lr 6.508e-02, val/acc 7.340e-02, val/nll 4.436e+00
[2023-04-11 01:07:12] [Epoch    82/  200] trn/loss 4.163e+00, trn/lr 6.433e-02, val/acc 7.035e-02, val/nll 4.695e+00
[2023-04-11 01:13:04] [Epoch    83/  200] trn/loss 4.159e+00, trn/lr 6.357e-02, val/acc 6.726e-02, val/nll 4.626e+00
[2023-04-11 01:18:57] [Epoch    84/  200] trn/loss 4.174e+00, trn/lr 6.282e-02, val/acc 5.011e-02, val/nll 5.006e+00
[2023-04-11 01:24:49] [Epoch    85/  200] trn/loss 4.152e+00, trn/lr 6.205e-02, val/acc 5.719e-02, val/nll 5.246e+00
[2023-04-11 01:30:41] [Epoch    86/  200] trn/loss 4.169e+00, trn/lr 6.129e-02, val/acc 9.386e-02, val/nll 4.306e+00
[2023-04-11 01:36:34] [Epoch    87/  200] trn/loss 4.153e+00, trn/lr 6.052e-02, val/acc 5.885e-02, val/nll 4.920e+00
[2023-04-11 01:42:26] [Epoch    88/  200] trn/loss 4.137e+00, trn/lr 5.976e-02, val/acc 4.729e-02, val/nll 5.087e+00
[2023-04-11 01:48:18] [Epoch    89/  200] trn/loss 4.130e+00, trn/lr 5.898e-02, val/acc 3.379e-02, val/nll 6.332e+00
[2023-04-11 01:54:09] [Epoch    90/  200] trn/loss 4.125e+00, trn/lr 5.821e-02, val/acc 5.885e-02, val/nll 4.951e+00
[2023-04-11 02:00:01] [Epoch    91/  200] trn/loss 4.134e+00, trn/lr 5.743e-02, val/acc 7.423e-02, val/nll 4.530e+00
[2023-04-11 02:05:53] [Epoch    92/  200] trn/loss 4.125e+00, trn/lr 5.666e-02, val/acc 4.784e-02, val/nll 4.934e+00
[2023-04-11 02:11:45] [Epoch    93/  200] trn/loss 4.106e+00, trn/lr 5.588e-02, val/acc 5.061e-02, val/nll 4.885e+00
[2023-04-11 02:17:37] [Epoch    94/  200] trn/loss 4.110e+00, trn/lr 5.510e-02, val/acc 7.356e-02, val/nll 4.454e+00
[2023-04-11 02:23:28] [Epoch    95/  200] trn/loss 4.104e+00, trn/lr 5.432e-02, val/acc 6.007e-02, val/nll 4.647e+00
[2023-04-11 02:29:20] [Epoch    96/  200] trn/loss 4.102e+00, trn/lr 5.353e-02, val/acc 4.480e-02, val/nll 5.300e+00
[2023-04-11 02:35:11] [Epoch    97/  200] trn/loss 4.121e+00, trn/lr 5.275e-02, val/acc 6.482e-02, val/nll 4.929e+00
[2023-04-11 02:41:02] [Epoch    98/  200] trn/loss 4.113e+00, trn/lr 5.196e-02, val/acc 8.330e-02, val/nll 4.475e+00
[2023-04-11 02:46:53] [Epoch    99/  200] trn/loss 4.102e+00, trn/lr 5.118e-02, val/acc 4.419e-02, val/nll 5.258e+00
[2023-04-11 02:52:44] [Epoch   100/  200] trn/loss 4.066e+00, trn/lr 5.039e-02, val/acc 5.608e-02, val/nll 4.862e+00
[2023-04-11 02:58:34] [Epoch   101/  200] trn/loss 4.041e+00, trn/lr 4.961e-02, val/acc 4.558e-02, val/nll 5.103e+00
[2023-04-11 03:04:25] [Epoch   102/  200] trn/loss 4.045e+00, trn/lr 4.882e-02, val/acc 6.184e-02, val/nll 4.787e+00
[2023-04-11 03:10:16] [Epoch   103/  200] trn/loss 4.048e+00, trn/lr 4.804e-02, val/acc 9.159e-02, val/nll 4.295e+00
[2023-04-11 03:16:07] [Epoch   104/  200] trn/loss 4.040e+00, trn/lr 4.725e-02, val/acc 7.998e-02, val/nll 4.637e+00
[2023-04-11 03:21:57] [Epoch   105/  200] trn/loss 4.023e+00, trn/lr 4.647e-02, val/acc 4.414e-02, val/nll 5.178e+00
[2023-04-11 03:27:48] [Epoch   106/  200] trn/loss 4.045e+00, trn/lr 4.569e-02, val/acc 8.938e-02, val/nll 4.484e+00
[2023-04-11 03:33:38] [Epoch   107/  200] trn/loss 4.022e+00, trn/lr 4.491e-02, val/acc 9.369e-02, val/nll 4.409e+00
[2023-04-11 03:39:29] [Epoch   108/  200] trn/loss 4.019e+00, trn/lr 4.412e-02, val/acc 5.940e-02, val/nll 5.319e+00
[2023-04-11 03:45:19] [Epoch   109/  200] trn/loss 4.006e+00, trn/lr 4.335e-02, val/acc 7.815e-02, val/nll 4.407e+00
[2023-04-11 03:51:09] [Epoch   110/  200] trn/loss 3.992e+00, trn/lr 4.257e-02, val/acc 9.458e-02, val/nll 4.361e+00
[2023-04-11 03:56:59] [Epoch   111/  200] trn/loss 4.012e+00, trn/lr 4.179e-02, val/acc 5.404e-02, val/nll 4.906e+00
[2023-04-11 04:02:48] [Epoch   112/  200] trn/loss 4.000e+00, trn/lr 4.102e-02, val/acc 3.429e-02, val/nll 6.238e+00
[2023-04-11 04:08:55] [Epoch   113/  200] trn/loss 3.987e+00, trn/lr 4.025e-02, val/acc 9.701e-02, val/nll 4.221e+00 (best_acc: 9.535e-02 -> 9.701e-02, test_acc: 9.420e-02, test_nll: 4.231e+00)
[2023-04-11 04:14:44] [Epoch   114/  200] trn/loss 3.974e+00, trn/lr 3.948e-02, val/acc 7.163e-02, val/nll 4.593e+00
[2023-04-11 04:20:33] [Epoch   115/  200] trn/loss 3.968e+00, trn/lr 3.871e-02, val/acc 8.352e-02, val/nll 4.570e+00
[2023-04-11 04:26:22] [Epoch   116/  200] trn/loss 3.942e+00, trn/lr 3.795e-02, val/acc 8.031e-02, val/nll 4.742e+00
[2023-04-11 04:32:28] [Epoch   117/  200] trn/loss 3.934e+00, trn/lr 3.719e-02, val/acc 9.840e-02, val/nll 4.202e+00 (best_acc: 9.701e-02 -> 9.840e-02, test_acc: 1.003e-01, test_nll: 4.202e+00)
[2023-04-11 04:38:33] [Epoch   118/  200] trn/loss 3.927e+00, trn/lr 3.643e-02, val/acc 1.145e-01, val/nll 4.091e+00 (best_acc: 9.840e-02 -> 1.145e-01, test_acc: 1.093e-01, test_nll: 4.086e+00)
[2023-04-11 04:44:22] [Epoch   119/  200] trn/loss 3.919e+00, trn/lr 3.568e-02, val/acc 5.525e-02, val/nll 4.960e+00
[2023-04-11 04:50:28] [Epoch   120/  200] trn/loss 3.910e+00, trn/lr 3.492e-02, val/acc 1.332e-01, val/nll 3.974e+00 (best_acc: 1.145e-01 -> 1.332e-01, test_acc: 1.326e-01, test_nll: 3.976e+00)
[2023-04-11 04:56:16] [Epoch   121/  200] trn/loss 3.869e+00, trn/lr 3.418e-02, val/acc 8.285e-02, val/nll 4.460e+00
[2023-04-11 05:02:05] [Epoch   122/  200] trn/loss 3.865e+00, trn/lr 3.343e-02, val/acc 8.202e-02, val/nll 4.584e+00
[2023-04-11 05:07:53] [Epoch   123/  200] trn/loss 3.868e+00, trn/lr 3.270e-02, val/acc 1.134e-01, val/nll 4.173e+00
[2023-04-11 05:13:42] [Epoch   124/  200] trn/loss 3.845e+00, trn/lr 3.196e-02, val/acc 4.287e-02, val/nll 5.573e+00
[2023-04-11 05:19:30] [Epoch   125/  200] trn/loss 3.862e+00, trn/lr 3.123e-02, val/acc 9.049e-02, val/nll 4.488e+00
[2023-04-11 05:25:19] [Epoch   126/  200] trn/loss 3.827e+00, trn/lr 3.050e-02, val/acc 1.061e-01, val/nll 4.262e+00
[2023-04-11 05:31:07] [Epoch   127/  200] trn/loss 3.825e+00, trn/lr 2.978e-02, val/acc 9.784e-02, val/nll 4.272e+00
[2023-04-11 05:36:56] [Epoch   128/  200] trn/loss 3.833e+00, trn/lr 2.907e-02, val/acc 1.030e-01, val/nll 4.383e+00
[2023-04-11 05:42:44] [Epoch   129/  200] trn/loss 3.804e+00, trn/lr 2.836e-02, val/acc 9.038e-02, val/nll 4.334e+00
[2023-04-11 05:48:32] [Epoch   130/  200] trn/loss 3.793e+00, trn/lr 2.765e-02, val/acc 8.899e-02, val/nll 4.563e+00
[2023-04-11 05:54:20] [Epoch   131/  200] trn/loss 3.783e+00, trn/lr 2.695e-02, val/acc 6.084e-02, val/nll 4.801e+00
[2023-04-11 06:00:08] [Epoch   132/  200] trn/loss 3.768e+00, trn/lr 2.626e-02, val/acc 8.579e-02, val/nll 4.670e+00
[2023-04-11 06:05:56] [Epoch   133/  200] trn/loss 3.765e+00, trn/lr 2.557e-02, val/acc 1.059e-01, val/nll 4.351e+00
[2023-04-11 06:11:43] [Epoch   134/  200] trn/loss 3.760e+00, trn/lr 2.489e-02, val/acc 1.180e-01, val/nll 4.156e+00
[2023-04-11 06:17:31] [Epoch   135/  200] trn/loss 3.725e+00, trn/lr 2.421e-02, val/acc 1.185e-01, val/nll 4.112e+00
[2023-04-11 06:23:35] [Epoch   136/  200] trn/loss 3.723e+00, trn/lr 2.354e-02, val/acc 1.563e-01, val/nll 3.762e+00 (best_acc: 1.332e-01 -> 1.563e-01, test_acc: 1.580e-01, test_nll: 3.775e+00)
[2023-04-11 06:29:23] [Epoch   137/  200] trn/loss 3.695e+00, trn/lr 2.288e-02, val/acc 9.447e-02, val/nll 4.458e+00
[2023-04-11 06:35:10] [Epoch   138/  200] trn/loss 3.691e+00, trn/lr 2.222e-02, val/acc 1.131e-01, val/nll 4.264e+00
[2023-04-11 06:40:57] [Epoch   139/  200] trn/loss 3.705e+00, trn/lr 2.157e-02, val/acc 1.357e-01, val/nll 3.948e+00
[2023-04-11 06:47:01] [Epoch   140/  200] trn/loss 3.665e+00, trn/lr 2.093e-02, val/acc 1.662e-01, val/nll 3.778e+00 (best_acc: 1.563e-01 -> 1.662e-01, test_acc: 1.643e-01, test_nll: 3.773e+00)
[2023-04-11 06:52:48] [Epoch   141/  200] trn/loss 3.633e+00, trn/lr 2.030e-02, val/acc 1.496e-01, val/nll 3.898e+00
[2023-04-11 06:58:35] [Epoch   142/  200] trn/loss 3.643e+00, trn/lr 1.967e-02, val/acc 7.743e-02, val/nll 4.591e+00
[2023-04-11 07:04:21] [Epoch   143/  200] trn/loss 3.639e+00, trn/lr 1.905e-02, val/acc 1.211e-01, val/nll 4.266e+00
[2023-04-11 07:10:08] [Epoch   144/  200] trn/loss 3.607e+00, trn/lr 1.843e-02, val/acc 1.003e-01, val/nll 4.519e+00
[2023-04-11 07:15:55] [Epoch   145/  200] trn/loss 3.585e+00, trn/lr 1.783e-02, val/acc 1.060e-01, val/nll 4.275e+00
[2023-04-11 07:21:41] [Epoch   146/  200] trn/loss 3.592e+00, trn/lr 1.723e-02, val/acc 1.363e-01, val/nll 4.069e+00
[2023-04-11 07:27:28] [Epoch   147/  200] trn/loss 3.594e+00, trn/lr 1.664e-02, val/acc 1.653e-01, val/nll 3.734e+00
[2023-04-11 07:33:14] [Epoch   148/  200] trn/loss 3.534e+00, trn/lr 1.606e-02, val/acc 1.194e-01, val/nll 4.201e+00
[2023-04-11 07:39:00] [Epoch   149/  200] trn/loss 3.525e+00, trn/lr 1.549e-02, val/acc 1.290e-01, val/nll 4.034e+00
[2023-04-11 07:45:04] [Epoch   150/  200] trn/loss 3.501e+00, trn/lr 1.492e-02, val/acc 1.666e-01, val/nll 3.812e+00 (best_acc: 1.662e-01 -> 1.666e-01, test_acc: 1.640e-01, test_nll: 3.813e+00)
[2023-04-11 07:50:50] [Epoch   151/  200] trn/loss 3.495e+00, trn/lr 1.437e-02, val/acc 8.507e-02, val/nll 4.536e+00
[2023-04-11 07:56:37] [Epoch   152/  200] trn/loss 3.493e+00, trn/lr 1.382e-02, val/acc 1.392e-01, val/nll 3.994e+00
[2023-04-11 08:02:23] [Epoch   153/  200] trn/loss 3.460e+00, trn/lr 1.329e-02, val/acc 1.461e-01, val/nll 3.972e+00
[2023-04-11 08:08:27] [Epoch   154/  200] trn/loss 3.434e+00, trn/lr 1.276e-02, val/acc 1.837e-01, val/nll 3.685e+00 (best_acc: 1.666e-01 -> 1.837e-01, test_acc: 1.773e-01, test_nll: 3.709e+00)
[2023-04-11 08:14:13] [Epoch   155/  200] trn/loss 3.419e+00, trn/lr 1.224e-02, val/acc 1.629e-01, val/nll 3.878e+00
[2023-04-11 08:20:17] [Epoch   156/  200] trn/loss 3.422e+00, trn/lr 1.173e-02, val/acc 1.880e-01, val/nll 3.625e+00 (best_acc: 1.837e-01 -> 1.880e-01, test_acc: 1.849e-01, test_nll: 3.634e+00)
[2023-04-11 08:26:03] [Epoch   157/  200] trn/loss 3.371e+00, trn/lr 1.123e-02, val/acc 1.154e-01, val/nll 4.386e+00
[2023-04-11 08:32:07] [Epoch   158/  200] trn/loss 3.344e+00, trn/lr 1.074e-02, val/acc 1.991e-01, val/nll 3.575e+00 (best_acc: 1.880e-01 -> 1.991e-01, test_acc: 1.928e-01, test_nll: 3.584e+00)
[2023-04-11 08:37:54] [Epoch   159/  200] trn/loss 3.344e+00, trn/lr 1.025e-02, val/acc 1.805e-01, val/nll 3.692e+00
[2023-04-11 08:43:40] [Epoch   160/  200] trn/loss 3.316e+00, trn/lr 9.782e-03, val/acc 1.748e-01, val/nll 3.775e+00
[2023-04-11 08:49:44] [Epoch   161/  200] trn/loss 3.301e+00, trn/lr 9.321e-03, val/acc 2.338e-01, val/nll 3.346e+00 (best_acc: 1.991e-01 -> 2.338e-01, test_acc: 2.305e-01, test_nll: 3.358e+00)
[2023-04-11 08:55:30] [Epoch   162/  200] trn/loss 3.279e+00, trn/lr 8.869e-03, val/acc 2.244e-01, val/nll 3.392e+00
[2023-04-11 09:01:17] [Epoch   163/  200] trn/loss 3.248e+00, trn/lr 8.428e-03, val/acc 1.666e-01, val/nll 3.972e+00
[2023-04-11 09:07:03] [Epoch   164/  200] trn/loss 3.238e+00, trn/lr 7.996e-03, val/acc 2.111e-01, val/nll 3.490e+00
[2023-04-11 09:12:50] [Epoch   165/  200] trn/loss 3.210e+00, trn/lr 7.576e-03, val/acc 2.269e-01, val/nll 3.370e+00
[2023-04-11 09:18:53] [Epoch   166/  200] trn/loss 3.168e+00, trn/lr 7.165e-03, val/acc 2.361e-01, val/nll 3.345e+00 (best_acc: 2.338e-01 -> 2.361e-01, test_acc: 2.324e-01, test_nll: 3.362e+00)
[2023-04-11 09:24:57] [Epoch   167/  200] trn/loss 3.160e+00, trn/lr 6.765e-03, val/acc 2.545e-01, val/nll 3.227e+00 (best_acc: 2.361e-01 -> 2.545e-01, test_acc: 2.502e-01, test_nll: 3.245e+00)
[2023-04-11 09:30:43] [Epoch   168/  200] trn/loss 3.128e+00, trn/lr 6.376e-03, val/acc 2.429e-01, val/nll 3.309e+00
[2023-04-11 09:36:30] [Epoch   169/  200] trn/loss 3.097e+00, trn/lr 5.998e-03, val/acc 2.524e-01, val/nll 3.263e+00
[2023-04-11 09:42:16] [Epoch   170/  200] trn/loss 3.078e+00, trn/lr 5.630e-03, val/acc 2.393e-01, val/nll 3.346e+00
[2023-04-11 09:48:20] [Epoch   171/  200] trn/loss 3.042e+00, trn/lr 5.274e-03, val/acc 2.751e-01, val/nll 3.122e+00 (best_acc: 2.545e-01 -> 2.751e-01, test_acc: 2.714e-01, test_nll: 3.136e+00)
[2023-04-11 09:54:06] [Epoch   172/  200] trn/loss 3.024e+00, trn/lr 4.928e-03, val/acc 2.602e-01, val/nll 3.239e+00
[2023-04-11 09:59:52] [Epoch   173/  200] trn/loss 3.009e+00, trn/lr 4.594e-03, val/acc 2.513e-01, val/nll 3.260e+00
[2023-04-11 10:05:39] [Epoch   174/  200] trn/loss 2.973e+00, trn/lr 4.271e-03, val/acc 2.645e-01, val/nll 3.180e+00
[2023-04-11 10:11:25] [Epoch   175/  200] trn/loss 2.945e+00, trn/lr 3.959e-03, val/acc 2.325e-01, val/nll 3.378e+00
[2023-04-11 10:17:29] [Epoch   176/  200] trn/loss 2.919e+00, trn/lr 3.658e-03, val/acc 2.855e-01, val/nll 3.075e+00 (best_acc: 2.751e-01 -> 2.855e-01, test_acc: 2.827e-01, test_nll: 3.078e+00)
[2023-04-11 10:23:16] [Epoch   177/  200] trn/loss 2.887e+00, trn/lr 3.369e-03, val/acc 2.761e-01, val/nll 3.122e+00
[2023-04-11 10:29:19] [Epoch   178/  200] trn/loss 2.866e+00, trn/lr 3.091e-03, val/acc 3.114e-01, val/nll 2.940e+00 (best_acc: 2.855e-01 -> 3.114e-01, test_acc: 3.065e-01, test_nll: 2.956e+00)
[2023-04-11 10:35:05] [Epoch   179/  200] trn/loss 2.832e+00, trn/lr 2.825e-03, val/acc 3.046e-01, val/nll 2.950e+00
[2023-04-11 10:40:52] [Epoch   180/  200] trn/loss 2.820e+00, trn/lr 2.571e-03, val/acc 2.941e-01, val/nll 3.042e+00
[2023-04-11 10:46:56] [Epoch   181/  200] trn/loss 2.774e+00, trn/lr 2.328e-03, val/acc 3.140e-01, val/nll 2.903e+00 (best_acc: 3.114e-01 -> 3.140e-01, test_acc: 3.042e-01, test_nll: 2.926e+00)
[2023-04-11 10:52:59] [Epoch   182/  200] trn/loss 2.729e+00, trn/lr 2.097e-03, val/acc 3.287e-01, val/nll 2.839e+00 (best_acc: 3.140e-01 -> 3.287e-01, test_acc: 3.292e-01, test_nll: 2.838e+00)
[2023-04-11 10:58:46] [Epoch   183/  200] trn/loss 2.704e+00, trn/lr 1.878e-03, val/acc 3.232e-01, val/nll 2.869e+00
[2023-04-11 11:04:32] [Epoch   184/  200] trn/loss 2.681e+00, trn/lr 1.671e-03, val/acc 3.205e-01, val/nll 2.872e+00
[2023-04-11 11:10:37] [Epoch   185/  200] trn/loss 2.641e+00, trn/lr 1.475e-03, val/acc 3.421e-01, val/nll 2.786e+00 (best_acc: 3.287e-01 -> 3.421e-01, test_acc: 3.405e-01, test_nll: 2.794e+00)
[2023-04-11 11:16:41] [Epoch   186/  200] trn/loss 2.617e+00, trn/lr 1.292e-03, val/acc 3.468e-01, val/nll 2.744e+00 (best_acc: 3.421e-01 -> 3.468e-01, test_acc: 3.436e-01, test_nll: 2.748e+00)
[2023-04-11 11:22:44] [Epoch   187/  200] trn/loss 2.591e+00, trn/lr 1.121e-03, val/acc 3.556e-01, val/nll 2.713e+00 (best_acc: 3.468e-01 -> 3.556e-01, test_acc: 3.538e-01, test_nll: 2.722e+00)
[2023-04-11 11:28:48] [Epoch   188/  200] trn/loss 2.557e+00, trn/lr 9.615e-04, val/acc 3.600e-01, val/nll 2.699e+00 (best_acc: 3.556e-01 -> 3.600e-01, test_acc: 3.552e-01, test_nll: 2.713e+00)
[2023-04-11 11:34:51] [Epoch   189/  200] trn/loss 2.526e+00, trn/lr 8.143e-04, val/acc 3.636e-01, val/nll 2.674e+00 (best_acc: 3.600e-01 -> 3.636e-01, test_acc: 3.606e-01, test_nll: 2.680e+00)
[2023-04-11 11:40:55] [Epoch   190/  200] trn/loss 2.498e+00, trn/lr 6.792e-04, val/acc 3.712e-01, val/nll 2.632e+00 (best_acc: 3.636e-01 -> 3.712e-01, test_acc: 3.675e-01, test_nll: 2.648e+00)
[2023-04-11 11:46:58] [Epoch   191/  200] trn/loss 2.469e+00, trn/lr 5.564e-04, val/acc 3.739e-01, val/nll 2.608e+00 (best_acc: 3.712e-01 -> 3.739e-01, test_acc: 3.678e-01, test_nll: 2.617e+00)
[2023-04-11 11:53:02] [Epoch   192/  200] trn/loss 2.440e+00, trn/lr 4.457e-04, val/acc 3.853e-01, val/nll 2.565e+00 (best_acc: 3.739e-01 -> 3.853e-01, test_acc: 3.775e-01, test_nll: 2.573e+00)
[2023-04-11 11:59:05] [Epoch   193/  200] trn/loss 2.414e+00, trn/lr 3.472e-04, val/acc 3.881e-01, val/nll 2.547e+00 (best_acc: 3.853e-01 -> 3.881e-01, test_acc: 3.812e-01, test_nll: 2.556e+00)
[2023-04-11 12:05:09] [Epoch   194/  200] trn/loss 2.392e+00, trn/lr 2.610e-04, val/acc 3.933e-01, val/nll 2.531e+00 (best_acc: 3.881e-01 -> 3.933e-01, test_acc: 3.916e-01, test_nll: 2.540e+00)
[2023-04-11 12:11:12] [Epoch   195/  200] trn/loss 2.368e+00, trn/lr 1.871e-04, val/acc 3.991e-01, val/nll 2.507e+00 (best_acc: 3.933e-01 -> 3.991e-01, test_acc: 3.949e-01, test_nll: 2.513e+00)
[2023-04-11 12:17:15] [Epoch   196/  200] trn/loss 2.347e+00, trn/lr 1.255e-04, val/acc 3.997e-01, val/nll 2.494e+00 (best_acc: 3.991e-01 -> 3.997e-01, test_acc: 3.924e-01, test_nll: 2.497e+00)
[2023-04-11 12:23:19] [Epoch   197/  200] trn/loss 2.330e+00, trn/lr 7.613e-05, val/acc 4.018e-01, val/nll 2.483e+00 (best_acc: 3.997e-01 -> 4.018e-01, test_acc: 3.987e-01, test_nll: 2.488e+00)
[2023-04-11 12:29:22] [Epoch   198/  200] trn/loss 2.319e+00, trn/lr 3.911e-05, val/acc 4.029e-01, val/nll 2.476e+00 (best_acc: 4.018e-01 -> 4.029e-01, test_acc: 3.996e-01, test_nll: 2.479e+00)
[2023-04-11 12:35:25] [Epoch   199/  200] trn/loss 2.309e+00, trn/lr 1.442e-05, val/acc 4.036e-01, val/nll 2.474e+00 (best_acc: 4.029e-01 -> 4.036e-01, test_acc: 4.001e-01, test_nll: 2.480e+00)
[2023-04-11 12:41:28] [Epoch   200/  200] trn/loss 2.307e+00, trn/lr 2.066e-06, val/acc 4.040e-01, val/nll 2.473e+00 (best_acc: 4.036e-01 -> 4.040e-01, test_acc: 4.023e-01, test_nll: 2.478e+00)
