[2023-02-03 01:49:23] Environments:
------------  --------------------------------------------------------------------------------
sys.platform  linux
Python        3.10.8 (main, Nov 24 2022, 14:13:03) [GCC 11.2.0]
JAX           0.4.1 @/mnt/home/giung/.conda/envs/jax-vessl/lib/python3.10/site-packages/jax
jaxlib        0.4.1 @/mnt/home/giung/.conda/envs/jax-vessl/lib/python3.10/site-packages/jaxlib
Flax          0.6.3 @/mnt/home/giung/.conda/envs/jax-vessl/lib/python3.10/site-packages/flax
Optax         0.1.4 @/mnt/home/giung/.conda/envs/jax-vessl/lib/python3.10/site-packages/optax
------------  --------------------------------------------------------------------------------

[2023-02-03 01:49:23] Command line arguments:
- args.data_root          : ./data/
- args.data_name          : CIFAR10_x32
- args.data_augmentation  : standard
- args.data_proportional  : 1.0
- args.model_depth        : 20
- args.model_width        : 2
- args.model_style        : BN-ReLU
- args.optim_bs           : 256
- args.optim_ne           : 200
- args.optim_lr           : 0.1
- args.optim_momentum     : 0.7
- args.optim_weight_decay : 0.0001
- args.save               : /mnt/home/giung/giung2-dev/projects/residual-networks/save/CIFAR10_x32/R20x2-BN-ReLU/bs-0256_ne-0200_lr-0.10_mo-0.70_wd-0.0001_fp32/42
- args.seed               : 42
- args.precision          : fp32

[2023-02-03 01:49:55] [Epoch     1/  200] trn/loss 1.766e+00, trn/lr 1.000e-01, val/acc 4.884e-01, val/nll 1.393e+00 (best_acc: 0.000e+00 -> 4.884e-01, test_acc: 4.881e-01, test_nll: 1.406e+00)
[2023-02-03 01:50:02] [Epoch     2/  200] trn/loss 1.253e+00, trn/lr 9.999e-02, val/acc 5.405e-01, val/nll 1.310e+00 (best_acc: 4.884e-01 -> 5.405e-01, test_acc: 5.422e-01, test_nll: 1.321e+00)
[2023-02-03 01:50:09] [Epoch     3/  200] trn/loss 1.016e+00, trn/lr 9.996e-02, val/acc 6.416e-01, val/nll 1.048e+00 (best_acc: 5.405e-01 -> 6.416e-01, test_acc: 6.330e-01, test_nll: 1.070e+00)
[2023-02-03 01:50:15] [Epoch     4/  200] trn/loss 8.731e-01, trn/lr 9.992e-02, val/acc 6.511e-01, val/nll 1.085e+00 (best_acc: 6.416e-01 -> 6.511e-01, test_acc: 6.398e-01, test_nll: 1.109e+00)
[2023-02-03 01:50:22] [Epoch     5/  200] trn/loss 7.652e-01, trn/lr 9.987e-02, val/acc 6.475e-01, val/nll 1.173e+00
[2023-02-03 01:50:28] [Epoch     6/  200] trn/loss 6.840e-01, trn/lr 9.981e-02, val/acc 7.337e-01, val/nll 7.646e-01 (best_acc: 6.511e-01 -> 7.337e-01, test_acc: 7.337e-01, test_nll: 7.661e-01)
[2023-02-03 01:50:34] [Epoch     7/  200] trn/loss 6.148e-01, trn/lr 9.974e-02, val/acc 7.108e-01, val/nll 8.910e-01
[2023-02-03 01:50:41] [Epoch     8/  200] trn/loss 5.661e-01, trn/lr 9.965e-02, val/acc 6.510e-01, val/nll 1.393e+00
[2023-02-03 01:50:47] [Epoch     9/  200] trn/loss 5.175e-01, trn/lr 9.955e-02, val/acc 7.903e-01, val/nll 6.382e-01 (best_acc: 7.337e-01 -> 7.903e-01, test_acc: 7.893e-01, test_nll: 6.357e-01)
[2023-02-03 01:50:54] [Epoch    10/  200] trn/loss 4.861e-01, trn/lr 9.944e-02, val/acc 7.982e-01, val/nll 6.051e-01 (best_acc: 7.903e-01 -> 7.982e-01, test_acc: 7.884e-01, test_nll: 6.236e-01)
[2023-02-03 01:51:00] [Epoch    11/  200] trn/loss 4.529e-01, trn/lr 9.932e-02, val/acc 7.795e-01, val/nll 6.641e-01
[2023-02-03 01:51:06] [Epoch    12/  200] trn/loss 4.294e-01, trn/lr 9.919e-02, val/acc 7.513e-01, val/nll 8.263e-01
[2023-02-03 01:51:12] [Epoch    13/  200] trn/loss 4.062e-01, trn/lr 9.904e-02, val/acc 7.780e-01, val/nll 7.441e-01
[2023-02-03 01:51:19] [Epoch    14/  200] trn/loss 3.787e-01, trn/lr 9.888e-02, val/acc 7.879e-01, val/nll 6.747e-01
[2023-02-03 01:51:25] [Epoch    15/  200] trn/loss 3.602e-01, trn/lr 9.871e-02, val/acc 7.979e-01, val/nll 6.533e-01
[2023-02-03 01:51:31] [Epoch    16/  200] trn/loss 3.463e-01, trn/lr 9.853e-02, val/acc 8.244e-01, val/nll 5.554e-01 (best_acc: 7.982e-01 -> 8.244e-01, test_acc: 8.276e-01, test_nll: 5.702e-01)
[2023-02-03 01:51:38] [Epoch    17/  200] trn/loss 3.287e-01, trn/lr 9.833e-02, val/acc 7.906e-01, val/nll 7.354e-01
[2023-02-03 01:51:44] [Epoch    18/  200] trn/loss 3.121e-01, trn/lr 9.812e-02, val/acc 7.707e-01, val/nll 7.833e-01
[2023-02-03 01:51:50] [Epoch    19/  200] trn/loss 2.964e-01, trn/lr 9.790e-02, val/acc 8.513e-01, val/nll 4.647e-01 (best_acc: 8.244e-01 -> 8.513e-01, test_acc: 8.513e-01, test_nll: 4.835e-01)
[2023-02-03 01:51:57] [Epoch    20/  200] trn/loss 2.825e-01, trn/lr 9.767e-02, val/acc 8.084e-01, val/nll 6.207e-01
[2023-02-03 01:52:03] [Epoch    21/  200] trn/loss 2.709e-01, trn/lr 9.743e-02, val/acc 8.436e-01, val/nll 5.113e-01
[2023-02-03 01:52:09] [Epoch    22/  200] trn/loss 2.573e-01, trn/lr 9.718e-02, val/acc 8.372e-01, val/nll 5.273e-01
[2023-02-03 01:52:15] [Epoch    23/  200] trn/loss 2.586e-01, trn/lr 9.691e-02, val/acc 8.375e-01, val/nll 5.507e-01
[2023-02-03 01:52:21] [Epoch    24/  200] trn/loss 2.365e-01, trn/lr 9.663e-02, val/acc 8.356e-01, val/nll 5.526e-01
[2023-02-03 01:52:28] [Epoch    25/  200] trn/loss 2.286e-01, trn/lr 9.634e-02, val/acc 8.538e-01, val/nll 4.942e-01 (best_acc: 8.513e-01 -> 8.538e-01, test_acc: 8.493e-01, test_nll: 5.045e-01)
[2023-02-03 01:52:34] [Epoch    26/  200] trn/loss 2.119e-01, trn/lr 9.604e-02, val/acc 8.499e-01, val/nll 4.880e-01
[2023-02-03 01:52:40] [Epoch    27/  200] trn/loss 2.051e-01, trn/lr 9.573e-02, val/acc 8.386e-01, val/nll 5.443e-01
[2023-02-03 01:52:47] [Epoch    28/  200] trn/loss 1.995e-01, trn/lr 9.541e-02, val/acc 8.417e-01, val/nll 5.527e-01
[2023-02-03 01:52:53] [Epoch    29/  200] trn/loss 1.934e-01, trn/lr 9.507e-02, val/acc 8.492e-01, val/nll 5.447e-01
[2023-02-03 01:52:59] [Epoch    30/  200] trn/loss 1.799e-01, trn/lr 9.473e-02, val/acc 8.504e-01, val/nll 5.145e-01
[2023-02-03 01:53:05] [Epoch    31/  200] trn/loss 1.755e-01, trn/lr 9.437e-02, val/acc 8.290e-01, val/nll 6.354e-01
[2023-02-03 01:53:11] [Epoch    32/  200] trn/loss 1.693e-01, trn/lr 9.400e-02, val/acc 8.506e-01, val/nll 5.591e-01
[2023-02-03 01:53:18] [Epoch    33/  200] trn/loss 1.648e-01, trn/lr 9.363e-02, val/acc 8.646e-01, val/nll 4.620e-01 (best_acc: 8.538e-01 -> 8.646e-01, test_acc: 8.620e-01, test_nll: 4.915e-01)
[2023-02-03 01:53:24] [Epoch    34/  200] trn/loss 1.517e-01, trn/lr 9.324e-02, val/acc 8.491e-01, val/nll 5.833e-01
[2023-02-03 01:53:30] [Epoch    35/  200] trn/loss 1.514e-01, trn/lr 9.284e-02, val/acc 8.567e-01, val/nll 5.121e-01
[2023-02-03 01:53:37] [Epoch    36/  200] trn/loss 1.496e-01, trn/lr 9.243e-02, val/acc 8.696e-01, val/nll 4.806e-01 (best_acc: 8.646e-01 -> 8.696e-01, test_acc: 8.637e-01, test_nll: 4.802e-01)
[2023-02-03 01:53:43] [Epoch    37/  200] trn/loss 1.376e-01, trn/lr 9.201e-02, val/acc 8.581e-01, val/nll 5.447e-01
[2023-02-03 01:53:49] [Epoch    38/  200] trn/loss 1.309e-01, trn/lr 9.157e-02, val/acc 8.529e-01, val/nll 5.800e-01
[2023-02-03 01:53:56] [Epoch    39/  200] trn/loss 1.255e-01, trn/lr 9.113e-02, val/acc 8.697e-01, val/nll 4.872e-01 (best_acc: 8.696e-01 -> 8.697e-01, test_acc: 8.618e-01, test_nll: 5.190e-01)
[2023-02-03 01:54:02] [Epoch    40/  200] trn/loss 1.250e-01, trn/lr 9.068e-02, val/acc 8.412e-01, val/nll 6.281e-01
[2023-02-03 01:54:09] [Epoch    41/  200] trn/loss 1.196e-01, trn/lr 9.022e-02, val/acc 8.569e-01, val/nll 5.524e-01
[2023-02-03 01:54:15] [Epoch    42/  200] trn/loss 1.137e-01, trn/lr 8.975e-02, val/acc 8.631e-01, val/nll 5.676e-01
[2023-02-03 01:54:21] [Epoch    43/  200] trn/loss 1.097e-01, trn/lr 8.927e-02, val/acc 8.720e-01, val/nll 5.012e-01 (best_acc: 8.697e-01 -> 8.720e-01, test_acc: 8.642e-01, test_nll: 5.338e-01)
[2023-02-03 01:54:28] [Epoch    44/  200] trn/loss 1.094e-01, trn/lr 8.878e-02, val/acc 8.581e-01, val/nll 5.825e-01
[2023-02-03 01:54:34] [Epoch    45/  200] trn/loss 1.033e-01, trn/lr 8.828e-02, val/acc 8.699e-01, val/nll 4.839e-01
[2023-02-03 01:54:40] [Epoch    46/  200] trn/loss 1.004e-01, trn/lr 8.777e-02, val/acc 8.573e-01, val/nll 5.924e-01
[2023-02-03 01:54:47] [Epoch    47/  200] trn/loss 9.127e-02, trn/lr 8.725e-02, val/acc 8.730e-01, val/nll 5.362e-01 (best_acc: 8.720e-01 -> 8.730e-01, test_acc: 8.697e-01, test_nll: 5.796e-01)
[2023-02-03 01:54:53] [Epoch    48/  200] trn/loss 9.412e-02, trn/lr 8.672e-02, val/acc 8.769e-01, val/nll 4.665e-01 (best_acc: 8.730e-01 -> 8.769e-01, test_acc: 8.731e-01, test_nll: 5.209e-01)
[2023-02-03 01:54:59] [Epoch    49/  200] trn/loss 8.845e-02, trn/lr 8.618e-02, val/acc 8.702e-01, val/nll 5.190e-01
[2023-02-03 01:55:06] [Epoch    50/  200] trn/loss 8.201e-02, trn/lr 8.563e-02, val/acc 8.848e-01, val/nll 4.652e-01 (best_acc: 8.769e-01 -> 8.848e-01, test_acc: 8.839e-01, test_nll: 4.954e-01)
[2023-02-03 01:55:12] [Epoch    51/  200] trn/loss 7.634e-02, trn/lr 8.508e-02, val/acc 8.838e-01, val/nll 4.833e-01
[2023-02-03 01:55:19] [Epoch    52/  200] trn/loss 8.117e-02, trn/lr 8.451e-02, val/acc 8.851e-01, val/nll 4.927e-01 (best_acc: 8.848e-01 -> 8.851e-01, test_acc: 8.765e-01, test_nll: 5.109e-01)
[2023-02-03 01:55:26] [Epoch    53/  200] trn/loss 7.248e-02, trn/lr 8.394e-02, val/acc 8.879e-01, val/nll 4.555e-01 (best_acc: 8.851e-01 -> 8.879e-01, test_acc: 8.826e-01, test_nll: 4.777e-01)
[2023-02-03 01:55:32] [Epoch    54/  200] trn/loss 7.301e-02, trn/lr 8.336e-02, val/acc 8.710e-01, val/nll 5.476e-01
[2023-02-03 01:55:38] [Epoch    55/  200] trn/loss 6.956e-02, trn/lr 8.277e-02, val/acc 8.753e-01, val/nll 5.173e-01
[2023-02-03 01:55:44] [Epoch    56/  200] trn/loss 6.959e-02, trn/lr 8.217e-02, val/acc 8.838e-01, val/nll 4.902e-01
[2023-02-03 01:55:50] [Epoch    57/  200] trn/loss 6.714e-02, trn/lr 8.157e-02, val/acc 8.793e-01, val/nll 5.218e-01
[2023-02-03 01:55:57] [Epoch    58/  200] trn/loss 5.351e-02, trn/lr 8.096e-02, val/acc 8.777e-01, val/nll 5.360e-01
[2023-02-03 01:56:03] [Epoch    59/  200] trn/loss 6.153e-02, trn/lr 8.034e-02, val/acc 8.821e-01, val/nll 5.018e-01
[2023-02-03 01:56:09] [Epoch    60/  200] trn/loss 5.891e-02, trn/lr 7.971e-02, val/acc 8.909e-01, val/nll 4.711e-01 (best_acc: 8.879e-01 -> 8.909e-01, test_acc: 8.855e-01, test_nll: 5.113e-01)
[2023-02-03 01:56:16] [Epoch    61/  200] trn/loss 5.358e-02, trn/lr 7.907e-02, val/acc 8.857e-01, val/nll 4.743e-01
[2023-02-03 01:56:22] [Epoch    62/  200] trn/loss 5.258e-02, trn/lr 7.843e-02, val/acc 8.707e-01, val/nll 6.407e-01
[2023-02-03 01:56:28] [Epoch    63/  200] trn/loss 5.672e-02, trn/lr 7.778e-02, val/acc 8.625e-01, val/nll 6.383e-01
[2023-02-03 01:56:34] [Epoch    64/  200] trn/loss 5.278e-02, trn/lr 7.712e-02, val/acc 8.784e-01, val/nll 5.428e-01
[2023-02-03 01:56:40] [Epoch    65/  200] trn/loss 5.228e-02, trn/lr 7.646e-02, val/acc 8.872e-01, val/nll 4.942e-01
[2023-02-03 01:56:47] [Epoch    66/  200] trn/loss 4.888e-02, trn/lr 7.579e-02, val/acc 8.961e-01, val/nll 4.584e-01 (best_acc: 8.909e-01 -> 8.961e-01, test_acc: 8.853e-01, test_nll: 4.897e-01)
[2023-02-03 01:56:53] [Epoch    67/  200] trn/loss 4.615e-02, trn/lr 7.512e-02, val/acc 8.865e-01, val/nll 4.973e-01
[2023-02-03 01:56:59] [Epoch    68/  200] trn/loss 3.828e-02, trn/lr 7.443e-02, val/acc 8.890e-01, val/nll 5.326e-01
[2023-02-03 01:57:06] [Epoch    69/  200] trn/loss 3.886e-02, trn/lr 7.374e-02, val/acc 8.912e-01, val/nll 4.990e-01
[2023-02-03 01:57:12] [Epoch    70/  200] trn/loss 4.116e-02, trn/lr 7.305e-02, val/acc 8.862e-01, val/nll 5.270e-01
[2023-02-03 01:57:18] [Epoch    71/  200] trn/loss 4.123e-02, trn/lr 7.235e-02, val/acc 8.822e-01, val/nll 5.324e-01
[2023-02-03 01:57:24] [Epoch    72/  200] trn/loss 3.655e-02, trn/lr 7.165e-02, val/acc 8.939e-01, val/nll 4.721e-01
[2023-02-03 01:57:31] [Epoch    73/  200] trn/loss 3.702e-02, trn/lr 7.093e-02, val/acc 8.979e-01, val/nll 4.479e-01 (best_acc: 8.961e-01 -> 8.979e-01, test_acc: 8.960e-01, test_nll: 4.746e-01)
[2023-02-03 01:57:37] [Epoch    74/  200] trn/loss 3.339e-02, trn/lr 7.022e-02, val/acc 8.962e-01, val/nll 4.564e-01
[2023-02-03 01:57:43] [Epoch    75/  200] trn/loss 2.956e-02, trn/lr 6.950e-02, val/acc 8.837e-01, val/nll 5.386e-01
[2023-02-03 01:57:49] [Epoch    76/  200] trn/loss 2.918e-02, trn/lr 6.877e-02, val/acc 8.958e-01, val/nll 4.841e-01
[2023-02-03 01:57:56] [Epoch    77/  200] trn/loss 2.594e-02, trn/lr 6.804e-02, val/acc 8.938e-01, val/nll 5.102e-01
[2023-02-03 01:58:02] [Epoch    78/  200] trn/loss 3.160e-02, trn/lr 6.731e-02, val/acc 8.965e-01, val/nll 4.923e-01
[2023-02-03 01:58:08] [Epoch    79/  200] trn/loss 3.043e-02, trn/lr 6.657e-02, val/acc 8.875e-01, val/nll 5.529e-01
[2023-02-03 01:58:14] [Epoch    80/  200] trn/loss 2.706e-02, trn/lr 6.583e-02, val/acc 8.972e-01, val/nll 4.700e-01
[2023-02-03 01:58:20] [Epoch    81/  200] trn/loss 2.456e-02, trn/lr 6.508e-02, val/acc 8.960e-01, val/nll 4.915e-01
[2023-02-03 01:58:27] [Epoch    82/  200] trn/loss 2.250e-02, trn/lr 6.433e-02, val/acc 8.914e-01, val/nll 5.339e-01
[2023-02-03 01:58:33] [Epoch    83/  200] trn/loss 2.024e-02, trn/lr 6.357e-02, val/acc 8.967e-01, val/nll 5.042e-01
[2023-02-03 01:58:39] [Epoch    84/  200] trn/loss 2.357e-02, trn/lr 6.282e-02, val/acc 9.021e-01, val/nll 4.653e-01 (best_acc: 8.979e-01 -> 9.021e-01, test_acc: 8.971e-01, test_nll: 4.895e-01)
[2023-02-03 01:58:46] [Epoch    85/  200] trn/loss 2.169e-02, trn/lr 6.206e-02, val/acc 8.944e-01, val/nll 5.119e-01
[2023-02-03 01:58:52] [Epoch    86/  200] trn/loss 2.248e-02, trn/lr 6.129e-02, val/acc 8.963e-01, val/nll 4.760e-01
[2023-02-03 01:58:58] [Epoch    87/  200] trn/loss 2.165e-02, trn/lr 6.053e-02, val/acc 8.989e-01, val/nll 4.845e-01
[2023-02-03 01:59:04] [Epoch    88/  200] trn/loss 1.897e-02, trn/lr 5.976e-02, val/acc 8.997e-01, val/nll 4.977e-01
[2023-02-03 01:59:11] [Epoch    89/  200] trn/loss 2.028e-02, trn/lr 5.899e-02, val/acc 9.039e-01, val/nll 4.613e-01 (best_acc: 9.021e-01 -> 9.039e-01, test_acc: 9.012e-01, test_nll: 4.815e-01)
[2023-02-03 01:59:17] [Epoch    90/  200] trn/loss 1.369e-02, trn/lr 5.821e-02, val/acc 8.994e-01, val/nll 4.816e-01
[2023-02-03 01:59:23] [Epoch    91/  200] trn/loss 1.566e-02, trn/lr 5.744e-02, val/acc 8.989e-01, val/nll 4.914e-01
[2023-02-03 01:59:29] [Epoch    92/  200] trn/loss 1.506e-02, trn/lr 5.666e-02, val/acc 9.011e-01, val/nll 4.602e-01
[2023-02-03 01:59:36] [Epoch    93/  200] trn/loss 1.363e-02, trn/lr 5.588e-02, val/acc 8.990e-01, val/nll 4.981e-01
[2023-02-03 01:59:42] [Epoch    94/  200] trn/loss 1.289e-02, trn/lr 5.510e-02, val/acc 9.027e-01, val/nll 4.920e-01
[2023-02-03 01:59:48] [Epoch    95/  200] trn/loss 1.223e-02, trn/lr 5.432e-02, val/acc 9.009e-01, val/nll 4.810e-01
[2023-02-03 01:59:54] [Epoch    96/  200] trn/loss 1.122e-02, trn/lr 5.353e-02, val/acc 9.018e-01, val/nll 4.940e-01
[2023-02-03 02:00:00] [Epoch    97/  200] trn/loss 1.043e-02, trn/lr 5.275e-02, val/acc 9.017e-01, val/nll 4.938e-01
[2023-02-03 02:00:07] [Epoch    98/  200] trn/loss 9.893e-03, trn/lr 5.197e-02, val/acc 9.043e-01, val/nll 4.873e-01 (best_acc: 9.039e-01 -> 9.043e-01, test_acc: 8.993e-01, test_nll: 5.058e-01)
[2023-02-03 02:00:14] [Epoch    99/  200] trn/loss 1.031e-02, trn/lr 5.118e-02, val/acc 9.075e-01, val/nll 4.640e-01 (best_acc: 9.043e-01 -> 9.075e-01, test_acc: 9.026e-01, test_nll: 4.972e-01)
[2023-02-03 02:00:20] [Epoch   100/  200] trn/loss 9.678e-03, trn/lr 5.040e-02, val/acc 9.059e-01, val/nll 4.896e-01
[2023-02-03 02:00:26] [Epoch   101/  200] trn/loss 9.018e-03, trn/lr 4.961e-02, val/acc 9.035e-01, val/nll 5.007e-01
[2023-02-03 02:00:32] [Epoch   102/  200] trn/loss 7.088e-03, trn/lr 4.882e-02, val/acc 9.048e-01, val/nll 4.817e-01
[2023-02-03 02:00:38] [Epoch   103/  200] trn/loss 8.163e-03, trn/lr 4.804e-02, val/acc 9.023e-01, val/nll 4.831e-01
[2023-02-03 02:00:44] [Epoch   104/  200] trn/loss 8.432e-03, trn/lr 4.725e-02, val/acc 9.044e-01, val/nll 4.643e-01
[2023-02-03 02:00:51] [Epoch   105/  200] trn/loss 6.952e-03, trn/lr 4.647e-02, val/acc 9.091e-01, val/nll 4.525e-01 (best_acc: 9.075e-01 -> 9.091e-01, test_acc: 9.043e-01, test_nll: 4.933e-01)
[2023-02-03 02:00:57] [Epoch   106/  200] trn/loss 7.570e-03, trn/lr 4.569e-02, val/acc 9.077e-01, val/nll 4.725e-01
[2023-02-03 02:01:04] [Epoch   107/  200] trn/loss 5.834e-03, trn/lr 4.491e-02, val/acc 9.096e-01, val/nll 4.506e-01 (best_acc: 9.091e-01 -> 9.096e-01, test_acc: 9.052e-01, test_nll: 4.831e-01)
[2023-02-03 02:01:10] [Epoch   108/  200] trn/loss 6.241e-03, trn/lr 4.413e-02, val/acc 9.065e-01, val/nll 4.615e-01
[2023-02-03 02:01:16] [Epoch   109/  200] trn/loss 6.070e-03, trn/lr 4.335e-02, val/acc 9.079e-01, val/nll 4.750e-01
[2023-02-03 02:01:23] [Epoch   110/  200] trn/loss 4.634e-03, trn/lr 4.257e-02, val/acc 9.107e-01, val/nll 4.628e-01 (best_acc: 9.096e-01 -> 9.107e-01, test_acc: 9.058e-01, test_nll: 4.887e-01)
[2023-02-03 02:01:29] [Epoch   111/  200] trn/loss 4.523e-03, trn/lr 4.179e-02, val/acc 9.104e-01, val/nll 4.659e-01
[2023-02-03 02:01:35] [Epoch   112/  200] trn/loss 4.701e-03, trn/lr 4.102e-02, val/acc 9.091e-01, val/nll 4.791e-01
[2023-02-03 02:01:42] [Epoch   113/  200] trn/loss 3.939e-03, trn/lr 4.025e-02, val/acc 9.080e-01, val/nll 4.705e-01
[2023-02-03 02:01:48] [Epoch   114/  200] trn/loss 3.759e-03, trn/lr 3.948e-02, val/acc 9.080e-01, val/nll 4.675e-01
[2023-02-03 02:01:54] [Epoch   115/  200] trn/loss 4.085e-03, trn/lr 3.871e-02, val/acc 9.082e-01, val/nll 4.669e-01
[2023-02-03 02:02:00] [Epoch   116/  200] trn/loss 3.438e-03, trn/lr 3.795e-02, val/acc 9.085e-01, val/nll 4.610e-01
[2023-02-03 02:02:06] [Epoch   117/  200] trn/loss 3.405e-03, trn/lr 3.719e-02, val/acc 9.097e-01, val/nll 4.591e-01
[2023-02-03 02:02:13] [Epoch   118/  200] trn/loss 2.705e-03, trn/lr 3.643e-02, val/acc 9.107e-01, val/nll 4.544e-01
[2023-02-03 02:02:19] [Epoch   119/  200] trn/loss 2.624e-03, trn/lr 3.568e-02, val/acc 9.113e-01, val/nll 4.545e-01 (best_acc: 9.107e-01 -> 9.113e-01, test_acc: 9.080e-01, test_nll: 4.851e-01)
[2023-02-03 02:02:25] [Epoch   120/  200] trn/loss 2.955e-03, trn/lr 3.493e-02, val/acc 9.101e-01, val/nll 4.681e-01
[2023-02-03 02:02:32] [Epoch   121/  200] trn/loss 3.351e-03, trn/lr 3.418e-02, val/acc 9.102e-01, val/nll 4.620e-01
[2023-02-03 02:02:38] [Epoch   122/  200] trn/loss 3.129e-03, trn/lr 3.344e-02, val/acc 9.061e-01, val/nll 4.664e-01
[2023-02-03 02:02:44] [Epoch   123/  200] trn/loss 2.774e-03, trn/lr 3.270e-02, val/acc 9.079e-01, val/nll 4.649e-01
[2023-02-03 02:02:50] [Epoch   124/  200] trn/loss 2.976e-03, trn/lr 3.196e-02, val/acc 9.086e-01, val/nll 4.691e-01
[2023-02-03 02:02:56] [Epoch   125/  200] trn/loss 2.439e-03, trn/lr 3.123e-02, val/acc 9.088e-01, val/nll 4.628e-01
[2023-02-03 02:03:03] [Epoch   126/  200] trn/loss 2.681e-03, trn/lr 3.051e-02, val/acc 9.104e-01, val/nll 4.614e-01
[2023-02-03 02:03:09] [Epoch   127/  200] trn/loss 2.560e-03, trn/lr 2.979e-02, val/acc 9.093e-01, val/nll 4.705e-01
[2023-02-03 02:03:15] [Epoch   128/  200] trn/loss 2.287e-03, trn/lr 2.907e-02, val/acc 9.090e-01, val/nll 4.838e-01
[2023-02-03 02:03:22] [Epoch   129/  200] trn/loss 1.976e-03, trn/lr 2.836e-02, val/acc 9.124e-01, val/nll 4.498e-01 (best_acc: 9.113e-01 -> 9.124e-01, test_acc: 9.089e-01, test_nll: 4.818e-01)
[2023-02-03 02:03:28] [Epoch   130/  200] trn/loss 2.381e-03, trn/lr 2.765e-02, val/acc 9.121e-01, val/nll 4.569e-01
[2023-02-03 02:03:34] [Epoch   131/  200] trn/loss 2.233e-03, trn/lr 2.695e-02, val/acc 9.115e-01, val/nll 4.569e-01
[2023-02-03 02:03:41] [Epoch   132/  200] trn/loss 1.976e-03, trn/lr 2.626e-02, val/acc 9.125e-01, val/nll 4.496e-01 (best_acc: 9.124e-01 -> 9.125e-01, test_acc: 9.084e-01, test_nll: 4.798e-01)
[2023-02-03 02:03:47] [Epoch   133/  200] trn/loss 1.833e-03, trn/lr 2.557e-02, val/acc 9.135e-01, val/nll 4.511e-01 (best_acc: 9.125e-01 -> 9.135e-01, test_acc: 9.085e-01, test_nll: 4.844e-01)
[2023-02-03 02:03:54] [Epoch   134/  200] trn/loss 1.995e-03, trn/lr 2.489e-02, val/acc 9.127e-01, val/nll 4.503e-01
[2023-02-03 02:04:00] [Epoch   135/  200] trn/loss 1.875e-03, trn/lr 2.421e-02, val/acc 9.135e-01, val/nll 4.489e-01
[2023-02-03 02:04:06] [Epoch   136/  200] trn/loss 1.958e-03, trn/lr 2.354e-02, val/acc 9.126e-01, val/nll 4.518e-01
[2023-02-03 02:04:12] [Epoch   137/  200] trn/loss 1.876e-03, trn/lr 2.288e-02, val/acc 9.119e-01, val/nll 4.497e-01
[2023-02-03 02:04:18] [Epoch   138/  200] trn/loss 1.646e-03, trn/lr 2.222e-02, val/acc 9.122e-01, val/nll 4.499e-01
[2023-02-03 02:04:24] [Epoch   139/  200] trn/loss 1.776e-03, trn/lr 2.157e-02, val/acc 9.107e-01, val/nll 4.474e-01
[2023-02-03 02:04:31] [Epoch   140/  200] trn/loss 1.488e-03, trn/lr 2.093e-02, val/acc 9.125e-01, val/nll 4.462e-01
[2023-02-03 02:04:37] [Epoch   141/  200] trn/loss 1.613e-03, trn/lr 2.030e-02, val/acc 9.114e-01, val/nll 4.487e-01
[2023-02-03 02:04:43] [Epoch   142/  200] trn/loss 1.721e-03, trn/lr 1.967e-02, val/acc 9.121e-01, val/nll 4.463e-01
[2023-02-03 02:04:49] [Epoch   143/  200] trn/loss 1.545e-03, trn/lr 1.905e-02, val/acc 9.117e-01, val/nll 4.516e-01
[2023-02-03 02:04:55] [Epoch   144/  200] trn/loss 1.503e-03, trn/lr 1.843e-02, val/acc 9.111e-01, val/nll 4.473e-01
[2023-02-03 02:05:02] [Epoch   145/  200] trn/loss 1.469e-03, trn/lr 1.783e-02, val/acc 9.128e-01, val/nll 4.470e-01
[2023-02-03 02:05:08] [Epoch   146/  200] trn/loss 1.339e-03, trn/lr 1.723e-02, val/acc 9.124e-01, val/nll 4.425e-01
[2023-02-03 02:05:14] [Epoch   147/  200] trn/loss 1.422e-03, trn/lr 1.664e-02, val/acc 9.132e-01, val/nll 4.398e-01
[2023-02-03 02:05:20] [Epoch   148/  200] trn/loss 1.216e-03, trn/lr 1.606e-02, val/acc 9.122e-01, val/nll 4.416e-01
[2023-02-03 02:05:26] [Epoch   149/  200] trn/loss 1.431e-03, trn/lr 1.549e-02, val/acc 9.124e-01, val/nll 4.416e-01
[2023-02-03 02:05:33] [Epoch   150/  200] trn/loss 1.269e-03, trn/lr 1.493e-02, val/acc 9.133e-01, val/nll 4.399e-01
[2023-02-03 02:05:39] [Epoch   151/  200] trn/loss 1.400e-03, trn/lr 1.437e-02, val/acc 9.114e-01, val/nll 4.410e-01
[2023-02-03 02:05:45] [Epoch   152/  200] trn/loss 1.341e-03, trn/lr 1.382e-02, val/acc 9.118e-01, val/nll 4.403e-01
[2023-02-03 02:05:51] [Epoch   153/  200] trn/loss 1.283e-03, trn/lr 1.329e-02, val/acc 9.115e-01, val/nll 4.392e-01
[2023-02-03 02:05:57] [Epoch   154/  200] trn/loss 1.125e-03, trn/lr 1.276e-02, val/acc 9.127e-01, val/nll 4.388e-01
[2023-02-03 02:06:03] [Epoch   155/  200] trn/loss 1.298e-03, trn/lr 1.224e-02, val/acc 9.128e-01, val/nll 4.433e-01
[2023-02-03 02:06:10] [Epoch   156/  200] trn/loss 1.297e-03, trn/lr 1.173e-02, val/acc 9.111e-01, val/nll 4.428e-01
[2023-02-03 02:06:16] [Epoch   157/  200] trn/loss 1.331e-03, trn/lr 1.123e-02, val/acc 9.112e-01, val/nll 4.434e-01
[2023-02-03 02:06:22] [Epoch   158/  200] trn/loss 1.353e-03, trn/lr 1.074e-02, val/acc 9.106e-01, val/nll 4.466e-01
[2023-02-03 02:06:28] [Epoch   159/  200] trn/loss 1.132e-03, trn/lr 1.025e-02, val/acc 9.111e-01, val/nll 4.464e-01
[2023-02-03 02:06:35] [Epoch   160/  200] trn/loss 1.149e-03, trn/lr 9.783e-03, val/acc 9.114e-01, val/nll 4.465e-01
[2023-02-03 02:06:41] [Epoch   161/  200] trn/loss 1.222e-03, trn/lr 9.321e-03, val/acc 9.113e-01, val/nll 4.418e-01
[2023-02-03 02:06:47] [Epoch   162/  200] trn/loss 1.388e-03, trn/lr 8.870e-03, val/acc 9.125e-01, val/nll 4.434e-01
[2023-02-03 02:06:54] [Epoch   163/  200] trn/loss 1.436e-03, trn/lr 8.428e-03, val/acc 9.143e-01, val/nll 4.434e-01 (best_acc: 9.135e-01 -> 9.143e-01, test_acc: 9.078e-01, test_nll: 4.766e-01)
[2023-02-03 02:07:00] [Epoch   164/  200] trn/loss 1.161e-03, trn/lr 7.997e-03, val/acc 9.128e-01, val/nll 4.404e-01
[2023-02-03 02:07:06] [Epoch   165/  200] trn/loss 1.188e-03, trn/lr 7.576e-03, val/acc 9.132e-01, val/nll 4.409e-01
[2023-02-03 02:07:12] [Epoch   166/  200] trn/loss 1.188e-03, trn/lr 7.166e-03, val/acc 9.132e-01, val/nll 4.418e-01
[2023-02-03 02:07:18] [Epoch   167/  200] trn/loss 1.188e-03, trn/lr 6.766e-03, val/acc 9.128e-01, val/nll 4.429e-01
[2023-02-03 02:07:25] [Epoch   168/  200] trn/loss 1.178e-03, trn/lr 6.377e-03, val/acc 9.126e-01, val/nll 4.426e-01
[2023-02-03 02:07:31] [Epoch   169/  200] trn/loss 1.094e-03, trn/lr 5.998e-03, val/acc 9.134e-01, val/nll 4.396e-01
[2023-02-03 02:07:37] [Epoch   170/  200] trn/loss 1.113e-03, trn/lr 5.631e-03, val/acc 9.134e-01, val/nll 4.407e-01
[2023-02-03 02:07:43] [Epoch   171/  200] trn/loss 1.183e-03, trn/lr 5.274e-03, val/acc 9.136e-01, val/nll 4.438e-01
[2023-02-03 02:07:49] [Epoch   172/  200] trn/loss 1.261e-03, trn/lr 4.929e-03, val/acc 9.115e-01, val/nll 4.430e-01
[2023-02-03 02:07:56] [Epoch   173/  200] trn/loss 1.269e-03, trn/lr 4.594e-03, val/acc 9.118e-01, val/nll 4.412e-01
[2023-02-03 02:08:02] [Epoch   174/  200] trn/loss 1.319e-03, trn/lr 4.271e-03, val/acc 9.118e-01, val/nll 4.397e-01
[2023-02-03 02:08:08] [Epoch   175/  200] trn/loss 1.100e-03, trn/lr 3.959e-03, val/acc 9.129e-01, val/nll 4.383e-01
[2023-02-03 02:08:14] [Epoch   176/  200] trn/loss 1.060e-03, trn/lr 3.659e-03, val/acc 9.131e-01, val/nll 4.391e-01
[2023-02-03 02:08:20] [Epoch   177/  200] trn/loss 1.064e-03, trn/lr 3.369e-03, val/acc 9.126e-01, val/nll 4.406e-01
[2023-02-03 02:08:26] [Epoch   178/  200] trn/loss 1.197e-03, trn/lr 3.092e-03, val/acc 9.127e-01, val/nll 4.386e-01
[2023-02-03 02:08:33] [Epoch   179/  200] trn/loss 1.190e-03, trn/lr 2.826e-03, val/acc 9.125e-01, val/nll 4.398e-01
[2023-02-03 02:08:39] [Epoch   180/  200] trn/loss 1.094e-03, trn/lr 2.571e-03, val/acc 9.136e-01, val/nll 4.377e-01
[2023-02-03 02:08:45] [Epoch   181/  200] trn/loss 1.103e-03, trn/lr 2.329e-03, val/acc 9.133e-01, val/nll 4.405e-01
[2023-02-03 02:08:51] [Epoch   182/  200] trn/loss 1.147e-03, trn/lr 2.098e-03, val/acc 9.136e-01, val/nll 4.414e-01
[2023-02-03 02:08:57] [Epoch   183/  200] trn/loss 1.023e-03, trn/lr 1.878e-03, val/acc 9.127e-01, val/nll 4.394e-01
[2023-02-03 02:09:04] [Epoch   184/  200] trn/loss 1.173e-03, trn/lr 1.671e-03, val/acc 9.135e-01, val/nll 4.412e-01
[2023-02-03 02:09:10] [Epoch   185/  200] trn/loss 1.081e-03, trn/lr 1.476e-03, val/acc 9.135e-01, val/nll 4.408e-01
[2023-02-03 02:09:16] [Epoch   186/  200] trn/loss 1.014e-03, trn/lr 1.292e-03, val/acc 9.133e-01, val/nll 4.397e-01
[2023-02-03 02:09:22] [Epoch   187/  200] trn/loss 1.145e-03, trn/lr 1.121e-03, val/acc 9.137e-01, val/nll 4.398e-01
[2023-02-03 02:09:28] [Epoch   188/  200] trn/loss 1.089e-03, trn/lr 9.617e-04, val/acc 9.129e-01, val/nll 4.393e-01
[2023-02-03 02:09:35] [Epoch   189/  200] trn/loss 1.095e-03, trn/lr 8.145e-04, val/acc 9.129e-01, val/nll 4.402e-01
[2023-02-03 02:09:41] [Epoch   190/  200] trn/loss 1.187e-03, trn/lr 6.794e-04, val/acc 9.139e-01, val/nll 4.400e-01
[2023-02-03 02:09:47] [Epoch   191/  200] trn/loss 1.036e-03, trn/lr 5.565e-04, val/acc 9.121e-01, val/nll 4.381e-01
[2023-02-03 02:09:54] [Epoch   192/  200] trn/loss 1.093e-03, trn/lr 4.458e-04, val/acc 9.145e-01, val/nll 4.385e-01 (best_acc: 9.143e-01 -> 9.145e-01, test_acc: 9.086e-01, test_nll: 4.705e-01)
[2023-02-03 02:10:00] [Epoch   193/  200] trn/loss 1.148e-03, trn/lr 3.474e-04, val/acc 9.139e-01, val/nll 4.398e-01
[2023-02-03 02:10:06] [Epoch   194/  200] trn/loss 1.247e-03, trn/lr 2.612e-04, val/acc 9.124e-01, val/nll 4.389e-01
[2023-02-03 02:10:12] [Epoch   195/  200] trn/loss 1.061e-03, trn/lr 1.872e-04, val/acc 9.134e-01, val/nll 4.408e-01
[2023-02-03 02:10:18] [Epoch   196/  200] trn/loss 1.043e-03, trn/lr 1.255e-04, val/acc 9.128e-01, val/nll 4.422e-01
[2023-02-03 02:10:25] [Epoch   197/  200] trn/loss 1.122e-03, trn/lr 7.619e-05, val/acc 9.132e-01, val/nll 4.383e-01
[2023-02-03 02:10:31] [Epoch   198/  200] trn/loss 1.172e-03, trn/lr 3.916e-05, val/acc 9.127e-01, val/nll 4.393e-01
[2023-02-03 02:10:37] [Epoch   199/  200] trn/loss 1.049e-03, trn/lr 1.445e-05, val/acc 9.135e-01, val/nll 4.405e-01
[2023-02-03 02:10:43] [Epoch   200/  200] trn/loss 1.113e-03, trn/lr 2.075e-06, val/acc 9.128e-01, val/nll 4.419e-01
