[2023-02-04 09:08:29] Environments:
------------  -------------------------------------------------------------------------------
sys.platform  linux
Python        3.10.8 (main, Nov 24 2022, 14:13:03) [GCC 11.2.0]
JAX           0.4.1 @/mnt/home/giung/.conda/envs/jax-siml/lib/python3.10/site-packages/jax
jaxlib        0.4.1 @/mnt/home/giung/.conda/envs/jax-siml/lib/python3.10/site-packages/jaxlib
Flax          0.6.3 @/mnt/home/giung/.conda/envs/jax-siml/lib/python3.10/site-packages/flax
Optax         0.1.4 @/mnt/home/giung/.conda/envs/jax-siml/lib/python3.10/site-packages/optax
------------  -------------------------------------------------------------------------------

[2023-02-04 09:08:29] Command line arguments:
- args.data_root          : ./data/
- args.data_name          : CIFAR10_x32
- args.data_augmentation  : standard
- args.data_proportional  : 1.0
- args.model_depth        : 56
- args.model_width        : 1
- args.model_style        : BN-ReLU
- args.optim_bs           : 256
- args.optim_ne           : 200
- args.optim_lr           : 0.03
- args.optim_momentum     : 0.97
- args.optim_weight_decay : 0.001
- args.save               : /mnt/home/giung/giung2-dev/projects/residual-networks/save/CIFAR10_x32/R56-BN-ReLU/bs-0256_ne-0200_lr-0.03_mo-0.97_wd-0.0010_fp32/42
- args.seed               : 42
- args.precision          : fp32

[2023-02-04 09:09:08] [Epoch     1/  200] trn/loss 2.590e+00, trn/lr 3.000e-02, val/acc 1.154e-01, val/nll 2.297e+00 (best_acc: 0.000e+00 -> 1.154e-01, test_acc: 1.105e-01, test_nll: 2.297e+00)
[2023-02-04 09:09:14] [Epoch     2/  200] trn/loss 2.249e+00, trn/lr 3.000e-02, val/acc 1.731e-01, val/nll 2.120e+00 (best_acc: 1.154e-01 -> 1.731e-01, test_acc: 1.798e-01, test_nll: 2.127e+00)
[2023-02-04 09:09:19] [Epoch     3/  200] trn/loss 2.001e+00, trn/lr 2.999e-02, val/acc 2.595e-01, val/nll 1.920e+00 (best_acc: 1.731e-01 -> 2.595e-01, test_acc: 2.534e-01, test_nll: 1.920e+00)
[2023-02-04 09:09:24] [Epoch     4/  200] trn/loss 1.819e+00, trn/lr 2.998e-02, val/acc 2.485e-01, val/nll 2.010e+00
[2023-02-04 09:09:30] [Epoch     5/  200] trn/loss 1.684e+00, trn/lr 2.996e-02, val/acc 3.817e-01, val/nll 1.645e+00 (best_acc: 2.595e-01 -> 3.817e-01, test_acc: 3.810e-01, test_nll: 1.653e+00)
[2023-02-04 09:09:35] [Epoch     6/  200] trn/loss 1.540e+00, trn/lr 2.994e-02, val/acc 3.767e-01, val/nll 1.867e+00
[2023-02-04 09:09:41] [Epoch     7/  200] trn/loss 1.391e+00, trn/lr 2.992e-02, val/acc 4.218e-01, val/nll 1.843e+00 (best_acc: 3.817e-01 -> 4.218e-01, test_acc: 4.184e-01, test_nll: 1.851e+00)
[2023-02-04 09:09:46] [Epoch     8/  200] trn/loss 1.225e+00, trn/lr 2.990e-02, val/acc 4.830e-01, val/nll 1.749e+00 (best_acc: 4.218e-01 -> 4.830e-01, test_acc: 4.837e-01, test_nll: 1.752e+00)
[2023-02-04 09:09:52] [Epoch     9/  200] trn/loss 1.095e+00, trn/lr 2.987e-02, val/acc 5.284e-01, val/nll 1.343e+00 (best_acc: 4.830e-01 -> 5.284e-01, test_acc: 5.281e-01, test_nll: 1.335e+00)
[2023-02-04 09:09:57] [Epoch    10/  200] trn/loss 1.003e+00, trn/lr 2.983e-02, val/acc 4.509e-01, val/nll 2.139e+00
[2023-02-04 09:10:02] [Epoch    11/  200] trn/loss 9.085e-01, trn/lr 2.980e-02, val/acc 6.535e-01, val/nll 9.991e-01 (best_acc: 5.284e-01 -> 6.535e-01, test_acc: 6.491e-01, test_nll: 1.026e+00)
[2023-02-04 09:10:08] [Epoch    12/  200] trn/loss 8.256e-01, trn/lr 2.976e-02, val/acc 6.449e-01, val/nll 1.102e+00
[2023-02-04 09:10:13] [Epoch    13/  200] trn/loss 7.632e-01, trn/lr 2.971e-02, val/acc 7.053e-01, val/nll 8.718e-01 (best_acc: 6.535e-01 -> 7.053e-01, test_acc: 6.990e-01, test_nll: 8.883e-01)
[2023-02-04 09:10:19] [Epoch    14/  200] trn/loss 7.283e-01, trn/lr 2.966e-02, val/acc 7.290e-01, val/nll 7.766e-01 (best_acc: 7.053e-01 -> 7.290e-01, test_acc: 7.210e-01, test_nll: 8.003e-01)
[2023-02-04 09:10:24] [Epoch    15/  200] trn/loss 6.957e-01, trn/lr 2.961e-02, val/acc 6.085e-01, val/nll 1.339e+00
[2023-02-04 09:10:29] [Epoch    16/  200] trn/loss 6.610e-01, trn/lr 2.956e-02, val/acc 7.288e-01, val/nll 8.159e-01
[2023-02-04 09:10:35] [Epoch    17/  200] trn/loss 6.439e-01, trn/lr 2.950e-02, val/acc 7.492e-01, val/nll 7.364e-01 (best_acc: 7.290e-01 -> 7.492e-01, test_acc: 7.493e-01, test_nll: 7.366e-01)
[2023-02-04 09:10:40] [Epoch    18/  200] trn/loss 6.141e-01, trn/lr 2.944e-02, val/acc 7.477e-01, val/nll 7.506e-01
[2023-02-04 09:10:45] [Epoch    19/  200] trn/loss 6.044e-01, trn/lr 2.937e-02, val/acc 6.303e-01, val/nll 1.345e+00
[2023-02-04 09:10:50] [Epoch    20/  200] trn/loss 5.894e-01, trn/lr 2.930e-02, val/acc 7.596e-01, val/nll 7.285e-01 (best_acc: 7.492e-01 -> 7.596e-01, test_acc: 7.515e-01, test_nll: 7.415e-01)
[2023-02-04 09:10:56] [Epoch    21/  200] trn/loss 5.658e-01, trn/lr 2.923e-02, val/acc 7.376e-01, val/nll 8.005e-01
[2023-02-04 09:11:01] [Epoch    22/  200] trn/loss 5.612e-01, trn/lr 2.915e-02, val/acc 7.048e-01, val/nll 9.394e-01
[2023-02-04 09:11:06] [Epoch    23/  200] trn/loss 5.573e-01, trn/lr 2.907e-02, val/acc 7.461e-01, val/nll 7.434e-01
[2023-02-04 09:11:11] [Epoch    24/  200] trn/loss 5.366e-01, trn/lr 2.899e-02, val/acc 7.013e-01, val/nll 9.657e-01
[2023-02-04 09:11:17] [Epoch    25/  200] trn/loss 5.326e-01, trn/lr 2.890e-02, val/acc 7.605e-01, val/nll 7.527e-01 (best_acc: 7.596e-01 -> 7.605e-01, test_acc: 7.553e-01, test_nll: 7.621e-01)
[2023-02-04 09:11:22] [Epoch    26/  200] trn/loss 5.304e-01, trn/lr 2.881e-02, val/acc 7.655e-01, val/nll 7.219e-01 (best_acc: 7.605e-01 -> 7.655e-01, test_acc: 7.592e-01, test_nll: 7.274e-01)
[2023-02-04 09:11:28] [Epoch    27/  200] trn/loss 5.195e-01, trn/lr 2.872e-02, val/acc 7.822e-01, val/nll 6.485e-01 (best_acc: 7.655e-01 -> 7.822e-01, test_acc: 7.794e-01, test_nll: 6.433e-01)
[2023-02-04 09:11:33] [Epoch    28/  200] trn/loss 5.021e-01, trn/lr 2.862e-02, val/acc 7.702e-01, val/nll 7.019e-01
[2023-02-04 09:11:38] [Epoch    29/  200] trn/loss 4.953e-01, trn/lr 2.852e-02, val/acc 7.510e-01, val/nll 7.615e-01
[2023-02-04 09:11:44] [Epoch    30/  200] trn/loss 4.907e-01, trn/lr 2.842e-02, val/acc 7.933e-01, val/nll 6.399e-01 (best_acc: 7.822e-01 -> 7.933e-01, test_acc: 7.828e-01, test_nll: 6.592e-01)
[2023-02-04 09:11:49] [Epoch    31/  200] trn/loss 4.877e-01, trn/lr 2.831e-02, val/acc 7.586e-01, val/nll 7.179e-01
[2023-02-04 09:11:54] [Epoch    32/  200] trn/loss 4.745e-01, trn/lr 2.820e-02, val/acc 6.900e-01, val/nll 1.139e+00
[2023-02-04 09:11:59] [Epoch    33/  200] trn/loss 4.818e-01, trn/lr 2.809e-02, val/acc 7.874e-01, val/nll 6.466e-01
[2023-02-04 09:12:04] [Epoch    34/  200] trn/loss 4.774e-01, trn/lr 2.797e-02, val/acc 7.902e-01, val/nll 6.378e-01
[2023-02-04 09:12:09] [Epoch    35/  200] trn/loss 4.729e-01, trn/lr 2.785e-02, val/acc 6.907e-01, val/nll 9.222e-01
[2023-02-04 09:12:15] [Epoch    36/  200] trn/loss 4.677e-01, trn/lr 2.773e-02, val/acc 8.092e-01, val/nll 5.789e-01 (best_acc: 7.933e-01 -> 8.092e-01, test_acc: 8.092e-01, test_nll: 5.799e-01)
[2023-02-04 09:12:20] [Epoch    37/  200] trn/loss 4.599e-01, trn/lr 2.760e-02, val/acc 7.979e-01, val/nll 6.225e-01
[2023-02-04 09:12:25] [Epoch    38/  200] trn/loss 4.603e-01, trn/lr 2.747e-02, val/acc 6.976e-01, val/nll 1.024e+00
[2023-02-04 09:12:31] [Epoch    39/  200] trn/loss 4.596e-01, trn/lr 2.734e-02, val/acc 8.146e-01, val/nll 5.556e-01 (best_acc: 8.092e-01 -> 8.146e-01, test_acc: 8.081e-01, test_nll: 5.832e-01)
[2023-02-04 09:12:36] [Epoch    40/  200] trn/loss 4.534e-01, trn/lr 2.720e-02, val/acc 7.550e-01, val/nll 7.714e-01
[2023-02-04 09:12:41] [Epoch    41/  200] trn/loss 4.500e-01, trn/lr 2.707e-02, val/acc 7.896e-01, val/nll 6.113e-01
[2023-02-04 09:12:46] [Epoch    42/  200] trn/loss 4.313e-01, trn/lr 2.692e-02, val/acc 7.861e-01, val/nll 6.276e-01
[2023-02-04 09:12:52] [Epoch    43/  200] trn/loss 4.413e-01, trn/lr 2.678e-02, val/acc 7.290e-01, val/nll 8.284e-01
[2023-02-04 09:12:57] [Epoch    44/  200] trn/loss 4.362e-01, trn/lr 2.663e-02, val/acc 7.824e-01, val/nll 6.773e-01
[2023-02-04 09:13:02] [Epoch    45/  200] trn/loss 4.322e-01, trn/lr 2.648e-02, val/acc 7.991e-01, val/nll 5.981e-01
[2023-02-04 09:13:07] [Epoch    46/  200] trn/loss 4.276e-01, trn/lr 2.633e-02, val/acc 7.872e-01, val/nll 6.413e-01
[2023-02-04 09:13:12] [Epoch    47/  200] trn/loss 4.309e-01, trn/lr 2.617e-02, val/acc 7.554e-01, val/nll 8.087e-01
[2023-02-04 09:13:17] [Epoch    48/  200] trn/loss 4.281e-01, trn/lr 2.602e-02, val/acc 8.072e-01, val/nll 5.773e-01
[2023-02-04 09:13:23] [Epoch    49/  200] trn/loss 4.270e-01, trn/lr 2.585e-02, val/acc 7.482e-01, val/nll 7.923e-01
[2023-02-04 09:13:28] [Epoch    50/  200] trn/loss 4.233e-01, trn/lr 2.569e-02, val/acc 7.947e-01, val/nll 6.435e-01
[2023-02-04 09:13:33] [Epoch    51/  200] trn/loss 4.152e-01, trn/lr 2.552e-02, val/acc 8.188e-01, val/nll 5.208e-01 (best_acc: 8.146e-01 -> 8.188e-01, test_acc: 8.227e-01, test_nll: 5.224e-01)
[2023-02-04 09:13:38] [Epoch    52/  200] trn/loss 4.154e-01, trn/lr 2.535e-02, val/acc 7.864e-01, val/nll 6.633e-01
[2023-02-04 09:13:44] [Epoch    53/  200] trn/loss 4.014e-01, trn/lr 2.518e-02, val/acc 7.864e-01, val/nll 6.676e-01
[2023-02-04 09:13:49] [Epoch    54/  200] trn/loss 4.106e-01, trn/lr 2.501e-02, val/acc 7.894e-01, val/nll 6.338e-01
[2023-02-04 09:13:54] [Epoch    55/  200] trn/loss 4.083e-01, trn/lr 2.483e-02, val/acc 8.054e-01, val/nll 6.125e-01
[2023-02-04 09:13:59] [Epoch    56/  200] trn/loss 3.996e-01, trn/lr 2.465e-02, val/acc 7.676e-01, val/nll 7.473e-01
[2023-02-04 09:14:05] [Epoch    57/  200] trn/loss 4.057e-01, trn/lr 2.447e-02, val/acc 8.280e-01, val/nll 5.123e-01 (best_acc: 8.188e-01 -> 8.280e-01, test_acc: 8.258e-01, test_nll: 5.160e-01)
[2023-02-04 09:14:10] [Epoch    58/  200] trn/loss 3.922e-01, trn/lr 2.429e-02, val/acc 6.812e-01, val/nll 1.135e+00
[2023-02-04 09:14:15] [Epoch    59/  200] trn/loss 3.952e-01, trn/lr 2.410e-02, val/acc 8.301e-01, val/nll 5.147e-01 (best_acc: 8.280e-01 -> 8.301e-01, test_acc: 8.223e-01, test_nll: 5.417e-01)
[2023-02-04 09:14:20] [Epoch    60/  200] trn/loss 3.843e-01, trn/lr 2.391e-02, val/acc 8.204e-01, val/nll 5.569e-01
[2023-02-04 09:14:26] [Epoch    61/  200] trn/loss 3.808e-01, trn/lr 2.372e-02, val/acc 7.823e-01, val/nll 7.151e-01
[2023-02-04 09:14:31] [Epoch    62/  200] trn/loss 3.894e-01, trn/lr 2.353e-02, val/acc 7.983e-01, val/nll 6.326e-01
[2023-02-04 09:14:36] [Epoch    63/  200] trn/loss 3.788e-01, trn/lr 2.333e-02, val/acc 7.892e-01, val/nll 6.414e-01
[2023-02-04 09:14:41] [Epoch    64/  200] trn/loss 3.846e-01, trn/lr 2.314e-02, val/acc 8.300e-01, val/nll 5.162e-01
[2023-02-04 09:14:46] [Epoch    65/  200] trn/loss 3.822e-01, trn/lr 2.294e-02, val/acc 8.208e-01, val/nll 5.493e-01
[2023-02-04 09:14:51] [Epoch    66/  200] trn/loss 3.764e-01, trn/lr 2.274e-02, val/acc 7.576e-01, val/nll 8.143e-01
[2023-02-04 09:14:56] [Epoch    67/  200] trn/loss 3.681e-01, trn/lr 2.253e-02, val/acc 8.118e-01, val/nll 5.591e-01
[2023-02-04 09:15:02] [Epoch    68/  200] trn/loss 3.657e-01, trn/lr 2.233e-02, val/acc 8.090e-01, val/nll 5.908e-01
[2023-02-04 09:15:07] [Epoch    69/  200] trn/loss 3.623e-01, trn/lr 2.212e-02, val/acc 8.147e-01, val/nll 5.466e-01
[2023-02-04 09:15:12] [Epoch    70/  200] trn/loss 3.668e-01, trn/lr 2.192e-02, val/acc 7.904e-01, val/nll 6.217e-01
[2023-02-04 09:15:17] [Epoch    71/  200] trn/loss 3.574e-01, trn/lr 2.171e-02, val/acc 8.075e-01, val/nll 5.749e-01
[2023-02-04 09:15:22] [Epoch    72/  200] trn/loss 3.698e-01, trn/lr 2.149e-02, val/acc 7.899e-01, val/nll 6.479e-01
[2023-02-04 09:15:28] [Epoch    73/  200] trn/loss 3.605e-01, trn/lr 2.128e-02, val/acc 8.398e-01, val/nll 4.875e-01 (best_acc: 8.301e-01 -> 8.398e-01, test_acc: 8.351e-01, test_nll: 4.987e-01)
[2023-02-04 09:15:33] [Epoch    74/  200] trn/loss 3.529e-01, trn/lr 2.107e-02, val/acc 8.407e-01, val/nll 4.784e-01 (best_acc: 8.398e-01 -> 8.407e-01, test_acc: 8.406e-01, test_nll: 4.822e-01)
[2023-02-04 09:15:39] [Epoch    75/  200] trn/loss 3.434e-01, trn/lr 2.085e-02, val/acc 8.028e-01, val/nll 6.037e-01
[2023-02-04 09:15:44] [Epoch    76/  200] trn/loss 3.453e-01, trn/lr 2.063e-02, val/acc 8.377e-01, val/nll 4.793e-01
[2023-02-04 09:15:49] [Epoch    77/  200] trn/loss 3.463e-01, trn/lr 2.041e-02, val/acc 7.731e-01, val/nll 7.573e-01
[2023-02-04 09:15:54] [Epoch    78/  200] trn/loss 3.513e-01, trn/lr 2.019e-02, val/acc 8.145e-01, val/nll 5.881e-01
[2023-02-04 09:16:00] [Epoch    79/  200] trn/loss 3.474e-01, trn/lr 1.997e-02, val/acc 8.510e-01, val/nll 4.550e-01 (best_acc: 8.407e-01 -> 8.510e-01, test_acc: 8.432e-01, test_nll: 4.835e-01)
[2023-02-04 09:16:05] [Epoch    80/  200] trn/loss 3.277e-01, trn/lr 1.975e-02, val/acc 8.088e-01, val/nll 6.025e-01
[2023-02-04 09:16:10] [Epoch    81/  200] trn/loss 3.354e-01, trn/lr 1.952e-02, val/acc 8.056e-01, val/nll 5.880e-01
[2023-02-04 09:16:15] [Epoch    82/  200] trn/loss 3.314e-01, trn/lr 1.930e-02, val/acc 8.131e-01, val/nll 5.596e-01
[2023-02-04 09:16:20] [Epoch    83/  200] trn/loss 3.370e-01, trn/lr 1.907e-02, val/acc 8.326e-01, val/nll 5.228e-01
[2023-02-04 09:16:25] [Epoch    84/  200] trn/loss 3.402e-01, trn/lr 1.885e-02, val/acc 8.152e-01, val/nll 5.864e-01
[2023-02-04 09:16:30] [Epoch    85/  200] trn/loss 3.206e-01, trn/lr 1.862e-02, val/acc 8.131e-01, val/nll 5.632e-01
[2023-02-04 09:16:36] [Epoch    86/  200] trn/loss 3.217e-01, trn/lr 1.839e-02, val/acc 7.888e-01, val/nll 6.716e-01
[2023-02-04 09:16:41] [Epoch    87/  200] trn/loss 3.279e-01, trn/lr 1.816e-02, val/acc 8.251e-01, val/nll 5.237e-01
[2023-02-04 09:16:46] [Epoch    88/  200] trn/loss 3.208e-01, trn/lr 1.793e-02, val/acc 8.350e-01, val/nll 5.125e-01
[2023-02-04 09:16:51] [Epoch    89/  200] trn/loss 3.185e-01, trn/lr 1.770e-02, val/acc 8.354e-01, val/nll 5.189e-01
[2023-02-04 09:16:56] [Epoch    90/  200] trn/loss 3.180e-01, trn/lr 1.746e-02, val/acc 8.364e-01, val/nll 5.177e-01
[2023-02-04 09:17:01] [Epoch    91/  200] trn/loss 3.210e-01, trn/lr 1.723e-02, val/acc 7.983e-01, val/nll 6.372e-01
[2023-02-04 09:17:07] [Epoch    92/  200] trn/loss 3.011e-01, trn/lr 1.700e-02, val/acc 8.360e-01, val/nll 4.927e-01
[2023-02-04 09:17:12] [Epoch    93/  200] trn/loss 3.000e-01, trn/lr 1.676e-02, val/acc 8.517e-01, val/nll 4.420e-01 (best_acc: 8.510e-01 -> 8.517e-01, test_acc: 8.458e-01, test_nll: 4.502e-01)
[2023-02-04 09:17:17] [Epoch    94/  200] trn/loss 3.018e-01, trn/lr 1.653e-02, val/acc 8.362e-01, val/nll 5.067e-01
[2023-02-04 09:17:23] [Epoch    95/  200] trn/loss 3.048e-01, trn/lr 1.630e-02, val/acc 8.522e-01, val/nll 4.375e-01 (best_acc: 8.517e-01 -> 8.522e-01, test_acc: 8.528e-01, test_nll: 4.367e-01)
[2023-02-04 09:17:28] [Epoch    96/  200] trn/loss 3.054e-01, trn/lr 1.606e-02, val/acc 8.364e-01, val/nll 4.895e-01
[2023-02-04 09:17:33] [Epoch    97/  200] trn/loss 2.899e-01, trn/lr 1.582e-02, val/acc 8.442e-01, val/nll 4.921e-01
[2023-02-04 09:17:38] [Epoch    98/  200] trn/loss 2.921e-01, trn/lr 1.559e-02, val/acc 8.327e-01, val/nll 5.351e-01
[2023-02-04 09:17:43] [Epoch    99/  200] trn/loss 2.919e-01, trn/lr 1.535e-02, val/acc 8.504e-01, val/nll 4.475e-01
[2023-02-04 09:17:49] [Epoch   100/  200] trn/loss 2.860e-01, trn/lr 1.512e-02, val/acc 8.351e-01, val/nll 5.172e-01
[2023-02-04 09:17:54] [Epoch   101/  200] trn/loss 2.846e-01, trn/lr 1.488e-02, val/acc 7.851e-01, val/nll 7.269e-01
[2023-02-04 09:17:59] [Epoch   102/  200] trn/loss 2.782e-01, trn/lr 1.465e-02, val/acc 8.413e-01, val/nll 5.033e-01
[2023-02-04 09:18:04] [Epoch   103/  200] trn/loss 2.702e-01, trn/lr 1.441e-02, val/acc 8.639e-01, val/nll 4.223e-01 (best_acc: 8.522e-01 -> 8.639e-01, test_acc: 8.553e-01, test_nll: 4.407e-01)
[2023-02-04 09:18:10] [Epoch   104/  200] trn/loss 2.839e-01, trn/lr 1.418e-02, val/acc 8.342e-01, val/nll 5.322e-01
[2023-02-04 09:18:15] [Epoch   105/  200] trn/loss 2.753e-01, trn/lr 1.394e-02, val/acc 8.775e-01, val/nll 3.689e-01 (best_acc: 8.639e-01 -> 8.775e-01, test_acc: 8.762e-01, test_nll: 3.819e-01)
[2023-02-04 09:18:20] [Epoch   106/  200] trn/loss 2.645e-01, trn/lr 1.371e-02, val/acc 8.508e-01, val/nll 4.669e-01
[2023-02-04 09:18:25] [Epoch   107/  200] trn/loss 2.577e-01, trn/lr 1.347e-02, val/acc 8.574e-01, val/nll 4.371e-01
[2023-02-04 09:18:31] [Epoch   108/  200] trn/loss 2.674e-01, trn/lr 1.324e-02, val/acc 8.366e-01, val/nll 5.061e-01
[2023-02-04 09:18:36] [Epoch   109/  200] trn/loss 2.507e-01, trn/lr 1.300e-02, val/acc 8.690e-01, val/nll 4.067e-01
[2023-02-04 09:18:41] [Epoch   110/  200] trn/loss 2.560e-01, trn/lr 1.277e-02, val/acc 8.629e-01, val/nll 4.446e-01
[2023-02-04 09:18:46] [Epoch   111/  200] trn/loss 2.451e-01, trn/lr 1.254e-02, val/acc 8.608e-01, val/nll 4.352e-01
[2023-02-04 09:18:51] [Epoch   112/  200] trn/loss 2.504e-01, trn/lr 1.231e-02, val/acc 8.664e-01, val/nll 4.079e-01
[2023-02-04 09:18:56] [Epoch   113/  200] trn/loss 2.468e-01, trn/lr 1.207e-02, val/acc 8.552e-01, val/nll 4.512e-01
[2023-02-04 09:19:01] [Epoch   114/  200] trn/loss 2.386e-01, trn/lr 1.184e-02, val/acc 8.631e-01, val/nll 4.135e-01
[2023-02-04 09:19:07] [Epoch   115/  200] trn/loss 2.316e-01, trn/lr 1.161e-02, val/acc 8.649e-01, val/nll 4.141e-01
[2023-02-04 09:19:12] [Epoch   116/  200] trn/loss 2.410e-01, trn/lr 1.138e-02, val/acc 8.670e-01, val/nll 4.289e-01
[2023-02-04 09:19:17] [Epoch   117/  200] trn/loss 2.302e-01, trn/lr 1.116e-02, val/acc 8.746e-01, val/nll 3.927e-01
[2023-02-04 09:19:22] [Epoch   118/  200] trn/loss 2.222e-01, trn/lr 1.093e-02, val/acc 8.670e-01, val/nll 4.161e-01
[2023-02-04 09:19:27] [Epoch   119/  200] trn/loss 2.228e-01, trn/lr 1.070e-02, val/acc 8.596e-01, val/nll 4.497e-01
[2023-02-04 09:19:32] [Epoch   120/  200] trn/loss 2.200e-01, trn/lr 1.048e-02, val/acc 8.695e-01, val/nll 4.174e-01
[2023-02-04 09:19:37] [Epoch   121/  200] trn/loss 2.099e-01, trn/lr 1.025e-02, val/acc 8.467e-01, val/nll 5.115e-01
[2023-02-04 09:19:43] [Epoch   122/  200] trn/loss 2.100e-01, trn/lr 1.003e-02, val/acc 8.732e-01, val/nll 3.941e-01
[2023-02-04 09:19:48] [Epoch   123/  200] trn/loss 2.151e-01, trn/lr 9.809e-03, val/acc 8.742e-01, val/nll 3.883e-01
[2023-02-04 09:19:53] [Epoch   124/  200] trn/loss 2.021e-01, trn/lr 9.589e-03, val/acc 8.789e-01, val/nll 3.837e-01 (best_acc: 8.775e-01 -> 8.789e-01, test_acc: 8.791e-01, test_nll: 3.897e-01)
[2023-02-04 09:19:59] [Epoch   125/  200] trn/loss 2.036e-01, trn/lr 9.370e-03, val/acc 8.774e-01, val/nll 4.007e-01
[2023-02-04 09:20:04] [Epoch   126/  200] trn/loss 2.047e-01, trn/lr 9.152e-03, val/acc 8.574e-01, val/nll 4.669e-01
[2023-02-04 09:20:09] [Epoch   127/  200] trn/loss 1.956e-01, trn/lr 8.936e-03, val/acc 8.778e-01, val/nll 3.874e-01
[2023-02-04 09:20:14] [Epoch   128/  200] trn/loss 1.872e-01, trn/lr 8.721e-03, val/acc 8.646e-01, val/nll 4.369e-01
[2023-02-04 09:20:20] [Epoch   129/  200] trn/loss 1.859e-01, trn/lr 8.508e-03, val/acc 8.824e-01, val/nll 3.589e-01 (best_acc: 8.789e-01 -> 8.824e-01, test_acc: 8.823e-01, test_nll: 3.773e-01)
[2023-02-04 09:20:25] [Epoch   130/  200] trn/loss 1.887e-01, trn/lr 8.296e-03, val/acc 8.767e-01, val/nll 4.030e-01
[2023-02-04 09:20:30] [Epoch   131/  200] trn/loss 1.827e-01, trn/lr 8.086e-03, val/acc 8.773e-01, val/nll 3.919e-01
[2023-02-04 09:20:35] [Epoch   132/  200] trn/loss 1.680e-01, trn/lr 7.878e-03, val/acc 8.877e-01, val/nll 3.531e-01 (best_acc: 8.824e-01 -> 8.877e-01, test_acc: 8.841e-01, test_nll: 3.757e-01)
[2023-02-04 09:20:41] [Epoch   133/  200] trn/loss 1.699e-01, trn/lr 7.671e-03, val/acc 8.861e-01, val/nll 3.489e-01
[2023-02-04 09:20:46] [Epoch   134/  200] trn/loss 1.710e-01, trn/lr 7.467e-03, val/acc 8.885e-01, val/nll 3.658e-01 (best_acc: 8.877e-01 -> 8.885e-01, test_acc: 8.814e-01, test_nll: 3.812e-01)
[2023-02-04 09:20:51] [Epoch   135/  200] trn/loss 1.689e-01, trn/lr 7.264e-03, val/acc 8.809e-01, val/nll 3.824e-01
[2023-02-04 09:20:57] [Epoch   136/  200] trn/loss 1.594e-01, trn/lr 7.063e-03, val/acc 8.902e-01, val/nll 3.400e-01 (best_acc: 8.885e-01 -> 8.902e-01, test_acc: 8.888e-01, test_nll: 3.440e-01)
[2023-02-04 09:21:02] [Epoch   137/  200] trn/loss 1.584e-01, trn/lr 6.864e-03, val/acc 8.980e-01, val/nll 3.331e-01 (best_acc: 8.902e-01 -> 8.980e-01, test_acc: 8.932e-01, test_nll: 3.274e-01)
[2023-02-04 09:21:07] [Epoch   138/  200] trn/loss 1.522e-01, trn/lr 6.667e-03, val/acc 8.875e-01, val/nll 3.721e-01
[2023-02-04 09:21:13] [Epoch   139/  200] trn/loss 1.474e-01, trn/lr 6.472e-03, val/acc 8.867e-01, val/nll 3.639e-01
[2023-02-04 09:21:18] [Epoch   140/  200] trn/loss 1.482e-01, trn/lr 6.279e-03, val/acc 8.865e-01, val/nll 3.965e-01
[2023-02-04 09:21:23] [Epoch   141/  200] trn/loss 1.460e-01, trn/lr 6.089e-03, val/acc 8.898e-01, val/nll 3.645e-01
[2023-02-04 09:21:28] [Epoch   142/  200] trn/loss 1.426e-01, trn/lr 5.900e-03, val/acc 8.914e-01, val/nll 3.589e-01
[2023-02-04 09:21:33] [Epoch   143/  200] trn/loss 1.289e-01, trn/lr 5.714e-03, val/acc 8.852e-01, val/nll 3.880e-01
[2023-02-04 09:21:38] [Epoch   144/  200] trn/loss 1.308e-01, trn/lr 5.530e-03, val/acc 8.907e-01, val/nll 3.517e-01
[2023-02-04 09:21:44] [Epoch   145/  200] trn/loss 1.214e-01, trn/lr 5.349e-03, val/acc 8.884e-01, val/nll 3.759e-01
[2023-02-04 09:21:49] [Epoch   146/  200] trn/loss 1.155e-01, trn/lr 5.170e-03, val/acc 8.983e-01, val/nll 3.292e-01 (best_acc: 8.980e-01 -> 8.983e-01, test_acc: 8.955e-01, test_nll: 3.475e-01)
[2023-02-04 09:21:55] [Epoch   147/  200] trn/loss 1.134e-01, trn/lr 4.993e-03, val/acc 9.004e-01, val/nll 3.292e-01 (best_acc: 8.983e-01 -> 9.004e-01, test_acc: 8.979e-01, test_nll: 3.430e-01)
[2023-02-04 09:22:00] [Epoch   148/  200] trn/loss 1.070e-01, trn/lr 4.819e-03, val/acc 9.041e-01, val/nll 3.313e-01 (best_acc: 9.004e-01 -> 9.041e-01, test_acc: 8.973e-01, test_nll: 3.597e-01)
[2023-02-04 09:22:05] [Epoch   149/  200] trn/loss 1.127e-01, trn/lr 4.647e-03, val/acc 8.966e-01, val/nll 3.395e-01
[2023-02-04 09:22:10] [Epoch   150/  200] trn/loss 1.078e-01, trn/lr 4.478e-03, val/acc 8.980e-01, val/nll 3.580e-01
[2023-02-04 09:22:16] [Epoch   151/  200] trn/loss 9.942e-02, trn/lr 4.311e-03, val/acc 8.902e-01, val/nll 3.735e-01
[2023-02-04 09:22:21] [Epoch   152/  200] trn/loss 9.631e-02, trn/lr 4.147e-03, val/acc 9.013e-01, val/nll 3.217e-01
[2023-02-04 09:22:26] [Epoch   153/  200] trn/loss 8.725e-02, trn/lr 3.986e-03, val/acc 9.038e-01, val/nll 3.430e-01
[2023-02-04 09:22:31] [Epoch   154/  200] trn/loss 9.311e-02, trn/lr 3.827e-03, val/acc 8.998e-01, val/nll 3.407e-01
[2023-02-04 09:22:36] [Epoch   155/  200] trn/loss 8.365e-02, trn/lr 3.671e-03, val/acc 8.975e-01, val/nll 3.693e-01
[2023-02-04 09:22:41] [Epoch   156/  200] trn/loss 8.320e-02, trn/lr 3.518e-03, val/acc 8.971e-01, val/nll 3.523e-01
[2023-02-04 09:22:47] [Epoch   157/  200] trn/loss 7.585e-02, trn/lr 3.368e-03, val/acc 9.051e-01, val/nll 3.289e-01 (best_acc: 9.041e-01 -> 9.051e-01, test_acc: 9.037e-01, test_nll: 3.505e-01)
[2023-02-04 09:22:52] [Epoch   158/  200] trn/loss 7.419e-02, trn/lr 3.221e-03, val/acc 9.071e-01, val/nll 3.309e-01 (best_acc: 9.051e-01 -> 9.071e-01, test_acc: 9.043e-01, test_nll: 3.487e-01)
[2023-02-04 09:22:58] [Epoch   159/  200] trn/loss 6.463e-02, trn/lr 3.076e-03, val/acc 9.132e-01, val/nll 3.054e-01 (best_acc: 9.071e-01 -> 9.132e-01, test_acc: 9.076e-01, test_nll: 3.208e-01)
[2023-02-04 09:23:03] [Epoch   160/  200] trn/loss 5.919e-02, trn/lr 2.935e-03, val/acc 9.062e-01, val/nll 3.564e-01
[2023-02-04 09:23:08] [Epoch   161/  200] trn/loss 5.615e-02, trn/lr 2.796e-03, val/acc 9.116e-01, val/nll 3.190e-01
[2023-02-04 09:23:13] [Epoch   162/  200] trn/loss 5.391e-02, trn/lr 2.661e-03, val/acc 9.127e-01, val/nll 3.152e-01
[2023-02-04 09:23:19] [Epoch   163/  200] trn/loss 5.422e-02, trn/lr 2.528e-03, val/acc 9.153e-01, val/nll 3.005e-01 (best_acc: 9.132e-01 -> 9.153e-01, test_acc: 9.086e-01, test_nll: 3.352e-01)
[2023-02-04 09:23:24] [Epoch   164/  200] trn/loss 4.961e-02, trn/lr 2.399e-03, val/acc 9.163e-01, val/nll 3.076e-01 (best_acc: 9.153e-01 -> 9.163e-01, test_acc: 9.132e-01, test_nll: 3.303e-01)
[2023-02-04 09:23:30] [Epoch   165/  200] trn/loss 4.508e-02, trn/lr 2.273e-03, val/acc 9.167e-01, val/nll 3.003e-01 (best_acc: 9.163e-01 -> 9.167e-01, test_acc: 9.082e-01, test_nll: 3.445e-01)
[2023-02-04 09:23:35] [Epoch   166/  200] trn/loss 4.128e-02, trn/lr 2.150e-03, val/acc 9.187e-01, val/nll 3.011e-01 (best_acc: 9.167e-01 -> 9.187e-01, test_acc: 9.132e-01, test_nll: 3.207e-01)
[2023-02-04 09:23:41] [Epoch   167/  200] trn/loss 3.722e-02, trn/lr 2.030e-03, val/acc 9.122e-01, val/nll 3.406e-01
[2023-02-04 09:23:46] [Epoch   168/  200] trn/loss 3.442e-02, trn/lr 1.913e-03, val/acc 9.185e-01, val/nll 3.111e-01
[2023-02-04 09:23:51] [Epoch   169/  200] trn/loss 3.019e-02, trn/lr 1.800e-03, val/acc 9.201e-01, val/nll 3.168e-01 (best_acc: 9.187e-01 -> 9.201e-01, test_acc: 9.181e-01, test_nll: 3.238e-01)
[2023-02-04 09:23:57] [Epoch   170/  200] trn/loss 2.817e-02, trn/lr 1.689e-03, val/acc 9.260e-01, val/nll 2.961e-01 (best_acc: 9.201e-01 -> 9.260e-01, test_acc: 9.203e-01, test_nll: 3.215e-01)
[2023-02-04 09:24:02] [Epoch   171/  200] trn/loss 2.556e-02, trn/lr 1.582e-03, val/acc 9.205e-01, val/nll 3.095e-01
[2023-02-04 09:24:07] [Epoch   172/  200] trn/loss 2.384e-02, trn/lr 1.479e-03, val/acc 9.236e-01, val/nll 2.945e-01
[2023-02-04 09:24:12] [Epoch   173/  200] trn/loss 2.101e-02, trn/lr 1.378e-03, val/acc 9.252e-01, val/nll 3.149e-01
[2023-02-04 09:24:18] [Epoch   174/  200] trn/loss 2.047e-02, trn/lr 1.281e-03, val/acc 9.263e-01, val/nll 3.024e-01 (best_acc: 9.260e-01 -> 9.263e-01, test_acc: 9.203e-01, test_nll: 3.260e-01)
[2023-02-04 09:24:23] [Epoch   175/  200] trn/loss 1.923e-02, trn/lr 1.188e-03, val/acc 9.275e-01, val/nll 3.074e-01 (best_acc: 9.263e-01 -> 9.275e-01, test_acc: 9.208e-01, test_nll: 3.329e-01)
[2023-02-04 09:24:29] [Epoch   176/  200] trn/loss 1.542e-02, trn/lr 1.098e-03, val/acc 9.267e-01, val/nll 3.023e-01
[2023-02-04 09:24:34] [Epoch   177/  200] trn/loss 1.351e-02, trn/lr 1.011e-03, val/acc 9.279e-01, val/nll 3.068e-01 (best_acc: 9.275e-01 -> 9.279e-01, test_acc: 9.248e-01, test_nll: 3.194e-01)
[2023-02-04 09:24:40] [Epoch   178/  200] trn/loss 1.223e-02, trn/lr 9.275e-04, val/acc 9.294e-01, val/nll 3.052e-01 (best_acc: 9.279e-01 -> 9.294e-01, test_acc: 9.260e-01, test_nll: 3.102e-01)
[2023-02-04 09:24:45] [Epoch   179/  200] trn/loss 1.176e-02, trn/lr 8.477e-04, val/acc 9.295e-01, val/nll 3.051e-01 (best_acc: 9.294e-01 -> 9.295e-01, test_acc: 9.275e-01, test_nll: 3.148e-01)
[2023-02-04 09:24:51] [Epoch   180/  200] trn/loss 1.086e-02, trn/lr 7.714e-04, val/acc 9.298e-01, val/nll 3.014e-01 (best_acc: 9.295e-01 -> 9.298e-01, test_acc: 9.245e-01, test_nll: 3.137e-01)
[2023-02-04 09:24:56] [Epoch   181/  200] trn/loss 9.598e-03, trn/lr 6.986e-04, val/acc 9.294e-01, val/nll 2.951e-01
[2023-02-04 09:25:01] [Epoch   182/  200] trn/loss 8.106e-03, trn/lr 6.293e-04, val/acc 9.330e-01, val/nll 2.928e-01 (best_acc: 9.298e-01 -> 9.330e-01, test_acc: 9.269e-01, test_nll: 3.127e-01)
[2023-02-04 09:25:06] [Epoch   183/  200] trn/loss 7.814e-03, trn/lr 5.635e-04, val/acc 9.321e-01, val/nll 2.904e-01
[2023-02-04 09:25:12] [Epoch   184/  200] trn/loss 6.902e-03, trn/lr 5.013e-04, val/acc 9.322e-01, val/nll 2.888e-01
[2023-02-04 09:25:17] [Epoch   185/  200] trn/loss 5.905e-03, trn/lr 4.427e-04, val/acc 9.323e-01, val/nll 2.896e-01
[2023-02-04 09:25:22] [Epoch   186/  200] trn/loss 5.649e-03, trn/lr 3.877e-04, val/acc 9.335e-01, val/nll 2.906e-01 (best_acc: 9.330e-01 -> 9.335e-01, test_acc: 9.279e-01, test_nll: 3.109e-01)
[2023-02-04 09:25:27] [Epoch   187/  200] trn/loss 5.877e-03, trn/lr 3.363e-04, val/acc 9.331e-01, val/nll 2.896e-01
[2023-02-04 09:25:33] [Epoch   188/  200] trn/loss 5.338e-03, trn/lr 2.885e-04, val/acc 9.342e-01, val/nll 2.884e-01 (best_acc: 9.335e-01 -> 9.342e-01, test_acc: 9.283e-01, test_nll: 3.097e-01)
[2023-02-04 09:25:38] [Epoch   189/  200] trn/loss 5.462e-03, trn/lr 2.444e-04, val/acc 9.340e-01, val/nll 2.867e-01
[2023-02-04 09:25:43] [Epoch   190/  200] trn/loss 5.460e-03, trn/lr 2.038e-04, val/acc 9.335e-01, val/nll 2.879e-01
[2023-02-04 09:25:49] [Epoch   191/  200] trn/loss 5.149e-03, trn/lr 1.670e-04, val/acc 9.344e-01, val/nll 2.885e-01 (best_acc: 9.342e-01 -> 9.344e-01, test_acc: 9.299e-01, test_nll: 3.077e-01)
[2023-02-04 09:25:54] [Epoch   192/  200] trn/loss 4.903e-03, trn/lr 1.338e-04, val/acc 9.333e-01, val/nll 2.889e-01
[2023-02-04 09:25:59] [Epoch   193/  200] trn/loss 5.049e-03, trn/lr 1.042e-04, val/acc 9.330e-01, val/nll 2.861e-01
[2023-02-04 09:26:04] [Epoch   194/  200] trn/loss 4.783e-03, trn/lr 7.835e-05, val/acc 9.346e-01, val/nll 2.869e-01 (best_acc: 9.344e-01 -> 9.346e-01, test_acc: 9.286e-01, test_nll: 3.053e-01)
[2023-02-04 09:26:10] [Epoch   195/  200] trn/loss 4.762e-03, trn/lr 5.616e-05, val/acc 9.334e-01, val/nll 2.866e-01
[2023-02-04 09:26:15] [Epoch   196/  200] trn/loss 4.439e-03, trn/lr 3.766e-05, val/acc 9.336e-01, val/nll 2.899e-01
[2023-02-04 09:26:20] [Epoch   197/  200] trn/loss 4.495e-03, trn/lr 2.286e-05, val/acc 9.338e-01, val/nll 2.883e-01
[2023-02-04 09:26:25] [Epoch   198/  200] trn/loss 5.156e-03, trn/lr 1.175e-05, val/acc 9.330e-01, val/nll 2.886e-01
[2023-02-04 09:26:30] [Epoch   199/  200] trn/loss 4.189e-03, trn/lr 4.335e-06, val/acc 9.336e-01, val/nll 2.889e-01
[2023-02-04 09:26:35] [Epoch   200/  200] trn/loss 4.931e-03, trn/lr 6.226e-07, val/acc 9.336e-01, val/nll 2.895e-01
