[2023-02-03 07:01:26] Environments:
------------  -------------------------------------------------------------------------------
sys.platform  linux
Python        3.10.8 (main, Nov 24 2022, 14:13:03) [GCC 11.2.0]
JAX           0.4.1 @/mnt/home/giung/.conda/envs/jax-siml/lib/python3.10/site-packages/jax
jaxlib        0.4.1 @/mnt/home/giung/.conda/envs/jax-siml/lib/python3.10/site-packages/jaxlib
Flax          0.6.3 @/mnt/home/giung/.conda/envs/jax-siml/lib/python3.10/site-packages/flax
Optax         0.1.4 @/mnt/home/giung/.conda/envs/jax-siml/lib/python3.10/site-packages/optax
------------  -------------------------------------------------------------------------------

[2023-02-03 07:01:26] Command line arguments:
- args.data_root          : ./data/
- args.data_name          : CIFAR100_x32
- args.data_augmentation  : standard
- args.data_proportional  : 1.0
- args.model_depth        : 20
- args.model_width        : 1
- args.model_style        : BN-ReLU
- args.optim_bs           : 256
- args.optim_ne           : 500
- args.optim_lr           : 0.01
- args.optim_momentum     : 0.99
- args.optim_weight_decay : 0.003
- args.save               : /mnt/home/giung/giung2-dev/projects/residual-networks/save/CIFAR100_x32/R20-BN-ReLU/bs-0256_ne-0500_lr-0.01_mo-0.99_wd-0.0030_fp32/42
- args.seed               : 42
- args.precision          : fp32

[2023-02-03 07:01:46] [Epoch     1/  500] trn/loss 4.593e+00, trn/lr 1.000e-02, val/acc 2.743e-02, val/nll 4.420e+00 (best_acc: 0.000e+00 -> 2.743e-02, test_acc: 3.110e-02, test_nll: 4.419e+00)
[2023-02-03 07:01:48] [Epoch     2/  500] trn/loss 4.235e+00, trn/lr 1.000e-02, val/acc 5.066e-02, val/nll 4.177e+00 (best_acc: 2.743e-02 -> 5.066e-02, test_acc: 5.100e-02, test_nll: 4.168e+00)
[2023-02-03 07:01:50] [Epoch     3/  500] trn/loss 4.054e+00, trn/lr 9.999e-03, val/acc 7.046e-02, val/nll 4.026e+00 (best_acc: 5.066e-02 -> 7.046e-02, test_acc: 7.300e-02, test_nll: 4.032e+00)
[2023-02-03 07:01:52] [Epoch     4/  500] trn/loss 3.918e+00, trn/lr 9.999e-03, val/acc 7.235e-02, val/nll 3.930e+00 (best_acc: 7.046e-02 -> 7.235e-02, test_acc: 8.220e-02, test_nll: 3.937e+00)
[2023-02-03 07:01:54] [Epoch     5/  500] trn/loss 3.791e+00, trn/lr 9.998e-03, val/acc 1.062e-01, val/nll 3.836e+00 (best_acc: 7.235e-02 -> 1.062e-01, test_acc: 1.065e-01, test_nll: 3.842e+00)
[2023-02-03 07:01:56] [Epoch     6/  500] trn/loss 3.672e+00, trn/lr 9.997e-03, val/acc 1.018e-01, val/nll 3.820e+00
[2023-02-03 07:01:58] [Epoch     7/  500] trn/loss 3.588e+00, trn/lr 9.996e-03, val/acc 1.316e-01, val/nll 3.617e+00 (best_acc: 1.062e-01 -> 1.316e-01, test_acc: 1.376e-01, test_nll: 3.614e+00)
[2023-02-03 07:02:00] [Epoch     8/  500] trn/loss 3.503e+00, trn/lr 9.994e-03, val/acc 1.169e-01, val/nll 3.773e+00
[2023-02-03 07:02:03] [Epoch     9/  500] trn/loss 3.418e+00, trn/lr 9.993e-03, val/acc 1.478e-01, val/nll 3.593e+00 (best_acc: 1.316e-01 -> 1.478e-01, test_acc: 1.464e-01, test_nll: 3.583e+00)
[2023-02-03 07:02:05] [Epoch    10/  500] trn/loss 3.259e+00, trn/lr 9.991e-03, val/acc 1.751e-01, val/nll 3.444e+00 (best_acc: 1.478e-01 -> 1.751e-01, test_acc: 1.724e-01, test_nll: 3.407e+00)
[2023-02-03 07:02:07] [Epoch    11/  500] trn/loss 3.131e+00, trn/lr 9.989e-03, val/acc 1.829e-01, val/nll 3.360e+00 (best_acc: 1.751e-01 -> 1.829e-01, test_acc: 1.843e-01, test_nll: 3.314e+00)
[2023-02-03 07:02:09] [Epoch    12/  500] trn/loss 3.033e+00, trn/lr 9.987e-03, val/acc 1.803e-01, val/nll 3.295e+00
[2023-02-03 07:02:11] [Epoch    13/  500] trn/loss 2.982e+00, trn/lr 9.985e-03, val/acc 2.042e-01, val/nll 3.210e+00 (best_acc: 1.829e-01 -> 2.042e-01, test_acc: 2.067e-01, test_nll: 3.201e+00)
[2023-02-03 07:02:13] [Epoch    14/  500] trn/loss 2.903e+00, trn/lr 9.982e-03, val/acc 1.713e-01, val/nll 3.695e+00
[2023-02-03 07:02:15] [Epoch    15/  500] trn/loss 2.859e+00, trn/lr 9.979e-03, val/acc 2.091e-01, val/nll 3.252e+00 (best_acc: 2.042e-01 -> 2.091e-01, test_acc: 2.153e-01, test_nll: 3.209e+00)
[2023-02-03 07:02:17] [Epoch    16/  500] trn/loss 2.802e+00, trn/lr 9.976e-03, val/acc 2.205e-01, val/nll 3.171e+00 (best_acc: 2.091e-01 -> 2.205e-01, test_acc: 2.167e-01, test_nll: 3.147e+00)
[2023-02-03 07:02:19] [Epoch    17/  500] trn/loss 2.724e+00, trn/lr 9.973e-03, val/acc 2.396e-01, val/nll 3.025e+00 (best_acc: 2.205e-01 -> 2.396e-01, test_acc: 2.478e-01, test_nll: 2.992e+00)
[2023-02-03 07:02:21] [Epoch    18/  500] trn/loss 2.690e+00, trn/lr 9.970e-03, val/acc 2.684e-01, val/nll 2.875e+00 (best_acc: 2.396e-01 -> 2.684e-01, test_acc: 2.709e-01, test_nll: 2.855e+00)
[2023-02-03 07:02:23] [Epoch    19/  500] trn/loss 2.633e+00, trn/lr 9.966e-03, val/acc 1.955e-01, val/nll 3.532e+00
[2023-02-03 07:02:25] [Epoch    20/  500] trn/loss 2.613e+00, trn/lr 9.963e-03, val/acc 2.134e-01, val/nll 3.286e+00
[2023-02-03 07:02:27] [Epoch    21/  500] trn/loss 2.561e+00, trn/lr 9.959e-03, val/acc 3.040e-01, val/nll 2.711e+00 (best_acc: 2.684e-01 -> 3.040e-01, test_acc: 3.036e-01, test_nll: 2.692e+00)
[2023-02-03 07:02:29] [Epoch    22/  500] trn/loss 2.543e+00, trn/lr 9.954e-03, val/acc 2.430e-01, val/nll 3.114e+00
[2023-02-03 07:02:31] [Epoch    23/  500] trn/loss 2.530e+00, trn/lr 9.950e-03, val/acc 2.676e-01, val/nll 3.002e+00
[2023-02-03 07:02:33] [Epoch    24/  500] trn/loss 2.506e+00, trn/lr 9.946e-03, val/acc 2.908e-01, val/nll 2.742e+00
[2023-02-03 07:02:35] [Epoch    25/  500] trn/loss 2.461e+00, trn/lr 9.941e-03, val/acc 2.010e-01, val/nll 3.442e+00
[2023-02-03 07:02:37] [Epoch    26/  500] trn/loss 2.444e+00, trn/lr 9.936e-03, val/acc 2.197e-01, val/nll 3.242e+00
[2023-02-03 07:02:39] [Epoch    27/  500] trn/loss 2.405e+00, trn/lr 9.931e-03, val/acc 2.511e-01, val/nll 2.994e+00
[2023-02-03 07:02:41] [Epoch    28/  500] trn/loss 2.416e+00, trn/lr 9.926e-03, val/acc 3.017e-01, val/nll 2.764e+00
[2023-02-03 07:02:43] [Epoch    29/  500] trn/loss 2.400e+00, trn/lr 9.920e-03, val/acc 3.199e-01, val/nll 2.582e+00 (best_acc: 3.040e-01 -> 3.199e-01, test_acc: 3.175e-01, test_nll: 2.571e+00)
[2023-02-03 07:02:45] [Epoch    30/  500] trn/loss 2.366e+00, trn/lr 9.914e-03, val/acc 3.247e-01, val/nll 2.559e+00 (best_acc: 3.199e-01 -> 3.247e-01, test_acc: 3.296e-01, test_nll: 2.503e+00)
[2023-02-03 07:02:47] [Epoch    31/  500] trn/loss 2.381e+00, trn/lr 9.908e-03, val/acc 3.020e-01, val/nll 2.691e+00
[2023-02-03 07:02:49] [Epoch    32/  500] trn/loss 2.353e+00, trn/lr 9.902e-03, val/acc 3.299e-01, val/nll 2.580e+00 (best_acc: 3.247e-01 -> 3.299e-01, test_acc: 3.348e-01, test_nll: 2.559e+00)
[2023-02-03 07:02:51] [Epoch    33/  500] trn/loss 2.331e+00, trn/lr 9.896e-03, val/acc 2.919e-01, val/nll 2.772e+00
[2023-02-03 07:02:53] [Epoch    34/  500] trn/loss 2.334e+00, trn/lr 9.890e-03, val/acc 3.040e-01, val/nll 2.680e+00
[2023-02-03 07:02:55] [Epoch    35/  500] trn/loss 2.324e+00, trn/lr 9.883e-03, val/acc 2.777e-01, val/nll 2.882e+00
[2023-02-03 07:02:57] [Epoch    36/  500] trn/loss 2.300e+00, trn/lr 9.876e-03, val/acc 2.764e-01, val/nll 2.852e+00
[2023-02-03 07:02:59] [Epoch    37/  500] trn/loss 2.318e+00, trn/lr 9.869e-03, val/acc 2.935e-01, val/nll 2.732e+00
[2023-02-03 07:03:01] [Epoch    38/  500] trn/loss 2.310e+00, trn/lr 9.862e-03, val/acc 3.043e-01, val/nll 2.810e+00
[2023-02-03 07:03:03] [Epoch    39/  500] trn/loss 2.272e+00, trn/lr 9.854e-03, val/acc 3.235e-01, val/nll 2.578e+00
[2023-02-03 07:03:05] [Epoch    40/  500] trn/loss 2.292e+00, trn/lr 9.847e-03, val/acc 2.977e-01, val/nll 2.707e+00
[2023-02-03 07:03:07] [Epoch    41/  500] trn/loss 2.264e+00, trn/lr 9.839e-03, val/acc 3.291e-01, val/nll 2.619e+00
[2023-02-03 07:03:09] [Epoch    42/  500] trn/loss 2.257e+00, trn/lr 9.831e-03, val/acc 3.387e-01, val/nll 2.486e+00 (best_acc: 3.299e-01 -> 3.387e-01, test_acc: 3.422e-01, test_nll: 2.473e+00)
[2023-02-03 07:03:11] [Epoch    43/  500] trn/loss 2.282e+00, trn/lr 9.823e-03, val/acc 3.163e-01, val/nll 2.690e+00
[2023-02-03 07:03:13] [Epoch    44/  500] trn/loss 2.241e+00, trn/lr 9.814e-03, val/acc 2.723e-01, val/nll 3.042e+00
[2023-02-03 07:03:14] [Epoch    45/  500] trn/loss 2.251e+00, trn/lr 9.806e-03, val/acc 3.007e-01, val/nll 2.785e+00
[2023-02-03 07:03:16] [Epoch    46/  500] trn/loss 2.269e+00, trn/lr 9.797e-03, val/acc 3.326e-01, val/nll 2.619e+00
[2023-02-03 07:03:18] [Epoch    47/  500] trn/loss 2.256e+00, trn/lr 9.788e-03, val/acc 3.136e-01, val/nll 2.737e+00
[2023-02-03 07:03:20] [Epoch    48/  500] trn/loss 2.257e+00, trn/lr 9.779e-03, val/acc 3.181e-01, val/nll 2.689e+00
[2023-02-03 07:03:22] [Epoch    49/  500] trn/loss 2.251e+00, trn/lr 9.770e-03, val/acc 3.222e-01, val/nll 2.636e+00
[2023-02-03 07:03:24] [Epoch    50/  500] trn/loss 2.238e+00, trn/lr 9.760e-03, val/acc 3.458e-01, val/nll 2.501e+00 (best_acc: 3.387e-01 -> 3.458e-01, test_acc: 3.405e-01, test_nll: 2.490e+00)
[2023-02-03 07:03:26] [Epoch    51/  500] trn/loss 2.233e+00, trn/lr 9.750e-03, val/acc 3.200e-01, val/nll 2.632e+00
[2023-02-03 07:03:28] [Epoch    52/  500] trn/loss 2.222e+00, trn/lr 9.741e-03, val/acc 3.079e-01, val/nll 2.850e+00
[2023-02-03 07:03:30] [Epoch    53/  500] trn/loss 2.237e+00, trn/lr 9.730e-03, val/acc 3.612e-01, val/nll 2.430e+00 (best_acc: 3.458e-01 -> 3.612e-01, test_acc: 3.652e-01, test_nll: 2.414e+00)
[2023-02-03 07:03:32] [Epoch    54/  500] trn/loss 2.201e+00, trn/lr 9.720e-03, val/acc 3.514e-01, val/nll 2.474e+00
[2023-02-03 07:03:34] [Epoch    55/  500] trn/loss 2.213e+00, trn/lr 9.710e-03, val/acc 3.098e-01, val/nll 2.737e+00
[2023-02-03 07:03:36] [Epoch    56/  500] trn/loss 2.220e+00, trn/lr 9.699e-03, val/acc 3.510e-01, val/nll 2.476e+00
[2023-02-03 07:03:38] [Epoch    57/  500] trn/loss 2.203e+00, trn/lr 9.688e-03, val/acc 3.051e-01, val/nll 2.702e+00
[2023-02-03 07:03:40] [Epoch    58/  500] trn/loss 2.218e+00, trn/lr 9.677e-03, val/acc 3.348e-01, val/nll 2.639e+00
[2023-02-03 07:03:42] [Epoch    59/  500] trn/loss 2.203e+00, trn/lr 9.666e-03, val/acc 2.811e-01, val/nll 2.799e+00
[2023-02-03 07:03:44] [Epoch    60/  500] trn/loss 2.221e+00, trn/lr 9.655e-03, val/acc 3.157e-01, val/nll 2.671e+00
[2023-02-03 07:03:46] [Epoch    61/  500] trn/loss 2.185e+00, trn/lr 9.643e-03, val/acc 3.287e-01, val/nll 2.572e+00
[2023-02-03 07:03:48] [Epoch    62/  500] trn/loss 2.208e+00, trn/lr 9.631e-03, val/acc 2.966e-01, val/nll 2.726e+00
[2023-02-03 07:03:50] [Epoch    63/  500] trn/loss 2.199e+00, trn/lr 9.619e-03, val/acc 3.638e-01, val/nll 2.410e+00 (best_acc: 3.612e-01 -> 3.638e-01, test_acc: 3.677e-01, test_nll: 2.377e+00)
[2023-02-03 07:03:52] [Epoch    64/  500] trn/loss 2.168e+00, trn/lr 9.607e-03, val/acc 2.696e-01, val/nll 3.034e+00
[2023-02-03 07:03:54] [Epoch    65/  500] trn/loss 2.191e+00, trn/lr 9.595e-03, val/acc 3.210e-01, val/nll 2.652e+00
[2023-02-03 07:03:56] [Epoch    66/  500] trn/loss 2.203e+00, trn/lr 9.583e-03, val/acc 2.954e-01, val/nll 2.756e+00
[2023-02-03 07:03:58] [Epoch    67/  500] trn/loss 2.201e+00, trn/lr 9.570e-03, val/acc 3.206e-01, val/nll 2.601e+00
[2023-02-03 07:04:00] [Epoch    68/  500] trn/loss 2.194e+00, trn/lr 9.557e-03, val/acc 3.314e-01, val/nll 2.532e+00
[2023-02-03 07:04:02] [Epoch    69/  500] trn/loss 2.197e+00, trn/lr 9.544e-03, val/acc 3.038e-01, val/nll 2.723e+00
[2023-02-03 07:04:04] [Epoch    70/  500] trn/loss 2.192e+00, trn/lr 9.531e-03, val/acc 3.655e-01, val/nll 2.386e+00 (best_acc: 3.638e-01 -> 3.655e-01, test_acc: 3.737e-01, test_nll: 2.358e+00)
[2023-02-03 07:04:06] [Epoch    71/  500] trn/loss 2.204e+00, trn/lr 9.517e-03, val/acc 3.156e-01, val/nll 2.664e+00
[2023-02-03 07:04:08] [Epoch    72/  500] trn/loss 2.206e+00, trn/lr 9.504e-03, val/acc 3.111e-01, val/nll 2.779e+00
[2023-02-03 07:04:10] [Epoch    73/  500] trn/loss 2.158e+00, trn/lr 9.490e-03, val/acc 3.763e-01, val/nll 2.351e+00 (best_acc: 3.655e-01 -> 3.763e-01, test_acc: 3.780e-01, test_nll: 2.315e+00)
[2023-02-03 07:04:12] [Epoch    74/  500] trn/loss 2.141e+00, trn/lr 9.476e-03, val/acc 3.506e-01, val/nll 2.501e+00
[2023-02-03 07:04:14] [Epoch    75/  500] trn/loss 2.169e+00, trn/lr 9.462e-03, val/acc 3.178e-01, val/nll 2.728e+00
[2023-02-03 07:04:16] [Epoch    76/  500] trn/loss 2.174e+00, trn/lr 9.448e-03, val/acc 3.527e-01, val/nll 2.443e+00
[2023-02-03 07:04:18] [Epoch    77/  500] trn/loss 2.204e+00, trn/lr 9.433e-03, val/acc 3.358e-01, val/nll 2.557e+00
[2023-02-03 07:04:20] [Epoch    78/  500] trn/loss 2.184e+00, trn/lr 9.419e-03, val/acc 3.694e-01, val/nll 2.382e+00
[2023-02-03 07:04:22] [Epoch    79/  500] trn/loss 2.186e+00, trn/lr 9.404e-03, val/acc 3.442e-01, val/nll 2.512e+00
[2023-02-03 07:04:23] [Epoch    80/  500] trn/loss 2.137e+00, trn/lr 9.389e-03, val/acc 3.142e-01, val/nll 2.778e+00
[2023-02-03 07:04:25] [Epoch    81/  500] trn/loss 2.161e+00, trn/lr 9.374e-03, val/acc 3.396e-01, val/nll 2.535e+00
[2023-02-03 07:04:27] [Epoch    82/  500] trn/loss 2.169e+00, trn/lr 9.359e-03, val/acc 3.330e-01, val/nll 2.508e+00
[2023-02-03 07:04:29] [Epoch    83/  500] trn/loss 2.170e+00, trn/lr 9.343e-03, val/acc 3.534e-01, val/nll 2.542e+00
[2023-02-03 07:04:31] [Epoch    84/  500] trn/loss 2.150e+00, trn/lr 9.328e-03, val/acc 3.588e-01, val/nll 2.426e+00
[2023-02-03 07:04:33] [Epoch    85/  500] trn/loss 2.167e+00, trn/lr 9.312e-03, val/acc 3.277e-01, val/nll 2.644e+00
[2023-02-03 07:04:35] [Epoch    86/  500] trn/loss 2.138e+00, trn/lr 9.296e-03, val/acc 3.306e-01, val/nll 2.608e+00
[2023-02-03 07:04:37] [Epoch    87/  500] trn/loss 2.157e+00, trn/lr 9.280e-03, val/acc 3.747e-01, val/nll 2.380e+00
[2023-02-03 07:04:39] [Epoch    88/  500] trn/loss 2.145e+00, trn/lr 9.263e-03, val/acc 3.118e-01, val/nll 2.757e+00
[2023-02-03 07:04:41] [Epoch    89/  500] trn/loss 2.153e+00, trn/lr 9.247e-03, val/acc 3.500e-01, val/nll 2.542e+00
[2023-02-03 07:04:43] [Epoch    90/  500] trn/loss 2.159e+00, trn/lr 9.230e-03, val/acc 3.283e-01, val/nll 2.620e+00
[2023-02-03 07:04:45] [Epoch    91/  500] trn/loss 2.169e+00, trn/lr 9.213e-03, val/acc 3.238e-01, val/nll 2.605e+00
[2023-02-03 07:04:47] [Epoch    92/  500] trn/loss 2.152e+00, trn/lr 9.196e-03, val/acc 2.848e-01, val/nll 3.008e+00
[2023-02-03 07:04:49] [Epoch    93/  500] trn/loss 2.148e+00, trn/lr 9.179e-03, val/acc 3.181e-01, val/nll 2.759e+00
[2023-02-03 07:04:51] [Epoch    94/  500] trn/loss 2.155e+00, trn/lr 9.162e-03, val/acc 3.654e-01, val/nll 2.404e+00
[2023-02-03 07:04:53] [Epoch    95/  500] trn/loss 2.139e+00, trn/lr 9.144e-03, val/acc 3.554e-01, val/nll 2.475e+00
[2023-02-03 07:04:55] [Epoch    96/  500] trn/loss 2.142e+00, trn/lr 9.127e-03, val/acc 3.541e-01, val/nll 2.486e+00
[2023-02-03 07:04:57] [Epoch    97/  500] trn/loss 2.157e+00, trn/lr 9.109e-03, val/acc 3.900e-01, val/nll 2.279e+00 (best_acc: 3.763e-01 -> 3.900e-01, test_acc: 3.855e-01, test_nll: 2.268e+00)
[2023-02-03 07:04:59] [Epoch    98/  500] trn/loss 2.144e+00, trn/lr 9.091e-03, val/acc 3.064e-01, val/nll 2.795e+00
[2023-02-03 07:05:01] [Epoch    99/  500] trn/loss 2.130e+00, trn/lr 9.073e-03, val/acc 3.640e-01, val/nll 2.428e+00
[2023-02-03 07:05:03] [Epoch   100/  500] trn/loss 2.137e+00, trn/lr 9.054e-03, val/acc 2.741e-01, val/nll 3.105e+00
[2023-02-03 07:05:05] [Epoch   101/  500] trn/loss 2.132e+00, trn/lr 9.036e-03, val/acc 3.181e-01, val/nll 2.779e+00
[2023-02-03 07:05:07] [Epoch   102/  500] trn/loss 2.146e+00, trn/lr 9.017e-03, val/acc 3.565e-01, val/nll 2.544e+00
[2023-02-03 07:05:08] [Epoch   103/  500] trn/loss 2.120e+00, trn/lr 8.998e-03, val/acc 3.506e-01, val/nll 2.496e+00
[2023-02-03 07:05:10] [Epoch   104/  500] trn/loss 2.126e+00, trn/lr 8.980e-03, val/acc 2.548e-01, val/nll 3.183e+00
[2023-02-03 07:05:12] [Epoch   105/  500] trn/loss 2.125e+00, trn/lr 8.960e-03, val/acc 3.702e-01, val/nll 2.385e+00
[2023-02-03 07:05:14] [Epoch   106/  500] trn/loss 2.132e+00, trn/lr 8.941e-03, val/acc 3.665e-01, val/nll 2.413e+00
[2023-02-03 07:05:16] [Epoch   107/  500] trn/loss 2.128e+00, trn/lr 8.922e-03, val/acc 3.979e-01, val/nll 2.223e+00 (best_acc: 3.900e-01 -> 3.979e-01, test_acc: 4.058e-01, test_nll: 2.193e+00)
[2023-02-03 07:05:18] [Epoch   108/  500] trn/loss 2.141e+00, trn/lr 8.902e-03, val/acc 3.541e-01, val/nll 2.477e+00
[2023-02-03 07:05:20] [Epoch   109/  500] trn/loss 2.148e+00, trn/lr 8.882e-03, val/acc 3.470e-01, val/nll 2.482e+00
[2023-02-03 07:05:22] [Epoch   110/  500] trn/loss 2.132e+00, trn/lr 8.863e-03, val/acc 3.337e-01, val/nll 2.599e+00
[2023-02-03 07:05:24] [Epoch   111/  500] trn/loss 2.124e+00, trn/lr 8.843e-03, val/acc 3.517e-01, val/nll 2.435e+00
[2023-02-03 07:05:26] [Epoch   112/  500] trn/loss 2.110e+00, trn/lr 8.822e-03, val/acc 3.761e-01, val/nll 2.364e+00
[2023-02-03 07:05:28] [Epoch   113/  500] trn/loss 2.140e+00, trn/lr 8.802e-03, val/acc 3.544e-01, val/nll 2.407e+00
[2023-02-03 07:05:30] [Epoch   114/  500] trn/loss 2.115e+00, trn/lr 8.782e-03, val/acc 3.652e-01, val/nll 2.428e+00
[2023-02-03 07:05:32] [Epoch   115/  500] trn/loss 2.132e+00, trn/lr 8.761e-03, val/acc 3.386e-01, val/nll 2.531e+00
[2023-02-03 07:05:34] [Epoch   116/  500] trn/loss 2.132e+00, trn/lr 8.740e-03, val/acc 3.549e-01, val/nll 2.421e+00
[2023-02-03 07:05:36] [Epoch   117/  500] trn/loss 2.104e+00, trn/lr 8.719e-03, val/acc 3.450e-01, val/nll 2.551e+00
[2023-02-03 07:05:38] [Epoch   118/  500] trn/loss 2.100e+00, trn/lr 8.698e-03, val/acc 3.065e-01, val/nll 2.899e+00
[2023-02-03 07:05:40] [Epoch   119/  500] trn/loss 2.103e+00, trn/lr 8.677e-03, val/acc 3.537e-01, val/nll 2.521e+00
[2023-02-03 07:05:42] [Epoch   120/  500] trn/loss 2.099e+00, trn/lr 8.656e-03, val/acc 3.426e-01, val/nll 2.590e+00
[2023-02-03 07:05:44] [Epoch   121/  500] trn/loss 2.119e+00, trn/lr 8.634e-03, val/acc 3.358e-01, val/nll 2.651e+00
[2023-02-03 07:05:46] [Epoch   122/  500] trn/loss 2.102e+00, trn/lr 8.612e-03, val/acc 3.232e-01, val/nll 2.800e+00
[2023-02-03 07:05:48] [Epoch   123/  500] trn/loss 2.079e+00, trn/lr 8.591e-03, val/acc 3.116e-01, val/nll 2.637e+00
[2023-02-03 07:05:50] [Epoch   124/  500] trn/loss 2.101e+00, trn/lr 8.569e-03, val/acc 3.561e-01, val/nll 2.534e+00
[2023-02-03 07:05:52] [Epoch   125/  500] trn/loss 2.094e+00, trn/lr 8.547e-03, val/acc 3.580e-01, val/nll 2.469e+00
[2023-02-03 07:05:54] [Epoch   126/  500] trn/loss 2.108e+00, trn/lr 8.524e-03, val/acc 3.340e-01, val/nll 2.592e+00
[2023-02-03 07:05:55] [Epoch   127/  500] trn/loss 2.088e+00, trn/lr 8.502e-03, val/acc 3.021e-01, val/nll 2.800e+00
[2023-02-03 07:05:57] [Epoch   128/  500] trn/loss 2.099e+00, trn/lr 8.480e-03, val/acc 3.559e-01, val/nll 2.471e+00
[2023-02-03 07:05:59] [Epoch   129/  500] trn/loss 2.091e+00, trn/lr 8.457e-03, val/acc 3.799e-01, val/nll 2.332e+00
[2023-02-03 07:06:01] [Epoch   130/  500] trn/loss 2.084e+00, trn/lr 8.434e-03, val/acc 3.606e-01, val/nll 2.481e+00
[2023-02-03 07:06:03] [Epoch   131/  500] trn/loss 2.067e+00, trn/lr 8.411e-03, val/acc 3.739e-01, val/nll 2.374e+00
[2023-02-03 07:06:05] [Epoch   132/  500] trn/loss 2.087e+00, trn/lr 8.388e-03, val/acc 3.170e-01, val/nll 2.783e+00
[2023-02-03 07:06:07] [Epoch   133/  500] trn/loss 2.081e+00, trn/lr 8.365e-03, val/acc 3.687e-01, val/nll 2.390e+00
[2023-02-03 07:06:09] [Epoch   134/  500] trn/loss 2.073e+00, trn/lr 8.342e-03, val/acc 3.509e-01, val/nll 2.476e+00
[2023-02-03 07:06:11] [Epoch   135/  500] trn/loss 2.079e+00, trn/lr 8.318e-03, val/acc 3.506e-01, val/nll 2.462e+00
[2023-02-03 07:06:13] [Epoch   136/  500] trn/loss 2.077e+00, trn/lr 8.295e-03, val/acc 3.792e-01, val/nll 2.401e+00
[2023-02-03 07:06:15] [Epoch   137/  500] trn/loss 2.053e+00, trn/lr 8.271e-03, val/acc 3.511e-01, val/nll 2.526e+00
[2023-02-03 07:06:17] [Epoch   138/  500] trn/loss 2.094e+00, trn/lr 8.247e-03, val/acc 3.617e-01, val/nll 2.443e+00
[2023-02-03 07:06:19] [Epoch   139/  500] trn/loss 2.081e+00, trn/lr 8.223e-03, val/acc 3.340e-01, val/nll 2.595e+00
[2023-02-03 07:06:21] [Epoch   140/  500] trn/loss 2.065e+00, trn/lr 8.199e-03, val/acc 3.548e-01, val/nll 2.482e+00
[2023-02-03 07:06:23] [Epoch   141/  500] trn/loss 2.061e+00, trn/lr 8.175e-03, val/acc 3.292e-01, val/nll 2.569e+00
[2023-02-03 07:06:25] [Epoch   142/  500] trn/loss 2.054e+00, trn/lr 8.151e-03, val/acc 3.281e-01, val/nll 2.636e+00
[2023-02-03 07:06:27] [Epoch   143/  500] trn/loss 2.084e+00, trn/lr 8.126e-03, val/acc 3.494e-01, val/nll 2.493e+00
[2023-02-03 07:06:29] [Epoch   144/  500] trn/loss 2.072e+00, trn/lr 8.102e-03, val/acc 3.663e-01, val/nll 2.415e+00
[2023-02-03 07:06:31] [Epoch   145/  500] trn/loss 2.069e+00, trn/lr 8.077e-03, val/acc 3.309e-01, val/nll 2.608e+00
[2023-02-03 07:06:33] [Epoch   146/  500] trn/loss 2.058e+00, trn/lr 8.052e-03, val/acc 3.465e-01, val/nll 2.499e+00
[2023-02-03 07:06:34] [Epoch   147/  500] trn/loss 2.086e+00, trn/lr 8.027e-03, val/acc 3.617e-01, val/nll 2.449e+00
[2023-02-03 07:06:36] [Epoch   148/  500] trn/loss 2.050e+00, trn/lr 8.002e-03, val/acc 3.936e-01, val/nll 2.286e+00
[2023-02-03 07:06:38] [Epoch   149/  500] trn/loss 2.046e+00, trn/lr 7.977e-03, val/acc 3.294e-01, val/nll 2.586e+00
[2023-02-03 07:06:40] [Epoch   150/  500] trn/loss 2.077e+00, trn/lr 7.952e-03, val/acc 3.530e-01, val/nll 2.516e+00
[2023-02-03 07:06:42] [Epoch   151/  500] trn/loss 2.080e+00, trn/lr 7.926e-03, val/acc 3.762e-01, val/nll 2.377e+00
[2023-02-03 07:06:44] [Epoch   152/  500] trn/loss 2.060e+00, trn/lr 7.901e-03, val/acc 3.619e-01, val/nll 2.525e+00
[2023-02-03 07:06:46] [Epoch   153/  500] trn/loss 2.064e+00, trn/lr 7.875e-03, val/acc 3.506e-01, val/nll 2.540e+00
[2023-02-03 07:06:48] [Epoch   154/  500] trn/loss 2.039e+00, trn/lr 7.849e-03, val/acc 3.377e-01, val/nll 2.563e+00
[2023-02-03 07:06:50] [Epoch   155/  500] trn/loss 2.034e+00, trn/lr 7.823e-03, val/acc 3.540e-01, val/nll 2.445e+00
[2023-02-03 07:06:52] [Epoch   156/  500] trn/loss 2.052e+00, trn/lr 7.797e-03, val/acc 3.740e-01, val/nll 2.364e+00
[2023-02-03 07:06:54] [Epoch   157/  500] trn/loss 2.063e+00, trn/lr 7.771e-03, val/acc 3.653e-01, val/nll 2.445e+00
[2023-02-03 07:06:56] [Epoch   158/  500] trn/loss 2.040e+00, trn/lr 7.745e-03, val/acc 3.940e-01, val/nll 2.290e+00
[2023-02-03 07:06:58] [Epoch   159/  500] trn/loss 2.031e+00, trn/lr 7.719e-03, val/acc 3.189e-01, val/nll 2.738e+00
[2023-02-03 07:07:00] [Epoch   160/  500] trn/loss 2.050e+00, trn/lr 7.692e-03, val/acc 3.420e-01, val/nll 2.574e+00
[2023-02-03 07:07:02] [Epoch   161/  500] trn/loss 2.040e+00, trn/lr 7.666e-03, val/acc 3.632e-01, val/nll 2.395e+00
[2023-02-03 07:07:04] [Epoch   162/  500] trn/loss 2.028e+00, trn/lr 7.639e-03, val/acc 3.159e-01, val/nll 2.744e+00
[2023-02-03 07:07:06] [Epoch   163/  500] trn/loss 2.043e+00, trn/lr 7.613e-03, val/acc 3.654e-01, val/nll 2.429e+00
[2023-02-03 07:07:08] [Epoch   164/  500] trn/loss 2.055e+00, trn/lr 7.586e-03, val/acc 3.865e-01, val/nll 2.320e+00
[2023-02-03 07:07:09] [Epoch   165/  500] trn/loss 2.061e+00, trn/lr 7.559e-03, val/acc 3.654e-01, val/nll 2.442e+00
[2023-02-03 07:07:11] [Epoch   166/  500] trn/loss 2.041e+00, trn/lr 7.532e-03, val/acc 3.269e-01, val/nll 2.705e+00
[2023-02-03 07:07:13] [Epoch   167/  500] trn/loss 2.023e+00, trn/lr 7.505e-03, val/acc 3.702e-01, val/nll 2.388e+00
[2023-02-03 07:07:15] [Epoch   168/  500] trn/loss 2.031e+00, trn/lr 7.477e-03, val/acc 3.991e-01, val/nll 2.249e+00 (best_acc: 3.979e-01 -> 3.991e-01, test_acc: 4.057e-01, test_nll: 2.235e+00)
[2023-02-03 07:07:17] [Epoch   169/  500] trn/loss 2.023e+00, trn/lr 7.450e-03, val/acc 3.854e-01, val/nll 2.324e+00
[2023-02-03 07:07:19] [Epoch   170/  500] trn/loss 2.032e+00, trn/lr 7.423e-03, val/acc 3.640e-01, val/nll 2.436e+00
[2023-02-03 07:07:21] [Epoch   171/  500] trn/loss 2.007e+00, trn/lr 7.395e-03, val/acc 3.702e-01, val/nll 2.392e+00
[2023-02-03 07:07:23] [Epoch   172/  500] trn/loss 2.009e+00, trn/lr 7.367e-03, val/acc 3.838e-01, val/nll 2.322e+00
[2023-02-03 07:07:25] [Epoch   173/  500] trn/loss 2.021e+00, trn/lr 7.340e-03, val/acc 3.441e-01, val/nll 2.579e+00
[2023-02-03 07:07:27] [Epoch   174/  500] trn/loss 2.029e+00, trn/lr 7.312e-03, val/acc 3.486e-01, val/nll 2.531e+00
[2023-02-03 07:07:29] [Epoch   175/  500] trn/loss 2.028e+00, trn/lr 7.284e-03, val/acc 3.367e-01, val/nll 2.629e+00
[2023-02-03 07:07:31] [Epoch   176/  500] trn/loss 2.031e+00, trn/lr 7.256e-03, val/acc 3.767e-01, val/nll 2.367e+00
[2023-02-03 07:07:33] [Epoch   177/  500] trn/loss 2.009e+00, trn/lr 7.228e-03, val/acc 3.746e-01, val/nll 2.404e+00
[2023-02-03 07:07:35] [Epoch   178/  500] trn/loss 2.021e+00, trn/lr 7.200e-03, val/acc 3.051e-01, val/nll 2.893e+00
[2023-02-03 07:07:37] [Epoch   179/  500] trn/loss 2.016e+00, trn/lr 7.172e-03, val/acc 3.852e-01, val/nll 2.313e+00
[2023-02-03 07:07:39] [Epoch   180/  500] trn/loss 2.024e+00, trn/lr 7.143e-03, val/acc 4.008e-01, val/nll 2.254e+00 (best_acc: 3.991e-01 -> 4.008e-01, test_acc: 4.142e-01, test_nll: 2.188e+00)
[2023-02-03 07:07:41] [Epoch   181/  500] trn/loss 1.997e+00, trn/lr 7.115e-03, val/acc 4.087e-01, val/nll 2.215e+00 (best_acc: 4.008e-01 -> 4.087e-01, test_acc: 4.111e-01, test_nll: 2.196e+00)
[2023-02-03 07:07:43] [Epoch   182/  500] trn/loss 2.013e+00, trn/lr 7.086e-03, val/acc 3.791e-01, val/nll 2.379e+00
[2023-02-03 07:07:45] [Epoch   183/  500] trn/loss 1.989e+00, trn/lr 7.058e-03, val/acc 3.780e-01, val/nll 2.362e+00
[2023-02-03 07:07:47] [Epoch   184/  500] trn/loss 1.986e+00, trn/lr 7.029e-03, val/acc 4.038e-01, val/nll 2.220e+00
[2023-02-03 07:07:49] [Epoch   185/  500] trn/loss 1.986e+00, trn/lr 7.000e-03, val/acc 3.852e-01, val/nll 2.319e+00
[2023-02-03 07:07:51] [Epoch   186/  500] trn/loss 1.997e+00, trn/lr 6.971e-03, val/acc 3.683e-01, val/nll 2.381e+00
[2023-02-03 07:07:53] [Epoch   187/  500] trn/loss 2.015e+00, trn/lr 6.942e-03, val/acc 3.996e-01, val/nll 2.233e+00
[2023-02-03 07:07:55] [Epoch   188/  500] trn/loss 1.998e+00, trn/lr 6.914e-03, val/acc 3.466e-01, val/nll 2.632e+00
[2023-02-03 07:07:57] [Epoch   189/  500] trn/loss 1.985e+00, trn/lr 6.884e-03, val/acc 3.685e-01, val/nll 2.402e+00
[2023-02-03 07:07:58] [Epoch   190/  500] trn/loss 1.989e+00, trn/lr 6.855e-03, val/acc 3.511e-01, val/nll 2.475e+00
[2023-02-03 07:08:00] [Epoch   191/  500] trn/loss 1.995e+00, trn/lr 6.826e-03, val/acc 3.669e-01, val/nll 2.391e+00
[2023-02-03 07:08:02] [Epoch   192/  500] trn/loss 2.028e+00, trn/lr 6.797e-03, val/acc 3.504e-01, val/nll 2.608e+00
[2023-02-03 07:08:04] [Epoch   193/  500] trn/loss 2.001e+00, trn/lr 6.767e-03, val/acc 4.163e-01, val/nll 2.185e+00 (best_acc: 4.087e-01 -> 4.163e-01, test_acc: 4.264e-01, test_nll: 2.150e+00)
[2023-02-03 07:08:06] [Epoch   194/  500] trn/loss 1.961e+00, trn/lr 6.738e-03, val/acc 3.497e-01, val/nll 2.596e+00
[2023-02-03 07:08:08] [Epoch   195/  500] trn/loss 1.979e+00, trn/lr 6.709e-03, val/acc 3.885e-01, val/nll 2.319e+00
[2023-02-03 07:08:10] [Epoch   196/  500] trn/loss 1.970e+00, trn/lr 6.679e-03, val/acc 3.576e-01, val/nll 2.520e+00
[2023-02-03 07:08:12] [Epoch   197/  500] trn/loss 1.981e+00, trn/lr 6.649e-03, val/acc 3.699e-01, val/nll 2.416e+00
[2023-02-03 07:08:14] [Epoch   198/  500] trn/loss 1.985e+00, trn/lr 6.620e-03, val/acc 4.010e-01, val/nll 2.273e+00
[2023-02-03 07:08:16] [Epoch   199/  500] trn/loss 1.971e+00, trn/lr 6.590e-03, val/acc 4.144e-01, val/nll 2.184e+00
[2023-02-03 07:08:18] [Epoch   200/  500] trn/loss 1.959e+00, trn/lr 6.560e-03, val/acc 3.876e-01, val/nll 2.343e+00
[2023-02-03 07:08:20] [Epoch   201/  500] trn/loss 1.979e+00, trn/lr 6.530e-03, val/acc 3.948e-01, val/nll 2.252e+00
[2023-02-03 07:08:22] [Epoch   202/  500] trn/loss 1.957e+00, trn/lr 6.500e-03, val/acc 4.272e-01, val/nll 2.157e+00 (best_acc: 4.163e-01 -> 4.272e-01, test_acc: 4.384e-01, test_nll: 2.120e+00)
[2023-02-03 07:08:24] [Epoch   203/  500] trn/loss 1.954e+00, trn/lr 6.470e-03, val/acc 3.962e-01, val/nll 2.259e+00
[2023-02-03 07:08:26] [Epoch   204/  500] trn/loss 1.961e+00, trn/lr 6.440e-03, val/acc 3.808e-01, val/nll 2.341e+00
[2023-02-03 07:08:28] [Epoch   205/  500] trn/loss 1.964e+00, trn/lr 6.410e-03, val/acc 3.154e-01, val/nll 2.913e+00
[2023-02-03 07:08:30] [Epoch   206/  500] trn/loss 1.956e+00, trn/lr 6.380e-03, val/acc 3.961e-01, val/nll 2.270e+00
[2023-02-03 07:08:32] [Epoch   207/  500] trn/loss 1.956e+00, trn/lr 6.350e-03, val/acc 3.533e-01, val/nll 2.498e+00
[2023-02-03 07:08:34] [Epoch   208/  500] trn/loss 1.953e+00, trn/lr 6.319e-03, val/acc 3.875e-01, val/nll 2.319e+00
[2023-02-03 07:08:36] [Epoch   209/  500] trn/loss 1.971e+00, trn/lr 6.289e-03, val/acc 3.784e-01, val/nll 2.408e+00
[2023-02-03 07:08:38] [Epoch   210/  500] trn/loss 1.948e+00, trn/lr 6.259e-03, val/acc 3.826e-01, val/nll 2.383e+00
[2023-02-03 07:08:39] [Epoch   211/  500] trn/loss 1.943e+00, trn/lr 6.228e-03, val/acc 4.181e-01, val/nll 2.175e+00
[2023-02-03 07:08:41] [Epoch   212/  500] trn/loss 1.934e+00, trn/lr 6.198e-03, val/acc 3.954e-01, val/nll 2.327e+00
[2023-02-03 07:08:43] [Epoch   213/  500] trn/loss 1.931e+00, trn/lr 6.167e-03, val/acc 3.920e-01, val/nll 2.324e+00
[2023-02-03 07:08:45] [Epoch   214/  500] trn/loss 1.960e+00, trn/lr 6.137e-03, val/acc 3.936e-01, val/nll 2.262e+00
[2023-02-03 07:08:47] [Epoch   215/  500] trn/loss 1.952e+00, trn/lr 6.106e-03, val/acc 4.060e-01, val/nll 2.208e+00
[2023-02-03 07:08:49] [Epoch   216/  500] trn/loss 1.938e+00, trn/lr 6.075e-03, val/acc 4.071e-01, val/nll 2.205e+00
[2023-02-03 07:08:51] [Epoch   217/  500] trn/loss 1.925e+00, trn/lr 6.045e-03, val/acc 3.905e-01, val/nll 2.320e+00
[2023-02-03 07:08:53] [Epoch   218/  500] trn/loss 1.915e+00, trn/lr 6.014e-03, val/acc 4.122e-01, val/nll 2.185e+00
[2023-02-03 07:08:55] [Epoch   219/  500] trn/loss 1.927e+00, trn/lr 5.983e-03, val/acc 3.822e-01, val/nll 2.353e+00
[2023-02-03 07:08:57] [Epoch   220/  500] trn/loss 1.935e+00, trn/lr 5.952e-03, val/acc 4.308e-01, val/nll 2.095e+00 (best_acc: 4.272e-01 -> 4.308e-01, test_acc: 4.342e-01, test_nll: 2.084e+00)
[2023-02-03 07:08:59] [Epoch   221/  500] trn/loss 1.929e+00, trn/lr 5.922e-03, val/acc 4.033e-01, val/nll 2.220e+00
[2023-02-03 07:09:01] [Epoch   222/  500] trn/loss 1.920e+00, trn/lr 5.891e-03, val/acc 3.810e-01, val/nll 2.427e+00
[2023-02-03 07:09:03] [Epoch   223/  500] trn/loss 1.912e+00, trn/lr 5.860e-03, val/acc 3.804e-01, val/nll 2.360e+00
[2023-02-03 07:09:05] [Epoch   224/  500] trn/loss 1.919e+00, trn/lr 5.829e-03, val/acc 4.441e-01, val/nll 2.063e+00 (best_acc: 4.308e-01 -> 4.441e-01, test_acc: 4.549e-01, test_nll: 2.043e+00)
[2023-02-03 07:09:07] [Epoch   225/  500] trn/loss 1.896e+00, trn/lr 5.798e-03, val/acc 3.817e-01, val/nll 2.347e+00
[2023-02-03 07:09:09] [Epoch   226/  500] trn/loss 1.926e+00, trn/lr 5.767e-03, val/acc 3.905e-01, val/nll 2.309e+00
[2023-02-03 07:09:11] [Epoch   227/  500] trn/loss 1.931e+00, trn/lr 5.736e-03, val/acc 3.708e-01, val/nll 2.457e+00
[2023-02-03 07:09:13] [Epoch   228/  500] trn/loss 1.902e+00, trn/lr 5.705e-03, val/acc 3.652e-01, val/nll 2.439e+00
[2023-02-03 07:09:15] [Epoch   229/  500] trn/loss 1.909e+00, trn/lr 5.673e-03, val/acc 4.082e-01, val/nll 2.233e+00
[2023-02-03 07:09:17] [Epoch   230/  500] trn/loss 1.898e+00, trn/lr 5.642e-03, val/acc 4.059e-01, val/nll 2.204e+00
[2023-02-03 07:09:19] [Epoch   231/  500] trn/loss 1.915e+00, trn/lr 5.611e-03, val/acc 4.269e-01, val/nll 2.121e+00
[2023-02-03 07:09:21] [Epoch   232/  500] trn/loss 1.898e+00, trn/lr 5.580e-03, val/acc 4.173e-01, val/nll 2.188e+00
[2023-02-03 07:09:23] [Epoch   233/  500] trn/loss 1.880e+00, trn/lr 5.549e-03, val/acc 4.210e-01, val/nll 2.172e+00
[2023-02-03 07:09:24] [Epoch   234/  500] trn/loss 1.894e+00, trn/lr 5.518e-03, val/acc 4.323e-01, val/nll 2.079e+00
[2023-02-03 07:09:26] [Epoch   235/  500] trn/loss 1.891e+00, trn/lr 5.486e-03, val/acc 3.778e-01, val/nll 2.347e+00
[2023-02-03 07:09:28] [Epoch   236/  500] trn/loss 1.906e+00, trn/lr 5.455e-03, val/acc 4.111e-01, val/nll 2.207e+00
[2023-02-03 07:09:30] [Epoch   237/  500] trn/loss 1.895e+00, trn/lr 5.424e-03, val/acc 4.412e-01, val/nll 2.062e+00
[2023-02-03 07:09:32] [Epoch   238/  500] trn/loss 1.881e+00, trn/lr 5.392e-03, val/acc 4.189e-01, val/nll 2.172e+00
[2023-02-03 07:09:34] [Epoch   239/  500] trn/loss 1.871e+00, trn/lr 5.361e-03, val/acc 3.634e-01, val/nll 2.502e+00
[2023-02-03 07:09:36] [Epoch   240/  500] trn/loss 1.891e+00, trn/lr 5.330e-03, val/acc 3.477e-01, val/nll 2.575e+00
[2023-02-03 07:09:38] [Epoch   241/  500] trn/loss 1.872e+00, trn/lr 5.298e-03, val/acc 4.054e-01, val/nll 2.257e+00
[2023-02-03 07:09:40] [Epoch   242/  500] trn/loss 1.878e+00, trn/lr 5.267e-03, val/acc 4.294e-01, val/nll 2.092e+00
[2023-02-03 07:09:42] [Epoch   243/  500] trn/loss 1.879e+00, trn/lr 5.236e-03, val/acc 3.908e-01, val/nll 2.340e+00
[2023-02-03 07:09:44] [Epoch   244/  500] trn/loss 1.868e+00, trn/lr 5.204e-03, val/acc 4.356e-01, val/nll 2.116e+00
[2023-02-03 07:09:46] [Epoch   245/  500] trn/loss 1.870e+00, trn/lr 5.173e-03, val/acc 4.244e-01, val/nll 2.161e+00
[2023-02-03 07:09:48] [Epoch   246/  500] trn/loss 1.862e+00, trn/lr 5.141e-03, val/acc 4.313e-01, val/nll 2.139e+00
[2023-02-03 07:09:50] [Epoch   247/  500] trn/loss 1.863e+00, trn/lr 5.110e-03, val/acc 4.294e-01, val/nll 2.105e+00
[2023-02-03 07:09:52] [Epoch   248/  500] trn/loss 1.860e+00, trn/lr 5.079e-03, val/acc 4.347e-01, val/nll 2.093e+00
[2023-02-03 07:09:53] [Epoch   249/  500] trn/loss 1.864e+00, trn/lr 5.047e-03, val/acc 4.435e-01, val/nll 2.062e+00
[2023-02-03 07:09:56] [Epoch   250/  500] trn/loss 1.844e+00, trn/lr 5.016e-03, val/acc 4.527e-01, val/nll 2.037e+00 (best_acc: 4.441e-01 -> 4.527e-01, test_acc: 4.656e-01, test_nll: 2.005e+00)
[2023-02-03 07:09:58] [Epoch   251/  500] trn/loss 1.843e+00, trn/lr 4.984e-03, val/acc 4.252e-01, val/nll 2.180e+00
[2023-02-03 07:10:00] [Epoch   252/  500] trn/loss 1.859e+00, trn/lr 4.953e-03, val/acc 4.319e-01, val/nll 2.079e+00
[2023-02-03 07:10:01] [Epoch   253/  500] trn/loss 1.865e+00, trn/lr 4.922e-03, val/acc 4.180e-01, val/nll 2.186e+00
[2023-02-03 07:10:04] [Epoch   254/  500] trn/loss 1.841e+00, trn/lr 4.890e-03, val/acc 4.602e-01, val/nll 1.987e+00 (best_acc: 4.527e-01 -> 4.602e-01, test_acc: 4.630e-01, test_nll: 1.961e+00)
[2023-02-03 07:10:05] [Epoch   255/  500] trn/loss 1.820e+00, trn/lr 4.859e-03, val/acc 4.136e-01, val/nll 2.200e+00
[2023-02-03 07:10:07] [Epoch   256/  500] trn/loss 1.852e+00, trn/lr 4.827e-03, val/acc 4.261e-01, val/nll 2.169e+00
[2023-02-03 07:10:09] [Epoch   257/  500] trn/loss 1.851e+00, trn/lr 4.796e-03, val/acc 4.285e-01, val/nll 2.168e+00
[2023-02-03 07:10:11] [Epoch   258/  500] trn/loss 1.830e+00, trn/lr 4.765e-03, val/acc 4.533e-01, val/nll 1.991e+00
[2023-02-03 07:10:13] [Epoch   259/  500] trn/loss 1.829e+00, trn/lr 4.733e-03, val/acc 4.420e-01, val/nll 2.051e+00
[2023-02-03 07:10:15] [Epoch   260/  500] trn/loss 1.819e+00, trn/lr 4.702e-03, val/acc 4.254e-01, val/nll 2.126e+00
[2023-02-03 07:10:17] [Epoch   261/  500] trn/loss 1.824e+00, trn/lr 4.670e-03, val/acc 4.137e-01, val/nll 2.260e+00
[2023-02-03 07:10:19] [Epoch   262/  500] trn/loss 1.816e+00, trn/lr 4.639e-03, val/acc 4.246e-01, val/nll 2.188e+00
[2023-02-03 07:10:21] [Epoch   263/  500] trn/loss 1.846e+00, trn/lr 4.608e-03, val/acc 4.262e-01, val/nll 2.133e+00
[2023-02-03 07:10:23] [Epoch   264/  500] trn/loss 1.847e+00, trn/lr 4.576e-03, val/acc 3.836e-01, val/nll 2.437e+00
[2023-02-03 07:10:25] [Epoch   265/  500] trn/loss 1.817e+00, trn/lr 4.545e-03, val/acc 4.534e-01, val/nll 1.981e+00
[2023-02-03 07:10:27] [Epoch   266/  500] trn/loss 1.799e+00, trn/lr 4.514e-03, val/acc 4.480e-01, val/nll 2.057e+00
[2023-02-03 07:10:29] [Epoch   267/  500] trn/loss 1.808e+00, trn/lr 4.483e-03, val/acc 4.351e-01, val/nll 2.086e+00
[2023-02-03 07:10:31] [Epoch   268/  500] trn/loss 1.808e+00, trn/lr 4.451e-03, val/acc 4.184e-01, val/nll 2.202e+00
[2023-02-03 07:10:33] [Epoch   269/  500] trn/loss 1.802e+00, trn/lr 4.420e-03, val/acc 4.075e-01, val/nll 2.209e+00
[2023-02-03 07:10:35] [Epoch   270/  500] trn/loss 1.805e+00, trn/lr 4.389e-03, val/acc 4.169e-01, val/nll 2.191e+00
[2023-02-03 07:10:37] [Epoch   271/  500] trn/loss 1.805e+00, trn/lr 4.358e-03, val/acc 4.532e-01, val/nll 2.019e+00
[2023-02-03 07:10:39] [Epoch   272/  500] trn/loss 1.784e+00, trn/lr 4.327e-03, val/acc 4.451e-01, val/nll 2.047e+00
[2023-02-03 07:10:40] [Epoch   273/  500] trn/loss 1.794e+00, trn/lr 4.296e-03, val/acc 4.289e-01, val/nll 2.154e+00
[2023-02-03 07:10:42] [Epoch   274/  500] trn/loss 1.800e+00, trn/lr 4.265e-03, val/acc 4.209e-01, val/nll 2.150e+00
[2023-02-03 07:10:44] [Epoch   275/  500] trn/loss 1.783e+00, trn/lr 4.233e-03, val/acc 4.473e-01, val/nll 2.073e+00
[2023-02-03 07:10:46] [Epoch   276/  500] trn/loss 1.767e+00, trn/lr 4.202e-03, val/acc 4.462e-01, val/nll 2.075e+00
[2023-02-03 07:10:48] [Epoch   277/  500] trn/loss 1.773e+00, trn/lr 4.171e-03, val/acc 4.350e-01, val/nll 2.109e+00
[2023-02-03 07:10:50] [Epoch   278/  500] trn/loss 1.789e+00, trn/lr 4.140e-03, val/acc 4.237e-01, val/nll 2.180e+00
[2023-02-03 07:10:52] [Epoch   279/  500] trn/loss 1.794e+00, trn/lr 4.110e-03, val/acc 4.448e-01, val/nll 2.055e+00
[2023-02-03 07:10:54] [Epoch   280/  500] trn/loss 1.787e+00, trn/lr 4.079e-03, val/acc 4.334e-01, val/nll 2.126e+00
[2023-02-03 07:10:56] [Epoch   281/  500] trn/loss 1.779e+00, trn/lr 4.048e-03, val/acc 4.244e-01, val/nll 2.145e+00
[2023-02-03 07:10:58] [Epoch   282/  500] trn/loss 1.771e+00, trn/lr 4.017e-03, val/acc 4.494e-01, val/nll 2.039e+00
[2023-02-03 07:11:00] [Epoch   283/  500] trn/loss 1.757e+00, trn/lr 3.986e-03, val/acc 4.152e-01, val/nll 2.206e+00
[2023-02-03 07:11:02] [Epoch   284/  500] trn/loss 1.758e+00, trn/lr 3.955e-03, val/acc 4.171e-01, val/nll 2.196e+00
[2023-02-03 07:11:04] [Epoch   285/  500] trn/loss 1.782e+00, trn/lr 3.925e-03, val/acc 4.167e-01, val/nll 2.160e+00
[2023-02-03 07:11:06] [Epoch   286/  500] trn/loss 1.770e+00, trn/lr 3.894e-03, val/acc 4.499e-01, val/nll 2.033e+00
[2023-02-03 07:11:08] [Epoch   287/  500] trn/loss 1.761e+00, trn/lr 3.863e-03, val/acc 4.306e-01, val/nll 2.115e+00
[2023-02-03 07:11:10] [Epoch   288/  500] trn/loss 1.763e+00, trn/lr 3.833e-03, val/acc 4.687e-01, val/nll 1.957e+00 (best_acc: 4.602e-01 -> 4.687e-01, test_acc: 4.765e-01, test_nll: 1.920e+00)
[2023-02-03 07:11:12] [Epoch   289/  500] trn/loss 1.738e+00, trn/lr 3.802e-03, val/acc 4.746e-01, val/nll 1.929e+00 (best_acc: 4.687e-01 -> 4.746e-01, test_acc: 4.818e-01, test_nll: 1.912e+00)
[2023-02-03 07:11:14] [Epoch   290/  500] trn/loss 1.755e+00, trn/lr 3.772e-03, val/acc 4.503e-01, val/nll 2.060e+00
[2023-02-03 07:11:16] [Epoch   291/  500] trn/loss 1.764e+00, trn/lr 3.741e-03, val/acc 4.294e-01, val/nll 2.111e+00
[2023-02-03 07:11:18] [Epoch   292/  500] trn/loss 1.741e+00, trn/lr 3.711e-03, val/acc 4.529e-01, val/nll 2.041e+00
[2023-02-03 07:11:20] [Epoch   293/  500] trn/loss 1.737e+00, trn/lr 3.681e-03, val/acc 4.791e-01, val/nll 1.912e+00 (best_acc: 4.746e-01 -> 4.791e-01, test_acc: 4.842e-01, test_nll: 1.881e+00)
[2023-02-03 07:11:22] [Epoch   294/  500] trn/loss 1.738e+00, trn/lr 3.650e-03, val/acc 4.150e-01, val/nll 2.193e+00
[2023-02-03 07:11:23] [Epoch   295/  500] trn/loss 1.734e+00, trn/lr 3.620e-03, val/acc 4.593e-01, val/nll 1.975e+00
[2023-02-03 07:11:25] [Epoch   296/  500] trn/loss 1.717e+00, trn/lr 3.590e-03, val/acc 4.270e-01, val/nll 2.113e+00
[2023-02-03 07:11:27] [Epoch   297/  500] trn/loss 1.719e+00, trn/lr 3.560e-03, val/acc 4.534e-01, val/nll 2.014e+00
[2023-02-03 07:11:29] [Epoch   298/  500] trn/loss 1.728e+00, trn/lr 3.530e-03, val/acc 4.580e-01, val/nll 2.024e+00
[2023-02-03 07:11:31] [Epoch   299/  500] trn/loss 1.722e+00, trn/lr 3.500e-03, val/acc 4.374e-01, val/nll 2.140e+00
[2023-02-03 07:11:33] [Epoch   300/  500] trn/loss 1.735e+00, trn/lr 3.470e-03, val/acc 4.273e-01, val/nll 2.196e+00
[2023-02-03 07:11:35] [Epoch   301/  500] trn/loss 1.719e+00, trn/lr 3.440e-03, val/acc 4.600e-01, val/nll 2.035e+00
[2023-02-03 07:11:37] [Epoch   302/  500] trn/loss 1.714e+00, trn/lr 3.410e-03, val/acc 4.582e-01, val/nll 1.959e+00
[2023-02-03 07:11:39] [Epoch   303/  500] trn/loss 1.706e+00, trn/lr 3.381e-03, val/acc 4.760e-01, val/nll 1.941e+00
[2023-02-03 07:11:41] [Epoch   304/  500] trn/loss 1.720e+00, trn/lr 3.351e-03, val/acc 4.587e-01, val/nll 1.979e+00
[2023-02-03 07:11:43] [Epoch   305/  500] trn/loss 1.696e+00, trn/lr 3.321e-03, val/acc 4.603e-01, val/nll 1.988e+00
[2023-02-03 07:11:45] [Epoch   306/  500] trn/loss 1.681e+00, trn/lr 3.292e-03, val/acc 4.779e-01, val/nll 1.918e+00
[2023-02-03 07:11:47] [Epoch   307/  500] trn/loss 1.685e+00, trn/lr 3.262e-03, val/acc 4.779e-01, val/nll 1.908e+00
[2023-02-03 07:11:49] [Epoch   308/  500] trn/loss 1.675e+00, trn/lr 3.233e-03, val/acc 4.523e-01, val/nll 2.045e+00
[2023-02-03 07:11:51] [Epoch   309/  500] trn/loss 1.687e+00, trn/lr 3.203e-03, val/acc 4.429e-01, val/nll 2.046e+00
[2023-02-03 07:11:53] [Epoch   310/  500] trn/loss 1.697e+00, trn/lr 3.174e-03, val/acc 4.666e-01, val/nll 2.003e+00
[2023-02-03 07:11:54] [Epoch   311/  500] trn/loss 1.686e+00, trn/lr 3.145e-03, val/acc 4.575e-01, val/nll 2.013e+00
[2023-02-03 07:11:56] [Epoch   312/  500] trn/loss 1.666e+00, trn/lr 3.116e-03, val/acc 4.616e-01, val/nll 2.013e+00
[2023-02-03 07:11:58] [Epoch   313/  500] trn/loss 1.672e+00, trn/lr 3.087e-03, val/acc 4.815e-01, val/nll 1.900e+00 (best_acc: 4.791e-01 -> 4.815e-01, test_acc: 4.946e-01, test_nll: 1.856e+00)
[2023-02-03 07:12:00] [Epoch   314/  500] trn/loss 1.692e+00, trn/lr 3.058e-03, val/acc 4.691e-01, val/nll 1.982e+00
[2023-02-03 07:12:02] [Epoch   315/  500] trn/loss 1.687e+00, trn/lr 3.029e-03, val/acc 4.887e-01, val/nll 1.856e+00 (best_acc: 4.815e-01 -> 4.887e-01, test_acc: 5.024e-01, test_nll: 1.809e+00)
[2023-02-03 07:12:04] [Epoch   316/  500] trn/loss 1.662e+00, trn/lr 3.000e-03, val/acc 4.718e-01, val/nll 1.952e+00
[2023-02-03 07:12:06] [Epoch   317/  500] trn/loss 1.652e+00, trn/lr 2.971e-03, val/acc 4.770e-01, val/nll 1.909e+00
[2023-02-03 07:12:08] [Epoch   318/  500] trn/loss 1.653e+00, trn/lr 2.943e-03, val/acc 4.610e-01, val/nll 2.011e+00
[2023-02-03 07:12:10] [Epoch   319/  500] trn/loss 1.654e+00, trn/lr 2.914e-03, val/acc 4.944e-01, val/nll 1.830e+00 (best_acc: 4.887e-01 -> 4.944e-01, test_acc: 5.073e-01, test_nll: 1.800e+00)
[2023-02-03 07:12:12] [Epoch   320/  500] trn/loss 1.655e+00, trn/lr 2.885e-03, val/acc 4.437e-01, val/nll 2.055e+00
[2023-02-03 07:12:14] [Epoch   321/  500] trn/loss 1.653e+00, trn/lr 2.857e-03, val/acc 4.660e-01, val/nll 1.979e+00
[2023-02-03 07:12:16] [Epoch   322/  500] trn/loss 1.653e+00, trn/lr 2.829e-03, val/acc 4.608e-01, val/nll 2.062e+00
[2023-02-03 07:12:18] [Epoch   323/  500] trn/loss 1.641e+00, trn/lr 2.800e-03, val/acc 4.733e-01, val/nll 1.943e+00
[2023-02-03 07:12:20] [Epoch   324/  500] trn/loss 1.643e+00, trn/lr 2.772e-03, val/acc 4.866e-01, val/nll 1.868e+00
[2023-02-03 07:12:22] [Epoch   325/  500] trn/loss 1.640e+00, trn/lr 2.744e-03, val/acc 4.845e-01, val/nll 1.888e+00
[2023-02-03 07:12:24] [Epoch   326/  500] trn/loss 1.631e+00, trn/lr 2.716e-03, val/acc 4.938e-01, val/nll 1.824e+00
[2023-02-03 07:12:26] [Epoch   327/  500] trn/loss 1.629e+00, trn/lr 2.688e-03, val/acc 4.649e-01, val/nll 2.014e+00
[2023-02-03 07:12:28] [Epoch   328/  500] trn/loss 1.638e+00, trn/lr 2.660e-03, val/acc 4.812e-01, val/nll 1.892e+00
[2023-02-03 07:12:30] [Epoch   329/  500] trn/loss 1.635e+00, trn/lr 2.633e-03, val/acc 4.853e-01, val/nll 1.867e+00
[2023-02-03 07:12:32] [Epoch   330/  500] trn/loss 1.613e+00, trn/lr 2.605e-03, val/acc 4.938e-01, val/nll 1.841e+00
[2023-02-03 07:12:34] [Epoch   331/  500] trn/loss 1.611e+00, trn/lr 2.578e-03, val/acc 4.871e-01, val/nll 1.861e+00
[2023-02-03 07:12:36] [Epoch   332/  500] trn/loss 1.616e+00, trn/lr 2.550e-03, val/acc 4.595e-01, val/nll 1.980e+00
[2023-02-03 07:12:38] [Epoch   333/  500] trn/loss 1.620e+00, trn/lr 2.523e-03, val/acc 4.825e-01, val/nll 1.885e+00
[2023-02-03 07:12:40] [Epoch   334/  500] trn/loss 1.608e+00, trn/lr 2.496e-03, val/acc 4.955e-01, val/nll 1.848e+00 (best_acc: 4.944e-01 -> 4.955e-01, test_acc: 5.069e-01, test_nll: 1.814e+00)
[2023-02-03 07:12:42] [Epoch   335/  500] trn/loss 1.603e+00, trn/lr 2.468e-03, val/acc 5.091e-01, val/nll 1.780e+00 (best_acc: 4.955e-01 -> 5.091e-01, test_acc: 5.110e-01, test_nll: 1.758e+00)
[2023-02-03 07:12:44] [Epoch   336/  500] trn/loss 1.579e+00, trn/lr 2.441e-03, val/acc 4.871e-01, val/nll 1.849e+00
[2023-02-03 07:12:46] [Epoch   337/  500] trn/loss 1.584e+00, trn/lr 2.414e-03, val/acc 4.680e-01, val/nll 1.987e+00
[2023-02-03 07:12:48] [Epoch   338/  500] trn/loss 1.594e+00, trn/lr 2.388e-03, val/acc 4.586e-01, val/nll 2.019e+00
[2023-02-03 07:12:49] [Epoch   339/  500] trn/loss 1.585e+00, trn/lr 2.361e-03, val/acc 4.923e-01, val/nll 1.837e+00
[2023-02-03 07:12:51] [Epoch   340/  500] trn/loss 1.579e+00, trn/lr 2.334e-03, val/acc 4.918e-01, val/nll 1.870e+00
[2023-02-03 07:12:53] [Epoch   341/  500] trn/loss 1.564e+00, trn/lr 2.308e-03, val/acc 5.017e-01, val/nll 1.832e+00
[2023-02-03 07:12:55] [Epoch   342/  500] trn/loss 1.573e+00, trn/lr 2.281e-03, val/acc 4.930e-01, val/nll 1.866e+00
[2023-02-03 07:12:57] [Epoch   343/  500] trn/loss 1.561e+00, trn/lr 2.255e-03, val/acc 4.972e-01, val/nll 1.831e+00
[2023-02-03 07:12:59] [Epoch   344/  500] trn/loss 1.567e+00, trn/lr 2.229e-03, val/acc 5.031e-01, val/nll 1.794e+00
[2023-02-03 07:13:01] [Epoch   345/  500] trn/loss 1.560e+00, trn/lr 2.203e-03, val/acc 5.049e-01, val/nll 1.759e+00
[2023-02-03 07:13:03] [Epoch   346/  500] trn/loss 1.556e+00, trn/lr 2.177e-03, val/acc 4.977e-01, val/nll 1.828e+00
[2023-02-03 07:13:05] [Epoch   347/  500] trn/loss 1.568e+00, trn/lr 2.151e-03, val/acc 5.137e-01, val/nll 1.759e+00 (best_acc: 5.091e-01 -> 5.137e-01, test_acc: 5.280e-01, test_nll: 1.737e+00)
[2023-02-03 07:13:07] [Epoch   348/  500] trn/loss 1.556e+00, trn/lr 2.125e-03, val/acc 5.007e-01, val/nll 1.815e+00
[2023-02-03 07:13:09] [Epoch   349/  500] trn/loss 1.538e+00, trn/lr 2.099e-03, val/acc 5.038e-01, val/nll 1.820e+00
[2023-02-03 07:13:11] [Epoch   350/  500] trn/loss 1.538e+00, trn/lr 2.074e-03, val/acc 4.811e-01, val/nll 1.897e+00
[2023-02-03 07:13:13] [Epoch   351/  500] trn/loss 1.535e+00, trn/lr 2.048e-03, val/acc 4.997e-01, val/nll 1.816e+00
[2023-02-03 07:13:15] [Epoch   352/  500] trn/loss 1.533e+00, trn/lr 2.023e-03, val/acc 4.924e-01, val/nll 1.868e+00
[2023-02-03 07:13:17] [Epoch   353/  500] trn/loss 1.525e+00, trn/lr 1.998e-03, val/acc 4.979e-01, val/nll 1.801e+00
[2023-02-03 07:13:19] [Epoch   354/  500] trn/loss 1.527e+00, trn/lr 1.973e-03, val/acc 5.287e-01, val/nll 1.726e+00 (best_acc: 5.137e-01 -> 5.287e-01, test_acc: 5.284e-01, test_nll: 1.714e+00)
[2023-02-03 07:13:21] [Epoch   355/  500] trn/loss 1.530e+00, trn/lr 1.948e-03, val/acc 4.972e-01, val/nll 1.882e+00
[2023-02-03 07:13:23] [Epoch   356/  500] trn/loss 1.538e+00, trn/lr 1.923e-03, val/acc 5.007e-01, val/nll 1.830e+00
[2023-02-03 07:13:25] [Epoch   357/  500] trn/loss 1.520e+00, trn/lr 1.898e-03, val/acc 5.004e-01, val/nll 1.847e+00
[2023-02-03 07:13:27] [Epoch   358/  500] trn/loss 1.518e+00, trn/lr 1.874e-03, val/acc 5.102e-01, val/nll 1.790e+00
[2023-02-03 07:13:29] [Epoch   359/  500] trn/loss 1.500e+00, trn/lr 1.849e-03, val/acc 5.202e-01, val/nll 1.732e+00
[2023-02-03 07:13:30] [Epoch   360/  500] trn/loss 1.511e+00, trn/lr 1.825e-03, val/acc 5.121e-01, val/nll 1.806e+00
[2023-02-03 07:13:32] [Epoch   361/  500] trn/loss 1.492e+00, trn/lr 1.801e-03, val/acc 5.143e-01, val/nll 1.764e+00
[2023-02-03 07:13:34] [Epoch   362/  500] trn/loss 1.481e+00, trn/lr 1.777e-03, val/acc 5.189e-01, val/nll 1.743e+00
[2023-02-03 07:13:36] [Epoch   363/  500] trn/loss 1.464e+00, trn/lr 1.753e-03, val/acc 5.296e-01, val/nll 1.725e+00 (best_acc: 5.287e-01 -> 5.296e-01, test_acc: 5.396e-01, test_nll: 1.701e+00)
[2023-02-03 07:13:38] [Epoch   364/  500] trn/loss 1.473e+00, trn/lr 1.729e-03, val/acc 5.302e-01, val/nll 1.706e+00 (best_acc: 5.296e-01 -> 5.302e-01, test_acc: 5.339e-01, test_nll: 1.701e+00)
[2023-02-03 07:13:40] [Epoch   365/  500] trn/loss 1.489e+00, trn/lr 1.705e-03, val/acc 4.972e-01, val/nll 1.856e+00
[2023-02-03 07:13:42] [Epoch   366/  500] trn/loss 1.489e+00, trn/lr 1.682e-03, val/acc 4.888e-01, val/nll 1.889e+00
[2023-02-03 07:13:44] [Epoch   367/  500] trn/loss 1.472e+00, trn/lr 1.658e-03, val/acc 5.351e-01, val/nll 1.667e+00 (best_acc: 5.302e-01 -> 5.351e-01, test_acc: 5.364e-01, test_nll: 1.655e+00)
[2023-02-03 07:13:46] [Epoch   368/  500] trn/loss 1.459e+00, trn/lr 1.635e-03, val/acc 5.157e-01, val/nll 1.772e+00
[2023-02-03 07:13:48] [Epoch   369/  500] trn/loss 1.466e+00, trn/lr 1.612e-03, val/acc 5.140e-01, val/nll 1.772e+00
[2023-02-03 07:13:50] [Epoch   370/  500] trn/loss 1.463e+00, trn/lr 1.589e-03, val/acc 5.122e-01, val/nll 1.775e+00
[2023-02-03 07:13:52] [Epoch   371/  500] trn/loss 1.453e+00, trn/lr 1.566e-03, val/acc 5.007e-01, val/nll 1.836e+00
[2023-02-03 07:13:54] [Epoch   372/  500] trn/loss 1.455e+00, trn/lr 1.543e-03, val/acc 4.808e-01, val/nll 1.952e+00
[2023-02-03 07:13:56] [Epoch   373/  500] trn/loss 1.451e+00, trn/lr 1.521e-03, val/acc 5.265e-01, val/nll 1.713e+00
[2023-02-03 07:13:58] [Epoch   374/  500] trn/loss 1.442e+00, trn/lr 1.498e-03, val/acc 5.037e-01, val/nll 1.818e+00
[2023-02-03 07:14:00] [Epoch   375/  500] trn/loss 1.434e+00, trn/lr 1.476e-03, val/acc 5.184e-01, val/nll 1.765e+00
[2023-02-03 07:14:02] [Epoch   376/  500] trn/loss 1.441e+00, trn/lr 1.453e-03, val/acc 5.067e-01, val/nll 1.815e+00
[2023-02-03 07:14:04] [Epoch   377/  500] trn/loss 1.439e+00, trn/lr 1.431e-03, val/acc 5.269e-01, val/nll 1.718e+00
[2023-02-03 07:14:06] [Epoch   378/  500] trn/loss 1.431e+00, trn/lr 1.409e-03, val/acc 5.195e-01, val/nll 1.745e+00
[2023-02-03 07:14:08] [Epoch   379/  500] trn/loss 1.408e+00, trn/lr 1.388e-03, val/acc 5.289e-01, val/nll 1.710e+00
[2023-02-03 07:14:10] [Epoch   380/  500] trn/loss 1.416e+00, trn/lr 1.366e-03, val/acc 5.281e-01, val/nll 1.731e+00
[2023-02-03 07:14:12] [Epoch   381/  500] trn/loss 1.419e+00, trn/lr 1.344e-03, val/acc 5.282e-01, val/nll 1.715e+00
[2023-02-03 07:14:14] [Epoch   382/  500] trn/loss 1.417e+00, trn/lr 1.323e-03, val/acc 5.132e-01, val/nll 1.741e+00
[2023-02-03 07:14:16] [Epoch   383/  500] trn/loss 1.399e+00, trn/lr 1.302e-03, val/acc 5.382e-01, val/nll 1.651e+00 (best_acc: 5.351e-01 -> 5.382e-01, test_acc: 5.554e-01, test_nll: 1.622e+00)
[2023-02-03 07:14:18] [Epoch   384/  500] trn/loss 1.380e+00, trn/lr 1.281e-03, val/acc 5.198e-01, val/nll 1.725e+00
[2023-02-03 07:14:20] [Epoch   385/  500] trn/loss 1.380e+00, trn/lr 1.260e-03, val/acc 5.375e-01, val/nll 1.662e+00
[2023-02-03 07:14:22] [Epoch   386/  500] trn/loss 1.384e+00, trn/lr 1.239e-03, val/acc 5.325e-01, val/nll 1.705e+00
[2023-02-03 07:14:24] [Epoch   387/  500] trn/loss 1.398e+00, trn/lr 1.219e-03, val/acc 5.316e-01, val/nll 1.715e+00
[2023-02-03 07:14:26] [Epoch   388/  500] trn/loss 1.395e+00, trn/lr 1.198e-03, val/acc 5.212e-01, val/nll 1.748e+00
[2023-02-03 07:14:28] [Epoch   389/  500] trn/loss 1.382e+00, trn/lr 1.178e-03, val/acc 5.302e-01, val/nll 1.712e+00
[2023-02-03 07:14:30] [Epoch   390/  500] trn/loss 1.377e+00, trn/lr 1.158e-03, val/acc 5.368e-01, val/nll 1.658e+00
[2023-02-03 07:14:32] [Epoch   391/  500] trn/loss 1.356e+00, trn/lr 1.138e-03, val/acc 5.366e-01, val/nll 1.667e+00
[2023-02-03 07:14:34] [Epoch   392/  500] trn/loss 1.365e+00, trn/lr 1.118e-03, val/acc 5.322e-01, val/nll 1.677e+00
[2023-02-03 07:14:36] [Epoch   393/  500] trn/loss 1.346e+00, trn/lr 1.098e-03, val/acc 5.382e-01, val/nll 1.679e+00
[2023-02-03 07:14:38] [Epoch   394/  500] trn/loss 1.336e+00, trn/lr 1.078e-03, val/acc 5.242e-01, val/nll 1.742e+00
[2023-02-03 07:14:40] [Epoch   395/  500] trn/loss 1.343e+00, trn/lr 1.059e-03, val/acc 5.545e-01, val/nll 1.620e+00 (best_acc: 5.382e-01 -> 5.545e-01, test_acc: 5.591e-01, test_nll: 1.587e+00)
[2023-02-03 07:14:42] [Epoch   396/  500] trn/loss 1.336e+00, trn/lr 1.040e-03, val/acc 5.520e-01, val/nll 1.608e+00
[2023-02-03 07:14:44] [Epoch   397/  500] trn/loss 1.333e+00, trn/lr 1.021e-03, val/acc 5.486e-01, val/nll 1.616e+00
[2023-02-03 07:14:46] [Epoch   398/  500] trn/loss 1.323e+00, trn/lr 1.002e-03, val/acc 5.265e-01, val/nll 1.739e+00
[2023-02-03 07:14:47] [Epoch   399/  500] trn/loss 1.328e+00, trn/lr 9.829e-04, val/acc 5.477e-01, val/nll 1.623e+00
[2023-02-03 07:14:49] [Epoch   400/  500] trn/loss 1.323e+00, trn/lr 9.642e-04, val/acc 5.414e-01, val/nll 1.664e+00
[2023-02-03 07:14:51] [Epoch   401/  500] trn/loss 1.331e+00, trn/lr 9.458e-04, val/acc 5.471e-01, val/nll 1.648e+00
[2023-02-03 07:14:53] [Epoch   402/  500] trn/loss 1.333e+00, trn/lr 9.275e-04, val/acc 5.558e-01, val/nll 1.595e+00 (best_acc: 5.545e-01 -> 5.558e-01, test_acc: 5.574e-01, test_nll: 1.588e+00)
[2023-02-03 07:14:56] [Epoch   403/  500] trn/loss 1.320e+00, trn/lr 9.093e-04, val/acc 5.584e-01, val/nll 1.595e+00 (best_acc: 5.558e-01 -> 5.584e-01, test_acc: 5.652e-01, test_nll: 1.581e+00)
[2023-02-03 07:14:58] [Epoch   404/  500] trn/loss 1.293e+00, trn/lr 8.913e-04, val/acc 5.567e-01, val/nll 1.612e+00
[2023-02-03 07:14:59] [Epoch   405/  500] trn/loss 1.291e+00, trn/lr 8.735e-04, val/acc 5.581e-01, val/nll 1.589e+00
[2023-02-03 07:15:01] [Epoch   406/  500] trn/loss 1.296e+00, trn/lr 8.559e-04, val/acc 5.541e-01, val/nll 1.579e+00
[2023-02-03 07:15:03] [Epoch   407/  500] trn/loss 1.283e+00, trn/lr 8.384e-04, val/acc 5.587e-01, val/nll 1.591e+00 (best_acc: 5.584e-01 -> 5.587e-01, test_acc: 5.627e-01, test_nll: 1.569e+00)
[2023-02-03 07:15:06] [Epoch   408/  500] trn/loss 1.277e+00, trn/lr 8.210e-04, val/acc 5.617e-01, val/nll 1.594e+00 (best_acc: 5.587e-01 -> 5.617e-01, test_acc: 5.603e-01, test_nll: 1.586e+00)
[2023-02-03 07:15:08] [Epoch   409/  500] trn/loss 1.279e+00, trn/lr 8.039e-04, val/acc 5.653e-01, val/nll 1.567e+00 (best_acc: 5.617e-01 -> 5.653e-01, test_acc: 5.661e-01, test_nll: 1.568e+00)
[2023-02-03 07:15:10] [Epoch   410/  500] trn/loss 1.271e+00, trn/lr 7.869e-04, val/acc 5.567e-01, val/nll 1.586e+00
[2023-02-03 07:15:12] [Epoch   411/  500] trn/loss 1.265e+00, trn/lr 7.700e-04, val/acc 5.603e-01, val/nll 1.563e+00
[2023-02-03 07:15:14] [Epoch   412/  500] trn/loss 1.248e+00, trn/lr 7.534e-04, val/acc 5.696e-01, val/nll 1.537e+00 (best_acc: 5.653e-01 -> 5.696e-01, test_acc: 5.738e-01, test_nll: 1.541e+00)
[2023-02-03 07:15:16] [Epoch   413/  500] trn/loss 1.250e+00, trn/lr 7.369e-04, val/acc 5.616e-01, val/nll 1.577e+00
[2023-02-03 07:15:18] [Epoch   414/  500] trn/loss 1.243e+00, trn/lr 7.205e-04, val/acc 5.667e-01, val/nll 1.559e+00
[2023-02-03 07:15:20] [Epoch   415/  500] trn/loss 1.241e+00, trn/lr 7.044e-04, val/acc 5.699e-01, val/nll 1.530e+00 (best_acc: 5.696e-01 -> 5.699e-01, test_acc: 5.764e-01, test_nll: 1.512e+00)
[2023-02-03 07:15:22] [Epoch   416/  500] trn/loss 1.242e+00, trn/lr 6.884e-04, val/acc 5.710e-01, val/nll 1.527e+00 (best_acc: 5.699e-01 -> 5.710e-01, test_acc: 5.741e-01, test_nll: 1.543e+00)
[2023-02-03 07:15:24] [Epoch   417/  500] trn/loss 1.234e+00, trn/lr 6.725e-04, val/acc 5.594e-01, val/nll 1.622e+00
[2023-02-03 07:15:26] [Epoch   418/  500] trn/loss 1.218e+00, trn/lr 6.569e-04, val/acc 5.595e-01, val/nll 1.588e+00
[2023-02-03 07:15:28] [Epoch   419/  500] trn/loss 1.210e+00, trn/lr 6.414e-04, val/acc 5.705e-01, val/nll 1.539e+00
[2023-02-03 07:15:30] [Epoch   420/  500] trn/loss 1.216e+00, trn/lr 6.261e-04, val/acc 5.737e-01, val/nll 1.525e+00 (best_acc: 5.710e-01 -> 5.737e-01, test_acc: 5.767e-01, test_nll: 1.517e+00)
[2023-02-03 07:15:32] [Epoch   421/  500] trn/loss 1.208e+00, trn/lr 6.110e-04, val/acc 5.757e-01, val/nll 1.509e+00 (best_acc: 5.737e-01 -> 5.757e-01, test_acc: 5.807e-01, test_nll: 1.504e+00)
[2023-02-03 07:15:34] [Epoch   422/  500] trn/loss 1.201e+00, trn/lr 5.960e-04, val/acc 5.640e-01, val/nll 1.580e+00
[2023-02-03 07:15:36] [Epoch   423/  500] trn/loss 1.200e+00, trn/lr 5.812e-04, val/acc 5.741e-01, val/nll 1.550e+00
[2023-02-03 07:15:38] [Epoch   424/  500] trn/loss 1.189e+00, trn/lr 5.666e-04, val/acc 5.674e-01, val/nll 1.560e+00
[2023-02-03 07:15:40] [Epoch   425/  500] trn/loss 1.191e+00, trn/lr 5.522e-04, val/acc 5.706e-01, val/nll 1.543e+00
[2023-02-03 07:15:42] [Epoch   426/  500] trn/loss 1.182e+00, trn/lr 5.379e-04, val/acc 5.663e-01, val/nll 1.548e+00
[2023-02-03 07:15:44] [Epoch   427/  500] trn/loss 1.175e+00, trn/lr 5.238e-04, val/acc 5.721e-01, val/nll 1.508e+00
[2023-02-03 07:15:45] [Epoch   428/  500] trn/loss 1.169e+00, trn/lr 5.099e-04, val/acc 5.752e-01, val/nll 1.525e+00
[2023-02-03 07:15:47] [Epoch   429/  500] trn/loss 1.169e+00, trn/lr 4.962e-04, val/acc 5.735e-01, val/nll 1.524e+00
[2023-02-03 07:15:50] [Epoch   430/  500] trn/loss 1.157e+00, trn/lr 4.826e-04, val/acc 5.843e-01, val/nll 1.504e+00 (best_acc: 5.757e-01 -> 5.843e-01, test_acc: 5.835e-01, test_nll: 1.502e+00)
[2023-02-03 07:15:51] [Epoch   431/  500] trn/loss 1.154e+00, trn/lr 4.692e-04, val/acc 5.820e-01, val/nll 1.503e+00
[2023-02-03 07:15:53] [Epoch   432/  500] trn/loss 1.145e+00, trn/lr 4.561e-04, val/acc 5.740e-01, val/nll 1.511e+00
[2023-02-03 07:15:55] [Epoch   433/  500] trn/loss 1.158e+00, trn/lr 4.430e-04, val/acc 5.668e-01, val/nll 1.546e+00
[2023-02-03 07:15:57] [Epoch   434/  500] trn/loss 1.147e+00, trn/lr 4.302e-04, val/acc 5.852e-01, val/nll 1.499e+00 (best_acc: 5.843e-01 -> 5.852e-01, test_acc: 5.849e-01, test_nll: 1.508e+00)
[2023-02-03 07:15:59] [Epoch   435/  500] trn/loss 1.129e+00, trn/lr 4.175e-04, val/acc 5.683e-01, val/nll 1.554e+00
[2023-02-03 07:16:01] [Epoch   436/  500] trn/loss 1.131e+00, trn/lr 4.051e-04, val/acc 5.853e-01, val/nll 1.493e+00 (best_acc: 5.852e-01 -> 5.853e-01, test_acc: 5.826e-01, test_nll: 1.493e+00)
[2023-02-03 07:16:04] [Epoch   437/  500] trn/loss 1.115e+00, trn/lr 3.928e-04, val/acc 5.914e-01, val/nll 1.465e+00 (best_acc: 5.853e-01 -> 5.914e-01, test_acc: 5.939e-01, test_nll: 1.463e+00)
[2023-02-03 07:16:06] [Epoch   438/  500] trn/loss 1.106e+00, trn/lr 3.806e-04, val/acc 5.845e-01, val/nll 1.501e+00
[2023-02-03 07:16:08] [Epoch   439/  500] trn/loss 1.100e+00, trn/lr 3.687e-04, val/acc 5.977e-01, val/nll 1.451e+00 (best_acc: 5.914e-01 -> 5.977e-01, test_acc: 5.943e-01, test_nll: 1.449e+00)
[2023-02-03 07:16:10] [Epoch   440/  500] trn/loss 1.095e+00, trn/lr 3.570e-04, val/acc 5.863e-01, val/nll 1.489e+00
[2023-02-03 07:16:12] [Epoch   441/  500] trn/loss 1.091e+00, trn/lr 3.454e-04, val/acc 5.986e-01, val/nll 1.429e+00 (best_acc: 5.977e-01 -> 5.986e-01, test_acc: 5.968e-01, test_nll: 1.444e+00)
[2023-02-03 07:16:14] [Epoch   442/  500] trn/loss 1.078e+00, trn/lr 3.340e-04, val/acc 6.020e-01, val/nll 1.454e+00 (best_acc: 5.986e-01 -> 6.020e-01, test_acc: 5.884e-01, test_nll: 1.466e+00)
[2023-02-03 07:16:16] [Epoch   443/  500] trn/loss 1.078e+00, trn/lr 3.228e-04, val/acc 5.905e-01, val/nll 1.457e+00
[2023-02-03 07:16:18] [Epoch   444/  500] trn/loss 1.070e+00, trn/lr 3.118e-04, val/acc 5.968e-01, val/nll 1.428e+00
[2023-02-03 07:16:20] [Epoch   445/  500] trn/loss 1.059e+00, trn/lr 3.010e-04, val/acc 5.966e-01, val/nll 1.451e+00
[2023-02-03 07:16:22] [Epoch   446/  500] trn/loss 1.057e+00, trn/lr 2.903e-04, val/acc 5.967e-01, val/nll 1.434e+00
[2023-02-03 07:16:24] [Epoch   447/  500] trn/loss 1.047e+00, trn/lr 2.799e-04, val/acc 6.009e-01, val/nll 1.429e+00
[2023-02-03 07:16:25] [Epoch   448/  500] trn/loss 1.049e+00, trn/lr 2.696e-04, val/acc 5.861e-01, val/nll 1.487e+00
[2023-02-03 07:16:27] [Epoch   449/  500] trn/loss 1.043e+00, trn/lr 2.595e-04, val/acc 6.007e-01, val/nll 1.435e+00
[2023-02-03 07:16:29] [Epoch   450/  500] trn/loss 1.030e+00, trn/lr 2.496e-04, val/acc 6.010e-01, val/nll 1.428e+00
[2023-02-03 07:16:31] [Epoch   451/  500] trn/loss 1.024e+00, trn/lr 2.399e-04, val/acc 6.037e-01, val/nll 1.413e+00 (best_acc: 6.020e-01 -> 6.037e-01, test_acc: 6.004e-01, test_nll: 1.422e+00)
[2023-02-03 07:16:33] [Epoch   452/  500] trn/loss 1.017e+00, trn/lr 2.304e-04, val/acc 6.070e-01, val/nll 1.408e+00 (best_acc: 6.037e-01 -> 6.070e-01, test_acc: 6.108e-01, test_nll: 1.405e+00)
[2023-02-03 07:16:36] [Epoch   453/  500] trn/loss 1.006e+00, trn/lr 2.211e-04, val/acc 6.020e-01, val/nll 1.421e+00
[2023-02-03 07:16:38] [Epoch   454/  500] trn/loss 1.003e+00, trn/lr 2.119e-04, val/acc 6.074e-01, val/nll 1.404e+00 (best_acc: 6.070e-01 -> 6.074e-01, test_acc: 6.036e-01, test_nll: 1.416e+00)
[2023-02-03 07:16:40] [Epoch   455/  500] trn/loss 9.956e-01, trn/lr 2.030e-04, val/acc 6.006e-01, val/nll 1.423e+00
[2023-02-03 07:16:42] [Epoch   456/  500] trn/loss 9.938e-01, trn/lr 1.942e-04, val/acc 6.081e-01, val/nll 1.420e+00 (best_acc: 6.074e-01 -> 6.081e-01, test_acc: 6.038e-01, test_nll: 1.422e+00)
[2023-02-03 07:16:44] [Epoch   457/  500] trn/loss 9.923e-01, trn/lr 1.856e-04, val/acc 6.039e-01, val/nll 1.423e+00
[2023-02-03 07:16:46] [Epoch   458/  500] trn/loss 9.839e-01, trn/lr 1.772e-04, val/acc 6.101e-01, val/nll 1.414e+00 (best_acc: 6.081e-01 -> 6.101e-01, test_acc: 6.086e-01, test_nll: 1.417e+00)
[2023-02-03 07:16:48] [Epoch   459/  500] trn/loss 9.699e-01, trn/lr 1.691e-04, val/acc 6.118e-01, val/nll 1.406e+00 (best_acc: 6.101e-01 -> 6.118e-01, test_acc: 6.112e-01, test_nll: 1.399e+00)
[2023-02-03 07:16:50] [Epoch   460/  500] trn/loss 9.690e-01, trn/lr 1.610e-04, val/acc 6.050e-01, val/nll 1.408e+00
[2023-02-03 07:16:52] [Epoch   461/  500] trn/loss 9.661e-01, trn/lr 1.532e-04, val/acc 6.059e-01, val/nll 1.405e+00
[2023-02-03 07:16:54] [Epoch   462/  500] trn/loss 9.512e-01, trn/lr 1.456e-04, val/acc 6.041e-01, val/nll 1.414e+00
[2023-02-03 07:16:56] [Epoch   463/  500] trn/loss 9.541e-01, trn/lr 1.382e-04, val/acc 6.112e-01, val/nll 1.391e+00
[2023-02-03 07:16:58] [Epoch   464/  500] trn/loss 9.451e-01, trn/lr 1.309e-04, val/acc 6.087e-01, val/nll 1.390e+00
[2023-02-03 07:16:59] [Epoch   465/  500] trn/loss 9.355e-01, trn/lr 1.239e-04, val/acc 6.118e-01, val/nll 1.386e+00
[2023-02-03 07:17:01] [Epoch   466/  500] trn/loss 9.291e-01, trn/lr 1.170e-04, val/acc 6.103e-01, val/nll 1.391e+00
[2023-02-03 07:17:04] [Epoch   467/  500] trn/loss 9.231e-01, trn/lr 1.104e-04, val/acc 6.136e-01, val/nll 1.388e+00 (best_acc: 6.118e-01 -> 6.136e-01, test_acc: 6.184e-01, test_nll: 1.379e+00)
[2023-02-03 07:17:05] [Epoch   468/  500] trn/loss 9.097e-01, trn/lr 1.039e-04, val/acc 6.110e-01, val/nll 1.379e+00
[2023-02-03 07:17:08] [Epoch   469/  500] trn/loss 9.111e-01, trn/lr 9.764e-05, val/acc 6.175e-01, val/nll 1.370e+00 (best_acc: 6.136e-01 -> 6.175e-01, test_acc: 6.199e-01, test_nll: 1.368e+00)
[2023-02-03 07:17:10] [Epoch   470/  500] trn/loss 8.999e-01, trn/lr 9.156e-05, val/acc 6.202e-01, val/nll 1.368e+00 (best_acc: 6.175e-01 -> 6.202e-01, test_acc: 6.239e-01, test_nll: 1.370e+00)
[2023-02-03 07:17:12] [Epoch   471/  500] trn/loss 8.973e-01, trn/lr 8.567e-05, val/acc 6.176e-01, val/nll 1.375e+00
[2023-02-03 07:17:14] [Epoch   472/  500] trn/loss 8.907e-01, trn/lr 7.998e-05, val/acc 6.196e-01, val/nll 1.366e+00
[2023-02-03 07:17:15] [Epoch   473/  500] trn/loss 8.851e-01, trn/lr 7.448e-05, val/acc 6.170e-01, val/nll 1.364e+00
[2023-02-03 07:17:17] [Epoch   474/  500] trn/loss 8.795e-01, trn/lr 6.917e-05, val/acc 6.184e-01, val/nll 1.367e+00
[2023-02-03 07:17:19] [Epoch   475/  500] trn/loss 8.774e-01, trn/lr 6.406e-05, val/acc 6.202e-01, val/nll 1.351e+00
[2023-02-03 07:17:21] [Epoch   476/  500] trn/loss 8.747e-01, trn/lr 5.915e-05, val/acc 6.174e-01, val/nll 1.362e+00
[2023-02-03 07:17:23] [Epoch   477/  500] trn/loss 8.671e-01, trn/lr 5.443e-05, val/acc 6.217e-01, val/nll 1.357e+00 (best_acc: 6.202e-01 -> 6.217e-01, test_acc: 6.216e-01, test_nll: 1.361e+00)
[2023-02-03 07:17:25] [Epoch   478/  500] trn/loss 8.591e-01, trn/lr 4.990e-05, val/acc 6.239e-01, val/nll 1.350e+00 (best_acc: 6.217e-01 -> 6.239e-01, test_acc: 6.227e-01, test_nll: 1.354e+00)
[2023-02-03 07:17:27] [Epoch   479/  500] trn/loss 8.614e-01, trn/lr 4.557e-05, val/acc 6.194e-01, val/nll 1.355e+00
[2023-02-03 07:17:29] [Epoch   480/  500] trn/loss 8.540e-01, trn/lr 4.144e-05, val/acc 6.238e-01, val/nll 1.351e+00
[2023-02-03 07:17:31] [Epoch   481/  500] trn/loss 8.447e-01, trn/lr 3.750e-05, val/acc 6.210e-01, val/nll 1.351e+00
[2023-02-03 07:17:33] [Epoch   482/  500] trn/loss 8.467e-01, trn/lr 3.376e-05, val/acc 6.227e-01, val/nll 1.347e+00
[2023-02-03 07:17:35] [Epoch   483/  500] trn/loss 8.442e-01, trn/lr 3.021e-05, val/acc 6.211e-01, val/nll 1.357e+00
[2023-02-03 07:17:37] [Epoch   484/  500] trn/loss 8.384e-01, trn/lr 2.686e-05, val/acc 6.221e-01, val/nll 1.347e+00
[2023-02-03 07:17:39] [Epoch   485/  500] trn/loss 8.407e-01, trn/lr 2.371e-05, val/acc 6.211e-01, val/nll 1.346e+00
[2023-02-03 07:17:41] [Epoch   486/  500] trn/loss 8.270e-01, trn/lr 2.075e-05, val/acc 6.225e-01, val/nll 1.352e+00
[2023-02-03 07:17:43] [Epoch   487/  500] trn/loss 8.273e-01, trn/lr 1.799e-05, val/acc 6.231e-01, val/nll 1.345e+00
[2023-02-03 07:17:45] [Epoch   488/  500] trn/loss 8.244e-01, trn/lr 1.543e-05, val/acc 6.240e-01, val/nll 1.343e+00 (best_acc: 6.239e-01 -> 6.240e-01, test_acc: 6.294e-01, test_nll: 1.343e+00)
[2023-02-03 07:17:47] [Epoch   489/  500] trn/loss 8.244e-01, trn/lr 1.306e-05, val/acc 6.213e-01, val/nll 1.346e+00
[2023-02-03 07:17:49] [Epoch   490/  500] trn/loss 8.202e-01, trn/lr 1.089e-05, val/acc 6.222e-01, val/nll 1.341e+00
[2023-02-03 07:17:51] [Epoch   491/  500] trn/loss 8.176e-01, trn/lr 8.919e-06, val/acc 6.233e-01, val/nll 1.341e+00
[2023-02-03 07:17:53] [Epoch   492/  500] trn/loss 8.190e-01, trn/lr 7.143e-06, val/acc 6.218e-01, val/nll 1.339e+00
[2023-02-03 07:17:55] [Epoch   493/  500] trn/loss 8.185e-01, trn/lr 5.563e-06, val/acc 6.208e-01, val/nll 1.344e+00
[2023-02-03 07:17:57] [Epoch   494/  500] trn/loss 8.168e-01, trn/lr 4.182e-06, val/acc 6.231e-01, val/nll 1.342e+00
[2023-02-03 07:17:59] [Epoch   495/  500] trn/loss 8.134e-01, trn/lr 2.997e-06, val/acc 6.236e-01, val/nll 1.341e+00
[2023-02-03 07:18:01] [Epoch   496/  500] trn/loss 8.140e-01, trn/lr 2.009e-06, val/acc 6.235e-01, val/nll 1.341e+00
[2023-02-03 07:18:03] [Epoch   497/  500] trn/loss 8.163e-01, trn/lr 1.219e-06, val/acc 6.223e-01, val/nll 1.340e+00
[2023-02-03 07:18:05] [Epoch   498/  500] trn/loss 8.101e-01, trn/lr 6.266e-07, val/acc 6.253e-01, val/nll 1.339e+00 (best_acc: 6.240e-01 -> 6.253e-01, test_acc: 6.277e-01, test_nll: 1.340e+00)
[2023-02-03 07:18:07] [Epoch   499/  500] trn/loss 8.143e-01, trn/lr 2.312e-07, val/acc 6.243e-01, val/nll 1.338e+00
[2023-02-03 07:18:09] [Epoch   500/  500] trn/loss 8.112e-01, trn/lr 3.321e-08, val/acc 6.238e-01, val/nll 1.340e+00
