[2023-04-08 04:42:18] Environments:
------------  --------------------------------------------------------------------------------
sys.platform  linux
Python        3.10.8 (main, Nov 24 2022, 14:13:03) [GCC 11.2.0]
JAX           0.4.1 @/mnt/home/giung/.conda/envs/jax-vessl/lib/python3.10/site-packages/jax
jaxlib        0.4.1 @/mnt/home/giung/.conda/envs/jax-vessl/lib/python3.10/site-packages/jaxlib
Flax          0.6.3 @/mnt/home/giung/.conda/envs/jax-vessl/lib/python3.10/site-packages/flax
Optax         0.1.4 @/mnt/home/giung/.conda/envs/jax-vessl/lib/python3.10/site-packages/optax
------------  --------------------------------------------------------------------------------

[2023-04-08 04:42:18] Command line arguments:
- args.data_root          : ./data/
- args.data_name          : CIFAR10_x32
- args.data_augmentation  : standard
- args.data_proportional  : 1.0
- args.model_name         : FlaxPreResNet
- args.model_depth        : 16
- args.model_width        : 8
- args.model_style        : BN-ReLU
- args.optim_bs           : 256
- args.optim_ne           : 200
- args.optim_lr           : 0.1
- args.optim_momentum     : 0.97
- args.optim_weight_decay : 0.0001
- args.save               : /mnt/home/giung/giung2-dev/projects/residual-networks/save/CIFAR10_x32/WRN16x8-BN-ReLU/bs-0256_ne-0200_lr-0.10_mo-0.97_wd-0.0001_fp32/42
- args.seed               : 42
- args.precision          : fp32

[2023-04-08 04:43:19] [Epoch     1/  200] trn/loss 1.814e+00, trn/lr 1.000e-01, val/acc 4.300e-01, val/nll 1.579e+00 (best_acc: 0.000e+00 -> 4.300e-01, test_acc: 4.257e-01, test_nll: 1.581e+00)
[2023-04-08 04:43:47] [Epoch     2/  200] trn/loss 1.385e+00, trn/lr 9.999e-02, val/acc 4.021e-01, val/nll 1.984e+00
[2023-04-08 04:44:19] [Epoch     3/  200] trn/loss 1.126e+00, trn/lr 9.996e-02, val/acc 5.260e-01, val/nll 1.423e+00 (best_acc: 4.300e-01 -> 5.260e-01, test_acc: 5.290e-01, test_nll: 1.424e+00)
[2023-04-08 04:44:49] [Epoch     4/  200] trn/loss 9.690e-01, trn/lr 9.992e-02, val/acc 6.519e-01, val/nll 9.777e-01 (best_acc: 5.260e-01 -> 6.519e-01, test_acc: 6.550e-01, test_nll: 9.847e-01)
[2023-04-08 04:45:17] [Epoch     5/  200] trn/loss 8.647e-01, trn/lr 9.987e-02, val/acc 6.499e-01, val/nll 1.001e+00
[2023-04-08 04:45:48] [Epoch     6/  200] trn/loss 7.823e-01, trn/lr 9.981e-02, val/acc 6.857e-01, val/nll 8.981e-01 (best_acc: 6.519e-01 -> 6.857e-01, test_acc: 6.898e-01, test_nll: 9.186e-01)
[2023-04-08 04:46:19] [Epoch     7/  200] trn/loss 7.174e-01, trn/lr 9.974e-02, val/acc 7.416e-01, val/nll 7.625e-01 (best_acc: 6.857e-01 -> 7.416e-01, test_acc: 7.374e-01, test_nll: 7.763e-01)
[2023-04-08 04:46:49] [Epoch     8/  200] trn/loss 6.400e-01, trn/lr 9.965e-02, val/acc 7.617e-01, val/nll 6.920e-01 (best_acc: 7.416e-01 -> 7.617e-01, test_acc: 7.644e-01, test_nll: 6.951e-01)
[2023-04-08 04:47:17] [Epoch     9/  200] trn/loss 5.762e-01, trn/lr 9.955e-02, val/acc 7.520e-01, val/nll 7.673e-01
[2023-04-08 04:47:48] [Epoch    10/  200] trn/loss 5.517e-01, trn/lr 9.944e-02, val/acc 7.768e-01, val/nll 6.773e-01 (best_acc: 7.617e-01 -> 7.768e-01, test_acc: 7.751e-01, test_nll: 6.720e-01)
[2023-04-08 04:48:18] [Epoch    11/  200] trn/loss 5.004e-01, trn/lr 9.932e-02, val/acc 7.866e-01, val/nll 6.270e-01 (best_acc: 7.768e-01 -> 7.866e-01, test_acc: 7.803e-01, test_nll: 6.296e-01)
[2023-04-08 04:48:46] [Epoch    12/  200] trn/loss 4.760e-01, trn/lr 9.919e-02, val/acc 7.719e-01, val/nll 6.889e-01
[2023-04-08 04:49:17] [Epoch    13/  200] trn/loss 4.425e-01, trn/lr 9.904e-02, val/acc 8.125e-01, val/nll 5.543e-01 (best_acc: 7.866e-01 -> 8.125e-01, test_acc: 8.128e-01, test_nll: 5.629e-01)
[2023-04-08 04:49:47] [Epoch    14/  200] trn/loss 4.236e-01, trn/lr 9.888e-02, val/acc 8.225e-01, val/nll 5.591e-01 (best_acc: 8.125e-01 -> 8.225e-01, test_acc: 8.198e-01, test_nll: 5.611e-01)
[2023-04-08 04:50:15] [Epoch    15/  200] trn/loss 4.012e-01, trn/lr 9.871e-02, val/acc 8.077e-01, val/nll 5.854e-01
[2023-04-08 04:50:42] [Epoch    16/  200] trn/loss 3.787e-01, trn/lr 9.853e-02, val/acc 8.216e-01, val/nll 5.538e-01
[2023-04-08 04:51:13] [Epoch    17/  200] trn/loss 3.681e-01, trn/lr 9.833e-02, val/acc 8.317e-01, val/nll 5.004e-01 (best_acc: 8.225e-01 -> 8.317e-01, test_acc: 8.300e-01, test_nll: 5.069e-01)
[2023-04-08 04:51:44] [Epoch    18/  200] trn/loss 3.447e-01, trn/lr 9.812e-02, val/acc 8.429e-01, val/nll 4.993e-01 (best_acc: 8.317e-01 -> 8.429e-01, test_acc: 8.391e-01, test_nll: 5.142e-01)
[2023-04-08 04:52:11] [Epoch    19/  200] trn/loss 3.252e-01, trn/lr 9.790e-02, val/acc 8.310e-01, val/nll 5.267e-01
[2023-04-08 04:52:38] [Epoch    20/  200] trn/loss 3.267e-01, trn/lr 9.767e-02, val/acc 8.358e-01, val/nll 4.863e-01
[2023-04-08 04:53:09] [Epoch    21/  200] trn/loss 3.074e-01, trn/lr 9.743e-02, val/acc 8.460e-01, val/nll 4.900e-01 (best_acc: 8.429e-01 -> 8.460e-01, test_acc: 8.469e-01, test_nll: 4.964e-01)
[2023-04-08 04:53:40] [Epoch    22/  200] trn/loss 3.042e-01, trn/lr 9.718e-02, val/acc 8.499e-01, val/nll 4.552e-01 (best_acc: 8.460e-01 -> 8.499e-01, test_acc: 8.405e-01, test_nll: 4.721e-01)
[2023-04-08 04:54:07] [Epoch    23/  200] trn/loss 2.944e-01, trn/lr 9.691e-02, val/acc 8.097e-01, val/nll 6.389e-01
[2023-04-08 04:54:35] [Epoch    24/  200] trn/loss 2.715e-01, trn/lr 9.663e-02, val/acc 8.212e-01, val/nll 5.904e-01
[2023-04-08 04:55:06] [Epoch    25/  200] trn/loss 2.700e-01, trn/lr 9.634e-02, val/acc 8.558e-01, val/nll 4.390e-01 (best_acc: 8.499e-01 -> 8.558e-01, test_acc: 8.561e-01, test_nll: 4.438e-01)
[2023-04-08 04:55:33] [Epoch    26/  200] trn/loss 2.572e-01, trn/lr 9.604e-02, val/acc 8.317e-01, val/nll 5.475e-01
[2023-04-08 04:56:00] [Epoch    27/  200] trn/loss 2.557e-01, trn/lr 9.573e-02, val/acc 8.539e-01, val/nll 4.742e-01
[2023-04-08 04:56:28] [Epoch    28/  200] trn/loss 2.440e-01, trn/lr 9.541e-02, val/acc 8.351e-01, val/nll 5.245e-01
[2023-04-08 04:56:55] [Epoch    29/  200] trn/loss 2.369e-01, trn/lr 9.507e-02, val/acc 8.519e-01, val/nll 4.723e-01
[2023-04-08 04:57:26] [Epoch    30/  200] trn/loss 2.336e-01, trn/lr 9.473e-02, val/acc 8.591e-01, val/nll 4.492e-01 (best_acc: 8.558e-01 -> 8.591e-01, test_acc: 8.517e-01, test_nll: 4.810e-01)
[2023-04-08 04:57:53] [Epoch    31/  200] trn/loss 2.297e-01, trn/lr 9.437e-02, val/acc 8.577e-01, val/nll 4.421e-01
[2023-04-08 04:58:20] [Epoch    32/  200] trn/loss 2.215e-01, trn/lr 9.400e-02, val/acc 8.528e-01, val/nll 4.696e-01
[2023-04-08 04:58:51] [Epoch    33/  200] trn/loss 2.237e-01, trn/lr 9.363e-02, val/acc 8.793e-01, val/nll 3.911e-01 (best_acc: 8.591e-01 -> 8.793e-01, test_acc: 8.716e-01, test_nll: 4.221e-01)
[2023-04-08 04:59:18] [Epoch    34/  200] trn/loss 2.117e-01, trn/lr 9.324e-02, val/acc 8.674e-01, val/nll 4.075e-01
[2023-04-08 04:59:46] [Epoch    35/  200] trn/loss 2.021e-01, trn/lr 9.284e-02, val/acc 8.782e-01, val/nll 3.933e-01
[2023-04-08 05:00:13] [Epoch    36/  200] trn/loss 1.960e-01, trn/lr 9.243e-02, val/acc 8.503e-01, val/nll 5.024e-01
[2023-04-08 05:00:40] [Epoch    37/  200] trn/loss 1.901e-01, trn/lr 9.201e-02, val/acc 8.793e-01, val/nll 3.956e-01
[2023-04-08 05:01:08] [Epoch    38/  200] trn/loss 1.924e-01, trn/lr 9.157e-02, val/acc 8.642e-01, val/nll 4.444e-01
[2023-04-08 05:01:35] [Epoch    39/  200] trn/loss 1.947e-01, trn/lr 9.113e-02, val/acc 8.584e-01, val/nll 4.740e-01
[2023-04-08 05:02:02] [Epoch    40/  200] trn/loss 1.923e-01, trn/lr 9.068e-02, val/acc 8.707e-01, val/nll 3.971e-01
[2023-04-08 05:02:29] [Epoch    41/  200] trn/loss 1.830e-01, trn/lr 9.022e-02, val/acc 8.670e-01, val/nll 4.308e-01
[2023-04-08 05:02:57] [Epoch    42/  200] trn/loss 1.820e-01, trn/lr 8.975e-02, val/acc 8.735e-01, val/nll 4.060e-01
[2023-04-08 05:03:28] [Epoch    43/  200] trn/loss 1.746e-01, trn/lr 8.927e-02, val/acc 8.865e-01, val/nll 3.926e-01 (best_acc: 8.793e-01 -> 8.865e-01, test_acc: 8.794e-01, test_nll: 4.348e-01)
[2023-04-08 05:03:55] [Epoch    44/  200] trn/loss 1.685e-01, trn/lr 8.878e-02, val/acc 8.767e-01, val/nll 4.083e-01
[2023-04-08 05:04:22] [Epoch    45/  200] trn/loss 1.627e-01, trn/lr 8.828e-02, val/acc 8.477e-01, val/nll 5.509e-01
[2023-04-08 05:04:49] [Epoch    46/  200] trn/loss 1.794e-01, trn/lr 8.777e-02, val/acc 8.591e-01, val/nll 4.760e-01
[2023-04-08 05:05:17] [Epoch    47/  200] trn/loss 1.675e-01, trn/lr 8.725e-02, val/acc 8.490e-01, val/nll 5.510e-01
[2023-04-08 05:05:44] [Epoch    48/  200] trn/loss 1.597e-01, trn/lr 8.672e-02, val/acc 8.590e-01, val/nll 5.296e-01
[2023-04-08 05:06:15] [Epoch    49/  200] trn/loss 1.649e-01, trn/lr 8.618e-02, val/acc 8.869e-01, val/nll 3.703e-01 (best_acc: 8.865e-01 -> 8.869e-01, test_acc: 8.783e-01, test_nll: 4.038e-01)
[2023-04-08 05:06:46] [Epoch    50/  200] trn/loss 1.490e-01, trn/lr 8.563e-02, val/acc 8.885e-01, val/nll 3.569e-01 (best_acc: 8.869e-01 -> 8.885e-01, test_acc: 8.836e-01, test_nll: 3.805e-01)
[2023-04-08 05:07:13] [Epoch    51/  200] trn/loss 1.435e-01, trn/lr 8.508e-02, val/acc 8.787e-01, val/nll 3.991e-01
[2023-04-08 05:07:40] [Epoch    52/  200] trn/loss 1.483e-01, trn/lr 8.451e-02, val/acc 8.832e-01, val/nll 4.037e-01
[2023-04-08 05:08:08] [Epoch    53/  200] trn/loss 1.491e-01, trn/lr 8.394e-02, val/acc 8.709e-01, val/nll 4.625e-01
[2023-04-08 05:08:39] [Epoch    54/  200] trn/loss 1.386e-01, trn/lr 8.336e-02, val/acc 8.900e-01, val/nll 3.618e-01 (best_acc: 8.885e-01 -> 8.900e-01, test_acc: 8.832e-01, test_nll: 4.034e-01)
[2023-04-08 05:09:06] [Epoch    55/  200] trn/loss 1.322e-01, trn/lr 8.277e-02, val/acc 8.583e-01, val/nll 4.925e-01
[2023-04-08 05:09:33] [Epoch    56/  200] trn/loss 1.525e-01, trn/lr 8.217e-02, val/acc 8.802e-01, val/nll 4.216e-01
[2023-04-08 05:10:01] [Epoch    57/  200] trn/loss 1.428e-01, trn/lr 8.157e-02, val/acc 8.879e-01, val/nll 3.980e-01
[2023-04-08 05:10:28] [Epoch    58/  200] trn/loss 1.328e-01, trn/lr 8.096e-02, val/acc 8.689e-01, val/nll 4.696e-01
[2023-04-08 05:10:55] [Epoch    59/  200] trn/loss 1.366e-01, trn/lr 8.034e-02, val/acc 8.664e-01, val/nll 5.018e-01
[2023-04-08 05:11:22] [Epoch    60/  200] trn/loss 1.200e-01, trn/lr 7.971e-02, val/acc 8.625e-01, val/nll 5.041e-01
[2023-04-08 05:11:50] [Epoch    61/  200] trn/loss 1.296e-01, trn/lr 7.907e-02, val/acc 8.846e-01, val/nll 4.282e-01
[2023-04-08 05:12:20] [Epoch    62/  200] trn/loss 1.250e-01, trn/lr 7.843e-02, val/acc 8.912e-01, val/nll 3.911e-01 (best_acc: 8.900e-01 -> 8.912e-01, test_acc: 8.847e-01, test_nll: 4.171e-01)
[2023-04-08 05:12:48] [Epoch    63/  200] trn/loss 1.187e-01, trn/lr 7.778e-02, val/acc 8.871e-01, val/nll 4.057e-01
[2023-04-08 05:13:15] [Epoch    64/  200] trn/loss 1.187e-01, trn/lr 7.712e-02, val/acc 8.877e-01, val/nll 4.136e-01
[2023-04-08 05:13:42] [Epoch    65/  200] trn/loss 1.072e-01, trn/lr 7.646e-02, val/acc 8.644e-01, val/nll 5.244e-01
[2023-04-08 05:14:10] [Epoch    66/  200] trn/loss 1.217e-01, trn/lr 7.579e-02, val/acc 8.884e-01, val/nll 4.122e-01
[2023-04-08 05:14:40] [Epoch    67/  200] trn/loss 1.233e-01, trn/lr 7.512e-02, val/acc 8.917e-01, val/nll 3.857e-01 (best_acc: 8.912e-01 -> 8.917e-01, test_acc: 8.841e-01, test_nll: 4.215e-01)
[2023-04-08 05:15:11] [Epoch    68/  200] trn/loss 1.183e-01, trn/lr 7.443e-02, val/acc 8.929e-01, val/nll 3.671e-01 (best_acc: 8.917e-01 -> 8.929e-01, test_acc: 8.829e-01, test_nll: 4.080e-01)
[2023-04-08 05:15:38] [Epoch    69/  200] trn/loss 1.135e-01, trn/lr 7.374e-02, val/acc 8.532e-01, val/nll 5.678e-01
[2023-04-08 05:16:06] [Epoch    70/  200] trn/loss 1.081e-01, trn/lr 7.305e-02, val/acc 8.817e-01, val/nll 4.210e-01
[2023-04-08 05:16:33] [Epoch    71/  200] trn/loss 1.051e-01, trn/lr 7.235e-02, val/acc 8.650e-01, val/nll 5.465e-01
[2023-04-08 05:17:04] [Epoch    72/  200] trn/loss 9.480e-02, trn/lr 7.165e-02, val/acc 9.069e-01, val/nll 3.253e-01 (best_acc: 8.929e-01 -> 9.069e-01, test_acc: 9.033e-01, test_nll: 3.554e-01)
[2023-04-08 05:17:31] [Epoch    73/  200] trn/loss 1.044e-01, trn/lr 7.093e-02, val/acc 8.860e-01, val/nll 3.948e-01
[2023-04-08 05:17:58] [Epoch    74/  200] trn/loss 1.033e-01, trn/lr 7.022e-02, val/acc 8.937e-01, val/nll 3.856e-01
[2023-04-08 05:18:25] [Epoch    75/  200] trn/loss 9.454e-02, trn/lr 6.950e-02, val/acc 8.865e-01, val/nll 4.044e-01
[2023-04-08 05:18:53] [Epoch    76/  200] trn/loss 1.018e-01, trn/lr 6.877e-02, val/acc 8.790e-01, val/nll 4.230e-01
[2023-04-08 05:19:20] [Epoch    77/  200] trn/loss 9.813e-02, trn/lr 6.804e-02, val/acc 8.913e-01, val/nll 3.958e-01
[2023-04-08 05:19:47] [Epoch    78/  200] trn/loss 9.368e-02, trn/lr 6.731e-02, val/acc 8.733e-01, val/nll 4.761e-01
[2023-04-08 05:20:15] [Epoch    79/  200] trn/loss 9.936e-02, trn/lr 6.657e-02, val/acc 8.909e-01, val/nll 3.992e-01
[2023-04-08 05:20:42] [Epoch    80/  200] trn/loss 8.803e-02, trn/lr 6.583e-02, val/acc 8.927e-01, val/nll 4.236e-01
[2023-04-08 05:21:13] [Epoch    81/  200] trn/loss 8.233e-02, trn/lr 6.508e-02, val/acc 9.076e-01, val/nll 3.227e-01 (best_acc: 9.069e-01 -> 9.076e-01, test_acc: 9.040e-01, test_nll: 3.515e-01)
[2023-04-08 05:21:40] [Epoch    82/  200] trn/loss 7.081e-02, trn/lr 6.433e-02, val/acc 8.868e-01, val/nll 4.137e-01
[2023-04-08 05:22:07] [Epoch    83/  200] trn/loss 8.208e-02, trn/lr 6.357e-02, val/acc 8.976e-01, val/nll 4.070e-01
[2023-04-08 05:22:35] [Epoch    84/  200] trn/loss 8.317e-02, trn/lr 6.282e-02, val/acc 9.031e-01, val/nll 3.780e-01
[2023-04-08 05:23:02] [Epoch    85/  200] trn/loss 7.817e-02, trn/lr 6.206e-02, val/acc 9.007e-01, val/nll 3.504e-01
[2023-04-08 05:23:29] [Epoch    86/  200] trn/loss 7.612e-02, trn/lr 6.129e-02, val/acc 8.865e-01, val/nll 4.498e-01
[2023-04-08 05:23:57] [Epoch    87/  200] trn/loss 7.969e-02, trn/lr 6.053e-02, val/acc 8.798e-01, val/nll 4.933e-01
[2023-04-08 05:24:24] [Epoch    88/  200] trn/loss 7.701e-02, trn/lr 5.976e-02, val/acc 8.990e-01, val/nll 3.609e-01
[2023-04-08 05:24:51] [Epoch    89/  200] trn/loss 6.923e-02, trn/lr 5.899e-02, val/acc 8.996e-01, val/nll 3.789e-01
[2023-04-08 05:25:18] [Epoch    90/  200] trn/loss 7.258e-02, trn/lr 5.821e-02, val/acc 8.772e-01, val/nll 4.986e-01
[2023-04-08 05:25:46] [Epoch    91/  200] trn/loss 8.340e-02, trn/lr 5.744e-02, val/acc 8.970e-01, val/nll 4.224e-01
[2023-04-08 05:26:13] [Epoch    92/  200] trn/loss 7.290e-02, trn/lr 5.666e-02, val/acc 9.066e-01, val/nll 3.401e-01
[2023-04-08 05:26:44] [Epoch    93/  200] trn/loss 5.961e-02, trn/lr 5.588e-02, val/acc 9.112e-01, val/nll 3.423e-01 (best_acc: 9.076e-01 -> 9.112e-01, test_acc: 9.070e-01, test_nll: 3.691e-01)
[2023-04-08 05:27:15] [Epoch    94/  200] trn/loss 5.768e-02, trn/lr 5.510e-02, val/acc 9.138e-01, val/nll 3.258e-01 (best_acc: 9.112e-01 -> 9.138e-01, test_acc: 9.115e-01, test_nll: 3.510e-01)
[2023-04-08 05:27:42] [Epoch    95/  200] trn/loss 5.758e-02, trn/lr 5.432e-02, val/acc 9.040e-01, val/nll 3.804e-01
[2023-04-08 05:28:09] [Epoch    96/  200] trn/loss 5.542e-02, trn/lr 5.353e-02, val/acc 9.019e-01, val/nll 3.872e-01
[2023-04-08 05:28:36] [Epoch    97/  200] trn/loss 5.188e-02, trn/lr 5.275e-02, val/acc 9.072e-01, val/nll 3.615e-01
[2023-04-08 05:29:04] [Epoch    98/  200] trn/loss 6.031e-02, trn/lr 5.197e-02, val/acc 8.924e-01, val/nll 4.286e-01
[2023-04-08 05:29:31] [Epoch    99/  200] trn/loss 6.269e-02, trn/lr 5.118e-02, val/acc 9.027e-01, val/nll 3.727e-01
[2023-04-08 05:29:58] [Epoch   100/  200] trn/loss 5.688e-02, trn/lr 5.040e-02, val/acc 9.102e-01, val/nll 3.471e-01
[2023-04-08 05:30:26] [Epoch   101/  200] trn/loss 5.205e-02, trn/lr 4.961e-02, val/acc 8.972e-01, val/nll 4.012e-01
[2023-04-08 05:30:53] [Epoch   102/  200] trn/loss 5.481e-02, trn/lr 4.882e-02, val/acc 8.997e-01, val/nll 4.140e-01
[2023-04-08 05:31:20] [Epoch   103/  200] trn/loss 5.032e-02, trn/lr 4.804e-02, val/acc 9.116e-01, val/nll 3.409e-01
[2023-04-08 05:31:51] [Epoch   104/  200] trn/loss 4.261e-02, trn/lr 4.725e-02, val/acc 9.168e-01, val/nll 3.251e-01 (best_acc: 9.138e-01 -> 9.168e-01, test_acc: 9.128e-01, test_nll: 3.533e-01)
[2023-04-08 05:32:18] [Epoch   105/  200] trn/loss 4.634e-02, trn/lr 4.647e-02, val/acc 9.145e-01, val/nll 3.418e-01
[2023-04-08 05:32:45] [Epoch   106/  200] trn/loss 4.261e-02, trn/lr 4.569e-02, val/acc 9.111e-01, val/nll 3.549e-01
[2023-04-08 05:33:13] [Epoch   107/  200] trn/loss 3.931e-02, trn/lr 4.491e-02, val/acc 9.031e-01, val/nll 4.013e-01
[2023-04-08 05:33:40] [Epoch   108/  200] trn/loss 3.507e-02, trn/lr 4.413e-02, val/acc 9.135e-01, val/nll 3.493e-01
[2023-04-08 05:34:07] [Epoch   109/  200] trn/loss 3.507e-02, trn/lr 4.335e-02, val/acc 9.086e-01, val/nll 3.884e-01
[2023-04-08 05:34:38] [Epoch   110/  200] trn/loss 3.888e-02, trn/lr 4.257e-02, val/acc 9.177e-01, val/nll 3.293e-01 (best_acc: 9.168e-01 -> 9.177e-01, test_acc: 9.126e-01, test_nll: 3.547e-01)
[2023-04-08 05:35:05] [Epoch   111/  200] trn/loss 3.846e-02, trn/lr 4.179e-02, val/acc 9.158e-01, val/nll 3.371e-01
[2023-04-08 05:35:32] [Epoch   112/  200] trn/loss 4.174e-02, trn/lr 4.102e-02, val/acc 9.009e-01, val/nll 4.152e-01
[2023-04-08 05:36:00] [Epoch   113/  200] trn/loss 4.133e-02, trn/lr 4.025e-02, val/acc 8.961e-01, val/nll 4.342e-01
[2023-04-08 05:36:27] [Epoch   114/  200] trn/loss 3.679e-02, trn/lr 3.948e-02, val/acc 9.135e-01, val/nll 3.470e-01
[2023-04-08 05:36:54] [Epoch   115/  200] trn/loss 3.458e-02, trn/lr 3.871e-02, val/acc 9.175e-01, val/nll 3.342e-01
[2023-04-08 05:37:22] [Epoch   116/  200] trn/loss 3.114e-02, trn/lr 3.795e-02, val/acc 9.171e-01, val/nll 3.328e-01
[2023-04-08 05:37:52] [Epoch   117/  200] trn/loss 2.980e-02, trn/lr 3.719e-02, val/acc 9.192e-01, val/nll 3.251e-01 (best_acc: 9.177e-01 -> 9.192e-01, test_acc: 9.149e-01, test_nll: 3.522e-01)
[2023-04-08 05:38:20] [Epoch   118/  200] trn/loss 2.513e-02, trn/lr 3.643e-02, val/acc 9.149e-01, val/nll 3.484e-01
[2023-04-08 05:38:50] [Epoch   119/  200] trn/loss 2.168e-02, trn/lr 3.568e-02, val/acc 9.268e-01, val/nll 3.078e-01 (best_acc: 9.192e-01 -> 9.268e-01, test_acc: 9.214e-01, test_nll: 3.297e-01)
[2023-04-08 05:39:18] [Epoch   120/  200] trn/loss 2.138e-02, trn/lr 3.493e-02, val/acc 9.208e-01, val/nll 3.292e-01
[2023-04-08 05:39:48] [Epoch   121/  200] trn/loss 1.881e-02, trn/lr 3.418e-02, val/acc 9.282e-01, val/nll 3.050e-01 (best_acc: 9.268e-01 -> 9.282e-01, test_acc: 9.224e-01, test_nll: 3.313e-01)
[2023-04-08 05:40:16] [Epoch   122/  200] trn/loss 1.998e-02, trn/lr 3.344e-02, val/acc 9.249e-01, val/nll 3.369e-01
[2023-04-08 05:40:47] [Epoch   123/  200] trn/loss 1.531e-02, trn/lr 3.270e-02, val/acc 9.289e-01, val/nll 3.059e-01 (best_acc: 9.282e-01 -> 9.289e-01, test_acc: 9.235e-01, test_nll: 3.256e-01)
[2023-04-08 05:41:18] [Epoch   124/  200] trn/loss 1.246e-02, trn/lr 3.196e-02, val/acc 9.331e-01, val/nll 2.859e-01 (best_acc: 9.289e-01 -> 9.331e-01, test_acc: 9.281e-01, test_nll: 3.008e-01)
[2023-04-08 05:41:45] [Epoch   125/  200] trn/loss 1.364e-02, trn/lr 3.123e-02, val/acc 9.265e-01, val/nll 3.245e-01
[2023-04-08 05:42:12] [Epoch   126/  200] trn/loss 1.466e-02, trn/lr 3.051e-02, val/acc 9.291e-01, val/nll 2.909e-01
[2023-04-08 05:42:40] [Epoch   127/  200] trn/loss 1.361e-02, trn/lr 2.979e-02, val/acc 9.270e-01, val/nll 3.000e-01
[2023-04-08 05:43:07] [Epoch   128/  200] trn/loss 1.361e-02, trn/lr 2.907e-02, val/acc 9.305e-01, val/nll 2.861e-01
[2023-04-08 05:43:34] [Epoch   129/  200] trn/loss 1.258e-02, trn/lr 2.836e-02, val/acc 9.311e-01, val/nll 2.951e-01
[2023-04-08 05:44:01] [Epoch   130/  200] trn/loss 1.226e-02, trn/lr 2.765e-02, val/acc 9.300e-01, val/nll 3.040e-01
[2023-04-08 05:44:32] [Epoch   131/  200] trn/loss 9.523e-03, trn/lr 2.695e-02, val/acc 9.362e-01, val/nll 2.638e-01 (best_acc: 9.331e-01 -> 9.362e-01, test_acc: 9.312e-01, test_nll: 2.881e-01)
[2023-04-08 05:45:03] [Epoch   132/  200] trn/loss 7.763e-03, trn/lr 2.626e-02, val/acc 9.369e-01, val/nll 2.654e-01 (best_acc: 9.362e-01 -> 9.369e-01, test_acc: 9.311e-01, test_nll: 2.791e-01)
[2023-04-08 05:45:30] [Epoch   133/  200] trn/loss 7.141e-03, trn/lr 2.557e-02, val/acc 9.366e-01, val/nll 2.708e-01
[2023-04-08 05:46:01] [Epoch   134/  200] trn/loss 4.823e-03, trn/lr 2.489e-02, val/acc 9.393e-01, val/nll 2.611e-01 (best_acc: 9.369e-01 -> 9.393e-01, test_acc: 9.340e-01, test_nll: 2.792e-01)
[2023-04-08 05:46:32] [Epoch   135/  200] trn/loss 4.190e-03, trn/lr 2.421e-02, val/acc 9.424e-01, val/nll 2.471e-01 (best_acc: 9.393e-01 -> 9.424e-01, test_acc: 9.350e-01, test_nll: 2.734e-01)
[2023-04-08 05:47:03] [Epoch   136/  200] trn/loss 1.980e-03, trn/lr 2.354e-02, val/acc 9.454e-01, val/nll 2.265e-01 (best_acc: 9.424e-01 -> 9.454e-01, test_acc: 9.383e-01, test_nll: 2.527e-01)
[2023-04-08 05:47:34] [Epoch   137/  200] trn/loss 1.761e-03, trn/lr 2.288e-02, val/acc 9.462e-01, val/nll 2.248e-01 (best_acc: 9.454e-01 -> 9.462e-01, test_acc: 9.400e-01, test_nll: 2.564e-01)
[2023-04-08 05:48:05] [Epoch   138/  200] trn/loss 1.370e-03, trn/lr 2.222e-02, val/acc 9.466e-01, val/nll 2.193e-01 (best_acc: 9.462e-01 -> 9.466e-01, test_acc: 9.414e-01, test_nll: 2.523e-01)
[2023-04-08 05:48:35] [Epoch   139/  200] trn/loss 9.730e-04, trn/lr 2.157e-02, val/acc 9.467e-01, val/nll 2.190e-01 (best_acc: 9.466e-01 -> 9.467e-01, test_acc: 9.427e-01, test_nll: 2.424e-01)
[2023-04-08 05:49:06] [Epoch   140/  200] trn/loss 7.470e-04, trn/lr 2.093e-02, val/acc 9.494e-01, val/nll 2.158e-01 (best_acc: 9.467e-01 -> 9.494e-01, test_acc: 9.420e-01, test_nll: 2.393e-01)
[2023-04-08 05:49:34] [Epoch   141/  200] trn/loss 7.559e-04, trn/lr 2.030e-02, val/acc 9.481e-01, val/nll 2.121e-01
[2023-04-08 05:50:01] [Epoch   142/  200] trn/loss 7.444e-04, trn/lr 1.967e-02, val/acc 9.475e-01, val/nll 2.130e-01
[2023-04-08 05:50:28] [Epoch   143/  200] trn/loss 6.726e-04, trn/lr 1.905e-02, val/acc 9.480e-01, val/nll 2.082e-01
[2023-04-08 05:50:55] [Epoch   144/  200] trn/loss 7.604e-04, trn/lr 1.843e-02, val/acc 9.485e-01, val/nll 2.099e-01
[2023-04-08 05:51:23] [Epoch   145/  200] trn/loss 6.827e-04, trn/lr 1.783e-02, val/acc 9.482e-01, val/nll 2.024e-01
[2023-04-08 05:51:50] [Epoch   146/  200] trn/loss 6.507e-04, trn/lr 1.723e-02, val/acc 9.490e-01, val/nll 2.006e-01
[2023-04-08 05:52:21] [Epoch   147/  200] trn/loss 6.061e-04, trn/lr 1.664e-02, val/acc 9.500e-01, val/nll 2.003e-01 (best_acc: 9.494e-01 -> 9.500e-01, test_acc: 9.451e-01, test_nll: 2.227e-01)
[2023-04-08 05:52:48] [Epoch   148/  200] trn/loss 6.420e-04, trn/lr 1.606e-02, val/acc 9.491e-01, val/nll 1.952e-01
[2023-04-08 05:53:15] [Epoch   149/  200] trn/loss 6.529e-04, trn/lr 1.549e-02, val/acc 9.496e-01, val/nll 1.954e-01
[2023-04-08 05:53:42] [Epoch   150/  200] trn/loss 6.165e-04, trn/lr 1.493e-02, val/acc 9.482e-01, val/nll 1.979e-01
[2023-04-08 05:54:10] [Epoch   151/  200] trn/loss 6.407e-04, trn/lr 1.437e-02, val/acc 9.500e-01, val/nll 1.954e-01
[2023-04-08 05:54:37] [Epoch   152/  200] trn/loss 5.875e-04, trn/lr 1.382e-02, val/acc 9.499e-01, val/nll 1.948e-01
[2023-04-08 05:55:04] [Epoch   153/  200] trn/loss 6.064e-04, trn/lr 1.329e-02, val/acc 9.500e-01, val/nll 1.937e-01
[2023-04-08 05:55:35] [Epoch   154/  200] trn/loss 6.229e-04, trn/lr 1.276e-02, val/acc 9.503e-01, val/nll 1.925e-01 (best_acc: 9.500e-01 -> 9.503e-01, test_acc: 9.458e-01, test_nll: 2.107e-01)
[2023-04-08 05:56:06] [Epoch   155/  200] trn/loss 6.399e-04, trn/lr 1.224e-02, val/acc 9.512e-01, val/nll 1.939e-01 (best_acc: 9.503e-01 -> 9.512e-01, test_acc: 9.454e-01, test_nll: 2.127e-01)
[2023-04-08 05:56:33] [Epoch   156/  200] trn/loss 6.157e-04, trn/lr 1.173e-02, val/acc 9.499e-01, val/nll 1.904e-01
[2023-04-08 05:57:00] [Epoch   157/  200] trn/loss 6.158e-04, trn/lr 1.123e-02, val/acc 9.511e-01, val/nll 1.891e-01
[2023-04-08 05:57:28] [Epoch   158/  200] trn/loss 6.287e-04, trn/lr 1.074e-02, val/acc 9.493e-01, val/nll 1.894e-01
[2023-04-08 05:57:55] [Epoch   159/  200] trn/loss 6.264e-04, trn/lr 1.025e-02, val/acc 9.506e-01, val/nll 1.888e-01
[2023-04-08 05:58:22] [Epoch   160/  200] trn/loss 6.357e-04, trn/lr 9.783e-03, val/acc 9.508e-01, val/nll 1.881e-01
[2023-04-08 05:58:49] [Epoch   161/  200] trn/loss 5.922e-04, trn/lr 9.321e-03, val/acc 9.509e-01, val/nll 1.861e-01
[2023-04-08 05:59:17] [Epoch   162/  200] trn/loss 5.985e-04, trn/lr 8.870e-03, val/acc 9.501e-01, val/nll 1.886e-01
[2023-04-08 05:59:44] [Epoch   163/  200] trn/loss 6.298e-04, trn/lr 8.428e-03, val/acc 9.499e-01, val/nll 1.891e-01
[2023-04-08 06:00:11] [Epoch   164/  200] trn/loss 6.177e-04, trn/lr 7.997e-03, val/acc 9.508e-01, val/nll 1.872e-01
[2023-04-08 06:00:38] [Epoch   165/  200] trn/loss 5.641e-04, trn/lr 7.576e-03, val/acc 9.508e-01, val/nll 1.850e-01
[2023-04-08 06:01:06] [Epoch   166/  200] trn/loss 6.132e-04, trn/lr 7.166e-03, val/acc 9.510e-01, val/nll 1.859e-01
[2023-04-08 06:01:33] [Epoch   167/  200] trn/loss 6.135e-04, trn/lr 6.766e-03, val/acc 9.512e-01, val/nll 1.858e-01
[2023-04-08 06:02:00] [Epoch   168/  200] trn/loss 6.099e-04, trn/lr 6.377e-03, val/acc 9.508e-01, val/nll 1.871e-01
[2023-04-08 06:02:28] [Epoch   169/  200] trn/loss 6.051e-04, trn/lr 5.998e-03, val/acc 9.512e-01, val/nll 1.859e-01
[2023-04-08 06:02:58] [Epoch   170/  200] trn/loss 6.096e-04, trn/lr 5.631e-03, val/acc 9.514e-01, val/nll 1.856e-01 (best_acc: 9.512e-01 -> 9.514e-01, test_acc: 9.458e-01, test_nll: 2.039e-01)
[2023-04-08 06:03:29] [Epoch   171/  200] trn/loss 6.102e-04, trn/lr 5.274e-03, val/acc 9.517e-01, val/nll 1.861e-01 (best_acc: 9.514e-01 -> 9.517e-01, test_acc: 9.463e-01, test_nll: 2.050e-01)
[2023-04-08 06:03:56] [Epoch   172/  200] trn/loss 6.245e-04, trn/lr 4.929e-03, val/acc 9.517e-01, val/nll 1.849e-01
[2023-04-08 06:04:24] [Epoch   173/  200] trn/loss 6.037e-04, trn/lr 4.594e-03, val/acc 9.506e-01, val/nll 1.852e-01
[2023-04-08 06:04:51] [Epoch   174/  200] trn/loss 6.169e-04, trn/lr 4.271e-03, val/acc 9.513e-01, val/nll 1.857e-01
[2023-04-08 06:05:18] [Epoch   175/  200] trn/loss 6.091e-04, trn/lr 3.959e-03, val/acc 9.513e-01, val/nll 1.844e-01
[2023-04-08 06:05:46] [Epoch   176/  200] trn/loss 6.009e-04, trn/lr 3.659e-03, val/acc 9.517e-01, val/nll 1.839e-01
[2023-04-08 06:06:16] [Epoch   177/  200] trn/loss 6.401e-04, trn/lr 3.369e-03, val/acc 9.518e-01, val/nll 1.840e-01 (best_acc: 9.517e-01 -> 9.518e-01, test_acc: 9.476e-01, test_nll: 2.024e-01)
[2023-04-08 06:06:48] [Epoch   178/  200] trn/loss 6.466e-04, trn/lr 3.092e-03, val/acc 9.519e-01, val/nll 1.831e-01 (best_acc: 9.518e-01 -> 9.519e-01, test_acc: 9.463e-01, test_nll: 2.016e-01)
[2023-04-08 06:07:19] [Epoch   179/  200] trn/loss 6.415e-04, trn/lr 2.826e-03, val/acc 9.520e-01, val/nll 1.845e-01 (best_acc: 9.519e-01 -> 9.520e-01, test_acc: 9.465e-01, test_nll: 2.025e-01)
[2023-04-08 06:07:50] [Epoch   180/  200] trn/loss 6.126e-04, trn/lr 2.571e-03, val/acc 9.521e-01, val/nll 1.829e-01 (best_acc: 9.520e-01 -> 9.521e-01, test_acc: 9.460e-01, test_nll: 2.011e-01)
[2023-04-08 06:08:21] [Epoch   181/  200] trn/loss 6.167e-04, trn/lr 2.329e-03, val/acc 9.527e-01, val/nll 1.841e-01 (best_acc: 9.521e-01 -> 9.527e-01, test_acc: 9.460e-01, test_nll: 2.025e-01)
[2023-04-08 06:08:48] [Epoch   182/  200] trn/loss 6.219e-04, trn/lr 2.098e-03, val/acc 9.520e-01, val/nll 1.844e-01
[2023-04-08 06:09:15] [Epoch   183/  200] trn/loss 6.079e-04, trn/lr 1.878e-03, val/acc 9.518e-01, val/nll 1.832e-01
[2023-04-08 06:09:43] [Epoch   184/  200] trn/loss 6.167e-04, trn/lr 1.671e-03, val/acc 9.517e-01, val/nll 1.839e-01
[2023-04-08 06:10:10] [Epoch   185/  200] trn/loss 5.904e-04, trn/lr 1.476e-03, val/acc 9.517e-01, val/nll 1.842e-01
[2023-04-08 06:10:37] [Epoch   186/  200] trn/loss 6.091e-04, trn/lr 1.292e-03, val/acc 9.515e-01, val/nll 1.836e-01
[2023-04-08 06:11:04] [Epoch   187/  200] trn/loss 6.176e-04, trn/lr 1.121e-03, val/acc 9.514e-01, val/nll 1.843e-01
[2023-04-08 06:11:32] [Epoch   188/  200] trn/loss 5.997e-04, trn/lr 9.617e-04, val/acc 9.519e-01, val/nll 1.835e-01
[2023-04-08 06:11:59] [Epoch   189/  200] trn/loss 6.010e-04, trn/lr 8.145e-04, val/acc 9.515e-01, val/nll 1.833e-01
[2023-04-08 06:12:26] [Epoch   190/  200] trn/loss 6.265e-04, trn/lr 6.794e-04, val/acc 9.515e-01, val/nll 1.837e-01
[2023-04-08 06:12:53] [Epoch   191/  200] trn/loss 6.064e-04, trn/lr 5.565e-04, val/acc 9.517e-01, val/nll 1.830e-01
[2023-04-08 06:13:21] [Epoch   192/  200] trn/loss 6.037e-04, trn/lr 4.458e-04, val/acc 9.514e-01, val/nll 1.833e-01
[2023-04-08 06:13:48] [Epoch   193/  200] trn/loss 6.286e-04, trn/lr 3.474e-04, val/acc 9.512e-01, val/nll 1.834e-01
[2023-04-08 06:14:15] [Epoch   194/  200] trn/loss 6.433e-04, trn/lr 2.612e-04, val/acc 9.521e-01, val/nll 1.827e-01
[2023-04-08 06:14:42] [Epoch   195/  200] trn/loss 6.378e-04, trn/lr 1.872e-04, val/acc 9.509e-01, val/nll 1.840e-01
[2023-04-08 06:15:09] [Epoch   196/  200] trn/loss 5.894e-04, trn/lr 1.255e-04, val/acc 9.511e-01, val/nll 1.844e-01
[2023-04-08 06:15:37] [Epoch   197/  200] trn/loss 5.862e-04, trn/lr 7.619e-05, val/acc 9.520e-01, val/nll 1.842e-01
[2023-04-08 06:16:04] [Epoch   198/  200] trn/loss 6.114e-04, trn/lr 3.916e-05, val/acc 9.515e-01, val/nll 1.837e-01
[2023-04-08 06:16:31] [Epoch   199/  200] trn/loss 5.901e-04, trn/lr 1.445e-05, val/acc 9.520e-01, val/nll 1.839e-01
[2023-04-08 06:16:58] [Epoch   200/  200] trn/loss 6.374e-04, trn/lr 2.075e-06, val/acc 9.511e-01, val/nll 1.848e-01
