[2023-02-08 14:05:48] Environments:
------------  ------------------------------------------------------------
sys.platform  linux
Python        3.8.10 (default, Nov 14 2022, 12:59:47) [GCC 9.4.0]
JAX           0.4.2 @/home/giung/.local/lib/python3.8/site-packages/jax
jaxlib        0.4.2 @/home/giung/.local/lib/python3.8/site-packages/jaxlib
Flax          0.6.4 @/home/giung/.local/lib/python3.8/site-packages/flax
Optax         0.1.4 @/home/giung/.local/lib/python3.8/site-packages/optax
------------  ------------------------------------------------------------

[2023-02-08 14:05:48] Command line arguments:
- args.data_root          : ./data/
- args.data_name          : CIFAR10_x32
- args.data_augmentation  : standard
- args.data_proportional  : 1.0
- args.model_depth        : 20
- args.model_width        : 4
- args.model_style        : BN-ReLU
- args.optim_bs           : 256
- args.optim_ne           : 200
- args.optim_lr           : 0.001
- args.optim_b1           : 0.9
- args.optim_b2           : 0.999
- args.optim_eps          : 1e-08
- args.optim_weight_decay : 0.0003
- args.rho                : 0.1
- args.save               : /home/giung/giung2-dev/projects/sam/save/CIFAR10_x32/R20x4-BN-ReLU/SAM-Adam/bs-0256_ne-0200_lr-0.0010_b1-0.9000_b2-0.9990_wd-0.0003_rho-0.1000_fp32/42
- args.seed               : 42
- args.precision          : fp32

[2023-02-08 14:05:53] Multiple local devices are detected:
[TpuDevice(id=0, process_index=0, coords=(0,0,0), core_on_chip=0), TpuDevice(id=1, process_index=0, coords=(0,0,0), core_on_chip=1), TpuDevice(id=2, process_index=0, coords=(1,0,0), core_on_chip=0), TpuDevice(id=3, process_index=0, coords=(1,0,0), core_on_chip=1), TpuDevice(id=4, process_index=0, coords=(0,1,0), core_on_chip=0), TpuDevice(id=5, process_index=0, coords=(0,1,0), core_on_chip=1), TpuDevice(id=6, process_index=0, coords=(1,1,0), core_on_chip=0), TpuDevice(id=7, process_index=0, coords=(1,1,0), core_on_chip=1)]

[2023-02-08 14:06:53] [Epoch     1/  200] trn/loss 1.622e+00, trn/lr 1.000e-03, val/acc 5.221e-01, val/nll 1.350e+00 (best_acc: 0.000e+00 -> 5.221e-01, test_acc: 5.161e-01, test_nll: 1.346e+00)
[2023-02-08 14:07:02] [Epoch     2/  200] trn/loss 1.153e+00, trn/lr 9.999e-04, val/acc 5.741e-01, val/nll 1.218e+00 (best_acc: 5.221e-01 -> 5.741e-01, test_acc: 5.707e-01, test_nll: 1.226e+00)
[2023-02-08 14:07:10] [Epoch     3/  200] trn/loss 9.336e-01, trn/lr 9.996e-04, val/acc 6.937e-01, val/nll 8.670e-01 (best_acc: 5.741e-01 -> 6.937e-01, test_acc: 6.875e-01, test_nll: 8.940e-01)
[2023-02-08 14:07:18] [Epoch     4/  200] trn/loss 7.869e-01, trn/lr 9.992e-04, val/acc 7.294e-01, val/nll 7.876e-01 (best_acc: 6.937e-01 -> 7.294e-01, test_acc: 7.253e-01, test_nll: 8.008e-01)
[2023-02-08 14:07:27] [Epoch     5/  200] trn/loss 6.725e-01, trn/lr 9.987e-04, val/acc 7.376e-01, val/nll 8.147e-01 (best_acc: 7.294e-01 -> 7.376e-01, test_acc: 7.353e-01, test_nll: 8.219e-01)
[2023-02-08 14:07:34] [Epoch     6/  200] trn/loss 6.141e-01, trn/lr 9.981e-04, val/acc 7.371e-01, val/nll 7.802e-01
[2023-02-08 14:07:42] [Epoch     7/  200] trn/loss 5.624e-01, trn/lr 9.974e-04, val/acc 7.910e-01, val/nll 6.183e-01 (best_acc: 7.376e-01 -> 7.910e-01, test_acc: 7.922e-01, test_nll: 6.270e-01)
[2023-02-08 14:07:49] [Epoch     8/  200] trn/loss 5.189e-01, trn/lr 9.965e-04, val/acc 7.400e-01, val/nll 8.872e-01
[2023-02-08 14:07:57] [Epoch     9/  200] trn/loss 4.767e-01, trn/lr 9.955e-04, val/acc 8.246e-01, val/nll 5.234e-01 (best_acc: 7.910e-01 -> 8.246e-01, test_acc: 8.204e-01, test_nll: 5.378e-01)
[2023-02-08 14:08:05] [Epoch    10/  200] trn/loss 4.586e-01, trn/lr 9.944e-04, val/acc 7.945e-01, val/nll 6.146e-01
[2023-02-08 14:08:12] [Epoch    11/  200] trn/loss 4.265e-01, trn/lr 9.932e-04, val/acc 8.024e-01, val/nll 5.689e-01
[2023-02-08 14:08:20] [Epoch    12/  200] trn/loss 4.119e-01, trn/lr 9.919e-04, val/acc 8.309e-01, val/nll 4.988e-01 (best_acc: 8.246e-01 -> 8.309e-01, test_acc: 8.289e-01, test_nll: 5.068e-01)
[2023-02-08 14:08:28] [Epoch    13/  200] trn/loss 3.882e-01, trn/lr 9.904e-04, val/acc 7.743e-01, val/nll 7.519e-01
[2023-02-08 14:08:35] [Epoch    14/  200] trn/loss 3.773e-01, trn/lr 9.888e-04, val/acc 8.064e-01, val/nll 5.912e-01
[2023-02-08 14:08:42] [Epoch    15/  200] trn/loss 3.551e-01, trn/lr 9.871e-04, val/acc 8.144e-01, val/nll 5.585e-01
[2023-02-08 14:08:51] [Epoch    16/  200] trn/loss 3.480e-01, trn/lr 9.853e-04, val/acc 8.476e-01, val/nll 4.779e-01 (best_acc: 8.309e-01 -> 8.476e-01, test_acc: 8.378e-01, test_nll: 4.976e-01)
[2023-02-08 14:08:59] [Epoch    17/  200] trn/loss 3.260e-01, trn/lr 9.833e-04, val/acc 8.588e-01, val/nll 4.271e-01 (best_acc: 8.476e-01 -> 8.588e-01, test_acc: 8.494e-01, test_nll: 4.473e-01)
[2023-02-08 14:09:06] [Epoch    18/  200] trn/loss 3.207e-01, trn/lr 9.812e-04, val/acc 8.483e-01, val/nll 4.497e-01
[2023-02-08 14:09:14] [Epoch    19/  200] trn/loss 3.048e-01, trn/lr 9.790e-04, val/acc 8.371e-01, val/nll 4.688e-01
[2023-02-08 14:09:21] [Epoch    20/  200] trn/loss 2.951e-01, trn/lr 9.767e-04, val/acc 8.473e-01, val/nll 4.581e-01
[2023-02-08 14:09:28] [Epoch    21/  200] trn/loss 2.858e-01, trn/lr 9.743e-04, val/acc 8.580e-01, val/nll 4.293e-01
[2023-02-08 14:09:37] [Epoch    22/  200] trn/loss 2.758e-01, trn/lr 9.718e-04, val/acc 8.650e-01, val/nll 4.018e-01 (best_acc: 8.588e-01 -> 8.650e-01, test_acc: 8.613e-01, test_nll: 4.066e-01)
[2023-02-08 14:09:45] [Epoch    23/  200] trn/loss 2.695e-01, trn/lr 9.691e-04, val/acc 8.806e-01, val/nll 3.631e-01 (best_acc: 8.650e-01 -> 8.806e-01, test_acc: 8.731e-01, test_nll: 3.745e-01)
[2023-02-08 14:09:53] [Epoch    24/  200] trn/loss 2.615e-01, trn/lr 9.663e-04, val/acc 8.872e-01, val/nll 3.296e-01 (best_acc: 8.806e-01 -> 8.872e-01, test_acc: 8.802e-01, test_nll: 3.543e-01)
[2023-02-08 14:10:00] [Epoch    25/  200] trn/loss 2.566e-01, trn/lr 9.634e-04, val/acc 8.733e-01, val/nll 3.716e-01
[2023-02-08 14:10:08] [Epoch    26/  200] trn/loss 2.415e-01, trn/lr 9.604e-04, val/acc 8.673e-01, val/nll 3.962e-01
[2023-02-08 14:10:15] [Epoch    27/  200] trn/loss 2.384e-01, trn/lr 9.573e-04, val/acc 8.740e-01, val/nll 3.755e-01
[2023-02-08 14:10:23] [Epoch    28/  200] trn/loss 2.338e-01, trn/lr 9.541e-04, val/acc 8.902e-01, val/nll 3.258e-01 (best_acc: 8.872e-01 -> 8.902e-01, test_acc: 8.813e-01, test_nll: 3.524e-01)
[2023-02-08 14:10:31] [Epoch    29/  200] trn/loss 2.270e-01, trn/lr 9.507e-04, val/acc 8.948e-01, val/nll 3.205e-01 (best_acc: 8.902e-01 -> 8.948e-01, test_acc: 8.845e-01, test_nll: 3.372e-01)
[2023-02-08 14:10:39] [Epoch    30/  200] trn/loss 2.193e-01, trn/lr 9.473e-04, val/acc 8.912e-01, val/nll 3.216e-01
[2023-02-08 14:10:46] [Epoch    31/  200] trn/loss 2.176e-01, trn/lr 9.437e-04, val/acc 8.906e-01, val/nll 3.199e-01
[2023-02-08 14:10:53] [Epoch    32/  200] trn/loss 2.060e-01, trn/lr 9.400e-04, val/acc 8.940e-01, val/nll 3.137e-01
[2023-02-08 14:11:00] [Epoch    33/  200] trn/loss 2.040e-01, trn/lr 9.363e-04, val/acc 8.814e-01, val/nll 3.489e-01
[2023-02-08 14:11:09] [Epoch    34/  200] trn/loss 1.994e-01, trn/lr 9.324e-04, val/acc 8.987e-01, val/nll 3.050e-01 (best_acc: 8.948e-01 -> 8.987e-01, test_acc: 8.919e-01, test_nll: 3.253e-01)
[2023-02-08 14:11:16] [Epoch    35/  200] trn/loss 1.922e-01, trn/lr 9.284e-04, val/acc 8.908e-01, val/nll 3.171e-01
[2023-02-08 14:11:23] [Epoch    36/  200] trn/loss 1.958e-01, trn/lr 9.243e-04, val/acc 8.903e-01, val/nll 3.413e-01
[2023-02-08 14:11:31] [Epoch    37/  200] trn/loss 1.847e-01, trn/lr 9.201e-04, val/acc 8.767e-01, val/nll 3.697e-01
[2023-02-08 14:11:38] [Epoch    38/  200] trn/loss 1.841e-01, trn/lr 9.157e-04, val/acc 8.939e-01, val/nll 3.157e-01
[2023-02-08 14:11:45] [Epoch    39/  200] trn/loss 1.780e-01, trn/lr 9.113e-04, val/acc 8.959e-01, val/nll 3.065e-01
[2023-02-08 14:11:52] [Epoch    40/  200] trn/loss 1.734e-01, trn/lr 9.068e-04, val/acc 8.752e-01, val/nll 3.887e-01
[2023-02-08 14:12:01] [Epoch    41/  200] trn/loss 1.712e-01, trn/lr 9.022e-04, val/acc 9.041e-01, val/nll 2.869e-01 (best_acc: 8.987e-01 -> 9.041e-01, test_acc: 9.022e-01, test_nll: 2.954e-01)
[2023-02-08 14:12:09] [Epoch    42/  200] trn/loss 1.638e-01, trn/lr 8.975e-04, val/acc 9.070e-01, val/nll 2.743e-01 (best_acc: 9.041e-01 -> 9.070e-01, test_acc: 9.054e-01, test_nll: 2.799e-01)
[2023-02-08 14:12:16] [Epoch    43/  200] trn/loss 1.646e-01, trn/lr 8.927e-04, val/acc 8.982e-01, val/nll 3.113e-01
[2023-02-08 14:12:23] [Epoch    44/  200] trn/loss 1.540e-01, trn/lr 8.878e-04, val/acc 8.945e-01, val/nll 3.157e-01
[2023-02-08 14:12:31] [Epoch    45/  200] trn/loss 1.583e-01, trn/lr 8.828e-04, val/acc 9.053e-01, val/nll 2.734e-01
[2023-02-08 14:12:39] [Epoch    46/  200] trn/loss 1.546e-01, trn/lr 8.777e-04, val/acc 9.094e-01, val/nll 2.654e-01 (best_acc: 9.070e-01 -> 9.094e-01, test_acc: 9.044e-01, test_nll: 2.803e-01)
[2023-02-08 14:12:46] [Epoch    47/  200] trn/loss 1.446e-01, trn/lr 8.725e-04, val/acc 9.039e-01, val/nll 2.873e-01
[2023-02-08 14:12:53] [Epoch    48/  200] trn/loss 1.535e-01, trn/lr 8.672e-04, val/acc 9.063e-01, val/nll 2.869e-01
[2023-02-08 14:13:01] [Epoch    49/  200] trn/loss 1.454e-01, trn/lr 8.618e-04, val/acc 8.840e-01, val/nll 3.515e-01
[2023-02-08 14:13:08] [Epoch    50/  200] trn/loss 1.474e-01, trn/lr 8.563e-04, val/acc 9.011e-01, val/nll 2.994e-01
[2023-02-08 14:13:15] [Epoch    51/  200] trn/loss 1.417e-01, trn/lr 8.508e-04, val/acc 9.045e-01, val/nll 2.861e-01
[2023-02-08 14:13:23] [Epoch    52/  200] trn/loss 1.340e-01, trn/lr 8.451e-04, val/acc 9.114e-01, val/nll 2.763e-01 (best_acc: 9.094e-01 -> 9.114e-01, test_acc: 9.044e-01, test_nll: 2.942e-01)
[2023-02-08 14:13:31] [Epoch    53/  200] trn/loss 1.340e-01, trn/lr 8.394e-04, val/acc 9.108e-01, val/nll 2.719e-01
[2023-02-08 14:13:38] [Epoch    54/  200] trn/loss 1.248e-01, trn/lr 8.336e-04, val/acc 8.897e-01, val/nll 3.423e-01
[2023-02-08 14:13:46] [Epoch    55/  200] trn/loss 1.291e-01, trn/lr 8.277e-04, val/acc 9.143e-01, val/nll 2.617e-01 (best_acc: 9.114e-01 -> 9.143e-01, test_acc: 9.079e-01, test_nll: 2.737e-01)
[2023-02-08 14:13:54] [Epoch    56/  200] trn/loss 1.239e-01, trn/lr 8.217e-04, val/acc 9.164e-01, val/nll 2.549e-01 (best_acc: 9.143e-01 -> 9.164e-01, test_acc: 9.125e-01, test_nll: 2.626e-01)
[2023-02-08 14:14:02] [Epoch    57/  200] trn/loss 1.234e-01, trn/lr 8.157e-04, val/acc 9.143e-01, val/nll 2.584e-01
[2023-02-08 14:14:09] [Epoch    58/  200] trn/loss 1.237e-01, trn/lr 8.096e-04, val/acc 9.060e-01, val/nll 2.900e-01
[2023-02-08 14:14:16] [Epoch    59/  200] trn/loss 1.247e-01, trn/lr 8.034e-04, val/acc 9.140e-01, val/nll 2.596e-01
[2023-02-08 14:14:23] [Epoch    60/  200] trn/loss 1.180e-01, trn/lr 7.971e-04, val/acc 9.142e-01, val/nll 2.571e-01
[2023-02-08 14:14:31] [Epoch    61/  200] trn/loss 1.141e-01, trn/lr 7.907e-04, val/acc 9.129e-01, val/nll 2.647e-01
[2023-02-08 14:14:38] [Epoch    62/  200] trn/loss 1.146e-01, trn/lr 7.843e-04, val/acc 9.164e-01, val/nll 2.579e-01
[2023-02-08 14:14:45] [Epoch    63/  200] trn/loss 1.126e-01, trn/lr 7.778e-04, val/acc 9.145e-01, val/nll 2.588e-01
[2023-02-08 14:14:53] [Epoch    64/  200] trn/loss 1.095e-01, trn/lr 7.712e-04, val/acc 9.165e-01, val/nll 2.524e-01 (best_acc: 9.164e-01 -> 9.165e-01, test_acc: 9.097e-01, test_nll: 2.748e-01)
[2023-02-08 14:15:02] [Epoch    65/  200] trn/loss 1.031e-01, trn/lr 7.646e-04, val/acc 9.173e-01, val/nll 2.497e-01 (best_acc: 9.165e-01 -> 9.173e-01, test_acc: 9.154e-01, test_nll: 2.594e-01)
[2023-02-08 14:15:10] [Epoch    66/  200] trn/loss 1.049e-01, trn/lr 7.579e-04, val/acc 9.188e-01, val/nll 2.567e-01 (best_acc: 9.173e-01 -> 9.188e-01, test_acc: 9.093e-01, test_nll: 2.761e-01)
[2023-02-08 14:15:17] [Epoch    67/  200] trn/loss 1.041e-01, trn/lr 7.512e-04, val/acc 9.114e-01, val/nll 2.807e-01
[2023-02-08 14:15:25] [Epoch    68/  200] trn/loss 1.019e-01, trn/lr 7.443e-04, val/acc 9.257e-01, val/nll 2.232e-01 (best_acc: 9.188e-01 -> 9.257e-01, test_acc: 9.194e-01, test_nll: 2.396e-01)
[2023-02-08 14:15:33] [Epoch    69/  200] trn/loss 1.009e-01, trn/lr 7.374e-04, val/acc 9.218e-01, val/nll 2.425e-01
[2023-02-08 14:15:40] [Epoch    70/  200] trn/loss 9.773e-02, trn/lr 7.305e-04, val/acc 9.103e-01, val/nll 2.726e-01
[2023-02-08 14:15:47] [Epoch    71/  200] trn/loss 9.821e-02, trn/lr 7.235e-04, val/acc 9.228e-01, val/nll 2.335e-01
[2023-02-08 14:15:55] [Epoch    72/  200] trn/loss 9.382e-02, trn/lr 7.165e-04, val/acc 9.046e-01, val/nll 2.917e-01
[2023-02-08 14:16:02] [Epoch    73/  200] trn/loss 9.472e-02, trn/lr 7.094e-04, val/acc 9.116e-01, val/nll 2.569e-01
[2023-02-08 14:16:09] [Epoch    74/  200] trn/loss 8.849e-02, trn/lr 7.022e-04, val/acc 9.201e-01, val/nll 2.362e-01
[2023-02-08 14:16:16] [Epoch    75/  200] trn/loss 8.754e-02, trn/lr 6.950e-04, val/acc 9.249e-01, val/nll 2.290e-01
[2023-02-08 14:16:24] [Epoch    76/  200] trn/loss 9.046e-02, trn/lr 6.877e-04, val/acc 9.238e-01, val/nll 2.261e-01
[2023-02-08 14:16:31] [Epoch    77/  200] trn/loss 8.045e-02, trn/lr 6.804e-04, val/acc 9.205e-01, val/nll 2.447e-01
[2023-02-08 14:16:38] [Epoch    78/  200] trn/loss 8.087e-02, trn/lr 6.731e-04, val/acc 9.198e-01, val/nll 2.444e-01
[2023-02-08 14:16:45] [Epoch    79/  200] trn/loss 8.487e-02, trn/lr 6.657e-04, val/acc 9.194e-01, val/nll 2.377e-01
[2023-02-08 14:16:53] [Epoch    80/  200] trn/loss 8.133e-02, trn/lr 6.583e-04, val/acc 9.254e-01, val/nll 2.211e-01
[2023-02-08 14:17:00] [Epoch    81/  200] trn/loss 7.972e-02, trn/lr 6.508e-04, val/acc 9.207e-01, val/nll 2.525e-01
[2023-02-08 14:17:07] [Epoch    82/  200] trn/loss 8.194e-02, trn/lr 6.433e-04, val/acc 9.246e-01, val/nll 2.278e-01
[2023-02-08 14:17:14] [Epoch    83/  200] trn/loss 7.424e-02, trn/lr 6.357e-04, val/acc 9.167e-01, val/nll 2.585e-01
[2023-02-08 14:17:22] [Epoch    84/  200] trn/loss 7.457e-02, trn/lr 6.282e-04, val/acc 9.213e-01, val/nll 2.445e-01
[2023-02-08 14:17:30] [Epoch    85/  200] trn/loss 6.951e-02, trn/lr 6.206e-04, val/acc 9.295e-01, val/nll 2.274e-01 (best_acc: 9.257e-01 -> 9.295e-01, test_acc: 9.210e-01, test_nll: 2.469e-01)
[2023-02-08 14:17:37] [Epoch    86/  200] trn/loss 7.083e-02, trn/lr 6.129e-04, val/acc 9.195e-01, val/nll 2.345e-01
[2023-02-08 14:17:44] [Epoch    87/  200] trn/loss 6.931e-02, trn/lr 6.053e-04, val/acc 9.179e-01, val/nll 2.400e-01
[2023-02-08 14:17:52] [Epoch    88/  200] trn/loss 7.014e-02, trn/lr 5.976e-04, val/acc 9.265e-01, val/nll 2.249e-01
[2023-02-08 14:17:59] [Epoch    89/  200] trn/loss 6.937e-02, trn/lr 5.899e-04, val/acc 9.269e-01, val/nll 2.165e-01
[2023-02-08 14:18:06] [Epoch    90/  200] trn/loss 6.521e-02, trn/lr 5.821e-04, val/acc 9.254e-01, val/nll 2.292e-01
[2023-02-08 14:18:13] [Epoch    91/  200] trn/loss 6.309e-02, trn/lr 5.744e-04, val/acc 9.271e-01, val/nll 2.258e-01
[2023-02-08 14:18:21] [Epoch    92/  200] trn/loss 6.304e-02, trn/lr 5.666e-04, val/acc 9.233e-01, val/nll 2.434e-01
[2023-02-08 14:18:28] [Epoch    93/  200] trn/loss 6.239e-02, trn/lr 5.588e-04, val/acc 9.261e-01, val/nll 2.275e-01
[2023-02-08 14:18:35] [Epoch    94/  200] trn/loss 5.965e-02, trn/lr 5.510e-04, val/acc 9.249e-01, val/nll 2.285e-01
[2023-02-08 14:18:42] [Epoch    95/  200] trn/loss 5.863e-02, trn/lr 5.432e-04, val/acc 9.249e-01, val/nll 2.409e-01
[2023-02-08 14:18:51] [Epoch    96/  200] trn/loss 5.714e-02, trn/lr 5.353e-04, val/acc 9.306e-01, val/nll 2.194e-01 (best_acc: 9.295e-01 -> 9.306e-01, test_acc: 9.242e-01, test_nll: 2.271e-01)
[2023-02-08 14:18:58] [Epoch    97/  200] trn/loss 5.473e-02, trn/lr 5.275e-04, val/acc 9.294e-01, val/nll 2.165e-01
[2023-02-08 14:19:05] [Epoch    98/  200] trn/loss 5.817e-02, trn/lr 5.197e-04, val/acc 9.233e-01, val/nll 2.405e-01
[2023-02-08 14:19:12] [Epoch    99/  200] trn/loss 5.658e-02, trn/lr 5.118e-04, val/acc 9.285e-01, val/nll 2.190e-01
[2023-02-08 14:19:20] [Epoch   100/  200] trn/loss 5.271e-02, trn/lr 5.040e-04, val/acc 9.199e-01, val/nll 2.452e-01
[2023-02-08 14:19:27] [Epoch   101/  200] trn/loss 5.320e-02, trn/lr 4.961e-04, val/acc 9.272e-01, val/nll 2.273e-01
[2023-02-08 14:19:34] [Epoch   102/  200] trn/loss 5.040e-02, trn/lr 4.882e-04, val/acc 9.295e-01, val/nll 2.150e-01
[2023-02-08 14:19:42] [Epoch   103/  200] trn/loss 4.864e-02, trn/lr 4.804e-04, val/acc 9.326e-01, val/nll 2.066e-01 (best_acc: 9.306e-01 -> 9.326e-01, test_acc: 9.270e-01, test_nll: 2.338e-01)
[2023-02-08 14:19:50] [Epoch   104/  200] trn/loss 5.060e-02, trn/lr 4.725e-04, val/acc 9.287e-01, val/nll 2.153e-01
[2023-02-08 14:19:57] [Epoch   105/  200] trn/loss 4.878e-02, trn/lr 4.647e-04, val/acc 9.313e-01, val/nll 2.224e-01
[2023-02-08 14:20:05] [Epoch   106/  200] trn/loss 4.309e-02, trn/lr 4.569e-04, val/acc 9.335e-01, val/nll 2.184e-01 (best_acc: 9.326e-01 -> 9.335e-01, test_acc: 9.273e-01, test_nll: 2.338e-01)
[2023-02-08 14:20:12] [Epoch   107/  200] trn/loss 4.414e-02, trn/lr 4.491e-04, val/acc 9.316e-01, val/nll 2.105e-01
[2023-02-08 14:20:21] [Epoch   108/  200] trn/loss 4.454e-02, trn/lr 4.413e-04, val/acc 9.337e-01, val/nll 2.099e-01 (best_acc: 9.335e-01 -> 9.337e-01, test_acc: 9.262e-01, test_nll: 2.315e-01)
[2023-02-08 14:20:28] [Epoch   109/  200] trn/loss 4.547e-02, trn/lr 4.335e-04, val/acc 9.330e-01, val/nll 2.056e-01
[2023-02-08 14:20:35] [Epoch   110/  200] trn/loss 4.347e-02, trn/lr 4.257e-04, val/acc 9.302e-01, val/nll 2.209e-01
[2023-02-08 14:20:43] [Epoch   111/  200] trn/loss 4.196e-02, trn/lr 4.179e-04, val/acc 9.350e-01, val/nll 1.998e-01 (best_acc: 9.337e-01 -> 9.350e-01, test_acc: 9.292e-01, test_nll: 2.152e-01)
[2023-02-08 14:20:51] [Epoch   112/  200] trn/loss 3.962e-02, trn/lr 4.102e-04, val/acc 9.348e-01, val/nll 2.085e-01
[2023-02-08 14:20:58] [Epoch   113/  200] trn/loss 3.966e-02, trn/lr 4.025e-04, val/acc 9.293e-01, val/nll 2.193e-01
[2023-02-08 14:21:05] [Epoch   114/  200] trn/loss 3.821e-02, trn/lr 3.948e-04, val/acc 9.314e-01, val/nll 2.215e-01
[2023-02-08 14:21:12] [Epoch   115/  200] trn/loss 3.613e-02, trn/lr 3.871e-04, val/acc 9.308e-01, val/nll 2.148e-01
[2023-02-08 14:21:21] [Epoch   116/  200] trn/loss 3.471e-02, trn/lr 3.795e-04, val/acc 9.377e-01, val/nll 1.967e-01 (best_acc: 9.350e-01 -> 9.377e-01, test_acc: 9.306e-01, test_nll: 2.169e-01)
[2023-02-08 14:21:28] [Epoch   117/  200] trn/loss 3.393e-02, trn/lr 3.719e-04, val/acc 9.348e-01, val/nll 1.999e-01
[2023-02-08 14:21:35] [Epoch   118/  200] trn/loss 3.281e-02, trn/lr 3.643e-04, val/acc 9.285e-01, val/nll 2.132e-01
[2023-02-08 14:21:43] [Epoch   119/  200] trn/loss 3.493e-02, trn/lr 3.568e-04, val/acc 9.343e-01, val/nll 2.064e-01
[2023-02-08 14:21:50] [Epoch   120/  200] trn/loss 3.316e-02, trn/lr 3.493e-04, val/acc 9.304e-01, val/nll 2.157e-01
[2023-02-08 14:21:57] [Epoch   121/  200] trn/loss 3.199e-02, trn/lr 3.418e-04, val/acc 9.350e-01, val/nll 1.973e-01
[2023-02-08 14:22:04] [Epoch   122/  200] trn/loss 3.131e-02, trn/lr 3.344e-04, val/acc 9.335e-01, val/nll 2.074e-01
[2023-02-08 14:22:11] [Epoch   123/  200] trn/loss 2.964e-02, trn/lr 3.270e-04, val/acc 9.298e-01, val/nll 2.178e-01
[2023-02-08 14:22:19] [Epoch   124/  200] trn/loss 2.831e-02, trn/lr 3.196e-04, val/acc 9.317e-01, val/nll 2.227e-01
[2023-02-08 14:22:27] [Epoch   125/  200] trn/loss 2.893e-02, trn/lr 3.123e-04, val/acc 9.379e-01, val/nll 1.947e-01 (best_acc: 9.377e-01 -> 9.379e-01, test_acc: 9.319e-01, test_nll: 2.116e-01)
[2023-02-08 14:22:34] [Epoch   126/  200] trn/loss 2.762e-02, trn/lr 3.051e-04, val/acc 9.365e-01, val/nll 2.070e-01
[2023-02-08 14:22:42] [Epoch   127/  200] trn/loss 2.602e-02, trn/lr 2.979e-04, val/acc 9.343e-01, val/nll 2.042e-01
[2023-02-08 14:22:49] [Epoch   128/  200] trn/loss 2.649e-02, trn/lr 2.907e-04, val/acc 9.353e-01, val/nll 2.026e-01
[2023-02-08 14:22:56] [Epoch   129/  200] trn/loss 2.578e-02, trn/lr 2.836e-04, val/acc 9.338e-01, val/nll 2.058e-01
[2023-02-08 14:23:04] [Epoch   130/  200] trn/loss 2.345e-02, trn/lr 2.765e-04, val/acc 9.386e-01, val/nll 1.912e-01 (best_acc: 9.379e-01 -> 9.386e-01, test_acc: 9.361e-01, test_nll: 2.074e-01)
[2023-02-08 14:23:12] [Epoch   131/  200] trn/loss 2.386e-02, trn/lr 2.695e-04, val/acc 9.377e-01, val/nll 1.866e-01
[2023-02-08 14:23:20] [Epoch   132/  200] trn/loss 2.290e-02, trn/lr 2.626e-04, val/acc 9.403e-01, val/nll 1.905e-01 (best_acc: 9.386e-01 -> 9.403e-01, test_acc: 9.368e-01, test_nll: 2.055e-01)
[2023-02-08 14:23:27] [Epoch   133/  200] trn/loss 2.200e-02, trn/lr 2.557e-04, val/acc 9.384e-01, val/nll 1.915e-01
[2023-02-08 14:23:34] [Epoch   134/  200] trn/loss 2.027e-02, trn/lr 2.489e-04, val/acc 9.367e-01, val/nll 1.945e-01
[2023-02-08 14:23:43] [Epoch   135/  200] trn/loss 2.082e-02, trn/lr 2.421e-04, val/acc 9.404e-01, val/nll 1.888e-01 (best_acc: 9.403e-01 -> 9.404e-01, test_acc: 9.346e-01, test_nll: 2.079e-01)
[2023-02-08 14:23:51] [Epoch   136/  200] trn/loss 2.017e-02, trn/lr 2.354e-04, val/acc 9.415e-01, val/nll 1.879e-01 (best_acc: 9.404e-01 -> 9.415e-01, test_acc: 9.358e-01, test_nll: 2.075e-01)
[2023-02-08 14:23:59] [Epoch   137/  200] trn/loss 2.001e-02, trn/lr 2.288e-04, val/acc 9.425e-01, val/nll 1.856e-01 (best_acc: 9.415e-01 -> 9.425e-01, test_acc: 9.393e-01, test_nll: 1.941e-01)
[2023-02-08 14:24:06] [Epoch   138/  200] trn/loss 1.943e-02, trn/lr 2.222e-04, val/acc 9.415e-01, val/nll 1.871e-01
[2023-02-08 14:24:14] [Epoch   139/  200] trn/loss 1.746e-02, trn/lr 2.157e-04, val/acc 9.421e-01, val/nll 1.850e-01
[2023-02-08 14:24:21] [Epoch   140/  200] trn/loss 1.690e-02, trn/lr 2.093e-04, val/acc 9.405e-01, val/nll 1.899e-01
[2023-02-08 14:24:29] [Epoch   141/  200] trn/loss 1.728e-02, trn/lr 2.030e-04, val/acc 9.434e-01, val/nll 1.759e-01 (best_acc: 9.425e-01 -> 9.434e-01, test_acc: 9.376e-01, test_nll: 1.976e-01)
[2023-02-08 14:24:36] [Epoch   142/  200] trn/loss 1.673e-02, trn/lr 1.967e-04, val/acc 9.343e-01, val/nll 2.043e-01
[2023-02-08 14:24:45] [Epoch   143/  200] trn/loss 1.661e-02, trn/lr 1.905e-04, val/acc 9.459e-01, val/nll 1.815e-01 (best_acc: 9.434e-01 -> 9.459e-01, test_acc: 9.379e-01, test_nll: 2.006e-01)
[2023-02-08 14:24:52] [Epoch   144/  200] trn/loss 1.562e-02, trn/lr 1.843e-04, val/acc 9.415e-01, val/nll 1.894e-01
[2023-02-08 14:24:59] [Epoch   145/  200] trn/loss 1.482e-02, trn/lr 1.783e-04, val/acc 9.445e-01, val/nll 1.801e-01
[2023-02-08 14:25:06] [Epoch   146/  200] trn/loss 1.468e-02, trn/lr 1.723e-04, val/acc 9.455e-01, val/nll 1.770e-01
[2023-02-08 14:25:14] [Epoch   147/  200] trn/loss 1.375e-02, trn/lr 1.664e-04, val/acc 9.446e-01, val/nll 1.808e-01
[2023-02-08 14:25:21] [Epoch   148/  200] trn/loss 1.352e-02, trn/lr 1.606e-04, val/acc 9.421e-01, val/nll 1.857e-01
[2023-02-08 14:25:28] [Epoch   149/  200] trn/loss 1.338e-02, trn/lr 1.549e-04, val/acc 9.459e-01, val/nll 1.792e-01
[2023-02-08 14:25:35] [Epoch   150/  200] trn/loss 1.295e-02, trn/lr 1.493e-04, val/acc 9.417e-01, val/nll 1.854e-01
[2023-02-08 14:25:43] [Epoch   151/  200] trn/loss 1.240e-02, trn/lr 1.437e-04, val/acc 9.448e-01, val/nll 1.765e-01
[2023-02-08 14:25:50] [Epoch   152/  200] trn/loss 1.157e-02, trn/lr 1.382e-04, val/acc 9.426e-01, val/nll 1.809e-01
[2023-02-08 14:25:57] [Epoch   153/  200] trn/loss 1.172e-02, trn/lr 1.329e-04, val/acc 9.431e-01, val/nll 1.822e-01
[2023-02-08 14:26:04] [Epoch   154/  200] trn/loss 1.112e-02, trn/lr 1.276e-04, val/acc 9.441e-01, val/nll 1.828e-01
[2023-02-08 14:26:12] [Epoch   155/  200] trn/loss 1.145e-02, trn/lr 1.224e-04, val/acc 9.438e-01, val/nll 1.846e-01
[2023-02-08 14:26:20] [Epoch   156/  200] trn/loss 1.066e-02, trn/lr 1.173e-04, val/acc 9.466e-01, val/nll 1.789e-01 (best_acc: 9.459e-01 -> 9.466e-01, test_acc: 9.434e-01, test_nll: 1.895e-01)
[2023-02-08 14:26:27] [Epoch   157/  200] trn/loss 1.062e-02, trn/lr 1.123e-04, val/acc 9.460e-01, val/nll 1.773e-01
[2023-02-08 14:26:34] [Epoch   158/  200] trn/loss 1.031e-02, trn/lr 1.074e-04, val/acc 9.454e-01, val/nll 1.771e-01
[2023-02-08 14:26:42] [Epoch   159/  200] trn/loss 9.528e-03, trn/lr 1.025e-04, val/acc 9.446e-01, val/nll 1.795e-01
[2023-02-08 14:26:49] [Epoch   160/  200] trn/loss 9.531e-03, trn/lr 9.783e-05, val/acc 9.448e-01, val/nll 1.793e-01
[2023-02-08 14:26:56] [Epoch   161/  200] trn/loss 8.822e-03, trn/lr 9.321e-05, val/acc 9.451e-01, val/nll 1.771e-01
[2023-02-08 14:27:03] [Epoch   162/  200] trn/loss 8.766e-03, trn/lr 8.870e-05, val/acc 9.456e-01, val/nll 1.774e-01
[2023-02-08 14:27:11] [Epoch   163/  200] trn/loss 8.459e-03, trn/lr 8.428e-05, val/acc 9.458e-01, val/nll 1.771e-01
[2023-02-08 14:27:18] [Epoch   164/  200] trn/loss 8.458e-03, trn/lr 7.997e-05, val/acc 9.454e-01, val/nll 1.770e-01
[2023-02-08 14:27:25] [Epoch   165/  200] trn/loss 8.088e-03, trn/lr 7.576e-05, val/acc 9.459e-01, val/nll 1.770e-01
[2023-02-08 14:27:32] [Epoch   166/  200] trn/loss 7.775e-03, trn/lr 7.166e-05, val/acc 9.450e-01, val/nll 1.742e-01
[2023-02-08 14:27:40] [Epoch   167/  200] trn/loss 7.650e-03, trn/lr 6.766e-05, val/acc 9.456e-01, val/nll 1.770e-01
[2023-02-08 14:27:47] [Epoch   168/  200] trn/loss 7.371e-03, trn/lr 6.377e-05, val/acc 9.459e-01, val/nll 1.750e-01
[2023-02-08 14:27:54] [Epoch   169/  200] trn/loss 7.137e-03, trn/lr 5.998e-05, val/acc 9.466e-01, val/nll 1.742e-01
[2023-02-08 14:28:01] [Epoch   170/  200] trn/loss 6.913e-03, trn/lr 5.631e-05, val/acc 9.461e-01, val/nll 1.751e-01
[2023-02-08 14:28:10] [Epoch   171/  200] trn/loss 6.656e-03, trn/lr 5.274e-05, val/acc 9.467e-01, val/nll 1.796e-01 (best_acc: 9.466e-01 -> 9.467e-01, test_acc: 9.444e-01, test_nll: 1.864e-01)
[2023-02-08 14:28:18] [Epoch   172/  200] trn/loss 6.651e-03, trn/lr 4.929e-05, val/acc 9.473e-01, val/nll 1.790e-01 (best_acc: 9.467e-01 -> 9.473e-01, test_acc: 9.440e-01, test_nll: 1.895e-01)
[2023-02-08 14:28:25] [Epoch   173/  200] trn/loss 6.637e-03, trn/lr 4.594e-05, val/acc 9.473e-01, val/nll 1.733e-01
[2023-02-08 14:28:33] [Epoch   174/  200] trn/loss 6.400e-03, trn/lr 4.271e-05, val/acc 9.486e-01, val/nll 1.721e-01 (best_acc: 9.473e-01 -> 9.486e-01, test_acc: 9.431e-01, test_nll: 1.875e-01)
[2023-02-08 14:28:41] [Epoch   175/  200] trn/loss 6.184e-03, trn/lr 3.959e-05, val/acc 9.479e-01, val/nll 1.714e-01
[2023-02-08 14:28:48] [Epoch   176/  200] trn/loss 6.063e-03, trn/lr 3.659e-05, val/acc 9.461e-01, val/nll 1.755e-01
[2023-02-08 14:28:55] [Epoch   177/  200] trn/loss 5.911e-03, trn/lr 3.369e-05, val/acc 9.479e-01, val/nll 1.739e-01
[2023-02-08 14:29:02] [Epoch   178/  200] trn/loss 5.755e-03, trn/lr 3.092e-05, val/acc 9.485e-01, val/nll 1.741e-01
[2023-02-08 14:29:10] [Epoch   179/  200] trn/loss 5.700e-03, trn/lr 2.826e-05, val/acc 9.476e-01, val/nll 1.758e-01
[2023-02-08 14:29:17] [Epoch   180/  200] trn/loss 5.582e-03, trn/lr 2.571e-05, val/acc 9.481e-01, val/nll 1.754e-01
[2023-02-08 14:29:24] [Epoch   181/  200] trn/loss 5.256e-03, trn/lr 2.329e-05, val/acc 9.480e-01, val/nll 1.738e-01
[2023-02-08 14:29:31] [Epoch   182/  200] trn/loss 5.313e-03, trn/lr 2.098e-05, val/acc 9.478e-01, val/nll 1.734e-01
[2023-02-08 14:29:39] [Epoch   183/  200] trn/loss 5.204e-03, trn/lr 1.878e-05, val/acc 9.477e-01, val/nll 1.714e-01
[2023-02-08 14:29:46] [Epoch   184/  200] trn/loss 5.298e-03, trn/lr 1.671e-05, val/acc 9.481e-01, val/nll 1.721e-01
[2023-02-08 14:29:53] [Epoch   185/  200] trn/loss 4.946e-03, trn/lr 1.476e-05, val/acc 9.475e-01, val/nll 1.715e-01
[2023-02-08 14:30:00] [Epoch   186/  200] trn/loss 4.990e-03, trn/lr 1.292e-05, val/acc 9.479e-01, val/nll 1.731e-01
[2023-02-08 14:30:09] [Epoch   187/  200] trn/loss 5.005e-03, trn/lr 1.121e-05, val/acc 9.488e-01, val/nll 1.707e-01 (best_acc: 9.486e-01 -> 9.488e-01, test_acc: 9.455e-01, test_nll: 1.809e-01)
[2023-02-08 14:30:16] [Epoch   188/  200] trn/loss 4.818e-03, trn/lr 9.617e-06, val/acc 9.476e-01, val/nll 1.725e-01
[2023-02-08 14:30:23] [Epoch   189/  200] trn/loss 4.796e-03, trn/lr 8.145e-06, val/acc 9.477e-01, val/nll 1.725e-01
[2023-02-08 14:30:31] [Epoch   190/  200] trn/loss 4.827e-03, trn/lr 6.794e-06, val/acc 9.486e-01, val/nll 1.733e-01
[2023-02-08 14:30:38] [Epoch   191/  200] trn/loss 4.747e-03, trn/lr 5.565e-06, val/acc 9.478e-01, val/nll 1.721e-01
[2023-02-08 14:30:45] [Epoch   192/  200] trn/loss 4.744e-03, trn/lr 4.458e-06, val/acc 9.482e-01, val/nll 1.735e-01
[2023-02-08 14:30:52] [Epoch   193/  200] trn/loss 4.689e-03, trn/lr 3.474e-06, val/acc 9.475e-01, val/nll 1.729e-01
[2023-02-08 14:31:00] [Epoch   194/  200] trn/loss 4.756e-03, trn/lr 2.612e-06, val/acc 9.480e-01, val/nll 1.718e-01
[2023-02-08 14:31:07] [Epoch   195/  200] trn/loss 4.600e-03, trn/lr 1.872e-06, val/acc 9.469e-01, val/nll 1.728e-01
[2023-02-08 14:31:14] [Epoch   196/  200] trn/loss 4.611e-03, trn/lr 1.255e-06, val/acc 9.478e-01, val/nll 1.726e-01
[2023-02-08 14:31:21] [Epoch   197/  200] trn/loss 4.618e-03, trn/lr 7.619e-07, val/acc 9.487e-01, val/nll 1.727e-01
[2023-02-08 14:31:29] [Epoch   198/  200] trn/loss 4.754e-03, trn/lr 3.916e-07, val/acc 9.479e-01, val/nll 1.721e-01
[2023-02-08 14:31:36] [Epoch   199/  200] trn/loss 4.612e-03, trn/lr 1.445e-07, val/acc 9.473e-01, val/nll 1.723e-01
[2023-02-08 14:31:43] [Epoch   200/  200] trn/loss 4.680e-03, trn/lr 2.075e-08, val/acc 9.469e-01, val/nll 1.723e-01
