[2023-02-03 02:22:19] Environments:
------------  --------------------------------------------------------------------------------
sys.platform  linux
Python        3.10.8 (main, Nov 24 2022, 14:13:03) [GCC 11.2.0]
JAX           0.4.1 @/mnt/home/giung/.conda/envs/jax-vessl/lib/python3.10/site-packages/jax
jaxlib        0.4.1 @/mnt/home/giung/.conda/envs/jax-vessl/lib/python3.10/site-packages/jaxlib
Flax          0.6.3 @/mnt/home/giung/.conda/envs/jax-vessl/lib/python3.10/site-packages/flax
Optax         0.1.4 @/mnt/home/giung/.conda/envs/jax-vessl/lib/python3.10/site-packages/optax
------------  --------------------------------------------------------------------------------

[2023-02-03 02:22:19] Command line arguments:
- args.data_root          : ./data/
- args.data_name          : CIFAR100_x32
- args.data_augmentation  : standard
- args.data_proportional  : 1.0
- args.model_depth        : 20
- args.model_width        : 2
- args.model_style        : BN-ReLU
- args.optim_bs           : 256
- args.optim_ne           : 200
- args.optim_lr           : 0.3
- args.optim_momentum     : 0.99
- args.optim_weight_decay : 0.003
- args.save               : /mnt/home/giung/giung2-dev/projects/residual-networks/save/CIFAR100_x32/R20x2-BN-ReLU/bs-0256_ne-0200_lr-0.30_mo-0.99_wd-0.0030_fp32/42
- args.seed               : 42
- args.precision          : fp32

[2023-02-03 02:22:49] [Epoch     1/  200] trn/loss 4.658e+00, trn/lr 3.000e-01, val/acc 1.361e-02, val/nll 4.687e+00 (best_acc: 0.000e+00 -> 1.361e-02, test_acc: 1.430e-02, test_nll: 4.683e+00)
[2023-02-03 02:22:56] [Epoch     2/  200] trn/loss 4.270e+00, trn/lr 3.000e-01, val/acc 1.958e-02, val/nll 4.656e+00 (best_acc: 1.361e-02 -> 1.958e-02, test_acc: 2.120e-02, test_nll: 4.660e+00)
[2023-02-03 02:23:03] [Epoch     3/  200] trn/loss 4.175e+00, trn/lr 2.999e-01, val/acc 3.230e-02, val/nll 5.138e+00 (best_acc: 1.958e-02 -> 3.230e-02, test_acc: 3.390e-02, test_nll: 5.111e+00)
[2023-02-03 02:23:09] [Epoch     4/  200] trn/loss 4.189e+00, trn/lr 2.998e-01, val/acc 3.208e-02, val/nll 4.437e+00
[2023-02-03 02:23:15] [Epoch     5/  200] trn/loss 4.186e+00, trn/lr 2.996e-01, val/acc 4.159e-02, val/nll 4.409e+00 (best_acc: 3.230e-02 -> 4.159e-02, test_acc: 3.660e-02, test_nll: 4.409e+00)
[2023-02-03 02:23:22] [Epoch     6/  200] trn/loss 4.195e+00, trn/lr 2.994e-01, val/acc 4.735e-02, val/nll 4.340e+00 (best_acc: 4.159e-02 -> 4.735e-02, test_acc: 3.970e-02, test_nll: 4.330e+00)
[2023-02-03 02:23:28] [Epoch     7/  200] trn/loss 4.166e+00, trn/lr 2.992e-01, val/acc 1.493e-02, val/nll 5.028e+00
[2023-02-03 02:23:34] [Epoch     8/  200] trn/loss 4.179e+00, trn/lr 2.990e-01, val/acc 4.281e-02, val/nll 4.553e+00
[2023-02-03 02:23:40] [Epoch     9/  200] trn/loss 4.195e+00, trn/lr 2.987e-01, val/acc 3.418e-02, val/nll 4.820e+00
[2023-02-03 02:23:47] [Epoch    10/  200] trn/loss 4.204e+00, trn/lr 2.983e-01, val/acc 4.027e-02, val/nll 4.616e+00
[2023-02-03 02:23:53] [Epoch    11/  200] trn/loss 4.193e+00, trn/lr 2.980e-01, val/acc 2.389e-02, val/nll 4.976e+00
[2023-02-03 02:23:59] [Epoch    12/  200] trn/loss 4.184e+00, trn/lr 2.976e-01, val/acc 2.334e-02, val/nll 6.030e+00
[2023-02-03 02:24:05] [Epoch    13/  200] trn/loss 4.183e+00, trn/lr 2.971e-01, val/acc 4.535e-02, val/nll 4.331e+00
[2023-02-03 02:24:11] [Epoch    14/  200] trn/loss 4.184e+00, trn/lr 2.966e-01, val/acc 2.279e-02, val/nll 5.852e+00
[2023-02-03 02:24:17] [Epoch    15/  200] trn/loss 4.173e+00, trn/lr 2.961e-01, val/acc 3.717e-02, val/nll 4.360e+00
[2023-02-03 02:24:23] [Epoch    16/  200] trn/loss 4.190e+00, trn/lr 2.956e-01, val/acc 2.777e-02, val/nll 5.098e+00
[2023-02-03 02:24:30] [Epoch    17/  200] trn/loss 4.188e+00, trn/lr 2.950e-01, val/acc 3.319e-02, val/nll 4.518e+00
[2023-02-03 02:24:36] [Epoch    18/  200] trn/loss 4.177e+00, trn/lr 2.944e-01, val/acc 1.571e-02, val/nll 5.216e+00
[2023-02-03 02:24:42] [Epoch    19/  200] trn/loss 4.190e+00, trn/lr 2.937e-01, val/acc 2.688e-02, val/nll 4.570e+00
[2023-02-03 02:24:48] [Epoch    20/  200] trn/loss 4.179e+00, trn/lr 2.930e-01, val/acc 3.717e-02, val/nll 4.400e+00
[2023-02-03 02:24:54] [Epoch    21/  200] trn/loss 4.180e+00, trn/lr 2.923e-01, val/acc 1.449e-02, val/nll 5.611e+00
[2023-02-03 02:25:00] [Epoch    22/  200] trn/loss 4.201e+00, trn/lr 2.915e-01, val/acc 1.084e-02, val/nll 8.692e+00
[2023-02-03 02:25:06] [Epoch    23/  200] trn/loss 4.195e+00, trn/lr 2.907e-01, val/acc 2.611e-02, val/nll 4.641e+00
[2023-02-03 02:25:13] [Epoch    24/  200] trn/loss 4.179e+00, trn/lr 2.899e-01, val/acc 4.956e-02, val/nll 4.302e+00 (best_acc: 4.735e-02 -> 4.956e-02, test_acc: 5.650e-02, test_nll: 4.293e+00)
[2023-02-03 02:25:19] [Epoch    25/  200] trn/loss 4.169e+00, trn/lr 2.890e-01, val/acc 3.529e-02, val/nll 4.716e+00
[2023-02-03 02:25:25] [Epoch    26/  200] trn/loss 4.166e+00, trn/lr 2.881e-01, val/acc 3.827e-02, val/nll 4.353e+00
[2023-02-03 02:25:31] [Epoch    27/  200] trn/loss 4.176e+00, trn/lr 2.872e-01, val/acc 3.020e-02, val/nll 4.712e+00
[2023-02-03 02:25:38] [Epoch    28/  200] trn/loss 4.181e+00, trn/lr 2.862e-01, val/acc 2.434e-02, val/nll 5.427e+00
[2023-02-03 02:25:44] [Epoch    29/  200] trn/loss 4.208e+00, trn/lr 2.852e-01, val/acc 4.104e-02, val/nll 4.456e+00
[2023-02-03 02:25:50] [Epoch    30/  200] trn/loss 4.179e+00, trn/lr 2.842e-01, val/acc 2.002e-02, val/nll 5.367e+00
[2023-02-03 02:25:56] [Epoch    31/  200] trn/loss 4.183e+00, trn/lr 2.831e-01, val/acc 3.230e-02, val/nll 5.041e+00
[2023-02-03 02:26:02] [Epoch    32/  200] trn/loss 4.191e+00, trn/lr 2.820e-01, val/acc 2.588e-02, val/nll 4.748e+00
[2023-02-03 02:26:08] [Epoch    33/  200] trn/loss 4.188e+00, trn/lr 2.809e-01, val/acc 2.412e-02, val/nll 4.948e+00
[2023-02-03 02:26:14] [Epoch    34/  200] trn/loss 4.176e+00, trn/lr 2.797e-01, val/acc 3.905e-02, val/nll 4.337e+00
[2023-02-03 02:26:21] [Epoch    35/  200] trn/loss 4.189e+00, trn/lr 2.785e-01, val/acc 2.544e-02, val/nll 5.258e+00
[2023-02-03 02:26:27] [Epoch    36/  200] trn/loss 4.189e+00, trn/lr 2.773e-01, val/acc 3.009e-02, val/nll 4.550e+00
[2023-02-03 02:26:33] [Epoch    37/  200] trn/loss 4.174e+00, trn/lr 2.760e-01, val/acc 3.142e-02, val/nll 4.652e+00
[2023-02-03 02:26:39] [Epoch    38/  200] trn/loss 4.172e+00, trn/lr 2.747e-01, val/acc 2.854e-02, val/nll 5.219e+00
[2023-02-03 02:26:45] [Epoch    39/  200] trn/loss 4.168e+00, trn/lr 2.734e-01, val/acc 3.086e-02, val/nll 4.663e+00
[2023-02-03 02:26:51] [Epoch    40/  200] trn/loss 4.187e+00, trn/lr 2.720e-01, val/acc 2.478e-02, val/nll 4.579e+00
[2023-02-03 02:26:57] [Epoch    41/  200] trn/loss 4.186e+00, trn/lr 2.707e-01, val/acc 2.931e-02, val/nll 4.508e+00
[2023-02-03 02:27:04] [Epoch    42/  200] trn/loss 4.161e+00, trn/lr 2.692e-01, val/acc 2.854e-02, val/nll 4.439e+00
[2023-02-03 02:27:10] [Epoch    43/  200] trn/loss 4.176e+00, trn/lr 2.678e-01, val/acc 3.772e-02, val/nll 4.750e+00
[2023-02-03 02:27:16] [Epoch    44/  200] trn/loss 4.177e+00, trn/lr 2.663e-01, val/acc 2.765e-02, val/nll 4.600e+00
[2023-02-03 02:27:22] [Epoch    45/  200] trn/loss 4.174e+00, trn/lr 2.648e-01, val/acc 3.639e-02, val/nll 4.433e+00
[2023-02-03 02:27:28] [Epoch    46/  200] trn/loss 4.177e+00, trn/lr 2.633e-01, val/acc 2.688e-02, val/nll 4.561e+00
[2023-02-03 02:27:34] [Epoch    47/  200] trn/loss 4.172e+00, trn/lr 2.617e-01, val/acc 3.473e-02, val/nll 4.364e+00
[2023-02-03 02:27:40] [Epoch    48/  200] trn/loss 4.204e+00, trn/lr 2.602e-01, val/acc 1.482e-02, val/nll 8.514e+00
[2023-02-03 02:27:46] [Epoch    49/  200] trn/loss 4.180e+00, trn/lr 2.585e-01, val/acc 2.367e-02, val/nll 4.477e+00
[2023-02-03 02:27:53] [Epoch    50/  200] trn/loss 4.171e+00, trn/lr 2.569e-01, val/acc 3.861e-02, val/nll 4.334e+00
[2023-02-03 02:27:59] [Epoch    51/  200] trn/loss 4.176e+00, trn/lr 2.552e-01, val/acc 3.296e-02, val/nll 4.860e+00
[2023-02-03 02:28:05] [Epoch    52/  200] trn/loss 4.172e+00, trn/lr 2.535e-01, val/acc 5.011e-02, val/nll 4.236e+00 (best_acc: 4.956e-02 -> 5.011e-02, test_acc: 4.920e-02, test_nll: 4.222e+00)
[2023-02-03 02:28:11] [Epoch    53/  200] trn/loss 4.163e+00, trn/lr 2.518e-01, val/acc 1.294e-02, val/nll 7.084e+00
[2023-02-03 02:28:18] [Epoch    54/  200] trn/loss 4.158e+00, trn/lr 2.501e-01, val/acc 1.626e-02, val/nll 6.575e+00
[2023-02-03 02:28:24] [Epoch    55/  200] trn/loss 4.162e+00, trn/lr 2.483e-01, val/acc 3.551e-02, val/nll 4.454e+00
[2023-02-03 02:28:30] [Epoch    56/  200] trn/loss 4.158e+00, trn/lr 2.465e-01, val/acc 3.097e-02, val/nll 4.533e+00
[2023-02-03 02:28:36] [Epoch    57/  200] trn/loss 4.151e+00, trn/lr 2.447e-01, val/acc 3.108e-02, val/nll 4.798e+00
[2023-02-03 02:28:42] [Epoch    58/  200] trn/loss 4.169e+00, trn/lr 2.429e-01, val/acc 3.639e-02, val/nll 5.688e+00
[2023-02-03 02:28:48] [Epoch    59/  200] trn/loss 4.169e+00, trn/lr 2.410e-01, val/acc 3.905e-02, val/nll 4.482e+00
[2023-02-03 02:28:55] [Epoch    60/  200] trn/loss 4.158e+00, trn/lr 2.391e-01, val/acc 4.602e-02, val/nll 4.427e+00
[2023-02-03 02:29:01] [Epoch    61/  200] trn/loss 4.157e+00, trn/lr 2.372e-01, val/acc 4.502e-02, val/nll 4.486e+00
[2023-02-03 02:29:07] [Epoch    62/  200] trn/loss 4.152e+00, trn/lr 2.353e-01, val/acc 4.126e-02, val/nll 4.409e+00
[2023-02-03 02:29:13] [Epoch    63/  200] trn/loss 4.160e+00, trn/lr 2.333e-01, val/acc 3.230e-02, val/nll 6.210e+00
[2023-02-03 02:29:19] [Epoch    64/  200] trn/loss 4.156e+00, trn/lr 2.314e-01, val/acc 4.336e-02, val/nll 4.505e+00
[2023-02-03 02:29:25] [Epoch    65/  200] trn/loss 4.164e+00, trn/lr 2.294e-01, val/acc 2.035e-02, val/nll 4.731e+00
[2023-02-03 02:29:31] [Epoch    66/  200] trn/loss 4.165e+00, trn/lr 2.274e-01, val/acc 1.670e-02, val/nll 9.268e+00
[2023-02-03 02:29:38] [Epoch    67/  200] trn/loss 4.150e+00, trn/lr 2.253e-01, val/acc 5.277e-02, val/nll 4.379e+00 (best_acc: 5.011e-02 -> 5.277e-02, test_acc: 5.430e-02, test_nll: 4.367e+00)
[2023-02-03 02:29:44] [Epoch    68/  200] trn/loss 4.159e+00, trn/lr 2.233e-01, val/acc 3.750e-02, val/nll 4.344e+00
[2023-02-03 02:29:50] [Epoch    69/  200] trn/loss 4.178e+00, trn/lr 2.212e-01, val/acc 2.378e-02, val/nll 4.489e+00
[2023-02-03 02:29:56] [Epoch    70/  200] trn/loss 4.159e+00, trn/lr 2.192e-01, val/acc 4.779e-02, val/nll 4.339e+00
[2023-02-03 02:30:02] [Epoch    71/  200] trn/loss 4.156e+00, trn/lr 2.171e-01, val/acc 1.173e-02, val/nll 5.806e+00
[2023-02-03 02:30:09] [Epoch    72/  200] trn/loss 4.172e+00, trn/lr 2.149e-01, val/acc 2.987e-02, val/nll 4.632e+00
[2023-02-03 02:30:15] [Epoch    73/  200] trn/loss 4.169e+00, trn/lr 2.128e-01, val/acc 3.485e-02, val/nll 4.461e+00
[2023-02-03 02:30:21] [Epoch    74/  200] trn/loss 4.159e+00, trn/lr 2.107e-01, val/acc 4.900e-02, val/nll 4.357e+00
[2023-02-03 02:30:27] [Epoch    75/  200] trn/loss 4.158e+00, trn/lr 2.085e-01, val/acc 3.872e-02, val/nll 4.635e+00
[2023-02-03 02:30:33] [Epoch    76/  200] trn/loss 4.167e+00, trn/lr 2.063e-01, val/acc 2.412e-02, val/nll 4.923e+00
[2023-02-03 02:30:39] [Epoch    77/  200] trn/loss 4.172e+00, trn/lr 2.041e-01, val/acc 3.850e-02, val/nll 4.465e+00
[2023-02-03 02:30:45] [Epoch    78/  200] trn/loss 4.156e+00, trn/lr 2.019e-01, val/acc 1.958e-02, val/nll 4.641e+00
[2023-02-03 02:30:51] [Epoch    79/  200] trn/loss 4.163e+00, trn/lr 1.997e-01, val/acc 3.927e-02, val/nll 4.381e+00
[2023-02-03 02:30:58] [Epoch    80/  200] trn/loss 4.143e+00, trn/lr 1.975e-01, val/acc 3.595e-02, val/nll 5.309e+00
[2023-02-03 02:31:04] [Epoch    81/  200] trn/loss 4.146e+00, trn/lr 1.952e-01, val/acc 2.799e-02, val/nll 4.856e+00
[2023-02-03 02:31:10] [Epoch    82/  200] trn/loss 4.137e+00, trn/lr 1.930e-01, val/acc 2.942e-02, val/nll 4.742e+00
[2023-02-03 02:31:16] [Epoch    83/  200] trn/loss 4.156e+00, trn/lr 1.907e-01, val/acc 3.639e-02, val/nll 4.465e+00
[2023-02-03 02:31:22] [Epoch    84/  200] trn/loss 4.141e+00, trn/lr 1.885e-01, val/acc 3.285e-02, val/nll 4.451e+00
[2023-02-03 02:31:28] [Epoch    85/  200] trn/loss 4.130e+00, trn/lr 1.862e-01, val/acc 3.595e-02, val/nll 4.554e+00
[2023-02-03 02:31:34] [Epoch    86/  200] trn/loss 4.126e+00, trn/lr 1.839e-01, val/acc 3.363e-02, val/nll 4.942e+00
[2023-02-03 02:31:41] [Epoch    87/  200] trn/loss 4.135e+00, trn/lr 1.816e-01, val/acc 4.591e-02, val/nll 4.426e+00
[2023-02-03 02:31:47] [Epoch    88/  200] trn/loss 4.133e+00, trn/lr 1.793e-01, val/acc 4.126e-02, val/nll 4.308e+00
[2023-02-03 02:31:53] [Epoch    89/  200] trn/loss 4.129e+00, trn/lr 1.770e-01, val/acc 2.754e-02, val/nll 4.546e+00
[2023-02-03 02:31:59] [Epoch    90/  200] trn/loss 4.131e+00, trn/lr 1.746e-01, val/acc 5.387e-02, val/nll 4.360e+00 (best_acc: 5.277e-02 -> 5.387e-02, test_acc: 4.930e-02, test_nll: 4.352e+00)
[2023-02-03 02:32:05] [Epoch    91/  200] trn/loss 4.138e+00, trn/lr 1.723e-01, val/acc 4.071e-02, val/nll 4.420e+00
[2023-02-03 02:32:12] [Epoch    92/  200] trn/loss 4.134e+00, trn/lr 1.700e-01, val/acc 3.861e-02, val/nll 4.394e+00
[2023-02-03 02:32:18] [Epoch    93/  200] trn/loss 4.133e+00, trn/lr 1.676e-01, val/acc 4.259e-02, val/nll 4.254e+00
[2023-02-03 02:32:24] [Epoch    94/  200] trn/loss 4.134e+00, trn/lr 1.653e-01, val/acc 3.396e-02, val/nll 5.014e+00
[2023-02-03 02:32:30] [Epoch    95/  200] trn/loss 4.142e+00, trn/lr 1.630e-01, val/acc 3.949e-02, val/nll 4.400e+00
[2023-02-03 02:32:36] [Epoch    96/  200] trn/loss 4.126e+00, trn/lr 1.606e-01, val/acc 5.077e-02, val/nll 4.253e+00
[2023-02-03 02:32:42] [Epoch    97/  200] trn/loss 4.125e+00, trn/lr 1.582e-01, val/acc 3.706e-02, val/nll 4.511e+00
[2023-02-03 02:32:48] [Epoch    98/  200] trn/loss 4.135e+00, trn/lr 1.559e-01, val/acc 3.551e-02, val/nll 4.586e+00
[2023-02-03 02:32:55] [Epoch    99/  200] trn/loss 4.135e+00, trn/lr 1.535e-01, val/acc 3.385e-02, val/nll 4.369e+00
[2023-02-03 02:33:01] [Epoch   100/  200] trn/loss 4.114e+00, trn/lr 1.512e-01, val/acc 3.861e-02, val/nll 4.389e+00
[2023-02-03 02:33:07] [Epoch   101/  200] trn/loss 4.108e+00, trn/lr 1.488e-01, val/acc 5.454e-02, val/nll 4.235e+00 (best_acc: 5.387e-02 -> 5.454e-02, test_acc: 5.520e-02, test_nll: 4.223e+00)
[2023-02-03 02:33:13] [Epoch   102/  200] trn/loss 4.116e+00, trn/lr 1.465e-01, val/acc 4.049e-02, val/nll 4.411e+00
[2023-02-03 02:33:20] [Epoch   103/  200] trn/loss 4.135e+00, trn/lr 1.441e-01, val/acc 5.454e-02, val/nll 4.208e+00
[2023-02-03 02:33:26] [Epoch   104/  200] trn/loss 4.107e+00, trn/lr 1.418e-01, val/acc 4.049e-02, val/nll 4.303e+00
[2023-02-03 02:33:32] [Epoch   105/  200] trn/loss 4.120e+00, trn/lr 1.394e-01, val/acc 4.403e-02, val/nll 4.704e+00
[2023-02-03 02:33:38] [Epoch   106/  200] trn/loss 4.104e+00, trn/lr 1.371e-01, val/acc 3.263e-02, val/nll 4.582e+00
[2023-02-03 02:33:44] [Epoch   107/  200] trn/loss 4.097e+00, trn/lr 1.347e-01, val/acc 4.945e-02, val/nll 4.227e+00
[2023-02-03 02:33:50] [Epoch   108/  200] trn/loss 4.106e+00, trn/lr 1.324e-01, val/acc 4.679e-02, val/nll 4.497e+00
[2023-02-03 02:33:56] [Epoch   109/  200] trn/loss 4.112e+00, trn/lr 1.300e-01, val/acc 3.805e-02, val/nll 4.430e+00
[2023-02-03 02:34:02] [Epoch   110/  200] trn/loss 4.123e+00, trn/lr 1.277e-01, val/acc 3.739e-02, val/nll 4.724e+00
[2023-02-03 02:34:08] [Epoch   111/  200] trn/loss 4.112e+00, trn/lr 1.254e-01, val/acc 5.022e-02, val/nll 4.195e+00
[2023-02-03 02:34:15] [Epoch   112/  200] trn/loss 4.089e+00, trn/lr 1.231e-01, val/acc 5.199e-02, val/nll 4.378e+00
[2023-02-03 02:34:21] [Epoch   113/  200] trn/loss 4.112e+00, trn/lr 1.207e-01, val/acc 4.314e-02, val/nll 4.311e+00
[2023-02-03 02:34:27] [Epoch   114/  200] trn/loss 4.114e+00, trn/lr 1.184e-01, val/acc 4.336e-02, val/nll 4.512e+00
[2023-02-03 02:34:33] [Epoch   115/  200] trn/loss 4.090e+00, trn/lr 1.161e-01, val/acc 3.396e-02, val/nll 5.023e+00
[2023-02-03 02:34:39] [Epoch   116/  200] trn/loss 4.092e+00, trn/lr 1.138e-01, val/acc 3.761e-02, val/nll 4.474e+00
[2023-02-03 02:34:45] [Epoch   117/  200] trn/loss 4.095e+00, trn/lr 1.116e-01, val/acc 3.451e-02, val/nll 4.395e+00
[2023-02-03 02:34:52] [Epoch   118/  200] trn/loss 4.079e+00, trn/lr 1.093e-01, val/acc 5.575e-02, val/nll 4.252e+00 (best_acc: 5.454e-02 -> 5.575e-02, test_acc: 5.590e-02, test_nll: 4.236e+00)
[2023-02-03 02:34:58] [Epoch   119/  200] trn/loss 4.076e+00, trn/lr 1.070e-01, val/acc 5.254e-02, val/nll 4.207e+00
[2023-02-03 02:35:04] [Epoch   120/  200] trn/loss 4.093e+00, trn/lr 1.048e-01, val/acc 4.148e-02, val/nll 4.375e+00
[2023-02-03 02:35:10] [Epoch   121/  200] trn/loss 4.083e+00, trn/lr 1.025e-01, val/acc 2.920e-02, val/nll 5.811e+00
[2023-02-03 02:35:16] [Epoch   122/  200] trn/loss 4.096e+00, trn/lr 1.003e-01, val/acc 5.487e-02, val/nll 4.230e+00
[2023-02-03 02:35:22] [Epoch   123/  200] trn/loss 4.096e+00, trn/lr 9.809e-02, val/acc 5.498e-02, val/nll 4.224e+00
[2023-02-03 02:35:28] [Epoch   124/  200] trn/loss 4.078e+00, trn/lr 9.589e-02, val/acc 5.243e-02, val/nll 4.155e+00
[2023-02-03 02:35:34] [Epoch   125/  200] trn/loss 4.060e+00, trn/lr 9.370e-02, val/acc 5.011e-02, val/nll 4.201e+00
[2023-02-03 02:35:41] [Epoch   126/  200] trn/loss 4.072e+00, trn/lr 9.152e-02, val/acc 5.564e-02, val/nll 4.157e+00
[2023-02-03 02:35:47] [Epoch   127/  200] trn/loss 4.069e+00, trn/lr 8.936e-02, val/acc 4.159e-02, val/nll 4.290e+00
[2023-02-03 02:35:53] [Epoch   128/  200] trn/loss 4.061e+00, trn/lr 8.721e-02, val/acc 5.254e-02, val/nll 4.248e+00
[2023-02-03 02:35:59] [Epoch   129/  200] trn/loss 4.062e+00, trn/lr 8.508e-02, val/acc 4.060e-02, val/nll 4.465e+00
[2023-02-03 02:36:05] [Epoch   130/  200] trn/loss 4.060e+00, trn/lr 8.296e-02, val/acc 5.487e-02, val/nll 4.205e+00
[2023-02-03 02:36:11] [Epoch   131/  200] trn/loss 4.037e+00, trn/lr 8.086e-02, val/acc 5.088e-02, val/nll 4.307e+00
[2023-02-03 02:36:18] [Epoch   132/  200] trn/loss 4.044e+00, trn/lr 7.878e-02, val/acc 6.681e-02, val/nll 4.149e+00 (best_acc: 5.575e-02 -> 6.681e-02, test_acc: 6.770e-02, test_nll: 4.142e+00)
[2023-02-03 02:36:24] [Epoch   133/  200] trn/loss 4.008e+00, trn/lr 7.671e-02, val/acc 5.653e-02, val/nll 4.298e+00
[2023-02-03 02:36:30] [Epoch   134/  200] trn/loss 4.027e+00, trn/lr 7.467e-02, val/acc 6.062e-02, val/nll 4.127e+00
[2023-02-03 02:36:36] [Epoch   135/  200] trn/loss 4.024e+00, trn/lr 7.264e-02, val/acc 6.206e-02, val/nll 4.059e+00
[2023-02-03 02:36:42] [Epoch   136/  200] trn/loss 4.042e+00, trn/lr 7.063e-02, val/acc 5.896e-02, val/nll 4.147e+00
[2023-02-03 02:36:48] [Epoch   137/  200] trn/loss 4.017e+00, trn/lr 6.864e-02, val/acc 5.940e-02, val/nll 4.159e+00
[2023-02-03 02:36:54] [Epoch   138/  200] trn/loss 3.998e+00, trn/lr 6.667e-02, val/acc 5.564e-02, val/nll 4.199e+00
[2023-02-03 02:37:01] [Epoch   139/  200] trn/loss 3.992e+00, trn/lr 6.472e-02, val/acc 6.582e-02, val/nll 4.064e+00
[2023-02-03 02:37:07] [Epoch   140/  200] trn/loss 3.984e+00, trn/lr 6.279e-02, val/acc 4.845e-02, val/nll 4.359e+00
[2023-02-03 02:37:13] [Epoch   141/  200] trn/loss 3.961e+00, trn/lr 6.089e-02, val/acc 5.962e-02, val/nll 4.187e+00
[2023-02-03 02:37:19] [Epoch   142/  200] trn/loss 3.963e+00, trn/lr 5.900e-02, val/acc 5.299e-02, val/nll 4.378e+00
[2023-02-03 02:37:25] [Epoch   143/  200] trn/loss 3.957e+00, trn/lr 5.714e-02, val/acc 5.033e-02, val/nll 4.383e+00
[2023-02-03 02:37:31] [Epoch   144/  200] trn/loss 3.938e+00, trn/lr 5.530e-02, val/acc 6.670e-02, val/nll 4.106e+00
[2023-02-03 02:37:37] [Epoch   145/  200] trn/loss 3.916e+00, trn/lr 5.349e-02, val/acc 4.591e-02, val/nll 4.308e+00
[2023-02-03 02:37:44] [Epoch   146/  200] trn/loss 3.903e+00, trn/lr 5.170e-02, val/acc 7.478e-02, val/nll 4.234e+00 (best_acc: 6.681e-02 -> 7.478e-02, test_acc: 7.590e-02, test_nll: 4.198e+00)
[2023-02-03 02:37:50] [Epoch   147/  200] trn/loss 3.902e+00, trn/lr 4.993e-02, val/acc 6.195e-02, val/nll 4.204e+00
[2023-02-03 02:37:56] [Epoch   148/  200] trn/loss 3.887e+00, trn/lr 4.819e-02, val/acc 6.836e-02, val/nll 4.017e+00
[2023-02-03 02:38:02] [Epoch   149/  200] trn/loss 3.850e+00, trn/lr 4.647e-02, val/acc 6.593e-02, val/nll 4.141e+00
[2023-02-03 02:38:09] [Epoch   150/  200] trn/loss 3.862e+00, trn/lr 4.478e-02, val/acc 7.876e-02, val/nll 3.968e+00 (best_acc: 7.478e-02 -> 7.876e-02, test_acc: 7.840e-02, test_nll: 3.954e+00)
[2023-02-03 02:38:15] [Epoch   151/  200] trn/loss 3.842e+00, trn/lr 4.311e-02, val/acc 7.777e-02, val/nll 4.020e+00
[2023-02-03 02:38:21] [Epoch   152/  200] trn/loss 3.818e+00, trn/lr 4.147e-02, val/acc 8.252e-02, val/nll 4.106e+00 (best_acc: 7.876e-02 -> 8.252e-02, test_acc: 8.610e-02, test_nll: 4.079e+00)
[2023-02-03 02:38:27] [Epoch   153/  200] trn/loss 3.810e+00, trn/lr 3.986e-02, val/acc 5.863e-02, val/nll 4.188e+00
[2023-02-03 02:38:33] [Epoch   154/  200] trn/loss 3.817e+00, trn/lr 3.827e-02, val/acc 6.925e-02, val/nll 4.165e+00
[2023-02-03 02:38:40] [Epoch   155/  200] trn/loss 3.816e+00, trn/lr 3.671e-02, val/acc 6.881e-02, val/nll 4.126e+00
[2023-02-03 02:38:46] [Epoch   156/  200] trn/loss 3.779e+00, trn/lr 3.518e-02, val/acc 7.854e-02, val/nll 4.040e+00
[2023-02-03 02:38:52] [Epoch   157/  200] trn/loss 3.783e+00, trn/lr 3.368e-02, val/acc 8.529e-02, val/nll 4.036e+00 (best_acc: 8.252e-02 -> 8.529e-02, test_acc: 9.090e-02, test_nll: 4.009e+00)
[2023-02-03 02:38:58] [Epoch   158/  200] trn/loss 3.754e+00, trn/lr 3.221e-02, val/acc 7.279e-02, val/nll 4.070e+00
[2023-02-03 02:39:04] [Epoch   159/  200] trn/loss 3.727e+00, trn/lr 3.076e-02, val/acc 8.341e-02, val/nll 3.936e+00
[2023-02-03 02:39:11] [Epoch   160/  200] trn/loss 3.723e+00, trn/lr 2.935e-02, val/acc 5.774e-02, val/nll 4.583e+00
[2023-02-03 02:39:17] [Epoch   161/  200] trn/loss 3.709e+00, trn/lr 2.796e-02, val/acc 8.451e-02, val/nll 3.981e+00
[2023-02-03 02:39:23] [Epoch   162/  200] trn/loss 3.677e+00, trn/lr 2.661e-02, val/acc 8.496e-02, val/nll 3.952e+00
[2023-02-03 02:39:29] [Epoch   163/  200] trn/loss 3.648e+00, trn/lr 2.528e-02, val/acc 9.934e-02, val/nll 3.880e+00 (best_acc: 8.529e-02 -> 9.934e-02, test_acc: 1.067e-01, test_nll: 3.871e+00)
[2023-02-03 02:39:35] [Epoch   164/  200] trn/loss 3.657e+00, trn/lr 2.399e-02, val/acc 8.296e-02, val/nll 3.899e+00
[2023-02-03 02:39:42] [Epoch   165/  200] trn/loss 3.635e+00, trn/lr 2.273e-02, val/acc 1.019e-01, val/nll 3.811e+00 (best_acc: 9.934e-02 -> 1.019e-01, test_acc: 1.075e-01, test_nll: 3.778e+00)
[2023-02-03 02:39:48] [Epoch   166/  200] trn/loss 3.603e+00, trn/lr 2.150e-02, val/acc 8.418e-02, val/nll 4.061e+00
[2023-02-03 02:39:54] [Epoch   167/  200] trn/loss 3.623e+00, trn/lr 2.030e-02, val/acc 9.204e-02, val/nll 3.910e+00
[2023-02-03 02:40:01] [Epoch   168/  200] trn/loss 3.590e+00, trn/lr 1.913e-02, val/acc 1.092e-01, val/nll 3.809e+00 (best_acc: 1.019e-01 -> 1.092e-01, test_acc: 1.127e-01, test_nll: 3.798e+00)
[2023-02-03 02:40:07] [Epoch   169/  200] trn/loss 3.561e+00, trn/lr 1.800e-02, val/acc 1.143e-01, val/nll 3.704e+00 (best_acc: 1.092e-01 -> 1.143e-01, test_acc: 1.213e-01, test_nll: 3.682e+00)
[2023-02-03 02:40:14] [Epoch   170/  200] trn/loss 3.539e+00, trn/lr 1.689e-02, val/acc 1.375e-01, val/nll 3.587e+00 (best_acc: 1.143e-01 -> 1.375e-01, test_acc: 1.386e-01, test_nll: 3.587e+00)
[2023-02-03 02:40:20] [Epoch   171/  200] trn/loss 3.498e+00, trn/lr 1.582e-02, val/acc 1.264e-01, val/nll 3.614e+00
[2023-02-03 02:40:26] [Epoch   172/  200] trn/loss 3.472e+00, trn/lr 1.479e-02, val/acc 1.242e-01, val/nll 3.905e+00
[2023-02-03 02:40:32] [Epoch   173/  200] trn/loss 3.476e+00, trn/lr 1.378e-02, val/acc 1.019e-01, val/nll 3.868e+00
[2023-02-03 02:40:38] [Epoch   174/  200] trn/loss 3.450e+00, trn/lr 1.281e-02, val/acc 1.442e-01, val/nll 3.570e+00 (best_acc: 1.375e-01 -> 1.442e-01, test_acc: 1.444e-01, test_nll: 3.555e+00)
[2023-02-03 02:40:45] [Epoch   175/  200] trn/loss 3.398e+00, trn/lr 1.188e-02, val/acc 1.061e-01, val/nll 4.263e+00
[2023-02-03 02:40:51] [Epoch   176/  200] trn/loss 3.369e+00, trn/lr 1.098e-02, val/acc 1.408e-01, val/nll 3.559e+00
[2023-02-03 02:40:57] [Epoch   177/  200] trn/loss 3.354e+00, trn/lr 1.011e-02, val/acc 1.480e-01, val/nll 3.526e+00 (best_acc: 1.442e-01 -> 1.480e-01, test_acc: 1.508e-01, test_nll: 3.511e+00)
[2023-02-03 02:41:04] [Epoch   178/  200] trn/loss 3.326e+00, trn/lr 9.275e-03, val/acc 1.629e-01, val/nll 3.471e+00 (best_acc: 1.480e-01 -> 1.629e-01, test_acc: 1.578e-01, test_nll: 3.428e+00)
[2023-02-03 02:41:10] [Epoch   179/  200] trn/loss 3.283e+00, trn/lr 8.477e-03, val/acc 1.367e-01, val/nll 3.652e+00
[2023-02-03 02:41:16] [Epoch   180/  200] trn/loss 3.259e+00, trn/lr 7.714e-03, val/acc 1.767e-01, val/nll 3.384e+00 (best_acc: 1.629e-01 -> 1.767e-01, test_acc: 1.726e-01, test_nll: 3.367e+00)
[2023-02-03 02:41:22] [Epoch   181/  200] trn/loss 3.244e+00, trn/lr 6.986e-03, val/acc 1.304e-01, val/nll 3.729e+00
[2023-02-03 02:41:29] [Epoch   182/  200] trn/loss 3.205e+00, trn/lr 6.293e-03, val/acc 2.006e-01, val/nll 3.198e+00 (best_acc: 1.767e-01 -> 2.006e-01, test_acc: 1.978e-01, test_nll: 3.188e+00)
[2023-02-03 02:41:35] [Epoch   183/  200] trn/loss 3.187e+00, trn/lr 5.635e-03, val/acc 2.006e-01, val/nll 3.233e+00
[2023-02-03 02:41:42] [Epoch   184/  200] trn/loss 3.145e+00, trn/lr 5.013e-03, val/acc 2.013e-01, val/nll 3.184e+00 (best_acc: 2.006e-01 -> 2.013e-01, test_acc: 2.007e-01, test_nll: 3.170e+00)
[2023-02-03 02:41:48] [Epoch   185/  200] trn/loss 3.117e+00, trn/lr 4.427e-03, val/acc 2.119e-01, val/nll 3.140e+00 (best_acc: 2.013e-01 -> 2.119e-01, test_acc: 2.154e-01, test_nll: 3.123e+00)
[2023-02-03 02:41:54] [Epoch   186/  200] trn/loss 3.091e+00, trn/lr 3.877e-03, val/acc 1.921e-01, val/nll 3.229e+00
[2023-02-03 02:42:00] [Epoch   187/  200] trn/loss 3.061e+00, trn/lr 3.363e-03, val/acc 2.048e-01, val/nll 3.205e+00
[2023-02-03 02:42:07] [Epoch   188/  200] trn/loss 3.036e+00, trn/lr 2.885e-03, val/acc 2.202e-01, val/nll 3.076e+00 (best_acc: 2.119e-01 -> 2.202e-01, test_acc: 2.239e-01, test_nll: 3.056e+00)
[2023-02-03 02:42:13] [Epoch   189/  200] trn/loss 2.995e+00, trn/lr 2.444e-03, val/acc 2.274e-01, val/nll 3.051e+00 (best_acc: 2.202e-01 -> 2.274e-01, test_acc: 2.365e-01, test_nll: 3.018e+00)
[2023-02-03 02:42:19] [Epoch   190/  200] trn/loss 2.967e+00, trn/lr 2.038e-03, val/acc 2.256e-01, val/nll 3.054e+00
[2023-02-03 02:42:26] [Epoch   191/  200] trn/loss 2.925e+00, trn/lr 1.670e-03, val/acc 2.444e-01, val/nll 2.965e+00 (best_acc: 2.274e-01 -> 2.444e-01, test_acc: 2.502e-01, test_nll: 2.934e+00)
[2023-02-03 02:42:32] [Epoch   192/  200] trn/loss 2.900e+00, trn/lr 1.338e-03, val/acc 2.326e-01, val/nll 3.039e+00
[2023-02-03 02:42:39] [Epoch   193/  200] trn/loss 2.867e+00, trn/lr 1.042e-03, val/acc 2.548e-01, val/nll 2.928e+00 (best_acc: 2.444e-01 -> 2.548e-01, test_acc: 2.586e-01, test_nll: 2.901e+00)
[2023-02-03 02:42:45] [Epoch   194/  200] trn/loss 2.827e+00, trn/lr 7.835e-04, val/acc 2.570e-01, val/nll 2.876e+00 (best_acc: 2.548e-01 -> 2.570e-01, test_acc: 2.636e-01, test_nll: 2.846e+00)
[2023-02-03 02:42:52] [Epoch   195/  200] trn/loss 2.790e+00, trn/lr 5.616e-04, val/acc 2.781e-01, val/nll 2.809e+00 (best_acc: 2.570e-01 -> 2.781e-01, test_acc: 2.803e-01, test_nll: 2.780e+00)
[2023-02-03 02:42:58] [Epoch   196/  200] trn/loss 2.764e+00, trn/lr 3.766e-04, val/acc 2.801e-01, val/nll 2.801e+00 (best_acc: 2.781e-01 -> 2.801e-01, test_acc: 2.867e-01, test_nll: 2.766e+00)
[2023-02-03 02:43:05] [Epoch   197/  200] trn/loss 2.736e+00, trn/lr 2.286e-04, val/acc 2.893e-01, val/nll 2.754e+00 (best_acc: 2.801e-01 -> 2.893e-01, test_acc: 2.917e-01, test_nll: 2.724e+00)
[2023-02-03 02:43:11] [Epoch   198/  200] trn/loss 2.717e+00, trn/lr 1.175e-04, val/acc 2.945e-01, val/nll 2.729e+00 (best_acc: 2.893e-01 -> 2.945e-01, test_acc: 2.944e-01, test_nll: 2.704e+00)
[2023-02-03 02:43:18] [Epoch   199/  200] trn/loss 2.709e+00, trn/lr 4.335e-05, val/acc 2.958e-01, val/nll 2.730e+00 (best_acc: 2.945e-01 -> 2.958e-01, test_acc: 2.935e-01, test_nll: 2.701e+00)
[2023-02-03 02:43:24] [Epoch   200/  200] trn/loss 2.700e+00, trn/lr 6.226e-06, val/acc 2.973e-01, val/nll 2.725e+00 (best_acc: 2.958e-01 -> 2.973e-01, test_acc: 2.968e-01, test_nll: 2.698e+00)
