[2023-02-14 02:58:10] Environments:
------------  ------------------------------------------------------------
sys.platform  linux
Python        3.8.10 (default, Nov 14 2022, 12:59:47) [GCC 9.4.0]
JAX           0.4.2 @/home/giung/.local/lib/python3.8/site-packages/jax
jaxlib        0.4.2 @/home/giung/.local/lib/python3.8/site-packages/jaxlib
Flax          0.6.4 @/home/giung/.local/lib/python3.8/site-packages/flax
Optax         0.1.4 @/home/giung/.local/lib/python3.8/site-packages/optax
------------  ------------------------------------------------------------

[2023-02-14 02:58:10] Command line arguments:
- args.data_root          : ./data/
- args.data_name          : CIFAR100_x32
- args.data_augmentation  : standard
- args.data_proportional  : 1.0
- args.model_depth        : 20
- args.model_width        : 4
- args.model_style        : BN-ReLU
- args.optim_bs           : 256
- args.optim_ne           : 200
- args.optim_lr           : 0.01
- args.optim_momentum     : 0.99
- args.optim_weight_decay : 0.0003
- args.rho                : 0.1
- args.save               : /home/giung/giung2-dev/projects/sam/save/CIFAR100_x32/R20x4-BN-ReLU/SAM/bs-0256_ne-0200_lr-0.01_mo-0.99_wd-0.0003_rho-0.1000_fp32/42
- args.seed               : 42
- args.precision          : fp32

[2023-02-14 02:58:16] Multiple local devices are detected:
[TpuDevice(id=0, process_index=0, coords=(0,0,0), core_on_chip=0), TpuDevice(id=1, process_index=0, coords=(0,0,0), core_on_chip=1), TpuDevice(id=2, process_index=0, coords=(1,0,0), core_on_chip=0), TpuDevice(id=3, process_index=0, coords=(1,0,0), core_on_chip=1), TpuDevice(id=4, process_index=0, coords=(0,1,0), core_on_chip=0), TpuDevice(id=5, process_index=0, coords=(0,1,0), core_on_chip=1), TpuDevice(id=6, process_index=0, coords=(1,1,0), core_on_chip=0), TpuDevice(id=7, process_index=0, coords=(1,1,0), core_on_chip=1)]

[2023-02-14 02:59:16] [Epoch     1/  200] trn/loss 4.348e+00, trn/lr 1.000e-02, val/acc 8.053e-02, val/nll 4.084e+00 (best_acc: 0.000e+00 -> 8.053e-02, test_acc: 8.730e-02, test_nll: 4.065e+00)
[2023-02-14 02:59:24] [Epoch     2/  200] trn/loss 3.861e+00, trn/lr 9.999e-03, val/acc 1.189e-01, val/nll 3.735e+00 (best_acc: 8.053e-02 -> 1.189e-01, test_acc: 1.220e-01, test_nll: 3.724e+00)
[2023-02-14 02:59:32] [Epoch     3/  200] trn/loss 3.668e+00, trn/lr 9.996e-03, val/acc 1.450e-01, val/nll 3.560e+00 (best_acc: 1.189e-01 -> 1.450e-01, test_acc: 1.474e-01, test_nll: 3.542e+00)
[2023-02-14 02:59:40] [Epoch     4/  200] trn/loss 3.495e+00, trn/lr 9.992e-03, val/acc 1.719e-01, val/nll 3.469e+00 (best_acc: 1.450e-01 -> 1.719e-01, test_acc: 1.682e-01, test_nll: 3.438e+00)
[2023-02-14 02:59:48] [Epoch     5/  200] trn/loss 3.298e+00, trn/lr 9.987e-03, val/acc 2.179e-01, val/nll 3.159e+00 (best_acc: 1.719e-01 -> 2.179e-01, test_acc: 2.217e-01, test_nll: 3.133e+00)
[2023-02-14 02:59:56] [Epoch     6/  200] trn/loss 3.055e+00, trn/lr 9.981e-03, val/acc 2.562e-01, val/nll 2.968e+00 (best_acc: 2.179e-01 -> 2.562e-01, test_acc: 2.623e-01, test_nll: 2.934e+00)
[2023-02-14 03:00:04] [Epoch     7/  200] trn/loss 2.822e+00, trn/lr 9.974e-03, val/acc 2.855e-01, val/nll 2.880e+00 (best_acc: 2.562e-01 -> 2.855e-01, test_acc: 2.866e-01, test_nll: 2.835e+00)
[2023-02-14 03:00:12] [Epoch     8/  200] trn/loss 2.626e+00, trn/lr 9.965e-03, val/acc 3.072e-01, val/nll 2.780e+00 (best_acc: 2.855e-01 -> 3.072e-01, test_acc: 3.159e-01, test_nll: 2.719e+00)
[2023-02-14 03:00:20] [Epoch     9/  200] trn/loss 2.445e+00, trn/lr 9.955e-03, val/acc 3.545e-01, val/nll 2.453e+00 (best_acc: 3.072e-01 -> 3.545e-01, test_acc: 3.695e-01, test_nll: 2.416e+00)
[2023-02-14 03:00:28] [Epoch    10/  200] trn/loss 2.270e+00, trn/lr 9.944e-03, val/acc 4.107e-01, val/nll 2.207e+00 (best_acc: 3.545e-01 -> 4.107e-01, test_acc: 4.238e-01, test_nll: 2.164e+00)
[2023-02-14 03:00:36] [Epoch    11/  200] trn/loss 2.107e+00, trn/lr 9.932e-03, val/acc 4.169e-01, val/nll 2.186e+00 (best_acc: 4.107e-01 -> 4.169e-01, test_acc: 4.325e-01, test_nll: 2.163e+00)
[2023-02-14 03:00:44] [Epoch    12/  200] trn/loss 1.958e+00, trn/lr 9.919e-03, val/acc 4.502e-01, val/nll 2.026e+00 (best_acc: 4.169e-01 -> 4.502e-01, test_acc: 4.625e-01, test_nll: 2.003e+00)
[2023-02-14 03:00:52] [Epoch    13/  200] trn/loss 1.838e+00, trn/lr 9.904e-03, val/acc 4.829e-01, val/nll 1.909e+00 (best_acc: 4.502e-01 -> 4.829e-01, test_acc: 4.860e-01, test_nll: 1.888e+00)
[2023-02-14 03:01:00] [Epoch    14/  200] trn/loss 1.733e+00, trn/lr 9.888e-03, val/acc 4.936e-01, val/nll 1.879e+00 (best_acc: 4.829e-01 -> 4.936e-01, test_acc: 4.965e-01, test_nll: 1.866e+00)
[2023-02-14 03:01:07] [Epoch    15/  200] trn/loss 1.641e+00, trn/lr 9.871e-03, val/acc 4.906e-01, val/nll 1.895e+00
[2023-02-14 03:01:15] [Epoch    16/  200] trn/loss 1.550e+00, trn/lr 9.853e-03, val/acc 5.281e-01, val/nll 1.733e+00 (best_acc: 4.936e-01 -> 5.281e-01, test_acc: 5.264e-01, test_nll: 1.741e+00)
[2023-02-14 03:01:23] [Epoch    17/  200] trn/loss 1.443e+00, trn/lr 9.833e-03, val/acc 5.492e-01, val/nll 1.674e+00 (best_acc: 5.281e-01 -> 5.492e-01, test_acc: 5.467e-01, test_nll: 1.673e+00)
[2023-02-14 03:01:31] [Epoch    18/  200] trn/loss 1.378e+00, trn/lr 9.812e-03, val/acc 5.503e-01, val/nll 1.632e+00 (best_acc: 5.492e-01 -> 5.503e-01, test_acc: 5.576e-01, test_nll: 1.623e+00)
[2023-02-14 03:01:39] [Epoch    19/  200] trn/loss 1.311e+00, trn/lr 9.790e-03, val/acc 5.713e-01, val/nll 1.532e+00 (best_acc: 5.503e-01 -> 5.713e-01, test_acc: 5.787e-01, test_nll: 1.524e+00)
[2023-02-14 03:01:47] [Epoch    20/  200] trn/loss 1.235e+00, trn/lr 9.767e-03, val/acc 5.877e-01, val/nll 1.478e+00 (best_acc: 5.713e-01 -> 5.877e-01, test_acc: 5.904e-01, test_nll: 1.478e+00)
[2023-02-14 03:01:55] [Epoch    21/  200] trn/loss 1.194e+00, trn/lr 9.743e-03, val/acc 5.978e-01, val/nll 1.481e+00 (best_acc: 5.877e-01 -> 5.978e-01, test_acc: 5.871e-01, test_nll: 1.492e+00)
[2023-02-14 03:02:03] [Epoch    22/  200] trn/loss 1.129e+00, trn/lr 9.718e-03, val/acc 6.207e-01, val/nll 1.360e+00 (best_acc: 5.978e-01 -> 6.207e-01, test_acc: 6.133e-01, test_nll: 1.387e+00)
[2023-02-14 03:02:11] [Epoch    23/  200] trn/loss 1.078e+00, trn/lr 9.691e-03, val/acc 6.222e-01, val/nll 1.359e+00 (best_acc: 6.207e-01 -> 6.222e-01, test_acc: 6.210e-01, test_nll: 1.355e+00)
[2023-02-14 03:02:18] [Epoch    24/  200] trn/loss 1.025e+00, trn/lr 9.663e-03, val/acc 6.118e-01, val/nll 1.387e+00
[2023-02-14 03:02:26] [Epoch    25/  200] trn/loss 9.929e-01, trn/lr 9.634e-03, val/acc 6.303e-01, val/nll 1.330e+00 (best_acc: 6.222e-01 -> 6.303e-01, test_acc: 6.288e-01, test_nll: 1.337e+00)
[2023-02-14 03:02:33] [Epoch    26/  200] trn/loss 9.447e-01, trn/lr 9.604e-03, val/acc 6.185e-01, val/nll 1.408e+00
[2023-02-14 03:02:41] [Epoch    27/  200] trn/loss 9.194e-01, trn/lr 9.573e-03, val/acc 6.341e-01, val/nll 1.317e+00 (best_acc: 6.303e-01 -> 6.341e-01, test_acc: 6.338e-01, test_nll: 1.320e+00)
[2023-02-14 03:02:48] [Epoch    28/  200] trn/loss 8.878e-01, trn/lr 9.541e-03, val/acc 6.198e-01, val/nll 1.410e+00
[2023-02-14 03:02:56] [Epoch    29/  200] trn/loss 8.502e-01, trn/lr 9.507e-03, val/acc 6.467e-01, val/nll 1.299e+00 (best_acc: 6.341e-01 -> 6.467e-01, test_acc: 6.418e-01, test_nll: 1.301e+00)
[2023-02-14 03:03:03] [Epoch    30/  200] trn/loss 8.054e-01, trn/lr 9.473e-03, val/acc 6.448e-01, val/nll 1.307e+00
[2023-02-14 03:03:11] [Epoch    31/  200] trn/loss 7.743e-01, trn/lr 9.437e-03, val/acc 6.513e-01, val/nll 1.288e+00 (best_acc: 6.467e-01 -> 6.513e-01, test_acc: 6.542e-01, test_nll: 1.292e+00)
[2023-02-14 03:03:18] [Epoch    32/  200] trn/loss 7.485e-01, trn/lr 9.400e-03, val/acc 6.423e-01, val/nll 1.337e+00
[2023-02-14 03:03:26] [Epoch    33/  200] trn/loss 7.121e-01, trn/lr 9.363e-03, val/acc 6.465e-01, val/nll 1.347e+00
[2023-02-14 03:03:33] [Epoch    34/  200] trn/loss 6.916e-01, trn/lr 9.324e-03, val/acc 6.502e-01, val/nll 1.281e+00
[2023-02-14 03:03:41] [Epoch    35/  200] trn/loss 6.740e-01, trn/lr 9.284e-03, val/acc 6.541e-01, val/nll 1.278e+00 (best_acc: 6.513e-01 -> 6.541e-01, test_acc: 6.576e-01, test_nll: 1.273e+00)
[2023-02-14 03:03:49] [Epoch    36/  200] trn/loss 6.529e-01, trn/lr 9.243e-03, val/acc 6.581e-01, val/nll 1.286e+00 (best_acc: 6.541e-01 -> 6.581e-01, test_acc: 6.589e-01, test_nll: 1.280e+00)
[2023-02-14 03:03:57] [Epoch    37/  200] trn/loss 6.246e-01, trn/lr 9.201e-03, val/acc 6.590e-01, val/nll 1.278e+00 (best_acc: 6.581e-01 -> 6.590e-01, test_acc: 6.547e-01, test_nll: 1.310e+00)
[2023-02-14 03:04:05] [Epoch    38/  200] trn/loss 6.069e-01, trn/lr 9.157e-03, val/acc 6.613e-01, val/nll 1.264e+00 (best_acc: 6.590e-01 -> 6.613e-01, test_acc: 6.657e-01, test_nll: 1.264e+00)
[2023-02-14 03:04:13] [Epoch    39/  200] trn/loss 5.820e-01, trn/lr 9.113e-03, val/acc 6.681e-01, val/nll 1.254e+00 (best_acc: 6.613e-01 -> 6.681e-01, test_acc: 6.676e-01, test_nll: 1.259e+00)
[2023-02-14 03:04:20] [Epoch    40/  200] trn/loss 5.720e-01, trn/lr 9.068e-03, val/acc 6.502e-01, val/nll 1.313e+00
[2023-02-14 03:04:27] [Epoch    41/  200] trn/loss 5.436e-01, trn/lr 9.022e-03, val/acc 6.618e-01, val/nll 1.296e+00
[2023-02-14 03:04:35] [Epoch    42/  200] trn/loss 5.233e-01, trn/lr 8.975e-03, val/acc 6.712e-01, val/nll 1.234e+00 (best_acc: 6.681e-01 -> 6.712e-01, test_acc: 6.743e-01, test_nll: 1.254e+00)
[2023-02-14 03:04:42] [Epoch    43/  200] trn/loss 5.236e-01, trn/lr 8.927e-03, val/acc 6.655e-01, val/nll 1.274e+00
[2023-02-14 03:04:49] [Epoch    44/  200] trn/loss 4.928e-01, trn/lr 8.878e-03, val/acc 6.710e-01, val/nll 1.256e+00
[2023-02-14 03:04:57] [Epoch    45/  200] trn/loss 4.784e-01, trn/lr 8.828e-03, val/acc 6.590e-01, val/nll 1.319e+00
[2023-02-14 03:05:05] [Epoch    46/  200] trn/loss 4.695e-01, trn/lr 8.777e-03, val/acc 6.732e-01, val/nll 1.265e+00 (best_acc: 6.712e-01 -> 6.732e-01, test_acc: 6.730e-01, test_nll: 1.256e+00)
[2023-02-14 03:05:13] [Epoch    47/  200] trn/loss 4.597e-01, trn/lr 8.725e-03, val/acc 6.743e-01, val/nll 1.273e+00 (best_acc: 6.732e-01 -> 6.743e-01, test_acc: 6.735e-01, test_nll: 1.257e+00)
[2023-02-14 03:05:20] [Epoch    48/  200] trn/loss 4.535e-01, trn/lr 8.672e-03, val/acc 6.695e-01, val/nll 1.262e+00
[2023-02-14 03:05:27] [Epoch    49/  200] trn/loss 4.337e-01, trn/lr 8.618e-03, val/acc 6.694e-01, val/nll 1.263e+00
[2023-02-14 03:05:34] [Epoch    50/  200] trn/loss 4.246e-01, trn/lr 8.563e-03, val/acc 6.622e-01, val/nll 1.293e+00
[2023-02-14 03:05:41] [Epoch    51/  200] trn/loss 4.211e-01, trn/lr 8.508e-03, val/acc 6.737e-01, val/nll 1.247e+00
[2023-02-14 03:05:48] [Epoch    52/  200] trn/loss 3.972e-01, trn/lr 8.451e-03, val/acc 6.639e-01, val/nll 1.298e+00
[2023-02-14 03:05:56] [Epoch    53/  200] trn/loss 3.735e-01, trn/lr 8.394e-03, val/acc 6.695e-01, val/nll 1.328e+00
[2023-02-14 03:06:04] [Epoch    54/  200] trn/loss 3.696e-01, trn/lr 8.336e-03, val/acc 6.781e-01, val/nll 1.250e+00 (best_acc: 6.743e-01 -> 6.781e-01, test_acc: 6.776e-01, test_nll: 1.251e+00)
[2023-02-14 03:06:11] [Epoch    55/  200] trn/loss 3.592e-01, trn/lr 8.277e-03, val/acc 6.771e-01, val/nll 1.269e+00
[2023-02-14 03:06:19] [Epoch    56/  200] trn/loss 3.534e-01, trn/lr 8.217e-03, val/acc 6.782e-01, val/nll 1.259e+00 (best_acc: 6.781e-01 -> 6.782e-01, test_acc: 6.751e-01, test_nll: 1.261e+00)
[2023-02-14 03:06:26] [Epoch    57/  200] trn/loss 3.347e-01, trn/lr 8.157e-03, val/acc 6.691e-01, val/nll 1.316e+00
[2023-02-14 03:06:34] [Epoch    58/  200] trn/loss 3.375e-01, trn/lr 8.096e-03, val/acc 6.823e-01, val/nll 1.242e+00 (best_acc: 6.782e-01 -> 6.823e-01, test_acc: 6.803e-01, test_nll: 1.254e+00)
[2023-02-14 03:06:42] [Epoch    59/  200] trn/loss 3.225e-01, trn/lr 8.034e-03, val/acc 6.857e-01, val/nll 1.224e+00 (best_acc: 6.823e-01 -> 6.857e-01, test_acc: 6.882e-01, test_nll: 1.210e+00)
[2023-02-14 03:06:49] [Epoch    60/  200] trn/loss 3.039e-01, trn/lr 7.971e-03, val/acc 6.747e-01, val/nll 1.291e+00
[2023-02-14 03:06:56] [Epoch    61/  200] trn/loss 3.012e-01, trn/lr 7.907e-03, val/acc 6.778e-01, val/nll 1.282e+00
[2023-02-14 03:07:04] [Epoch    62/  200] trn/loss 2.924e-01, trn/lr 7.843e-03, val/acc 6.841e-01, val/nll 1.242e+00
[2023-02-14 03:07:12] [Epoch    63/  200] trn/loss 2.846e-01, trn/lr 7.778e-03, val/acc 6.886e-01, val/nll 1.235e+00 (best_acc: 6.857e-01 -> 6.886e-01, test_acc: 6.853e-01, test_nll: 1.240e+00)
[2023-02-14 03:07:19] [Epoch    64/  200] trn/loss 2.738e-01, trn/lr 7.712e-03, val/acc 6.725e-01, val/nll 1.315e+00
[2023-02-14 03:07:27] [Epoch    65/  200] trn/loss 2.736e-01, trn/lr 7.646e-03, val/acc 6.887e-01, val/nll 1.238e+00 (best_acc: 6.886e-01 -> 6.887e-01, test_acc: 6.912e-01, test_nll: 1.243e+00)
[2023-02-14 03:07:35] [Epoch    66/  200] trn/loss 2.772e-01, trn/lr 7.579e-03, val/acc 6.888e-01, val/nll 1.242e+00 (best_acc: 6.887e-01 -> 6.888e-01, test_acc: 6.903e-01, test_nll: 1.237e+00)
[2023-02-14 03:07:42] [Epoch    67/  200] trn/loss 2.719e-01, trn/lr 7.512e-03, val/acc 6.861e-01, val/nll 1.247e+00
[2023-02-14 03:07:49] [Epoch    68/  200] trn/loss 2.719e-01, trn/lr 7.443e-03, val/acc 6.758e-01, val/nll 1.274e+00
[2023-02-14 03:07:56] [Epoch    69/  200] trn/loss 2.684e-01, trn/lr 7.374e-03, val/acc 6.855e-01, val/nll 1.284e+00
[2023-02-14 03:08:04] [Epoch    70/  200] trn/loss 2.551e-01, trn/lr 7.305e-03, val/acc 6.976e-01, val/nll 1.229e+00 (best_acc: 6.888e-01 -> 6.976e-01, test_acc: 6.948e-01, test_nll: 1.218e+00)
[2023-02-14 03:08:12] [Epoch    71/  200] trn/loss 2.357e-01, trn/lr 7.235e-03, val/acc 7.000e-01, val/nll 1.206e+00 (best_acc: 6.976e-01 -> 7.000e-01, test_acc: 6.966e-01, test_nll: 1.207e+00)
[2023-02-14 03:08:19] [Epoch    72/  200] trn/loss 2.284e-01, trn/lr 7.165e-03, val/acc 6.779e-01, val/nll 1.337e+00
[2023-02-14 03:08:26] [Epoch    73/  200] trn/loss 2.282e-01, trn/lr 7.093e-03, val/acc 6.885e-01, val/nll 1.266e+00
[2023-02-14 03:08:34] [Epoch    74/  200] trn/loss 2.255e-01, trn/lr 7.022e-03, val/acc 6.954e-01, val/nll 1.229e+00
[2023-02-14 03:08:41] [Epoch    75/  200] trn/loss 2.163e-01, trn/lr 6.950e-03, val/acc 6.900e-01, val/nll 1.244e+00
[2023-02-14 03:08:48] [Epoch    76/  200] trn/loss 2.044e-01, trn/lr 6.877e-03, val/acc 6.924e-01, val/nll 1.243e+00
[2023-02-14 03:08:55] [Epoch    77/  200] trn/loss 2.072e-01, trn/lr 6.804e-03, val/acc 6.879e-01, val/nll 1.277e+00
[2023-02-14 03:09:02] [Epoch    78/  200] trn/loss 1.982e-01, trn/lr 6.731e-03, val/acc 6.972e-01, val/nll 1.204e+00
[2023-02-14 03:09:10] [Epoch    79/  200] trn/loss 1.990e-01, trn/lr 6.657e-03, val/acc 6.976e-01, val/nll 1.241e+00
[2023-02-14 03:09:17] [Epoch    80/  200] trn/loss 1.947e-01, trn/lr 6.583e-03, val/acc 6.890e-01, val/nll 1.269e+00
[2023-02-14 03:09:24] [Epoch    81/  200] trn/loss 1.852e-01, trn/lr 6.508e-03, val/acc 6.973e-01, val/nll 1.248e+00
[2023-02-14 03:09:32] [Epoch    82/  200] trn/loss 1.846e-01, trn/lr 6.433e-03, val/acc 7.015e-01, val/nll 1.261e+00 (best_acc: 7.000e-01 -> 7.015e-01, test_acc: 6.933e-01, test_nll: 1.245e+00)
[2023-02-14 03:09:39] [Epoch    83/  200] trn/loss 1.775e-01, trn/lr 6.357e-03, val/acc 6.970e-01, val/nll 1.256e+00
[2023-02-14 03:09:47] [Epoch    84/  200] trn/loss 1.738e-01, trn/lr 6.282e-03, val/acc 6.975e-01, val/nll 1.227e+00
[2023-02-14 03:09:54] [Epoch    85/  200] trn/loss 1.812e-01, trn/lr 6.206e-03, val/acc 6.876e-01, val/nll 1.295e+00
[2023-02-14 03:10:01] [Epoch    86/  200] trn/loss 1.767e-01, trn/lr 6.129e-03, val/acc 6.951e-01, val/nll 1.219e+00
[2023-02-14 03:10:08] [Epoch    87/  200] trn/loss 1.631e-01, trn/lr 6.053e-03, val/acc 7.006e-01, val/nll 1.198e+00
[2023-02-14 03:10:15] [Epoch    88/  200] trn/loss 1.501e-01, trn/lr 5.976e-03, val/acc 6.937e-01, val/nll 1.241e+00
[2023-02-14 03:10:23] [Epoch    89/  200] trn/loss 1.475e-01, trn/lr 5.899e-03, val/acc 7.021e-01, val/nll 1.234e+00 (best_acc: 7.015e-01 -> 7.021e-01, test_acc: 6.984e-01, test_nll: 1.216e+00)
[2023-02-14 03:10:30] [Epoch    90/  200] trn/loss 1.363e-01, trn/lr 5.821e-03, val/acc 7.011e-01, val/nll 1.225e+00
[2023-02-14 03:10:38] [Epoch    91/  200] trn/loss 1.392e-01, trn/lr 5.744e-03, val/acc 6.977e-01, val/nll 1.222e+00
[2023-02-14 03:10:45] [Epoch    92/  200] trn/loss 1.418e-01, trn/lr 5.666e-03, val/acc 7.079e-01, val/nll 1.192e+00 (best_acc: 7.021e-01 -> 7.079e-01, test_acc: 7.056e-01, test_nll: 1.174e+00)
[2023-02-14 03:10:53] [Epoch    93/  200] trn/loss 1.400e-01, trn/lr 5.588e-03, val/acc 7.067e-01, val/nll 1.170e+00
[2023-02-14 03:11:00] [Epoch    94/  200] trn/loss 1.283e-01, trn/lr 5.510e-03, val/acc 7.004e-01, val/nll 1.209e+00
[2023-02-14 03:11:08] [Epoch    95/  200] trn/loss 1.252e-01, trn/lr 5.432e-03, val/acc 7.091e-01, val/nll 1.186e+00 (best_acc: 7.079e-01 -> 7.091e-01, test_acc: 7.076e-01, test_nll: 1.163e+00)
[2023-02-14 03:11:16] [Epoch    96/  200] trn/loss 1.233e-01, trn/lr 5.353e-03, val/acc 7.108e-01, val/nll 1.166e+00 (best_acc: 7.091e-01 -> 7.108e-01, test_acc: 7.109e-01, test_nll: 1.155e+00)
[2023-02-14 03:11:24] [Epoch    97/  200] trn/loss 1.202e-01, trn/lr 5.275e-03, val/acc 7.150e-01, val/nll 1.191e+00 (best_acc: 7.108e-01 -> 7.150e-01, test_acc: 7.092e-01, test_nll: 1.193e+00)
[2023-02-14 03:11:31] [Epoch    98/  200] trn/loss 1.121e-01, trn/lr 5.197e-03, val/acc 7.039e-01, val/nll 1.219e+00
[2023-02-14 03:11:38] [Epoch    99/  200] trn/loss 1.111e-01, trn/lr 5.118e-03, val/acc 7.056e-01, val/nll 1.205e+00
[2023-02-14 03:11:45] [Epoch   100/  200] trn/loss 1.106e-01, trn/lr 5.040e-03, val/acc 7.113e-01, val/nll 1.169e+00
[2023-02-14 03:11:52] [Epoch   101/  200] trn/loss 1.087e-01, trn/lr 4.961e-03, val/acc 7.101e-01, val/nll 1.179e+00
[2023-02-14 03:11:59] [Epoch   102/  200] trn/loss 1.084e-01, trn/lr 4.882e-03, val/acc 7.114e-01, val/nll 1.184e+00
[2023-02-14 03:12:07] [Epoch   103/  200] trn/loss 1.119e-01, trn/lr 4.804e-03, val/acc 7.152e-01, val/nll 1.187e+00 (best_acc: 7.150e-01 -> 7.152e-01, test_acc: 7.108e-01, test_nll: 1.190e+00)
[2023-02-14 03:12:15] [Epoch   104/  200] trn/loss 1.018e-01, trn/lr 4.725e-03, val/acc 7.124e-01, val/nll 1.192e+00
[2023-02-14 03:12:22] [Epoch   105/  200] trn/loss 9.835e-02, trn/lr 4.647e-03, val/acc 7.076e-01, val/nll 1.192e+00
[2023-02-14 03:12:30] [Epoch   106/  200] trn/loss 9.328e-02, trn/lr 4.569e-03, val/acc 7.199e-01, val/nll 1.150e+00 (best_acc: 7.152e-01 -> 7.199e-01, test_acc: 7.142e-01, test_nll: 1.162e+00)
[2023-02-14 03:12:37] [Epoch   107/  200] trn/loss 9.228e-02, trn/lr 4.491e-03, val/acc 7.195e-01, val/nll 1.158e+00
[2023-02-14 03:12:44] [Epoch   108/  200] trn/loss 9.055e-02, trn/lr 4.413e-03, val/acc 7.133e-01, val/nll 1.163e+00
[2023-02-14 03:12:51] [Epoch   109/  200] trn/loss 8.996e-02, trn/lr 4.335e-03, val/acc 7.129e-01, val/nll 1.157e+00
[2023-02-14 03:12:58] [Epoch   110/  200] trn/loss 8.417e-02, trn/lr 4.257e-03, val/acc 7.192e-01, val/nll 1.139e+00
[2023-02-14 03:13:06] [Epoch   111/  200] trn/loss 7.789e-02, trn/lr 4.179e-03, val/acc 7.175e-01, val/nll 1.150e+00
[2023-02-14 03:13:13] [Epoch   112/  200] trn/loss 7.593e-02, trn/lr 4.102e-03, val/acc 7.153e-01, val/nll 1.144e+00
[2023-02-14 03:13:20] [Epoch   113/  200] trn/loss 7.591e-02, trn/lr 4.025e-03, val/acc 7.199e-01, val/nll 1.113e+00
[2023-02-14 03:13:27] [Epoch   114/  200] trn/loss 7.504e-02, trn/lr 3.948e-03, val/acc 7.142e-01, val/nll 1.161e+00
[2023-02-14 03:13:34] [Epoch   115/  200] trn/loss 7.114e-02, trn/lr 3.871e-03, val/acc 7.163e-01, val/nll 1.161e+00
[2023-02-14 03:13:42] [Epoch   116/  200] trn/loss 6.770e-02, trn/lr 3.795e-03, val/acc 7.209e-01, val/nll 1.150e+00 (best_acc: 7.199e-01 -> 7.209e-01, test_acc: 7.267e-01, test_nll: 1.133e+00)
[2023-02-14 03:13:50] [Epoch   117/  200] trn/loss 6.408e-02, trn/lr 3.719e-03, val/acc 7.236e-01, val/nll 1.105e+00 (best_acc: 7.209e-01 -> 7.236e-01, test_acc: 7.241e-01, test_nll: 1.101e+00)
[2023-02-14 03:13:58] [Epoch   118/  200] trn/loss 5.981e-02, trn/lr 3.643e-03, val/acc 7.210e-01, val/nll 1.120e+00
[2023-02-14 03:14:05] [Epoch   119/  200] trn/loss 6.055e-02, trn/lr 3.568e-03, val/acc 7.171e-01, val/nll 1.130e+00
[2023-02-14 03:14:13] [Epoch   120/  200] trn/loss 5.952e-02, trn/lr 3.493e-03, val/acc 7.306e-01, val/nll 1.104e+00 (best_acc: 7.236e-01 -> 7.306e-01, test_acc: 7.239e-01, test_nll: 1.100e+00)
[2023-02-14 03:14:20] [Epoch   121/  200] trn/loss 5.674e-02, trn/lr 3.418e-03, val/acc 7.247e-01, val/nll 1.123e+00
[2023-02-14 03:14:28] [Epoch   122/  200] trn/loss 5.485e-02, trn/lr 3.344e-03, val/acc 7.314e-01, val/nll 1.078e+00 (best_acc: 7.306e-01 -> 7.314e-01, test_acc: 7.348e-01, test_nll: 1.062e+00)
[2023-02-14 03:14:35] [Epoch   123/  200] trn/loss 5.320e-02, trn/lr 3.270e-03, val/acc 7.283e-01, val/nll 1.102e+00
[2023-02-14 03:14:43] [Epoch   124/  200] trn/loss 4.893e-02, trn/lr 3.196e-03, val/acc 7.355e-01, val/nll 1.075e+00 (best_acc: 7.314e-01 -> 7.355e-01, test_acc: 7.325e-01, test_nll: 1.059e+00)
[2023-02-14 03:14:50] [Epoch   125/  200] trn/loss 4.736e-02, trn/lr 3.123e-03, val/acc 7.277e-01, val/nll 1.098e+00
[2023-02-14 03:14:57] [Epoch   126/  200] trn/loss 4.720e-02, trn/lr 3.051e-03, val/acc 7.312e-01, val/nll 1.089e+00
[2023-02-14 03:15:04] [Epoch   127/  200] trn/loss 4.710e-02, trn/lr 2.979e-03, val/acc 7.333e-01, val/nll 1.078e+00
[2023-02-14 03:15:11] [Epoch   128/  200] trn/loss 4.528e-02, trn/lr 2.907e-03, val/acc 7.310e-01, val/nll 1.093e+00
[2023-02-14 03:15:19] [Epoch   129/  200] trn/loss 4.303e-02, trn/lr 2.836e-03, val/acc 7.308e-01, val/nll 1.092e+00
[2023-02-14 03:15:26] [Epoch   130/  200] trn/loss 4.164e-02, trn/lr 2.765e-03, val/acc 7.301e-01, val/nll 1.083e+00
[2023-02-14 03:15:33] [Epoch   131/  200] trn/loss 4.060e-02, trn/lr 2.695e-03, val/acc 7.267e-01, val/nll 1.077e+00
[2023-02-14 03:15:40] [Epoch   132/  200] trn/loss 3.818e-02, trn/lr 2.626e-03, val/acc 7.271e-01, val/nll 1.074e+00
[2023-02-14 03:15:47] [Epoch   133/  200] trn/loss 3.680e-02, trn/lr 2.557e-03, val/acc 7.335e-01, val/nll 1.074e+00
[2023-02-14 03:15:55] [Epoch   134/  200] trn/loss 3.635e-02, trn/lr 2.489e-03, val/acc 7.351e-01, val/nll 1.068e+00
[2023-02-14 03:16:02] [Epoch   135/  200] trn/loss 3.628e-02, trn/lr 2.421e-03, val/acc 7.335e-01, val/nll 1.067e+00
[2023-02-14 03:16:10] [Epoch   136/  200] trn/loss 3.440e-02, trn/lr 2.354e-03, val/acc 7.372e-01, val/nll 1.053e+00 (best_acc: 7.355e-01 -> 7.372e-01, test_acc: 7.316e-01, test_nll: 1.060e+00)
[2023-02-14 03:16:17] [Epoch   137/  200] trn/loss 3.327e-02, trn/lr 2.288e-03, val/acc 7.369e-01, val/nll 1.052e+00
[2023-02-14 03:16:25] [Epoch   138/  200] trn/loss 3.259e-02, trn/lr 2.222e-03, val/acc 7.376e-01, val/nll 1.047e+00 (best_acc: 7.372e-01 -> 7.376e-01, test_acc: 7.380e-01, test_nll: 1.045e+00)
[2023-02-14 03:16:33] [Epoch   139/  200] trn/loss 3.134e-02, trn/lr 2.157e-03, val/acc 7.406e-01, val/nll 1.042e+00 (best_acc: 7.376e-01 -> 7.406e-01, test_acc: 7.408e-01, test_nll: 1.027e+00)
[2023-02-14 03:16:40] [Epoch   140/  200] trn/loss 2.910e-02, trn/lr 2.093e-03, val/acc 7.362e-01, val/nll 1.046e+00
[2023-02-14 03:16:47] [Epoch   141/  200] trn/loss 2.817e-02, trn/lr 2.030e-03, val/acc 7.398e-01, val/nll 1.037e+00
[2023-02-14 03:16:54] [Epoch   142/  200] trn/loss 2.690e-02, trn/lr 1.967e-03, val/acc 7.398e-01, val/nll 1.033e+00
[2023-02-14 03:17:01] [Epoch   143/  200] trn/loss 2.662e-02, trn/lr 1.905e-03, val/acc 7.394e-01, val/nll 1.035e+00
[2023-02-14 03:17:09] [Epoch   144/  200] trn/loss 2.522e-02, trn/lr 1.843e-03, val/acc 7.402e-01, val/nll 1.033e+00
[2023-02-14 03:17:17] [Epoch   145/  200] trn/loss 2.520e-02, trn/lr 1.783e-03, val/acc 7.442e-01, val/nll 1.019e+00 (best_acc: 7.406e-01 -> 7.442e-01, test_acc: 7.464e-01, test_nll: 1.006e+00)
[2023-02-14 03:17:24] [Epoch   146/  200] trn/loss 2.388e-02, trn/lr 1.723e-03, val/acc 7.419e-01, val/nll 1.019e+00
[2023-02-14 03:17:32] [Epoch   147/  200] trn/loss 2.304e-02, trn/lr 1.664e-03, val/acc 7.451e-01, val/nll 1.011e+00 (best_acc: 7.442e-01 -> 7.451e-01, test_acc: 7.429e-01, test_nll: 1.013e+00)
[2023-02-14 03:17:40] [Epoch   148/  200] trn/loss 2.216e-02, trn/lr 1.606e-03, val/acc 7.477e-01, val/nll 1.021e+00 (best_acc: 7.451e-01 -> 7.477e-01, test_acc: 7.444e-01, test_nll: 1.020e+00)
[2023-02-14 03:17:47] [Epoch   149/  200] trn/loss 2.132e-02, trn/lr 1.549e-03, val/acc 7.402e-01, val/nll 1.023e+00
[2023-02-14 03:17:54] [Epoch   150/  200] trn/loss 2.002e-02, trn/lr 1.493e-03, val/acc 7.463e-01, val/nll 1.006e+00
[2023-02-14 03:18:01] [Epoch   151/  200] trn/loss 1.973e-02, trn/lr 1.437e-03, val/acc 7.430e-01, val/nll 1.019e+00
[2023-02-14 03:18:09] [Epoch   152/  200] trn/loss 1.884e-02, trn/lr 1.382e-03, val/acc 7.489e-01, val/nll 1.014e+00 (best_acc: 7.477e-01 -> 7.489e-01, test_acc: 7.491e-01, test_nll: 9.916e-01)
[2023-02-14 03:18:16] [Epoch   153/  200] trn/loss 1.797e-02, trn/lr 1.329e-03, val/acc 7.481e-01, val/nll 1.009e+00
[2023-02-14 03:18:23] [Epoch   154/  200] trn/loss 1.799e-02, trn/lr 1.276e-03, val/acc 7.457e-01, val/nll 1.007e+00
[2023-02-14 03:18:31] [Epoch   155/  200] trn/loss 1.746e-02, trn/lr 1.224e-03, val/acc 7.449e-01, val/nll 1.007e+00
[2023-02-14 03:18:39] [Epoch   156/  200] trn/loss 1.720e-02, trn/lr 1.173e-03, val/acc 7.499e-01, val/nll 9.928e-01 (best_acc: 7.489e-01 -> 7.499e-01, test_acc: 7.509e-01, test_nll: 9.845e-01)
[2023-02-14 03:18:46] [Epoch   157/  200] trn/loss 1.656e-02, trn/lr 1.123e-03, val/acc 7.487e-01, val/nll 1.002e+00
[2023-02-14 03:18:53] [Epoch   158/  200] trn/loss 1.628e-02, trn/lr 1.074e-03, val/acc 7.490e-01, val/nll 9.967e-01
[2023-02-14 03:19:00] [Epoch   159/  200] trn/loss 1.621e-02, trn/lr 1.025e-03, val/acc 7.468e-01, val/nll 1.004e+00
[2023-02-14 03:19:08] [Epoch   160/  200] trn/loss 1.585e-02, trn/lr 9.783e-04, val/acc 7.519e-01, val/nll 9.841e-01 (best_acc: 7.499e-01 -> 7.519e-01, test_acc: 7.517e-01, test_nll: 9.791e-01)
[2023-02-14 03:19:15] [Epoch   161/  200] trn/loss 1.518e-02, trn/lr 9.321e-04, val/acc 7.517e-01, val/nll 9.822e-01
[2023-02-14 03:19:23] [Epoch   162/  200] trn/loss 1.442e-02, trn/lr 8.870e-04, val/acc 7.535e-01, val/nll 9.832e-01 (best_acc: 7.519e-01 -> 7.535e-01, test_acc: 7.545e-01, test_nll: 9.744e-01)
[2023-02-14 03:19:31] [Epoch   163/  200] trn/loss 1.453e-02, trn/lr 8.428e-04, val/acc 7.561e-01, val/nll 9.813e-01 (best_acc: 7.535e-01 -> 7.561e-01, test_acc: 7.518e-01, test_nll: 9.740e-01)
[2023-02-14 03:19:38] [Epoch   164/  200] trn/loss 1.424e-02, trn/lr 7.997e-04, val/acc 7.523e-01, val/nll 9.834e-01
[2023-02-14 03:19:46] [Epoch   165/  200] trn/loss 1.348e-02, trn/lr 7.576e-04, val/acc 7.564e-01, val/nll 9.788e-01 (best_acc: 7.561e-01 -> 7.564e-01, test_acc: 7.523e-01, test_nll: 9.697e-01)
[2023-02-14 03:19:53] [Epoch   166/  200] trn/loss 1.309e-02, trn/lr 7.166e-04, val/acc 7.551e-01, val/nll 9.783e-01
[2023-02-14 03:20:01] [Epoch   167/  200] trn/loss 1.277e-02, trn/lr 6.766e-04, val/acc 7.561e-01, val/nll 9.781e-01
[2023-02-14 03:20:08] [Epoch   168/  200] trn/loss 1.261e-02, trn/lr 6.377e-04, val/acc 7.542e-01, val/nll 9.788e-01
[2023-02-14 03:20:15] [Epoch   169/  200] trn/loss 1.264e-02, trn/lr 5.998e-04, val/acc 7.555e-01, val/nll 9.727e-01
[2023-02-14 03:20:23] [Epoch   170/  200] trn/loss 1.199e-02, trn/lr 5.631e-04, val/acc 7.574e-01, val/nll 9.732e-01 (best_acc: 7.564e-01 -> 7.574e-01, test_acc: 7.531e-01, test_nll: 9.619e-01)
[2023-02-14 03:20:30] [Epoch   171/  200] trn/loss 1.172e-02, trn/lr 5.274e-04, val/acc 7.569e-01, val/nll 9.685e-01
[2023-02-14 03:20:37] [Epoch   172/  200] trn/loss 1.154e-02, trn/lr 4.929e-04, val/acc 7.553e-01, val/nll 9.706e-01
[2023-02-14 03:20:45] [Epoch   173/  200] trn/loss 1.143e-02, trn/lr 4.594e-04, val/acc 7.598e-01, val/nll 9.642e-01 (best_acc: 7.574e-01 -> 7.598e-01, test_acc: 7.542e-01, test_nll: 9.596e-01)
[2023-02-14 03:20:52] [Epoch   174/  200] trn/loss 1.133e-02, trn/lr 4.271e-04, val/acc 7.582e-01, val/nll 9.642e-01
[2023-02-14 03:20:59] [Epoch   175/  200] trn/loss 1.121e-02, trn/lr 3.959e-04, val/acc 7.560e-01, val/nll 9.673e-01
[2023-02-14 03:21:07] [Epoch   176/  200] trn/loss 1.104e-02, trn/lr 3.659e-04, val/acc 7.583e-01, val/nll 9.657e-01
[2023-02-14 03:21:14] [Epoch   177/  200] trn/loss 1.097e-02, trn/lr 3.369e-04, val/acc 7.556e-01, val/nll 9.704e-01
[2023-02-14 03:21:21] [Epoch   178/  200] trn/loss 1.073e-02, trn/lr 3.092e-04, val/acc 7.564e-01, val/nll 9.678e-01
[2023-02-14 03:21:29] [Epoch   179/  200] trn/loss 1.054e-02, trn/lr 2.826e-04, val/acc 7.600e-01, val/nll 9.601e-01 (best_acc: 7.598e-01 -> 7.600e-01, test_acc: 7.579e-01, test_nll: 9.513e-01)
[2023-02-14 03:21:36] [Epoch   180/  200] trn/loss 1.025e-02, trn/lr 2.571e-04, val/acc 7.580e-01, val/nll 9.631e-01
[2023-02-14 03:21:43] [Epoch   181/  200] trn/loss 1.024e-02, trn/lr 2.329e-04, val/acc 7.574e-01, val/nll 9.618e-01
[2023-02-14 03:21:50] [Epoch   182/  200] trn/loss 1.027e-02, trn/lr 2.098e-04, val/acc 7.582e-01, val/nll 9.575e-01
[2023-02-14 03:21:57] [Epoch   183/  200] trn/loss 9.924e-03, trn/lr 1.878e-04, val/acc 7.587e-01, val/nll 9.532e-01
[2023-02-14 03:22:05] [Epoch   184/  200] trn/loss 9.928e-03, trn/lr 1.671e-04, val/acc 7.579e-01, val/nll 9.572e-01
[2023-02-14 03:22:12] [Epoch   185/  200] trn/loss 9.905e-03, trn/lr 1.476e-04, val/acc 7.597e-01, val/nll 9.566e-01
[2023-02-14 03:22:20] [Epoch   186/  200] trn/loss 9.663e-03, trn/lr 1.292e-04, val/acc 7.605e-01, val/nll 9.565e-01 (best_acc: 7.600e-01 -> 7.605e-01, test_acc: 7.576e-01, test_nll: 9.517e-01)
[2023-02-14 03:22:27] [Epoch   187/  200] trn/loss 9.746e-03, trn/lr 1.121e-04, val/acc 7.597e-01, val/nll 9.548e-01
[2023-02-14 03:22:35] [Epoch   188/  200] trn/loss 9.772e-03, trn/lr 9.617e-05, val/acc 7.606e-01, val/nll 9.561e-01 (best_acc: 7.605e-01 -> 7.606e-01, test_acc: 7.573e-01, test_nll: 9.514e-01)
[2023-02-14 03:22:42] [Epoch   189/  200] trn/loss 9.657e-03, trn/lr 8.145e-05, val/acc 7.580e-01, val/nll 9.554e-01
[2023-02-14 03:22:49] [Epoch   190/  200] trn/loss 9.621e-03, trn/lr 6.794e-05, val/acc 7.592e-01, val/nll 9.554e-01
[2023-02-14 03:22:56] [Epoch   191/  200] trn/loss 9.439e-03, trn/lr 5.565e-05, val/acc 7.596e-01, val/nll 9.556e-01
[2023-02-14 03:23:04] [Epoch   192/  200] trn/loss 9.569e-03, trn/lr 4.458e-05, val/acc 7.604e-01, val/nll 9.542e-01
[2023-02-14 03:23:11] [Epoch   193/  200] trn/loss 9.516e-03, trn/lr 3.474e-05, val/acc 7.600e-01, val/nll 9.542e-01
[2023-02-14 03:23:18] [Epoch   194/  200] trn/loss 9.553e-03, trn/lr 2.612e-05, val/acc 7.597e-01, val/nll 9.556e-01
[2023-02-14 03:23:25] [Epoch   195/  200] trn/loss 9.571e-03, trn/lr 1.872e-05, val/acc 7.595e-01, val/nll 9.558e-01
[2023-02-14 03:23:32] [Epoch   196/  200] trn/loss 9.348e-03, trn/lr 1.255e-05, val/acc 7.594e-01, val/nll 9.551e-01
[2023-02-14 03:23:39] [Epoch   197/  200] trn/loss 9.451e-03, trn/lr 7.619e-06, val/acc 7.598e-01, val/nll 9.561e-01
[2023-02-14 03:23:47] [Epoch   198/  200] trn/loss 9.368e-03, trn/lr 3.916e-06, val/acc 7.596e-01, val/nll 9.562e-01
[2023-02-14 03:23:54] [Epoch   199/  200] trn/loss 9.349e-03, trn/lr 1.445e-06, val/acc 7.604e-01, val/nll 9.556e-01
[2023-02-14 03:24:01] [Epoch   200/  200] trn/loss 9.484e-03, trn/lr 2.075e-07, val/acc 7.600e-01, val/nll 9.548e-01
