[2023-04-07 07:33:51] Environments:
------------  --------------------------------------------------------------------------------
sys.platform  linux
Python        3.10.8 (main, Nov 24 2022, 14:13:03) [GCC 11.2.0]
JAX           0.4.1 @/mnt/home/giung/.conda/envs/jax-vessl/lib/python3.10/site-packages/jax
jaxlib        0.4.1 @/mnt/home/giung/.conda/envs/jax-vessl/lib/python3.10/site-packages/jaxlib
Flax          0.6.3 @/mnt/home/giung/.conda/envs/jax-vessl/lib/python3.10/site-packages/flax
Optax         0.1.4 @/mnt/home/giung/.conda/envs/jax-vessl/lib/python3.10/site-packages/optax
------------  --------------------------------------------------------------------------------

[2023-04-07 07:33:51] Command line arguments:
- args.data_root          : ./data/
- args.data_name          : CIFAR10_x32
- args.data_augmentation  : standard
- args.data_proportional  : 1.0
- args.model_name         : FlaxPreResNet
- args.model_depth        : 28
- args.model_width        : 10
- args.model_style        : BN-ReLU
- args.optim_bs           : 256
- args.optim_ne           : 200
- args.optim_lr           : 0.01
- args.optim_momentum     : 0.7
- args.optim_weight_decay : 0.003
- args.save               : /mnt/home/giung/giung2-dev/projects/residual-networks/save/CIFAR10_x32/WRN28x10-BN-ReLU/bs-0256_ne-0200_lr-0.01_mo-0.70_wd-0.0030_fp32/42
- args.seed               : 42
- args.precision          : fp32

[2023-04-07 07:36:09] [Epoch     1/  200] trn/loss 1.921e+00, trn/lr 1.000e-02, val/acc 3.639e-01, val/nll 1.753e+00 (best_acc: 0.000e+00 -> 3.639e-01, test_acc: 3.620e-01, test_nll: 1.752e+00)
[2023-04-07 07:37:45] [Epoch     2/  200] trn/loss 1.661e+00, trn/lr 9.999e-03, val/acc 4.258e-01, val/nll 1.585e+00 (best_acc: 3.639e-01 -> 4.258e-01, test_acc: 4.217e-01, test_nll: 1.586e+00)
[2023-04-07 07:39:23] [Epoch     3/  200] trn/loss 1.513e+00, trn/lr 9.996e-03, val/acc 4.584e-01, val/nll 1.540e+00 (best_acc: 4.258e-01 -> 4.584e-01, test_acc: 4.555e-01, test_nll: 1.543e+00)
[2023-04-07 07:40:58] [Epoch     4/  200] trn/loss 1.394e+00, trn/lr 9.992e-03, val/acc 5.170e-01, val/nll 1.348e+00 (best_acc: 4.584e-01 -> 5.170e-01, test_acc: 5.148e-01, test_nll: 1.359e+00)
[2023-04-07 07:42:35] [Epoch     5/  200] trn/loss 1.297e+00, trn/lr 9.987e-03, val/acc 5.194e-01, val/nll 1.333e+00 (best_acc: 5.170e-01 -> 5.194e-01, test_acc: 5.213e-01, test_nll: 1.336e+00)
[2023-04-07 07:44:12] [Epoch     6/  200] trn/loss 1.211e+00, trn/lr 9.981e-03, val/acc 5.747e-01, val/nll 1.176e+00 (best_acc: 5.194e-01 -> 5.747e-01, test_acc: 5.705e-01, test_nll: 1.193e+00)
[2023-04-07 07:45:49] [Epoch     7/  200] trn/loss 1.136e+00, trn/lr 9.974e-03, val/acc 6.054e-01, val/nll 1.107e+00 (best_acc: 5.747e-01 -> 6.054e-01, test_acc: 5.896e-01, test_nll: 1.136e+00)
[2023-04-07 07:47:12] [Epoch     8/  200] trn/loss 1.066e+00, trn/lr 9.965e-03, val/acc 6.029e-01, val/nll 1.146e+00
[2023-04-07 07:48:50] [Epoch     9/  200] trn/loss 1.002e+00, trn/lr 9.955e-03, val/acc 6.274e-01, val/nll 1.041e+00 (best_acc: 6.054e-01 -> 6.274e-01, test_acc: 6.232e-01, test_nll: 1.049e+00)
[2023-04-07 07:50:24] [Epoch    10/  200] trn/loss 9.527e-01, trn/lr 9.944e-03, val/acc 6.344e-01, val/nll 1.041e+00 (best_acc: 6.274e-01 -> 6.344e-01, test_acc: 6.311e-01, test_nll: 1.053e+00)
[2023-04-07 07:51:47] [Epoch    11/  200] trn/loss 8.976e-01, trn/lr 9.932e-03, val/acc 5.574e-01, val/nll 1.347e+00
[2023-04-07 07:53:23] [Epoch    12/  200] trn/loss 8.566e-01, trn/lr 9.919e-03, val/acc 6.497e-01, val/nll 1.033e+00 (best_acc: 6.344e-01 -> 6.497e-01, test_acc: 6.511e-01, test_nll: 1.038e+00)
[2023-04-07 07:54:46] [Epoch    13/  200] trn/loss 8.178e-01, trn/lr 9.904e-03, val/acc 6.209e-01, val/nll 1.146e+00
[2023-04-07 07:56:29] [Epoch    14/  200] trn/loss 7.777e-01, trn/lr 9.888e-03, val/acc 7.125e-01, val/nll 8.225e-01 (best_acc: 6.497e-01 -> 7.125e-01, test_acc: 7.016e-01, test_nll: 8.410e-01)
[2023-04-07 07:57:51] [Epoch    15/  200] trn/loss 7.381e-01, trn/lr 9.871e-03, val/acc 6.982e-01, val/nll 8.676e-01
[2023-04-07 07:59:14] [Epoch    16/  200] trn/loss 7.061e-01, trn/lr 9.853e-03, val/acc 6.983e-01, val/nll 8.758e-01
[2023-04-07 08:00:36] [Epoch    17/  200] trn/loss 6.728e-01, trn/lr 9.833e-03, val/acc 7.024e-01, val/nll 8.705e-01
[2023-04-07 08:02:11] [Epoch    18/  200] trn/loss 6.368e-01, trn/lr 9.812e-03, val/acc 7.517e-01, val/nll 7.226e-01 (best_acc: 7.125e-01 -> 7.517e-01, test_acc: 7.385e-01, test_nll: 7.445e-01)
[2023-04-07 08:03:34] [Epoch    19/  200] trn/loss 6.090e-01, trn/lr 9.790e-03, val/acc 7.243e-01, val/nll 8.696e-01
[2023-04-07 08:04:57] [Epoch    20/  200] trn/loss 5.762e-01, trn/lr 9.767e-03, val/acc 7.329e-01, val/nll 8.033e-01
[2023-04-07 08:06:33] [Epoch    21/  200] trn/loss 5.458e-01, trn/lr 9.743e-03, val/acc 7.596e-01, val/nll 7.146e-01 (best_acc: 7.517e-01 -> 7.596e-01, test_acc: 7.587e-01, test_nll: 7.139e-01)
[2023-04-07 08:07:55] [Epoch    22/  200] trn/loss 5.269e-01, trn/lr 9.718e-03, val/acc 7.531e-01, val/nll 7.606e-01
[2023-04-07 08:09:18] [Epoch    23/  200] trn/loss 4.996e-01, trn/lr 9.691e-03, val/acc 7.496e-01, val/nll 7.774e-01
[2023-04-07 08:10:40] [Epoch    24/  200] trn/loss 4.741e-01, trn/lr 9.663e-03, val/acc 7.231e-01, val/nll 9.809e-01
[2023-04-07 08:12:03] [Epoch    25/  200] trn/loss 4.502e-01, trn/lr 9.634e-03, val/acc 7.452e-01, val/nll 8.620e-01
[2023-04-07 08:13:38] [Epoch    26/  200] trn/loss 4.294e-01, trn/lr 9.604e-03, val/acc 7.759e-01, val/nll 7.067e-01 (best_acc: 7.596e-01 -> 7.759e-01, test_acc: 7.695e-01, test_nll: 7.289e-01)
[2023-04-07 08:15:01] [Epoch    27/  200] trn/loss 4.108e-01, trn/lr 9.573e-03, val/acc 7.654e-01, val/nll 8.109e-01
[2023-04-07 08:16:41] [Epoch    28/  200] trn/loss 3.870e-01, trn/lr 9.541e-03, val/acc 7.982e-01, val/nll 6.259e-01 (best_acc: 7.759e-01 -> 7.982e-01, test_acc: 7.955e-01, test_nll: 6.413e-01)
[2023-04-07 08:18:03] [Epoch    29/  200] trn/loss 3.719e-01, trn/lr 9.507e-03, val/acc 7.959e-01, val/nll 6.147e-01
[2023-04-07 08:19:26] [Epoch    30/  200] trn/loss 3.554e-01, trn/lr 9.473e-03, val/acc 7.216e-01, val/nll 8.985e-01
[2023-04-07 08:21:01] [Epoch    31/  200] trn/loss 3.420e-01, trn/lr 9.437e-03, val/acc 8.028e-01, val/nll 6.038e-01 (best_acc: 7.982e-01 -> 8.028e-01, test_acc: 8.023e-01, test_nll: 6.196e-01)
[2023-04-07 08:22:36] [Epoch    32/  200] trn/loss 3.224e-01, trn/lr 9.400e-03, val/acc 8.167e-01, val/nll 5.785e-01 (best_acc: 8.028e-01 -> 8.167e-01, test_acc: 8.155e-01, test_nll: 5.859e-01)
[2023-04-07 08:23:58] [Epoch    33/  200] trn/loss 3.108e-01, trn/lr 9.363e-03, val/acc 7.576e-01, val/nll 8.090e-01
[2023-04-07 08:25:21] [Epoch    34/  200] trn/loss 2.953e-01, trn/lr 9.324e-03, val/acc 7.740e-01, val/nll 7.620e-01
[2023-04-07 08:26:43] [Epoch    35/  200] trn/loss 2.873e-01, trn/lr 9.284e-03, val/acc 7.608e-01, val/nll 9.032e-01
[2023-04-07 08:28:06] [Epoch    36/  200] trn/loss 2.703e-01, trn/lr 9.243e-03, val/acc 8.167e-01, val/nll 6.227e-01
[2023-04-07 08:29:29] [Epoch    37/  200] trn/loss 2.604e-01, trn/lr 9.201e-03, val/acc 7.387e-01, val/nll 9.699e-01
[2023-04-07 08:31:04] [Epoch    38/  200] trn/loss 2.488e-01, trn/lr 9.157e-03, val/acc 8.261e-01, val/nll 5.642e-01 (best_acc: 8.167e-01 -> 8.261e-01, test_acc: 8.242e-01, test_nll: 5.764e-01)
[2023-04-07 08:32:38] [Epoch    39/  200] trn/loss 2.436e-01, trn/lr 9.113e-03, val/acc 8.323e-01, val/nll 5.791e-01 (best_acc: 8.261e-01 -> 8.323e-01, test_acc: 8.237e-01, test_nll: 6.124e-01)
[2023-04-07 08:34:01] [Epoch    40/  200] trn/loss 2.289e-01, trn/lr 9.068e-03, val/acc 8.082e-01, val/nll 6.669e-01
[2023-04-07 08:35:24] [Epoch    41/  200] trn/loss 2.213e-01, trn/lr 9.022e-03, val/acc 7.927e-01, val/nll 7.527e-01
[2023-04-07 08:36:47] [Epoch    42/  200] trn/loss 2.108e-01, trn/lr 8.975e-03, val/acc 7.298e-01, val/nll 1.157e+00
[2023-04-07 08:38:09] [Epoch    43/  200] trn/loss 2.029e-01, trn/lr 8.927e-03, val/acc 7.721e-01, val/nll 8.664e-01
[2023-04-07 08:39:45] [Epoch    44/  200] trn/loss 1.912e-01, trn/lr 8.878e-03, val/acc 8.419e-01, val/nll 5.433e-01 (best_acc: 8.323e-01 -> 8.419e-01, test_acc: 8.373e-01, test_nll: 5.617e-01)
[2023-04-07 08:41:08] [Epoch    45/  200] trn/loss 1.830e-01, trn/lr 8.828e-03, val/acc 8.082e-01, val/nll 7.184e-01
[2023-04-07 08:42:31] [Epoch    46/  200] trn/loss 1.793e-01, trn/lr 8.777e-03, val/acc 7.657e-01, val/nll 9.457e-01
[2023-04-07 08:43:53] [Epoch    47/  200] trn/loss 1.701e-01, trn/lr 8.725e-03, val/acc 8.100e-01, val/nll 7.062e-01
[2023-04-07 08:45:16] [Epoch    48/  200] trn/loss 1.620e-01, trn/lr 8.672e-03, val/acc 7.925e-01, val/nll 8.127e-01
[2023-04-07 08:46:50] [Epoch    49/  200] trn/loss 1.563e-01, trn/lr 8.618e-03, val/acc 8.511e-01, val/nll 5.280e-01 (best_acc: 8.419e-01 -> 8.511e-01, test_acc: 8.442e-01, test_nll: 5.372e-01)
[2023-04-07 08:48:13] [Epoch    50/  200] trn/loss 1.474e-01, trn/lr 8.563e-03, val/acc 7.764e-01, val/nll 8.096e-01
[2023-04-07 08:49:35] [Epoch    51/  200] trn/loss 1.428e-01, trn/lr 8.508e-03, val/acc 8.087e-01, val/nll 7.261e-01
[2023-04-07 08:50:58] [Epoch    52/  200] trn/loss 1.419e-01, trn/lr 8.451e-03, val/acc 8.195e-01, val/nll 7.162e-01
[2023-04-07 08:52:21] [Epoch    53/  200] trn/loss 1.309e-01, trn/lr 8.394e-03, val/acc 8.299e-01, val/nll 6.081e-01
[2023-04-07 08:53:44] [Epoch    54/  200] trn/loss 1.314e-01, trn/lr 8.336e-03, val/acc 8.185e-01, val/nll 6.679e-01
[2023-04-07 08:55:06] [Epoch    55/  200] trn/loss 1.180e-01, trn/lr 8.277e-03, val/acc 8.374e-01, val/nll 6.206e-01
[2023-04-07 08:56:29] [Epoch    56/  200] trn/loss 1.122e-01, trn/lr 8.217e-03, val/acc 8.013e-01, val/nll 7.820e-01
[2023-04-07 08:57:52] [Epoch    57/  200] trn/loss 1.217e-01, trn/lr 8.157e-03, val/acc 8.060e-01, val/nll 7.486e-01
[2023-04-07 08:59:14] [Epoch    58/  200] trn/loss 1.045e-01, trn/lr 8.096e-03, val/acc 8.400e-01, val/nll 6.228e-01
[2023-04-07 09:00:37] [Epoch    59/  200] trn/loss 1.012e-01, trn/lr 8.034e-03, val/acc 8.014e-01, val/nll 8.074e-01
[2023-04-07 09:02:00] [Epoch    60/  200] trn/loss 1.047e-01, trn/lr 7.971e-03, val/acc 8.449e-01, val/nll 5.928e-01
[2023-04-07 09:03:22] [Epoch    61/  200] trn/loss 9.375e-02, trn/lr 7.907e-03, val/acc 8.211e-01, val/nll 7.462e-01
[2023-04-07 09:04:45] [Epoch    62/  200] trn/loss 9.576e-02, trn/lr 7.843e-03, val/acc 8.095e-01, val/nll 7.819e-01
[2023-04-07 09:06:08] [Epoch    63/  200] trn/loss 9.413e-02, trn/lr 7.778e-03, val/acc 8.395e-01, val/nll 5.837e-01
[2023-04-07 09:07:30] [Epoch    64/  200] trn/loss 8.169e-02, trn/lr 7.712e-03, val/acc 7.913e-01, val/nll 8.009e-01
[2023-04-07 09:09:05] [Epoch    65/  200] trn/loss 9.032e-02, trn/lr 7.646e-03, val/acc 8.628e-01, val/nll 4.908e-01 (best_acc: 8.511e-01 -> 8.628e-01, test_acc: 8.613e-01, test_nll: 4.996e-01)
[2023-04-07 09:10:27] [Epoch    66/  200] trn/loss 7.894e-02, trn/lr 7.579e-03, val/acc 8.518e-01, val/nll 5.618e-01
[2023-04-07 09:11:50] [Epoch    67/  200] trn/loss 8.653e-02, trn/lr 7.512e-03, val/acc 8.395e-01, val/nll 6.004e-01
[2023-04-07 09:13:24] [Epoch    68/  200] trn/loss 7.790e-02, trn/lr 7.443e-03, val/acc 8.649e-01, val/nll 5.319e-01 (best_acc: 8.628e-01 -> 8.649e-01, test_acc: 8.599e-01, test_nll: 5.498e-01)
[2023-04-07 09:14:47] [Epoch    69/  200] trn/loss 7.071e-02, trn/lr 7.374e-03, val/acc 8.449e-01, val/nll 6.167e-01
[2023-04-07 09:16:09] [Epoch    70/  200] trn/loss 7.175e-02, trn/lr 7.305e-03, val/acc 7.993e-01, val/nll 8.507e-01
[2023-04-07 09:17:32] [Epoch    71/  200] trn/loss 7.449e-02, trn/lr 7.235e-03, val/acc 8.522e-01, val/nll 5.685e-01
[2023-04-07 09:18:55] [Epoch    72/  200] trn/loss 7.228e-02, trn/lr 7.165e-03, val/acc 7.935e-01, val/nll 8.665e-01
[2023-04-07 09:20:17] [Epoch    73/  200] trn/loss 6.943e-02, trn/lr 7.093e-03, val/acc 8.417e-01, val/nll 6.094e-01
[2023-04-07 09:21:40] [Epoch    74/  200] trn/loss 6.318e-02, trn/lr 7.022e-03, val/acc 8.546e-01, val/nll 5.519e-01
[2023-04-07 09:23:14] [Epoch    75/  200] trn/loss 6.804e-02, trn/lr 6.950e-03, val/acc 8.822e-01, val/nll 4.378e-01 (best_acc: 8.649e-01 -> 8.822e-01, test_acc: 8.763e-01, test_nll: 4.583e-01)
[2023-04-07 09:24:37] [Epoch    76/  200] trn/loss 5.974e-02, trn/lr 6.877e-03, val/acc 8.819e-01, val/nll 4.183e-01
[2023-04-07 09:25:59] [Epoch    77/  200] trn/loss 5.026e-02, trn/lr 6.804e-03, val/acc 8.686e-01, val/nll 5.239e-01
[2023-04-07 09:27:22] [Epoch    78/  200] trn/loss 5.157e-02, trn/lr 6.731e-03, val/acc 8.291e-01, val/nll 7.035e-01
[2023-04-07 09:28:45] [Epoch    79/  200] trn/loss 5.905e-02, trn/lr 6.657e-03, val/acc 8.770e-01, val/nll 4.689e-01
[2023-04-07 09:30:07] [Epoch    80/  200] trn/loss 5.660e-02, trn/lr 6.583e-03, val/acc 8.590e-01, val/nll 5.548e-01
[2023-04-07 09:31:30] [Epoch    81/  200] trn/loss 5.851e-02, trn/lr 6.508e-03, val/acc 8.760e-01, val/nll 4.693e-01
[2023-04-07 09:32:53] [Epoch    82/  200] trn/loss 4.568e-02, trn/lr 6.433e-03, val/acc 8.450e-01, val/nll 6.126e-01
[2023-04-07 09:34:15] [Epoch    83/  200] trn/loss 4.756e-02, trn/lr 6.357e-03, val/acc 8.282e-01, val/nll 6.528e-01
[2023-04-07 09:35:38] [Epoch    84/  200] trn/loss 5.465e-02, trn/lr 6.282e-03, val/acc 8.385e-01, val/nll 6.612e-01
[2023-04-07 09:37:00] [Epoch    85/  200] trn/loss 4.653e-02, trn/lr 6.206e-03, val/acc 8.610e-01, val/nll 5.730e-01
[2023-04-07 09:38:23] [Epoch    86/  200] trn/loss 4.862e-02, trn/lr 6.129e-03, val/acc 8.746e-01, val/nll 4.821e-01
[2023-04-07 09:39:46] [Epoch    87/  200] trn/loss 4.777e-02, trn/lr 6.053e-03, val/acc 8.731e-01, val/nll 4.843e-01
[2023-04-07 09:41:08] [Epoch    88/  200] trn/loss 4.911e-02, trn/lr 5.976e-03, val/acc 8.642e-01, val/nll 5.108e-01
[2023-04-07 09:42:31] [Epoch    89/  200] trn/loss 4.602e-02, trn/lr 5.899e-03, val/acc 8.514e-01, val/nll 5.555e-01
[2023-04-07 09:43:53] [Epoch    90/  200] trn/loss 4.405e-02, trn/lr 5.821e-03, val/acc 8.751e-01, val/nll 4.684e-01
[2023-04-07 09:45:16] [Epoch    91/  200] trn/loss 3.366e-02, trn/lr 5.744e-03, val/acc 8.762e-01, val/nll 4.722e-01
[2023-04-07 09:46:38] [Epoch    92/  200] trn/loss 4.137e-02, trn/lr 5.666e-03, val/acc 8.659e-01, val/nll 5.477e-01
[2023-04-07 09:48:14] [Epoch    93/  200] trn/loss 4.122e-02, trn/lr 5.588e-03, val/acc 8.897e-01, val/nll 3.977e-01 (best_acc: 8.822e-01 -> 8.897e-01, test_acc: 8.865e-01, test_nll: 4.250e-01)
[2023-04-07 09:49:36] [Epoch    94/  200] trn/loss 4.295e-02, trn/lr 5.510e-03, val/acc 8.582e-01, val/nll 5.763e-01
[2023-04-07 09:50:59] [Epoch    95/  200] trn/loss 3.552e-02, trn/lr 5.432e-03, val/acc 8.514e-01, val/nll 5.744e-01
[2023-04-07 09:52:33] [Epoch    96/  200] trn/loss 2.995e-02, trn/lr 5.353e-03, val/acc 8.908e-01, val/nll 4.077e-01 (best_acc: 8.897e-01 -> 8.908e-01, test_acc: 8.893e-01, test_nll: 4.313e-01)
[2023-04-07 09:53:56] [Epoch    97/  200] trn/loss 3.581e-02, trn/lr 5.275e-03, val/acc 8.694e-01, val/nll 5.096e-01
[2023-04-07 09:55:18] [Epoch    98/  200] trn/loss 3.592e-02, trn/lr 5.197e-03, val/acc 8.784e-01, val/nll 4.657e-01
[2023-04-07 09:56:41] [Epoch    99/  200] trn/loss 3.945e-02, trn/lr 5.118e-03, val/acc 8.590e-01, val/nll 5.523e-01
[2023-04-07 09:58:04] [Epoch   100/  200] trn/loss 3.987e-02, trn/lr 5.040e-03, val/acc 8.862e-01, val/nll 4.349e-01
[2023-04-07 09:59:26] [Epoch   101/  200] trn/loss 3.548e-02, trn/lr 4.961e-03, val/acc 8.660e-01, val/nll 5.094e-01
[2023-04-07 10:00:49] [Epoch   102/  200] trn/loss 3.293e-02, trn/lr 4.882e-03, val/acc 8.831e-01, val/nll 4.374e-01
[2023-04-07 10:02:11] [Epoch   103/  200] trn/loss 2.388e-02, trn/lr 4.804e-03, val/acc 8.895e-01, val/nll 4.317e-01
[2023-04-07 10:03:34] [Epoch   104/  200] trn/loss 2.812e-02, trn/lr 4.725e-03, val/acc 8.138e-01, val/nll 7.879e-01
[2023-04-07 10:04:57] [Epoch   105/  200] trn/loss 2.725e-02, trn/lr 4.647e-03, val/acc 8.890e-01, val/nll 4.284e-01
[2023-04-07 10:06:19] [Epoch   106/  200] trn/loss 2.297e-02, trn/lr 4.569e-03, val/acc 8.803e-01, val/nll 4.557e-01
[2023-04-07 10:07:54] [Epoch   107/  200] trn/loss 2.077e-02, trn/lr 4.491e-03, val/acc 8.987e-01, val/nll 3.891e-01 (best_acc: 8.908e-01 -> 8.987e-01, test_acc: 8.933e-01, test_nll: 4.118e-01)
[2023-04-07 10:12:03] [Epoch   108/  200] trn/loss 2.442e-02, trn/lr 4.413e-03, val/acc 9.001e-01, val/nll 3.741e-01 (best_acc: 8.987e-01 -> 9.001e-01, test_acc: 8.945e-01, test_nll: 4.026e-01)
[2023-04-07 10:13:24] [Epoch   109/  200] trn/loss 2.261e-02, trn/lr 4.335e-03, val/acc 8.915e-01, val/nll 4.162e-01
[2023-04-07 10:14:46] [Epoch   110/  200] trn/loss 2.382e-02, trn/lr 4.257e-03, val/acc 8.976e-01, val/nll 4.016e-01
[2023-04-07 10:16:08] [Epoch   111/  200] trn/loss 2.060e-02, trn/lr 4.179e-03, val/acc 8.969e-01, val/nll 4.073e-01
[2023-04-07 10:17:31] [Epoch   112/  200] trn/loss 1.907e-02, trn/lr 4.102e-03, val/acc 8.918e-01, val/nll 4.200e-01
[2023-04-07 10:18:53] [Epoch   113/  200] trn/loss 1.991e-02, trn/lr 4.025e-03, val/acc 8.886e-01, val/nll 4.459e-01
[2023-04-07 10:20:16] [Epoch   114/  200] trn/loss 2.236e-02, trn/lr 3.948e-03, val/acc 8.616e-01, val/nll 5.382e-01
[2023-04-07 10:21:51] [Epoch   115/  200] trn/loss 1.599e-02, trn/lr 3.871e-03, val/acc 9.022e-01, val/nll 3.714e-01 (best_acc: 9.001e-01 -> 9.022e-01, test_acc: 8.978e-01, test_nll: 3.871e-01)
[2023-04-07 10:23:25] [Epoch   116/  200] trn/loss 1.378e-02, trn/lr 3.795e-03, val/acc 9.117e-01, val/nll 3.470e-01 (best_acc: 9.022e-01 -> 9.117e-01, test_acc: 9.032e-01, test_nll: 3.658e-01)
[2023-04-07 10:24:48] [Epoch   117/  200] trn/loss 1.063e-02, trn/lr 3.719e-03, val/acc 9.065e-01, val/nll 3.508e-01
[2023-04-07 10:26:11] [Epoch   118/  200] trn/loss 8.458e-03, trn/lr 3.643e-03, val/acc 9.066e-01, val/nll 3.547e-01
[2023-04-07 10:27:45] [Epoch   119/  200] trn/loss 9.012e-03, trn/lr 3.568e-03, val/acc 9.174e-01, val/nll 3.213e-01 (best_acc: 9.117e-01 -> 9.174e-01, test_acc: 9.126e-01, test_nll: 3.388e-01)
[2023-04-07 10:29:08] [Epoch   120/  200] trn/loss 8.432e-03, trn/lr 3.493e-03, val/acc 9.097e-01, val/nll 3.329e-01
[2023-04-07 10:30:30] [Epoch   121/  200] trn/loss 9.310e-03, trn/lr 3.418e-03, val/acc 9.123e-01, val/nll 3.298e-01
[2023-04-07 10:31:53] [Epoch   122/  200] trn/loss 7.618e-03, trn/lr 3.344e-03, val/acc 9.158e-01, val/nll 3.229e-01
[2023-04-07 10:33:16] [Epoch   123/  200] trn/loss 9.017e-03, trn/lr 3.270e-03, val/acc 9.107e-01, val/nll 3.470e-01
[2023-04-07 10:34:38] [Epoch   124/  200] trn/loss 9.361e-03, trn/lr 3.196e-03, val/acc 9.112e-01, val/nll 3.565e-01
[2023-04-07 10:36:01] [Epoch   125/  200] trn/loss 8.587e-03, trn/lr 3.123e-03, val/acc 9.074e-01, val/nll 3.499e-01
[2023-04-07 10:37:24] [Epoch   126/  200] trn/loss 8.078e-03, trn/lr 3.051e-03, val/acc 9.101e-01, val/nll 3.386e-01
[2023-04-07 10:38:47] [Epoch   127/  200] trn/loss 7.244e-03, trn/lr 2.979e-03, val/acc 9.165e-01, val/nll 3.184e-01
[2023-04-07 10:40:09] [Epoch   128/  200] trn/loss 7.204e-03, trn/lr 2.907e-03, val/acc 9.173e-01, val/nll 3.183e-01
[2023-04-07 10:41:44] [Epoch   129/  200] trn/loss 7.094e-03, trn/lr 2.836e-03, val/acc 9.178e-01, val/nll 3.120e-01 (best_acc: 9.174e-01 -> 9.178e-01, test_acc: 9.153e-01, test_nll: 3.160e-01)
[2023-04-07 10:43:07] [Epoch   130/  200] trn/loss 7.236e-03, trn/lr 2.765e-03, val/acc 9.154e-01, val/nll 3.147e-01
[2023-04-07 10:44:29] [Epoch   131/  200] trn/loss 7.369e-03, trn/lr 2.695e-03, val/acc 9.137e-01, val/nll 3.187e-01
[2023-04-07 10:46:04] [Epoch   132/  200] trn/loss 7.188e-03, trn/lr 2.626e-03, val/acc 9.181e-01, val/nll 3.106e-01 (best_acc: 9.178e-01 -> 9.181e-01, test_acc: 9.188e-01, test_nll: 3.140e-01)
[2023-04-07 10:47:38] [Epoch   133/  200] trn/loss 6.864e-03, trn/lr 2.557e-03, val/acc 9.207e-01, val/nll 3.092e-01 (best_acc: 9.181e-01 -> 9.207e-01, test_acc: 9.188e-01, test_nll: 3.091e-01)
[2023-04-07 10:49:01] [Epoch   134/  200] trn/loss 7.233e-03, trn/lr 2.489e-03, val/acc 9.191e-01, val/nll 3.119e-01
[2023-04-07 10:50:23] [Epoch   135/  200] trn/loss 7.446e-03, trn/lr 2.421e-03, val/acc 9.153e-01, val/nll 3.169e-01
[2023-04-07 10:51:46] [Epoch   136/  200] trn/loss 6.947e-03, trn/lr 2.354e-03, val/acc 9.202e-01, val/nll 3.046e-01
[2023-04-07 10:53:08] [Epoch   137/  200] trn/loss 7.157e-03, trn/lr 2.288e-03, val/acc 9.204e-01, val/nll 3.056e-01
[2023-04-07 10:54:31] [Epoch   138/  200] trn/loss 7.286e-03, trn/lr 2.222e-03, val/acc 9.196e-01, val/nll 3.079e-01
[2023-04-07 10:55:54] [Epoch   139/  200] trn/loss 7.144e-03, trn/lr 2.157e-03, val/acc 9.197e-01, val/nll 3.034e-01
[2023-04-07 10:57:16] [Epoch   140/  200] trn/loss 6.992e-03, trn/lr 2.093e-03, val/acc 9.185e-01, val/nll 3.083e-01
[2023-04-07 10:58:39] [Epoch   141/  200] trn/loss 7.074e-03, trn/lr 2.030e-03, val/acc 9.185e-01, val/nll 3.107e-01
[2023-04-07 11:00:01] [Epoch   142/  200] trn/loss 7.033e-03, trn/lr 1.967e-03, val/acc 9.185e-01, val/nll 3.094e-01
[2023-04-07 11:01:24] [Epoch   143/  200] trn/loss 7.149e-03, trn/lr 1.905e-03, val/acc 9.191e-01, val/nll 3.089e-01
[2023-04-07 11:02:46] [Epoch   144/  200] trn/loss 7.061e-03, trn/lr 1.843e-03, val/acc 9.194e-01, val/nll 3.067e-01
[2023-04-07 11:04:09] [Epoch   145/  200] trn/loss 7.058e-03, trn/lr 1.783e-03, val/acc 9.183e-01, val/nll 3.070e-01
[2023-04-07 11:05:32] [Epoch   146/  200] trn/loss 7.046e-03, trn/lr 1.723e-03, val/acc 9.194e-01, val/nll 3.071e-01
[2023-04-07 11:06:54] [Epoch   147/  200] trn/loss 7.046e-03, trn/lr 1.664e-03, val/acc 9.191e-01, val/nll 3.041e-01
[2023-04-07 11:08:17] [Epoch   148/  200] trn/loss 7.335e-03, trn/lr 1.606e-03, val/acc 9.176e-01, val/nll 3.080e-01
[2023-04-07 11:09:39] [Epoch   149/  200] trn/loss 7.383e-03, trn/lr 1.549e-03, val/acc 9.179e-01, val/nll 3.097e-01
[2023-04-07 11:11:02] [Epoch   150/  200] trn/loss 7.442e-03, trn/lr 1.493e-03, val/acc 9.199e-01, val/nll 3.060e-01
[2023-04-07 11:12:25] [Epoch   151/  200] trn/loss 7.323e-03, trn/lr 1.437e-03, val/acc 9.187e-01, val/nll 3.092e-01
[2023-04-07 11:13:47] [Epoch   152/  200] trn/loss 7.193e-03, trn/lr 1.382e-03, val/acc 9.205e-01, val/nll 3.071e-01
[2023-04-07 11:15:10] [Epoch   153/  200] trn/loss 7.210e-03, trn/lr 1.329e-03, val/acc 9.204e-01, val/nll 3.027e-01
[2023-04-07 11:16:32] [Epoch   154/  200] trn/loss 7.376e-03, trn/lr 1.276e-03, val/acc 9.195e-01, val/nll 3.063e-01
[2023-04-07 11:17:55] [Epoch   155/  200] trn/loss 7.462e-03, trn/lr 1.224e-03, val/acc 9.191e-01, val/nll 3.047e-01
[2023-04-07 11:19:17] [Epoch   156/  200] trn/loss 7.404e-03, trn/lr 1.173e-03, val/acc 9.200e-01, val/nll 3.016e-01
[2023-04-07 11:20:40] [Epoch   157/  200] trn/loss 7.460e-03, trn/lr 1.123e-03, val/acc 9.188e-01, val/nll 3.035e-01
[2023-04-07 11:22:03] [Epoch   158/  200] trn/loss 7.336e-03, trn/lr 1.074e-03, val/acc 9.205e-01, val/nll 3.024e-01
[2023-04-07 11:23:38] [Epoch   159/  200] trn/loss 7.310e-03, trn/lr 1.025e-03, val/acc 9.208e-01, val/nll 3.031e-01 (best_acc: 9.207e-01 -> 9.208e-01, test_acc: 9.212e-01, test_nll: 3.040e-01)
[2023-04-07 11:25:14] [Epoch   160/  200] trn/loss 7.482e-03, trn/lr 9.783e-04, val/acc 9.210e-01, val/nll 3.042e-01 (best_acc: 9.208e-01 -> 9.210e-01, test_acc: 9.214e-01, test_nll: 3.031e-01)
[2023-04-07 11:26:37] [Epoch   161/  200] trn/loss 7.457e-03, trn/lr 9.321e-04, val/acc 9.209e-01, val/nll 3.049e-01
[2023-04-07 11:27:59] [Epoch   162/  200] trn/loss 7.520e-03, trn/lr 8.870e-04, val/acc 9.201e-01, val/nll 3.055e-01
[2023-04-07 11:29:22] [Epoch   163/  200] trn/loss 7.619e-03, trn/lr 8.428e-04, val/acc 9.199e-01, val/nll 3.041e-01
[2023-04-07 11:30:44] [Epoch   164/  200] trn/loss 7.555e-03, trn/lr 7.997e-04, val/acc 9.201e-01, val/nll 3.049e-01
[2023-04-07 11:32:07] [Epoch   165/  200] trn/loss 7.422e-03, trn/lr 7.576e-04, val/acc 9.200e-01, val/nll 3.039e-01
[2023-04-07 11:33:29] [Epoch   166/  200] trn/loss 7.442e-03, trn/lr 7.166e-04, val/acc 9.209e-01, val/nll 3.025e-01
[2023-04-07 11:34:52] [Epoch   167/  200] trn/loss 7.625e-03, trn/lr 6.766e-04, val/acc 9.202e-01, val/nll 3.033e-01
[2023-04-07 11:36:14] [Epoch   168/  200] trn/loss 7.541e-03, trn/lr 6.377e-04, val/acc 9.202e-01, val/nll 3.055e-01
[2023-04-07 11:37:37] [Epoch   169/  200] trn/loss 7.507e-03, trn/lr 5.998e-04, val/acc 9.189e-01, val/nll 3.056e-01
[2023-04-07 11:39:00] [Epoch   170/  200] trn/loss 7.478e-03, trn/lr 5.631e-04, val/acc 9.202e-01, val/nll 3.037e-01
[2023-04-07 11:40:22] [Epoch   171/  200] trn/loss 7.540e-03, trn/lr 5.274e-04, val/acc 9.200e-01, val/nll 3.051e-01
[2023-04-07 11:41:45] [Epoch   172/  200] trn/loss 7.630e-03, trn/lr 4.929e-04, val/acc 9.197e-01, val/nll 3.030e-01
[2023-04-07 11:43:07] [Epoch   173/  200] trn/loss 7.722e-03, trn/lr 4.594e-04, val/acc 9.200e-01, val/nll 3.040e-01
[2023-04-07 11:44:30] [Epoch   174/  200] trn/loss 7.695e-03, trn/lr 4.271e-04, val/acc 9.197e-01, val/nll 3.057e-01
[2023-04-07 11:45:53] [Epoch   175/  200] trn/loss 7.539e-03, trn/lr 3.959e-04, val/acc 9.198e-01, val/nll 3.050e-01
[2023-04-07 11:47:15] [Epoch   176/  200] trn/loss 7.484e-03, trn/lr 3.659e-04, val/acc 9.191e-01, val/nll 3.056e-01
[2023-04-07 11:48:38] [Epoch   177/  200] trn/loss 7.657e-03, trn/lr 3.369e-04, val/acc 9.205e-01, val/nll 3.061e-01
[2023-04-07 11:50:00] [Epoch   178/  200] trn/loss 7.659e-03, trn/lr 3.092e-04, val/acc 9.208e-01, val/nll 3.046e-01
[2023-04-07 11:51:23] [Epoch   179/  200] trn/loss 7.702e-03, trn/lr 2.826e-04, val/acc 9.201e-01, val/nll 3.067e-01
[2023-04-07 11:52:45] [Epoch   180/  200] trn/loss 7.703e-03, trn/lr 2.571e-04, val/acc 9.202e-01, val/nll 3.022e-01
[2023-04-07 11:54:08] [Epoch   181/  200] trn/loss 7.599e-03, trn/lr 2.329e-04, val/acc 9.189e-01, val/nll 3.068e-01
[2023-04-07 11:55:30] [Epoch   182/  200] trn/loss 7.552e-03, trn/lr 2.098e-04, val/acc 9.189e-01, val/nll 3.094e-01
[2023-04-07 11:56:53] [Epoch   183/  200] trn/loss 7.672e-03, trn/lr 1.878e-04, val/acc 9.204e-01, val/nll 3.023e-01
[2023-04-07 11:58:15] [Epoch   184/  200] trn/loss 7.656e-03, trn/lr 1.671e-04, val/acc 9.198e-01, val/nll 3.069e-01
[2023-04-07 11:59:38] [Epoch   185/  200] trn/loss 7.603e-03, trn/lr 1.476e-04, val/acc 9.191e-01, val/nll 3.063e-01
[2023-04-07 12:01:00] [Epoch   186/  200] trn/loss 7.521e-03, trn/lr 1.292e-04, val/acc 9.204e-01, val/nll 3.046e-01
[2023-04-07 12:02:23] [Epoch   187/  200] trn/loss 7.724e-03, trn/lr 1.121e-04, val/acc 9.194e-01, val/nll 3.065e-01
[2023-04-07 12:03:46] [Epoch   188/  200] trn/loss 7.654e-03, trn/lr 9.617e-05, val/acc 9.202e-01, val/nll 3.044e-01
[2023-04-07 12:05:08] [Epoch   189/  200] trn/loss 7.544e-03, trn/lr 8.145e-05, val/acc 9.202e-01, val/nll 3.039e-01
[2023-04-07 12:06:31] [Epoch   190/  200] trn/loss 7.628e-03, trn/lr 6.794e-05, val/acc 9.204e-01, val/nll 3.045e-01
[2023-04-07 12:07:53] [Epoch   191/  200] trn/loss 7.602e-03, trn/lr 5.565e-05, val/acc 9.192e-01, val/nll 3.039e-01
[2023-04-07 12:09:16] [Epoch   192/  200] trn/loss 7.652e-03, trn/lr 4.458e-05, val/acc 9.204e-01, val/nll 3.043e-01
[2023-04-07 12:10:38] [Epoch   193/  200] trn/loss 7.715e-03, trn/lr 3.474e-05, val/acc 9.204e-01, val/nll 3.041e-01
[2023-04-07 12:12:01] [Epoch   194/  200] trn/loss 7.734e-03, trn/lr 2.612e-05, val/acc 9.204e-01, val/nll 3.031e-01
[2023-04-07 12:13:23] [Epoch   195/  200] trn/loss 7.643e-03, trn/lr 1.872e-05, val/acc 9.206e-01, val/nll 3.055e-01
[2023-04-07 12:14:46] [Epoch   196/  200] trn/loss 7.518e-03, trn/lr 1.255e-05, val/acc 9.204e-01, val/nll 3.047e-01
[2023-04-07 12:16:08] [Epoch   197/  200] trn/loss 7.583e-03, trn/lr 7.619e-06, val/acc 9.202e-01, val/nll 3.058e-01
[2023-04-07 12:17:31] [Epoch   198/  200] trn/loss 7.809e-03, trn/lr 3.916e-06, val/acc 9.199e-01, val/nll 3.054e-01
[2023-04-07 12:18:53] [Epoch   199/  200] trn/loss 7.624e-03, trn/lr 1.445e-06, val/acc 9.192e-01, val/nll 3.053e-01
[2023-04-07 12:20:16] [Epoch   200/  200] trn/loss 7.792e-03, trn/lr 2.075e-07, val/acc 9.204e-01, val/nll 3.054e-01
