[2023-02-20 01:28:54] Environments:
------------  ------------------------------------------------------------
sys.platform  linux
Python        3.8.10 (default, Nov 14 2022, 12:59:47) [GCC 9.4.0]
JAX           0.4.2 @/home/giung/.local/lib/python3.8/site-packages/jax
jaxlib        0.4.2 @/home/giung/.local/lib/python3.8/site-packages/jaxlib
Flax          0.6.4 @/home/giung/.local/lib/python3.8/site-packages/flax
Optax         0.1.4 @/home/giung/.local/lib/python3.8/site-packages/optax
------------  ------------------------------------------------------------

[2023-02-20 01:28:54] Command line arguments:
- args.data_root          : ./data/
- args.data_name          : CIFAR10_x32
- args.data_augmentation  : standard
- args.data_proportional  : 1.0
- args.model_depth        : 20
- args.model_width        : 4
- args.model_style        : BN-ReLU
- args.optim_bs           : 256
- args.optim_ne           : 200
- args.optim_lr           : 0.1
- args.optim_momentum     : 0.97
- args.optim_weight_decay : 0.001
- args.rho                : 0.03
- args.save               : /home/giung/giung2-dev/projects/sam/save/CIFAR10_x32/R20x4-BN-ReLU/ASAM/bs-0256_ne-0200_lr-0.10_mo-0.97_wd-0.0010_rho-0.0300_fp32/42
- args.seed               : 42
- args.precision          : fp32

[2023-02-20 01:29:00] Multiple local devices are detected:
[TpuDevice(id=0, process_index=0, coords=(0,0,0), core_on_chip=0), TpuDevice(id=1, process_index=0, coords=(0,0,0), core_on_chip=1), TpuDevice(id=2, process_index=0, coords=(1,0,0), core_on_chip=0), TpuDevice(id=3, process_index=0, coords=(1,0,0), core_on_chip=1), TpuDevice(id=4, process_index=0, coords=(0,1,0), core_on_chip=0), TpuDevice(id=5, process_index=0, coords=(0,1,0), core_on_chip=1), TpuDevice(id=6, process_index=0, coords=(1,1,0), core_on_chip=0), TpuDevice(id=7, process_index=0, coords=(1,1,0), core_on_chip=1)]

[2023-02-20 01:30:03] [Epoch     1/  200] trn/loss 2.535e+00, trn/lr 1.000e-01, val/acc 2.322e-01, val/nll 1.998e+00 (best_acc: 0.000e+00 -> 2.322e-01, test_acc: 2.305e-01, test_nll: 2.001e+00)
[2023-02-20 01:30:11] [Epoch     2/  200] trn/loss 1.936e+00, trn/lr 9.999e-02, val/acc 2.835e-01, val/nll 1.862e+00 (best_acc: 2.322e-01 -> 2.835e-01, test_acc: 2.745e-01, test_nll: 1.868e+00)
[2023-02-20 01:30:19] [Epoch     3/  200] trn/loss 1.748e+00, trn/lr 9.996e-02, val/acc 2.909e-01, val/nll 2.051e+00 (best_acc: 2.835e-01 -> 2.909e-01, test_acc: 2.944e-01, test_nll: 2.066e+00)
[2023-02-20 01:30:27] [Epoch     4/  200] trn/loss 1.521e+00, trn/lr 9.992e-02, val/acc 4.852e-01, val/nll 1.497e+00 (best_acc: 2.909e-01 -> 4.852e-01, test_acc: 4.793e-01, test_nll: 1.494e+00)
[2023-02-20 01:30:34] [Epoch     5/  200] trn/loss 1.348e+00, trn/lr 9.987e-02, val/acc 3.852e-01, val/nll 2.033e+00
[2023-02-20 01:30:42] [Epoch     6/  200] trn/loss 1.220e+00, trn/lr 9.981e-02, val/acc 3.579e-01, val/nll 2.384e+00
[2023-02-20 01:30:49] [Epoch     7/  200] trn/loss 1.113e+00, trn/lr 9.974e-02, val/acc 4.263e-01, val/nll 1.841e+00
[2023-02-20 01:30:57] [Epoch     8/  200] trn/loss 1.018e+00, trn/lr 9.965e-02, val/acc 6.006e-01, val/nll 1.184e+00 (best_acc: 4.852e-01 -> 6.006e-01, test_acc: 5.954e-01, test_nll: 1.201e+00)
[2023-02-20 01:31:04] [Epoch     9/  200] trn/loss 9.220e-01, trn/lr 9.955e-02, val/acc 3.810e-01, val/nll 3.184e+00
[2023-02-20 01:31:12] [Epoch    10/  200] trn/loss 8.624e-01, trn/lr 9.944e-02, val/acc 6.437e-01, val/nll 1.076e+00 (best_acc: 6.006e-01 -> 6.437e-01, test_acc: 6.463e-01, test_nll: 1.084e+00)
[2023-02-20 01:31:19] [Epoch    11/  200] trn/loss 8.278e-01, trn/lr 9.932e-02, val/acc 6.254e-01, val/nll 1.178e+00
[2023-02-20 01:31:27] [Epoch    12/  200] trn/loss 7.864e-01, trn/lr 9.919e-02, val/acc 5.277e-01, val/nll 1.560e+00
[2023-02-20 01:31:35] [Epoch    13/  200] trn/loss 7.590e-01, trn/lr 9.904e-02, val/acc 6.743e-01, val/nll 9.688e-01 (best_acc: 6.437e-01 -> 6.743e-01, test_acc: 6.672e-01, test_nll: 9.920e-01)
[2023-02-20 01:31:42] [Epoch    14/  200] trn/loss 7.649e-01, trn/lr 9.888e-02, val/acc 6.680e-01, val/nll 1.124e+00
[2023-02-20 01:31:50] [Epoch    15/  200] trn/loss 7.564e-01, trn/lr 9.871e-02, val/acc 6.969e-01, val/nll 8.936e-01 (best_acc: 6.743e-01 -> 6.969e-01, test_acc: 6.965e-01, test_nll: 9.142e-01)
[2023-02-20 01:31:57] [Epoch    16/  200] trn/loss 7.271e-01, trn/lr 9.853e-02, val/acc 6.610e-01, val/nll 1.076e+00
[2023-02-20 01:32:04] [Epoch    17/  200] trn/loss 7.253e-01, trn/lr 9.833e-02, val/acc 6.653e-01, val/nll 1.086e+00
[2023-02-20 01:32:11] [Epoch    18/  200] trn/loss 7.150e-01, trn/lr 9.812e-02, val/acc 6.760e-01, val/nll 1.020e+00
[2023-02-20 01:32:19] [Epoch    19/  200] trn/loss 7.059e-01, trn/lr 9.790e-02, val/acc 6.775e-01, val/nll 9.942e-01
[2023-02-20 01:32:27] [Epoch    20/  200] trn/loss 7.097e-01, trn/lr 9.767e-02, val/acc 7.025e-01, val/nll 9.260e-01 (best_acc: 6.969e-01 -> 7.025e-01, test_acc: 6.892e-01, test_nll: 9.622e-01)
[2023-02-20 01:32:34] [Epoch    21/  200] trn/loss 6.988e-01, trn/lr 9.743e-02, val/acc 6.770e-01, val/nll 1.021e+00
[2023-02-20 01:32:41] [Epoch    22/  200] trn/loss 6.931e-01, trn/lr 9.718e-02, val/acc 6.738e-01, val/nll 9.849e-01
[2023-02-20 01:32:48] [Epoch    23/  200] trn/loss 6.955e-01, trn/lr 9.691e-02, val/acc 6.012e-01, val/nll 1.347e+00
[2023-02-20 01:32:55] [Epoch    24/  200] trn/loss 6.898e-01, trn/lr 9.663e-02, val/acc 6.962e-01, val/nll 8.719e-01
[2023-02-20 01:33:03] [Epoch    25/  200] trn/loss 6.825e-01, trn/lr 9.634e-02, val/acc 7.054e-01, val/nll 9.487e-01 (best_acc: 7.025e-01 -> 7.054e-01, test_acc: 6.928e-01, test_nll: 9.903e-01)
[2023-02-20 01:33:11] [Epoch    26/  200] trn/loss 6.832e-01, trn/lr 9.604e-02, val/acc 5.510e-01, val/nll 1.579e+00
[2023-02-20 01:33:19] [Epoch    27/  200] trn/loss 6.840e-01, trn/lr 9.573e-02, val/acc 7.226e-01, val/nll 8.064e-01 (best_acc: 7.054e-01 -> 7.226e-01, test_acc: 7.228e-01, test_nll: 8.197e-01)
[2023-02-20 01:33:26] [Epoch    28/  200] trn/loss 6.700e-01, trn/lr 9.541e-02, val/acc 6.676e-01, val/nll 1.044e+00
[2023-02-20 01:33:33] [Epoch    29/  200] trn/loss 6.792e-01, trn/lr 9.507e-02, val/acc 6.640e-01, val/nll 1.041e+00
[2023-02-20 01:33:40] [Epoch    30/  200] trn/loss 6.715e-01, trn/lr 9.473e-02, val/acc 7.110e-01, val/nll 8.878e-01
[2023-02-20 01:33:47] [Epoch    31/  200] trn/loss 6.749e-01, trn/lr 9.437e-02, val/acc 7.044e-01, val/nll 8.840e-01
[2023-02-20 01:33:55] [Epoch    32/  200] trn/loss 6.619e-01, trn/lr 9.400e-02, val/acc 6.725e-01, val/nll 9.827e-01
[2023-02-20 01:34:02] [Epoch    33/  200] trn/loss 6.690e-01, trn/lr 9.363e-02, val/acc 7.013e-01, val/nll 8.737e-01
[2023-02-20 01:34:09] [Epoch    34/  200] trn/loss 6.727e-01, trn/lr 9.324e-02, val/acc 6.747e-01, val/nll 9.786e-01
[2023-02-20 01:34:17] [Epoch    35/  200] trn/loss 6.527e-01, trn/lr 9.284e-02, val/acc 7.392e-01, val/nll 7.613e-01 (best_acc: 7.226e-01 -> 7.392e-01, test_acc: 7.425e-01, test_nll: 7.740e-01)
[2023-02-20 01:34:24] [Epoch    36/  200] trn/loss 6.640e-01, trn/lr 9.243e-02, val/acc 6.861e-01, val/nll 9.534e-01
[2023-02-20 01:34:31] [Epoch    37/  200] trn/loss 6.504e-01, trn/lr 9.201e-02, val/acc 6.282e-01, val/nll 1.124e+00
[2023-02-20 01:34:39] [Epoch    38/  200] trn/loss 6.533e-01, trn/lr 9.157e-02, val/acc 6.663e-01, val/nll 1.104e+00
[2023-02-20 01:34:46] [Epoch    39/  200] trn/loss 6.374e-01, trn/lr 9.113e-02, val/acc 5.712e-01, val/nll 1.529e+00
[2023-02-20 01:34:53] [Epoch    40/  200] trn/loss 6.492e-01, trn/lr 9.068e-02, val/acc 6.553e-01, val/nll 1.001e+00
[2023-02-20 01:35:00] [Epoch    41/  200] trn/loss 6.490e-01, trn/lr 9.022e-02, val/acc 7.260e-01, val/nll 8.070e-01
[2023-02-20 01:35:08] [Epoch    42/  200] trn/loss 6.366e-01, trn/lr 8.975e-02, val/acc 6.588e-01, val/nll 1.056e+00
[2023-02-20 01:35:15] [Epoch    43/  200] trn/loss 6.424e-01, trn/lr 8.927e-02, val/acc 7.319e-01, val/nll 7.908e-01
[2023-02-20 01:35:22] [Epoch    44/  200] trn/loss 6.455e-01, trn/lr 8.878e-02, val/acc 4.637e-01, val/nll 2.335e+00
[2023-02-20 01:35:29] [Epoch    45/  200] trn/loss 6.294e-01, trn/lr 8.828e-02, val/acc 6.280e-01, val/nll 1.206e+00
[2023-02-20 01:35:36] [Epoch    46/  200] trn/loss 6.266e-01, trn/lr 8.777e-02, val/acc 7.192e-01, val/nll 8.170e-01
[2023-02-20 01:35:44] [Epoch    47/  200] trn/loss 6.291e-01, trn/lr 8.725e-02, val/acc 7.373e-01, val/nll 8.411e-01
[2023-02-20 01:35:52] [Epoch    48/  200] trn/loss 6.232e-01, trn/lr 8.672e-02, val/acc 7.795e-01, val/nll 6.416e-01 (best_acc: 7.392e-01 -> 7.795e-01, test_acc: 7.737e-01, test_nll: 6.524e-01)
[2023-02-20 01:35:59] [Epoch    49/  200] trn/loss 6.220e-01, trn/lr 8.618e-02, val/acc 6.220e-01, val/nll 1.399e+00
[2023-02-20 01:36:06] [Epoch    50/  200] trn/loss 6.164e-01, trn/lr 8.563e-02, val/acc 6.542e-01, val/nll 1.165e+00
[2023-02-20 01:36:13] [Epoch    51/  200] trn/loss 6.306e-01, trn/lr 8.508e-02, val/acc 6.416e-01, val/nll 1.073e+00
[2023-02-20 01:36:20] [Epoch    52/  200] trn/loss 6.250e-01, trn/lr 8.451e-02, val/acc 7.551e-01, val/nll 7.087e-01
[2023-02-20 01:36:28] [Epoch    53/  200] trn/loss 6.183e-01, trn/lr 8.394e-02, val/acc 6.638e-01, val/nll 1.138e+00
[2023-02-20 01:36:35] [Epoch    54/  200] trn/loss 6.204e-01, trn/lr 8.336e-02, val/acc 6.352e-01, val/nll 1.160e+00
[2023-02-20 01:36:42] [Epoch    55/  200] trn/loss 6.251e-01, trn/lr 8.277e-02, val/acc 7.025e-01, val/nll 8.764e-01
[2023-02-20 01:36:49] [Epoch    56/  200] trn/loss 6.097e-01, trn/lr 8.217e-02, val/acc 7.324e-01, val/nll 8.021e-01
[2023-02-20 01:36:56] [Epoch    57/  200] trn/loss 6.093e-01, trn/lr 8.157e-02, val/acc 7.347e-01, val/nll 7.639e-01
[2023-02-20 01:37:03] [Epoch    58/  200] trn/loss 6.036e-01, trn/lr 8.096e-02, val/acc 7.369e-01, val/nll 7.825e-01
[2023-02-20 01:37:11] [Epoch    59/  200] trn/loss 6.037e-01, trn/lr 8.034e-02, val/acc 6.716e-01, val/nll 9.691e-01
[2023-02-20 01:37:18] [Epoch    60/  200] trn/loss 5.952e-01, trn/lr 7.971e-02, val/acc 6.691e-01, val/nll 1.122e+00
[2023-02-20 01:37:25] [Epoch    61/  200] trn/loss 6.030e-01, trn/lr 7.907e-02, val/acc 7.546e-01, val/nll 7.326e-01
[2023-02-20 01:37:32] [Epoch    62/  200] trn/loss 5.869e-01, trn/lr 7.843e-02, val/acc 7.217e-01, val/nll 8.616e-01
[2023-02-20 01:37:39] [Epoch    63/  200] trn/loss 6.136e-01, trn/lr 7.778e-02, val/acc 6.267e-01, val/nll 1.304e+00
[2023-02-20 01:37:47] [Epoch    64/  200] trn/loss 5.905e-01, trn/lr 7.712e-02, val/acc 6.501e-01, val/nll 9.925e-01
[2023-02-20 01:37:54] [Epoch    65/  200] trn/loss 5.893e-01, trn/lr 7.646e-02, val/acc 7.040e-01, val/nll 9.550e-01
[2023-02-20 01:38:01] [Epoch    66/  200] trn/loss 5.861e-01, trn/lr 7.579e-02, val/acc 6.545e-01, val/nll 1.250e+00
[2023-02-20 01:38:08] [Epoch    67/  200] trn/loss 5.946e-01, trn/lr 7.512e-02, val/acc 7.540e-01, val/nll 7.084e-01
[2023-02-20 01:38:15] [Epoch    68/  200] trn/loss 5.838e-01, trn/lr 7.443e-02, val/acc 7.738e-01, val/nll 6.562e-01
[2023-02-20 01:38:23] [Epoch    69/  200] trn/loss 5.730e-01, trn/lr 7.374e-02, val/acc 7.509e-01, val/nll 7.455e-01
[2023-02-20 01:38:30] [Epoch    70/  200] trn/loss 5.768e-01, trn/lr 7.305e-02, val/acc 7.198e-01, val/nll 8.617e-01
[2023-02-20 01:38:37] [Epoch    71/  200] trn/loss 5.901e-01, trn/lr 7.235e-02, val/acc 6.873e-01, val/nll 1.017e+00
[2023-02-20 01:38:44] [Epoch    72/  200] trn/loss 5.672e-01, trn/lr 7.165e-02, val/acc 6.784e-01, val/nll 9.797e-01
[2023-02-20 01:38:51] [Epoch    73/  200] trn/loss 5.748e-01, trn/lr 7.093e-02, val/acc 6.823e-01, val/nll 1.017e+00
[2023-02-20 01:38:59] [Epoch    74/  200] trn/loss 5.642e-01, trn/lr 7.022e-02, val/acc 6.812e-01, val/nll 1.082e+00
[2023-02-20 01:39:06] [Epoch    75/  200] trn/loss 5.581e-01, trn/lr 6.950e-02, val/acc 7.258e-01, val/nll 8.389e-01
[2023-02-20 01:39:14] [Epoch    76/  200] trn/loss 5.696e-01, trn/lr 6.877e-02, val/acc 8.018e-01, val/nll 5.633e-01 (best_acc: 7.795e-01 -> 8.018e-01, test_acc: 7.911e-01, test_nll: 5.903e-01)
[2023-02-20 01:39:21] [Epoch    77/  200] trn/loss 5.487e-01, trn/lr 6.804e-02, val/acc 7.397e-01, val/nll 7.831e-01
[2023-02-20 01:39:28] [Epoch    78/  200] trn/loss 5.687e-01, trn/lr 6.731e-02, val/acc 7.311e-01, val/nll 8.104e-01
[2023-02-20 01:39:35] [Epoch    79/  200] trn/loss 5.525e-01, trn/lr 6.657e-02, val/acc 7.493e-01, val/nll 7.370e-01
[2023-02-20 01:39:43] [Epoch    80/  200] trn/loss 5.580e-01, trn/lr 6.583e-02, val/acc 7.308e-01, val/nll 8.546e-01
[2023-02-20 01:39:50] [Epoch    81/  200] trn/loss 5.555e-01, trn/lr 6.508e-02, val/acc 7.855e-01, val/nll 6.568e-01
[2023-02-20 01:39:57] [Epoch    82/  200] trn/loss 5.480e-01, trn/lr 6.433e-02, val/acc 7.914e-01, val/nll 6.018e-01
[2023-02-20 01:40:04] [Epoch    83/  200] trn/loss 5.432e-01, trn/lr 6.357e-02, val/acc 7.991e-01, val/nll 6.083e-01
[2023-02-20 01:40:11] [Epoch    84/  200] trn/loss 5.430e-01, trn/lr 6.282e-02, val/acc 7.463e-01, val/nll 7.469e-01
[2023-02-20 01:40:19] [Epoch    85/  200] trn/loss 5.329e-01, trn/lr 6.206e-02, val/acc 7.648e-01, val/nll 7.181e-01
[2023-02-20 01:40:26] [Epoch    86/  200] trn/loss 5.394e-01, trn/lr 6.129e-02, val/acc 7.868e-01, val/nll 6.172e-01
[2023-02-20 01:40:33] [Epoch    87/  200] trn/loss 5.360e-01, trn/lr 6.053e-02, val/acc 7.467e-01, val/nll 8.058e-01
[2023-02-20 01:40:40] [Epoch    88/  200] trn/loss 5.290e-01, trn/lr 5.976e-02, val/acc 7.923e-01, val/nll 5.878e-01
[2023-02-20 01:40:47] [Epoch    89/  200] trn/loss 5.314e-01, trn/lr 5.899e-02, val/acc 6.893e-01, val/nll 9.133e-01
[2023-02-20 01:40:55] [Epoch    90/  200] trn/loss 5.271e-01, trn/lr 5.821e-02, val/acc 8.148e-01, val/nll 5.311e-01 (best_acc: 8.018e-01 -> 8.148e-01, test_acc: 8.067e-01, test_nll: 5.415e-01)
[2023-02-20 01:41:02] [Epoch    91/  200] trn/loss 5.147e-01, trn/lr 5.744e-02, val/acc 7.511e-01, val/nll 7.216e-01
[2023-02-20 01:41:10] [Epoch    92/  200] trn/loss 5.166e-01, trn/lr 5.666e-02, val/acc 7.800e-01, val/nll 6.516e-01
[2023-02-20 01:41:17] [Epoch    93/  200] trn/loss 5.136e-01, trn/lr 5.588e-02, val/acc 8.293e-01, val/nll 5.141e-01 (best_acc: 8.148e-01 -> 8.293e-01, test_acc: 8.175e-01, test_nll: 5.389e-01)
[2023-02-20 01:41:25] [Epoch    94/  200] trn/loss 5.083e-01, trn/lr 5.510e-02, val/acc 7.795e-01, val/nll 6.577e-01
[2023-02-20 01:41:32] [Epoch    95/  200] trn/loss 5.052e-01, trn/lr 5.432e-02, val/acc 7.708e-01, val/nll 6.871e-01
[2023-02-20 01:41:39] [Epoch    96/  200] trn/loss 5.124e-01, trn/lr 5.353e-02, val/acc 7.551e-01, val/nll 7.379e-01
[2023-02-20 01:41:46] [Epoch    97/  200] trn/loss 4.911e-01, trn/lr 5.275e-02, val/acc 8.230e-01, val/nll 5.204e-01
[2023-02-20 01:41:53] [Epoch    98/  200] trn/loss 4.855e-01, trn/lr 5.197e-02, val/acc 8.180e-01, val/nll 5.403e-01
[2023-02-20 01:42:01] [Epoch    99/  200] trn/loss 4.959e-01, trn/lr 5.118e-02, val/acc 7.757e-01, val/nll 6.523e-01
[2023-02-20 01:42:08] [Epoch   100/  200] trn/loss 4.922e-01, trn/lr 5.040e-02, val/acc 7.801e-01, val/nll 6.629e-01
[2023-02-20 01:42:15] [Epoch   101/  200] trn/loss 4.818e-01, trn/lr 4.961e-02, val/acc 7.695e-01, val/nll 7.175e-01
[2023-02-20 01:42:22] [Epoch   102/  200] trn/loss 4.726e-01, trn/lr 4.882e-02, val/acc 7.794e-01, val/nll 6.588e-01
[2023-02-20 01:42:29] [Epoch   103/  200] trn/loss 4.662e-01, trn/lr 4.804e-02, val/acc 7.183e-01, val/nll 9.149e-01
[2023-02-20 01:42:37] [Epoch   104/  200] trn/loss 4.713e-01, trn/lr 4.725e-02, val/acc 7.456e-01, val/nll 7.818e-01
[2023-02-20 01:42:44] [Epoch   105/  200] trn/loss 4.696e-01, trn/lr 4.647e-02, val/acc 7.237e-01, val/nll 9.189e-01
[2023-02-20 01:42:51] [Epoch   106/  200] trn/loss 4.676e-01, trn/lr 4.569e-02, val/acc 6.840e-01, val/nll 1.116e+00
[2023-02-20 01:42:58] [Epoch   107/  200] trn/loss 4.540e-01, trn/lr 4.491e-02, val/acc 8.098e-01, val/nll 5.690e-01
[2023-02-20 01:43:05] [Epoch   108/  200] trn/loss 4.528e-01, trn/lr 4.413e-02, val/acc 8.110e-01, val/nll 5.641e-01
[2023-02-20 01:43:12] [Epoch   109/  200] trn/loss 4.449e-01, trn/lr 4.335e-02, val/acc 7.882e-01, val/nll 6.307e-01
[2023-02-20 01:43:20] [Epoch   110/  200] trn/loss 4.504e-01, trn/lr 4.257e-02, val/acc 7.626e-01, val/nll 7.010e-01
[2023-02-20 01:43:27] [Epoch   111/  200] trn/loss 4.384e-01, trn/lr 4.179e-02, val/acc 7.492e-01, val/nll 8.250e-01
[2023-02-20 01:43:34] [Epoch   112/  200] trn/loss 4.495e-01, trn/lr 4.102e-02, val/acc 7.588e-01, val/nll 7.232e-01
[2023-02-20 01:43:41] [Epoch   113/  200] trn/loss 4.277e-01, trn/lr 4.025e-02, val/acc 7.973e-01, val/nll 6.158e-01
[2023-02-20 01:43:48] [Epoch   114/  200] trn/loss 4.278e-01, trn/lr 3.948e-02, val/acc 8.195e-01, val/nll 5.360e-01
[2023-02-20 01:43:56] [Epoch   115/  200] trn/loss 4.216e-01, trn/lr 3.871e-02, val/acc 7.425e-01, val/nll 8.198e-01
[2023-02-20 01:44:04] [Epoch   116/  200] trn/loss 4.222e-01, trn/lr 3.795e-02, val/acc 8.346e-01, val/nll 4.919e-01 (best_acc: 8.293e-01 -> 8.346e-01, test_acc: 8.278e-01, test_nll: 5.033e-01)
[2023-02-20 01:44:11] [Epoch   117/  200] trn/loss 4.247e-01, trn/lr 3.719e-02, val/acc 7.824e-01, val/nll 6.482e-01
[2023-02-20 01:44:18] [Epoch   118/  200] trn/loss 4.054e-01, trn/lr 3.643e-02, val/acc 8.212e-01, val/nll 5.181e-01
[2023-02-20 01:44:25] [Epoch   119/  200] trn/loss 4.083e-01, trn/lr 3.568e-02, val/acc 7.914e-01, val/nll 6.429e-01
[2023-02-20 01:44:32] [Epoch   120/  200] trn/loss 4.074e-01, trn/lr 3.493e-02, val/acc 7.862e-01, val/nll 6.361e-01
[2023-02-20 01:44:39] [Epoch   121/  200] trn/loss 3.930e-01, trn/lr 3.418e-02, val/acc 8.195e-01, val/nll 5.440e-01
[2023-02-20 01:44:47] [Epoch   122/  200] trn/loss 3.852e-01, trn/lr 3.344e-02, val/acc 7.430e-01, val/nll 8.370e-01
[2023-02-20 01:44:54] [Epoch   123/  200] trn/loss 3.974e-01, trn/lr 3.270e-02, val/acc 8.212e-01, val/nll 5.379e-01
[2023-02-20 01:45:01] [Epoch   124/  200] trn/loss 3.803e-01, trn/lr 3.196e-02, val/acc 7.836e-01, val/nll 6.649e-01
[2023-02-20 01:45:09] [Epoch   125/  200] trn/loss 3.725e-01, trn/lr 3.123e-02, val/acc 8.593e-01, val/nll 4.360e-01 (best_acc: 8.346e-01 -> 8.593e-01, test_acc: 8.542e-01, test_nll: 4.428e-01)
[2023-02-20 01:45:16] [Epoch   126/  200] trn/loss 3.770e-01, trn/lr 3.051e-02, val/acc 8.054e-01, val/nll 6.167e-01
[2023-02-20 01:45:24] [Epoch   127/  200] trn/loss 3.586e-01, trn/lr 2.979e-02, val/acc 8.623e-01, val/nll 3.994e-01 (best_acc: 8.593e-01 -> 8.623e-01, test_acc: 8.591e-01, test_nll: 4.100e-01)
[2023-02-20 01:45:31] [Epoch   128/  200] trn/loss 3.614e-01, trn/lr 2.907e-02, val/acc 8.395e-01, val/nll 4.680e-01
[2023-02-20 01:45:38] [Epoch   129/  200] trn/loss 3.594e-01, trn/lr 2.836e-02, val/acc 8.220e-01, val/nll 5.325e-01
[2023-02-20 01:45:46] [Epoch   130/  200] trn/loss 3.496e-01, trn/lr 2.765e-02, val/acc 8.385e-01, val/nll 4.792e-01
[2023-02-20 01:45:53] [Epoch   131/  200] trn/loss 3.431e-01, trn/lr 2.695e-02, val/acc 8.550e-01, val/nll 4.278e-01
[2023-02-20 01:46:00] [Epoch   132/  200] trn/loss 3.394e-01, trn/lr 2.626e-02, val/acc 8.607e-01, val/nll 4.035e-01
[2023-02-20 01:46:07] [Epoch   133/  200] trn/loss 3.410e-01, trn/lr 2.557e-02, val/acc 8.565e-01, val/nll 4.172e-01
[2023-02-20 01:46:14] [Epoch   134/  200] trn/loss 3.311e-01, trn/lr 2.489e-02, val/acc 8.368e-01, val/nll 4.813e-01
[2023-02-20 01:46:22] [Epoch   135/  200] trn/loss 3.339e-01, trn/lr 2.421e-02, val/acc 8.550e-01, val/nll 4.183e-01
[2023-02-20 01:46:29] [Epoch   136/  200] trn/loss 3.182e-01, trn/lr 2.354e-02, val/acc 8.580e-01, val/nll 4.444e-01
[2023-02-20 01:46:37] [Epoch   137/  200] trn/loss 3.140e-01, trn/lr 2.288e-02, val/acc 8.664e-01, val/nll 4.002e-01 (best_acc: 8.623e-01 -> 8.664e-01, test_acc: 8.600e-01, test_nll: 4.102e-01)
[2023-02-20 01:46:44] [Epoch   138/  200] trn/loss 3.024e-01, trn/lr 2.222e-02, val/acc 8.462e-01, val/nll 4.494e-01
[2023-02-20 01:46:51] [Epoch   139/  200] trn/loss 2.988e-01, trn/lr 2.157e-02, val/acc 8.587e-01, val/nll 4.283e-01
[2023-02-20 01:46:58] [Epoch   140/  200] trn/loss 3.013e-01, trn/lr 2.093e-02, val/acc 8.375e-01, val/nll 4.867e-01
[2023-02-20 01:47:06] [Epoch   141/  200] trn/loss 2.878e-01, trn/lr 2.030e-02, val/acc 8.737e-01, val/nll 3.874e-01 (best_acc: 8.664e-01 -> 8.737e-01, test_acc: 8.675e-01, test_nll: 3.937e-01)
[2023-02-20 01:47:13] [Epoch   142/  200] trn/loss 2.840e-01, trn/lr 1.967e-02, val/acc 8.605e-01, val/nll 4.142e-01
[2023-02-20 01:47:21] [Epoch   143/  200] trn/loss 2.817e-01, trn/lr 1.905e-02, val/acc 8.562e-01, val/nll 4.209e-01
[2023-02-20 01:47:28] [Epoch   144/  200] trn/loss 2.815e-01, trn/lr 1.843e-02, val/acc 8.555e-01, val/nll 4.385e-01
[2023-02-20 01:47:35] [Epoch   145/  200] trn/loss 2.623e-01, trn/lr 1.783e-02, val/acc 8.683e-01, val/nll 3.939e-01
[2023-02-20 01:47:42] [Epoch   146/  200] trn/loss 2.676e-01, trn/lr 1.723e-02, val/acc 8.712e-01, val/nll 3.963e-01
[2023-02-20 01:47:50] [Epoch   147/  200] trn/loss 2.543e-01, trn/lr 1.664e-02, val/acc 8.785e-01, val/nll 3.651e-01 (best_acc: 8.737e-01 -> 8.785e-01, test_acc: 8.721e-01, test_nll: 3.834e-01)
[2023-02-20 01:47:58] [Epoch   148/  200] trn/loss 2.515e-01, trn/lr 1.606e-02, val/acc 8.802e-01, val/nll 3.676e-01 (best_acc: 8.785e-01 -> 8.802e-01, test_acc: 8.761e-01, test_nll: 3.769e-01)
[2023-02-20 01:48:05] [Epoch   149/  200] trn/loss 2.437e-01, trn/lr 1.549e-02, val/acc 8.765e-01, val/nll 3.825e-01
[2023-02-20 01:48:12] [Epoch   150/  200] trn/loss 2.474e-01, trn/lr 1.493e-02, val/acc 8.604e-01, val/nll 4.158e-01
[2023-02-20 01:48:20] [Epoch   151/  200] trn/loss 2.331e-01, trn/lr 1.437e-02, val/acc 8.837e-01, val/nll 3.493e-01 (best_acc: 8.802e-01 -> 8.837e-01, test_acc: 8.794e-01, test_nll: 3.572e-01)
[2023-02-20 01:48:28] [Epoch   152/  200] trn/loss 2.193e-01, trn/lr 1.382e-02, val/acc 8.721e-01, val/nll 3.915e-01
[2023-02-20 01:48:35] [Epoch   153/  200] trn/loss 2.195e-01, trn/lr 1.329e-02, val/acc 8.926e-01, val/nll 3.249e-01 (best_acc: 8.837e-01 -> 8.926e-01, test_acc: 8.853e-01, test_nll: 3.386e-01)
[2023-02-20 01:48:43] [Epoch   154/  200] trn/loss 2.100e-01, trn/lr 1.276e-02, val/acc 8.836e-01, val/nll 3.744e-01
[2023-02-20 01:48:50] [Epoch   155/  200] trn/loss 2.087e-01, trn/lr 1.224e-02, val/acc 8.915e-01, val/nll 3.291e-01
[2023-02-20 01:48:58] [Epoch   156/  200] trn/loss 1.945e-01, trn/lr 1.173e-02, val/acc 8.950e-01, val/nll 3.117e-01 (best_acc: 8.926e-01 -> 8.950e-01, test_acc: 8.902e-01, test_nll: 3.245e-01)
[2023-02-20 01:49:06] [Epoch   157/  200] trn/loss 1.885e-01, trn/lr 1.123e-02, val/acc 9.007e-01, val/nll 3.096e-01 (best_acc: 8.950e-01 -> 9.007e-01, test_acc: 8.932e-01, test_nll: 3.195e-01)
[2023-02-20 01:49:13] [Epoch   158/  200] trn/loss 1.813e-01, trn/lr 1.074e-02, val/acc 8.747e-01, val/nll 3.751e-01
[2023-02-20 01:49:21] [Epoch   159/  200] trn/loss 1.809e-01, trn/lr 1.025e-02, val/acc 9.012e-01, val/nll 2.981e-01 (best_acc: 9.007e-01 -> 9.012e-01, test_acc: 8.992e-01, test_nll: 2.948e-01)
[2023-02-20 01:49:28] [Epoch   160/  200] trn/loss 1.712e-01, trn/lr 9.783e-03, val/acc 8.916e-01, val/nll 3.194e-01
[2023-02-20 01:49:36] [Epoch   161/  200] trn/loss 1.628e-01, trn/lr 9.321e-03, val/acc 9.021e-01, val/nll 2.940e-01 (best_acc: 9.012e-01 -> 9.021e-01, test_acc: 8.969e-01, test_nll: 3.016e-01)
[2023-02-20 01:49:43] [Epoch   162/  200] trn/loss 1.524e-01, trn/lr 8.870e-03, val/acc 8.985e-01, val/nll 3.234e-01
[2023-02-20 01:49:50] [Epoch   163/  200] trn/loss 1.501e-01, trn/lr 8.428e-03, val/acc 8.925e-01, val/nll 3.223e-01
[2023-02-20 01:49:57] [Epoch   164/  200] trn/loss 1.440e-01, trn/lr 7.997e-03, val/acc 8.868e-01, val/nll 3.551e-01
[2023-02-20 01:50:05] [Epoch   165/  200] trn/loss 1.416e-01, trn/lr 7.576e-03, val/acc 8.941e-01, val/nll 3.287e-01
[2023-02-20 01:50:13] [Epoch   166/  200] trn/loss 1.306e-01, trn/lr 7.166e-03, val/acc 9.025e-01, val/nll 3.023e-01 (best_acc: 9.021e-01 -> 9.025e-01, test_acc: 9.017e-01, test_nll: 3.034e-01)
[2023-02-20 01:50:20] [Epoch   167/  200] trn/loss 1.215e-01, trn/lr 6.766e-03, val/acc 9.156e-01, val/nll 2.534e-01 (best_acc: 9.025e-01 -> 9.156e-01, test_acc: 9.093e-01, test_nll: 2.690e-01)
[2023-02-20 01:50:28] [Epoch   168/  200] trn/loss 1.145e-01, trn/lr 6.377e-03, val/acc 9.097e-01, val/nll 2.846e-01
[2023-02-20 01:50:35] [Epoch   169/  200] trn/loss 1.069e-01, trn/lr 5.998e-03, val/acc 9.080e-01, val/nll 2.863e-01
[2023-02-20 01:50:43] [Epoch   170/  200] trn/loss 9.366e-02, trn/lr 5.631e-03, val/acc 9.185e-01, val/nll 2.586e-01 (best_acc: 9.156e-01 -> 9.185e-01, test_acc: 9.150e-01, test_nll: 2.657e-01)
[2023-02-20 01:50:50] [Epoch   171/  200] trn/loss 9.687e-02, trn/lr 5.274e-03, val/acc 9.121e-01, val/nll 2.861e-01
[2023-02-20 01:50:57] [Epoch   172/  200] trn/loss 8.911e-02, trn/lr 4.929e-03, val/acc 9.164e-01, val/nll 2.571e-01
[2023-02-20 01:51:05] [Epoch   173/  200] trn/loss 7.920e-02, trn/lr 4.594e-03, val/acc 9.196e-01, val/nll 2.507e-01 (best_acc: 9.185e-01 -> 9.196e-01, test_acc: 9.212e-01, test_nll: 2.499e-01)
[2023-02-20 01:51:12] [Epoch   174/  200] trn/loss 7.519e-02, trn/lr 4.271e-03, val/acc 9.112e-01, val/nll 2.702e-01
[2023-02-20 01:51:20] [Epoch   175/  200] trn/loss 6.748e-02, trn/lr 3.959e-03, val/acc 9.219e-01, val/nll 2.438e-01 (best_acc: 9.196e-01 -> 9.219e-01, test_acc: 9.219e-01, test_nll: 2.459e-01)
[2023-02-20 01:51:28] [Epoch   176/  200] trn/loss 6.134e-02, trn/lr 3.659e-03, val/acc 9.254e-01, val/nll 2.408e-01 (best_acc: 9.219e-01 -> 9.254e-01, test_acc: 9.203e-01, test_nll: 2.484e-01)
[2023-02-20 01:51:36] [Epoch   177/  200] trn/loss 5.546e-02, trn/lr 3.369e-03, val/acc 9.263e-01, val/nll 2.352e-01 (best_acc: 9.254e-01 -> 9.263e-01, test_acc: 9.232e-01, test_nll: 2.461e-01)
[2023-02-20 01:51:43] [Epoch   178/  200] trn/loss 5.067e-02, trn/lr 3.092e-03, val/acc 9.227e-01, val/nll 2.437e-01
[2023-02-20 01:51:51] [Epoch   179/  200] trn/loss 4.577e-02, trn/lr 2.826e-03, val/acc 9.264e-01, val/nll 2.271e-01 (best_acc: 9.263e-01 -> 9.264e-01, test_acc: 9.254e-01, test_nll: 2.388e-01)
[2023-02-20 01:51:59] [Epoch   180/  200] trn/loss 4.195e-02, trn/lr 2.571e-03, val/acc 9.289e-01, val/nll 2.261e-01 (best_acc: 9.264e-01 -> 9.289e-01, test_acc: 9.258e-01, test_nll: 2.331e-01)
[2023-02-20 01:52:07] [Epoch   181/  200] trn/loss 3.708e-02, trn/lr 2.329e-03, val/acc 9.311e-01, val/nll 2.211e-01 (best_acc: 9.289e-01 -> 9.311e-01, test_acc: 9.306e-01, test_nll: 2.246e-01)
[2023-02-20 01:52:14] [Epoch   182/  200] trn/loss 3.297e-02, trn/lr 2.098e-03, val/acc 9.287e-01, val/nll 2.260e-01
[2023-02-20 01:52:21] [Epoch   183/  200] trn/loss 3.028e-02, trn/lr 1.878e-03, val/acc 9.308e-01, val/nll 2.238e-01
[2023-02-20 01:52:29] [Epoch   184/  200] trn/loss 2.781e-02, trn/lr 1.671e-03, val/acc 9.303e-01, val/nll 2.192e-01
[2023-02-20 01:52:37] [Epoch   185/  200] trn/loss 2.472e-02, trn/lr 1.476e-03, val/acc 9.324e-01, val/nll 2.171e-01 (best_acc: 9.311e-01 -> 9.324e-01, test_acc: 9.319e-01, test_nll: 2.231e-01)
[2023-02-20 01:52:45] [Epoch   186/  200] trn/loss 2.292e-02, trn/lr 1.292e-03, val/acc 9.360e-01, val/nll 2.091e-01 (best_acc: 9.324e-01 -> 9.360e-01, test_acc: 9.333e-01, test_nll: 2.133e-01)
[2023-02-20 01:52:52] [Epoch   187/  200] trn/loss 2.250e-02, trn/lr 1.121e-03, val/acc 9.346e-01, val/nll 2.087e-01
[2023-02-20 01:52:59] [Epoch   188/  200] trn/loss 2.023e-02, trn/lr 9.617e-04, val/acc 9.335e-01, val/nll 2.114e-01
[2023-02-20 01:53:06] [Epoch   189/  200] trn/loss 1.898e-02, trn/lr 8.145e-04, val/acc 9.348e-01, val/nll 2.054e-01
[2023-02-20 01:53:13] [Epoch   190/  200] trn/loss 1.852e-02, trn/lr 6.794e-04, val/acc 9.340e-01, val/nll 2.047e-01
[2023-02-20 01:53:21] [Epoch   191/  200] trn/loss 1.759e-02, trn/lr 5.565e-04, val/acc 9.361e-01, val/nll 2.053e-01 (best_acc: 9.360e-01 -> 9.361e-01, test_acc: 9.361e-01, test_nll: 2.104e-01)
[2023-02-20 01:53:29] [Epoch   192/  200] trn/loss 1.665e-02, trn/lr 4.458e-04, val/acc 9.356e-01, val/nll 2.048e-01
[2023-02-20 01:53:37] [Epoch   193/  200] trn/loss 1.614e-02, trn/lr 3.474e-04, val/acc 9.362e-01, val/nll 2.035e-01 (best_acc: 9.361e-01 -> 9.362e-01, test_acc: 9.366e-01, test_nll: 2.100e-01)
[2023-02-20 01:53:44] [Epoch   194/  200] trn/loss 1.567e-02, trn/lr 2.612e-04, val/acc 9.353e-01, val/nll 2.035e-01
[2023-02-20 01:53:52] [Epoch   195/  200] trn/loss 1.467e-02, trn/lr 1.872e-04, val/acc 9.365e-01, val/nll 2.032e-01 (best_acc: 9.362e-01 -> 9.365e-01, test_acc: 9.357e-01, test_nll: 2.084e-01)
[2023-02-20 01:53:59] [Epoch   196/  200] trn/loss 1.511e-02, trn/lr 1.255e-04, val/acc 9.358e-01, val/nll 2.036e-01
[2023-02-20 01:54:07] [Epoch   197/  200] trn/loss 1.520e-02, trn/lr 7.619e-05, val/acc 9.367e-01, val/nll 2.038e-01 (best_acc: 9.365e-01 -> 9.367e-01, test_acc: 9.361e-01, test_nll: 2.082e-01)
[2023-02-20 01:54:15] [Epoch   198/  200] trn/loss 1.515e-02, trn/lr 3.916e-05, val/acc 9.368e-01, val/nll 2.031e-01 (best_acc: 9.367e-01 -> 9.368e-01, test_acc: 9.373e-01, test_nll: 2.072e-01)
[2023-02-20 01:54:23] [Epoch   199/  200] trn/loss 1.459e-02, trn/lr 1.445e-05, val/acc 9.375e-01, val/nll 2.032e-01 (best_acc: 9.368e-01 -> 9.375e-01, test_acc: 9.370e-01, test_nll: 2.075e-01)
[2023-02-20 01:54:30] [Epoch   200/  200] trn/loss 1.481e-02, trn/lr 2.075e-06, val/acc 9.372e-01, val/nll 2.032e-01
