[2023-02-03 06:06:22] Environments:
------------  --------------------------------------------------------------------------------
sys.platform  linux
Python        3.10.8 (main, Nov 24 2022, 14:13:03) [GCC 11.2.0]
JAX           0.4.1 @/mnt/home/giung/.conda/envs/jax-vessl/lib/python3.10/site-packages/jax
jaxlib        0.4.1 @/mnt/home/giung/.conda/envs/jax-vessl/lib/python3.10/site-packages/jaxlib
Flax          0.6.3 @/mnt/home/giung/.conda/envs/jax-vessl/lib/python3.10/site-packages/flax
Optax         0.1.4 @/mnt/home/giung/.conda/envs/jax-vessl/lib/python3.10/site-packages/optax
------------  --------------------------------------------------------------------------------

[2023-02-03 06:06:22] Command line arguments:
- args.data_root          : ./data/
- args.data_name          : CIFAR10_x32
- args.data_augmentation  : standard
- args.data_proportional  : 1.0
- args.model_depth        : 20
- args.model_width        : 2
- args.model_style        : BN-ReLU
- args.optim_bs           : 256
- args.optim_ne           : 500
- args.optim_lr           : 0.1
- args.optim_momentum     : 0.97
- args.optim_weight_decay : 0.0001
- args.save               : /mnt/home/giung/giung2-dev/projects/residual-networks/save/CIFAR10_x32/R20x2-BN-ReLU/bs-0256_ne-0500_lr-0.10_mo-0.97_wd-0.0001_fp32/42
- args.seed               : 42
- args.precision          : fp32

[2023-02-03 06:06:51] [Epoch     1/  500] trn/loss 2.264e+00, trn/lr 1.000e-01, val/acc 2.154e-01, val/nll 2.006e+00 (best_acc: 0.000e+00 -> 2.154e-01, test_acc: 2.259e-01, test_nll: 1.995e+00)
[2023-02-03 06:06:58] [Epoch     2/  500] trn/loss 1.877e+00, trn/lr 1.000e-01, val/acc 2.767e-01, val/nll 1.869e+00 (best_acc: 2.154e-01 -> 2.767e-01, test_acc: 2.685e-01, test_nll: 1.887e+00)
[2023-02-03 06:07:05] [Epoch     3/  500] trn/loss 1.711e+00, trn/lr 9.999e-02, val/acc 3.593e-01, val/nll 1.693e+00 (best_acc: 2.767e-01 -> 3.593e-01, test_acc: 3.674e-01, test_nll: 1.687e+00)
[2023-02-03 06:07:12] [Epoch     4/  500] trn/loss 1.519e+00, trn/lr 9.999e-02, val/acc 4.876e-01, val/nll 1.412e+00 (best_acc: 3.593e-01 -> 4.876e-01, test_acc: 4.937e-01, test_nll: 1.402e+00)
[2023-02-03 06:07:19] [Epoch     5/  500] trn/loss 1.357e+00, trn/lr 9.998e-02, val/acc 5.198e-01, val/nll 1.366e+00 (best_acc: 4.876e-01 -> 5.198e-01, test_acc: 5.164e-01, test_nll: 1.360e+00)
[2023-02-03 06:07:25] [Epoch     6/  500] trn/loss 1.200e+00, trn/lr 9.997e-02, val/acc 5.566e-01, val/nll 1.259e+00 (best_acc: 5.198e-01 -> 5.566e-01, test_acc: 5.634e-01, test_nll: 1.257e+00)
[2023-02-03 06:07:32] [Epoch     7/  500] trn/loss 1.061e+00, trn/lr 9.996e-02, val/acc 5.569e-01, val/nll 1.290e+00 (best_acc: 5.566e-01 -> 5.569e-01, test_acc: 5.591e-01, test_nll: 1.290e+00)
[2023-02-03 06:07:39] [Epoch     8/  500] trn/loss 9.471e-01, trn/lr 9.994e-02, val/acc 6.241e-01, val/nll 1.113e+00 (best_acc: 5.569e-01 -> 6.241e-01, test_acc: 6.272e-01, test_nll: 1.099e+00)
[2023-02-03 06:07:46] [Epoch     9/  500] trn/loss 8.714e-01, trn/lr 9.993e-02, val/acc 5.316e-01, val/nll 1.567e+00
[2023-02-03 06:07:53] [Epoch    10/  500] trn/loss 8.271e-01, trn/lr 9.991e-02, val/acc 7.010e-01, val/nll 8.864e-01 (best_acc: 6.241e-01 -> 7.010e-01, test_acc: 6.973e-01, test_nll: 8.937e-01)
[2023-02-03 06:08:00] [Epoch    11/  500] trn/loss 7.437e-01, trn/lr 9.989e-02, val/acc 7.165e-01, val/nll 8.323e-01 (best_acc: 7.010e-01 -> 7.165e-01, test_acc: 7.054e-01, test_nll: 8.475e-01)
[2023-02-03 06:08:07] [Epoch    12/  500] trn/loss 6.935e-01, trn/lr 9.987e-02, val/acc 7.449e-01, val/nll 7.439e-01 (best_acc: 7.165e-01 -> 7.449e-01, test_acc: 7.438e-01, test_nll: 7.526e-01)
[2023-02-03 06:08:13] [Epoch    13/  500] trn/loss 6.295e-01, trn/lr 9.985e-02, val/acc 7.436e-01, val/nll 7.777e-01
[2023-02-03 06:08:20] [Epoch    14/  500] trn/loss 5.817e-01, trn/lr 9.982e-02, val/acc 7.698e-01, val/nll 6.820e-01 (best_acc: 7.449e-01 -> 7.698e-01, test_acc: 7.673e-01, test_nll: 6.872e-01)
[2023-02-03 06:08:27] [Epoch    15/  500] trn/loss 5.468e-01, trn/lr 9.979e-02, val/acc 7.836e-01, val/nll 6.565e-01 (best_acc: 7.698e-01 -> 7.836e-01, test_acc: 7.758e-01, test_nll: 6.702e-01)
[2023-02-03 06:08:34] [Epoch    16/  500] trn/loss 5.087e-01, trn/lr 9.976e-02, val/acc 7.889e-01, val/nll 6.332e-01 (best_acc: 7.836e-01 -> 7.889e-01, test_acc: 7.821e-01, test_nll: 6.561e-01)
[2023-02-03 06:08:40] [Epoch    17/  500] trn/loss 4.974e-01, trn/lr 9.973e-02, val/acc 7.560e-01, val/nll 7.456e-01
[2023-02-03 06:08:47] [Epoch    18/  500] trn/loss 4.820e-01, trn/lr 9.970e-02, val/acc 7.782e-01, val/nll 6.687e-01
[2023-02-03 06:08:54] [Epoch    19/  500] trn/loss 4.577e-01, trn/lr 9.966e-02, val/acc 7.954e-01, val/nll 6.280e-01 (best_acc: 7.889e-01 -> 7.954e-01, test_acc: 7.908e-01, test_nll: 6.370e-01)
[2023-02-03 06:09:01] [Epoch    20/  500] trn/loss 4.458e-01, trn/lr 9.963e-02, val/acc 8.045e-01, val/nll 5.989e-01 (best_acc: 7.954e-01 -> 8.045e-01, test_acc: 7.968e-01, test_nll: 6.374e-01)
[2023-02-03 06:09:07] [Epoch    21/  500] trn/loss 4.220e-01, trn/lr 9.959e-02, val/acc 8.001e-01, val/nll 6.040e-01
[2023-02-03 06:09:14] [Epoch    22/  500] trn/loss 4.178e-01, trn/lr 9.954e-02, val/acc 8.312e-01, val/nll 5.224e-01 (best_acc: 8.045e-01 -> 8.312e-01, test_acc: 8.186e-01, test_nll: 5.349e-01)
[2023-02-03 06:09:21] [Epoch    23/  500] trn/loss 4.020e-01, trn/lr 9.950e-02, val/acc 8.155e-01, val/nll 5.608e-01
[2023-02-03 06:09:28] [Epoch    24/  500] trn/loss 3.838e-01, trn/lr 9.946e-02, val/acc 8.334e-01, val/nll 5.034e-01 (best_acc: 8.312e-01 -> 8.334e-01, test_acc: 8.246e-01, test_nll: 5.188e-01)
[2023-02-03 06:09:34] [Epoch    25/  500] trn/loss 3.724e-01, trn/lr 9.941e-02, val/acc 8.119e-01, val/nll 5.853e-01
[2023-02-03 06:09:40] [Epoch    26/  500] trn/loss 3.568e-01, trn/lr 9.936e-02, val/acc 8.113e-01, val/nll 5.897e-01
[2023-02-03 06:09:47] [Epoch    27/  500] trn/loss 3.496e-01, trn/lr 9.931e-02, val/acc 8.503e-01, val/nll 4.689e-01 (best_acc: 8.334e-01 -> 8.503e-01, test_acc: 8.418e-01, test_nll: 4.738e-01)
[2023-02-03 06:09:54] [Epoch    28/  500] trn/loss 3.432e-01, trn/lr 9.926e-02, val/acc 8.350e-01, val/nll 5.003e-01
[2023-02-03 06:10:00] [Epoch    29/  500] trn/loss 3.432e-01, trn/lr 9.920e-02, val/acc 8.296e-01, val/nll 5.244e-01
[2023-02-03 06:10:07] [Epoch    30/  500] trn/loss 3.352e-01, trn/lr 9.914e-02, val/acc 8.181e-01, val/nll 5.903e-01
[2023-02-03 06:10:13] [Epoch    31/  500] trn/loss 3.229e-01, trn/lr 9.908e-02, val/acc 8.347e-01, val/nll 5.176e-01
[2023-02-03 06:10:20] [Epoch    32/  500] trn/loss 3.261e-01, trn/lr 9.902e-02, val/acc 8.205e-01, val/nll 5.974e-01
[2023-02-03 06:10:26] [Epoch    33/  500] trn/loss 3.247e-01, trn/lr 9.896e-02, val/acc 8.439e-01, val/nll 5.043e-01
[2023-02-03 06:10:33] [Epoch    34/  500] trn/loss 3.037e-01, trn/lr 9.890e-02, val/acc 8.233e-01, val/nll 5.698e-01
[2023-02-03 06:10:39] [Epoch    35/  500] trn/loss 3.043e-01, trn/lr 9.883e-02, val/acc 7.899e-01, val/nll 7.577e-01
[2023-02-03 06:10:46] [Epoch    36/  500] trn/loss 3.050e-01, trn/lr 9.876e-02, val/acc 8.358e-01, val/nll 5.150e-01
[2023-02-03 06:10:52] [Epoch    37/  500] trn/loss 2.929e-01, trn/lr 9.869e-02, val/acc 8.304e-01, val/nll 5.277e-01
[2023-02-03 06:10:59] [Epoch    38/  500] trn/loss 2.932e-01, trn/lr 9.862e-02, val/acc 8.394e-01, val/nll 5.275e-01
[2023-02-03 06:11:06] [Epoch    39/  500] trn/loss 2.818e-01, trn/lr 9.854e-02, val/acc 8.533e-01, val/nll 4.756e-01 (best_acc: 8.503e-01 -> 8.533e-01, test_acc: 8.487e-01, test_nll: 4.840e-01)
[2023-02-03 06:11:12] [Epoch    40/  500] trn/loss 2.873e-01, trn/lr 9.847e-02, val/acc 8.523e-01, val/nll 4.554e-01
[2023-02-03 06:11:19] [Epoch    41/  500] trn/loss 2.744e-01, trn/lr 9.839e-02, val/acc 8.520e-01, val/nll 4.432e-01
[2023-02-03 06:11:26] [Epoch    42/  500] trn/loss 2.518e-01, trn/lr 9.831e-02, val/acc 8.551e-01, val/nll 4.743e-01 (best_acc: 8.533e-01 -> 8.551e-01, test_acc: 8.522e-01, test_nll: 4.876e-01)
[2023-02-03 06:11:32] [Epoch    43/  500] trn/loss 2.699e-01, trn/lr 9.823e-02, val/acc 8.262e-01, val/nll 5.705e-01
[2023-02-03 06:11:39] [Epoch    44/  500] trn/loss 2.597e-01, trn/lr 9.814e-02, val/acc 8.465e-01, val/nll 4.873e-01
[2023-02-03 06:11:45] [Epoch    45/  500] trn/loss 2.573e-01, trn/lr 9.806e-02, val/acc 8.110e-01, val/nll 6.371e-01
[2023-02-03 06:11:52] [Epoch    46/  500] trn/loss 2.644e-01, trn/lr 9.797e-02, val/acc 7.778e-01, val/nll 7.820e-01
[2023-02-03 06:11:59] [Epoch    47/  500] trn/loss 2.571e-01, trn/lr 9.788e-02, val/acc 8.622e-01, val/nll 4.640e-01 (best_acc: 8.551e-01 -> 8.622e-01, test_acc: 8.582e-01, test_nll: 4.637e-01)
[2023-02-03 06:12:05] [Epoch    48/  500] trn/loss 2.569e-01, trn/lr 9.779e-02, val/acc 8.522e-01, val/nll 4.710e-01
[2023-02-03 06:12:12] [Epoch    49/  500] trn/loss 2.542e-01, trn/lr 9.770e-02, val/acc 8.409e-01, val/nll 5.371e-01
[2023-02-03 06:12:18] [Epoch    50/  500] trn/loss 2.409e-01, trn/lr 9.760e-02, val/acc 8.460e-01, val/nll 4.926e-01
[2023-02-03 06:12:25] [Epoch    51/  500] trn/loss 2.463e-01, trn/lr 9.750e-02, val/acc 8.503e-01, val/nll 4.805e-01
[2023-02-03 06:12:32] [Epoch    52/  500] trn/loss 2.393e-01, trn/lr 9.741e-02, val/acc 8.642e-01, val/nll 4.341e-01 (best_acc: 8.622e-01 -> 8.642e-01, test_acc: 8.585e-01, test_nll: 4.609e-01)
[2023-02-03 06:12:38] [Epoch    53/  500] trn/loss 2.260e-01, trn/lr 9.730e-02, val/acc 8.467e-01, val/nll 5.062e-01
[2023-02-03 06:12:45] [Epoch    54/  500] trn/loss 2.340e-01, trn/lr 9.720e-02, val/acc 8.294e-01, val/nll 5.799e-01
[2023-02-03 06:12:51] [Epoch    55/  500] trn/loss 2.304e-01, trn/lr 9.710e-02, val/acc 8.628e-01, val/nll 4.417e-01
[2023-02-03 06:12:58] [Epoch    56/  500] trn/loss 2.322e-01, trn/lr 9.699e-02, val/acc 8.658e-01, val/nll 4.360e-01 (best_acc: 8.642e-01 -> 8.658e-01, test_acc: 8.583e-01, test_nll: 4.676e-01)
[2023-02-03 06:13:05] [Epoch    57/  500] trn/loss 2.210e-01, trn/lr 9.688e-02, val/acc 8.634e-01, val/nll 4.677e-01
[2023-02-03 06:13:11] [Epoch    58/  500] trn/loss 2.259e-01, trn/lr 9.677e-02, val/acc 8.429e-01, val/nll 5.109e-01
[2023-02-03 06:13:18] [Epoch    59/  500] trn/loss 2.252e-01, trn/lr 9.666e-02, val/acc 8.479e-01, val/nll 5.335e-01
[2023-02-03 06:13:24] [Epoch    60/  500] trn/loss 2.315e-01, trn/lr 9.655e-02, val/acc 8.588e-01, val/nll 4.598e-01
[2023-02-03 06:13:31] [Epoch    61/  500] trn/loss 2.170e-01, trn/lr 9.643e-02, val/acc 8.729e-01, val/nll 4.069e-01 (best_acc: 8.658e-01 -> 8.729e-01, test_acc: 8.619e-01, test_nll: 4.273e-01)
[2023-02-03 06:13:38] [Epoch    62/  500] trn/loss 2.139e-01, trn/lr 9.631e-02, val/acc 8.515e-01, val/nll 4.725e-01
[2023-02-03 06:13:44] [Epoch    63/  500] trn/loss 2.175e-01, trn/lr 9.619e-02, val/acc 8.591e-01, val/nll 4.559e-01
[2023-02-03 06:13:51] [Epoch    64/  500] trn/loss 2.049e-01, trn/lr 9.607e-02, val/acc 8.774e-01, val/nll 4.251e-01 (best_acc: 8.729e-01 -> 8.774e-01, test_acc: 8.676e-01, test_nll: 4.666e-01)
[2023-02-03 06:13:57] [Epoch    65/  500] trn/loss 2.135e-01, trn/lr 9.595e-02, val/acc 8.654e-01, val/nll 4.394e-01
[2023-02-03 06:14:04] [Epoch    66/  500] trn/loss 2.080e-01, trn/lr 9.583e-02, val/acc 8.566e-01, val/nll 5.295e-01
[2023-02-03 06:14:10] [Epoch    67/  500] trn/loss 2.016e-01, trn/lr 9.570e-02, val/acc 8.668e-01, val/nll 4.664e-01
[2023-02-03 06:14:17] [Epoch    68/  500] trn/loss 2.006e-01, trn/lr 9.557e-02, val/acc 8.654e-01, val/nll 4.504e-01
[2023-02-03 06:14:23] [Epoch    69/  500] trn/loss 1.988e-01, trn/lr 9.544e-02, val/acc 8.712e-01, val/nll 4.299e-01
[2023-02-03 06:14:30] [Epoch    70/  500] trn/loss 1.984e-01, trn/lr 9.531e-02, val/acc 8.757e-01, val/nll 4.047e-01
[2023-02-03 06:14:36] [Epoch    71/  500] trn/loss 2.030e-01, trn/lr 9.517e-02, val/acc 8.538e-01, val/nll 4.990e-01
[2023-02-03 06:14:43] [Epoch    72/  500] trn/loss 2.142e-01, trn/lr 9.504e-02, val/acc 8.508e-01, val/nll 5.066e-01
[2023-02-03 06:14:49] [Epoch    73/  500] trn/loss 1.980e-01, trn/lr 9.490e-02, val/acc 8.671e-01, val/nll 4.763e-01
[2023-02-03 06:14:56] [Epoch    74/  500] trn/loss 2.005e-01, trn/lr 9.476e-02, val/acc 8.664e-01, val/nll 4.464e-01
[2023-02-03 06:15:03] [Epoch    75/  500] trn/loss 1.862e-01, trn/lr 9.462e-02, val/acc 8.780e-01, val/nll 4.151e-01 (best_acc: 8.774e-01 -> 8.780e-01, test_acc: 8.705e-01, test_nll: 4.458e-01)
[2023-02-03 06:15:09] [Epoch    76/  500] trn/loss 1.917e-01, trn/lr 9.448e-02, val/acc 8.656e-01, val/nll 4.476e-01
[2023-02-03 06:15:16] [Epoch    77/  500] trn/loss 1.921e-01, trn/lr 9.433e-02, val/acc 8.413e-01, val/nll 5.515e-01
[2023-02-03 06:15:22] [Epoch    78/  500] trn/loss 1.846e-01, trn/lr 9.419e-02, val/acc 8.601e-01, val/nll 4.858e-01
[2023-02-03 06:15:29] [Epoch    79/  500] trn/loss 1.859e-01, trn/lr 9.404e-02, val/acc 8.725e-01, val/nll 4.530e-01
[2023-02-03 06:15:35] [Epoch    80/  500] trn/loss 1.889e-01, trn/lr 9.389e-02, val/acc 8.645e-01, val/nll 4.556e-01
[2023-02-03 06:15:42] [Epoch    81/  500] trn/loss 1.819e-01, trn/lr 9.374e-02, val/acc 8.829e-01, val/nll 3.856e-01 (best_acc: 8.780e-01 -> 8.829e-01, test_acc: 8.750e-01, test_nll: 4.151e-01)
[2023-02-03 06:15:49] [Epoch    82/  500] trn/loss 1.838e-01, trn/lr 9.359e-02, val/acc 8.671e-01, val/nll 4.554e-01
[2023-02-03 06:15:55] [Epoch    83/  500] trn/loss 1.903e-01, trn/lr 9.343e-02, val/acc 8.665e-01, val/nll 4.552e-01
[2023-02-03 06:16:02] [Epoch    84/  500] trn/loss 1.963e-01, trn/lr 9.328e-02, val/acc 8.686e-01, val/nll 4.466e-01
[2023-02-03 06:16:08] [Epoch    85/  500] trn/loss 1.851e-01, trn/lr 9.312e-02, val/acc 8.335e-01, val/nll 6.173e-01
[2023-02-03 06:16:15] [Epoch    86/  500] trn/loss 1.837e-01, trn/lr 9.296e-02, val/acc 8.802e-01, val/nll 3.921e-01
[2023-02-03 06:16:21] [Epoch    87/  500] trn/loss 1.873e-01, trn/lr 9.280e-02, val/acc 8.681e-01, val/nll 4.296e-01
[2023-02-03 06:16:28] [Epoch    88/  500] trn/loss 1.784e-01, trn/lr 9.263e-02, val/acc 8.675e-01, val/nll 4.559e-01
[2023-02-03 06:16:34] [Epoch    89/  500] trn/loss 1.801e-01, trn/lr 9.247e-02, val/acc 8.736e-01, val/nll 4.289e-01
[2023-02-03 06:16:41] [Epoch    90/  500] trn/loss 1.777e-01, trn/lr 9.230e-02, val/acc 8.612e-01, val/nll 4.603e-01
[2023-02-03 06:16:47] [Epoch    91/  500] trn/loss 1.716e-01, trn/lr 9.213e-02, val/acc 8.727e-01, val/nll 4.571e-01
[2023-02-03 06:16:54] [Epoch    92/  500] trn/loss 1.799e-01, trn/lr 9.196e-02, val/acc 8.518e-01, val/nll 5.074e-01
[2023-02-03 06:17:00] [Epoch    93/  500] trn/loss 1.649e-01, trn/lr 9.179e-02, val/acc 8.601e-01, val/nll 5.313e-01
[2023-02-03 06:17:07] [Epoch    94/  500] trn/loss 1.761e-01, trn/lr 9.162e-02, val/acc 8.751e-01, val/nll 4.298e-01
[2023-02-03 06:17:13] [Epoch    95/  500] trn/loss 1.708e-01, trn/lr 9.144e-02, val/acc 8.720e-01, val/nll 4.599e-01
[2023-02-03 06:17:20] [Epoch    96/  500] trn/loss 1.710e-01, trn/lr 9.127e-02, val/acc 8.737e-01, val/nll 4.508e-01
[2023-02-03 06:17:26] [Epoch    97/  500] trn/loss 1.627e-01, trn/lr 9.109e-02, val/acc 8.460e-01, val/nll 5.763e-01
[2023-02-03 06:17:33] [Epoch    98/  500] trn/loss 1.784e-01, trn/lr 9.091e-02, val/acc 8.285e-01, val/nll 6.516e-01
[2023-02-03 06:17:39] [Epoch    99/  500] trn/loss 1.825e-01, trn/lr 9.073e-02, val/acc 8.665e-01, val/nll 4.733e-01
[2023-02-03 06:17:46] [Epoch   100/  500] trn/loss 1.694e-01, trn/lr 9.054e-02, val/acc 8.742e-01, val/nll 4.494e-01
[2023-02-03 06:17:52] [Epoch   101/  500] trn/loss 1.621e-01, trn/lr 9.036e-02, val/acc 8.593e-01, val/nll 5.164e-01
[2023-02-03 06:17:59] [Epoch   102/  500] trn/loss 1.617e-01, trn/lr 9.017e-02, val/acc 8.747e-01, val/nll 4.338e-01
[2023-02-03 06:18:05] [Epoch   103/  500] trn/loss 1.744e-01, trn/lr 8.998e-02, val/acc 8.698e-01, val/nll 4.437e-01
[2023-02-03 06:18:12] [Epoch   104/  500] trn/loss 1.640e-01, trn/lr 8.980e-02, val/acc 8.612e-01, val/nll 5.045e-01
[2023-02-03 06:18:18] [Epoch   105/  500] trn/loss 1.622e-01, trn/lr 8.960e-02, val/acc 8.796e-01, val/nll 4.201e-01
[2023-02-03 06:18:25] [Epoch   106/  500] trn/loss 1.605e-01, trn/lr 8.941e-02, val/acc 8.892e-01, val/nll 3.800e-01 (best_acc: 8.829e-01 -> 8.892e-01, test_acc: 8.877e-01, test_nll: 3.962e-01)
[2023-02-03 06:18:32] [Epoch   107/  500] trn/loss 1.647e-01, trn/lr 8.922e-02, val/acc 8.586e-01, val/nll 5.032e-01
[2023-02-03 06:18:38] [Epoch   108/  500] trn/loss 1.705e-01, trn/lr 8.902e-02, val/acc 8.567e-01, val/nll 5.058e-01
[2023-02-03 06:18:45] [Epoch   109/  500] trn/loss 1.630e-01, trn/lr 8.882e-02, val/acc 8.731e-01, val/nll 4.554e-01
[2023-02-03 06:18:51] [Epoch   110/  500] trn/loss 1.596e-01, trn/lr 8.863e-02, val/acc 8.538e-01, val/nll 5.401e-01
[2023-02-03 06:18:58] [Epoch   111/  500] trn/loss 1.606e-01, trn/lr 8.843e-02, val/acc 8.811e-01, val/nll 4.262e-01
[2023-02-03 06:19:04] [Epoch   112/  500] trn/loss 1.606e-01, trn/lr 8.822e-02, val/acc 8.632e-01, val/nll 4.940e-01
[2023-02-03 06:19:11] [Epoch   113/  500] trn/loss 1.644e-01, trn/lr 8.802e-02, val/acc 8.795e-01, val/nll 4.231e-01
[2023-02-03 06:19:17] [Epoch   114/  500] trn/loss 1.604e-01, trn/lr 8.782e-02, val/acc 8.718e-01, val/nll 4.148e-01
[2023-02-03 06:19:23] [Epoch   115/  500] trn/loss 1.552e-01, trn/lr 8.761e-02, val/acc 8.601e-01, val/nll 5.067e-01
[2023-02-03 06:19:30] [Epoch   116/  500] trn/loss 1.533e-01, trn/lr 8.740e-02, val/acc 8.817e-01, val/nll 3.978e-01
[2023-02-03 06:19:36] [Epoch   117/  500] trn/loss 1.519e-01, trn/lr 8.719e-02, val/acc 8.827e-01, val/nll 4.290e-01
[2023-02-03 06:19:43] [Epoch   118/  500] trn/loss 1.487e-01, trn/lr 8.698e-02, val/acc 8.823e-01, val/nll 4.144e-01
[2023-02-03 06:19:49] [Epoch   119/  500] trn/loss 1.571e-01, trn/lr 8.677e-02, val/acc 8.637e-01, val/nll 4.851e-01
[2023-02-03 06:19:56] [Epoch   120/  500] trn/loss 1.577e-01, trn/lr 8.656e-02, val/acc 8.607e-01, val/nll 4.769e-01
[2023-02-03 06:20:02] [Epoch   121/  500] trn/loss 1.605e-01, trn/lr 8.634e-02, val/acc 8.717e-01, val/nll 4.422e-01
[2023-02-03 06:20:09] [Epoch   122/  500] trn/loss 1.489e-01, trn/lr 8.612e-02, val/acc 8.725e-01, val/nll 4.327e-01
[2023-02-03 06:20:15] [Epoch   123/  500] trn/loss 1.477e-01, trn/lr 8.591e-02, val/acc 8.805e-01, val/nll 4.267e-01
[2023-02-03 06:20:22] [Epoch   124/  500] trn/loss 1.439e-01, trn/lr 8.569e-02, val/acc 8.675e-01, val/nll 4.815e-01
[2023-02-03 06:20:29] [Epoch   125/  500] trn/loss 1.515e-01, trn/lr 8.547e-02, val/acc 8.909e-01, val/nll 3.849e-01 (best_acc: 8.892e-01 -> 8.909e-01, test_acc: 8.830e-01, test_nll: 4.058e-01)
[2023-02-03 06:20:35] [Epoch   126/  500] trn/loss 1.408e-01, trn/lr 8.524e-02, val/acc 8.760e-01, val/nll 4.625e-01
[2023-02-03 06:20:42] [Epoch   127/  500] trn/loss 1.445e-01, trn/lr 8.502e-02, val/acc 8.674e-01, val/nll 5.180e-01
[2023-02-03 06:20:48] [Epoch   128/  500] trn/loss 1.488e-01, trn/lr 8.480e-02, val/acc 8.692e-01, val/nll 4.556e-01
[2023-02-03 06:20:55] [Epoch   129/  500] trn/loss 1.467e-01, trn/lr 8.457e-02, val/acc 8.895e-01, val/nll 3.938e-01
[2023-02-03 06:21:01] [Epoch   130/  500] trn/loss 1.427e-01, trn/lr 8.434e-02, val/acc 8.773e-01, val/nll 4.377e-01
[2023-02-03 06:21:08] [Epoch   131/  500] trn/loss 1.479e-01, trn/lr 8.411e-02, val/acc 8.580e-01, val/nll 5.225e-01
[2023-02-03 06:21:14] [Epoch   132/  500] trn/loss 1.374e-01, trn/lr 8.388e-02, val/acc 8.722e-01, val/nll 4.862e-01
[2023-02-03 06:21:21] [Epoch   133/  500] trn/loss 1.506e-01, trn/lr 8.365e-02, val/acc 8.777e-01, val/nll 4.542e-01
[2023-02-03 06:21:27] [Epoch   134/  500] trn/loss 1.364e-01, trn/lr 8.342e-02, val/acc 8.850e-01, val/nll 3.939e-01
[2023-02-03 06:21:34] [Epoch   135/  500] trn/loss 1.388e-01, trn/lr 8.318e-02, val/acc 8.902e-01, val/nll 3.860e-01
[2023-02-03 06:21:40] [Epoch   136/  500] trn/loss 1.443e-01, trn/lr 8.295e-02, val/acc 8.700e-01, val/nll 4.601e-01
[2023-02-03 06:21:47] [Epoch   137/  500] trn/loss 1.528e-01, trn/lr 8.271e-02, val/acc 8.819e-01, val/nll 4.122e-01
[2023-02-03 06:21:53] [Epoch   138/  500] trn/loss 1.417e-01, trn/lr 8.247e-02, val/acc 8.882e-01, val/nll 4.084e-01
[2023-02-03 06:22:00] [Epoch   139/  500] trn/loss 1.312e-01, trn/lr 8.223e-02, val/acc 8.659e-01, val/nll 5.222e-01
[2023-02-03 06:22:06] [Epoch   140/  500] trn/loss 1.419e-01, trn/lr 8.199e-02, val/acc 8.631e-01, val/nll 5.323e-01
[2023-02-03 06:22:13] [Epoch   141/  500] trn/loss 1.386e-01, trn/lr 8.175e-02, val/acc 8.545e-01, val/nll 5.692e-01
[2023-02-03 06:22:19] [Epoch   142/  500] trn/loss 1.436e-01, trn/lr 8.151e-02, val/acc 8.665e-01, val/nll 4.847e-01
[2023-02-03 06:22:26] [Epoch   143/  500] trn/loss 1.388e-01, trn/lr 8.126e-02, val/acc 8.946e-01, val/nll 3.715e-01 (best_acc: 8.909e-01 -> 8.946e-01, test_acc: 8.925e-01, test_nll: 3.836e-01)
[2023-02-03 06:22:33] [Epoch   144/  500] trn/loss 1.272e-01, trn/lr 8.102e-02, val/acc 8.702e-01, val/nll 4.558e-01
[2023-02-03 06:22:39] [Epoch   145/  500] trn/loss 1.384e-01, trn/lr 8.077e-02, val/acc 8.761e-01, val/nll 4.581e-01
[2023-02-03 06:22:46] [Epoch   146/  500] trn/loss 1.295e-01, trn/lr 8.052e-02, val/acc 8.886e-01, val/nll 4.051e-01
[2023-02-03 06:22:52] [Epoch   147/  500] trn/loss 1.321e-01, trn/lr 8.027e-02, val/acc 8.549e-01, val/nll 5.826e-01
[2023-02-03 06:22:59] [Epoch   148/  500] trn/loss 1.477e-01, trn/lr 8.002e-02, val/acc 8.894e-01, val/nll 3.906e-01
[2023-02-03 06:23:05] [Epoch   149/  500] trn/loss 1.290e-01, trn/lr 7.977e-02, val/acc 8.788e-01, val/nll 4.584e-01
[2023-02-03 06:23:12] [Epoch   150/  500] trn/loss 1.363e-01, trn/lr 7.952e-02, val/acc 8.856e-01, val/nll 4.039e-01
[2023-02-03 06:23:18] [Epoch   151/  500] trn/loss 1.227e-01, trn/lr 7.926e-02, val/acc 8.801e-01, val/nll 4.421e-01
[2023-02-03 06:23:25] [Epoch   152/  500] trn/loss 1.366e-01, trn/lr 7.901e-02, val/acc 8.982e-01, val/nll 3.810e-01 (best_acc: 8.946e-01 -> 8.982e-01, test_acc: 8.887e-01, test_nll: 4.037e-01)
[2023-02-03 06:23:32] [Epoch   153/  500] trn/loss 1.300e-01, trn/lr 7.875e-02, val/acc 8.762e-01, val/nll 4.388e-01
[2023-02-03 06:23:38] [Epoch   154/  500] trn/loss 1.330e-01, trn/lr 7.849e-02, val/acc 8.784e-01, val/nll 4.431e-01
[2023-02-03 06:23:45] [Epoch   155/  500] trn/loss 1.223e-01, trn/lr 7.823e-02, val/acc 8.868e-01, val/nll 4.153e-01
[2023-02-03 06:23:51] [Epoch   156/  500] trn/loss 1.449e-01, trn/lr 7.797e-02, val/acc 8.803e-01, val/nll 4.166e-01
[2023-02-03 06:23:58] [Epoch   157/  500] trn/loss 1.314e-01, trn/lr 7.771e-02, val/acc 8.679e-01, val/nll 4.978e-01
[2023-02-03 06:24:04] [Epoch   158/  500] trn/loss 1.307e-01, trn/lr 7.745e-02, val/acc 8.910e-01, val/nll 3.853e-01
[2023-02-03 06:24:11] [Epoch   159/  500] trn/loss 1.194e-01, trn/lr 7.719e-02, val/acc 8.865e-01, val/nll 3.991e-01
[2023-02-03 06:24:17] [Epoch   160/  500] trn/loss 1.254e-01, trn/lr 7.692e-02, val/acc 8.848e-01, val/nll 4.135e-01
[2023-02-03 06:24:24] [Epoch   161/  500] trn/loss 1.204e-01, trn/lr 7.666e-02, val/acc 8.931e-01, val/nll 3.910e-01
[2023-02-03 06:24:30] [Epoch   162/  500] trn/loss 1.198e-01, trn/lr 7.639e-02, val/acc 8.610e-01, val/nll 5.468e-01
[2023-02-03 06:24:37] [Epoch   163/  500] trn/loss 1.227e-01, trn/lr 7.613e-02, val/acc 8.873e-01, val/nll 3.981e-01
[2023-02-03 06:24:43] [Epoch   164/  500] trn/loss 1.244e-01, trn/lr 7.586e-02, val/acc 8.893e-01, val/nll 4.172e-01
[2023-02-03 06:24:49] [Epoch   165/  500] trn/loss 1.345e-01, trn/lr 7.559e-02, val/acc 8.853e-01, val/nll 4.245e-01
[2023-02-03 06:24:56] [Epoch   166/  500] trn/loss 1.214e-01, trn/lr 7.532e-02, val/acc 8.814e-01, val/nll 4.386e-01
[2023-02-03 06:25:02] [Epoch   167/  500] trn/loss 1.253e-01, trn/lr 7.505e-02, val/acc 8.832e-01, val/nll 4.478e-01
[2023-02-03 06:25:09] [Epoch   168/  500] trn/loss 1.323e-01, trn/lr 7.477e-02, val/acc 8.875e-01, val/nll 3.897e-01
[2023-02-03 06:25:15] [Epoch   169/  500] trn/loss 1.266e-01, trn/lr 7.450e-02, val/acc 8.872e-01, val/nll 3.855e-01
[2023-02-03 06:25:22] [Epoch   170/  500] trn/loss 1.253e-01, trn/lr 7.423e-02, val/acc 8.851e-01, val/nll 4.290e-01
[2023-02-03 06:25:29] [Epoch   171/  500] trn/loss 1.136e-01, trn/lr 7.395e-02, val/acc 8.994e-01, val/nll 3.790e-01 (best_acc: 8.982e-01 -> 8.994e-01, test_acc: 8.950e-01, test_nll: 3.839e-01)
[2023-02-03 06:25:35] [Epoch   172/  500] trn/loss 1.162e-01, trn/lr 7.367e-02, val/acc 8.808e-01, val/nll 4.291e-01
[2023-02-03 06:25:42] [Epoch   173/  500] trn/loss 1.144e-01, trn/lr 7.340e-02, val/acc 8.937e-01, val/nll 3.885e-01
[2023-02-03 06:25:48] [Epoch   174/  500] trn/loss 1.199e-01, trn/lr 7.312e-02, val/acc 8.780e-01, val/nll 4.625e-01
[2023-02-03 06:25:55] [Epoch   175/  500] trn/loss 1.273e-01, trn/lr 7.284e-02, val/acc 8.826e-01, val/nll 4.730e-01
[2023-02-03 06:26:01] [Epoch   176/  500] trn/loss 1.191e-01, trn/lr 7.256e-02, val/acc 8.751e-01, val/nll 4.588e-01
[2023-02-03 06:26:08] [Epoch   177/  500] trn/loss 1.070e-01, trn/lr 7.228e-02, val/acc 8.935e-01, val/nll 3.956e-01
[2023-02-03 06:26:14] [Epoch   178/  500] trn/loss 1.129e-01, trn/lr 7.200e-02, val/acc 8.820e-01, val/nll 4.190e-01
[2023-02-03 06:26:21] [Epoch   179/  500] trn/loss 1.181e-01, trn/lr 7.172e-02, val/acc 8.960e-01, val/nll 3.834e-01
[2023-02-03 06:26:27] [Epoch   180/  500] trn/loss 1.129e-01, trn/lr 7.143e-02, val/acc 8.844e-01, val/nll 4.424e-01
[2023-02-03 06:26:34] [Epoch   181/  500] trn/loss 1.142e-01, trn/lr 7.115e-02, val/acc 8.743e-01, val/nll 5.038e-01
[2023-02-03 06:26:41] [Epoch   182/  500] trn/loss 1.215e-01, trn/lr 7.086e-02, val/acc 9.035e-01, val/nll 3.329e-01 (best_acc: 8.994e-01 -> 9.035e-01, test_acc: 8.964e-01, test_nll: 3.612e-01)
[2023-02-03 06:26:47] [Epoch   183/  500] trn/loss 1.094e-01, trn/lr 7.058e-02, val/acc 8.795e-01, val/nll 4.557e-01
[2023-02-03 06:26:54] [Epoch   184/  500] trn/loss 1.188e-01, trn/lr 7.029e-02, val/acc 8.907e-01, val/nll 3.894e-01
[2023-02-03 06:27:00] [Epoch   185/  500] trn/loss 1.019e-01, trn/lr 7.000e-02, val/acc 8.805e-01, val/nll 4.659e-01
[2023-02-03 06:27:07] [Epoch   186/  500] trn/loss 1.072e-01, trn/lr 6.971e-02, val/acc 8.792e-01, val/nll 4.821e-01
[2023-02-03 06:27:13] [Epoch   187/  500] trn/loss 1.114e-01, trn/lr 6.942e-02, val/acc 8.798e-01, val/nll 4.612e-01
[2023-02-03 06:27:20] [Epoch   188/  500] trn/loss 1.171e-01, trn/lr 6.914e-02, val/acc 8.869e-01, val/nll 4.438e-01
[2023-02-03 06:27:26] [Epoch   189/  500] trn/loss 1.151e-01, trn/lr 6.884e-02, val/acc 8.845e-01, val/nll 4.058e-01
[2023-02-03 06:27:33] [Epoch   190/  500] trn/loss 1.131e-01, trn/lr 6.855e-02, val/acc 8.861e-01, val/nll 4.181e-01
[2023-02-03 06:27:39] [Epoch   191/  500] trn/loss 1.062e-01, trn/lr 6.826e-02, val/acc 8.813e-01, val/nll 4.462e-01
[2023-02-03 06:27:46] [Epoch   192/  500] trn/loss 1.074e-01, trn/lr 6.797e-02, val/acc 8.919e-01, val/nll 4.128e-01
[2023-02-03 06:27:52] [Epoch   193/  500] trn/loss 1.080e-01, trn/lr 6.767e-02, val/acc 8.822e-01, val/nll 4.392e-01
[2023-02-03 06:27:59] [Epoch   194/  500] trn/loss 1.076e-01, trn/lr 6.738e-02, val/acc 8.946e-01, val/nll 3.939e-01
[2023-02-03 06:28:05] [Epoch   195/  500] trn/loss 1.117e-01, trn/lr 6.709e-02, val/acc 8.855e-01, val/nll 4.145e-01
[2023-02-03 06:28:12] [Epoch   196/  500] trn/loss 9.809e-02, trn/lr 6.679e-02, val/acc 8.952e-01, val/nll 3.809e-01
[2023-02-03 06:28:18] [Epoch   197/  500] trn/loss 1.030e-01, trn/lr 6.649e-02, val/acc 8.970e-01, val/nll 3.793e-01
[2023-02-03 06:28:25] [Epoch   198/  500] trn/loss 1.048e-01, trn/lr 6.620e-02, val/acc 8.897e-01, val/nll 4.072e-01
[2023-02-03 06:28:31] [Epoch   199/  500] trn/loss 1.021e-01, trn/lr 6.590e-02, val/acc 8.754e-01, val/nll 4.778e-01
[2023-02-03 06:28:37] [Epoch   200/  500] trn/loss 1.022e-01, trn/lr 6.560e-02, val/acc 9.003e-01, val/nll 3.647e-01
[2023-02-03 06:28:44] [Epoch   201/  500] trn/loss 9.404e-02, trn/lr 6.530e-02, val/acc 8.896e-01, val/nll 4.064e-01
[2023-02-03 06:28:50] [Epoch   202/  500] trn/loss 1.078e-01, trn/lr 6.500e-02, val/acc 8.841e-01, val/nll 4.162e-01
[2023-02-03 06:28:57] [Epoch   203/  500] trn/loss 1.062e-01, trn/lr 6.470e-02, val/acc 8.848e-01, val/nll 4.252e-01
[2023-02-03 06:29:03] [Epoch   204/  500] trn/loss 9.585e-02, trn/lr 6.440e-02, val/acc 8.815e-01, val/nll 4.598e-01
[2023-02-03 06:29:10] [Epoch   205/  500] trn/loss 1.083e-01, trn/lr 6.410e-02, val/acc 8.811e-01, val/nll 4.306e-01
[2023-02-03 06:29:16] [Epoch   206/  500] trn/loss 9.829e-02, trn/lr 6.380e-02, val/acc 8.934e-01, val/nll 3.983e-01
[2023-02-03 06:29:23] [Epoch   207/  500] trn/loss 9.867e-02, trn/lr 6.350e-02, val/acc 8.760e-01, val/nll 4.827e-01
[2023-02-03 06:29:29] [Epoch   208/  500] trn/loss 9.694e-02, trn/lr 6.319e-02, val/acc 8.972e-01, val/nll 3.868e-01
[2023-02-03 06:29:36] [Epoch   209/  500] trn/loss 9.165e-02, trn/lr 6.289e-02, val/acc 8.855e-01, val/nll 4.333e-01
[2023-02-03 06:29:42] [Epoch   210/  500] trn/loss 9.748e-02, trn/lr 6.259e-02, val/acc 8.902e-01, val/nll 4.092e-01
[2023-02-03 06:29:49] [Epoch   211/  500] trn/loss 9.922e-02, trn/lr 6.228e-02, val/acc 8.960e-01, val/nll 3.961e-01
[2023-02-03 06:29:55] [Epoch   212/  500] trn/loss 1.001e-01, trn/lr 6.198e-02, val/acc 8.833e-01, val/nll 4.303e-01
[2023-02-03 06:30:02] [Epoch   213/  500] trn/loss 9.679e-02, trn/lr 6.167e-02, val/acc 8.909e-01, val/nll 4.093e-01
[2023-02-03 06:30:08] [Epoch   214/  500] trn/loss 9.126e-02, trn/lr 6.137e-02, val/acc 8.921e-01, val/nll 4.119e-01
[2023-02-03 06:30:15] [Epoch   215/  500] trn/loss 9.354e-02, trn/lr 6.106e-02, val/acc 8.977e-01, val/nll 3.855e-01
[2023-02-03 06:30:21] [Epoch   216/  500] trn/loss 1.018e-01, trn/lr 6.075e-02, val/acc 8.875e-01, val/nll 3.900e-01
[2023-02-03 06:30:28] [Epoch   217/  500] trn/loss 9.066e-02, trn/lr 6.045e-02, val/acc 8.978e-01, val/nll 3.961e-01
[2023-02-03 06:30:34] [Epoch   218/  500] trn/loss 9.994e-02, trn/lr 6.014e-02, val/acc 8.860e-01, val/nll 4.396e-01
[2023-02-03 06:30:41] [Epoch   219/  500] trn/loss 9.284e-02, trn/lr 5.983e-02, val/acc 8.980e-01, val/nll 3.890e-01
[2023-02-03 06:30:47] [Epoch   220/  500] trn/loss 8.640e-02, trn/lr 5.952e-02, val/acc 8.944e-01, val/nll 4.220e-01
[2023-02-03 06:30:54] [Epoch   221/  500] trn/loss 8.680e-02, trn/lr 5.922e-02, val/acc 8.981e-01, val/nll 3.847e-01
[2023-02-03 06:31:00] [Epoch   222/  500] trn/loss 9.051e-02, trn/lr 5.891e-02, val/acc 8.762e-01, val/nll 4.806e-01
[2023-02-03 06:31:07] [Epoch   223/  500] trn/loss 9.852e-02, trn/lr 5.860e-02, val/acc 8.929e-01, val/nll 3.894e-01
[2023-02-03 06:31:13] [Epoch   224/  500] trn/loss 9.209e-02, trn/lr 5.829e-02, val/acc 8.910e-01, val/nll 4.285e-01
[2023-02-03 06:31:20] [Epoch   225/  500] trn/loss 8.745e-02, trn/lr 5.798e-02, val/acc 8.956e-01, val/nll 4.123e-01
[2023-02-03 06:31:26] [Epoch   226/  500] trn/loss 8.822e-02, trn/lr 5.767e-02, val/acc 8.971e-01, val/nll 3.958e-01
[2023-02-03 06:31:33] [Epoch   227/  500] trn/loss 8.757e-02, trn/lr 5.736e-02, val/acc 8.987e-01, val/nll 3.784e-01
[2023-02-03 06:31:39] [Epoch   228/  500] trn/loss 8.332e-02, trn/lr 5.705e-02, val/acc 8.962e-01, val/nll 4.243e-01
[2023-02-03 06:31:46] [Epoch   229/  500] trn/loss 8.176e-02, trn/lr 5.673e-02, val/acc 8.800e-01, val/nll 4.644e-01
[2023-02-03 06:31:52] [Epoch   230/  500] trn/loss 7.964e-02, trn/lr 5.642e-02, val/acc 8.949e-01, val/nll 3.874e-01
[2023-02-03 06:31:59] [Epoch   231/  500] trn/loss 8.203e-02, trn/lr 5.611e-02, val/acc 8.959e-01, val/nll 3.867e-01
[2023-02-03 06:32:05] [Epoch   232/  500] trn/loss 9.062e-02, trn/lr 5.580e-02, val/acc 8.993e-01, val/nll 3.673e-01
[2023-02-03 06:32:12] [Epoch   233/  500] trn/loss 1.049e-01, trn/lr 5.549e-02, val/acc 8.976e-01, val/nll 3.987e-01
[2023-02-03 06:32:18] [Epoch   234/  500] trn/loss 8.972e-02, trn/lr 5.518e-02, val/acc 9.034e-01, val/nll 3.575e-01
[2023-02-03 06:32:25] [Epoch   235/  500] trn/loss 7.776e-02, trn/lr 5.486e-02, val/acc 9.048e-01, val/nll 3.648e-01 (best_acc: 9.035e-01 -> 9.048e-01, test_acc: 8.992e-01, test_nll: 3.780e-01)
[2023-02-03 06:32:31] [Epoch   236/  500] trn/loss 7.429e-02, trn/lr 5.455e-02, val/acc 8.884e-01, val/nll 4.591e-01
[2023-02-03 06:32:38] [Epoch   237/  500] trn/loss 8.456e-02, trn/lr 5.424e-02, val/acc 8.946e-01, val/nll 4.205e-01
[2023-02-03 06:32:44] [Epoch   238/  500] trn/loss 8.067e-02, trn/lr 5.392e-02, val/acc 8.889e-01, val/nll 4.333e-01
[2023-02-03 06:32:51] [Epoch   239/  500] trn/loss 8.582e-02, trn/lr 5.361e-02, val/acc 8.838e-01, val/nll 4.484e-01
[2023-02-03 06:32:57] [Epoch   240/  500] trn/loss 7.600e-02, trn/lr 5.330e-02, val/acc 8.996e-01, val/nll 3.923e-01
[2023-02-03 06:33:04] [Epoch   241/  500] trn/loss 7.789e-02, trn/lr 5.298e-02, val/acc 8.999e-01, val/nll 3.782e-01
[2023-02-03 06:33:10] [Epoch   242/  500] trn/loss 7.857e-02, trn/lr 5.267e-02, val/acc 8.973e-01, val/nll 4.242e-01
[2023-02-03 06:33:17] [Epoch   243/  500] trn/loss 7.871e-02, trn/lr 5.236e-02, val/acc 9.014e-01, val/nll 3.837e-01
[2023-02-03 06:33:23] [Epoch   244/  500] trn/loss 7.012e-02, trn/lr 5.204e-02, val/acc 8.983e-01, val/nll 3.966e-01
[2023-02-03 06:33:30] [Epoch   245/  500] trn/loss 8.300e-02, trn/lr 5.173e-02, val/acc 8.978e-01, val/nll 3.790e-01
[2023-02-03 06:33:36] [Epoch   246/  500] trn/loss 7.919e-02, trn/lr 5.141e-02, val/acc 9.014e-01, val/nll 3.915e-01
[2023-02-03 06:33:43] [Epoch   247/  500] trn/loss 9.130e-02, trn/lr 5.110e-02, val/acc 8.971e-01, val/nll 3.868e-01
[2023-02-03 06:33:50] [Epoch   248/  500] trn/loss 8.058e-02, trn/lr 5.079e-02, val/acc 9.098e-01, val/nll 3.440e-01 (best_acc: 9.048e-01 -> 9.098e-01, test_acc: 9.103e-01, test_nll: 3.543e-01)
[2023-02-03 06:33:56] [Epoch   249/  500] trn/loss 6.738e-02, trn/lr 5.047e-02, val/acc 9.060e-01, val/nll 3.627e-01
[2023-02-03 06:34:03] [Epoch   250/  500] trn/loss 6.277e-02, trn/lr 5.016e-02, val/acc 9.044e-01, val/nll 3.575e-01
[2023-02-03 06:34:09] [Epoch   251/  500] trn/loss 7.481e-02, trn/lr 4.984e-02, val/acc 8.931e-01, val/nll 4.109e-01
[2023-02-03 06:34:16] [Epoch   252/  500] trn/loss 7.920e-02, trn/lr 4.953e-02, val/acc 8.925e-01, val/nll 3.992e-01
[2023-02-03 06:34:22] [Epoch   253/  500] trn/loss 7.233e-02, trn/lr 4.922e-02, val/acc 8.946e-01, val/nll 4.219e-01
[2023-02-03 06:34:29] [Epoch   254/  500] trn/loss 8.037e-02, trn/lr 4.890e-02, val/acc 8.982e-01, val/nll 4.099e-01
[2023-02-03 06:34:36] [Epoch   255/  500] trn/loss 7.463e-02, trn/lr 4.859e-02, val/acc 9.114e-01, val/nll 3.322e-01 (best_acc: 9.098e-01 -> 9.114e-01, test_acc: 9.076e-01, test_nll: 3.463e-01)
[2023-02-03 06:34:42] [Epoch   256/  500] trn/loss 6.887e-02, trn/lr 4.827e-02, val/acc 8.784e-01, val/nll 5.054e-01
[2023-02-03 06:34:49] [Epoch   257/  500] trn/loss 7.274e-02, trn/lr 4.796e-02, val/acc 9.043e-01, val/nll 3.716e-01
[2023-02-03 06:34:55] [Epoch   258/  500] trn/loss 5.852e-02, trn/lr 4.765e-02, val/acc 9.042e-01, val/nll 3.876e-01
[2023-02-03 06:35:02] [Epoch   259/  500] trn/loss 6.718e-02, trn/lr 4.733e-02, val/acc 8.948e-01, val/nll 4.057e-01
[2023-02-03 06:35:08] [Epoch   260/  500] trn/loss 6.677e-02, trn/lr 4.702e-02, val/acc 9.064e-01, val/nll 3.778e-01
[2023-02-03 06:35:15] [Epoch   261/  500] trn/loss 6.627e-02, trn/lr 4.670e-02, val/acc 9.000e-01, val/nll 3.977e-01
[2023-02-03 06:35:21] [Epoch   262/  500] trn/loss 7.089e-02, trn/lr 4.639e-02, val/acc 9.054e-01, val/nll 3.856e-01
[2023-02-03 06:35:28] [Epoch   263/  500] trn/loss 6.411e-02, trn/lr 4.608e-02, val/acc 9.058e-01, val/nll 3.929e-01
[2023-02-03 06:35:34] [Epoch   264/  500] trn/loss 6.396e-02, trn/lr 4.576e-02, val/acc 9.054e-01, val/nll 3.799e-01
[2023-02-03 06:35:41] [Epoch   265/  500] trn/loss 7.101e-02, trn/lr 4.545e-02, val/acc 8.962e-01, val/nll 4.226e-01
[2023-02-03 06:35:47] [Epoch   266/  500] trn/loss 6.452e-02, trn/lr 4.514e-02, val/acc 9.114e-01, val/nll 3.460e-01
[2023-02-03 06:35:54] [Epoch   267/  500] trn/loss 6.312e-02, trn/lr 4.483e-02, val/acc 8.896e-01, val/nll 4.610e-01
[2023-02-03 06:36:00] [Epoch   268/  500] trn/loss 5.717e-02, trn/lr 4.451e-02, val/acc 8.983e-01, val/nll 4.273e-01
[2023-02-03 06:36:07] [Epoch   269/  500] trn/loss 5.761e-02, trn/lr 4.420e-02, val/acc 8.918e-01, val/nll 4.487e-01
[2023-02-03 06:36:13] [Epoch   270/  500] trn/loss 6.673e-02, trn/lr 4.389e-02, val/acc 9.038e-01, val/nll 4.002e-01
[2023-02-03 06:36:20] [Epoch   271/  500] trn/loss 7.365e-02, trn/lr 4.358e-02, val/acc 8.876e-01, val/nll 4.610e-01
[2023-02-03 06:36:26] [Epoch   272/  500] trn/loss 6.473e-02, trn/lr 4.327e-02, val/acc 8.948e-01, val/nll 4.319e-01
[2023-02-03 06:36:33] [Epoch   273/  500] trn/loss 5.508e-02, trn/lr 4.296e-02, val/acc 9.088e-01, val/nll 3.680e-01
[2023-02-03 06:36:39] [Epoch   274/  500] trn/loss 5.654e-02, trn/lr 4.265e-02, val/acc 9.027e-01, val/nll 3.687e-01
[2023-02-03 06:36:46] [Epoch   275/  500] trn/loss 5.657e-02, trn/lr 4.233e-02, val/acc 9.087e-01, val/nll 3.743e-01
[2023-02-03 06:36:52] [Epoch   276/  500] trn/loss 5.975e-02, trn/lr 4.202e-02, val/acc 9.008e-01, val/nll 4.063e-01
[2023-02-03 06:36:59] [Epoch   277/  500] trn/loss 6.904e-02, trn/lr 4.171e-02, val/acc 9.050e-01, val/nll 3.975e-01
[2023-02-03 06:37:06] [Epoch   278/  500] trn/loss 6.085e-02, trn/lr 4.140e-02, val/acc 9.129e-01, val/nll 3.450e-01 (best_acc: 9.114e-01 -> 9.129e-01, test_acc: 9.051e-01, test_nll: 3.802e-01)
[2023-02-03 06:37:12] [Epoch   279/  500] trn/loss 5.715e-02, trn/lr 4.110e-02, val/acc 9.116e-01, val/nll 3.535e-01
[2023-02-03 06:37:19] [Epoch   280/  500] trn/loss 5.105e-02, trn/lr 4.079e-02, val/acc 8.941e-01, val/nll 4.639e-01
[2023-02-03 06:37:25] [Epoch   281/  500] trn/loss 6.021e-02, trn/lr 4.048e-02, val/acc 8.912e-01, val/nll 4.588e-01
[2023-02-03 06:37:31] [Epoch   282/  500] trn/loss 5.596e-02, trn/lr 4.017e-02, val/acc 9.046e-01, val/nll 3.846e-01
[2023-02-03 06:37:38] [Epoch   283/  500] trn/loss 5.327e-02, trn/lr 3.986e-02, val/acc 9.038e-01, val/nll 3.793e-01
[2023-02-03 06:37:44] [Epoch   284/  500] trn/loss 5.539e-02, trn/lr 3.955e-02, val/acc 8.988e-01, val/nll 4.156e-01
[2023-02-03 06:37:51] [Epoch   285/  500] trn/loss 5.560e-02, trn/lr 3.925e-02, val/acc 9.032e-01, val/nll 3.801e-01
[2023-02-03 06:37:57] [Epoch   286/  500] trn/loss 5.224e-02, trn/lr 3.894e-02, val/acc 9.091e-01, val/nll 3.813e-01
[2023-02-03 06:38:04] [Epoch   287/  500] trn/loss 5.077e-02, trn/lr 3.863e-02, val/acc 9.045e-01, val/nll 3.710e-01
[2023-02-03 06:38:10] [Epoch   288/  500] trn/loss 5.674e-02, trn/lr 3.833e-02, val/acc 9.091e-01, val/nll 3.832e-01
[2023-02-03 06:38:17] [Epoch   289/  500] trn/loss 5.595e-02, trn/lr 3.802e-02, val/acc 8.985e-01, val/nll 4.056e-01
[2023-02-03 06:38:23] [Epoch   290/  500] trn/loss 4.874e-02, trn/lr 3.772e-02, val/acc 9.038e-01, val/nll 4.004e-01
[2023-02-03 06:38:30] [Epoch   291/  500] trn/loss 4.824e-02, trn/lr 3.741e-02, val/acc 9.071e-01, val/nll 3.763e-01
[2023-02-03 06:38:36] [Epoch   292/  500] trn/loss 5.634e-02, trn/lr 3.711e-02, val/acc 8.966e-01, val/nll 4.592e-01
[2023-02-03 06:38:43] [Epoch   293/  500] trn/loss 5.526e-02, trn/lr 3.681e-02, val/acc 9.025e-01, val/nll 3.834e-01
[2023-02-03 06:38:49] [Epoch   294/  500] trn/loss 4.834e-02, trn/lr 3.650e-02, val/acc 9.077e-01, val/nll 3.780e-01
[2023-02-03 06:38:56] [Epoch   295/  500] trn/loss 4.536e-02, trn/lr 3.620e-02, val/acc 9.157e-01, val/nll 3.386e-01 (best_acc: 9.129e-01 -> 9.157e-01, test_acc: 9.089e-01, test_nll: 3.779e-01)
[2023-02-03 06:39:03] [Epoch   296/  500] trn/loss 4.396e-02, trn/lr 3.590e-02, val/acc 9.082e-01, val/nll 3.964e-01
[2023-02-03 06:39:09] [Epoch   297/  500] trn/loss 4.827e-02, trn/lr 3.560e-02, val/acc 9.048e-01, val/nll 3.727e-01
[2023-02-03 06:39:16] [Epoch   298/  500] trn/loss 5.403e-02, trn/lr 3.530e-02, val/acc 8.997e-01, val/nll 4.101e-01
[2023-02-03 06:39:22] [Epoch   299/  500] trn/loss 5.405e-02, trn/lr 3.500e-02, val/acc 9.103e-01, val/nll 3.701e-01
[2023-02-03 06:39:29] [Epoch   300/  500] trn/loss 4.820e-02, trn/lr 3.470e-02, val/acc 9.083e-01, val/nll 3.935e-01
[2023-02-03 06:39:35] [Epoch   301/  500] trn/loss 4.538e-02, trn/lr 3.440e-02, val/acc 9.000e-01, val/nll 4.599e-01
[2023-02-03 06:39:42] [Epoch   302/  500] trn/loss 4.445e-02, trn/lr 3.410e-02, val/acc 9.069e-01, val/nll 3.966e-01
[2023-02-03 06:39:48] [Epoch   303/  500] trn/loss 4.400e-02, trn/lr 3.381e-02, val/acc 9.058e-01, val/nll 3.818e-01
[2023-02-03 06:39:55] [Epoch   304/  500] trn/loss 3.833e-02, trn/lr 3.351e-02, val/acc 9.076e-01, val/nll 3.795e-01
[2023-02-03 06:40:01] [Epoch   305/  500] trn/loss 4.057e-02, trn/lr 3.321e-02, val/acc 9.143e-01, val/nll 3.386e-01
[2023-02-03 06:40:08] [Epoch   306/  500] trn/loss 3.914e-02, trn/lr 3.292e-02, val/acc 9.140e-01, val/nll 3.500e-01
[2023-02-03 06:40:14] [Epoch   307/  500] trn/loss 4.398e-02, trn/lr 3.262e-02, val/acc 9.083e-01, val/nll 3.909e-01
[2023-02-03 06:40:21] [Epoch   308/  500] trn/loss 4.226e-02, trn/lr 3.233e-02, val/acc 9.166e-01, val/nll 3.398e-01 (best_acc: 9.157e-01 -> 9.166e-01, test_acc: 9.114e-01, test_nll: 3.727e-01)
[2023-02-03 06:40:28] [Epoch   309/  500] trn/loss 3.910e-02, trn/lr 3.203e-02, val/acc 9.168e-01, val/nll 3.470e-01 (best_acc: 9.166e-01 -> 9.168e-01, test_acc: 9.114e-01, test_nll: 3.828e-01)
[2023-02-03 06:40:35] [Epoch   310/  500] trn/loss 4.139e-02, trn/lr 3.174e-02, val/acc 9.102e-01, val/nll 3.584e-01
[2023-02-03 06:40:41] [Epoch   311/  500] trn/loss 4.562e-02, trn/lr 3.145e-02, val/acc 9.052e-01, val/nll 4.034e-01
[2023-02-03 06:40:48] [Epoch   312/  500] trn/loss 4.085e-02, trn/lr 3.116e-02, val/acc 9.119e-01, val/nll 3.762e-01
[2023-02-03 06:40:54] [Epoch   313/  500] trn/loss 3.928e-02, trn/lr 3.087e-02, val/acc 9.035e-01, val/nll 4.216e-01
[2023-02-03 06:41:01] [Epoch   314/  500] trn/loss 3.801e-02, trn/lr 3.058e-02, val/acc 9.126e-01, val/nll 3.883e-01
[2023-02-03 06:41:07] [Epoch   315/  500] trn/loss 3.458e-02, trn/lr 3.029e-02, val/acc 9.082e-01, val/nll 3.897e-01
[2023-02-03 06:41:14] [Epoch   316/  500] trn/loss 3.307e-02, trn/lr 3.000e-02, val/acc 9.184e-01, val/nll 3.517e-01 (best_acc: 9.168e-01 -> 9.184e-01, test_acc: 9.124e-01, test_nll: 3.732e-01)
[2023-02-03 06:41:21] [Epoch   317/  500] trn/loss 3.593e-02, trn/lr 2.971e-02, val/acc 9.091e-01, val/nll 3.712e-01
[2023-02-03 06:41:28] [Epoch   318/  500] trn/loss 3.688e-02, trn/lr 2.943e-02, val/acc 9.199e-01, val/nll 3.242e-01 (best_acc: 9.184e-01 -> 9.199e-01, test_acc: 9.178e-01, test_nll: 3.590e-01)
[2023-02-03 06:41:34] [Epoch   319/  500] trn/loss 2.933e-02, trn/lr 2.914e-02, val/acc 9.160e-01, val/nll 3.356e-01
[2023-02-03 06:41:41] [Epoch   320/  500] trn/loss 2.672e-02, trn/lr 2.885e-02, val/acc 9.132e-01, val/nll 3.604e-01
[2023-02-03 06:41:47] [Epoch   321/  500] trn/loss 3.484e-02, trn/lr 2.857e-02, val/acc 9.054e-01, val/nll 4.139e-01
[2023-02-03 06:41:54] [Epoch   322/  500] trn/loss 3.881e-02, trn/lr 2.829e-02, val/acc 9.139e-01, val/nll 3.626e-01
[2023-02-03 06:42:00] [Epoch   323/  500] trn/loss 3.571e-02, trn/lr 2.800e-02, val/acc 9.056e-01, val/nll 3.859e-01
[2023-02-03 06:42:07] [Epoch   324/  500] trn/loss 3.818e-02, trn/lr 2.772e-02, val/acc 9.098e-01, val/nll 3.731e-01
[2023-02-03 06:42:13] [Epoch   325/  500] trn/loss 3.312e-02, trn/lr 2.744e-02, val/acc 9.186e-01, val/nll 3.363e-01
[2023-02-03 06:42:20] [Epoch   326/  500] trn/loss 2.921e-02, trn/lr 2.716e-02, val/acc 9.166e-01, val/nll 3.533e-01
[2023-02-03 06:42:26] [Epoch   327/  500] trn/loss 3.203e-02, trn/lr 2.688e-02, val/acc 9.138e-01, val/nll 3.663e-01
[2023-02-03 06:42:33] [Epoch   328/  500] trn/loss 3.137e-02, trn/lr 2.660e-02, val/acc 9.077e-01, val/nll 3.822e-01
[2023-02-03 06:42:39] [Epoch   329/  500] trn/loss 3.484e-02, trn/lr 2.633e-02, val/acc 9.150e-01, val/nll 3.667e-01
[2023-02-03 06:42:46] [Epoch   330/  500] trn/loss 3.087e-02, trn/lr 2.605e-02, val/acc 9.137e-01, val/nll 3.646e-01
[2023-02-03 06:42:52] [Epoch   331/  500] trn/loss 3.398e-02, trn/lr 2.578e-02, val/acc 9.152e-01, val/nll 3.566e-01
[2023-02-03 06:42:59] [Epoch   332/  500] trn/loss 2.939e-02, trn/lr 2.550e-02, val/acc 9.219e-01, val/nll 3.211e-01 (best_acc: 9.199e-01 -> 9.219e-01, test_acc: 9.172e-01, test_nll: 3.464e-01)
[2023-02-03 06:43:06] [Epoch   333/  500] trn/loss 2.492e-02, trn/lr 2.523e-02, val/acc 9.180e-01, val/nll 3.547e-01
[2023-02-03 06:43:12] [Epoch   334/  500] trn/loss 2.579e-02, trn/lr 2.496e-02, val/acc 9.111e-01, val/nll 3.839e-01
[2023-02-03 06:43:19] [Epoch   335/  500] trn/loss 2.781e-02, trn/lr 2.468e-02, val/acc 9.226e-01, val/nll 3.397e-01 (best_acc: 9.219e-01 -> 9.226e-01, test_acc: 9.125e-01, test_nll: 3.672e-01)
[2023-02-03 06:43:26] [Epoch   336/  500] trn/loss 2.427e-02, trn/lr 2.441e-02, val/acc 9.199e-01, val/nll 3.605e-01
[2023-02-03 06:43:32] [Epoch   337/  500] trn/loss 2.058e-02, trn/lr 2.414e-02, val/acc 9.175e-01, val/nll 3.617e-01
[2023-02-03 06:43:39] [Epoch   338/  500] trn/loss 2.057e-02, trn/lr 2.388e-02, val/acc 9.195e-01, val/nll 3.534e-01
[2023-02-03 06:43:45] [Epoch   339/  500] trn/loss 2.351e-02, trn/lr 2.361e-02, val/acc 9.132e-01, val/nll 3.941e-01
[2023-02-03 06:43:52] [Epoch   340/  500] trn/loss 2.214e-02, trn/lr 2.334e-02, val/acc 9.176e-01, val/nll 3.651e-01
[2023-02-03 06:43:58] [Epoch   341/  500] trn/loss 2.504e-02, trn/lr 2.308e-02, val/acc 9.221e-01, val/nll 3.410e-01
[2023-02-03 06:44:05] [Epoch   342/  500] trn/loss 2.085e-02, trn/lr 2.281e-02, val/acc 9.187e-01, val/nll 3.492e-01
[2023-02-03 06:44:11] [Epoch   343/  500] trn/loss 2.107e-02, trn/lr 2.255e-02, val/acc 9.154e-01, val/nll 3.766e-01
[2023-02-03 06:44:18] [Epoch   344/  500] trn/loss 2.101e-02, trn/lr 2.229e-02, val/acc 9.218e-01, val/nll 3.271e-01
[2023-02-03 06:44:24] [Epoch   345/  500] trn/loss 2.291e-02, trn/lr 2.203e-02, val/acc 9.163e-01, val/nll 3.572e-01
[2023-02-03 06:44:31] [Epoch   346/  500] trn/loss 1.980e-02, trn/lr 2.177e-02, val/acc 9.167e-01, val/nll 3.839e-01
[2023-02-03 06:44:37] [Epoch   347/  500] trn/loss 1.834e-02, trn/lr 2.151e-02, val/acc 9.195e-01, val/nll 3.534e-01
[2023-02-03 06:44:44] [Epoch   348/  500] trn/loss 1.871e-02, trn/lr 2.125e-02, val/acc 9.187e-01, val/nll 3.566e-01
[2023-02-03 06:44:50] [Epoch   349/  500] trn/loss 1.849e-02, trn/lr 2.099e-02, val/acc 9.219e-01, val/nll 3.419e-01
[2023-02-03 06:44:57] [Epoch   350/  500] trn/loss 1.875e-02, trn/lr 2.074e-02, val/acc 9.215e-01, val/nll 3.381e-01
[2023-02-03 06:45:03] [Epoch   351/  500] trn/loss 1.839e-02, trn/lr 2.048e-02, val/acc 9.177e-01, val/nll 3.474e-01
[2023-02-03 06:45:10] [Epoch   352/  500] trn/loss 1.696e-02, trn/lr 2.023e-02, val/acc 9.174e-01, val/nll 3.690e-01
[2023-02-03 06:45:16] [Epoch   353/  500] trn/loss 1.637e-02, trn/lr 1.998e-02, val/acc 9.232e-01, val/nll 3.282e-01 (best_acc: 9.226e-01 -> 9.232e-01, test_acc: 9.198e-01, test_nll: 3.718e-01)
[2023-02-03 06:45:23] [Epoch   354/  500] trn/loss 1.457e-02, trn/lr 1.973e-02, val/acc 9.204e-01, val/nll 3.443e-01
[2023-02-03 06:45:29] [Epoch   355/  500] trn/loss 1.573e-02, trn/lr 1.948e-02, val/acc 9.229e-01, val/nll 3.406e-01
[2023-02-03 06:45:36] [Epoch   356/  500] trn/loss 1.386e-02, trn/lr 1.923e-02, val/acc 9.236e-01, val/nll 3.458e-01 (best_acc: 9.232e-01 -> 9.236e-01, test_acc: 9.179e-01, test_nll: 3.565e-01)
[2023-02-03 06:45:43] [Epoch   357/  500] trn/loss 1.424e-02, trn/lr 1.898e-02, val/acc 9.279e-01, val/nll 3.156e-01 (best_acc: 9.236e-01 -> 9.279e-01, test_acc: 9.197e-01, test_nll: 3.514e-01)
[2023-02-03 06:45:50] [Epoch   358/  500] trn/loss 1.446e-02, trn/lr 1.874e-02, val/acc 9.249e-01, val/nll 3.131e-01
[2023-02-03 06:45:56] [Epoch   359/  500] trn/loss 1.566e-02, trn/lr 1.849e-02, val/acc 9.198e-01, val/nll 3.526e-01
[2023-02-03 06:46:03] [Epoch   360/  500] trn/loss 1.402e-02, trn/lr 1.825e-02, val/acc 9.229e-01, val/nll 3.441e-01
[2023-02-03 06:46:09] [Epoch   361/  500] trn/loss 1.237e-02, trn/lr 1.801e-02, val/acc 9.225e-01, val/nll 3.357e-01
[2023-02-03 06:46:16] [Epoch   362/  500] trn/loss 1.515e-02, trn/lr 1.777e-02, val/acc 9.206e-01, val/nll 3.405e-01
[2023-02-03 06:46:22] [Epoch   363/  500] trn/loss 1.218e-02, trn/lr 1.753e-02, val/acc 9.216e-01, val/nll 3.470e-01
[2023-02-03 06:46:29] [Epoch   364/  500] trn/loss 1.084e-02, trn/lr 1.729e-02, val/acc 9.175e-01, val/nll 3.537e-01
[2023-02-03 06:46:35] [Epoch   365/  500] trn/loss 9.586e-03, trn/lr 1.705e-02, val/acc 9.272e-01, val/nll 3.194e-01
[2023-02-03 06:46:42] [Epoch   366/  500] trn/loss 8.631e-03, trn/lr 1.682e-02, val/acc 9.270e-01, val/nll 3.218e-01
[2023-02-03 06:46:48] [Epoch   367/  500] trn/loss 8.444e-03, trn/lr 1.658e-02, val/acc 9.251e-01, val/nll 3.388e-01
[2023-02-03 06:46:55] [Epoch   368/  500] trn/loss 8.727e-03, trn/lr 1.635e-02, val/acc 9.260e-01, val/nll 3.319e-01
[2023-02-03 06:47:01] [Epoch   369/  500] trn/loss 9.006e-03, trn/lr 1.612e-02, val/acc 9.279e-01, val/nll 3.193e-01
[2023-02-03 06:47:08] [Epoch   370/  500] trn/loss 6.529e-03, trn/lr 1.589e-02, val/acc 9.270e-01, val/nll 3.262e-01
[2023-02-03 06:47:14] [Epoch   371/  500] trn/loss 7.228e-03, trn/lr 1.566e-02, val/acc 9.268e-01, val/nll 3.191e-01
[2023-02-03 06:47:21] [Epoch   372/  500] trn/loss 6.736e-03, trn/lr 1.543e-02, val/acc 9.280e-01, val/nll 3.202e-01 (best_acc: 9.279e-01 -> 9.280e-01, test_acc: 9.216e-01, test_nll: 3.597e-01)
[2023-02-03 06:47:28] [Epoch   373/  500] trn/loss 5.376e-03, trn/lr 1.521e-02, val/acc 9.317e-01, val/nll 3.042e-01 (best_acc: 9.280e-01 -> 9.317e-01, test_acc: 9.269e-01, test_nll: 3.392e-01)
[2023-02-03 06:47:35] [Epoch   374/  500] trn/loss 5.131e-03, trn/lr 1.498e-02, val/acc 9.300e-01, val/nll 3.127e-01
[2023-02-03 06:47:41] [Epoch   375/  500] trn/loss 4.675e-03, trn/lr 1.476e-02, val/acc 9.310e-01, val/nll 3.038e-01
[2023-02-03 06:47:48] [Epoch   376/  500] trn/loss 4.719e-03, trn/lr 1.453e-02, val/acc 9.273e-01, val/nll 3.285e-01
[2023-02-03 06:47:55] [Epoch   377/  500] trn/loss 3.814e-03, trn/lr 1.431e-02, val/acc 9.329e-01, val/nll 3.033e-01 (best_acc: 9.317e-01 -> 9.329e-01, test_acc: 9.291e-01, test_nll: 3.256e-01)
[2023-02-03 06:48:01] [Epoch   378/  500] trn/loss 2.989e-03, trn/lr 1.409e-02, val/acc 9.325e-01, val/nll 3.088e-01
[2023-02-03 06:48:08] [Epoch   379/  500] trn/loss 3.161e-03, trn/lr 1.388e-02, val/acc 9.310e-01, val/nll 3.167e-01
[2023-02-03 06:48:14] [Epoch   380/  500] trn/loss 2.937e-03, trn/lr 1.366e-02, val/acc 9.322e-01, val/nll 3.073e-01
[2023-02-03 06:48:21] [Epoch   381/  500] trn/loss 2.801e-03, trn/lr 1.344e-02, val/acc 9.329e-01, val/nll 2.905e-01
[2023-02-03 06:48:27] [Epoch   382/  500] trn/loss 2.028e-03, trn/lr 1.323e-02, val/acc 9.322e-01, val/nll 2.889e-01
[2023-02-03 06:48:34] [Epoch   383/  500] trn/loss 2.194e-03, trn/lr 1.302e-02, val/acc 9.322e-01, val/nll 2.948e-01
[2023-02-03 06:48:41] [Epoch   384/  500] trn/loss 2.236e-03, trn/lr 1.281e-02, val/acc 9.340e-01, val/nll 2.933e-01 (best_acc: 9.329e-01 -> 9.340e-01, test_acc: 9.309e-01, test_nll: 3.126e-01)
[2023-02-03 06:48:48] [Epoch   385/  500] trn/loss 1.492e-03, trn/lr 1.260e-02, val/acc 9.357e-01, val/nll 2.810e-01 (best_acc: 9.340e-01 -> 9.357e-01, test_acc: 9.348e-01, test_nll: 3.018e-01)
[2023-02-03 06:48:55] [Epoch   386/  500] trn/loss 1.275e-03, trn/lr 1.239e-02, val/acc 9.373e-01, val/nll 2.747e-01 (best_acc: 9.357e-01 -> 9.373e-01, test_acc: 9.336e-01, test_nll: 3.011e-01)
[2023-02-03 06:49:01] [Epoch   387/  500] trn/loss 1.240e-03, trn/lr 1.219e-02, val/acc 9.350e-01, val/nll 2.814e-01
[2023-02-03 06:49:08] [Epoch   388/  500] trn/loss 1.092e-03, trn/lr 1.198e-02, val/acc 9.385e-01, val/nll 2.718e-01 (best_acc: 9.373e-01 -> 9.385e-01, test_acc: 9.350e-01, test_nll: 2.959e-01)
[2023-02-03 06:49:15] [Epoch   389/  500] trn/loss 1.032e-03, trn/lr 1.178e-02, val/acc 9.382e-01, val/nll 2.701e-01
[2023-02-03 06:49:22] [Epoch   390/  500] trn/loss 1.009e-03, trn/lr 1.158e-02, val/acc 9.353e-01, val/nll 2.705e-01
[2023-02-03 06:49:29] [Epoch   391/  500] trn/loss 1.306e-03, trn/lr 1.138e-02, val/acc 9.376e-01, val/nll 2.680e-01
[2023-02-03 06:49:35] [Epoch   392/  500] trn/loss 1.148e-03, trn/lr 1.118e-02, val/acc 9.360e-01, val/nll 2.718e-01
[2023-02-03 06:49:42] [Epoch   393/  500] trn/loss 8.958e-04, trn/lr 1.098e-02, val/acc 9.381e-01, val/nll 2.691e-01
[2023-02-03 06:49:48] [Epoch   394/  500] trn/loss 8.268e-04, trn/lr 1.078e-02, val/acc 9.356e-01, val/nll 2.649e-01
[2023-02-03 06:49:55] [Epoch   395/  500] trn/loss 8.298e-04, trn/lr 1.059e-02, val/acc 9.365e-01, val/nll 2.632e-01
[2023-02-03 06:50:01] [Epoch   396/  500] trn/loss 8.008e-04, trn/lr 1.040e-02, val/acc 9.377e-01, val/nll 2.578e-01
[2023-02-03 06:50:08] [Epoch   397/  500] trn/loss 7.466e-04, trn/lr 1.021e-02, val/acc 9.376e-01, val/nll 2.571e-01
[2023-02-03 06:50:14] [Epoch   398/  500] trn/loss 7.131e-04, trn/lr 1.002e-02, val/acc 9.367e-01, val/nll 2.566e-01
[2023-02-03 06:50:21] [Epoch   399/  500] trn/loss 7.854e-04, trn/lr 9.829e-03, val/acc 9.379e-01, val/nll 2.609e-01
[2023-02-03 06:50:27] [Epoch   400/  500] trn/loss 7.623e-04, trn/lr 9.642e-03, val/acc 9.371e-01, val/nll 2.581e-01
[2023-02-03 06:50:34] [Epoch   401/  500] trn/loss 7.324e-04, trn/lr 9.458e-03, val/acc 9.366e-01, val/nll 2.539e-01
[2023-02-03 06:50:40] [Epoch   402/  500] trn/loss 7.252e-04, trn/lr 9.275e-03, val/acc 9.368e-01, val/nll 2.556e-01
[2023-02-03 06:50:47] [Epoch   403/  500] trn/loss 6.369e-04, trn/lr 9.093e-03, val/acc 9.369e-01, val/nll 2.551e-01
[2023-02-03 06:50:53] [Epoch   404/  500] trn/loss 7.278e-04, trn/lr 8.913e-03, val/acc 9.360e-01, val/nll 2.525e-01
[2023-02-03 06:51:00] [Epoch   405/  500] trn/loss 7.118e-04, trn/lr 8.735e-03, val/acc 9.379e-01, val/nll 2.498e-01
[2023-02-03 06:51:06] [Epoch   406/  500] trn/loss 7.308e-04, trn/lr 8.559e-03, val/acc 9.360e-01, val/nll 2.565e-01
[2023-02-03 06:51:13] [Epoch   407/  500] trn/loss 8.276e-04, trn/lr 8.384e-03, val/acc 9.378e-01, val/nll 2.536e-01
[2023-02-03 06:51:19] [Epoch   408/  500] trn/loss 7.774e-04, trn/lr 8.210e-03, val/acc 9.358e-01, val/nll 2.578e-01
[2023-02-03 06:51:25] [Epoch   409/  500] trn/loss 8.330e-04, trn/lr 8.039e-03, val/acc 9.373e-01, val/nll 2.514e-01
[2023-02-03 06:51:32] [Epoch   410/  500] trn/loss 7.325e-04, trn/lr 7.869e-03, val/acc 9.373e-01, val/nll 2.498e-01
[2023-02-03 06:51:38] [Epoch   411/  500] trn/loss 7.379e-04, trn/lr 7.700e-03, val/acc 9.371e-01, val/nll 2.494e-01
[2023-02-03 06:51:45] [Epoch   412/  500] trn/loss 7.360e-04, trn/lr 7.534e-03, val/acc 9.379e-01, val/nll 2.462e-01
[2023-02-03 06:51:51] [Epoch   413/  500] trn/loss 7.092e-04, trn/lr 7.369e-03, val/acc 9.376e-01, val/nll 2.476e-01
[2023-02-03 06:51:58] [Epoch   414/  500] trn/loss 6.568e-04, trn/lr 7.205e-03, val/acc 9.377e-01, val/nll 2.442e-01
[2023-02-03 06:52:04] [Epoch   415/  500] trn/loss 7.448e-04, trn/lr 7.044e-03, val/acc 9.381e-01, val/nll 2.425e-01
[2023-02-03 06:52:11] [Epoch   416/  500] trn/loss 7.198e-04, trn/lr 6.884e-03, val/acc 9.394e-01, val/nll 2.427e-01 (best_acc: 9.385e-01 -> 9.394e-01, test_acc: 9.377e-01, test_nll: 2.627e-01)
[2023-02-03 06:52:18] [Epoch   417/  500] trn/loss 7.658e-04, trn/lr 6.725e-03, val/acc 9.395e-01, val/nll 2.447e-01 (best_acc: 9.394e-01 -> 9.395e-01, test_acc: 9.375e-01, test_nll: 2.636e-01)
[2023-02-03 06:52:25] [Epoch   418/  500] trn/loss 7.345e-04, trn/lr 6.569e-03, val/acc 9.395e-01, val/nll 2.397e-01
[2023-02-03 06:52:31] [Epoch   419/  500] trn/loss 7.004e-04, trn/lr 6.414e-03, val/acc 9.385e-01, val/nll 2.452e-01
[2023-02-03 06:52:38] [Epoch   420/  500] trn/loss 7.123e-04, trn/lr 6.261e-03, val/acc 9.390e-01, val/nll 2.386e-01
[2023-02-03 06:52:44] [Epoch   421/  500] trn/loss 6.676e-04, trn/lr 6.110e-03, val/acc 9.389e-01, val/nll 2.382e-01
[2023-02-03 06:52:51] [Epoch   422/  500] trn/loss 6.860e-04, trn/lr 5.960e-03, val/acc 9.392e-01, val/nll 2.384e-01
[2023-02-03 06:52:58] [Epoch   423/  500] trn/loss 6.949e-04, trn/lr 5.812e-03, val/acc 9.396e-01, val/nll 2.384e-01 (best_acc: 9.395e-01 -> 9.396e-01, test_acc: 9.370e-01, test_nll: 2.583e-01)
[2023-02-03 06:53:04] [Epoch   424/  500] trn/loss 6.759e-04, trn/lr 5.666e-03, val/acc 9.394e-01, val/nll 2.401e-01
[2023-02-03 06:53:11] [Epoch   425/  500] trn/loss 7.439e-04, trn/lr 5.522e-03, val/acc 9.396e-01, val/nll 2.397e-01
[2023-02-03 06:53:17] [Epoch   426/  500] trn/loss 7.811e-04, trn/lr 5.379e-03, val/acc 9.387e-01, val/nll 2.416e-01
[2023-02-03 06:53:24] [Epoch   427/  500] trn/loss 6.877e-04, trn/lr 5.238e-03, val/acc 9.387e-01, val/nll 2.393e-01
[2023-02-03 06:53:30] [Epoch   428/  500] trn/loss 6.810e-04, trn/lr 5.099e-03, val/acc 9.386e-01, val/nll 2.397e-01
[2023-02-03 06:53:37] [Epoch   429/  500] trn/loss 7.227e-04, trn/lr 4.962e-03, val/acc 9.394e-01, val/nll 2.400e-01
[2023-02-03 06:53:43] [Epoch   430/  500] trn/loss 7.112e-04, trn/lr 4.826e-03, val/acc 9.390e-01, val/nll 2.396e-01
[2023-02-03 06:53:50] [Epoch   431/  500] trn/loss 7.208e-04, trn/lr 4.692e-03, val/acc 9.388e-01, val/nll 2.396e-01
[2023-02-03 06:53:56] [Epoch   432/  500] trn/loss 7.023e-04, trn/lr 4.561e-03, val/acc 9.389e-01, val/nll 2.379e-01
[2023-02-03 06:54:03] [Epoch   433/  500] trn/loss 7.173e-04, trn/lr 4.430e-03, val/acc 9.389e-01, val/nll 2.381e-01
[2023-02-03 06:54:09] [Epoch   434/  500] trn/loss 7.208e-04, trn/lr 4.302e-03, val/acc 9.392e-01, val/nll 2.379e-01
[2023-02-03 06:54:16] [Epoch   435/  500] trn/loss 7.445e-04, trn/lr 4.175e-03, val/acc 9.381e-01, val/nll 2.362e-01
[2023-02-03 06:54:22] [Epoch   436/  500] trn/loss 7.002e-04, trn/lr 4.051e-03, val/acc 9.382e-01, val/nll 2.368e-01
[2023-02-03 06:54:29] [Epoch   437/  500] trn/loss 7.136e-04, trn/lr 3.928e-03, val/acc 9.385e-01, val/nll 2.376e-01
[2023-02-03 06:54:35] [Epoch   438/  500] trn/loss 6.912e-04, trn/lr 3.806e-03, val/acc 9.389e-01, val/nll 2.365e-01
[2023-02-03 06:54:42] [Epoch   439/  500] trn/loss 6.978e-04, trn/lr 3.687e-03, val/acc 9.386e-01, val/nll 2.356e-01
[2023-02-03 06:54:48] [Epoch   440/  500] trn/loss 6.733e-04, trn/lr 3.570e-03, val/acc 9.390e-01, val/nll 2.363e-01
[2023-02-03 06:54:55] [Epoch   441/  500] trn/loss 6.951e-04, trn/lr 3.454e-03, val/acc 9.392e-01, val/nll 2.347e-01
[2023-02-03 06:55:01] [Epoch   442/  500] trn/loss 6.874e-04, trn/lr 3.340e-03, val/acc 9.384e-01, val/nll 2.355e-01
[2023-02-03 06:55:08] [Epoch   443/  500] trn/loss 7.066e-04, trn/lr 3.228e-03, val/acc 9.387e-01, val/nll 2.376e-01
[2023-02-03 06:55:14] [Epoch   444/  500] trn/loss 6.811e-04, trn/lr 3.118e-03, val/acc 9.390e-01, val/nll 2.346e-01
[2023-02-03 06:55:21] [Epoch   445/  500] trn/loss 7.172e-04, trn/lr 3.010e-03, val/acc 9.395e-01, val/nll 2.336e-01
[2023-02-03 06:55:27] [Epoch   446/  500] trn/loss 7.313e-04, trn/lr 2.903e-03, val/acc 9.378e-01, val/nll 2.347e-01
[2023-02-03 06:55:34] [Epoch   447/  500] trn/loss 6.687e-04, trn/lr 2.799e-03, val/acc 9.392e-01, val/nll 2.361e-01
[2023-02-03 06:55:40] [Epoch   448/  500] trn/loss 6.934e-04, trn/lr 2.696e-03, val/acc 9.392e-01, val/nll 2.334e-01
[2023-02-03 06:55:46] [Epoch   449/  500] trn/loss 6.980e-04, trn/lr 2.595e-03, val/acc 9.389e-01, val/nll 2.348e-01
[2023-02-03 06:55:53] [Epoch   450/  500] trn/loss 7.045e-04, trn/lr 2.496e-03, val/acc 9.393e-01, val/nll 2.347e-01
[2023-02-03 06:55:59] [Epoch   451/  500] trn/loss 6.925e-04, trn/lr 2.399e-03, val/acc 9.385e-01, val/nll 2.345e-01
[2023-02-03 06:56:06] [Epoch   452/  500] trn/loss 6.834e-04, trn/lr 2.304e-03, val/acc 9.385e-01, val/nll 2.360e-01
[2023-02-03 06:56:12] [Epoch   453/  500] trn/loss 6.908e-04, trn/lr 2.211e-03, val/acc 9.394e-01, val/nll 2.337e-01
[2023-02-03 06:56:19] [Epoch   454/  500] trn/loss 6.833e-04, trn/lr 2.119e-03, val/acc 9.392e-01, val/nll 2.342e-01
[2023-02-03 06:56:25] [Epoch   455/  500] trn/loss 7.007e-04, trn/lr 2.030e-03, val/acc 9.392e-01, val/nll 2.343e-01
[2023-02-03 06:56:32] [Epoch   456/  500] trn/loss 7.117e-04, trn/lr 1.942e-03, val/acc 9.392e-01, val/nll 2.344e-01
[2023-02-03 06:56:39] [Epoch   457/  500] trn/loss 6.679e-04, trn/lr 1.856e-03, val/acc 9.399e-01, val/nll 2.339e-01 (best_acc: 9.396e-01 -> 9.399e-01, test_acc: 9.368e-01, test_nll: 2.522e-01)
[2023-02-03 06:56:45] [Epoch   458/  500] trn/loss 7.028e-04, trn/lr 1.772e-03, val/acc 9.397e-01, val/nll 2.337e-01
[2023-02-03 06:56:52] [Epoch   459/  500] trn/loss 6.782e-04, trn/lr 1.691e-03, val/acc 9.389e-01, val/nll 2.308e-01
[2023-02-03 06:56:59] [Epoch   460/  500] trn/loss 6.895e-04, trn/lr 1.610e-03, val/acc 9.400e-01, val/nll 2.320e-01 (best_acc: 9.399e-01 -> 9.400e-01, test_acc: 9.367e-01, test_nll: 2.501e-01)
[2023-02-03 06:57:05] [Epoch   461/  500] trn/loss 7.021e-04, trn/lr 1.532e-03, val/acc 9.393e-01, val/nll 2.332e-01
[2023-02-03 06:57:12] [Epoch   462/  500] trn/loss 6.875e-04, trn/lr 1.456e-03, val/acc 9.395e-01, val/nll 2.321e-01
[2023-02-03 06:57:18] [Epoch   463/  500] trn/loss 7.276e-04, trn/lr 1.382e-03, val/acc 9.390e-01, val/nll 2.341e-01
[2023-02-03 06:57:25] [Epoch   464/  500] trn/loss 6.835e-04, trn/lr 1.309e-03, val/acc 9.393e-01, val/nll 2.339e-01
[2023-02-03 06:57:31] [Epoch   465/  500] trn/loss 7.082e-04, trn/lr 1.239e-03, val/acc 9.394e-01, val/nll 2.329e-01
[2023-02-03 06:57:38] [Epoch   466/  500] trn/loss 7.318e-04, trn/lr 1.170e-03, val/acc 9.400e-01, val/nll 2.326e-01
[2023-02-03 06:57:44] [Epoch   467/  500] trn/loss 7.099e-04, trn/lr 1.104e-03, val/acc 9.394e-01, val/nll 2.321e-01
[2023-02-03 06:57:51] [Epoch   468/  500] trn/loss 6.990e-04, trn/lr 1.039e-03, val/acc 9.399e-01, val/nll 2.335e-01
[2023-02-03 06:57:57] [Epoch   469/  500] trn/loss 6.958e-04, trn/lr 9.764e-04, val/acc 9.396e-01, val/nll 2.335e-01
[2023-02-03 06:58:04] [Epoch   470/  500] trn/loss 6.886e-04, trn/lr 9.156e-04, val/acc 9.390e-01, val/nll 2.301e-01
[2023-02-03 06:58:10] [Epoch   471/  500] trn/loss 6.971e-04, trn/lr 8.567e-04, val/acc 9.383e-01, val/nll 2.319e-01
[2023-02-03 06:58:17] [Epoch   472/  500] trn/loss 6.383e-04, trn/lr 7.998e-04, val/acc 9.392e-01, val/nll 2.325e-01
[2023-02-03 06:58:23] [Epoch   473/  500] trn/loss 6.907e-04, trn/lr 7.448e-04, val/acc 9.392e-01, val/nll 2.324e-01
[2023-02-03 06:58:30] [Epoch   474/  500] trn/loss 6.821e-04, trn/lr 6.917e-04, val/acc 9.392e-01, val/nll 2.311e-01
[2023-02-03 06:58:36] [Epoch   475/  500] trn/loss 6.797e-04, trn/lr 6.406e-04, val/acc 9.385e-01, val/nll 2.310e-01
[2023-02-03 06:58:43] [Epoch   476/  500] trn/loss 7.421e-04, trn/lr 5.915e-04, val/acc 9.392e-01, val/nll 2.324e-01
[2023-02-03 06:58:49] [Epoch   477/  500] trn/loss 6.811e-04, trn/lr 5.443e-04, val/acc 9.397e-01, val/nll 2.328e-01
[2023-02-03 06:58:56] [Epoch   478/  500] trn/loss 6.664e-04, trn/lr 4.990e-04, val/acc 9.396e-01, val/nll 2.333e-01
[2023-02-03 06:59:02] [Epoch   479/  500] trn/loss 7.130e-04, trn/lr 4.557e-04, val/acc 9.390e-01, val/nll 2.325e-01
[2023-02-03 06:59:09] [Epoch   480/  500] trn/loss 6.761e-04, trn/lr 4.144e-04, val/acc 9.387e-01, val/nll 2.334e-01
[2023-02-03 06:59:15] [Epoch   481/  500] trn/loss 6.864e-04, trn/lr 3.750e-04, val/acc 9.393e-01, val/nll 2.318e-01
[2023-02-03 06:59:22] [Epoch   482/  500] trn/loss 7.074e-04, trn/lr 3.376e-04, val/acc 9.390e-01, val/nll 2.310e-01
[2023-02-03 06:59:28] [Epoch   483/  500] trn/loss 6.731e-04, trn/lr 3.021e-04, val/acc 9.395e-01, val/nll 2.314e-01
[2023-02-03 06:59:35] [Epoch   484/  500] trn/loss 7.209e-04, trn/lr 2.686e-04, val/acc 9.385e-01, val/nll 2.305e-01
[2023-02-03 06:59:41] [Epoch   485/  500] trn/loss 6.900e-04, trn/lr 2.371e-04, val/acc 9.388e-01, val/nll 2.315e-01
[2023-02-03 06:59:47] [Epoch   486/  500] trn/loss 6.982e-04, trn/lr 2.075e-04, val/acc 9.393e-01, val/nll 2.337e-01
[2023-02-03 06:59:54] [Epoch   487/  500] trn/loss 6.843e-04, trn/lr 1.799e-04, val/acc 9.392e-01, val/nll 2.323e-01
[2023-02-03 07:00:00] [Epoch   488/  500] trn/loss 7.258e-04, trn/lr 1.543e-04, val/acc 9.396e-01, val/nll 2.341e-01
[2023-02-03 07:00:07] [Epoch   489/  500] trn/loss 6.970e-04, trn/lr 1.306e-04, val/acc 9.390e-01, val/nll 2.312e-01
[2023-02-03 07:00:13] [Epoch   490/  500] trn/loss 6.824e-04, trn/lr 1.089e-04, val/acc 9.394e-01, val/nll 2.338e-01
[2023-02-03 07:00:20] [Epoch   491/  500] trn/loss 6.864e-04, trn/lr 8.919e-05, val/acc 9.388e-01, val/nll 2.319e-01
[2023-02-03 07:00:26] [Epoch   492/  500] trn/loss 6.988e-04, trn/lr 7.143e-05, val/acc 9.393e-01, val/nll 2.319e-01
[2023-02-03 07:00:33] [Epoch   493/  500] trn/loss 7.448e-04, trn/lr 5.563e-05, val/acc 9.395e-01, val/nll 2.322e-01
[2023-02-03 07:00:39] [Epoch   494/  500] trn/loss 6.942e-04, trn/lr 4.182e-05, val/acc 9.400e-01, val/nll 2.326e-01
[2023-02-03 07:00:46] [Epoch   495/  500] trn/loss 6.977e-04, trn/lr 2.997e-05, val/acc 9.392e-01, val/nll 2.317e-01
[2023-02-03 07:00:52] [Epoch   496/  500] trn/loss 7.618e-04, trn/lr 2.009e-05, val/acc 9.399e-01, val/nll 2.323e-01
[2023-02-03 07:00:59] [Epoch   497/  500] trn/loss 6.940e-04, trn/lr 1.219e-05, val/acc 9.394e-01, val/nll 2.324e-01
[2023-02-03 07:01:05] [Epoch   498/  500] trn/loss 6.408e-04, trn/lr 6.266e-06, val/acc 9.400e-01, val/nll 2.332e-01
[2023-02-03 07:01:12] [Epoch   499/  500] trn/loss 6.962e-04, trn/lr 2.312e-06, val/acc 9.395e-01, val/nll 2.311e-01
[2023-02-03 07:01:18] [Epoch   500/  500] trn/loss 6.889e-04, trn/lr 3.321e-07, val/acc 9.394e-01, val/nll 2.310e-01
