[2023-02-03 19:36:57] Environments:
------------  -------------------------------------------------------------------------------
sys.platform  linux
Python        3.10.8 (main, Nov 24 2022, 14:13:03) [GCC 11.2.0]
JAX           0.4.1 @/mnt/home/giung/.conda/envs/jax-siml/lib/python3.10/site-packages/jax
jaxlib        0.4.1 @/mnt/home/giung/.conda/envs/jax-siml/lib/python3.10/site-packages/jaxlib
Flax          0.6.3 @/mnt/home/giung/.conda/envs/jax-siml/lib/python3.10/site-packages/flax
Optax         0.1.4 @/mnt/home/giung/.conda/envs/jax-siml/lib/python3.10/site-packages/optax
------------  -------------------------------------------------------------------------------

[2023-02-03 19:36:57] Command line arguments:
- args.data_root          : ./data/
- args.data_name          : CIFAR10_x32
- args.data_augmentation  : standard
- args.data_proportional  : 1.0
- args.model_depth        : 44
- args.model_width        : 1
- args.model_style        : BN-ReLU
- args.optim_bs           : 256
- args.optim_ne           : 200
- args.optim_lr           : 0.03
- args.optim_momentum     : 0.99
- args.optim_weight_decay : 0.0001
- args.save               : /mnt/home/giung/giung2-dev/projects/residual-networks/save/CIFAR10_x32/R44-BN-ReLU/bs-0256_ne-0200_lr-0.03_mo-0.99_wd-0.0001_fp32/42
- args.seed               : 42
- args.precision          : fp32

[2023-02-03 19:37:30] [Epoch     1/  200] trn/loss 2.498e+00, trn/lr 3.000e-02, val/acc 1.275e-01, val/nll 2.793e+00 (best_acc: 0.000e+00 -> 1.275e-01, test_acc: 1.290e-01, test_nll: 2.846e+00)
[2023-02-03 19:37:34] [Epoch     2/  200] trn/loss 2.236e+00, trn/lr 3.000e-02, val/acc 1.877e-01, val/nll 2.190e+00 (best_acc: 1.275e-01 -> 1.877e-01, test_acc: 1.922e-01, test_nll: 2.210e+00)
[2023-02-03 19:37:39] [Epoch     3/  200] trn/loss 2.100e+00, trn/lr 2.999e-02, val/acc 1.904e-01, val/nll 2.066e+00 (best_acc: 1.877e-01 -> 1.904e-01, test_acc: 1.996e-01, test_nll: 2.072e+00)
[2023-02-03 19:37:43] [Epoch     4/  200] trn/loss 2.029e+00, trn/lr 2.998e-02, val/acc 2.063e-01, val/nll 1.978e+00 (best_acc: 1.904e-01 -> 2.063e-01, test_acc: 2.151e-01, test_nll: 1.976e+00)
[2023-02-03 19:37:47] [Epoch     5/  200] trn/loss 1.962e+00, trn/lr 2.996e-02, val/acc 2.777e-01, val/nll 1.875e+00 (best_acc: 2.063e-01 -> 2.777e-01, test_acc: 2.917e-01, test_nll: 1.864e+00)
[2023-02-03 19:37:52] [Epoch     6/  200] trn/loss 1.844e+00, trn/lr 2.994e-02, val/acc 3.515e-01, val/nll 1.746e+00 (best_acc: 2.777e-01 -> 3.515e-01, test_acc: 3.614e-01, test_nll: 1.738e+00)
[2023-02-03 19:37:56] [Epoch     7/  200] trn/loss 1.742e+00, trn/lr 2.992e-02, val/acc 3.541e-01, val/nll 1.769e+00 (best_acc: 3.515e-01 -> 3.541e-01, test_acc: 3.663e-01, test_nll: 1.750e+00)
[2023-02-03 19:38:00] [Epoch     8/  200] trn/loss 1.701e+00, trn/lr 2.990e-02, val/acc 3.097e-01, val/nll 1.937e+00
[2023-02-03 19:38:05] [Epoch     9/  200] trn/loss 1.639e+00, trn/lr 2.987e-02, val/acc 4.197e-01, val/nll 1.589e+00 (best_acc: 3.541e-01 -> 4.197e-01, test_acc: 4.255e-01, test_nll: 1.575e+00)
[2023-02-03 19:38:09] [Epoch    10/  200] trn/loss 1.599e+00, trn/lr 2.983e-02, val/acc 4.062e-01, val/nll 1.623e+00
[2023-02-03 19:38:13] [Epoch    11/  200] trn/loss 1.541e+00, trn/lr 2.980e-02, val/acc 4.493e-01, val/nll 1.511e+00 (best_acc: 4.197e-01 -> 4.493e-01, test_acc: 4.544e-01, test_nll: 1.502e+00)
[2023-02-03 19:38:17] [Epoch    12/  200] trn/loss 1.503e+00, trn/lr 2.976e-02, val/acc 4.397e-01, val/nll 1.516e+00
[2023-02-03 19:38:21] [Epoch    13/  200] trn/loss 1.482e+00, trn/lr 2.971e-02, val/acc 4.353e-01, val/nll 1.515e+00
[2023-02-03 19:38:26] [Epoch    14/  200] trn/loss 1.445e+00, trn/lr 2.966e-02, val/acc 4.679e-01, val/nll 1.494e+00 (best_acc: 4.493e-01 -> 4.679e-01, test_acc: 4.641e-01, test_nll: 1.504e+00)
[2023-02-03 19:38:30] [Epoch    15/  200] trn/loss 1.407e+00, trn/lr 2.961e-02, val/acc 5.042e-01, val/nll 1.342e+00 (best_acc: 4.679e-01 -> 5.042e-01, test_acc: 4.995e-01, test_nll: 1.350e+00)
[2023-02-03 19:38:34] [Epoch    16/  200] trn/loss 1.360e+00, trn/lr 2.956e-02, val/acc 5.129e-01, val/nll 1.335e+00 (best_acc: 5.042e-01 -> 5.129e-01, test_acc: 5.104e-01, test_nll: 1.335e+00)
[2023-02-03 19:38:39] [Epoch    17/  200] trn/loss 1.300e+00, trn/lr 2.950e-02, val/acc 5.404e-01, val/nll 1.286e+00 (best_acc: 5.129e-01 -> 5.404e-01, test_acc: 5.298e-01, test_nll: 1.307e+00)
[2023-02-03 19:38:43] [Epoch    18/  200] trn/loss 1.228e+00, trn/lr 2.944e-02, val/acc 5.757e-01, val/nll 1.179e+00 (best_acc: 5.404e-01 -> 5.757e-01, test_acc: 5.722e-01, test_nll: 1.194e+00)
[2023-02-03 19:38:47] [Epoch    19/  200] trn/loss 1.157e+00, trn/lr 2.937e-02, val/acc 5.498e-01, val/nll 1.285e+00
[2023-02-03 19:38:52] [Epoch    20/  200] trn/loss 1.109e+00, trn/lr 2.930e-02, val/acc 6.091e-01, val/nll 1.098e+00 (best_acc: 5.757e-01 -> 6.091e-01, test_acc: 6.103e-01, test_nll: 1.098e+00)
[2023-02-03 19:38:56] [Epoch    21/  200] trn/loss 1.040e+00, trn/lr 2.923e-02, val/acc 5.986e-01, val/nll 1.184e+00
[2023-02-03 19:39:00] [Epoch    22/  200] trn/loss 9.750e-01, trn/lr 2.915e-02, val/acc 6.440e-01, val/nll 1.056e+00 (best_acc: 6.091e-01 -> 6.440e-01, test_acc: 6.390e-01, test_nll: 1.069e+00)
[2023-02-03 19:39:04] [Epoch    23/  200] trn/loss 9.052e-01, trn/lr 2.907e-02, val/acc 6.771e-01, val/nll 9.109e-01 (best_acc: 6.440e-01 -> 6.771e-01, test_acc: 6.733e-01, test_nll: 9.197e-01)
[2023-02-03 19:39:09] [Epoch    24/  200] trn/loss 8.469e-01, trn/lr 2.899e-02, val/acc 7.085e-01, val/nll 8.505e-01 (best_acc: 6.771e-01 -> 7.085e-01, test_acc: 7.026e-01, test_nll: 8.587e-01)
[2023-02-03 19:39:13] [Epoch    25/  200] trn/loss 7.903e-01, trn/lr 2.890e-02, val/acc 6.718e-01, val/nll 9.629e-01
[2023-02-03 19:39:17] [Epoch    26/  200] trn/loss 7.554e-01, trn/lr 2.881e-02, val/acc 7.066e-01, val/nll 8.978e-01
[2023-02-03 19:39:21] [Epoch    27/  200] trn/loss 7.209e-01, trn/lr 2.872e-02, val/acc 7.235e-01, val/nll 8.067e-01 (best_acc: 7.085e-01 -> 7.235e-01, test_acc: 7.242e-01, test_nll: 8.124e-01)
[2023-02-03 19:39:26] [Epoch    28/  200] trn/loss 6.799e-01, trn/lr 2.862e-02, val/acc 7.542e-01, val/nll 7.123e-01 (best_acc: 7.235e-01 -> 7.542e-01, test_acc: 7.453e-01, test_nll: 7.467e-01)
[2023-02-03 19:39:30] [Epoch    29/  200] trn/loss 6.417e-01, trn/lr 2.852e-02, val/acc 7.385e-01, val/nll 7.580e-01
[2023-02-03 19:39:34] [Epoch    30/  200] trn/loss 6.044e-01, trn/lr 2.842e-02, val/acc 7.515e-01, val/nll 7.498e-01
[2023-02-03 19:39:38] [Epoch    31/  200] trn/loss 6.069e-01, trn/lr 2.831e-02, val/acc 7.680e-01, val/nll 6.672e-01 (best_acc: 7.542e-01 -> 7.680e-01, test_acc: 7.631e-01, test_nll: 7.010e-01)
[2023-02-03 19:39:43] [Epoch    32/  200] trn/loss 5.793e-01, trn/lr 2.820e-02, val/acc 7.749e-01, val/nll 6.713e-01 (best_acc: 7.680e-01 -> 7.749e-01, test_acc: 7.670e-01, test_nll: 7.082e-01)
[2023-02-03 19:39:47] [Epoch    33/  200] trn/loss 5.453e-01, trn/lr 2.809e-02, val/acc 7.407e-01, val/nll 8.689e-01
[2023-02-03 19:39:51] [Epoch    34/  200] trn/loss 5.295e-01, trn/lr 2.797e-02, val/acc 7.946e-01, val/nll 6.118e-01 (best_acc: 7.749e-01 -> 7.946e-01, test_acc: 7.869e-01, test_nll: 6.391e-01)
[2023-02-03 19:39:56] [Epoch    35/  200] trn/loss 5.136e-01, trn/lr 2.785e-02, val/acc 8.061e-01, val/nll 5.785e-01 (best_acc: 7.946e-01 -> 8.061e-01, test_acc: 7.968e-01, test_nll: 6.019e-01)
[2023-02-03 19:40:00] [Epoch    36/  200] trn/loss 5.027e-01, trn/lr 2.773e-02, val/acc 8.030e-01, val/nll 5.741e-01
[2023-02-03 19:40:04] [Epoch    37/  200] trn/loss 4.689e-01, trn/lr 2.760e-02, val/acc 7.685e-01, val/nll 7.368e-01
[2023-02-03 19:40:08] [Epoch    38/  200] trn/loss 4.562e-01, trn/lr 2.747e-02, val/acc 7.858e-01, val/nll 6.992e-01
[2023-02-03 19:40:12] [Epoch    39/  200] trn/loss 4.546e-01, trn/lr 2.734e-02, val/acc 8.150e-01, val/nll 5.493e-01 (best_acc: 8.061e-01 -> 8.150e-01, test_acc: 8.087e-01, test_nll: 5.718e-01)
[2023-02-03 19:40:17] [Epoch    40/  200] trn/loss 4.465e-01, trn/lr 2.720e-02, val/acc 8.233e-01, val/nll 5.282e-01 (best_acc: 8.150e-01 -> 8.233e-01, test_acc: 8.162e-01, test_nll: 5.584e-01)
[2023-02-03 19:40:21] [Epoch    41/  200] trn/loss 4.401e-01, trn/lr 2.707e-02, val/acc 8.243e-01, val/nll 5.419e-01 (best_acc: 8.233e-01 -> 8.243e-01, test_acc: 8.133e-01, test_nll: 5.746e-01)
[2023-02-03 19:40:26] [Epoch    42/  200] trn/loss 4.269e-01, trn/lr 2.692e-02, val/acc 8.367e-01, val/nll 4.925e-01 (best_acc: 8.243e-01 -> 8.367e-01, test_acc: 8.277e-01, test_nll: 5.050e-01)
[2023-02-03 19:40:30] [Epoch    43/  200] trn/loss 4.091e-01, trn/lr 2.678e-02, val/acc 8.390e-01, val/nll 4.903e-01 (best_acc: 8.367e-01 -> 8.390e-01, test_acc: 8.333e-01, test_nll: 5.080e-01)
[2023-02-03 19:40:34] [Epoch    44/  200] trn/loss 3.917e-01, trn/lr 2.663e-02, val/acc 8.418e-01, val/nll 4.702e-01 (best_acc: 8.390e-01 -> 8.418e-01, test_acc: 8.354e-01, test_nll: 4.956e-01)
[2023-02-03 19:40:39] [Epoch    45/  200] trn/loss 3.864e-01, trn/lr 2.648e-02, val/acc 8.322e-01, val/nll 5.113e-01
[2023-02-03 19:40:43] [Epoch    46/  200] trn/loss 3.786e-01, trn/lr 2.633e-02, val/acc 8.435e-01, val/nll 4.747e-01 (best_acc: 8.418e-01 -> 8.435e-01, test_acc: 8.383e-01, test_nll: 4.954e-01)
[2023-02-03 19:40:47] [Epoch    47/  200] trn/loss 3.870e-01, trn/lr 2.617e-02, val/acc 8.319e-01, val/nll 5.127e-01
[2023-02-03 19:40:51] [Epoch    48/  200] trn/loss 3.836e-01, trn/lr 2.602e-02, val/acc 8.242e-01, val/nll 5.358e-01
[2023-02-03 19:40:55] [Epoch    49/  200] trn/loss 3.632e-01, trn/lr 2.585e-02, val/acc 8.294e-01, val/nll 5.255e-01
[2023-02-03 19:40:59] [Epoch    50/  200] trn/loss 3.524e-01, trn/lr 2.569e-02, val/acc 8.347e-01, val/nll 5.153e-01
[2023-02-03 19:41:04] [Epoch    51/  200] trn/loss 3.536e-01, trn/lr 2.552e-02, val/acc 8.503e-01, val/nll 4.421e-01 (best_acc: 8.435e-01 -> 8.503e-01, test_acc: 8.487e-01, test_nll: 4.626e-01)
[2023-02-03 19:41:08] [Epoch    52/  200] trn/loss 3.391e-01, trn/lr 2.535e-02, val/acc 8.326e-01, val/nll 5.315e-01
[2023-02-03 19:41:12] [Epoch    53/  200] trn/loss 3.336e-01, trn/lr 2.518e-02, val/acc 8.614e-01, val/nll 4.236e-01 (best_acc: 8.503e-01 -> 8.614e-01, test_acc: 8.501e-01, test_nll: 4.396e-01)
[2023-02-03 19:41:16] [Epoch    54/  200] trn/loss 3.238e-01, trn/lr 2.501e-02, val/acc 8.567e-01, val/nll 4.513e-01
[2023-02-03 19:41:21] [Epoch    55/  200] trn/loss 3.298e-01, trn/lr 2.483e-02, val/acc 8.355e-01, val/nll 5.402e-01
[2023-02-03 19:41:25] [Epoch    56/  200] trn/loss 3.205e-01, trn/lr 2.465e-02, val/acc 8.480e-01, val/nll 4.713e-01
[2023-02-03 19:41:29] [Epoch    57/  200] trn/loss 3.082e-01, trn/lr 2.447e-02, val/acc 8.527e-01, val/nll 4.478e-01
[2023-02-03 19:41:33] [Epoch    58/  200] trn/loss 3.098e-01, trn/lr 2.429e-02, val/acc 8.561e-01, val/nll 4.296e-01
[2023-02-03 19:41:37] [Epoch    59/  200] trn/loss 3.094e-01, trn/lr 2.410e-02, val/acc 8.579e-01, val/nll 4.233e-01
[2023-02-03 19:41:41] [Epoch    60/  200] trn/loss 2.860e-01, trn/lr 2.391e-02, val/acc 8.576e-01, val/nll 4.298e-01
[2023-02-03 19:41:45] [Epoch    61/  200] trn/loss 2.801e-01, trn/lr 2.372e-02, val/acc 8.619e-01, val/nll 4.382e-01 (best_acc: 8.614e-01 -> 8.619e-01, test_acc: 8.551e-01, test_nll: 4.605e-01)
[2023-02-03 19:41:50] [Epoch    62/  200] trn/loss 2.792e-01, trn/lr 2.353e-02, val/acc 8.559e-01, val/nll 4.424e-01
[2023-02-03 19:41:54] [Epoch    63/  200] trn/loss 2.795e-01, trn/lr 2.333e-02, val/acc 8.545e-01, val/nll 4.604e-01
[2023-02-03 19:41:58] [Epoch    64/  200] trn/loss 2.760e-01, trn/lr 2.314e-02, val/acc 8.700e-01, val/nll 4.105e-01 (best_acc: 8.619e-01 -> 8.700e-01, test_acc: 8.640e-01, test_nll: 4.270e-01)
[2023-02-03 19:42:02] [Epoch    65/  200] trn/loss 2.711e-01, trn/lr 2.294e-02, val/acc 8.545e-01, val/nll 4.581e-01
[2023-02-03 19:42:06] [Epoch    66/  200] trn/loss 2.569e-01, trn/lr 2.274e-02, val/acc 8.554e-01, val/nll 4.692e-01
[2023-02-03 19:42:10] [Epoch    67/  200] trn/loss 2.575e-01, trn/lr 2.253e-02, val/acc 8.675e-01, val/nll 4.159e-01
[2023-02-03 19:42:15] [Epoch    68/  200] trn/loss 2.514e-01, trn/lr 2.233e-02, val/acc 8.652e-01, val/nll 4.156e-01
[2023-02-03 19:42:19] [Epoch    69/  200] trn/loss 2.601e-01, trn/lr 2.212e-02, val/acc 8.660e-01, val/nll 4.427e-01
[2023-02-03 19:42:23] [Epoch    70/  200] trn/loss 2.524e-01, trn/lr 2.192e-02, val/acc 8.572e-01, val/nll 4.606e-01
[2023-02-03 19:42:27] [Epoch    71/  200] trn/loss 2.494e-01, trn/lr 2.171e-02, val/acc 8.739e-01, val/nll 3.803e-01 (best_acc: 8.700e-01 -> 8.739e-01, test_acc: 8.689e-01, test_nll: 4.037e-01)
[2023-02-03 19:42:31] [Epoch    72/  200] trn/loss 2.412e-01, trn/lr 2.149e-02, val/acc 8.733e-01, val/nll 4.070e-01
[2023-02-03 19:42:35] [Epoch    73/  200] trn/loss 2.398e-01, trn/lr 2.128e-02, val/acc 8.726e-01, val/nll 3.938e-01
[2023-02-03 19:42:40] [Epoch    74/  200] trn/loss 2.339e-01, trn/lr 2.107e-02, val/acc 8.777e-01, val/nll 3.912e-01 (best_acc: 8.739e-01 -> 8.777e-01, test_acc: 8.734e-01, test_nll: 4.177e-01)
[2023-02-03 19:42:44] [Epoch    75/  200] trn/loss 2.307e-01, trn/lr 2.085e-02, val/acc 8.722e-01, val/nll 3.999e-01
[2023-02-03 19:42:48] [Epoch    76/  200] trn/loss 2.241e-01, trn/lr 2.063e-02, val/acc 8.706e-01, val/nll 4.179e-01
[2023-02-03 19:42:52] [Epoch    77/  200] trn/loss 2.279e-01, trn/lr 2.041e-02, val/acc 8.556e-01, val/nll 4.766e-01
[2023-02-03 19:42:56] [Epoch    78/  200] trn/loss 2.441e-01, trn/lr 2.019e-02, val/acc 8.573e-01, val/nll 4.546e-01
[2023-02-03 19:43:00] [Epoch    79/  200] trn/loss 2.286e-01, trn/lr 1.997e-02, val/acc 8.726e-01, val/nll 4.011e-01
[2023-02-03 19:43:04] [Epoch    80/  200] trn/loss 2.146e-01, trn/lr 1.975e-02, val/acc 8.690e-01, val/nll 4.422e-01
[2023-02-03 19:43:09] [Epoch    81/  200] trn/loss 2.029e-01, trn/lr 1.952e-02, val/acc 8.668e-01, val/nll 4.406e-01
[2023-02-03 19:43:13] [Epoch    82/  200] trn/loss 2.003e-01, trn/lr 1.930e-02, val/acc 8.791e-01, val/nll 3.809e-01 (best_acc: 8.777e-01 -> 8.791e-01, test_acc: 8.710e-01, test_nll: 4.045e-01)
[2023-02-03 19:43:17] [Epoch    83/  200] trn/loss 1.985e-01, trn/lr 1.907e-02, val/acc 8.717e-01, val/nll 4.366e-01
[2023-02-03 19:43:21] [Epoch    84/  200] trn/loss 2.042e-01, trn/lr 1.885e-02, val/acc 8.770e-01, val/nll 4.012e-01
[2023-02-03 19:43:26] [Epoch    85/  200] trn/loss 1.975e-01, trn/lr 1.862e-02, val/acc 8.845e-01, val/nll 3.851e-01 (best_acc: 8.791e-01 -> 8.845e-01, test_acc: 8.820e-01, test_nll: 4.027e-01)
[2023-02-03 19:43:30] [Epoch    86/  200] trn/loss 1.907e-01, trn/lr 1.839e-02, val/acc 8.706e-01, val/nll 4.424e-01
[2023-02-03 19:43:34] [Epoch    87/  200] trn/loss 1.872e-01, trn/lr 1.816e-02, val/acc 8.768e-01, val/nll 4.086e-01
[2023-02-03 19:43:38] [Epoch    88/  200] trn/loss 1.830e-01, trn/lr 1.793e-02, val/acc 8.738e-01, val/nll 4.243e-01
[2023-02-03 19:43:42] [Epoch    89/  200] trn/loss 1.847e-01, trn/lr 1.770e-02, val/acc 8.815e-01, val/nll 3.944e-01
[2023-02-03 19:43:46] [Epoch    90/  200] trn/loss 1.799e-01, trn/lr 1.746e-02, val/acc 8.721e-01, val/nll 4.153e-01
[2023-02-03 19:43:50] [Epoch    91/  200] trn/loss 1.836e-01, trn/lr 1.723e-02, val/acc 8.718e-01, val/nll 4.177e-01
[2023-02-03 19:43:54] [Epoch    92/  200] trn/loss 1.825e-01, trn/lr 1.700e-02, val/acc 8.683e-01, val/nll 4.632e-01
[2023-02-03 19:43:58] [Epoch    93/  200] trn/loss 1.715e-01, trn/lr 1.676e-02, val/acc 8.754e-01, val/nll 4.083e-01
[2023-02-03 19:44:03] [Epoch    94/  200] trn/loss 1.638e-01, trn/lr 1.653e-02, val/acc 8.842e-01, val/nll 3.812e-01
[2023-02-03 19:44:07] [Epoch    95/  200] trn/loss 1.665e-01, trn/lr 1.630e-02, val/acc 8.761e-01, val/nll 4.037e-01
[2023-02-03 19:44:11] [Epoch    96/  200] trn/loss 1.668e-01, trn/lr 1.606e-02, val/acc 8.582e-01, val/nll 5.220e-01
[2023-02-03 19:44:15] [Epoch    97/  200] trn/loss 1.683e-01, trn/lr 1.582e-02, val/acc 8.764e-01, val/nll 3.951e-01
[2023-02-03 19:44:19] [Epoch    98/  200] trn/loss 1.556e-01, trn/lr 1.559e-02, val/acc 8.882e-01, val/nll 3.816e-01 (best_acc: 8.845e-01 -> 8.882e-01, test_acc: 8.811e-01, test_nll: 4.002e-01)
[2023-02-03 19:44:23] [Epoch    99/  200] trn/loss 1.538e-01, trn/lr 1.535e-02, val/acc 8.787e-01, val/nll 4.301e-01
[2023-02-03 19:44:27] [Epoch   100/  200] trn/loss 1.567e-01, trn/lr 1.512e-02, val/acc 8.767e-01, val/nll 4.184e-01
[2023-02-03 19:44:32] [Epoch   101/  200] trn/loss 1.530e-01, trn/lr 1.488e-02, val/acc 8.551e-01, val/nll 5.461e-01
[2023-02-03 19:44:36] [Epoch   102/  200] trn/loss 1.451e-01, trn/lr 1.465e-02, val/acc 8.854e-01, val/nll 3.848e-01
[2023-02-03 19:44:40] [Epoch   103/  200] trn/loss 1.392e-01, trn/lr 1.441e-02, val/acc 8.860e-01, val/nll 3.899e-01
[2023-02-03 19:44:44] [Epoch   104/  200] trn/loss 1.507e-01, trn/lr 1.418e-02, val/acc 8.986e-01, val/nll 3.448e-01 (best_acc: 8.882e-01 -> 8.986e-01, test_acc: 8.882e-01, test_nll: 3.748e-01)
[2023-02-03 19:44:48] [Epoch   105/  200] trn/loss 1.385e-01, trn/lr 1.394e-02, val/acc 8.884e-01, val/nll 3.680e-01
[2023-02-03 19:44:52] [Epoch   106/  200] trn/loss 1.329e-01, trn/lr 1.371e-02, val/acc 8.926e-01, val/nll 3.734e-01
[2023-02-03 19:44:57] [Epoch   107/  200] trn/loss 1.213e-01, trn/lr 1.347e-02, val/acc 8.869e-01, val/nll 3.855e-01
[2023-02-03 19:45:01] [Epoch   108/  200] trn/loss 1.268e-01, trn/lr 1.324e-02, val/acc 8.883e-01, val/nll 3.926e-01
[2023-02-03 19:45:05] [Epoch   109/  200] trn/loss 1.221e-01, trn/lr 1.300e-02, val/acc 8.832e-01, val/nll 4.229e-01
[2023-02-03 19:45:09] [Epoch   110/  200] trn/loss 1.248e-01, trn/lr 1.277e-02, val/acc 8.871e-01, val/nll 3.902e-01
[2023-02-03 19:45:13] [Epoch   111/  200] trn/loss 1.149e-01, trn/lr 1.254e-02, val/acc 8.897e-01, val/nll 4.014e-01
[2023-02-03 19:45:17] [Epoch   112/  200] trn/loss 1.211e-01, trn/lr 1.231e-02, val/acc 8.915e-01, val/nll 3.850e-01
[2023-02-03 19:45:21] [Epoch   113/  200] trn/loss 1.252e-01, trn/lr 1.207e-02, val/acc 8.894e-01, val/nll 3.927e-01
[2023-02-03 19:45:25] [Epoch   114/  200] trn/loss 1.248e-01, trn/lr 1.184e-02, val/acc 8.930e-01, val/nll 3.731e-01
[2023-02-03 19:45:29] [Epoch   115/  200] trn/loss 1.127e-01, trn/lr 1.161e-02, val/acc 8.936e-01, val/nll 3.697e-01
[2023-02-03 19:45:33] [Epoch   116/  200] trn/loss 1.095e-01, trn/lr 1.138e-02, val/acc 8.948e-01, val/nll 3.848e-01
[2023-02-03 19:45:38] [Epoch   117/  200] trn/loss 1.090e-01, trn/lr 1.116e-02, val/acc 8.885e-01, val/nll 3.870e-01
[2023-02-03 19:45:42] [Epoch   118/  200] trn/loss 9.904e-02, trn/lr 1.093e-02, val/acc 8.983e-01, val/nll 3.906e-01
[2023-02-03 19:45:46] [Epoch   119/  200] trn/loss 9.231e-02, trn/lr 1.070e-02, val/acc 8.973e-01, val/nll 3.845e-01
[2023-02-03 19:45:50] [Epoch   120/  200] trn/loss 9.690e-02, trn/lr 1.048e-02, val/acc 8.981e-01, val/nll 3.866e-01
[2023-02-03 19:45:54] [Epoch   121/  200] trn/loss 9.692e-02, trn/lr 1.025e-02, val/acc 8.962e-01, val/nll 3.846e-01
[2023-02-03 19:45:58] [Epoch   122/  200] trn/loss 9.705e-02, trn/lr 1.003e-02, val/acc 8.917e-01, val/nll 4.017e-01
[2023-02-03 19:46:02] [Epoch   123/  200] trn/loss 9.150e-02, trn/lr 9.809e-03, val/acc 8.972e-01, val/nll 3.849e-01
[2023-02-03 19:46:06] [Epoch   124/  200] trn/loss 8.154e-02, trn/lr 9.589e-03, val/acc 8.972e-01, val/nll 3.944e-01
[2023-02-03 19:46:10] [Epoch   125/  200] trn/loss 7.929e-02, trn/lr 9.370e-03, val/acc 8.952e-01, val/nll 3.943e-01
[2023-02-03 19:46:15] [Epoch   126/  200] trn/loss 7.537e-02, trn/lr 9.152e-03, val/acc 8.962e-01, val/nll 4.017e-01
[2023-02-03 19:46:19] [Epoch   127/  200] trn/loss 8.058e-02, trn/lr 8.936e-03, val/acc 8.973e-01, val/nll 4.018e-01
[2023-02-03 19:46:23] [Epoch   128/  200] trn/loss 7.267e-02, trn/lr 8.721e-03, val/acc 9.018e-01, val/nll 3.821e-01 (best_acc: 8.986e-01 -> 9.018e-01, test_acc: 8.965e-01, test_nll: 3.901e-01)
[2023-02-03 19:46:27] [Epoch   129/  200] trn/loss 6.794e-02, trn/lr 8.508e-03, val/acc 9.015e-01, val/nll 3.700e-01
[2023-02-03 19:46:32] [Epoch   130/  200] trn/loss 6.558e-02, trn/lr 8.296e-03, val/acc 9.030e-01, val/nll 3.589e-01 (best_acc: 9.018e-01 -> 9.030e-01, test_acc: 8.987e-01, test_nll: 3.903e-01)
[2023-02-03 19:46:36] [Epoch   131/  200] trn/loss 5.538e-02, trn/lr 8.086e-03, val/acc 9.060e-01, val/nll 3.768e-01 (best_acc: 9.030e-01 -> 9.060e-01, test_acc: 9.029e-01, test_nll: 3.891e-01)
[2023-02-03 19:46:40] [Epoch   132/  200] trn/loss 5.919e-02, trn/lr 7.878e-03, val/acc 9.054e-01, val/nll 3.840e-01
[2023-02-03 19:46:44] [Epoch   133/  200] trn/loss 6.378e-02, trn/lr 7.671e-03, val/acc 8.990e-01, val/nll 3.895e-01
[2023-02-03 19:46:48] [Epoch   134/  200] trn/loss 6.050e-02, trn/lr 7.467e-03, val/acc 8.993e-01, val/nll 4.063e-01
[2023-02-03 19:46:52] [Epoch   135/  200] trn/loss 5.532e-02, trn/lr 7.264e-03, val/acc 9.045e-01, val/nll 3.915e-01
[2023-02-03 19:46:57] [Epoch   136/  200] trn/loss 5.620e-02, trn/lr 7.063e-03, val/acc 9.054e-01, val/nll 3.913e-01
[2023-02-03 19:47:01] [Epoch   137/  200] trn/loss 5.142e-02, trn/lr 6.864e-03, val/acc 9.088e-01, val/nll 3.660e-01 (best_acc: 9.060e-01 -> 9.088e-01, test_acc: 9.008e-01, test_nll: 3.924e-01)
[2023-02-03 19:47:05] [Epoch   138/  200] trn/loss 5.144e-02, trn/lr 6.667e-03, val/acc 9.014e-01, val/nll 4.029e-01
[2023-02-03 19:47:09] [Epoch   139/  200] trn/loss 5.048e-02, trn/lr 6.472e-03, val/acc 9.025e-01, val/nll 3.820e-01
[2023-02-03 19:47:13] [Epoch   140/  200] trn/loss 4.633e-02, trn/lr 6.279e-03, val/acc 9.017e-01, val/nll 3.866e-01
[2023-02-03 19:47:18] [Epoch   141/  200] trn/loss 4.390e-02, trn/lr 6.089e-03, val/acc 9.104e-01, val/nll 3.701e-01 (best_acc: 9.088e-01 -> 9.104e-01, test_acc: 9.043e-01, test_nll: 4.032e-01)
[2023-02-03 19:47:22] [Epoch   142/  200] trn/loss 4.033e-02, trn/lr 5.900e-03, val/acc 9.052e-01, val/nll 3.995e-01
[2023-02-03 19:47:26] [Epoch   143/  200] trn/loss 3.588e-02, trn/lr 5.714e-03, val/acc 9.079e-01, val/nll 3.918e-01
[2023-02-03 19:47:30] [Epoch   144/  200] trn/loss 3.120e-02, trn/lr 5.530e-03, val/acc 9.054e-01, val/nll 4.041e-01
[2023-02-03 19:47:34] [Epoch   145/  200] trn/loss 3.188e-02, trn/lr 5.349e-03, val/acc 9.063e-01, val/nll 3.799e-01
[2023-02-03 19:47:38] [Epoch   146/  200] trn/loss 2.844e-02, trn/lr 5.170e-03, val/acc 9.051e-01, val/nll 4.136e-01
[2023-02-03 19:47:43] [Epoch   147/  200] trn/loss 2.516e-02, trn/lr 4.993e-03, val/acc 9.132e-01, val/nll 3.769e-01 (best_acc: 9.104e-01 -> 9.132e-01, test_acc: 9.062e-01, test_nll: 4.196e-01)
[2023-02-03 19:47:47] [Epoch   148/  200] trn/loss 2.624e-02, trn/lr 4.819e-03, val/acc 9.088e-01, val/nll 3.863e-01
[2023-02-03 19:47:51] [Epoch   149/  200] trn/loss 2.393e-02, trn/lr 4.647e-03, val/acc 9.121e-01, val/nll 3.864e-01
[2023-02-03 19:47:55] [Epoch   150/  200] trn/loss 2.216e-02, trn/lr 4.478e-03, val/acc 9.132e-01, val/nll 3.887e-01
[2023-02-03 19:47:59] [Epoch   151/  200] trn/loss 1.789e-02, trn/lr 4.311e-03, val/acc 9.118e-01, val/nll 3.883e-01
[2023-02-03 19:48:03] [Epoch   152/  200] trn/loss 1.880e-02, trn/lr 4.147e-03, val/acc 9.118e-01, val/nll 3.913e-01
[2023-02-03 19:48:08] [Epoch   153/  200] trn/loss 1.739e-02, trn/lr 3.986e-03, val/acc 9.143e-01, val/nll 3.881e-01 (best_acc: 9.132e-01 -> 9.143e-01, test_acc: 9.098e-01, test_nll: 4.257e-01)
[2023-02-03 19:48:12] [Epoch   154/  200] trn/loss 1.510e-02, trn/lr 3.827e-03, val/acc 9.137e-01, val/nll 4.053e-01
[2023-02-03 19:48:16] [Epoch   155/  200] trn/loss 1.400e-02, trn/lr 3.671e-03, val/acc 9.149e-01, val/nll 3.799e-01 (best_acc: 9.143e-01 -> 9.149e-01, test_acc: 9.156e-01, test_nll: 4.016e-01)
[2023-02-03 19:48:20] [Epoch   156/  200] trn/loss 1.184e-02, trn/lr 3.518e-03, val/acc 9.135e-01, val/nll 3.818e-01
[2023-02-03 19:48:24] [Epoch   157/  200] trn/loss 1.197e-02, trn/lr 3.368e-03, val/acc 9.126e-01, val/nll 3.957e-01
[2023-02-03 19:48:29] [Epoch   158/  200] trn/loss 1.179e-02, trn/lr 3.221e-03, val/acc 9.166e-01, val/nll 3.868e-01 (best_acc: 9.149e-01 -> 9.166e-01, test_acc: 9.082e-01, test_nll: 4.219e-01)
[2023-02-03 19:48:33] [Epoch   159/  200] trn/loss 1.050e-02, trn/lr 3.076e-03, val/acc 9.139e-01, val/nll 3.895e-01
[2023-02-03 19:48:37] [Epoch   160/  200] trn/loss 9.386e-03, trn/lr 2.935e-03, val/acc 9.175e-01, val/nll 3.754e-01 (best_acc: 9.166e-01 -> 9.175e-01, test_acc: 9.152e-01, test_nll: 3.967e-01)
[2023-02-03 19:48:42] [Epoch   161/  200] trn/loss 7.798e-03, trn/lr 2.796e-03, val/acc 9.176e-01, val/nll 3.764e-01 (best_acc: 9.175e-01 -> 9.176e-01, test_acc: 9.120e-01, test_nll: 4.032e-01)
[2023-02-03 19:48:46] [Epoch   162/  200] trn/loss 7.781e-03, trn/lr 2.661e-03, val/acc 9.164e-01, val/nll 3.807e-01
[2023-02-03 19:48:50] [Epoch   163/  200] trn/loss 6.782e-03, trn/lr 2.528e-03, val/acc 9.209e-01, val/nll 3.763e-01 (best_acc: 9.176e-01 -> 9.209e-01, test_acc: 9.135e-01, test_nll: 4.047e-01)
[2023-02-03 19:48:54] [Epoch   164/  200] trn/loss 5.953e-03, trn/lr 2.399e-03, val/acc 9.178e-01, val/nll 3.805e-01
[2023-02-03 19:48:58] [Epoch   165/  200] trn/loss 6.024e-03, trn/lr 2.273e-03, val/acc 9.198e-01, val/nll 3.782e-01
[2023-02-03 19:49:03] [Epoch   166/  200] trn/loss 5.915e-03, trn/lr 2.150e-03, val/acc 9.201e-01, val/nll 3.694e-01
[2023-02-03 19:49:07] [Epoch   167/  200] trn/loss 5.511e-03, trn/lr 2.030e-03, val/acc 9.195e-01, val/nll 3.806e-01
[2023-02-03 19:49:11] [Epoch   168/  200] trn/loss 4.716e-03, trn/lr 1.913e-03, val/acc 9.197e-01, val/nll 3.780e-01
[2023-02-03 19:49:15] [Epoch   169/  200] trn/loss 4.039e-03, trn/lr 1.800e-03, val/acc 9.188e-01, val/nll 3.785e-01
[2023-02-03 19:49:19] [Epoch   170/  200] trn/loss 4.112e-03, trn/lr 1.689e-03, val/acc 9.187e-01, val/nll 3.752e-01
[2023-02-03 19:49:23] [Epoch   171/  200] trn/loss 3.860e-03, trn/lr 1.582e-03, val/acc 9.219e-01, val/nll 3.749e-01 (best_acc: 9.209e-01 -> 9.219e-01, test_acc: 9.173e-01, test_nll: 3.973e-01)
[2023-02-03 19:49:27] [Epoch   172/  200] trn/loss 3.243e-03, trn/lr 1.479e-03, val/acc 9.217e-01, val/nll 3.734e-01
[2023-02-03 19:49:32] [Epoch   173/  200] trn/loss 3.505e-03, trn/lr 1.378e-03, val/acc 9.213e-01, val/nll 3.694e-01
[2023-02-03 19:49:36] [Epoch   174/  200] trn/loss 3.295e-03, trn/lr 1.281e-03, val/acc 9.212e-01, val/nll 3.655e-01
[2023-02-03 19:49:40] [Epoch   175/  200] trn/loss 2.595e-03, trn/lr 1.188e-03, val/acc 9.233e-01, val/nll 3.678e-01 (best_acc: 9.219e-01 -> 9.233e-01, test_acc: 9.181e-01, test_nll: 3.974e-01)
[2023-02-03 19:49:44] [Epoch   176/  200] trn/loss 2.737e-03, trn/lr 1.098e-03, val/acc 9.230e-01, val/nll 3.660e-01
[2023-02-03 19:49:49] [Epoch   177/  200] trn/loss 2.343e-03, trn/lr 1.011e-03, val/acc 9.238e-01, val/nll 3.680e-01 (best_acc: 9.233e-01 -> 9.238e-01, test_acc: 9.186e-01, test_nll: 3.961e-01)
[2023-02-03 19:49:53] [Epoch   178/  200] trn/loss 2.849e-03, trn/lr 9.275e-04, val/acc 9.208e-01, val/nll 3.642e-01
[2023-02-03 19:49:57] [Epoch   179/  200] trn/loss 2.569e-03, trn/lr 8.477e-04, val/acc 9.230e-01, val/nll 3.656e-01
[2023-02-03 19:50:01] [Epoch   180/  200] trn/loss 2.407e-03, trn/lr 7.714e-04, val/acc 9.233e-01, val/nll 3.616e-01
[2023-02-03 19:50:05] [Epoch   181/  200] trn/loss 2.394e-03, trn/lr 6.986e-04, val/acc 9.220e-01, val/nll 3.658e-01
[2023-02-03 19:50:09] [Epoch   182/  200] trn/loss 2.352e-03, trn/lr 6.293e-04, val/acc 9.227e-01, val/nll 3.652e-01
[2023-02-03 19:50:13] [Epoch   183/  200] trn/loss 2.205e-03, trn/lr 5.635e-04, val/acc 9.225e-01, val/nll 3.656e-01
[2023-02-03 19:50:17] [Epoch   184/  200] trn/loss 2.226e-03, trn/lr 5.013e-04, val/acc 9.228e-01, val/nll 3.669e-01
[2023-02-03 19:50:21] [Epoch   185/  200] trn/loss 2.403e-03, trn/lr 4.427e-04, val/acc 9.229e-01, val/nll 3.678e-01
[2023-02-03 19:50:26] [Epoch   186/  200] trn/loss 2.111e-03, trn/lr 3.877e-04, val/acc 9.232e-01, val/nll 3.649e-01
[2023-02-03 19:50:30] [Epoch   187/  200] trn/loss 2.210e-03, trn/lr 3.363e-04, val/acc 9.221e-01, val/nll 3.658e-01
[2023-02-03 19:50:34] [Epoch   188/  200] trn/loss 2.255e-03, trn/lr 2.885e-04, val/acc 9.235e-01, val/nll 3.662e-01
[2023-02-03 19:50:38] [Epoch   189/  200] trn/loss 2.124e-03, trn/lr 2.444e-04, val/acc 9.230e-01, val/nll 3.661e-01
[2023-02-03 19:50:42] [Epoch   190/  200] trn/loss 2.428e-03, trn/lr 2.038e-04, val/acc 9.241e-01, val/nll 3.632e-01 (best_acc: 9.238e-01 -> 9.241e-01, test_acc: 9.193e-01, test_nll: 3.927e-01)
[2023-02-03 19:50:46] [Epoch   191/  200] trn/loss 2.129e-03, trn/lr 1.670e-04, val/acc 9.225e-01, val/nll 3.636e-01
[2023-02-03 19:50:51] [Epoch   192/  200] trn/loss 2.127e-03, trn/lr 1.338e-04, val/acc 9.238e-01, val/nll 3.637e-01
[2023-02-03 19:50:55] [Epoch   193/  200] trn/loss 1.912e-03, trn/lr 1.042e-04, val/acc 9.231e-01, val/nll 3.630e-01
[2023-02-03 19:50:59] [Epoch   194/  200] trn/loss 2.101e-03, trn/lr 7.835e-05, val/acc 9.238e-01, val/nll 3.640e-01
[2023-02-03 19:51:03] [Epoch   195/  200] trn/loss 2.152e-03, trn/lr 5.616e-05, val/acc 9.237e-01, val/nll 3.630e-01
[2023-02-03 19:51:07] [Epoch   196/  200] trn/loss 1.918e-03, trn/lr 3.766e-05, val/acc 9.238e-01, val/nll 3.666e-01
[2023-02-03 19:51:11] [Epoch   197/  200] trn/loss 2.126e-03, trn/lr 2.286e-05, val/acc 9.248e-01, val/nll 3.634e-01 (best_acc: 9.241e-01 -> 9.248e-01, test_acc: 9.194e-01, test_nll: 3.944e-01)
[2023-02-03 19:51:16] [Epoch   198/  200] trn/loss 1.964e-03, trn/lr 1.175e-05, val/acc 9.235e-01, val/nll 3.639e-01
[2023-02-03 19:51:20] [Epoch   199/  200] trn/loss 1.832e-03, trn/lr 4.335e-06, val/acc 9.236e-01, val/nll 3.648e-01
[2023-02-03 19:51:24] [Epoch   200/  200] trn/loss 2.162e-03, trn/lr 6.226e-07, val/acc 9.229e-01, val/nll 3.670e-01
