[2023-02-03 19:44:36] Environments:
------------  -------------------------------------------------------------------------------
sys.platform  linux
Python        3.10.8 (main, Nov 24 2022, 14:13:03) [GCC 11.2.0]
JAX           0.4.1 @/mnt/home/giung/.conda/envs/jax-siml/lib/python3.10/site-packages/jax
jaxlib        0.4.1 @/mnt/home/giung/.conda/envs/jax-siml/lib/python3.10/site-packages/jaxlib
Flax          0.6.3 @/mnt/home/giung/.conda/envs/jax-siml/lib/python3.10/site-packages/flax
Optax         0.1.4 @/mnt/home/giung/.conda/envs/jax-siml/lib/python3.10/site-packages/optax
------------  -------------------------------------------------------------------------------

[2023-02-03 19:44:36] Command line arguments:
- args.data_root          : ./data/
- args.data_name          : CIFAR100_x32
- args.data_augmentation  : standard
- args.data_proportional  : 1.0
- args.model_depth        : 44
- args.model_width        : 1
- args.model_style        : BN-ReLU
- args.optim_bs           : 256
- args.optim_ne           : 200
- args.optim_lr           : 0.03
- args.optim_momentum     : 0.99
- args.optim_weight_decay : 0.0001
- args.save               : /mnt/home/giung/giung2-dev/projects/residual-networks/save/CIFAR100_x32/R44-BN-ReLU/bs-0256_ne-0200_lr-0.03_mo-0.99_wd-0.0001_fp32/42
- args.seed               : 42
- args.precision          : fp32

[2023-02-03 19:45:08] [Epoch     1/  200] trn/loss 4.743e+00, trn/lr 3.000e-02, val/acc 1.051e-02, val/nll 4.653e+00 (best_acc: 0.000e+00 -> 1.051e-02, test_acc: 1.400e-02, test_nll: 4.633e+00)
[2023-02-03 19:45:13] [Epoch     2/  200] trn/loss 4.559e+00, trn/lr 3.000e-02, val/acc 2.124e-02, val/nll 4.527e+00 (best_acc: 1.051e-02 -> 2.124e-02, test_acc: 2.010e-02, test_nll: 4.526e+00)
[2023-02-03 19:45:17] [Epoch     3/  200] trn/loss 4.491e+00, trn/lr 2.999e-02, val/acc 1.881e-02, val/nll 4.461e+00
[2023-02-03 19:45:21] [Epoch     4/  200] trn/loss 4.427e+00, trn/lr 2.998e-02, val/acc 3.308e-02, val/nll 4.394e+00 (best_acc: 2.124e-02 -> 3.308e-02, test_acc: 3.210e-02, test_nll: 4.394e+00)
[2023-02-03 19:45:26] [Epoch     5/  200] trn/loss 4.350e+00, trn/lr 2.996e-02, val/acc 3.662e-02, val/nll 4.313e+00 (best_acc: 3.308e-02 -> 3.662e-02, test_acc: 3.420e-02, test_nll: 4.315e+00)
[2023-02-03 19:45:30] [Epoch     6/  200] trn/loss 4.257e+00, trn/lr 2.994e-02, val/acc 4.668e-02, val/nll 4.248e+00 (best_acc: 3.662e-02 -> 4.668e-02, test_acc: 4.450e-02, test_nll: 4.259e+00)
[2023-02-03 19:45:34] [Epoch     7/  200] trn/loss 4.164e+00, trn/lr 2.992e-02, val/acc 5.542e-02, val/nll 4.216e+00 (best_acc: 4.668e-02 -> 5.542e-02, test_acc: 5.080e-02, test_nll: 4.217e+00)
[2023-02-03 19:45:39] [Epoch     8/  200] trn/loss 4.049e+00, trn/lr 2.990e-02, val/acc 6.869e-02, val/nll 4.039e+00 (best_acc: 5.542e-02 -> 6.869e-02, test_acc: 6.750e-02, test_nll: 4.037e+00)
[2023-02-03 19:45:43] [Epoch     9/  200] trn/loss 3.940e+00, trn/lr 2.987e-02, val/acc 6.383e-02, val/nll 4.131e+00
[2023-02-03 19:45:47] [Epoch    10/  200] trn/loss 3.851e+00, trn/lr 2.983e-02, val/acc 9.790e-02, val/nll 3.828e+00 (best_acc: 6.869e-02 -> 9.790e-02, test_acc: 1.025e-01, test_nll: 3.811e+00)
[2023-02-03 19:45:52] [Epoch    11/  200] trn/loss 3.749e+00, trn/lr 2.980e-02, val/acc 1.205e-01, val/nll 3.703e+00 (best_acc: 9.790e-02 -> 1.205e-01, test_acc: 1.254e-01, test_nll: 3.690e+00)
[2023-02-03 19:45:56] [Epoch    12/  200] trn/loss 3.666e+00, trn/lr 2.976e-02, val/acc 1.180e-01, val/nll 3.705e+00
[2023-02-03 19:46:00] [Epoch    13/  200] trn/loss 3.583e+00, trn/lr 2.971e-02, val/acc 1.545e-01, val/nll 3.561e+00 (best_acc: 1.205e-01 -> 1.545e-01, test_acc: 1.538e-01, test_nll: 3.550e+00)
[2023-02-03 19:46:04] [Epoch    14/  200] trn/loss 3.474e+00, trn/lr 2.966e-02, val/acc 1.428e-01, val/nll 3.670e+00
[2023-02-03 19:46:09] [Epoch    15/  200] trn/loss 3.392e+00, trn/lr 2.961e-02, val/acc 1.801e-01, val/nll 3.409e+00 (best_acc: 1.545e-01 -> 1.801e-01, test_acc: 1.782e-01, test_nll: 3.399e+00)
[2023-02-03 19:46:13] [Epoch    16/  200] trn/loss 3.292e+00, trn/lr 2.956e-02, val/acc 1.971e-01, val/nll 3.331e+00 (best_acc: 1.801e-01 -> 1.971e-01, test_acc: 1.995e-01, test_nll: 3.306e+00)
[2023-02-03 19:46:17] [Epoch    17/  200] trn/loss 3.191e+00, trn/lr 2.950e-02, val/acc 2.177e-01, val/nll 3.169e+00 (best_acc: 1.971e-01 -> 2.177e-01, test_acc: 2.214e-01, test_nll: 3.174e+00)
[2023-02-03 19:46:22] [Epoch    18/  200] trn/loss 3.107e+00, trn/lr 2.944e-02, val/acc 2.198e-01, val/nll 3.141e+00 (best_acc: 2.177e-01 -> 2.198e-01, test_acc: 2.264e-01, test_nll: 3.116e+00)
[2023-02-03 19:46:26] [Epoch    19/  200] trn/loss 2.999e+00, trn/lr 2.937e-02, val/acc 2.500e-01, val/nll 3.029e+00 (best_acc: 2.198e-01 -> 2.500e-01, test_acc: 2.493e-01, test_nll: 3.001e+00)
[2023-02-03 19:46:30] [Epoch    20/  200] trn/loss 2.880e+00, trn/lr 2.930e-02, val/acc 2.481e-01, val/nll 3.074e+00
[2023-02-03 19:46:35] [Epoch    21/  200] trn/loss 2.764e+00, trn/lr 2.923e-02, val/acc 2.837e-01, val/nll 2.873e+00 (best_acc: 2.500e-01 -> 2.837e-01, test_acc: 2.822e-01, test_nll: 2.847e+00)
[2023-02-03 19:46:39] [Epoch    22/  200] trn/loss 2.666e+00, trn/lr 2.915e-02, val/acc 2.899e-01, val/nll 2.867e+00 (best_acc: 2.837e-01 -> 2.899e-01, test_acc: 2.957e-01, test_nll: 2.831e+00)
[2023-02-03 19:46:43] [Epoch    23/  200] trn/loss 2.561e+00, trn/lr 2.907e-02, val/acc 3.202e-01, val/nll 2.687e+00 (best_acc: 2.899e-01 -> 3.202e-01, test_acc: 3.272e-01, test_nll: 2.664e+00)
[2023-02-03 19:46:48] [Epoch    24/  200] trn/loss 2.462e+00, trn/lr 2.899e-02, val/acc 3.270e-01, val/nll 2.621e+00 (best_acc: 3.202e-01 -> 3.270e-01, test_acc: 3.384e-01, test_nll: 2.573e+00)
[2023-02-03 19:46:52] [Epoch    25/  200] trn/loss 2.384e+00, trn/lr 2.890e-02, val/acc 3.446e-01, val/nll 2.582e+00 (best_acc: 3.270e-01 -> 3.446e-01, test_acc: 3.578e-01, test_nll: 2.555e+00)
[2023-02-03 19:46:57] [Epoch    26/  200] trn/loss 2.280e+00, trn/lr 2.881e-02, val/acc 3.469e-01, val/nll 2.567e+00 (best_acc: 3.446e-01 -> 3.469e-01, test_acc: 3.606e-01, test_nll: 2.524e+00)
[2023-02-03 19:47:01] [Epoch    27/  200] trn/loss 2.197e+00, trn/lr 2.872e-02, val/acc 3.567e-01, val/nll 2.530e+00 (best_acc: 3.469e-01 -> 3.567e-01, test_acc: 3.611e-01, test_nll: 2.496e+00)
[2023-02-03 19:47:05] [Epoch    28/  200] trn/loss 2.134e+00, trn/lr 2.862e-02, val/acc 3.871e-01, val/nll 2.419e+00 (best_acc: 3.567e-01 -> 3.871e-01, test_acc: 3.863e-01, test_nll: 2.376e+00)
[2023-02-03 19:47:10] [Epoch    29/  200] trn/loss 2.050e+00, trn/lr 2.852e-02, val/acc 4.221e-01, val/nll 2.187e+00 (best_acc: 3.871e-01 -> 4.221e-01, test_acc: 4.331e-01, test_nll: 2.138e+00)
[2023-02-03 19:47:14] [Epoch    30/  200] trn/loss 1.981e+00, trn/lr 2.842e-02, val/acc 4.289e-01, val/nll 2.181e+00 (best_acc: 4.221e-01 -> 4.289e-01, test_acc: 4.357e-01, test_nll: 2.150e+00)
[2023-02-03 19:47:18] [Epoch    31/  200] trn/loss 1.931e+00, trn/lr 2.831e-02, val/acc 4.133e-01, val/nll 2.190e+00
[2023-02-03 19:47:22] [Epoch    32/  200] trn/loss 1.862e+00, trn/lr 2.820e-02, val/acc 4.169e-01, val/nll 2.312e+00
[2023-02-03 19:47:27] [Epoch    33/  200] trn/loss 1.815e+00, trn/lr 2.809e-02, val/acc 4.546e-01, val/nll 2.093e+00 (best_acc: 4.289e-01 -> 4.546e-01, test_acc: 4.522e-01, test_nll: 2.079e+00)
[2023-02-03 19:47:31] [Epoch    34/  200] trn/loss 1.744e+00, trn/lr 2.797e-02, val/acc 4.616e-01, val/nll 2.032e+00 (best_acc: 4.546e-01 -> 4.616e-01, test_acc: 4.732e-01, test_nll: 2.010e+00)
[2023-02-03 19:47:36] [Epoch    35/  200] trn/loss 1.704e+00, trn/lr 2.785e-02, val/acc 4.773e-01, val/nll 1.963e+00 (best_acc: 4.616e-01 -> 4.773e-01, test_acc: 4.848e-01, test_nll: 1.950e+00)
[2023-02-03 19:47:40] [Epoch    36/  200] trn/loss 1.655e+00, trn/lr 2.773e-02, val/acc 4.788e-01, val/nll 1.992e+00 (best_acc: 4.773e-01 -> 4.788e-01, test_acc: 4.862e-01, test_nll: 1.973e+00)
[2023-02-03 19:47:44] [Epoch    37/  200] trn/loss 1.606e+00, trn/lr 2.760e-02, val/acc 4.768e-01, val/nll 2.013e+00
[2023-02-03 19:47:48] [Epoch    38/  200] trn/loss 1.583e+00, trn/lr 2.747e-02, val/acc 4.919e-01, val/nll 1.933e+00 (best_acc: 4.788e-01 -> 4.919e-01, test_acc: 4.930e-01, test_nll: 1.939e+00)
[2023-02-03 19:47:53] [Epoch    39/  200] trn/loss 1.547e+00, trn/lr 2.734e-02, val/acc 5.014e-01, val/nll 1.886e+00 (best_acc: 4.919e-01 -> 5.014e-01, test_acc: 5.043e-01, test_nll: 1.878e+00)
[2023-02-03 19:47:57] [Epoch    40/  200] trn/loss 1.519e+00, trn/lr 2.720e-02, val/acc 5.148e-01, val/nll 1.855e+00 (best_acc: 5.014e-01 -> 5.148e-01, test_acc: 5.106e-01, test_nll: 1.851e+00)
[2023-02-03 19:48:01] [Epoch    41/  200] trn/loss 1.495e+00, trn/lr 2.707e-02, val/acc 5.020e-01, val/nll 1.912e+00
[2023-02-03 19:48:05] [Epoch    42/  200] trn/loss 1.445e+00, trn/lr 2.692e-02, val/acc 5.042e-01, val/nll 1.876e+00
[2023-02-03 19:48:10] [Epoch    43/  200] trn/loss 1.427e+00, trn/lr 2.678e-02, val/acc 4.989e-01, val/nll 1.886e+00
[2023-02-03 19:48:14] [Epoch    44/  200] trn/loss 1.396e+00, trn/lr 2.663e-02, val/acc 5.202e-01, val/nll 1.793e+00 (best_acc: 5.148e-01 -> 5.202e-01, test_acc: 5.288e-01, test_nll: 1.799e+00)
[2023-02-03 19:48:18] [Epoch    45/  200] trn/loss 1.345e+00, trn/lr 2.648e-02, val/acc 5.326e-01, val/nll 1.757e+00 (best_acc: 5.202e-01 -> 5.326e-01, test_acc: 5.384e-01, test_nll: 1.760e+00)
[2023-02-03 19:48:23] [Epoch    46/  200] trn/loss 1.333e+00, trn/lr 2.633e-02, val/acc 5.174e-01, val/nll 1.892e+00
[2023-02-03 19:48:27] [Epoch    47/  200] trn/loss 1.329e+00, trn/lr 2.617e-02, val/acc 5.227e-01, val/nll 1.825e+00
[2023-02-03 19:48:31] [Epoch    48/  200] trn/loss 1.317e+00, trn/lr 2.602e-02, val/acc 5.289e-01, val/nll 1.785e+00
[2023-02-03 19:48:35] [Epoch    49/  200] trn/loss 1.279e+00, trn/lr 2.585e-02, val/acc 5.440e-01, val/nll 1.696e+00 (best_acc: 5.326e-01 -> 5.440e-01, test_acc: 5.497e-01, test_nll: 1.676e+00)
[2023-02-03 19:48:39] [Epoch    50/  200] trn/loss 1.262e+00, trn/lr 2.569e-02, val/acc 5.315e-01, val/nll 1.797e+00
[2023-02-03 19:48:43] [Epoch    51/  200] trn/loss 1.253e+00, trn/lr 2.552e-02, val/acc 5.416e-01, val/nll 1.719e+00
[2023-02-03 19:48:48] [Epoch    52/  200] trn/loss 1.210e+00, trn/lr 2.535e-02, val/acc 5.565e-01, val/nll 1.677e+00 (best_acc: 5.440e-01 -> 5.565e-01, test_acc: 5.595e-01, test_nll: 1.662e+00)
[2023-02-03 19:48:52] [Epoch    53/  200] trn/loss 1.187e+00, trn/lr 2.518e-02, val/acc 5.585e-01, val/nll 1.671e+00 (best_acc: 5.565e-01 -> 5.585e-01, test_acc: 5.652e-01, test_nll: 1.638e+00)
[2023-02-03 19:48:57] [Epoch    54/  200] trn/loss 1.153e+00, trn/lr 2.501e-02, val/acc 5.612e-01, val/nll 1.693e+00 (best_acc: 5.585e-01 -> 5.612e-01, test_acc: 5.588e-01, test_nll: 1.678e+00)
[2023-02-03 19:49:01] [Epoch    55/  200] trn/loss 1.148e+00, trn/lr 2.483e-02, val/acc 5.506e-01, val/nll 1.707e+00
[2023-02-03 19:49:05] [Epoch    56/  200] trn/loss 1.142e+00, trn/lr 2.465e-02, val/acc 5.521e-01, val/nll 1.698e+00
[2023-02-03 19:49:09] [Epoch    57/  200] trn/loss 1.125e+00, trn/lr 2.447e-02, val/acc 5.699e-01, val/nll 1.646e+00 (best_acc: 5.612e-01 -> 5.699e-01, test_acc: 5.694e-01, test_nll: 1.660e+00)
[2023-02-03 19:49:13] [Epoch    58/  200] trn/loss 1.118e+00, trn/lr 2.429e-02, val/acc 5.465e-01, val/nll 1.761e+00
[2023-02-03 19:49:17] [Epoch    59/  200] trn/loss 1.091e+00, trn/lr 2.410e-02, val/acc 5.683e-01, val/nll 1.645e+00
[2023-02-03 19:49:22] [Epoch    60/  200] trn/loss 1.074e+00, trn/lr 2.391e-02, val/acc 5.605e-01, val/nll 1.685e+00
[2023-02-03 19:49:26] [Epoch    61/  200] trn/loss 1.053e+00, trn/lr 2.372e-02, val/acc 5.643e-01, val/nll 1.703e+00
[2023-02-03 19:49:30] [Epoch    62/  200] trn/loss 1.047e+00, trn/lr 2.353e-02, val/acc 5.576e-01, val/nll 1.718e+00
[2023-02-03 19:49:34] [Epoch    63/  200] trn/loss 1.036e+00, trn/lr 2.333e-02, val/acc 5.815e-01, val/nll 1.611e+00 (best_acc: 5.699e-01 -> 5.815e-01, test_acc: 5.813e-01, test_nll: 1.597e+00)
[2023-02-03 19:49:38] [Epoch    64/  200] trn/loss 1.006e+00, trn/lr 2.314e-02, val/acc 5.751e-01, val/nll 1.672e+00
[2023-02-03 19:49:42] [Epoch    65/  200] trn/loss 1.000e+00, trn/lr 2.294e-02, val/acc 5.741e-01, val/nll 1.662e+00
[2023-02-03 19:49:46] [Epoch    66/  200] trn/loss 1.002e+00, trn/lr 2.274e-02, val/acc 5.747e-01, val/nll 1.642e+00
[2023-02-03 19:49:51] [Epoch    67/  200] trn/loss 1.004e+00, trn/lr 2.253e-02, val/acc 5.544e-01, val/nll 1.787e+00
[2023-02-03 19:49:55] [Epoch    68/  200] trn/loss 9.914e-01, trn/lr 2.233e-02, val/acc 5.733e-01, val/nll 1.674e+00
[2023-02-03 19:49:59] [Epoch    69/  200] trn/loss 9.693e-01, trn/lr 2.212e-02, val/acc 5.741e-01, val/nll 1.670e+00
[2023-02-03 19:50:03] [Epoch    70/  200] trn/loss 9.390e-01, trn/lr 2.192e-02, val/acc 5.830e-01, val/nll 1.633e+00 (best_acc: 5.815e-01 -> 5.830e-01, test_acc: 5.845e-01, test_nll: 1.610e+00)
[2023-02-03 19:50:07] [Epoch    71/  200] trn/loss 9.223e-01, trn/lr 2.171e-02, val/acc 5.756e-01, val/nll 1.677e+00
[2023-02-03 19:50:11] [Epoch    72/  200] trn/loss 9.190e-01, trn/lr 2.149e-02, val/acc 5.737e-01, val/nll 1.710e+00
[2023-02-03 19:50:16] [Epoch    73/  200] trn/loss 8.940e-01, trn/lr 2.128e-02, val/acc 5.813e-01, val/nll 1.670e+00
[2023-02-03 19:50:20] [Epoch    74/  200] trn/loss 8.869e-01, trn/lr 2.107e-02, val/acc 5.790e-01, val/nll 1.664e+00
[2023-02-03 19:50:24] [Epoch    75/  200] trn/loss 9.120e-01, trn/lr 2.085e-02, val/acc 5.769e-01, val/nll 1.679e+00
[2023-02-03 19:50:28] [Epoch    76/  200] trn/loss 8.872e-01, trn/lr 2.063e-02, val/acc 5.643e-01, val/nll 1.776e+00
[2023-02-03 19:50:32] [Epoch    77/  200] trn/loss 8.907e-01, trn/lr 2.041e-02, val/acc 5.719e-01, val/nll 1.733e+00
[2023-02-03 19:50:36] [Epoch    78/  200] trn/loss 8.674e-01, trn/lr 2.019e-02, val/acc 5.878e-01, val/nll 1.669e+00 (best_acc: 5.830e-01 -> 5.878e-01, test_acc: 5.895e-01, test_nll: 1.675e+00)
[2023-02-03 19:50:40] [Epoch    79/  200] trn/loss 8.532e-01, trn/lr 1.997e-02, val/acc 5.742e-01, val/nll 1.701e+00
[2023-02-03 19:50:45] [Epoch    80/  200] trn/loss 8.341e-01, trn/lr 1.975e-02, val/acc 5.863e-01, val/nll 1.640e+00
[2023-02-03 19:50:49] [Epoch    81/  200] trn/loss 8.559e-01, trn/lr 1.952e-02, val/acc 5.844e-01, val/nll 1.679e+00
[2023-02-03 19:50:53] [Epoch    82/  200] trn/loss 8.369e-01, trn/lr 1.930e-02, val/acc 5.832e-01, val/nll 1.714e+00
[2023-02-03 19:50:57] [Epoch    83/  200] trn/loss 8.325e-01, trn/lr 1.907e-02, val/acc 5.937e-01, val/nll 1.644e+00 (best_acc: 5.878e-01 -> 5.937e-01, test_acc: 5.897e-01, test_nll: 1.667e+00)
[2023-02-03 19:51:01] [Epoch    84/  200] trn/loss 8.138e-01, trn/lr 1.885e-02, val/acc 5.861e-01, val/nll 1.703e+00
[2023-02-03 19:51:06] [Epoch    85/  200] trn/loss 7.909e-01, trn/lr 1.862e-02, val/acc 5.957e-01, val/nll 1.628e+00 (best_acc: 5.937e-01 -> 5.957e-01, test_acc: 5.986e-01, test_nll: 1.631e+00)
[2023-02-03 19:51:10] [Epoch    86/  200] trn/loss 7.582e-01, trn/lr 1.839e-02, val/acc 5.860e-01, val/nll 1.702e+00
[2023-02-03 19:51:14] [Epoch    87/  200] trn/loss 7.509e-01, trn/lr 1.816e-02, val/acc 5.825e-01, val/nll 1.782e+00
[2023-02-03 19:51:18] [Epoch    88/  200] trn/loss 7.552e-01, trn/lr 1.793e-02, val/acc 5.744e-01, val/nll 1.786e+00
[2023-02-03 19:51:22] [Epoch    89/  200] trn/loss 7.611e-01, trn/lr 1.770e-02, val/acc 5.853e-01, val/nll 1.676e+00
[2023-02-03 19:51:26] [Epoch    90/  200] trn/loss 7.470e-01, trn/lr 1.746e-02, val/acc 5.899e-01, val/nll 1.685e+00
[2023-02-03 19:51:30] [Epoch    91/  200] trn/loss 7.333e-01, trn/lr 1.723e-02, val/acc 5.875e-01, val/nll 1.745e+00
[2023-02-03 19:51:34] [Epoch    92/  200] trn/loss 7.324e-01, trn/lr 1.700e-02, val/acc 5.887e-01, val/nll 1.682e+00
[2023-02-03 19:51:39] [Epoch    93/  200] trn/loss 7.144e-01, trn/lr 1.676e-02, val/acc 6.021e-01, val/nll 1.669e+00 (best_acc: 5.957e-01 -> 6.021e-01, test_acc: 6.022e-01, test_nll: 1.656e+00)
[2023-02-03 19:51:43] [Epoch    94/  200] trn/loss 6.994e-01, trn/lr 1.653e-02, val/acc 5.899e-01, val/nll 1.718e+00
[2023-02-03 19:51:47] [Epoch    95/  200] trn/loss 6.885e-01, trn/lr 1.630e-02, val/acc 5.890e-01, val/nll 1.750e+00
[2023-02-03 19:51:51] [Epoch    96/  200] trn/loss 6.813e-01, trn/lr 1.606e-02, val/acc 6.000e-01, val/nll 1.667e+00
[2023-02-03 19:51:55] [Epoch    97/  200] trn/loss 6.794e-01, trn/lr 1.582e-02, val/acc 6.010e-01, val/nll 1.699e+00
[2023-02-03 19:51:59] [Epoch    98/  200] trn/loss 6.714e-01, trn/lr 1.559e-02, val/acc 5.949e-01, val/nll 1.768e+00
[2023-02-03 19:52:04] [Epoch    99/  200] trn/loss 6.575e-01, trn/lr 1.535e-02, val/acc 6.044e-01, val/nll 1.730e+00 (best_acc: 6.021e-01 -> 6.044e-01, test_acc: 6.107e-01, test_nll: 1.686e+00)
[2023-02-03 19:52:08] [Epoch   100/  200] trn/loss 6.531e-01, trn/lr 1.512e-02, val/acc 5.971e-01, val/nll 1.682e+00
[2023-02-03 19:52:12] [Epoch   101/  200] trn/loss 6.432e-01, trn/lr 1.488e-02, val/acc 6.075e-01, val/nll 1.673e+00 (best_acc: 6.044e-01 -> 6.075e-01, test_acc: 6.109e-01, test_nll: 1.686e+00)
[2023-02-03 19:52:16] [Epoch   102/  200] trn/loss 6.311e-01, trn/lr 1.465e-02, val/acc 6.008e-01, val/nll 1.720e+00
[2023-02-03 19:52:21] [Epoch   103/  200] trn/loss 6.138e-01, trn/lr 1.441e-02, val/acc 6.065e-01, val/nll 1.679e+00
[2023-02-03 19:52:25] [Epoch   104/  200] trn/loss 6.207e-01, trn/lr 1.418e-02, val/acc 6.019e-01, val/nll 1.700e+00
[2023-02-03 19:52:29] [Epoch   105/  200] trn/loss 5.951e-01, trn/lr 1.394e-02, val/acc 6.004e-01, val/nll 1.731e+00
[2023-02-03 19:52:33] [Epoch   106/  200] trn/loss 5.819e-01, trn/lr 1.371e-02, val/acc 6.126e-01, val/nll 1.689e+00 (best_acc: 6.075e-01 -> 6.126e-01, test_acc: 6.234e-01, test_nll: 1.657e+00)
[2023-02-03 19:52:37] [Epoch   107/  200] trn/loss 5.767e-01, trn/lr 1.347e-02, val/acc 6.113e-01, val/nll 1.701e+00
[2023-02-03 19:52:41] [Epoch   108/  200] trn/loss 5.666e-01, trn/lr 1.324e-02, val/acc 6.081e-01, val/nll 1.738e+00
[2023-02-03 19:52:45] [Epoch   109/  200] trn/loss 5.603e-01, trn/lr 1.300e-02, val/acc 6.108e-01, val/nll 1.708e+00
[2023-02-03 19:52:50] [Epoch   110/  200] trn/loss 5.436e-01, trn/lr 1.277e-02, val/acc 6.002e-01, val/nll 1.727e+00
[2023-02-03 19:52:54] [Epoch   111/  200] trn/loss 5.274e-01, trn/lr 1.254e-02, val/acc 6.170e-01, val/nll 1.688e+00 (best_acc: 6.126e-01 -> 6.170e-01, test_acc: 6.219e-01, test_nll: 1.669e+00)
[2023-02-03 19:52:58] [Epoch   112/  200] trn/loss 5.272e-01, trn/lr 1.231e-02, val/acc 6.081e-01, val/nll 1.772e+00
[2023-02-03 19:53:02] [Epoch   113/  200] trn/loss 5.161e-01, trn/lr 1.207e-02, val/acc 6.152e-01, val/nll 1.721e+00
[2023-02-03 19:53:06] [Epoch   114/  200] trn/loss 5.029e-01, trn/lr 1.184e-02, val/acc 6.077e-01, val/nll 1.792e+00
[2023-02-03 19:53:11] [Epoch   115/  200] trn/loss 5.033e-01, trn/lr 1.161e-02, val/acc 6.204e-01, val/nll 1.697e+00 (best_acc: 6.170e-01 -> 6.204e-01, test_acc: 6.276e-01, test_nll: 1.666e+00)
[2023-02-03 19:53:15] [Epoch   116/  200] trn/loss 4.819e-01, trn/lr 1.138e-02, val/acc 6.164e-01, val/nll 1.697e+00
[2023-02-03 19:53:19] [Epoch   117/  200] trn/loss 4.697e-01, trn/lr 1.116e-02, val/acc 6.115e-01, val/nll 1.746e+00
[2023-02-03 19:53:23] [Epoch   118/  200] trn/loss 4.605e-01, trn/lr 1.093e-02, val/acc 6.082e-01, val/nll 1.778e+00
[2023-02-03 19:53:27] [Epoch   119/  200] trn/loss 4.480e-01, trn/lr 1.070e-02, val/acc 6.218e-01, val/nll 1.675e+00 (best_acc: 6.204e-01 -> 6.218e-01, test_acc: 6.277e-01, test_nll: 1.657e+00)
[2023-02-03 19:53:32] [Epoch   120/  200] trn/loss 4.425e-01, trn/lr 1.048e-02, val/acc 6.173e-01, val/nll 1.714e+00
[2023-02-03 19:53:36] [Epoch   121/  200] trn/loss 4.311e-01, trn/lr 1.025e-02, val/acc 6.159e-01, val/nll 1.790e+00
[2023-02-03 19:53:40] [Epoch   122/  200] trn/loss 4.328e-01, trn/lr 1.003e-02, val/acc 6.072e-01, val/nll 1.810e+00
[2023-02-03 19:53:44] [Epoch   123/  200] trn/loss 4.350e-01, trn/lr 9.809e-03, val/acc 6.126e-01, val/nll 1.805e+00
[2023-02-03 19:53:48] [Epoch   124/  200] trn/loss 4.198e-01, trn/lr 9.589e-03, val/acc 6.084e-01, val/nll 1.811e+00
[2023-02-03 19:53:52] [Epoch   125/  200] trn/loss 4.044e-01, trn/lr 9.370e-03, val/acc 6.140e-01, val/nll 1.795e+00
[2023-02-03 19:53:56] [Epoch   126/  200] trn/loss 3.824e-01, trn/lr 9.152e-03, val/acc 6.269e-01, val/nll 1.731e+00 (best_acc: 6.218e-01 -> 6.269e-01, test_acc: 6.303e-01, test_nll: 1.707e+00)
[2023-02-03 19:54:00] [Epoch   127/  200] trn/loss 3.714e-01, trn/lr 8.936e-03, val/acc 6.199e-01, val/nll 1.796e+00
[2023-02-03 19:54:05] [Epoch   128/  200] trn/loss 3.636e-01, trn/lr 8.721e-03, val/acc 6.236e-01, val/nll 1.766e+00
[2023-02-03 19:54:09] [Epoch   129/  200] trn/loss 3.627e-01, trn/lr 8.508e-03, val/acc 6.164e-01, val/nll 1.818e+00
[2023-02-03 19:54:13] [Epoch   130/  200] trn/loss 3.482e-01, trn/lr 8.296e-03, val/acc 6.313e-01, val/nll 1.756e+00 (best_acc: 6.269e-01 -> 6.313e-01, test_acc: 6.307e-01, test_nll: 1.769e+00)
[2023-02-03 19:54:17] [Epoch   131/  200] trn/loss 3.405e-01, trn/lr 8.086e-03, val/acc 6.222e-01, val/nll 1.830e+00
[2023-02-03 19:54:21] [Epoch   132/  200] trn/loss 3.303e-01, trn/lr 7.878e-03, val/acc 6.263e-01, val/nll 1.792e+00
[2023-02-03 19:54:25] [Epoch   133/  200] trn/loss 3.110e-01, trn/lr 7.671e-03, val/acc 6.280e-01, val/nll 1.788e+00
[2023-02-03 19:54:29] [Epoch   134/  200] trn/loss 2.963e-01, trn/lr 7.467e-03, val/acc 6.216e-01, val/nll 1.823e+00
[2023-02-03 19:54:34] [Epoch   135/  200] trn/loss 2.883e-01, trn/lr 7.264e-03, val/acc 6.237e-01, val/nll 1.823e+00
[2023-02-03 19:54:38] [Epoch   136/  200] trn/loss 2.837e-01, trn/lr 7.063e-03, val/acc 6.271e-01, val/nll 1.803e+00
[2023-02-03 19:54:42] [Epoch   137/  200] trn/loss 2.758e-01, trn/lr 6.864e-03, val/acc 6.325e-01, val/nll 1.777e+00 (best_acc: 6.313e-01 -> 6.325e-01, test_acc: 6.381e-01, test_nll: 1.782e+00)
[2023-02-03 19:54:46] [Epoch   138/  200] trn/loss 2.565e-01, trn/lr 6.667e-03, val/acc 6.186e-01, val/nll 1.858e+00
[2023-02-03 19:54:51] [Epoch   139/  200] trn/loss 2.549e-01, trn/lr 6.472e-03, val/acc 6.342e-01, val/nll 1.802e+00 (best_acc: 6.325e-01 -> 6.342e-01, test_acc: 6.428e-01, test_nll: 1.788e+00)
[2023-02-03 19:54:55] [Epoch   140/  200] trn/loss 2.401e-01, trn/lr 6.279e-03, val/acc 6.350e-01, val/nll 1.781e+00 (best_acc: 6.342e-01 -> 6.350e-01, test_acc: 6.420e-01, test_nll: 1.784e+00)
[2023-02-03 19:54:59] [Epoch   141/  200] trn/loss 2.344e-01, trn/lr 6.089e-03, val/acc 6.360e-01, val/nll 1.819e+00 (best_acc: 6.350e-01 -> 6.360e-01, test_acc: 6.375e-01, test_nll: 1.818e+00)
[2023-02-03 19:55:04] [Epoch   142/  200] trn/loss 2.270e-01, trn/lr 5.900e-03, val/acc 6.325e-01, val/nll 1.822e+00
[2023-02-03 19:55:08] [Epoch   143/  200] trn/loss 2.105e-01, trn/lr 5.714e-03, val/acc 6.254e-01, val/nll 1.882e+00
[2023-02-03 19:55:12] [Epoch   144/  200] trn/loss 1.933e-01, trn/lr 5.530e-03, val/acc 6.311e-01, val/nll 1.878e+00
[2023-02-03 19:55:16] [Epoch   145/  200] trn/loss 1.894e-01, trn/lr 5.349e-03, val/acc 6.366e-01, val/nll 1.869e+00 (best_acc: 6.360e-01 -> 6.366e-01, test_acc: 6.371e-01, test_nll: 1.885e+00)
[2023-02-03 19:55:20] [Epoch   146/  200] trn/loss 1.923e-01, trn/lr 5.170e-03, val/acc 6.323e-01, val/nll 1.871e+00
[2023-02-03 19:55:24] [Epoch   147/  200] trn/loss 1.766e-01, trn/lr 4.993e-03, val/acc 6.342e-01, val/nll 1.884e+00
[2023-02-03 19:55:29] [Epoch   148/  200] trn/loss 1.701e-01, trn/lr 4.819e-03, val/acc 6.428e-01, val/nll 1.832e+00 (best_acc: 6.366e-01 -> 6.428e-01, test_acc: 6.425e-01, test_nll: 1.855e+00)
[2023-02-03 19:55:33] [Epoch   149/  200] trn/loss 1.616e-01, trn/lr 4.647e-03, val/acc 6.356e-01, val/nll 1.894e+00
[2023-02-03 19:55:37] [Epoch   150/  200] trn/loss 1.528e-01, trn/lr 4.478e-03, val/acc 6.354e-01, val/nll 1.878e+00
[2023-02-03 19:55:41] [Epoch   151/  200] trn/loss 1.458e-01, trn/lr 4.311e-03, val/acc 6.388e-01, val/nll 1.877e+00
[2023-02-03 19:55:45] [Epoch   152/  200] trn/loss 1.378e-01, trn/lr 4.147e-03, val/acc 6.457e-01, val/nll 1.851e+00 (best_acc: 6.428e-01 -> 6.457e-01, test_acc: 6.540e-01, test_nll: 1.862e+00)
[2023-02-03 19:55:49] [Epoch   153/  200] trn/loss 1.285e-01, trn/lr 3.986e-03, val/acc 6.414e-01, val/nll 1.889e+00
[2023-02-03 19:55:54] [Epoch   154/  200] trn/loss 1.295e-01, trn/lr 3.827e-03, val/acc 6.445e-01, val/nll 1.901e+00
[2023-02-03 19:55:58] [Epoch   155/  200] trn/loss 1.195e-01, trn/lr 3.671e-03, val/acc 6.430e-01, val/nll 1.903e+00
[2023-02-03 19:56:02] [Epoch   156/  200] trn/loss 1.116e-01, trn/lr 3.518e-03, val/acc 6.434e-01, val/nll 1.892e+00
[2023-02-03 19:56:06] [Epoch   157/  200] trn/loss 1.038e-01, trn/lr 3.368e-03, val/acc 6.456e-01, val/nll 1.899e+00
[2023-02-03 19:56:10] [Epoch   158/  200] trn/loss 9.542e-02, trn/lr 3.221e-03, val/acc 6.446e-01, val/nll 1.888e+00
[2023-02-03 19:56:14] [Epoch   159/  200] trn/loss 9.308e-02, trn/lr 3.076e-03, val/acc 6.447e-01, val/nll 1.896e+00
[2023-02-03 19:56:18] [Epoch   160/  200] trn/loss 8.625e-02, trn/lr 2.935e-03, val/acc 6.479e-01, val/nll 1.905e+00 (best_acc: 6.457e-01 -> 6.479e-01, test_acc: 6.566e-01, test_nll: 1.899e+00)
[2023-02-03 19:56:23] [Epoch   161/  200] trn/loss 8.192e-02, trn/lr 2.796e-03, val/acc 6.518e-01, val/nll 1.883e+00 (best_acc: 6.479e-01 -> 6.518e-01, test_acc: 6.579e-01, test_nll: 1.874e+00)
[2023-02-03 19:56:27] [Epoch   162/  200] trn/loss 7.536e-02, trn/lr 2.661e-03, val/acc 6.499e-01, val/nll 1.909e+00
[2023-02-03 19:56:31] [Epoch   163/  200] trn/loss 7.259e-02, trn/lr 2.528e-03, val/acc 6.463e-01, val/nll 1.944e+00
[2023-02-03 19:56:35] [Epoch   164/  200] trn/loss 6.898e-02, trn/lr 2.399e-03, val/acc 6.476e-01, val/nll 1.896e+00
[2023-02-03 19:56:39] [Epoch   165/  200] trn/loss 6.617e-02, trn/lr 2.273e-03, val/acc 6.504e-01, val/nll 1.899e+00
[2023-02-03 19:56:44] [Epoch   166/  200] trn/loss 5.985e-02, trn/lr 2.150e-03, val/acc 6.531e-01, val/nll 1.902e+00 (best_acc: 6.518e-01 -> 6.531e-01, test_acc: 6.590e-01, test_nll: 1.894e+00)
[2023-02-03 19:56:48] [Epoch   167/  200] trn/loss 5.688e-02, trn/lr 2.030e-03, val/acc 6.537e-01, val/nll 1.901e+00 (best_acc: 6.531e-01 -> 6.537e-01, test_acc: 6.582e-01, test_nll: 1.897e+00)
[2023-02-03 19:56:53] [Epoch   168/  200] trn/loss 5.421e-02, trn/lr 1.913e-03, val/acc 6.541e-01, val/nll 1.903e+00 (best_acc: 6.537e-01 -> 6.541e-01, test_acc: 6.582e-01, test_nll: 1.913e+00)
[2023-02-03 19:56:57] [Epoch   169/  200] trn/loss 5.147e-02, trn/lr 1.800e-03, val/acc 6.508e-01, val/nll 1.899e+00
[2023-02-03 19:57:01] [Epoch   170/  200] trn/loss 5.021e-02, trn/lr 1.689e-03, val/acc 6.545e-01, val/nll 1.886e+00 (best_acc: 6.541e-01 -> 6.545e-01, test_acc: 6.592e-01, test_nll: 1.917e+00)
[2023-02-03 19:57:05] [Epoch   171/  200] trn/loss 4.791e-02, trn/lr 1.582e-03, val/acc 6.551e-01, val/nll 1.893e+00 (best_acc: 6.545e-01 -> 6.551e-01, test_acc: 6.605e-01, test_nll: 1.916e+00)
[2023-02-03 19:57:10] [Epoch   172/  200] trn/loss 4.669e-02, trn/lr 1.479e-03, val/acc 6.494e-01, val/nll 1.912e+00
[2023-02-03 19:57:14] [Epoch   173/  200] trn/loss 4.388e-02, trn/lr 1.378e-03, val/acc 6.518e-01, val/nll 1.902e+00
[2023-02-03 19:57:18] [Epoch   174/  200] trn/loss 4.246e-02, trn/lr 1.281e-03, val/acc 6.523e-01, val/nll 1.900e+00
[2023-02-03 19:57:22] [Epoch   175/  200] trn/loss 4.130e-02, trn/lr 1.188e-03, val/acc 6.517e-01, val/nll 1.894e+00
[2023-02-03 19:57:26] [Epoch   176/  200] trn/loss 3.873e-02, trn/lr 1.098e-03, val/acc 6.558e-01, val/nll 1.895e+00 (best_acc: 6.551e-01 -> 6.558e-01, test_acc: 6.640e-01, test_nll: 1.924e+00)
[2023-02-03 19:57:30] [Epoch   177/  200] trn/loss 3.869e-02, trn/lr 1.011e-03, val/acc 6.541e-01, val/nll 1.890e+00
[2023-02-03 19:57:34] [Epoch   178/  200] trn/loss 3.803e-02, trn/lr 9.275e-04, val/acc 6.542e-01, val/nll 1.888e+00
[2023-02-03 19:57:39] [Epoch   179/  200] trn/loss 3.673e-02, trn/lr 8.477e-04, val/acc 6.534e-01, val/nll 1.894e+00
[2023-02-03 19:57:43] [Epoch   180/  200] trn/loss 3.464e-02, trn/lr 7.714e-04, val/acc 6.543e-01, val/nll 1.895e+00
[2023-02-03 19:57:47] [Epoch   181/  200] trn/loss 3.482e-02, trn/lr 6.986e-04, val/acc 6.542e-01, val/nll 1.899e+00
[2023-02-03 19:57:51] [Epoch   182/  200] trn/loss 3.398e-02, trn/lr 6.293e-04, val/acc 6.563e-01, val/nll 1.905e+00 (best_acc: 6.558e-01 -> 6.563e-01, test_acc: 6.629e-01, test_nll: 1.929e+00)
[2023-02-03 19:57:56] [Epoch   183/  200] trn/loss 3.366e-02, trn/lr 5.635e-04, val/acc 6.569e-01, val/nll 1.898e+00 (best_acc: 6.563e-01 -> 6.569e-01, test_acc: 6.640e-01, test_nll: 1.922e+00)
[2023-02-03 19:58:00] [Epoch   184/  200] trn/loss 3.281e-02, trn/lr 5.013e-04, val/acc 6.556e-01, val/nll 1.895e+00
[2023-02-03 19:58:04] [Epoch   185/  200] trn/loss 3.341e-02, trn/lr 4.427e-04, val/acc 6.556e-01, val/nll 1.903e+00
[2023-02-03 19:58:08] [Epoch   186/  200] trn/loss 3.167e-02, trn/lr 3.877e-04, val/acc 6.580e-01, val/nll 1.898e+00 (best_acc: 6.569e-01 -> 6.580e-01, test_acc: 6.613e-01, test_nll: 1.919e+00)
[2023-02-03 19:58:12] [Epoch   187/  200] trn/loss 3.297e-02, trn/lr 3.363e-04, val/acc 6.572e-01, val/nll 1.897e+00
[2023-02-03 19:58:16] [Epoch   188/  200] trn/loss 3.103e-02, trn/lr 2.885e-04, val/acc 6.556e-01, val/nll 1.898e+00
[2023-02-03 19:58:20] [Epoch   189/  200] trn/loss 3.134e-02, trn/lr 2.444e-04, val/acc 6.530e-01, val/nll 1.897e+00
[2023-02-03 19:58:25] [Epoch   190/  200] trn/loss 3.072e-02, trn/lr 2.038e-04, val/acc 6.556e-01, val/nll 1.897e+00
[2023-02-03 19:58:29] [Epoch   191/  200] trn/loss 3.034e-02, trn/lr 1.670e-04, val/acc 6.539e-01, val/nll 1.898e+00
[2023-02-03 19:58:33] [Epoch   192/  200] trn/loss 3.048e-02, trn/lr 1.338e-04, val/acc 6.544e-01, val/nll 1.896e+00
[2023-02-03 19:58:37] [Epoch   193/  200] trn/loss 3.013e-02, trn/lr 1.042e-04, val/acc 6.548e-01, val/nll 1.894e+00
[2023-02-03 19:58:41] [Epoch   194/  200] trn/loss 3.093e-02, trn/lr 7.835e-05, val/acc 6.556e-01, val/nll 1.902e+00
[2023-02-03 19:58:45] [Epoch   195/  200] trn/loss 3.125e-02, trn/lr 5.616e-05, val/acc 6.559e-01, val/nll 1.899e+00
[2023-02-03 19:58:49] [Epoch   196/  200] trn/loss 2.918e-02, trn/lr 3.766e-05, val/acc 6.569e-01, val/nll 1.895e+00
[2023-02-03 19:58:53] [Epoch   197/  200] trn/loss 3.038e-02, trn/lr 2.286e-05, val/acc 6.560e-01, val/nll 1.893e+00
[2023-02-03 19:58:57] [Epoch   198/  200] trn/loss 3.065e-02, trn/lr 1.175e-05, val/acc 6.566e-01, val/nll 1.893e+00
[2023-02-03 19:59:01] [Epoch   199/  200] trn/loss 2.939e-02, trn/lr 4.335e-06, val/acc 6.563e-01, val/nll 1.892e+00
[2023-02-03 19:59:06] [Epoch   200/  200] trn/loss 3.093e-02, trn/lr 6.226e-07, val/acc 6.561e-01, val/nll 1.894e+00
