[2023-02-03 01:29:13] Environments:
------------  --------------------------------------------------------------------------------
sys.platform  linux
Python        3.10.8 (main, Nov 24 2022, 14:13:03) [GCC 11.2.0]
JAX           0.4.1 @/mnt/home/giung/.conda/envs/jax-vessl/lib/python3.10/site-packages/jax
jaxlib        0.4.1 @/mnt/home/giung/.conda/envs/jax-vessl/lib/python3.10/site-packages/jaxlib
Flax          0.6.3 @/mnt/home/giung/.conda/envs/jax-vessl/lib/python3.10/site-packages/flax
Optax         0.1.4 @/mnt/home/giung/.conda/envs/jax-vessl/lib/python3.10/site-packages/optax
------------  --------------------------------------------------------------------------------

[2023-02-03 01:29:13] Command line arguments:
- args.data_root          : ./data/
- args.data_name          : CIFAR10_x32
- args.data_augmentation  : standard
- args.data_proportional  : 1.0
- args.model_depth        : 20
- args.model_width        : 2
- args.model_style        : BN-ReLU
- args.optim_bs           : 256
- args.optim_ne           : 200
- args.optim_lr           : 0.3
- args.optim_momentum     : 0.97
- args.optim_weight_decay : 0.003
- args.save               : /mnt/home/giung/giung2-dev/projects/residual-networks/save/CIFAR10_x32/R20x2-BN-ReLU/bs-0256_ne-0200_lr-0.30_mo-0.97_wd-0.0030_fp32/42
- args.seed               : 42
- args.precision          : fp32

[2023-02-03 01:29:45] [Epoch     1/  200] trn/loss 2.449e+00, trn/lr 3.000e-01, val/acc 2.270e-01, val/nll 2.128e+00 (best_acc: 0.000e+00 -> 2.270e-01, test_acc: 2.228e-01, test_nll: 2.131e+00)
[2023-02-03 01:29:52] [Epoch     2/  200] trn/loss 1.898e+00, trn/lr 3.000e-01, val/acc 2.106e-01, val/nll 1.975e+00
[2023-02-03 01:29:58] [Epoch     3/  200] trn/loss 1.835e+00, trn/lr 2.999e-01, val/acc 1.480e-01, val/nll 4.055e+00
[2023-02-03 01:30:04] [Epoch     4/  200] trn/loss 1.785e+00, trn/lr 2.998e-01, val/acc 1.481e-01, val/nll 2.775e+00
[2023-02-03 01:30:10] [Epoch     5/  200] trn/loss 1.716e+00, trn/lr 2.996e-01, val/acc 1.823e-01, val/nll 3.228e+00
[2023-02-03 01:30:17] [Epoch     6/  200] trn/loss 1.671e+00, trn/lr 2.994e-01, val/acc 1.952e-01, val/nll 3.551e+00
[2023-02-03 01:30:23] [Epoch     7/  200] trn/loss 1.651e+00, trn/lr 2.992e-01, val/acc 1.144e-01, val/nll 3.283e+00
[2023-02-03 01:30:29] [Epoch     8/  200] trn/loss 1.654e+00, trn/lr 2.990e-01, val/acc 1.804e-01, val/nll 3.802e+00
[2023-02-03 01:30:36] [Epoch     9/  200] trn/loss 1.632e+00, trn/lr 2.987e-01, val/acc 1.803e-01, val/nll 3.286e+00
[2023-02-03 01:30:42] [Epoch    10/  200] trn/loss 1.634e+00, trn/lr 2.983e-01, val/acc 2.751e-01, val/nll 2.060e+00 (best_acc: 2.270e-01 -> 2.751e-01, test_acc: 2.725e-01, test_nll: 2.073e+00)
[2023-02-03 01:30:49] [Epoch    11/  200] trn/loss 1.634e+00, trn/lr 2.980e-01, val/acc 1.905e-01, val/nll 2.555e+00
[2023-02-03 01:30:55] [Epoch    12/  200] trn/loss 1.622e+00, trn/lr 2.976e-01, val/acc 1.083e-01, val/nll 4.963e+00
[2023-02-03 01:31:01] [Epoch    13/  200] trn/loss 1.574e+00, trn/lr 2.971e-01, val/acc 1.408e-01, val/nll 4.250e+00
[2023-02-03 01:31:07] [Epoch    14/  200] trn/loss 1.590e+00, trn/lr 2.966e-01, val/acc 1.768e-01, val/nll 3.616e+00
[2023-02-03 01:31:14] [Epoch    15/  200] trn/loss 1.651e+00, trn/lr 2.961e-01, val/acc 2.461e-01, val/nll 2.225e+00
[2023-02-03 01:31:20] [Epoch    16/  200] trn/loss 1.630e+00, trn/lr 2.956e-01, val/acc 1.269e-01, val/nll 5.022e+00
[2023-02-03 01:31:26] [Epoch    17/  200] trn/loss 1.643e+00, trn/lr 2.950e-01, val/acc 2.556e-01, val/nll 1.992e+00
[2023-02-03 01:31:33] [Epoch    18/  200] trn/loss 1.591e+00, trn/lr 2.944e-01, val/acc 2.337e-01, val/nll 4.332e+00
[2023-02-03 01:31:39] [Epoch    19/  200] trn/loss 1.598e+00, trn/lr 2.937e-01, val/acc 2.729e-01, val/nll 2.162e+00
[2023-02-03 01:31:45] [Epoch    20/  200] trn/loss 1.600e+00, trn/lr 2.930e-01, val/acc 1.596e-01, val/nll 3.389e+00
[2023-02-03 01:31:52] [Epoch    21/  200] trn/loss 1.640e+00, trn/lr 2.923e-01, val/acc 1.698e-01, val/nll 2.839e+00
[2023-02-03 01:31:58] [Epoch    22/  200] trn/loss 1.709e+00, trn/lr 2.915e-01, val/acc 1.837e-01, val/nll 3.806e+00
[2023-02-03 01:32:04] [Epoch    23/  200] trn/loss 1.704e+00, trn/lr 2.907e-01, val/acc 1.621e-01, val/nll 3.760e+00
[2023-02-03 01:32:11] [Epoch    24/  200] trn/loss 1.635e+00, trn/lr 2.899e-01, val/acc 2.593e-01, val/nll 2.104e+00
[2023-02-03 01:32:17] [Epoch    25/  200] trn/loss 1.627e+00, trn/lr 2.890e-01, val/acc 2.586e-01, val/nll 2.047e+00
[2023-02-03 01:32:24] [Epoch    26/  200] trn/loss 1.634e+00, trn/lr 2.881e-01, val/acc 3.402e-01, val/nll 1.797e+00 (best_acc: 2.751e-01 -> 3.402e-01, test_acc: 3.288e-01, test_nll: 1.816e+00)
[2023-02-03 01:32:30] [Epoch    27/  200] trn/loss 1.615e+00, trn/lr 2.872e-01, val/acc 1.125e-01, val/nll 4.621e+00
[2023-02-03 01:32:36] [Epoch    28/  200] trn/loss 1.628e+00, trn/lr 2.862e-01, val/acc 2.752e-01, val/nll 2.070e+00
[2023-02-03 01:32:42] [Epoch    29/  200] trn/loss 1.640e+00, trn/lr 2.852e-01, val/acc 3.063e-01, val/nll 1.904e+00
[2023-02-03 01:32:49] [Epoch    30/  200] trn/loss 1.651e+00, trn/lr 2.842e-01, val/acc 1.835e-01, val/nll 2.671e+00
[2023-02-03 01:32:55] [Epoch    31/  200] trn/loss 1.590e+00, trn/lr 2.831e-01, val/acc 1.448e-01, val/nll 6.154e+00
[2023-02-03 01:33:01] [Epoch    32/  200] trn/loss 1.602e+00, trn/lr 2.820e-01, val/acc 1.596e-01, val/nll 2.682e+00
[2023-02-03 01:33:07] [Epoch    33/  200] trn/loss 1.618e+00, trn/lr 2.809e-01, val/acc 1.781e-01, val/nll 3.050e+00
[2023-02-03 01:33:14] [Epoch    34/  200] trn/loss 1.603e+00, trn/lr 2.797e-01, val/acc 2.033e-01, val/nll 3.233e+00
[2023-02-03 01:33:20] [Epoch    35/  200] trn/loss 1.624e+00, trn/lr 2.785e-01, val/acc 1.447e-01, val/nll 2.453e+00
[2023-02-03 01:33:26] [Epoch    36/  200] trn/loss 1.639e+00, trn/lr 2.773e-01, val/acc 2.488e-01, val/nll 2.624e+00
[2023-02-03 01:33:33] [Epoch    37/  200] trn/loss 1.599e+00, trn/lr 2.760e-01, val/acc 3.075e-01, val/nll 1.988e+00
[2023-02-03 01:33:39] [Epoch    38/  200] trn/loss 1.635e+00, trn/lr 2.747e-01, val/acc 2.029e-01, val/nll 2.698e+00
[2023-02-03 01:33:45] [Epoch    39/  200] trn/loss 1.618e+00, trn/lr 2.734e-01, val/acc 1.324e-01, val/nll 1.039e+01
[2023-02-03 01:33:51] [Epoch    40/  200] trn/loss 1.612e+00, trn/lr 2.720e-01, val/acc 2.259e-01, val/nll 2.883e+00
[2023-02-03 01:33:58] [Epoch    41/  200] trn/loss 1.577e+00, trn/lr 2.707e-01, val/acc 2.208e-01, val/nll 2.431e+00
[2023-02-03 01:34:04] [Epoch    42/  200] trn/loss 1.575e+00, trn/lr 2.692e-01, val/acc 2.064e-01, val/nll 3.812e+00
[2023-02-03 01:34:10] [Epoch    43/  200] trn/loss 1.566e+00, trn/lr 2.678e-01, val/acc 1.945e-01, val/nll 4.193e+00
[2023-02-03 01:34:16] [Epoch    44/  200] trn/loss 1.615e+00, trn/lr 2.663e-01, val/acc 2.284e-01, val/nll 2.535e+00
[2023-02-03 01:34:22] [Epoch    45/  200] trn/loss 1.573e+00, trn/lr 2.648e-01, val/acc 2.897e-01, val/nll 2.061e+00
[2023-02-03 01:34:29] [Epoch    46/  200] trn/loss 1.650e+00, trn/lr 2.633e-01, val/acc 2.067e-01, val/nll 3.174e+00
[2023-02-03 01:34:35] [Epoch    47/  200] trn/loss 1.674e+00, trn/lr 2.617e-01, val/acc 2.386e-01, val/nll 2.348e+00
[2023-02-03 01:34:41] [Epoch    48/  200] trn/loss 1.648e+00, trn/lr 2.602e-01, val/acc 1.241e-01, val/nll 2.936e+00
[2023-02-03 01:34:47] [Epoch    49/  200] trn/loss 1.610e+00, trn/lr 2.585e-01, val/acc 1.872e-01, val/nll 2.714e+00
[2023-02-03 01:34:54] [Epoch    50/  200] trn/loss 1.585e+00, trn/lr 2.569e-01, val/acc 2.131e-01, val/nll 2.341e+00
[2023-02-03 01:35:00] [Epoch    51/  200] trn/loss 1.630e+00, trn/lr 2.552e-01, val/acc 1.305e-01, val/nll 2.910e+00
[2023-02-03 01:35:06] [Epoch    52/  200] trn/loss 1.609e+00, trn/lr 2.535e-01, val/acc 2.083e-01, val/nll 3.129e+00
[2023-02-03 01:35:12] [Epoch    53/  200] trn/loss 1.629e+00, trn/lr 2.518e-01, val/acc 1.085e-01, val/nll 9.591e+00
[2023-02-03 01:35:19] [Epoch    54/  200] trn/loss 1.566e+00, trn/lr 2.501e-01, val/acc 3.413e-01, val/nll 1.884e+00 (best_acc: 3.402e-01 -> 3.413e-01, test_acc: 3.286e-01, test_nll: 1.893e+00)
[2023-02-03 01:35:25] [Epoch    55/  200] trn/loss 1.602e+00, trn/lr 2.483e-01, val/acc 3.106e-01, val/nll 1.944e+00
[2023-02-03 01:35:31] [Epoch    56/  200] trn/loss 1.594e+00, trn/lr 2.465e-01, val/acc 2.252e-01, val/nll 2.682e+00
[2023-02-03 01:35:37] [Epoch    57/  200] trn/loss 1.590e+00, trn/lr 2.447e-01, val/acc 2.283e-01, val/nll 3.191e+00
[2023-02-03 01:35:44] [Epoch    58/  200] trn/loss 1.570e+00, trn/lr 2.429e-01, val/acc 1.074e-01, val/nll 5.805e+00
[2023-02-03 01:35:50] [Epoch    59/  200] trn/loss 1.583e+00, trn/lr 2.410e-01, val/acc 1.105e-01, val/nll 1.348e+01
[2023-02-03 01:35:56] [Epoch    60/  200] trn/loss 1.556e+00, trn/lr 2.391e-01, val/acc 1.110e-01, val/nll 8.230e+00
[2023-02-03 01:36:02] [Epoch    61/  200] trn/loss 1.559e+00, trn/lr 2.372e-01, val/acc 2.459e-01, val/nll 2.618e+00
[2023-02-03 01:36:08] [Epoch    62/  200] trn/loss 1.636e+00, trn/lr 2.353e-01, val/acc 1.750e-01, val/nll 2.582e+00
[2023-02-03 01:36:14] [Epoch    63/  200] trn/loss 1.590e+00, trn/lr 2.333e-01, val/acc 1.091e-01, val/nll 3.195e+00
[2023-02-03 01:36:21] [Epoch    64/  200] trn/loss 1.602e+00, trn/lr 2.314e-01, val/acc 1.226e-01, val/nll 6.812e+00
[2023-02-03 01:36:27] [Epoch    65/  200] trn/loss 1.572e+00, trn/lr 2.294e-01, val/acc 1.837e-01, val/nll 2.764e+00
[2023-02-03 01:36:33] [Epoch    66/  200] trn/loss 1.550e+00, trn/lr 2.274e-01, val/acc 1.361e-01, val/nll 6.736e+00
[2023-02-03 01:36:39] [Epoch    67/  200] trn/loss 1.579e+00, trn/lr 2.253e-01, val/acc 2.852e-01, val/nll 2.132e+00
[2023-02-03 01:36:46] [Epoch    68/  200] trn/loss 1.551e+00, trn/lr 2.233e-01, val/acc 1.371e-01, val/nll 4.637e+00
[2023-02-03 01:36:52] [Epoch    69/  200] trn/loss 1.664e+00, trn/lr 2.212e-01, val/acc 2.716e-01, val/nll 1.967e+00
[2023-02-03 01:36:58] [Epoch    70/  200] trn/loss 1.695e+00, trn/lr 2.192e-01, val/acc 1.658e-01, val/nll 2.502e+00
[2023-02-03 01:37:04] [Epoch    71/  200] trn/loss 1.662e+00, trn/lr 2.171e-01, val/acc 1.249e-01, val/nll 5.048e+00
[2023-02-03 01:37:10] [Epoch    72/  200] trn/loss 1.606e+00, trn/lr 2.149e-01, val/acc 1.114e-01, val/nll 4.184e+00
[2023-02-03 01:37:16] [Epoch    73/  200] trn/loss 1.616e+00, trn/lr 2.128e-01, val/acc 1.323e-01, val/nll 5.849e+00
[2023-02-03 01:37:23] [Epoch    74/  200] trn/loss 1.600e+00, trn/lr 2.107e-01, val/acc 1.738e-01, val/nll 5.729e+00
[2023-02-03 01:37:29] [Epoch    75/  200] trn/loss 1.607e+00, trn/lr 2.085e-01, val/acc 2.635e-01, val/nll 2.006e+00
[2023-02-03 01:37:35] [Epoch    76/  200] trn/loss 1.576e+00, trn/lr 2.063e-01, val/acc 1.900e-01, val/nll 3.119e+00
[2023-02-03 01:37:42] [Epoch    77/  200] trn/loss 1.619e+00, trn/lr 2.041e-01, val/acc 3.580e-01, val/nll 1.715e+00 (best_acc: 3.413e-01 -> 3.580e-01, test_acc: 3.538e-01, test_nll: 1.730e+00)
[2023-02-03 01:37:48] [Epoch    78/  200] trn/loss 1.624e+00, trn/lr 2.019e-01, val/acc 2.316e-01, val/nll 2.011e+00
[2023-02-03 01:37:54] [Epoch    79/  200] trn/loss 1.651e+00, trn/lr 1.997e-01, val/acc 2.265e-01, val/nll 2.625e+00
[2023-02-03 01:38:00] [Epoch    80/  200] trn/loss 1.630e+00, trn/lr 1.975e-01, val/acc 3.261e-01, val/nll 1.972e+00
[2023-02-03 01:38:06] [Epoch    81/  200] trn/loss 1.651e+00, trn/lr 1.952e-01, val/acc 1.904e-01, val/nll 2.927e+00
[2023-02-03 01:38:12] [Epoch    82/  200] trn/loss 1.629e+00, trn/lr 1.930e-01, val/acc 2.509e-01, val/nll 2.512e+00
[2023-02-03 01:38:19] [Epoch    83/  200] trn/loss 1.643e+00, trn/lr 1.907e-01, val/acc 1.061e-01, val/nll 8.020e+00
[2023-02-03 01:38:25] [Epoch    84/  200] trn/loss 1.643e+00, trn/lr 1.885e-01, val/acc 1.540e-01, val/nll 2.843e+00
[2023-02-03 01:38:31] [Epoch    85/  200] trn/loss 1.640e+00, trn/lr 1.862e-01, val/acc 3.238e-01, val/nll 1.809e+00
[2023-02-03 01:38:37] [Epoch    86/  200] trn/loss 1.612e+00, trn/lr 1.839e-01, val/acc 2.352e-01, val/nll 2.478e+00
[2023-02-03 01:38:43] [Epoch    87/  200] trn/loss 1.608e+00, trn/lr 1.816e-01, val/acc 2.398e-01, val/nll 4.026e+00
[2023-02-03 01:38:49] [Epoch    88/  200] trn/loss 1.591e+00, trn/lr 1.793e-01, val/acc 1.883e-01, val/nll 2.906e+00
[2023-02-03 01:38:55] [Epoch    89/  200] trn/loss 1.592e+00, trn/lr 1.770e-01, val/acc 2.361e-01, val/nll 2.113e+00
[2023-02-03 01:39:02] [Epoch    90/  200] trn/loss 1.585e+00, trn/lr 1.746e-01, val/acc 1.604e-01, val/nll 2.872e+00
[2023-02-03 01:39:08] [Epoch    91/  200] trn/loss 1.590e+00, trn/lr 1.723e-01, val/acc 2.358e-01, val/nll 2.127e+00
[2023-02-03 01:39:14] [Epoch    92/  200] trn/loss 1.583e+00, trn/lr 1.700e-01, val/acc 1.070e-01, val/nll 8.133e+00
[2023-02-03 01:39:20] [Epoch    93/  200] trn/loss 1.567e+00, trn/lr 1.676e-01, val/acc 2.647e-01, val/nll 2.321e+00
[2023-02-03 01:39:26] [Epoch    94/  200] trn/loss 1.537e+00, trn/lr 1.653e-01, val/acc 2.498e-01, val/nll 2.395e+00
[2023-02-03 01:39:32] [Epoch    95/  200] trn/loss 1.553e+00, trn/lr 1.630e-01, val/acc 3.434e-01, val/nll 1.889e+00
[2023-02-03 01:39:39] [Epoch    96/  200] trn/loss 1.604e+00, trn/lr 1.606e-01, val/acc 1.658e-01, val/nll 2.701e+00
[2023-02-03 01:39:45] [Epoch    97/  200] trn/loss 1.551e+00, trn/lr 1.582e-01, val/acc 2.777e-01, val/nll 2.267e+00
[2023-02-03 01:39:51] [Epoch    98/  200] trn/loss 1.526e+00, trn/lr 1.559e-01, val/acc 4.249e-01, val/nll 1.604e+00 (best_acc: 3.580e-01 -> 4.249e-01, test_acc: 4.176e-01, test_nll: 1.612e+00)
[2023-02-03 01:39:57] [Epoch    99/  200] trn/loss 1.510e+00, trn/lr 1.535e-01, val/acc 1.348e-01, val/nll 4.218e+00
[2023-02-03 01:40:04] [Epoch   100/  200] trn/loss 1.492e+00, trn/lr 1.512e-01, val/acc 2.770e-01, val/nll 2.834e+00
[2023-02-03 01:40:10] [Epoch   101/  200] trn/loss 1.472e+00, trn/lr 1.488e-01, val/acc 1.509e-01, val/nll 5.968e+00
[2023-02-03 01:40:16] [Epoch   102/  200] trn/loss 1.486e+00, trn/lr 1.465e-01, val/acc 2.941e-01, val/nll 2.483e+00
[2023-02-03 01:40:22] [Epoch   103/  200] trn/loss 1.473e+00, trn/lr 1.441e-01, val/acc 3.213e-01, val/nll 2.139e+00
[2023-02-03 01:40:28] [Epoch   104/  200] trn/loss 1.487e+00, trn/lr 1.418e-01, val/acc 1.835e-01, val/nll 3.698e+00
[2023-02-03 01:40:34] [Epoch   105/  200] trn/loss 1.464e+00, trn/lr 1.394e-01, val/acc 2.146e-01, val/nll 3.443e+00
[2023-02-03 01:40:41] [Epoch   106/  200] trn/loss 1.447e+00, trn/lr 1.371e-01, val/acc 2.455e-01, val/nll 4.377e+00
[2023-02-03 01:40:47] [Epoch   107/  200] trn/loss 1.435e+00, trn/lr 1.347e-01, val/acc 3.406e-01, val/nll 2.062e+00
[2023-02-03 01:40:53] [Epoch   108/  200] trn/loss 1.448e+00, trn/lr 1.324e-01, val/acc 2.988e-01, val/nll 2.527e+00
[2023-02-03 01:40:59] [Epoch   109/  200] trn/loss 1.413e+00, trn/lr 1.300e-01, val/acc 1.742e-01, val/nll 2.891e+00
[2023-02-03 01:41:05] [Epoch   110/  200] trn/loss 1.427e+00, trn/lr 1.277e-01, val/acc 1.700e-01, val/nll 3.467e+00
[2023-02-03 01:41:11] [Epoch   111/  200] trn/loss 1.422e+00, trn/lr 1.254e-01, val/acc 1.760e-01, val/nll 4.154e+00
[2023-02-03 01:41:18] [Epoch   112/  200] trn/loss 1.413e+00, trn/lr 1.231e-01, val/acc 3.275e-01, val/nll 2.129e+00
[2023-02-03 01:41:24] [Epoch   113/  200] trn/loss 1.426e+00, trn/lr 1.207e-01, val/acc 2.133e-01, val/nll 3.509e+00
[2023-02-03 01:41:30] [Epoch   114/  200] trn/loss 1.401e+00, trn/lr 1.184e-01, val/acc 2.079e-01, val/nll 2.310e+00
[2023-02-03 01:41:36] [Epoch   115/  200] trn/loss 1.407e+00, trn/lr 1.161e-01, val/acc 1.785e-01, val/nll 4.024e+00
[2023-02-03 01:41:42] [Epoch   116/  200] trn/loss 1.401e+00, trn/lr 1.138e-01, val/acc 2.403e-01, val/nll 2.281e+00
[2023-02-03 01:41:48] [Epoch   117/  200] trn/loss 1.395e+00, trn/lr 1.116e-01, val/acc 3.847e-01, val/nll 1.813e+00
[2023-02-03 01:41:54] [Epoch   118/  200] trn/loss 1.393e+00, trn/lr 1.093e-01, val/acc 3.290e-01, val/nll 1.927e+00
[2023-02-03 01:42:01] [Epoch   119/  200] trn/loss 1.408e+00, trn/lr 1.070e-01, val/acc 3.756e-01, val/nll 1.728e+00
[2023-02-03 01:42:07] [Epoch   120/  200] trn/loss 1.384e+00, trn/lr 1.048e-01, val/acc 2.866e-01, val/nll 2.117e+00
[2023-02-03 01:42:13] [Epoch   121/  200] trn/loss 1.395e+00, trn/lr 1.025e-01, val/acc 2.930e-01, val/nll 2.746e+00
[2023-02-03 01:42:19] [Epoch   122/  200] trn/loss 1.373e+00, trn/lr 1.003e-01, val/acc 2.485e-01, val/nll 2.394e+00
[2023-02-03 01:42:25] [Epoch   123/  200] trn/loss 1.384e+00, trn/lr 9.809e-02, val/acc 2.114e-01, val/nll 2.314e+00
[2023-02-03 01:42:31] [Epoch   124/  200] trn/loss 1.373e+00, trn/lr 9.589e-02, val/acc 1.935e-01, val/nll 3.868e+00
[2023-02-03 01:42:37] [Epoch   125/  200] trn/loss 1.378e+00, trn/lr 9.370e-02, val/acc 2.735e-01, val/nll 2.432e+00
[2023-02-03 01:42:44] [Epoch   126/  200] trn/loss 1.360e+00, trn/lr 9.152e-02, val/acc 3.001e-01, val/nll 2.859e+00
[2023-02-03 01:42:50] [Epoch   127/  200] trn/loss 1.355e+00, trn/lr 8.936e-02, val/acc 1.873e-01, val/nll 3.552e+00
[2023-02-03 01:42:56] [Epoch   128/  200] trn/loss 1.367e+00, trn/lr 8.721e-02, val/acc 2.969e-01, val/nll 2.420e+00
[2023-02-03 01:43:02] [Epoch   129/  200] trn/loss 1.359e+00, trn/lr 8.508e-02, val/acc 3.449e-01, val/nll 1.981e+00
[2023-02-03 01:43:08] [Epoch   130/  200] trn/loss 1.345e+00, trn/lr 8.296e-02, val/acc 3.637e-01, val/nll 2.150e+00
[2023-02-03 01:43:14] [Epoch   131/  200] trn/loss 1.345e+00, trn/lr 8.086e-02, val/acc 3.035e-01, val/nll 2.622e+00
[2023-02-03 01:43:20] [Epoch   132/  200] trn/loss 1.332e+00, trn/lr 7.878e-02, val/acc 1.879e-01, val/nll 2.655e+00
[2023-02-03 01:43:27] [Epoch   133/  200] trn/loss 1.329e+00, trn/lr 7.671e-02, val/acc 3.576e-01, val/nll 2.747e+00
[2023-02-03 01:43:33] [Epoch   134/  200] trn/loss 1.312e+00, trn/lr 7.467e-02, val/acc 2.375e-01, val/nll 2.243e+00
[2023-02-03 01:43:39] [Epoch   135/  200] trn/loss 1.322e+00, trn/lr 7.264e-02, val/acc 2.528e-01, val/nll 5.230e+00
[2023-02-03 01:43:45] [Epoch   136/  200] trn/loss 1.328e+00, trn/lr 7.063e-02, val/acc 5.163e-01, val/nll 1.329e+00 (best_acc: 4.249e-01 -> 5.163e-01, test_acc: 5.055e-01, test_nll: 1.346e+00)
[2023-02-03 01:43:52] [Epoch   137/  200] trn/loss 1.320e+00, trn/lr 6.864e-02, val/acc 2.132e-01, val/nll 3.368e+00
[2023-02-03 01:43:58] [Epoch   138/  200] trn/loss 1.292e+00, trn/lr 6.667e-02, val/acc 2.961e-01, val/nll 2.280e+00
[2023-02-03 01:44:04] [Epoch   139/  200] trn/loss 1.303e+00, trn/lr 6.472e-02, val/acc 2.824e-01, val/nll 3.286e+00
[2023-02-03 01:44:10] [Epoch   140/  200] trn/loss 1.288e+00, trn/lr 6.279e-02, val/acc 2.924e-01, val/nll 2.972e+00
[2023-02-03 01:44:16] [Epoch   141/  200] trn/loss 1.294e+00, trn/lr 6.089e-02, val/acc 3.900e-01, val/nll 1.796e+00
[2023-02-03 01:44:22] [Epoch   142/  200] trn/loss 1.303e+00, trn/lr 5.900e-02, val/acc 1.305e-01, val/nll 5.223e+00
[2023-02-03 01:44:28] [Epoch   143/  200] trn/loss 1.278e+00, trn/lr 5.714e-02, val/acc 2.552e-01, val/nll 3.430e+00
[2023-02-03 01:44:35] [Epoch   144/  200] trn/loss 1.281e+00, trn/lr 5.530e-02, val/acc 4.524e-01, val/nll 1.652e+00
[2023-02-03 01:44:41] [Epoch   145/  200] trn/loss 1.268e+00, trn/lr 5.349e-02, val/acc 3.287e-01, val/nll 2.189e+00
[2023-02-03 01:44:47] [Epoch   146/  200] trn/loss 1.254e+00, trn/lr 5.170e-02, val/acc 4.259e-01, val/nll 1.917e+00
[2023-02-03 01:44:53] [Epoch   147/  200] trn/loss 1.246e+00, trn/lr 4.993e-02, val/acc 1.583e-01, val/nll 4.960e+00
[2023-02-03 01:44:59] [Epoch   148/  200] trn/loss 1.244e+00, trn/lr 4.819e-02, val/acc 2.967e-01, val/nll 2.212e+00
[2023-02-03 01:45:05] [Epoch   149/  200] trn/loss 1.262e+00, trn/lr 4.647e-02, val/acc 4.282e-01, val/nll 1.725e+00
[2023-02-03 01:45:11] [Epoch   150/  200] trn/loss 1.236e+00, trn/lr 4.478e-02, val/acc 2.502e-01, val/nll 2.859e+00
[2023-02-03 01:45:17] [Epoch   151/  200] trn/loss 1.231e+00, trn/lr 4.311e-02, val/acc 3.833e-01, val/nll 1.958e+00
[2023-02-03 01:45:24] [Epoch   152/  200] trn/loss 1.224e+00, trn/lr 4.147e-02, val/acc 3.706e-01, val/nll 2.441e+00
[2023-02-03 01:45:30] [Epoch   153/  200] trn/loss 1.216e+00, trn/lr 3.986e-02, val/acc 3.112e-01, val/nll 2.834e+00
[2023-02-03 01:45:36] [Epoch   154/  200] trn/loss 1.222e+00, trn/lr 3.827e-02, val/acc 3.810e-01, val/nll 1.942e+00
[2023-02-03 01:45:42] [Epoch   155/  200] trn/loss 1.208e+00, trn/lr 3.671e-02, val/acc 4.153e-01, val/nll 1.900e+00
[2023-02-03 01:45:48] [Epoch   156/  200] trn/loss 1.198e+00, trn/lr 3.518e-02, val/acc 3.666e-01, val/nll 2.346e+00
[2023-02-03 01:45:54] [Epoch   157/  200] trn/loss 1.187e+00, trn/lr 3.368e-02, val/acc 4.583e-01, val/nll 1.542e+00
[2023-02-03 01:46:01] [Epoch   158/  200] trn/loss 1.182e+00, trn/lr 3.221e-02, val/acc 3.059e-01, val/nll 3.062e+00
[2023-02-03 01:46:07] [Epoch   159/  200] trn/loss 1.168e+00, trn/lr 3.076e-02, val/acc 4.687e-01, val/nll 1.523e+00
[2023-02-03 01:46:13] [Epoch   160/  200] trn/loss 1.184e+00, trn/lr 2.935e-02, val/acc 3.240e-01, val/nll 2.737e+00
[2023-02-03 01:46:19] [Epoch   161/  200] trn/loss 1.176e+00, trn/lr 2.796e-02, val/acc 5.785e-01, val/nll 1.178e+00 (best_acc: 5.163e-01 -> 5.785e-01, test_acc: 5.611e-01, test_nll: 1.202e+00)
[2023-02-03 01:46:26] [Epoch   162/  200] trn/loss 1.146e+00, trn/lr 2.661e-02, val/acc 3.666e-01, val/nll 2.012e+00
[2023-02-03 01:46:32] [Epoch   163/  200] trn/loss 1.152e+00, trn/lr 2.528e-02, val/acc 5.409e-01, val/nll 1.298e+00
[2023-02-03 01:46:38] [Epoch   164/  200] trn/loss 1.144e+00, trn/lr 2.399e-02, val/acc 4.081e-01, val/nll 1.894e+00
[2023-02-03 01:46:44] [Epoch   165/  200] trn/loss 1.136e+00, trn/lr 2.273e-02, val/acc 5.399e-01, val/nll 1.312e+00
[2023-02-03 01:46:50] [Epoch   166/  200] trn/loss 1.141e+00, trn/lr 2.150e-02, val/acc 4.008e-01, val/nll 1.937e+00
[2023-02-03 01:46:56] [Epoch   167/  200] trn/loss 1.138e+00, trn/lr 2.030e-02, val/acc 2.223e-01, val/nll 3.558e+00
[2023-02-03 01:47:02] [Epoch   168/  200] trn/loss 1.120e+00, trn/lr 1.913e-02, val/acc 4.994e-01, val/nll 1.401e+00
[2023-02-03 01:47:09] [Epoch   169/  200] trn/loss 1.109e+00, trn/lr 1.800e-02, val/acc 3.955e-01, val/nll 2.216e+00
[2023-02-03 01:47:15] [Epoch   170/  200] trn/loss 1.115e+00, trn/lr 1.689e-02, val/acc 2.778e-01, val/nll 4.923e+00
[2023-02-03 01:47:21] [Epoch   171/  200] trn/loss 1.101e+00, trn/lr 1.582e-02, val/acc 5.762e-01, val/nll 1.172e+00
[2023-02-03 01:47:27] [Epoch   172/  200] trn/loss 1.090e+00, trn/lr 1.479e-02, val/acc 4.738e-01, val/nll 2.005e+00
[2023-02-03 01:47:33] [Epoch   173/  200] trn/loss 1.082e+00, trn/lr 1.378e-02, val/acc 4.993e-01, val/nll 1.649e+00
[2023-02-03 01:47:39] [Epoch   174/  200] trn/loss 1.070e+00, trn/lr 1.281e-02, val/acc 5.487e-01, val/nll 1.229e+00
[2023-02-03 01:47:45] [Epoch   175/  200] trn/loss 1.065e+00, trn/lr 1.188e-02, val/acc 3.100e-01, val/nll 2.511e+00
[2023-02-03 01:47:52] [Epoch   176/  200] trn/loss 1.068e+00, trn/lr 1.098e-02, val/acc 6.087e-01, val/nll 1.102e+00 (best_acc: 5.785e-01 -> 6.087e-01, test_acc: 5.965e-01, test_nll: 1.127e+00)
[2023-02-03 01:47:58] [Epoch   177/  200] trn/loss 1.044e+00, trn/lr 1.011e-02, val/acc 4.562e-01, val/nll 1.783e+00
[2023-02-03 01:48:04] [Epoch   178/  200] trn/loss 1.041e+00, trn/lr 9.275e-03, val/acc 4.649e-01, val/nll 1.827e+00
[2023-02-03 01:48:10] [Epoch   179/  200] trn/loss 1.021e+00, trn/lr 8.477e-03, val/acc 4.804e-01, val/nll 1.518e+00
[2023-02-03 01:48:16] [Epoch   180/  200] trn/loss 1.028e+00, trn/lr 7.714e-03, val/acc 4.229e-01, val/nll 1.800e+00
[2023-02-03 01:48:23] [Epoch   181/  200] trn/loss 1.008e+00, trn/lr 6.986e-03, val/acc 6.178e-01, val/nll 1.049e+00 (best_acc: 6.087e-01 -> 6.178e-01, test_acc: 6.223e-01, test_nll: 1.053e+00)
[2023-02-03 01:48:29] [Epoch   182/  200] trn/loss 9.908e-01, trn/lr 6.293e-03, val/acc 5.771e-01, val/nll 1.193e+00
[2023-02-03 01:48:35] [Epoch   183/  200] trn/loss 9.911e-01, trn/lr 5.635e-03, val/acc 5.866e-01, val/nll 1.230e+00
[2023-02-03 01:48:42] [Epoch   184/  200] trn/loss 9.837e-01, trn/lr 5.013e-03, val/acc 6.305e-01, val/nll 1.023e+00 (best_acc: 6.178e-01 -> 6.305e-01, test_acc: 6.291e-01, test_nll: 1.047e+00)
[2023-02-03 01:48:48] [Epoch   185/  200] trn/loss 9.666e-01, trn/lr 4.427e-03, val/acc 5.479e-01, val/nll 1.360e+00
[2023-02-03 01:48:54] [Epoch   186/  200] trn/loss 9.534e-01, trn/lr 3.877e-03, val/acc 6.212e-01, val/nll 1.049e+00
[2023-02-03 01:49:01] [Epoch   187/  200] trn/loss 9.576e-01, trn/lr 3.363e-03, val/acc 6.361e-01, val/nll 1.008e+00 (best_acc: 6.305e-01 -> 6.361e-01, test_acc: 6.386e-01, test_nll: 1.012e+00)
[2023-02-03 01:49:07] [Epoch   188/  200] trn/loss 9.459e-01, trn/lr 2.885e-03, val/acc 6.670e-01, val/nll 9.363e-01 (best_acc: 6.361e-01 -> 6.670e-01, test_acc: 6.599e-01, test_nll: 9.562e-01)
[2023-02-03 01:49:13] [Epoch   189/  200] trn/loss 9.310e-01, trn/lr 2.444e-03, val/acc 6.171e-01, val/nll 1.124e+00
[2023-02-03 01:49:20] [Epoch   190/  200] trn/loss 9.295e-01, trn/lr 2.038e-03, val/acc 6.483e-01, val/nll 9.696e-01
[2023-02-03 01:49:26] [Epoch   191/  200] trn/loss 9.165e-01, trn/lr 1.670e-03, val/acc 6.742e-01, val/nll 9.051e-01 (best_acc: 6.670e-01 -> 6.742e-01, test_acc: 6.718e-01, test_nll: 9.101e-01)
[2023-02-03 01:49:32] [Epoch   192/  200] trn/loss 9.048e-01, trn/lr 1.338e-03, val/acc 6.627e-01, val/nll 9.544e-01
[2023-02-03 01:49:38] [Epoch   193/  200] trn/loss 9.007e-01, trn/lr 1.042e-03, val/acc 6.155e-01, val/nll 1.078e+00
[2023-02-03 01:49:45] [Epoch   194/  200] trn/loss 8.915e-01, trn/lr 7.835e-04, val/acc 6.623e-01, val/nll 9.581e-01
[2023-02-03 01:49:51] [Epoch   195/  200] trn/loss 8.849e-01, trn/lr 5.616e-04, val/acc 6.794e-01, val/nll 8.961e-01 (best_acc: 6.742e-01 -> 6.794e-01, test_acc: 6.772e-01, test_nll: 9.008e-01)
[2023-02-03 01:49:58] [Epoch   196/  200] trn/loss 8.811e-01, trn/lr 3.766e-04, val/acc 6.842e-01, val/nll 8.835e-01 (best_acc: 6.794e-01 -> 6.842e-01, test_acc: 6.835e-01, test_nll: 8.863e-01)
[2023-02-03 01:50:04] [Epoch   197/  200] trn/loss 8.732e-01, trn/lr 2.286e-04, val/acc 6.858e-01, val/nll 8.757e-01 (best_acc: 6.842e-01 -> 6.858e-01, test_acc: 6.866e-01, test_nll: 8.821e-01)
[2023-02-03 01:50:11] [Epoch   198/  200] trn/loss 8.718e-01, trn/lr 1.175e-04, val/acc 6.867e-01, val/nll 8.698e-01 (best_acc: 6.858e-01 -> 6.867e-01, test_acc: 6.895e-01, test_nll: 8.746e-01)
[2023-02-03 01:50:18] [Epoch   199/  200] trn/loss 8.663e-01, trn/lr 4.335e-05, val/acc 6.890e-01, val/nll 8.653e-01 (best_acc: 6.867e-01 -> 6.890e-01, test_acc: 6.899e-01, test_nll: 8.703e-01)
[2023-02-03 01:50:24] [Epoch   200/  200] trn/loss 8.660e-01, trn/lr 6.226e-06, val/acc 6.868e-01, val/nll 8.645e-01
