[2023-02-20 17:48:39] Environments:
------------  ------------------------------------------------------------
sys.platform  linux
Python        3.8.10 (default, Nov 14 2022, 12:59:47) [GCC 9.4.0]
JAX           0.4.2 @/home/giung/.local/lib/python3.8/site-packages/jax
jaxlib        0.4.2 @/home/giung/.local/lib/python3.8/site-packages/jaxlib
Flax          0.6.4 @/home/giung/.local/lib/python3.8/site-packages/flax
Optax         0.1.4 @/home/giung/.local/lib/python3.8/site-packages/optax
------------  ------------------------------------------------------------

[2023-02-20 17:48:39] Command line arguments:
- args.data_root          : ./data/
- args.data_name          : CIFAR10_x32
- args.data_augmentation  : standard
- args.data_proportional  : 1.0
- args.model_depth        : 20
- args.model_width        : 4
- args.model_style        : BN-ReLU
- args.optim_bs           : 256
- args.optim_ne           : 200
- args.optim_lr           : 0.01
- args.optim_momentum     : 0.9
- args.optim_weight_decay : 0.0001
- args.rho                : 0.1
- args.save               : /home/giung/giung2-dev/projects/sam/save/CIFAR10_x32/R20x4-BN-ReLU/ASAM/bs-0256_ne-0200_lr-0.01_mo-0.90_wd-0.0001_rho-0.1000_fp32/42
- args.seed               : 42
- args.precision          : fp32

[2023-02-20 17:48:46] Multiple local devices are detected:
[TpuDevice(id=0, process_index=0, coords=(0,0,0), core_on_chip=0), TpuDevice(id=1, process_index=0, coords=(0,0,0), core_on_chip=1), TpuDevice(id=2, process_index=0, coords=(1,0,0), core_on_chip=0), TpuDevice(id=3, process_index=0, coords=(1,0,0), core_on_chip=1), TpuDevice(id=4, process_index=0, coords=(0,1,0), core_on_chip=0), TpuDevice(id=5, process_index=0, coords=(0,1,0), core_on_chip=1), TpuDevice(id=6, process_index=0, coords=(1,1,0), core_on_chip=0), TpuDevice(id=7, process_index=0, coords=(1,1,0), core_on_chip=1)]

[2023-02-20 17:49:47] [Epoch     1/  200] trn/loss 1.744e+00, trn/lr 1.000e-02, val/acc 4.936e-01, val/nll 1.404e+00 (best_acc: 0.000e+00 -> 4.936e-01, test_acc: 4.861e-01, test_nll: 1.401e+00)
[2023-02-20 17:49:55] [Epoch     2/  200] trn/loss 1.343e+00, trn/lr 9.999e-03, val/acc 5.591e-01, val/nll 1.255e+00 (best_acc: 4.936e-01 -> 5.591e-01, test_acc: 5.453e-01, test_nll: 1.273e+00)
[2023-02-20 17:50:04] [Epoch     3/  200] trn/loss 1.150e+00, trn/lr 9.996e-03, val/acc 6.268e-01, val/nll 1.051e+00 (best_acc: 5.591e-01 -> 6.268e-01, test_acc: 6.258e-01, test_nll: 1.075e+00)
[2023-02-20 17:50:12] [Epoch     4/  200] trn/loss 1.015e+00, trn/lr 9.992e-03, val/acc 6.459e-01, val/nll 9.963e-01 (best_acc: 6.268e-01 -> 6.459e-01, test_acc: 6.512e-01, test_nll: 9.944e-01)
[2023-02-20 17:50:20] [Epoch     5/  200] trn/loss 9.113e-01, trn/lr 9.987e-03, val/acc 7.001e-01, val/nll 8.703e-01 (best_acc: 6.459e-01 -> 7.001e-01, test_acc: 6.972e-01, test_nll: 8.945e-01)
[2023-02-20 17:50:28] [Epoch     6/  200] trn/loss 8.328e-01, trn/lr 9.981e-03, val/acc 7.163e-01, val/nll 8.192e-01 (best_acc: 7.001e-01 -> 7.163e-01, test_acc: 7.105e-01, test_nll: 8.379e-01)
[2023-02-20 17:50:35] [Epoch     7/  200] trn/loss 7.575e-01, trn/lr 9.974e-03, val/acc 7.162e-01, val/nll 8.351e-01
[2023-02-20 17:50:43] [Epoch     8/  200] trn/loss 6.962e-01, trn/lr 9.965e-03, val/acc 7.417e-01, val/nll 7.775e-01 (best_acc: 7.163e-01 -> 7.417e-01, test_acc: 7.328e-01, test_nll: 7.950e-01)
[2023-02-20 17:50:50] [Epoch     9/  200] trn/loss 6.391e-01, trn/lr 9.955e-03, val/acc 7.342e-01, val/nll 7.952e-01
[2023-02-20 17:50:58] [Epoch    10/  200] trn/loss 6.061e-01, trn/lr 9.944e-03, val/acc 7.663e-01, val/nll 7.132e-01 (best_acc: 7.417e-01 -> 7.663e-01, test_acc: 7.610e-01, test_nll: 7.459e-01)
[2023-02-20 17:51:06] [Epoch    11/  200] trn/loss 5.587e-01, trn/lr 9.932e-03, val/acc 7.752e-01, val/nll 6.778e-01 (best_acc: 7.663e-01 -> 7.752e-01, test_acc: 7.704e-01, test_nll: 6.880e-01)
[2023-02-20 17:51:14] [Epoch    12/  200] trn/loss 5.256e-01, trn/lr 9.919e-03, val/acc 7.773e-01, val/nll 6.857e-01 (best_acc: 7.752e-01 -> 7.773e-01, test_acc: 7.729e-01, test_nll: 6.997e-01)
[2023-02-20 17:51:22] [Epoch    13/  200] trn/loss 4.983e-01, trn/lr 9.904e-03, val/acc 8.103e-01, val/nll 5.659e-01 (best_acc: 7.773e-01 -> 8.103e-01, test_acc: 8.083e-01, test_nll: 5.835e-01)
[2023-02-20 17:51:29] [Epoch    14/  200] trn/loss 4.783e-01, trn/lr 9.888e-03, val/acc 8.009e-01, val/nll 6.084e-01
[2023-02-20 17:51:37] [Epoch    15/  200] trn/loss 4.451e-01, trn/lr 9.871e-03, val/acc 8.167e-01, val/nll 5.382e-01 (best_acc: 8.103e-01 -> 8.167e-01, test_acc: 8.153e-01, test_nll: 5.460e-01)
[2023-02-20 17:51:45] [Epoch    16/  200] trn/loss 4.269e-01, trn/lr 9.853e-03, val/acc 8.259e-01, val/nll 5.311e-01 (best_acc: 8.167e-01 -> 8.259e-01, test_acc: 8.218e-01, test_nll: 5.548e-01)
[2023-02-20 17:51:52] [Epoch    17/  200] trn/loss 4.060e-01, trn/lr 9.833e-03, val/acc 8.183e-01, val/nll 5.837e-01
[2023-02-20 17:52:00] [Epoch    18/  200] trn/loss 3.860e-01, trn/lr 9.812e-03, val/acc 8.352e-01, val/nll 4.843e-01 (best_acc: 8.259e-01 -> 8.352e-01, test_acc: 8.377e-01, test_nll: 4.907e-01)
[2023-02-20 17:52:07] [Epoch    19/  200] trn/loss 3.663e-01, trn/lr 9.790e-03, val/acc 8.330e-01, val/nll 5.419e-01
[2023-02-20 17:52:15] [Epoch    20/  200] trn/loss 3.537e-01, trn/lr 9.767e-03, val/acc 8.353e-01, val/nll 5.283e-01 (best_acc: 8.352e-01 -> 8.353e-01, test_acc: 8.330e-01, test_nll: 5.493e-01)
[2023-02-20 17:52:22] [Epoch    21/  200] trn/loss 3.356e-01, trn/lr 9.743e-03, val/acc 8.290e-01, val/nll 5.301e-01
[2023-02-20 17:52:30] [Epoch    22/  200] trn/loss 3.224e-01, trn/lr 9.718e-03, val/acc 8.416e-01, val/nll 4.952e-01 (best_acc: 8.353e-01 -> 8.416e-01, test_acc: 8.414e-01, test_nll: 5.015e-01)
[2023-02-20 17:52:37] [Epoch    23/  200] trn/loss 3.049e-01, trn/lr 9.691e-03, val/acc 8.262e-01, val/nll 5.525e-01
[2023-02-20 17:52:45] [Epoch    24/  200] trn/loss 2.947e-01, trn/lr 9.663e-03, val/acc 8.503e-01, val/nll 4.813e-01 (best_acc: 8.416e-01 -> 8.503e-01, test_acc: 8.476e-01, test_nll: 4.843e-01)
[2023-02-20 17:52:52] [Epoch    25/  200] trn/loss 2.792e-01, trn/lr 9.634e-03, val/acc 8.409e-01, val/nll 5.253e-01
[2023-02-20 17:53:00] [Epoch    26/  200] trn/loss 2.690e-01, trn/lr 9.604e-03, val/acc 8.638e-01, val/nll 4.216e-01 (best_acc: 8.503e-01 -> 8.638e-01, test_acc: 8.656e-01, test_nll: 4.302e-01)
[2023-02-20 17:53:08] [Epoch    27/  200] trn/loss 2.574e-01, trn/lr 9.573e-03, val/acc 8.593e-01, val/nll 4.519e-01
[2023-02-20 17:53:15] [Epoch    28/  200] trn/loss 2.485e-01, trn/lr 9.541e-03, val/acc 8.479e-01, val/nll 5.020e-01
[2023-02-20 17:53:22] [Epoch    29/  200] trn/loss 2.369e-01, trn/lr 9.507e-03, val/acc 8.623e-01, val/nll 4.378e-01
[2023-02-20 17:53:30] [Epoch    30/  200] trn/loss 2.219e-01, trn/lr 9.473e-03, val/acc 8.688e-01, val/nll 4.164e-01 (best_acc: 8.638e-01 -> 8.688e-01, test_acc: 8.647e-01, test_nll: 4.339e-01)
[2023-02-20 17:53:38] [Epoch    31/  200] trn/loss 2.146e-01, trn/lr 9.437e-03, val/acc 8.717e-01, val/nll 4.116e-01 (best_acc: 8.688e-01 -> 8.717e-01, test_acc: 8.695e-01, test_nll: 4.220e-01)
[2023-02-20 17:53:45] [Epoch    32/  200] trn/loss 2.047e-01, trn/lr 9.400e-03, val/acc 8.617e-01, val/nll 4.687e-01
[2023-02-20 17:53:52] [Epoch    33/  200] trn/loss 2.001e-01, trn/lr 9.363e-03, val/acc 8.499e-01, val/nll 5.099e-01
[2023-02-20 17:53:59] [Epoch    34/  200] trn/loss 1.866e-01, trn/lr 9.324e-03, val/acc 8.618e-01, val/nll 4.663e-01
[2023-02-20 17:54:07] [Epoch    35/  200] trn/loss 1.816e-01, trn/lr 9.284e-03, val/acc 8.760e-01, val/nll 4.167e-01 (best_acc: 8.717e-01 -> 8.760e-01, test_acc: 8.721e-01, test_nll: 4.291e-01)
[2023-02-20 17:54:14] [Epoch    36/  200] trn/loss 1.713e-01, trn/lr 9.243e-03, val/acc 8.730e-01, val/nll 4.513e-01
[2023-02-20 17:54:22] [Epoch    37/  200] trn/loss 1.651e-01, trn/lr 9.201e-03, val/acc 8.525e-01, val/nll 5.372e-01
[2023-02-20 17:54:30] [Epoch    38/  200] trn/loss 1.586e-01, trn/lr 9.157e-03, val/acc 8.773e-01, val/nll 4.145e-01 (best_acc: 8.760e-01 -> 8.773e-01, test_acc: 8.677e-01, test_nll: 4.296e-01)
[2023-02-20 17:54:37] [Epoch    39/  200] trn/loss 1.514e-01, trn/lr 9.113e-03, val/acc 8.603e-01, val/nll 5.068e-01
[2023-02-20 17:54:44] [Epoch    40/  200] trn/loss 1.466e-01, trn/lr 9.068e-03, val/acc 8.715e-01, val/nll 4.396e-01
[2023-02-20 17:54:52] [Epoch    41/  200] trn/loss 1.359e-01, trn/lr 9.022e-03, val/acc 8.838e-01, val/nll 4.161e-01 (best_acc: 8.773e-01 -> 8.838e-01, test_acc: 8.760e-01, test_nll: 4.475e-01)
[2023-02-20 17:54:59] [Epoch    42/  200] trn/loss 1.321e-01, trn/lr 8.975e-03, val/acc 8.705e-01, val/nll 4.530e-01
[2023-02-20 17:55:07] [Epoch    43/  200] trn/loss 1.246e-01, trn/lr 8.927e-03, val/acc 8.847e-01, val/nll 4.066e-01 (best_acc: 8.838e-01 -> 8.847e-01, test_acc: 8.807e-01, test_nll: 4.072e-01)
[2023-02-20 17:55:14] [Epoch    44/  200] trn/loss 1.176e-01, trn/lr 8.878e-03, val/acc 8.781e-01, val/nll 4.426e-01
[2023-02-20 17:55:21] [Epoch    45/  200] trn/loss 1.167e-01, trn/lr 8.828e-03, val/acc 8.836e-01, val/nll 4.459e-01
[2023-02-20 17:55:29] [Epoch    46/  200] trn/loss 1.077e-01, trn/lr 8.777e-03, val/acc 8.802e-01, val/nll 4.613e-01
[2023-02-20 17:55:36] [Epoch    47/  200] trn/loss 1.034e-01, trn/lr 8.725e-03, val/acc 8.847e-01, val/nll 4.308e-01
[2023-02-20 17:55:43] [Epoch    48/  200] trn/loss 1.041e-01, trn/lr 8.672e-03, val/acc 8.744e-01, val/nll 4.741e-01
[2023-02-20 17:55:50] [Epoch    49/  200] trn/loss 1.003e-01, trn/lr 8.618e-03, val/acc 8.769e-01, val/nll 4.585e-01
[2023-02-20 17:55:58] [Epoch    50/  200] trn/loss 9.058e-02, trn/lr 8.563e-03, val/acc 8.914e-01, val/nll 4.190e-01 (best_acc: 8.847e-01 -> 8.914e-01, test_acc: 8.863e-01, test_nll: 4.175e-01)
[2023-02-20 17:56:05] [Epoch    51/  200] trn/loss 8.849e-02, trn/lr 8.508e-03, val/acc 8.908e-01, val/nll 3.946e-01
[2023-02-20 17:56:12] [Epoch    52/  200] trn/loss 8.418e-02, trn/lr 8.451e-03, val/acc 8.778e-01, val/nll 4.482e-01
[2023-02-20 17:56:20] [Epoch    53/  200] trn/loss 7.739e-02, trn/lr 8.394e-03, val/acc 8.887e-01, val/nll 4.272e-01
[2023-02-20 17:56:27] [Epoch    54/  200] trn/loss 7.817e-02, trn/lr 8.336e-03, val/acc 8.753e-01, val/nll 5.000e-01
[2023-02-20 17:56:34] [Epoch    55/  200] trn/loss 7.148e-02, trn/lr 8.277e-03, val/acc 8.904e-01, val/nll 4.223e-01
[2023-02-20 17:56:41] [Epoch    56/  200] trn/loss 6.959e-02, trn/lr 8.217e-03, val/acc 8.899e-01, val/nll 4.313e-01
[2023-02-20 17:56:49] [Epoch    57/  200] trn/loss 6.642e-02, trn/lr 8.157e-03, val/acc 8.970e-01, val/nll 4.134e-01 (best_acc: 8.914e-01 -> 8.970e-01, test_acc: 8.858e-01, test_nll: 4.367e-01)
[2023-02-20 17:56:56] [Epoch    58/  200] trn/loss 6.403e-02, trn/lr 8.096e-03, val/acc 8.914e-01, val/nll 4.242e-01
[2023-02-20 17:57:03] [Epoch    59/  200] trn/loss 6.095e-02, trn/lr 8.034e-03, val/acc 8.846e-01, val/nll 4.568e-01
[2023-02-20 17:57:11] [Epoch    60/  200] trn/loss 5.876e-02, trn/lr 7.971e-03, val/acc 8.873e-01, val/nll 4.465e-01
[2023-02-20 17:57:18] [Epoch    61/  200] trn/loss 5.660e-02, trn/lr 7.907e-03, val/acc 8.908e-01, val/nll 4.333e-01
[2023-02-20 17:57:25] [Epoch    62/  200] trn/loss 5.494e-02, trn/lr 7.843e-03, val/acc 8.923e-01, val/nll 4.292e-01
[2023-02-20 17:57:32] [Epoch    63/  200] trn/loss 5.235e-02, trn/lr 7.778e-03, val/acc 8.939e-01, val/nll 4.331e-01
[2023-02-20 17:57:39] [Epoch    64/  200] trn/loss 4.760e-02, trn/lr 7.712e-03, val/acc 8.920e-01, val/nll 4.340e-01
[2023-02-20 17:57:47] [Epoch    65/  200] trn/loss 4.698e-02, trn/lr 7.646e-03, val/acc 8.917e-01, val/nll 4.589e-01
[2023-02-20 17:57:55] [Epoch    66/  200] trn/loss 4.584e-02, trn/lr 7.579e-03, val/acc 8.979e-01, val/nll 4.257e-01 (best_acc: 8.970e-01 -> 8.979e-01, test_acc: 8.935e-01, test_nll: 4.360e-01)
[2023-02-20 17:58:02] [Epoch    67/  200] trn/loss 4.340e-02, trn/lr 7.512e-03, val/acc 8.930e-01, val/nll 4.392e-01
[2023-02-20 17:58:09] [Epoch    68/  200] trn/loss 4.343e-02, trn/lr 7.443e-03, val/acc 8.975e-01, val/nll 4.126e-01
[2023-02-20 17:58:16] [Epoch    69/  200] trn/loss 4.214e-02, trn/lr 7.374e-03, val/acc 8.921e-01, val/nll 4.278e-01
[2023-02-20 17:58:23] [Epoch    70/  200] trn/loss 3.906e-02, trn/lr 7.305e-03, val/acc 8.947e-01, val/nll 4.162e-01
[2023-02-20 17:58:31] [Epoch    71/  200] trn/loss 3.854e-02, trn/lr 7.235e-03, val/acc 8.893e-01, val/nll 4.721e-01
[2023-02-20 17:58:38] [Epoch    72/  200] trn/loss 3.680e-02, trn/lr 7.165e-03, val/acc 8.890e-01, val/nll 4.542e-01
[2023-02-20 17:58:45] [Epoch    73/  200] trn/loss 3.597e-02, trn/lr 7.093e-03, val/acc 8.886e-01, val/nll 4.535e-01
[2023-02-20 17:58:53] [Epoch    74/  200] trn/loss 3.238e-02, trn/lr 7.022e-03, val/acc 8.980e-01, val/nll 4.355e-01 (best_acc: 8.979e-01 -> 8.980e-01, test_acc: 8.910e-01, test_nll: 4.556e-01)
[2023-02-20 17:59:00] [Epoch    75/  200] trn/loss 3.129e-02, trn/lr 6.950e-03, val/acc 8.972e-01, val/nll 4.318e-01
[2023-02-20 17:59:07] [Epoch    76/  200] trn/loss 2.863e-02, trn/lr 6.877e-03, val/acc 8.978e-01, val/nll 4.148e-01
[2023-02-20 17:59:15] [Epoch    77/  200] trn/loss 2.909e-02, trn/lr 6.804e-03, val/acc 9.009e-01, val/nll 4.241e-01 (best_acc: 8.980e-01 -> 9.009e-01, test_acc: 8.959e-01, test_nll: 4.309e-01)
[2023-02-20 17:59:22] [Epoch    78/  200] trn/loss 2.879e-02, trn/lr 6.731e-03, val/acc 8.949e-01, val/nll 4.379e-01
[2023-02-20 17:59:30] [Epoch    79/  200] trn/loss 2.767e-02, trn/lr 6.657e-03, val/acc 8.923e-01, val/nll 4.617e-01
[2023-02-20 17:59:37] [Epoch    80/  200] trn/loss 2.478e-02, trn/lr 6.583e-03, val/acc 8.956e-01, val/nll 4.658e-01
[2023-02-20 17:59:45] [Epoch    81/  200] trn/loss 2.529e-02, trn/lr 6.508e-03, val/acc 9.046e-01, val/nll 4.068e-01 (best_acc: 9.009e-01 -> 9.046e-01, test_acc: 8.980e-01, test_nll: 4.204e-01)
[2023-02-20 17:59:52] [Epoch    82/  200] trn/loss 2.394e-02, trn/lr 6.433e-03, val/acc 8.959e-01, val/nll 4.462e-01
[2023-02-20 17:59:59] [Epoch    83/  200] trn/loss 2.353e-02, trn/lr 6.357e-03, val/acc 8.989e-01, val/nll 4.299e-01
[2023-02-20 18:00:06] [Epoch    84/  200] trn/loss 2.235e-02, trn/lr 6.282e-03, val/acc 9.006e-01, val/nll 4.202e-01
[2023-02-20 18:00:14] [Epoch    85/  200] trn/loss 2.038e-02, trn/lr 6.206e-03, val/acc 9.017e-01, val/nll 4.309e-01
[2023-02-20 18:00:21] [Epoch    86/  200] trn/loss 2.126e-02, trn/lr 6.129e-03, val/acc 9.031e-01, val/nll 4.294e-01
[2023-02-20 18:00:28] [Epoch    87/  200] trn/loss 1.976e-02, trn/lr 6.053e-03, val/acc 9.039e-01, val/nll 4.218e-01
[2023-02-20 18:00:35] [Epoch    88/  200] trn/loss 1.922e-02, trn/lr 5.976e-03, val/acc 9.023e-01, val/nll 4.146e-01
[2023-02-20 18:00:42] [Epoch    89/  200] trn/loss 1.862e-02, trn/lr 5.899e-03, val/acc 8.952e-01, val/nll 4.557e-01
[2023-02-20 18:00:49] [Epoch    90/  200] trn/loss 1.789e-02, trn/lr 5.821e-03, val/acc 8.979e-01, val/nll 4.375e-01
[2023-02-20 18:00:57] [Epoch    91/  200] trn/loss 1.833e-02, trn/lr 5.744e-03, val/acc 9.023e-01, val/nll 4.274e-01
[2023-02-20 18:01:04] [Epoch    92/  200] trn/loss 1.600e-02, trn/lr 5.666e-03, val/acc 9.000e-01, val/nll 4.385e-01
[2023-02-20 18:01:11] [Epoch    93/  200] trn/loss 1.623e-02, trn/lr 5.588e-03, val/acc 9.010e-01, val/nll 4.324e-01
[2023-02-20 18:01:19] [Epoch    94/  200] trn/loss 1.575e-02, trn/lr 5.510e-03, val/acc 9.077e-01, val/nll 4.129e-01 (best_acc: 9.046e-01 -> 9.077e-01, test_acc: 9.011e-01, test_nll: 4.166e-01)
[2023-02-20 18:01:26] [Epoch    95/  200] trn/loss 1.503e-02, trn/lr 5.432e-03, val/acc 9.046e-01, val/nll 4.237e-01
[2023-02-20 18:01:33] [Epoch    96/  200] trn/loss 1.620e-02, trn/lr 5.353e-03, val/acc 9.011e-01, val/nll 4.384e-01
[2023-02-20 18:01:41] [Epoch    97/  200] trn/loss 1.434e-02, trn/lr 5.275e-03, val/acc 9.044e-01, val/nll 4.160e-01
[2023-02-20 18:01:48] [Epoch    98/  200] trn/loss 1.375e-02, trn/lr 5.197e-03, val/acc 9.051e-01, val/nll 4.232e-01
[2023-02-20 18:01:55] [Epoch    99/  200] trn/loss 1.363e-02, trn/lr 5.118e-03, val/acc 9.051e-01, val/nll 4.392e-01
[2023-02-20 18:02:02] [Epoch   100/  200] trn/loss 1.364e-02, trn/lr 5.040e-03, val/acc 9.029e-01, val/nll 4.332e-01
[2023-02-20 18:02:09] [Epoch   101/  200] trn/loss 1.270e-02, trn/lr 4.961e-03, val/acc 9.058e-01, val/nll 4.146e-01
[2023-02-20 18:02:17] [Epoch   102/  200] trn/loss 1.204e-02, trn/lr 4.882e-03, val/acc 9.046e-01, val/nll 4.213e-01
[2023-02-20 18:02:24] [Epoch   103/  200] trn/loss 1.231e-02, trn/lr 4.804e-03, val/acc 9.040e-01, val/nll 4.276e-01
[2023-02-20 18:02:32] [Epoch   104/  200] trn/loss 1.210e-02, trn/lr 4.725e-03, val/acc 9.079e-01, val/nll 4.191e-01 (best_acc: 9.077e-01 -> 9.079e-01, test_acc: 9.027e-01, test_nll: 4.246e-01)
[2023-02-20 18:02:40] [Epoch   105/  200] trn/loss 1.122e-02, trn/lr 4.647e-03, val/acc 9.082e-01, val/nll 4.131e-01 (best_acc: 9.079e-01 -> 9.082e-01, test_acc: 9.047e-01, test_nll: 4.158e-01)
[2023-02-20 18:02:47] [Epoch   106/  200] trn/loss 1.126e-02, trn/lr 4.569e-03, val/acc 9.083e-01, val/nll 4.225e-01 (best_acc: 9.082e-01 -> 9.083e-01, test_acc: 9.024e-01, test_nll: 4.186e-01)
[2023-02-20 18:02:55] [Epoch   107/  200] trn/loss 1.073e-02, trn/lr 4.491e-03, val/acc 9.126e-01, val/nll 4.107e-01 (best_acc: 9.083e-01 -> 9.126e-01, test_acc: 9.059e-01, test_nll: 4.154e-01)
[2023-02-20 18:03:03] [Epoch   108/  200] trn/loss 1.067e-02, trn/lr 4.413e-03, val/acc 9.083e-01, val/nll 4.154e-01
[2023-02-20 18:03:10] [Epoch   109/  200] trn/loss 1.008e-02, trn/lr 4.335e-03, val/acc 9.113e-01, val/nll 4.181e-01
[2023-02-20 18:03:17] [Epoch   110/  200] trn/loss 9.946e-03, trn/lr 4.257e-03, val/acc 9.066e-01, val/nll 4.230e-01
[2023-02-20 18:03:24] [Epoch   111/  200] trn/loss 1.016e-02, trn/lr 4.179e-03, val/acc 9.098e-01, val/nll 4.148e-01
[2023-02-20 18:03:31] [Epoch   112/  200] trn/loss 8.830e-03, trn/lr 4.102e-03, val/acc 9.094e-01, val/nll 4.256e-01
[2023-02-20 18:03:39] [Epoch   113/  200] trn/loss 9.549e-03, trn/lr 4.025e-03, val/acc 9.072e-01, val/nll 4.169e-01
[2023-02-20 18:03:46] [Epoch   114/  200] trn/loss 8.334e-03, trn/lr 3.948e-03, val/acc 9.093e-01, val/nll 4.208e-01
[2023-02-20 18:03:53] [Epoch   115/  200] trn/loss 8.009e-03, trn/lr 3.871e-03, val/acc 9.094e-01, val/nll 4.188e-01
[2023-02-20 18:04:00] [Epoch   116/  200] trn/loss 8.723e-03, trn/lr 3.795e-03, val/acc 9.071e-01, val/nll 4.279e-01
[2023-02-20 18:04:07] [Epoch   117/  200] trn/loss 8.129e-03, trn/lr 3.719e-03, val/acc 9.050e-01, val/nll 4.179e-01
[2023-02-20 18:04:14] [Epoch   118/  200] trn/loss 7.755e-03, trn/lr 3.643e-03, val/acc 9.113e-01, val/nll 4.134e-01
[2023-02-20 18:04:22] [Epoch   119/  200] trn/loss 7.832e-03, trn/lr 3.568e-03, val/acc 9.104e-01, val/nll 4.065e-01
[2023-02-20 18:04:29] [Epoch   120/  200] trn/loss 7.574e-03, trn/lr 3.493e-03, val/acc 9.105e-01, val/nll 4.125e-01
[2023-02-20 18:04:36] [Epoch   121/  200] trn/loss 7.962e-03, trn/lr 3.418e-03, val/acc 9.105e-01, val/nll 4.163e-01
[2023-02-20 18:04:43] [Epoch   122/  200] trn/loss 7.250e-03, trn/lr 3.344e-03, val/acc 9.108e-01, val/nll 4.149e-01
[2023-02-20 18:04:50] [Epoch   123/  200] trn/loss 6.861e-03, trn/lr 3.270e-03, val/acc 9.106e-01, val/nll 4.035e-01
[2023-02-20 18:04:57] [Epoch   124/  200] trn/loss 6.156e-03, trn/lr 3.196e-03, val/acc 9.123e-01, val/nll 4.030e-01
[2023-02-20 18:05:05] [Epoch   125/  200] trn/loss 6.448e-03, trn/lr 3.123e-03, val/acc 9.105e-01, val/nll 4.073e-01
[2023-02-20 18:05:12] [Epoch   126/  200] trn/loss 6.234e-03, trn/lr 3.051e-03, val/acc 9.108e-01, val/nll 4.062e-01
[2023-02-20 18:05:19] [Epoch   127/  200] trn/loss 6.063e-03, trn/lr 2.979e-03, val/acc 9.124e-01, val/nll 4.102e-01
[2023-02-20 18:05:26] [Epoch   128/  200] trn/loss 5.788e-03, trn/lr 2.907e-03, val/acc 9.123e-01, val/nll 4.112e-01
[2023-02-20 18:05:33] [Epoch   129/  200] trn/loss 6.259e-03, trn/lr 2.836e-03, val/acc 9.102e-01, val/nll 4.118e-01
[2023-02-20 18:05:41] [Epoch   130/  200] trn/loss 5.842e-03, trn/lr 2.765e-03, val/acc 9.116e-01, val/nll 4.134e-01
[2023-02-20 18:05:48] [Epoch   131/  200] trn/loss 5.906e-03, trn/lr 2.695e-03, val/acc 9.102e-01, val/nll 4.038e-01
[2023-02-20 18:05:55] [Epoch   132/  200] trn/loss 5.366e-03, trn/lr 2.626e-03, val/acc 9.087e-01, val/nll 4.081e-01
[2023-02-20 18:06:02] [Epoch   133/  200] trn/loss 5.435e-03, trn/lr 2.557e-03, val/acc 9.107e-01, val/nll 4.096e-01
[2023-02-20 18:06:09] [Epoch   134/  200] trn/loss 5.295e-03, trn/lr 2.489e-03, val/acc 9.102e-01, val/nll 4.049e-01
[2023-02-20 18:06:16] [Epoch   135/  200] trn/loss 4.996e-03, trn/lr 2.421e-03, val/acc 9.108e-01, val/nll 4.025e-01
[2023-02-20 18:06:24] [Epoch   136/  200] trn/loss 4.943e-03, trn/lr 2.354e-03, val/acc 9.127e-01, val/nll 4.148e-01 (best_acc: 9.126e-01 -> 9.127e-01, test_acc: 9.072e-01, test_nll: 4.206e-01)
[2023-02-20 18:06:32] [Epoch   137/  200] trn/loss 4.782e-03, trn/lr 2.288e-03, val/acc 9.116e-01, val/nll 4.110e-01
[2023-02-20 18:06:39] [Epoch   138/  200] trn/loss 5.212e-03, trn/lr 2.222e-03, val/acc 9.098e-01, val/nll 4.078e-01
[2023-02-20 18:06:46] [Epoch   139/  200] trn/loss 4.575e-03, trn/lr 2.157e-03, val/acc 9.121e-01, val/nll 4.021e-01
[2023-02-20 18:06:54] [Epoch   140/  200] trn/loss 4.639e-03, trn/lr 2.093e-03, val/acc 9.128e-01, val/nll 3.999e-01 (best_acc: 9.127e-01 -> 9.128e-01, test_acc: 9.076e-01, test_nll: 4.041e-01)
[2023-02-20 18:07:02] [Epoch   141/  200] trn/loss 4.442e-03, trn/lr 2.030e-03, val/acc 9.131e-01, val/nll 4.044e-01 (best_acc: 9.128e-01 -> 9.131e-01, test_acc: 9.086e-01, test_nll: 4.061e-01)
[2023-02-20 18:07:09] [Epoch   142/  200] trn/loss 4.277e-03, trn/lr 1.967e-03, val/acc 9.131e-01, val/nll 4.038e-01
[2023-02-20 18:07:17] [Epoch   143/  200] trn/loss 4.797e-03, trn/lr 1.905e-03, val/acc 9.132e-01, val/nll 4.014e-01 (best_acc: 9.131e-01 -> 9.132e-01, test_acc: 9.102e-01, test_nll: 4.037e-01)
[2023-02-20 18:07:25] [Epoch   144/  200] trn/loss 4.143e-03, trn/lr 1.843e-03, val/acc 9.147e-01, val/nll 4.008e-01 (best_acc: 9.132e-01 -> 9.147e-01, test_acc: 9.095e-01, test_nll: 4.013e-01)
[2023-02-20 18:07:32] [Epoch   145/  200] trn/loss 4.343e-03, trn/lr 1.783e-03, val/acc 9.132e-01, val/nll 3.978e-01
[2023-02-20 18:07:39] [Epoch   146/  200] trn/loss 4.222e-03, trn/lr 1.723e-03, val/acc 9.131e-01, val/nll 3.964e-01
[2023-02-20 18:07:47] [Epoch   147/  200] trn/loss 3.768e-03, trn/lr 1.664e-03, val/acc 9.106e-01, val/nll 3.988e-01
[2023-02-20 18:07:54] [Epoch   148/  200] trn/loss 4.211e-03, trn/lr 1.606e-03, val/acc 9.132e-01, val/nll 3.977e-01
[2023-02-20 18:08:02] [Epoch   149/  200] trn/loss 3.939e-03, trn/lr 1.549e-03, val/acc 9.149e-01, val/nll 3.995e-01 (best_acc: 9.147e-01 -> 9.149e-01, test_acc: 9.119e-01, test_nll: 3.969e-01)
[2023-02-20 18:08:10] [Epoch   150/  200] trn/loss 3.961e-03, trn/lr 1.493e-03, val/acc 9.150e-01, val/nll 4.001e-01 (best_acc: 9.149e-01 -> 9.150e-01, test_acc: 9.099e-01, test_nll: 3.975e-01)
[2023-02-20 18:08:17] [Epoch   151/  200] trn/loss 4.095e-03, trn/lr 1.437e-03, val/acc 9.125e-01, val/nll 4.026e-01
[2023-02-20 18:08:24] [Epoch   152/  200] trn/loss 3.492e-03, trn/lr 1.382e-03, val/acc 9.133e-01, val/nll 3.990e-01
[2023-02-20 18:08:32] [Epoch   153/  200] trn/loss 3.688e-03, trn/lr 1.329e-03, val/acc 9.162e-01, val/nll 3.981e-01 (best_acc: 9.150e-01 -> 9.162e-01, test_acc: 9.107e-01, test_nll: 3.976e-01)
[2023-02-20 18:08:39] [Epoch   154/  200] trn/loss 3.686e-03, trn/lr 1.276e-03, val/acc 9.152e-01, val/nll 3.981e-01
[2023-02-20 18:08:47] [Epoch   155/  200] trn/loss 3.751e-03, trn/lr 1.224e-03, val/acc 9.150e-01, val/nll 3.982e-01
[2023-02-20 18:08:54] [Epoch   156/  200] trn/loss 3.260e-03, trn/lr 1.173e-03, val/acc 9.160e-01, val/nll 3.980e-01
[2023-02-20 18:09:01] [Epoch   157/  200] trn/loss 3.476e-03, trn/lr 1.123e-03, val/acc 9.143e-01, val/nll 3.947e-01
[2023-02-20 18:09:08] [Epoch   158/  200] trn/loss 3.559e-03, trn/lr 1.074e-03, val/acc 9.156e-01, val/nll 3.977e-01
[2023-02-20 18:09:15] [Epoch   159/  200] trn/loss 3.318e-03, trn/lr 1.025e-03, val/acc 9.137e-01, val/nll 3.961e-01
[2023-02-20 18:09:23] [Epoch   160/  200] trn/loss 3.452e-03, trn/lr 9.783e-04, val/acc 9.145e-01, val/nll 3.939e-01
[2023-02-20 18:09:30] [Epoch   161/  200] trn/loss 3.513e-03, trn/lr 9.321e-04, val/acc 9.156e-01, val/nll 3.922e-01
[2023-02-20 18:09:37] [Epoch   162/  200] trn/loss 3.127e-03, trn/lr 8.870e-04, val/acc 9.136e-01, val/nll 3.944e-01
[2023-02-20 18:09:44] [Epoch   163/  200] trn/loss 3.068e-03, trn/lr 8.428e-04, val/acc 9.140e-01, val/nll 3.982e-01
[2023-02-20 18:09:51] [Epoch   164/  200] trn/loss 3.392e-03, trn/lr 7.997e-04, val/acc 9.150e-01, val/nll 3.952e-01
[2023-02-20 18:09:59] [Epoch   165/  200] trn/loss 3.202e-03, trn/lr 7.576e-04, val/acc 9.135e-01, val/nll 3.961e-01
[2023-02-20 18:10:06] [Epoch   166/  200] trn/loss 3.067e-03, trn/lr 7.166e-04, val/acc 9.138e-01, val/nll 3.953e-01
[2023-02-20 18:10:13] [Epoch   167/  200] trn/loss 3.093e-03, trn/lr 6.766e-04, val/acc 9.137e-01, val/nll 3.951e-01
[2023-02-20 18:10:20] [Epoch   168/  200] trn/loss 3.278e-03, trn/lr 6.377e-04, val/acc 9.146e-01, val/nll 3.939e-01
[2023-02-20 18:10:27] [Epoch   169/  200] trn/loss 3.178e-03, trn/lr 5.998e-04, val/acc 9.140e-01, val/nll 3.928e-01
[2023-02-20 18:10:35] [Epoch   170/  200] trn/loss 2.890e-03, trn/lr 5.631e-04, val/acc 9.154e-01, val/nll 3.924e-01
[2023-02-20 18:10:42] [Epoch   171/  200] trn/loss 2.899e-03, trn/lr 5.274e-04, val/acc 9.148e-01, val/nll 3.943e-01
[2023-02-20 18:10:49] [Epoch   172/  200] trn/loss 3.088e-03, trn/lr 4.929e-04, val/acc 9.146e-01, val/nll 3.944e-01
[2023-02-20 18:10:56] [Epoch   173/  200] trn/loss 3.068e-03, trn/lr 4.594e-04, val/acc 9.140e-01, val/nll 3.942e-01
[2023-02-20 18:11:03] [Epoch   174/  200] trn/loss 3.038e-03, trn/lr 4.271e-04, val/acc 9.146e-01, val/nll 3.928e-01
[2023-02-20 18:11:10] [Epoch   175/  200] trn/loss 2.937e-03, trn/lr 3.959e-04, val/acc 9.137e-01, val/nll 3.921e-01
[2023-02-20 18:11:18] [Epoch   176/  200] trn/loss 3.146e-03, trn/lr 3.659e-04, val/acc 9.149e-01, val/nll 3.942e-01
[2023-02-20 18:11:25] [Epoch   177/  200] trn/loss 2.751e-03, trn/lr 3.369e-04, val/acc 9.140e-01, val/nll 3.943e-01
[2023-02-20 18:11:32] [Epoch   178/  200] trn/loss 2.756e-03, trn/lr 3.092e-04, val/acc 9.145e-01, val/nll 3.940e-01
[2023-02-20 18:11:39] [Epoch   179/  200] trn/loss 2.931e-03, trn/lr 2.826e-04, val/acc 9.150e-01, val/nll 3.933e-01
[2023-02-20 18:11:46] [Epoch   180/  200] trn/loss 3.040e-03, trn/lr 2.571e-04, val/acc 9.147e-01, val/nll 3.939e-01
[2023-02-20 18:11:54] [Epoch   181/  200] trn/loss 2.818e-03, trn/lr 2.329e-04, val/acc 9.133e-01, val/nll 3.946e-01
[2023-02-20 18:12:01] [Epoch   182/  200] trn/loss 2.792e-03, trn/lr 2.098e-04, val/acc 9.147e-01, val/nll 3.940e-01
[2023-02-20 18:12:08] [Epoch   183/  200] trn/loss 2.536e-03, trn/lr 1.878e-04, val/acc 9.145e-01, val/nll 3.924e-01
[2023-02-20 18:12:15] [Epoch   184/  200] trn/loss 2.926e-03, trn/lr 1.671e-04, val/acc 9.154e-01, val/nll 3.936e-01
[2023-02-20 18:12:23] [Epoch   185/  200] trn/loss 2.688e-03, trn/lr 1.476e-04, val/acc 9.149e-01, val/nll 3.927e-01
[2023-02-20 18:12:30] [Epoch   186/  200] trn/loss 2.558e-03, trn/lr 1.292e-04, val/acc 9.144e-01, val/nll 3.931e-01
[2023-02-20 18:12:37] [Epoch   187/  200] trn/loss 2.833e-03, trn/lr 1.121e-04, val/acc 9.139e-01, val/nll 3.927e-01
[2023-02-20 18:12:44] [Epoch   188/  200] trn/loss 2.752e-03, trn/lr 9.617e-05, val/acc 9.138e-01, val/nll 3.928e-01
[2023-02-20 18:12:51] [Epoch   189/  200] trn/loss 2.697e-03, trn/lr 8.145e-05, val/acc 9.146e-01, val/nll 3.932e-01
[2023-02-20 18:12:58] [Epoch   190/  200] trn/loss 2.806e-03, trn/lr 6.794e-05, val/acc 9.144e-01, val/nll 3.930e-01
[2023-02-20 18:13:06] [Epoch   191/  200] trn/loss 2.818e-03, trn/lr 5.565e-05, val/acc 9.138e-01, val/nll 3.913e-01
[2023-02-20 18:13:13] [Epoch   192/  200] trn/loss 2.804e-03, trn/lr 4.458e-05, val/acc 9.144e-01, val/nll 3.920e-01
[2023-02-20 18:13:20] [Epoch   193/  200] trn/loss 2.691e-03, trn/lr 3.474e-05, val/acc 9.149e-01, val/nll 3.929e-01
[2023-02-20 18:13:27] [Epoch   194/  200] trn/loss 2.775e-03, trn/lr 2.612e-05, val/acc 9.144e-01, val/nll 3.927e-01
[2023-02-20 18:13:34] [Epoch   195/  200] trn/loss 2.621e-03, trn/lr 1.872e-05, val/acc 9.144e-01, val/nll 3.928e-01
[2023-02-20 18:13:42] [Epoch   196/  200] trn/loss 2.629e-03, trn/lr 1.255e-05, val/acc 9.153e-01, val/nll 3.941e-01
[2023-02-20 18:13:49] [Epoch   197/  200] trn/loss 2.650e-03, trn/lr 7.619e-06, val/acc 9.152e-01, val/nll 3.923e-01
[2023-02-20 18:13:56] [Epoch   198/  200] trn/loss 2.981e-03, trn/lr 3.916e-06, val/acc 9.148e-01, val/nll 3.923e-01
[2023-02-20 18:14:03] [Epoch   199/  200] trn/loss 2.893e-03, trn/lr 1.445e-06, val/acc 9.136e-01, val/nll 3.934e-01
[2023-02-20 18:14:10] [Epoch   200/  200] trn/loss 2.842e-03, trn/lr 2.075e-07, val/acc 9.140e-01, val/nll 3.935e-01
