[2023-02-03 01:58:10] Environments:
------------  --------------------------------------------------------------------------------
sys.platform  linux
Python        3.10.8 (main, Nov 24 2022, 14:13:03) [GCC 11.2.0]
JAX           0.4.1 @/mnt/home/giung/.conda/envs/jax-vessl/lib/python3.10/site-packages/jax
jaxlib        0.4.1 @/mnt/home/giung/.conda/envs/jax-vessl/lib/python3.10/site-packages/jaxlib
Flax          0.6.3 @/mnt/home/giung/.conda/envs/jax-vessl/lib/python3.10/site-packages/flax
Optax         0.1.4 @/mnt/home/giung/.conda/envs/jax-vessl/lib/python3.10/site-packages/optax
------------  --------------------------------------------------------------------------------

[2023-02-03 01:58:10] Command line arguments:
- args.data_root          : ./data/
- args.data_name          : CIFAR100_x32
- args.data_augmentation  : standard
- args.data_proportional  : 1.0
- args.model_depth        : 20
- args.model_width        : 2
- args.model_style        : BN-ReLU
- args.optim_bs           : 256
- args.optim_ne           : 200
- args.optim_lr           : 0.3
- args.optim_momentum     : 0.7
- args.optim_weight_decay : 0.0001
- args.save               : /mnt/home/giung/giung2-dev/projects/residual-networks/save/CIFAR100_x32/R20x2-BN-ReLU/bs-0256_ne-0200_lr-0.30_mo-0.70_wd-0.0001_fp32/42
- args.seed               : 42
- args.precision          : fp32

[2023-02-03 01:58:48] [Epoch     1/  200] trn/loss 4.112e+00, trn/lr 3.000e-01, val/acc 1.242e-01, val/nll 3.753e+00 (best_acc: 0.000e+00 -> 1.242e-01, test_acc: 1.250e-01, test_nll: 3.727e+00)
[2023-02-03 01:58:54] [Epoch     2/  200] trn/loss 3.490e+00, trn/lr 3.000e-01, val/acc 1.791e-01, val/nll 3.519e+00 (best_acc: 1.242e-01 -> 1.791e-01, test_acc: 1.854e-01, test_nll: 3.505e+00)
[2023-02-03 01:59:01] [Epoch     3/  200] trn/loss 3.032e+00, trn/lr 2.999e-01, val/acc 2.446e-01, val/nll 3.101e+00 (best_acc: 1.791e-01 -> 2.446e-01, test_acc: 2.464e-01, test_nll: 3.056e+00)
[2023-02-03 01:59:08] [Epoch     4/  200] trn/loss 2.643e+00, trn/lr 2.998e-01, val/acc 2.947e-01, val/nll 2.806e+00 (best_acc: 2.446e-01 -> 2.947e-01, test_acc: 3.002e-01, test_nll: 2.787e+00)
[2023-02-03 01:59:14] [Epoch     5/  200] trn/loss 2.353e+00, trn/lr 2.996e-01, val/acc 3.551e-01, val/nll 2.527e+00 (best_acc: 2.947e-01 -> 3.551e-01, test_acc: 3.590e-01, test_nll: 2.489e+00)
[2023-02-03 01:59:21] [Epoch     6/  200] trn/loss 2.138e+00, trn/lr 2.994e-01, val/acc 3.848e-01, val/nll 2.401e+00 (best_acc: 3.551e-01 -> 3.848e-01, test_acc: 3.855e-01, test_nll: 2.364e+00)
[2023-02-03 01:59:27] [Epoch     7/  200] trn/loss 1.963e+00, trn/lr 2.992e-01, val/acc 3.741e-01, val/nll 2.454e+00
[2023-02-03 01:59:33] [Epoch     8/  200] trn/loss 1.828e+00, trn/lr 2.990e-01, val/acc 3.947e-01, val/nll 2.456e+00 (best_acc: 3.848e-01 -> 3.947e-01, test_acc: 3.989e-01, test_nll: 2.441e+00)
[2023-02-03 01:59:40] [Epoch     9/  200] trn/loss 1.715e+00, trn/lr 2.987e-01, val/acc 4.623e-01, val/nll 2.069e+00 (best_acc: 3.947e-01 -> 4.623e-01, test_acc: 4.644e-01, test_nll: 2.047e+00)
[2023-02-03 01:59:47] [Epoch    10/  200] trn/loss 1.611e+00, trn/lr 2.983e-01, val/acc 4.669e-01, val/nll 2.073e+00 (best_acc: 4.623e-01 -> 4.669e-01, test_acc: 4.690e-01, test_nll: 2.046e+00)
[2023-02-03 01:59:53] [Epoch    11/  200] trn/loss 1.519e+00, trn/lr 2.980e-01, val/acc 4.898e-01, val/nll 1.916e+00 (best_acc: 4.669e-01 -> 4.898e-01, test_acc: 4.967e-01, test_nll: 1.881e+00)
[2023-02-03 02:00:00] [Epoch    12/  200] trn/loss 1.430e+00, trn/lr 2.976e-01, val/acc 4.556e-01, val/nll 2.150e+00
[2023-02-03 02:00:06] [Epoch    13/  200] trn/loss 1.375e+00, trn/lr 2.971e-01, val/acc 4.915e-01, val/nll 1.922e+00 (best_acc: 4.898e-01 -> 4.915e-01, test_acc: 4.996e-01, test_nll: 1.898e+00)
[2023-02-03 02:00:13] [Epoch    14/  200] trn/loss 1.306e+00, trn/lr 2.966e-01, val/acc 5.093e-01, val/nll 1.874e+00 (best_acc: 4.915e-01 -> 5.093e-01, test_acc: 5.021e-01, test_nll: 1.895e+00)
[2023-02-03 02:00:19] [Epoch    15/  200] trn/loss 1.246e+00, trn/lr 2.961e-01, val/acc 5.007e-01, val/nll 1.993e+00
[2023-02-03 02:00:26] [Epoch    16/  200] trn/loss 1.204e+00, trn/lr 2.956e-01, val/acc 5.122e-01, val/nll 1.931e+00 (best_acc: 5.093e-01 -> 5.122e-01, test_acc: 5.074e-01, test_nll: 1.931e+00)
[2023-02-03 02:00:32] [Epoch    17/  200] trn/loss 1.153e+00, trn/lr 2.950e-01, val/acc 5.515e-01, val/nll 1.743e+00 (best_acc: 5.122e-01 -> 5.515e-01, test_acc: 5.544e-01, test_nll: 1.728e+00)
[2023-02-03 02:00:38] [Epoch    18/  200] trn/loss 1.105e+00, trn/lr 2.944e-01, val/acc 4.899e-01, val/nll 2.204e+00
[2023-02-03 02:00:45] [Epoch    19/  200] trn/loss 1.070e+00, trn/lr 2.937e-01, val/acc 5.363e-01, val/nll 1.800e+00
[2023-02-03 02:00:51] [Epoch    20/  200] trn/loss 1.021e+00, trn/lr 2.930e-01, val/acc 5.282e-01, val/nll 1.936e+00
[2023-02-03 02:00:57] [Epoch    21/  200] trn/loss 9.939e-01, trn/lr 2.923e-01, val/acc 5.402e-01, val/nll 1.865e+00
[2023-02-03 02:01:03] [Epoch    22/  200] trn/loss 9.557e-01, trn/lr 2.915e-01, val/acc 5.513e-01, val/nll 1.711e+00
[2023-02-03 02:01:09] [Epoch    23/  200] trn/loss 9.210e-01, trn/lr 2.907e-01, val/acc 5.435e-01, val/nll 1.892e+00
[2023-02-03 02:01:16] [Epoch    24/  200] trn/loss 8.874e-01, trn/lr 2.899e-01, val/acc 5.436e-01, val/nll 1.952e+00
[2023-02-03 02:01:22] [Epoch    25/  200] trn/loss 8.592e-01, trn/lr 2.890e-01, val/acc 5.663e-01, val/nll 1.751e+00 (best_acc: 5.515e-01 -> 5.663e-01, test_acc: 5.733e-01, test_nll: 1.727e+00)
[2023-02-03 02:01:29] [Epoch    26/  200] trn/loss 8.388e-01, trn/lr 2.881e-01, val/acc 5.694e-01, val/nll 1.831e+00 (best_acc: 5.663e-01 -> 5.694e-01, test_acc: 5.687e-01, test_nll: 1.838e+00)
[2023-02-03 02:01:36] [Epoch    27/  200] trn/loss 8.081e-01, trn/lr 2.872e-01, val/acc 5.754e-01, val/nll 1.710e+00 (best_acc: 5.694e-01 -> 5.754e-01, test_acc: 5.859e-01, test_nll: 1.693e+00)
[2023-02-03 02:01:42] [Epoch    28/  200] trn/loss 7.748e-01, trn/lr 2.862e-01, val/acc 5.539e-01, val/nll 1.923e+00
[2023-02-03 02:01:48] [Epoch    29/  200] trn/loss 7.601e-01, trn/lr 2.852e-01, val/acc 5.549e-01, val/nll 1.894e+00
[2023-02-03 02:01:55] [Epoch    30/  200] trn/loss 7.369e-01, trn/lr 2.842e-01, val/acc 5.997e-01, val/nll 1.681e+00 (best_acc: 5.754e-01 -> 5.997e-01, test_acc: 5.938e-01, test_nll: 1.659e+00)
[2023-02-03 02:02:01] [Epoch    31/  200] trn/loss 7.185e-01, trn/lr 2.831e-01, val/acc 5.861e-01, val/nll 1.761e+00
[2023-02-03 02:02:07] [Epoch    32/  200] trn/loss 6.877e-01, trn/lr 2.820e-01, val/acc 5.535e-01, val/nll 1.870e+00
[2023-02-03 02:02:13] [Epoch    33/  200] trn/loss 6.755e-01, trn/lr 2.809e-01, val/acc 5.823e-01, val/nll 1.841e+00
[2023-02-03 02:02:19] [Epoch    34/  200] trn/loss 6.506e-01, trn/lr 2.797e-01, val/acc 5.660e-01, val/nll 1.935e+00
[2023-02-03 02:02:25] [Epoch    35/  200] trn/loss 6.305e-01, trn/lr 2.785e-01, val/acc 5.642e-01, val/nll 2.012e+00
[2023-02-03 02:02:32] [Epoch    36/  200] trn/loss 6.145e-01, trn/lr 2.773e-01, val/acc 5.548e-01, val/nll 1.943e+00
[2023-02-03 02:02:38] [Epoch    37/  200] trn/loss 5.994e-01, trn/lr 2.760e-01, val/acc 5.869e-01, val/nll 1.790e+00
[2023-02-03 02:02:44] [Epoch    38/  200] trn/loss 5.798e-01, trn/lr 2.747e-01, val/acc 5.690e-01, val/nll 1.962e+00
[2023-02-03 02:02:50] [Epoch    39/  200] trn/loss 5.586e-01, trn/lr 2.734e-01, val/acc 5.507e-01, val/nll 2.327e+00
[2023-02-03 02:02:56] [Epoch    40/  200] trn/loss 5.505e-01, trn/lr 2.720e-01, val/acc 5.499e-01, val/nll 2.104e+00
[2023-02-03 02:03:03] [Epoch    41/  200] trn/loss 5.403e-01, trn/lr 2.707e-01, val/acc 5.742e-01, val/nll 2.041e+00
[2023-02-03 02:03:09] [Epoch    42/  200] trn/loss 5.345e-01, trn/lr 2.692e-01, val/acc 5.878e-01, val/nll 1.830e+00
[2023-02-03 02:03:15] [Epoch    43/  200] trn/loss 5.124e-01, trn/lr 2.678e-01, val/acc 5.825e-01, val/nll 1.911e+00
[2023-02-03 02:03:21] [Epoch    44/  200] trn/loss 4.881e-01, trn/lr 2.663e-01, val/acc 5.837e-01, val/nll 2.050e+00
[2023-02-03 02:03:27] [Epoch    45/  200] trn/loss 4.853e-01, trn/lr 2.648e-01, val/acc 5.522e-01, val/nll 2.166e+00
[2023-02-03 02:03:33] [Epoch    46/  200] trn/loss 4.710e-01, trn/lr 2.633e-01, val/acc 5.802e-01, val/nll 1.968e+00
[2023-02-03 02:03:40] [Epoch    47/  200] trn/loss 4.630e-01, trn/lr 2.617e-01, val/acc 5.868e-01, val/nll 1.821e+00
[2023-02-03 02:03:46] [Epoch    48/  200] trn/loss 4.422e-01, trn/lr 2.602e-01, val/acc 5.887e-01, val/nll 1.902e+00
[2023-02-03 02:03:52] [Epoch    49/  200] trn/loss 4.395e-01, trn/lr 2.585e-01, val/acc 5.733e-01, val/nll 2.054e+00
[2023-02-03 02:03:58] [Epoch    50/  200] trn/loss 4.190e-01, trn/lr 2.569e-01, val/acc 5.897e-01, val/nll 2.044e+00
[2023-02-03 02:04:04] [Epoch    51/  200] trn/loss 4.127e-01, trn/lr 2.552e-01, val/acc 5.967e-01, val/nll 1.925e+00
[2023-02-03 02:04:11] [Epoch    52/  200] trn/loss 4.031e-01, trn/lr 2.535e-01, val/acc 5.751e-01, val/nll 2.158e+00
[2023-02-03 02:04:17] [Epoch    53/  200] trn/loss 3.766e-01, trn/lr 2.518e-01, val/acc 5.994e-01, val/nll 1.921e+00
[2023-02-03 02:04:23] [Epoch    54/  200] trn/loss 3.817e-01, trn/lr 2.501e-01, val/acc 5.719e-01, val/nll 2.135e+00
[2023-02-03 02:04:29] [Epoch    55/  200] trn/loss 3.641e-01, trn/lr 2.483e-01, val/acc 5.890e-01, val/nll 2.021e+00
[2023-02-03 02:04:36] [Epoch    56/  200] trn/loss 3.619e-01, trn/lr 2.465e-01, val/acc 6.006e-01, val/nll 1.919e+00 (best_acc: 5.997e-01 -> 6.006e-01, test_acc: 6.087e-01, test_nll: 1.875e+00)
[2023-02-03 02:04:42] [Epoch    57/  200] trn/loss 3.557e-01, trn/lr 2.447e-01, val/acc 5.832e-01, val/nll 2.125e+00
[2023-02-03 02:04:48] [Epoch    58/  200] trn/loss 3.515e-01, trn/lr 2.429e-01, val/acc 5.878e-01, val/nll 2.050e+00
[2023-02-03 02:04:54] [Epoch    59/  200] trn/loss 3.338e-01, trn/lr 2.410e-01, val/acc 5.794e-01, val/nll 2.267e+00
[2023-02-03 02:05:00] [Epoch    60/  200] trn/loss 3.235e-01, trn/lr 2.391e-01, val/acc 5.992e-01, val/nll 2.061e+00
[2023-02-03 02:05:07] [Epoch    61/  200] trn/loss 3.116e-01, trn/lr 2.372e-01, val/acc 6.040e-01, val/nll 2.024e+00 (best_acc: 6.006e-01 -> 6.040e-01, test_acc: 6.044e-01, test_nll: 2.001e+00)
[2023-02-03 02:05:13] [Epoch    62/  200] trn/loss 3.052e-01, trn/lr 2.353e-01, val/acc 5.927e-01, val/nll 2.126e+00
[2023-02-03 02:05:19] [Epoch    63/  200] trn/loss 2.962e-01, trn/lr 2.333e-01, val/acc 5.940e-01, val/nll 2.078e+00
[2023-02-03 02:05:26] [Epoch    64/  200] trn/loss 2.980e-01, trn/lr 2.314e-01, val/acc 6.011e-01, val/nll 2.013e+00
[2023-02-03 02:05:32] [Epoch    65/  200] trn/loss 2.819e-01, trn/lr 2.294e-01, val/acc 5.956e-01, val/nll 2.177e+00
[2023-02-03 02:05:39] [Epoch    66/  200] trn/loss 2.749e-01, trn/lr 2.274e-01, val/acc 6.190e-01, val/nll 1.921e+00 (best_acc: 6.040e-01 -> 6.190e-01, test_acc: 6.230e-01, test_nll: 1.921e+00)
[2023-02-03 02:05:45] [Epoch    67/  200] trn/loss 2.665e-01, trn/lr 2.253e-01, val/acc 6.192e-01, val/nll 2.008e+00 (best_acc: 6.190e-01 -> 6.192e-01, test_acc: 6.174e-01, test_nll: 1.975e+00)
[2023-02-03 02:05:51] [Epoch    68/  200] trn/loss 2.601e-01, trn/lr 2.233e-01, val/acc 6.063e-01, val/nll 2.023e+00
[2023-02-03 02:05:57] [Epoch    69/  200] trn/loss 2.603e-01, trn/lr 2.212e-01, val/acc 6.122e-01, val/nll 1.998e+00
[2023-02-03 02:06:04] [Epoch    70/  200] trn/loss 2.520e-01, trn/lr 2.192e-01, val/acc 5.820e-01, val/nll 2.418e+00
[2023-02-03 02:06:10] [Epoch    71/  200] trn/loss 2.368e-01, trn/lr 2.171e-01, val/acc 6.137e-01, val/nll 2.073e+00
[2023-02-03 02:06:16] [Epoch    72/  200] trn/loss 2.388e-01, trn/lr 2.149e-01, val/acc 6.168e-01, val/nll 1.980e+00
[2023-02-03 02:06:22] [Epoch    73/  200] trn/loss 2.324e-01, trn/lr 2.128e-01, val/acc 6.049e-01, val/nll 2.108e+00
[2023-02-03 02:06:28] [Epoch    74/  200] trn/loss 2.187e-01, trn/lr 2.107e-01, val/acc 6.081e-01, val/nll 2.004e+00
[2023-02-03 02:06:35] [Epoch    75/  200] trn/loss 2.278e-01, trn/lr 2.085e-01, val/acc 6.096e-01, val/nll 2.086e+00
[2023-02-03 02:06:41] [Epoch    76/  200] trn/loss 2.210e-01, trn/lr 2.063e-01, val/acc 6.073e-01, val/nll 2.067e+00
[2023-02-03 02:06:47] [Epoch    77/  200] trn/loss 1.883e-01, trn/lr 2.041e-01, val/acc 6.019e-01, val/nll 2.201e+00
[2023-02-03 02:06:53] [Epoch    78/  200] trn/loss 1.975e-01, trn/lr 2.019e-01, val/acc 6.033e-01, val/nll 2.239e+00
[2023-02-03 02:07:00] [Epoch    79/  200] trn/loss 1.956e-01, trn/lr 1.997e-01, val/acc 6.202e-01, val/nll 2.068e+00 (best_acc: 6.192e-01 -> 6.202e-01, test_acc: 6.256e-01, test_nll: 2.035e+00)
[2023-02-03 02:07:06] [Epoch    80/  200] trn/loss 1.850e-01, trn/lr 1.975e-01, val/acc 6.121e-01, val/nll 2.130e+00
[2023-02-03 02:07:13] [Epoch    81/  200] trn/loss 1.867e-01, trn/lr 1.952e-01, val/acc 6.329e-01, val/nll 2.002e+00 (best_acc: 6.202e-01 -> 6.329e-01, test_acc: 6.316e-01, test_nll: 1.970e+00)
[2023-02-03 02:07:19] [Epoch    82/  200] trn/loss 1.731e-01, trn/lr 1.930e-01, val/acc 6.253e-01, val/nll 2.020e+00
[2023-02-03 02:07:25] [Epoch    83/  200] trn/loss 1.733e-01, trn/lr 1.907e-01, val/acc 6.186e-01, val/nll 2.036e+00
[2023-02-03 02:07:31] [Epoch    84/  200] trn/loss 1.551e-01, trn/lr 1.885e-01, val/acc 6.294e-01, val/nll 1.953e+00
[2023-02-03 02:07:37] [Epoch    85/  200] trn/loss 1.658e-01, trn/lr 1.862e-01, val/acc 6.033e-01, val/nll 2.204e+00
[2023-02-03 02:07:43] [Epoch    86/  200] trn/loss 1.537e-01, trn/lr 1.839e-01, val/acc 6.202e-01, val/nll 2.104e+00
[2023-02-03 02:07:50] [Epoch    87/  200] trn/loss 1.509e-01, trn/lr 1.816e-01, val/acc 6.173e-01, val/nll 2.184e+00
[2023-02-03 02:07:56] [Epoch    88/  200] trn/loss 1.469e-01, trn/lr 1.793e-01, val/acc 6.235e-01, val/nll 2.110e+00
[2023-02-03 02:08:02] [Epoch    89/  200] trn/loss 1.404e-01, trn/lr 1.770e-01, val/acc 6.218e-01, val/nll 2.156e+00
[2023-02-03 02:08:08] [Epoch    90/  200] trn/loss 1.258e-01, trn/lr 1.746e-01, val/acc 6.296e-01, val/nll 2.013e+00
[2023-02-03 02:08:14] [Epoch    91/  200] trn/loss 1.241e-01, trn/lr 1.723e-01, val/acc 6.180e-01, val/nll 2.149e+00
[2023-02-03 02:08:20] [Epoch    92/  200] trn/loss 1.277e-01, trn/lr 1.700e-01, val/acc 6.213e-01, val/nll 2.162e+00
[2023-02-03 02:08:27] [Epoch    93/  200] trn/loss 1.167e-01, trn/lr 1.676e-01, val/acc 6.230e-01, val/nll 2.080e+00
[2023-02-03 02:08:33] [Epoch    94/  200] trn/loss 1.176e-01, trn/lr 1.653e-01, val/acc 6.306e-01, val/nll 2.002e+00
[2023-02-03 02:08:39] [Epoch    95/  200] trn/loss 1.170e-01, trn/lr 1.630e-01, val/acc 6.258e-01, val/nll 2.130e+00
[2023-02-03 02:08:45] [Epoch    96/  200] trn/loss 1.096e-01, trn/lr 1.606e-01, val/acc 6.325e-01, val/nll 2.011e+00
[2023-02-03 02:08:52] [Epoch    97/  200] trn/loss 9.727e-02, trn/lr 1.582e-01, val/acc 6.340e-01, val/nll 2.044e+00 (best_acc: 6.329e-01 -> 6.340e-01, test_acc: 6.426e-01, test_nll: 2.007e+00)
[2023-02-03 02:08:58] [Epoch    98/  200] trn/loss 9.645e-02, trn/lr 1.559e-01, val/acc 6.347e-01, val/nll 2.075e+00 (best_acc: 6.340e-01 -> 6.347e-01, test_acc: 6.384e-01, test_nll: 2.022e+00)
[2023-02-03 02:09:05] [Epoch    99/  200] trn/loss 8.896e-02, trn/lr 1.535e-01, val/acc 6.384e-01, val/nll 2.010e+00 (best_acc: 6.347e-01 -> 6.384e-01, test_acc: 6.329e-01, test_nll: 1.983e+00)
[2023-02-03 02:09:12] [Epoch   100/  200] trn/loss 8.817e-02, trn/lr 1.512e-01, val/acc 6.389e-01, val/nll 1.987e+00 (best_acc: 6.384e-01 -> 6.389e-01, test_acc: 6.437e-01, test_nll: 1.939e+00)
[2023-02-03 02:09:18] [Epoch   101/  200] trn/loss 8.375e-02, trn/lr 1.488e-01, val/acc 6.487e-01, val/nll 2.034e+00 (best_acc: 6.389e-01 -> 6.487e-01, test_acc: 6.462e-01, test_nll: 2.004e+00)
[2023-02-03 02:09:25] [Epoch   102/  200] trn/loss 7.740e-02, trn/lr 1.465e-01, val/acc 6.478e-01, val/nll 1.985e+00
[2023-02-03 02:09:31] [Epoch   103/  200] trn/loss 7.575e-02, trn/lr 1.441e-01, val/acc 6.511e-01, val/nll 1.950e+00 (best_acc: 6.487e-01 -> 6.511e-01, test_acc: 6.486e-01, test_nll: 1.946e+00)
[2023-02-03 02:09:37] [Epoch   104/  200] trn/loss 6.688e-02, trn/lr 1.418e-01, val/acc 6.377e-01, val/nll 2.054e+00
[2023-02-03 02:09:44] [Epoch   105/  200] trn/loss 6.411e-02, trn/lr 1.394e-01, val/acc 6.514e-01, val/nll 1.967e+00 (best_acc: 6.511e-01 -> 6.514e-01, test_acc: 6.571e-01, test_nll: 1.911e+00)
[2023-02-03 02:09:50] [Epoch   106/  200] trn/loss 6.129e-02, trn/lr 1.371e-01, val/acc 6.504e-01, val/nll 1.980e+00
[2023-02-03 02:09:56] [Epoch   107/  200] trn/loss 5.939e-02, trn/lr 1.347e-01, val/acc 6.441e-01, val/nll 2.039e+00
[2023-02-03 02:10:02] [Epoch   108/  200] trn/loss 6.076e-02, trn/lr 1.324e-01, val/acc 6.473e-01, val/nll 2.038e+00
[2023-02-03 02:10:09] [Epoch   109/  200] trn/loss 5.353e-02, trn/lr 1.300e-01, val/acc 6.508e-01, val/nll 1.941e+00
[2023-02-03 02:10:15] [Epoch   110/  200] trn/loss 5.169e-02, trn/lr 1.277e-01, val/acc 6.529e-01, val/nll 1.981e+00 (best_acc: 6.514e-01 -> 6.529e-01, test_acc: 6.602e-01, test_nll: 1.953e+00)
[2023-02-03 02:10:21] [Epoch   111/  200] trn/loss 4.761e-02, trn/lr 1.254e-01, val/acc 6.431e-01, val/nll 1.984e+00
[2023-02-03 02:10:28] [Epoch   112/  200] trn/loss 4.892e-02, trn/lr 1.231e-01, val/acc 6.514e-01, val/nll 1.970e+00
[2023-02-03 02:10:34] [Epoch   113/  200] trn/loss 4.516e-02, trn/lr 1.207e-01, val/acc 6.562e-01, val/nll 1.929e+00 (best_acc: 6.529e-01 -> 6.562e-01, test_acc: 6.625e-01, test_nll: 1.864e+00)
[2023-02-03 02:10:41] [Epoch   114/  200] trn/loss 4.435e-02, trn/lr 1.184e-01, val/acc 6.600e-01, val/nll 1.939e+00 (best_acc: 6.562e-01 -> 6.600e-01, test_acc: 6.625e-01, test_nll: 1.880e+00)
[2023-02-03 02:10:47] [Epoch   115/  200] trn/loss 3.620e-02, trn/lr 1.161e-01, val/acc 6.587e-01, val/nll 1.957e+00
[2023-02-03 02:10:53] [Epoch   116/  200] trn/loss 3.393e-02, trn/lr 1.138e-01, val/acc 6.552e-01, val/nll 1.953e+00
[2023-02-03 02:11:00] [Epoch   117/  200] trn/loss 3.125e-02, trn/lr 1.116e-01, val/acc 6.657e-01, val/nll 1.893e+00 (best_acc: 6.600e-01 -> 6.657e-01, test_acc: 6.707e-01, test_nll: 1.814e+00)
[2023-02-03 02:11:06] [Epoch   118/  200] trn/loss 2.880e-02, trn/lr 1.093e-01, val/acc 6.629e-01, val/nll 1.875e+00
[2023-02-03 02:11:12] [Epoch   119/  200] trn/loss 2.781e-02, trn/lr 1.070e-01, val/acc 6.632e-01, val/nll 1.918e+00
[2023-02-03 02:11:18] [Epoch   120/  200] trn/loss 2.638e-02, trn/lr 1.048e-01, val/acc 6.655e-01, val/nll 1.887e+00
[2023-02-03 02:11:25] [Epoch   121/  200] trn/loss 2.352e-02, trn/lr 1.025e-01, val/acc 6.649e-01, val/nll 1.876e+00
[2023-02-03 02:11:31] [Epoch   122/  200] trn/loss 2.362e-02, trn/lr 1.003e-01, val/acc 6.686e-01, val/nll 1.888e+00 (best_acc: 6.657e-01 -> 6.686e-01, test_acc: 6.677e-01, test_nll: 1.831e+00)
[2023-02-03 02:11:37] [Epoch   123/  200] trn/loss 2.329e-02, trn/lr 9.809e-02, val/acc 6.623e-01, val/nll 1.911e+00
[2023-02-03 02:11:44] [Epoch   124/  200] trn/loss 2.113e-02, trn/lr 9.589e-02, val/acc 6.668e-01, val/nll 1.875e+00
[2023-02-03 02:11:50] [Epoch   125/  200] trn/loss 2.094e-02, trn/lr 9.370e-02, val/acc 6.712e-01, val/nll 1.858e+00 (best_acc: 6.686e-01 -> 6.712e-01, test_acc: 6.701e-01, test_nll: 1.822e+00)
[2023-02-03 02:11:56] [Epoch   126/  200] trn/loss 1.986e-02, trn/lr 9.152e-02, val/acc 6.680e-01, val/nll 1.865e+00
[2023-02-03 02:12:03] [Epoch   127/  200] trn/loss 1.840e-02, trn/lr 8.936e-02, val/acc 6.692e-01, val/nll 1.844e+00
[2023-02-03 02:12:09] [Epoch   128/  200] trn/loss 1.916e-02, trn/lr 8.721e-02, val/acc 6.725e-01, val/nll 1.852e+00 (best_acc: 6.712e-01 -> 6.725e-01, test_acc: 6.737e-01, test_nll: 1.791e+00)
[2023-02-03 02:12:15] [Epoch   129/  200] trn/loss 1.876e-02, trn/lr 8.508e-02, val/acc 6.665e-01, val/nll 1.864e+00
[2023-02-03 02:12:22] [Epoch   130/  200] trn/loss 1.695e-02, trn/lr 8.296e-02, val/acc 6.674e-01, val/nll 1.856e+00
[2023-02-03 02:12:28] [Epoch   131/  200] trn/loss 1.553e-02, trn/lr 8.086e-02, val/acc 6.719e-01, val/nll 1.824e+00
[2023-02-03 02:12:34] [Epoch   132/  200] trn/loss 1.534e-02, trn/lr 7.878e-02, val/acc 6.704e-01, val/nll 1.831e+00
[2023-02-03 02:12:41] [Epoch   133/  200] trn/loss 1.548e-02, trn/lr 7.671e-02, val/acc 6.727e-01, val/nll 1.846e+00 (best_acc: 6.725e-01 -> 6.727e-01, test_acc: 6.749e-01, test_nll: 1.792e+00)
[2023-02-03 02:12:47] [Epoch   134/  200] trn/loss 1.451e-02, trn/lr 7.467e-02, val/acc 6.705e-01, val/nll 1.821e+00
[2023-02-03 02:12:53] [Epoch   135/  200] trn/loss 1.454e-02, trn/lr 7.264e-02, val/acc 6.702e-01, val/nll 1.822e+00
[2023-02-03 02:12:59] [Epoch   136/  200] trn/loss 1.368e-02, trn/lr 7.063e-02, val/acc 6.726e-01, val/nll 1.803e+00
[2023-02-03 02:13:05] [Epoch   137/  200] trn/loss 1.362e-02, trn/lr 6.864e-02, val/acc 6.725e-01, val/nll 1.819e+00
[2023-02-03 02:13:12] [Epoch   138/  200] trn/loss 1.329e-02, trn/lr 6.667e-02, val/acc 6.741e-01, val/nll 1.803e+00 (best_acc: 6.727e-01 -> 6.741e-01, test_acc: 6.764e-01, test_nll: 1.761e+00)
[2023-02-03 02:13:19] [Epoch   139/  200] trn/loss 1.273e-02, trn/lr 6.472e-02, val/acc 6.747e-01, val/nll 1.798e+00 (best_acc: 6.741e-01 -> 6.747e-01, test_acc: 6.778e-01, test_nll: 1.744e+00)
[2023-02-03 02:13:25] [Epoch   140/  200] trn/loss 1.222e-02, trn/lr 6.279e-02, val/acc 6.721e-01, val/nll 1.809e+00
[2023-02-03 02:13:31] [Epoch   141/  200] trn/loss 1.229e-02, trn/lr 6.089e-02, val/acc 6.716e-01, val/nll 1.801e+00
[2023-02-03 02:13:37] [Epoch   142/  200] trn/loss 1.141e-02, trn/lr 5.900e-02, val/acc 6.743e-01, val/nll 1.801e+00
[2023-02-03 02:13:44] [Epoch   143/  200] trn/loss 1.209e-02, trn/lr 5.714e-02, val/acc 6.758e-01, val/nll 1.798e+00 (best_acc: 6.747e-01 -> 6.758e-01, test_acc: 6.759e-01, test_nll: 1.745e+00)
[2023-02-03 02:13:50] [Epoch   144/  200] trn/loss 1.131e-02, trn/lr 5.530e-02, val/acc 6.752e-01, val/nll 1.781e+00
[2023-02-03 02:13:57] [Epoch   145/  200] trn/loss 1.140e-02, trn/lr 5.349e-02, val/acc 6.771e-01, val/nll 1.784e+00 (best_acc: 6.758e-01 -> 6.771e-01, test_acc: 6.783e-01, test_nll: 1.743e+00)
[2023-02-03 02:14:03] [Epoch   146/  200] trn/loss 1.096e-02, trn/lr 5.170e-02, val/acc 6.772e-01, val/nll 1.773e+00 (best_acc: 6.771e-01 -> 6.772e-01, test_acc: 6.782e-01, test_nll: 1.731e+00)
[2023-02-03 02:14:09] [Epoch   147/  200] trn/loss 1.145e-02, trn/lr 4.993e-02, val/acc 6.733e-01, val/nll 1.780e+00
[2023-02-03 02:14:16] [Epoch   148/  200] trn/loss 1.141e-02, trn/lr 4.819e-02, val/acc 6.752e-01, val/nll 1.781e+00
[2023-02-03 02:14:22] [Epoch   149/  200] trn/loss 1.088e-02, trn/lr 4.647e-02, val/acc 6.767e-01, val/nll 1.769e+00
[2023-02-03 02:14:28] [Epoch   150/  200] trn/loss 1.125e-02, trn/lr 4.478e-02, val/acc 6.759e-01, val/nll 1.777e+00
[2023-02-03 02:14:35] [Epoch   151/  200] trn/loss 1.097e-02, trn/lr 4.311e-02, val/acc 6.775e-01, val/nll 1.776e+00 (best_acc: 6.772e-01 -> 6.775e-01, test_acc: 6.793e-01, test_nll: 1.725e+00)
[2023-02-03 02:14:41] [Epoch   152/  200] trn/loss 1.062e-02, trn/lr 4.147e-02, val/acc 6.761e-01, val/nll 1.766e+00
[2023-02-03 02:14:47] [Epoch   153/  200] trn/loss 1.034e-02, trn/lr 3.986e-02, val/acc 6.762e-01, val/nll 1.760e+00
[2023-02-03 02:14:53] [Epoch   154/  200] trn/loss 1.033e-02, trn/lr 3.827e-02, val/acc 6.751e-01, val/nll 1.766e+00
[2023-02-03 02:14:59] [Epoch   155/  200] trn/loss 1.004e-02, trn/lr 3.671e-02, val/acc 6.770e-01, val/nll 1.760e+00
[2023-02-03 02:15:06] [Epoch   156/  200] trn/loss 9.771e-03, trn/lr 3.518e-02, val/acc 6.784e-01, val/nll 1.758e+00 (best_acc: 6.775e-01 -> 6.784e-01, test_acc: 6.767e-01, test_nll: 1.706e+00)
[2023-02-03 02:15:12] [Epoch   157/  200] trn/loss 9.744e-03, trn/lr 3.368e-02, val/acc 6.767e-01, val/nll 1.757e+00
[2023-02-03 02:15:19] [Epoch   158/  200] trn/loss 1.005e-02, trn/lr 3.221e-02, val/acc 6.790e-01, val/nll 1.753e+00 (best_acc: 6.784e-01 -> 6.790e-01, test_acc: 6.778e-01, test_nll: 1.701e+00)
[2023-02-03 02:15:25] [Epoch   159/  200] trn/loss 9.838e-03, trn/lr 3.076e-02, val/acc 6.784e-01, val/nll 1.748e+00
[2023-02-03 02:15:32] [Epoch   160/  200] trn/loss 1.023e-02, trn/lr 2.935e-02, val/acc 6.792e-01, val/nll 1.754e+00 (best_acc: 6.790e-01 -> 6.792e-01, test_acc: 6.792e-01, test_nll: 1.712e+00)
[2023-02-03 02:15:38] [Epoch   161/  200] trn/loss 9.884e-03, trn/lr 2.796e-02, val/acc 6.800e-01, val/nll 1.748e+00 (best_acc: 6.792e-01 -> 6.800e-01, test_acc: 6.784e-01, test_nll: 1.704e+00)
[2023-02-03 02:15:44] [Epoch   162/  200] trn/loss 9.623e-03, trn/lr 2.661e-02, val/acc 6.778e-01, val/nll 1.754e+00
[2023-02-03 02:15:51] [Epoch   163/  200] trn/loss 9.832e-03, trn/lr 2.528e-02, val/acc 6.781e-01, val/nll 1.757e+00
[2023-02-03 02:15:57] [Epoch   164/  200] trn/loss 9.549e-03, trn/lr 2.399e-02, val/acc 6.808e-01, val/nll 1.747e+00 (best_acc: 6.800e-01 -> 6.808e-01, test_acc: 6.783e-01, test_nll: 1.697e+00)
[2023-02-03 02:16:04] [Epoch   165/  200] trn/loss 9.558e-03, trn/lr 2.273e-02, val/acc 6.792e-01, val/nll 1.750e+00
[2023-02-03 02:16:10] [Epoch   166/  200] trn/loss 9.119e-03, trn/lr 2.150e-02, val/acc 6.787e-01, val/nll 1.745e+00
[2023-02-03 02:16:16] [Epoch   167/  200] trn/loss 9.645e-03, trn/lr 2.030e-02, val/acc 6.789e-01, val/nll 1.743e+00
[2023-02-03 02:16:22] [Epoch   168/  200] trn/loss 9.340e-03, trn/lr 1.913e-02, val/acc 6.788e-01, val/nll 1.752e+00
[2023-02-03 02:16:28] [Epoch   169/  200] trn/loss 9.339e-03, trn/lr 1.800e-02, val/acc 6.788e-01, val/nll 1.744e+00
[2023-02-03 02:16:34] [Epoch   170/  200] trn/loss 8.995e-03, trn/lr 1.689e-02, val/acc 6.791e-01, val/nll 1.743e+00
[2023-02-03 02:16:41] [Epoch   171/  200] trn/loss 8.801e-03, trn/lr 1.582e-02, val/acc 6.773e-01, val/nll 1.746e+00
[2023-02-03 02:16:47] [Epoch   172/  200] trn/loss 9.104e-03, trn/lr 1.479e-02, val/acc 6.790e-01, val/nll 1.741e+00
[2023-02-03 02:16:53] [Epoch   173/  200] trn/loss 8.777e-03, trn/lr 1.378e-02, val/acc 6.790e-01, val/nll 1.741e+00
[2023-02-03 02:16:59] [Epoch   174/  200] trn/loss 9.023e-03, trn/lr 1.281e-02, val/acc 6.793e-01, val/nll 1.747e+00
[2023-02-03 02:17:05] [Epoch   175/  200] trn/loss 8.787e-03, trn/lr 1.188e-02, val/acc 6.805e-01, val/nll 1.743e+00
[2023-02-03 02:17:11] [Epoch   176/  200] trn/loss 8.992e-03, trn/lr 1.098e-02, val/acc 6.806e-01, val/nll 1.735e+00
[2023-02-03 02:17:18] [Epoch   177/  200] trn/loss 9.023e-03, trn/lr 1.011e-02, val/acc 6.791e-01, val/nll 1.739e+00
[2023-02-03 02:17:24] [Epoch   178/  200] trn/loss 8.843e-03, trn/lr 9.275e-03, val/acc 6.789e-01, val/nll 1.737e+00
[2023-02-03 02:17:30] [Epoch   179/  200] trn/loss 8.935e-03, trn/lr 8.477e-03, val/acc 6.789e-01, val/nll 1.738e+00
[2023-02-03 02:17:36] [Epoch   180/  200] trn/loss 8.950e-03, trn/lr 7.714e-03, val/acc 6.802e-01, val/nll 1.740e+00
[2023-02-03 02:17:42] [Epoch   181/  200] trn/loss 8.817e-03, trn/lr 6.986e-03, val/acc 6.802e-01, val/nll 1.737e+00
[2023-02-03 02:17:49] [Epoch   182/  200] trn/loss 8.784e-03, trn/lr 6.293e-03, val/acc 6.772e-01, val/nll 1.739e+00
[2023-02-03 02:17:55] [Epoch   183/  200] trn/loss 8.573e-03, trn/lr 5.635e-03, val/acc 6.795e-01, val/nll 1.731e+00
[2023-02-03 02:18:01] [Epoch   184/  200] trn/loss 8.385e-03, trn/lr 5.013e-03, val/acc 6.783e-01, val/nll 1.731e+00
[2023-02-03 02:18:07] [Epoch   185/  200] trn/loss 8.980e-03, trn/lr 4.427e-03, val/acc 6.777e-01, val/nll 1.740e+00
[2023-02-03 02:18:13] [Epoch   186/  200] trn/loss 8.603e-03, trn/lr 3.877e-03, val/acc 6.781e-01, val/nll 1.735e+00
[2023-02-03 02:18:19] [Epoch   187/  200] trn/loss 8.536e-03, trn/lr 3.363e-03, val/acc 6.794e-01, val/nll 1.734e+00
[2023-02-03 02:18:26] [Epoch   188/  200] trn/loss 8.827e-03, trn/lr 2.885e-03, val/acc 6.811e-01, val/nll 1.738e+00 (best_acc: 6.808e-01 -> 6.811e-01, test_acc: 6.820e-01, test_nll: 1.691e+00)
[2023-02-03 02:18:32] [Epoch   189/  200] trn/loss 8.685e-03, trn/lr 2.444e-03, val/acc 6.795e-01, val/nll 1.738e+00
[2023-02-03 02:18:38] [Epoch   190/  200] trn/loss 8.644e-03, trn/lr 2.038e-03, val/acc 6.795e-01, val/nll 1.737e+00
[2023-02-03 02:18:45] [Epoch   191/  200] trn/loss 8.638e-03, trn/lr 1.670e-03, val/acc 6.808e-01, val/nll 1.732e+00
[2023-02-03 02:18:51] [Epoch   192/  200] trn/loss 8.480e-03, trn/lr 1.338e-03, val/acc 6.787e-01, val/nll 1.734e+00
[2023-02-03 02:18:57] [Epoch   193/  200] trn/loss 8.789e-03, trn/lr 1.042e-03, val/acc 6.794e-01, val/nll 1.733e+00
[2023-02-03 02:19:03] [Epoch   194/  200] trn/loss 8.446e-03, trn/lr 7.835e-04, val/acc 6.796e-01, val/nll 1.737e+00
[2023-02-03 02:19:10] [Epoch   195/  200] trn/loss 8.773e-03, trn/lr 5.616e-04, val/acc 6.814e-01, val/nll 1.736e+00 (best_acc: 6.811e-01 -> 6.814e-01, test_acc: 6.805e-01, test_nll: 1.688e+00)
[2023-02-03 02:19:16] [Epoch   196/  200] trn/loss 8.697e-03, trn/lr 3.766e-04, val/acc 6.779e-01, val/nll 1.739e+00
[2023-02-03 02:19:22] [Epoch   197/  200] trn/loss 8.628e-03, trn/lr 2.286e-04, val/acc 6.785e-01, val/nll 1.736e+00
[2023-02-03 02:19:28] [Epoch   198/  200] trn/loss 8.659e-03, trn/lr 1.175e-04, val/acc 6.793e-01, val/nll 1.736e+00
[2023-02-03 02:19:35] [Epoch   199/  200] trn/loss 8.619e-03, trn/lr 4.335e-05, val/acc 6.794e-01, val/nll 1.733e+00
[2023-02-03 02:19:41] [Epoch   200/  200] trn/loss 8.382e-03, trn/lr 6.226e-06, val/acc 6.793e-01, val/nll 1.738e+00
