[2023-02-19 17:09:31] Environments:
------------  ------------------------------------------------------------
sys.platform  linux
Python        3.8.10 (default, Nov 14 2022, 12:59:47) [GCC 9.4.0]
JAX           0.4.2 @/home/giung/.local/lib/python3.8/site-packages/jax
jaxlib        0.4.2 @/home/giung/.local/lib/python3.8/site-packages/jaxlib
Flax          0.6.4 @/home/giung/.local/lib/python3.8/site-packages/flax
Optax         0.1.4 @/home/giung/.local/lib/python3.8/site-packages/optax
------------  ------------------------------------------------------------

[2023-02-19 17:09:31] Command line arguments:
- args.data_root          : ./data/
- args.data_name          : CIFAR10_x32
- args.data_augmentation  : standard
- args.data_proportional  : 1.0
- args.model_depth        : 20
- args.model_width        : 4
- args.model_style        : BN-ReLU
- args.optim_bs           : 256
- args.optim_ne           : 200
- args.optim_lr           : 0.3
- args.optim_momentum     : 0.99
- args.optim_weight_decay : 0.001
- args.rho                : 0.3
- args.save               : /home/giung/giung2-dev/projects/sam/save/CIFAR10_x32/R20x4-BN-ReLU/ASAM/bs-0256_ne-0200_lr-0.30_mo-0.99_wd-0.0010_rho-0.3000_fp32/42
- args.seed               : 42
- args.precision          : fp32

[2023-02-19 17:09:37] Multiple local devices are detected:
[TpuDevice(id=0, process_index=0, coords=(0,0,0), core_on_chip=0), TpuDevice(id=1, process_index=0, coords=(0,0,0), core_on_chip=1), TpuDevice(id=2, process_index=0, coords=(1,0,0), core_on_chip=0), TpuDevice(id=3, process_index=0, coords=(1,0,0), core_on_chip=1), TpuDevice(id=4, process_index=0, coords=(0,1,0), core_on_chip=0), TpuDevice(id=5, process_index=0, coords=(0,1,0), core_on_chip=1), TpuDevice(id=6, process_index=0, coords=(1,1,0), core_on_chip=0), TpuDevice(id=7, process_index=0, coords=(1,1,0), core_on_chip=1)]

[2023-02-19 17:10:39] [Epoch     1/  200] trn/loss 2.807e+00, trn/lr 3.000e-01, val/acc 9.823e-02, val/nll 2.361e+00 (best_acc: 0.000e+00 -> 9.823e-02, test_acc: 1.000e-01, test_nll: 2.352e+00)
[2023-02-19 17:10:47] [Epoch     2/  200] trn/loss 2.579e+00, trn/lr 3.000e-01, val/acc 9.889e-02, val/nll 2.416e+00 (best_acc: 9.823e-02 -> 9.889e-02, test_acc: 9.960e-02, test_nll: 2.418e+00)
[2023-02-19 17:10:55] [Epoch     3/  200] trn/loss 2.071e+00, trn/lr 2.999e-01, val/acc 2.283e-01, val/nll 2.516e+00 (best_acc: 9.889e-02 -> 2.283e-01, test_acc: 2.354e-01, test_nll: 2.529e+00)
[2023-02-19 17:11:03] [Epoch     4/  200] trn/loss 1.898e+00, trn/lr 2.998e-01, val/acc 2.573e-01, val/nll 2.195e+00 (best_acc: 2.283e-01 -> 2.573e-01, test_acc: 2.670e-01, test_nll: 2.186e+00)
[2023-02-19 17:11:11] [Epoch     5/  200] trn/loss 1.858e+00, trn/lr 2.996e-01, val/acc 2.689e-01, val/nll 2.032e+00 (best_acc: 2.573e-01 -> 2.689e-01, test_acc: 2.690e-01, test_nll: 2.018e+00)
[2023-02-19 17:11:18] [Epoch     6/  200] trn/loss 1.808e+00, trn/lr 2.994e-01, val/acc 2.399e-01, val/nll 2.126e+00
[2023-02-19 17:11:26] [Epoch     7/  200] trn/loss 1.826e+00, trn/lr 2.992e-01, val/acc 2.539e-01, val/nll 2.125e+00
[2023-02-19 17:11:34] [Epoch     8/  200] trn/loss 1.787e+00, trn/lr 2.990e-01, val/acc 2.691e-01, val/nll 2.047e+00 (best_acc: 2.689e-01 -> 2.691e-01, test_acc: 2.619e-01, test_nll: 2.050e+00)
[2023-02-19 17:11:41] [Epoch     9/  200] trn/loss 1.740e+00, trn/lr 2.987e-01, val/acc 2.882e-01, val/nll 2.296e+00 (best_acc: 2.691e-01 -> 2.882e-01, test_acc: 2.893e-01, test_nll: 2.284e+00)
[2023-02-19 17:11:49] [Epoch    10/  200] trn/loss 1.737e+00, trn/lr 2.983e-01, val/acc 2.561e-01, val/nll 2.552e+00
[2023-02-19 17:11:56] [Epoch    11/  200] trn/loss 1.753e+00, trn/lr 2.980e-01, val/acc 2.217e-01, val/nll 3.339e+00
[2023-02-19 17:12:04] [Epoch    12/  200] trn/loss 1.740e+00, trn/lr 2.976e-01, val/acc 3.241e-01, val/nll 1.749e+00 (best_acc: 2.882e-01 -> 3.241e-01, test_acc: 3.267e-01, test_nll: 1.737e+00)
[2023-02-19 17:12:11] [Epoch    13/  200] trn/loss 1.712e+00, trn/lr 2.971e-01, val/acc 2.138e-01, val/nll 2.900e+00
[2023-02-19 17:12:18] [Epoch    14/  200] trn/loss 1.700e+00, trn/lr 2.966e-01, val/acc 2.551e-01, val/nll 2.065e+00
[2023-02-19 17:12:25] [Epoch    15/  200] trn/loss 1.701e+00, trn/lr 2.961e-01, val/acc 1.898e-01, val/nll 2.833e+00
[2023-02-19 17:12:33] [Epoch    16/  200] trn/loss 1.694e+00, trn/lr 2.956e-01, val/acc 1.327e-01, val/nll 4.584e+00
[2023-02-19 17:12:40] [Epoch    17/  200] trn/loss 1.677e+00, trn/lr 2.950e-01, val/acc 2.088e-01, val/nll 3.419e+00
[2023-02-19 17:12:47] [Epoch    18/  200] trn/loss 1.637e+00, trn/lr 2.944e-01, val/acc 2.784e-01, val/nll 2.236e+00
[2023-02-19 17:12:54] [Epoch    19/  200] trn/loss 1.606e+00, trn/lr 2.937e-01, val/acc 2.735e-01, val/nll 2.795e+00
[2023-02-19 17:13:01] [Epoch    20/  200] trn/loss 1.602e+00, trn/lr 2.930e-01, val/acc 2.329e-01, val/nll 2.851e+00
[2023-02-19 17:13:09] [Epoch    21/  200] trn/loss 1.546e+00, trn/lr 2.923e-01, val/acc 3.592e-01, val/nll 1.834e+00 (best_acc: 3.241e-01 -> 3.592e-01, test_acc: 3.648e-01, test_nll: 1.834e+00)
[2023-02-19 17:13:16] [Epoch    22/  200] trn/loss 1.577e+00, trn/lr 2.915e-01, val/acc 1.777e-01, val/nll 5.581e+00
[2023-02-19 17:13:24] [Epoch    23/  200] trn/loss 1.586e+00, trn/lr 2.907e-01, val/acc 2.293e-01, val/nll 2.666e+00
[2023-02-19 17:13:31] [Epoch    24/  200] trn/loss 1.567e+00, trn/lr 2.899e-01, val/acc 2.264e-01, val/nll 3.049e+00
[2023-02-19 17:13:38] [Epoch    25/  200] trn/loss 1.563e+00, trn/lr 2.890e-01, val/acc 3.418e-01, val/nll 2.124e+00
[2023-02-19 17:13:45] [Epoch    26/  200] trn/loss 1.578e+00, trn/lr 2.881e-01, val/acc 2.604e-01, val/nll 2.253e+00
[2023-02-19 17:13:53] [Epoch    27/  200] trn/loss 1.584e+00, trn/lr 2.872e-01, val/acc 1.697e-01, val/nll 3.279e+00
[2023-02-19 17:14:01] [Epoch    28/  200] trn/loss 1.575e+00, trn/lr 2.862e-01, val/acc 3.992e-01, val/nll 1.747e+00 (best_acc: 3.592e-01 -> 3.992e-01, test_acc: 3.997e-01, test_nll: 1.730e+00)
[2023-02-19 17:14:08] [Epoch    29/  200] trn/loss 1.554e+00, trn/lr 2.852e-01, val/acc 3.487e-01, val/nll 2.009e+00
[2023-02-19 17:14:15] [Epoch    30/  200] trn/loss 1.555e+00, trn/lr 2.842e-01, val/acc 3.048e-01, val/nll 2.410e+00
[2023-02-19 17:14:22] [Epoch    31/  200] trn/loss 1.542e+00, trn/lr 2.831e-01, val/acc 2.781e-01, val/nll 2.385e+00
[2023-02-19 17:14:29] [Epoch    32/  200] trn/loss 1.582e+00, trn/lr 2.820e-01, val/acc 3.313e-01, val/nll 1.972e+00
[2023-02-19 17:14:36] [Epoch    33/  200] trn/loss 1.620e+00, trn/lr 2.809e-01, val/acc 2.845e-01, val/nll 2.482e+00
[2023-02-19 17:14:44] [Epoch    34/  200] trn/loss 1.576e+00, trn/lr 2.797e-01, val/acc 1.993e-01, val/nll 4.069e+00
[2023-02-19 17:14:51] [Epoch    35/  200] trn/loss 1.577e+00, trn/lr 2.785e-01, val/acc 1.773e-01, val/nll 2.723e+00
[2023-02-19 17:14:58] [Epoch    36/  200] trn/loss 1.646e+00, trn/lr 2.773e-01, val/acc 3.088e-01, val/nll 2.025e+00
[2023-02-19 17:15:05] [Epoch    37/  200] trn/loss 1.607e+00, trn/lr 2.760e-01, val/acc 2.716e-01, val/nll 2.360e+00
[2023-02-19 17:15:12] [Epoch    38/  200] trn/loss 1.617e+00, trn/lr 2.747e-01, val/acc 2.996e-01, val/nll 2.014e+00
[2023-02-19 17:15:20] [Epoch    39/  200] trn/loss 1.550e+00, trn/lr 2.734e-01, val/acc 3.592e-01, val/nll 1.771e+00
[2023-02-19 17:15:27] [Epoch    40/  200] trn/loss 1.590e+00, trn/lr 2.720e-01, val/acc 2.248e-01, val/nll 2.300e+00
[2023-02-19 17:15:34] [Epoch    41/  200] trn/loss 1.568e+00, trn/lr 2.707e-01, val/acc 1.914e-01, val/nll 2.669e+00
[2023-02-19 17:15:41] [Epoch    42/  200] trn/loss 1.567e+00, trn/lr 2.692e-01, val/acc 2.006e-01, val/nll 3.253e+00
[2023-02-19 17:15:48] [Epoch    43/  200] trn/loss 1.545e+00, trn/lr 2.678e-01, val/acc 2.559e-01, val/nll 2.896e+00
[2023-02-19 17:15:56] [Epoch    44/  200] trn/loss 1.546e+00, trn/lr 2.663e-01, val/acc 2.560e-01, val/nll 3.358e+00
[2023-02-19 17:16:03] [Epoch    45/  200] trn/loss 1.534e+00, trn/lr 2.648e-01, val/acc 2.938e-01, val/nll 1.889e+00
[2023-02-19 17:16:10] [Epoch    46/  200] trn/loss 1.558e+00, trn/lr 2.633e-01, val/acc 3.884e-01, val/nll 1.846e+00
[2023-02-19 17:16:17] [Epoch    47/  200] trn/loss 1.577e+00, trn/lr 2.617e-01, val/acc 1.852e-01, val/nll 7.229e+00
[2023-02-19 17:16:24] [Epoch    48/  200] trn/loss 1.589e+00, trn/lr 2.602e-01, val/acc 2.373e-01, val/nll 2.042e+00
[2023-02-19 17:16:31] [Epoch    49/  200] trn/loss 1.594e+00, trn/lr 2.585e-01, val/acc 2.954e-01, val/nll 2.355e+00
[2023-02-19 17:16:39] [Epoch    50/  200] trn/loss 1.585e+00, trn/lr 2.569e-01, val/acc 2.775e-01, val/nll 2.082e+00
[2023-02-19 17:16:46] [Epoch    51/  200] trn/loss 1.631e+00, trn/lr 2.552e-01, val/acc 2.430e-01, val/nll 2.738e+00
[2023-02-19 17:16:53] [Epoch    52/  200] trn/loss 1.605e+00, trn/lr 2.535e-01, val/acc 2.048e-01, val/nll 3.025e+00
[2023-02-19 17:17:00] [Epoch    53/  200] trn/loss 1.592e+00, trn/lr 2.518e-01, val/acc 2.777e-01, val/nll 2.100e+00
[2023-02-19 17:17:07] [Epoch    54/  200] trn/loss 1.602e+00, trn/lr 2.501e-01, val/acc 3.160e-01, val/nll 2.018e+00
[2023-02-19 17:17:15] [Epoch    55/  200] trn/loss 1.618e+00, trn/lr 2.483e-01, val/acc 3.021e-01, val/nll 1.847e+00
[2023-02-19 17:17:22] [Epoch    56/  200] trn/loss 1.585e+00, trn/lr 2.465e-01, val/acc 2.663e-01, val/nll 2.362e+00
[2023-02-19 17:17:29] [Epoch    57/  200] trn/loss 1.557e+00, trn/lr 2.447e-01, val/acc 3.744e-01, val/nll 1.753e+00
[2023-02-19 17:17:36] [Epoch    58/  200] trn/loss 1.587e+00, trn/lr 2.429e-01, val/acc 2.936e-01, val/nll 2.623e+00
[2023-02-19 17:17:43] [Epoch    59/  200] trn/loss 1.599e+00, trn/lr 2.410e-01, val/acc 2.476e-01, val/nll 2.323e+00
[2023-02-19 17:17:50] [Epoch    60/  200] trn/loss 1.566e+00, trn/lr 2.391e-01, val/acc 3.712e-01, val/nll 1.709e+00
[2023-02-19 17:17:58] [Epoch    61/  200] trn/loss 1.558e+00, trn/lr 2.372e-01, val/acc 2.426e-01, val/nll 3.045e+00
[2023-02-19 17:18:05] [Epoch    62/  200] trn/loss 1.591e+00, trn/lr 2.353e-01, val/acc 2.827e-01, val/nll 2.745e+00
[2023-02-19 17:18:12] [Epoch    63/  200] trn/loss 1.634e+00, trn/lr 2.333e-01, val/acc 2.691e-01, val/nll 2.144e+00
[2023-02-19 17:18:19] [Epoch    64/  200] trn/loss 1.601e+00, trn/lr 2.314e-01, val/acc 2.757e-01, val/nll 1.922e+00
[2023-02-19 17:18:26] [Epoch    65/  200] trn/loss 1.603e+00, trn/lr 2.294e-01, val/acc 2.290e-01, val/nll 2.348e+00
[2023-02-19 17:18:34] [Epoch    66/  200] trn/loss 1.590e+00, trn/lr 2.274e-01, val/acc 3.777e-01, val/nll 1.673e+00
[2023-02-19 17:18:41] [Epoch    67/  200] trn/loss 1.586e+00, trn/lr 2.253e-01, val/acc 2.728e-01, val/nll 2.022e+00
[2023-02-19 17:18:48] [Epoch    68/  200] trn/loss 1.577e+00, trn/lr 2.233e-01, val/acc 2.927e-01, val/nll 3.417e+00
[2023-02-19 17:18:55] [Epoch    69/  200] trn/loss 1.565e+00, trn/lr 2.212e-01, val/acc 3.515e-01, val/nll 1.873e+00
[2023-02-19 17:19:02] [Epoch    70/  200] trn/loss 1.563e+00, trn/lr 2.192e-01, val/acc 2.842e-01, val/nll 2.172e+00
[2023-02-19 17:19:09] [Epoch    71/  200] trn/loss 1.650e+00, trn/lr 2.171e-01, val/acc 3.023e-01, val/nll 1.895e+00
[2023-02-19 17:19:17] [Epoch    72/  200] trn/loss 1.645e+00, trn/lr 2.149e-01, val/acc 3.396e-01, val/nll 1.871e+00
[2023-02-19 17:19:24] [Epoch    73/  200] trn/loss 1.623e+00, trn/lr 2.128e-01, val/acc 3.086e-01, val/nll 1.841e+00
[2023-02-19 17:19:31] [Epoch    74/  200] trn/loss 1.640e+00, trn/lr 2.107e-01, val/acc 3.011e-01, val/nll 2.085e+00
[2023-02-19 17:19:38] [Epoch    75/  200] trn/loss 1.633e+00, trn/lr 2.085e-01, val/acc 2.019e-01, val/nll 2.298e+00
[2023-02-19 17:19:45] [Epoch    76/  200] trn/loss 1.624e+00, trn/lr 2.063e-01, val/acc 1.793e-01, val/nll 2.650e+00
[2023-02-19 17:19:53] [Epoch    77/  200] trn/loss 1.599e+00, trn/lr 2.041e-01, val/acc 2.570e-01, val/nll 2.503e+00
[2023-02-19 17:20:00] [Epoch    78/  200] trn/loss 1.590e+00, trn/lr 2.019e-01, val/acc 3.048e-01, val/nll 2.127e+00
[2023-02-19 17:20:07] [Epoch    79/  200] trn/loss 1.619e+00, trn/lr 1.997e-01, val/acc 2.579e-01, val/nll 2.368e+00
[2023-02-19 17:20:14] [Epoch    80/  200] trn/loss 1.598e+00, trn/lr 1.975e-01, val/acc 3.169e-01, val/nll 1.967e+00
[2023-02-19 17:20:21] [Epoch    81/  200] trn/loss 1.585e+00, trn/lr 1.952e-01, val/acc 2.997e-01, val/nll 2.205e+00
[2023-02-19 17:20:29] [Epoch    82/  200] trn/loss 1.624e+00, trn/lr 1.930e-01, val/acc 2.677e-01, val/nll 2.231e+00
[2023-02-19 17:20:36] [Epoch    83/  200] trn/loss 1.630e+00, trn/lr 1.907e-01, val/acc 2.246e-01, val/nll 4.031e+00
[2023-02-19 17:20:43] [Epoch    84/  200] trn/loss 1.636e+00, trn/lr 1.885e-01, val/acc 3.104e-01, val/nll 1.774e+00
[2023-02-19 17:20:50] [Epoch    85/  200] trn/loss 1.622e+00, trn/lr 1.862e-01, val/acc 2.262e-01, val/nll 2.077e+00
[2023-02-19 17:20:57] [Epoch    86/  200] trn/loss 1.577e+00, trn/lr 1.839e-01, val/acc 3.054e-01, val/nll 1.985e+00
[2023-02-19 17:21:04] [Epoch    87/  200] trn/loss 1.591e+00, trn/lr 1.816e-01, val/acc 3.681e-01, val/nll 1.898e+00
[2023-02-19 17:21:12] [Epoch    88/  200] trn/loss 1.555e+00, trn/lr 1.793e-01, val/acc 1.418e-01, val/nll 5.336e+00
[2023-02-19 17:21:19] [Epoch    89/  200] trn/loss 1.591e+00, trn/lr 1.770e-01, val/acc 3.125e-01, val/nll 2.022e+00
[2023-02-19 17:21:26] [Epoch    90/  200] trn/loss 1.565e+00, trn/lr 1.746e-01, val/acc 2.311e-01, val/nll 2.956e+00
[2023-02-19 17:21:33] [Epoch    91/  200] trn/loss 1.531e+00, trn/lr 1.723e-01, val/acc 3.647e-01, val/nll 2.179e+00
[2023-02-19 17:21:40] [Epoch    92/  200] trn/loss 1.563e+00, trn/lr 1.700e-01, val/acc 2.719e-01, val/nll 2.811e+00
[2023-02-19 17:21:48] [Epoch    93/  200] trn/loss 1.525e+00, trn/lr 1.676e-01, val/acc 4.267e-01, val/nll 1.557e+00 (best_acc: 3.992e-01 -> 4.267e-01, test_acc: 4.297e-01, test_nll: 1.557e+00)
[2023-02-19 17:21:56] [Epoch    94/  200] trn/loss 1.528e+00, trn/lr 1.653e-01, val/acc 3.060e-01, val/nll 2.113e+00
[2023-02-19 17:22:03] [Epoch    95/  200] trn/loss 1.523e+00, trn/lr 1.630e-01, val/acc 4.123e-01, val/nll 1.685e+00
[2023-02-19 17:22:10] [Epoch    96/  200] trn/loss 1.527e+00, trn/lr 1.606e-01, val/acc 3.614e-01, val/nll 1.943e+00
[2023-02-19 17:22:17] [Epoch    97/  200] trn/loss 1.522e+00, trn/lr 1.582e-01, val/acc 4.128e-01, val/nll 1.741e+00
[2023-02-19 17:22:24] [Epoch    98/  200] trn/loss 1.513e+00, trn/lr 1.559e-01, val/acc 3.191e-01, val/nll 1.842e+00
[2023-02-19 17:22:32] [Epoch    99/  200] trn/loss 1.519e+00, trn/lr 1.535e-01, val/acc 2.646e-01, val/nll 1.961e+00
[2023-02-19 17:22:39] [Epoch   100/  200] trn/loss 1.482e+00, trn/lr 1.512e-01, val/acc 3.299e-01, val/nll 2.077e+00
[2023-02-19 17:22:46] [Epoch   101/  200] trn/loss 1.453e+00, trn/lr 1.488e-01, val/acc 3.532e-01, val/nll 1.832e+00
[2023-02-19 17:22:53] [Epoch   102/  200] trn/loss 1.472e+00, trn/lr 1.465e-01, val/acc 2.625e-01, val/nll 2.870e+00
[2023-02-19 17:23:01] [Epoch   103/  200] trn/loss 1.430e+00, trn/lr 1.441e-01, val/acc 4.503e-01, val/nll 1.474e+00 (best_acc: 4.267e-01 -> 4.503e-01, test_acc: 4.445e-01, test_nll: 1.486e+00)
[2023-02-19 17:23:08] [Epoch   104/  200] trn/loss 1.429e+00, trn/lr 1.418e-01, val/acc 3.819e-01, val/nll 1.637e+00
[2023-02-19 17:23:15] [Epoch   105/  200] trn/loss 1.455e+00, trn/lr 1.394e-01, val/acc 4.048e-01, val/nll 1.645e+00
[2023-02-19 17:23:23] [Epoch   106/  200] trn/loss 1.402e+00, trn/lr 1.371e-01, val/acc 4.100e-01, val/nll 1.613e+00
[2023-02-19 17:23:30] [Epoch   107/  200] trn/loss 1.390e+00, trn/lr 1.347e-01, val/acc 3.942e-01, val/nll 1.754e+00
[2023-02-19 17:23:38] [Epoch   108/  200] trn/loss 1.406e+00, trn/lr 1.324e-01, val/acc 4.697e-01, val/nll 1.517e+00 (best_acc: 4.503e-01 -> 4.697e-01, test_acc: 4.588e-01, test_nll: 1.541e+00)
[2023-02-19 17:23:45] [Epoch   109/  200] trn/loss 1.400e+00, trn/lr 1.300e-01, val/acc 3.951e-01, val/nll 1.846e+00
[2023-02-19 17:23:52] [Epoch   110/  200] trn/loss 1.397e+00, trn/lr 1.277e-01, val/acc 3.508e-01, val/nll 1.768e+00
[2023-02-19 17:23:59] [Epoch   111/  200] trn/loss 1.377e+00, trn/lr 1.254e-01, val/acc 3.387e-01, val/nll 1.921e+00
[2023-02-19 17:24:07] [Epoch   112/  200] trn/loss 1.390e+00, trn/lr 1.231e-01, val/acc 2.342e-01, val/nll 4.659e+00
[2023-02-19 17:24:14] [Epoch   113/  200] trn/loss 1.459e+00, trn/lr 1.207e-01, val/acc 3.041e-01, val/nll 2.923e+00
[2023-02-19 17:24:21] [Epoch   114/  200] trn/loss 1.419e+00, trn/lr 1.184e-01, val/acc 3.054e-01, val/nll 2.068e+00
[2023-02-19 17:24:29] [Epoch   115/  200] trn/loss 1.387e+00, trn/lr 1.161e-01, val/acc 4.826e-01, val/nll 1.444e+00 (best_acc: 4.697e-01 -> 4.826e-01, test_acc: 4.806e-01, test_nll: 1.448e+00)
[2023-02-19 17:24:36] [Epoch   116/  200] trn/loss 1.378e+00, trn/lr 1.138e-01, val/acc 3.560e-01, val/nll 1.950e+00
[2023-02-19 17:24:43] [Epoch   117/  200] trn/loss 1.396e+00, trn/lr 1.116e-01, val/acc 3.861e-01, val/nll 1.826e+00
[2023-02-19 17:24:50] [Epoch   118/  200] trn/loss 1.367e+00, trn/lr 1.093e-01, val/acc 4.545e-01, val/nll 1.532e+00
[2023-02-19 17:24:58] [Epoch   119/  200] trn/loss 1.361e+00, trn/lr 1.070e-01, val/acc 4.333e-01, val/nll 1.644e+00
[2023-02-19 17:25:05] [Epoch   120/  200] trn/loss 1.338e+00, trn/lr 1.048e-01, val/acc 3.472e-01, val/nll 2.264e+00
[2023-02-19 17:25:12] [Epoch   121/  200] trn/loss 1.359e+00, trn/lr 1.025e-01, val/acc 3.903e-01, val/nll 1.774e+00
[2023-02-19 17:25:19] [Epoch   122/  200] trn/loss 1.340e+00, trn/lr 1.003e-01, val/acc 4.103e-01, val/nll 1.706e+00
[2023-02-19 17:25:26] [Epoch   123/  200] trn/loss 1.352e+00, trn/lr 9.809e-02, val/acc 2.528e-01, val/nll 2.309e+00
[2023-02-19 17:25:34] [Epoch   124/  200] trn/loss 1.340e+00, trn/lr 9.589e-02, val/acc 3.423e-01, val/nll 2.170e+00
[2023-02-19 17:25:41] [Epoch   125/  200] trn/loss 1.371e+00, trn/lr 9.370e-02, val/acc 2.963e-01, val/nll 2.822e+00
[2023-02-19 17:25:48] [Epoch   126/  200] trn/loss 1.349e+00, trn/lr 9.152e-02, val/acc 4.618e-01, val/nll 1.571e+00
[2023-02-19 17:25:55] [Epoch   127/  200] trn/loss 1.342e+00, trn/lr 8.936e-02, val/acc 4.295e-01, val/nll 1.699e+00
[2023-02-19 17:26:03] [Epoch   128/  200] trn/loss 1.328e+00, trn/lr 8.721e-02, val/acc 3.044e-01, val/nll 2.872e+00
[2023-02-19 17:26:10] [Epoch   129/  200] trn/loss 1.320e+00, trn/lr 8.508e-02, val/acc 3.333e-01, val/nll 2.885e+00
[2023-02-19 17:26:17] [Epoch   130/  200] trn/loss 1.322e+00, trn/lr 8.296e-02, val/acc 4.660e-01, val/nll 1.509e+00
[2023-02-19 17:26:24] [Epoch   131/  200] trn/loss 1.321e+00, trn/lr 8.086e-02, val/acc 4.594e-01, val/nll 1.555e+00
[2023-02-19 17:26:31] [Epoch   132/  200] trn/loss 1.306e+00, trn/lr 7.878e-02, val/acc 4.406e-01, val/nll 1.713e+00
[2023-02-19 17:26:38] [Epoch   133/  200] trn/loss 1.274e+00, trn/lr 7.671e-02, val/acc 3.851e-01, val/nll 2.359e+00
[2023-02-19 17:26:46] [Epoch   134/  200] trn/loss 1.321e+00, trn/lr 7.467e-02, val/acc 4.738e-01, val/nll 1.457e+00
[2023-02-19 17:26:54] [Epoch   135/  200] trn/loss 1.288e+00, trn/lr 7.264e-02, val/acc 5.091e-01, val/nll 1.352e+00 (best_acc: 4.826e-01 -> 5.091e-01, test_acc: 5.084e-01, test_nll: 1.364e+00)
[2023-02-19 17:27:02] [Epoch   136/  200] trn/loss 1.287e+00, trn/lr 7.063e-02, val/acc 5.278e-01, val/nll 1.340e+00 (best_acc: 5.091e-01 -> 5.278e-01, test_acc: 5.253e-01, test_nll: 1.349e+00)
[2023-02-19 17:27:09] [Epoch   137/  200] trn/loss 1.281e+00, trn/lr 6.864e-02, val/acc 4.994e-01, val/nll 1.363e+00
[2023-02-19 17:27:17] [Epoch   138/  200] trn/loss 1.232e+00, trn/lr 6.667e-02, val/acc 5.548e-01, val/nll 1.271e+00 (best_acc: 5.278e-01 -> 5.548e-01, test_acc: 5.423e-01, test_nll: 1.288e+00)
[2023-02-19 17:27:24] [Epoch   139/  200] trn/loss 1.236e+00, trn/lr 6.472e-02, val/acc 5.056e-01, val/nll 1.372e+00
[2023-02-19 17:27:31] [Epoch   140/  200] trn/loss 1.232e+00, trn/lr 6.279e-02, val/acc 5.063e-01, val/nll 1.360e+00
[2023-02-19 17:27:38] [Epoch   141/  200] trn/loss 1.223e+00, trn/lr 6.089e-02, val/acc 4.866e-01, val/nll 1.519e+00
[2023-02-19 17:27:46] [Epoch   142/  200] trn/loss 1.215e+00, trn/lr 5.900e-02, val/acc 5.271e-01, val/nll 1.329e+00
[2023-02-19 17:27:53] [Epoch   143/  200] trn/loss 1.210e+00, trn/lr 5.714e-02, val/acc 3.980e-01, val/nll 2.154e+00
[2023-02-19 17:28:00] [Epoch   144/  200] trn/loss 1.195e+00, trn/lr 5.530e-02, val/acc 5.256e-01, val/nll 1.401e+00
[2023-02-19 17:28:07] [Epoch   145/  200] trn/loss 1.148e+00, trn/lr 5.349e-02, val/acc 4.129e-01, val/nll 2.613e+00
[2023-02-19 17:28:14] [Epoch   146/  200] trn/loss 1.150e+00, trn/lr 5.170e-02, val/acc 4.603e-01, val/nll 1.433e+00
[2023-02-19 17:28:22] [Epoch   147/  200] trn/loss 1.158e+00, trn/lr 4.993e-02, val/acc 4.983e-01, val/nll 1.551e+00
[2023-02-19 17:28:29] [Epoch   148/  200] trn/loss 1.136e+00, trn/lr 4.819e-02, val/acc 5.198e-01, val/nll 1.338e+00
[2023-02-19 17:28:37] [Epoch   149/  200] trn/loss 1.142e+00, trn/lr 4.647e-02, val/acc 5.658e-01, val/nll 1.241e+00 (best_acc: 5.548e-01 -> 5.658e-01, test_acc: 5.689e-01, test_nll: 1.242e+00)
[2023-02-19 17:28:44] [Epoch   150/  200] trn/loss 1.134e+00, trn/lr 4.478e-02, val/acc 5.434e-01, val/nll 1.477e+00
[2023-02-19 17:28:51] [Epoch   151/  200] trn/loss 1.101e+00, trn/lr 4.311e-02, val/acc 5.594e-01, val/nll 1.314e+00
[2023-02-19 17:28:58] [Epoch   152/  200] trn/loss 1.085e+00, trn/lr 4.147e-02, val/acc 4.075e-01, val/nll 1.938e+00
[2023-02-19 17:29:06] [Epoch   153/  200] trn/loss 1.080e+00, trn/lr 3.986e-02, val/acc 6.108e-01, val/nll 1.071e+00 (best_acc: 5.658e-01 -> 6.108e-01, test_acc: 6.029e-01, test_nll: 1.077e+00)
[2023-02-19 17:29:14] [Epoch   154/  200] trn/loss 1.086e+00, trn/lr 3.827e-02, val/acc 5.238e-01, val/nll 1.501e+00
[2023-02-19 17:29:21] [Epoch   155/  200] trn/loss 1.081e+00, trn/lr 3.671e-02, val/acc 5.947e-01, val/nll 1.140e+00
[2023-02-19 17:29:29] [Epoch   156/  200] trn/loss 1.050e+00, trn/lr 3.518e-02, val/acc 6.292e-01, val/nll 1.021e+00 (best_acc: 6.108e-01 -> 6.292e-01, test_acc: 6.297e-01, test_nll: 1.037e+00)
[2023-02-19 17:29:37] [Epoch   157/  200] trn/loss 1.015e+00, trn/lr 3.368e-02, val/acc 6.452e-01, val/nll 1.002e+00 (best_acc: 6.292e-01 -> 6.452e-01, test_acc: 6.336e-01, test_nll: 1.009e+00)
[2023-02-19 17:29:44] [Epoch   158/  200] trn/loss 1.003e+00, trn/lr 3.221e-02, val/acc 5.986e-01, val/nll 1.186e+00
[2023-02-19 17:29:51] [Epoch   159/  200] trn/loss 9.855e-01, trn/lr 3.076e-02, val/acc 5.966e-01, val/nll 1.141e+00
[2023-02-19 17:29:58] [Epoch   160/  200] trn/loss 9.939e-01, trn/lr 2.935e-02, val/acc 6.235e-01, val/nll 1.096e+00
[2023-02-19 17:30:05] [Epoch   161/  200] trn/loss 9.866e-01, trn/lr 2.796e-02, val/acc 5.537e-01, val/nll 1.298e+00
[2023-02-19 17:30:14] [Epoch   162/  200] trn/loss 9.624e-01, trn/lr 2.661e-02, val/acc 6.556e-01, val/nll 9.761e-01 (best_acc: 6.452e-01 -> 6.556e-01, test_acc: 6.535e-01, test_nll: 9.948e-01)
[2023-02-19 17:30:21] [Epoch   163/  200] trn/loss 9.456e-01, trn/lr 2.528e-02, val/acc 5.544e-01, val/nll 1.412e+00
[2023-02-19 17:30:28] [Epoch   164/  200] trn/loss 9.448e-01, trn/lr 2.399e-02, val/acc 5.458e-01, val/nll 1.488e+00
[2023-02-19 17:30:35] [Epoch   165/  200] trn/loss 9.333e-01, trn/lr 2.273e-02, val/acc 6.544e-01, val/nll 9.725e-01
[2023-02-19 17:30:43] [Epoch   166/  200] trn/loss 9.074e-01, trn/lr 2.150e-02, val/acc 6.827e-01, val/nll 9.042e-01 (best_acc: 6.556e-01 -> 6.827e-01, test_acc: 6.672e-01, test_nll: 9.390e-01)
[2023-02-19 17:30:50] [Epoch   167/  200] trn/loss 8.932e-01, trn/lr 2.030e-02, val/acc 6.799e-01, val/nll 8.944e-01
[2023-02-19 17:30:58] [Epoch   168/  200] trn/loss 8.831e-01, trn/lr 1.913e-02, val/acc 7.114e-01, val/nll 8.177e-01 (best_acc: 6.827e-01 -> 7.114e-01, test_acc: 7.031e-01, test_nll: 8.453e-01)
[2023-02-19 17:31:05] [Epoch   169/  200] trn/loss 8.718e-01, trn/lr 1.800e-02, val/acc 5.967e-01, val/nll 1.264e+00
[2023-02-19 17:31:13] [Epoch   170/  200] trn/loss 8.756e-01, trn/lr 1.689e-02, val/acc 6.919e-01, val/nll 8.662e-01
[2023-02-19 17:31:20] [Epoch   171/  200] trn/loss 8.571e-01, trn/lr 1.582e-02, val/acc 6.902e-01, val/nll 8.920e-01
[2023-02-19 17:31:27] [Epoch   172/  200] trn/loss 8.513e-01, trn/lr 1.479e-02, val/acc 7.090e-01, val/nll 8.372e-01
[2023-02-19 17:31:35] [Epoch   173/  200] trn/loss 8.355e-01, trn/lr 1.378e-02, val/acc 7.168e-01, val/nll 8.115e-01 (best_acc: 7.114e-01 -> 7.168e-01, test_acc: 7.097e-01, test_nll: 8.440e-01)
[2023-02-19 17:31:42] [Epoch   174/  200] trn/loss 8.173e-01, trn/lr 1.281e-02, val/acc 7.122e-01, val/nll 8.300e-01
[2023-02-19 17:31:49] [Epoch   175/  200] trn/loss 8.013e-01, trn/lr 1.188e-02, val/acc 6.990e-01, val/nll 8.702e-01
[2023-02-19 17:31:56] [Epoch   176/  200] trn/loss 7.894e-01, trn/lr 1.098e-02, val/acc 6.889e-01, val/nll 9.490e-01
[2023-02-19 17:32:04] [Epoch   177/  200] trn/loss 7.847e-01, trn/lr 1.011e-02, val/acc 6.784e-01, val/nll 9.065e-01
[2023-02-19 17:32:11] [Epoch   178/  200] trn/loss 7.647e-01, trn/lr 9.275e-03, val/acc 7.200e-01, val/nll 8.111e-01 (best_acc: 7.168e-01 -> 7.200e-01, test_acc: 7.095e-01, test_nll: 8.485e-01)
[2023-02-19 17:32:19] [Epoch   179/  200] trn/loss 7.616e-01, trn/lr 8.477e-03, val/acc 6.986e-01, val/nll 8.727e-01
[2023-02-19 17:32:27] [Epoch   180/  200] trn/loss 7.492e-01, trn/lr 7.714e-03, val/acc 7.312e-01, val/nll 7.683e-01 (best_acc: 7.200e-01 -> 7.312e-01, test_acc: 7.263e-01, test_nll: 7.928e-01)
[2023-02-19 17:32:34] [Epoch   181/  200] trn/loss 7.330e-01, trn/lr 6.986e-03, val/acc 7.364e-01, val/nll 7.529e-01 (best_acc: 7.312e-01 -> 7.364e-01, test_acc: 7.269e-01, test_nll: 7.851e-01)
[2023-02-19 17:32:42] [Epoch   182/  200] trn/loss 7.165e-01, trn/lr 6.293e-03, val/acc 7.420e-01, val/nll 7.265e-01 (best_acc: 7.364e-01 -> 7.420e-01, test_acc: 7.366e-01, test_nll: 7.588e-01)
[2023-02-19 17:32:50] [Epoch   183/  200] trn/loss 7.128e-01, trn/lr 5.635e-03, val/acc 7.741e-01, val/nll 6.437e-01 (best_acc: 7.420e-01 -> 7.741e-01, test_acc: 7.679e-01, test_nll: 6.651e-01)
[2023-02-19 17:32:58] [Epoch   184/  200] trn/loss 6.892e-01, trn/lr 5.013e-03, val/acc 7.771e-01, val/nll 6.478e-01 (best_acc: 7.741e-01 -> 7.771e-01, test_acc: 7.739e-01, test_nll: 6.721e-01)
[2023-02-19 17:33:06] [Epoch   185/  200] trn/loss 6.757e-01, trn/lr 4.427e-03, val/acc 7.613e-01, val/nll 6.871e-01
[2023-02-19 17:33:13] [Epoch   186/  200] trn/loss 6.708e-01, trn/lr 3.877e-03, val/acc 7.489e-01, val/nll 7.232e-01
[2023-02-19 17:33:21] [Epoch   187/  200] trn/loss 6.733e-01, trn/lr 3.363e-03, val/acc 7.835e-01, val/nll 6.137e-01 (best_acc: 7.771e-01 -> 7.835e-01, test_acc: 7.771e-01, test_nll: 6.397e-01)
[2023-02-19 17:33:29] [Epoch   188/  200] trn/loss 6.415e-01, trn/lr 2.885e-03, val/acc 7.951e-01, val/nll 5.971e-01 (best_acc: 7.835e-01 -> 7.951e-01, test_acc: 7.870e-01, test_nll: 6.236e-01)
[2023-02-19 17:33:37] [Epoch   189/  200] trn/loss 6.284e-01, trn/lr 2.444e-03, val/acc 7.967e-01, val/nll 5.807e-01 (best_acc: 7.951e-01 -> 7.967e-01, test_acc: 7.943e-01, test_nll: 5.991e-01)
[2023-02-19 17:33:45] [Epoch   190/  200] trn/loss 6.144e-01, trn/lr 2.038e-03, val/acc 8.006e-01, val/nll 5.732e-01 (best_acc: 7.967e-01 -> 8.006e-01, test_acc: 7.939e-01, test_nll: 5.933e-01)
[2023-02-19 17:33:53] [Epoch   191/  200] trn/loss 6.068e-01, trn/lr 1.670e-03, val/acc 8.028e-01, val/nll 5.705e-01 (best_acc: 8.006e-01 -> 8.028e-01, test_acc: 7.967e-01, test_nll: 5.914e-01)
[2023-02-19 17:34:00] [Epoch   192/  200] trn/loss 5.953e-01, trn/lr 1.338e-03, val/acc 7.927e-01, val/nll 5.875e-01
[2023-02-19 17:34:08] [Epoch   193/  200] trn/loss 5.857e-01, trn/lr 1.042e-03, val/acc 8.082e-01, val/nll 5.478e-01 (best_acc: 8.028e-01 -> 8.082e-01, test_acc: 8.009e-01, test_nll: 5.684e-01)
[2023-02-19 17:34:16] [Epoch   194/  200] trn/loss 5.765e-01, trn/lr 7.835e-04, val/acc 8.143e-01, val/nll 5.359e-01 (best_acc: 8.082e-01 -> 8.143e-01, test_acc: 8.074e-01, test_nll: 5.561e-01)
[2023-02-19 17:34:23] [Epoch   195/  200] trn/loss 5.659e-01, trn/lr 5.616e-04, val/acc 8.105e-01, val/nll 5.443e-01
[2023-02-19 17:34:30] [Epoch   196/  200] trn/loss 5.576e-01, trn/lr 3.766e-04, val/acc 8.133e-01, val/nll 5.274e-01
[2023-02-19 17:34:38] [Epoch   197/  200] trn/loss 5.535e-01, trn/lr 2.286e-04, val/acc 8.174e-01, val/nll 5.185e-01 (best_acc: 8.143e-01 -> 8.174e-01, test_acc: 8.139e-01, test_nll: 5.390e-01)
[2023-02-19 17:34:46] [Epoch   198/  200] trn/loss 5.498e-01, trn/lr 1.175e-04, val/acc 8.175e-01, val/nll 5.186e-01 (best_acc: 8.174e-01 -> 8.175e-01, test_acc: 8.144e-01, test_nll: 5.392e-01)
[2023-02-19 17:34:53] [Epoch   199/  200] trn/loss 5.475e-01, trn/lr 4.335e-05, val/acc 8.169e-01, val/nll 5.181e-01
[2023-02-19 17:35:01] [Epoch   200/  200] trn/loss 5.451e-01, trn/lr 6.226e-06, val/acc 8.162e-01, val/nll 5.180e-01
