[2023-02-15 10:22:47] Environments:
------------  ------------------------------------------------------------
sys.platform  linux
Python        3.8.10 (default, Nov 14 2022, 12:59:47) [GCC 9.4.0]
JAX           0.4.2 @/home/giung/.local/lib/python3.8/site-packages/jax
jaxlib        0.4.2 @/home/giung/.local/lib/python3.8/site-packages/jaxlib
Flax          0.6.4 @/home/giung/.local/lib/python3.8/site-packages/flax
Optax         0.1.4 @/home/giung/.local/lib/python3.8/site-packages/optax
------------  ------------------------------------------------------------

[2023-02-15 10:22:47] Command line arguments:
- args.data_root          : ./data/
- args.data_name          : CIFAR100_x32
- args.data_augmentation  : standard
- args.data_proportional  : 1.0
- args.model_depth        : 20
- args.model_width        : 4
- args.model_style        : BN-ReLU
- args.optim_bs           : 256
- args.optim_ne           : 200
- args.optim_lr           : 0.3
- args.optim_b1           : 0.97
- args.optim_b2           : 0.999
- args.optim_eps          : 0.1
- args.optim_weight_decay : 0.003
- args.rho                : 0.01
- args.num_data_factor    : 4.0
- args.save               : /home/giung/giung2-dev/projects/sam/save/CIFAR100_x32/R20x4-BN-ReLU/BayesSAM/bs-0256_ne-0200_lr-0.30_b1-0.970_b2-0.999_wd-0.0030_eps-1e-1_rho-0.0100_factor-4.0_fp32/42
- args.seed               : 42
- args.precision          : fp32

[2023-02-15 10:23:01] Multiple local devices are detected:
[TpuDevice(id=0, process_index=0, coords=(0,0,0), core_on_chip=0), TpuDevice(id=1, process_index=0, coords=(0,0,0), core_on_chip=1), TpuDevice(id=2, process_index=0, coords=(1,0,0), core_on_chip=0), TpuDevice(id=3, process_index=0, coords=(1,0,0), core_on_chip=1), TpuDevice(id=4, process_index=0, coords=(0,1,0), core_on_chip=0), TpuDevice(id=5, process_index=0, coords=(0,1,0), core_on_chip=1), TpuDevice(id=6, process_index=0, coords=(1,1,0), core_on_chip=0), TpuDevice(id=7, process_index=0, coords=(1,1,0), core_on_chip=1)]

[2023-02-15 10:24:12] [Epoch     1/  200] trn/loss 4.608e+00, trn/lr 3.000e-01, trn/scale 9.324e-01, val/acc 7.633e-02, val/nll 4.150e+00 (best_acc: 0.000e+00 -> 7.633e-02, test_acc: 8.170e-02, test_nll: 4.123e+00)
[2023-02-15 10:24:21] [Epoch     2/  200] trn/loss 3.884e+00, trn/lr 3.000e-01, trn/scale 8.098e-01, val/acc 1.265e-01, val/nll 3.720e+00 (best_acc: 7.633e-02 -> 1.265e-01, test_acc: 1.337e-01, test_nll: 3.695e+00)
[2023-02-15 10:24:30] [Epoch     3/  200] trn/loss 3.523e+00, trn/lr 2.999e-01, trn/scale 7.054e-01, val/acc 1.916e-01, val/nll 3.349e+00 (best_acc: 1.265e-01 -> 1.916e-01, test_acc: 1.992e-01, test_nll: 3.321e+00)
[2023-02-15 10:24:40] [Epoch     4/  200] trn/loss 3.179e+00, trn/lr 2.998e-01, trn/scale 6.164e-01, val/acc 2.147e-01, val/nll 3.287e+00 (best_acc: 1.916e-01 -> 2.147e-01, test_acc: 2.200e-01, test_nll: 3.248e+00)
[2023-02-15 10:24:49] [Epoch     5/  200] trn/loss 2.898e+00, trn/lr 2.996e-01, trn/scale 5.406e-01, val/acc 2.523e-01, val/nll 3.027e+00 (best_acc: 2.147e-01 -> 2.523e-01, test_acc: 2.583e-01, test_nll: 2.997e+00)
[2023-02-15 10:24:58] [Epoch     6/  200] trn/loss 2.662e+00, trn/lr 2.994e-01, trn/scale 4.760e-01, val/acc 2.931e-01, val/nll 2.708e+00 (best_acc: 2.523e-01 -> 2.931e-01, test_acc: 3.022e-01, test_nll: 2.654e+00)
[2023-02-15 10:25:08] [Epoch     7/  200] trn/loss 2.489e+00, trn/lr 2.992e-01, trn/scale 4.210e-01, val/acc 2.996e-01, val/nll 2.792e+00 (best_acc: 2.931e-01 -> 2.996e-01, test_acc: 3.074e-01, test_nll: 2.761e+00)
[2023-02-15 10:25:17] [Epoch     8/  200] trn/loss 2.373e+00, trn/lr 2.990e-01, trn/scale 3.741e-01, val/acc 3.311e-01, val/nll 2.547e+00 (best_acc: 2.996e-01 -> 3.311e-01, test_acc: 3.333e-01, test_nll: 2.535e+00)
[2023-02-15 10:25:25] [Epoch     9/  200] trn/loss 2.251e+00, trn/lr 2.987e-01, trn/scale 3.342e-01, val/acc 2.831e-01, val/nll 2.869e+00
[2023-02-15 10:25:34] [Epoch    10/  200] trn/loss 2.222e+00, trn/lr 2.983e-01, trn/scale 3.001e-01, val/acc 3.493e-01, val/nll 2.520e+00 (best_acc: 3.311e-01 -> 3.493e-01, test_acc: 3.535e-01, test_nll: 2.517e+00)
[2023-02-15 10:25:44] [Epoch    11/  200] trn/loss 2.172e+00, trn/lr 2.980e-01, trn/scale 2.711e-01, val/acc 3.512e-01, val/nll 2.558e+00 (best_acc: 3.493e-01 -> 3.512e-01, test_acc: 3.525e-01, test_nll: 2.522e+00)
[2023-02-15 10:25:53] [Epoch    12/  200] trn/loss 2.168e+00, trn/lr 2.976e-01, trn/scale 2.464e-01, val/acc 3.540e-01, val/nll 2.494e+00 (best_acc: 3.512e-01 -> 3.540e-01, test_acc: 3.596e-01, test_nll: 2.474e+00)
[2023-02-15 10:26:01] [Epoch    13/  200] trn/loss 2.151e+00, trn/lr 2.971e-01, trn/scale 2.254e-01, val/acc 3.436e-01, val/nll 2.571e+00
[2023-02-15 10:26:09] [Epoch    14/  200] trn/loss 2.159e+00, trn/lr 2.966e-01, trn/scale 2.074e-01, val/acc 3.344e-01, val/nll 2.583e+00
[2023-02-15 10:26:18] [Epoch    15/  200] trn/loss 2.196e+00, trn/lr 2.961e-01, trn/scale 1.921e-01, val/acc 3.325e-01, val/nll 2.609e+00
[2023-02-15 10:26:26] [Epoch    16/  200] trn/loss 2.195e+00, trn/lr 2.956e-01, trn/scale 1.791e-01, val/acc 2.549e-01, val/nll 3.192e+00
[2023-02-15 10:26:34] [Epoch    17/  200] trn/loss 2.214e+00, trn/lr 2.950e-01, trn/scale 1.680e-01, val/acc 3.195e-01, val/nll 2.665e+00
[2023-02-15 10:26:42] [Epoch    18/  200] trn/loss 2.253e+00, trn/lr 2.944e-01, trn/scale 1.585e-01, val/acc 2.262e-01, val/nll 3.395e+00
[2023-02-15 10:26:51] [Epoch    19/  200] trn/loss 2.279e+00, trn/lr 2.937e-01, trn/scale 1.505e-01, val/acc 3.115e-01, val/nll 2.832e+00
[2023-02-15 10:26:59] [Epoch    20/  200] trn/loss 2.315e+00, trn/lr 2.930e-01, trn/scale 1.436e-01, val/acc 3.206e-01, val/nll 2.688e+00
[2023-02-15 10:27:07] [Epoch    21/  200] trn/loss 2.303e+00, trn/lr 2.923e-01, trn/scale 1.377e-01, val/acc 2.533e-01, val/nll 3.208e+00
[2023-02-15 10:27:15] [Epoch    22/  200] trn/loss 2.356e+00, trn/lr 2.915e-01, trn/scale 1.327e-01, val/acc 2.742e-01, val/nll 2.898e+00
[2023-02-15 10:27:24] [Epoch    23/  200] trn/loss 2.379e+00, trn/lr 2.907e-01, trn/scale 1.285e-01, val/acc 2.378e-01, val/nll 3.233e+00
[2023-02-15 10:27:32] [Epoch    24/  200] trn/loss 2.412e+00, trn/lr 2.899e-01, trn/scale 1.248e-01, val/acc 2.610e-01, val/nll 3.117e+00
[2023-02-15 10:27:40] [Epoch    25/  200] trn/loss 2.423e+00, trn/lr 2.890e-01, trn/scale 1.217e-01, val/acc 2.457e-01, val/nll 3.199e+00
[2023-02-15 10:27:48] [Epoch    26/  200] trn/loss 2.452e+00, trn/lr 2.881e-01, trn/scale 1.191e-01, val/acc 2.798e-01, val/nll 2.866e+00
[2023-02-15 10:27:56] [Epoch    27/  200] trn/loss 2.431e+00, trn/lr 2.872e-01, trn/scale 1.168e-01, val/acc 1.913e-01, val/nll 3.704e+00
[2023-02-15 10:28:05] [Epoch    28/  200] trn/loss 2.455e+00, trn/lr 2.862e-01, trn/scale 1.149e-01, val/acc 2.524e-01, val/nll 3.032e+00
[2023-02-15 10:28:13] [Epoch    29/  200] trn/loss 2.486e+00, trn/lr 2.852e-01, trn/scale 1.133e-01, val/acc 2.385e-01, val/nll 3.192e+00
[2023-02-15 10:28:21] [Epoch    30/  200] trn/loss 2.498e+00, trn/lr 2.842e-01, trn/scale 1.119e-01, val/acc 2.628e-01, val/nll 2.952e+00
[2023-02-15 10:28:29] [Epoch    31/  200] trn/loss 2.496e+00, trn/lr 2.831e-01, trn/scale 1.107e-01, val/acc 1.938e-01, val/nll 4.036e+00
[2023-02-15 10:28:38] [Epoch    32/  200] trn/loss 2.507e+00, trn/lr 2.820e-01, trn/scale 1.096e-01, val/acc 2.066e-01, val/nll 3.472e+00
[2023-02-15 10:28:46] [Epoch    33/  200] trn/loss 2.519e+00, trn/lr 2.809e-01, trn/scale 1.088e-01, val/acc 2.504e-01, val/nll 3.052e+00
[2023-02-15 10:28:54] [Epoch    34/  200] trn/loss 2.537e+00, trn/lr 2.797e-01, trn/scale 1.080e-01, val/acc 1.597e-01, val/nll 4.245e+00
[2023-02-15 10:29:02] [Epoch    35/  200] trn/loss 2.543e+00, trn/lr 2.785e-01, trn/scale 1.074e-01, val/acc 2.117e-01, val/nll 3.423e+00
[2023-02-15 10:29:11] [Epoch    36/  200] trn/loss 2.536e+00, trn/lr 2.773e-01, trn/scale 1.068e-01, val/acc 2.207e-01, val/nll 3.234e+00
[2023-02-15 10:29:19] [Epoch    37/  200] trn/loss 2.555e+00, trn/lr 2.760e-01, trn/scale 1.064e-01, val/acc 2.695e-01, val/nll 2.860e+00
[2023-02-15 10:29:27] [Epoch    38/  200] trn/loss 2.547e+00, trn/lr 2.747e-01, trn/scale 1.060e-01, val/acc 2.159e-01, val/nll 3.370e+00
[2023-02-15 10:29:35] [Epoch    39/  200] trn/loss 2.542e+00, trn/lr 2.734e-01, trn/scale 1.056e-01, val/acc 2.439e-01, val/nll 3.088e+00
[2023-02-15 10:29:44] [Epoch    40/  200] trn/loss 2.564e+00, trn/lr 2.720e-01, trn/scale 1.053e-01, val/acc 2.562e-01, val/nll 3.006e+00
[2023-02-15 10:29:52] [Epoch    41/  200] trn/loss 2.562e+00, trn/lr 2.707e-01, trn/scale 1.051e-01, val/acc 2.707e-01, val/nll 2.966e+00
[2023-02-15 10:30:00] [Epoch    42/  200] trn/loss 2.545e+00, trn/lr 2.692e-01, trn/scale 1.049e-01, val/acc 1.952e-01, val/nll 3.467e+00
[2023-02-15 10:30:08] [Epoch    43/  200] trn/loss 2.558e+00, trn/lr 2.678e-01, trn/scale 1.047e-01, val/acc 2.427e-01, val/nll 3.116e+00
[2023-02-15 10:30:16] [Epoch    44/  200] trn/loss 2.550e+00, trn/lr 2.663e-01, trn/scale 1.045e-01, val/acc 2.930e-01, val/nll 2.792e+00
[2023-02-15 10:30:25] [Epoch    45/  200] trn/loss 2.552e+00, trn/lr 2.648e-01, trn/scale 1.044e-01, val/acc 2.331e-01, val/nll 3.174e+00
[2023-02-15 10:30:33] [Epoch    46/  200] trn/loss 2.537e+00, trn/lr 2.633e-01, trn/scale 1.043e-01, val/acc 1.952e-01, val/nll 3.755e+00
[2023-02-15 10:30:41] [Epoch    47/  200] trn/loss 2.530e+00, trn/lr 2.617e-01, trn/scale 1.042e-01, val/acc 1.743e-01, val/nll 3.476e+00
[2023-02-15 10:30:49] [Epoch    48/  200] trn/loss 2.551e+00, trn/lr 2.602e-01, trn/scale 1.041e-01, val/acc 1.778e-01, val/nll 3.811e+00
[2023-02-15 10:30:58] [Epoch    49/  200] trn/loss 2.548e+00, trn/lr 2.585e-01, trn/scale 1.040e-01, val/acc 2.748e-01, val/nll 2.903e+00
[2023-02-15 10:31:06] [Epoch    50/  200] trn/loss 2.557e+00, trn/lr 2.569e-01, trn/scale 1.040e-01, val/acc 2.479e-01, val/nll 2.976e+00
[2023-02-15 10:31:14] [Epoch    51/  200] trn/loss 2.538e+00, trn/lr 2.552e-01, trn/scale 1.039e-01, val/acc 2.271e-01, val/nll 3.341e+00
[2023-02-15 10:31:22] [Epoch    52/  200] trn/loss 2.544e+00, trn/lr 2.535e-01, trn/scale 1.039e-01, val/acc 2.485e-01, val/nll 3.145e+00
[2023-02-15 10:31:30] [Epoch    53/  200] trn/loss 2.532e+00, trn/lr 2.518e-01, trn/scale 1.038e-01, val/acc 2.365e-01, val/nll 3.144e+00
[2023-02-15 10:31:39] [Epoch    54/  200] trn/loss 2.516e+00, trn/lr 2.501e-01, trn/scale 1.038e-01, val/acc 1.757e-01, val/nll 3.718e+00
[2023-02-15 10:31:47] [Epoch    55/  200] trn/loss 2.535e+00, trn/lr 2.483e-01, trn/scale 1.037e-01, val/acc 2.802e-01, val/nll 2.793e+00
[2023-02-15 10:31:55] [Epoch    56/  200] trn/loss 2.523e+00, trn/lr 2.465e-01, trn/scale 1.037e-01, val/acc 2.055e-01, val/nll 3.341e+00
[2023-02-15 10:32:03] [Epoch    57/  200] trn/loss 2.516e+00, trn/lr 2.447e-01, trn/scale 1.037e-01, val/acc 2.650e-01, val/nll 3.087e+00
[2023-02-15 10:32:12] [Epoch    58/  200] trn/loss 2.523e+00, trn/lr 2.429e-01, trn/scale 1.037e-01, val/acc 2.265e-01, val/nll 3.320e+00
[2023-02-15 10:32:20] [Epoch    59/  200] trn/loss 2.516e+00, trn/lr 2.410e-01, trn/scale 1.037e-01, val/acc 1.806e-01, val/nll 3.554e+00
[2023-02-15 10:32:28] [Epoch    60/  200] trn/loss 2.520e+00, trn/lr 2.391e-01, trn/scale 1.037e-01, val/acc 2.378e-01, val/nll 3.171e+00
[2023-02-15 10:32:36] [Epoch    61/  200] trn/loss 2.508e+00, trn/lr 2.372e-01, trn/scale 1.036e-01, val/acc 2.306e-01, val/nll 3.294e+00
[2023-02-15 10:32:45] [Epoch    62/  200] trn/loss 2.500e+00, trn/lr 2.353e-01, trn/scale 1.036e-01, val/acc 2.469e-01, val/nll 3.181e+00
[2023-02-15 10:32:53] [Epoch    63/  200] trn/loss 2.496e+00, trn/lr 2.333e-01, trn/scale 1.036e-01, val/acc 2.322e-01, val/nll 3.075e+00
[2023-02-15 10:33:01] [Epoch    64/  200] trn/loss 2.495e+00, trn/lr 2.314e-01, trn/scale 1.036e-01, val/acc 2.250e-01, val/nll 3.238e+00
[2023-02-15 10:33:09] [Epoch    65/  200] trn/loss 2.507e+00, trn/lr 2.294e-01, trn/scale 1.036e-01, val/acc 3.028e-01, val/nll 2.699e+00
[2023-02-15 10:33:18] [Epoch    66/  200] trn/loss 2.479e+00, trn/lr 2.274e-01, trn/scale 1.036e-01, val/acc 2.623e-01, val/nll 2.929e+00
[2023-02-15 10:33:26] [Epoch    67/  200] trn/loss 2.457e+00, trn/lr 2.253e-01, trn/scale 1.036e-01, val/acc 2.902e-01, val/nll 2.801e+00
[2023-02-15 10:33:34] [Epoch    68/  200] trn/loss 2.483e+00, trn/lr 2.233e-01, trn/scale 1.036e-01, val/acc 2.656e-01, val/nll 2.897e+00
[2023-02-15 10:33:42] [Epoch    69/  200] trn/loss 2.494e+00, trn/lr 2.212e-01, trn/scale 1.036e-01, val/acc 2.168e-01, val/nll 3.706e+00
[2023-02-15 10:33:51] [Epoch    70/  200] trn/loss 2.455e+00, trn/lr 2.192e-01, trn/scale 1.036e-01, val/acc 2.013e-01, val/nll 3.556e+00
[2023-02-15 10:33:59] [Epoch    71/  200] trn/loss 2.456e+00, trn/lr 2.171e-01, trn/scale 1.036e-01, val/acc 2.112e-01, val/nll 3.592e+00
[2023-02-15 10:34:07] [Epoch    72/  200] trn/loss 2.446e+00, trn/lr 2.149e-01, trn/scale 1.036e-01, val/acc 2.165e-01, val/nll 3.368e+00
[2023-02-15 10:34:15] [Epoch    73/  200] trn/loss 2.432e+00, trn/lr 2.128e-01, trn/scale 1.036e-01, val/acc 2.683e-01, val/nll 3.106e+00
[2023-02-15 10:34:23] [Epoch    74/  200] trn/loss 2.434e+00, trn/lr 2.107e-01, trn/scale 1.036e-01, val/acc 2.633e-01, val/nll 3.049e+00
[2023-02-15 10:34:32] [Epoch    75/  200] trn/loss 2.440e+00, trn/lr 2.085e-01, trn/scale 1.036e-01, val/acc 2.235e-01, val/nll 3.306e+00
[2023-02-15 10:34:40] [Epoch    76/  200] trn/loss 2.420e+00, trn/lr 2.063e-01, trn/scale 1.036e-01, val/acc 2.996e-01, val/nll 2.766e+00
[2023-02-15 10:34:48] [Epoch    77/  200] trn/loss 2.406e+00, trn/lr 2.041e-01, trn/scale 1.036e-01, val/acc 3.136e-01, val/nll 2.712e+00
[2023-02-15 10:34:56] [Epoch    78/  200] trn/loss 2.413e+00, trn/lr 2.019e-01, trn/scale 1.036e-01, val/acc 3.201e-01, val/nll 2.598e+00
[2023-02-15 10:35:05] [Epoch    79/  200] trn/loss 2.418e+00, trn/lr 1.997e-01, trn/scale 1.036e-01, val/acc 2.011e-01, val/nll 3.401e+00
[2023-02-15 10:35:13] [Epoch    80/  200] trn/loss 2.407e+00, trn/lr 1.975e-01, trn/scale 1.036e-01, val/acc 2.200e-01, val/nll 3.398e+00
[2023-02-15 10:35:21] [Epoch    81/  200] trn/loss 2.408e+00, trn/lr 1.952e-01, trn/scale 1.036e-01, val/acc 2.122e-01, val/nll 3.657e+00
[2023-02-15 10:35:29] [Epoch    82/  200] trn/loss 2.404e+00, trn/lr 1.930e-01, trn/scale 1.036e-01, val/acc 3.083e-01, val/nll 2.729e+00
[2023-02-15 10:35:38] [Epoch    83/  200] trn/loss 2.382e+00, trn/lr 1.907e-01, trn/scale 1.036e-01, val/acc 3.269e-01, val/nll 2.613e+00
[2023-02-15 10:35:46] [Epoch    84/  200] trn/loss 2.377e+00, trn/lr 1.885e-01, trn/scale 1.036e-01, val/acc 2.498e-01, val/nll 3.211e+00
[2023-02-15 10:35:54] [Epoch    85/  200] trn/loss 2.363e+00, trn/lr 1.862e-01, trn/scale 1.036e-01, val/acc 2.950e-01, val/nll 2.782e+00
[2023-02-15 10:36:02] [Epoch    86/  200] trn/loss 2.362e+00, trn/lr 1.839e-01, trn/scale 1.036e-01, val/acc 2.434e-01, val/nll 3.143e+00
[2023-02-15 10:36:11] [Epoch    87/  200] trn/loss 2.350e+00, trn/lr 1.816e-01, trn/scale 1.036e-01, val/acc 2.625e-01, val/nll 3.128e+00
[2023-02-15 10:36:19] [Epoch    88/  200] trn/loss 2.360e+00, trn/lr 1.793e-01, trn/scale 1.036e-01, val/acc 2.768e-01, val/nll 2.957e+00
[2023-02-15 10:36:27] [Epoch    89/  200] trn/loss 2.331e+00, trn/lr 1.770e-01, trn/scale 1.036e-01, val/acc 2.567e-01, val/nll 3.115e+00
[2023-02-15 10:36:35] [Epoch    90/  200] trn/loss 2.325e+00, trn/lr 1.746e-01, trn/scale 1.036e-01, val/acc 2.948e-01, val/nll 2.818e+00
[2023-02-15 10:36:43] [Epoch    91/  200] trn/loss 2.314e+00, trn/lr 1.723e-01, trn/scale 1.036e-01, val/acc 2.912e-01, val/nll 2.857e+00
[2023-02-15 10:36:53] [Epoch    92/  200] trn/loss 2.293e+00, trn/lr 1.700e-01, trn/scale 1.036e-01, val/acc 3.781e-01, val/nll 2.377e+00 (best_acc: 3.540e-01 -> 3.781e-01, test_acc: 3.792e-01, test_nll: 2.338e+00)
[2023-02-15 10:37:01] [Epoch    93/  200] trn/loss 2.288e+00, trn/lr 1.676e-01, trn/scale 1.036e-01, val/acc 2.649e-01, val/nll 2.915e+00
[2023-02-15 10:37:09] [Epoch    94/  200] trn/loss 2.298e+00, trn/lr 1.653e-01, trn/scale 1.036e-01, val/acc 3.634e-01, val/nll 2.397e+00
[2023-02-15 10:37:17] [Epoch    95/  200] trn/loss 2.280e+00, trn/lr 1.630e-01, trn/scale 1.036e-01, val/acc 3.689e-01, val/nll 2.370e+00
[2023-02-15 10:37:26] [Epoch    96/  200] trn/loss 2.281e+00, trn/lr 1.606e-01, trn/scale 1.036e-01, val/acc 3.241e-01, val/nll 2.621e+00
[2023-02-15 10:37:34] [Epoch    97/  200] trn/loss 2.264e+00, trn/lr 1.582e-01, trn/scale 1.036e-01, val/acc 2.850e-01, val/nll 2.963e+00
[2023-02-15 10:37:42] [Epoch    98/  200] trn/loss 2.271e+00, trn/lr 1.559e-01, trn/scale 1.036e-01, val/acc 2.463e-01, val/nll 3.277e+00
[2023-02-15 10:37:50] [Epoch    99/  200] trn/loss 2.241e+00, trn/lr 1.535e-01, trn/scale 1.036e-01, val/acc 3.003e-01, val/nll 2.848e+00
[2023-02-15 10:37:59] [Epoch   100/  200] trn/loss 2.255e+00, trn/lr 1.512e-01, trn/scale 1.036e-01, val/acc 3.090e-01, val/nll 2.763e+00
[2023-02-15 10:38:07] [Epoch   101/  200] trn/loss 2.225e+00, trn/lr 1.488e-01, trn/scale 1.036e-01, val/acc 3.017e-01, val/nll 2.855e+00
[2023-02-15 10:38:15] [Epoch   102/  200] trn/loss 2.224e+00, trn/lr 1.465e-01, trn/scale 1.036e-01, val/acc 3.002e-01, val/nll 2.912e+00
[2023-02-15 10:38:23] [Epoch   103/  200] trn/loss 2.228e+00, trn/lr 1.441e-01, trn/scale 1.036e-01, val/acc 2.545e-01, val/nll 3.082e+00
[2023-02-15 10:38:32] [Epoch   104/  200] trn/loss 2.207e+00, trn/lr 1.418e-01, trn/scale 1.036e-01, val/acc 3.482e-01, val/nll 2.558e+00
[2023-02-15 10:38:40] [Epoch   105/  200] trn/loss 2.193e+00, trn/lr 1.394e-01, trn/scale 1.036e-01, val/acc 2.967e-01, val/nll 2.771e+00
[2023-02-15 10:38:48] [Epoch   106/  200] trn/loss 2.189e+00, trn/lr 1.371e-01, trn/scale 1.036e-01, val/acc 3.028e-01, val/nll 2.782e+00
[2023-02-15 10:38:56] [Epoch   107/  200] trn/loss 2.159e+00, trn/lr 1.347e-01, trn/scale 1.036e-01, val/acc 3.225e-01, val/nll 2.670e+00
[2023-02-15 10:39:04] [Epoch   108/  200] trn/loss 2.168e+00, trn/lr 1.324e-01, trn/scale 1.036e-01, val/acc 3.278e-01, val/nll 2.615e+00
[2023-02-15 10:39:13] [Epoch   109/  200] trn/loss 2.149e+00, trn/lr 1.300e-01, trn/scale 1.036e-01, val/acc 3.451e-01, val/nll 2.578e+00
[2023-02-15 10:39:21] [Epoch   110/  200] trn/loss 2.150e+00, trn/lr 1.277e-01, trn/scale 1.036e-01, val/acc 3.576e-01, val/nll 2.533e+00
[2023-02-15 10:39:29] [Epoch   111/  200] trn/loss 2.126e+00, trn/lr 1.254e-01, trn/scale 1.036e-01, val/acc 3.648e-01, val/nll 2.391e+00
[2023-02-15 10:39:37] [Epoch   112/  200] trn/loss 2.141e+00, trn/lr 1.231e-01, trn/scale 1.037e-01, val/acc 3.430e-01, val/nll 2.527e+00
[2023-02-15 10:39:46] [Epoch   113/  200] trn/loss 2.115e+00, trn/lr 1.207e-01, trn/scale 1.037e-01, val/acc 3.728e-01, val/nll 2.361e+00
[2023-02-15 10:39:54] [Epoch   114/  200] trn/loss 2.101e+00, trn/lr 1.184e-01, trn/scale 1.037e-01, val/acc 3.458e-01, val/nll 2.575e+00
[2023-02-15 10:40:02] [Epoch   115/  200] trn/loss 2.094e+00, trn/lr 1.161e-01, trn/scale 1.037e-01, val/acc 3.533e-01, val/nll 2.532e+00
[2023-02-15 10:40:11] [Epoch   116/  200] trn/loss 2.083e+00, trn/lr 1.138e-01, trn/scale 1.037e-01, val/acc 3.867e-01, val/nll 2.321e+00 (best_acc: 3.781e-01 -> 3.867e-01, test_acc: 4.055e-01, test_nll: 2.260e+00)
[2023-02-15 10:40:20] [Epoch   117/  200] trn/loss 2.075e+00, trn/lr 1.116e-01, trn/scale 1.037e-01, val/acc 2.510e-01, val/nll 3.620e+00
[2023-02-15 10:40:28] [Epoch   118/  200] trn/loss 2.076e+00, trn/lr 1.093e-01, trn/scale 1.037e-01, val/acc 3.616e-01, val/nll 2.503e+00
[2023-02-15 10:40:37] [Epoch   119/  200] trn/loss 2.045e+00, trn/lr 1.070e-01, trn/scale 1.037e-01, val/acc 3.990e-01, val/nll 2.263e+00 (best_acc: 3.867e-01 -> 3.990e-01, test_acc: 4.080e-01, test_nll: 2.207e+00)
[2023-02-15 10:40:45] [Epoch   120/  200] trn/loss 2.032e+00, trn/lr 1.048e-01, trn/scale 1.037e-01, val/acc 2.635e-01, val/nll 3.260e+00
[2023-02-15 10:40:54] [Epoch   121/  200] trn/loss 2.044e+00, trn/lr 1.025e-01, trn/scale 1.037e-01, val/acc 4.221e-01, val/nll 2.169e+00 (best_acc: 3.990e-01 -> 4.221e-01, test_acc: 4.313e-01, test_nll: 2.124e+00)
[2023-02-15 10:41:03] [Epoch   122/  200] trn/loss 2.017e+00, trn/lr 1.003e-01, trn/scale 1.037e-01, val/acc 3.781e-01, val/nll 2.423e+00
[2023-02-15 10:41:11] [Epoch   123/  200] trn/loss 2.005e+00, trn/lr 9.809e-02, trn/scale 1.037e-01, val/acc 3.833e-01, val/nll 2.318e+00
[2023-02-15 10:41:19] [Epoch   124/  200] trn/loss 1.996e+00, trn/lr 9.589e-02, trn/scale 1.037e-01, val/acc 3.994e-01, val/nll 2.260e+00
[2023-02-15 10:41:27] [Epoch   125/  200] trn/loss 1.962e+00, trn/lr 9.370e-02, trn/scale 1.037e-01, val/acc 3.759e-01, val/nll 2.381e+00
[2023-02-15 10:41:36] [Epoch   126/  200] trn/loss 1.945e+00, trn/lr 9.152e-02, trn/scale 1.037e-01, val/acc 4.257e-01, val/nll 2.143e+00 (best_acc: 4.221e-01 -> 4.257e-01, test_acc: 4.356e-01, test_nll: 2.126e+00)
[2023-02-15 10:41:45] [Epoch   127/  200] trn/loss 1.940e+00, trn/lr 8.936e-02, trn/scale 1.037e-01, val/acc 4.127e-01, val/nll 2.219e+00
[2023-02-15 10:41:54] [Epoch   128/  200] trn/loss 1.919e+00, trn/lr 8.721e-02, trn/scale 1.037e-01, val/acc 4.390e-01, val/nll 2.101e+00 (best_acc: 4.257e-01 -> 4.390e-01, test_acc: 4.447e-01, test_nll: 2.050e+00)
[2023-02-15 10:42:02] [Epoch   129/  200] trn/loss 1.920e+00, trn/lr 8.508e-02, trn/scale 1.037e-01, val/acc 4.149e-01, val/nll 2.242e+00
[2023-02-15 10:42:11] [Epoch   130/  200] trn/loss 1.907e+00, trn/lr 8.296e-02, trn/scale 1.037e-01, val/acc 4.395e-01, val/nll 2.116e+00 (best_acc: 4.390e-01 -> 4.395e-01, test_acc: 4.415e-01, test_nll: 2.093e+00)
[2023-02-15 10:42:21] [Epoch   131/  200] trn/loss 1.889e+00, trn/lr 8.086e-02, trn/scale 1.037e-01, val/acc 4.506e-01, val/nll 2.075e+00 (best_acc: 4.395e-01 -> 4.506e-01, test_acc: 4.577e-01, test_nll: 2.058e+00)
[2023-02-15 10:42:30] [Epoch   132/  200] trn/loss 1.876e+00, trn/lr 7.878e-02, trn/scale 1.038e-01, val/acc 4.746e-01, val/nll 1.932e+00 (best_acc: 4.506e-01 -> 4.746e-01, test_acc: 4.806e-01, test_nll: 1.907e+00)
[2023-02-15 10:42:38] [Epoch   133/  200] trn/loss 1.860e+00, trn/lr 7.671e-02, trn/scale 1.038e-01, val/acc 4.232e-01, val/nll 2.183e+00
[2023-02-15 10:42:46] [Epoch   134/  200] trn/loss 1.857e+00, trn/lr 7.467e-02, trn/scale 1.038e-01, val/acc 4.716e-01, val/nll 1.907e+00
[2023-02-15 10:42:54] [Epoch   135/  200] trn/loss 1.834e+00, trn/lr 7.264e-02, trn/scale 1.038e-01, val/acc 3.941e-01, val/nll 2.333e+00
[2023-02-15 10:43:03] [Epoch   136/  200] trn/loss 1.815e+00, trn/lr 7.063e-02, trn/scale 1.038e-01, val/acc 4.618e-01, val/nll 2.014e+00
[2023-02-15 10:43:11] [Epoch   137/  200] trn/loss 1.811e+00, trn/lr 6.864e-02, trn/scale 1.038e-01, val/acc 4.588e-01, val/nll 1.987e+00
[2023-02-15 10:43:19] [Epoch   138/  200] trn/loss 1.790e+00, trn/lr 6.667e-02, trn/scale 1.038e-01, val/acc 4.559e-01, val/nll 2.038e+00
[2023-02-15 10:43:28] [Epoch   139/  200] trn/loss 1.789e+00, trn/lr 6.472e-02, trn/scale 1.038e-01, val/acc 4.903e-01, val/nll 1.863e+00 (best_acc: 4.746e-01 -> 4.903e-01, test_acc: 4.968e-01, test_nll: 1.831e+00)
[2023-02-15 10:43:37] [Epoch   140/  200] trn/loss 1.745e+00, trn/lr 6.279e-02, trn/scale 1.038e-01, val/acc 4.814e-01, val/nll 1.900e+00
[2023-02-15 10:43:45] [Epoch   141/  200] trn/loss 1.741e+00, trn/lr 6.089e-02, trn/scale 1.038e-01, val/acc 4.894e-01, val/nll 1.878e+00
[2023-02-15 10:43:54] [Epoch   142/  200] trn/loss 1.729e+00, trn/lr 5.900e-02, trn/scale 1.038e-01, val/acc 4.976e-01, val/nll 1.828e+00 (best_acc: 4.903e-01 -> 4.976e-01, test_acc: 5.071e-01, test_nll: 1.807e+00)
[2023-02-15 10:44:03] [Epoch   143/  200] trn/loss 1.720e+00, trn/lr 5.714e-02, trn/scale 1.038e-01, val/acc 5.007e-01, val/nll 1.830e+00 (best_acc: 4.976e-01 -> 5.007e-01, test_acc: 5.130e-01, test_nll: 1.804e+00)
[2023-02-15 10:44:13] [Epoch   144/  200] trn/loss 1.700e+00, trn/lr 5.530e-02, trn/scale 1.038e-01, val/acc 5.103e-01, val/nll 1.760e+00 (best_acc: 5.007e-01 -> 5.103e-01, test_acc: 5.173e-01, test_nll: 1.729e+00)
[2023-02-15 10:44:21] [Epoch   145/  200] trn/loss 1.684e+00, trn/lr 5.349e-02, trn/scale 1.038e-01, val/acc 4.970e-01, val/nll 1.837e+00
[2023-02-15 10:44:29] [Epoch   146/  200] trn/loss 1.672e+00, trn/lr 5.170e-02, trn/scale 1.038e-01, val/acc 4.815e-01, val/nll 1.906e+00
[2023-02-15 10:44:37] [Epoch   147/  200] trn/loss 1.670e+00, trn/lr 4.993e-02, trn/scale 1.039e-01, val/acc 5.103e-01, val/nll 1.798e+00
[2023-02-15 10:44:46] [Epoch   148/  200] trn/loss 1.650e+00, trn/lr 4.819e-02, trn/scale 1.039e-01, val/acc 4.894e-01, val/nll 1.870e+00
[2023-02-15 10:44:55] [Epoch   149/  200] trn/loss 1.617e+00, trn/lr 4.647e-02, trn/scale 1.039e-01, val/acc 5.396e-01, val/nll 1.646e+00 (best_acc: 5.103e-01 -> 5.396e-01, test_acc: 5.452e-01, test_nll: 1.622e+00)
[2023-02-15 10:45:03] [Epoch   150/  200] trn/loss 1.597e+00, trn/lr 4.478e-02, trn/scale 1.039e-01, val/acc 5.290e-01, val/nll 1.672e+00
[2023-02-15 10:45:11] [Epoch   151/  200] trn/loss 1.591e+00, trn/lr 4.311e-02, trn/scale 1.039e-01, val/acc 5.304e-01, val/nll 1.689e+00
[2023-02-15 10:45:19] [Epoch   152/  200] trn/loss 1.574e+00, trn/lr 4.147e-02, trn/scale 1.039e-01, val/acc 5.195e-01, val/nll 1.779e+00
[2023-02-15 10:45:28] [Epoch   153/  200] trn/loss 1.555e+00, trn/lr 3.986e-02, trn/scale 1.039e-01, val/acc 5.165e-01, val/nll 1.758e+00
[2023-02-15 10:45:37] [Epoch   154/  200] trn/loss 1.547e+00, trn/lr 3.827e-02, trn/scale 1.039e-01, val/acc 5.439e-01, val/nll 1.662e+00 (best_acc: 5.396e-01 -> 5.439e-01, test_acc: 5.447e-01, test_nll: 1.642e+00)
[2023-02-15 10:45:45] [Epoch   155/  200] trn/loss 1.511e+00, trn/lr 3.671e-02, trn/scale 1.039e-01, val/acc 5.423e-01, val/nll 1.670e+00
[2023-02-15 10:45:53] [Epoch   156/  200] trn/loss 1.510e+00, trn/lr 3.518e-02, trn/scale 1.039e-01, val/acc 5.399e-01, val/nll 1.676e+00
[2023-02-15 10:46:02] [Epoch   157/  200] trn/loss 1.490e+00, trn/lr 3.368e-02, trn/scale 1.039e-01, val/acc 5.619e-01, val/nll 1.559e+00 (best_acc: 5.439e-01 -> 5.619e-01, test_acc: 5.715e-01, test_nll: 1.538e+00)
[2023-02-15 10:46:12] [Epoch   158/  200] trn/loss 1.466e+00, trn/lr 3.221e-02, trn/scale 1.039e-01, val/acc 5.652e-01, val/nll 1.554e+00 (best_acc: 5.619e-01 -> 5.652e-01, test_acc: 5.726e-01, test_nll: 1.521e+00)
[2023-02-15 10:46:21] [Epoch   159/  200] trn/loss 1.459e+00, trn/lr 3.076e-02, trn/scale 1.040e-01, val/acc 5.783e-01, val/nll 1.521e+00 (best_acc: 5.652e-01 -> 5.783e-01, test_acc: 5.799e-01, test_nll: 1.502e+00)
[2023-02-15 10:46:30] [Epoch   160/  200] trn/loss 1.439e+00, trn/lr 2.935e-02, trn/scale 1.040e-01, val/acc 5.850e-01, val/nll 1.491e+00 (best_acc: 5.783e-01 -> 5.850e-01, test_acc: 5.896e-01, test_nll: 1.459e+00)
[2023-02-15 10:46:39] [Epoch   161/  200] trn/loss 1.428e+00, trn/lr 2.796e-02, trn/scale 1.040e-01, val/acc 5.780e-01, val/nll 1.528e+00
[2023-02-15 10:46:47] [Epoch   162/  200] trn/loss 1.405e+00, trn/lr 2.661e-02, trn/scale 1.040e-01, val/acc 5.795e-01, val/nll 1.487e+00
[2023-02-15 10:46:56] [Epoch   163/  200] trn/loss 1.395e+00, trn/lr 2.528e-02, trn/scale 1.040e-01, val/acc 5.869e-01, val/nll 1.494e+00 (best_acc: 5.850e-01 -> 5.869e-01, test_acc: 5.916e-01, test_nll: 1.460e+00)
[2023-02-15 10:47:05] [Epoch   164/  200] trn/loss 1.378e+00, trn/lr 2.399e-02, trn/scale 1.040e-01, val/acc 6.046e-01, val/nll 1.417e+00 (best_acc: 5.869e-01 -> 6.046e-01, test_acc: 6.074e-01, test_nll: 1.392e+00)
[2023-02-15 10:47:15] [Epoch   165/  200] trn/loss 1.353e+00, trn/lr 2.273e-02, trn/scale 1.040e-01, val/acc 6.218e-01, val/nll 1.359e+00 (best_acc: 6.046e-01 -> 6.218e-01, test_acc: 6.286e-01, test_nll: 1.338e+00)
[2023-02-15 10:47:23] [Epoch   166/  200] trn/loss 1.337e+00, trn/lr 2.150e-02, trn/scale 1.040e-01, val/acc 6.122e-01, val/nll 1.376e+00
[2023-02-15 10:47:31] [Epoch   167/  200] trn/loss 1.322e+00, trn/lr 2.030e-02, trn/scale 1.040e-01, val/acc 6.067e-01, val/nll 1.400e+00
[2023-02-15 10:47:39] [Epoch   168/  200] trn/loss 1.302e+00, trn/lr 1.913e-02, trn/scale 1.040e-01, val/acc 6.146e-01, val/nll 1.378e+00
[2023-02-15 10:47:48] [Epoch   169/  200] trn/loss 1.283e+00, trn/lr 1.800e-02, trn/scale 1.040e-01, val/acc 6.146e-01, val/nll 1.384e+00
[2023-02-15 10:47:56] [Epoch   170/  200] trn/loss 1.270e+00, trn/lr 1.689e-02, trn/scale 1.041e-01, val/acc 6.144e-01, val/nll 1.374e+00
[2023-02-15 10:48:04] [Epoch   171/  200] trn/loss 1.253e+00, trn/lr 1.582e-02, trn/scale 1.041e-01, val/acc 6.177e-01, val/nll 1.353e+00
[2023-02-15 10:48:13] [Epoch   172/  200] trn/loss 1.230e+00, trn/lr 1.479e-02, trn/scale 1.041e-01, val/acc 6.310e-01, val/nll 1.319e+00 (best_acc: 6.218e-01 -> 6.310e-01, test_acc: 6.364e-01, test_nll: 1.287e+00)
[2023-02-15 10:48:22] [Epoch   173/  200] trn/loss 1.218e+00, trn/lr 1.378e-02, trn/scale 1.041e-01, val/acc 6.345e-01, val/nll 1.312e+00 (best_acc: 6.310e-01 -> 6.345e-01, test_acc: 6.363e-01, test_nll: 1.287e+00)
[2023-02-15 10:48:32] [Epoch   174/  200] trn/loss 1.200e+00, trn/lr 1.281e-02, trn/scale 1.041e-01, val/acc 6.386e-01, val/nll 1.291e+00 (best_acc: 6.345e-01 -> 6.386e-01, test_acc: 6.378e-01, test_nll: 1.277e+00)
[2023-02-15 10:48:41] [Epoch   175/  200] trn/loss 1.185e+00, trn/lr 1.188e-02, trn/scale 1.041e-01, val/acc 6.446e-01, val/nll 1.262e+00 (best_acc: 6.386e-01 -> 6.446e-01, test_acc: 6.405e-01, test_nll: 1.247e+00)
[2023-02-15 10:48:49] [Epoch   176/  200] trn/loss 1.171e+00, trn/lr 1.098e-02, trn/scale 1.041e-01, val/acc 6.424e-01, val/nll 1.276e+00
[2023-02-15 10:48:58] [Epoch   177/  200] trn/loss 1.156e+00, trn/lr 1.011e-02, trn/scale 1.041e-01, val/acc 6.513e-01, val/nll 1.241e+00 (best_acc: 6.446e-01 -> 6.513e-01, test_acc: 6.528e-01, test_nll: 1.218e+00)
[2023-02-15 10:49:08] [Epoch   178/  200] trn/loss 1.136e+00, trn/lr 9.275e-03, trn/scale 1.041e-01, val/acc 6.531e-01, val/nll 1.236e+00 (best_acc: 6.513e-01 -> 6.531e-01, test_acc: 6.566e-01, test_nll: 1.209e+00)
[2023-02-15 10:49:17] [Epoch   179/  200] trn/loss 1.117e+00, trn/lr 8.477e-03, trn/scale 1.041e-01, val/acc 6.561e-01, val/nll 1.216e+00 (best_acc: 6.531e-01 -> 6.561e-01, test_acc: 6.607e-01, test_nll: 1.200e+00)
[2023-02-15 10:49:26] [Epoch   180/  200] trn/loss 1.108e+00, trn/lr 7.714e-03, trn/scale 1.042e-01, val/acc 6.613e-01, val/nll 1.201e+00 (best_acc: 6.561e-01 -> 6.613e-01, test_acc: 6.696e-01, test_nll: 1.175e+00)
[2023-02-15 10:49:35] [Epoch   181/  200] trn/loss 1.087e+00, trn/lr 6.986e-03, trn/scale 1.042e-01, val/acc 6.702e-01, val/nll 1.179e+00 (best_acc: 6.613e-01 -> 6.702e-01, test_acc: 6.733e-01, test_nll: 1.156e+00)
[2023-02-15 10:49:44] [Epoch   182/  200] trn/loss 1.074e+00, trn/lr 6.293e-03, trn/scale 1.042e-01, val/acc 6.722e-01, val/nll 1.172e+00 (best_acc: 6.702e-01 -> 6.722e-01, test_acc: 6.715e-01, test_nll: 1.151e+00)
[2023-02-15 10:49:54] [Epoch   183/  200] trn/loss 1.055e+00, trn/lr 5.635e-03, trn/scale 1.042e-01, val/acc 6.732e-01, val/nll 1.162e+00 (best_acc: 6.722e-01 -> 6.732e-01, test_acc: 6.740e-01, test_nll: 1.146e+00)
[2023-02-15 10:50:03] [Epoch   184/  200] trn/loss 1.048e+00, trn/lr 5.013e-03, trn/scale 1.042e-01, val/acc 6.758e-01, val/nll 1.151e+00 (best_acc: 6.732e-01 -> 6.758e-01, test_acc: 6.772e-01, test_nll: 1.128e+00)
[2023-02-15 10:50:11] [Epoch   185/  200] trn/loss 1.033e+00, trn/lr 4.427e-03, trn/scale 1.042e-01, val/acc 6.740e-01, val/nll 1.160e+00
[2023-02-15 10:50:20] [Epoch   186/  200] trn/loss 1.016e+00, trn/lr 3.877e-03, trn/scale 1.042e-01, val/acc 6.814e-01, val/nll 1.135e+00 (best_acc: 6.758e-01 -> 6.814e-01, test_acc: 6.850e-01, test_nll: 1.120e+00)
[2023-02-15 10:50:30] [Epoch   187/  200] trn/loss 1.010e+00, trn/lr 3.363e-03, trn/scale 1.042e-01, val/acc 6.815e-01, val/nll 1.134e+00 (best_acc: 6.814e-01 -> 6.815e-01, test_acc: 6.810e-01, test_nll: 1.117e+00)
[2023-02-15 10:50:39] [Epoch   188/  200] trn/loss 9.946e-01, trn/lr 2.885e-03, trn/scale 1.042e-01, val/acc 6.846e-01, val/nll 1.120e+00 (best_acc: 6.815e-01 -> 6.846e-01, test_acc: 6.847e-01, test_nll: 1.102e+00)
[2023-02-15 10:50:48] [Epoch   189/  200] trn/loss 9.849e-01, trn/lr 2.444e-03, trn/scale 1.042e-01, val/acc 6.877e-01, val/nll 1.113e+00 (best_acc: 6.846e-01 -> 6.877e-01, test_acc: 6.848e-01, test_nll: 1.100e+00)
[2023-02-15 10:50:57] [Epoch   190/  200] trn/loss 9.745e-01, trn/lr 2.038e-03, trn/scale 1.042e-01, val/acc 6.879e-01, val/nll 1.106e+00 (best_acc: 6.877e-01 -> 6.879e-01, test_acc: 6.903e-01, test_nll: 1.088e+00)
[2023-02-15 10:51:06] [Epoch   191/  200] trn/loss 9.671e-01, trn/lr 1.670e-03, trn/scale 1.043e-01, val/acc 6.899e-01, val/nll 1.104e+00 (best_acc: 6.879e-01 -> 6.899e-01, test_acc: 6.902e-01, test_nll: 1.091e+00)
[2023-02-15 10:51:15] [Epoch   192/  200] trn/loss 9.638e-01, trn/lr 1.338e-03, trn/scale 1.043e-01, val/acc 6.873e-01, val/nll 1.100e+00
[2023-02-15 10:51:24] [Epoch   193/  200] trn/loss 9.507e-01, trn/lr 1.042e-03, trn/scale 1.043e-01, val/acc 6.921e-01, val/nll 1.098e+00 (best_acc: 6.899e-01 -> 6.921e-01, test_acc: 6.927e-01, test_nll: 1.079e+00)
[2023-02-15 10:51:33] [Epoch   194/  200] trn/loss 9.523e-01, trn/lr 7.835e-04, trn/scale 1.043e-01, val/acc 6.928e-01, val/nll 1.094e+00 (best_acc: 6.921e-01 -> 6.928e-01, test_acc: 6.932e-01, test_nll: 1.076e+00)
[2023-02-15 10:51:42] [Epoch   195/  200] trn/loss 9.444e-01, trn/lr 5.616e-04, trn/scale 1.043e-01, val/acc 6.959e-01, val/nll 1.090e+00 (best_acc: 6.928e-01 -> 6.959e-01, test_acc: 6.951e-01, test_nll: 1.072e+00)
[2023-02-15 10:51:51] [Epoch   196/  200] trn/loss 9.376e-01, trn/lr 3.766e-04, trn/scale 1.043e-01, val/acc 6.936e-01, val/nll 1.092e+00
[2023-02-15 10:51:59] [Epoch   197/  200] trn/loss 9.378e-01, trn/lr 2.286e-04, trn/scale 1.043e-01, val/acc 6.935e-01, val/nll 1.089e+00
[2023-02-15 10:52:07] [Epoch   198/  200] trn/loss 9.339e-01, trn/lr 1.175e-04, trn/scale 1.043e-01, val/acc 6.930e-01, val/nll 1.089e+00
[2023-02-15 10:52:15] [Epoch   199/  200] trn/loss 9.338e-01, trn/lr 4.335e-05, trn/scale 1.043e-01, val/acc 6.938e-01, val/nll 1.090e+00
[2023-02-15 10:52:24] [Epoch   200/  200] trn/loss 9.319e-01, trn/lr 6.226e-06, trn/scale 1.043e-01, val/acc 6.939e-01, val/nll 1.089e+00
