[2023-02-03 05:37:05] Environments:
------------  -------------------------------------------------------------------------------
sys.platform  linux
Python        3.10.8 (main, Nov 24 2022, 14:13:03) [GCC 11.2.0]
JAX           0.4.1 @/mnt/home/giung/.conda/envs/jax-siml/lib/python3.10/site-packages/jax
jaxlib        0.4.1 @/mnt/home/giung/.conda/envs/jax-siml/lib/python3.10/site-packages/jaxlib
Flax          0.6.3 @/mnt/home/giung/.conda/envs/jax-siml/lib/python3.10/site-packages/flax
Optax         0.1.4 @/mnt/home/giung/.conda/envs/jax-siml/lib/python3.10/site-packages/optax
------------  -------------------------------------------------------------------------------

[2023-02-03 05:37:05] Command line arguments:
- args.data_root          : ./data/
- args.data_name          : CIFAR100_x32
- args.data_augmentation  : standard
- args.data_proportional  : 1.0
- args.model_depth        : 20
- args.model_width        : 1
- args.model_style        : BN-ReLU
- args.optim_bs           : 256
- args.optim_ne           : 500
- args.optim_lr           : 0.03
- args.optim_momentum     : 0.97
- args.optim_weight_decay : 0.0003
- args.save               : /mnt/home/giung/giung2-dev/projects/residual-networks/save/CIFAR100_x32/R20-BN-ReLU/bs-0256_ne-0500_lr-0.03_mo-0.97_wd-0.0003_fp32/42
- args.seed               : 42
- args.precision          : fp32

[2023-02-03 05:37:26] [Epoch     1/  500] trn/loss 4.433e+00, trn/lr 3.000e-02, val/acc 6.560e-02, val/nll 4.195e+00 (best_acc: 0.000e+00 -> 6.560e-02, test_acc: 6.600e-02, test_nll: 4.176e+00)
[2023-02-03 05:37:29] [Epoch     2/  500] trn/loss 3.934e+00, trn/lr 3.000e-02, val/acc 1.002e-01, val/nll 3.819e+00 (best_acc: 6.560e-02 -> 1.002e-01, test_acc: 1.017e-01, test_nll: 3.809e+00)
[2023-02-03 05:37:31] [Epoch     3/  500] trn/loss 3.693e+00, trn/lr 3.000e-02, val/acc 1.393e-01, val/nll 3.604e+00 (best_acc: 1.002e-01 -> 1.393e-01, test_acc: 1.434e-01, test_nll: 3.589e+00)
[2023-02-03 05:37:33] [Epoch     4/  500] trn/loss 3.465e+00, trn/lr 3.000e-02, val/acc 1.759e-01, val/nll 3.423e+00 (best_acc: 1.393e-01 -> 1.759e-01, test_acc: 1.787e-01, test_nll: 3.412e+00)
[2023-02-03 05:37:35] [Epoch     5/  500] trn/loss 3.213e+00, trn/lr 2.999e-02, val/acc 2.116e-01, val/nll 3.206e+00 (best_acc: 1.759e-01 -> 2.116e-01, test_acc: 2.172e-01, test_nll: 3.166e+00)
[2023-02-03 05:37:37] [Epoch     6/  500] trn/loss 2.963e+00, trn/lr 2.999e-02, val/acc 2.549e-01, val/nll 2.963e+00 (best_acc: 2.116e-01 -> 2.549e-01, test_acc: 2.631e-01, test_nll: 2.912e+00)
[2023-02-03 05:37:39] [Epoch     7/  500] trn/loss 2.759e+00, trn/lr 2.999e-02, val/acc 2.591e-01, val/nll 2.949e+00 (best_acc: 2.549e-01 -> 2.591e-01, test_acc: 2.716e-01, test_nll: 2.890e+00)
[2023-02-03 05:37:41] [Epoch     8/  500] trn/loss 2.583e+00, trn/lr 2.998e-02, val/acc 3.028e-01, val/nll 2.768e+00 (best_acc: 2.591e-01 -> 3.028e-01, test_acc: 3.124e-01, test_nll: 2.713e+00)
[2023-02-03 05:37:43] [Epoch     9/  500] trn/loss 2.435e+00, trn/lr 2.998e-02, val/acc 3.277e-01, val/nll 2.646e+00 (best_acc: 3.028e-01 -> 3.277e-01, test_acc: 3.335e-01, test_nll: 2.596e+00)
[2023-02-03 05:37:45] [Epoch    10/  500] trn/loss 2.304e+00, trn/lr 2.997e-02, val/acc 3.779e-01, val/nll 2.358e+00 (best_acc: 3.277e-01 -> 3.779e-01, test_acc: 3.904e-01, test_nll: 2.293e+00)
[2023-02-03 05:37:47] [Epoch    11/  500] trn/loss 2.177e+00, trn/lr 2.997e-02, val/acc 3.619e-01, val/nll 2.488e+00
[2023-02-03 05:37:49] [Epoch    12/  500] trn/loss 2.076e+00, trn/lr 2.996e-02, val/acc 3.938e-01, val/nll 2.309e+00 (best_acc: 3.779e-01 -> 3.938e-01, test_acc: 4.076e-01, test_nll: 2.261e+00)
[2023-02-03 05:37:51] [Epoch    13/  500] trn/loss 1.983e+00, trn/lr 2.995e-02, val/acc 3.994e-01, val/nll 2.265e+00 (best_acc: 3.938e-01 -> 3.994e-01, test_acc: 4.099e-01, test_nll: 2.230e+00)
[2023-02-03 05:37:53] [Epoch    14/  500] trn/loss 1.918e+00, trn/lr 2.995e-02, val/acc 4.157e-01, val/nll 2.199e+00 (best_acc: 3.994e-01 -> 4.157e-01, test_acc: 4.238e-01, test_nll: 2.174e+00)
[2023-02-03 05:37:55] [Epoch    15/  500] trn/loss 1.858e+00, trn/lr 2.994e-02, val/acc 4.115e-01, val/nll 2.287e+00
[2023-02-03 05:37:57] [Epoch    16/  500] trn/loss 1.795e+00, trn/lr 2.993e-02, val/acc 4.222e-01, val/nll 2.251e+00 (best_acc: 4.157e-01 -> 4.222e-01, test_acc: 4.194e-01, test_nll: 2.222e+00)
[2023-02-03 05:38:00] [Epoch    17/  500] trn/loss 1.751e+00, trn/lr 2.992e-02, val/acc 4.374e-01, val/nll 2.161e+00 (best_acc: 4.222e-01 -> 4.374e-01, test_acc: 4.467e-01, test_nll: 2.128e+00)
[2023-02-03 05:38:02] [Epoch    18/  500] trn/loss 1.699e+00, trn/lr 2.991e-02, val/acc 4.448e-01, val/nll 2.105e+00 (best_acc: 4.374e-01 -> 4.448e-01, test_acc: 4.618e-01, test_nll: 2.042e+00)
[2023-02-03 05:38:04] [Epoch    19/  500] trn/loss 1.663e+00, trn/lr 2.990e-02, val/acc 4.846e-01, val/nll 1.960e+00 (best_acc: 4.448e-01 -> 4.846e-01, test_acc: 4.833e-01, test_nll: 1.939e+00)
[2023-02-03 05:38:06] [Epoch    20/  500] trn/loss 1.628e+00, trn/lr 2.989e-02, val/acc 4.771e-01, val/nll 1.965e+00
[2023-02-03 05:38:08] [Epoch    21/  500] trn/loss 1.586e+00, trn/lr 2.988e-02, val/acc 4.678e-01, val/nll 1.977e+00
[2023-02-03 05:38:09] [Epoch    22/  500] trn/loss 1.558e+00, trn/lr 2.986e-02, val/acc 4.517e-01, val/nll 2.105e+00
[2023-02-03 05:38:11] [Epoch    23/  500] trn/loss 1.540e+00, trn/lr 2.985e-02, val/acc 4.711e-01, val/nll 2.055e+00
[2023-02-03 05:38:13] [Epoch    24/  500] trn/loss 1.502e+00, trn/lr 2.984e-02, val/acc 4.716e-01, val/nll 2.012e+00
[2023-02-03 05:38:15] [Epoch    25/  500] trn/loss 1.497e+00, trn/lr 2.982e-02, val/acc 4.836e-01, val/nll 1.968e+00
[2023-02-03 05:38:17] [Epoch    26/  500] trn/loss 1.459e+00, trn/lr 2.981e-02, val/acc 4.933e-01, val/nll 1.892e+00 (best_acc: 4.846e-01 -> 4.933e-01, test_acc: 5.029e-01, test_nll: 1.876e+00)
[2023-02-03 05:38:19] [Epoch    27/  500] trn/loss 1.446e+00, trn/lr 2.979e-02, val/acc 4.883e-01, val/nll 2.015e+00
[2023-02-03 05:38:21] [Epoch    28/  500] trn/loss 1.435e+00, trn/lr 2.978e-02, val/acc 4.879e-01, val/nll 1.899e+00
[2023-02-03 05:38:23] [Epoch    29/  500] trn/loss 1.409e+00, trn/lr 2.976e-02, val/acc 4.758e-01, val/nll 2.076e+00
[2023-02-03 05:38:25] [Epoch    30/  500] trn/loss 1.391e+00, trn/lr 2.974e-02, val/acc 5.008e-01, val/nll 1.894e+00 (best_acc: 4.933e-01 -> 5.008e-01, test_acc: 5.119e-01, test_nll: 1.855e+00)
[2023-02-03 05:38:27] [Epoch    31/  500] trn/loss 1.380e+00, trn/lr 2.973e-02, val/acc 5.147e-01, val/nll 1.863e+00 (best_acc: 5.008e-01 -> 5.147e-01, test_acc: 5.178e-01, test_nll: 1.837e+00)
[2023-02-03 05:38:30] [Epoch    32/  500] trn/loss 1.357e+00, trn/lr 2.971e-02, val/acc 5.202e-01, val/nll 1.824e+00 (best_acc: 5.147e-01 -> 5.202e-01, test_acc: 5.166e-01, test_nll: 1.795e+00)
[2023-02-03 05:38:32] [Epoch    33/  500] trn/loss 1.348e+00, trn/lr 2.969e-02, val/acc 5.244e-01, val/nll 1.801e+00 (best_acc: 5.202e-01 -> 5.244e-01, test_acc: 5.287e-01, test_nll: 1.798e+00)
[2023-02-03 05:38:34] [Epoch    34/  500] trn/loss 1.354e+00, trn/lr 2.967e-02, val/acc 5.296e-01, val/nll 1.738e+00 (best_acc: 5.244e-01 -> 5.296e-01, test_acc: 5.286e-01, test_nll: 1.737e+00)
[2023-02-03 05:38:36] [Epoch    35/  500] trn/loss 1.325e+00, trn/lr 2.965e-02, val/acc 5.023e-01, val/nll 1.889e+00
[2023-02-03 05:38:38] [Epoch    36/  500] trn/loss 1.312e+00, trn/lr 2.963e-02, val/acc 5.101e-01, val/nll 1.901e+00
[2023-02-03 05:38:40] [Epoch    37/  500] trn/loss 1.307e+00, trn/lr 2.961e-02, val/acc 4.710e-01, val/nll 2.058e+00
[2023-02-03 05:38:41] [Epoch    38/  500] trn/loss 1.301e+00, trn/lr 2.959e-02, val/acc 5.117e-01, val/nll 1.888e+00
[2023-02-03 05:38:44] [Epoch    39/  500] trn/loss 1.290e+00, trn/lr 2.956e-02, val/acc 5.537e-01, val/nll 1.725e+00 (best_acc: 5.296e-01 -> 5.537e-01, test_acc: 5.508e-01, test_nll: 1.721e+00)
[2023-02-03 05:38:45] [Epoch    40/  500] trn/loss 1.267e+00, trn/lr 2.954e-02, val/acc 5.212e-01, val/nll 1.829e+00
[2023-02-03 05:38:47] [Epoch    41/  500] trn/loss 1.270e+00, trn/lr 2.952e-02, val/acc 4.958e-01, val/nll 1.963e+00
[2023-02-03 05:38:49] [Epoch    42/  500] trn/loss 1.273e+00, trn/lr 2.949e-02, val/acc 5.246e-01, val/nll 1.789e+00
[2023-02-03 05:38:51] [Epoch    43/  500] trn/loss 1.260e+00, trn/lr 2.947e-02, val/acc 5.310e-01, val/nll 1.777e+00
[2023-02-03 05:38:53] [Epoch    44/  500] trn/loss 1.231e+00, trn/lr 2.944e-02, val/acc 5.355e-01, val/nll 1.741e+00
[2023-02-03 05:38:55] [Epoch    45/  500] trn/loss 1.224e+00, trn/lr 2.942e-02, val/acc 5.062e-01, val/nll 1.962e+00
[2023-02-03 05:38:57] [Epoch    46/  500] trn/loss 1.232e+00, trn/lr 2.939e-02, val/acc 5.409e-01, val/nll 1.706e+00
[2023-02-03 05:38:59] [Epoch    47/  500] trn/loss 1.209e+00, trn/lr 2.936e-02, val/acc 4.817e-01, val/nll 2.132e+00
[2023-02-03 05:39:01] [Epoch    48/  500] trn/loss 1.231e+00, trn/lr 2.934e-02, val/acc 5.540e-01, val/nll 1.686e+00 (best_acc: 5.537e-01 -> 5.540e-01, test_acc: 5.512e-01, test_nll: 1.687e+00)
[2023-02-03 05:39:03] [Epoch    49/  500] trn/loss 1.216e+00, trn/lr 2.931e-02, val/acc 5.374e-01, val/nll 1.755e+00
[2023-02-03 05:39:05] [Epoch    50/  500] trn/loss 1.221e+00, trn/lr 2.928e-02, val/acc 5.260e-01, val/nll 1.823e+00
[2023-02-03 05:39:07] [Epoch    51/  500] trn/loss 1.208e+00, trn/lr 2.925e-02, val/acc 5.243e-01, val/nll 1.822e+00
[2023-02-03 05:39:09] [Epoch    52/  500] trn/loss 1.190e+00, trn/lr 2.922e-02, val/acc 5.619e-01, val/nll 1.635e+00 (best_acc: 5.540e-01 -> 5.619e-01, test_acc: 5.657e-01, test_nll: 1.619e+00)
[2023-02-03 05:39:11] [Epoch    53/  500] trn/loss 1.178e+00, trn/lr 2.919e-02, val/acc 5.319e-01, val/nll 1.795e+00
[2023-02-03 05:39:13] [Epoch    54/  500] trn/loss 1.167e+00, trn/lr 2.916e-02, val/acc 5.486e-01, val/nll 1.700e+00
[2023-02-03 05:39:15] [Epoch    55/  500] trn/loss 1.161e+00, trn/lr 2.913e-02, val/acc 5.580e-01, val/nll 1.650e+00
[2023-02-03 05:39:17] [Epoch    56/  500] trn/loss 1.170e+00, trn/lr 2.910e-02, val/acc 5.225e-01, val/nll 1.898e+00
[2023-02-03 05:39:19] [Epoch    57/  500] trn/loss 1.159e+00, trn/lr 2.906e-02, val/acc 4.970e-01, val/nll 1.975e+00
[2023-02-03 05:39:21] [Epoch    58/  500] trn/loss 1.166e+00, trn/lr 2.903e-02, val/acc 5.450e-01, val/nll 1.724e+00
[2023-02-03 05:39:22] [Epoch    59/  500] trn/loss 1.152e+00, trn/lr 2.900e-02, val/acc 5.387e-01, val/nll 1.771e+00
[2023-02-03 05:39:24] [Epoch    60/  500] trn/loss 1.147e+00, trn/lr 2.896e-02, val/acc 5.400e-01, val/nll 1.786e+00
[2023-02-03 05:39:26] [Epoch    61/  500] trn/loss 1.148e+00, trn/lr 2.893e-02, val/acc 5.261e-01, val/nll 1.850e+00
[2023-02-03 05:39:28] [Epoch    62/  500] trn/loss 1.126e+00, trn/lr 2.889e-02, val/acc 5.544e-01, val/nll 1.675e+00
[2023-02-03 05:39:30] [Epoch    63/  500] trn/loss 1.137e+00, trn/lr 2.886e-02, val/acc 5.197e-01, val/nll 1.882e+00
[2023-02-03 05:39:32] [Epoch    64/  500] trn/loss 1.128e+00, trn/lr 2.882e-02, val/acc 4.895e-01, val/nll 2.065e+00
[2023-02-03 05:39:34] [Epoch    65/  500] trn/loss 1.130e+00, trn/lr 2.879e-02, val/acc 5.227e-01, val/nll 1.864e+00
[2023-02-03 05:39:36] [Epoch    66/  500] trn/loss 1.118e+00, trn/lr 2.875e-02, val/acc 5.403e-01, val/nll 1.819e+00
[2023-02-03 05:39:38] [Epoch    67/  500] trn/loss 1.105e+00, trn/lr 2.871e-02, val/acc 5.009e-01, val/nll 2.010e+00
[2023-02-03 05:39:40] [Epoch    68/  500] trn/loss 1.131e+00, trn/lr 2.867e-02, val/acc 5.528e-01, val/nll 1.715e+00
[2023-02-03 05:39:42] [Epoch    69/  500] trn/loss 1.122e+00, trn/lr 2.863e-02, val/acc 5.437e-01, val/nll 1.754e+00
[2023-02-03 05:39:44] [Epoch    70/  500] trn/loss 1.121e+00, trn/lr 2.859e-02, val/acc 5.323e-01, val/nll 1.856e+00
[2023-02-03 05:39:46] [Epoch    71/  500] trn/loss 1.121e+00, trn/lr 2.855e-02, val/acc 5.390e-01, val/nll 1.791e+00
[2023-02-03 05:39:48] [Epoch    72/  500] trn/loss 1.089e+00, trn/lr 2.851e-02, val/acc 5.357e-01, val/nll 1.850e+00
[2023-02-03 05:39:50] [Epoch    73/  500] trn/loss 1.080e+00, trn/lr 2.847e-02, val/acc 5.441e-01, val/nll 1.752e+00
[2023-02-03 05:39:52] [Epoch    74/  500] trn/loss 1.101e+00, trn/lr 2.843e-02, val/acc 5.291e-01, val/nll 1.888e+00
[2023-02-03 05:39:53] [Epoch    75/  500] trn/loss 1.102e+00, trn/lr 2.839e-02, val/acc 5.503e-01, val/nll 1.733e+00
[2023-02-03 05:39:55] [Epoch    76/  500] trn/loss 1.090e+00, trn/lr 2.834e-02, val/acc 5.419e-01, val/nll 1.733e+00
[2023-02-03 05:39:57] [Epoch    77/  500] trn/loss 1.085e+00, trn/lr 2.830e-02, val/acc 5.639e-01, val/nll 1.657e+00 (best_acc: 5.619e-01 -> 5.639e-01, test_acc: 5.660e-01, test_nll: 1.653e+00)
[2023-02-03 05:39:59] [Epoch    78/  500] trn/loss 1.092e+00, trn/lr 2.826e-02, val/acc 5.584e-01, val/nll 1.746e+00
[2023-02-03 05:40:01] [Epoch    79/  500] trn/loss 1.085e+00, trn/lr 2.821e-02, val/acc 5.465e-01, val/nll 1.827e+00
[2023-02-03 05:40:03] [Epoch    80/  500] trn/loss 1.065e+00, trn/lr 2.817e-02, val/acc 5.374e-01, val/nll 1.739e+00
[2023-02-03 05:40:05] [Epoch    81/  500] trn/loss 1.078e+00, trn/lr 2.812e-02, val/acc 5.410e-01, val/nll 1.765e+00
[2023-02-03 05:40:07] [Epoch    82/  500] trn/loss 1.071e+00, trn/lr 2.808e-02, val/acc 5.326e-01, val/nll 1.880e+00
[2023-02-03 05:40:09] [Epoch    83/  500] trn/loss 1.063e+00, trn/lr 2.803e-02, val/acc 5.348e-01, val/nll 1.794e+00
[2023-02-03 05:40:11] [Epoch    84/  500] trn/loss 1.074e+00, trn/lr 2.798e-02, val/acc 5.533e-01, val/nll 1.717e+00
[2023-02-03 05:40:13] [Epoch    85/  500] trn/loss 1.050e+00, trn/lr 2.794e-02, val/acc 5.211e-01, val/nll 1.908e+00
[2023-02-03 05:40:15] [Epoch    86/  500] trn/loss 1.057e+00, trn/lr 2.789e-02, val/acc 5.472e-01, val/nll 1.783e+00
[2023-02-03 05:40:17] [Epoch    87/  500] trn/loss 1.057e+00, trn/lr 2.784e-02, val/acc 5.390e-01, val/nll 1.798e+00
[2023-02-03 05:40:19] [Epoch    88/  500] trn/loss 1.047e+00, trn/lr 2.779e-02, val/acc 5.512e-01, val/nll 1.810e+00
[2023-02-03 05:40:21] [Epoch    89/  500] trn/loss 1.037e+00, trn/lr 2.774e-02, val/acc 5.488e-01, val/nll 1.761e+00
[2023-02-03 05:40:23] [Epoch    90/  500] trn/loss 1.024e+00, trn/lr 2.769e-02, val/acc 5.469e-01, val/nll 1.830e+00
[2023-02-03 05:40:25] [Epoch    91/  500] trn/loss 1.033e+00, trn/lr 2.764e-02, val/acc 5.481e-01, val/nll 1.754e+00
[2023-02-03 05:40:27] [Epoch    92/  500] trn/loss 1.048e+00, trn/lr 2.759e-02, val/acc 5.642e-01, val/nll 1.636e+00 (best_acc: 5.639e-01 -> 5.642e-01, test_acc: 5.685e-01, test_nll: 1.612e+00)
[2023-02-03 05:40:29] [Epoch    93/  500] trn/loss 1.044e+00, trn/lr 2.754e-02, val/acc 5.540e-01, val/nll 1.748e+00
[2023-02-03 05:40:30] [Epoch    94/  500] trn/loss 1.036e+00, trn/lr 2.749e-02, val/acc 5.429e-01, val/nll 1.791e+00
[2023-02-03 05:40:32] [Epoch    95/  500] trn/loss 1.045e+00, trn/lr 2.743e-02, val/acc 5.611e-01, val/nll 1.720e+00
[2023-02-03 05:40:35] [Epoch    96/  500] trn/loss 1.037e+00, trn/lr 2.738e-02, val/acc 5.706e-01, val/nll 1.630e+00 (best_acc: 5.642e-01 -> 5.706e-01, test_acc: 5.630e-01, test_nll: 1.646e+00)
[2023-02-03 05:40:36] [Epoch    97/  500] trn/loss 1.036e+00, trn/lr 2.733e-02, val/acc 5.423e-01, val/nll 1.844e+00
[2023-02-03 05:40:38] [Epoch    98/  500] trn/loss 1.026e+00, trn/lr 2.727e-02, val/acc 5.441e-01, val/nll 1.833e+00
[2023-02-03 05:40:40] [Epoch    99/  500] trn/loss 1.022e+00, trn/lr 2.722e-02, val/acc 5.334e-01, val/nll 1.865e+00
[2023-02-03 05:40:42] [Epoch   100/  500] trn/loss 1.035e+00, trn/lr 2.716e-02, val/acc 5.529e-01, val/nll 1.745e+00
[2023-02-03 05:40:44] [Epoch   101/  500] trn/loss 1.021e+00, trn/lr 2.711e-02, val/acc 5.306e-01, val/nll 1.874e+00
[2023-02-03 05:40:46] [Epoch   102/  500] trn/loss 1.033e+00, trn/lr 2.705e-02, val/acc 5.251e-01, val/nll 1.885e+00
[2023-02-03 05:40:48] [Epoch   103/  500] trn/loss 1.011e+00, trn/lr 2.700e-02, val/acc 5.586e-01, val/nll 1.688e+00
[2023-02-03 05:40:50] [Epoch   104/  500] trn/loss 1.013e+00, trn/lr 2.694e-02, val/acc 5.733e-01, val/nll 1.672e+00 (best_acc: 5.706e-01 -> 5.733e-01, test_acc: 5.706e-01, test_nll: 1.657e+00)
[2023-02-03 05:40:52] [Epoch   105/  500] trn/loss 1.010e+00, trn/lr 2.688e-02, val/acc 5.467e-01, val/nll 1.770e+00
[2023-02-03 05:40:54] [Epoch   106/  500] trn/loss 1.012e+00, trn/lr 2.682e-02, val/acc 5.520e-01, val/nll 1.808e+00
[2023-02-03 05:40:56] [Epoch   107/  500] trn/loss 1.007e+00, trn/lr 2.677e-02, val/acc 5.333e-01, val/nll 1.848e+00
[2023-02-03 05:40:58] [Epoch   108/  500] trn/loss 1.007e+00, trn/lr 2.671e-02, val/acc 5.388e-01, val/nll 1.875e+00
[2023-02-03 05:41:00] [Epoch   109/  500] trn/loss 1.007e+00, trn/lr 2.665e-02, val/acc 5.664e-01, val/nll 1.672e+00
[2023-02-03 05:41:02] [Epoch   110/  500] trn/loss 9.935e-01, trn/lr 2.659e-02, val/acc 5.675e-01, val/nll 1.690e+00
[2023-02-03 05:41:04] [Epoch   111/  500] trn/loss 1.003e+00, trn/lr 2.653e-02, val/acc 5.373e-01, val/nll 1.813e+00
[2023-02-03 05:41:06] [Epoch   112/  500] trn/loss 9.987e-01, trn/lr 2.647e-02, val/acc 5.331e-01, val/nll 1.852e+00
[2023-02-03 05:41:08] [Epoch   113/  500] trn/loss 9.856e-01, trn/lr 2.641e-02, val/acc 5.753e-01, val/nll 1.654e+00 (best_acc: 5.733e-01 -> 5.753e-01, test_acc: 5.771e-01, test_nll: 1.662e+00)
[2023-02-03 05:41:10] [Epoch   114/  500] trn/loss 9.895e-01, trn/lr 2.634e-02, val/acc 5.559e-01, val/nll 1.722e+00
[2023-02-03 05:41:12] [Epoch   115/  500] trn/loss 9.952e-01, trn/lr 2.628e-02, val/acc 5.586e-01, val/nll 1.735e+00
[2023-02-03 05:41:14] [Epoch   116/  500] trn/loss 9.775e-01, trn/lr 2.622e-02, val/acc 5.373e-01, val/nll 1.896e+00
[2023-02-03 05:41:16] [Epoch   117/  500] trn/loss 9.926e-01, trn/lr 2.616e-02, val/acc 5.717e-01, val/nll 1.680e+00
[2023-02-03 05:41:18] [Epoch   118/  500] trn/loss 9.917e-01, trn/lr 2.609e-02, val/acc 5.527e-01, val/nll 1.716e+00
[2023-02-03 05:41:19] [Epoch   119/  500] trn/loss 9.750e-01, trn/lr 2.603e-02, val/acc 5.623e-01, val/nll 1.717e+00
[2023-02-03 05:41:21] [Epoch   120/  500] trn/loss 9.772e-01, trn/lr 2.597e-02, val/acc 5.430e-01, val/nll 1.860e+00
[2023-02-03 05:41:23] [Epoch   121/  500] trn/loss 9.821e-01, trn/lr 2.590e-02, val/acc 5.642e-01, val/nll 1.742e+00
[2023-02-03 05:41:25] [Epoch   122/  500] trn/loss 9.754e-01, trn/lr 2.584e-02, val/acc 5.545e-01, val/nll 1.730e+00
[2023-02-03 05:41:27] [Epoch   123/  500] trn/loss 9.845e-01, trn/lr 2.577e-02, val/acc 5.582e-01, val/nll 1.720e+00
[2023-02-03 05:41:29] [Epoch   124/  500] trn/loss 9.757e-01, trn/lr 2.571e-02, val/acc 5.636e-01, val/nll 1.674e+00
[2023-02-03 05:41:31] [Epoch   125/  500] trn/loss 9.655e-01, trn/lr 2.564e-02, val/acc 5.595e-01, val/nll 1.752e+00
[2023-02-03 05:41:33] [Epoch   126/  500] trn/loss 9.519e-01, trn/lr 2.557e-02, val/acc 5.566e-01, val/nll 1.760e+00
[2023-02-03 05:41:35] [Epoch   127/  500] trn/loss 9.648e-01, trn/lr 2.551e-02, val/acc 5.668e-01, val/nll 1.719e+00
[2023-02-03 05:41:37] [Epoch   128/  500] trn/loss 9.476e-01, trn/lr 2.544e-02, val/acc 5.562e-01, val/nll 1.798e+00
[2023-02-03 05:41:39] [Epoch   129/  500] trn/loss 9.582e-01, trn/lr 2.537e-02, val/acc 5.238e-01, val/nll 1.957e+00
[2023-02-03 05:41:41] [Epoch   130/  500] trn/loss 9.580e-01, trn/lr 2.530e-02, val/acc 5.562e-01, val/nll 1.826e+00
[2023-02-03 05:41:43] [Epoch   131/  500] trn/loss 9.650e-01, trn/lr 2.523e-02, val/acc 5.530e-01, val/nll 1.801e+00
[2023-02-03 05:41:45] [Epoch   132/  500] trn/loss 9.753e-01, trn/lr 2.516e-02, val/acc 5.482e-01, val/nll 1.815e+00
[2023-02-03 05:41:47] [Epoch   133/  500] trn/loss 9.504e-01, trn/lr 2.510e-02, val/acc 5.205e-01, val/nll 1.962e+00
[2023-02-03 05:41:48] [Epoch   134/  500] trn/loss 9.419e-01, trn/lr 2.503e-02, val/acc 5.369e-01, val/nll 1.894e+00
[2023-02-03 05:41:50] [Epoch   135/  500] trn/loss 9.305e-01, trn/lr 2.496e-02, val/acc 5.581e-01, val/nll 1.749e+00
[2023-02-03 05:41:52] [Epoch   136/  500] trn/loss 9.403e-01, trn/lr 2.488e-02, val/acc 5.586e-01, val/nll 1.714e+00
[2023-02-03 05:41:54] [Epoch   137/  500] trn/loss 9.441e-01, trn/lr 2.481e-02, val/acc 5.439e-01, val/nll 1.786e+00
[2023-02-03 05:41:56] [Epoch   138/  500] trn/loss 9.447e-01, trn/lr 2.474e-02, val/acc 5.676e-01, val/nll 1.691e+00
[2023-02-03 05:41:58] [Epoch   139/  500] trn/loss 9.274e-01, trn/lr 2.467e-02, val/acc 5.618e-01, val/nll 1.708e+00
[2023-02-03 05:42:00] [Epoch   140/  500] trn/loss 9.228e-01, trn/lr 2.460e-02, val/acc 5.421e-01, val/nll 1.850e+00
[2023-02-03 05:42:02] [Epoch   141/  500] trn/loss 9.354e-01, trn/lr 2.453e-02, val/acc 5.611e-01, val/nll 1.693e+00
[2023-02-03 05:42:04] [Epoch   142/  500] trn/loss 9.361e-01, trn/lr 2.445e-02, val/acc 5.883e-01, val/nll 1.572e+00 (best_acc: 5.753e-01 -> 5.883e-01, test_acc: 5.892e-01, test_nll: 1.584e+00)
[2023-02-03 05:42:06] [Epoch   143/  500] trn/loss 9.230e-01, trn/lr 2.438e-02, val/acc 5.587e-01, val/nll 1.764e+00
[2023-02-03 05:42:08] [Epoch   144/  500] trn/loss 9.323e-01, trn/lr 2.431e-02, val/acc 5.525e-01, val/nll 1.785e+00
[2023-02-03 05:42:10] [Epoch   145/  500] trn/loss 9.348e-01, trn/lr 2.423e-02, val/acc 5.292e-01, val/nll 1.934e+00
[2023-02-03 05:42:12] [Epoch   146/  500] trn/loss 9.205e-01, trn/lr 2.416e-02, val/acc 5.628e-01, val/nll 1.744e+00
[2023-02-03 05:42:14] [Epoch   147/  500] trn/loss 9.328e-01, trn/lr 2.408e-02, val/acc 5.612e-01, val/nll 1.783e+00
[2023-02-03 05:42:16] [Epoch   148/  500] trn/loss 9.461e-01, trn/lr 2.401e-02, val/acc 5.531e-01, val/nll 1.790e+00
[2023-02-03 05:42:18] [Epoch   149/  500] trn/loss 9.199e-01, trn/lr 2.393e-02, val/acc 5.612e-01, val/nll 1.717e+00
[2023-02-03 05:42:20] [Epoch   150/  500] trn/loss 9.079e-01, trn/lr 2.386e-02, val/acc 5.787e-01, val/nll 1.633e+00
[2023-02-03 05:42:22] [Epoch   151/  500] trn/loss 9.036e-01, trn/lr 2.378e-02, val/acc 5.619e-01, val/nll 1.774e+00
[2023-02-03 05:42:24] [Epoch   152/  500] trn/loss 9.092e-01, trn/lr 2.370e-02, val/acc 5.706e-01, val/nll 1.686e+00
[2023-02-03 05:42:26] [Epoch   153/  500] trn/loss 8.998e-01, trn/lr 2.363e-02, val/acc 5.363e-01, val/nll 1.826e+00
[2023-02-03 05:42:27] [Epoch   154/  500] trn/loss 9.075e-01, trn/lr 2.355e-02, val/acc 5.642e-01, val/nll 1.727e+00
[2023-02-03 05:42:29] [Epoch   155/  500] trn/loss 9.032e-01, trn/lr 2.347e-02, val/acc 5.667e-01, val/nll 1.688e+00
[2023-02-03 05:42:31] [Epoch   156/  500] trn/loss 9.026e-01, trn/lr 2.339e-02, val/acc 5.741e-01, val/nll 1.663e+00
[2023-02-03 05:42:33] [Epoch   157/  500] trn/loss 9.020e-01, trn/lr 2.331e-02, val/acc 5.906e-01, val/nll 1.608e+00 (best_acc: 5.883e-01 -> 5.906e-01, test_acc: 5.830e-01, test_nll: 1.624e+00)
[2023-02-03 05:42:35] [Epoch   158/  500] trn/loss 8.885e-01, trn/lr 2.324e-02, val/acc 5.614e-01, val/nll 1.708e+00
[2023-02-03 05:42:37] [Epoch   159/  500] trn/loss 9.076e-01, trn/lr 2.316e-02, val/acc 5.690e-01, val/nll 1.673e+00
[2023-02-03 05:42:39] [Epoch   160/  500] trn/loss 9.047e-01, trn/lr 2.308e-02, val/acc 5.673e-01, val/nll 1.764e+00
[2023-02-03 05:42:41] [Epoch   161/  500] trn/loss 8.937e-01, trn/lr 2.300e-02, val/acc 5.706e-01, val/nll 1.690e+00
[2023-02-03 05:42:43] [Epoch   162/  500] trn/loss 8.819e-01, trn/lr 2.292e-02, val/acc 5.712e-01, val/nll 1.717e+00
[2023-02-03 05:42:45] [Epoch   163/  500] trn/loss 8.823e-01, trn/lr 2.284e-02, val/acc 5.676e-01, val/nll 1.686e+00
[2023-02-03 05:42:47] [Epoch   164/  500] trn/loss 8.877e-01, trn/lr 2.276e-02, val/acc 5.701e-01, val/nll 1.769e+00
[2023-02-03 05:42:49] [Epoch   165/  500] trn/loss 8.944e-01, trn/lr 2.268e-02, val/acc 5.477e-01, val/nll 1.824e+00
[2023-02-03 05:42:51] [Epoch   166/  500] trn/loss 8.797e-01, trn/lr 2.260e-02, val/acc 5.587e-01, val/nll 1.739e+00
[2023-02-03 05:42:53] [Epoch   167/  500] trn/loss 8.758e-01, trn/lr 2.251e-02, val/acc 5.632e-01, val/nll 1.730e+00
[2023-02-03 05:42:55] [Epoch   168/  500] trn/loss 8.694e-01, trn/lr 2.243e-02, val/acc 5.856e-01, val/nll 1.611e+00
[2023-02-03 05:42:57] [Epoch   169/  500] trn/loss 8.684e-01, trn/lr 2.235e-02, val/acc 5.725e-01, val/nll 1.634e+00
[2023-02-03 05:42:59] [Epoch   170/  500] trn/loss 8.808e-01, trn/lr 2.227e-02, val/acc 5.528e-01, val/nll 1.849e+00
[2023-02-03 05:43:01] [Epoch   171/  500] trn/loss 8.762e-01, trn/lr 2.219e-02, val/acc 5.920e-01, val/nll 1.582e+00 (best_acc: 5.906e-01 -> 5.920e-01, test_acc: 5.968e-01, test_nll: 1.578e+00)
[2023-02-03 05:43:03] [Epoch   172/  500] trn/loss 8.689e-01, trn/lr 2.210e-02, val/acc 5.702e-01, val/nll 1.738e+00
[2023-02-03 05:43:05] [Epoch   173/  500] trn/loss 8.589e-01, trn/lr 2.202e-02, val/acc 5.604e-01, val/nll 1.784e+00
[2023-02-03 05:43:06] [Epoch   174/  500] trn/loss 8.640e-01, trn/lr 2.194e-02, val/acc 5.708e-01, val/nll 1.727e+00
[2023-02-03 05:43:08] [Epoch   175/  500] trn/loss 8.573e-01, trn/lr 2.185e-02, val/acc 5.907e-01, val/nll 1.575e+00
[2023-02-03 05:43:10] [Epoch   176/  500] trn/loss 8.549e-01, trn/lr 2.177e-02, val/acc 5.498e-01, val/nll 1.826e+00
[2023-02-03 05:43:12] [Epoch   177/  500] trn/loss 8.734e-01, trn/lr 2.168e-02, val/acc 5.598e-01, val/nll 1.773e+00
[2023-02-03 05:43:14] [Epoch   178/  500] trn/loss 8.757e-01, trn/lr 2.160e-02, val/acc 5.677e-01, val/nll 1.700e+00
[2023-02-03 05:43:16] [Epoch   179/  500] trn/loss 8.556e-01, trn/lr 2.151e-02, val/acc 5.621e-01, val/nll 1.721e+00
[2023-02-03 05:43:18] [Epoch   180/  500] trn/loss 8.646e-01, trn/lr 2.143e-02, val/acc 5.814e-01, val/nll 1.629e+00
[2023-02-03 05:43:20] [Epoch   181/  500] trn/loss 8.430e-01, trn/lr 2.134e-02, val/acc 5.545e-01, val/nll 1.784e+00
[2023-02-03 05:43:22] [Epoch   182/  500] trn/loss 8.454e-01, trn/lr 2.126e-02, val/acc 5.722e-01, val/nll 1.726e+00
[2023-02-03 05:43:24] [Epoch   183/  500] trn/loss 8.479e-01, trn/lr 2.117e-02, val/acc 5.647e-01, val/nll 1.782e+00
[2023-02-03 05:43:26] [Epoch   184/  500] trn/loss 8.296e-01, trn/lr 2.109e-02, val/acc 5.654e-01, val/nll 1.711e+00
[2023-02-03 05:43:28] [Epoch   185/  500] trn/loss 8.313e-01, trn/lr 2.100e-02, val/acc 5.806e-01, val/nll 1.675e+00
[2023-02-03 05:43:30] [Epoch   186/  500] trn/loss 8.368e-01, trn/lr 2.091e-02, val/acc 5.550e-01, val/nll 1.813e+00
[2023-02-03 05:43:32] [Epoch   187/  500] trn/loss 8.398e-01, trn/lr 2.083e-02, val/acc 5.806e-01, val/nll 1.615e+00
[2023-02-03 05:43:34] [Epoch   188/  500] trn/loss 8.427e-01, trn/lr 2.074e-02, val/acc 5.187e-01, val/nll 2.026e+00
[2023-02-03 05:43:36] [Epoch   189/  500] trn/loss 8.415e-01, trn/lr 2.065e-02, val/acc 5.830e-01, val/nll 1.646e+00
[2023-02-03 05:43:38] [Epoch   190/  500] trn/loss 8.364e-01, trn/lr 2.057e-02, val/acc 5.858e-01, val/nll 1.644e+00
[2023-02-03 05:43:39] [Epoch   191/  500] trn/loss 8.324e-01, trn/lr 2.048e-02, val/acc 5.665e-01, val/nll 1.716e+00
[2023-02-03 05:43:41] [Epoch   192/  500] trn/loss 8.336e-01, trn/lr 2.039e-02, val/acc 5.886e-01, val/nll 1.639e+00
[2023-02-03 05:43:43] [Epoch   193/  500] trn/loss 8.347e-01, trn/lr 2.030e-02, val/acc 5.719e-01, val/nll 1.718e+00
[2023-02-03 05:43:45] [Epoch   194/  500] trn/loss 8.222e-01, trn/lr 2.021e-02, val/acc 5.608e-01, val/nll 1.796e+00
[2023-02-03 05:43:47] [Epoch   195/  500] trn/loss 8.391e-01, trn/lr 2.013e-02, val/acc 5.768e-01, val/nll 1.687e+00
[2023-02-03 05:43:49] [Epoch   196/  500] trn/loss 8.051e-01, trn/lr 2.004e-02, val/acc 5.747e-01, val/nll 1.732e+00
[2023-02-03 05:43:51] [Epoch   197/  500] trn/loss 8.154e-01, trn/lr 1.995e-02, val/acc 5.730e-01, val/nll 1.664e+00
[2023-02-03 05:43:53] [Epoch   198/  500] trn/loss 8.138e-01, trn/lr 1.986e-02, val/acc 5.801e-01, val/nll 1.665e+00
[2023-02-03 05:43:55] [Epoch   199/  500] trn/loss 8.149e-01, trn/lr 1.977e-02, val/acc 5.832e-01, val/nll 1.638e+00
[2023-02-03 05:43:57] [Epoch   200/  500] trn/loss 8.127e-01, trn/lr 1.968e-02, val/acc 5.851e-01, val/nll 1.610e+00
[2023-02-03 05:43:59] [Epoch   201/  500] trn/loss 8.264e-01, trn/lr 1.959e-02, val/acc 5.816e-01, val/nll 1.692e+00
[2023-02-03 05:44:01] [Epoch   202/  500] trn/loss 8.214e-01, trn/lr 1.950e-02, val/acc 5.831e-01, val/nll 1.630e+00
[2023-02-03 05:44:03] [Epoch   203/  500] trn/loss 7.953e-01, trn/lr 1.941e-02, val/acc 5.768e-01, val/nll 1.704e+00
[2023-02-03 05:44:05] [Epoch   204/  500] trn/loss 7.971e-01, trn/lr 1.932e-02, val/acc 5.837e-01, val/nll 1.620e+00
[2023-02-03 05:44:07] [Epoch   205/  500] trn/loss 7.947e-01, trn/lr 1.923e-02, val/acc 5.819e-01, val/nll 1.601e+00
[2023-02-03 05:44:08] [Epoch   206/  500] trn/loss 7.972e-01, trn/lr 1.914e-02, val/acc 5.655e-01, val/nll 1.767e+00
[2023-02-03 05:44:10] [Epoch   207/  500] trn/loss 7.947e-01, trn/lr 1.905e-02, val/acc 5.740e-01, val/nll 1.682e+00
[2023-02-03 05:44:12] [Epoch   208/  500] trn/loss 7.986e-01, trn/lr 1.896e-02, val/acc 5.862e-01, val/nll 1.623e+00
[2023-02-03 05:44:14] [Epoch   209/  500] trn/loss 8.032e-01, trn/lr 1.887e-02, val/acc 5.938e-01, val/nll 1.592e+00 (best_acc: 5.920e-01 -> 5.938e-01, test_acc: 5.981e-01, test_nll: 1.579e+00)
[2023-02-03 05:44:16] [Epoch   210/  500] trn/loss 7.792e-01, trn/lr 1.878e-02, val/acc 5.713e-01, val/nll 1.731e+00
[2023-02-03 05:44:18] [Epoch   211/  500] trn/loss 7.874e-01, trn/lr 1.868e-02, val/acc 5.876e-01, val/nll 1.687e+00
[2023-02-03 05:44:20] [Epoch   212/  500] trn/loss 7.784e-01, trn/lr 1.859e-02, val/acc 5.923e-01, val/nll 1.676e+00
[2023-02-03 05:44:22] [Epoch   213/  500] trn/loss 7.947e-01, trn/lr 1.850e-02, val/acc 5.812e-01, val/nll 1.741e+00
[2023-02-03 05:44:24] [Epoch   214/  500] trn/loss 7.821e-01, trn/lr 1.841e-02, val/acc 5.897e-01, val/nll 1.629e+00
[2023-02-03 05:44:26] [Epoch   215/  500] trn/loss 7.792e-01, trn/lr 1.832e-02, val/acc 5.772e-01, val/nll 1.707e+00
[2023-02-03 05:44:28] [Epoch   216/  500] trn/loss 7.829e-01, trn/lr 1.823e-02, val/acc 5.806e-01, val/nll 1.683e+00
[2023-02-03 05:44:30] [Epoch   217/  500] trn/loss 7.721e-01, trn/lr 1.813e-02, val/acc 6.043e-01, val/nll 1.563e+00 (best_acc: 5.938e-01 -> 6.043e-01, test_acc: 5.977e-01, test_nll: 1.574e+00)
[2023-02-03 05:44:32] [Epoch   218/  500] trn/loss 7.691e-01, trn/lr 1.804e-02, val/acc 5.798e-01, val/nll 1.695e+00
[2023-02-03 05:44:34] [Epoch   219/  500] trn/loss 7.669e-01, trn/lr 1.795e-02, val/acc 5.837e-01, val/nll 1.645e+00
[2023-02-03 05:44:36] [Epoch   220/  500] trn/loss 7.690e-01, trn/lr 1.786e-02, val/acc 5.747e-01, val/nll 1.723e+00
[2023-02-03 05:44:38] [Epoch   221/  500] trn/loss 7.690e-01, trn/lr 1.776e-02, val/acc 5.869e-01, val/nll 1.615e+00
[2023-02-03 05:44:40] [Epoch   222/  500] trn/loss 7.571e-01, trn/lr 1.767e-02, val/acc 5.989e-01, val/nll 1.617e+00
[2023-02-03 05:44:42] [Epoch   223/  500] trn/loss 7.597e-01, trn/lr 1.758e-02, val/acc 5.840e-01, val/nll 1.656e+00
[2023-02-03 05:44:44] [Epoch   224/  500] trn/loss 7.701e-01, trn/lr 1.749e-02, val/acc 5.867e-01, val/nll 1.643e+00
[2023-02-03 05:44:46] [Epoch   225/  500] trn/loss 7.631e-01, trn/lr 1.739e-02, val/acc 5.847e-01, val/nll 1.691e+00
[2023-02-03 05:44:48] [Epoch   226/  500] trn/loss 7.444e-01, trn/lr 1.730e-02, val/acc 5.624e-01, val/nll 1.834e+00
[2023-02-03 05:44:50] [Epoch   227/  500] trn/loss 7.597e-01, trn/lr 1.721e-02, val/acc 5.816e-01, val/nll 1.696e+00
[2023-02-03 05:44:52] [Epoch   228/  500] trn/loss 7.524e-01, trn/lr 1.711e-02, val/acc 5.788e-01, val/nll 1.752e+00
[2023-02-03 05:44:53] [Epoch   229/  500] trn/loss 7.450e-01, trn/lr 1.702e-02, val/acc 5.892e-01, val/nll 1.624e+00
[2023-02-03 05:44:55] [Epoch   230/  500] trn/loss 7.503e-01, trn/lr 1.693e-02, val/acc 5.965e-01, val/nll 1.676e+00
[2023-02-03 05:44:57] [Epoch   231/  500] trn/loss 7.415e-01, trn/lr 1.683e-02, val/acc 5.829e-01, val/nll 1.693e+00
[2023-02-03 05:44:59] [Epoch   232/  500] trn/loss 7.353e-01, trn/lr 1.674e-02, val/acc 5.928e-01, val/nll 1.649e+00
[2023-02-03 05:45:01] [Epoch   233/  500] trn/loss 7.383e-01, trn/lr 1.665e-02, val/acc 6.046e-01, val/nll 1.558e+00 (best_acc: 6.043e-01 -> 6.046e-01, test_acc: 6.010e-01, test_nll: 1.538e+00)
[2023-02-03 05:45:03] [Epoch   234/  500] trn/loss 7.282e-01, trn/lr 1.655e-02, val/acc 5.885e-01, val/nll 1.598e+00
[2023-02-03 05:45:05] [Epoch   235/  500] trn/loss 7.307e-01, trn/lr 1.646e-02, val/acc 5.981e-01, val/nll 1.626e+00
[2023-02-03 05:45:07] [Epoch   236/  500] trn/loss 7.244e-01, trn/lr 1.636e-02, val/acc 5.996e-01, val/nll 1.557e+00
[2023-02-03 05:45:09] [Epoch   237/  500] trn/loss 7.214e-01, trn/lr 1.627e-02, val/acc 5.998e-01, val/nll 1.567e+00
[2023-02-03 05:45:11] [Epoch   238/  500] trn/loss 7.170e-01, trn/lr 1.618e-02, val/acc 5.914e-01, val/nll 1.600e+00
[2023-02-03 05:45:13] [Epoch   239/  500] trn/loss 7.302e-01, trn/lr 1.608e-02, val/acc 5.968e-01, val/nll 1.613e+00
[2023-02-03 05:45:15] [Epoch   240/  500] trn/loss 7.170e-01, trn/lr 1.599e-02, val/acc 5.825e-01, val/nll 1.697e+00
[2023-02-03 05:45:17] [Epoch   241/  500] trn/loss 7.202e-01, trn/lr 1.590e-02, val/acc 5.977e-01, val/nll 1.645e+00
[2023-02-03 05:45:19] [Epoch   242/  500] trn/loss 7.100e-01, trn/lr 1.580e-02, val/acc 6.009e-01, val/nll 1.572e+00
[2023-02-03 05:45:21] [Epoch   243/  500] trn/loss 6.993e-01, trn/lr 1.571e-02, val/acc 5.800e-01, val/nll 1.733e+00
[2023-02-03 05:45:23] [Epoch   244/  500] trn/loss 7.092e-01, trn/lr 1.561e-02, val/acc 5.841e-01, val/nll 1.719e+00
[2023-02-03 05:45:25] [Epoch   245/  500] trn/loss 7.160e-01, trn/lr 1.552e-02, val/acc 5.653e-01, val/nll 1.812e+00
[2023-02-03 05:45:26] [Epoch   246/  500] trn/loss 7.007e-01, trn/lr 1.542e-02, val/acc 5.967e-01, val/nll 1.670e+00
[2023-02-03 05:45:28] [Epoch   247/  500] trn/loss 7.145e-01, trn/lr 1.533e-02, val/acc 5.885e-01, val/nll 1.638e+00
[2023-02-03 05:45:30] [Epoch   248/  500] trn/loss 6.968e-01, trn/lr 1.524e-02, val/acc 5.927e-01, val/nll 1.681e+00
[2023-02-03 05:45:32] [Epoch   249/  500] trn/loss 7.078e-01, trn/lr 1.514e-02, val/acc 5.666e-01, val/nll 1.802e+00
[2023-02-03 05:45:34] [Epoch   250/  500] trn/loss 7.122e-01, trn/lr 1.505e-02, val/acc 5.826e-01, val/nll 1.749e+00
[2023-02-03 05:45:36] [Epoch   251/  500] trn/loss 7.012e-01, trn/lr 1.495e-02, val/acc 5.941e-01, val/nll 1.658e+00
[2023-02-03 05:45:38] [Epoch   252/  500] trn/loss 6.851e-01, trn/lr 1.486e-02, val/acc 5.762e-01, val/nll 1.755e+00
[2023-02-03 05:45:40] [Epoch   253/  500] trn/loss 6.972e-01, trn/lr 1.476e-02, val/acc 6.032e-01, val/nll 1.586e+00
[2023-02-03 05:45:42] [Epoch   254/  500] trn/loss 6.823e-01, trn/lr 1.467e-02, val/acc 5.812e-01, val/nll 1.741e+00
[2023-02-03 05:45:44] [Epoch   255/  500] trn/loss 6.758e-01, trn/lr 1.458e-02, val/acc 5.883e-01, val/nll 1.673e+00
[2023-02-03 05:45:46] [Epoch   256/  500] trn/loss 6.811e-01, trn/lr 1.448e-02, val/acc 5.949e-01, val/nll 1.614e+00
[2023-02-03 05:45:48] [Epoch   257/  500] trn/loss 6.808e-01, trn/lr 1.439e-02, val/acc 5.850e-01, val/nll 1.710e+00
[2023-02-03 05:45:50] [Epoch   258/  500] trn/loss 6.735e-01, trn/lr 1.429e-02, val/acc 5.920e-01, val/nll 1.687e+00
[2023-02-03 05:45:52] [Epoch   259/  500] trn/loss 6.852e-01, trn/lr 1.420e-02, val/acc 5.948e-01, val/nll 1.637e+00
[2023-02-03 05:45:53] [Epoch   260/  500] trn/loss 6.817e-01, trn/lr 1.411e-02, val/acc 5.896e-01, val/nll 1.637e+00
[2023-02-03 05:45:55] [Epoch   261/  500] trn/loss 6.716e-01, trn/lr 1.401e-02, val/acc 5.733e-01, val/nll 1.742e+00
[2023-02-03 05:45:58] [Epoch   262/  500] trn/loss 6.694e-01, trn/lr 1.392e-02, val/acc 6.082e-01, val/nll 1.631e+00 (best_acc: 6.046e-01 -> 6.082e-01, test_acc: 5.997e-01, test_nll: 1.664e+00)
[2023-02-03 05:45:59] [Epoch   263/  500] trn/loss 6.680e-01, trn/lr 1.382e-02, val/acc 5.872e-01, val/nll 1.745e+00
[2023-02-03 05:46:02] [Epoch   264/  500] trn/loss 6.568e-01, trn/lr 1.373e-02, val/acc 5.871e-01, val/nll 1.730e+00
[2023-02-03 05:46:04] [Epoch   265/  500] trn/loss 6.571e-01, trn/lr 1.364e-02, val/acc 6.095e-01, val/nll 1.580e+00 (best_acc: 6.082e-01 -> 6.095e-01, test_acc: 6.035e-01, test_nll: 1.586e+00)
[2023-02-03 05:46:06] [Epoch   266/  500] trn/loss 6.681e-01, trn/lr 1.354e-02, val/acc 5.742e-01, val/nll 1.752e+00
[2023-02-03 05:46:07] [Epoch   267/  500] trn/loss 6.535e-01, trn/lr 1.345e-02, val/acc 5.886e-01, val/nll 1.683e+00
[2023-02-03 05:46:09] [Epoch   268/  500] trn/loss 6.562e-01, trn/lr 1.335e-02, val/acc 6.035e-01, val/nll 1.622e+00
[2023-02-03 05:46:11] [Epoch   269/  500] trn/loss 6.510e-01, trn/lr 1.326e-02, val/acc 5.886e-01, val/nll 1.718e+00
[2023-02-03 05:46:13] [Epoch   270/  500] trn/loss 6.390e-01, trn/lr 1.317e-02, val/acc 5.912e-01, val/nll 1.669e+00
[2023-02-03 05:46:15] [Epoch   271/  500] trn/loss 6.437e-01, trn/lr 1.307e-02, val/acc 5.980e-01, val/nll 1.719e+00
[2023-02-03 05:46:17] [Epoch   272/  500] trn/loss 6.443e-01, trn/lr 1.298e-02, val/acc 5.909e-01, val/nll 1.656e+00
[2023-02-03 05:46:19] [Epoch   273/  500] trn/loss 6.426e-01, trn/lr 1.289e-02, val/acc 5.936e-01, val/nll 1.701e+00
[2023-02-03 05:46:21] [Epoch   274/  500] trn/loss 6.262e-01, trn/lr 1.279e-02, val/acc 5.931e-01, val/nll 1.653e+00
[2023-02-03 05:46:23] [Epoch   275/  500] trn/loss 6.230e-01, trn/lr 1.270e-02, val/acc 6.082e-01, val/nll 1.557e+00
[2023-02-03 05:46:25] [Epoch   276/  500] trn/loss 6.198e-01, trn/lr 1.261e-02, val/acc 6.022e-01, val/nll 1.589e+00
[2023-02-03 05:46:27] [Epoch   277/  500] trn/loss 6.240e-01, trn/lr 1.251e-02, val/acc 6.066e-01, val/nll 1.615e+00
[2023-02-03 05:46:29] [Epoch   278/  500] trn/loss 6.304e-01, trn/lr 1.242e-02, val/acc 6.035e-01, val/nll 1.617e+00
[2023-02-03 05:46:31] [Epoch   279/  500] trn/loss 6.196e-01, trn/lr 1.233e-02, val/acc 6.059e-01, val/nll 1.625e+00
[2023-02-03 05:46:33] [Epoch   280/  500] trn/loss 6.175e-01, trn/lr 1.224e-02, val/acc 5.811e-01, val/nll 1.768e+00
[2023-02-03 05:46:35] [Epoch   281/  500] trn/loss 6.083e-01, trn/lr 1.214e-02, val/acc 5.987e-01, val/nll 1.642e+00
[2023-02-03 05:46:36] [Epoch   282/  500] trn/loss 6.189e-01, trn/lr 1.205e-02, val/acc 5.957e-01, val/nll 1.661e+00
[2023-02-03 05:46:38] [Epoch   283/  500] trn/loss 6.036e-01, trn/lr 1.196e-02, val/acc 5.946e-01, val/nll 1.678e+00
[2023-02-03 05:46:40] [Epoch   284/  500] trn/loss 6.038e-01, trn/lr 1.187e-02, val/acc 5.975e-01, val/nll 1.694e+00
[2023-02-03 05:46:42] [Epoch   285/  500] trn/loss 6.025e-01, trn/lr 1.177e-02, val/acc 5.988e-01, val/nll 1.614e+00
[2023-02-03 05:46:44] [Epoch   286/  500] trn/loss 5.924e-01, trn/lr 1.168e-02, val/acc 6.003e-01, val/nll 1.636e+00
[2023-02-03 05:46:46] [Epoch   287/  500] trn/loss 6.048e-01, trn/lr 1.159e-02, val/acc 5.976e-01, val/nll 1.684e+00
[2023-02-03 05:46:48] [Epoch   288/  500] trn/loss 6.013e-01, trn/lr 1.150e-02, val/acc 5.931e-01, val/nll 1.720e+00
[2023-02-03 05:46:50] [Epoch   289/  500] trn/loss 5.900e-01, trn/lr 1.141e-02, val/acc 6.000e-01, val/nll 1.658e+00
[2023-02-03 05:46:52] [Epoch   290/  500] trn/loss 5.967e-01, trn/lr 1.132e-02, val/acc 6.006e-01, val/nll 1.686e+00
[2023-02-03 05:46:54] [Epoch   291/  500] trn/loss 5.721e-01, trn/lr 1.122e-02, val/acc 5.988e-01, val/nll 1.679e+00
[2023-02-03 05:46:56] [Epoch   292/  500] trn/loss 5.779e-01, trn/lr 1.113e-02, val/acc 6.024e-01, val/nll 1.673e+00
[2023-02-03 05:46:58] [Epoch   293/  500] trn/loss 5.740e-01, trn/lr 1.104e-02, val/acc 6.110e-01, val/nll 1.629e+00 (best_acc: 6.095e-01 -> 6.110e-01, test_acc: 6.088e-01, test_nll: 1.661e+00)
[2023-02-03 05:47:00] [Epoch   294/  500] trn/loss 5.722e-01, trn/lr 1.095e-02, val/acc 6.127e-01, val/nll 1.575e+00 (best_acc: 6.110e-01 -> 6.127e-01, test_acc: 6.093e-01, test_nll: 1.601e+00)
[2023-02-03 05:47:02] [Epoch   295/  500] trn/loss 5.712e-01, trn/lr 1.086e-02, val/acc 5.980e-01, val/nll 1.638e+00
[2023-02-03 05:47:04] [Epoch   296/  500] trn/loss 5.695e-01, trn/lr 1.077e-02, val/acc 6.106e-01, val/nll 1.607e+00
[2023-02-03 05:47:06] [Epoch   297/  500] trn/loss 5.644e-01, trn/lr 1.068e-02, val/acc 5.985e-01, val/nll 1.753e+00
[2023-02-03 05:47:08] [Epoch   298/  500] trn/loss 5.693e-01, trn/lr 1.059e-02, val/acc 5.778e-01, val/nll 1.809e+00
[2023-02-03 05:47:10] [Epoch   299/  500] trn/loss 5.551e-01, trn/lr 1.050e-02, val/acc 5.957e-01, val/nll 1.696e+00
[2023-02-03 05:47:12] [Epoch   300/  500] trn/loss 5.645e-01, trn/lr 1.041e-02, val/acc 6.054e-01, val/nll 1.665e+00
[2023-02-03 05:47:14] [Epoch   301/  500] trn/loss 5.704e-01, trn/lr 1.032e-02, val/acc 5.971e-01, val/nll 1.702e+00
[2023-02-03 05:47:16] [Epoch   302/  500] trn/loss 5.530e-01, trn/lr 1.023e-02, val/acc 5.994e-01, val/nll 1.645e+00
[2023-02-03 05:47:18] [Epoch   303/  500] trn/loss 5.459e-01, trn/lr 1.014e-02, val/acc 6.006e-01, val/nll 1.696e+00
[2023-02-03 05:47:20] [Epoch   304/  500] trn/loss 5.502e-01, trn/lr 1.005e-02, val/acc 6.177e-01, val/nll 1.554e+00 (best_acc: 6.127e-01 -> 6.177e-01, test_acc: 6.209e-01, test_nll: 1.561e+00)
[2023-02-03 05:47:22] [Epoch   305/  500] trn/loss 5.511e-01, trn/lr 9.964e-03, val/acc 6.175e-01, val/nll 1.603e+00
[2023-02-03 05:47:24] [Epoch   306/  500] trn/loss 5.586e-01, trn/lr 9.875e-03, val/acc 6.149e-01, val/nll 1.561e+00
[2023-02-03 05:47:26] [Epoch   307/  500] trn/loss 5.461e-01, trn/lr 9.786e-03, val/acc 6.069e-01, val/nll 1.650e+00
[2023-02-03 05:47:27] [Epoch   308/  500] trn/loss 5.433e-01, trn/lr 9.698e-03, val/acc 6.093e-01, val/nll 1.586e+00
[2023-02-03 05:47:29] [Epoch   309/  500] trn/loss 5.381e-01, trn/lr 9.610e-03, val/acc 5.979e-01, val/nll 1.658e+00
[2023-02-03 05:47:31] [Epoch   310/  500] trn/loss 5.207e-01, trn/lr 9.522e-03, val/acc 6.146e-01, val/nll 1.590e+00
[2023-02-03 05:47:33] [Epoch   311/  500] trn/loss 5.265e-01, trn/lr 9.435e-03, val/acc 5.941e-01, val/nll 1.752e+00
[2023-02-03 05:47:35] [Epoch   312/  500] trn/loss 5.157e-01, trn/lr 9.347e-03, val/acc 5.909e-01, val/nll 1.747e+00
[2023-02-03 05:47:37] [Epoch   313/  500] trn/loss 5.208e-01, trn/lr 9.260e-03, val/acc 6.080e-01, val/nll 1.625e+00
[2023-02-03 05:47:39] [Epoch   314/  500] trn/loss 5.135e-01, trn/lr 9.173e-03, val/acc 6.155e-01, val/nll 1.601e+00
[2023-02-03 05:47:41] [Epoch   315/  500] trn/loss 5.079e-01, trn/lr 9.086e-03, val/acc 6.148e-01, val/nll 1.575e+00
[2023-02-03 05:47:43] [Epoch   316/  500] trn/loss 5.209e-01, trn/lr 9.000e-03, val/acc 5.994e-01, val/nll 1.653e+00
[2023-02-03 05:47:45] [Epoch   317/  500] trn/loss 5.254e-01, trn/lr 8.914e-03, val/acc 6.029e-01, val/nll 1.653e+00
[2023-02-03 05:47:47] [Epoch   318/  500] trn/loss 5.145e-01, trn/lr 8.828e-03, val/acc 6.079e-01, val/nll 1.628e+00
[2023-02-03 05:47:49] [Epoch   319/  500] trn/loss 5.105e-01, trn/lr 8.742e-03, val/acc 6.184e-01, val/nll 1.598e+00 (best_acc: 6.177e-01 -> 6.184e-01, test_acc: 6.191e-01, test_nll: 1.617e+00)
[2023-02-03 05:47:51] [Epoch   320/  500] trn/loss 4.930e-01, trn/lr 8.656e-03, val/acc 5.853e-01, val/nll 1.854e+00
[2023-02-03 05:47:53] [Epoch   321/  500] trn/loss 4.867e-01, trn/lr 8.571e-03, val/acc 6.191e-01, val/nll 1.613e+00 (best_acc: 6.184e-01 -> 6.191e-01, test_acc: 6.179e-01, test_nll: 1.606e+00)
[2023-02-03 05:47:55] [Epoch   322/  500] trn/loss 4.963e-01, trn/lr 8.486e-03, val/acc 6.031e-01, val/nll 1.716e+00
[2023-02-03 05:47:57] [Epoch   323/  500] trn/loss 4.943e-01, trn/lr 8.401e-03, val/acc 6.080e-01, val/nll 1.636e+00
[2023-02-03 05:47:59] [Epoch   324/  500] trn/loss 4.918e-01, trn/lr 8.317e-03, val/acc 6.129e-01, val/nll 1.657e+00
[2023-02-03 05:48:01] [Epoch   325/  500] trn/loss 4.880e-01, trn/lr 8.232e-03, val/acc 6.116e-01, val/nll 1.663e+00
[2023-02-03 05:48:03] [Epoch   326/  500] trn/loss 4.848e-01, trn/lr 8.148e-03, val/acc 6.100e-01, val/nll 1.639e+00
[2023-02-03 05:48:05] [Epoch   327/  500] trn/loss 4.765e-01, trn/lr 8.065e-03, val/acc 6.082e-01, val/nll 1.636e+00
[2023-02-03 05:48:07] [Epoch   328/  500] trn/loss 4.799e-01, trn/lr 7.981e-03, val/acc 6.101e-01, val/nll 1.672e+00
[2023-02-03 05:48:08] [Epoch   329/  500] trn/loss 4.749e-01, trn/lr 7.898e-03, val/acc 6.187e-01, val/nll 1.595e+00
[2023-02-03 05:48:10] [Epoch   330/  500] trn/loss 4.725e-01, trn/lr 7.815e-03, val/acc 6.180e-01, val/nll 1.578e+00
[2023-02-03 05:48:12] [Epoch   331/  500] trn/loss 4.636e-01, trn/lr 7.733e-03, val/acc 6.150e-01, val/nll 1.597e+00
[2023-02-03 05:48:14] [Epoch   332/  500] trn/loss 4.640e-01, trn/lr 7.650e-03, val/acc 6.069e-01, val/nll 1.655e+00
[2023-02-03 05:48:16] [Epoch   333/  500] trn/loss 4.632e-01, trn/lr 7.568e-03, val/acc 6.198e-01, val/nll 1.609e+00 (best_acc: 6.191e-01 -> 6.198e-01, test_acc: 6.213e-01, test_nll: 1.607e+00)
[2023-02-03 05:48:18] [Epoch   334/  500] trn/loss 4.497e-01, trn/lr 7.487e-03, val/acc 6.288e-01, val/nll 1.571e+00 (best_acc: 6.198e-01 -> 6.288e-01, test_acc: 6.284e-01, test_nll: 1.583e+00)
[2023-02-03 05:48:20] [Epoch   335/  500] trn/loss 4.545e-01, trn/lr 7.405e-03, val/acc 6.147e-01, val/nll 1.618e+00
[2023-02-03 05:48:22] [Epoch   336/  500] trn/loss 4.485e-01, trn/lr 7.324e-03, val/acc 6.118e-01, val/nll 1.630e+00
[2023-02-03 05:48:24] [Epoch   337/  500] trn/loss 4.488e-01, trn/lr 7.243e-03, val/acc 6.181e-01, val/nll 1.595e+00
[2023-02-03 05:48:26] [Epoch   338/  500] trn/loss 4.396e-01, trn/lr 7.163e-03, val/acc 6.149e-01, val/nll 1.649e+00
[2023-02-03 05:48:28] [Epoch   339/  500] trn/loss 4.425e-01, trn/lr 7.083e-03, val/acc 6.039e-01, val/nll 1.688e+00
[2023-02-03 05:48:30] [Epoch   340/  500] trn/loss 4.350e-01, trn/lr 7.003e-03, val/acc 6.136e-01, val/nll 1.618e+00
[2023-02-03 05:48:32] [Epoch   341/  500] trn/loss 4.338e-01, trn/lr 6.923e-03, val/acc 6.146e-01, val/nll 1.604e+00
[2023-02-03 05:48:34] [Epoch   342/  500] trn/loss 4.386e-01, trn/lr 6.844e-03, val/acc 6.168e-01, val/nll 1.611e+00
[2023-02-03 05:48:36] [Epoch   343/  500] trn/loss 4.367e-01, trn/lr 6.765e-03, val/acc 6.064e-01, val/nll 1.702e+00
[2023-02-03 05:48:38] [Epoch   344/  500] trn/loss 4.308e-01, trn/lr 6.686e-03, val/acc 6.184e-01, val/nll 1.649e+00
[2023-02-03 05:48:40] [Epoch   345/  500] trn/loss 4.152e-01, trn/lr 6.608e-03, val/acc 6.257e-01, val/nll 1.569e+00
[2023-02-03 05:48:42] [Epoch   346/  500] trn/loss 4.182e-01, trn/lr 6.530e-03, val/acc 6.127e-01, val/nll 1.665e+00
[2023-02-03 05:48:44] [Epoch   347/  500] trn/loss 4.188e-01, trn/lr 6.452e-03, val/acc 6.205e-01, val/nll 1.656e+00
[2023-02-03 05:48:46] [Epoch   348/  500] trn/loss 4.048e-01, trn/lr 6.375e-03, val/acc 6.189e-01, val/nll 1.632e+00
[2023-02-03 05:48:48] [Epoch   349/  500] trn/loss 4.144e-01, trn/lr 6.298e-03, val/acc 6.257e-01, val/nll 1.611e+00
[2023-02-03 05:48:50] [Epoch   350/  500] trn/loss 3.971e-01, trn/lr 6.222e-03, val/acc 6.284e-01, val/nll 1.573e+00
[2023-02-03 05:48:51] [Epoch   351/  500] trn/loss 3.980e-01, trn/lr 6.145e-03, val/acc 6.143e-01, val/nll 1.673e+00
[2023-02-03 05:48:53] [Epoch   352/  500] trn/loss 3.990e-01, trn/lr 6.069e-03, val/acc 6.277e-01, val/nll 1.582e+00
[2023-02-03 05:48:55] [Epoch   353/  500] trn/loss 3.955e-01, trn/lr 5.994e-03, val/acc 6.128e-01, val/nll 1.694e+00
[2023-02-03 05:48:57] [Epoch   354/  500] trn/loss 3.862e-01, trn/lr 5.919e-03, val/acc 6.184e-01, val/nll 1.674e+00
[2023-02-03 05:48:59] [Epoch   355/  500] trn/loss 3.850e-01, trn/lr 5.844e-03, val/acc 6.265e-01, val/nll 1.576e+00
[2023-02-03 05:49:01] [Epoch   356/  500] trn/loss 3.848e-01, trn/lr 5.769e-03, val/acc 6.159e-01, val/nll 1.684e+00
[2023-02-03 05:49:03] [Epoch   357/  500] trn/loss 3.774e-01, trn/lr 5.695e-03, val/acc 6.257e-01, val/nll 1.586e+00
[2023-02-03 05:49:05] [Epoch   358/  500] trn/loss 3.703e-01, trn/lr 5.622e-03, val/acc 6.298e-01, val/nll 1.610e+00 (best_acc: 6.288e-01 -> 6.298e-01, test_acc: 6.281e-01, test_nll: 1.646e+00)
[2023-02-03 05:49:07] [Epoch   359/  500] trn/loss 3.705e-01, trn/lr 5.548e-03, val/acc 6.327e-01, val/nll 1.573e+00 (best_acc: 6.298e-01 -> 6.327e-01, test_acc: 6.334e-01, test_nll: 1.588e+00)
[2023-02-03 05:49:09] [Epoch   360/  500] trn/loss 3.637e-01, trn/lr 5.475e-03, val/acc 6.211e-01, val/nll 1.625e+00
[2023-02-03 05:49:11] [Epoch   361/  500] trn/loss 3.680e-01, trn/lr 5.403e-03, val/acc 6.257e-01, val/nll 1.603e+00
[2023-02-03 05:49:13] [Epoch   362/  500] trn/loss 3.759e-01, trn/lr 5.330e-03, val/acc 6.252e-01, val/nll 1.582e+00
[2023-02-03 05:49:15] [Epoch   363/  500] trn/loss 3.580e-01, trn/lr 5.259e-03, val/acc 6.301e-01, val/nll 1.573e+00
[2023-02-03 05:49:17] [Epoch   364/  500] trn/loss 3.622e-01, trn/lr 5.187e-03, val/acc 6.211e-01, val/nll 1.645e+00
[2023-02-03 05:49:19] [Epoch   365/  500] trn/loss 3.571e-01, trn/lr 5.116e-03, val/acc 6.265e-01, val/nll 1.617e+00
[2023-02-03 05:49:21] [Epoch   366/  500] trn/loss 3.482e-01, trn/lr 5.045e-03, val/acc 6.221e-01, val/nll 1.621e+00
[2023-02-03 05:49:23] [Epoch   367/  500] trn/loss 3.519e-01, trn/lr 4.975e-03, val/acc 6.258e-01, val/nll 1.655e+00
[2023-02-03 05:49:25] [Epoch   368/  500] trn/loss 3.445e-01, trn/lr 4.905e-03, val/acc 6.196e-01, val/nll 1.684e+00
[2023-02-03 05:49:27] [Epoch   369/  500] trn/loss 3.361e-01, trn/lr 4.836e-03, val/acc 6.190e-01, val/nll 1.675e+00
[2023-02-03 05:49:29] [Epoch   370/  500] trn/loss 3.411e-01, trn/lr 4.766e-03, val/acc 6.198e-01, val/nll 1.629e+00
[2023-02-03 05:49:30] [Epoch   371/  500] trn/loss 3.360e-01, trn/lr 4.698e-03, val/acc 6.274e-01, val/nll 1.647e+00
[2023-02-03 05:49:32] [Epoch   372/  500] trn/loss 3.340e-01, trn/lr 4.629e-03, val/acc 6.283e-01, val/nll 1.600e+00
[2023-02-03 05:49:34] [Epoch   373/  500] trn/loss 3.299e-01, trn/lr 4.562e-03, val/acc 6.256e-01, val/nll 1.612e+00
[2023-02-03 05:49:36] [Epoch   374/  500] trn/loss 3.152e-01, trn/lr 4.494e-03, val/acc 6.267e-01, val/nll 1.631e+00
[2023-02-03 05:49:38] [Epoch   375/  500] trn/loss 3.182e-01, trn/lr 4.427e-03, val/acc 6.258e-01, val/nll 1.628e+00
[2023-02-03 05:49:40] [Epoch   376/  500] trn/loss 3.159e-01, trn/lr 4.360e-03, val/acc 6.336e-01, val/nll 1.628e+00 (best_acc: 6.327e-01 -> 6.336e-01, test_acc: 6.311e-01, test_nll: 1.660e+00)
[2023-02-03 05:49:42] [Epoch   377/  500] trn/loss 3.133e-01, trn/lr 4.294e-03, val/acc 6.221e-01, val/nll 1.646e+00
[2023-02-03 05:49:44] [Epoch   378/  500] trn/loss 3.124e-01, trn/lr 4.228e-03, val/acc 6.343e-01, val/nll 1.594e+00 (best_acc: 6.336e-01 -> 6.343e-01, test_acc: 6.401e-01, test_nll: 1.611e+00)
[2023-02-03 05:49:47] [Epoch   379/  500] trn/loss 2.999e-01, trn/lr 4.163e-03, val/acc 6.373e-01, val/nll 1.593e+00 (best_acc: 6.343e-01 -> 6.373e-01, test_acc: 6.380e-01, test_nll: 1.613e+00)
[2023-02-03 05:49:49] [Epoch   380/  500] trn/loss 3.069e-01, trn/lr 4.098e-03, val/acc 6.377e-01, val/nll 1.561e+00 (best_acc: 6.373e-01 -> 6.377e-01, test_acc: 6.338e-01, test_nll: 1.610e+00)
[2023-02-03 05:49:51] [Epoch   381/  500] trn/loss 2.958e-01, trn/lr 4.033e-03, val/acc 6.357e-01, val/nll 1.615e+00
[2023-02-03 05:49:52] [Epoch   382/  500] trn/loss 2.931e-01, trn/lr 3.969e-03, val/acc 6.271e-01, val/nll 1.645e+00
[2023-02-03 05:49:54] [Epoch   383/  500] trn/loss 2.915e-01, trn/lr 3.906e-03, val/acc 6.312e-01, val/nll 1.627e+00
[2023-02-03 05:49:56] [Epoch   384/  500] trn/loss 2.888e-01, trn/lr 3.843e-03, val/acc 6.306e-01, val/nll 1.627e+00
[2023-02-03 05:49:58] [Epoch   385/  500] trn/loss 2.870e-01, trn/lr 3.780e-03, val/acc 6.311e-01, val/nll 1.661e+00
[2023-02-03 05:50:00] [Epoch   386/  500] trn/loss 2.880e-01, trn/lr 3.717e-03, val/acc 6.273e-01, val/nll 1.643e+00
[2023-02-03 05:50:02] [Epoch   387/  500] trn/loss 2.764e-01, trn/lr 3.656e-03, val/acc 6.292e-01, val/nll 1.627e+00
[2023-02-03 05:50:04] [Epoch   388/  500] trn/loss 2.783e-01, trn/lr 3.594e-03, val/acc 6.231e-01, val/nll 1.712e+00
[2023-02-03 05:50:06] [Epoch   389/  500] trn/loss 2.760e-01, trn/lr 3.533e-03, val/acc 6.248e-01, val/nll 1.684e+00
[2023-02-03 05:50:08] [Epoch   390/  500] trn/loss 2.762e-01, trn/lr 3.473e-03, val/acc 6.333e-01, val/nll 1.634e+00
[2023-02-03 05:50:10] [Epoch   391/  500] trn/loss 2.718e-01, trn/lr 3.413e-03, val/acc 6.410e-01, val/nll 1.641e+00 (best_acc: 6.377e-01 -> 6.410e-01, test_acc: 6.376e-01, test_nll: 1.683e+00)
[2023-02-03 05:50:12] [Epoch   392/  500] trn/loss 2.692e-01, trn/lr 3.353e-03, val/acc 6.320e-01, val/nll 1.641e+00
[2023-02-03 05:50:14] [Epoch   393/  500] trn/loss 2.659e-01, trn/lr 3.294e-03, val/acc 6.377e-01, val/nll 1.607e+00
[2023-02-03 05:50:16] [Epoch   394/  500] trn/loss 2.524e-01, trn/lr 3.235e-03, val/acc 6.320e-01, val/nll 1.660e+00
[2023-02-03 05:50:18] [Epoch   395/  500] trn/loss 2.521e-01, trn/lr 3.177e-03, val/acc 6.442e-01, val/nll 1.591e+00 (best_acc: 6.410e-01 -> 6.442e-01, test_acc: 6.411e-01, test_nll: 1.635e+00)
[2023-02-03 05:50:20] [Epoch   396/  500] trn/loss 2.498e-01, trn/lr 3.119e-03, val/acc 6.280e-01, val/nll 1.671e+00
[2023-02-03 05:50:22] [Epoch   397/  500] trn/loss 2.500e-01, trn/lr 3.062e-03, val/acc 6.421e-01, val/nll 1.620e+00
[2023-02-03 05:50:24] [Epoch   398/  500] trn/loss 2.461e-01, trn/lr 3.005e-03, val/acc 6.399e-01, val/nll 1.600e+00
[2023-02-03 05:50:26] [Epoch   399/  500] trn/loss 2.468e-01, trn/lr 2.949e-03, val/acc 6.294e-01, val/nll 1.667e+00
[2023-02-03 05:50:28] [Epoch   400/  500] trn/loss 2.408e-01, trn/lr 2.893e-03, val/acc 6.419e-01, val/nll 1.616e+00
[2023-02-03 05:50:29] [Epoch   401/  500] trn/loss 2.389e-01, trn/lr 2.837e-03, val/acc 6.362e-01, val/nll 1.652e+00
[2023-02-03 05:50:31] [Epoch   402/  500] trn/loss 2.359e-01, trn/lr 2.782e-03, val/acc 6.351e-01, val/nll 1.617e+00
[2023-02-03 05:50:33] [Epoch   403/  500] trn/loss 2.326e-01, trn/lr 2.728e-03, val/acc 6.406e-01, val/nll 1.621e+00
[2023-02-03 05:50:35] [Epoch   404/  500] trn/loss 2.331e-01, trn/lr 2.674e-03, val/acc 6.368e-01, val/nll 1.636e+00
[2023-02-03 05:50:37] [Epoch   405/  500] trn/loss 2.231e-01, trn/lr 2.621e-03, val/acc 6.406e-01, val/nll 1.616e+00
[2023-02-03 05:50:39] [Epoch   406/  500] trn/loss 2.202e-01, trn/lr 2.568e-03, val/acc 6.387e-01, val/nll 1.644e+00
[2023-02-03 05:50:41] [Epoch   407/  500] trn/loss 2.200e-01, trn/lr 2.515e-03, val/acc 6.387e-01, val/nll 1.643e+00
[2023-02-03 05:50:43] [Epoch   408/  500] trn/loss 2.142e-01, trn/lr 2.463e-03, val/acc 6.361e-01, val/nll 1.625e+00
[2023-02-03 05:50:45] [Epoch   409/  500] trn/loss 2.142e-01, trn/lr 2.412e-03, val/acc 6.457e-01, val/nll 1.583e+00 (best_acc: 6.442e-01 -> 6.457e-01, test_acc: 6.407e-01, test_nll: 1.629e+00)
[2023-02-03 05:50:47] [Epoch   410/  500] trn/loss 2.114e-01, trn/lr 2.361e-03, val/acc 6.417e-01, val/nll 1.629e+00
[2023-02-03 05:50:49] [Epoch   411/  500] trn/loss 2.083e-01, trn/lr 2.310e-03, val/acc 6.387e-01, val/nll 1.625e+00
[2023-02-03 05:50:51] [Epoch   412/  500] trn/loss 2.087e-01, trn/lr 2.260e-03, val/acc 6.404e-01, val/nll 1.632e+00
[2023-02-03 05:50:53] [Epoch   413/  500] trn/loss 2.034e-01, trn/lr 2.211e-03, val/acc 6.392e-01, val/nll 1.612e+00
[2023-02-03 05:50:55] [Epoch   414/  500] trn/loss 2.000e-01, trn/lr 2.162e-03, val/acc 6.415e-01, val/nll 1.624e+00
[2023-02-03 05:50:57] [Epoch   415/  500] trn/loss 1.958e-01, trn/lr 2.113e-03, val/acc 6.429e-01, val/nll 1.632e+00
[2023-02-03 05:50:59] [Epoch   416/  500] trn/loss 1.929e-01, trn/lr 2.065e-03, val/acc 6.465e-01, val/nll 1.583e+00 (best_acc: 6.457e-01 -> 6.465e-01, test_acc: 6.473e-01, test_nll: 1.609e+00)
[2023-02-03 05:51:01] [Epoch   417/  500] trn/loss 1.904e-01, trn/lr 2.018e-03, val/acc 6.371e-01, val/nll 1.648e+00
[2023-02-03 05:51:03] [Epoch   418/  500] trn/loss 1.874e-01, trn/lr 1.971e-03, val/acc 6.425e-01, val/nll 1.618e+00
[2023-02-03 05:51:05] [Epoch   419/  500] trn/loss 1.882e-01, trn/lr 1.924e-03, val/acc 6.420e-01, val/nll 1.634e+00
[2023-02-03 05:51:07] [Epoch   420/  500] trn/loss 1.862e-01, trn/lr 1.878e-03, val/acc 6.400e-01, val/nll 1.621e+00
[2023-02-03 05:51:09] [Epoch   421/  500] trn/loss 1.818e-01, trn/lr 1.833e-03, val/acc 6.406e-01, val/nll 1.648e+00
[2023-02-03 05:51:11] [Epoch   422/  500] trn/loss 1.793e-01, trn/lr 1.788e-03, val/acc 6.475e-01, val/nll 1.601e+00 (best_acc: 6.465e-01 -> 6.475e-01, test_acc: 6.429e-01, test_nll: 1.639e+00)
[2023-02-03 05:51:13] [Epoch   423/  500] trn/loss 1.744e-01, trn/lr 1.744e-03, val/acc 6.470e-01, val/nll 1.623e+00
[2023-02-03 05:51:15] [Epoch   424/  500] trn/loss 1.761e-01, trn/lr 1.700e-03, val/acc 6.477e-01, val/nll 1.618e+00 (best_acc: 6.475e-01 -> 6.477e-01, test_acc: 6.452e-01, test_nll: 1.649e+00)
[2023-02-03 05:51:17] [Epoch   425/  500] trn/loss 1.732e-01, trn/lr 1.657e-03, val/acc 6.439e-01, val/nll 1.615e+00
[2023-02-03 05:51:19] [Epoch   426/  500] trn/loss 1.729e-01, trn/lr 1.614e-03, val/acc 6.512e-01, val/nll 1.596e+00 (best_acc: 6.477e-01 -> 6.512e-01, test_acc: 6.498e-01, test_nll: 1.622e+00)
[2023-02-03 05:51:21] [Epoch   427/  500] trn/loss 1.699e-01, trn/lr 1.571e-03, val/acc 6.450e-01, val/nll 1.611e+00
[2023-02-03 05:51:23] [Epoch   428/  500] trn/loss 1.656e-01, trn/lr 1.530e-03, val/acc 6.450e-01, val/nll 1.623e+00
[2023-02-03 05:51:25] [Epoch   429/  500] trn/loss 1.656e-01, trn/lr 1.489e-03, val/acc 6.459e-01, val/nll 1.618e+00
[2023-02-03 05:51:27] [Epoch   430/  500] trn/loss 1.629e-01, trn/lr 1.448e-03, val/acc 6.448e-01, val/nll 1.633e+00
[2023-02-03 05:51:29] [Epoch   431/  500] trn/loss 1.609e-01, trn/lr 1.408e-03, val/acc 6.467e-01, val/nll 1.618e+00
[2023-02-03 05:51:31] [Epoch   432/  500] trn/loss 1.545e-01, trn/lr 1.368e-03, val/acc 6.489e-01, val/nll 1.612e+00
[2023-02-03 05:51:32] [Epoch   433/  500] trn/loss 1.525e-01, trn/lr 1.329e-03, val/acc 6.469e-01, val/nll 1.623e+00
[2023-02-03 05:51:34] [Epoch   434/  500] trn/loss 1.539e-01, trn/lr 1.291e-03, val/acc 6.467e-01, val/nll 1.606e+00
[2023-02-03 05:51:36] [Epoch   435/  500] trn/loss 1.522e-01, trn/lr 1.253e-03, val/acc 6.513e-01, val/nll 1.611e+00 (best_acc: 6.512e-01 -> 6.513e-01, test_acc: 6.486e-01, test_nll: 1.635e+00)
[2023-02-03 05:51:38] [Epoch   436/  500] trn/loss 1.521e-01, trn/lr 1.215e-03, val/acc 6.481e-01, val/nll 1.622e+00
[2023-02-03 05:51:40] [Epoch   437/  500] trn/loss 1.491e-01, trn/lr 1.178e-03, val/acc 6.477e-01, val/nll 1.604e+00
[2023-02-03 05:51:42] [Epoch   438/  500] trn/loss 1.448e-01, trn/lr 1.142e-03, val/acc 6.436e-01, val/nll 1.634e+00
[2023-02-03 05:51:44] [Epoch   439/  500] trn/loss 1.422e-01, trn/lr 1.106e-03, val/acc 6.457e-01, val/nll 1.609e+00
[2023-02-03 05:51:46] [Epoch   440/  500] trn/loss 1.434e-01, trn/lr 1.071e-03, val/acc 6.488e-01, val/nll 1.613e+00
[2023-02-03 05:51:48] [Epoch   441/  500] trn/loss 1.433e-01, trn/lr 1.036e-03, val/acc 6.488e-01, val/nll 1.608e+00
[2023-02-03 05:51:50] [Epoch   442/  500] trn/loss 1.395e-01, trn/lr 1.002e-03, val/acc 6.502e-01, val/nll 1.604e+00
[2023-02-03 05:51:52] [Epoch   443/  500] trn/loss 1.346e-01, trn/lr 9.685e-04, val/acc 6.469e-01, val/nll 1.602e+00
[2023-02-03 05:51:54] [Epoch   444/  500] trn/loss 1.377e-01, trn/lr 9.354e-04, val/acc 6.472e-01, val/nll 1.613e+00
[2023-02-03 05:51:56] [Epoch   445/  500] trn/loss 1.372e-01, trn/lr 9.029e-04, val/acc 6.471e-01, val/nll 1.613e+00
[2023-02-03 05:51:58] [Epoch   446/  500] trn/loss 1.377e-01, trn/lr 8.710e-04, val/acc 6.489e-01, val/nll 1.624e+00
[2023-02-03 05:52:00] [Epoch   447/  500] trn/loss 1.341e-01, trn/lr 8.396e-04, val/acc 6.487e-01, val/nll 1.617e+00
[2023-02-03 05:52:02] [Epoch   448/  500] trn/loss 1.325e-01, trn/lr 8.088e-04, val/acc 6.527e-01, val/nll 1.607e+00 (best_acc: 6.513e-01 -> 6.527e-01, test_acc: 6.503e-01, test_nll: 1.640e+00)
[2023-02-03 05:52:04] [Epoch   449/  500] trn/loss 1.315e-01, trn/lr 7.786e-04, val/acc 6.510e-01, val/nll 1.614e+00
[2023-02-03 05:52:06] [Epoch   450/  500] trn/loss 1.318e-01, trn/lr 7.489e-04, val/acc 6.524e-01, val/nll 1.609e+00
[2023-02-03 05:52:08] [Epoch   451/  500] trn/loss 1.278e-01, trn/lr 7.198e-04, val/acc 6.475e-01, val/nll 1.605e+00
[2023-02-03 05:52:10] [Epoch   452/  500] trn/loss 1.300e-01, trn/lr 6.912e-04, val/acc 6.506e-01, val/nll 1.611e+00
[2023-02-03 05:52:11] [Epoch   453/  500] trn/loss 1.266e-01, trn/lr 6.632e-04, val/acc 6.522e-01, val/nll 1.616e+00
[2023-02-03 05:52:13] [Epoch   454/  500] trn/loss 1.253e-01, trn/lr 6.358e-04, val/acc 6.509e-01, val/nll 1.612e+00
[2023-02-03 05:52:15] [Epoch   455/  500] trn/loss 1.250e-01, trn/lr 6.089e-04, val/acc 6.503e-01, val/nll 1.616e+00
[2023-02-03 05:52:17] [Epoch   456/  500] trn/loss 1.238e-01, trn/lr 5.826e-04, val/acc 6.538e-01, val/nll 1.608e+00 (best_acc: 6.527e-01 -> 6.538e-01, test_acc: 6.500e-01, test_nll: 1.646e+00)
[2023-02-03 05:52:19] [Epoch   457/  500] trn/loss 1.224e-01, trn/lr 5.569e-04, val/acc 6.491e-01, val/nll 1.623e+00
[2023-02-03 05:52:21] [Epoch   458/  500] trn/loss 1.209e-01, trn/lr 5.317e-04, val/acc 6.528e-01, val/nll 1.611e+00
[2023-02-03 05:52:23] [Epoch   459/  500] trn/loss 1.207e-01, trn/lr 5.072e-04, val/acc 6.521e-01, val/nll 1.610e+00
[2023-02-03 05:52:25] [Epoch   460/  500] trn/loss 1.212e-01, trn/lr 4.831e-04, val/acc 6.538e-01, val/nll 1.599e+00
[2023-02-03 05:52:27] [Epoch   461/  500] trn/loss 1.176e-01, trn/lr 4.597e-04, val/acc 6.513e-01, val/nll 1.613e+00
[2023-02-03 05:52:29] [Epoch   462/  500] trn/loss 1.214e-01, trn/lr 4.368e-04, val/acc 6.499e-01, val/nll 1.613e+00
[2023-02-03 05:52:31] [Epoch   463/  500] trn/loss 1.187e-01, trn/lr 4.145e-04, val/acc 6.513e-01, val/nll 1.614e+00
[2023-02-03 05:52:33] [Epoch   464/  500] trn/loss 1.159e-01, trn/lr 3.928e-04, val/acc 6.513e-01, val/nll 1.618e+00
[2023-02-03 05:52:35] [Epoch   465/  500] trn/loss 1.188e-01, trn/lr 3.717e-04, val/acc 6.511e-01, val/nll 1.616e+00
[2023-02-03 05:52:37] [Epoch   466/  500] trn/loss 1.159e-01, trn/lr 3.511e-04, val/acc 6.529e-01, val/nll 1.618e+00
[2023-02-03 05:52:39] [Epoch   467/  500] trn/loss 1.162e-01, trn/lr 3.311e-04, val/acc 6.533e-01, val/nll 1.613e+00
[2023-02-03 05:52:41] [Epoch   468/  500] trn/loss 1.138e-01, trn/lr 3.117e-04, val/acc 6.534e-01, val/nll 1.616e+00
[2023-02-03 05:52:43] [Epoch   469/  500] trn/loss 1.143e-01, trn/lr 2.929e-04, val/acc 6.542e-01, val/nll 1.617e+00 (best_acc: 6.538e-01 -> 6.542e-01, test_acc: 6.530e-01, test_nll: 1.643e+00)
[2023-02-03 05:52:45] [Epoch   470/  500] trn/loss 1.145e-01, trn/lr 2.747e-04, val/acc 6.520e-01, val/nll 1.612e+00
[2023-02-03 05:52:47] [Epoch   471/  500] trn/loss 1.116e-01, trn/lr 2.570e-04, val/acc 6.531e-01, val/nll 1.612e+00
[2023-02-03 05:52:49] [Epoch   472/  500] trn/loss 1.116e-01, trn/lr 2.399e-04, val/acc 6.530e-01, val/nll 1.610e+00
[2023-02-03 05:52:50] [Epoch   473/  500] trn/loss 1.111e-01, trn/lr 2.234e-04, val/acc 6.523e-01, val/nll 1.619e+00
[2023-02-03 05:52:53] [Epoch   474/  500] trn/loss 1.104e-01, trn/lr 2.075e-04, val/acc 6.543e-01, val/nll 1.611e+00 (best_acc: 6.542e-01 -> 6.543e-01, test_acc: 6.517e-01, test_nll: 1.646e+00)
[2023-02-03 05:52:54] [Epoch   475/  500] trn/loss 1.106e-01, trn/lr 1.922e-04, val/acc 6.542e-01, val/nll 1.611e+00
[2023-02-03 05:52:56] [Epoch   476/  500] trn/loss 1.106e-01, trn/lr 1.774e-04, val/acc 6.525e-01, val/nll 1.608e+00
[2023-02-03 05:52:59] [Epoch   477/  500] trn/loss 1.084e-01, trn/lr 1.633e-04, val/acc 6.546e-01, val/nll 1.611e+00 (best_acc: 6.543e-01 -> 6.546e-01, test_acc: 6.512e-01, test_nll: 1.645e+00)
[2023-02-03 05:53:00] [Epoch   478/  500] trn/loss 1.087e-01, trn/lr 1.497e-04, val/acc 6.524e-01, val/nll 1.608e+00
[2023-02-03 05:53:02] [Epoch   479/  500] trn/loss 1.091e-01, trn/lr 1.367e-04, val/acc 6.511e-01, val/nll 1.616e+00
[2023-02-03 05:53:04] [Epoch   480/  500] trn/loss 1.090e-01, trn/lr 1.243e-04, val/acc 6.517e-01, val/nll 1.615e+00
[2023-02-03 05:53:06] [Epoch   481/  500] trn/loss 1.081e-01, trn/lr 1.125e-04, val/acc 6.524e-01, val/nll 1.620e+00
[2023-02-03 05:53:08] [Epoch   482/  500] trn/loss 1.082e-01, trn/lr 1.013e-04, val/acc 6.534e-01, val/nll 1.614e+00
[2023-02-03 05:53:10] [Epoch   483/  500] trn/loss 1.059e-01, trn/lr 9.064e-05, val/acc 6.544e-01, val/nll 1.615e+00
[2023-02-03 05:53:12] [Epoch   484/  500] trn/loss 1.069e-01, trn/lr 8.059e-05, val/acc 6.545e-01, val/nll 1.613e+00
[2023-02-03 05:53:14] [Epoch   485/  500] trn/loss 1.077e-01, trn/lr 7.113e-05, val/acc 6.532e-01, val/nll 1.615e+00
[2023-02-03 05:53:16] [Epoch   486/  500] trn/loss 1.059e-01, trn/lr 6.226e-05, val/acc 6.540e-01, val/nll 1.618e+00
[2023-02-03 05:53:18] [Epoch   487/  500] trn/loss 1.053e-01, trn/lr 5.398e-05, val/acc 6.520e-01, val/nll 1.618e+00
[2023-02-03 05:53:20] [Epoch   488/  500] trn/loss 1.052e-01, trn/lr 4.629e-05, val/acc 6.519e-01, val/nll 1.614e+00
[2023-02-03 05:53:22] [Epoch   489/  500] trn/loss 1.057e-01, trn/lr 3.919e-05, val/acc 6.531e-01, val/nll 1.611e+00
[2023-02-03 05:53:24] [Epoch   490/  500] trn/loss 1.052e-01, trn/lr 3.268e-05, val/acc 6.550e-01, val/nll 1.614e+00 (best_acc: 6.546e-01 -> 6.550e-01, test_acc: 6.530e-01, test_nll: 1.647e+00)
[2023-02-03 05:53:26] [Epoch   491/  500] trn/loss 1.077e-01, trn/lr 2.676e-05, val/acc 6.522e-01, val/nll 1.615e+00
[2023-02-03 05:53:28] [Epoch   492/  500] trn/loss 1.059e-01, trn/lr 2.143e-05, val/acc 6.532e-01, val/nll 1.610e+00
[2023-02-03 05:53:30] [Epoch   493/  500] trn/loss 1.062e-01, trn/lr 1.669e-05, val/acc 6.523e-01, val/nll 1.616e+00
[2023-02-03 05:53:32] [Epoch   494/  500] trn/loss 1.070e-01, trn/lr 1.254e-05, val/acc 6.524e-01, val/nll 1.616e+00
[2023-02-03 05:53:34] [Epoch   495/  500] trn/loss 1.064e-01, trn/lr 8.991e-06, val/acc 6.541e-01, val/nll 1.614e+00
[2023-02-03 05:53:36] [Epoch   496/  500] trn/loss 1.058e-01, trn/lr 6.028e-06, val/acc 6.523e-01, val/nll 1.614e+00
[2023-02-03 05:53:37] [Epoch   497/  500] trn/loss 1.044e-01, trn/lr 3.658e-06, val/acc 6.541e-01, val/nll 1.614e+00
[2023-02-03 05:53:39] [Epoch   498/  500] trn/loss 1.048e-01, trn/lr 1.880e-06, val/acc 6.542e-01, val/nll 1.614e+00
[2023-02-03 05:53:41] [Epoch   499/  500] trn/loss 1.049e-01, trn/lr 6.936e-07, val/acc 6.529e-01, val/nll 1.612e+00
[2023-02-03 05:53:43] [Epoch   500/  500] trn/loss 1.068e-01, trn/lr 9.964e-08, val/acc 6.538e-01, val/nll 1.612e+00
