[2023-02-03 21:54:53] Environments:
------------  --------------------------------------------------------------------------------
sys.platform  linux
Python        3.10.8 (main, Nov 24 2022, 14:13:03) [GCC 11.2.0]
JAX           0.4.1 @/mnt/home/giung/.conda/envs/jax-vessl/lib/python3.10/site-packages/jax
jaxlib        0.4.1 @/mnt/home/giung/.conda/envs/jax-vessl/lib/python3.10/site-packages/jaxlib
Flax          0.6.3 @/mnt/home/giung/.conda/envs/jax-vessl/lib/python3.10/site-packages/flax
Optax         0.1.4 @/mnt/home/giung/.conda/envs/jax-vessl/lib/python3.10/site-packages/optax
------------  --------------------------------------------------------------------------------

[2023-02-03 21:54:53] Command line arguments:
- args.data_root         : ./data/
- args.data_name         : CIFAR100_x32
- args.data_augmentation : none
- args.data_proportional : 1.0
- args.model_depth       : 20
- args.model_width       : 1
- args.model_style       : FRN-Swish
- args.optim_bs          : 80
- args.optim_ne          : 500
- args.optim_lr          : 3e-06
- args.optim_momentum    : 0.99
- args.prior_precision   : 80.0
- args.save              : /mnt/home/giung/giung2-dev/projects/bnn-sgmcmc/save/CIFAR100_x32/R20-FRN-Swish/bs-0080_ne-0500_lr-0.0000030_mo-0.99_pr-05/42
- args.seed              : 42
- args.precision         : fp32

[2023-02-03 21:55:17] [Epoch     1/  500] trn/posterior_energy  5.700e+05, trn/neg_log_likelihood  1.899e+05, trn/neg_log_prior  3.802e+05, trn/lr  3.000e-06, val/acc 1.029e-02, val/nll 4.624e+00 (best_acc: 0.000e+00 -> 1.029e-02, test_acc: 1.000e-02, test_nll: 4.625e+00)
[2023-02-03 21:55:21] [Epoch     2/  500] trn/posterior_energy  5.498e+05, trn/neg_log_likelihood  1.896e+05, trn/neg_log_prior  3.602e+05, trn/lr  3.000e-06, val/acc 8.960e-03, val/nll 4.626e+00
[2023-02-03 21:55:25] [Epoch     3/  500] trn/posterior_energy  5.513e+05, trn/neg_log_likelihood  1.895e+05, trn/neg_log_prior  3.618e+05, trn/lr  3.000e-06, val/acc 9.292e-03, val/nll 4.624e+00
[2023-02-03 21:55:29] [Epoch     4/  500] trn/posterior_energy  5.587e+05, trn/neg_log_likelihood  1.895e+05, trn/neg_log_prior  3.692e+05, trn/lr  3.000e-06, val/acc 9.071e-03, val/nll 4.619e+00
[2023-02-03 21:55:33] [Epoch     5/  500] trn/posterior_energy  5.556e+05, trn/neg_log_likelihood  1.895e+05, trn/neg_log_prior  3.661e+05, trn/lr  2.999e-06, val/acc 1.206e-02, val/nll 4.624e+00 (best_acc: 1.029e-02 -> 1.206e-02, test_acc: 1.000e-02, test_nll: 4.624e+00)
[2023-02-03 21:55:37] [Epoch     6/  500] trn/posterior_energy  5.517e+05, trn/neg_log_likelihood  1.895e+05, trn/neg_log_prior  3.622e+05, trn/lr  2.999e-06, val/acc 9.181e-03, val/nll 4.622e+00
[2023-02-03 21:55:40] [Epoch     7/  500] trn/posterior_energy  5.544e+05, trn/neg_log_likelihood  1.894e+05, trn/neg_log_prior  3.650e+05, trn/lr  2.999e-06, val/acc 9.624e-03, val/nll 4.632e+00
[2023-02-03 21:55:44] [Epoch     8/  500] trn/posterior_energy  5.539e+05, trn/neg_log_likelihood  1.896e+05, trn/neg_log_prior  3.644e+05, trn/lr  2.998e-06, val/acc 1.029e-02, val/nll 4.626e+00
[2023-02-03 21:55:48] [Epoch     9/  500] trn/posterior_energy  5.587e+05, trn/neg_log_likelihood  1.895e+05, trn/neg_log_prior  3.692e+05, trn/lr  2.998e-06, val/acc 1.018e-02, val/nll 4.630e+00
[2023-02-03 21:55:52] [Epoch    10/  500] trn/posterior_energy  5.535e+05, trn/neg_log_likelihood  1.895e+05, trn/neg_log_prior  3.640e+05, trn/lr  2.997e-06, val/acc 9.956e-03, val/nll 4.623e+00
[2023-02-03 21:55:55] [Epoch    11/  500] trn/posterior_energy  5.561e+05, trn/neg_log_likelihood  1.895e+05, trn/neg_log_prior  3.666e+05, trn/lr  2.997e-06, val/acc 9.845e-03, val/nll 4.631e+00
[2023-02-03 21:55:59] [Epoch    12/  500] trn/posterior_energy  5.532e+05, trn/neg_log_likelihood  1.895e+05, trn/neg_log_prior  3.637e+05, trn/lr  2.996e-06, val/acc 9.845e-03, val/nll 4.634e+00
[2023-02-03 21:56:03] [Epoch    13/  500] trn/posterior_energy  5.640e+05, trn/neg_log_likelihood  1.895e+05, trn/neg_log_prior  3.745e+05, trn/lr  2.995e-06, val/acc 9.956e-03, val/nll 4.627e+00
[2023-02-03 21:56:07] [Epoch    14/  500] trn/posterior_energy  5.621e+05, trn/neg_log_likelihood  1.894e+05, trn/neg_log_prior  3.726e+05, trn/lr  2.995e-06, val/acc 1.117e-02, val/nll 4.622e+00
[2023-02-03 21:56:10] [Epoch    15/  500] trn/posterior_energy  5.767e+05, trn/neg_log_likelihood  1.895e+05, trn/neg_log_prior  3.872e+05, trn/lr  2.994e-06, val/acc 9.292e-03, val/nll 4.621e+00
[2023-02-03 21:56:14] [Epoch    16/  500] trn/posterior_energy  5.522e+05, trn/neg_log_likelihood  1.894e+05, trn/neg_log_prior  3.627e+05, trn/lr  2.993e-06, val/acc 1.195e-02, val/nll 4.626e+00
[2023-02-03 21:56:18] [Epoch    17/  500] trn/posterior_energy  5.506e+05, trn/neg_log_likelihood  1.895e+05, trn/neg_log_prior  3.611e+05, trn/lr  2.992e-06, val/acc 8.296e-03, val/nll 4.622e+00
[2023-02-03 21:56:21] [Epoch    18/  500] trn/posterior_energy  5.546e+05, trn/neg_log_likelihood  1.895e+05, trn/neg_log_prior  3.651e+05, trn/lr  2.991e-06, val/acc 9.956e-03, val/nll 4.631e+00
[2023-02-03 21:56:25] [Epoch    19/  500] trn/posterior_energy  5.518e+05, trn/neg_log_likelihood  1.896e+05, trn/neg_log_prior  3.623e+05, trn/lr  2.990e-06, val/acc 1.051e-02, val/nll 4.629e+00
[2023-02-03 21:56:29] [Epoch    20/  500] trn/posterior_energy  5.573e+05, trn/neg_log_likelihood  1.895e+05, trn/neg_log_prior  3.679e+05, trn/lr  2.989e-06, val/acc 1.007e-02, val/nll 4.621e+00
[2023-02-03 21:56:33] [Epoch    21/  500] trn/posterior_energy  5.511e+05, trn/neg_log_likelihood  1.895e+05, trn/neg_log_prior  3.616e+05, trn/lr  2.988e-06, val/acc 1.095e-02, val/nll 4.620e+00
[2023-02-03 21:56:36] [Epoch    22/  500] trn/posterior_energy  5.547e+05, trn/neg_log_likelihood  1.895e+05, trn/neg_log_prior  3.653e+05, trn/lr  2.986e-06, val/acc 9.956e-03, val/nll 4.627e+00
[2023-02-03 21:56:40] [Epoch    23/  500] trn/posterior_energy  5.510e+05, trn/neg_log_likelihood  1.895e+05, trn/neg_log_prior  3.615e+05, trn/lr  2.985e-06, val/acc 9.513e-03, val/nll 4.623e+00
[2023-02-03 21:56:44] [Epoch    24/  500] trn/posterior_energy  5.513e+05, trn/neg_log_likelihood  1.895e+05, trn/neg_log_prior  3.618e+05, trn/lr  2.984e-06, val/acc 1.073e-02, val/nll 4.623e+00
[2023-02-03 21:56:47] [Epoch    25/  500] trn/posterior_energy  5.628e+05, trn/neg_log_likelihood  1.895e+05, trn/neg_log_prior  3.734e+05, trn/lr  2.982e-06, val/acc 9.845e-03, val/nll 4.617e+00
[2023-02-03 21:56:51] [Epoch    26/  500] trn/posterior_energy  5.570e+05, trn/neg_log_likelihood  1.895e+05, trn/neg_log_prior  3.676e+05, trn/lr  2.981e-06, val/acc 9.624e-03, val/nll 4.620e+00
[2023-02-03 21:56:55] [Epoch    27/  500] trn/posterior_energy  5.505e+05, trn/neg_log_likelihood  1.894e+05, trn/neg_log_prior  3.611e+05, trn/lr  2.979e-06, val/acc 8.518e-03, val/nll 4.627e+00
[2023-02-03 21:56:59] [Epoch    28/  500] trn/posterior_energy  5.532e+05, trn/neg_log_likelihood  1.895e+05, trn/neg_log_prior  3.637e+05, trn/lr  2.978e-06, val/acc 9.071e-03, val/nll 4.631e+00
[2023-02-03 21:57:02] [Epoch    29/  500] trn/posterior_energy  5.516e+05, trn/neg_log_likelihood  1.895e+05, trn/neg_log_prior  3.621e+05, trn/lr  2.976e-06, val/acc 1.106e-02, val/nll 4.625e+00
[2023-02-03 21:57:06] [Epoch    30/  500] trn/posterior_energy  5.493e+05, trn/neg_log_likelihood  1.895e+05, trn/neg_log_prior  3.598e+05, trn/lr  2.974e-06, val/acc 9.292e-03, val/nll 4.621e+00
[2023-02-03 21:57:10] [Epoch    31/  500] trn/posterior_energy  5.551e+05, trn/neg_log_likelihood  1.895e+05, trn/neg_log_prior  3.656e+05, trn/lr  2.973e-06, val/acc 1.128e-02, val/nll 4.624e+00
[2023-02-03 21:57:13] [Epoch    32/  500] trn/posterior_energy  5.627e+05, trn/neg_log_likelihood  1.895e+05, trn/neg_log_prior  3.732e+05, trn/lr  2.971e-06, val/acc 9.071e-03, val/nll 4.624e+00
[2023-02-03 21:57:17] [Epoch    33/  500] trn/posterior_energy  5.657e+05, trn/neg_log_likelihood  1.895e+05, trn/neg_log_prior  3.763e+05, trn/lr  2.969e-06, val/acc 9.845e-03, val/nll 4.625e+00
[2023-02-03 21:57:21] [Epoch    34/  500] trn/posterior_energy  5.504e+05, trn/neg_log_likelihood  1.895e+05, trn/neg_log_prior  3.609e+05, trn/lr  2.967e-06, val/acc 9.624e-03, val/nll 4.625e+00
[2023-02-03 21:57:25] [Epoch    35/  500] trn/posterior_energy  5.491e+05, trn/neg_log_likelihood  1.895e+05, trn/neg_log_prior  3.596e+05, trn/lr  2.965e-06, val/acc 1.062e-02, val/nll 4.629e+00
[2023-02-03 21:57:28] [Epoch    36/  500] trn/posterior_energy  5.523e+05, trn/neg_log_likelihood  1.895e+05, trn/neg_log_prior  3.628e+05, trn/lr  2.963e-06, val/acc 9.513e-03, val/nll 4.623e+00
[2023-02-03 21:57:32] [Epoch    37/  500] trn/posterior_energy  5.545e+05, trn/neg_log_likelihood  1.895e+05, trn/neg_log_prior  3.650e+05, trn/lr  2.961e-06, val/acc 8.518e-03, val/nll 4.630e+00
[2023-02-03 21:57:36] [Epoch    38/  500] trn/posterior_energy  5.504e+05, trn/neg_log_likelihood  1.895e+05, trn/neg_log_prior  3.609e+05, trn/lr  2.959e-06, val/acc 8.075e-03, val/nll 4.620e+00
[2023-02-03 21:57:39] [Epoch    39/  500] trn/posterior_energy  5.540e+05, trn/neg_log_likelihood  1.895e+05, trn/neg_log_prior  3.645e+05, trn/lr  2.956e-06, val/acc 9.845e-03, val/nll 4.623e+00
[2023-02-03 21:57:43] [Epoch    40/  500] trn/posterior_energy  5.501e+05, trn/neg_log_likelihood  1.895e+05, trn/neg_log_prior  3.606e+05, trn/lr  2.954e-06, val/acc 1.051e-02, val/nll 4.623e+00
[2023-02-03 21:57:47] [Epoch    41/  500] trn/posterior_energy  5.503e+05, trn/neg_log_likelihood  1.894e+05, trn/neg_log_prior  3.609e+05, trn/lr  2.952e-06, val/acc 9.181e-03, val/nll 4.631e+00
[2023-02-03 21:57:50] [Epoch    42/  500] trn/posterior_energy  5.554e+05, trn/neg_log_likelihood  1.895e+05, trn/neg_log_prior  3.659e+05, trn/lr  2.949e-06, val/acc 9.845e-03, val/nll 4.625e+00
[2023-02-03 21:57:54] [Epoch    43/  500] trn/posterior_energy  5.511e+05, trn/neg_log_likelihood  1.895e+05, trn/neg_log_prior  3.616e+05, trn/lr  2.947e-06, val/acc 9.403e-03, val/nll 4.628e+00
[2023-02-03 21:57:58] [Epoch    44/  500] trn/posterior_energy  5.538e+05, trn/neg_log_likelihood  1.894e+05, trn/neg_log_prior  3.644e+05, trn/lr  2.944e-06, val/acc 8.850e-03, val/nll 4.626e+00
[2023-02-03 21:58:01] [Epoch    45/  500] trn/posterior_energy  5.635e+05, trn/neg_log_likelihood  1.895e+05, trn/neg_log_prior  3.740e+05, trn/lr  2.942e-06, val/acc 9.071e-03, val/nll 4.625e+00
[2023-02-03 21:58:05] [Epoch    46/  500] trn/posterior_energy  5.570e+05, trn/neg_log_likelihood  1.894e+05, trn/neg_log_prior  3.676e+05, trn/lr  2.939e-06, val/acc 9.845e-03, val/nll 4.628e+00
[2023-02-03 21:58:09] [Epoch    47/  500] trn/posterior_energy  5.614e+05, trn/neg_log_likelihood  1.895e+05, trn/neg_log_prior  3.719e+05, trn/lr  2.936e-06, val/acc 9.845e-03, val/nll 4.621e+00
[2023-02-03 21:58:12] [Epoch    48/  500] trn/posterior_energy  5.536e+05, trn/neg_log_likelihood  1.896e+05, trn/neg_log_prior  3.640e+05, trn/lr  2.934e-06, val/acc 9.624e-03, val/nll 4.632e+00
[2023-02-03 21:58:16] [Epoch    49/  500] trn/posterior_energy  5.526e+05, trn/neg_log_likelihood  1.895e+05, trn/neg_log_prior  3.631e+05, trn/lr  2.931e-06, val/acc 8.739e-03, val/nll 4.623e+00
[2023-02-03 21:58:20] [Epoch    50/  500] trn/posterior_energy  5.518e+05, trn/neg_log_likelihood  1.895e+05, trn/neg_log_prior  3.624e+05, trn/lr  2.928e-06, val/acc 1.029e-02, val/nll 4.622e+00
[2023-02-03 21:58:23] [Epoch    51/  500] trn/posterior_energy  5.515e+05, trn/neg_log_likelihood  1.895e+05, trn/neg_log_prior  3.621e+05, trn/lr  2.925e-06, val/acc 9.513e-03, val/nll 4.624e+00
[2023-02-03 21:58:27] [Epoch    52/  500] trn/posterior_energy  5.518e+05, trn/neg_log_likelihood  1.895e+05, trn/neg_log_prior  3.624e+05, trn/lr  2.922e-06, val/acc 8.518e-03, val/nll 4.624e+00
[2023-02-03 21:58:31] [Epoch    53/  500] trn/posterior_energy  5.505e+05, trn/neg_log_likelihood  1.895e+05, trn/neg_log_prior  3.611e+05, trn/lr  2.919e-06, val/acc 1.128e-02, val/nll 4.623e+00
[2023-02-03 21:58:34] [Epoch    54/  500] trn/posterior_energy  5.529e+05, trn/neg_log_likelihood  1.895e+05, trn/neg_log_prior  3.634e+05, trn/lr  2.916e-06, val/acc 1.040e-02, val/nll 4.624e+00
[2023-02-03 21:58:38] [Epoch    55/  500] trn/posterior_energy  5.516e+05, trn/neg_log_likelihood  1.895e+05, trn/neg_log_prior  3.622e+05, trn/lr  2.913e-06, val/acc 1.040e-02, val/nll 4.620e+00
[2023-02-03 21:58:42] [Epoch    56/  500] trn/posterior_energy  5.511e+05, trn/neg_log_likelihood  1.895e+05, trn/neg_log_prior  3.616e+05, trn/lr  2.910e-06, val/acc 1.117e-02, val/nll 4.630e+00
[2023-02-03 21:58:45] [Epoch    57/  500] trn/posterior_energy  5.497e+05, trn/neg_log_likelihood  1.895e+05, trn/neg_log_prior  3.602e+05, trn/lr  2.906e-06, val/acc 1.128e-02, val/nll 4.624e+00
[2023-02-03 21:58:49] [Epoch    58/  500] trn/posterior_energy  5.521e+05, trn/neg_log_likelihood  1.895e+05, trn/neg_log_prior  3.627e+05, trn/lr  2.903e-06, val/acc 8.075e-03, val/nll 4.624e+00
[2023-02-03 21:58:53] [Epoch    59/  500] trn/posterior_energy  5.600e+05, trn/neg_log_likelihood  1.895e+05, trn/neg_log_prior  3.705e+05, trn/lr  2.900e-06, val/acc 1.095e-02, val/nll 4.628e+00
[2023-02-03 21:58:56] [Epoch    60/  500] trn/posterior_energy  5.588e+05, trn/neg_log_likelihood  1.895e+05, trn/neg_log_prior  3.694e+05, trn/lr  2.896e-06, val/acc 1.051e-02, val/nll 4.625e+00
[2023-02-03 21:59:00] [Epoch    61/  500] trn/posterior_energy  5.514e+05, trn/neg_log_likelihood  1.894e+05, trn/neg_log_prior  3.620e+05, trn/lr  2.893e-06, val/acc 1.040e-02, val/nll 4.625e+00
[2023-02-03 21:59:04] [Epoch    62/  500] trn/posterior_energy  5.501e+05, trn/neg_log_likelihood  1.895e+05, trn/neg_log_prior  3.607e+05, trn/lr  2.889e-06, val/acc 9.956e-03, val/nll 4.626e+00
[2023-02-03 21:59:07] [Epoch    63/  500] trn/posterior_energy  5.557e+05, trn/neg_log_likelihood  1.895e+05, trn/neg_log_prior  3.662e+05, trn/lr  2.886e-06, val/acc 1.040e-02, val/nll 4.627e+00
[2023-02-03 21:59:11] [Epoch    64/  500] trn/posterior_energy  5.687e+05, trn/neg_log_likelihood  1.895e+05, trn/neg_log_prior  3.792e+05, trn/lr  2.882e-06, val/acc 1.095e-02, val/nll 4.624e+00
[2023-02-03 21:59:15] [Epoch    65/  500] trn/posterior_energy  5.510e+05, trn/neg_log_likelihood  1.894e+05, trn/neg_log_prior  3.615e+05, trn/lr  2.878e-06, val/acc 1.051e-02, val/nll 4.623e+00
[2023-02-03 21:59:18] [Epoch    66/  500] trn/posterior_energy  5.551e+05, trn/neg_log_likelihood  1.894e+05, trn/neg_log_prior  3.657e+05, trn/lr  2.875e-06, val/acc 1.029e-02, val/nll 4.621e+00
[2023-02-03 21:59:22] [Epoch    67/  500] trn/posterior_energy  5.540e+05, trn/neg_log_likelihood  1.894e+05, trn/neg_log_prior  3.646e+05, trn/lr  2.871e-06, val/acc 1.051e-02, val/nll 4.628e+00
[2023-02-03 21:59:26] [Epoch    68/  500] trn/posterior_energy  5.524e+05, trn/neg_log_likelihood  1.894e+05, trn/neg_log_prior  3.629e+05, trn/lr  2.867e-06, val/acc 1.007e-02, val/nll 4.620e+00
[2023-02-03 21:59:29] [Epoch    69/  500] trn/posterior_energy  5.556e+05, trn/neg_log_likelihood  1.895e+05, trn/neg_log_prior  3.662e+05, trn/lr  2.863e-06, val/acc 9.735e-03, val/nll 4.617e+00
[2023-02-03 21:59:33] [Epoch    70/  500] trn/posterior_energy  5.507e+05, trn/neg_log_likelihood  1.894e+05, trn/neg_log_prior  3.613e+05, trn/lr  2.859e-06, val/acc 1.173e-02, val/nll 4.628e+00
[2023-02-03 21:59:37] [Epoch    71/  500] trn/posterior_energy  5.523e+05, trn/neg_log_likelihood  1.895e+05, trn/neg_log_prior  3.628e+05, trn/lr  2.855e-06, val/acc 1.007e-02, val/nll 4.626e+00
[2023-02-03 21:59:40] [Epoch    72/  500] trn/posterior_energy  5.546e+05, trn/neg_log_likelihood  1.894e+05, trn/neg_log_prior  3.652e+05, trn/lr  2.851e-06, val/acc 1.173e-02, val/nll 4.621e+00
[2023-02-03 21:59:44] [Epoch    73/  500] trn/posterior_energy  5.525e+05, trn/neg_log_likelihood  1.895e+05, trn/neg_log_prior  3.630e+05, trn/lr  2.847e-06, val/acc 9.292e-03, val/nll 4.620e+00
[2023-02-03 21:59:48] [Epoch    74/  500] trn/posterior_energy  5.552e+05, trn/neg_log_likelihood  1.894e+05, trn/neg_log_prior  3.658e+05, trn/lr  2.843e-06, val/acc 9.956e-03, val/nll 4.621e+00
[2023-02-03 21:59:51] [Epoch    75/  500] trn/posterior_energy  5.557e+05, trn/neg_log_likelihood  1.895e+05, trn/neg_log_prior  3.662e+05, trn/lr  2.839e-06, val/acc 1.095e-02, val/nll 4.622e+00
[2023-02-03 21:59:55] [Epoch    76/  500] trn/posterior_energy  5.525e+05, trn/neg_log_likelihood  1.894e+05, trn/neg_log_prior  3.631e+05, trn/lr  2.834e-06, val/acc 1.062e-02, val/nll 4.628e+00
[2023-02-03 21:59:59] [Epoch    77/  500] trn/posterior_energy  5.505e+05, trn/neg_log_likelihood  1.894e+05, trn/neg_log_prior  3.611e+05, trn/lr  2.830e-06, val/acc 8.518e-03, val/nll 4.621e+00
[2023-02-03 22:00:03] [Epoch    78/  500] trn/posterior_energy  5.499e+05, trn/neg_log_likelihood  1.894e+05, trn/neg_log_prior  3.605e+05, trn/lr  2.826e-06, val/acc 1.128e-02, val/nll 4.623e+00
[2023-02-03 22:00:06] [Epoch    79/  500] trn/posterior_energy  5.484e+05, trn/neg_log_likelihood  1.895e+05, trn/neg_log_prior  3.589e+05, trn/lr  2.821e-06, val/acc 9.071e-03, val/nll 4.628e+00
[2023-02-03 22:00:10] [Epoch    80/  500] trn/posterior_energy  5.567e+05, trn/neg_log_likelihood  1.895e+05, trn/neg_log_prior  3.672e+05, trn/lr  2.817e-06, val/acc 9.071e-03, val/nll 4.632e+00
[2023-02-03 22:00:14] [Epoch    81/  500] trn/posterior_energy  5.518e+05, trn/neg_log_likelihood  1.895e+05, trn/neg_log_prior  3.623e+05, trn/lr  2.812e-06, val/acc 9.181e-03, val/nll 4.634e+00
[2023-02-03 22:00:17] [Epoch    82/  500] trn/posterior_energy  5.511e+05, trn/neg_log_likelihood  1.895e+05, trn/neg_log_prior  3.617e+05, trn/lr  2.808e-06, val/acc 1.007e-02, val/nll 4.622e+00
[2023-02-03 22:00:21] [Epoch    83/  500] trn/posterior_energy  5.549e+05, trn/neg_log_likelihood  1.895e+05, trn/neg_log_prior  3.654e+05, trn/lr  2.803e-06, val/acc 1.128e-02, val/nll 4.627e+00
[2023-02-03 22:00:25] [Epoch    84/  500] trn/posterior_energy  5.496e+05, trn/neg_log_likelihood  1.895e+05, trn/neg_log_prior  3.601e+05, trn/lr  2.798e-06, val/acc 9.292e-03, val/nll 4.624e+00
[2023-02-03 22:00:29] [Epoch    85/  500] trn/posterior_energy  5.624e+05, trn/neg_log_likelihood  1.894e+05, trn/neg_log_prior  3.730e+05, trn/lr  2.794e-06, val/acc 8.850e-03, val/nll 4.624e+00
[2023-02-03 22:00:33] [Epoch    86/  500] trn/posterior_energy  5.559e+05, trn/neg_log_likelihood  1.895e+05, trn/neg_log_prior  3.664e+05, trn/lr  2.789e-06, val/acc 1.040e-02, val/nll 4.623e+00
[2023-02-03 22:00:36] [Epoch    87/  500] trn/posterior_energy  5.530e+05, trn/neg_log_likelihood  1.894e+05, trn/neg_log_prior  3.635e+05, trn/lr  2.784e-06, val/acc 8.739e-03, val/nll 4.628e+00
[2023-02-03 22:00:40] [Epoch    88/  500] trn/posterior_energy  5.518e+05, trn/neg_log_likelihood  1.894e+05, trn/neg_log_prior  3.624e+05, trn/lr  2.779e-06, val/acc 9.292e-03, val/nll 4.627e+00
[2023-02-03 22:00:44] [Epoch    89/  500] trn/posterior_energy  5.497e+05, trn/neg_log_likelihood  1.894e+05, trn/neg_log_prior  3.602e+05, trn/lr  2.774e-06, val/acc 1.018e-02, val/nll 4.631e+00
[2023-02-03 22:00:47] [Epoch    90/  500] trn/posterior_energy  5.507e+05, trn/neg_log_likelihood  1.894e+05, trn/neg_log_prior  3.613e+05, trn/lr  2.769e-06, val/acc 9.624e-03, val/nll 4.635e+00
[2023-02-03 22:00:51] [Epoch    91/  500] trn/posterior_energy  5.503e+05, trn/neg_log_likelihood  1.894e+05, trn/neg_log_prior  3.609e+05, trn/lr  2.764e-06, val/acc 1.117e-02, val/nll 4.620e+00
[2023-02-03 22:00:55] [Epoch    92/  500] trn/posterior_energy  5.543e+05, trn/neg_log_likelihood  1.895e+05, trn/neg_log_prior  3.648e+05, trn/lr  2.759e-06, val/acc 8.075e-03, val/nll 4.622e+00
[2023-02-03 22:00:58] [Epoch    93/  500] trn/posterior_energy  5.509e+05, trn/neg_log_likelihood  1.894e+05, trn/neg_log_prior  3.616e+05, trn/lr  2.754e-06, val/acc 1.007e-02, val/nll 4.622e+00
[2023-02-03 22:01:02] [Epoch    94/  500] trn/posterior_energy  5.635e+05, trn/neg_log_likelihood  1.894e+05, trn/neg_log_prior  3.740e+05, trn/lr  2.749e-06, val/acc 9.845e-03, val/nll 4.618e+00
[2023-02-03 22:01:06] [Epoch    95/  500] trn/posterior_energy  5.505e+05, trn/neg_log_likelihood  1.895e+05, trn/neg_log_prior  3.610e+05, trn/lr  2.743e-06, val/acc 1.007e-02, val/nll 4.627e+00
[2023-02-03 22:01:09] [Epoch    96/  500] trn/posterior_energy  5.508e+05, trn/neg_log_likelihood  1.894e+05, trn/neg_log_prior  3.614e+05, trn/lr  2.738e-06, val/acc 1.106e-02, val/nll 4.628e+00
[2023-02-03 22:01:13] [Epoch    97/  500] trn/posterior_energy  5.519e+05, trn/neg_log_likelihood  1.894e+05, trn/neg_log_prior  3.625e+05, trn/lr  2.733e-06, val/acc 9.624e-03, val/nll 4.622e+00
[2023-02-03 22:01:17] [Epoch    98/  500] trn/posterior_energy  5.501e+05, trn/neg_log_likelihood  1.895e+05, trn/neg_log_prior  3.607e+05, trn/lr  2.727e-06, val/acc 1.051e-02, val/nll 4.622e+00
[2023-02-03 22:01:20] [Epoch    99/  500] trn/posterior_energy  5.512e+05, trn/neg_log_likelihood  1.895e+05, trn/neg_log_prior  3.617e+05, trn/lr  2.722e-06, val/acc 1.007e-02, val/nll 4.622e+00
[2023-02-03 22:01:24] [Epoch   100/  500] trn/posterior_energy  5.537e+05, trn/neg_log_likelihood  1.895e+05, trn/neg_log_prior  3.642e+05, trn/lr  2.716e-06, val/acc 9.513e-03, val/nll 4.622e+00
[2023-02-03 22:01:28] [Epoch   101/  500] trn/posterior_energy  5.503e+05, trn/neg_log_likelihood  1.894e+05, trn/neg_log_prior  3.609e+05, trn/lr  2.711e-06, val/acc 8.296e-03, val/nll 4.628e+00
[2023-02-03 22:01:31] [Epoch   102/  500] trn/posterior_energy  5.498e+05, trn/neg_log_likelihood  1.894e+05, trn/neg_log_prior  3.604e+05, trn/lr  2.705e-06, val/acc 8.850e-03, val/nll 4.626e+00
[2023-02-03 22:01:35] [Epoch   103/  500] trn/posterior_energy  5.514e+05, trn/neg_log_likelihood  1.894e+05, trn/neg_log_prior  3.620e+05, trn/lr  2.700e-06, val/acc 8.296e-03, val/nll 4.618e+00
[2023-02-03 22:01:39] [Epoch   104/  500] trn/posterior_energy  5.510e+05, trn/neg_log_likelihood  1.894e+05, trn/neg_log_prior  3.616e+05, trn/lr  2.694e-06, val/acc 9.292e-03, val/nll 4.625e+00
[2023-02-03 22:01:42] [Epoch   105/  500] trn/posterior_energy  5.484e+05, trn/neg_log_likelihood  1.895e+05, trn/neg_log_prior  3.589e+05, trn/lr  2.688e-06, val/acc 8.960e-03, val/nll 4.625e+00
[2023-02-03 22:01:46] [Epoch   106/  500] trn/posterior_energy  5.503e+05, trn/neg_log_likelihood  1.894e+05, trn/neg_log_prior  3.609e+05, trn/lr  2.682e-06, val/acc 9.845e-03, val/nll 4.617e+00
[2023-02-03 22:01:50] [Epoch   107/  500] trn/posterior_energy  5.485e+05, trn/neg_log_likelihood  1.894e+05, trn/neg_log_prior  3.591e+05, trn/lr  2.677e-06, val/acc 1.073e-02, val/nll 4.625e+00
[2023-02-03 22:01:53] [Epoch   108/  500] trn/posterior_energy  5.538e+05, trn/neg_log_likelihood  1.895e+05, trn/neg_log_prior  3.643e+05, trn/lr  2.671e-06, val/acc 1.062e-02, val/nll 4.623e+00
[2023-02-03 22:01:57] [Epoch   109/  500] trn/posterior_energy  5.927e+05, trn/neg_log_likelihood  1.895e+05, trn/neg_log_prior  4.033e+05, trn/lr  2.665e-06, val/acc 9.181e-03, val/nll 4.619e+00
[2023-02-03 22:02:01] [Epoch   110/  500] trn/posterior_energy  5.547e+05, trn/neg_log_likelihood  1.894e+05, trn/neg_log_prior  3.653e+05, trn/lr  2.659e-06, val/acc 1.106e-02, val/nll 4.627e+00
[2023-02-03 22:02:04] [Epoch   111/  500] trn/posterior_energy  5.556e+05, trn/neg_log_likelihood  1.894e+05, trn/neg_log_prior  3.662e+05, trn/lr  2.653e-06, val/acc 1.040e-02, val/nll 4.623e+00
[2023-02-03 22:02:08] [Epoch   112/  500] trn/posterior_energy  5.539e+05, trn/neg_log_likelihood  1.894e+05, trn/neg_log_prior  3.645e+05, trn/lr  2.647e-06, val/acc 1.040e-02, val/nll 4.629e+00
[2023-02-03 22:02:12] [Epoch   113/  500] trn/posterior_energy  5.505e+05, trn/neg_log_likelihood  1.894e+05, trn/neg_log_prior  3.611e+05, trn/lr  2.641e-06, val/acc 9.513e-03, val/nll 4.617e+00
[2023-02-03 22:02:15] [Epoch   114/  500] trn/posterior_energy  5.561e+05, trn/neg_log_likelihood  1.894e+05, trn/neg_log_prior  3.667e+05, trn/lr  2.634e-06, val/acc 1.029e-02, val/nll 4.627e+00
[2023-02-03 22:02:19] [Epoch   115/  500] trn/posterior_energy  5.503e+05, trn/neg_log_likelihood  1.895e+05, trn/neg_log_prior  3.608e+05, trn/lr  2.628e-06, val/acc 9.845e-03, val/nll 4.624e+00
[2023-02-03 22:02:23] [Epoch   116/  500] trn/posterior_energy  5.532e+05, trn/neg_log_likelihood  1.894e+05, trn/neg_log_prior  3.638e+05, trn/lr  2.622e-06, val/acc 9.845e-03, val/nll 4.624e+00
[2023-02-03 22:02:27] [Epoch   117/  500] trn/posterior_energy  5.504e+05, trn/neg_log_likelihood  1.894e+05, trn/neg_log_prior  3.610e+05, trn/lr  2.616e-06, val/acc 8.960e-03, val/nll 4.631e+00
[2023-02-03 22:02:30] [Epoch   118/  500] trn/posterior_energy  5.513e+05, trn/neg_log_likelihood  1.894e+05, trn/neg_log_prior  3.618e+05, trn/lr  2.609e-06, val/acc 9.181e-03, val/nll 4.623e+00
[2023-02-03 22:02:34] [Epoch   119/  500] trn/posterior_energy  5.555e+05, trn/neg_log_likelihood  1.894e+05, trn/neg_log_prior  3.661e+05, trn/lr  2.603e-06, val/acc 9.735e-03, val/nll 4.624e+00
[2023-02-03 22:02:38] [Epoch   120/  500] trn/posterior_energy  5.506e+05, trn/neg_log_likelihood  1.894e+05, trn/neg_log_prior  3.612e+05, trn/lr  2.597e-06, val/acc 1.117e-02, val/nll 4.620e+00
[2023-02-03 22:02:42] [Epoch   121/  500] trn/posterior_energy  5.521e+05, trn/neg_log_likelihood  1.894e+05, trn/neg_log_prior  3.627e+05, trn/lr  2.590e-06, val/acc 8.518e-03, val/nll 4.619e+00
[2023-02-03 22:02:45] [Epoch   122/  500] trn/posterior_energy  5.488e+05, trn/neg_log_likelihood  1.894e+05, trn/neg_log_prior  3.594e+05, trn/lr  2.584e-06, val/acc 1.206e-02, val/nll 4.627e+00
[2023-02-03 22:02:49] [Epoch   123/  500] trn/posterior_energy  5.509e+05, trn/neg_log_likelihood  1.894e+05, trn/neg_log_prior  3.616e+05, trn/lr  2.577e-06, val/acc 9.403e-03, val/nll 4.627e+00
[2023-02-03 22:02:53] [Epoch   124/  500] trn/posterior_energy  5.509e+05, trn/neg_log_likelihood  1.894e+05, trn/neg_log_prior  3.615e+05, trn/lr  2.571e-06, val/acc 1.095e-02, val/nll 4.629e+00
[2023-02-03 22:02:56] [Epoch   125/  500] trn/posterior_energy  5.483e+05, trn/neg_log_likelihood  1.894e+05, trn/neg_log_prior  3.590e+05, trn/lr  2.564e-06, val/acc 9.071e-03, val/nll 4.623e+00
[2023-02-03 22:03:00] [Epoch   126/  500] trn/posterior_energy  5.491e+05, trn/neg_log_likelihood  1.893e+05, trn/neg_log_prior  3.598e+05, trn/lr  2.557e-06, val/acc 1.073e-02, val/nll 4.621e+00
[2023-02-03 22:03:04] [Epoch   127/  500] trn/posterior_energy  5.489e+05, trn/neg_log_likelihood  1.894e+05, trn/neg_log_prior  3.594e+05, trn/lr  2.551e-06, val/acc 1.018e-02, val/nll 4.625e+00
[2023-02-03 22:03:08] [Epoch   128/  500] trn/posterior_energy  5.510e+05, trn/neg_log_likelihood  1.894e+05, trn/neg_log_prior  3.616e+05, trn/lr  2.544e-06, val/acc 9.624e-03, val/nll 4.625e+00
[2023-02-03 22:03:11] [Epoch   129/  500] trn/posterior_energy  5.572e+05, trn/neg_log_likelihood  1.894e+05, trn/neg_log_prior  3.678e+05, trn/lr  2.537e-06, val/acc 1.040e-02, val/nll 4.629e+00
[2023-02-03 22:03:15] [Epoch   130/  500] trn/posterior_energy  5.499e+05, trn/neg_log_likelihood  1.894e+05, trn/neg_log_prior  3.605e+05, trn/lr  2.530e-06, val/acc 1.040e-02, val/nll 4.634e+00
[2023-02-03 22:03:18] [Epoch   131/  500] trn/posterior_energy  5.582e+05, trn/neg_log_likelihood  1.894e+05, trn/neg_log_prior  3.688e+05, trn/lr  2.523e-06, val/acc 1.007e-02, val/nll 4.625e+00
[2023-02-03 22:03:22] [Epoch   132/  500] trn/posterior_energy  5.489e+05, trn/neg_log_likelihood  1.894e+05, trn/neg_log_prior  3.595e+05, trn/lr  2.516e-06, val/acc 9.735e-03, val/nll 4.621e+00
[2023-02-03 22:03:26] [Epoch   133/  500] trn/posterior_energy  5.542e+05, trn/neg_log_likelihood  1.894e+05, trn/neg_log_prior  3.648e+05, trn/lr  2.510e-06, val/acc 1.007e-02, val/nll 4.622e+00
[2023-02-03 22:03:30] [Epoch   134/  500] trn/posterior_energy  5.496e+05, trn/neg_log_likelihood  1.894e+05, trn/neg_log_prior  3.602e+05, trn/lr  2.503e-06, val/acc 9.292e-03, val/nll 4.625e+00
[2023-02-03 22:03:33] [Epoch   135/  500] trn/posterior_energy  5.521e+05, trn/neg_log_likelihood  1.893e+05, trn/neg_log_prior  3.627e+05, trn/lr  2.496e-06, val/acc 8.296e-03, val/nll 4.620e+00
[2023-02-03 22:03:37] [Epoch   136/  500] trn/posterior_energy  5.607e+05, trn/neg_log_likelihood  1.894e+05, trn/neg_log_prior  3.713e+05, trn/lr  2.488e-06, val/acc 1.007e-02, val/nll 4.625e+00
[2023-02-03 22:03:41] [Epoch   137/  500] trn/posterior_energy  5.492e+05, trn/neg_log_likelihood  1.894e+05, trn/neg_log_prior  3.598e+05, trn/lr  2.481e-06, val/acc 9.735e-03, val/nll 4.624e+00
[2023-02-03 22:03:44] [Epoch   138/  500] trn/posterior_energy  5.539e+05, trn/neg_log_likelihood  1.895e+05, trn/neg_log_prior  3.644e+05, trn/lr  2.474e-06, val/acc 1.007e-02, val/nll 4.625e+00
[2023-02-03 22:03:48] [Epoch   139/  500] trn/posterior_energy  5.487e+05, trn/neg_log_likelihood  1.893e+05, trn/neg_log_prior  3.593e+05, trn/lr  2.467e-06, val/acc 1.128e-02, val/nll 4.626e+00
[2023-02-03 22:03:52] [Epoch   140/  500] trn/posterior_energy  5.475e+05, trn/neg_log_likelihood  1.893e+05, trn/neg_log_prior  3.582e+05, trn/lr  2.460e-06, val/acc 9.071e-03, val/nll 4.619e+00
[2023-02-03 22:03:55] [Epoch   141/  500] trn/posterior_energy  5.476e+05, trn/neg_log_likelihood  1.893e+05, trn/neg_log_prior  3.583e+05, trn/lr  2.453e-06, val/acc 8.075e-03, val/nll 4.621e+00
[2023-02-03 22:03:59] [Epoch   142/  500] trn/posterior_energy  5.474e+05, trn/neg_log_likelihood  1.893e+05, trn/neg_log_prior  3.581e+05, trn/lr  2.445e-06, val/acc 1.007e-02, val/nll 4.623e+00
[2023-02-03 22:04:03] [Epoch   143/  500] trn/posterior_energy  5.494e+05, trn/neg_log_likelihood  1.894e+05, trn/neg_log_prior  3.600e+05, trn/lr  2.438e-06, val/acc 1.095e-02, val/nll 4.616e+00
[2023-02-03 22:04:07] [Epoch   144/  500] trn/posterior_energy  5.479e+05, trn/neg_log_likelihood  1.893e+05, trn/neg_log_prior  3.586e+05, trn/lr  2.430e-06, val/acc 9.624e-03, val/nll 4.620e+00
[2023-02-03 22:04:10] [Epoch   145/  500] trn/posterior_energy  5.487e+05, trn/neg_log_likelihood  1.894e+05, trn/neg_log_prior  3.594e+05, trn/lr  2.423e-06, val/acc 9.071e-03, val/nll 4.617e+00
[2023-02-03 22:04:14] [Epoch   146/  500] trn/posterior_energy  5.515e+05, trn/neg_log_likelihood  1.893e+05, trn/neg_log_prior  3.622e+05, trn/lr  2.416e-06, val/acc 1.095e-02, val/nll 4.628e+00
[2023-02-03 22:04:18] [Epoch   147/  500] trn/posterior_energy  5.496e+05, trn/neg_log_likelihood  1.894e+05, trn/neg_log_prior  3.602e+05, trn/lr  2.408e-06, val/acc 1.018e-02, val/nll 4.623e+00
[2023-02-03 22:04:21] [Epoch   148/  500] trn/posterior_energy  5.496e+05, trn/neg_log_likelihood  1.893e+05, trn/neg_log_prior  3.603e+05, trn/lr  2.401e-06, val/acc 8.960e-03, val/nll 4.624e+00
[2023-02-03 22:04:25] [Epoch   149/  500] trn/posterior_energy  5.481e+05, trn/neg_log_likelihood  1.893e+05, trn/neg_log_prior  3.587e+05, trn/lr  2.393e-06, val/acc 1.040e-02, val/nll 4.631e+00
[2023-02-03 22:04:29] [Epoch   150/  500] trn/posterior_energy  5.501e+05, trn/neg_log_likelihood  1.893e+05, trn/neg_log_prior  3.607e+05, trn/lr  2.385e-06, val/acc 1.040e-02, val/nll 4.618e+00
[2023-02-03 22:04:32] [Epoch   151/  500] trn/posterior_energy  5.475e+05, trn/neg_log_likelihood  1.893e+05, trn/neg_log_prior  3.581e+05, trn/lr  2.378e-06, val/acc 8.296e-03, val/nll 4.621e+00
[2023-02-03 22:04:36] [Epoch   152/  500] trn/posterior_energy  5.481e+05, trn/neg_log_likelihood  1.894e+05, trn/neg_log_prior  3.587e+05, trn/lr  2.370e-06, val/acc 9.845e-03, val/nll 4.620e+00
[2023-02-03 22:04:40] [Epoch   153/  500] trn/posterior_energy  5.507e+05, trn/neg_log_likelihood  1.893e+05, trn/neg_log_prior  3.614e+05, trn/lr  2.363e-06, val/acc 8.518e-03, val/nll 4.621e+00
[2023-02-03 22:04:43] [Epoch   154/  500] trn/posterior_energy  5.484e+05, trn/neg_log_likelihood  1.894e+05, trn/neg_log_prior  3.590e+05, trn/lr  2.355e-06, val/acc 9.181e-03, val/nll 4.618e+00
[2023-02-03 22:04:47] [Epoch   155/  500] trn/posterior_energy  5.566e+05, trn/neg_log_likelihood  1.893e+05, trn/neg_log_prior  3.673e+05, trn/lr  2.347e-06, val/acc 1.040e-02, val/nll 4.620e+00
[2023-02-03 22:04:51] [Epoch   156/  500] trn/posterior_energy  5.478e+05, trn/neg_log_likelihood  1.893e+05, trn/neg_log_prior  3.584e+05, trn/lr  2.339e-06, val/acc 9.956e-03, val/nll 4.630e+00
[2023-02-03 22:04:54] [Epoch   157/  500] trn/posterior_energy  5.500e+05, trn/neg_log_likelihood  1.893e+05, trn/neg_log_prior  3.607e+05, trn/lr  2.331e-06, val/acc 9.513e-03, val/nll 4.620e+00
[2023-02-03 22:04:58] [Epoch   158/  500] trn/posterior_energy  5.506e+05, trn/neg_log_likelihood  1.894e+05, trn/neg_log_prior  3.612e+05, trn/lr  2.324e-06, val/acc 9.403e-03, val/nll 4.618e+00
[2023-02-03 22:05:02] [Epoch   159/  500] trn/posterior_energy  5.482e+05, trn/neg_log_likelihood  1.894e+05, trn/neg_log_prior  3.589e+05, trn/lr  2.316e-06, val/acc 1.073e-02, val/nll 4.617e+00
[2023-02-03 22:05:06] [Epoch   160/  500] trn/posterior_energy  5.479e+05, trn/neg_log_likelihood  1.893e+05, trn/neg_log_prior  3.586e+05, trn/lr  2.308e-06, val/acc 9.403e-03, val/nll 4.630e+00
[2023-02-03 22:05:09] [Epoch   161/  500] trn/posterior_energy  5.474e+05, trn/neg_log_likelihood  1.894e+05, trn/neg_log_prior  3.580e+05, trn/lr  2.300e-06, val/acc 1.040e-02, val/nll 4.619e+00
[2023-02-03 22:05:13] [Epoch   162/  500] trn/posterior_energy  5.480e+05, trn/neg_log_likelihood  1.892e+05, trn/neg_log_prior  3.587e+05, trn/lr  2.292e-06, val/acc 9.956e-03, val/nll 4.620e+00
[2023-02-03 22:05:17] [Epoch   163/  500] trn/posterior_energy  5.478e+05, trn/neg_log_likelihood  1.894e+05, trn/neg_log_prior  3.584e+05, trn/lr  2.284e-06, val/acc 9.292e-03, val/nll 4.616e+00
[2023-02-03 22:05:21] [Epoch   164/  500] trn/posterior_energy  5.484e+05, trn/neg_log_likelihood  1.893e+05, trn/neg_log_prior  3.590e+05, trn/lr  2.276e-06, val/acc 9.956e-03, val/nll 4.621e+00
[2023-02-03 22:05:24] [Epoch   165/  500] trn/posterior_energy  5.472e+05, trn/neg_log_likelihood  1.893e+05, trn/neg_log_prior  3.579e+05, trn/lr  2.268e-06, val/acc 9.845e-03, val/nll 4.620e+00
[2023-02-03 22:05:28] [Epoch   166/  500] trn/posterior_energy  5.499e+05, trn/neg_log_likelihood  1.894e+05, trn/neg_log_prior  3.606e+05, trn/lr  2.260e-06, val/acc 8.960e-03, val/nll 4.623e+00
[2023-02-03 22:05:32] [Epoch   167/  500] trn/posterior_energy  5.478e+05, trn/neg_log_likelihood  1.893e+05, trn/neg_log_prior  3.585e+05, trn/lr  2.251e-06, val/acc 9.403e-03, val/nll 4.619e+00
[2023-02-03 22:05:35] [Epoch   168/  500] trn/posterior_energy  5.480e+05, trn/neg_log_likelihood  1.893e+05, trn/neg_log_prior  3.586e+05, trn/lr  2.243e-06, val/acc 1.195e-02, val/nll 4.615e+00
[2023-02-03 22:05:39] [Epoch   169/  500] trn/posterior_energy  5.471e+05, trn/neg_log_likelihood  1.893e+05, trn/neg_log_prior  3.579e+05, trn/lr  2.235e-06, val/acc 1.051e-02, val/nll 4.623e+00
[2023-02-03 22:05:43] [Epoch   170/  500] trn/posterior_energy  5.471e+05, trn/neg_log_likelihood  1.893e+05, trn/neg_log_prior  3.578e+05, trn/lr  2.227e-06, val/acc 1.007e-02, val/nll 4.617e+00
[2023-02-03 22:05:46] [Epoch   171/  500] trn/posterior_energy  5.471e+05, trn/neg_log_likelihood  1.893e+05, trn/neg_log_prior  3.578e+05, trn/lr  2.219e-06, val/acc 9.403e-03, val/nll 4.626e+00
[2023-02-03 22:05:50] [Epoch   172/  500] trn/posterior_energy  5.475e+05, trn/neg_log_likelihood  1.893e+05, trn/neg_log_prior  3.582e+05, trn/lr  2.210e-06, val/acc 1.040e-02, val/nll 4.626e+00
[2023-02-03 22:05:54] [Epoch   173/  500] trn/posterior_energy  5.490e+05, trn/neg_log_likelihood  1.893e+05, trn/neg_log_prior  3.597e+05, trn/lr  2.202e-06, val/acc 8.850e-03, val/nll 4.615e+00
[2023-02-03 22:05:57] [Epoch   174/  500] trn/posterior_energy  5.493e+05, trn/neg_log_likelihood  1.893e+05, trn/neg_log_prior  3.600e+05, trn/lr  2.194e-06, val/acc 1.128e-02, val/nll 4.630e+00
[2023-02-03 22:06:01] [Epoch   175/  500] trn/posterior_energy  5.497e+05, trn/neg_log_likelihood  1.892e+05, trn/neg_log_prior  3.605e+05, trn/lr  2.185e-06, val/acc 9.292e-03, val/nll 4.624e+00
[2023-02-03 22:06:05] [Epoch   176/  500] trn/posterior_energy  5.478e+05, trn/neg_log_likelihood  1.893e+05, trn/neg_log_prior  3.585e+05, trn/lr  2.177e-06, val/acc 9.845e-03, val/nll 4.623e+00
[2023-02-03 22:06:08] [Epoch   177/  500] trn/posterior_energy  5.474e+05, trn/neg_log_likelihood  1.893e+05, trn/neg_log_prior  3.581e+05, trn/lr  2.168e-06, val/acc 1.007e-02, val/nll 4.616e+00
[2023-02-03 22:06:12] [Epoch   178/  500] trn/posterior_energy  5.486e+05, trn/neg_log_likelihood  1.893e+05, trn/neg_log_prior  3.593e+05, trn/lr  2.160e-06, val/acc 1.106e-02, val/nll 4.618e+00
[2023-02-03 22:06:16] [Epoch   179/  500] trn/posterior_energy  5.479e+05, trn/neg_log_likelihood  1.893e+05, trn/neg_log_prior  3.586e+05, trn/lr  2.151e-06, val/acc 1.106e-02, val/nll 4.627e+00
[2023-02-03 22:06:19] [Epoch   180/  500] trn/posterior_energy  5.478e+05, trn/neg_log_likelihood  1.893e+05, trn/neg_log_prior  3.585e+05, trn/lr  2.143e-06, val/acc 9.181e-03, val/nll 4.618e+00
[2023-02-03 22:06:23] [Epoch   181/  500] trn/posterior_energy  5.482e+05, trn/neg_log_likelihood  1.893e+05, trn/neg_log_prior  3.589e+05, trn/lr  2.134e-06, val/acc 9.292e-03, val/nll 4.619e+00
[2023-02-03 22:06:27] [Epoch   182/  500] trn/posterior_energy  5.489e+05, trn/neg_log_likelihood  1.893e+05, trn/neg_log_prior  3.595e+05, trn/lr  2.126e-06, val/acc 1.040e-02, val/nll 4.620e+00
[2023-02-03 22:06:30] [Epoch   183/  500] trn/posterior_energy  5.477e+05, trn/neg_log_likelihood  1.893e+05, trn/neg_log_prior  3.584e+05, trn/lr  2.117e-06, val/acc 9.735e-03, val/nll 4.623e+00
[2023-02-03 22:06:34] [Epoch   184/  500] trn/posterior_energy  5.492e+05, trn/neg_log_likelihood  1.893e+05, trn/neg_log_prior  3.599e+05, trn/lr  2.109e-06, val/acc 8.518e-03, val/nll 4.615e+00
[2023-02-03 22:06:38] [Epoch   185/  500] trn/posterior_energy  5.493e+05, trn/neg_log_likelihood  1.893e+05, trn/neg_log_prior  3.600e+05, trn/lr  2.100e-06, val/acc 9.845e-03, val/nll 4.618e+00
[2023-02-03 22:06:42] [Epoch   186/  500] trn/posterior_energy  5.476e+05, trn/neg_log_likelihood  1.893e+05, trn/neg_log_prior  3.583e+05, trn/lr  2.091e-06, val/acc 9.513e-03, val/nll 4.616e+00
[2023-02-03 22:06:45] [Epoch   187/  500] trn/posterior_energy  5.481e+05, trn/neg_log_likelihood  1.893e+05, trn/neg_log_prior  3.588e+05, trn/lr  2.083e-06, val/acc 8.518e-03, val/nll 4.620e+00
[2023-02-03 22:06:49] [Epoch   188/  500] trn/posterior_energy  5.490e+05, trn/neg_log_likelihood  1.893e+05, trn/neg_log_prior  3.598e+05, trn/lr  2.074e-06, val/acc 1.073e-02, val/nll 4.629e+00
[2023-02-03 22:06:53] [Epoch   189/  500] trn/posterior_energy  5.512e+05, trn/neg_log_likelihood  1.893e+05, trn/neg_log_prior  3.619e+05, trn/lr  2.065e-06, val/acc 9.624e-03, val/nll 4.626e+00
[2023-02-03 22:06:56] [Epoch   190/  500] trn/posterior_energy  5.523e+05, trn/neg_log_likelihood  1.893e+05, trn/neg_log_prior  3.630e+05, trn/lr  2.057e-06, val/acc 1.051e-02, val/nll 4.620e+00
[2023-02-03 22:07:00] [Epoch   191/  500] trn/posterior_energy  5.468e+05, trn/neg_log_likelihood  1.892e+05, trn/neg_log_prior  3.575e+05, trn/lr  2.048e-06, val/acc 9.513e-03, val/nll 4.620e+00
[2023-02-03 22:07:04] [Epoch   192/  500] trn/posterior_energy  5.468e+05, trn/neg_log_likelihood  1.893e+05, trn/neg_log_prior  3.575e+05, trn/lr  2.039e-06, val/acc 8.518e-03, val/nll 4.620e+00
[2023-02-03 22:07:07] [Epoch   193/  500] trn/posterior_energy  5.480e+05, trn/neg_log_likelihood  1.893e+05, trn/neg_log_prior  3.587e+05, trn/lr  2.030e-06, val/acc 1.128e-02, val/nll 4.621e+00
[2023-02-03 22:07:11] [Epoch   194/  500] trn/posterior_energy  5.499e+05, trn/neg_log_likelihood  1.893e+05, trn/neg_log_prior  3.607e+05, trn/lr  2.021e-06, val/acc 8.960e-03, val/nll 4.619e+00
[2023-02-03 22:07:14] [Epoch   195/  500] trn/posterior_energy  5.475e+05, trn/neg_log_likelihood  1.893e+05, trn/neg_log_prior  3.582e+05, trn/lr  2.013e-06, val/acc 9.624e-03, val/nll 4.621e+00
[2023-02-03 22:07:18] [Epoch   196/  500] trn/posterior_energy  5.467e+05, trn/neg_log_likelihood  1.893e+05, trn/neg_log_prior  3.574e+05, trn/lr  2.004e-06, val/acc 9.845e-03, val/nll 4.615e+00
[2023-02-03 22:07:22] [Epoch   197/  500] trn/posterior_energy  5.467e+05, trn/neg_log_likelihood  1.892e+05, trn/neg_log_prior  3.575e+05, trn/lr  1.995e-06, val/acc 9.071e-03, val/nll 4.621e+00
[2023-02-03 22:07:25] [Epoch   198/  500] trn/posterior_energy  5.472e+05, trn/neg_log_likelihood  1.893e+05, trn/neg_log_prior  3.580e+05, trn/lr  1.986e-06, val/acc 9.845e-03, val/nll 4.620e+00
[2023-02-03 22:07:29] [Epoch   199/  500] trn/posterior_energy  5.488e+05, trn/neg_log_likelihood  1.892e+05, trn/neg_log_prior  3.596e+05, trn/lr  1.977e-06, val/acc 1.128e-02, val/nll 4.621e+00
[2023-02-03 22:07:33] [Epoch   200/  500] trn/posterior_energy  5.467e+05, trn/neg_log_likelihood  1.892e+05, trn/neg_log_prior  3.575e+05, trn/lr  1.968e-06, val/acc 9.624e-03, val/nll 4.618e+00
[2023-02-03 22:07:37] [Epoch   201/  500] trn/posterior_energy  5.477e+05, trn/neg_log_likelihood  1.893e+05, trn/neg_log_prior  3.585e+05, trn/lr  1.959e-06, val/acc 9.403e-03, val/nll 4.615e+00
[2023-02-03 22:07:40] [Epoch   202/  500] trn/posterior_energy  5.472e+05, trn/neg_log_likelihood  1.893e+05, trn/neg_log_prior  3.580e+05, trn/lr  1.950e-06, val/acc 9.624e-03, val/nll 4.617e+00
[2023-02-03 22:07:44] [Epoch   203/  500] trn/posterior_energy  5.474e+05, trn/neg_log_likelihood  1.892e+05, trn/neg_log_prior  3.581e+05, trn/lr  1.941e-06, val/acc 9.403e-03, val/nll 4.619e+00
[2023-02-03 22:07:48] [Epoch   204/  500] trn/posterior_energy  5.466e+05, trn/neg_log_likelihood  1.892e+05, trn/neg_log_prior  3.574e+05, trn/lr  1.932e-06, val/acc 9.181e-03, val/nll 4.620e+00
[2023-02-03 22:07:52] [Epoch   205/  500] trn/posterior_energy  5.466e+05, trn/neg_log_likelihood  1.892e+05, trn/neg_log_prior  3.573e+05, trn/lr  1.923e-06, val/acc 9.181e-03, val/nll 4.618e+00
[2023-02-03 22:07:55] [Epoch   206/  500] trn/posterior_energy  5.468e+05, trn/neg_log_likelihood  1.892e+05, trn/neg_log_prior  3.575e+05, trn/lr  1.914e-06, val/acc 1.018e-02, val/nll 4.621e+00
[2023-02-03 22:07:59] [Epoch   207/  500] trn/posterior_energy  5.462e+05, trn/neg_log_likelihood  1.892e+05, trn/neg_log_prior  3.570e+05, trn/lr  1.905e-06, val/acc 1.128e-02, val/nll 4.618e+00
[2023-02-03 22:08:03] [Epoch   208/  500] trn/posterior_energy  5.473e+05, trn/neg_log_likelihood  1.892e+05, trn/neg_log_prior  3.581e+05, trn/lr  1.896e-06, val/acc 9.513e-03, val/nll 4.618e+00
[2023-02-03 22:08:06] [Epoch   209/  500] trn/posterior_energy  5.468e+05, trn/neg_log_likelihood  1.892e+05, trn/neg_log_prior  3.576e+05, trn/lr  1.887e-06, val/acc 9.513e-03, val/nll 4.627e+00
[2023-02-03 22:08:10] [Epoch   210/  500] trn/posterior_energy  5.468e+05, trn/neg_log_likelihood  1.892e+05, trn/neg_log_prior  3.576e+05, trn/lr  1.878e-06, val/acc 1.095e-02, val/nll 4.624e+00
[2023-02-03 22:08:14] [Epoch   211/  500] trn/posterior_energy  5.467e+05, trn/neg_log_likelihood  1.893e+05, trn/neg_log_prior  3.574e+05, trn/lr  1.868e-06, val/acc 9.845e-03, val/nll 4.617e+00
[2023-02-03 22:08:18] [Epoch   212/  500] trn/posterior_energy  5.464e+05, trn/neg_log_likelihood  1.892e+05, trn/neg_log_prior  3.572e+05, trn/lr  1.859e-06, val/acc 8.518e-03, val/nll 4.619e+00
[2023-02-03 22:08:21] [Epoch   213/  500] trn/posterior_energy  5.486e+05, trn/neg_log_likelihood  1.892e+05, trn/neg_log_prior  3.594e+05, trn/lr  1.850e-06, val/acc 1.206e-02, val/nll 4.616e+00
[2023-02-03 22:08:25] [Epoch   214/  500] trn/posterior_energy  5.466e+05, trn/neg_log_likelihood  1.892e+05, trn/neg_log_prior  3.574e+05, trn/lr  1.841e-06, val/acc 9.071e-03, val/nll 4.618e+00
[2023-02-03 22:08:29] [Epoch   215/  500] trn/posterior_energy  5.462e+05, trn/neg_log_likelihood  1.892e+05, trn/neg_log_prior  3.569e+05, trn/lr  1.832e-06, val/acc 8.075e-03, val/nll 4.620e+00
[2023-02-03 22:08:32] [Epoch   216/  500] trn/posterior_energy  5.464e+05, trn/neg_log_likelihood  1.892e+05, trn/neg_log_prior  3.572e+05, trn/lr  1.823e-06, val/acc 1.095e-02, val/nll 4.617e+00
[2023-02-03 22:08:36] [Epoch   217/  500] trn/posterior_energy  5.472e+05, trn/neg_log_likelihood  1.892e+05, trn/neg_log_prior  3.580e+05, trn/lr  1.813e-06, val/acc 9.292e-03, val/nll 4.615e+00
[2023-02-03 22:08:40] [Epoch   218/  500] trn/posterior_energy  5.468e+05, trn/neg_log_likelihood  1.892e+05, trn/neg_log_prior  3.576e+05, trn/lr  1.804e-06, val/acc 1.007e-02, val/nll 4.618e+00
[2023-02-03 22:08:43] [Epoch   219/  500] trn/posterior_energy  5.462e+05, trn/neg_log_likelihood  1.892e+05, trn/neg_log_prior  3.570e+05, trn/lr  1.795e-06, val/acc 8.850e-03, val/nll 4.620e+00
[2023-02-03 22:08:47] [Epoch   220/  500] trn/posterior_energy  5.464e+05, trn/neg_log_likelihood  1.892e+05, trn/neg_log_prior  3.572e+05, trn/lr  1.786e-06, val/acc 9.845e-03, val/nll 4.624e+00
[2023-02-03 22:08:51] [Epoch   221/  500] trn/posterior_energy  5.466e+05, trn/neg_log_likelihood  1.892e+05, trn/neg_log_prior  3.574e+05, trn/lr  1.776e-06, val/acc 9.845e-03, val/nll 4.620e+00
[2023-02-03 22:08:55] [Epoch   222/  500] trn/posterior_energy  5.487e+05, trn/neg_log_likelihood  1.892e+05, trn/neg_log_prior  3.594e+05, trn/lr  1.767e-06, val/acc 1.206e-02, val/nll 4.616e+00
[2023-02-03 22:08:58] [Epoch   223/  500] trn/posterior_energy  5.462e+05, trn/neg_log_likelihood  1.892e+05, trn/neg_log_prior  3.571e+05, trn/lr  1.758e-06, val/acc 8.518e-03, val/nll 4.621e+00
[2023-02-03 22:09:02] [Epoch   224/  500] trn/posterior_energy  5.460e+05, trn/neg_log_likelihood  1.891e+05, trn/neg_log_prior  3.569e+05, trn/lr  1.749e-06, val/acc 1.073e-02, val/nll 4.620e+00
[2023-02-03 22:09:06] [Epoch   225/  500] trn/posterior_energy  5.466e+05, trn/neg_log_likelihood  1.892e+05, trn/neg_log_prior  3.574e+05, trn/lr  1.739e-06, val/acc 9.071e-03, val/nll 4.619e+00
[2023-02-03 22:09:09] [Epoch   226/  500] trn/posterior_energy  5.472e+05, trn/neg_log_likelihood  1.892e+05, trn/neg_log_prior  3.580e+05, trn/lr  1.730e-06, val/acc 9.071e-03, val/nll 4.621e+00
[2023-02-03 22:09:13] [Epoch   227/  500] trn/posterior_energy  5.462e+05, trn/neg_log_likelihood  1.892e+05, trn/neg_log_prior  3.569e+05, trn/lr  1.721e-06, val/acc 9.956e-03, val/nll 4.620e+00
[2023-02-03 22:09:17] [Epoch   228/  500] trn/posterior_energy  5.464e+05, trn/neg_log_likelihood  1.892e+05, trn/neg_log_prior  3.573e+05, trn/lr  1.711e-06, val/acc 8.960e-03, val/nll 4.618e+00
[2023-02-03 22:09:20] [Epoch   229/  500] trn/posterior_energy  5.466e+05, trn/neg_log_likelihood  1.892e+05, trn/neg_log_prior  3.574e+05, trn/lr  1.702e-06, val/acc 1.073e-02, val/nll 4.621e+00
[2023-02-03 22:09:24] [Epoch   230/  500] trn/posterior_energy  5.466e+05, trn/neg_log_likelihood  1.892e+05, trn/neg_log_prior  3.574e+05, trn/lr  1.693e-06, val/acc 8.739e-03, val/nll 4.617e+00
[2023-02-03 22:09:28] [Epoch   231/  500] trn/posterior_energy  5.460e+05, trn/neg_log_likelihood  1.892e+05, trn/neg_log_prior  3.568e+05, trn/lr  1.683e-06, val/acc 9.071e-03, val/nll 4.619e+00
[2023-02-03 22:09:32] [Epoch   232/  500] trn/posterior_energy  5.461e+05, trn/neg_log_likelihood  1.892e+05, trn/neg_log_prior  3.569e+05, trn/lr  1.674e-06, val/acc 1.040e-02, val/nll 4.620e+00
[2023-02-03 22:09:35] [Epoch   233/  500] trn/posterior_energy  5.463e+05, trn/neg_log_likelihood  1.892e+05, trn/neg_log_prior  3.571e+05, trn/lr  1.665e-06, val/acc 1.173e-02, val/nll 4.615e+00
[2023-02-03 22:09:39] [Epoch   234/  500] trn/posterior_energy  5.468e+05, trn/neg_log_likelihood  1.892e+05, trn/neg_log_prior  3.576e+05, trn/lr  1.655e-06, val/acc 1.007e-02, val/nll 4.616e+00
[2023-02-03 22:09:43] [Epoch   235/  500] trn/posterior_energy  5.465e+05, trn/neg_log_likelihood  1.892e+05, trn/neg_log_prior  3.573e+05, trn/lr  1.646e-06, val/acc 9.513e-03, val/nll 4.620e+00
[2023-02-03 22:09:47] [Epoch   236/  500] trn/posterior_energy  5.461e+05, trn/neg_log_likelihood  1.892e+05, trn/neg_log_prior  3.570e+05, trn/lr  1.636e-06, val/acc 9.071e-03, val/nll 4.618e+00
[2023-02-03 22:09:50] [Epoch   237/  500] trn/posterior_energy  5.465e+05, trn/neg_log_likelihood  1.892e+05, trn/neg_log_prior  3.573e+05, trn/lr  1.627e-06, val/acc 8.850e-03, val/nll 4.617e+00
[2023-02-03 22:09:54] [Epoch   238/  500] trn/posterior_energy  5.460e+05, trn/neg_log_likelihood  1.891e+05, trn/neg_log_prior  3.569e+05, trn/lr  1.618e-06, val/acc 9.181e-03, val/nll 4.618e+00
[2023-02-03 22:09:58] [Epoch   239/  500] trn/posterior_energy  5.461e+05, trn/neg_log_likelihood  1.891e+05, trn/neg_log_prior  3.569e+05, trn/lr  1.608e-06, val/acc 1.106e-02, val/nll 4.620e+00
[2023-02-03 22:10:02] [Epoch   240/  500] trn/posterior_energy  5.462e+05, trn/neg_log_likelihood  1.892e+05, trn/neg_log_prior  3.570e+05, trn/lr  1.599e-06, val/acc 9.513e-03, val/nll 4.616e+00
[2023-02-03 22:10:05] [Epoch   241/  500] trn/posterior_energy  5.458e+05, trn/neg_log_likelihood  1.891e+05, trn/neg_log_prior  3.567e+05, trn/lr  1.589e-06, val/acc 9.071e-03, val/nll 4.620e+00
[2023-02-03 22:10:09] [Epoch   242/  500] trn/posterior_energy  5.459e+05, trn/neg_log_likelihood  1.891e+05, trn/neg_log_prior  3.568e+05, trn/lr  1.580e-06, val/acc 1.007e-02, val/nll 4.616e+00
[2023-02-03 22:10:13] [Epoch   243/  500] trn/posterior_energy  5.459e+05, trn/neg_log_likelihood  1.891e+05, trn/neg_log_prior  3.568e+05, trn/lr  1.571e-06, val/acc 1.128e-02, val/nll 4.615e+00
[2023-02-03 22:10:17] [Epoch   244/  500] trn/posterior_energy  5.459e+05, trn/neg_log_likelihood  1.892e+05, trn/neg_log_prior  3.567e+05, trn/lr  1.561e-06, val/acc 9.513e-03, val/nll 4.614e+00
[2023-02-03 22:10:20] [Epoch   245/  500] trn/posterior_energy  5.471e+05, trn/neg_log_likelihood  1.892e+05, trn/neg_log_prior  3.579e+05, trn/lr  1.552e-06, val/acc 9.181e-03, val/nll 4.619e+00
[2023-02-03 22:10:24] [Epoch   246/  500] trn/posterior_energy  5.459e+05, trn/neg_log_likelihood  1.891e+05, trn/neg_log_prior  3.568e+05, trn/lr  1.542e-06, val/acc 1.040e-02, val/nll 4.623e+00
[2023-02-03 22:10:28] [Epoch   247/  500] trn/posterior_energy  5.459e+05, trn/neg_log_likelihood  1.891e+05, trn/neg_log_prior  3.568e+05, trn/lr  1.533e-06, val/acc 8.296e-03, val/nll 4.615e+00
[2023-02-03 22:10:31] [Epoch   248/  500] trn/posterior_energy  5.460e+05, trn/neg_log_likelihood  1.891e+05, trn/neg_log_prior  3.568e+05, trn/lr  1.524e-06, val/acc 1.095e-02, val/nll 4.619e+00
[2023-02-03 22:10:35] [Epoch   249/  500] trn/posterior_energy  5.459e+05, trn/neg_log_likelihood  1.891e+05, trn/neg_log_prior  3.568e+05, trn/lr  1.514e-06, val/acc 8.518e-03, val/nll 4.625e+00
[2023-02-03 22:10:39] [Epoch   250/  500] trn/posterior_energy  5.459e+05, trn/neg_log_likelihood  1.891e+05, trn/neg_log_prior  3.568e+05, trn/lr  1.505e-06, val/acc 1.029e-02, val/nll 4.618e+00
[2023-02-03 22:10:43] [Epoch   251/  500] trn/posterior_energy  5.481e+05, trn/neg_log_likelihood  1.891e+05, trn/neg_log_prior  3.590e+05, trn/lr  1.495e-06, val/acc 1.095e-02, val/nll 4.616e+00
[2023-02-03 22:10:46] [Epoch   252/  500] trn/posterior_energy  5.459e+05, trn/neg_log_likelihood  1.891e+05, trn/neg_log_prior  3.568e+05, trn/lr  1.486e-06, val/acc 1.095e-02, val/nll 4.618e+00
[2023-02-03 22:10:50] [Epoch   253/  500] trn/posterior_energy  5.463e+05, trn/neg_log_likelihood  1.892e+05, trn/neg_log_prior  3.571e+05, trn/lr  1.476e-06, val/acc 1.206e-02, val/nll 4.615e+00
[2023-02-03 22:10:54] [Epoch   254/  500] trn/posterior_energy  5.465e+05, trn/neg_log_likelihood  1.891e+05, trn/neg_log_prior  3.574e+05, trn/lr  1.467e-06, val/acc 1.040e-02, val/nll 4.620e+00
[2023-02-03 22:10:57] [Epoch   255/  500] trn/posterior_energy  5.459e+05, trn/neg_log_likelihood  1.891e+05, trn/neg_log_prior  3.568e+05, trn/lr  1.458e-06, val/acc 8.296e-03, val/nll 4.619e+00
[2023-02-03 22:11:01] [Epoch   256/  500] trn/posterior_energy  5.463e+05, trn/neg_log_likelihood  1.892e+05, trn/neg_log_prior  3.571e+05, trn/lr  1.448e-06, val/acc 8.518e-03, val/nll 4.616e+00
[2023-02-03 22:11:05] [Epoch   257/  500] trn/posterior_energy  5.458e+05, trn/neg_log_likelihood  1.891e+05, trn/neg_log_prior  3.567e+05, trn/lr  1.439e-06, val/acc 9.513e-03, val/nll 4.617e+00
[2023-02-03 22:11:08] [Epoch   258/  500] trn/posterior_energy  5.458e+05, trn/neg_log_likelihood  1.891e+05, trn/neg_log_prior  3.567e+05, trn/lr  1.429e-06, val/acc 9.513e-03, val/nll 4.622e+00
[2023-02-03 22:11:12] [Epoch   259/  500] trn/posterior_energy  5.461e+05, trn/neg_log_likelihood  1.891e+05, trn/neg_log_prior  3.569e+05, trn/lr  1.420e-06, val/acc 1.062e-02, val/nll 4.617e+00
[2023-02-03 22:11:16] [Epoch   260/  500] trn/posterior_energy  5.457e+05, trn/neg_log_likelihood  1.891e+05, trn/neg_log_prior  3.566e+05, trn/lr  1.411e-06, val/acc 9.624e-03, val/nll 4.621e+00
[2023-02-03 22:11:19] [Epoch   261/  500] trn/posterior_energy  5.459e+05, trn/neg_log_likelihood  1.891e+05, trn/neg_log_prior  3.569e+05, trn/lr  1.401e-06, val/acc 9.071e-03, val/nll 4.621e+00
[2023-02-03 22:11:23] [Epoch   262/  500] trn/posterior_energy  5.458e+05, trn/neg_log_likelihood  1.891e+05, trn/neg_log_prior  3.567e+05, trn/lr  1.392e-06, val/acc 1.117e-02, val/nll 4.616e+00
[2023-02-03 22:11:27] [Epoch   263/  500] trn/posterior_energy  5.458e+05, trn/neg_log_likelihood  1.891e+05, trn/neg_log_prior  3.567e+05, trn/lr  1.382e-06, val/acc 1.106e-02, val/nll 4.613e+00
[2023-02-03 22:11:30] [Epoch   264/  500] trn/posterior_energy  5.461e+05, trn/neg_log_likelihood  1.892e+05, trn/neg_log_prior  3.569e+05, trn/lr  1.373e-06, val/acc 1.007e-02, val/nll 4.620e+00
[2023-02-03 22:11:34] [Epoch   265/  500] trn/posterior_energy  5.457e+05, trn/neg_log_likelihood  1.891e+05, trn/neg_log_prior  3.566e+05, trn/lr  1.364e-06, val/acc 1.018e-02, val/nll 4.615e+00
[2023-02-03 22:11:38] [Epoch   266/  500] trn/posterior_energy  5.459e+05, trn/neg_log_likelihood  1.891e+05, trn/neg_log_prior  3.568e+05, trn/lr  1.354e-06, val/acc 8.739e-03, val/nll 4.622e+00
[2023-02-03 22:11:41] [Epoch   267/  500] trn/posterior_energy  5.458e+05, trn/neg_log_likelihood  1.891e+05, trn/neg_log_prior  3.567e+05, trn/lr  1.345e-06, val/acc 9.403e-03, val/nll 4.619e+00
[2023-02-03 22:11:45] [Epoch   268/  500] trn/posterior_energy  5.458e+05, trn/neg_log_likelihood  1.891e+05, trn/neg_log_prior  3.566e+05, trn/lr  1.335e-06, val/acc 9.403e-03, val/nll 4.618e+00
[2023-02-03 22:11:49] [Epoch   269/  500] trn/posterior_energy  5.457e+05, trn/neg_log_likelihood  1.891e+05, trn/neg_log_prior  3.566e+05, trn/lr  1.326e-06, val/acc 1.195e-02, val/nll 4.617e+00
[2023-02-03 22:11:52] [Epoch   270/  500] trn/posterior_energy  5.458e+05, trn/neg_log_likelihood  1.891e+05, trn/neg_log_prior  3.566e+05, trn/lr  1.317e-06, val/acc 8.075e-03, val/nll 4.617e+00
[2023-02-03 22:11:56] [Epoch   271/  500] trn/posterior_energy  5.468e+05, trn/neg_log_likelihood  1.891e+05, trn/neg_log_prior  3.577e+05, trn/lr  1.307e-06, val/acc 9.292e-03, val/nll 4.617e+00
[2023-02-03 22:12:00] [Epoch   272/  500] trn/posterior_energy  5.457e+05, trn/neg_log_likelihood  1.891e+05, trn/neg_log_prior  3.566e+05, trn/lr  1.298e-06, val/acc 1.051e-02, val/nll 4.616e+00
[2023-02-03 22:12:03] [Epoch   273/  500] trn/posterior_energy  5.456e+05, trn/neg_log_likelihood  1.891e+05, trn/neg_log_prior  3.565e+05, trn/lr  1.289e-06, val/acc 9.845e-03, val/nll 4.619e+00
[2023-02-03 22:12:07] [Epoch   274/  500] trn/posterior_energy  5.459e+05, trn/neg_log_likelihood  1.891e+05, trn/neg_log_prior  3.568e+05, trn/lr  1.279e-06, val/acc 8.518e-03, val/nll 4.620e+00
[2023-02-03 22:12:11] [Epoch   275/  500] trn/posterior_energy  5.456e+05, trn/neg_log_likelihood  1.891e+05, trn/neg_log_prior  3.565e+05, trn/lr  1.270e-06, val/acc 1.128e-02, val/nll 4.613e+00
[2023-02-03 22:12:15] [Epoch   276/  500] trn/posterior_energy  5.456e+05, trn/neg_log_likelihood  1.890e+05, trn/neg_log_prior  3.565e+05, trn/lr  1.261e-06, val/acc 1.040e-02, val/nll 4.614e+00
[2023-02-03 22:12:18] [Epoch   277/  500] trn/posterior_energy  5.456e+05, trn/neg_log_likelihood  1.891e+05, trn/neg_log_prior  3.565e+05, trn/lr  1.251e-06, val/acc 1.040e-02, val/nll 4.618e+00
[2023-02-03 22:12:22] [Epoch   278/  500] trn/posterior_energy  5.455e+05, trn/neg_log_likelihood  1.891e+05, trn/neg_log_prior  3.565e+05, trn/lr  1.242e-06, val/acc 1.128e-02, val/nll 4.617e+00
[2023-02-03 22:12:26] [Epoch   279/  500] trn/posterior_energy  5.456e+05, trn/neg_log_likelihood  1.891e+05, trn/neg_log_prior  3.564e+05, trn/lr  1.233e-06, val/acc 1.007e-02, val/nll 4.614e+00
[2023-02-03 22:12:29] [Epoch   280/  500] trn/posterior_energy  5.457e+05, trn/neg_log_likelihood  1.891e+05, trn/neg_log_prior  3.566e+05, trn/lr  1.224e-06, val/acc 9.071e-03, val/nll 4.620e+00
[2023-02-03 22:12:33] [Epoch   281/  500] trn/posterior_energy  5.456e+05, trn/neg_log_likelihood  1.891e+05, trn/neg_log_prior  3.565e+05, trn/lr  1.214e-06, val/acc 8.518e-03, val/nll 4.621e+00
[2023-02-03 22:12:37] [Epoch   282/  500] trn/posterior_energy  5.456e+05, trn/neg_log_likelihood  1.891e+05, trn/neg_log_prior  3.566e+05, trn/lr  1.205e-06, val/acc 9.513e-03, val/nll 4.618e+00
[2023-02-03 22:12:40] [Epoch   283/  500] trn/posterior_energy  5.454e+05, trn/neg_log_likelihood  1.891e+05, trn/neg_log_prior  3.564e+05, trn/lr  1.196e-06, val/acc 8.960e-03, val/nll 4.615e+00
[2023-02-03 22:12:44] [Epoch   284/  500] trn/posterior_energy  5.456e+05, trn/neg_log_likelihood  1.890e+05, trn/neg_log_prior  3.566e+05, trn/lr  1.187e-06, val/acc 9.292e-03, val/nll 4.617e+00
[2023-02-03 22:12:48] [Epoch   285/  500] trn/posterior_energy  5.460e+05, trn/neg_log_likelihood  1.891e+05, trn/neg_log_prior  3.569e+05, trn/lr  1.177e-06, val/acc 8.960e-03, val/nll 4.616e+00
[2023-02-03 22:12:51] [Epoch   286/  500] trn/posterior_energy  5.457e+05, trn/neg_log_likelihood  1.890e+05, trn/neg_log_prior  3.567e+05, trn/lr  1.168e-06, val/acc 1.095e-02, val/nll 4.614e+00
[2023-02-03 22:12:55] [Epoch   287/  500] trn/posterior_energy  5.455e+05, trn/neg_log_likelihood  1.891e+05, trn/neg_log_prior  3.565e+05, trn/lr  1.159e-06, val/acc 8.518e-03, val/nll 4.617e+00
[2023-02-03 22:12:59] [Epoch   288/  500] trn/posterior_energy  5.455e+05, trn/neg_log_likelihood  1.891e+05, trn/neg_log_prior  3.565e+05, trn/lr  1.150e-06, val/acc 1.018e-02, val/nll 4.613e+00
[2023-02-03 22:13:02] [Epoch   289/  500] trn/posterior_energy  5.455e+05, trn/neg_log_likelihood  1.891e+05, trn/neg_log_prior  3.564e+05, trn/lr  1.141e-06, val/acc 8.296e-03, val/nll 4.615e+00
[2023-02-03 22:13:06] [Epoch   290/  500] trn/posterior_energy  5.456e+05, trn/neg_log_likelihood  1.891e+05, trn/neg_log_prior  3.565e+05, trn/lr  1.132e-06, val/acc 8.518e-03, val/nll 4.619e+00
[2023-02-03 22:13:10] [Epoch   291/  500] trn/posterior_energy  5.455e+05, trn/neg_log_likelihood  1.891e+05, trn/neg_log_prior  3.565e+05, trn/lr  1.122e-06, val/acc 9.845e-03, val/nll 4.617e+00
[2023-02-03 22:13:13] [Epoch   292/  500] trn/posterior_energy  5.454e+05, trn/neg_log_likelihood  1.890e+05, trn/neg_log_prior  3.564e+05, trn/lr  1.113e-06, val/acc 1.018e-02, val/nll 4.613e+00
[2023-02-03 22:13:17] [Epoch   293/  500] trn/posterior_energy  5.454e+05, trn/neg_log_likelihood  1.891e+05, trn/neg_log_prior  3.564e+05, trn/lr  1.104e-06, val/acc 9.403e-03, val/nll 4.615e+00
[2023-02-03 22:13:21] [Epoch   294/  500] trn/posterior_energy  5.454e+05, trn/neg_log_likelihood  1.890e+05, trn/neg_log_prior  3.563e+05, trn/lr  1.095e-06, val/acc 1.073e-02, val/nll 4.613e+00
[2023-02-03 22:13:24] [Epoch   295/  500] trn/posterior_energy  5.454e+05, trn/neg_log_likelihood  1.890e+05, trn/neg_log_prior  3.564e+05, trn/lr  1.086e-06, val/acc 9.292e-03, val/nll 4.615e+00
[2023-02-03 22:13:28] [Epoch   296/  500] trn/posterior_energy  5.454e+05, trn/neg_log_likelihood  1.890e+05, trn/neg_log_prior  3.563e+05, trn/lr  1.077e-06, val/acc 9.181e-03, val/nll 4.615e+00
[2023-02-03 22:13:32] [Epoch   297/  500] trn/posterior_energy  5.455e+05, trn/neg_log_likelihood  1.890e+05, trn/neg_log_prior  3.565e+05, trn/lr  1.068e-06, val/acc 8.850e-03, val/nll 4.613e+00
[2023-02-03 22:13:35] [Epoch   298/  500] trn/posterior_energy  5.456e+05, trn/neg_log_likelihood  1.890e+05, trn/neg_log_prior  3.566e+05, trn/lr  1.059e-06, val/acc 1.073e-02, val/nll 4.614e+00
[2023-02-03 22:13:39] [Epoch   299/  500] trn/posterior_energy  5.455e+05, trn/neg_log_likelihood  1.891e+05, trn/neg_log_prior  3.565e+05, trn/lr  1.050e-06, val/acc 1.018e-02, val/nll 4.611e+00
[2023-02-03 22:13:43] [Epoch   300/  500] trn/posterior_energy  5.455e+05, trn/neg_log_likelihood  1.891e+05, trn/neg_log_prior  3.564e+05, trn/lr  1.041e-06, val/acc 8.850e-03, val/nll 4.615e+00
[2023-02-03 22:13:46] [Epoch   301/  500] trn/posterior_energy  5.454e+05, trn/neg_log_likelihood  1.890e+05, trn/neg_log_prior  3.563e+05, trn/lr  1.032e-06, val/acc 8.960e-03, val/nll 4.618e+00
[2023-02-03 22:13:50] [Epoch   302/  500] trn/posterior_energy  5.453e+05, trn/neg_log_likelihood  1.890e+05, trn/neg_log_prior  3.563e+05, trn/lr  1.023e-06, val/acc 8.850e-03, val/nll 4.614e+00
[2023-02-03 22:13:54] [Epoch   303/  500] trn/posterior_energy  5.453e+05, trn/neg_log_likelihood  1.890e+05, trn/neg_log_prior  3.563e+05, trn/lr  1.014e-06, val/acc 9.956e-03, val/nll 4.616e+00
[2023-02-03 22:13:57] [Epoch   304/  500] trn/posterior_energy  5.454e+05, trn/neg_log_likelihood  1.890e+05, trn/neg_log_prior  3.564e+05, trn/lr  1.005e-06, val/acc 8.296e-03, val/nll 4.616e+00
[2023-02-03 22:14:01] [Epoch   305/  500] trn/posterior_energy  5.453e+05, trn/neg_log_likelihood  1.890e+05, trn/neg_log_prior  3.564e+05, trn/lr  9.963e-07, val/acc 9.292e-03, val/nll 4.612e+00
[2023-02-03 22:14:05] [Epoch   306/  500] trn/posterior_energy  5.454e+05, trn/neg_log_likelihood  1.890e+05, trn/neg_log_prior  3.564e+05, trn/lr  9.875e-07, val/acc 8.518e-03, val/nll 4.614e+00
[2023-02-03 22:14:08] [Epoch   307/  500] trn/posterior_energy  5.453e+05, trn/neg_log_likelihood  1.890e+05, trn/neg_log_prior  3.563e+05, trn/lr  9.786e-07, val/acc 8.296e-03, val/nll 4.613e+00
[2023-02-03 22:14:12] [Epoch   308/  500] trn/posterior_energy  5.453e+05, trn/neg_log_likelihood  1.890e+05, trn/neg_log_prior  3.563e+05, trn/lr  9.698e-07, val/acc 9.624e-03, val/nll 4.614e+00
[2023-02-03 22:14:16] [Epoch   309/  500] trn/posterior_energy  5.455e+05, trn/neg_log_likelihood  1.890e+05, trn/neg_log_prior  3.565e+05, trn/lr  9.610e-07, val/acc 8.518e-03, val/nll 4.618e+00
[2023-02-03 22:14:19] [Epoch   310/  500] trn/posterior_energy  5.454e+05, trn/neg_log_likelihood  1.890e+05, trn/neg_log_prior  3.564e+05, trn/lr  9.522e-07, val/acc 1.040e-02, val/nll 4.614e+00
[2023-02-03 22:14:23] [Epoch   311/  500] trn/posterior_energy  5.453e+05, trn/neg_log_likelihood  1.890e+05, trn/neg_log_prior  3.563e+05, trn/lr  9.434e-07, val/acc 8.739e-03, val/nll 4.614e+00
[2023-02-03 22:14:27] [Epoch   312/  500] trn/posterior_energy  5.453e+05, trn/neg_log_likelihood  1.890e+05, trn/neg_log_prior  3.563e+05, trn/lr  9.347e-07, val/acc 8.518e-03, val/nll 4.612e+00
[2023-02-03 22:14:30] [Epoch   313/  500] trn/posterior_energy  5.453e+05, trn/neg_log_likelihood  1.890e+05, trn/neg_log_prior  3.563e+05, trn/lr  9.260e-07, val/acc 9.403e-03, val/nll 4.612e+00
[2023-02-03 22:14:34] [Epoch   314/  500] trn/posterior_energy  5.458e+05, trn/neg_log_likelihood  1.890e+05, trn/neg_log_prior  3.568e+05, trn/lr  9.173e-07, val/acc 1.206e-02, val/nll 4.616e+00
[2023-02-03 22:14:37] [Epoch   315/  500] trn/posterior_energy  5.452e+05, trn/neg_log_likelihood  1.890e+05, trn/neg_log_prior  3.562e+05, trn/lr  9.086e-07, val/acc 9.403e-03, val/nll 4.613e+00
[2023-02-03 22:14:41] [Epoch   316/  500] trn/posterior_energy  5.452e+05, trn/neg_log_likelihood  1.890e+05, trn/neg_log_prior  3.563e+05, trn/lr  9.000e-07, val/acc 1.018e-02, val/nll 4.613e+00
[2023-02-03 22:14:45] [Epoch   317/  500] trn/posterior_energy  5.453e+05, trn/neg_log_likelihood  1.890e+05, trn/neg_log_prior  3.563e+05, trn/lr  8.913e-07, val/acc 8.739e-03, val/nll 4.615e+00
[2023-02-03 22:14:48] [Epoch   318/  500] trn/posterior_energy  5.455e+05, trn/neg_log_likelihood  1.890e+05, trn/neg_log_prior  3.566e+05, trn/lr  8.827e-07, val/acc 9.624e-03, val/nll 4.613e+00
[2023-02-03 22:14:52] [Epoch   319/  500] trn/posterior_energy  5.453e+05, trn/neg_log_likelihood  1.890e+05, trn/neg_log_prior  3.563e+05, trn/lr  8.742e-07, val/acc 1.095e-02, val/nll 4.615e+00
[2023-02-03 22:14:56] [Epoch   320/  500] trn/posterior_energy  5.453e+05, trn/neg_log_likelihood  1.890e+05, trn/neg_log_prior  3.563e+05, trn/lr  8.656e-07, val/acc 1.051e-02, val/nll 4.614e+00
[2023-02-03 22:14:59] [Epoch   321/  500] trn/posterior_energy  5.452e+05, trn/neg_log_likelihood  1.890e+05, trn/neg_log_prior  3.562e+05, trn/lr  8.571e-07, val/acc 1.095e-02, val/nll 4.612e+00
[2023-02-03 22:15:03] [Epoch   322/  500] trn/posterior_energy  5.452e+05, trn/neg_log_likelihood  1.889e+05, trn/neg_log_prior  3.562e+05, trn/lr  8.486e-07, val/acc 8.850e-03, val/nll 4.616e+00
[2023-02-03 22:15:07] [Epoch   323/  500] trn/posterior_energy  5.452e+05, trn/neg_log_likelihood  1.890e+05, trn/neg_log_prior  3.562e+05, trn/lr  8.401e-07, val/acc 9.181e-03, val/nll 4.613e+00
[2023-02-03 22:15:10] [Epoch   324/  500] trn/posterior_energy  5.452e+05, trn/neg_log_likelihood  1.890e+05, trn/neg_log_prior  3.562e+05, trn/lr  8.316e-07, val/acc 8.296e-03, val/nll 4.615e+00
[2023-02-03 22:15:14] [Epoch   325/  500] trn/posterior_energy  5.452e+05, trn/neg_log_likelihood  1.890e+05, trn/neg_log_prior  3.563e+05, trn/lr  8.232e-07, val/acc 1.018e-02, val/nll 4.614e+00
[2023-02-03 22:15:18] [Epoch   326/  500] trn/posterior_energy  5.451e+05, trn/neg_log_likelihood  1.889e+05, trn/neg_log_prior  3.562e+05, trn/lr  8.148e-07, val/acc 9.624e-03, val/nll 4.615e+00
[2023-02-03 22:15:21] [Epoch   327/  500] trn/posterior_energy  5.452e+05, trn/neg_log_likelihood  1.889e+05, trn/neg_log_prior  3.563e+05, trn/lr  8.065e-07, val/acc 9.513e-03, val/nll 4.616e+00
[2023-02-03 22:15:25] [Epoch   328/  500] trn/posterior_energy  5.452e+05, trn/neg_log_likelihood  1.890e+05, trn/neg_log_prior  3.562e+05, trn/lr  7.981e-07, val/acc 9.624e-03, val/nll 4.612e+00
[2023-02-03 22:15:29] [Epoch   329/  500] trn/posterior_energy  5.452e+05, trn/neg_log_likelihood  1.890e+05, trn/neg_log_prior  3.563e+05, trn/lr  7.898e-07, val/acc 9.845e-03, val/nll 4.613e+00
[2023-02-03 22:15:32] [Epoch   330/  500] trn/posterior_energy  5.451e+05, trn/neg_log_likelihood  1.889e+05, trn/neg_log_prior  3.562e+05, trn/lr  7.815e-07, val/acc 8.518e-03, val/nll 4.612e+00
[2023-02-03 22:15:36] [Epoch   331/  500] trn/posterior_energy  5.451e+05, trn/neg_log_likelihood  1.889e+05, trn/neg_log_prior  3.562e+05, trn/lr  7.733e-07, val/acc 1.018e-02, val/nll 4.614e+00
[2023-02-03 22:15:39] [Epoch   332/  500] trn/posterior_energy  5.452e+05, trn/neg_log_likelihood  1.890e+05, trn/neg_log_prior  3.562e+05, trn/lr  7.650e-07, val/acc 8.518e-03, val/nll 4.614e+00
[2023-02-03 22:15:43] [Epoch   333/  500] trn/posterior_energy  5.452e+05, trn/neg_log_likelihood  1.889e+05, trn/neg_log_prior  3.562e+05, trn/lr  7.568e-07, val/acc 1.095e-02, val/nll 4.615e+00
[2023-02-03 22:15:47] [Epoch   334/  500] trn/posterior_energy  5.452e+05, trn/neg_log_likelihood  1.890e+05, trn/neg_log_prior  3.562e+05, trn/lr  7.486e-07, val/acc 1.073e-02, val/nll 4.611e+00
[2023-02-03 22:15:51] [Epoch   335/  500] trn/posterior_energy  5.452e+05, trn/neg_log_likelihood  1.890e+05, trn/neg_log_prior  3.562e+05, trn/lr  7.405e-07, val/acc 9.403e-03, val/nll 4.614e+00
[2023-02-03 22:15:55] [Epoch   336/  500] trn/posterior_energy  5.451e+05, trn/neg_log_likelihood  1.889e+05, trn/neg_log_prior  3.562e+05, trn/lr  7.324e-07, val/acc 8.518e-03, val/nll 4.611e+00
[2023-02-03 22:15:58] [Epoch   337/  500] trn/posterior_energy  5.451e+05, trn/neg_log_likelihood  1.889e+05, trn/neg_log_prior  3.561e+05, trn/lr  7.243e-07, val/acc 1.007e-02, val/nll 4.612e+00
[2023-02-03 22:16:02] [Epoch   338/  500] trn/posterior_energy  5.451e+05, trn/neg_log_likelihood  1.889e+05, trn/neg_log_prior  3.561e+05, trn/lr  7.163e-07, val/acc 8.296e-03, val/nll 4.614e+00
[2023-02-03 22:16:06] [Epoch   339/  500] trn/posterior_energy  5.450e+05, trn/neg_log_likelihood  1.889e+05, trn/neg_log_prior  3.561e+05, trn/lr  7.082e-07, val/acc 8.296e-03, val/nll 4.613e+00
[2023-02-03 22:16:10] [Epoch   340/  500] trn/posterior_energy  5.451e+05, trn/neg_log_likelihood  1.889e+05, trn/neg_log_prior  3.561e+05, trn/lr  7.003e-07, val/acc 1.106e-02, val/nll 4.612e+00
[2023-02-03 22:16:13] [Epoch   341/  500] trn/posterior_energy  5.451e+05, trn/neg_log_likelihood  1.889e+05, trn/neg_log_prior  3.561e+05, trn/lr  6.923e-07, val/acc 9.181e-03, val/nll 4.611e+00
[2023-02-03 22:16:17] [Epoch   342/  500] trn/posterior_energy  5.450e+05, trn/neg_log_likelihood  1.889e+05, trn/neg_log_prior  3.561e+05, trn/lr  6.844e-07, val/acc 1.073e-02, val/nll 4.613e+00
[2023-02-03 22:16:21] [Epoch   343/  500] trn/posterior_energy  5.450e+05, trn/neg_log_likelihood  1.889e+05, trn/neg_log_prior  3.561e+05, trn/lr  6.765e-07, val/acc 1.040e-02, val/nll 4.613e+00
[2023-02-03 22:16:24] [Epoch   344/  500] trn/posterior_energy  5.451e+05, trn/neg_log_likelihood  1.889e+05, trn/neg_log_prior  3.561e+05, trn/lr  6.686e-07, val/acc 1.040e-02, val/nll 4.612e+00
[2023-02-03 22:16:28] [Epoch   345/  500] trn/posterior_energy  5.450e+05, trn/neg_log_likelihood  1.889e+05, trn/neg_log_prior  3.561e+05, trn/lr  6.608e-07, val/acc 9.845e-03, val/nll 4.612e+00
[2023-02-03 22:16:32] [Epoch   346/  500] trn/posterior_energy  5.450e+05, trn/neg_log_likelihood  1.889e+05, trn/neg_log_prior  3.561e+05, trn/lr  6.530e-07, val/acc 8.960e-03, val/nll 4.614e+00
[2023-02-03 22:16:36] [Epoch   347/  500] trn/posterior_energy  5.450e+05, trn/neg_log_likelihood  1.889e+05, trn/neg_log_prior  3.561e+05, trn/lr  6.452e-07, val/acc 8.850e-03, val/nll 4.611e+00
[2023-02-03 22:16:39] [Epoch   348/  500] trn/posterior_energy  5.450e+05, trn/neg_log_likelihood  1.889e+05, trn/neg_log_prior  3.561e+05, trn/lr  6.375e-07, val/acc 9.513e-03, val/nll 4.612e+00
[2023-02-03 22:16:43] [Epoch   349/  500] trn/posterior_energy  5.450e+05, trn/neg_log_likelihood  1.889e+05, trn/neg_log_prior  3.561e+05, trn/lr  6.298e-07, val/acc 9.513e-03, val/nll 4.614e+00
[2023-02-03 22:16:47] [Epoch   350/  500] trn/posterior_energy  5.451e+05, trn/neg_log_likelihood  1.889e+05, trn/neg_log_prior  3.561e+05, trn/lr  6.221e-07, val/acc 1.095e-02, val/nll 4.611e+00
[2023-02-03 22:16:50] [Epoch   351/  500] trn/posterior_energy  5.451e+05, trn/neg_log_likelihood  1.889e+05, trn/neg_log_prior  3.561e+05, trn/lr  6.145e-07, val/acc 9.845e-03, val/nll 4.611e+00
[2023-02-03 22:16:54] [Epoch   352/  500] trn/posterior_energy  5.450e+05, trn/neg_log_likelihood  1.889e+05, trn/neg_log_prior  3.561e+05, trn/lr  6.069e-07, val/acc 8.296e-03, val/nll 4.611e+00
[2023-02-03 22:16:58] [Epoch   353/  500] trn/posterior_energy  5.450e+05, trn/neg_log_likelihood  1.889e+05, trn/neg_log_prior  3.561e+05, trn/lr  5.994e-07, val/acc 9.735e-03, val/nll 4.613e+00
[2023-02-03 22:17:01] [Epoch   354/  500] trn/posterior_energy  5.450e+05, trn/neg_log_likelihood  1.889e+05, trn/neg_log_prior  3.561e+05, trn/lr  5.919e-07, val/acc 9.956e-03, val/nll 4.613e+00
[2023-02-03 22:17:05] [Epoch   355/  500] trn/posterior_energy  5.450e+05, trn/neg_log_likelihood  1.889e+05, trn/neg_log_prior  3.561e+05, trn/lr  5.844e-07, val/acc 9.624e-03, val/nll 4.612e+00
[2023-02-03 22:17:09] [Epoch   356/  500] trn/posterior_energy  5.450e+05, trn/neg_log_likelihood  1.889e+05, trn/neg_log_prior  3.561e+05, trn/lr  5.769e-07, val/acc 9.292e-03, val/nll 4.611e+00
[2023-02-03 22:17:12] [Epoch   357/  500] trn/posterior_energy  5.450e+05, trn/neg_log_likelihood  1.889e+05, trn/neg_log_prior  3.561e+05, trn/lr  5.695e-07, val/acc 9.181e-03, val/nll 4.611e+00
[2023-02-03 22:17:16] [Epoch   358/  500] trn/posterior_energy  5.450e+05, trn/neg_log_likelihood  1.889e+05, trn/neg_log_prior  3.561e+05, trn/lr  5.621e-07, val/acc 1.040e-02, val/nll 4.613e+00
[2023-02-03 22:17:20] [Epoch   359/  500] trn/posterior_energy  5.450e+05, trn/neg_log_likelihood  1.889e+05, trn/neg_log_prior  3.561e+05, trn/lr  5.548e-07, val/acc 1.106e-02, val/nll 4.612e+00
[2023-02-03 22:17:23] [Epoch   360/  500] trn/posterior_energy  5.450e+05, trn/neg_log_likelihood  1.889e+05, trn/neg_log_prior  3.561e+05, trn/lr  5.475e-07, val/acc 1.018e-02, val/nll 4.611e+00
[2023-02-03 22:17:27] [Epoch   361/  500] trn/posterior_energy  5.450e+05, trn/neg_log_likelihood  1.889e+05, trn/neg_log_prior  3.561e+05, trn/lr  5.402e-07, val/acc 8.960e-03, val/nll 4.612e+00
[2023-02-03 22:17:31] [Epoch   362/  500] trn/posterior_energy  5.450e+05, trn/neg_log_likelihood  1.889e+05, trn/neg_log_prior  3.561e+05, trn/lr  5.330e-07, val/acc 1.007e-02, val/nll 4.611e+00
[2023-02-03 22:17:34] [Epoch   363/  500] trn/posterior_energy  5.450e+05, trn/neg_log_likelihood  1.889e+05, trn/neg_log_prior  3.561e+05, trn/lr  5.258e-07, val/acc 1.062e-02, val/nll 4.611e+00
[2023-02-03 22:17:38] [Epoch   364/  500] trn/posterior_energy  5.449e+05, trn/neg_log_likelihood  1.889e+05, trn/neg_log_prior  3.561e+05, trn/lr  5.187e-07, val/acc 8.518e-03, val/nll 4.611e+00
[2023-02-03 22:17:42] [Epoch   365/  500] trn/posterior_energy  5.450e+05, trn/neg_log_likelihood  1.889e+05, trn/neg_log_prior  3.561e+05, trn/lr  5.116e-07, val/acc 9.403e-03, val/nll 4.611e+00
[2023-02-03 22:17:46] [Epoch   366/  500] trn/posterior_energy  5.450e+05, trn/neg_log_likelihood  1.889e+05, trn/neg_log_prior  3.561e+05, trn/lr  5.045e-07, val/acc 9.624e-03, val/nll 4.611e+00
[2023-02-03 22:17:49] [Epoch   367/  500] trn/posterior_energy  5.450e+05, trn/neg_log_likelihood  1.889e+05, trn/neg_log_prior  3.561e+05, trn/lr  4.975e-07, val/acc 9.513e-03, val/nll 4.611e+00
[2023-02-03 22:17:53] [Epoch   368/  500] trn/posterior_energy  5.449e+05, trn/neg_log_likelihood  1.888e+05, trn/neg_log_prior  3.561e+05, trn/lr  4.905e-07, val/acc 9.624e-03, val/nll 4.612e+00
[2023-02-03 22:17:57] [Epoch   369/  500] trn/posterior_energy  5.450e+05, trn/neg_log_likelihood  1.889e+05, trn/neg_log_prior  3.561e+05, trn/lr  4.835e-07, val/acc 1.018e-02, val/nll 4.612e+00
[2023-02-03 22:18:00] [Epoch   370/  500] trn/posterior_energy  5.450e+05, trn/neg_log_likelihood  1.889e+05, trn/neg_log_prior  3.561e+05, trn/lr  4.766e-07, val/acc 9.292e-03, val/nll 4.609e+00
[2023-02-03 22:18:04] [Epoch   371/  500] trn/posterior_energy  5.450e+05, trn/neg_log_likelihood  1.889e+05, trn/neg_log_prior  3.561e+05, trn/lr  4.698e-07, val/acc 9.181e-03, val/nll 4.611e+00
[2023-02-03 22:18:08] [Epoch   372/  500] trn/posterior_energy  5.449e+05, trn/neg_log_likelihood  1.889e+05, trn/neg_log_prior  3.561e+05, trn/lr  4.629e-07, val/acc 9.071e-03, val/nll 4.612e+00
[2023-02-03 22:18:12] [Epoch   373/  500] trn/posterior_energy  5.449e+05, trn/neg_log_likelihood  1.889e+05, trn/neg_log_prior  3.561e+05, trn/lr  4.561e-07, val/acc 8.960e-03, val/nll 4.611e+00
[2023-02-03 22:18:15] [Epoch   374/  500] trn/posterior_energy  5.449e+05, trn/neg_log_likelihood  1.889e+05, trn/neg_log_prior  3.561e+05, trn/lr  4.494e-07, val/acc 9.403e-03, val/nll 4.610e+00
[2023-02-03 22:18:19] [Epoch   375/  500] trn/posterior_energy  5.449e+05, trn/neg_log_likelihood  1.889e+05, trn/neg_log_prior  3.561e+05, trn/lr  4.427e-07, val/acc 9.071e-03, val/nll 4.610e+00
[2023-02-03 22:18:23] [Epoch   376/  500] trn/posterior_energy  5.449e+05, trn/neg_log_likelihood  1.888e+05, trn/neg_log_prior  3.561e+05, trn/lr  4.360e-07, val/acc 8.296e-03, val/nll 4.611e+00
[2023-02-03 22:18:27] [Epoch   377/  500] trn/posterior_energy  5.449e+05, trn/neg_log_likelihood  1.888e+05, trn/neg_log_prior  3.561e+05, trn/lr  4.294e-07, val/acc 9.403e-03, val/nll 4.612e+00
[2023-02-03 22:18:30] [Epoch   378/  500] trn/posterior_energy  5.449e+05, trn/neg_log_likelihood  1.888e+05, trn/neg_log_prior  3.561e+05, trn/lr  4.228e-07, val/acc 9.071e-03, val/nll 4.611e+00
[2023-02-03 22:18:34] [Epoch   379/  500] trn/posterior_energy  5.449e+05, trn/neg_log_likelihood  1.888e+05, trn/neg_log_prior  3.561e+05, trn/lr  4.163e-07, val/acc 1.040e-02, val/nll 4.612e+00
[2023-02-03 22:18:38] [Epoch   380/  500] trn/posterior_energy  5.449e+05, trn/neg_log_likelihood  1.888e+05, trn/neg_log_prior  3.561e+05, trn/lr  4.098e-07, val/acc 1.106e-02, val/nll 4.609e+00
[2023-02-03 22:18:41] [Epoch   381/  500] trn/posterior_energy  5.449e+05, trn/neg_log_likelihood  1.888e+05, trn/neg_log_prior  3.561e+05, trn/lr  4.033e-07, val/acc 8.075e-03, val/nll 4.610e+00
[2023-02-03 22:18:45] [Epoch   382/  500] trn/posterior_energy  5.449e+05, trn/neg_log_likelihood  1.888e+05, trn/neg_log_prior  3.561e+05, trn/lr  3.969e-07, val/acc 9.071e-03, val/nll 4.611e+00
[2023-02-03 22:18:49] [Epoch   383/  500] trn/posterior_energy  5.449e+05, trn/neg_log_likelihood  1.888e+05, trn/neg_log_prior  3.561e+05, trn/lr  3.906e-07, val/acc 8.518e-03, val/nll 4.611e+00
[2023-02-03 22:18:52] [Epoch   384/  500] trn/posterior_energy  5.449e+05, trn/neg_log_likelihood  1.888e+05, trn/neg_log_prior  3.561e+05, trn/lr  3.842e-07, val/acc 1.128e-02, val/nll 4.611e+00
[2023-02-03 22:18:56] [Epoch   385/  500] trn/posterior_energy  5.449e+05, trn/neg_log_likelihood  1.888e+05, trn/neg_log_prior  3.561e+05, trn/lr  3.780e-07, val/acc 9.292e-03, val/nll 4.611e+00
[2023-02-03 22:18:59] [Epoch   386/  500] trn/posterior_energy  5.449e+05, trn/neg_log_likelihood  1.888e+05, trn/neg_log_prior  3.561e+05, trn/lr  3.717e-07, val/acc 9.845e-03, val/nll 4.610e+00
[2023-02-03 22:19:03] [Epoch   387/  500] trn/posterior_energy  5.449e+05, trn/neg_log_likelihood  1.888e+05, trn/neg_log_prior  3.561e+05, trn/lr  3.655e-07, val/acc 1.018e-02, val/nll 4.611e+00
[2023-02-03 22:19:07] [Epoch   388/  500] trn/posterior_energy  5.449e+05, trn/neg_log_likelihood  1.888e+05, trn/neg_log_prior  3.561e+05, trn/lr  3.594e-07, val/acc 1.018e-02, val/nll 4.608e+00
[2023-02-03 22:19:10] [Epoch   389/  500] trn/posterior_energy  5.449e+05, trn/neg_log_likelihood  1.888e+05, trn/neg_log_prior  3.561e+05, trn/lr  3.533e-07, val/acc 8.296e-03, val/nll 4.610e+00
[2023-02-03 22:19:14] [Epoch   390/  500] trn/posterior_energy  5.449e+05, trn/neg_log_likelihood  1.888e+05, trn/neg_log_prior  3.561e+05, trn/lr  3.472e-07, val/acc 1.095e-02, val/nll 4.609e+00
[2023-02-03 22:19:18] [Epoch   391/  500] trn/posterior_energy  5.449e+05, trn/neg_log_likelihood  1.888e+05, trn/neg_log_prior  3.561e+05, trn/lr  3.412e-07, val/acc 9.181e-03, val/nll 4.608e+00
[2023-02-03 22:19:22] [Epoch   392/  500] trn/posterior_energy  5.449e+05, trn/neg_log_likelihood  1.888e+05, trn/neg_log_prior  3.561e+05, trn/lr  3.353e-07, val/acc 1.128e-02, val/nll 4.609e+00
[2023-02-03 22:19:25] [Epoch   393/  500] trn/posterior_energy  5.449e+05, trn/neg_log_likelihood  1.888e+05, trn/neg_log_prior  3.561e+05, trn/lr  3.294e-07, val/acc 8.296e-03, val/nll 4.609e+00
[2023-02-03 22:19:29] [Epoch   394/  500] trn/posterior_energy  5.449e+05, trn/neg_log_likelihood  1.888e+05, trn/neg_log_prior  3.561e+05, trn/lr  3.235e-07, val/acc 8.739e-03, val/nll 4.611e+00
[2023-02-03 22:19:33] [Epoch   395/  500] trn/posterior_energy  5.449e+05, trn/neg_log_likelihood  1.888e+05, trn/neg_log_prior  3.561e+05, trn/lr  3.177e-07, val/acc 9.071e-03, val/nll 4.609e+00
[2023-02-03 22:19:36] [Epoch   396/  500] trn/posterior_energy  5.448e+05, trn/neg_log_likelihood  1.888e+05, trn/neg_log_prior  3.561e+05, trn/lr  3.119e-07, val/acc 8.960e-03, val/nll 4.609e+00
[2023-02-03 22:19:40] [Epoch   397/  500] trn/posterior_energy  5.448e+05, trn/neg_log_likelihood  1.888e+05, trn/neg_log_prior  3.561e+05, trn/lr  3.062e-07, val/acc 9.845e-03, val/nll 4.610e+00
[2023-02-03 22:19:43] [Epoch   398/  500] trn/posterior_energy  5.449e+05, trn/neg_log_likelihood  1.888e+05, trn/neg_log_prior  3.561e+05, trn/lr  3.005e-07, val/acc 8.960e-03, val/nll 4.610e+00
[2023-02-03 22:19:47] [Epoch   399/  500] trn/posterior_energy  5.448e+05, trn/neg_log_likelihood  1.888e+05, trn/neg_log_prior  3.561e+05, trn/lr  2.948e-07, val/acc 8.960e-03, val/nll 4.608e+00
[2023-02-03 22:19:51] [Epoch   400/  500] trn/posterior_energy  5.448e+05, trn/neg_log_likelihood  1.888e+05, trn/neg_log_prior  3.561e+05, trn/lr  2.893e-07, val/acc 8.518e-03, val/nll 4.610e+00
[2023-02-03 22:19:54] [Epoch   401/  500] trn/posterior_energy  5.448e+05, trn/neg_log_likelihood  1.888e+05, trn/neg_log_prior  3.561e+05, trn/lr  2.837e-07, val/acc 1.128e-02, val/nll 4.610e+00
[2023-02-03 22:19:58] [Epoch   402/  500] trn/posterior_energy  5.448e+05, trn/neg_log_likelihood  1.888e+05, trn/neg_log_prior  3.561e+05, trn/lr  2.782e-07, val/acc 8.960e-03, val/nll 4.610e+00
[2023-02-03 22:20:02] [Epoch   403/  500] trn/posterior_energy  5.448e+05, trn/neg_log_likelihood  1.888e+05, trn/neg_log_prior  3.561e+05, trn/lr  2.728e-07, val/acc 1.018e-02, val/nll 4.609e+00
[2023-02-03 22:20:05] [Epoch   404/  500] trn/posterior_energy  5.448e+05, trn/neg_log_likelihood  1.888e+05, trn/neg_log_prior  3.561e+05, trn/lr  2.674e-07, val/acc 1.007e-02, val/nll 4.609e+00
[2023-02-03 22:20:09] [Epoch   405/  500] trn/posterior_energy  5.448e+05, trn/neg_log_likelihood  1.888e+05, trn/neg_log_prior  3.561e+05, trn/lr  2.620e-07, val/acc 9.845e-03, val/nll 4.608e+00
[2023-02-03 22:20:13] [Epoch   406/  500] trn/posterior_energy  5.448e+05, trn/neg_log_likelihood  1.887e+05, trn/neg_log_prior  3.561e+05, trn/lr  2.567e-07, val/acc 9.071e-03, val/nll 4.608e+00
[2023-02-03 22:20:16] [Epoch   407/  500] trn/posterior_energy  5.448e+05, trn/neg_log_likelihood  1.888e+05, trn/neg_log_prior  3.561e+05, trn/lr  2.515e-07, val/acc 1.018e-02, val/nll 4.609e+00
[2023-02-03 22:20:20] [Epoch   408/  500] trn/posterior_energy  5.448e+05, trn/neg_log_likelihood  1.887e+05, trn/neg_log_prior  3.561e+05, trn/lr  2.463e-07, val/acc 9.181e-03, val/nll 4.608e+00
[2023-02-03 22:20:24] [Epoch   409/  500] trn/posterior_energy  5.448e+05, trn/neg_log_likelihood  1.888e+05, trn/neg_log_prior  3.561e+05, trn/lr  2.411e-07, val/acc 1.051e-02, val/nll 4.609e+00
[2023-02-03 22:20:27] [Epoch   410/  500] trn/posterior_energy  5.448e+05, trn/neg_log_likelihood  1.888e+05, trn/neg_log_prior  3.561e+05, trn/lr  2.360e-07, val/acc 9.071e-03, val/nll 4.608e+00
[2023-02-03 22:20:31] [Epoch   411/  500] trn/posterior_energy  5.448e+05, trn/neg_log_likelihood  1.887e+05, trn/neg_log_prior  3.561e+05, trn/lr  2.310e-07, val/acc 8.850e-03, val/nll 4.609e+00
[2023-02-03 22:20:35] [Epoch   412/  500] trn/posterior_energy  5.448e+05, trn/neg_log_likelihood  1.888e+05, trn/neg_log_prior  3.561e+05, trn/lr  2.260e-07, val/acc 9.071e-03, val/nll 4.609e+00
[2023-02-03 22:20:38] [Epoch   413/  500] trn/posterior_energy  5.448e+05, trn/neg_log_likelihood  1.887e+05, trn/neg_log_prior  3.561e+05, trn/lr  2.210e-07, val/acc 9.071e-03, val/nll 4.608e+00
[2023-02-03 22:20:42] [Epoch   414/  500] trn/posterior_energy  5.448e+05, trn/neg_log_likelihood  1.887e+05, trn/neg_log_prior  3.561e+05, trn/lr  2.161e-07, val/acc 9.403e-03, val/nll 4.609e+00
[2023-02-03 22:20:46] [Epoch   415/  500] trn/posterior_energy  5.448e+05, trn/neg_log_likelihood  1.887e+05, trn/neg_log_prior  3.561e+05, trn/lr  2.113e-07, val/acc 9.403e-03, val/nll 4.608e+00
[2023-02-03 22:20:49] [Epoch   416/  500] trn/posterior_energy  5.448e+05, trn/neg_log_likelihood  1.887e+05, trn/neg_log_prior  3.561e+05, trn/lr  2.065e-07, val/acc 9.181e-03, val/nll 4.608e+00
[2023-02-03 22:20:53] [Epoch   417/  500] trn/posterior_energy  5.448e+05, trn/neg_log_likelihood  1.887e+05, trn/neg_log_prior  3.561e+05, trn/lr  2.018e-07, val/acc 9.624e-03, val/nll 4.608e+00
[2023-02-03 22:20:57] [Epoch   418/  500] trn/posterior_energy  5.448e+05, trn/neg_log_likelihood  1.887e+05, trn/neg_log_prior  3.561e+05, trn/lr  1.971e-07, val/acc 8.296e-03, val/nll 4.608e+00
[2023-02-03 22:21:00] [Epoch   419/  500] trn/posterior_energy  5.448e+05, trn/neg_log_likelihood  1.887e+05, trn/neg_log_prior  3.561e+05, trn/lr  1.924e-07, val/acc 1.106e-02, val/nll 4.607e+00
[2023-02-03 22:21:04] [Epoch   420/  500] trn/posterior_energy  5.448e+05, trn/neg_log_likelihood  1.887e+05, trn/neg_log_prior  3.561e+05, trn/lr  1.878e-07, val/acc 8.960e-03, val/nll 4.608e+00
[2023-02-03 22:21:08] [Epoch   421/  500] trn/posterior_energy  5.448e+05, trn/neg_log_likelihood  1.887e+05, trn/neg_log_prior  3.561e+05, trn/lr  1.833e-07, val/acc 8.518e-03, val/nll 4.608e+00
[2023-02-03 22:21:11] [Epoch   422/  500] trn/posterior_energy  5.448e+05, trn/neg_log_likelihood  1.887e+05, trn/neg_log_prior  3.561e+05, trn/lr  1.788e-07, val/acc 1.018e-02, val/nll 4.608e+00
[2023-02-03 22:21:15] [Epoch   423/  500] trn/posterior_energy  5.448e+05, trn/neg_log_likelihood  1.887e+05, trn/neg_log_prior  3.561e+05, trn/lr  1.744e-07, val/acc 9.181e-03, val/nll 4.608e+00
[2023-02-03 22:21:19] [Epoch   424/  500] trn/posterior_energy  5.448e+05, trn/neg_log_likelihood  1.887e+05, trn/neg_log_prior  3.561e+05, trn/lr  1.700e-07, val/acc 9.071e-03, val/nll 4.608e+00
[2023-02-03 22:21:22] [Epoch   425/  500] trn/posterior_energy  5.448e+05, trn/neg_log_likelihood  1.887e+05, trn/neg_log_prior  3.561e+05, trn/lr  1.656e-07, val/acc 8.518e-03, val/nll 4.608e+00
[2023-02-03 22:21:26] [Epoch   426/  500] trn/posterior_energy  5.448e+05, trn/neg_log_likelihood  1.887e+05, trn/neg_log_prior  3.561e+05, trn/lr  1.614e-07, val/acc 9.403e-03, val/nll 4.608e+00
[2023-02-03 22:21:30] [Epoch   427/  500] trn/posterior_energy  5.448e+05, trn/neg_log_likelihood  1.887e+05, trn/neg_log_prior  3.561e+05, trn/lr  1.571e-07, val/acc 8.518e-03, val/nll 4.608e+00
[2023-02-03 22:21:33] [Epoch   428/  500] trn/posterior_energy  5.448e+05, trn/neg_log_likelihood  1.887e+05, trn/neg_log_prior  3.561e+05, trn/lr  1.530e-07, val/acc 8.296e-03, val/nll 4.607e+00
[2023-02-03 22:21:37] [Epoch   429/  500] trn/posterior_energy  5.448e+05, trn/neg_log_likelihood  1.887e+05, trn/neg_log_prior  3.561e+05, trn/lr  1.488e-07, val/acc 9.292e-03, val/nll 4.607e+00
[2023-02-03 22:21:41] [Epoch   430/  500] trn/posterior_energy  5.448e+05, trn/neg_log_likelihood  1.887e+05, trn/neg_log_prior  3.561e+05, trn/lr  1.448e-07, val/acc 8.518e-03, val/nll 4.607e+00
[2023-02-03 22:21:44] [Epoch   431/  500] trn/posterior_energy  5.448e+05, trn/neg_log_likelihood  1.887e+05, trn/neg_log_prior  3.561e+05, trn/lr  1.408e-07, val/acc 8.296e-03, val/nll 4.608e+00
[2023-02-03 22:21:48] [Epoch   432/  500] trn/posterior_energy  5.448e+05, trn/neg_log_likelihood  1.887e+05, trn/neg_log_prior  3.561e+05, trn/lr  1.368e-07, val/acc 9.292e-03, val/nll 4.607e+00
[2023-02-03 22:21:52] [Epoch   433/  500] trn/posterior_energy  5.448e+05, trn/neg_log_likelihood  1.887e+05, trn/neg_log_prior  3.561e+05, trn/lr  1.329e-07, val/acc 9.624e-03, val/nll 4.607e+00
[2023-02-03 22:21:56] [Epoch   434/  500] trn/posterior_energy  5.447e+05, trn/neg_log_likelihood  1.887e+05, trn/neg_log_prior  3.560e+05, trn/lr  1.290e-07, val/acc 9.071e-03, val/nll 4.607e+00
[2023-02-03 22:21:59] [Epoch   435/  500] trn/posterior_energy  5.447e+05, trn/neg_log_likelihood  1.887e+05, trn/neg_log_prior  3.560e+05, trn/lr  1.253e-07, val/acc 8.739e-03, val/nll 4.607e+00
[2023-02-03 22:22:03] [Epoch   436/  500] trn/posterior_energy  5.447e+05, trn/neg_log_likelihood  1.887e+05, trn/neg_log_prior  3.560e+05, trn/lr  1.215e-07, val/acc 8.518e-03, val/nll 4.607e+00
[2023-02-03 22:22:07] [Epoch   437/  500] trn/posterior_energy  5.447e+05, trn/neg_log_likelihood  1.887e+05, trn/neg_log_prior  3.560e+05, trn/lr  1.178e-07, val/acc 9.292e-03, val/nll 4.607e+00
[2023-02-03 22:22:10] [Epoch   438/  500] trn/posterior_energy  5.447e+05, trn/neg_log_likelihood  1.887e+05, trn/neg_log_prior  3.560e+05, trn/lr  1.142e-07, val/acc 8.296e-03, val/nll 4.608e+00
[2023-02-03 22:22:14] [Epoch   439/  500] trn/posterior_energy  5.447e+05, trn/neg_log_likelihood  1.887e+05, trn/neg_log_prior  3.560e+05, trn/lr  1.106e-07, val/acc 8.075e-03, val/nll 4.607e+00
[2023-02-03 22:22:18] [Epoch   440/  500] trn/posterior_energy  5.447e+05, trn/neg_log_likelihood  1.887e+05, trn/neg_log_prior  3.560e+05, trn/lr  1.071e-07, val/acc 8.075e-03, val/nll 4.607e+00
[2023-02-03 22:22:22] [Epoch   441/  500] trn/posterior_energy  5.447e+05, trn/neg_log_likelihood  1.887e+05, trn/neg_log_prior  3.560e+05, trn/lr  1.036e-07, val/acc 8.850e-03, val/nll 4.607e+00
[2023-02-03 22:22:25] [Epoch   442/  500] trn/posterior_energy  5.447e+05, trn/neg_log_likelihood  1.887e+05, trn/neg_log_prior  3.560e+05, trn/lr  1.002e-07, val/acc 9.624e-03, val/nll 4.607e+00
[2023-02-03 22:22:29] [Epoch   443/  500] trn/posterior_energy  5.447e+05, trn/neg_log_likelihood  1.887e+05, trn/neg_log_prior  3.560e+05, trn/lr  9.684e-08, val/acc 9.071e-03, val/nll 4.607e+00
[2023-02-03 22:22:33] [Epoch   444/  500] trn/posterior_energy  5.447e+05, trn/neg_log_likelihood  1.887e+05, trn/neg_log_prior  3.560e+05, trn/lr  9.354e-08, val/acc 8.296e-03, val/nll 4.607e+00
[2023-02-03 22:22:36] [Epoch   445/  500] trn/posterior_energy  5.447e+05, trn/neg_log_likelihood  1.887e+05, trn/neg_log_prior  3.560e+05, trn/lr  9.029e-08, val/acc 8.518e-03, val/nll 4.607e+00
[2023-02-03 22:22:40] [Epoch   446/  500] trn/posterior_energy  5.447e+05, trn/neg_log_likelihood  1.887e+05, trn/neg_log_prior  3.560e+05, trn/lr  8.709e-08, val/acc 8.960e-03, val/nll 4.607e+00
[2023-02-03 22:22:44] [Epoch   447/  500] trn/posterior_energy  5.447e+05, trn/neg_log_likelihood  1.887e+05, trn/neg_log_prior  3.560e+05, trn/lr  8.396e-08, val/acc 8.518e-03, val/nll 4.607e+00
[2023-02-03 22:22:47] [Epoch   448/  500] trn/posterior_energy  5.447e+05, trn/neg_log_likelihood  1.887e+05, trn/neg_log_prior  3.560e+05, trn/lr  8.088e-08, val/acc 9.071e-03, val/nll 4.607e+00
[2023-02-03 22:22:51] [Epoch   449/  500] trn/posterior_energy  5.447e+05, trn/neg_log_likelihood  1.887e+05, trn/neg_log_prior  3.560e+05, trn/lr  7.785e-08, val/acc 9.071e-03, val/nll 4.607e+00
[2023-02-03 22:22:55] [Epoch   450/  500] trn/posterior_energy  5.447e+05, trn/neg_log_likelihood  1.887e+05, trn/neg_log_prior  3.560e+05, trn/lr  7.488e-08, val/acc 8.075e-03, val/nll 4.607e+00
[2023-02-03 22:22:58] [Epoch   451/  500] trn/posterior_energy  5.447e+05, trn/neg_log_likelihood  1.887e+05, trn/neg_log_prior  3.560e+05, trn/lr  7.197e-08, val/acc 8.850e-03, val/nll 4.607e+00
[2023-02-03 22:23:02] [Epoch   452/  500] trn/posterior_energy  5.447e+05, trn/neg_log_likelihood  1.887e+05, trn/neg_log_prior  3.560e+05, trn/lr  6.912e-08, val/acc 8.075e-03, val/nll 4.607e+00
[2023-02-03 22:23:06] [Epoch   453/  500] trn/posterior_energy  5.447e+05, trn/neg_log_likelihood  1.887e+05, trn/neg_log_prior  3.560e+05, trn/lr  6.632e-08, val/acc 8.075e-03, val/nll 4.607e+00
[2023-02-03 22:23:09] [Epoch   454/  500] trn/posterior_energy  5.447e+05, trn/neg_log_likelihood  1.887e+05, trn/neg_log_prior  3.560e+05, trn/lr  6.357e-08, val/acc 8.518e-03, val/nll 4.607e+00
[2023-02-03 22:23:13] [Epoch   455/  500] trn/posterior_energy  5.447e+05, trn/neg_log_likelihood  1.887e+05, trn/neg_log_prior  3.560e+05, trn/lr  6.089e-08, val/acc 8.518e-03, val/nll 4.607e+00
[2023-02-03 22:23:17] [Epoch   456/  500] trn/posterior_energy  5.447e+05, trn/neg_log_likelihood  1.887e+05, trn/neg_log_prior  3.560e+05, trn/lr  5.826e-08, val/acc 8.296e-03, val/nll 4.607e+00
[2023-02-03 22:23:20] [Epoch   457/  500] trn/posterior_energy  5.447e+05, trn/neg_log_likelihood  1.887e+05, trn/neg_log_prior  3.560e+05, trn/lr  5.568e-08, val/acc 8.518e-03, val/nll 4.607e+00
[2023-02-03 22:23:24] [Epoch   458/  500] trn/posterior_energy  5.447e+05, trn/neg_log_likelihood  1.887e+05, trn/neg_log_prior  3.560e+05, trn/lr  5.317e-08, val/acc 8.075e-03, val/nll 4.607e+00
[2023-02-03 22:23:28] [Epoch   459/  500] trn/posterior_energy  5.447e+05, trn/neg_log_likelihood  1.887e+05, trn/neg_log_prior  3.560e+05, trn/lr  5.071e-08, val/acc 8.296e-03, val/nll 4.607e+00
[2023-02-03 22:23:32] [Epoch   460/  500] trn/posterior_energy  5.447e+05, trn/neg_log_likelihood  1.887e+05, trn/neg_log_prior  3.560e+05, trn/lr  4.831e-08, val/acc 8.075e-03, val/nll 4.607e+00
[2023-02-03 22:23:35] [Epoch   461/  500] trn/posterior_energy  5.447e+05, trn/neg_log_likelihood  1.887e+05, trn/neg_log_prior  3.560e+05, trn/lr  4.597e-08, val/acc 8.518e-03, val/nll 4.607e+00
[2023-02-03 22:23:39] [Epoch   462/  500] trn/posterior_energy  5.447e+05, trn/neg_log_likelihood  1.887e+05, trn/neg_log_prior  3.560e+05, trn/lr  4.368e-08, val/acc 8.518e-03, val/nll 4.607e+00
[2023-02-03 22:23:43] [Epoch   463/  500] trn/posterior_energy  5.447e+05, trn/neg_log_likelihood  1.887e+05, trn/neg_log_prior  3.560e+05, trn/lr  4.145e-08, val/acc 8.075e-03, val/nll 4.607e+00
[2023-02-03 22:23:46] [Epoch   464/  500] trn/posterior_energy  5.447e+05, trn/neg_log_likelihood  1.886e+05, trn/neg_log_prior  3.560e+05, trn/lr  3.928e-08, val/acc 8.075e-03, val/nll 4.607e+00
[2023-02-03 22:23:50] [Epoch   465/  500] trn/posterior_energy  5.447e+05, trn/neg_log_likelihood  1.886e+05, trn/neg_log_prior  3.560e+05, trn/lr  3.716e-08, val/acc 8.739e-03, val/nll 4.607e+00
[2023-02-03 22:23:54] [Epoch   466/  500] trn/posterior_energy  5.447e+05, trn/neg_log_likelihood  1.886e+05, trn/neg_log_prior  3.560e+05, trn/lr  3.511e-08, val/acc 8.518e-03, val/nll 4.607e+00
[2023-02-03 22:23:58] [Epoch   467/  500] trn/posterior_energy  5.447e+05, trn/neg_log_likelihood  1.886e+05, trn/neg_log_prior  3.560e+05, trn/lr  3.311e-08, val/acc 8.518e-03, val/nll 4.607e+00
[2023-02-03 22:24:01] [Epoch   468/  500] trn/posterior_energy  5.447e+05, trn/neg_log_likelihood  1.886e+05, trn/neg_log_prior  3.560e+05, trn/lr  3.117e-08, val/acc 8.075e-03, val/nll 4.607e+00
[2023-02-03 22:24:05] [Epoch   469/  500] trn/posterior_energy  5.447e+05, trn/neg_log_likelihood  1.886e+05, trn/neg_log_prior  3.560e+05, trn/lr  2.929e-08, val/acc 8.075e-03, val/nll 4.607e+00
[2023-02-03 22:24:09] [Epoch   470/  500] trn/posterior_energy  5.447e+05, trn/neg_log_likelihood  1.886e+05, trn/neg_log_prior  3.560e+05, trn/lr  2.746e-08, val/acc 8.518e-03, val/nll 4.607e+00
[2023-02-03 22:24:12] [Epoch   471/  500] trn/posterior_energy  5.447e+05, trn/neg_log_likelihood  1.886e+05, trn/neg_log_prior  3.560e+05, trn/lr  2.570e-08, val/acc 8.075e-03, val/nll 4.607e+00
[2023-02-03 22:24:16] [Epoch   472/  500] trn/posterior_energy  5.447e+05, trn/neg_log_likelihood  1.886e+05, trn/neg_log_prior  3.560e+05, trn/lr  2.399e-08, val/acc 8.518e-03, val/nll 4.607e+00
[2023-02-03 22:24:20] [Epoch   473/  500] trn/posterior_energy  5.447e+05, trn/neg_log_likelihood  1.886e+05, trn/neg_log_prior  3.560e+05, trn/lr  2.234e-08, val/acc 8.075e-03, val/nll 4.607e+00
[2023-02-03 22:24:24] [Epoch   474/  500] trn/posterior_energy  5.447e+05, trn/neg_log_likelihood  1.886e+05, trn/neg_log_prior  3.560e+05, trn/lr  2.075e-08, val/acc 8.296e-03, val/nll 4.607e+00
[2023-02-03 22:24:27] [Epoch   475/  500] trn/posterior_energy  5.447e+05, trn/neg_log_likelihood  1.886e+05, trn/neg_log_prior  3.560e+05, trn/lr  1.922e-08, val/acc 8.296e-03, val/nll 4.607e+00
[2023-02-03 22:24:31] [Epoch   476/  500] trn/posterior_energy  5.447e+05, trn/neg_log_likelihood  1.886e+05, trn/neg_log_prior  3.560e+05, trn/lr  1.774e-08, val/acc 8.075e-03, val/nll 4.607e+00
[2023-02-03 22:24:35] [Epoch   477/  500] trn/posterior_energy  5.447e+05, trn/neg_log_likelihood  1.886e+05, trn/neg_log_prior  3.560e+05, trn/lr  1.633e-08, val/acc 8.075e-03, val/nll 4.607e+00
[2023-02-03 22:24:39] [Epoch   478/  500] trn/posterior_energy  5.447e+05, trn/neg_log_likelihood  1.886e+05, trn/neg_log_prior  3.560e+05, trn/lr  1.497e-08, val/acc 8.075e-03, val/nll 4.607e+00
[2023-02-03 22:24:42] [Epoch   479/  500] trn/posterior_energy  5.447e+05, trn/neg_log_likelihood  1.886e+05, trn/neg_log_prior  3.560e+05, trn/lr  1.367e-08, val/acc 8.075e-03, val/nll 4.607e+00
[2023-02-03 22:24:46] [Epoch   480/  500] trn/posterior_energy  5.447e+05, trn/neg_log_likelihood  1.886e+05, trn/neg_log_prior  3.560e+05, trn/lr  1.243e-08, val/acc 8.296e-03, val/nll 4.607e+00
[2023-02-03 22:24:49] [Epoch   481/  500] trn/posterior_energy  5.447e+05, trn/neg_log_likelihood  1.886e+05, trn/neg_log_prior  3.560e+05, trn/lr  1.125e-08, val/acc 8.075e-03, val/nll 4.607e+00
[2023-02-03 22:24:53] [Epoch   482/  500] trn/posterior_energy  5.447e+05, trn/neg_log_likelihood  1.886e+05, trn/neg_log_prior  3.560e+05, trn/lr  1.013e-08, val/acc 8.518e-03, val/nll 4.607e+00
[2023-02-03 22:24:57] [Epoch   483/  500] trn/posterior_energy  5.447e+05, trn/neg_log_likelihood  1.886e+05, trn/neg_log_prior  3.560e+05, trn/lr  9.062e-09, val/acc 8.296e-03, val/nll 4.607e+00
[2023-02-03 22:25:00] [Epoch   484/  500] trn/posterior_energy  5.447e+05, trn/neg_log_likelihood  1.886e+05, trn/neg_log_prior  3.560e+05, trn/lr  8.057e-09, val/acc 8.075e-03, val/nll 4.607e+00
[2023-02-03 22:25:04] [Epoch   485/  500] trn/posterior_energy  5.447e+05, trn/neg_log_likelihood  1.886e+05, trn/neg_log_prior  3.560e+05, trn/lr  7.111e-09, val/acc 8.075e-03, val/nll 4.607e+00
[2023-02-03 22:25:08] [Epoch   486/  500] trn/posterior_energy  5.447e+05, trn/neg_log_likelihood  1.886e+05, trn/neg_log_prior  3.560e+05, trn/lr  6.224e-09, val/acc 8.075e-03, val/nll 4.607e+00
[2023-02-03 22:25:12] [Epoch   487/  500] trn/posterior_energy  5.447e+05, trn/neg_log_likelihood  1.886e+05, trn/neg_log_prior  3.560e+05, trn/lr  5.396e-09, val/acc 8.075e-03, val/nll 4.607e+00
[2023-02-03 22:25:15] [Epoch   488/  500] trn/posterior_energy  5.447e+05, trn/neg_log_likelihood  1.886e+05, trn/neg_log_prior  3.560e+05, trn/lr  4.627e-09, val/acc 8.075e-03, val/nll 4.607e+00
[2023-02-03 22:25:19] [Epoch   489/  500] trn/posterior_energy  5.447e+05, trn/neg_log_likelihood  1.886e+05, trn/neg_log_prior  3.560e+05, trn/lr  3.917e-09, val/acc 8.075e-03, val/nll 4.607e+00
[2023-02-03 22:25:23] [Epoch   490/  500] trn/posterior_energy  5.447e+05, trn/neg_log_likelihood  1.886e+05, trn/neg_log_prior  3.560e+05, trn/lr  3.266e-09, val/acc 8.075e-03, val/nll 4.607e+00
[2023-02-03 22:25:26] [Epoch   491/  500] trn/posterior_energy  5.447e+05, trn/neg_log_likelihood  1.886e+05, trn/neg_log_prior  3.560e+05, trn/lr  2.674e-09, val/acc 8.075e-03, val/nll 4.607e+00
[2023-02-03 22:25:30] [Epoch   492/  500] trn/posterior_energy  5.447e+05, trn/neg_log_likelihood  1.886e+05, trn/neg_log_prior  3.560e+05, trn/lr  2.142e-09, val/acc 8.075e-03, val/nll 4.607e+00
[2023-02-03 22:25:34] [Epoch   493/  500] trn/posterior_energy  5.447e+05, trn/neg_log_likelihood  1.886e+05, trn/neg_log_prior  3.560e+05, trn/lr  1.668e-09, val/acc 8.075e-03, val/nll 4.607e+00
[2023-02-03 22:25:38] [Epoch   494/  500] trn/posterior_energy  5.447e+05, trn/neg_log_likelihood  1.886e+05, trn/neg_log_prior  3.560e+05, trn/lr  1.254e-09, val/acc 8.075e-03, val/nll 4.607e+00
[2023-02-03 22:25:41] [Epoch   495/  500] trn/posterior_energy  5.447e+05, trn/neg_log_likelihood  1.886e+05, trn/neg_log_prior  3.560e+05, trn/lr  8.983e-10, val/acc 8.075e-03, val/nll 4.607e+00
[2023-02-03 22:25:45] [Epoch   496/  500] trn/posterior_energy  5.447e+05, trn/neg_log_likelihood  1.886e+05, trn/neg_log_prior  3.560e+05, trn/lr  6.023e-10, val/acc 8.075e-03, val/nll 4.607e+00
[2023-02-03 22:25:49] [Epoch   497/  500] trn/posterior_energy  5.447e+05, trn/neg_log_likelihood  1.886e+05, trn/neg_log_prior  3.560e+05, trn/lr  3.654e-10, val/acc 8.075e-03, val/nll 4.607e+00
[2023-02-03 22:25:52] [Epoch   498/  500] trn/posterior_energy  5.447e+05, trn/neg_log_likelihood  1.886e+05, trn/neg_log_prior  3.560e+05, trn/lr  1.877e-10, val/acc 8.075e-03, val/nll 4.607e+00
[2023-02-03 22:25:56] [Epoch   499/  500] trn/posterior_energy  5.447e+05, trn/neg_log_likelihood  1.886e+05, trn/neg_log_prior  3.560e+05, trn/lr  6.917e-11, val/acc 8.075e-03, val/nll 4.607e+00
[2023-02-03 22:26:00] [Epoch   500/  500] trn/posterior_energy  5.447e+05, trn/neg_log_likelihood  1.886e+05, trn/neg_log_prior  3.560e+05, trn/lr  9.896e-12, val/acc 8.075e-03, val/nll 4.607e+00
