[2023-04-08 07:39:58] Environments:
------------  --------------------------------------------------------------------------------
sys.platform  linux
Python        3.10.8 (main, Nov 24 2022, 14:13:03) [GCC 11.2.0]
JAX           0.4.1 @/mnt/home/giung/.conda/envs/jax-vessl/lib/python3.10/site-packages/jax
jaxlib        0.4.1 @/mnt/home/giung/.conda/envs/jax-vessl/lib/python3.10/site-packages/jaxlib
Flax          0.6.3 @/mnt/home/giung/.conda/envs/jax-vessl/lib/python3.10/site-packages/flax
Optax         0.1.4 @/mnt/home/giung/.conda/envs/jax-vessl/lib/python3.10/site-packages/optax
------------  --------------------------------------------------------------------------------

[2023-04-08 07:39:58] Command line arguments:
- args.data_root          : ./data/
- args.data_name          : CIFAR10_x32
- args.data_augmentation  : standard
- args.data_proportional  : 1.0
- args.model_name         : FlaxPreResNet
- args.model_depth        : 16
- args.model_width        : 8
- args.model_style        : BN-ReLU
- args.optim_bs           : 256
- args.optim_ne           : 200
- args.optim_lr           : 0.01
- args.optim_momentum     : 0.7
- args.optim_weight_decay : 0.003
- args.save               : /mnt/home/giung/giung2-dev/projects/residual-networks/save/CIFAR10_x32/WRN16x8-BN-ReLU/bs-0256_ne-0200_lr-0.01_mo-0.70_wd-0.0030_fp32/42
- args.seed               : 42
- args.precision          : fp32

[2023-04-08 07:40:59] [Epoch     1/  200] trn/loss 1.971e+00, trn/lr 1.000e-02, val/acc 3.221e-01, val/nll 1.848e+00 (best_acc: 0.000e+00 -> 3.221e-01, test_acc: 3.172e-01, test_nll: 1.847e+00)
[2023-04-08 07:41:30] [Epoch     2/  200] trn/loss 1.767e+00, trn/lr 9.999e-03, val/acc 3.852e-01, val/nll 1.692e+00 (best_acc: 3.221e-01 -> 3.852e-01, test_acc: 3.758e-01, test_nll: 1.695e+00)
[2023-04-08 07:42:00] [Epoch     3/  200] trn/loss 1.629e+00, trn/lr 9.996e-03, val/acc 4.248e-01, val/nll 1.590e+00 (best_acc: 3.852e-01 -> 4.248e-01, test_acc: 4.216e-01, test_nll: 1.592e+00)
[2023-04-08 07:42:31] [Epoch     4/  200] trn/loss 1.520e+00, trn/lr 9.992e-03, val/acc 4.566e-01, val/nll 1.493e+00 (best_acc: 4.248e-01 -> 4.566e-01, test_acc: 4.544e-01, test_nll: 1.502e+00)
[2023-04-08 07:43:01] [Epoch     5/  200] trn/loss 1.423e+00, trn/lr 9.987e-03, val/acc 4.802e-01, val/nll 1.431e+00 (best_acc: 4.566e-01 -> 4.802e-01, test_acc: 4.784e-01, test_nll: 1.440e+00)
[2023-04-08 07:43:32] [Epoch     6/  200] trn/loss 1.337e+00, trn/lr 9.981e-03, val/acc 5.155e-01, val/nll 1.336e+00 (best_acc: 4.802e-01 -> 5.155e-01, test_acc: 5.105e-01, test_nll: 1.348e+00)
[2023-04-08 07:44:02] [Epoch     7/  200] trn/loss 1.269e+00, trn/lr 9.974e-03, val/acc 5.588e-01, val/nll 1.218e+00 (best_acc: 5.155e-01 -> 5.588e-01, test_acc: 5.563e-01, test_nll: 1.233e+00)
[2023-04-08 07:44:29] [Epoch     8/  200] trn/loss 1.210e+00, trn/lr 9.965e-03, val/acc 5.410e-01, val/nll 1.300e+00
[2023-04-08 07:45:00] [Epoch     9/  200] trn/loss 1.152e+00, trn/lr 9.955e-03, val/acc 5.860e-01, val/nll 1.173e+00 (best_acc: 5.588e-01 -> 5.860e-01, test_acc: 5.805e-01, test_nll: 1.173e+00)
[2023-04-08 07:45:27] [Epoch    10/  200] trn/loss 1.103e+00, trn/lr 9.944e-03, val/acc 5.772e-01, val/nll 1.201e+00
[2023-04-08 07:45:57] [Epoch    11/  200] trn/loss 1.055e+00, trn/lr 9.932e-03, val/acc 5.886e-01, val/nll 1.168e+00 (best_acc: 5.860e-01 -> 5.886e-01, test_acc: 5.821e-01, test_nll: 1.185e+00)
[2023-04-08 07:46:28] [Epoch    12/  200] trn/loss 1.010e+00, trn/lr 9.919e-03, val/acc 6.124e-01, val/nll 1.119e+00 (best_acc: 5.886e-01 -> 6.124e-01, test_acc: 6.114e-01, test_nll: 1.117e+00)
[2023-04-08 07:46:58] [Epoch    13/  200] trn/loss 9.677e-01, trn/lr 9.904e-03, val/acc 6.153e-01, val/nll 1.170e+00 (best_acc: 6.124e-01 -> 6.153e-01, test_acc: 6.075e-01, test_nll: 1.179e+00)
[2023-04-08 07:47:29] [Epoch    14/  200] trn/loss 9.259e-01, trn/lr 9.888e-03, val/acc 6.262e-01, val/nll 1.078e+00 (best_acc: 6.153e-01 -> 6.262e-01, test_acc: 6.239e-01, test_nll: 1.085e+00)
[2023-04-08 07:47:56] [Epoch    15/  200] trn/loss 8.880e-01, trn/lr 9.871e-03, val/acc 6.171e-01, val/nll 1.101e+00
[2023-04-08 07:48:23] [Epoch    16/  200] trn/loss 8.561e-01, trn/lr 9.853e-03, val/acc 6.063e-01, val/nll 1.201e+00
[2023-04-08 07:48:53] [Epoch    17/  200] trn/loss 8.217e-01, trn/lr 9.833e-03, val/acc 6.775e-01, val/nll 9.201e-01 (best_acc: 6.262e-01 -> 6.775e-01, test_acc: 6.722e-01, test_nll: 9.417e-01)
[2023-04-08 07:49:24] [Epoch    18/  200] trn/loss 7.850e-01, trn/lr 9.812e-03, val/acc 7.023e-01, val/nll 8.665e-01 (best_acc: 6.775e-01 -> 7.023e-01, test_acc: 6.984e-01, test_nll: 8.739e-01)
[2023-04-08 07:49:51] [Epoch    19/  200] trn/loss 7.618e-01, trn/lr 9.790e-03, val/acc 6.373e-01, val/nll 1.160e+00
[2023-04-08 07:50:18] [Epoch    20/  200] trn/loss 7.337e-01, trn/lr 9.767e-03, val/acc 6.787e-01, val/nll 9.437e-01
[2023-04-08 07:50:48] [Epoch    21/  200] trn/loss 7.017e-01, trn/lr 9.743e-03, val/acc 7.170e-01, val/nll 8.244e-01 (best_acc: 7.023e-01 -> 7.170e-01, test_acc: 7.152e-01, test_nll: 8.311e-01)
[2023-04-08 07:51:16] [Epoch    22/  200] trn/loss 6.788e-01, trn/lr 9.718e-03, val/acc 6.898e-01, val/nll 9.058e-01
[2023-04-08 07:51:47] [Epoch    23/  200] trn/loss 6.532e-01, trn/lr 9.691e-03, val/acc 7.291e-01, val/nll 7.939e-01 (best_acc: 7.170e-01 -> 7.291e-01, test_acc: 7.208e-01, test_nll: 8.178e-01)
[2023-04-08 07:52:14] [Epoch    24/  200] trn/loss 6.261e-01, trn/lr 9.663e-03, val/acc 6.894e-01, val/nll 1.058e+00
[2023-04-08 07:52:44] [Epoch    25/  200] trn/loss 6.020e-01, trn/lr 9.634e-03, val/acc 7.342e-01, val/nll 7.761e-01 (best_acc: 7.291e-01 -> 7.342e-01, test_acc: 7.406e-01, test_nll: 7.699e-01)
[2023-04-08 07:53:11] [Epoch    26/  200] trn/loss 5.811e-01, trn/lr 9.604e-03, val/acc 7.012e-01, val/nll 9.670e-01
[2023-04-08 07:53:38] [Epoch    27/  200] trn/loss 5.579e-01, trn/lr 9.573e-03, val/acc 7.334e-01, val/nll 7.908e-01
[2023-04-08 07:54:05] [Epoch    28/  200] trn/loss 5.376e-01, trn/lr 9.541e-03, val/acc 6.845e-01, val/nll 9.869e-01
[2023-04-08 07:54:36] [Epoch    29/  200] trn/loss 5.157e-01, trn/lr 9.507e-03, val/acc 7.552e-01, val/nll 7.305e-01 (best_acc: 7.342e-01 -> 7.552e-01, test_acc: 7.553e-01, test_nll: 7.333e-01)
[2023-04-08 07:55:06] [Epoch    30/  200] trn/loss 4.968e-01, trn/lr 9.473e-03, val/acc 7.655e-01, val/nll 6.891e-01 (best_acc: 7.552e-01 -> 7.655e-01, test_acc: 7.644e-01, test_nll: 6.912e-01)
[2023-04-08 07:55:37] [Epoch    31/  200] trn/loss 4.826e-01, trn/lr 9.437e-03, val/acc 7.731e-01, val/nll 6.931e-01 (best_acc: 7.655e-01 -> 7.731e-01, test_acc: 7.716e-01, test_nll: 6.953e-01)
[2023-04-08 07:56:04] [Epoch    32/  200] trn/loss 4.606e-01, trn/lr 9.400e-03, val/acc 7.573e-01, val/nll 7.541e-01
[2023-04-08 07:56:31] [Epoch    33/  200] trn/loss 4.427e-01, trn/lr 9.363e-03, val/acc 7.518e-01, val/nll 7.815e-01
[2023-04-08 07:56:58] [Epoch    34/  200] trn/loss 4.326e-01, trn/lr 9.324e-03, val/acc 7.525e-01, val/nll 7.733e-01
[2023-04-08 07:57:25] [Epoch    35/  200] trn/loss 4.155e-01, trn/lr 9.284e-03, val/acc 7.676e-01, val/nll 7.190e-01
[2023-04-08 07:57:56] [Epoch    36/  200] trn/loss 4.018e-01, trn/lr 9.243e-03, val/acc 7.945e-01, val/nll 6.450e-01 (best_acc: 7.731e-01 -> 7.945e-01, test_acc: 7.874e-01, test_nll: 6.490e-01)
[2023-04-08 07:58:23] [Epoch    37/  200] trn/loss 3.903e-01, trn/lr 9.201e-03, val/acc 7.942e-01, val/nll 6.378e-01
[2023-04-08 07:58:50] [Epoch    38/  200] trn/loss 3.739e-01, trn/lr 9.157e-03, val/acc 7.103e-01, val/nll 1.010e+00
[2023-04-08 07:59:20] [Epoch    39/  200] trn/loss 3.616e-01, trn/lr 9.113e-03, val/acc 8.243e-01, val/nll 5.557e-01 (best_acc: 7.945e-01 -> 8.243e-01, test_acc: 8.162e-01, test_nll: 5.613e-01)
[2023-04-08 07:59:47] [Epoch    40/  200] trn/loss 3.461e-01, trn/lr 9.068e-03, val/acc 7.686e-01, val/nll 7.301e-01
[2023-04-08 08:00:14] [Epoch    41/  200] trn/loss 3.417e-01, trn/lr 9.022e-03, val/acc 8.107e-01, val/nll 5.837e-01
[2023-04-08 08:00:41] [Epoch    42/  200] trn/loss 3.218e-01, trn/lr 8.975e-03, val/acc 7.775e-01, val/nll 7.708e-01
[2023-04-08 08:01:08] [Epoch    43/  200] trn/loss 3.145e-01, trn/lr 8.927e-03, val/acc 8.164e-01, val/nll 5.772e-01
[2023-04-08 08:01:39] [Epoch    44/  200] trn/loss 3.043e-01, trn/lr 8.878e-03, val/acc 8.277e-01, val/nll 5.326e-01 (best_acc: 8.243e-01 -> 8.277e-01, test_acc: 8.293e-01, test_nll: 5.271e-01)
[2023-04-08 08:02:09] [Epoch    45/  200] trn/loss 2.926e-01, trn/lr 8.828e-03, val/acc 8.332e-01, val/nll 5.233e-01 (best_acc: 8.277e-01 -> 8.332e-01, test_acc: 8.325e-01, test_nll: 5.283e-01)
[2023-04-08 08:02:36] [Epoch    46/  200] trn/loss 2.795e-01, trn/lr 8.777e-03, val/acc 7.488e-01, val/nll 8.714e-01
[2023-04-08 08:03:03] [Epoch    47/  200] trn/loss 2.738e-01, trn/lr 8.725e-03, val/acc 8.025e-01, val/nll 6.462e-01
[2023-04-08 08:03:30] [Epoch    48/  200] trn/loss 2.638e-01, trn/lr 8.672e-03, val/acc 8.271e-01, val/nll 5.854e-01
[2023-04-08 08:03:57] [Epoch    49/  200] trn/loss 2.567e-01, trn/lr 8.618e-03, val/acc 8.314e-01, val/nll 5.535e-01
[2023-04-08 08:04:24] [Epoch    50/  200] trn/loss 2.492e-01, trn/lr 8.563e-03, val/acc 8.197e-01, val/nll 5.698e-01
[2023-04-08 08:04:52] [Epoch    51/  200] trn/loss 2.349e-01, trn/lr 8.508e-03, val/acc 8.154e-01, val/nll 6.026e-01
[2023-04-08 08:05:19] [Epoch    52/  200] trn/loss 2.303e-01, trn/lr 8.451e-03, val/acc 7.983e-01, val/nll 6.732e-01
[2023-04-08 08:05:46] [Epoch    53/  200] trn/loss 2.221e-01, trn/lr 8.394e-03, val/acc 8.313e-01, val/nll 5.384e-01
[2023-04-08 08:06:17] [Epoch    54/  200] trn/loss 2.118e-01, trn/lr 8.336e-03, val/acc 8.506e-01, val/nll 4.770e-01 (best_acc: 8.332e-01 -> 8.506e-01, test_acc: 8.424e-01, test_nll: 5.057e-01)
[2023-04-08 08:06:44] [Epoch    55/  200] trn/loss 2.003e-01, trn/lr 8.277e-03, val/acc 8.249e-01, val/nll 5.907e-01
[2023-04-08 08:07:11] [Epoch    56/  200] trn/loss 1.969e-01, trn/lr 8.217e-03, val/acc 7.739e-01, val/nll 8.353e-01
[2023-04-08 08:07:38] [Epoch    57/  200] trn/loss 1.900e-01, trn/lr 8.157e-03, val/acc 8.190e-01, val/nll 6.179e-01
[2023-04-08 08:08:05] [Epoch    58/  200] trn/loss 1.894e-01, trn/lr 8.096e-03, val/acc 8.123e-01, val/nll 6.680e-01
[2023-04-08 08:08:32] [Epoch    59/  200] trn/loss 1.781e-01, trn/lr 8.034e-03, val/acc 8.046e-01, val/nll 6.705e-01
[2023-04-08 08:08:59] [Epoch    60/  200] trn/loss 1.669e-01, trn/lr 7.971e-03, val/acc 8.038e-01, val/nll 6.913e-01
[2023-04-08 08:09:26] [Epoch    61/  200] trn/loss 1.595e-01, trn/lr 7.907e-03, val/acc 8.233e-01, val/nll 6.233e-01
[2023-04-08 08:09:53] [Epoch    62/  200] trn/loss 1.531e-01, trn/lr 7.843e-03, val/acc 8.397e-01, val/nll 5.585e-01
[2023-04-08 08:10:20] [Epoch    63/  200] trn/loss 1.527e-01, trn/lr 7.778e-03, val/acc 8.435e-01, val/nll 5.155e-01
[2023-04-08 08:10:47] [Epoch    64/  200] trn/loss 1.429e-01, trn/lr 7.712e-03, val/acc 8.477e-01, val/nll 5.040e-01
[2023-04-08 08:11:14] [Epoch    65/  200] trn/loss 1.383e-01, trn/lr 7.646e-03, val/acc 8.390e-01, val/nll 5.489e-01
[2023-04-08 08:11:42] [Epoch    66/  200] trn/loss 1.356e-01, trn/lr 7.579e-03, val/acc 8.494e-01, val/nll 5.065e-01
[2023-04-08 08:12:12] [Epoch    67/  200] trn/loss 1.307e-01, trn/lr 7.512e-03, val/acc 8.553e-01, val/nll 4.936e-01 (best_acc: 8.506e-01 -> 8.553e-01, test_acc: 8.516e-01, test_nll: 5.011e-01)
[2023-04-08 08:12:39] [Epoch    68/  200] trn/loss 1.286e-01, trn/lr 7.443e-03, val/acc 8.412e-01, val/nll 5.377e-01
[2023-04-08 08:13:06] [Epoch    69/  200] trn/loss 1.208e-01, trn/lr 7.374e-03, val/acc 8.533e-01, val/nll 4.771e-01
[2023-04-08 08:13:33] [Epoch    70/  200] trn/loss 1.118e-01, trn/lr 7.305e-03, val/acc 8.452e-01, val/nll 5.155e-01
[2023-04-08 08:14:00] [Epoch    71/  200] trn/loss 1.179e-01, trn/lr 7.235e-03, val/acc 8.395e-01, val/nll 5.649e-01
[2023-04-08 08:14:27] [Epoch    72/  200] trn/loss 1.058e-01, trn/lr 7.165e-03, val/acc 8.327e-01, val/nll 6.302e-01
[2023-04-08 08:14:54] [Epoch    73/  200] trn/loss 1.021e-01, trn/lr 7.093e-03, val/acc 8.427e-01, val/nll 5.685e-01
[2023-04-08 08:15:21] [Epoch    74/  200] trn/loss 9.432e-02, trn/lr 7.022e-03, val/acc 8.147e-01, val/nll 6.787e-01
[2023-04-08 08:15:48] [Epoch    75/  200] trn/loss 9.088e-02, trn/lr 6.950e-03, val/acc 8.486e-01, val/nll 5.363e-01
[2023-04-08 08:16:15] [Epoch    76/  200] trn/loss 8.587e-02, trn/lr 6.877e-03, val/acc 8.427e-01, val/nll 5.588e-01
[2023-04-08 08:16:42] [Epoch    77/  200] trn/loss 7.920e-02, trn/lr 6.804e-03, val/acc 8.485e-01, val/nll 5.609e-01
[2023-04-08 08:17:12] [Epoch    78/  200] trn/loss 7.886e-02, trn/lr 6.731e-03, val/acc 8.659e-01, val/nll 4.591e-01 (best_acc: 8.553e-01 -> 8.659e-01, test_acc: 8.628e-01, test_nll: 4.797e-01)
[2023-04-08 08:17:43] [Epoch    79/  200] trn/loss 8.247e-02, trn/lr 6.657e-03, val/acc 8.748e-01, val/nll 4.200e-01 (best_acc: 8.659e-01 -> 8.748e-01, test_acc: 8.741e-01, test_nll: 4.457e-01)
[2023-04-08 08:18:10] [Epoch    80/  200] trn/loss 7.411e-02, trn/lr 6.583e-03, val/acc 8.721e-01, val/nll 4.466e-01
[2023-04-08 08:18:37] [Epoch    81/  200] trn/loss 6.822e-02, trn/lr 6.508e-03, val/acc 8.531e-01, val/nll 5.335e-01
[2023-04-08 08:19:04] [Epoch    82/  200] trn/loss 6.387e-02, trn/lr 6.433e-03, val/acc 8.639e-01, val/nll 4.840e-01
[2023-04-08 08:19:31] [Epoch    83/  200] trn/loss 6.309e-02, trn/lr 6.357e-03, val/acc 8.727e-01, val/nll 4.290e-01
[2023-04-08 08:19:58] [Epoch    84/  200] trn/loss 6.093e-02, trn/lr 6.282e-03, val/acc 8.677e-01, val/nll 4.620e-01
[2023-04-08 08:20:25] [Epoch    85/  200] trn/loss 5.737e-02, trn/lr 6.206e-03, val/acc 8.415e-01, val/nll 5.751e-01
[2023-04-08 08:20:52] [Epoch    86/  200] trn/loss 5.411e-02, trn/lr 6.129e-03, val/acc 8.540e-01, val/nll 5.285e-01
[2023-04-08 08:21:19] [Epoch    87/  200] trn/loss 5.074e-02, trn/lr 6.053e-03, val/acc 8.736e-01, val/nll 4.424e-01
[2023-04-08 08:21:47] [Epoch    88/  200] trn/loss 5.172e-02, trn/lr 5.976e-03, val/acc 8.709e-01, val/nll 4.494e-01
[2023-04-08 08:22:14] [Epoch    89/  200] trn/loss 5.467e-02, trn/lr 5.899e-03, val/acc 8.633e-01, val/nll 4.809e-01
[2023-04-08 08:22:44] [Epoch    90/  200] trn/loss 4.263e-02, trn/lr 5.821e-03, val/acc 8.841e-01, val/nll 3.976e-01 (best_acc: 8.748e-01 -> 8.841e-01, test_acc: 8.806e-01, test_nll: 4.225e-01)
[2023-04-08 08:23:15] [Epoch    91/  200] trn/loss 4.089e-02, trn/lr 5.744e-03, val/acc 8.912e-01, val/nll 3.896e-01 (best_acc: 8.841e-01 -> 8.912e-01, test_acc: 8.801e-01, test_nll: 4.179e-01)
[2023-04-08 08:23:42] [Epoch    92/  200] trn/loss 3.783e-02, trn/lr 5.666e-03, val/acc 8.706e-01, val/nll 4.584e-01
[2023-04-08 08:24:09] [Epoch    93/  200] trn/loss 3.351e-02, trn/lr 5.588e-03, val/acc 8.748e-01, val/nll 4.499e-01
[2023-04-08 08:24:36] [Epoch    94/  200] trn/loss 3.158e-02, trn/lr 5.510e-03, val/acc 8.794e-01, val/nll 4.183e-01
[2023-04-08 08:25:03] [Epoch    95/  200] trn/loss 3.151e-02, trn/lr 5.432e-03, val/acc 8.493e-01, val/nll 5.622e-01
[2023-04-08 08:25:30] [Epoch    96/  200] trn/loss 3.162e-02, trn/lr 5.353e-03, val/acc 8.876e-01, val/nll 4.003e-01
[2023-04-08 08:25:57] [Epoch    97/  200] trn/loss 2.838e-02, trn/lr 5.275e-03, val/acc 8.876e-01, val/nll 3.858e-01
[2023-04-08 08:26:24] [Epoch    98/  200] trn/loss 2.683e-02, trn/lr 5.197e-03, val/acc 8.893e-01, val/nll 3.717e-01
[2023-04-08 08:26:51] [Epoch    99/  200] trn/loss 2.640e-02, trn/lr 5.118e-03, val/acc 8.890e-01, val/nll 3.927e-01
[2023-04-08 08:27:18] [Epoch   100/  200] trn/loss 2.464e-02, trn/lr 5.040e-03, val/acc 8.697e-01, val/nll 4.592e-01
[2023-04-08 08:27:45] [Epoch   101/  200] trn/loss 2.516e-02, trn/lr 4.961e-03, val/acc 8.704e-01, val/nll 4.448e-01
[2023-04-08 08:28:16] [Epoch   102/  200] trn/loss 2.082e-02, trn/lr 4.882e-03, val/acc 8.962e-01, val/nll 3.575e-01 (best_acc: 8.912e-01 -> 8.962e-01, test_acc: 8.921e-01, test_nll: 3.783e-01)
[2023-04-08 08:28:43] [Epoch   103/  200] trn/loss 1.926e-02, trn/lr 4.804e-03, val/acc 8.877e-01, val/nll 3.822e-01
[2023-04-08 08:29:10] [Epoch   104/  200] trn/loss 1.920e-02, trn/lr 4.725e-03, val/acc 8.951e-01, val/nll 3.607e-01
[2023-04-08 08:29:37] [Epoch   105/  200] trn/loss 1.802e-02, trn/lr 4.647e-03, val/acc 8.930e-01, val/nll 3.688e-01
[2023-04-08 08:30:04] [Epoch   106/  200] trn/loss 1.612e-02, trn/lr 4.569e-03, val/acc 8.947e-01, val/nll 3.704e-01
[2023-04-08 08:30:35] [Epoch   107/  200] trn/loss 1.607e-02, trn/lr 4.491e-03, val/acc 9.006e-01, val/nll 3.294e-01 (best_acc: 8.962e-01 -> 9.006e-01, test_acc: 8.977e-01, test_nll: 3.515e-01)
[2023-04-08 08:31:02] [Epoch   108/  200] trn/loss 1.587e-02, trn/lr 4.413e-03, val/acc 8.855e-01, val/nll 4.082e-01
[2023-04-08 08:31:32] [Epoch   109/  200] trn/loss 1.453e-02, trn/lr 4.335e-03, val/acc 9.024e-01, val/nll 3.340e-01 (best_acc: 9.006e-01 -> 9.024e-01, test_acc: 8.995e-01, test_nll: 3.542e-01)
[2023-04-08 08:31:59] [Epoch   110/  200] trn/loss 1.534e-02, trn/lr 4.257e-03, val/acc 8.972e-01, val/nll 3.511e-01
[2023-04-08 08:32:26] [Epoch   111/  200] trn/loss 1.369e-02, trn/lr 4.179e-03, val/acc 9.017e-01, val/nll 3.326e-01
[2023-04-08 08:32:53] [Epoch   112/  200] trn/loss 1.343e-02, trn/lr 4.102e-03, val/acc 9.019e-01, val/nll 3.419e-01
[2023-04-08 08:33:20] [Epoch   113/  200] trn/loss 1.339e-02, trn/lr 4.025e-03, val/acc 9.024e-01, val/nll 3.449e-01
[2023-04-08 08:33:47] [Epoch   114/  200] trn/loss 1.274e-02, trn/lr 3.948e-03, val/acc 8.980e-01, val/nll 3.540e-01
[2023-04-08 08:34:14] [Epoch   115/  200] trn/loss 1.226e-02, trn/lr 3.871e-03, val/acc 8.998e-01, val/nll 3.307e-01
[2023-04-08 08:34:41] [Epoch   116/  200] trn/loss 1.219e-02, trn/lr 3.795e-03, val/acc 9.018e-01, val/nll 3.353e-01
[2023-04-08 08:35:12] [Epoch   117/  200] trn/loss 1.163e-02, trn/lr 3.719e-03, val/acc 9.079e-01, val/nll 3.234e-01 (best_acc: 9.024e-01 -> 9.079e-01, test_acc: 8.989e-01, test_nll: 3.401e-01)
[2023-04-08 08:35:39] [Epoch   118/  200] trn/loss 1.124e-02, trn/lr 3.643e-03, val/acc 9.039e-01, val/nll 3.197e-01
[2023-04-08 08:36:06] [Epoch   119/  200] trn/loss 1.161e-02, trn/lr 3.568e-03, val/acc 9.009e-01, val/nll 3.313e-01
[2023-04-08 08:36:33] [Epoch   120/  200] trn/loss 1.112e-02, trn/lr 3.493e-03, val/acc 9.032e-01, val/nll 3.318e-01
[2023-04-08 08:37:00] [Epoch   121/  200] trn/loss 1.105e-02, trn/lr 3.418e-03, val/acc 9.052e-01, val/nll 3.240e-01
[2023-04-08 08:37:27] [Epoch   122/  200] trn/loss 1.124e-02, trn/lr 3.344e-03, val/acc 9.031e-01, val/nll 3.261e-01
[2023-04-08 08:37:54] [Epoch   123/  200] trn/loss 1.146e-02, trn/lr 3.270e-03, val/acc 9.056e-01, val/nll 3.178e-01
[2023-04-08 08:38:21] [Epoch   124/  200] trn/loss 1.050e-02, trn/lr 3.196e-03, val/acc 9.058e-01, val/nll 3.235e-01
[2023-04-08 08:38:48] [Epoch   125/  200] trn/loss 1.055e-02, trn/lr 3.123e-03, val/acc 9.015e-01, val/nll 3.296e-01
[2023-04-08 08:39:15] [Epoch   126/  200] trn/loss 1.096e-02, trn/lr 3.051e-03, val/acc 8.999e-01, val/nll 3.432e-01
[2023-04-08 08:39:42] [Epoch   127/  200] trn/loss 1.046e-02, trn/lr 2.979e-03, val/acc 9.030e-01, val/nll 3.197e-01
[2023-04-08 08:40:09] [Epoch   128/  200] trn/loss 1.117e-02, trn/lr 2.907e-03, val/acc 9.049e-01, val/nll 3.209e-01
[2023-04-08 08:40:36] [Epoch   129/  200] trn/loss 1.075e-02, trn/lr 2.836e-03, val/acc 9.063e-01, val/nll 3.174e-01
[2023-04-08 08:41:04] [Epoch   130/  200] trn/loss 1.054e-02, trn/lr 2.765e-03, val/acc 9.059e-01, val/nll 3.151e-01
[2023-04-08 08:41:31] [Epoch   131/  200] trn/loss 1.087e-02, trn/lr 2.695e-03, val/acc 9.056e-01, val/nll 3.236e-01
[2023-04-08 08:41:58] [Epoch   132/  200] trn/loss 1.041e-02, trn/lr 2.626e-03, val/acc 9.073e-01, val/nll 3.122e-01
[2023-04-08 08:42:25] [Epoch   133/  200] trn/loss 1.054e-02, trn/lr 2.557e-03, val/acc 9.041e-01, val/nll 3.256e-01
[2023-04-08 08:42:52] [Epoch   134/  200] trn/loss 1.093e-02, trn/lr 2.489e-03, val/acc 9.062e-01, val/nll 3.163e-01
[2023-04-08 08:43:19] [Epoch   135/  200] trn/loss 1.071e-02, trn/lr 2.421e-03, val/acc 9.039e-01, val/nll 3.214e-01
[2023-04-08 08:43:46] [Epoch   136/  200] trn/loss 1.036e-02, trn/lr 2.354e-03, val/acc 9.020e-01, val/nll 3.184e-01
[2023-04-08 08:44:13] [Epoch   137/  200] trn/loss 1.071e-02, trn/lr 2.288e-03, val/acc 9.072e-01, val/nll 3.162e-01
[2023-04-08 08:44:40] [Epoch   138/  200] trn/loss 1.034e-02, trn/lr 2.222e-03, val/acc 9.063e-01, val/nll 3.177e-01
[2023-04-08 08:45:07] [Epoch   139/  200] trn/loss 1.046e-02, trn/lr 2.157e-03, val/acc 9.069e-01, val/nll 3.154e-01
[2023-04-08 08:45:34] [Epoch   140/  200] trn/loss 9.957e-03, trn/lr 2.093e-03, val/acc 9.072e-01, val/nll 3.143e-01
[2023-04-08 08:46:05] [Epoch   141/  200] trn/loss 1.037e-02, trn/lr 2.030e-03, val/acc 9.092e-01, val/nll 3.125e-01 (best_acc: 9.079e-01 -> 9.092e-01, test_acc: 9.023e-01, test_nll: 3.290e-01)
[2023-04-08 08:46:32] [Epoch   142/  200] trn/loss 1.004e-02, trn/lr 1.967e-03, val/acc 9.084e-01, val/nll 3.131e-01
[2023-04-08 08:46:59] [Epoch   143/  200] trn/loss 1.011e-02, trn/lr 1.905e-03, val/acc 9.075e-01, val/nll 3.136e-01
[2023-04-08 08:47:26] [Epoch   144/  200] trn/loss 1.004e-02, trn/lr 1.843e-03, val/acc 9.071e-01, val/nll 3.158e-01
[2023-04-08 08:47:53] [Epoch   145/  200] trn/loss 1.021e-02, trn/lr 1.783e-03, val/acc 9.075e-01, val/nll 3.131e-01
[2023-04-08 08:48:20] [Epoch   146/  200] trn/loss 1.001e-02, trn/lr 1.723e-03, val/acc 9.072e-01, val/nll 3.117e-01
[2023-04-08 08:48:47] [Epoch   147/  200] trn/loss 9.880e-03, trn/lr 1.664e-03, val/acc 9.065e-01, val/nll 3.111e-01
[2023-04-08 08:49:14] [Epoch   148/  200] trn/loss 1.011e-02, trn/lr 1.606e-03, val/acc 9.066e-01, val/nll 3.123e-01
[2023-04-08 08:49:41] [Epoch   149/  200] trn/loss 1.020e-02, trn/lr 1.549e-03, val/acc 9.062e-01, val/nll 3.125e-01
[2023-04-08 08:50:08] [Epoch   150/  200] trn/loss 1.006e-02, trn/lr 1.493e-03, val/acc 9.092e-01, val/nll 3.109e-01
[2023-04-08 08:50:35] [Epoch   151/  200] trn/loss 9.964e-03, trn/lr 1.437e-03, val/acc 9.081e-01, val/nll 3.108e-01
[2023-04-08 08:51:03] [Epoch   152/  200] trn/loss 9.790e-03, trn/lr 1.382e-03, val/acc 9.086e-01, val/nll 3.112e-01
[2023-04-08 08:51:30] [Epoch   153/  200] trn/loss 9.775e-03, trn/lr 1.329e-03, val/acc 9.063e-01, val/nll 3.125e-01
[2023-04-08 08:51:57] [Epoch   154/  200] trn/loss 1.001e-02, trn/lr 1.276e-03, val/acc 9.056e-01, val/nll 3.153e-01
[2023-04-08 08:52:24] [Epoch   155/  200] trn/loss 1.023e-02, trn/lr 1.224e-03, val/acc 9.065e-01, val/nll 3.126e-01
[2023-04-08 08:52:51] [Epoch   156/  200] trn/loss 9.960e-03, trn/lr 1.173e-03, val/acc 9.069e-01, val/nll 3.126e-01
[2023-04-08 08:53:18] [Epoch   157/  200] trn/loss 1.002e-02, trn/lr 1.123e-03, val/acc 9.074e-01, val/nll 3.137e-01
[2023-04-08 08:53:45] [Epoch   158/  200] trn/loss 9.815e-03, trn/lr 1.074e-03, val/acc 9.062e-01, val/nll 3.120e-01
[2023-04-08 08:54:12] [Epoch   159/  200] trn/loss 9.800e-03, trn/lr 1.025e-03, val/acc 9.072e-01, val/nll 3.123e-01
[2023-04-08 08:54:39] [Epoch   160/  200] trn/loss 1.003e-02, trn/lr 9.783e-04, val/acc 9.079e-01, val/nll 3.133e-01
[2023-04-08 08:55:06] [Epoch   161/  200] trn/loss 9.919e-03, trn/lr 9.321e-04, val/acc 9.067e-01, val/nll 3.110e-01
[2023-04-08 08:55:33] [Epoch   162/  200] trn/loss 9.910e-03, trn/lr 8.870e-04, val/acc 9.064e-01, val/nll 3.115e-01
[2023-04-08 08:56:00] [Epoch   163/  200] trn/loss 9.882e-03, trn/lr 8.428e-04, val/acc 9.063e-01, val/nll 3.106e-01
[2023-04-08 08:56:27] [Epoch   164/  200] trn/loss 9.984e-03, trn/lr 7.997e-04, val/acc 9.081e-01, val/nll 3.111e-01
[2023-04-08 08:56:54] [Epoch   165/  200] trn/loss 9.748e-03, trn/lr 7.576e-04, val/acc 9.083e-01, val/nll 3.093e-01
[2023-04-08 08:57:21] [Epoch   166/  200] trn/loss 9.726e-03, trn/lr 7.166e-04, val/acc 9.071e-01, val/nll 3.097e-01
[2023-04-08 08:57:48] [Epoch   167/  200] trn/loss 9.971e-03, trn/lr 6.766e-04, val/acc 9.080e-01, val/nll 3.100e-01
[2023-04-08 08:58:15] [Epoch   168/  200] trn/loss 9.757e-03, trn/lr 6.377e-04, val/acc 9.085e-01, val/nll 3.111e-01
[2023-04-08 08:58:42] [Epoch   169/  200] trn/loss 9.718e-03, trn/lr 5.998e-04, val/acc 9.079e-01, val/nll 3.108e-01
[2023-04-08 08:59:09] [Epoch   170/  200] trn/loss 9.675e-03, trn/lr 5.631e-04, val/acc 9.077e-01, val/nll 3.076e-01
[2023-04-08 08:59:37] [Epoch   171/  200] trn/loss 9.813e-03, trn/lr 5.274e-04, val/acc 9.069e-01, val/nll 3.100e-01
[2023-04-08 09:00:04] [Epoch   172/  200] trn/loss 9.885e-03, trn/lr 4.929e-04, val/acc 9.083e-01, val/nll 3.086e-01
[2023-04-08 09:00:31] [Epoch   173/  200] trn/loss 9.924e-03, trn/lr 4.594e-04, val/acc 9.084e-01, val/nll 3.083e-01
[2023-04-08 09:00:58] [Epoch   174/  200] trn/loss 9.962e-03, trn/lr 4.271e-04, val/acc 9.081e-01, val/nll 3.094e-01
[2023-04-08 09:01:25] [Epoch   175/  200] trn/loss 9.652e-03, trn/lr 3.959e-04, val/acc 9.076e-01, val/nll 3.096e-01
[2023-04-08 09:01:52] [Epoch   176/  200] trn/loss 9.608e-03, trn/lr 3.659e-04, val/acc 9.091e-01, val/nll 3.095e-01
[2023-04-08 09:02:19] [Epoch   177/  200] trn/loss 9.752e-03, trn/lr 3.369e-04, val/acc 9.074e-01, val/nll 3.101e-01
[2023-04-08 09:02:46] [Epoch   178/  200] trn/loss 9.840e-03, trn/lr 3.092e-04, val/acc 9.073e-01, val/nll 3.081e-01
[2023-04-08 09:03:13] [Epoch   179/  200] trn/loss 9.821e-03, trn/lr 2.826e-04, val/acc 9.083e-01, val/nll 3.089e-01
[2023-04-08 09:03:40] [Epoch   180/  200] trn/loss 9.796e-03, trn/lr 2.571e-04, val/acc 9.076e-01, val/nll 3.077e-01
[2023-04-08 09:04:07] [Epoch   181/  200] trn/loss 9.690e-03, trn/lr 2.329e-04, val/acc 9.071e-01, val/nll 3.114e-01
[2023-04-08 09:04:34] [Epoch   182/  200] trn/loss 9.609e-03, trn/lr 2.098e-04, val/acc 9.077e-01, val/nll 3.117e-01
[2023-04-08 09:05:01] [Epoch   183/  200] trn/loss 9.699e-03, trn/lr 1.878e-04, val/acc 9.073e-01, val/nll 3.075e-01
[2023-04-08 09:05:28] [Epoch   184/  200] trn/loss 9.664e-03, trn/lr 1.671e-04, val/acc 9.080e-01, val/nll 3.094e-01
[2023-04-08 09:05:55] [Epoch   185/  200] trn/loss 9.740e-03, trn/lr 1.476e-04, val/acc 9.085e-01, val/nll 3.102e-01
[2023-04-08 09:06:22] [Epoch   186/  200] trn/loss 9.544e-03, trn/lr 1.292e-04, val/acc 9.086e-01, val/nll 3.084e-01
[2023-04-08 09:06:49] [Epoch   187/  200] trn/loss 9.880e-03, trn/lr 1.121e-04, val/acc 9.067e-01, val/nll 3.098e-01
[2023-04-08 09:07:16] [Epoch   188/  200] trn/loss 9.670e-03, trn/lr 9.617e-05, val/acc 9.077e-01, val/nll 3.089e-01
[2023-04-08 09:07:43] [Epoch   189/  200] trn/loss 9.575e-03, trn/lr 8.145e-05, val/acc 9.075e-01, val/nll 3.083e-01
[2023-04-08 09:08:10] [Epoch   190/  200] trn/loss 9.758e-03, trn/lr 6.794e-05, val/acc 9.084e-01, val/nll 3.081e-01
[2023-04-08 09:08:37] [Epoch   191/  200] trn/loss 9.614e-03, trn/lr 5.565e-05, val/acc 9.069e-01, val/nll 3.080e-01
[2023-04-08 09:09:05] [Epoch   192/  200] trn/loss 9.712e-03, trn/lr 4.458e-05, val/acc 9.083e-01, val/nll 3.079e-01
[2023-04-08 09:09:32] [Epoch   193/  200] trn/loss 9.826e-03, trn/lr 3.474e-05, val/acc 9.080e-01, val/nll 3.080e-01
[2023-04-08 09:09:59] [Epoch   194/  200] trn/loss 9.798e-03, trn/lr 2.612e-05, val/acc 9.070e-01, val/nll 3.078e-01
[2023-04-08 09:10:26] [Epoch   195/  200] trn/loss 9.737e-03, trn/lr 1.872e-05, val/acc 9.075e-01, val/nll 3.089e-01
[2023-04-08 09:10:53] [Epoch   196/  200] trn/loss 9.513e-03, trn/lr 1.255e-05, val/acc 9.072e-01, val/nll 3.084e-01
[2023-04-08 09:11:20] [Epoch   197/  200] trn/loss 9.510e-03, trn/lr 7.619e-06, val/acc 9.085e-01, val/nll 3.080e-01
[2023-04-08 09:11:47] [Epoch   198/  200] trn/loss 9.854e-03, trn/lr 3.916e-06, val/acc 9.075e-01, val/nll 3.084e-01
[2023-04-08 09:12:14] [Epoch   199/  200] trn/loss 9.607e-03, trn/lr 1.445e-06, val/acc 9.077e-01, val/nll 3.092e-01
[2023-04-08 09:12:42] [Epoch   200/  200] trn/loss 9.877e-03, trn/lr 2.075e-07, val/acc 9.066e-01, val/nll 3.092e-01
