[2023-02-11 14:19:54] Environments:
------------  ------------------------------------------------------------
sys.platform  linux
Python        3.8.10 (default, Nov 14 2022, 12:59:47) [GCC 9.4.0]
JAX           0.4.2 @/home/giung/.local/lib/python3.8/site-packages/jax
jaxlib        0.4.2 @/home/giung/.local/lib/python3.8/site-packages/jaxlib
Flax          0.6.4 @/home/giung/.local/lib/python3.8/site-packages/flax
Optax         0.1.4 @/home/giung/.local/lib/python3.8/site-packages/optax
------------  ------------------------------------------------------------

[2023-02-11 14:19:54] Command line arguments:
- args.data_root          : ./data/
- args.data_name          : CIFAR10_x32
- args.data_augmentation  : standard
- args.data_proportional  : 1.0
- args.model_depth        : 20
- args.model_width        : 4
- args.model_style        : BN-ReLU
- args.optim_bs           : 256
- args.optim_ne           : 200
- args.optim_lr           : 1.0
- args.optim_b1           : 0.99
- args.optim_b2           : 0.999
- args.optim_eps          : 0.1
- args.optim_weight_decay : 0.003
- args.rho                : 0.03
- args.num_data_factor    : 1.0
- args.save               : /home/giung/giung2-dev/projects/sam/save/CIFAR10_x32/R20x4-BN-ReLU/BayesSAM/bs-0256_ne-0200_lr-1.00_b1-0.990_b2-0.999_wd-0.0030_eps-1e-1_rho-0.0300_factor-1.0_fp32/42
- args.seed               : 42
- args.precision          : fp32

[2023-02-11 14:20:09] Multiple local devices are detected:
[TpuDevice(id=0, process_index=0, coords=(0,0,0), core_on_chip=0), TpuDevice(id=1, process_index=0, coords=(0,0,0), core_on_chip=1), TpuDevice(id=2, process_index=0, coords=(1,0,0), core_on_chip=0), TpuDevice(id=3, process_index=0, coords=(1,0,0), core_on_chip=1), TpuDevice(id=4, process_index=0, coords=(0,1,0), core_on_chip=0), TpuDevice(id=5, process_index=0, coords=(0,1,0), core_on_chip=1), TpuDevice(id=6, process_index=0, coords=(1,1,0), core_on_chip=0), TpuDevice(id=7, process_index=0, coords=(1,1,0), core_on_chip=1)]

[2023-02-11 14:21:21] [Epoch     1/  200] trn/loss 2.048e+00, trn/lr 1.000e+00, trn/scale 9.324e-01, val/acc 3.579e-01, val/nll 1.712e+00 (best_acc: 0.000e+00 -> 3.579e-01, test_acc: 3.644e-01, test_nll: 1.705e+00)
[2023-02-11 14:21:30] [Epoch     2/  200] trn/loss 1.515e+00, trn/lr 9.999e-01, trn/scale 8.098e-01, val/acc 5.159e-01, val/nll 1.330e+00 (best_acc: 3.579e-01 -> 5.159e-01, test_acc: 5.177e-01, test_nll: 1.318e+00)
[2023-02-11 14:21:40] [Epoch     3/  200] trn/loss 1.263e+00, trn/lr 9.996e-01, trn/scale 7.053e-01, val/acc 5.482e-01, val/nll 1.278e+00 (best_acc: 5.159e-01 -> 5.482e-01, test_acc: 5.466e-01, test_nll: 1.276e+00)
[2023-02-11 14:21:49] [Epoch     4/  200] trn/loss 1.101e+00, trn/lr 9.992e-01, trn/scale 6.163e-01, val/acc 6.415e-01, val/nll 1.024e+00 (best_acc: 5.482e-01 -> 6.415e-01, test_acc: 6.300e-01, test_nll: 1.031e+00)
[2023-02-11 14:21:57] [Epoch     5/  200] trn/loss 1.008e+00, trn/lr 9.987e-01, trn/scale 5.404e-01, val/acc 5.375e-01, val/nll 1.276e+00
[2023-02-11 14:22:05] [Epoch     6/  200] trn/loss 9.297e-01, trn/lr 9.981e-01, trn/scale 4.758e-01, val/acc 5.488e-01, val/nll 1.183e+00
[2023-02-11 14:22:14] [Epoch     7/  200] trn/loss 9.087e-01, trn/lr 9.974e-01, trn/scale 4.207e-01, val/acc 6.487e-01, val/nll 1.062e+00 (best_acc: 6.415e-01 -> 6.487e-01, test_acc: 6.417e-01, test_nll: 1.083e+00)
[2023-02-11 14:22:24] [Epoch     8/  200] trn/loss 8.586e-01, trn/lr 9.965e-01, trn/scale 3.738e-01, val/acc 6.715e-01, val/nll 9.140e-01 (best_acc: 6.487e-01 -> 6.715e-01, test_acc: 6.708e-01, test_nll: 9.127e-01)
[2023-02-11 14:22:32] [Epoch     9/  200] trn/loss 8.142e-01, trn/lr 9.955e-01, trn/scale 3.338e-01, val/acc 6.583e-01, val/nll 1.006e+00
[2023-02-11 14:22:40] [Epoch    10/  200] trn/loss 8.590e-01, trn/lr 9.944e-01, trn/scale 2.997e-01, val/acc 6.407e-01, val/nll 1.049e+00
[2023-02-11 14:22:48] [Epoch    11/  200] trn/loss 8.607e-01, trn/lr 9.932e-01, trn/scale 2.707e-01, val/acc 5.976e-01, val/nll 1.206e+00
[2023-02-11 14:22:57] [Epoch    12/  200] trn/loss 9.076e-01, trn/lr 9.919e-01, trn/scale 2.459e-01, val/acc 6.065e-01, val/nll 1.092e+00
[2023-02-11 14:23:05] [Epoch    13/  200] trn/loss 9.247e-01, trn/lr 9.904e-01, trn/scale 2.248e-01, val/acc 5.752e-01, val/nll 1.235e+00
[2023-02-11 14:23:13] [Epoch    14/  200] trn/loss 9.711e-01, trn/lr 9.888e-01, trn/scale 2.069e-01, val/acc 4.491e-01, val/nll 1.839e+00
[2023-02-11 14:23:21] [Epoch    15/  200] trn/loss 1.002e+00, trn/lr 9.871e-01, trn/scale 1.916e-01, val/acc 5.906e-01, val/nll 1.179e+00
[2023-02-11 14:23:29] [Epoch    16/  200] trn/loss 1.034e+00, trn/lr 9.853e-01, trn/scale 1.785e-01, val/acc 3.323e-01, val/nll 2.773e+00
[2023-02-11 14:23:38] [Epoch    17/  200] trn/loss 1.044e+00, trn/lr 9.833e-01, trn/scale 1.674e-01, val/acc 3.571e-01, val/nll 2.270e+00
[2023-02-11 14:23:46] [Epoch    18/  200] trn/loss 1.076e+00, trn/lr 9.812e-01, trn/scale 1.579e-01, val/acc 1.069e-01, val/nll 1.214e+01
[2023-02-11 14:23:54] [Epoch    19/  200] trn/loss 1.107e+00, trn/lr 9.790e-01, trn/scale 1.498e-01, val/acc 5.087e-01, val/nll 1.507e+00
[2023-02-11 14:24:02] [Epoch    20/  200] trn/loss 1.166e+00, trn/lr 9.767e-01, trn/scale 1.429e-01, val/acc 3.491e-01, val/nll 2.095e+00
[2023-02-11 14:24:10] [Epoch    21/  200] trn/loss 1.203e+00, trn/lr 9.743e-01, trn/scale 1.370e-01, val/acc 5.209e-01, val/nll 1.377e+00
[2023-02-11 14:24:18] [Epoch    22/  200] trn/loss 1.206e+00, trn/lr 9.718e-01, trn/scale 1.320e-01, val/acc 4.457e-01, val/nll 1.699e+00
[2023-02-11 14:24:27] [Epoch    23/  200] trn/loss 1.221e+00, trn/lr 9.691e-01, trn/scale 1.278e-01, val/acc 4.666e-01, val/nll 1.464e+00
[2023-02-11 14:24:35] [Epoch    24/  200] trn/loss 1.254e+00, trn/lr 9.663e-01, trn/scale 1.241e-01, val/acc 3.223e-01, val/nll 2.380e+00
[2023-02-11 14:24:43] [Epoch    25/  200] trn/loss 1.286e+00, trn/lr 9.634e-01, trn/scale 1.210e-01, val/acc 3.650e-01, val/nll 2.132e+00
[2023-02-11 14:24:51] [Epoch    26/  200] trn/loss 1.292e+00, trn/lr 9.604e-01, trn/scale 1.184e-01, val/acc 4.471e-01, val/nll 1.833e+00
[2023-02-11 14:24:59] [Epoch    27/  200] trn/loss 1.288e+00, trn/lr 9.573e-01, trn/scale 1.161e-01, val/acc 3.404e-01, val/nll 2.331e+00
[2023-02-11 14:25:08] [Epoch    28/  200] trn/loss 1.285e+00, trn/lr 9.541e-01, trn/scale 1.142e-01, val/acc 2.159e-01, val/nll 4.481e+00
[2023-02-11 14:25:16] [Epoch    29/  200] trn/loss 1.292e+00, trn/lr 9.507e-01, trn/scale 1.126e-01, val/acc 2.403e-01, val/nll 3.192e+00
[2023-02-11 14:25:24] [Epoch    30/  200] trn/loss 1.297e+00, trn/lr 9.473e-01, trn/scale 1.112e-01, val/acc 2.728e-01, val/nll 2.677e+00
[2023-02-11 14:25:32] [Epoch    31/  200] trn/loss 1.339e+00, trn/lr 9.437e-01, trn/scale 1.100e-01, val/acc 2.162e-01, val/nll 2.676e+00
[2023-02-11 14:25:40] [Epoch    32/  200] trn/loss 1.320e+00, trn/lr 9.400e-01, trn/scale 1.090e-01, val/acc 2.789e-01, val/nll 2.790e+00
[2023-02-11 14:25:48] [Epoch    33/  200] trn/loss 1.321e+00, trn/lr 9.363e-01, trn/scale 1.081e-01, val/acc 4.732e-01, val/nll 1.508e+00
[2023-02-11 14:25:57] [Epoch    34/  200] trn/loss 1.329e+00, trn/lr 9.324e-01, trn/scale 1.074e-01, val/acc 1.221e-01, val/nll 4.088e+00
[2023-02-11 14:26:05] [Epoch    35/  200] trn/loss 1.349e+00, trn/lr 9.284e-01, trn/scale 1.067e-01, val/acc 2.603e-01, val/nll 2.235e+00
[2023-02-11 14:26:13] [Epoch    36/  200] trn/loss 1.367e+00, trn/lr 9.243e-01, trn/scale 1.062e-01, val/acc 2.549e-01, val/nll 2.245e+00
[2023-02-11 14:26:21] [Epoch    37/  200] trn/loss 1.367e+00, trn/lr 9.201e-01, trn/scale 1.057e-01, val/acc 3.700e-01, val/nll 1.935e+00
[2023-02-11 14:26:29] [Epoch    38/  200] trn/loss 1.391e+00, trn/lr 9.157e-01, trn/scale 1.054e-01, val/acc 1.789e-01, val/nll 3.486e+00
[2023-02-11 14:26:38] [Epoch    39/  200] trn/loss 1.359e+00, trn/lr 9.113e-01, trn/scale 1.050e-01, val/acc 3.827e-01, val/nll 1.733e+00
[2023-02-11 14:26:46] [Epoch    40/  200] trn/loss 1.334e+00, trn/lr 9.068e-01, trn/scale 1.047e-01, val/acc 3.902e-01, val/nll 1.730e+00
[2023-02-11 14:26:54] [Epoch    41/  200] trn/loss 1.331e+00, trn/lr 9.022e-01, trn/scale 1.045e-01, val/acc 2.959e-01, val/nll 3.111e+00
[2023-02-11 14:27:02] [Epoch    42/  200] trn/loss 1.358e+00, trn/lr 8.975e-01, trn/scale 1.043e-01, val/acc 3.291e-01, val/nll 1.968e+00
[2023-02-11 14:27:10] [Epoch    43/  200] trn/loss 1.348e+00, trn/lr 8.927e-01, trn/scale 1.041e-01, val/acc 3.763e-01, val/nll 2.166e+00
[2023-02-11 14:27:18] [Epoch    44/  200] trn/loss 1.371e+00, trn/lr 8.878e-01, trn/scale 1.040e-01, val/acc 2.830e-01, val/nll 2.009e+00
[2023-02-11 14:27:27] [Epoch    45/  200] trn/loss 1.365e+00, trn/lr 8.828e-01, trn/scale 1.038e-01, val/acc 2.230e-01, val/nll 3.103e+00
[2023-02-11 14:27:35] [Epoch    46/  200] trn/loss 1.371e+00, trn/lr 8.777e-01, trn/scale 1.037e-01, val/acc 3.871e-01, val/nll 1.929e+00
[2023-02-11 14:27:43] [Epoch    47/  200] trn/loss 1.339e+00, trn/lr 8.725e-01, trn/scale 1.036e-01, val/acc 3.336e-01, val/nll 2.287e+00
[2023-02-11 14:27:51] [Epoch    48/  200] trn/loss 1.383e+00, trn/lr 8.672e-01, trn/scale 1.036e-01, val/acc 4.394e-01, val/nll 1.504e+00
[2023-02-11 14:27:59] [Epoch    49/  200] trn/loss 1.350e+00, trn/lr 8.618e-01, trn/scale 1.035e-01, val/acc 3.551e-01, val/nll 2.201e+00
[2023-02-11 14:28:08] [Epoch    50/  200] trn/loss 1.379e+00, trn/lr 8.563e-01, trn/scale 1.034e-01, val/acc 1.367e-01, val/nll 4.561e+00
[2023-02-11 14:28:16] [Epoch    51/  200] trn/loss 1.393e+00, trn/lr 8.508e-01, trn/scale 1.034e-01, val/acc 4.040e-01, val/nll 1.653e+00
[2023-02-11 14:28:24] [Epoch    52/  200] trn/loss 1.411e+00, trn/lr 8.451e-01, trn/scale 1.033e-01, val/acc 3.007e-01, val/nll 2.119e+00
[2023-02-11 14:28:32] [Epoch    53/  200] trn/loss 1.418e+00, trn/lr 8.394e-01, trn/scale 1.033e-01, val/acc 1.674e-01, val/nll 3.422e+00
[2023-02-11 14:28:40] [Epoch    54/  200] trn/loss 1.408e+00, trn/lr 8.336e-01, trn/scale 1.033e-01, val/acc 3.506e-01, val/nll 1.867e+00
[2023-02-11 14:28:49] [Epoch    55/  200] trn/loss 1.396e+00, trn/lr 8.277e-01, trn/scale 1.032e-01, val/acc 3.361e-01, val/nll 2.426e+00
[2023-02-11 14:28:57] [Epoch    56/  200] trn/loss 1.400e+00, trn/lr 8.217e-01, trn/scale 1.032e-01, val/acc 3.035e-01, val/nll 2.088e+00
[2023-02-11 14:29:05] [Epoch    57/  200] trn/loss 1.391e+00, trn/lr 8.157e-01, trn/scale 1.032e-01, val/acc 3.479e-01, val/nll 1.811e+00
[2023-02-11 14:29:13] [Epoch    58/  200] trn/loss 1.433e+00, trn/lr 8.096e-01, trn/scale 1.032e-01, val/acc 1.940e-01, val/nll 2.379e+00
[2023-02-11 14:29:21] [Epoch    59/  200] trn/loss 1.417e+00, trn/lr 8.034e-01, trn/scale 1.032e-01, val/acc 3.700e-01, val/nll 2.046e+00
[2023-02-11 14:29:30] [Epoch    60/  200] trn/loss 1.394e+00, trn/lr 7.971e-01, trn/scale 1.032e-01, val/acc 4.091e-01, val/nll 1.767e+00
[2023-02-11 14:29:38] [Epoch    61/  200] trn/loss 1.388e+00, trn/lr 7.907e-01, trn/scale 1.031e-01, val/acc 2.463e-01, val/nll 3.413e+00
[2023-02-11 14:29:46] [Epoch    62/  200] trn/loss 1.382e+00, trn/lr 7.843e-01, trn/scale 1.031e-01, val/acc 3.573e-01, val/nll 1.971e+00
[2023-02-11 14:29:54] [Epoch    63/  200] trn/loss 1.379e+00, trn/lr 7.778e-01, trn/scale 1.031e-01, val/acc 4.622e-01, val/nll 1.479e+00
[2023-02-11 14:30:02] [Epoch    64/  200] trn/loss 1.379e+00, trn/lr 7.712e-01, trn/scale 1.031e-01, val/acc 3.325e-01, val/nll 2.034e+00
[2023-02-11 14:30:10] [Epoch    65/  200] trn/loss 1.388e+00, trn/lr 7.646e-01, trn/scale 1.031e-01, val/acc 2.309e-01, val/nll 3.241e+00
[2023-02-11 14:30:19] [Epoch    66/  200] trn/loss 1.377e+00, trn/lr 7.579e-01, trn/scale 1.031e-01, val/acc 4.323e-01, val/nll 1.582e+00
[2023-02-11 14:30:27] [Epoch    67/  200] trn/loss 1.390e+00, trn/lr 7.512e-01, trn/scale 1.031e-01, val/acc 3.552e-01, val/nll 1.973e+00
[2023-02-11 14:30:35] [Epoch    68/  200] trn/loss 1.395e+00, trn/lr 7.443e-01, trn/scale 1.031e-01, val/acc 3.629e-01, val/nll 1.789e+00
[2023-02-11 14:30:43] [Epoch    69/  200] trn/loss 1.377e+00, trn/lr 7.374e-01, trn/scale 1.031e-01, val/acc 4.122e-01, val/nll 1.743e+00
[2023-02-11 14:30:51] [Epoch    70/  200] trn/loss 1.370e+00, trn/lr 7.305e-01, trn/scale 1.031e-01, val/acc 2.363e-01, val/nll 2.775e+00
[2023-02-11 14:31:00] [Epoch    71/  200] trn/loss 1.398e+00, trn/lr 7.235e-01, trn/scale 1.031e-01, val/acc 3.104e-01, val/nll 2.455e+00
[2023-02-11 14:31:08] [Epoch    72/  200] trn/loss 1.365e+00, trn/lr 7.165e-01, trn/scale 1.031e-01, val/acc 3.862e-01, val/nll 1.788e+00
[2023-02-11 14:31:16] [Epoch    73/  200] trn/loss 1.376e+00, trn/lr 7.093e-01, trn/scale 1.031e-01, val/acc 3.533e-01, val/nll 1.792e+00
[2023-02-11 14:31:24] [Epoch    74/  200] trn/loss 1.376e+00, trn/lr 7.022e-01, trn/scale 1.031e-01, val/acc 3.281e-01, val/nll 2.416e+00
[2023-02-11 14:31:32] [Epoch    75/  200] trn/loss 1.363e+00, trn/lr 6.950e-01, trn/scale 1.031e-01, val/acc 2.764e-01, val/nll 2.373e+00
[2023-02-11 14:31:40] [Epoch    76/  200] trn/loss 1.357e+00, trn/lr 6.877e-01, trn/scale 1.031e-01, val/acc 3.215e-01, val/nll 2.296e+00
[2023-02-11 14:31:49] [Epoch    77/  200] trn/loss 1.347e+00, trn/lr 6.804e-01, trn/scale 1.031e-01, val/acc 3.173e-01, val/nll 2.544e+00
[2023-02-11 14:31:57] [Epoch    78/  200] trn/loss 1.383e+00, trn/lr 6.731e-01, trn/scale 1.031e-01, val/acc 3.177e-01, val/nll 1.961e+00
[2023-02-11 14:32:05] [Epoch    79/  200] trn/loss 1.397e+00, trn/lr 6.657e-01, trn/scale 1.031e-01, val/acc 2.573e-01, val/nll 2.420e+00
[2023-02-11 14:32:13] [Epoch    80/  200] trn/loss 1.388e+00, trn/lr 6.583e-01, trn/scale 1.031e-01, val/acc 4.451e-01, val/nll 1.574e+00
[2023-02-11 14:32:22] [Epoch    81/  200] trn/loss 1.381e+00, trn/lr 6.508e-01, trn/scale 1.031e-01, val/acc 3.171e-01, val/nll 2.174e+00
[2023-02-11 14:32:30] [Epoch    82/  200] trn/loss 1.348e+00, trn/lr 6.433e-01, trn/scale 1.031e-01, val/acc 3.456e-01, val/nll 1.699e+00
[2023-02-11 14:32:38] [Epoch    83/  200] trn/loss 1.388e+00, trn/lr 6.357e-01, trn/scale 1.031e-01, val/acc 4.034e-01, val/nll 1.629e+00
[2023-02-11 14:32:46] [Epoch    84/  200] trn/loss 1.354e+00, trn/lr 6.282e-01, trn/scale 1.031e-01, val/acc 2.879e-01, val/nll 2.201e+00
[2023-02-11 14:32:54] [Epoch    85/  200] trn/loss 1.336e+00, trn/lr 6.206e-01, trn/scale 1.031e-01, val/acc 3.501e-01, val/nll 1.866e+00
[2023-02-11 14:33:03] [Epoch    86/  200] trn/loss 1.347e+00, trn/lr 6.129e-01, trn/scale 1.031e-01, val/acc 4.991e-01, val/nll 1.395e+00
[2023-02-11 14:33:11] [Epoch    87/  200] trn/loss 1.330e+00, trn/lr 6.053e-01, trn/scale 1.031e-01, val/acc 3.750e-01, val/nll 1.732e+00
[2023-02-11 14:33:19] [Epoch    88/  200] trn/loss 1.348e+00, trn/lr 5.976e-01, trn/scale 1.031e-01, val/acc 3.925e-01, val/nll 1.934e+00
[2023-02-11 14:33:27] [Epoch    89/  200] trn/loss 1.352e+00, trn/lr 5.899e-01, trn/scale 1.031e-01, val/acc 2.886e-01, val/nll 2.616e+00
[2023-02-11 14:33:35] [Epoch    90/  200] trn/loss 1.345e+00, trn/lr 5.821e-01, trn/scale 1.031e-01, val/acc 3.531e-01, val/nll 1.833e+00
[2023-02-11 14:33:43] [Epoch    91/  200] trn/loss 1.338e+00, trn/lr 5.744e-01, trn/scale 1.031e-01, val/acc 4.502e-01, val/nll 1.548e+00
[2023-02-11 14:33:52] [Epoch    92/  200] trn/loss 1.351e+00, trn/lr 5.666e-01, trn/scale 1.031e-01, val/acc 3.904e-01, val/nll 1.837e+00
[2023-02-11 14:34:00] [Epoch    93/  200] trn/loss 1.348e+00, trn/lr 5.588e-01, trn/scale 1.031e-01, val/acc 3.801e-01, val/nll 1.793e+00
[2023-02-11 14:34:08] [Epoch    94/  200] trn/loss 1.322e+00, trn/lr 5.510e-01, trn/scale 1.031e-01, val/acc 4.123e-01, val/nll 1.900e+00
[2023-02-11 14:34:16] [Epoch    95/  200] trn/loss 1.324e+00, trn/lr 5.432e-01, trn/scale 1.031e-01, val/acc 4.501e-01, val/nll 1.522e+00
[2023-02-11 14:34:25] [Epoch    96/  200] trn/loss 1.334e+00, trn/lr 5.353e-01, trn/scale 1.031e-01, val/acc 4.504e-01, val/nll 2.000e+00
[2023-02-11 14:34:33] [Epoch    97/  200] trn/loss 1.335e+00, trn/lr 5.275e-01, trn/scale 1.031e-01, val/acc 4.451e-01, val/nll 1.616e+00
[2023-02-11 14:34:41] [Epoch    98/  200] trn/loss 1.322e+00, trn/lr 5.197e-01, trn/scale 1.031e-01, val/acc 3.748e-01, val/nll 2.229e+00
[2023-02-11 14:34:49] [Epoch    99/  200] trn/loss 1.320e+00, trn/lr 5.118e-01, trn/scale 1.031e-01, val/acc 2.470e-01, val/nll 2.895e+00
[2023-02-11 14:34:57] [Epoch   100/  200] trn/loss 1.330e+00, trn/lr 5.040e-01, trn/scale 1.031e-01, val/acc 4.007e-01, val/nll 1.925e+00
[2023-02-11 14:35:05] [Epoch   101/  200] trn/loss 1.312e+00, trn/lr 4.961e-01, trn/scale 1.031e-01, val/acc 3.957e-01, val/nll 1.855e+00
[2023-02-11 14:35:14] [Epoch   102/  200] trn/loss 1.297e+00, trn/lr 4.882e-01, trn/scale 1.031e-01, val/acc 4.342e-01, val/nll 1.700e+00
[2023-02-11 14:35:22] [Epoch   103/  200] trn/loss 1.313e+00, trn/lr 4.804e-01, trn/scale 1.031e-01, val/acc 4.479e-01, val/nll 1.485e+00
[2023-02-11 14:35:30] [Epoch   104/  200] trn/loss 1.283e+00, trn/lr 4.725e-01, trn/scale 1.031e-01, val/acc 3.785e-01, val/nll 1.805e+00
[2023-02-11 14:35:38] [Epoch   105/  200] trn/loss 1.302e+00, trn/lr 4.647e-01, trn/scale 1.031e-01, val/acc 3.960e-01, val/nll 1.730e+00
[2023-02-11 14:35:46] [Epoch   106/  200] trn/loss 1.296e+00, trn/lr 4.569e-01, trn/scale 1.031e-01, val/acc 3.084e-01, val/nll 2.555e+00
[2023-02-11 14:35:54] [Epoch   107/  200] trn/loss 1.310e+00, trn/lr 4.491e-01, trn/scale 1.031e-01, val/acc 2.311e-01, val/nll 3.419e+00
[2023-02-11 14:36:03] [Epoch   108/  200] trn/loss 1.295e+00, trn/lr 4.413e-01, trn/scale 1.031e-01, val/acc 4.006e-01, val/nll 2.041e+00
[2023-02-11 14:36:11] [Epoch   109/  200] trn/loss 1.303e+00, trn/lr 4.335e-01, trn/scale 1.031e-01, val/acc 3.543e-01, val/nll 1.874e+00
[2023-02-11 14:36:19] [Epoch   110/  200] trn/loss 1.287e+00, trn/lr 4.257e-01, trn/scale 1.031e-01, val/acc 3.702e-01, val/nll 1.964e+00
[2023-02-11 14:36:27] [Epoch   111/  200] trn/loss 1.282e+00, trn/lr 4.179e-01, trn/scale 1.031e-01, val/acc 3.049e-01, val/nll 2.742e+00
[2023-02-11 14:36:35] [Epoch   112/  200] trn/loss 1.282e+00, trn/lr 4.102e-01, trn/scale 1.031e-01, val/acc 4.692e-01, val/nll 1.504e+00
[2023-02-11 14:36:43] [Epoch   113/  200] trn/loss 1.266e+00, trn/lr 4.025e-01, trn/scale 1.031e-01, val/acc 4.614e-01, val/nll 1.478e+00
[2023-02-11 14:36:52] [Epoch   114/  200] trn/loss 1.286e+00, trn/lr 3.948e-01, trn/scale 1.031e-01, val/acc 4.067e-01, val/nll 1.657e+00
[2023-02-11 14:37:00] [Epoch   115/  200] trn/loss 1.308e+00, trn/lr 3.871e-01, trn/scale 1.031e-01, val/acc 5.031e-01, val/nll 1.384e+00
[2023-02-11 14:37:08] [Epoch   116/  200] trn/loss 1.283e+00, trn/lr 3.795e-01, trn/scale 1.031e-01, val/acc 4.149e-01, val/nll 1.655e+00
[2023-02-11 14:37:16] [Epoch   117/  200] trn/loss 1.253e+00, trn/lr 3.719e-01, trn/scale 1.031e-01, val/acc 4.510e-01, val/nll 1.505e+00
[2023-02-11 14:37:24] [Epoch   118/  200] trn/loss 1.257e+00, trn/lr 3.643e-01, trn/scale 1.031e-01, val/acc 4.919e-01, val/nll 1.383e+00
[2023-02-11 14:37:32] [Epoch   119/  200] trn/loss 1.249e+00, trn/lr 3.568e-01, trn/scale 1.031e-01, val/acc 2.442e-01, val/nll 2.589e+00
[2023-02-11 14:37:41] [Epoch   120/  200] trn/loss 1.234e+00, trn/lr 3.493e-01, trn/scale 1.031e-01, val/acc 3.604e-01, val/nll 2.362e+00
[2023-02-11 14:37:49] [Epoch   121/  200] trn/loss 1.262e+00, trn/lr 3.418e-01, trn/scale 1.031e-01, val/acc 2.997e-01, val/nll 2.441e+00
[2023-02-11 14:37:57] [Epoch   122/  200] trn/loss 1.248e+00, trn/lr 3.344e-01, trn/scale 1.031e-01, val/acc 4.910e-01, val/nll 1.369e+00
[2023-02-11 14:38:05] [Epoch   123/  200] trn/loss 1.239e+00, trn/lr 3.270e-01, trn/scale 1.031e-01, val/acc 4.649e-01, val/nll 1.621e+00
[2023-02-11 14:38:13] [Epoch   124/  200] trn/loss 1.216e+00, trn/lr 3.196e-01, trn/scale 1.031e-01, val/acc 5.190e-01, val/nll 1.294e+00
[2023-02-11 14:38:22] [Epoch   125/  200] trn/loss 1.223e+00, trn/lr 3.123e-01, trn/scale 1.031e-01, val/acc 4.699e-01, val/nll 1.542e+00
[2023-02-11 14:38:30] [Epoch   126/  200] trn/loss 1.223e+00, trn/lr 3.051e-01, trn/scale 1.031e-01, val/acc 4.269e-01, val/nll 1.672e+00
[2023-02-11 14:38:38] [Epoch   127/  200] trn/loss 1.201e+00, trn/lr 2.979e-01, trn/scale 1.031e-01, val/acc 4.893e-01, val/nll 1.498e+00
[2023-02-11 14:38:46] [Epoch   128/  200] trn/loss 1.176e+00, trn/lr 2.907e-01, trn/scale 1.031e-01, val/acc 5.124e-01, val/nll 1.317e+00
[2023-02-11 14:38:54] [Epoch   129/  200] trn/loss 1.185e+00, trn/lr 2.836e-01, trn/scale 1.031e-01, val/acc 5.269e-01, val/nll 1.372e+00
[2023-02-11 14:39:02] [Epoch   130/  200] trn/loss 1.173e+00, trn/lr 2.765e-01, trn/scale 1.031e-01, val/acc 4.244e-01, val/nll 1.707e+00
[2023-02-11 14:39:11] [Epoch   131/  200] trn/loss 1.159e+00, trn/lr 2.695e-01, trn/scale 1.031e-01, val/acc 5.192e-01, val/nll 1.356e+00
[2023-02-11 14:39:19] [Epoch   132/  200] trn/loss 1.154e+00, trn/lr 2.626e-01, trn/scale 1.031e-01, val/acc 4.494e-01, val/nll 1.670e+00
[2023-02-11 14:39:27] [Epoch   133/  200] trn/loss 1.150e+00, trn/lr 2.557e-01, trn/scale 1.031e-01, val/acc 5.272e-01, val/nll 1.347e+00
[2023-02-11 14:39:35] [Epoch   134/  200] trn/loss 1.142e+00, trn/lr 2.489e-01, trn/scale 1.031e-01, val/acc 2.367e-01, val/nll 2.973e+00
[2023-02-11 14:39:43] [Epoch   135/  200] trn/loss 1.126e+00, trn/lr 2.421e-01, trn/scale 1.031e-01, val/acc 5.574e-01, val/nll 1.231e+00
[2023-02-11 14:39:52] [Epoch   136/  200] trn/loss 1.123e+00, trn/lr 2.354e-01, trn/scale 1.031e-01, val/acc 5.799e-01, val/nll 1.171e+00
[2023-02-11 14:40:00] [Epoch   137/  200] trn/loss 1.117e+00, trn/lr 2.288e-01, trn/scale 1.031e-01, val/acc 5.572e-01, val/nll 1.245e+00
[2023-02-11 14:40:08] [Epoch   138/  200] trn/loss 1.091e+00, trn/lr 2.222e-01, trn/scale 1.031e-01, val/acc 6.050e-01, val/nll 1.116e+00
[2023-02-11 14:40:16] [Epoch   139/  200] trn/loss 1.086e+00, trn/lr 2.157e-01, trn/scale 1.031e-01, val/acc 4.345e-01, val/nll 1.789e+00
[2023-02-11 14:40:24] [Epoch   140/  200] trn/loss 1.101e+00, trn/lr 2.093e-01, trn/scale 1.031e-01, val/acc 4.939e-01, val/nll 1.543e+00
[2023-02-11 14:40:32] [Epoch   141/  200] trn/loss 1.093e+00, trn/lr 2.030e-01, trn/scale 1.031e-01, val/acc 5.695e-01, val/nll 1.199e+00
[2023-02-11 14:40:41] [Epoch   142/  200] trn/loss 1.061e+00, trn/lr 1.967e-01, trn/scale 1.031e-01, val/acc 5.617e-01, val/nll 1.201e+00
[2023-02-11 14:40:49] [Epoch   143/  200] trn/loss 1.083e+00, trn/lr 1.905e-01, trn/scale 1.031e-01, val/acc 4.942e-01, val/nll 1.427e+00
[2023-02-11 14:40:57] [Epoch   144/  200] trn/loss 1.089e+00, trn/lr 1.843e-01, trn/scale 1.031e-01, val/acc 5.802e-01, val/nll 1.216e+00
[2023-02-11 14:41:05] [Epoch   145/  200] trn/loss 1.033e+00, trn/lr 1.783e-01, trn/scale 1.031e-01, val/acc 6.455e-01, val/nll 9.861e-01
[2023-02-11 14:41:13] [Epoch   146/  200] trn/loss 1.038e+00, trn/lr 1.723e-01, trn/scale 1.031e-01, val/acc 6.421e-01, val/nll 1.012e+00
[2023-02-11 14:41:22] [Epoch   147/  200] trn/loss 1.025e+00, trn/lr 1.664e-01, trn/scale 1.031e-01, val/acc 6.355e-01, val/nll 1.010e+00
[2023-02-11 14:41:30] [Epoch   148/  200] trn/loss 1.017e+00, trn/lr 1.606e-01, trn/scale 1.031e-01, val/acc 6.044e-01, val/nll 1.131e+00
[2023-02-11 14:41:38] [Epoch   149/  200] trn/loss 1.005e+00, trn/lr 1.549e-01, trn/scale 1.031e-01, val/acc 5.696e-01, val/nll 1.219e+00
[2023-02-11 14:41:46] [Epoch   150/  200] trn/loss 9.914e-01, trn/lr 1.493e-01, trn/scale 1.031e-01, val/acc 5.767e-01, val/nll 1.170e+00
[2023-02-11 14:41:54] [Epoch   151/  200] trn/loss 9.914e-01, trn/lr 1.437e-01, trn/scale 1.031e-01, val/acc 5.189e-01, val/nll 1.456e+00
[2023-02-11 14:42:03] [Epoch   152/  200] trn/loss 9.599e-01, trn/lr 1.382e-01, trn/scale 1.031e-01, val/acc 4.973e-01, val/nll 1.514e+00
[2023-02-11 14:42:11] [Epoch   153/  200] trn/loss 9.545e-01, trn/lr 1.329e-01, trn/scale 1.031e-01, val/acc 5.889e-01, val/nll 1.156e+00
[2023-02-11 14:42:19] [Epoch   154/  200] trn/loss 9.667e-01, trn/lr 1.276e-01, trn/scale 1.031e-01, val/acc 6.250e-01, val/nll 1.038e+00
[2023-02-11 14:42:27] [Epoch   155/  200] trn/loss 9.511e-01, trn/lr 1.224e-01, trn/scale 1.031e-01, val/acc 6.496e-01, val/nll 9.869e-01
[2023-02-11 14:42:36] [Epoch   156/  200] trn/loss 9.167e-01, trn/lr 1.173e-01, trn/scale 1.031e-01, val/acc 6.716e-01, val/nll 9.447e-01 (best_acc: 6.715e-01 -> 6.716e-01, test_acc: 6.540e-01, test_nll: 9.697e-01)
[2023-02-11 14:42:45] [Epoch   157/  200] trn/loss 9.241e-01, trn/lr 1.123e-01, trn/scale 1.031e-01, val/acc 6.664e-01, val/nll 9.583e-01
[2023-02-11 14:42:53] [Epoch   158/  200] trn/loss 9.029e-01, trn/lr 1.074e-01, trn/scale 1.031e-01, val/acc 6.293e-01, val/nll 1.087e+00
[2023-02-11 14:43:02] [Epoch   159/  200] trn/loss 9.130e-01, trn/lr 1.025e-01, trn/scale 1.031e-01, val/acc 6.805e-01, val/nll 9.261e-01 (best_acc: 6.716e-01 -> 6.805e-01, test_acc: 6.625e-01, test_nll: 9.484e-01)
[2023-02-11 14:43:11] [Epoch   160/  200] trn/loss 8.903e-01, trn/lr 9.783e-02, trn/scale 1.031e-01, val/acc 7.003e-01, val/nll 8.693e-01 (best_acc: 6.805e-01 -> 7.003e-01, test_acc: 6.936e-01, test_nll: 8.883e-01)
[2023-02-11 14:43:19] [Epoch   161/  200] trn/loss 8.651e-01, trn/lr 9.321e-02, trn/scale 1.031e-01, val/acc 6.742e-01, val/nll 9.276e-01
[2023-02-11 14:43:28] [Epoch   162/  200] trn/loss 8.528e-01, trn/lr 8.870e-02, trn/scale 1.031e-01, val/acc 7.139e-01, val/nll 8.155e-01 (best_acc: 7.003e-01 -> 7.139e-01, test_acc: 7.123e-01, test_nll: 8.326e-01)
[2023-02-11 14:43:37] [Epoch   163/  200] trn/loss 8.569e-01, trn/lr 8.428e-02, trn/scale 1.031e-01, val/acc 6.934e-01, val/nll 8.720e-01
[2023-02-11 14:43:45] [Epoch   164/  200] trn/loss 8.403e-01, trn/lr 7.997e-02, trn/scale 1.031e-01, val/acc 7.023e-01, val/nll 8.680e-01
[2023-02-11 14:43:53] [Epoch   165/  200] trn/loss 8.311e-01, trn/lr 7.576e-02, trn/scale 1.031e-01, val/acc 7.093e-01, val/nll 8.418e-01
[2023-02-11 14:44:02] [Epoch   166/  200] trn/loss 8.249e-01, trn/lr 7.166e-02, trn/scale 1.031e-01, val/acc 7.199e-01, val/nll 8.011e-01 (best_acc: 7.139e-01 -> 7.199e-01, test_acc: 7.192e-01, test_nll: 8.172e-01)
[2023-02-11 14:44:11] [Epoch   167/  200] trn/loss 8.131e-01, trn/lr 6.766e-02, trn/scale 1.032e-01, val/acc 7.241e-01, val/nll 8.196e-01 (best_acc: 7.199e-01 -> 7.241e-01, test_acc: 7.113e-01, test_nll: 8.517e-01)
[2023-02-11 14:44:20] [Epoch   168/  200] trn/loss 7.847e-01, trn/lr 6.377e-02, trn/scale 1.032e-01, val/acc 7.127e-01, val/nll 8.440e-01
[2023-02-11 14:44:29] [Epoch   169/  200] trn/loss 7.865e-01, trn/lr 5.998e-02, trn/scale 1.032e-01, val/acc 7.521e-01, val/nll 7.335e-01 (best_acc: 7.241e-01 -> 7.521e-01, test_acc: 7.412e-01, test_nll: 7.567e-01)
[2023-02-11 14:44:37] [Epoch   170/  200] trn/loss 7.766e-01, trn/lr 5.631e-02, trn/scale 1.032e-01, val/acc 7.441e-01, val/nll 7.493e-01
[2023-02-11 14:44:46] [Epoch   171/  200] trn/loss 7.795e-01, trn/lr 5.274e-02, trn/scale 1.032e-01, val/acc 7.559e-01, val/nll 7.268e-01 (best_acc: 7.521e-01 -> 7.559e-01, test_acc: 7.472e-01, test_nll: 7.398e-01)
[2023-02-11 14:44:54] [Epoch   172/  200] trn/loss 7.686e-01, trn/lr 4.929e-02, trn/scale 1.032e-01, val/acc 7.524e-01, val/nll 7.362e-01
[2023-02-11 14:45:04] [Epoch   173/  200] trn/loss 7.668e-01, trn/lr 4.594e-02, trn/scale 1.032e-01, val/acc 7.586e-01, val/nll 7.105e-01 (best_acc: 7.559e-01 -> 7.586e-01, test_acc: 7.486e-01, test_nll: 7.265e-01)
[2023-02-11 14:45:13] [Epoch   174/  200] trn/loss 7.630e-01, trn/lr 4.271e-02, trn/scale 1.032e-01, val/acc 7.613e-01, val/nll 7.002e-01 (best_acc: 7.586e-01 -> 7.613e-01, test_acc: 7.546e-01, test_nll: 7.142e-01)
[2023-02-11 14:45:22] [Epoch   175/  200] trn/loss 7.388e-01, trn/lr 3.959e-02, trn/scale 1.032e-01, val/acc 7.655e-01, val/nll 6.973e-01 (best_acc: 7.613e-01 -> 7.655e-01, test_acc: 7.559e-01, test_nll: 7.088e-01)
[2023-02-11 14:45:30] [Epoch   176/  200] trn/loss 7.365e-01, trn/lr 3.659e-02, trn/scale 1.032e-01, val/acc 7.458e-01, val/nll 7.262e-01
[2023-02-11 14:45:39] [Epoch   177/  200] trn/loss 7.267e-01, trn/lr 3.369e-02, trn/scale 1.032e-01, val/acc 7.670e-01, val/nll 6.829e-01 (best_acc: 7.655e-01 -> 7.670e-01, test_acc: 7.612e-01, test_nll: 6.980e-01)
[2023-02-11 14:45:48] [Epoch   178/  200] trn/loss 7.162e-01, trn/lr 3.092e-02, trn/scale 1.032e-01, val/acc 7.692e-01, val/nll 6.814e-01 (best_acc: 7.670e-01 -> 7.692e-01, test_acc: 7.684e-01, test_nll: 6.820e-01)
[2023-02-11 14:45:58] [Epoch   179/  200] trn/loss 7.113e-01, trn/lr 2.826e-02, trn/scale 1.032e-01, val/acc 7.827e-01, val/nll 6.384e-01 (best_acc: 7.692e-01 -> 7.827e-01, test_acc: 7.804e-01, test_nll: 6.524e-01)
[2023-02-11 14:46:07] [Epoch   180/  200] trn/loss 7.051e-01, trn/lr 2.571e-02, trn/scale 1.032e-01, val/acc 7.910e-01, val/nll 6.242e-01 (best_acc: 7.827e-01 -> 7.910e-01, test_acc: 7.816e-01, test_nll: 6.373e-01)
[2023-02-11 14:46:16] [Epoch   181/  200] trn/loss 6.909e-01, trn/lr 2.329e-02, trn/scale 1.032e-01, val/acc 7.966e-01, val/nll 6.149e-01 (best_acc: 7.910e-01 -> 7.966e-01, test_acc: 7.882e-01, test_nll: 6.277e-01)
[2023-02-11 14:46:24] [Epoch   182/  200] trn/loss 6.842e-01, trn/lr 2.098e-02, trn/scale 1.032e-01, val/acc 7.853e-01, val/nll 6.388e-01
[2023-02-11 14:46:33] [Epoch   183/  200] trn/loss 6.702e-01, trn/lr 1.878e-02, trn/scale 1.032e-01, val/acc 7.992e-01, val/nll 5.979e-01 (best_acc: 7.966e-01 -> 7.992e-01, test_acc: 7.952e-01, test_nll: 6.136e-01)
[2023-02-11 14:46:42] [Epoch   184/  200] trn/loss 6.655e-01, trn/lr 1.671e-02, trn/scale 1.032e-01, val/acc 8.009e-01, val/nll 5.876e-01 (best_acc: 7.992e-01 -> 8.009e-01, test_acc: 7.971e-01, test_nll: 6.023e-01)
[2023-02-11 14:46:51] [Epoch   185/  200] trn/loss 6.568e-01, trn/lr 1.476e-02, trn/scale 1.032e-01, val/acc 8.041e-01, val/nll 5.835e-01 (best_acc: 8.009e-01 -> 8.041e-01, test_acc: 7.986e-01, test_nll: 5.956e-01)
[2023-02-11 14:47:01] [Epoch   186/  200] trn/loss 6.509e-01, trn/lr 1.292e-02, trn/scale 1.032e-01, val/acc 8.134e-01, val/nll 5.643e-01 (best_acc: 8.041e-01 -> 8.134e-01, test_acc: 8.083e-01, test_nll: 5.777e-01)
[2023-02-11 14:47:10] [Epoch   187/  200] trn/loss 6.467e-01, trn/lr 1.121e-02, trn/scale 1.032e-01, val/acc 8.159e-01, val/nll 5.634e-01 (best_acc: 8.134e-01 -> 8.159e-01, test_acc: 8.060e-01, test_nll: 5.754e-01)
[2023-02-11 14:47:18] [Epoch   188/  200] trn/loss 6.386e-01, trn/lr 9.617e-03, trn/scale 1.032e-01, val/acc 8.052e-01, val/nll 5.692e-01
[2023-02-11 14:47:26] [Epoch   189/  200] trn/loss 6.319e-01, trn/lr 8.145e-03, trn/scale 1.032e-01, val/acc 8.121e-01, val/nll 5.589e-01
[2023-02-11 14:47:35] [Epoch   190/  200] trn/loss 6.278e-01, trn/lr 6.794e-03, trn/scale 1.032e-01, val/acc 8.186e-01, val/nll 5.489e-01 (best_acc: 8.159e-01 -> 8.186e-01, test_acc: 8.132e-01, test_nll: 5.612e-01)
[2023-02-11 14:47:44] [Epoch   191/  200] trn/loss 6.205e-01, trn/lr 5.565e-03, trn/scale 1.032e-01, val/acc 8.153e-01, val/nll 5.499e-01
[2023-02-11 14:47:52] [Epoch   192/  200] trn/loss 6.200e-01, trn/lr 4.458e-03, trn/scale 1.032e-01, val/acc 8.184e-01, val/nll 5.422e-01
[2023-02-11 14:48:01] [Epoch   193/  200] trn/loss 6.160e-01, trn/lr 3.474e-03, trn/scale 1.032e-01, val/acc 8.195e-01, val/nll 5.424e-01 (best_acc: 8.186e-01 -> 8.195e-01, test_acc: 8.119e-01, test_nll: 5.551e-01)
[2023-02-11 14:48:09] [Epoch   194/  200] trn/loss 6.134e-01, trn/lr 2.612e-03, trn/scale 1.032e-01, val/acc 8.192e-01, val/nll 5.389e-01
[2023-02-11 14:48:17] [Epoch   195/  200] trn/loss 6.043e-01, trn/lr 1.872e-03, trn/scale 1.033e-01, val/acc 8.192e-01, val/nll 5.354e-01
[2023-02-11 14:48:27] [Epoch   196/  200] trn/loss 6.053e-01, trn/lr 1.255e-03, trn/scale 1.033e-01, val/acc 8.213e-01, val/nll 5.340e-01 (best_acc: 8.195e-01 -> 8.213e-01, test_acc: 8.174e-01, test_nll: 5.462e-01)
[2023-02-11 14:48:36] [Epoch   197/  200] trn/loss 6.015e-01, trn/lr 7.619e-04, trn/scale 1.033e-01, val/acc 8.223e-01, val/nll 5.328e-01 (best_acc: 8.213e-01 -> 8.223e-01, test_acc: 8.165e-01, test_nll: 5.456e-01)
[2023-02-11 14:48:45] [Epoch   198/  200] trn/loss 6.065e-01, trn/lr 3.916e-04, trn/scale 1.033e-01, val/acc 8.239e-01, val/nll 5.328e-01 (best_acc: 8.223e-01 -> 8.239e-01, test_acc: 8.175e-01, test_nll: 5.455e-01)
[2023-02-11 14:48:53] [Epoch   199/  200] trn/loss 6.034e-01, trn/lr 1.445e-04, trn/scale 1.033e-01, val/acc 8.231e-01, val/nll 5.328e-01
[2023-02-11 14:49:01] [Epoch   200/  200] trn/loss 6.038e-01, trn/lr 2.075e-05, trn/scale 1.033e-01, val/acc 8.223e-01, val/nll 5.321e-01
