[2023-02-07 14:14:57] Environments:
------------  ------------------------------------------------------------
sys.platform  linux
Python        3.8.10 (default, Nov 14 2022, 12:59:47) [GCC 9.4.0]
JAX           0.4.2 @/home/giung/.local/lib/python3.8/site-packages/jax
jaxlib        0.4.2 @/home/giung/.local/lib/python3.8/site-packages/jaxlib
Flax          0.6.4 @/home/giung/.local/lib/python3.8/site-packages/flax
Optax         0.1.4 @/home/giung/.local/lib/python3.8/site-packages/optax
------------  ------------------------------------------------------------

[2023-02-07 14:14:57] Command line arguments:
- args.data_root          : ./data/
- args.data_name          : CIFAR10_x32
- args.data_augmentation  : standard
- args.data_proportional  : 1.0
- args.model_depth        : 20
- args.model_width        : 4
- args.model_style        : BN-ReLU
- args.optim_bs           : 256
- args.optim_ne           : 200
- args.optim_lr           : 0.03
- args.optim_momentum     : 0.99
- args.optim_weight_decay : 0.0001
- args.rho                : 0.01
- args.save               : /home/giung/giung2-dev/projects/sam/save/CIFAR10_x32/R20x4-BN-ReLU/SAM/bs-0256_ne-0200_lr-0.03_mo-0.99_wd-0.0001_rho-0.0100_fp32/42
- args.seed               : 42
- args.precision          : fp32

[2023-02-07 14:15:03] Multiple local devices are detected:
[TpuDevice(id=0, process_index=0, coords=(0,0,0), core_on_chip=0), TpuDevice(id=1, process_index=0, coords=(0,0,0), core_on_chip=1), TpuDevice(id=2, process_index=0, coords=(1,0,0), core_on_chip=0), TpuDevice(id=3, process_index=0, coords=(1,0,0), core_on_chip=1), TpuDevice(id=4, process_index=0, coords=(0,1,0), core_on_chip=0), TpuDevice(id=5, process_index=0, coords=(0,1,0), core_on_chip=1), TpuDevice(id=6, process_index=0, coords=(1,1,0), core_on_chip=0), TpuDevice(id=7, process_index=0, coords=(1,1,0), core_on_chip=1)]

[2023-02-07 14:16:02] [Epoch     1/  200] trn/loss 1.891e+00, trn/lr 3.000e-02, val/acc 4.159e-01, val/nll 1.826e+00 (best_acc: 0.000e+00 -> 4.159e-01, test_acc: 4.187e-01, test_nll: 1.813e+00)
[2023-02-07 14:16:10] [Epoch     2/  200] trn/loss 1.373e+00, trn/lr 3.000e-02, val/acc 5.593e-01, val/nll 1.224e+00 (best_acc: 4.159e-01 -> 5.593e-01, test_acc: 5.500e-01, test_nll: 1.237e+00)
[2023-02-07 14:16:18] [Epoch     3/  200] trn/loss 1.146e+00, trn/lr 2.999e-02, val/acc 6.340e-01, val/nll 1.041e+00 (best_acc: 5.593e-01 -> 6.340e-01, test_acc: 6.271e-01, test_nll: 1.048e+00)
[2023-02-07 14:16:26] [Epoch     4/  200] trn/loss 1.002e+00, trn/lr 2.998e-02, val/acc 6.814e-01, val/nll 8.921e-01 (best_acc: 6.340e-01 -> 6.814e-01, test_acc: 6.790e-01, test_nll: 9.125e-01)
[2023-02-07 14:16:34] [Epoch     5/  200] trn/loss 8.848e-01, trn/lr 2.996e-02, val/acc 6.874e-01, val/nll 8.858e-01 (best_acc: 6.814e-01 -> 6.874e-01, test_acc: 6.855e-01, test_nll: 8.944e-01)
[2023-02-07 14:16:42] [Epoch     6/  200] trn/loss 7.984e-01, trn/lr 2.994e-02, val/acc 7.010e-01, val/nll 8.690e-01 (best_acc: 6.874e-01 -> 7.010e-01, test_acc: 7.017e-01, test_nll: 8.833e-01)
[2023-02-07 14:16:50] [Epoch     7/  200] trn/loss 7.185e-01, trn/lr 2.992e-02, val/acc 7.447e-01, val/nll 7.321e-01 (best_acc: 7.010e-01 -> 7.447e-01, test_acc: 7.412e-01, test_nll: 7.538e-01)
[2023-02-07 14:16:58] [Epoch     8/  200] trn/loss 6.450e-01, trn/lr 2.990e-02, val/acc 7.836e-01, val/nll 6.235e-01 (best_acc: 7.447e-01 -> 7.836e-01, test_acc: 7.848e-01, test_nll: 6.164e-01)
[2023-02-07 14:17:06] [Epoch     9/  200] trn/loss 5.762e-01, trn/lr 2.987e-02, val/acc 7.890e-01, val/nll 6.104e-01 (best_acc: 7.836e-01 -> 7.890e-01, test_acc: 7.877e-01, test_nll: 6.120e-01)
[2023-02-07 14:17:14] [Epoch    10/  200] trn/loss 5.433e-01, trn/lr 2.983e-02, val/acc 8.192e-01, val/nll 5.299e-01 (best_acc: 7.890e-01 -> 8.192e-01, test_acc: 8.161e-01, test_nll: 5.370e-01)
[2023-02-07 14:17:21] [Epoch    11/  200] trn/loss 4.843e-01, trn/lr 2.980e-02, val/acc 8.152e-01, val/nll 5.543e-01
[2023-02-07 14:17:29] [Epoch    12/  200] trn/loss 4.537e-01, trn/lr 2.976e-02, val/acc 8.317e-01, val/nll 5.038e-01 (best_acc: 8.192e-01 -> 8.317e-01, test_acc: 8.275e-01, test_nll: 5.067e-01)
[2023-02-07 14:17:37] [Epoch    13/  200] trn/loss 4.258e-01, trn/lr 2.971e-02, val/acc 8.321e-01, val/nll 4.966e-01 (best_acc: 8.317e-01 -> 8.321e-01, test_acc: 8.276e-01, test_nll: 5.051e-01)
[2023-02-07 14:17:45] [Epoch    14/  200] trn/loss 3.992e-01, trn/lr 2.966e-02, val/acc 8.515e-01, val/nll 4.357e-01 (best_acc: 8.321e-01 -> 8.515e-01, test_acc: 8.463e-01, test_nll: 4.563e-01)
[2023-02-07 14:17:53] [Epoch    15/  200] trn/loss 3.796e-01, trn/lr 2.961e-02, val/acc 8.538e-01, val/nll 4.459e-01 (best_acc: 8.515e-01 -> 8.538e-01, test_acc: 8.518e-01, test_nll: 4.475e-01)
[2023-02-07 14:18:01] [Epoch    16/  200] trn/loss 3.457e-01, trn/lr 2.956e-02, val/acc 8.584e-01, val/nll 4.196e-01 (best_acc: 8.538e-01 -> 8.584e-01, test_acc: 8.537e-01, test_nll: 4.312e-01)
[2023-02-07 14:18:09] [Epoch    17/  200] trn/loss 3.223e-01, trn/lr 2.950e-02, val/acc 8.590e-01, val/nll 4.253e-01 (best_acc: 8.584e-01 -> 8.590e-01, test_acc: 8.564e-01, test_nll: 4.325e-01)
[2023-02-07 14:18:17] [Epoch    18/  200] trn/loss 3.073e-01, trn/lr 2.944e-02, val/acc 8.639e-01, val/nll 4.192e-01 (best_acc: 8.590e-01 -> 8.639e-01, test_acc: 8.581e-01, test_nll: 4.361e-01)
[2023-02-07 14:18:25] [Epoch    19/  200] trn/loss 2.880e-01, trn/lr 2.937e-02, val/acc 8.687e-01, val/nll 4.065e-01 (best_acc: 8.639e-01 -> 8.687e-01, test_acc: 8.640e-01, test_nll: 4.014e-01)
[2023-02-07 14:18:33] [Epoch    20/  200] trn/loss 2.787e-01, trn/lr 2.930e-02, val/acc 8.744e-01, val/nll 3.838e-01 (best_acc: 8.687e-01 -> 8.744e-01, test_acc: 8.675e-01, test_nll: 3.909e-01)
[2023-02-07 14:18:40] [Epoch    21/  200] trn/loss 2.749e-01, trn/lr 2.923e-02, val/acc 8.511e-01, val/nll 4.616e-01
[2023-02-07 14:18:48] [Epoch    22/  200] trn/loss 2.791e-01, trn/lr 2.915e-02, val/acc 8.836e-01, val/nll 3.549e-01 (best_acc: 8.744e-01 -> 8.836e-01, test_acc: 8.828e-01, test_nll: 3.615e-01)
[2023-02-07 14:18:56] [Epoch    23/  200] trn/loss 2.587e-01, trn/lr 2.907e-02, val/acc 8.686e-01, val/nll 4.136e-01
[2023-02-07 14:19:03] [Epoch    24/  200] trn/loss 2.508e-01, trn/lr 2.899e-02, val/acc 8.760e-01, val/nll 3.897e-01
[2023-02-07 14:19:10] [Epoch    25/  200] trn/loss 2.356e-01, trn/lr 2.890e-02, val/acc 8.754e-01, val/nll 3.911e-01
[2023-02-07 14:19:17] [Epoch    26/  200] trn/loss 2.362e-01, trn/lr 2.881e-02, val/acc 8.805e-01, val/nll 3.673e-01
[2023-02-07 14:19:24] [Epoch    27/  200] trn/loss 2.228e-01, trn/lr 2.872e-02, val/acc 8.740e-01, val/nll 4.089e-01
[2023-02-07 14:19:32] [Epoch    28/  200] trn/loss 2.305e-01, trn/lr 2.862e-02, val/acc 8.647e-01, val/nll 4.197e-01
[2023-02-07 14:19:39] [Epoch    29/  200] trn/loss 2.259e-01, trn/lr 2.852e-02, val/acc 8.772e-01, val/nll 4.008e-01
[2023-02-07 14:19:46] [Epoch    30/  200] trn/loss 2.071e-01, trn/lr 2.842e-02, val/acc 8.799e-01, val/nll 3.898e-01
[2023-02-07 14:19:54] [Epoch    31/  200] trn/loss 1.986e-01, trn/lr 2.831e-02, val/acc 8.876e-01, val/nll 3.592e-01 (best_acc: 8.836e-01 -> 8.876e-01, test_acc: 8.820e-01, test_nll: 3.679e-01)
[2023-02-07 14:20:02] [Epoch    32/  200] trn/loss 1.883e-01, trn/lr 2.820e-02, val/acc 8.909e-01, val/nll 3.566e-01 (best_acc: 8.876e-01 -> 8.909e-01, test_acc: 8.893e-01, test_nll: 3.601e-01)
[2023-02-07 14:20:09] [Epoch    33/  200] trn/loss 1.865e-01, trn/lr 2.809e-02, val/acc 8.689e-01, val/nll 4.545e-01
[2023-02-07 14:20:17] [Epoch    34/  200] trn/loss 1.854e-01, trn/lr 2.797e-02, val/acc 8.976e-01, val/nll 3.138e-01 (best_acc: 8.909e-01 -> 8.976e-01, test_acc: 8.958e-01, test_nll: 3.299e-01)
[2023-02-07 14:20:24] [Epoch    35/  200] trn/loss 1.761e-01, trn/lr 2.785e-02, val/acc 8.930e-01, val/nll 3.465e-01
[2023-02-07 14:20:32] [Epoch    36/  200] trn/loss 1.742e-01, trn/lr 2.773e-02, val/acc 8.857e-01, val/nll 3.766e-01
[2023-02-07 14:20:39] [Epoch    37/  200] trn/loss 1.737e-01, trn/lr 2.760e-02, val/acc 8.840e-01, val/nll 3.806e-01
[2023-02-07 14:20:46] [Epoch    38/  200] trn/loss 1.701e-01, trn/lr 2.747e-02, val/acc 8.867e-01, val/nll 3.895e-01
[2023-02-07 14:20:53] [Epoch    39/  200] trn/loss 1.647e-01, trn/lr 2.734e-02, val/acc 8.971e-01, val/nll 3.211e-01
[2023-02-07 14:21:01] [Epoch    40/  200] trn/loss 1.463e-01, trn/lr 2.720e-02, val/acc 8.907e-01, val/nll 3.723e-01
[2023-02-07 14:21:08] [Epoch    41/  200] trn/loss 1.575e-01, trn/lr 2.707e-02, val/acc 8.882e-01, val/nll 3.626e-01
[2023-02-07 14:21:15] [Epoch    42/  200] trn/loss 1.578e-01, trn/lr 2.692e-02, val/acc 8.918e-01, val/nll 3.471e-01
[2023-02-07 14:21:23] [Epoch    43/  200] trn/loss 1.455e-01, trn/lr 2.678e-02, val/acc 8.978e-01, val/nll 3.418e-01 (best_acc: 8.976e-01 -> 8.978e-01, test_acc: 8.973e-01, test_nll: 3.369e-01)
[2023-02-07 14:21:30] [Epoch    44/  200] trn/loss 1.434e-01, trn/lr 2.663e-02, val/acc 8.977e-01, val/nll 3.613e-01
[2023-02-07 14:21:38] [Epoch    45/  200] trn/loss 1.478e-01, trn/lr 2.648e-02, val/acc 8.970e-01, val/nll 3.481e-01
[2023-02-07 14:21:45] [Epoch    46/  200] trn/loss 1.476e-01, trn/lr 2.633e-02, val/acc 8.941e-01, val/nll 3.508e-01
[2023-02-07 14:21:52] [Epoch    47/  200] trn/loss 1.462e-01, trn/lr 2.617e-02, val/acc 8.897e-01, val/nll 3.622e-01
[2023-02-07 14:21:59] [Epoch    48/  200] trn/loss 1.476e-01, trn/lr 2.602e-02, val/acc 8.808e-01, val/nll 4.375e-01
[2023-02-07 14:22:07] [Epoch    49/  200] trn/loss 1.458e-01, trn/lr 2.585e-02, val/acc 8.948e-01, val/nll 3.409e-01
[2023-02-07 14:22:14] [Epoch    50/  200] trn/loss 1.399e-01, trn/lr 2.569e-02, val/acc 8.876e-01, val/nll 4.010e-01
[2023-02-07 14:22:22] [Epoch    51/  200] trn/loss 1.370e-01, trn/lr 2.552e-02, val/acc 9.025e-01, val/nll 3.342e-01 (best_acc: 8.978e-01 -> 9.025e-01, test_acc: 8.986e-01, test_nll: 3.534e-01)
[2023-02-07 14:22:29] [Epoch    52/  200] trn/loss 1.365e-01, trn/lr 2.535e-02, val/acc 8.971e-01, val/nll 3.582e-01
[2023-02-07 14:22:37] [Epoch    53/  200] trn/loss 1.273e-01, trn/lr 2.518e-02, val/acc 9.039e-01, val/nll 3.258e-01 (best_acc: 9.025e-01 -> 9.039e-01, test_acc: 9.047e-01, test_nll: 3.334e-01)
[2023-02-07 14:22:44] [Epoch    54/  200] trn/loss 1.188e-01, trn/lr 2.501e-02, val/acc 9.008e-01, val/nll 3.340e-01
[2023-02-07 14:22:51] [Epoch    55/  200] trn/loss 1.158e-01, trn/lr 2.483e-02, val/acc 8.947e-01, val/nll 3.550e-01
[2023-02-07 14:22:59] [Epoch    56/  200] trn/loss 1.265e-01, trn/lr 2.465e-02, val/acc 8.913e-01, val/nll 3.826e-01
[2023-02-07 14:23:07] [Epoch    57/  200] trn/loss 1.240e-01, trn/lr 2.447e-02, val/acc 9.064e-01, val/nll 3.140e-01 (best_acc: 9.039e-01 -> 9.064e-01, test_acc: 9.036e-01, test_nll: 3.239e-01)
[2023-02-07 14:23:15] [Epoch    58/  200] trn/loss 1.123e-01, trn/lr 2.429e-02, val/acc 9.079e-01, val/nll 3.201e-01 (best_acc: 9.064e-01 -> 9.079e-01, test_acc: 9.038e-01, test_nll: 3.343e-01)
[2023-02-07 14:23:22] [Epoch    59/  200] trn/loss 1.069e-01, trn/lr 2.410e-02, val/acc 9.070e-01, val/nll 3.309e-01
[2023-02-07 14:23:29] [Epoch    60/  200] trn/loss 1.092e-01, trn/lr 2.391e-02, val/acc 8.996e-01, val/nll 3.637e-01
[2023-02-07 14:23:37] [Epoch    61/  200] trn/loss 1.071e-01, trn/lr 2.372e-02, val/acc 9.085e-01, val/nll 3.134e-01 (best_acc: 9.079e-01 -> 9.085e-01, test_acc: 9.000e-01, test_nll: 3.493e-01)
[2023-02-07 14:23:44] [Epoch    62/  200] trn/loss 9.884e-02, trn/lr 2.353e-02, val/acc 9.049e-01, val/nll 3.309e-01
[2023-02-07 14:23:51] [Epoch    63/  200] trn/loss 9.982e-02, trn/lr 2.333e-02, val/acc 9.001e-01, val/nll 3.527e-01
[2023-02-07 14:23:59] [Epoch    64/  200] trn/loss 1.041e-01, trn/lr 2.314e-02, val/acc 9.034e-01, val/nll 3.353e-01
[2023-02-07 14:24:06] [Epoch    65/  200] trn/loss 1.037e-01, trn/lr 2.294e-02, val/acc 9.085e-01, val/nll 3.067e-01
[2023-02-07 14:24:13] [Epoch    66/  200] trn/loss 1.017e-01, trn/lr 2.274e-02, val/acc 9.017e-01, val/nll 3.566e-01
[2023-02-07 14:24:21] [Epoch    67/  200] trn/loss 1.008e-01, trn/lr 2.253e-02, val/acc 9.137e-01, val/nll 3.096e-01 (best_acc: 9.085e-01 -> 9.137e-01, test_acc: 9.095e-01, test_nll: 3.267e-01)
[2023-02-07 14:24:28] [Epoch    68/  200] trn/loss 9.908e-02, trn/lr 2.233e-02, val/acc 9.124e-01, val/nll 3.094e-01
[2023-02-07 14:24:35] [Epoch    69/  200] trn/loss 1.026e-01, trn/lr 2.212e-02, val/acc 9.113e-01, val/nll 3.021e-01
[2023-02-07 14:24:43] [Epoch    70/  200] trn/loss 9.422e-02, trn/lr 2.192e-02, val/acc 9.106e-01, val/nll 3.041e-01
[2023-02-07 14:24:50] [Epoch    71/  200] trn/loss 8.651e-02, trn/lr 2.171e-02, val/acc 9.074e-01, val/nll 3.560e-01
[2023-02-07 14:24:57] [Epoch    72/  200] trn/loss 8.682e-02, trn/lr 2.149e-02, val/acc 9.111e-01, val/nll 3.368e-01
[2023-02-07 14:25:04] [Epoch    73/  200] trn/loss 9.814e-02, trn/lr 2.128e-02, val/acc 9.112e-01, val/nll 3.215e-01
[2023-02-07 14:25:12] [Epoch    74/  200] trn/loss 8.862e-02, trn/lr 2.107e-02, val/acc 9.124e-01, val/nll 3.244e-01
[2023-02-07 14:25:19] [Epoch    75/  200] trn/loss 8.699e-02, trn/lr 2.085e-02, val/acc 9.072e-01, val/nll 3.475e-01
[2023-02-07 14:25:26] [Epoch    76/  200] trn/loss 9.021e-02, trn/lr 2.063e-02, val/acc 9.024e-01, val/nll 3.643e-01
[2023-02-07 14:25:33] [Epoch    77/  200] trn/loss 8.885e-02, trn/lr 2.041e-02, val/acc 9.107e-01, val/nll 3.355e-01
[2023-02-07 14:25:40] [Epoch    78/  200] trn/loss 8.280e-02, trn/lr 2.019e-02, val/acc 9.046e-01, val/nll 3.509e-01
[2023-02-07 14:25:48] [Epoch    79/  200] trn/loss 8.309e-02, trn/lr 1.997e-02, val/acc 9.088e-01, val/nll 3.233e-01
[2023-02-07 14:25:55] [Epoch    80/  200] trn/loss 8.000e-02, trn/lr 1.975e-02, val/acc 9.087e-01, val/nll 3.466e-01
[2023-02-07 14:26:03] [Epoch    81/  200] trn/loss 8.153e-02, trn/lr 1.952e-02, val/acc 9.152e-01, val/nll 3.209e-01 (best_acc: 9.137e-01 -> 9.152e-01, test_acc: 9.076e-01, test_nll: 3.518e-01)
[2023-02-07 14:26:10] [Epoch    82/  200] trn/loss 7.989e-02, trn/lr 1.930e-02, val/acc 9.071e-01, val/nll 3.509e-01
[2023-02-07 14:26:17] [Epoch    83/  200] trn/loss 7.970e-02, trn/lr 1.907e-02, val/acc 9.076e-01, val/nll 3.352e-01
[2023-02-07 14:26:25] [Epoch    84/  200] trn/loss 7.723e-02, trn/lr 1.885e-02, val/acc 9.126e-01, val/nll 3.322e-01
[2023-02-07 14:26:33] [Epoch    85/  200] trn/loss 7.110e-02, trn/lr 1.862e-02, val/acc 9.187e-01, val/nll 3.203e-01 (best_acc: 9.152e-01 -> 9.187e-01, test_acc: 9.137e-01, test_nll: 3.188e-01)
[2023-02-07 14:26:40] [Epoch    86/  200] trn/loss 6.562e-02, trn/lr 1.839e-02, val/acc 9.119e-01, val/nll 3.305e-01
[2023-02-07 14:26:47] [Epoch    87/  200] trn/loss 6.876e-02, trn/lr 1.816e-02, val/acc 9.163e-01, val/nll 3.194e-01
[2023-02-07 14:26:54] [Epoch    88/  200] trn/loss 6.960e-02, trn/lr 1.793e-02, val/acc 9.142e-01, val/nll 2.974e-01
[2023-02-07 14:27:01] [Epoch    89/  200] trn/loss 6.991e-02, trn/lr 1.770e-02, val/acc 9.153e-01, val/nll 3.187e-01
[2023-02-07 14:27:09] [Epoch    90/  200] trn/loss 6.849e-02, trn/lr 1.746e-02, val/acc 9.113e-01, val/nll 3.387e-01
[2023-02-07 14:27:16] [Epoch    91/  200] trn/loss 7.271e-02, trn/lr 1.723e-02, val/acc 9.127e-01, val/nll 3.290e-01
[2023-02-07 14:27:23] [Epoch    92/  200] trn/loss 6.283e-02, trn/lr 1.700e-02, val/acc 9.187e-01, val/nll 3.114e-01
[2023-02-07 14:27:31] [Epoch    93/  200] trn/loss 5.972e-02, trn/lr 1.676e-02, val/acc 9.197e-01, val/nll 2.886e-01 (best_acc: 9.187e-01 -> 9.197e-01, test_acc: 9.152e-01, test_nll: 3.057e-01)
[2023-02-07 14:27:38] [Epoch    94/  200] trn/loss 5.983e-02, trn/lr 1.653e-02, val/acc 9.186e-01, val/nll 2.977e-01
[2023-02-07 14:27:45] [Epoch    95/  200] trn/loss 5.566e-02, trn/lr 1.630e-02, val/acc 9.157e-01, val/nll 3.154e-01
[2023-02-07 14:27:53] [Epoch    96/  200] trn/loss 5.975e-02, trn/lr 1.606e-02, val/acc 9.137e-01, val/nll 3.100e-01
[2023-02-07 14:28:00] [Epoch    97/  200] trn/loss 6.039e-02, trn/lr 1.582e-02, val/acc 9.154e-01, val/nll 3.186e-01
[2023-02-07 14:28:07] [Epoch    98/  200] trn/loss 5.417e-02, trn/lr 1.559e-02, val/acc 9.164e-01, val/nll 3.210e-01
[2023-02-07 14:28:14] [Epoch    99/  200] trn/loss 5.072e-02, trn/lr 1.535e-02, val/acc 9.094e-01, val/nll 3.475e-01
[2023-02-07 14:28:22] [Epoch   100/  200] trn/loss 5.201e-02, trn/lr 1.512e-02, val/acc 9.217e-01, val/nll 2.897e-01 (best_acc: 9.197e-01 -> 9.217e-01, test_acc: 9.180e-01, test_nll: 3.131e-01)
[2023-02-07 14:28:30] [Epoch   101/  200] trn/loss 4.989e-02, trn/lr 1.488e-02, val/acc 9.206e-01, val/nll 3.064e-01
[2023-02-07 14:28:37] [Epoch   102/  200] trn/loss 5.304e-02, trn/lr 1.465e-02, val/acc 9.217e-01, val/nll 2.844e-01
[2023-02-07 14:28:44] [Epoch   103/  200] trn/loss 5.300e-02, trn/lr 1.441e-02, val/acc 9.196e-01, val/nll 3.134e-01
[2023-02-07 14:28:51] [Epoch   104/  200] trn/loss 4.679e-02, trn/lr 1.418e-02, val/acc 9.215e-01, val/nll 2.974e-01
[2023-02-07 14:28:59] [Epoch   105/  200] trn/loss 4.367e-02, trn/lr 1.394e-02, val/acc 9.240e-01, val/nll 2.937e-01 (best_acc: 9.217e-01 -> 9.240e-01, test_acc: 9.204e-01, test_nll: 3.144e-01)
[2023-02-07 14:29:06] [Epoch   106/  200] trn/loss 4.520e-02, trn/lr 1.371e-02, val/acc 9.228e-01, val/nll 3.140e-01
[2023-02-07 14:29:14] [Epoch   107/  200] trn/loss 4.722e-02, trn/lr 1.347e-02, val/acc 9.252e-01, val/nll 2.799e-01 (best_acc: 9.240e-01 -> 9.252e-01, test_acc: 9.208e-01, test_nll: 3.002e-01)
[2023-02-07 14:29:22] [Epoch   108/  200] trn/loss 4.338e-02, trn/lr 1.324e-02, val/acc 9.231e-01, val/nll 3.035e-01
[2023-02-07 14:29:29] [Epoch   109/  200] trn/loss 4.251e-02, trn/lr 1.300e-02, val/acc 9.243e-01, val/nll 3.082e-01
[2023-02-07 14:29:36] [Epoch   110/  200] trn/loss 3.954e-02, trn/lr 1.277e-02, val/acc 9.251e-01, val/nll 2.853e-01
[2023-02-07 14:29:43] [Epoch   111/  200] trn/loss 3.748e-02, trn/lr 1.254e-02, val/acc 9.243e-01, val/nll 3.003e-01
[2023-02-07 14:29:50] [Epoch   112/  200] trn/loss 3.596e-02, trn/lr 1.231e-02, val/acc 9.185e-01, val/nll 3.315e-01
[2023-02-07 14:29:58] [Epoch   113/  200] trn/loss 3.563e-02, trn/lr 1.207e-02, val/acc 9.164e-01, val/nll 3.276e-01
[2023-02-07 14:30:05] [Epoch   114/  200] trn/loss 3.718e-02, trn/lr 1.184e-02, val/acc 9.190e-01, val/nll 3.314e-01
[2023-02-07 14:30:13] [Epoch   115/  200] trn/loss 3.561e-02, trn/lr 1.161e-02, val/acc 9.283e-01, val/nll 2.824e-01 (best_acc: 9.252e-01 -> 9.283e-01, test_acc: 9.244e-01, test_nll: 3.018e-01)
[2023-02-07 14:30:20] [Epoch   116/  200] trn/loss 3.233e-02, trn/lr 1.138e-02, val/acc 9.281e-01, val/nll 2.879e-01
[2023-02-07 14:30:27] [Epoch   117/  200] trn/loss 3.301e-02, trn/lr 1.116e-02, val/acc 9.219e-01, val/nll 3.199e-01
[2023-02-07 14:30:34] [Epoch   118/  200] trn/loss 3.016e-02, trn/lr 1.093e-02, val/acc 9.247e-01, val/nll 2.998e-01
[2023-02-07 14:30:42] [Epoch   119/  200] trn/loss 3.002e-02, trn/lr 1.070e-02, val/acc 9.160e-01, val/nll 3.313e-01
[2023-02-07 14:30:49] [Epoch   120/  200] trn/loss 2.685e-02, trn/lr 1.048e-02, val/acc 9.252e-01, val/nll 2.929e-01
[2023-02-07 14:30:57] [Epoch   121/  200] trn/loss 2.579e-02, trn/lr 1.025e-02, val/acc 9.301e-01, val/nll 2.763e-01 (best_acc: 9.283e-01 -> 9.301e-01, test_acc: 9.271e-01, test_nll: 3.017e-01)
[2023-02-07 14:31:04] [Epoch   122/  200] trn/loss 2.459e-02, trn/lr 1.003e-02, val/acc 9.298e-01, val/nll 2.795e-01
[2023-02-07 14:31:11] [Epoch   123/  200] trn/loss 2.377e-02, trn/lr 9.809e-03, val/acc 9.274e-01, val/nll 3.009e-01
[2023-02-07 14:31:18] [Epoch   124/  200] trn/loss 2.279e-02, trn/lr 9.589e-03, val/acc 9.278e-01, val/nll 2.894e-01
[2023-02-07 14:31:26] [Epoch   125/  200] trn/loss 2.143e-02, trn/lr 9.370e-03, val/acc 9.310e-01, val/nll 2.817e-01 (best_acc: 9.301e-01 -> 9.310e-01, test_acc: 9.274e-01, test_nll: 2.852e-01)
[2023-02-07 14:31:34] [Epoch   126/  200] trn/loss 2.172e-02, trn/lr 9.152e-03, val/acc 9.313e-01, val/nll 2.716e-01 (best_acc: 9.310e-01 -> 9.313e-01, test_acc: 9.249e-01, test_nll: 2.964e-01)
[2023-02-07 14:31:41] [Epoch   127/  200] trn/loss 1.862e-02, trn/lr 8.936e-03, val/acc 9.306e-01, val/nll 2.875e-01
[2023-02-07 14:31:49] [Epoch   128/  200] trn/loss 1.820e-02, trn/lr 8.721e-03, val/acc 9.288e-01, val/nll 2.888e-01
[2023-02-07 14:31:56] [Epoch   129/  200] trn/loss 1.633e-02, trn/lr 8.508e-03, val/acc 9.313e-01, val/nll 2.845e-01
[2023-02-07 14:32:04] [Epoch   130/  200] trn/loss 1.542e-02, trn/lr 8.296e-03, val/acc 9.325e-01, val/nll 2.770e-01 (best_acc: 9.313e-01 -> 9.325e-01, test_acc: 9.311e-01, test_nll: 2.829e-01)
[2023-02-07 14:32:12] [Epoch   131/  200] trn/loss 1.740e-02, trn/lr 8.086e-03, val/acc 9.338e-01, val/nll 2.751e-01 (best_acc: 9.325e-01 -> 9.338e-01, test_acc: 9.302e-01, test_nll: 2.737e-01)
[2023-02-07 14:32:19] [Epoch   132/  200] trn/loss 1.639e-02, trn/lr 7.878e-03, val/acc 9.291e-01, val/nll 2.745e-01
[2023-02-07 14:32:26] [Epoch   133/  200] trn/loss 1.310e-02, trn/lr 7.671e-03, val/acc 9.331e-01, val/nll 2.719e-01
[2023-02-07 14:32:34] [Epoch   134/  200] trn/loss 1.142e-02, trn/lr 7.467e-03, val/acc 9.354e-01, val/nll 2.626e-01 (best_acc: 9.338e-01 -> 9.354e-01, test_acc: 9.348e-01, test_nll: 2.697e-01)
[2023-02-07 14:32:42] [Epoch   135/  200] trn/loss 1.031e-02, trn/lr 7.264e-03, val/acc 9.375e-01, val/nll 2.662e-01 (best_acc: 9.354e-01 -> 9.375e-01, test_acc: 9.340e-01, test_nll: 2.709e-01)
[2023-02-07 14:32:49] [Epoch   136/  200] trn/loss 8.852e-03, trn/lr 7.063e-03, val/acc 9.358e-01, val/nll 2.709e-01
[2023-02-07 14:32:57] [Epoch   137/  200] trn/loss 8.535e-03, trn/lr 6.864e-03, val/acc 9.364e-01, val/nll 2.638e-01
[2023-02-07 14:33:05] [Epoch   138/  200] trn/loss 8.871e-03, trn/lr 6.667e-03, val/acc 9.397e-01, val/nll 2.473e-01 (best_acc: 9.375e-01 -> 9.397e-01, test_acc: 9.361e-01, test_nll: 2.581e-01)
[2023-02-07 14:33:12] [Epoch   139/  200] trn/loss 7.731e-03, trn/lr 6.472e-03, val/acc 9.381e-01, val/nll 2.557e-01
[2023-02-07 14:33:19] [Epoch   140/  200] trn/loss 8.360e-03, trn/lr 6.279e-03, val/acc 9.392e-01, val/nll 2.576e-01
[2023-02-07 14:33:26] [Epoch   141/  200] trn/loss 8.264e-03, trn/lr 6.089e-03, val/acc 9.384e-01, val/nll 2.671e-01
[2023-02-07 14:33:34] [Epoch   142/  200] trn/loss 6.223e-03, trn/lr 5.900e-03, val/acc 9.404e-01, val/nll 2.584e-01 (best_acc: 9.397e-01 -> 9.404e-01, test_acc: 9.362e-01, test_nll: 2.568e-01)
[2023-02-07 14:33:42] [Epoch   143/  200] trn/loss 5.321e-03, trn/lr 5.714e-03, val/acc 9.409e-01, val/nll 2.565e-01 (best_acc: 9.404e-01 -> 9.409e-01, test_acc: 9.387e-01, test_nll: 2.424e-01)
[2023-02-07 14:33:49] [Epoch   144/  200] trn/loss 5.967e-03, trn/lr 5.530e-03, val/acc 9.394e-01, val/nll 2.596e-01
[2023-02-07 14:33:57] [Epoch   145/  200] trn/loss 5.139e-03, trn/lr 5.349e-03, val/acc 9.400e-01, val/nll 2.644e-01
[2023-02-07 14:34:04] [Epoch   146/  200] trn/loss 5.702e-03, trn/lr 5.170e-03, val/acc 9.406e-01, val/nll 2.592e-01
[2023-02-07 14:34:11] [Epoch   147/  200] trn/loss 4.524e-03, trn/lr 4.993e-03, val/acc 9.398e-01, val/nll 2.509e-01
[2023-02-07 14:34:18] [Epoch   148/  200] trn/loss 3.928e-03, trn/lr 4.819e-03, val/acc 9.406e-01, val/nll 2.502e-01
[2023-02-07 14:34:25] [Epoch   149/  200] trn/loss 3.867e-03, trn/lr 4.647e-03, val/acc 9.398e-01, val/nll 2.571e-01
[2023-02-07 14:34:33] [Epoch   150/  200] trn/loss 3.275e-03, trn/lr 4.478e-03, val/acc 9.408e-01, val/nll 2.433e-01
[2023-02-07 14:34:41] [Epoch   151/  200] trn/loss 3.226e-03, trn/lr 4.311e-03, val/acc 9.416e-01, val/nll 2.527e-01 (best_acc: 9.409e-01 -> 9.416e-01, test_acc: 9.413e-01, test_nll: 2.544e-01)
[2023-02-07 14:34:49] [Epoch   152/  200] trn/loss 2.719e-03, trn/lr 4.147e-03, val/acc 9.428e-01, val/nll 2.433e-01 (best_acc: 9.416e-01 -> 9.428e-01, test_acc: 9.413e-01, test_nll: 2.375e-01)
[2023-02-07 14:34:56] [Epoch   153/  200] trn/loss 2.668e-03, trn/lr 3.986e-03, val/acc 9.445e-01, val/nll 2.376e-01 (best_acc: 9.428e-01 -> 9.445e-01, test_acc: 9.426e-01, test_nll: 2.438e-01)
[2023-02-07 14:35:04] [Epoch   154/  200] trn/loss 2.225e-03, trn/lr 3.827e-03, val/acc 9.430e-01, val/nll 2.365e-01
[2023-02-07 14:35:11] [Epoch   155/  200] trn/loss 2.341e-03, trn/lr 3.671e-03, val/acc 9.409e-01, val/nll 2.410e-01
[2023-02-07 14:35:18] [Epoch   156/  200] trn/loss 1.964e-03, trn/lr 3.518e-03, val/acc 9.421e-01, val/nll 2.441e-01
[2023-02-07 14:35:25] [Epoch   157/  200] trn/loss 1.602e-03, trn/lr 3.368e-03, val/acc 9.445e-01, val/nll 2.362e-01
[2023-02-07 14:35:33] [Epoch   158/  200] trn/loss 1.700e-03, trn/lr 3.221e-03, val/acc 9.488e-01, val/nll 2.243e-01 (best_acc: 9.445e-01 -> 9.488e-01, test_acc: 9.456e-01, test_nll: 2.253e-01)
[2023-02-07 14:35:40] [Epoch   159/  200] trn/loss 1.585e-03, trn/lr 3.076e-03, val/acc 9.479e-01, val/nll 2.266e-01
[2023-02-07 14:35:48] [Epoch   160/  200] trn/loss 1.385e-03, trn/lr 2.935e-03, val/acc 9.447e-01, val/nll 2.321e-01
[2023-02-07 14:35:55] [Epoch   161/  200] trn/loss 1.310e-03, trn/lr 2.796e-03, val/acc 9.454e-01, val/nll 2.302e-01
[2023-02-07 14:36:02] [Epoch   162/  200] trn/loss 1.022e-03, trn/lr 2.661e-03, val/acc 9.459e-01, val/nll 2.296e-01
[2023-02-07 14:36:09] [Epoch   163/  200] trn/loss 1.168e-03, trn/lr 2.528e-03, val/acc 9.448e-01, val/nll 2.318e-01
[2023-02-07 14:36:16] [Epoch   164/  200] trn/loss 9.899e-04, trn/lr 2.399e-03, val/acc 9.458e-01, val/nll 2.262e-01
[2023-02-07 14:36:24] [Epoch   165/  200] trn/loss 9.362e-04, trn/lr 2.273e-03, val/acc 9.469e-01, val/nll 2.242e-01
[2023-02-07 14:36:31] [Epoch   166/  200] trn/loss 1.014e-03, trn/lr 2.150e-03, val/acc 9.472e-01, val/nll 2.254e-01
[2023-02-07 14:36:38] [Epoch   167/  200] trn/loss 1.059e-03, trn/lr 2.030e-03, val/acc 9.476e-01, val/nll 2.248e-01
[2023-02-07 14:36:45] [Epoch   168/  200] trn/loss 9.201e-04, trn/lr 1.913e-03, val/acc 9.475e-01, val/nll 2.209e-01
[2023-02-07 14:36:52] [Epoch   169/  200] trn/loss 9.163e-04, trn/lr 1.800e-03, val/acc 9.480e-01, val/nll 2.206e-01
[2023-02-07 14:37:00] [Epoch   170/  200] trn/loss 8.310e-04, trn/lr 1.689e-03, val/acc 9.487e-01, val/nll 2.188e-01
[2023-02-07 14:37:07] [Epoch   171/  200] trn/loss 9.405e-04, trn/lr 1.582e-03, val/acc 9.487e-01, val/nll 2.174e-01
[2023-02-07 14:37:14] [Epoch   172/  200] trn/loss 8.332e-04, trn/lr 1.479e-03, val/acc 9.488e-01, val/nll 2.191e-01
[2023-02-07 14:37:21] [Epoch   173/  200] trn/loss 8.938e-04, trn/lr 1.378e-03, val/acc 9.487e-01, val/nll 2.190e-01
[2023-02-07 14:37:28] [Epoch   174/  200] trn/loss 7.833e-04, trn/lr 1.281e-03, val/acc 9.471e-01, val/nll 2.209e-01
[2023-02-07 14:37:35] [Epoch   175/  200] trn/loss 7.480e-04, trn/lr 1.188e-03, val/acc 9.477e-01, val/nll 2.183e-01
[2023-02-07 14:37:43] [Epoch   176/  200] trn/loss 6.959e-04, trn/lr 1.098e-03, val/acc 9.487e-01, val/nll 2.189e-01
[2023-02-07 14:37:50] [Epoch   177/  200] trn/loss 7.420e-04, trn/lr 1.011e-03, val/acc 9.483e-01, val/nll 2.171e-01
[2023-02-07 14:37:58] [Epoch   178/  200] trn/loss 7.082e-04, trn/lr 9.275e-04, val/acc 9.500e-01, val/nll 2.151e-01 (best_acc: 9.488e-01 -> 9.500e-01, test_acc: 9.496e-01, test_nll: 2.069e-01)
[2023-02-07 14:38:06] [Epoch   179/  200] trn/loss 6.840e-04, trn/lr 8.477e-04, val/acc 9.504e-01, val/nll 2.143e-01 (best_acc: 9.500e-01 -> 9.504e-01, test_acc: 9.495e-01, test_nll: 2.077e-01)
[2023-02-07 14:38:13] [Epoch   180/  200] trn/loss 6.583e-04, trn/lr 7.714e-04, val/acc 9.494e-01, val/nll 2.127e-01
[2023-02-07 14:38:20] [Epoch   181/  200] trn/loss 6.448e-04, trn/lr 6.986e-04, val/acc 9.494e-01, val/nll 2.130e-01
[2023-02-07 14:38:27] [Epoch   182/  200] trn/loss 6.207e-04, trn/lr 6.293e-04, val/acc 9.493e-01, val/nll 2.126e-01
[2023-02-07 14:38:35] [Epoch   183/  200] trn/loss 6.163e-04, trn/lr 5.635e-04, val/acc 9.490e-01, val/nll 2.120e-01
[2023-02-07 14:38:42] [Epoch   184/  200] trn/loss 6.956e-04, trn/lr 5.013e-04, val/acc 9.485e-01, val/nll 2.119e-01
[2023-02-07 14:38:49] [Epoch   185/  200] trn/loss 5.781e-04, trn/lr 4.427e-04, val/acc 9.488e-01, val/nll 2.119e-01
[2023-02-07 14:38:56] [Epoch   186/  200] trn/loss 6.230e-04, trn/lr 3.877e-04, val/acc 9.493e-01, val/nll 2.123e-01
[2023-02-07 14:39:03] [Epoch   187/  200] trn/loss 7.014e-04, trn/lr 3.363e-04, val/acc 9.488e-01, val/nll 2.127e-01
[2023-02-07 14:39:10] [Epoch   188/  200] trn/loss 6.010e-04, trn/lr 2.885e-04, val/acc 9.489e-01, val/nll 2.130e-01
[2023-02-07 14:39:18] [Epoch   189/  200] trn/loss 6.057e-04, trn/lr 2.444e-04, val/acc 9.492e-01, val/nll 2.123e-01
[2023-02-07 14:39:25] [Epoch   190/  200] trn/loss 6.526e-04, trn/lr 2.038e-04, val/acc 9.489e-01, val/nll 2.124e-01
[2023-02-07 14:39:32] [Epoch   191/  200] trn/loss 6.054e-04, trn/lr 1.670e-04, val/acc 9.493e-01, val/nll 2.111e-01
[2023-02-07 14:39:39] [Epoch   192/  200] trn/loss 6.032e-04, trn/lr 1.338e-04, val/acc 9.489e-01, val/nll 2.115e-01
[2023-02-07 14:39:46] [Epoch   193/  200] trn/loss 6.090e-04, trn/lr 1.042e-04, val/acc 9.491e-01, val/nll 2.117e-01
[2023-02-07 14:39:54] [Epoch   194/  200] trn/loss 6.213e-04, trn/lr 7.835e-05, val/acc 9.492e-01, val/nll 2.118e-01
[2023-02-07 14:40:01] [Epoch   195/  200] trn/loss 5.635e-04, trn/lr 5.616e-05, val/acc 9.491e-01, val/nll 2.120e-01
[2023-02-07 14:40:08] [Epoch   196/  200] trn/loss 5.631e-04, trn/lr 3.766e-05, val/acc 9.491e-01, val/nll 2.124e-01
[2023-02-07 14:40:15] [Epoch   197/  200] trn/loss 6.195e-04, trn/lr 2.286e-05, val/acc 9.489e-01, val/nll 2.118e-01
[2023-02-07 14:40:22] [Epoch   198/  200] trn/loss 6.463e-04, trn/lr 1.175e-05, val/acc 9.491e-01, val/nll 2.115e-01
[2023-02-07 14:40:30] [Epoch   199/  200] trn/loss 5.932e-04, trn/lr 4.335e-06, val/acc 9.489e-01, val/nll 2.124e-01
[2023-02-07 14:40:37] [Epoch   200/  200] trn/loss 6.485e-04, trn/lr 6.226e-07, val/acc 9.489e-01, val/nll 2.125e-01
