[2023-02-12 08:29:26] Environments:
------------  ------------------------------------------------------------
sys.platform  linux
Python        3.8.10 (default, Nov 14 2022, 12:59:47) [GCC 9.4.0]
JAX           0.4.2 @/home/giung/.local/lib/python3.8/site-packages/jax
jaxlib        0.4.2 @/home/giung/.local/lib/python3.8/site-packages/jaxlib
Flax          0.6.4 @/home/giung/.local/lib/python3.8/site-packages/flax
Optax         0.1.4 @/home/giung/.local/lib/python3.8/site-packages/optax
------------  ------------------------------------------------------------

[2023-02-12 08:29:26] Command line arguments:
- args.data_root          : ./data/
- args.data_name          : CIFAR100_x32
- args.data_augmentation  : standard
- args.data_proportional  : 1.0
- args.model_depth        : 20
- args.model_width        : 4
- args.model_style        : BN-ReLU
- args.optim_bs           : 256
- args.optim_ne           : 200
- args.optim_lr           : 0.3
- args.optim_b1           : 0.9
- args.optim_b2           : 0.999
- args.optim_eps          : 0.1
- args.optim_weight_decay : 0.003
- args.rho                : 0.1
- args.num_data_factor    : 1.0
- args.save               : /home/giung/giung2-dev/projects/sam/save/CIFAR100_x32/R20x4-BN-ReLU/BayesSAM/bs-0256_ne-0200_lr-0.30_b1-0.900_b2-0.999_wd-0.0030_eps-1e-1_rho-0.1000_factor-1.0_fp32/42
- args.seed               : 42
- args.precision          : fp32

[2023-02-12 08:29:36] Multiple local devices are detected:
[TpuDevice(id=0, process_index=0, coords=(0,0,0), core_on_chip=0), TpuDevice(id=1, process_index=0, coords=(0,0,0), core_on_chip=1), TpuDevice(id=2, process_index=0, coords=(1,0,0), core_on_chip=0), TpuDevice(id=3, process_index=0, coords=(1,0,0), core_on_chip=1), TpuDevice(id=4, process_index=0, coords=(0,1,0), core_on_chip=0), TpuDevice(id=5, process_index=0, coords=(0,1,0), core_on_chip=1), TpuDevice(id=6, process_index=0, coords=(1,1,0), core_on_chip=0), TpuDevice(id=7, process_index=0, coords=(1,1,0), core_on_chip=1)]

[2023-02-12 08:30:47] [Epoch     1/  200] trn/loss 4.608e+00, trn/lr 3.000e-01, trn/scale 9.324e-01, val/acc 7.279e-02, val/nll 4.140e+00 (best_acc: 0.000e+00 -> 7.279e-02, test_acc: 7.120e-02, test_nll: 4.126e+00)
[2023-02-12 08:30:56] [Epoch     2/  200] trn/loss 3.945e+00, trn/lr 3.000e-01, trn/scale 8.098e-01, val/acc 1.261e-01, val/nll 3.723e+00 (best_acc: 7.279e-02 -> 1.261e-01, test_acc: 1.271e-01, test_nll: 3.704e+00)
[2023-02-12 08:31:06] [Epoch     3/  200] trn/loss 3.629e+00, trn/lr 2.999e-01, trn/scale 7.054e-01, val/acc 1.739e-01, val/nll 3.443e+00 (best_acc: 1.261e-01 -> 1.739e-01, test_acc: 1.780e-01, test_nll: 3.428e+00)
[2023-02-12 08:31:15] [Epoch     4/  200] trn/loss 3.375e+00, trn/lr 2.998e-01, trn/scale 6.164e-01, val/acc 2.018e-01, val/nll 3.281e+00 (best_acc: 1.739e-01 -> 2.018e-01, test_acc: 2.009e-01, test_nll: 3.270e+00)
[2023-02-12 08:31:24] [Epoch     5/  200] trn/loss 3.141e+00, trn/lr 2.996e-01, trn/scale 5.405e-01, val/acc 2.379e-01, val/nll 3.043e+00 (best_acc: 2.018e-01 -> 2.379e-01, test_acc: 2.411e-01, test_nll: 3.016e+00)
[2023-02-12 08:31:33] [Epoch     6/  200] trn/loss 2.940e+00, trn/lr 2.994e-01, trn/scale 4.759e-01, val/acc 2.763e-01, val/nll 2.861e+00 (best_acc: 2.379e-01 -> 2.763e-01, test_acc: 2.864e-01, test_nll: 2.821e+00)
[2023-02-12 08:31:43] [Epoch     7/  200] trn/loss 2.770e+00, trn/lr 2.992e-01, trn/scale 4.208e-01, val/acc 2.885e-01, val/nll 2.816e+00 (best_acc: 2.763e-01 -> 2.885e-01, test_acc: 2.921e-01, test_nll: 2.785e+00)
[2023-02-12 08:31:52] [Epoch     8/  200] trn/loss 2.645e+00, trn/lr 2.990e-01, trn/scale 3.739e-01, val/acc 3.134e-01, val/nll 2.684e+00 (best_acc: 2.885e-01 -> 3.134e-01, test_acc: 3.102e-01, test_nll: 2.648e+00)
[2023-02-12 08:32:01] [Epoch     9/  200] trn/loss 2.532e+00, trn/lr 2.987e-01, trn/scale 3.339e-01, val/acc 3.260e-01, val/nll 2.562e+00 (best_acc: 3.134e-01 -> 3.260e-01, test_acc: 3.355e-01, test_nll: 2.517e+00)
[2023-02-12 08:32:11] [Epoch    10/  200] trn/loss 2.441e+00, trn/lr 2.983e-01, trn/scale 2.999e-01, val/acc 3.501e-01, val/nll 2.489e+00 (best_acc: 3.260e-01 -> 3.501e-01, test_acc: 3.560e-01, test_nll: 2.453e+00)
[2023-02-12 08:32:19] [Epoch    11/  200] trn/loss 2.388e+00, trn/lr 2.980e-01, trn/scale 2.708e-01, val/acc 3.229e-01, val/nll 2.629e+00
[2023-02-12 08:32:27] [Epoch    12/  200] trn/loss 2.350e+00, trn/lr 2.976e-01, trn/scale 2.461e-01, val/acc 3.402e-01, val/nll 2.566e+00
[2023-02-12 08:32:36] [Epoch    13/  200] trn/loss 2.339e+00, trn/lr 2.971e-01, trn/scale 2.250e-01, val/acc 3.606e-01, val/nll 2.448e+00 (best_acc: 3.501e-01 -> 3.606e-01, test_acc: 3.680e-01, test_nll: 2.413e+00)
[2023-02-12 08:32:45] [Epoch    14/  200] trn/loss 2.323e+00, trn/lr 2.966e-01, trn/scale 2.071e-01, val/acc 3.334e-01, val/nll 2.574e+00
[2023-02-12 08:32:54] [Epoch    15/  200] trn/loss 2.332e+00, trn/lr 2.961e-01, trn/scale 1.918e-01, val/acc 3.790e-01, val/nll 2.340e+00 (best_acc: 3.606e-01 -> 3.790e-01, test_acc: 3.824e-01, test_nll: 2.301e+00)
[2023-02-12 08:33:02] [Epoch    16/  200] trn/loss 2.340e+00, trn/lr 2.956e-01, trn/scale 1.788e-01, val/acc 3.468e-01, val/nll 2.509e+00
[2023-02-12 08:33:10] [Epoch    17/  200] trn/loss 2.364e+00, trn/lr 2.950e-01, trn/scale 1.677e-01, val/acc 3.742e-01, val/nll 2.341e+00
[2023-02-12 08:33:18] [Epoch    18/  200] trn/loss 2.371e+00, trn/lr 2.944e-01, trn/scale 1.582e-01, val/acc 2.824e-01, val/nll 2.905e+00
[2023-02-12 08:33:27] [Epoch    19/  200] trn/loss 2.398e+00, trn/lr 2.937e-01, trn/scale 1.501e-01, val/acc 3.376e-01, val/nll 2.534e+00
[2023-02-12 08:33:35] [Epoch    20/  200] trn/loss 2.424e+00, trn/lr 2.930e-01, trn/scale 1.433e-01, val/acc 2.733e-01, val/nll 2.859e+00
[2023-02-12 08:33:43] [Epoch    21/  200] trn/loss 2.437e+00, trn/lr 2.923e-01, trn/scale 1.374e-01, val/acc 3.215e-01, val/nll 2.646e+00
[2023-02-12 08:33:51] [Epoch    22/  200] trn/loss 2.454e+00, trn/lr 2.915e-01, trn/scale 1.324e-01, val/acc 3.024e-01, val/nll 2.696e+00
[2023-02-12 08:34:00] [Epoch    23/  200] trn/loss 2.473e+00, trn/lr 2.907e-01, trn/scale 1.282e-01, val/acc 3.323e-01, val/nll 2.599e+00
[2023-02-12 08:34:08] [Epoch    24/  200] trn/loss 2.500e+00, trn/lr 2.899e-01, trn/scale 1.245e-01, val/acc 3.240e-01, val/nll 2.595e+00
[2023-02-12 08:34:16] [Epoch    25/  200] trn/loss 2.502e+00, trn/lr 2.890e-01, trn/scale 1.214e-01, val/acc 3.125e-01, val/nll 2.686e+00
[2023-02-12 08:34:24] [Epoch    26/  200] trn/loss 2.511e+00, trn/lr 2.881e-01, trn/scale 1.188e-01, val/acc 2.923e-01, val/nll 2.784e+00
[2023-02-12 08:34:33] [Epoch    27/  200] trn/loss 2.510e+00, trn/lr 2.872e-01, trn/scale 1.166e-01, val/acc 2.966e-01, val/nll 2.698e+00
[2023-02-12 08:34:41] [Epoch    28/  200] trn/loss 2.529e+00, trn/lr 2.862e-01, trn/scale 1.147e-01, val/acc 2.981e-01, val/nll 2.724e+00
[2023-02-12 08:34:49] [Epoch    29/  200] trn/loss 2.551e+00, trn/lr 2.852e-01, trn/scale 1.130e-01, val/acc 2.415e-01, val/nll 3.164e+00
[2023-02-12 08:34:57] [Epoch    30/  200] trn/loss 2.557e+00, trn/lr 2.842e-01, trn/scale 1.116e-01, val/acc 3.250e-01, val/nll 2.597e+00
[2023-02-12 08:35:06] [Epoch    31/  200] trn/loss 2.560e+00, trn/lr 2.831e-01, trn/scale 1.105e-01, val/acc 3.046e-01, val/nll 2.664e+00
[2023-02-12 08:35:14] [Epoch    32/  200] trn/loss 2.568e+00, trn/lr 2.820e-01, trn/scale 1.094e-01, val/acc 3.278e-01, val/nll 2.637e+00
[2023-02-12 08:35:22] [Epoch    33/  200] trn/loss 2.572e+00, trn/lr 2.809e-01, trn/scale 1.086e-01, val/acc 2.545e-01, val/nll 3.021e+00
[2023-02-12 08:35:30] [Epoch    34/  200] trn/loss 2.561e+00, trn/lr 2.797e-01, trn/scale 1.078e-01, val/acc 2.574e-01, val/nll 2.885e+00
[2023-02-12 08:35:38] [Epoch    35/  200] trn/loss 2.575e+00, trn/lr 2.785e-01, trn/scale 1.072e-01, val/acc 2.738e-01, val/nll 2.948e+00
[2023-02-12 08:35:47] [Epoch    36/  200] trn/loss 2.583e+00, trn/lr 2.773e-01, trn/scale 1.067e-01, val/acc 3.000e-01, val/nll 2.701e+00
[2023-02-12 08:35:55] [Epoch    37/  200] trn/loss 2.579e+00, trn/lr 2.760e-01, trn/scale 1.062e-01, val/acc 2.948e-01, val/nll 2.795e+00
[2023-02-12 08:36:03] [Epoch    38/  200] trn/loss 2.582e+00, trn/lr 2.747e-01, trn/scale 1.058e-01, val/acc 2.919e-01, val/nll 2.721e+00
[2023-02-12 08:36:11] [Epoch    39/  200] trn/loss 2.579e+00, trn/lr 2.734e-01, trn/scale 1.055e-01, val/acc 2.534e-01, val/nll 2.992e+00
[2023-02-12 08:36:20] [Epoch    40/  200] trn/loss 2.588e+00, trn/lr 2.720e-01, trn/scale 1.052e-01, val/acc 2.889e-01, val/nll 2.854e+00
[2023-02-12 08:36:28] [Epoch    41/  200] trn/loss 2.577e+00, trn/lr 2.707e-01, trn/scale 1.050e-01, val/acc 2.925e-01, val/nll 2.716e+00
[2023-02-12 08:36:36] [Epoch    42/  200] trn/loss 2.580e+00, trn/lr 2.692e-01, trn/scale 1.048e-01, val/acc 2.733e-01, val/nll 2.858e+00
[2023-02-12 08:36:44] [Epoch    43/  200] trn/loss 2.584e+00, trn/lr 2.678e-01, trn/scale 1.046e-01, val/acc 2.711e-01, val/nll 2.865e+00
[2023-02-12 08:36:53] [Epoch    44/  200] trn/loss 2.581e+00, trn/lr 2.663e-01, trn/scale 1.045e-01, val/acc 2.534e-01, val/nll 3.180e+00
[2023-02-12 08:37:01] [Epoch    45/  200] trn/loss 2.586e+00, trn/lr 2.648e-01, trn/scale 1.043e-01, val/acc 2.961e-01, val/nll 2.733e+00
[2023-02-12 08:37:09] [Epoch    46/  200] trn/loss 2.571e+00, trn/lr 2.633e-01, trn/scale 1.042e-01, val/acc 2.926e-01, val/nll 2.831e+00
[2023-02-12 08:37:17] [Epoch    47/  200] trn/loss 2.561e+00, trn/lr 2.617e-01, trn/scale 1.041e-01, val/acc 3.265e-01, val/nll 2.579e+00
[2023-02-12 08:37:26] [Epoch    48/  200] trn/loss 2.567e+00, trn/lr 2.602e-01, trn/scale 1.041e-01, val/acc 2.706e-01, val/nll 2.900e+00
[2023-02-12 08:37:34] [Epoch    49/  200] trn/loss 2.581e+00, trn/lr 2.585e-01, trn/scale 1.040e-01, val/acc 3.083e-01, val/nll 2.723e+00
[2023-02-12 08:37:42] [Epoch    50/  200] trn/loss 2.556e+00, trn/lr 2.569e-01, trn/scale 1.039e-01, val/acc 2.684e-01, val/nll 2.887e+00
[2023-02-12 08:37:50] [Epoch    51/  200] trn/loss 2.563e+00, trn/lr 2.552e-01, trn/scale 1.039e-01, val/acc 3.066e-01, val/nll 2.715e+00
[2023-02-12 08:37:59] [Epoch    52/  200] trn/loss 2.554e+00, trn/lr 2.535e-01, trn/scale 1.038e-01, val/acc 2.628e-01, val/nll 2.991e+00
[2023-02-12 08:38:07] [Epoch    53/  200] trn/loss 2.550e+00, trn/lr 2.518e-01, trn/scale 1.038e-01, val/acc 2.888e-01, val/nll 2.788e+00
[2023-02-12 08:38:15] [Epoch    54/  200] trn/loss 2.550e+00, trn/lr 2.501e-01, trn/scale 1.038e-01, val/acc 2.871e-01, val/nll 2.772e+00
[2023-02-12 08:38:23] [Epoch    55/  200] trn/loss 2.541e+00, trn/lr 2.483e-01, trn/scale 1.037e-01, val/acc 3.438e-01, val/nll 2.538e+00
[2023-02-12 08:38:31] [Epoch    56/  200] trn/loss 2.536e+00, trn/lr 2.465e-01, trn/scale 1.037e-01, val/acc 2.713e-01, val/nll 2.903e+00
[2023-02-12 08:38:40] [Epoch    57/  200] trn/loss 2.534e+00, trn/lr 2.447e-01, trn/scale 1.037e-01, val/acc 2.597e-01, val/nll 2.964e+00
[2023-02-12 08:38:48] [Epoch    58/  200] trn/loss 2.526e+00, trn/lr 2.429e-01, trn/scale 1.037e-01, val/acc 3.565e-01, val/nll 2.503e+00
[2023-02-12 08:38:56] [Epoch    59/  200] trn/loss 2.520e+00, trn/lr 2.410e-01, trn/scale 1.037e-01, val/acc 2.968e-01, val/nll 2.756e+00
[2023-02-12 08:39:05] [Epoch    60/  200] trn/loss 2.528e+00, trn/lr 2.391e-01, trn/scale 1.037e-01, val/acc 2.251e-01, val/nll 3.650e+00
[2023-02-12 08:39:13] [Epoch    61/  200] trn/loss 2.529e+00, trn/lr 2.372e-01, trn/scale 1.037e-01, val/acc 3.154e-01, val/nll 2.646e+00
[2023-02-12 08:39:21] [Epoch    62/  200] trn/loss 2.525e+00, trn/lr 2.353e-01, trn/scale 1.037e-01, val/acc 3.208e-01, val/nll 2.656e+00
[2023-02-12 08:39:29] [Epoch    63/  200] trn/loss 2.520e+00, trn/lr 2.333e-01, trn/scale 1.036e-01, val/acc 3.025e-01, val/nll 2.726e+00
[2023-02-12 08:39:38] [Epoch    64/  200] trn/loss 2.501e+00, trn/lr 2.314e-01, trn/scale 1.036e-01, val/acc 1.988e-01, val/nll 3.406e+00
[2023-02-12 08:39:46] [Epoch    65/  200] trn/loss 2.494e+00, trn/lr 2.294e-01, trn/scale 1.036e-01, val/acc 2.733e-01, val/nll 2.918e+00
[2023-02-12 08:39:54] [Epoch    66/  200] trn/loss 2.494e+00, trn/lr 2.274e-01, trn/scale 1.036e-01, val/acc 3.473e-01, val/nll 2.495e+00
[2023-02-12 08:40:02] [Epoch    67/  200] trn/loss 2.485e+00, trn/lr 2.253e-01, trn/scale 1.036e-01, val/acc 2.887e-01, val/nll 2.848e+00
[2023-02-12 08:40:10] [Epoch    68/  200] trn/loss 2.475e+00, trn/lr 2.233e-01, trn/scale 1.036e-01, val/acc 2.948e-01, val/nll 2.779e+00
[2023-02-12 08:40:19] [Epoch    69/  200] trn/loss 2.474e+00, trn/lr 2.212e-01, trn/scale 1.036e-01, val/acc 3.372e-01, val/nll 2.578e+00
[2023-02-12 08:40:27] [Epoch    70/  200] trn/loss 2.459e+00, trn/lr 2.192e-01, trn/scale 1.036e-01, val/acc 3.323e-01, val/nll 2.613e+00
[2023-02-12 08:40:35] [Epoch    71/  200] trn/loss 2.465e+00, trn/lr 2.171e-01, trn/scale 1.036e-01, val/acc 2.919e-01, val/nll 2.798e+00
[2023-02-12 08:40:43] [Epoch    72/  200] trn/loss 2.458e+00, trn/lr 2.149e-01, trn/scale 1.036e-01, val/acc 2.928e-01, val/nll 2.766e+00
[2023-02-12 08:40:52] [Epoch    73/  200] trn/loss 2.448e+00, trn/lr 2.128e-01, trn/scale 1.036e-01, val/acc 2.886e-01, val/nll 2.766e+00
[2023-02-12 08:41:00] [Epoch    74/  200] trn/loss 2.427e+00, trn/lr 2.107e-01, trn/scale 1.036e-01, val/acc 3.334e-01, val/nll 2.576e+00
[2023-02-12 08:41:08] [Epoch    75/  200] trn/loss 2.448e+00, trn/lr 2.085e-01, trn/scale 1.036e-01, val/acc 3.640e-01, val/nll 2.447e+00
[2023-02-12 08:41:16] [Epoch    76/  200] trn/loss 2.427e+00, trn/lr 2.063e-01, trn/scale 1.036e-01, val/acc 3.321e-01, val/nll 2.512e+00
[2023-02-12 08:41:25] [Epoch    77/  200] trn/loss 2.410e+00, trn/lr 2.041e-01, trn/scale 1.036e-01, val/acc 3.188e-01, val/nll 2.628e+00
[2023-02-12 08:41:33] [Epoch    78/  200] trn/loss 2.411e+00, trn/lr 2.019e-01, trn/scale 1.036e-01, val/acc 3.377e-01, val/nll 2.575e+00
[2023-02-12 08:41:41] [Epoch    79/  200] trn/loss 2.413e+00, trn/lr 1.997e-01, trn/scale 1.036e-01, val/acc 3.155e-01, val/nll 2.643e+00
[2023-02-12 08:41:49] [Epoch    80/  200] trn/loss 2.424e+00, trn/lr 1.975e-01, trn/scale 1.036e-01, val/acc 3.052e-01, val/nll 2.777e+00
[2023-02-12 08:41:58] [Epoch    81/  200] trn/loss 2.402e+00, trn/lr 1.952e-01, trn/scale 1.036e-01, val/acc 2.754e-01, val/nll 2.948e+00
[2023-02-12 08:42:06] [Epoch    82/  200] trn/loss 2.399e+00, trn/lr 1.930e-01, trn/scale 1.036e-01, val/acc 3.330e-01, val/nll 2.567e+00
[2023-02-12 08:42:14] [Epoch    83/  200] trn/loss 2.388e+00, trn/lr 1.907e-01, trn/scale 1.036e-01, val/acc 3.284e-01, val/nll 2.558e+00
[2023-02-12 08:42:22] [Epoch    84/  200] trn/loss 2.382e+00, trn/lr 1.885e-01, trn/scale 1.036e-01, val/acc 3.274e-01, val/nll 2.647e+00
[2023-02-12 08:42:31] [Epoch    85/  200] trn/loss 2.378e+00, trn/lr 1.862e-01, trn/scale 1.036e-01, val/acc 3.462e-01, val/nll 2.514e+00
[2023-02-12 08:42:39] [Epoch    86/  200] trn/loss 2.361e+00, trn/lr 1.839e-01, trn/scale 1.036e-01, val/acc 3.674e-01, val/nll 2.377e+00
[2023-02-12 08:42:47] [Epoch    87/  200] trn/loss 2.353e+00, trn/lr 1.816e-01, trn/scale 1.036e-01, val/acc 3.702e-01, val/nll 2.413e+00
[2023-02-12 08:42:55] [Epoch    88/  200] trn/loss 2.356e+00, trn/lr 1.793e-01, trn/scale 1.036e-01, val/acc 3.559e-01, val/nll 2.499e+00
[2023-02-12 08:43:03] [Epoch    89/  200] trn/loss 2.347e+00, trn/lr 1.770e-01, trn/scale 1.037e-01, val/acc 2.378e-01, val/nll 3.281e+00
[2023-02-12 08:43:12] [Epoch    90/  200] trn/loss 2.326e+00, trn/lr 1.746e-01, trn/scale 1.037e-01, val/acc 3.539e-01, val/nll 2.450e+00
[2023-02-12 08:43:20] [Epoch    91/  200] trn/loss 2.327e+00, trn/lr 1.723e-01, trn/scale 1.037e-01, val/acc 3.045e-01, val/nll 2.773e+00
[2023-02-12 08:43:28] [Epoch    92/  200] trn/loss 2.309e+00, trn/lr 1.700e-01, trn/scale 1.037e-01, val/acc 3.664e-01, val/nll 2.370e+00
[2023-02-12 08:43:36] [Epoch    93/  200] trn/loss 2.294e+00, trn/lr 1.676e-01, trn/scale 1.037e-01, val/acc 3.762e-01, val/nll 2.366e+00
[2023-02-12 08:43:45] [Epoch    94/  200] trn/loss 2.304e+00, trn/lr 1.653e-01, trn/scale 1.037e-01, val/acc 3.477e-01, val/nll 2.445e+00
[2023-02-12 08:43:53] [Epoch    95/  200] trn/loss 2.282e+00, trn/lr 1.630e-01, trn/scale 1.037e-01, val/acc 3.638e-01, val/nll 2.445e+00
[2023-02-12 08:44:02] [Epoch    96/  200] trn/loss 2.296e+00, trn/lr 1.606e-01, trn/scale 1.037e-01, val/acc 3.838e-01, val/nll 2.342e+00 (best_acc: 3.790e-01 -> 3.838e-01, test_acc: 3.889e-01, test_nll: 2.308e+00)
[2023-02-12 08:44:10] [Epoch    97/  200] trn/loss 2.277e+00, trn/lr 1.582e-01, trn/scale 1.037e-01, val/acc 3.512e-01, val/nll 2.425e+00
[2023-02-12 08:44:19] [Epoch    98/  200] trn/loss 2.272e+00, trn/lr 1.559e-01, trn/scale 1.037e-01, val/acc 3.376e-01, val/nll 2.581e+00
[2023-02-12 08:44:28] [Epoch    99/  200] trn/loss 2.256e+00, trn/lr 1.535e-01, trn/scale 1.037e-01, val/acc 3.923e-01, val/nll 2.299e+00 (best_acc: 3.838e-01 -> 3.923e-01, test_acc: 3.974e-01, test_nll: 2.272e+00)
[2023-02-12 08:44:36] [Epoch   100/  200] trn/loss 2.260e+00, trn/lr 1.512e-01, trn/scale 1.037e-01, val/acc 3.595e-01, val/nll 2.434e+00
[2023-02-12 08:44:44] [Epoch   101/  200] trn/loss 2.240e+00, trn/lr 1.488e-01, trn/scale 1.037e-01, val/acc 3.608e-01, val/nll 2.494e+00
[2023-02-12 08:44:53] [Epoch   102/  200] trn/loss 2.231e+00, trn/lr 1.465e-01, trn/scale 1.037e-01, val/acc 3.690e-01, val/nll 2.391e+00
[2023-02-12 08:45:02] [Epoch   103/  200] trn/loss 2.221e+00, trn/lr 1.441e-01, trn/scale 1.037e-01, val/acc 3.960e-01, val/nll 2.249e+00 (best_acc: 3.923e-01 -> 3.960e-01, test_acc: 4.105e-01, test_nll: 2.201e+00)
[2023-02-12 08:45:10] [Epoch   104/  200] trn/loss 2.220e+00, trn/lr 1.418e-01, trn/scale 1.037e-01, val/acc 3.866e-01, val/nll 2.279e+00
[2023-02-12 08:45:18] [Epoch   105/  200] trn/loss 2.208e+00, trn/lr 1.394e-01, trn/scale 1.037e-01, val/acc 3.559e-01, val/nll 2.513e+00
[2023-02-12 08:45:27] [Epoch   106/  200] trn/loss 2.210e+00, trn/lr 1.371e-01, trn/scale 1.037e-01, val/acc 3.773e-01, val/nll 2.354e+00
[2023-02-12 08:45:36] [Epoch   107/  200] trn/loss 2.188e+00, trn/lr 1.347e-01, trn/scale 1.037e-01, val/acc 4.079e-01, val/nll 2.189e+00 (best_acc: 3.960e-01 -> 4.079e-01, test_acc: 4.231e-01, test_nll: 2.144e+00)
[2023-02-12 08:45:44] [Epoch   108/  200] trn/loss 2.189e+00, trn/lr 1.324e-01, trn/scale 1.037e-01, val/acc 4.021e-01, val/nll 2.232e+00
[2023-02-12 08:45:52] [Epoch   109/  200] trn/loss 2.180e+00, trn/lr 1.300e-01, trn/scale 1.037e-01, val/acc 4.039e-01, val/nll 2.243e+00
[2023-02-12 08:46:01] [Epoch   110/  200] trn/loss 2.166e+00, trn/lr 1.277e-01, trn/scale 1.037e-01, val/acc 4.179e-01, val/nll 2.210e+00 (best_acc: 4.079e-01 -> 4.179e-01, test_acc: 4.254e-01, test_nll: 2.169e+00)
[2023-02-12 08:46:09] [Epoch   111/  200] trn/loss 2.155e+00, trn/lr 1.254e-01, trn/scale 1.037e-01, val/acc 3.763e-01, val/nll 2.365e+00
[2023-02-12 08:46:18] [Epoch   112/  200] trn/loss 2.149e+00, trn/lr 1.231e-01, trn/scale 1.037e-01, val/acc 4.332e-01, val/nll 2.133e+00 (best_acc: 4.179e-01 -> 4.332e-01, test_acc: 4.409e-01, test_nll: 2.091e+00)
[2023-02-12 08:46:28] [Epoch   113/  200] trn/loss 2.144e+00, trn/lr 1.207e-01, trn/scale 1.037e-01, val/acc 4.497e-01, val/nll 2.067e+00 (best_acc: 4.332e-01 -> 4.497e-01, test_acc: 4.560e-01, test_nll: 2.049e+00)
[2023-02-12 08:46:36] [Epoch   114/  200] trn/loss 2.131e+00, trn/lr 1.184e-01, trn/scale 1.037e-01, val/acc 4.397e-01, val/nll 2.099e+00
[2023-02-12 08:46:44] [Epoch   115/  200] trn/loss 2.124e+00, trn/lr 1.161e-01, trn/scale 1.037e-01, val/acc 4.379e-01, val/nll 2.152e+00
[2023-02-12 08:46:52] [Epoch   116/  200] trn/loss 2.108e+00, trn/lr 1.138e-01, trn/scale 1.037e-01, val/acc 4.032e-01, val/nll 2.272e+00
[2023-02-12 08:47:00] [Epoch   117/  200] trn/loss 2.103e+00, trn/lr 1.116e-01, trn/scale 1.037e-01, val/acc 4.092e-01, val/nll 2.195e+00
[2023-02-12 08:47:09] [Epoch   118/  200] trn/loss 2.090e+00, trn/lr 1.093e-01, trn/scale 1.037e-01, val/acc 4.326e-01, val/nll 2.107e+00
[2023-02-12 08:47:17] [Epoch   119/  200] trn/loss 2.087e+00, trn/lr 1.070e-01, trn/scale 1.037e-01, val/acc 4.417e-01, val/nll 2.076e+00
[2023-02-12 08:47:25] [Epoch   120/  200] trn/loss 2.065e+00, trn/lr 1.048e-01, trn/scale 1.038e-01, val/acc 4.314e-01, val/nll 2.130e+00
[2023-02-12 08:47:33] [Epoch   121/  200] trn/loss 2.061e+00, trn/lr 1.025e-01, trn/scale 1.038e-01, val/acc 4.496e-01, val/nll 2.049e+00
[2023-02-12 08:47:42] [Epoch   122/  200] trn/loss 2.052e+00, trn/lr 1.003e-01, trn/scale 1.038e-01, val/acc 4.460e-01, val/nll 2.066e+00
[2023-02-12 08:47:51] [Epoch   123/  200] trn/loss 2.046e+00, trn/lr 9.809e-02, trn/scale 1.038e-01, val/acc 4.552e-01, val/nll 2.021e+00 (best_acc: 4.497e-01 -> 4.552e-01, test_acc: 4.710e-01, test_nll: 1.984e+00)
[2023-02-12 08:47:59] [Epoch   124/  200] trn/loss 2.029e+00, trn/lr 9.589e-02, trn/scale 1.038e-01, val/acc 4.519e-01, val/nll 2.045e+00
[2023-02-12 08:48:08] [Epoch   125/  200] trn/loss 2.023e+00, trn/lr 9.370e-02, trn/scale 1.038e-01, val/acc 4.572e-01, val/nll 1.982e+00 (best_acc: 4.552e-01 -> 4.572e-01, test_acc: 4.715e-01, test_nll: 1.949e+00)
[2023-02-12 08:48:18] [Epoch   126/  200] trn/loss 2.003e+00, trn/lr 9.152e-02, trn/scale 1.038e-01, val/acc 4.765e-01, val/nll 1.956e+00 (best_acc: 4.572e-01 -> 4.765e-01, test_acc: 4.828e-01, test_nll: 1.918e+00)
[2023-02-12 08:48:26] [Epoch   127/  200] trn/loss 1.992e+00, trn/lr 8.936e-02, trn/scale 1.038e-01, val/acc 4.518e-01, val/nll 2.034e+00
[2023-02-12 08:48:35] [Epoch   128/  200] trn/loss 1.991e+00, trn/lr 8.721e-02, trn/scale 1.038e-01, val/acc 4.789e-01, val/nll 1.921e+00 (best_acc: 4.765e-01 -> 4.789e-01, test_acc: 4.895e-01, test_nll: 1.889e+00)
[2023-02-12 08:48:43] [Epoch   129/  200] trn/loss 1.974e+00, trn/lr 8.508e-02, trn/scale 1.038e-01, val/acc 4.564e-01, val/nll 2.016e+00
[2023-02-12 08:48:53] [Epoch   130/  200] trn/loss 1.964e+00, trn/lr 8.296e-02, trn/scale 1.038e-01, val/acc 4.986e-01, val/nll 1.870e+00 (best_acc: 4.789e-01 -> 4.986e-01, test_acc: 4.991e-01, test_nll: 1.845e+00)
[2023-02-12 08:49:01] [Epoch   131/  200] trn/loss 1.955e+00, trn/lr 8.086e-02, trn/scale 1.038e-01, val/acc 4.689e-01, val/nll 1.990e+00
[2023-02-12 08:49:09] [Epoch   132/  200] trn/loss 1.948e+00, trn/lr 7.878e-02, trn/scale 1.038e-01, val/acc 4.866e-01, val/nll 1.877e+00
[2023-02-12 08:49:17] [Epoch   133/  200] trn/loss 1.932e+00, trn/lr 7.671e-02, trn/scale 1.038e-01, val/acc 4.924e-01, val/nll 1.891e+00
[2023-02-12 08:49:25] [Epoch   134/  200] trn/loss 1.928e+00, trn/lr 7.467e-02, trn/scale 1.038e-01, val/acc 4.708e-01, val/nll 1.946e+00
[2023-02-12 08:49:35] [Epoch   135/  200] trn/loss 1.910e+00, trn/lr 7.264e-02, trn/scale 1.038e-01, val/acc 5.034e-01, val/nll 1.824e+00 (best_acc: 4.986e-01 -> 5.034e-01, test_acc: 5.082e-01, test_nll: 1.793e+00)
[2023-02-12 08:49:44] [Epoch   136/  200] trn/loss 1.902e+00, trn/lr 7.063e-02, trn/scale 1.038e-01, val/acc 5.101e-01, val/nll 1.819e+00 (best_acc: 5.034e-01 -> 5.101e-01, test_acc: 5.113e-01, test_nll: 1.793e+00)
[2023-02-12 08:49:52] [Epoch   137/  200] trn/loss 1.891e+00, trn/lr 6.864e-02, trn/scale 1.038e-01, val/acc 4.941e-01, val/nll 1.872e+00
[2023-02-12 08:50:00] [Epoch   138/  200] trn/loss 1.885e+00, trn/lr 6.667e-02, trn/scale 1.038e-01, val/acc 5.023e-01, val/nll 1.829e+00
[2023-02-12 08:50:08] [Epoch   139/  200] trn/loss 1.869e+00, trn/lr 6.472e-02, trn/scale 1.038e-01, val/acc 5.059e-01, val/nll 1.815e+00
[2023-02-12 08:50:17] [Epoch   140/  200] trn/loss 1.856e+00, trn/lr 6.279e-02, trn/scale 1.039e-01, val/acc 5.030e-01, val/nll 1.847e+00
[2023-02-12 08:50:26] [Epoch   141/  200] trn/loss 1.850e+00, trn/lr 6.089e-02, trn/scale 1.039e-01, val/acc 5.164e-01, val/nll 1.794e+00 (best_acc: 5.101e-01 -> 5.164e-01, test_acc: 5.195e-01, test_nll: 1.768e+00)
[2023-02-12 08:50:35] [Epoch   142/  200] trn/loss 1.834e+00, trn/lr 5.900e-02, trn/scale 1.039e-01, val/acc 5.231e-01, val/nll 1.757e+00 (best_acc: 5.164e-01 -> 5.231e-01, test_acc: 5.238e-01, test_nll: 1.728e+00)
[2023-02-12 08:50:43] [Epoch   143/  200] trn/loss 1.833e+00, trn/lr 5.714e-02, trn/scale 1.039e-01, val/acc 5.142e-01, val/nll 1.769e+00
[2023-02-12 08:50:52] [Epoch   144/  200] trn/loss 1.817e+00, trn/lr 5.530e-02, trn/scale 1.039e-01, val/acc 5.268e-01, val/nll 1.734e+00 (best_acc: 5.231e-01 -> 5.268e-01, test_acc: 5.308e-01, test_nll: 1.709e+00)
[2023-02-12 08:51:02] [Epoch   145/  200] trn/loss 1.810e+00, trn/lr 5.349e-02, trn/scale 1.039e-01, val/acc 5.435e-01, val/nll 1.708e+00 (best_acc: 5.268e-01 -> 5.435e-01, test_acc: 5.543e-01, test_nll: 1.673e+00)
[2023-02-12 08:51:10] [Epoch   146/  200] trn/loss 1.803e+00, trn/lr 5.170e-02, trn/scale 1.039e-01, val/acc 5.221e-01, val/nll 1.748e+00
[2023-02-12 08:51:18] [Epoch   147/  200] trn/loss 1.784e+00, trn/lr 4.993e-02, trn/scale 1.039e-01, val/acc 5.351e-01, val/nll 1.724e+00
[2023-02-12 08:51:26] [Epoch   148/  200] trn/loss 1.783e+00, trn/lr 4.819e-02, trn/scale 1.039e-01, val/acc 5.364e-01, val/nll 1.706e+00
[2023-02-12 08:51:34] [Epoch   149/  200] trn/loss 1.766e+00, trn/lr 4.647e-02, trn/scale 1.039e-01, val/acc 5.426e-01, val/nll 1.692e+00
[2023-02-12 08:51:44] [Epoch   150/  200] trn/loss 1.754e+00, trn/lr 4.478e-02, trn/scale 1.039e-01, val/acc 5.648e-01, val/nll 1.619e+00 (best_acc: 5.435e-01 -> 5.648e-01, test_acc: 5.667e-01, test_nll: 1.598e+00)
[2023-02-12 08:51:52] [Epoch   151/  200] trn/loss 1.755e+00, trn/lr 4.311e-02, trn/scale 1.039e-01, val/acc 5.591e-01, val/nll 1.617e+00
[2023-02-12 08:52:00] [Epoch   152/  200] trn/loss 1.734e+00, trn/lr 4.147e-02, trn/scale 1.039e-01, val/acc 5.452e-01, val/nll 1.647e+00
[2023-02-12 08:52:08] [Epoch   153/  200] trn/loss 1.723e+00, trn/lr 3.986e-02, trn/scale 1.039e-01, val/acc 5.486e-01, val/nll 1.665e+00
[2023-02-12 08:52:18] [Epoch   154/  200] trn/loss 1.710e+00, trn/lr 3.827e-02, trn/scale 1.039e-01, val/acc 5.656e-01, val/nll 1.606e+00 (best_acc: 5.648e-01 -> 5.656e-01, test_acc: 5.751e-01, test_nll: 1.580e+00)
[2023-02-12 08:52:26] [Epoch   155/  200] trn/loss 1.701e+00, trn/lr 3.671e-02, trn/scale 1.039e-01, val/acc 5.595e-01, val/nll 1.603e+00
[2023-02-12 08:52:35] [Epoch   156/  200] trn/loss 1.703e+00, trn/lr 3.518e-02, trn/scale 1.039e-01, val/acc 5.681e-01, val/nll 1.589e+00 (best_acc: 5.656e-01 -> 5.681e-01, test_acc: 5.793e-01, test_nll: 1.556e+00)
[2023-02-12 08:52:44] [Epoch   157/  200] trn/loss 1.685e+00, trn/lr 3.368e-02, trn/scale 1.040e-01, val/acc 5.743e-01, val/nll 1.557e+00 (best_acc: 5.681e-01 -> 5.743e-01, test_acc: 5.811e-01, test_nll: 1.524e+00)
[2023-02-12 08:52:53] [Epoch   158/  200] trn/loss 1.676e+00, trn/lr 3.221e-02, trn/scale 1.040e-01, val/acc 5.773e-01, val/nll 1.559e+00 (best_acc: 5.743e-01 -> 5.773e-01, test_acc: 5.880e-01, test_nll: 1.533e+00)
[2023-02-12 08:53:03] [Epoch   159/  200] trn/loss 1.663e+00, trn/lr 3.076e-02, trn/scale 1.040e-01, val/acc 5.817e-01, val/nll 1.540e+00 (best_acc: 5.773e-01 -> 5.817e-01, test_acc: 5.874e-01, test_nll: 1.515e+00)
[2023-02-12 08:53:11] [Epoch   160/  200] trn/loss 1.653e+00, trn/lr 2.935e-02, trn/scale 1.040e-01, val/acc 5.772e-01, val/nll 1.554e+00
[2023-02-12 08:53:19] [Epoch   161/  200] trn/loss 1.648e+00, trn/lr 2.796e-02, trn/scale 1.040e-01, val/acc 5.789e-01, val/nll 1.565e+00
[2023-02-12 08:53:27] [Epoch   162/  200] trn/loss 1.630e+00, trn/lr 2.661e-02, trn/scale 1.040e-01, val/acc 5.784e-01, val/nll 1.540e+00
[2023-02-12 08:53:36] [Epoch   163/  200] trn/loss 1.629e+00, trn/lr 2.528e-02, trn/scale 1.040e-01, val/acc 5.704e-01, val/nll 1.539e+00
[2023-02-12 08:53:45] [Epoch   164/  200] trn/loss 1.616e+00, trn/lr 2.399e-02, trn/scale 1.040e-01, val/acc 5.905e-01, val/nll 1.498e+00 (best_acc: 5.817e-01 -> 5.905e-01, test_acc: 5.995e-01, test_nll: 1.471e+00)
[2023-02-12 08:53:54] [Epoch   165/  200] trn/loss 1.607e+00, trn/lr 2.273e-02, trn/scale 1.040e-01, val/acc 5.978e-01, val/nll 1.491e+00 (best_acc: 5.905e-01 -> 5.978e-01, test_acc: 6.018e-01, test_nll: 1.460e+00)
[2023-02-12 08:54:02] [Epoch   166/  200] trn/loss 1.593e+00, trn/lr 2.150e-02, trn/scale 1.040e-01, val/acc 5.933e-01, val/nll 1.506e+00
[2023-02-12 08:54:11] [Epoch   167/  200] trn/loss 1.587e+00, trn/lr 2.030e-02, trn/scale 1.040e-01, val/acc 6.006e-01, val/nll 1.478e+00 (best_acc: 5.978e-01 -> 6.006e-01, test_acc: 6.059e-01, test_nll: 1.456e+00)
[2023-02-12 08:54:20] [Epoch   168/  200] trn/loss 1.580e+00, trn/lr 1.913e-02, trn/scale 1.040e-01, val/acc 6.061e-01, val/nll 1.455e+00 (best_acc: 6.006e-01 -> 6.061e-01, test_acc: 6.099e-01, test_nll: 1.433e+00)
[2023-02-12 08:54:29] [Epoch   169/  200] trn/loss 1.571e+00, trn/lr 1.800e-02, trn/scale 1.040e-01, val/acc 6.056e-01, val/nll 1.459e+00
[2023-02-12 08:54:37] [Epoch   170/  200] trn/loss 1.564e+00, trn/lr 1.689e-02, trn/scale 1.040e-01, val/acc 6.032e-01, val/nll 1.462e+00
[2023-02-12 08:54:45] [Epoch   171/  200] trn/loss 1.549e+00, trn/lr 1.582e-02, trn/scale 1.040e-01, val/acc 6.060e-01, val/nll 1.447e+00
[2023-02-12 08:54:53] [Epoch   172/  200] trn/loss 1.538e+00, trn/lr 1.479e-02, trn/scale 1.041e-01, val/acc 6.053e-01, val/nll 1.441e+00
[2023-02-12 08:55:03] [Epoch   173/  200] trn/loss 1.537e+00, trn/lr 1.378e-02, trn/scale 1.041e-01, val/acc 6.090e-01, val/nll 1.444e+00 (best_acc: 6.061e-01 -> 6.090e-01, test_acc: 6.150e-01, test_nll: 1.414e+00)
[2023-02-12 08:55:12] [Epoch   174/  200] trn/loss 1.528e+00, trn/lr 1.281e-02, trn/scale 1.041e-01, val/acc 6.114e-01, val/nll 1.438e+00 (best_acc: 6.090e-01 -> 6.114e-01, test_acc: 6.135e-01, test_nll: 1.413e+00)
[2023-02-12 08:55:21] [Epoch   175/  200] trn/loss 1.524e+00, trn/lr 1.188e-02, trn/scale 1.041e-01, val/acc 6.136e-01, val/nll 1.415e+00 (best_acc: 6.114e-01 -> 6.136e-01, test_acc: 6.193e-01, test_nll: 1.388e+00)
[2023-02-12 08:55:30] [Epoch   176/  200] trn/loss 1.513e+00, trn/lr 1.098e-02, trn/scale 1.041e-01, val/acc 6.201e-01, val/nll 1.408e+00 (best_acc: 6.136e-01 -> 6.201e-01, test_acc: 6.269e-01, test_nll: 1.377e+00)
[2023-02-12 08:55:39] [Epoch   177/  200] trn/loss 1.509e+00, trn/lr 1.011e-02, trn/scale 1.041e-01, val/acc 6.209e-01, val/nll 1.397e+00 (best_acc: 6.201e-01 -> 6.209e-01, test_acc: 6.223e-01, test_nll: 1.372e+00)
[2023-02-12 08:55:49] [Epoch   178/  200] trn/loss 1.500e+00, trn/lr 9.275e-03, trn/scale 1.041e-01, val/acc 6.239e-01, val/nll 1.390e+00 (best_acc: 6.209e-01 -> 6.239e-01, test_acc: 6.227e-01, test_nll: 1.362e+00)
[2023-02-12 08:55:58] [Epoch   179/  200] trn/loss 1.491e+00, trn/lr 8.477e-03, trn/scale 1.041e-01, val/acc 6.253e-01, val/nll 1.391e+00 (best_acc: 6.239e-01 -> 6.253e-01, test_acc: 6.293e-01, test_nll: 1.367e+00)
[2023-02-12 08:56:06] [Epoch   180/  200] trn/loss 1.489e+00, trn/lr 7.714e-03, trn/scale 1.041e-01, val/acc 6.246e-01, val/nll 1.381e+00
[2023-02-12 08:56:14] [Epoch   181/  200] trn/loss 1.478e+00, trn/lr 6.986e-03, trn/scale 1.041e-01, val/acc 6.226e-01, val/nll 1.376e+00
[2023-02-12 08:56:24] [Epoch   182/  200] trn/loss 1.476e+00, trn/lr 6.293e-03, trn/scale 1.041e-01, val/acc 6.291e-01, val/nll 1.366e+00 (best_acc: 6.253e-01 -> 6.291e-01, test_acc: 6.323e-01, test_nll: 1.342e+00)
[2023-02-12 08:56:33] [Epoch   183/  200] trn/loss 1.463e+00, trn/lr 5.635e-03, trn/scale 1.041e-01, val/acc 6.312e-01, val/nll 1.361e+00 (best_acc: 6.291e-01 -> 6.312e-01, test_acc: 6.316e-01, test_nll: 1.336e+00)
[2023-02-12 08:56:41] [Epoch   184/  200] trn/loss 1.461e+00, trn/lr 5.013e-03, trn/scale 1.041e-01, val/acc 6.299e-01, val/nll 1.359e+00
[2023-02-12 08:56:50] [Epoch   185/  200] trn/loss 1.454e+00, trn/lr 4.427e-03, trn/scale 1.041e-01, val/acc 6.333e-01, val/nll 1.353e+00 (best_acc: 6.312e-01 -> 6.333e-01, test_acc: 6.316e-01, test_nll: 1.331e+00)
[2023-02-12 08:56:58] [Epoch   186/  200] trn/loss 1.451e+00, trn/lr 3.877e-03, trn/scale 1.041e-01, val/acc 6.327e-01, val/nll 1.356e+00
[2023-02-12 08:57:07] [Epoch   187/  200] trn/loss 1.449e+00, trn/lr 3.363e-03, trn/scale 1.041e-01, val/acc 6.345e-01, val/nll 1.346e+00 (best_acc: 6.333e-01 -> 6.345e-01, test_acc: 6.369e-01, test_nll: 1.321e+00)
[2023-02-12 08:57:16] [Epoch   188/  200] trn/loss 1.443e+00, trn/lr 2.885e-03, trn/scale 1.041e-01, val/acc 6.330e-01, val/nll 1.347e+00
[2023-02-12 08:57:25] [Epoch   189/  200] trn/loss 1.440e+00, trn/lr 2.444e-03, trn/scale 1.041e-01, val/acc 6.375e-01, val/nll 1.341e+00 (best_acc: 6.345e-01 -> 6.375e-01, test_acc: 6.374e-01, test_nll: 1.317e+00)
[2023-02-12 08:57:34] [Epoch   190/  200] trn/loss 1.437e+00, trn/lr 2.038e-03, trn/scale 1.042e-01, val/acc 6.385e-01, val/nll 1.338e+00 (best_acc: 6.375e-01 -> 6.385e-01, test_acc: 6.404e-01, test_nll: 1.312e+00)
[2023-02-12 08:57:42] [Epoch   191/  200] trn/loss 1.433e+00, trn/lr 1.670e-03, trn/scale 1.042e-01, val/acc 6.377e-01, val/nll 1.340e+00
[2023-02-12 08:57:52] [Epoch   192/  200] trn/loss 1.436e+00, trn/lr 1.338e-03, trn/scale 1.042e-01, val/acc 6.390e-01, val/nll 1.333e+00 (best_acc: 6.385e-01 -> 6.390e-01, test_acc: 6.399e-01, test_nll: 1.308e+00)
[2023-02-12 08:58:00] [Epoch   193/  200] trn/loss 1.427e+00, trn/lr 1.042e-03, trn/scale 1.042e-01, val/acc 6.384e-01, val/nll 1.339e+00
[2023-02-12 08:58:09] [Epoch   194/  200] trn/loss 1.431e+00, trn/lr 7.835e-04, trn/scale 1.042e-01, val/acc 6.398e-01, val/nll 1.331e+00 (best_acc: 6.390e-01 -> 6.398e-01, test_acc: 6.403e-01, test_nll: 1.306e+00)
[2023-02-12 08:58:17] [Epoch   195/  200] trn/loss 1.427e+00, trn/lr 5.616e-04, trn/scale 1.042e-01, val/acc 6.367e-01, val/nll 1.334e+00
[2023-02-12 08:58:25] [Epoch   196/  200] trn/loss 1.425e+00, trn/lr 3.766e-04, trn/scale 1.042e-01, val/acc 6.379e-01, val/nll 1.332e+00
[2023-02-12 08:58:34] [Epoch   197/  200] trn/loss 1.422e+00, trn/lr 2.286e-04, trn/scale 1.042e-01, val/acc 6.387e-01, val/nll 1.333e+00
[2023-02-12 08:58:42] [Epoch   198/  200] trn/loss 1.423e+00, trn/lr 1.175e-04, trn/scale 1.042e-01, val/acc 6.390e-01, val/nll 1.332e+00
[2023-02-12 08:58:50] [Epoch   199/  200] trn/loss 1.423e+00, trn/lr 4.335e-05, trn/scale 1.042e-01, val/acc 6.383e-01, val/nll 1.335e+00
[2023-02-12 08:58:58] [Epoch   200/  200] trn/loss 1.421e+00, trn/lr 6.226e-06, trn/scale 1.042e-01, val/acc 6.379e-01, val/nll 1.333e+00
