[2023-02-20 16:55:32] Environments:
------------  ------------------------------------------------------------
sys.platform  linux
Python        3.8.10 (default, Nov 14 2022, 12:59:47) [GCC 9.4.0]
JAX           0.4.2 @/home/giung/.local/lib/python3.8/site-packages/jax
jaxlib        0.4.2 @/home/giung/.local/lib/python3.8/site-packages/jaxlib
Flax          0.6.4 @/home/giung/.local/lib/python3.8/site-packages/flax
Optax         0.1.4 @/home/giung/.local/lib/python3.8/site-packages/optax
------------  ------------------------------------------------------------

[2023-02-20 16:55:32] Command line arguments:
- args.data_root          : ./data/
- args.data_name          : CIFAR10_x32
- args.data_augmentation  : standard
- args.data_proportional  : 1.0
- args.model_depth        : 20
- args.model_width        : 4
- args.model_style        : BN-ReLU
- args.optim_bs           : 256
- args.optim_ne           : 200
- args.optim_lr           : 0.01
- args.optim_momentum     : 0.9
- args.optim_weight_decay : 0.001
- args.rho                : 0.03
- args.save               : /home/giung/giung2-dev/projects/sam/save/CIFAR10_x32/R20x4-BN-ReLU/ASAM/bs-0256_ne-0200_lr-0.01_mo-0.90_wd-0.0010_rho-0.0300_fp32/42
- args.seed               : 42
- args.precision          : fp32

[2023-02-20 16:55:38] Multiple local devices are detected:
[TpuDevice(id=0, process_index=0, coords=(0,0,0), core_on_chip=0), TpuDevice(id=1, process_index=0, coords=(0,0,0), core_on_chip=1), TpuDevice(id=2, process_index=0, coords=(1,0,0), core_on_chip=0), TpuDevice(id=3, process_index=0, coords=(1,0,0), core_on_chip=1), TpuDevice(id=4, process_index=0, coords=(0,1,0), core_on_chip=0), TpuDevice(id=5, process_index=0, coords=(0,1,0), core_on_chip=1), TpuDevice(id=6, process_index=0, coords=(1,1,0), core_on_chip=0), TpuDevice(id=7, process_index=0, coords=(1,1,0), core_on_chip=1)]

[2023-02-20 16:56:40] [Epoch     1/  200] trn/loss 1.689e+00, trn/lr 1.000e-02, val/acc 5.079e-01, val/nll 1.339e+00 (best_acc: 0.000e+00 -> 5.079e-01, test_acc: 5.141e-01, test_nll: 1.337e+00)
[2023-02-20 16:56:49] [Epoch     2/  200] trn/loss 1.289e+00, trn/lr 9.999e-03, val/acc 5.566e-01, val/nll 1.284e+00 (best_acc: 5.079e-01 -> 5.566e-01, test_acc: 5.491e-01, test_nll: 1.299e+00)
[2023-02-20 16:56:57] [Epoch     3/  200] trn/loss 1.088e+00, trn/lr 9.996e-03, val/acc 6.530e-01, val/nll 9.989e-01 (best_acc: 5.566e-01 -> 6.530e-01, test_acc: 6.386e-01, test_nll: 1.014e+00)
[2023-02-20 16:57:04] [Epoch     4/  200] trn/loss 9.501e-01, trn/lr 9.992e-03, val/acc 6.470e-01, val/nll 9.939e-01
[2023-02-20 16:57:12] [Epoch     5/  200] trn/loss 8.446e-01, trn/lr 9.987e-03, val/acc 7.070e-01, val/nll 8.567e-01 (best_acc: 6.530e-01 -> 7.070e-01, test_acc: 6.963e-01, test_nll: 8.893e-01)
[2023-02-20 16:57:20] [Epoch     6/  200] trn/loss 7.617e-01, trn/lr 9.981e-03, val/acc 7.407e-01, val/nll 7.627e-01 (best_acc: 7.070e-01 -> 7.407e-01, test_acc: 7.374e-01, test_nll: 7.663e-01)
[2023-02-20 16:57:27] [Epoch     7/  200] trn/loss 6.957e-01, trn/lr 9.974e-03, val/acc 7.352e-01, val/nll 7.953e-01
[2023-02-20 16:57:35] [Epoch     8/  200] trn/loss 6.449e-01, trn/lr 9.965e-03, val/acc 7.660e-01, val/nll 6.885e-01 (best_acc: 7.407e-01 -> 7.660e-01, test_acc: 7.557e-01, test_nll: 7.109e-01)
[2023-02-20 16:57:43] [Epoch     9/  200] trn/loss 5.821e-01, trn/lr 9.955e-03, val/acc 7.304e-01, val/nll 8.139e-01
[2023-02-20 16:57:51] [Epoch    10/  200] trn/loss 5.569e-01, trn/lr 9.944e-03, val/acc 7.679e-01, val/nll 7.250e-01 (best_acc: 7.660e-01 -> 7.679e-01, test_acc: 7.598e-01, test_nll: 7.499e-01)
[2023-02-20 16:57:59] [Epoch    11/  200] trn/loss 5.120e-01, trn/lr 9.932e-03, val/acc 8.071e-01, val/nll 5.829e-01 (best_acc: 7.679e-01 -> 8.071e-01, test_acc: 7.991e-01, test_nll: 5.906e-01)
[2023-02-20 16:58:06] [Epoch    12/  200] trn/loss 4.817e-01, trn/lr 9.919e-03, val/acc 7.919e-01, val/nll 6.437e-01
[2023-02-20 16:58:13] [Epoch    13/  200] trn/loss 4.529e-01, trn/lr 9.904e-03, val/acc 8.006e-01, val/nll 5.959e-01
[2023-02-20 16:58:20] [Epoch    14/  200] trn/loss 4.365e-01, trn/lr 9.888e-03, val/acc 7.834e-01, val/nll 7.001e-01
[2023-02-20 16:58:28] [Epoch    15/  200] trn/loss 4.082e-01, trn/lr 9.871e-03, val/acc 7.994e-01, val/nll 6.161e-01
[2023-02-20 16:58:36] [Epoch    16/  200] trn/loss 3.906e-01, trn/lr 9.853e-03, val/acc 8.190e-01, val/nll 5.956e-01 (best_acc: 8.071e-01 -> 8.190e-01, test_acc: 8.212e-01, test_nll: 6.063e-01)
[2023-02-20 16:58:43] [Epoch    17/  200] trn/loss 3.670e-01, trn/lr 9.833e-03, val/acc 7.919e-01, val/nll 6.630e-01
[2023-02-20 16:58:51] [Epoch    18/  200] trn/loss 3.514e-01, trn/lr 9.812e-03, val/acc 8.275e-01, val/nll 5.229e-01 (best_acc: 8.190e-01 -> 8.275e-01, test_acc: 8.246e-01, test_nll: 5.204e-01)
[2023-02-20 16:58:58] [Epoch    19/  200] trn/loss 3.312e-01, trn/lr 9.790e-03, val/acc 8.118e-01, val/nll 6.250e-01
[2023-02-20 16:59:05] [Epoch    20/  200] trn/loss 3.180e-01, trn/lr 9.767e-03, val/acc 8.260e-01, val/nll 5.798e-01
[2023-02-20 16:59:12] [Epoch    21/  200] trn/loss 3.088e-01, trn/lr 9.743e-03, val/acc 8.270e-01, val/nll 5.468e-01
[2023-02-20 16:59:20] [Epoch    22/  200] trn/loss 2.928e-01, trn/lr 9.718e-03, val/acc 8.471e-01, val/nll 4.753e-01 (best_acc: 8.275e-01 -> 8.471e-01, test_acc: 8.490e-01, test_nll: 4.743e-01)
[2023-02-20 16:59:28] [Epoch    23/  200] trn/loss 2.786e-01, trn/lr 9.691e-03, val/acc 8.494e-01, val/nll 4.683e-01 (best_acc: 8.471e-01 -> 8.494e-01, test_acc: 8.465e-01, test_nll: 4.756e-01)
[2023-02-20 16:59:36] [Epoch    24/  200] trn/loss 2.704e-01, trn/lr 9.663e-03, val/acc 8.552e-01, val/nll 4.760e-01 (best_acc: 8.494e-01 -> 8.552e-01, test_acc: 8.517e-01, test_nll: 4.830e-01)
[2023-02-20 16:59:43] [Epoch    25/  200] trn/loss 2.516e-01, trn/lr 9.634e-03, val/acc 8.408e-01, val/nll 5.494e-01
[2023-02-20 16:59:51] [Epoch    26/  200] trn/loss 2.460e-01, trn/lr 9.604e-03, val/acc 8.697e-01, val/nll 4.160e-01 (best_acc: 8.552e-01 -> 8.697e-01, test_acc: 8.664e-01, test_nll: 4.156e-01)
[2023-02-20 16:59:59] [Epoch    27/  200] trn/loss 2.396e-01, trn/lr 9.573e-03, val/acc 8.280e-01, val/nll 5.594e-01
[2023-02-20 17:00:06] [Epoch    28/  200] trn/loss 2.265e-01, trn/lr 9.541e-03, val/acc 8.273e-01, val/nll 6.150e-01
[2023-02-20 17:00:14] [Epoch    29/  200] trn/loss 2.232e-01, trn/lr 9.507e-03, val/acc 8.803e-01, val/nll 3.999e-01 (best_acc: 8.697e-01 -> 8.803e-01, test_acc: 8.688e-01, test_nll: 4.144e-01)
[2023-02-20 17:00:21] [Epoch    30/  200] trn/loss 2.051e-01, trn/lr 9.473e-03, val/acc 8.563e-01, val/nll 4.762e-01
[2023-02-20 17:00:28] [Epoch    31/  200] trn/loss 1.937e-01, trn/lr 9.437e-03, val/acc 8.426e-01, val/nll 5.338e-01
[2023-02-20 17:00:35] [Epoch    32/  200] trn/loss 1.877e-01, trn/lr 9.400e-03, val/acc 8.803e-01, val/nll 3.871e-01
[2023-02-20 17:00:43] [Epoch    33/  200] trn/loss 1.877e-01, trn/lr 9.363e-03, val/acc 8.554e-01, val/nll 4.831e-01
[2023-02-20 17:00:50] [Epoch    34/  200] trn/loss 1.755e-01, trn/lr 9.324e-03, val/acc 8.431e-01, val/nll 5.394e-01
[2023-02-20 17:00:57] [Epoch    35/  200] trn/loss 1.718e-01, trn/lr 9.284e-03, val/acc 8.652e-01, val/nll 4.575e-01
[2023-02-20 17:01:04] [Epoch    36/  200] trn/loss 1.691e-01, trn/lr 9.243e-03, val/acc 8.681e-01, val/nll 4.675e-01
[2023-02-20 17:01:11] [Epoch    37/  200] trn/loss 1.550e-01, trn/lr 9.201e-03, val/acc 8.518e-01, val/nll 5.019e-01
[2023-02-20 17:01:19] [Epoch    38/  200] trn/loss 1.513e-01, trn/lr 9.157e-03, val/acc 8.331e-01, val/nll 5.889e-01
[2023-02-20 17:01:26] [Epoch    39/  200] trn/loss 1.454e-01, trn/lr 9.113e-03, val/acc 8.663e-01, val/nll 4.533e-01
[2023-02-20 17:01:33] [Epoch    40/  200] trn/loss 1.422e-01, trn/lr 9.068e-03, val/acc 8.628e-01, val/nll 4.681e-01
[2023-02-20 17:01:40] [Epoch    41/  200] trn/loss 1.349e-01, trn/lr 9.022e-03, val/acc 8.668e-01, val/nll 4.516e-01
[2023-02-20 17:01:47] [Epoch    42/  200] trn/loss 1.252e-01, trn/lr 8.975e-03, val/acc 8.540e-01, val/nll 5.197e-01
[2023-02-20 17:01:55] [Epoch    43/  200] trn/loss 1.210e-01, trn/lr 8.927e-03, val/acc 8.801e-01, val/nll 4.127e-01
[2023-02-20 17:02:02] [Epoch    44/  200] trn/loss 1.201e-01, trn/lr 8.878e-03, val/acc 8.500e-01, val/nll 5.178e-01
[2023-02-20 17:02:10] [Epoch    45/  200] trn/loss 1.158e-01, trn/lr 8.828e-03, val/acc 8.938e-01, val/nll 3.705e-01 (best_acc: 8.803e-01 -> 8.938e-01, test_acc: 8.842e-01, test_nll: 3.968e-01)
[2023-02-20 17:02:17] [Epoch    46/  200] trn/loss 1.139e-01, trn/lr 8.777e-03, val/acc 8.739e-01, val/nll 4.515e-01
[2023-02-20 17:02:24] [Epoch    47/  200] trn/loss 1.140e-01, trn/lr 8.725e-03, val/acc 8.652e-01, val/nll 4.886e-01
[2023-02-20 17:02:31] [Epoch    48/  200] trn/loss 1.065e-01, trn/lr 8.672e-03, val/acc 8.778e-01, val/nll 4.504e-01
[2023-02-20 17:02:38] [Epoch    49/  200] trn/loss 1.027e-01, trn/lr 8.618e-03, val/acc 8.719e-01, val/nll 4.610e-01
[2023-02-20 17:02:46] [Epoch    50/  200] trn/loss 9.634e-02, trn/lr 8.563e-03, val/acc 8.931e-01, val/nll 3.758e-01
[2023-02-20 17:02:54] [Epoch    51/  200] trn/loss 9.816e-02, trn/lr 8.508e-03, val/acc 8.951e-01, val/nll 3.418e-01 (best_acc: 8.938e-01 -> 8.951e-01, test_acc: 8.916e-01, test_nll: 3.589e-01)
[2023-02-20 17:03:01] [Epoch    52/  200] trn/loss 9.253e-02, trn/lr 8.451e-03, val/acc 8.842e-01, val/nll 3.968e-01
[2023-02-20 17:03:08] [Epoch    53/  200] trn/loss 9.208e-02, trn/lr 8.394e-03, val/acc 8.717e-01, val/nll 4.573e-01
[2023-02-20 17:03:15] [Epoch    54/  200] trn/loss 8.624e-02, trn/lr 8.336e-03, val/acc 8.742e-01, val/nll 4.676e-01
[2023-02-20 17:03:22] [Epoch    55/  200] trn/loss 8.577e-02, trn/lr 8.277e-03, val/acc 8.924e-01, val/nll 3.833e-01
[2023-02-20 17:03:30] [Epoch    56/  200] trn/loss 8.130e-02, trn/lr 8.217e-03, val/acc 8.991e-01, val/nll 3.523e-01 (best_acc: 8.951e-01 -> 8.991e-01, test_acc: 8.920e-01, test_nll: 3.718e-01)
[2023-02-20 17:03:37] [Epoch    57/  200] trn/loss 8.239e-02, trn/lr 8.157e-03, val/acc 8.480e-01, val/nll 6.077e-01
[2023-02-20 17:03:45] [Epoch    58/  200] trn/loss 7.738e-02, trn/lr 8.096e-03, val/acc 8.847e-01, val/nll 4.063e-01
[2023-02-20 17:03:52] [Epoch    59/  200] trn/loss 7.685e-02, trn/lr 8.034e-03, val/acc 8.954e-01, val/nll 3.491e-01
[2023-02-20 17:03:59] [Epoch    60/  200] trn/loss 6.903e-02, trn/lr 7.971e-03, val/acc 8.676e-01, val/nll 4.953e-01
[2023-02-20 17:04:06] [Epoch    61/  200] trn/loss 7.027e-02, trn/lr 7.907e-03, val/acc 8.988e-01, val/nll 3.572e-01
[2023-02-20 17:04:13] [Epoch    62/  200] trn/loss 6.992e-02, trn/lr 7.843e-03, val/acc 8.876e-01, val/nll 4.014e-01
[2023-02-20 17:04:21] [Epoch    63/  200] trn/loss 6.548e-02, trn/lr 7.778e-03, val/acc 8.959e-01, val/nll 3.722e-01
[2023-02-20 17:04:28] [Epoch    64/  200] trn/loss 6.534e-02, trn/lr 7.712e-03, val/acc 8.811e-01, val/nll 4.322e-01
[2023-02-20 17:04:35] [Epoch    65/  200] trn/loss 5.852e-02, trn/lr 7.646e-03, val/acc 8.969e-01, val/nll 3.540e-01
[2023-02-20 17:04:42] [Epoch    66/  200] trn/loss 5.615e-02, trn/lr 7.579e-03, val/acc 8.944e-01, val/nll 3.792e-01
[2023-02-20 17:04:49] [Epoch    67/  200] trn/loss 5.569e-02, trn/lr 7.512e-03, val/acc 8.933e-01, val/nll 3.774e-01
[2023-02-20 17:04:57] [Epoch    68/  200] trn/loss 5.648e-02, trn/lr 7.443e-03, val/acc 9.067e-01, val/nll 3.292e-01 (best_acc: 8.991e-01 -> 9.067e-01, test_acc: 9.058e-01, test_nll: 3.357e-01)
[2023-02-20 17:05:04] [Epoch    69/  200] trn/loss 5.607e-02, trn/lr 7.374e-03, val/acc 8.619e-01, val/nll 5.129e-01
[2023-02-20 17:05:12] [Epoch    70/  200] trn/loss 5.318e-02, trn/lr 7.305e-03, val/acc 8.921e-01, val/nll 3.989e-01
[2023-02-20 17:05:19] [Epoch    71/  200] trn/loss 5.856e-02, trn/lr 7.235e-03, val/acc 8.837e-01, val/nll 4.139e-01
[2023-02-20 17:05:26] [Epoch    72/  200] trn/loss 5.303e-02, trn/lr 7.165e-03, val/acc 9.008e-01, val/nll 3.520e-01
[2023-02-20 17:05:33] [Epoch    73/  200] trn/loss 5.155e-02, trn/lr 7.093e-03, val/acc 8.895e-01, val/nll 3.905e-01
[2023-02-20 17:05:40] [Epoch    74/  200] trn/loss 4.761e-02, trn/lr 7.022e-03, val/acc 8.965e-01, val/nll 3.761e-01
[2023-02-20 17:05:47] [Epoch    75/  200] trn/loss 4.694e-02, trn/lr 6.950e-03, val/acc 9.010e-01, val/nll 3.480e-01
[2023-02-20 17:05:55] [Epoch    76/  200] trn/loss 4.778e-02, trn/lr 6.877e-03, val/acc 9.094e-01, val/nll 3.186e-01 (best_acc: 9.067e-01 -> 9.094e-01, test_acc: 9.041e-01, test_nll: 3.315e-01)
[2023-02-20 17:06:03] [Epoch    77/  200] trn/loss 4.107e-02, trn/lr 6.804e-03, val/acc 9.018e-01, val/nll 3.543e-01
[2023-02-20 17:06:10] [Epoch    78/  200] trn/loss 4.573e-02, trn/lr 6.731e-03, val/acc 8.949e-01, val/nll 3.873e-01
[2023-02-20 17:06:17] [Epoch    79/  200] trn/loss 4.360e-02, trn/lr 6.657e-03, val/acc 8.889e-01, val/nll 4.130e-01
[2023-02-20 17:06:24] [Epoch    80/  200] trn/loss 4.070e-02, trn/lr 6.583e-03, val/acc 9.081e-01, val/nll 3.276e-01
[2023-02-20 17:06:32] [Epoch    81/  200] trn/loss 4.355e-02, trn/lr 6.508e-03, val/acc 9.006e-01, val/nll 3.486e-01
[2023-02-20 17:06:39] [Epoch    82/  200] trn/loss 3.919e-02, trn/lr 6.433e-03, val/acc 9.074e-01, val/nll 3.250e-01
[2023-02-20 17:06:46] [Epoch    83/  200] trn/loss 3.917e-02, trn/lr 6.357e-03, val/acc 8.856e-01, val/nll 4.417e-01
[2023-02-20 17:06:53] [Epoch    84/  200] trn/loss 3.913e-02, trn/lr 6.282e-03, val/acc 8.969e-01, val/nll 3.833e-01
[2023-02-20 17:07:00] [Epoch    85/  200] trn/loss 3.453e-02, trn/lr 6.206e-03, val/acc 9.053e-01, val/nll 3.373e-01
[2023-02-20 17:07:08] [Epoch    86/  200] trn/loss 3.317e-02, trn/lr 6.129e-03, val/acc 9.065e-01, val/nll 3.279e-01
[2023-02-20 17:07:15] [Epoch    87/  200] trn/loss 3.467e-02, trn/lr 6.053e-03, val/acc 9.067e-01, val/nll 3.285e-01
[2023-02-20 17:07:23] [Epoch    88/  200] trn/loss 3.252e-02, trn/lr 5.976e-03, val/acc 9.096e-01, val/nll 3.374e-01 (best_acc: 9.094e-01 -> 9.096e-01, test_acc: 9.045e-01, test_nll: 3.401e-01)
[2023-02-20 17:07:30] [Epoch    89/  200] trn/loss 3.196e-02, trn/lr 5.899e-03, val/acc 9.054e-01, val/nll 3.482e-01
[2023-02-20 17:07:38] [Epoch    90/  200] trn/loss 3.091e-02, trn/lr 5.821e-03, val/acc 9.108e-01, val/nll 3.143e-01 (best_acc: 9.096e-01 -> 9.108e-01, test_acc: 9.073e-01, test_nll: 3.290e-01)
[2023-02-20 17:07:46] [Epoch    91/  200] trn/loss 3.097e-02, trn/lr 5.744e-03, val/acc 9.139e-01, val/nll 3.325e-01 (best_acc: 9.108e-01 -> 9.139e-01, test_acc: 9.093e-01, test_nll: 3.430e-01)
[2023-02-20 17:07:53] [Epoch    92/  200] trn/loss 2.767e-02, trn/lr 5.666e-03, val/acc 9.097e-01, val/nll 3.265e-01
[2023-02-20 17:08:00] [Epoch    93/  200] trn/loss 2.910e-02, trn/lr 5.588e-03, val/acc 9.136e-01, val/nll 3.148e-01
[2023-02-20 17:08:07] [Epoch    94/  200] trn/loss 2.946e-02, trn/lr 5.510e-03, val/acc 9.073e-01, val/nll 3.422e-01
[2023-02-20 17:08:15] [Epoch    95/  200] trn/loss 2.613e-02, trn/lr 5.432e-03, val/acc 9.038e-01, val/nll 3.703e-01
[2023-02-20 17:08:22] [Epoch    96/  200] trn/loss 2.615e-02, trn/lr 5.353e-03, val/acc 9.155e-01, val/nll 3.104e-01 (best_acc: 9.139e-01 -> 9.155e-01, test_acc: 9.095e-01, test_nll: 3.317e-01)
[2023-02-20 17:08:30] [Epoch    97/  200] trn/loss 2.641e-02, trn/lr 5.275e-03, val/acc 9.128e-01, val/nll 3.152e-01
[2023-02-20 17:08:37] [Epoch    98/  200] trn/loss 2.679e-02, trn/lr 5.197e-03, val/acc 9.115e-01, val/nll 3.120e-01
[2023-02-20 17:08:44] [Epoch    99/  200] trn/loss 2.616e-02, trn/lr 5.118e-03, val/acc 9.115e-01, val/nll 3.205e-01
[2023-02-20 17:08:51] [Epoch   100/  200] trn/loss 2.350e-02, trn/lr 5.040e-03, val/acc 9.071e-01, val/nll 3.404e-01
[2023-02-20 17:08:58] [Epoch   101/  200] trn/loss 2.232e-02, trn/lr 4.961e-03, val/acc 9.125e-01, val/nll 3.137e-01
[2023-02-20 17:09:06] [Epoch   102/  200] trn/loss 2.177e-02, trn/lr 4.882e-03, val/acc 9.156e-01, val/nll 3.006e-01 (best_acc: 9.155e-01 -> 9.156e-01, test_acc: 9.131e-01, test_nll: 3.170e-01)
[2023-02-20 17:09:13] [Epoch   103/  200] trn/loss 2.079e-02, trn/lr 4.804e-03, val/acc 9.091e-01, val/nll 3.332e-01
[2023-02-20 17:09:21] [Epoch   104/  200] trn/loss 2.107e-02, trn/lr 4.725e-03, val/acc 9.153e-01, val/nll 3.084e-01
[2023-02-20 17:09:28] [Epoch   105/  200] trn/loss 1.907e-02, trn/lr 4.647e-03, val/acc 9.149e-01, val/nll 3.079e-01
[2023-02-20 17:09:35] [Epoch   106/  200] trn/loss 1.667e-02, trn/lr 4.569e-03, val/acc 9.148e-01, val/nll 2.948e-01
[2023-02-20 17:09:43] [Epoch   107/  200] trn/loss 1.628e-02, trn/lr 4.491e-03, val/acc 9.178e-01, val/nll 3.090e-01 (best_acc: 9.156e-01 -> 9.178e-01, test_acc: 9.146e-01, test_nll: 3.182e-01)
[2023-02-20 17:09:50] [Epoch   108/  200] trn/loss 1.698e-02, trn/lr 4.413e-03, val/acc 9.082e-01, val/nll 3.442e-01
[2023-02-20 17:09:57] [Epoch   109/  200] trn/loss 1.884e-02, trn/lr 4.335e-03, val/acc 9.156e-01, val/nll 3.131e-01
[2023-02-20 17:10:05] [Epoch   110/  200] trn/loss 1.624e-02, trn/lr 4.257e-03, val/acc 9.211e-01, val/nll 2.870e-01 (best_acc: 9.178e-01 -> 9.211e-01, test_acc: 9.210e-01, test_nll: 2.882e-01)
[2023-02-20 17:10:12] [Epoch   111/  200] trn/loss 1.598e-02, trn/lr 4.179e-03, val/acc 9.186e-01, val/nll 2.915e-01
[2023-02-20 17:10:20] [Epoch   112/  200] trn/loss 1.661e-02, trn/lr 4.102e-03, val/acc 9.180e-01, val/nll 2.861e-01
[2023-02-20 17:10:27] [Epoch   113/  200] trn/loss 1.309e-02, trn/lr 4.025e-03, val/acc 9.191e-01, val/nll 3.131e-01
[2023-02-20 17:10:34] [Epoch   114/  200] trn/loss 1.242e-02, trn/lr 3.948e-03, val/acc 9.152e-01, val/nll 3.173e-01
[2023-02-20 17:10:42] [Epoch   115/  200] trn/loss 1.338e-02, trn/lr 3.871e-03, val/acc 9.227e-01, val/nll 2.792e-01 (best_acc: 9.211e-01 -> 9.227e-01, test_acc: 9.197e-01, test_nll: 2.976e-01)
[2023-02-20 17:10:49] [Epoch   116/  200] trn/loss 1.198e-02, trn/lr 3.795e-03, val/acc 9.174e-01, val/nll 3.075e-01
[2023-02-20 17:10:56] [Epoch   117/  200] trn/loss 1.167e-02, trn/lr 3.719e-03, val/acc 9.176e-01, val/nll 3.078e-01
[2023-02-20 17:11:03] [Epoch   118/  200] trn/loss 1.185e-02, trn/lr 3.643e-03, val/acc 9.200e-01, val/nll 3.021e-01
[2023-02-20 17:11:11] [Epoch   119/  200] trn/loss 1.108e-02, trn/lr 3.568e-03, val/acc 9.175e-01, val/nll 3.033e-01
[2023-02-20 17:11:18] [Epoch   120/  200] trn/loss 1.006e-02, trn/lr 3.493e-03, val/acc 9.212e-01, val/nll 2.932e-01
[2023-02-20 17:11:26] [Epoch   121/  200] trn/loss 1.098e-02, trn/lr 3.418e-03, val/acc 9.260e-01, val/nll 2.718e-01 (best_acc: 9.227e-01 -> 9.260e-01, test_acc: 9.222e-01, test_nll: 2.784e-01)
[2023-02-20 17:11:33] [Epoch   122/  200] trn/loss 1.012e-02, trn/lr 3.344e-03, val/acc 9.189e-01, val/nll 2.900e-01
[2023-02-20 17:11:40] [Epoch   123/  200] trn/loss 8.892e-03, trn/lr 3.270e-03, val/acc 9.207e-01, val/nll 2.927e-01
[2023-02-20 17:11:47] [Epoch   124/  200] trn/loss 7.954e-03, trn/lr 3.196e-03, val/acc 9.251e-01, val/nll 2.705e-01
[2023-02-20 17:11:54] [Epoch   125/  200] trn/loss 8.457e-03, trn/lr 3.123e-03, val/acc 9.243e-01, val/nll 2.815e-01
[2023-02-20 17:12:02] [Epoch   126/  200] trn/loss 6.681e-03, trn/lr 3.051e-03, val/acc 9.237e-01, val/nll 2.812e-01
[2023-02-20 17:12:09] [Epoch   127/  200] trn/loss 7.439e-03, trn/lr 2.979e-03, val/acc 9.241e-01, val/nll 2.861e-01
[2023-02-20 17:12:17] [Epoch   128/  200] trn/loss 8.008e-03, trn/lr 2.907e-03, val/acc 9.262e-01, val/nll 2.762e-01 (best_acc: 9.260e-01 -> 9.262e-01, test_acc: 9.220e-01, test_nll: 2.796e-01)
[2023-02-20 17:12:25] [Epoch   129/  200] trn/loss 8.076e-03, trn/lr 2.836e-03, val/acc 9.291e-01, val/nll 2.706e-01 (best_acc: 9.262e-01 -> 9.291e-01, test_acc: 9.245e-01, test_nll: 2.771e-01)
[2023-02-20 17:12:33] [Epoch   130/  200] trn/loss 6.617e-03, trn/lr 2.765e-03, val/acc 9.292e-01, val/nll 2.647e-01 (best_acc: 9.291e-01 -> 9.292e-01, test_acc: 9.253e-01, test_nll: 2.675e-01)
[2023-02-20 17:12:40] [Epoch   131/  200] trn/loss 6.173e-03, trn/lr 2.695e-03, val/acc 9.272e-01, val/nll 2.677e-01
[2023-02-20 17:12:47] [Epoch   132/  200] trn/loss 5.472e-03, trn/lr 2.626e-03, val/acc 9.236e-01, val/nll 2.852e-01
[2023-02-20 17:12:54] [Epoch   133/  200] trn/loss 5.970e-03, trn/lr 2.557e-03, val/acc 9.252e-01, val/nll 2.778e-01
[2023-02-20 17:13:01] [Epoch   134/  200] trn/loss 6.074e-03, trn/lr 2.489e-03, val/acc 9.277e-01, val/nll 2.643e-01
[2023-02-20 17:13:09] [Epoch   135/  200] trn/loss 5.261e-03, trn/lr 2.421e-03, val/acc 9.287e-01, val/nll 2.608e-01
[2023-02-20 17:13:16] [Epoch   136/  200] trn/loss 5.789e-03, trn/lr 2.354e-03, val/acc 9.287e-01, val/nll 2.588e-01
[2023-02-20 17:13:24] [Epoch   137/  200] trn/loss 5.467e-03, trn/lr 2.288e-03, val/acc 9.317e-01, val/nll 2.620e-01 (best_acc: 9.292e-01 -> 9.317e-01, test_acc: 9.277e-01, test_nll: 2.639e-01)
[2023-02-20 17:13:31] [Epoch   138/  200] trn/loss 5.276e-03, trn/lr 2.222e-03, val/acc 9.279e-01, val/nll 2.663e-01
[2023-02-20 17:13:38] [Epoch   139/  200] trn/loss 4.834e-03, trn/lr 2.157e-03, val/acc 9.310e-01, val/nll 2.491e-01
[2023-02-20 17:13:45] [Epoch   140/  200] trn/loss 4.175e-03, trn/lr 2.093e-03, val/acc 9.311e-01, val/nll 2.590e-01
[2023-02-20 17:13:53] [Epoch   141/  200] trn/loss 4.251e-03, trn/lr 2.030e-03, val/acc 9.304e-01, val/nll 2.569e-01
[2023-02-20 17:14:00] [Epoch   142/  200] trn/loss 4.354e-03, trn/lr 1.967e-03, val/acc 9.312e-01, val/nll 2.502e-01
[2023-02-20 17:14:07] [Epoch   143/  200] trn/loss 4.099e-03, trn/lr 1.905e-03, val/acc 9.315e-01, val/nll 2.520e-01
[2023-02-20 17:14:14] [Epoch   144/  200] trn/loss 4.156e-03, trn/lr 1.843e-03, val/acc 9.310e-01, val/nll 2.546e-01
[2023-02-20 17:14:22] [Epoch   145/  200] trn/loss 3.931e-03, trn/lr 1.783e-03, val/acc 9.343e-01, val/nll 2.504e-01 (best_acc: 9.317e-01 -> 9.343e-01, test_acc: 9.273e-01, test_nll: 2.578e-01)
[2023-02-20 17:14:30] [Epoch   146/  200] trn/loss 3.733e-03, trn/lr 1.723e-03, val/acc 9.344e-01, val/nll 2.448e-01 (best_acc: 9.343e-01 -> 9.344e-01, test_acc: 9.303e-01, test_nll: 2.521e-01)
[2023-02-20 17:14:37] [Epoch   147/  200] trn/loss 3.681e-03, trn/lr 1.664e-03, val/acc 9.323e-01, val/nll 2.491e-01
[2023-02-20 17:14:44] [Epoch   148/  200] trn/loss 3.904e-03, trn/lr 1.606e-03, val/acc 9.322e-01, val/nll 2.500e-01
[2023-02-20 17:14:52] [Epoch   149/  200] trn/loss 3.614e-03, trn/lr 1.549e-03, val/acc 9.332e-01, val/nll 2.408e-01
[2023-02-20 17:14:59] [Epoch   150/  200] trn/loss 3.422e-03, trn/lr 1.493e-03, val/acc 9.330e-01, val/nll 2.435e-01
[2023-02-20 17:15:06] [Epoch   151/  200] trn/loss 3.557e-03, trn/lr 1.437e-03, val/acc 9.317e-01, val/nll 2.457e-01
[2023-02-20 17:15:13] [Epoch   152/  200] trn/loss 3.289e-03, trn/lr 1.382e-03, val/acc 9.333e-01, val/nll 2.444e-01
[2023-02-20 17:15:20] [Epoch   153/  200] trn/loss 3.254e-03, trn/lr 1.329e-03, val/acc 9.321e-01, val/nll 2.478e-01
[2023-02-20 17:15:28] [Epoch   154/  200] trn/loss 3.180e-03, trn/lr 1.276e-03, val/acc 9.338e-01, val/nll 2.453e-01
[2023-02-20 17:15:35] [Epoch   155/  200] trn/loss 3.271e-03, trn/lr 1.224e-03, val/acc 9.330e-01, val/nll 2.440e-01
[2023-02-20 17:15:42] [Epoch   156/  200] trn/loss 3.008e-03, trn/lr 1.173e-03, val/acc 9.323e-01, val/nll 2.444e-01
[2023-02-20 17:15:50] [Epoch   157/  200] trn/loss 3.017e-03, trn/lr 1.123e-03, val/acc 9.346e-01, val/nll 2.428e-01 (best_acc: 9.344e-01 -> 9.346e-01, test_acc: 9.324e-01, test_nll: 2.465e-01)
[2023-02-20 17:15:57] [Epoch   158/  200] trn/loss 3.019e-03, trn/lr 1.074e-03, val/acc 9.338e-01, val/nll 2.420e-01
[2023-02-20 17:16:04] [Epoch   159/  200] trn/loss 2.900e-03, trn/lr 1.025e-03, val/acc 9.334e-01, val/nll 2.420e-01
[2023-02-20 17:16:11] [Epoch   160/  200] trn/loss 2.882e-03, trn/lr 9.783e-04, val/acc 9.345e-01, val/nll 2.397e-01
[2023-02-20 17:16:19] [Epoch   161/  200] trn/loss 2.885e-03, trn/lr 9.321e-04, val/acc 9.342e-01, val/nll 2.393e-01
[2023-02-20 17:16:26] [Epoch   162/  200] trn/loss 2.938e-03, trn/lr 8.870e-04, val/acc 9.337e-01, val/nll 2.427e-01
[2023-02-20 17:16:33] [Epoch   163/  200] trn/loss 2.818e-03, trn/lr 8.428e-04, val/acc 9.337e-01, val/nll 2.413e-01
[2023-02-20 17:16:40] [Epoch   164/  200] trn/loss 2.891e-03, trn/lr 7.997e-04, val/acc 9.346e-01, val/nll 2.397e-01
[2023-02-20 17:16:47] [Epoch   165/  200] trn/loss 2.917e-03, trn/lr 7.576e-04, val/acc 9.338e-01, val/nll 2.397e-01
[2023-02-20 17:16:55] [Epoch   166/  200] trn/loss 2.831e-03, trn/lr 7.166e-04, val/acc 9.355e-01, val/nll 2.379e-01 (best_acc: 9.346e-01 -> 9.355e-01, test_acc: 9.345e-01, test_nll: 2.397e-01)
[2023-02-20 17:17:02] [Epoch   167/  200] trn/loss 2.798e-03, trn/lr 6.766e-04, val/acc 9.355e-01, val/nll 2.386e-01
[2023-02-20 17:17:10] [Epoch   168/  200] trn/loss 2.694e-03, trn/lr 6.377e-04, val/acc 9.347e-01, val/nll 2.386e-01
[2023-02-20 17:17:17] [Epoch   169/  200] trn/loss 2.838e-03, trn/lr 5.998e-04, val/acc 9.348e-01, val/nll 2.399e-01
[2023-02-20 17:17:24] [Epoch   170/  200] trn/loss 2.694e-03, trn/lr 5.631e-04, val/acc 9.350e-01, val/nll 2.384e-01
[2023-02-20 17:17:32] [Epoch   171/  200] trn/loss 2.731e-03, trn/lr 5.274e-04, val/acc 9.360e-01, val/nll 2.365e-01 (best_acc: 9.355e-01 -> 9.360e-01, test_acc: 9.338e-01, test_nll: 2.411e-01)
[2023-02-20 17:17:39] [Epoch   172/  200] trn/loss 2.707e-03, trn/lr 4.929e-04, val/acc 9.360e-01, val/nll 2.359e-01
[2023-02-20 17:17:46] [Epoch   173/  200] trn/loss 2.658e-03, trn/lr 4.594e-04, val/acc 9.352e-01, val/nll 2.360e-01
[2023-02-20 17:17:54] [Epoch   174/  200] trn/loss 2.713e-03, trn/lr 4.271e-04, val/acc 9.352e-01, val/nll 2.371e-01
[2023-02-20 17:18:01] [Epoch   175/  200] trn/loss 2.659e-03, trn/lr 3.959e-04, val/acc 9.352e-01, val/nll 2.347e-01
[2023-02-20 17:18:08] [Epoch   176/  200] trn/loss 2.615e-03, trn/lr 3.659e-04, val/acc 9.357e-01, val/nll 2.344e-01
[2023-02-20 17:18:15] [Epoch   177/  200] trn/loss 2.566e-03, trn/lr 3.369e-04, val/acc 9.355e-01, val/nll 2.342e-01
[2023-02-20 17:18:22] [Epoch   178/  200] trn/loss 2.608e-03, trn/lr 3.092e-04, val/acc 9.348e-01, val/nll 2.338e-01
[2023-02-20 17:18:30] [Epoch   179/  200] trn/loss 2.596e-03, trn/lr 2.826e-04, val/acc 9.356e-01, val/nll 2.339e-01
[2023-02-20 17:18:37] [Epoch   180/  200] trn/loss 2.575e-03, trn/lr 2.571e-04, val/acc 9.357e-01, val/nll 2.350e-01
[2023-02-20 17:18:44] [Epoch   181/  200] trn/loss 2.489e-03, trn/lr 2.329e-04, val/acc 9.356e-01, val/nll 2.357e-01
[2023-02-20 17:18:52] [Epoch   182/  200] trn/loss 2.514e-03, trn/lr 2.098e-04, val/acc 9.361e-01, val/nll 2.345e-01 (best_acc: 9.360e-01 -> 9.361e-01, test_acc: 9.357e-01, test_nll: 2.371e-01)
[2023-02-20 17:18:59] [Epoch   183/  200] trn/loss 2.542e-03, trn/lr 1.878e-04, val/acc 9.356e-01, val/nll 2.351e-01
[2023-02-20 17:19:07] [Epoch   184/  200] trn/loss 2.675e-03, trn/lr 1.671e-04, val/acc 9.362e-01, val/nll 2.342e-01 (best_acc: 9.361e-01 -> 9.362e-01, test_acc: 9.358e-01, test_nll: 2.374e-01)
[2023-02-20 17:19:14] [Epoch   185/  200] trn/loss 2.465e-03, trn/lr 1.476e-04, val/acc 9.352e-01, val/nll 2.349e-01
[2023-02-20 17:19:21] [Epoch   186/  200] trn/loss 2.513e-03, trn/lr 1.292e-04, val/acc 9.354e-01, val/nll 2.343e-01
[2023-02-20 17:19:29] [Epoch   187/  200] trn/loss 2.567e-03, trn/lr 1.121e-04, val/acc 9.365e-01, val/nll 2.337e-01 (best_acc: 9.362e-01 -> 9.365e-01, test_acc: 9.353e-01, test_nll: 2.363e-01)
[2023-02-20 17:19:37] [Epoch   188/  200] trn/loss 2.494e-03, trn/lr 9.617e-05, val/acc 9.362e-01, val/nll 2.336e-01
[2023-02-20 17:19:44] [Epoch   189/  200] trn/loss 2.522e-03, trn/lr 8.145e-05, val/acc 9.358e-01, val/nll 2.339e-01
[2023-02-20 17:19:51] [Epoch   190/  200] trn/loss 2.541e-03, trn/lr 6.794e-05, val/acc 9.362e-01, val/nll 2.342e-01
[2023-02-20 17:19:58] [Epoch   191/  200] trn/loss 2.509e-03, trn/lr 5.565e-05, val/acc 9.358e-01, val/nll 2.333e-01
[2023-02-20 17:20:05] [Epoch   192/  200] trn/loss 2.533e-03, trn/lr 4.458e-05, val/acc 9.357e-01, val/nll 2.331e-01
[2023-02-20 17:20:13] [Epoch   193/  200] trn/loss 2.561e-03, trn/lr 3.474e-05, val/acc 9.362e-01, val/nll 2.339e-01
[2023-02-20 17:20:20] [Epoch   194/  200] trn/loss 2.511e-03, trn/lr 2.612e-05, val/acc 9.355e-01, val/nll 2.337e-01
[2023-02-20 17:20:27] [Epoch   195/  200] trn/loss 2.438e-03, trn/lr 1.872e-05, val/acc 9.358e-01, val/nll 2.340e-01
[2023-02-20 17:20:34] [Epoch   196/  200] trn/loss 2.531e-03, trn/lr 1.255e-05, val/acc 9.358e-01, val/nll 2.339e-01
[2023-02-20 17:20:41] [Epoch   197/  200] trn/loss 2.466e-03, trn/lr 7.619e-06, val/acc 9.352e-01, val/nll 2.335e-01
[2023-02-20 17:20:49] [Epoch   198/  200] trn/loss 2.571e-03, trn/lr 3.916e-06, val/acc 9.357e-01, val/nll 2.335e-01
[2023-02-20 17:20:56] [Epoch   199/  200] trn/loss 2.525e-03, trn/lr 1.445e-06, val/acc 9.360e-01, val/nll 2.337e-01
[2023-02-20 17:21:03] [Epoch   200/  200] trn/loss 2.483e-03, trn/lr 2.075e-07, val/acc 9.361e-01, val/nll 2.334e-01
