[2023-02-04 03:39:34] Environments:
------------  --------------------------------------------------------------------------------
sys.platform  linux
Python        3.10.8 (main, Nov 24 2022, 14:13:03) [GCC 11.2.0]
JAX           0.4.1 @/mnt/home/giung/.conda/envs/jax-vessl/lib/python3.10/site-packages/jax
jaxlib        0.4.1 @/mnt/home/giung/.conda/envs/jax-vessl/lib/python3.10/site-packages/jaxlib
Flax          0.6.3 @/mnt/home/giung/.conda/envs/jax-vessl/lib/python3.10/site-packages/flax
Optax         0.1.4 @/mnt/home/giung/.conda/envs/jax-vessl/lib/python3.10/site-packages/optax
------------  --------------------------------------------------------------------------------

[2023-02-04 03:39:34] Command line arguments:
- args.data_root          : ./data/
- args.data_name          : CIFAR100_x32
- args.data_augmentation  : standard
- args.data_proportional  : 1.0
- args.model_depth        : 20
- args.model_width        : 4
- args.model_style        : BN-ReLU
- args.optim_bs           : 256
- args.optim_ne           : 500
- args.optim_lr           : 0.03
- args.optim_momentum     : 0.97
- args.optim_weight_decay : 0.0003
- args.save               : /mnt/home/giung/giung2-dev/projects/residual-networks/save/CIFAR100_x32/R20x4-BN-ReLU/bs-0256_ne-0500_lr-0.03_mo-0.97_wd-0.0003_fp32/42
- args.seed               : 42
- args.precision          : fp32

[2023-02-04 03:40:14] [Epoch     1/  500] trn/loss 4.305e+00, trn/lr 3.000e-02, val/acc 8.872e-02, val/nll 3.956e+00 (best_acc: 0.000e+00 -> 8.872e-02, test_acc: 9.770e-02, test_nll: 3.939e+00)
[2023-02-04 03:40:29] [Epoch     2/  500] trn/loss 3.704e+00, trn/lr 3.000e-02, val/acc 1.456e-01, val/nll 3.578e+00 (best_acc: 8.872e-02 -> 1.456e-01, test_acc: 1.484e-01, test_nll: 3.563e+00)
[2023-02-04 03:40:43] [Epoch     3/  500] trn/loss 3.370e+00, trn/lr 3.000e-02, val/acc 1.772e-01, val/nll 3.479e+00 (best_acc: 1.456e-01 -> 1.772e-01, test_acc: 1.797e-01, test_nll: 3.454e+00)
[2023-02-04 03:40:58] [Epoch     4/  500] trn/loss 3.000e+00, trn/lr 3.000e-02, val/acc 2.363e-01, val/nll 3.121e+00 (best_acc: 1.772e-01 -> 2.363e-01, test_acc: 2.519e-01, test_nll: 3.096e+00)
[2023-02-04 03:41:13] [Epoch     5/  500] trn/loss 2.659e+00, trn/lr 2.999e-02, val/acc 2.892e-01, val/nll 2.859e+00 (best_acc: 2.363e-01 -> 2.892e-01, test_acc: 2.935e-01, test_nll: 2.808e+00)
[2023-02-04 03:41:28] [Epoch     6/  500] trn/loss 2.370e+00, trn/lr 2.999e-02, val/acc 3.523e-01, val/nll 2.497e+00 (best_acc: 2.892e-01 -> 3.523e-01, test_acc: 3.737e-01, test_nll: 2.439e+00)
[2023-02-04 03:41:41] [Epoch     7/  500] trn/loss 2.142e+00, trn/lr 2.999e-02, val/acc 3.377e-01, val/nll 2.638e+00
[2023-02-04 03:41:56] [Epoch     8/  500] trn/loss 1.968e+00, trn/lr 2.998e-02, val/acc 3.781e-01, val/nll 2.417e+00 (best_acc: 3.523e-01 -> 3.781e-01, test_acc: 3.997e-01, test_nll: 2.359e+00)
[2023-02-04 03:42:12] [Epoch     9/  500] trn/loss 1.830e+00, trn/lr 2.998e-02, val/acc 4.378e-01, val/nll 2.136e+00 (best_acc: 3.781e-01 -> 4.378e-01, test_acc: 4.502e-01, test_nll: 2.106e+00)
[2023-02-04 03:42:26] [Epoch    10/  500] trn/loss 1.703e+00, trn/lr 2.997e-02, val/acc 4.707e-01, val/nll 1.973e+00 (best_acc: 4.378e-01 -> 4.707e-01, test_acc: 4.749e-01, test_nll: 1.951e+00)
[2023-02-04 03:42:40] [Epoch    11/  500] trn/loss 1.560e+00, trn/lr 2.997e-02, val/acc 4.657e-01, val/nll 2.047e+00
[2023-02-04 03:42:55] [Epoch    12/  500] trn/loss 1.478e+00, trn/lr 2.996e-02, val/acc 5.025e-01, val/nll 1.814e+00 (best_acc: 4.707e-01 -> 5.025e-01, test_acc: 5.169e-01, test_nll: 1.801e+00)
[2023-02-04 03:43:08] [Epoch    13/  500] trn/loss 1.400e+00, trn/lr 2.995e-02, val/acc 4.795e-01, val/nll 2.086e+00
[2023-02-04 03:43:23] [Epoch    14/  500] trn/loss 1.295e+00, trn/lr 2.995e-02, val/acc 5.175e-01, val/nll 1.824e+00 (best_acc: 5.025e-01 -> 5.175e-01, test_acc: 5.294e-01, test_nll: 1.810e+00)
[2023-02-04 03:43:38] [Epoch    15/  500] trn/loss 1.214e+00, trn/lr 2.994e-02, val/acc 5.338e-01, val/nll 1.743e+00 (best_acc: 5.175e-01 -> 5.338e-01, test_acc: 5.392e-01, test_nll: 1.725e+00)
[2023-02-04 03:43:52] [Epoch    16/  500] trn/loss 1.165e+00, trn/lr 2.993e-02, val/acc 5.573e-01, val/nll 1.649e+00 (best_acc: 5.338e-01 -> 5.573e-01, test_acc: 5.557e-01, test_nll: 1.648e+00)
[2023-02-04 03:44:07] [Epoch    17/  500] trn/loss 1.093e+00, trn/lr 2.992e-02, val/acc 5.657e-01, val/nll 1.654e+00 (best_acc: 5.573e-01 -> 5.657e-01, test_acc: 5.666e-01, test_nll: 1.660e+00)
[2023-02-04 03:44:22] [Epoch    18/  500] trn/loss 1.052e+00, trn/lr 2.991e-02, val/acc 5.715e-01, val/nll 1.607e+00 (best_acc: 5.657e-01 -> 5.715e-01, test_acc: 5.734e-01, test_nll: 1.600e+00)
[2023-02-04 03:44:37] [Epoch    19/  500] trn/loss 9.967e-01, trn/lr 2.990e-02, val/acc 5.788e-01, val/nll 1.613e+00 (best_acc: 5.715e-01 -> 5.788e-01, test_acc: 5.787e-01, test_nll: 1.606e+00)
[2023-02-04 03:44:50] [Epoch    20/  500] trn/loss 9.550e-01, trn/lr 2.989e-02, val/acc 5.494e-01, val/nll 1.752e+00
[2023-02-04 03:45:05] [Epoch    21/  500] trn/loss 8.985e-01, trn/lr 2.988e-02, val/acc 5.918e-01, val/nll 1.523e+00 (best_acc: 5.788e-01 -> 5.918e-01, test_acc: 5.933e-01, test_nll: 1.540e+00)
[2023-02-04 03:45:18] [Epoch    22/  500] trn/loss 8.615e-01, trn/lr 2.986e-02, val/acc 5.836e-01, val/nll 1.621e+00
[2023-02-04 03:45:32] [Epoch    23/  500] trn/loss 8.465e-01, trn/lr 2.985e-02, val/acc 5.721e-01, val/nll 1.697e+00
[2023-02-04 03:45:45] [Epoch    24/  500] trn/loss 7.910e-01, trn/lr 2.984e-02, val/acc 5.877e-01, val/nll 1.636e+00
[2023-02-04 03:45:59] [Epoch    25/  500] trn/loss 7.722e-01, trn/lr 2.982e-02, val/acc 5.821e-01, val/nll 1.652e+00
[2023-02-04 03:46:13] [Epoch    26/  500] trn/loss 7.376e-01, trn/lr 2.981e-02, val/acc 5.945e-01, val/nll 1.659e+00 (best_acc: 5.918e-01 -> 5.945e-01, test_acc: 5.824e-01, test_nll: 1.677e+00)
[2023-02-04 03:46:28] [Epoch    27/  500] trn/loss 7.137e-01, trn/lr 2.979e-02, val/acc 6.140e-01, val/nll 1.468e+00 (best_acc: 5.945e-01 -> 6.140e-01, test_acc: 6.178e-01, test_nll: 1.460e+00)
[2023-02-04 03:46:42] [Epoch    28/  500] trn/loss 6.809e-01, trn/lr 2.978e-02, val/acc 5.896e-01, val/nll 1.666e+00
[2023-02-04 03:46:55] [Epoch    29/  500] trn/loss 6.656e-01, trn/lr 2.976e-02, val/acc 5.994e-01, val/nll 1.605e+00
[2023-02-04 03:47:08] [Epoch    30/  500] trn/loss 6.304e-01, trn/lr 2.974e-02, val/acc 6.101e-01, val/nll 1.529e+00
[2023-02-04 03:47:22] [Epoch    31/  500] trn/loss 6.174e-01, trn/lr 2.973e-02, val/acc 5.950e-01, val/nll 1.640e+00
[2023-02-04 03:47:35] [Epoch    32/  500] trn/loss 6.021e-01, trn/lr 2.971e-02, val/acc 5.914e-01, val/nll 1.725e+00
[2023-02-04 03:47:49] [Epoch    33/  500] trn/loss 5.792e-01, trn/lr 2.969e-02, val/acc 6.024e-01, val/nll 1.569e+00
[2023-02-04 03:48:02] [Epoch    34/  500] trn/loss 5.649e-01, trn/lr 2.967e-02, val/acc 5.933e-01, val/nll 1.687e+00
[2023-02-04 03:48:16] [Epoch    35/  500] trn/loss 5.470e-01, trn/lr 2.965e-02, val/acc 5.784e-01, val/nll 1.825e+00
[2023-02-04 03:48:29] [Epoch    36/  500] trn/loss 5.568e-01, trn/lr 2.963e-02, val/acc 6.004e-01, val/nll 1.686e+00
[2023-02-04 03:48:44] [Epoch    37/  500] trn/loss 5.143e-01, trn/lr 2.961e-02, val/acc 6.279e-01, val/nll 1.560e+00 (best_acc: 6.140e-01 -> 6.279e-01, test_acc: 6.302e-01, test_nll: 1.550e+00)
[2023-02-04 03:48:57] [Epoch    38/  500] trn/loss 5.042e-01, trn/lr 2.959e-02, val/acc 5.722e-01, val/nll 2.074e+00
[2023-02-04 03:49:11] [Epoch    39/  500] trn/loss 4.967e-01, trn/lr 2.956e-02, val/acc 6.160e-01, val/nll 1.640e+00
[2023-02-04 03:49:24] [Epoch    40/  500] trn/loss 4.683e-01, trn/lr 2.954e-02, val/acc 5.987e-01, val/nll 1.789e+00
[2023-02-04 03:49:39] [Epoch    41/  500] trn/loss 4.920e-01, trn/lr 2.952e-02, val/acc 6.320e-01, val/nll 1.507e+00 (best_acc: 6.279e-01 -> 6.320e-01, test_acc: 6.431e-01, test_nll: 1.498e+00)
[2023-02-04 03:49:52] [Epoch    42/  500] trn/loss 4.469e-01, trn/lr 2.949e-02, val/acc 6.129e-01, val/nll 1.673e+00
[2023-02-04 03:50:06] [Epoch    43/  500] trn/loss 4.313e-01, trn/lr 2.947e-02, val/acc 5.988e-01, val/nll 1.802e+00
[2023-02-04 03:50:19] [Epoch    44/  500] trn/loss 4.391e-01, trn/lr 2.944e-02, val/acc 5.988e-01, val/nll 1.794e+00
[2023-02-04 03:50:33] [Epoch    45/  500] trn/loss 4.441e-01, trn/lr 2.942e-02, val/acc 6.025e-01, val/nll 1.730e+00
[2023-02-04 03:50:46] [Epoch    46/  500] trn/loss 4.458e-01, trn/lr 2.939e-02, val/acc 6.228e-01, val/nll 1.562e+00
[2023-02-04 03:51:00] [Epoch    47/  500] trn/loss 4.099e-01, trn/lr 2.936e-02, val/acc 6.139e-01, val/nll 1.721e+00
[2023-02-04 03:51:13] [Epoch    48/  500] trn/loss 4.299e-01, trn/lr 2.934e-02, val/acc 6.083e-01, val/nll 1.746e+00
[2023-02-04 03:51:27] [Epoch    49/  500] trn/loss 4.116e-01, trn/lr 2.931e-02, val/acc 6.107e-01, val/nll 1.738e+00
[2023-02-04 03:51:41] [Epoch    50/  500] trn/loss 4.043e-01, trn/lr 2.928e-02, val/acc 6.467e-01, val/nll 1.512e+00 (best_acc: 6.320e-01 -> 6.467e-01, test_acc: 6.469e-01, test_nll: 1.487e+00)
[2023-02-04 03:51:55] [Epoch    51/  500] trn/loss 3.775e-01, trn/lr 2.925e-02, val/acc 6.365e-01, val/nll 1.534e+00
[2023-02-04 03:52:08] [Epoch    52/  500] trn/loss 3.861e-01, trn/lr 2.922e-02, val/acc 6.076e-01, val/nll 1.782e+00
[2023-02-04 03:52:22] [Epoch    53/  500] trn/loss 4.017e-01, trn/lr 2.919e-02, val/acc 6.119e-01, val/nll 1.829e+00
[2023-02-04 03:52:35] [Epoch    54/  500] trn/loss 3.676e-01, trn/lr 2.916e-02, val/acc 6.088e-01, val/nll 1.688e+00
[2023-02-04 03:52:49] [Epoch    55/  500] trn/loss 3.498e-01, trn/lr 2.913e-02, val/acc 6.251e-01, val/nll 1.722e+00
[2023-02-04 03:53:02] [Epoch    56/  500] trn/loss 3.616e-01, trn/lr 2.910e-02, val/acc 6.189e-01, val/nll 1.751e+00
[2023-02-04 03:53:15] [Epoch    57/  500] trn/loss 3.810e-01, trn/lr 2.906e-02, val/acc 6.164e-01, val/nll 1.696e+00
[2023-02-04 03:53:29] [Epoch    58/  500] trn/loss 3.802e-01, trn/lr 2.903e-02, val/acc 6.198e-01, val/nll 1.675e+00
[2023-02-04 03:53:42] [Epoch    59/  500] trn/loss 3.633e-01, trn/lr 2.900e-02, val/acc 6.165e-01, val/nll 1.711e+00
[2023-02-04 03:53:56] [Epoch    60/  500] trn/loss 3.429e-01, trn/lr 2.896e-02, val/acc 6.165e-01, val/nll 1.782e+00
[2023-02-04 03:54:09] [Epoch    61/  500] trn/loss 3.485e-01, trn/lr 2.893e-02, val/acc 6.269e-01, val/nll 1.680e+00
[2023-02-04 03:54:23] [Epoch    62/  500] trn/loss 3.280e-01, trn/lr 2.889e-02, val/acc 6.319e-01, val/nll 1.614e+00
[2023-02-04 03:54:36] [Epoch    63/  500] trn/loss 3.447e-01, trn/lr 2.886e-02, val/acc 5.959e-01, val/nll 1.865e+00
[2023-02-04 03:54:50] [Epoch    64/  500] trn/loss 3.521e-01, trn/lr 2.882e-02, val/acc 6.122e-01, val/nll 1.801e+00
[2023-02-04 03:55:03] [Epoch    65/  500] trn/loss 3.417e-01, trn/lr 2.879e-02, val/acc 6.101e-01, val/nll 1.724e+00
[2023-02-04 03:55:16] [Epoch    66/  500] trn/loss 3.479e-01, trn/lr 2.875e-02, val/acc 6.192e-01, val/nll 1.672e+00
[2023-02-04 03:55:30] [Epoch    67/  500] trn/loss 3.202e-01, trn/lr 2.871e-02, val/acc 6.222e-01, val/nll 1.705e+00
[2023-02-04 03:55:43] [Epoch    68/  500] trn/loss 3.279e-01, trn/lr 2.867e-02, val/acc 6.287e-01, val/nll 1.692e+00
[2023-02-04 03:55:57] [Epoch    69/  500] trn/loss 3.421e-01, trn/lr 2.863e-02, val/acc 6.299e-01, val/nll 1.652e+00
[2023-02-04 03:56:10] [Epoch    70/  500] trn/loss 3.213e-01, trn/lr 2.859e-02, val/acc 6.185e-01, val/nll 1.760e+00
[2023-02-04 03:56:24] [Epoch    71/  500] trn/loss 3.244e-01, trn/lr 2.855e-02, val/acc 6.186e-01, val/nll 1.733e+00
[2023-02-04 03:56:37] [Epoch    72/  500] trn/loss 3.231e-01, trn/lr 2.851e-02, val/acc 6.442e-01, val/nll 1.549e+00
[2023-02-04 03:56:51] [Epoch    73/  500] trn/loss 3.077e-01, trn/lr 2.847e-02, val/acc 6.188e-01, val/nll 1.745e+00
[2023-02-04 03:57:04] [Epoch    74/  500] trn/loss 3.048e-01, trn/lr 2.843e-02, val/acc 6.358e-01, val/nll 1.615e+00
[2023-02-04 03:57:17] [Epoch    75/  500] trn/loss 3.119e-01, trn/lr 2.839e-02, val/acc 6.283e-01, val/nll 1.614e+00
[2023-02-04 03:57:31] [Epoch    76/  500] trn/loss 3.151e-01, trn/lr 2.834e-02, val/acc 6.290e-01, val/nll 1.696e+00
[2023-02-04 03:57:44] [Epoch    77/  500] trn/loss 3.137e-01, trn/lr 2.830e-02, val/acc 6.156e-01, val/nll 1.792e+00
[2023-02-04 03:57:58] [Epoch    78/  500] trn/loss 3.174e-01, trn/lr 2.826e-02, val/acc 6.333e-01, val/nll 1.704e+00
[2023-02-04 03:58:11] [Epoch    79/  500] trn/loss 3.019e-01, trn/lr 2.821e-02, val/acc 6.146e-01, val/nll 1.833e+00
[2023-02-04 03:58:25] [Epoch    80/  500] trn/loss 2.998e-01, trn/lr 2.817e-02, val/acc 6.354e-01, val/nll 1.548e+00
[2023-02-04 03:58:38] [Epoch    81/  500] trn/loss 2.928e-01, trn/lr 2.812e-02, val/acc 6.303e-01, val/nll 1.678e+00
[2023-02-04 03:58:52] [Epoch    82/  500] trn/loss 2.857e-01, trn/lr 2.808e-02, val/acc 6.363e-01, val/nll 1.722e+00
[2023-02-04 03:59:05] [Epoch    83/  500] trn/loss 2.718e-01, trn/lr 2.803e-02, val/acc 6.357e-01, val/nll 1.651e+00
[2023-02-04 03:59:18] [Epoch    84/  500] trn/loss 2.814e-01, trn/lr 2.798e-02, val/acc 6.138e-01, val/nll 1.863e+00
[2023-02-04 03:59:32] [Epoch    85/  500] trn/loss 3.040e-01, trn/lr 2.794e-02, val/acc 6.246e-01, val/nll 1.696e+00
[2023-02-04 03:59:45] [Epoch    86/  500] trn/loss 2.858e-01, trn/lr 2.789e-02, val/acc 6.289e-01, val/nll 1.682e+00
[2023-02-04 03:59:59] [Epoch    87/  500] trn/loss 2.857e-01, trn/lr 2.784e-02, val/acc 6.373e-01, val/nll 1.660e+00
[2023-02-04 04:00:12] [Epoch    88/  500] trn/loss 2.905e-01, trn/lr 2.779e-02, val/acc 6.321e-01, val/nll 1.603e+00
[2023-02-04 04:00:26] [Epoch    89/  500] trn/loss 2.843e-01, trn/lr 2.774e-02, val/acc 6.248e-01, val/nll 1.718e+00
[2023-02-04 04:00:39] [Epoch    90/  500] trn/loss 2.859e-01, trn/lr 2.769e-02, val/acc 6.426e-01, val/nll 1.598e+00
[2023-02-04 04:00:53] [Epoch    91/  500] trn/loss 2.667e-01, trn/lr 2.764e-02, val/acc 6.337e-01, val/nll 1.691e+00
[2023-02-04 04:01:06] [Epoch    92/  500] trn/loss 2.612e-01, trn/lr 2.759e-02, val/acc 6.335e-01, val/nll 1.644e+00
[2023-02-04 04:01:19] [Epoch    93/  500] trn/loss 2.679e-01, trn/lr 2.754e-02, val/acc 6.358e-01, val/nll 1.685e+00
[2023-02-04 04:01:34] [Epoch    94/  500] trn/loss 2.688e-01, trn/lr 2.749e-02, val/acc 6.468e-01, val/nll 1.588e+00 (best_acc: 6.467e-01 -> 6.468e-01, test_acc: 6.415e-01, test_nll: 1.592e+00)
[2023-02-04 04:01:48] [Epoch    95/  500] trn/loss 2.661e-01, trn/lr 2.743e-02, val/acc 6.213e-01, val/nll 1.765e+00
[2023-02-04 04:02:02] [Epoch    96/  500] trn/loss 2.933e-01, trn/lr 2.738e-02, val/acc 6.522e-01, val/nll 1.584e+00 (best_acc: 6.468e-01 -> 6.522e-01, test_acc: 6.484e-01, test_nll: 1.594e+00)
[2023-02-04 04:02:16] [Epoch    97/  500] trn/loss 2.520e-01, trn/lr 2.733e-02, val/acc 6.363e-01, val/nll 1.715e+00
[2023-02-04 04:02:29] [Epoch    98/  500] trn/loss 2.773e-01, trn/lr 2.727e-02, val/acc 6.085e-01, val/nll 1.830e+00
[2023-02-04 04:02:43] [Epoch    99/  500] trn/loss 2.712e-01, trn/lr 2.722e-02, val/acc 6.409e-01, val/nll 1.607e+00
[2023-02-04 04:02:56] [Epoch   100/  500] trn/loss 2.810e-01, trn/lr 2.716e-02, val/acc 6.319e-01, val/nll 1.675e+00
[2023-02-04 04:03:10] [Epoch   101/  500] trn/loss 2.543e-01, trn/lr 2.711e-02, val/acc 6.405e-01, val/nll 1.624e+00
[2023-02-04 04:03:23] [Epoch   102/  500] trn/loss 2.521e-01, trn/lr 2.705e-02, val/acc 6.316e-01, val/nll 1.671e+00
[2023-02-04 04:03:36] [Epoch   103/  500] trn/loss 2.641e-01, trn/lr 2.700e-02, val/acc 6.386e-01, val/nll 1.629e+00
[2023-02-04 04:03:50] [Epoch   104/  500] trn/loss 2.641e-01, trn/lr 2.694e-02, val/acc 6.281e-01, val/nll 1.724e+00
[2023-02-04 04:04:03] [Epoch   105/  500] trn/loss 2.733e-01, trn/lr 2.688e-02, val/acc 6.301e-01, val/nll 1.696e+00
[2023-02-04 04:04:17] [Epoch   106/  500] trn/loss 2.701e-01, trn/lr 2.682e-02, val/acc 6.218e-01, val/nll 1.787e+00
[2023-02-04 04:04:30] [Epoch   107/  500] trn/loss 2.642e-01, trn/lr 2.677e-02, val/acc 6.382e-01, val/nll 1.633e+00
[2023-02-04 04:04:44] [Epoch   108/  500] trn/loss 2.503e-01, trn/lr 2.671e-02, val/acc 6.426e-01, val/nll 1.672e+00
[2023-02-04 04:04:57] [Epoch   109/  500] trn/loss 2.526e-01, trn/lr 2.665e-02, val/acc 6.486e-01, val/nll 1.607e+00
[2023-02-04 04:05:12] [Epoch   110/  500] trn/loss 2.488e-01, trn/lr 2.659e-02, val/acc 6.524e-01, val/nll 1.598e+00 (best_acc: 6.522e-01 -> 6.524e-01, test_acc: 6.509e-01, test_nll: 1.591e+00)
[2023-02-04 04:05:25] [Epoch   111/  500] trn/loss 2.409e-01, trn/lr 2.653e-02, val/acc 6.446e-01, val/nll 1.624e+00
[2023-02-04 04:05:39] [Epoch   112/  500] trn/loss 2.212e-01, trn/lr 2.647e-02, val/acc 6.487e-01, val/nll 1.617e+00
[2023-02-04 04:05:52] [Epoch   113/  500] trn/loss 2.370e-01, trn/lr 2.641e-02, val/acc 6.444e-01, val/nll 1.599e+00
[2023-02-04 04:06:06] [Epoch   114/  500] trn/loss 2.587e-01, trn/lr 2.634e-02, val/acc 6.383e-01, val/nll 1.732e+00
[2023-02-04 04:06:19] [Epoch   115/  500] trn/loss 2.668e-01, trn/lr 2.628e-02, val/acc 6.305e-01, val/nll 1.686e+00
[2023-02-04 04:06:33] [Epoch   116/  500] trn/loss 2.568e-01, trn/lr 2.622e-02, val/acc 6.315e-01, val/nll 1.724e+00
[2023-02-04 04:06:46] [Epoch   117/  500] trn/loss 2.440e-01, trn/lr 2.616e-02, val/acc 6.423e-01, val/nll 1.636e+00
[2023-02-04 04:06:59] [Epoch   118/  500] trn/loss 2.462e-01, trn/lr 2.609e-02, val/acc 6.306e-01, val/nll 1.678e+00
[2023-02-04 04:07:13] [Epoch   119/  500] trn/loss 2.282e-01, trn/lr 2.603e-02, val/acc 6.497e-01, val/nll 1.602e+00
[2023-02-04 04:07:26] [Epoch   120/  500] trn/loss 2.314e-01, trn/lr 2.597e-02, val/acc 6.280e-01, val/nll 1.792e+00
[2023-02-04 04:07:40] [Epoch   121/  500] trn/loss 2.329e-01, trn/lr 2.590e-02, val/acc 6.403e-01, val/nll 1.733e+00
[2023-02-04 04:07:53] [Epoch   122/  500] trn/loss 2.419e-01, trn/lr 2.584e-02, val/acc 6.417e-01, val/nll 1.645e+00
[2023-02-04 04:08:07] [Epoch   123/  500] trn/loss 2.346e-01, trn/lr 2.577e-02, val/acc 6.212e-01, val/nll 1.835e+00
[2023-02-04 04:08:20] [Epoch   124/  500] trn/loss 2.209e-01, trn/lr 2.571e-02, val/acc 6.412e-01, val/nll 1.720e+00
[2023-02-04 04:08:33] [Epoch   125/  500] trn/loss 2.221e-01, trn/lr 2.564e-02, val/acc 6.348e-01, val/nll 1.712e+00
[2023-02-04 04:08:47] [Epoch   126/  500] trn/loss 2.288e-01, trn/lr 2.557e-02, val/acc 6.298e-01, val/nll 1.691e+00
[2023-02-04 04:09:00] [Epoch   127/  500] trn/loss 2.162e-01, trn/lr 2.551e-02, val/acc 6.377e-01, val/nll 1.683e+00
[2023-02-04 04:09:14] [Epoch   128/  500] trn/loss 2.281e-01, trn/lr 2.544e-02, val/acc 6.326e-01, val/nll 1.719e+00
[2023-02-04 04:09:27] [Epoch   129/  500] trn/loss 2.264e-01, trn/lr 2.537e-02, val/acc 6.406e-01, val/nll 1.634e+00
[2023-02-04 04:09:41] [Epoch   130/  500] trn/loss 2.162e-01, trn/lr 2.530e-02, val/acc 6.441e-01, val/nll 1.683e+00
[2023-02-04 04:09:54] [Epoch   131/  500] trn/loss 2.201e-01, trn/lr 2.523e-02, val/acc 6.259e-01, val/nll 1.783e+00
[2023-02-04 04:10:08] [Epoch   132/  500] trn/loss 2.428e-01, trn/lr 2.516e-02, val/acc 6.374e-01, val/nll 1.696e+00
[2023-02-04 04:10:21] [Epoch   133/  500] trn/loss 2.436e-01, trn/lr 2.510e-02, val/acc 6.424e-01, val/nll 1.696e+00
[2023-02-04 04:10:34] [Epoch   134/  500] trn/loss 2.407e-01, trn/lr 2.503e-02, val/acc 6.383e-01, val/nll 1.678e+00
[2023-02-04 04:10:48] [Epoch   135/  500] trn/loss 2.231e-01, trn/lr 2.496e-02, val/acc 6.321e-01, val/nll 1.716e+00
[2023-02-04 04:11:01] [Epoch   136/  500] trn/loss 2.098e-01, trn/lr 2.488e-02, val/acc 6.466e-01, val/nll 1.623e+00
[2023-02-04 04:11:15] [Epoch   137/  500] trn/loss 2.035e-01, trn/lr 2.481e-02, val/acc 6.257e-01, val/nll 1.827e+00
[2023-02-04 04:11:28] [Epoch   138/  500] trn/loss 2.093e-01, trn/lr 2.474e-02, val/acc 6.481e-01, val/nll 1.614e+00
[2023-02-04 04:11:42] [Epoch   139/  500] trn/loss 2.096e-01, trn/lr 2.467e-02, val/acc 6.455e-01, val/nll 1.633e+00
[2023-02-04 04:11:55] [Epoch   140/  500] trn/loss 2.123e-01, trn/lr 2.460e-02, val/acc 6.499e-01, val/nll 1.640e+00
[2023-02-04 04:12:09] [Epoch   141/  500] trn/loss 1.999e-01, trn/lr 2.453e-02, val/acc 6.402e-01, val/nll 1.660e+00
[2023-02-04 04:12:23] [Epoch   142/  500] trn/loss 1.994e-01, trn/lr 2.445e-02, val/acc 6.546e-01, val/nll 1.562e+00 (best_acc: 6.524e-01 -> 6.546e-01, test_acc: 6.535e-01, test_nll: 1.559e+00)
[2023-02-04 04:12:37] [Epoch   143/  500] trn/loss 1.993e-01, trn/lr 2.438e-02, val/acc 6.393e-01, val/nll 1.650e+00
[2023-02-04 04:12:50] [Epoch   144/  500] trn/loss 2.002e-01, trn/lr 2.431e-02, val/acc 6.399e-01, val/nll 1.670e+00
[2023-02-04 04:13:04] [Epoch   145/  500] trn/loss 2.180e-01, trn/lr 2.423e-02, val/acc 6.345e-01, val/nll 1.711e+00
[2023-02-04 04:13:17] [Epoch   146/  500] trn/loss 2.312e-01, trn/lr 2.416e-02, val/acc 6.365e-01, val/nll 1.750e+00
[2023-02-04 04:13:31] [Epoch   147/  500] trn/loss 2.254e-01, trn/lr 2.408e-02, val/acc 6.371e-01, val/nll 1.717e+00
[2023-02-04 04:13:44] [Epoch   148/  500] trn/loss 2.250e-01, trn/lr 2.401e-02, val/acc 6.398e-01, val/nll 1.669e+00
[2023-02-04 04:13:57] [Epoch   149/  500] trn/loss 2.066e-01, trn/lr 2.393e-02, val/acc 6.378e-01, val/nll 1.732e+00
[2023-02-04 04:14:12] [Epoch   150/  500] trn/loss 2.064e-01, trn/lr 2.386e-02, val/acc 6.644e-01, val/nll 1.537e+00 (best_acc: 6.546e-01 -> 6.644e-01, test_acc: 6.570e-01, test_nll: 1.556e+00)
[2023-02-04 04:14:26] [Epoch   151/  500] trn/loss 2.032e-01, trn/lr 2.378e-02, val/acc 6.442e-01, val/nll 1.660e+00
[2023-02-04 04:14:39] [Epoch   152/  500] trn/loss 1.939e-01, trn/lr 2.370e-02, val/acc 6.555e-01, val/nll 1.614e+00
[2023-02-04 04:14:52] [Epoch   153/  500] trn/loss 1.884e-01, trn/lr 2.363e-02, val/acc 6.478e-01, val/nll 1.591e+00
[2023-02-04 04:15:06] [Epoch   154/  500] trn/loss 1.997e-01, trn/lr 2.355e-02, val/acc 6.436e-01, val/nll 1.688e+00
[2023-02-04 04:15:19] [Epoch   155/  500] trn/loss 1.931e-01, trn/lr 2.347e-02, val/acc 6.424e-01, val/nll 1.704e+00
[2023-02-04 04:15:33] [Epoch   156/  500] trn/loss 1.959e-01, trn/lr 2.339e-02, val/acc 6.502e-01, val/nll 1.645e+00
[2023-02-04 04:15:46] [Epoch   157/  500] trn/loss 2.038e-01, trn/lr 2.331e-02, val/acc 6.496e-01, val/nll 1.605e+00
[2023-02-04 04:16:00] [Epoch   158/  500] trn/loss 1.987e-01, trn/lr 2.324e-02, val/acc 6.603e-01, val/nll 1.579e+00
[2023-02-04 04:16:13] [Epoch   159/  500] trn/loss 1.991e-01, trn/lr 2.316e-02, val/acc 6.454e-01, val/nll 1.668e+00
[2023-02-04 04:16:27] [Epoch   160/  500] trn/loss 1.890e-01, trn/lr 2.308e-02, val/acc 6.362e-01, val/nll 1.696e+00
[2023-02-04 04:16:40] [Epoch   161/  500] trn/loss 1.942e-01, trn/lr 2.300e-02, val/acc 6.514e-01, val/nll 1.638e+00
[2023-02-04 04:16:54] [Epoch   162/  500] trn/loss 1.946e-01, trn/lr 2.292e-02, val/acc 6.488e-01, val/nll 1.652e+00
[2023-02-04 04:17:07] [Epoch   163/  500] trn/loss 1.842e-01, trn/lr 2.284e-02, val/acc 6.375e-01, val/nll 1.725e+00
[2023-02-04 04:17:20] [Epoch   164/  500] trn/loss 1.769e-01, trn/lr 2.276e-02, val/acc 6.404e-01, val/nll 1.698e+00
[2023-02-04 04:17:34] [Epoch   165/  500] trn/loss 1.752e-01, trn/lr 2.268e-02, val/acc 6.488e-01, val/nll 1.663e+00
[2023-02-04 04:17:47] [Epoch   166/  500] trn/loss 1.814e-01, trn/lr 2.260e-02, val/acc 6.440e-01, val/nll 1.684e+00
[2023-02-04 04:18:01] [Epoch   167/  500] trn/loss 1.885e-01, trn/lr 2.251e-02, val/acc 6.569e-01, val/nll 1.619e+00
[2023-02-04 04:18:14] [Epoch   168/  500] trn/loss 1.950e-01, trn/lr 2.243e-02, val/acc 6.420e-01, val/nll 1.644e+00
[2023-02-04 04:18:28] [Epoch   169/  500] trn/loss 1.893e-01, trn/lr 2.235e-02, val/acc 6.466e-01, val/nll 1.636e+00
[2023-02-04 04:18:41] [Epoch   170/  500] trn/loss 1.886e-01, trn/lr 2.227e-02, val/acc 6.433e-01, val/nll 1.671e+00
[2023-02-04 04:18:54] [Epoch   171/  500] trn/loss 1.870e-01, trn/lr 2.219e-02, val/acc 6.439e-01, val/nll 1.631e+00
[2023-02-04 04:19:08] [Epoch   172/  500] trn/loss 1.852e-01, trn/lr 2.210e-02, val/acc 6.488e-01, val/nll 1.627e+00
[2023-02-04 04:19:21] [Epoch   173/  500] trn/loss 1.717e-01, trn/lr 2.202e-02, val/acc 6.611e-01, val/nll 1.618e+00
[2023-02-04 04:19:35] [Epoch   174/  500] trn/loss 1.698e-01, trn/lr 2.194e-02, val/acc 6.575e-01, val/nll 1.629e+00
[2023-02-04 04:19:48] [Epoch   175/  500] trn/loss 1.583e-01, trn/lr 2.185e-02, val/acc 6.490e-01, val/nll 1.638e+00
[2023-02-04 04:20:02] [Epoch   176/  500] trn/loss 1.630e-01, trn/lr 2.177e-02, val/acc 6.488e-01, val/nll 1.664e+00
[2023-02-04 04:20:15] [Epoch   177/  500] trn/loss 1.848e-01, trn/lr 2.168e-02, val/acc 6.445e-01, val/nll 1.666e+00
[2023-02-04 04:20:29] [Epoch   178/  500] trn/loss 1.638e-01, trn/lr 2.160e-02, val/acc 6.355e-01, val/nll 1.697e+00
[2023-02-04 04:20:42] [Epoch   179/  500] trn/loss 1.665e-01, trn/lr 2.151e-02, val/acc 6.564e-01, val/nll 1.574e+00
[2023-02-04 04:20:56] [Epoch   180/  500] trn/loss 1.728e-01, trn/lr 2.143e-02, val/acc 6.445e-01, val/nll 1.658e+00
[2023-02-04 04:21:09] [Epoch   181/  500] trn/loss 1.810e-01, trn/lr 2.134e-02, val/acc 6.480e-01, val/nll 1.629e+00
[2023-02-04 04:21:22] [Epoch   182/  500] trn/loss 1.831e-01, trn/lr 2.126e-02, val/acc 6.483e-01, val/nll 1.664e+00
[2023-02-04 04:21:36] [Epoch   183/  500] trn/loss 1.768e-01, trn/lr 2.117e-02, val/acc 6.496e-01, val/nll 1.614e+00
[2023-02-04 04:21:49] [Epoch   184/  500] trn/loss 1.691e-01, trn/lr 2.109e-02, val/acc 6.549e-01, val/nll 1.603e+00
[2023-02-04 04:22:03] [Epoch   185/  500] trn/loss 1.675e-01, trn/lr 2.100e-02, val/acc 6.334e-01, val/nll 1.735e+00
[2023-02-04 04:22:16] [Epoch   186/  500] trn/loss 1.650e-01, trn/lr 2.091e-02, val/acc 6.289e-01, val/nll 1.700e+00
[2023-02-04 04:22:30] [Epoch   187/  500] trn/loss 1.758e-01, trn/lr 2.083e-02, val/acc 6.353e-01, val/nll 1.769e+00
[2023-02-04 04:22:43] [Epoch   188/  500] trn/loss 1.665e-01, trn/lr 2.074e-02, val/acc 6.478e-01, val/nll 1.619e+00
[2023-02-04 04:22:57] [Epoch   189/  500] trn/loss 1.615e-01, trn/lr 2.065e-02, val/acc 6.501e-01, val/nll 1.638e+00
[2023-02-04 04:23:10] [Epoch   190/  500] trn/loss 1.500e-01, trn/lr 2.057e-02, val/acc 6.511e-01, val/nll 1.608e+00
[2023-02-04 04:23:23] [Epoch   191/  500] trn/loss 1.439e-01, trn/lr 2.048e-02, val/acc 6.556e-01, val/nll 1.597e+00
[2023-02-04 04:23:37] [Epoch   192/  500] trn/loss 1.436e-01, trn/lr 2.039e-02, val/acc 6.406e-01, val/nll 1.708e+00
[2023-02-04 04:23:52] [Epoch   193/  500] trn/loss 1.501e-01, trn/lr 2.030e-02, val/acc 6.667e-01, val/nll 1.548e+00 (best_acc: 6.644e-01 -> 6.667e-01, test_acc: 6.591e-01, test_nll: 1.585e+00)
[2023-02-04 04:24:05] [Epoch   194/  500] trn/loss 1.529e-01, trn/lr 2.021e-02, val/acc 6.586e-01, val/nll 1.624e+00
[2023-02-04 04:24:18] [Epoch   195/  500] trn/loss 1.554e-01, trn/lr 2.013e-02, val/acc 6.507e-01, val/nll 1.637e+00
[2023-02-04 04:24:32] [Epoch   196/  500] trn/loss 1.516e-01, trn/lr 2.004e-02, val/acc 6.628e-01, val/nll 1.561e+00
[2023-02-04 04:24:45] [Epoch   197/  500] trn/loss 1.580e-01, trn/lr 1.995e-02, val/acc 6.373e-01, val/nll 1.753e+00
[2023-02-04 04:24:59] [Epoch   198/  500] trn/loss 1.498e-01, trn/lr 1.986e-02, val/acc 6.560e-01, val/nll 1.618e+00
[2023-02-04 04:25:12] [Epoch   199/  500] trn/loss 1.560e-01, trn/lr 1.977e-02, val/acc 6.522e-01, val/nll 1.634e+00
[2023-02-04 04:25:26] [Epoch   200/  500] trn/loss 1.528e-01, trn/lr 1.968e-02, val/acc 6.565e-01, val/nll 1.583e+00
[2023-02-04 04:25:39] [Epoch   201/  500] trn/loss 1.510e-01, trn/lr 1.959e-02, val/acc 6.590e-01, val/nll 1.616e+00
[2023-02-04 04:25:53] [Epoch   202/  500] trn/loss 1.475e-01, trn/lr 1.950e-02, val/acc 6.588e-01, val/nll 1.614e+00
[2023-02-04 04:26:07] [Epoch   203/  500] trn/loss 1.368e-01, trn/lr 1.941e-02, val/acc 6.720e-01, val/nll 1.526e+00 (best_acc: 6.667e-01 -> 6.720e-01, test_acc: 6.728e-01, test_nll: 1.538e+00)
[2023-02-04 04:26:21] [Epoch   204/  500] trn/loss 1.417e-01, trn/lr 1.932e-02, val/acc 6.493e-01, val/nll 1.598e+00
[2023-02-04 04:26:34] [Epoch   205/  500] trn/loss 1.409e-01, trn/lr 1.923e-02, val/acc 6.527e-01, val/nll 1.633e+00
[2023-02-04 04:26:48] [Epoch   206/  500] trn/loss 1.426e-01, trn/lr 1.914e-02, val/acc 6.561e-01, val/nll 1.582e+00
[2023-02-04 04:27:01] [Epoch   207/  500] trn/loss 1.450e-01, trn/lr 1.905e-02, val/acc 6.508e-01, val/nll 1.623e+00
[2023-02-04 04:27:14] [Epoch   208/  500] trn/loss 1.558e-01, trn/lr 1.896e-02, val/acc 6.437e-01, val/nll 1.693e+00
[2023-02-04 04:27:28] [Epoch   209/  500] trn/loss 1.488e-01, trn/lr 1.887e-02, val/acc 6.659e-01, val/nll 1.534e+00
[2023-02-04 04:27:41] [Epoch   210/  500] trn/loss 1.329e-01, trn/lr 1.878e-02, val/acc 6.580e-01, val/nll 1.642e+00
[2023-02-04 04:27:55] [Epoch   211/  500] trn/loss 1.301e-01, trn/lr 1.868e-02, val/acc 6.649e-01, val/nll 1.569e+00
[2023-02-04 04:28:08] [Epoch   212/  500] trn/loss 1.322e-01, trn/lr 1.859e-02, val/acc 6.534e-01, val/nll 1.610e+00
[2023-02-04 04:28:22] [Epoch   213/  500] trn/loss 1.407e-01, trn/lr 1.850e-02, val/acc 6.471e-01, val/nll 1.664e+00
[2023-02-04 04:28:35] [Epoch   214/  500] trn/loss 1.423e-01, trn/lr 1.841e-02, val/acc 6.592e-01, val/nll 1.577e+00
[2023-02-04 04:28:49] [Epoch   215/  500] trn/loss 1.388e-01, trn/lr 1.832e-02, val/acc 6.648e-01, val/nll 1.555e+00
[2023-02-04 04:29:02] [Epoch   216/  500] trn/loss 1.353e-01, trn/lr 1.823e-02, val/acc 6.625e-01, val/nll 1.538e+00
[2023-02-04 04:29:15] [Epoch   217/  500] trn/loss 1.333e-01, trn/lr 1.813e-02, val/acc 6.633e-01, val/nll 1.603e+00
[2023-02-04 04:29:29] [Epoch   218/  500] trn/loss 1.302e-01, trn/lr 1.804e-02, val/acc 6.628e-01, val/nll 1.560e+00
[2023-02-04 04:29:42] [Epoch   219/  500] trn/loss 1.244e-01, trn/lr 1.795e-02, val/acc 6.622e-01, val/nll 1.584e+00
[2023-02-04 04:29:56] [Epoch   220/  500] trn/loss 1.329e-01, trn/lr 1.786e-02, val/acc 6.644e-01, val/nll 1.581e+00
[2023-02-04 04:30:11] [Epoch   221/  500] trn/loss 1.324e-01, trn/lr 1.776e-02, val/acc 6.747e-01, val/nll 1.521e+00 (best_acc: 6.720e-01 -> 6.747e-01, test_acc: 6.720e-01, test_nll: 1.544e+00)
[2023-02-04 04:30:24] [Epoch   222/  500] trn/loss 1.205e-01, trn/lr 1.767e-02, val/acc 6.696e-01, val/nll 1.577e+00
[2023-02-04 04:30:37] [Epoch   223/  500] trn/loss 1.153e-01, trn/lr 1.758e-02, val/acc 6.692e-01, val/nll 1.546e+00
[2023-02-04 04:30:51] [Epoch   224/  500] trn/loss 1.160e-01, trn/lr 1.749e-02, val/acc 6.654e-01, val/nll 1.578e+00
[2023-02-04 04:31:04] [Epoch   225/  500] trn/loss 1.127e-01, trn/lr 1.739e-02, val/acc 6.635e-01, val/nll 1.587e+00
[2023-02-04 04:31:18] [Epoch   226/  500] trn/loss 1.236e-01, trn/lr 1.730e-02, val/acc 6.515e-01, val/nll 1.657e+00
[2023-02-04 04:31:31] [Epoch   227/  500] trn/loss 1.156e-01, trn/lr 1.721e-02, val/acc 6.657e-01, val/nll 1.548e+00
[2023-02-04 04:31:45] [Epoch   228/  500] trn/loss 1.288e-01, trn/lr 1.711e-02, val/acc 6.627e-01, val/nll 1.595e+00
[2023-02-04 04:31:58] [Epoch   229/  500] trn/loss 1.202e-01, trn/lr 1.702e-02, val/acc 6.538e-01, val/nll 1.639e+00
[2023-02-04 04:32:12] [Epoch   230/  500] trn/loss 1.197e-01, trn/lr 1.693e-02, val/acc 6.671e-01, val/nll 1.572e+00
[2023-02-04 04:32:25] [Epoch   231/  500] trn/loss 1.181e-01, trn/lr 1.683e-02, val/acc 6.541e-01, val/nll 1.653e+00
[2023-02-04 04:32:38] [Epoch   232/  500] trn/loss 1.315e-01, trn/lr 1.674e-02, val/acc 6.600e-01, val/nll 1.582e+00
[2023-02-04 04:32:52] [Epoch   233/  500] trn/loss 1.376e-01, trn/lr 1.665e-02, val/acc 6.532e-01, val/nll 1.632e+00
[2023-02-04 04:33:05] [Epoch   234/  500] trn/loss 1.300e-01, trn/lr 1.655e-02, val/acc 6.677e-01, val/nll 1.583e+00
[2023-02-04 04:33:19] [Epoch   235/  500] trn/loss 1.185e-01, trn/lr 1.646e-02, val/acc 6.706e-01, val/nll 1.581e+00
[2023-02-04 04:33:34] [Epoch   236/  500] trn/loss 1.080e-01, trn/lr 1.636e-02, val/acc 6.754e-01, val/nll 1.519e+00 (best_acc: 6.747e-01 -> 6.754e-01, test_acc: 6.783e-01, test_nll: 1.539e+00)
[2023-02-04 04:33:47] [Epoch   237/  500] trn/loss 9.776e-02, trn/lr 1.627e-02, val/acc 6.690e-01, val/nll 1.601e+00
[2023-02-04 04:34:01] [Epoch   238/  500] trn/loss 9.815e-02, trn/lr 1.618e-02, val/acc 6.642e-01, val/nll 1.539e+00
[2023-02-04 04:34:14] [Epoch   239/  500] trn/loss 1.059e-01, trn/lr 1.608e-02, val/acc 6.709e-01, val/nll 1.561e+00
[2023-02-04 04:34:27] [Epoch   240/  500] trn/loss 1.057e-01, trn/lr 1.599e-02, val/acc 6.469e-01, val/nll 1.720e+00
[2023-02-04 04:34:42] [Epoch   241/  500] trn/loss 9.809e-02, trn/lr 1.590e-02, val/acc 6.760e-01, val/nll 1.524e+00 (best_acc: 6.754e-01 -> 6.760e-01, test_acc: 6.716e-01, test_nll: 1.541e+00)
[2023-02-04 04:34:57] [Epoch   242/  500] trn/loss 9.105e-02, trn/lr 1.580e-02, val/acc 6.785e-01, val/nll 1.485e+00 (best_acc: 6.760e-01 -> 6.785e-01, test_acc: 6.755e-01, test_nll: 1.492e+00)
[2023-02-04 04:35:10] [Epoch   243/  500] trn/loss 9.017e-02, trn/lr 1.571e-02, val/acc 6.596e-01, val/nll 1.585e+00
[2023-02-04 04:35:24] [Epoch   244/  500] trn/loss 9.275e-02, trn/lr 1.561e-02, val/acc 6.658e-01, val/nll 1.601e+00
[2023-02-04 04:35:37] [Epoch   245/  500] trn/loss 1.042e-01, trn/lr 1.552e-02, val/acc 6.625e-01, val/nll 1.594e+00
[2023-02-04 04:35:51] [Epoch   246/  500] trn/loss 1.067e-01, trn/lr 1.542e-02, val/acc 6.673e-01, val/nll 1.570e+00
[2023-02-04 04:36:04] [Epoch   247/  500] trn/loss 1.207e-01, trn/lr 1.533e-02, val/acc 6.576e-01, val/nll 1.668e+00
[2023-02-04 04:36:18] [Epoch   248/  500] trn/loss 1.168e-01, trn/lr 1.524e-02, val/acc 6.744e-01, val/nll 1.529e+00
[2023-02-04 04:36:31] [Epoch   249/  500] trn/loss 1.047e-01, trn/lr 1.514e-02, val/acc 6.596e-01, val/nll 1.595e+00
[2023-02-04 04:36:44] [Epoch   250/  500] trn/loss 1.162e-01, trn/lr 1.505e-02, val/acc 6.508e-01, val/nll 1.637e+00
[2023-02-04 04:36:58] [Epoch   251/  500] trn/loss 1.113e-01, trn/lr 1.495e-02, val/acc 6.759e-01, val/nll 1.469e+00
[2023-02-04 04:37:11] [Epoch   252/  500] trn/loss 1.004e-01, trn/lr 1.486e-02, val/acc 6.718e-01, val/nll 1.518e+00
[2023-02-04 04:37:25] [Epoch   253/  500] trn/loss 9.617e-02, trn/lr 1.476e-02, val/acc 6.760e-01, val/nll 1.531e+00
[2023-02-04 04:37:38] [Epoch   254/  500] trn/loss 8.819e-02, trn/lr 1.467e-02, val/acc 6.742e-01, val/nll 1.542e+00
[2023-02-04 04:37:52] [Epoch   255/  500] trn/loss 9.004e-02, trn/lr 1.458e-02, val/acc 6.572e-01, val/nll 1.647e+00
[2023-02-04 04:38:05] [Epoch   256/  500] trn/loss 1.027e-01, trn/lr 1.448e-02, val/acc 6.514e-01, val/nll 1.696e+00
[2023-02-04 04:38:19] [Epoch   257/  500] trn/loss 9.389e-02, trn/lr 1.439e-02, val/acc 6.670e-01, val/nll 1.573e+00
[2023-02-04 04:38:33] [Epoch   258/  500] trn/loss 8.276e-02, trn/lr 1.429e-02, val/acc 6.794e-01, val/nll 1.542e+00 (best_acc: 6.785e-01 -> 6.794e-01, test_acc: 6.730e-01, test_nll: 1.554e+00)
[2023-02-04 04:38:48] [Epoch   259/  500] trn/loss 9.258e-02, trn/lr 1.420e-02, val/acc 6.829e-01, val/nll 1.485e+00 (best_acc: 6.794e-01 -> 6.829e-01, test_acc: 6.787e-01, test_nll: 1.495e+00)
[2023-02-04 04:39:02] [Epoch   260/  500] trn/loss 8.162e-02, trn/lr 1.411e-02, val/acc 6.739e-01, val/nll 1.508e+00
[2023-02-04 04:39:15] [Epoch   261/  500] trn/loss 9.097e-02, trn/lr 1.401e-02, val/acc 6.713e-01, val/nll 1.536e+00
[2023-02-04 04:39:29] [Epoch   262/  500] trn/loss 9.520e-02, trn/lr 1.392e-02, val/acc 6.793e-01, val/nll 1.494e+00
[2023-02-04 04:39:42] [Epoch   263/  500] trn/loss 8.371e-02, trn/lr 1.382e-02, val/acc 6.773e-01, val/nll 1.478e+00
[2023-02-04 04:39:56] [Epoch   264/  500] trn/loss 7.780e-02, trn/lr 1.373e-02, val/acc 6.767e-01, val/nll 1.546e+00
[2023-02-04 04:40:09] [Epoch   265/  500] trn/loss 7.464e-02, trn/lr 1.364e-02, val/acc 6.800e-01, val/nll 1.517e+00
[2023-02-04 04:40:22] [Epoch   266/  500] trn/loss 8.025e-02, trn/lr 1.354e-02, val/acc 6.732e-01, val/nll 1.529e+00
[2023-02-04 04:40:36] [Epoch   267/  500] trn/loss 8.321e-02, trn/lr 1.345e-02, val/acc 6.725e-01, val/nll 1.568e+00
[2023-02-04 04:40:49] [Epoch   268/  500] trn/loss 8.982e-02, trn/lr 1.335e-02, val/acc 6.696e-01, val/nll 1.535e+00
[2023-02-04 04:41:03] [Epoch   269/  500] trn/loss 9.141e-02, trn/lr 1.326e-02, val/acc 6.759e-01, val/nll 1.516e+00
[2023-02-04 04:41:16] [Epoch   270/  500] trn/loss 8.279e-02, trn/lr 1.317e-02, val/acc 6.754e-01, val/nll 1.540e+00
[2023-02-04 04:41:30] [Epoch   271/  500] trn/loss 7.560e-02, trn/lr 1.307e-02, val/acc 6.765e-01, val/nll 1.489e+00
[2023-02-04 04:41:43] [Epoch   272/  500] trn/loss 7.486e-02, trn/lr 1.298e-02, val/acc 6.760e-01, val/nll 1.496e+00
[2023-02-04 04:41:57] [Epoch   273/  500] trn/loss 7.378e-02, trn/lr 1.289e-02, val/acc 6.822e-01, val/nll 1.480e+00
[2023-02-04 04:42:10] [Epoch   274/  500] trn/loss 7.455e-02, trn/lr 1.279e-02, val/acc 6.780e-01, val/nll 1.532e+00
[2023-02-04 04:42:25] [Epoch   275/  500] trn/loss 7.543e-02, trn/lr 1.270e-02, val/acc 6.876e-01, val/nll 1.437e+00 (best_acc: 6.829e-01 -> 6.876e-01, test_acc: 6.854e-01, test_nll: 1.451e+00)
[2023-02-04 04:42:38] [Epoch   276/  500] trn/loss 7.039e-02, trn/lr 1.261e-02, val/acc 6.861e-01, val/nll 1.449e+00
[2023-02-04 04:42:52] [Epoch   277/  500] trn/loss 7.120e-02, trn/lr 1.251e-02, val/acc 6.787e-01, val/nll 1.505e+00
[2023-02-04 04:43:05] [Epoch   278/  500] trn/loss 7.867e-02, trn/lr 1.242e-02, val/acc 6.737e-01, val/nll 1.551e+00
[2023-02-04 04:43:19] [Epoch   279/  500] trn/loss 7.783e-02, trn/lr 1.233e-02, val/acc 6.753e-01, val/nll 1.562e+00
[2023-02-04 04:43:32] [Epoch   280/  500] trn/loss 7.928e-02, trn/lr 1.224e-02, val/acc 6.624e-01, val/nll 1.537e+00
[2023-02-04 04:43:45] [Epoch   281/  500] trn/loss 8.027e-02, trn/lr 1.214e-02, val/acc 6.803e-01, val/nll 1.480e+00
[2023-02-04 04:44:00] [Epoch   282/  500] trn/loss 7.790e-02, trn/lr 1.205e-02, val/acc 6.877e-01, val/nll 1.488e+00 (best_acc: 6.876e-01 -> 6.877e-01, test_acc: 6.880e-01, test_nll: 1.489e+00)
[2023-02-04 04:44:14] [Epoch   283/  500] trn/loss 7.395e-02, trn/lr 1.196e-02, val/acc 6.806e-01, val/nll 1.467e+00
[2023-02-04 04:44:27] [Epoch   284/  500] trn/loss 6.992e-02, trn/lr 1.187e-02, val/acc 6.750e-01, val/nll 1.503e+00
[2023-02-04 04:44:42] [Epoch   285/  500] trn/loss 6.330e-02, trn/lr 1.177e-02, val/acc 6.919e-01, val/nll 1.459e+00 (best_acc: 6.877e-01 -> 6.919e-01, test_acc: 6.932e-01, test_nll: 1.457e+00)
[2023-02-04 04:44:55] [Epoch   286/  500] trn/loss 6.027e-02, trn/lr 1.168e-02, val/acc 6.890e-01, val/nll 1.426e+00
[2023-02-04 04:45:09] [Epoch   287/  500] trn/loss 5.713e-02, trn/lr 1.159e-02, val/acc 6.860e-01, val/nll 1.419e+00
[2023-02-04 04:45:24] [Epoch   288/  500] trn/loss 6.094e-02, trn/lr 1.150e-02, val/acc 6.920e-01, val/nll 1.420e+00 (best_acc: 6.919e-01 -> 6.920e-01, test_acc: 6.878e-01, test_nll: 1.417e+00)
[2023-02-04 04:45:38] [Epoch   289/  500] trn/loss 5.606e-02, trn/lr 1.141e-02, val/acc 6.990e-01, val/nll 1.412e+00 (best_acc: 6.920e-01 -> 6.990e-01, test_acc: 6.917e-01, test_nll: 1.408e+00)
[2023-02-04 04:45:52] [Epoch   290/  500] trn/loss 5.333e-02, trn/lr 1.132e-02, val/acc 6.793e-01, val/nll 1.485e+00
[2023-02-04 04:46:05] [Epoch   291/  500] trn/loss 5.196e-02, trn/lr 1.122e-02, val/acc 6.833e-01, val/nll 1.432e+00
[2023-02-04 04:46:19] [Epoch   292/  500] trn/loss 4.874e-02, trn/lr 1.113e-02, val/acc 6.978e-01, val/nll 1.357e+00
[2023-02-04 04:46:32] [Epoch   293/  500] trn/loss 4.736e-02, trn/lr 1.104e-02, val/acc 6.965e-01, val/nll 1.385e+00
[2023-02-04 04:46:46] [Epoch   294/  500] trn/loss 4.562e-02, trn/lr 1.095e-02, val/acc 6.858e-01, val/nll 1.432e+00
[2023-02-04 04:46:59] [Epoch   295/  500] trn/loss 4.350e-02, trn/lr 1.086e-02, val/acc 6.892e-01, val/nll 1.398e+00
[2023-02-04 04:47:12] [Epoch   296/  500] trn/loss 4.024e-02, trn/lr 1.077e-02, val/acc 6.892e-01, val/nll 1.430e+00
[2023-02-04 04:47:27] [Epoch   297/  500] trn/loss 4.058e-02, trn/lr 1.068e-02, val/acc 7.017e-01, val/nll 1.380e+00 (best_acc: 6.990e-01 -> 7.017e-01, test_acc: 6.959e-01, test_nll: 1.395e+00)
[2023-02-04 04:47:41] [Epoch   298/  500] trn/loss 4.320e-02, trn/lr 1.059e-02, val/acc 6.910e-01, val/nll 1.426e+00
[2023-02-04 04:47:54] [Epoch   299/  500] trn/loss 4.977e-02, trn/lr 1.050e-02, val/acc 6.835e-01, val/nll 1.458e+00
[2023-02-04 04:48:08] [Epoch   300/  500] trn/loss 5.620e-02, trn/lr 1.041e-02, val/acc 6.835e-01, val/nll 1.444e+00
[2023-02-04 04:48:21] [Epoch   301/  500] trn/loss 6.051e-02, trn/lr 1.032e-02, val/acc 6.820e-01, val/nll 1.465e+00
[2023-02-04 04:48:34] [Epoch   302/  500] trn/loss 7.355e-02, trn/lr 1.023e-02, val/acc 6.707e-01, val/nll 1.517e+00
[2023-02-04 04:48:48] [Epoch   303/  500] trn/loss 7.125e-02, trn/lr 1.014e-02, val/acc 6.730e-01, val/nll 1.529e+00
[2023-02-04 04:49:01] [Epoch   304/  500] trn/loss 7.286e-02, trn/lr 1.005e-02, val/acc 6.887e-01, val/nll 1.431e+00
[2023-02-04 04:49:15] [Epoch   305/  500] trn/loss 7.755e-02, trn/lr 9.964e-03, val/acc 6.655e-01, val/nll 1.555e+00
[2023-02-04 04:49:28] [Epoch   306/  500] trn/loss 7.363e-02, trn/lr 9.875e-03, val/acc 6.816e-01, val/nll 1.449e+00
[2023-02-04 04:49:42] [Epoch   307/  500] trn/loss 6.986e-02, trn/lr 9.786e-03, val/acc 6.684e-01, val/nll 1.564e+00
[2023-02-04 04:49:55] [Epoch   308/  500] trn/loss 6.475e-02, trn/lr 9.698e-03, val/acc 6.805e-01, val/nll 1.467e+00
[2023-02-04 04:50:09] [Epoch   309/  500] trn/loss 5.866e-02, trn/lr 9.610e-03, val/acc 6.852e-01, val/nll 1.419e+00
[2023-02-04 04:50:22] [Epoch   310/  500] trn/loss 5.121e-02, trn/lr 9.522e-03, val/acc 6.892e-01, val/nll 1.452e+00
[2023-02-04 04:50:36] [Epoch   311/  500] trn/loss 5.114e-02, trn/lr 9.435e-03, val/acc 6.841e-01, val/nll 1.438e+00
[2023-02-04 04:50:49] [Epoch   312/  500] trn/loss 5.040e-02, trn/lr 9.347e-03, val/acc 6.841e-01, val/nll 1.431e+00
[2023-02-04 04:51:02] [Epoch   313/  500] trn/loss 4.352e-02, trn/lr 9.260e-03, val/acc 6.929e-01, val/nll 1.417e+00
[2023-02-04 04:51:17] [Epoch   314/  500] trn/loss 3.473e-02, trn/lr 9.173e-03, val/acc 7.052e-01, val/nll 1.356e+00 (best_acc: 7.017e-01 -> 7.052e-01, test_acc: 7.082e-01, test_nll: 1.362e+00)
[2023-02-04 04:51:32] [Epoch   315/  500] trn/loss 2.899e-02, trn/lr 9.086e-03, val/acc 7.088e-01, val/nll 1.320e+00 (best_acc: 7.052e-01 -> 7.088e-01, test_acc: 7.090e-01, test_nll: 1.319e+00)
[2023-02-04 04:51:45] [Epoch   316/  500] trn/loss 2.901e-02, trn/lr 9.000e-03, val/acc 7.006e-01, val/nll 1.392e+00
[2023-02-04 04:51:59] [Epoch   317/  500] trn/loss 3.193e-02, trn/lr 8.914e-03, val/acc 7.009e-01, val/nll 1.369e+00
[2023-02-04 04:52:13] [Epoch   318/  500] trn/loss 2.764e-02, trn/lr 8.828e-03, val/acc 7.114e-01, val/nll 1.307e+00 (best_acc: 7.088e-01 -> 7.114e-01, test_acc: 7.144e-01, test_nll: 1.294e+00)
[2023-02-04 04:52:28] [Epoch   319/  500] trn/loss 2.398e-02, trn/lr 8.742e-03, val/acc 7.168e-01, val/nll 1.315e+00 (best_acc: 7.114e-01 -> 7.168e-01, test_acc: 7.129e-01, test_nll: 1.330e+00)
[2023-02-04 04:52:42] [Epoch   320/  500] trn/loss 2.137e-02, trn/lr 8.656e-03, val/acc 7.132e-01, val/nll 1.319e+00
[2023-02-04 04:52:55] [Epoch   321/  500] trn/loss 1.870e-02, trn/lr 8.571e-03, val/acc 7.145e-01, val/nll 1.278e+00
[2023-02-04 04:53:09] [Epoch   322/  500] trn/loss 1.557e-02, trn/lr 8.486e-03, val/acc 7.098e-01, val/nll 1.314e+00
[2023-02-04 04:53:23] [Epoch   323/  500] trn/loss 1.549e-02, trn/lr 8.401e-03, val/acc 7.264e-01, val/nll 1.214e+00 (best_acc: 7.168e-01 -> 7.264e-01, test_acc: 7.197e-01, test_nll: 1.242e+00)
[2023-02-04 04:53:38] [Epoch   324/  500] trn/loss 1.233e-02, trn/lr 8.317e-03, val/acc 7.279e-01, val/nll 1.207e+00 (best_acc: 7.264e-01 -> 7.279e-01, test_acc: 7.228e-01, test_nll: 1.236e+00)
[2023-02-04 04:53:53] [Epoch   325/  500] trn/loss 9.471e-03, trn/lr 8.232e-03, val/acc 7.312e-01, val/nll 1.180e+00 (best_acc: 7.279e-01 -> 7.312e-01, test_acc: 7.304e-01, test_nll: 1.216e+00)
[2023-02-04 04:54:07] [Epoch   326/  500] trn/loss 7.004e-03, trn/lr 8.148e-03, val/acc 7.366e-01, val/nll 1.150e+00 (best_acc: 7.312e-01 -> 7.366e-01, test_acc: 7.364e-01, test_nll: 1.176e+00)
[2023-02-04 04:54:22] [Epoch   327/  500] trn/loss 6.169e-03, trn/lr 8.065e-03, val/acc 7.384e-01, val/nll 1.132e+00 (best_acc: 7.366e-01 -> 7.384e-01, test_acc: 7.390e-01, test_nll: 1.146e+00)
[2023-02-04 04:54:36] [Epoch   328/  500] trn/loss 6.043e-03, trn/lr 7.981e-03, val/acc 7.371e-01, val/nll 1.133e+00
[2023-02-04 04:54:50] [Epoch   329/  500] trn/loss 6.235e-03, trn/lr 7.898e-03, val/acc 7.408e-01, val/nll 1.117e+00 (best_acc: 7.384e-01 -> 7.408e-01, test_acc: 7.407e-01, test_nll: 1.131e+00)
[2023-02-04 04:55:04] [Epoch   330/  500] trn/loss 5.530e-03, trn/lr 7.815e-03, val/acc 7.387e-01, val/nll 1.106e+00
[2023-02-04 04:55:18] [Epoch   331/  500] trn/loss 5.268e-03, trn/lr 7.733e-03, val/acc 7.461e-01, val/nll 1.093e+00 (best_acc: 7.408e-01 -> 7.461e-01, test_acc: 7.471e-01, test_nll: 1.109e+00)
[2023-02-04 04:55:32] [Epoch   332/  500] trn/loss 5.105e-03, trn/lr 7.650e-03, val/acc 7.424e-01, val/nll 1.096e+00
[2023-02-04 04:55:45] [Epoch   333/  500] trn/loss 5.076e-03, trn/lr 7.568e-03, val/acc 7.451e-01, val/nll 1.084e+00
[2023-02-04 04:55:59] [Epoch   334/  500] trn/loss 5.077e-03, trn/lr 7.487e-03, val/acc 7.454e-01, val/nll 1.073e+00
[2023-02-04 04:56:12] [Epoch   335/  500] trn/loss 5.291e-03, trn/lr 7.405e-03, val/acc 7.436e-01, val/nll 1.075e+00
[2023-02-04 04:56:26] [Epoch   336/  500] trn/loss 5.175e-03, trn/lr 7.324e-03, val/acc 7.426e-01, val/nll 1.079e+00
[2023-02-04 04:56:39] [Epoch   337/  500] trn/loss 5.584e-03, trn/lr 7.243e-03, val/acc 7.436e-01, val/nll 1.065e+00
[2023-02-04 04:56:53] [Epoch   338/  500] trn/loss 5.532e-03, trn/lr 7.163e-03, val/acc 7.452e-01, val/nll 1.061e+00
[2023-02-04 04:57:07] [Epoch   339/  500] trn/loss 5.248e-03, trn/lr 7.083e-03, val/acc 7.477e-01, val/nll 1.049e+00 (best_acc: 7.461e-01 -> 7.477e-01, test_acc: 7.477e-01, test_nll: 1.063e+00)
[2023-02-04 04:57:21] [Epoch   340/  500] trn/loss 5.270e-03, trn/lr 7.003e-03, val/acc 7.475e-01, val/nll 1.061e+00
[2023-02-04 04:57:34] [Epoch   341/  500] trn/loss 5.825e-03, trn/lr 6.923e-03, val/acc 7.470e-01, val/nll 1.065e+00
[2023-02-04 04:57:48] [Epoch   342/  500] trn/loss 5.994e-03, trn/lr 6.844e-03, val/acc 7.459e-01, val/nll 1.067e+00
[2023-02-04 04:58:01] [Epoch   343/  500] trn/loss 6.607e-03, trn/lr 6.765e-03, val/acc 7.438e-01, val/nll 1.066e+00
[2023-02-04 04:58:15] [Epoch   344/  500] trn/loss 6.412e-03, trn/lr 6.686e-03, val/acc 7.448e-01, val/nll 1.067e+00
[2023-02-04 04:58:28] [Epoch   345/  500] trn/loss 7.450e-03, trn/lr 6.608e-03, val/acc 7.423e-01, val/nll 1.073e+00
[2023-02-04 04:58:41] [Epoch   346/  500] trn/loss 7.484e-03, trn/lr 6.530e-03, val/acc 7.421e-01, val/nll 1.064e+00
[2023-02-04 04:58:55] [Epoch   347/  500] trn/loss 7.350e-03, trn/lr 6.452e-03, val/acc 7.408e-01, val/nll 1.076e+00
[2023-02-04 04:59:08] [Epoch   348/  500] trn/loss 7.064e-03, trn/lr 6.375e-03, val/acc 7.404e-01, val/nll 1.079e+00
[2023-02-04 04:59:22] [Epoch   349/  500] trn/loss 6.593e-03, trn/lr 6.298e-03, val/acc 7.427e-01, val/nll 1.076e+00
[2023-02-04 04:59:35] [Epoch   350/  500] trn/loss 6.744e-03, trn/lr 6.222e-03, val/acc 7.425e-01, val/nll 1.070e+00
[2023-02-04 04:59:49] [Epoch   351/  500] trn/loss 6.993e-03, trn/lr 6.145e-03, val/acc 7.416e-01, val/nll 1.072e+00
[2023-02-04 05:00:02] [Epoch   352/  500] trn/loss 7.110e-03, trn/lr 6.069e-03, val/acc 7.440e-01, val/nll 1.074e+00
[2023-02-04 05:00:16] [Epoch   353/  500] trn/loss 6.828e-03, trn/lr 5.994e-03, val/acc 7.463e-01, val/nll 1.075e+00
[2023-02-04 05:00:29] [Epoch   354/  500] trn/loss 7.946e-03, trn/lr 5.919e-03, val/acc 7.385e-01, val/nll 1.101e+00
[2023-02-04 05:00:42] [Epoch   355/  500] trn/loss 9.664e-03, trn/lr 5.844e-03, val/acc 7.363e-01, val/nll 1.090e+00
[2023-02-04 05:00:56] [Epoch   356/  500] trn/loss 8.119e-03, trn/lr 5.769e-03, val/acc 7.396e-01, val/nll 1.087e+00
[2023-02-04 05:01:09] [Epoch   357/  500] trn/loss 7.905e-03, trn/lr 5.695e-03, val/acc 7.398e-01, val/nll 1.079e+00
[2023-02-04 05:01:23] [Epoch   358/  500] trn/loss 8.746e-03, trn/lr 5.622e-03, val/acc 7.410e-01, val/nll 1.087e+00
[2023-02-04 05:01:36] [Epoch   359/  500] trn/loss 7.469e-03, trn/lr 5.548e-03, val/acc 7.393e-01, val/nll 1.084e+00
[2023-02-04 05:01:50] [Epoch   360/  500] trn/loss 7.138e-03, trn/lr 5.475e-03, val/acc 7.435e-01, val/nll 1.073e+00
[2023-02-04 05:02:03] [Epoch   361/  500] trn/loss 6.692e-03, trn/lr 5.403e-03, val/acc 7.431e-01, val/nll 1.071e+00
[2023-02-04 05:02:17] [Epoch   362/  500] trn/loss 6.734e-03, trn/lr 5.330e-03, val/acc 7.435e-01, val/nll 1.073e+00
[2023-02-04 05:02:30] [Epoch   363/  500] trn/loss 7.306e-03, trn/lr 5.259e-03, val/acc 7.428e-01, val/nll 1.091e+00
[2023-02-04 05:02:43] [Epoch   364/  500] trn/loss 8.065e-03, trn/lr 5.187e-03, val/acc 7.358e-01, val/nll 1.120e+00
[2023-02-04 05:02:57] [Epoch   365/  500] trn/loss 9.837e-03, trn/lr 5.116e-03, val/acc 7.338e-01, val/nll 1.120e+00
[2023-02-04 05:03:10] [Epoch   366/  500] trn/loss 1.007e-02, trn/lr 5.045e-03, val/acc 7.312e-01, val/nll 1.120e+00
[2023-02-04 05:03:24] [Epoch   367/  500] trn/loss 1.005e-02, trn/lr 4.975e-03, val/acc 7.335e-01, val/nll 1.108e+00
[2023-02-04 05:03:37] [Epoch   368/  500] trn/loss 9.347e-03, trn/lr 4.905e-03, val/acc 7.368e-01, val/nll 1.105e+00
[2023-02-04 05:03:51] [Epoch   369/  500] trn/loss 7.997e-03, trn/lr 4.836e-03, val/acc 7.447e-01, val/nll 1.103e+00
[2023-02-04 05:04:04] [Epoch   370/  500] trn/loss 8.090e-03, trn/lr 4.766e-03, val/acc 7.423e-01, val/nll 1.117e+00
[2023-02-04 05:04:18] [Epoch   371/  500] trn/loss 9.082e-03, trn/lr 4.698e-03, val/acc 7.344e-01, val/nll 1.123e+00
[2023-02-04 05:04:31] [Epoch   372/  500] trn/loss 8.482e-03, trn/lr 4.629e-03, val/acc 7.348e-01, val/nll 1.124e+00
[2023-02-04 05:04:45] [Epoch   373/  500] trn/loss 1.063e-02, trn/lr 4.562e-03, val/acc 7.312e-01, val/nll 1.138e+00
[2023-02-04 05:04:58] [Epoch   374/  500] trn/loss 1.079e-02, trn/lr 4.494e-03, val/acc 7.239e-01, val/nll 1.169e+00
[2023-02-04 05:05:11] [Epoch   375/  500] trn/loss 1.839e-02, trn/lr 4.427e-03, val/acc 6.975e-01, val/nll 1.290e+00
[2023-02-04 05:05:25] [Epoch   376/  500] trn/loss 3.835e-02, trn/lr 4.360e-03, val/acc 6.883e-01, val/nll 1.327e+00
[2023-02-04 05:05:38] [Epoch   377/  500] trn/loss 7.808e-02, trn/lr 4.294e-03, val/acc 6.650e-01, val/nll 1.436e+00
[2023-02-04 05:05:52] [Epoch   378/  500] trn/loss 1.745e-01, trn/lr 4.228e-03, val/acc 5.934e-01, val/nll 1.778e+00
[2023-02-04 05:06:05] [Epoch   379/  500] trn/loss 2.550e-01, trn/lr 4.163e-03, val/acc 6.298e-01, val/nll 1.602e+00
[2023-02-04 05:06:19] [Epoch   380/  500] trn/loss 2.317e-01, trn/lr 4.098e-03, val/acc 6.279e-01, val/nll 1.609e+00
[2023-02-04 05:06:32] [Epoch   381/  500] trn/loss 1.571e-01, trn/lr 4.033e-03, val/acc 6.606e-01, val/nll 1.496e+00
[2023-02-04 05:06:46] [Epoch   382/  500] trn/loss 1.162e-01, trn/lr 3.969e-03, val/acc 6.708e-01, val/nll 1.415e+00
[2023-02-04 05:06:59] [Epoch   383/  500] trn/loss 8.994e-02, trn/lr 3.906e-03, val/acc 6.883e-01, val/nll 1.386e+00
[2023-02-04 05:07:12] [Epoch   384/  500] trn/loss 7.168e-02, trn/lr 3.843e-03, val/acc 6.908e-01, val/nll 1.359e+00
[2023-02-04 05:07:26] [Epoch   385/  500] trn/loss 5.300e-02, trn/lr 3.780e-03, val/acc 7.008e-01, val/nll 1.333e+00
[2023-02-04 05:07:39] [Epoch   386/  500] trn/loss 3.660e-02, trn/lr 3.717e-03, val/acc 7.027e-01, val/nll 1.309e+00
[2023-02-04 05:07:53] [Epoch   387/  500] trn/loss 2.835e-02, trn/lr 3.656e-03, val/acc 7.126e-01, val/nll 1.276e+00
[2023-02-04 05:08:06] [Epoch   388/  500] trn/loss 2.121e-02, trn/lr 3.594e-03, val/acc 7.165e-01, val/nll 1.259e+00
[2023-02-04 05:08:20] [Epoch   389/  500] trn/loss 1.793e-02, trn/lr 3.533e-03, val/acc 7.216e-01, val/nll 1.245e+00
[2023-02-04 05:08:33] [Epoch   390/  500] trn/loss 1.286e-02, trn/lr 3.473e-03, val/acc 7.263e-01, val/nll 1.207e+00
[2023-02-04 05:08:47] [Epoch   391/  500] trn/loss 9.991e-03, trn/lr 3.413e-03, val/acc 7.317e-01, val/nll 1.195e+00
[2023-02-04 05:09:00] [Epoch   392/  500] trn/loss 8.493e-03, trn/lr 3.353e-03, val/acc 7.302e-01, val/nll 1.190e+00
[2023-02-04 05:09:13] [Epoch   393/  500] trn/loss 8.324e-03, trn/lr 3.294e-03, val/acc 7.333e-01, val/nll 1.176e+00
[2023-02-04 05:09:27] [Epoch   394/  500] trn/loss 6.742e-03, trn/lr 3.235e-03, val/acc 7.342e-01, val/nll 1.169e+00
[2023-02-04 05:09:40] [Epoch   395/  500] trn/loss 6.119e-03, trn/lr 3.177e-03, val/acc 7.402e-01, val/nll 1.151e+00
[2023-02-04 05:09:54] [Epoch   396/  500] trn/loss 5.489e-03, trn/lr 3.119e-03, val/acc 7.405e-01, val/nll 1.145e+00
[2023-02-04 05:10:07] [Epoch   397/  500] trn/loss 4.888e-03, trn/lr 3.062e-03, val/acc 7.388e-01, val/nll 1.136e+00
[2023-02-04 05:10:21] [Epoch   398/  500] trn/loss 4.509e-03, trn/lr 3.005e-03, val/acc 7.395e-01, val/nll 1.129e+00
[2023-02-04 05:10:34] [Epoch   399/  500] trn/loss 4.253e-03, trn/lr 2.949e-03, val/acc 7.429e-01, val/nll 1.124e+00
[2023-02-04 05:10:48] [Epoch   400/  500] trn/loss 4.018e-03, trn/lr 2.893e-03, val/acc 7.398e-01, val/nll 1.129e+00
[2023-02-04 05:11:01] [Epoch   401/  500] trn/loss 3.757e-03, trn/lr 2.837e-03, val/acc 7.442e-01, val/nll 1.116e+00
[2023-02-04 05:11:15] [Epoch   402/  500] trn/loss 3.887e-03, trn/lr 2.782e-03, val/acc 7.410e-01, val/nll 1.115e+00
[2023-02-04 05:11:28] [Epoch   403/  500] trn/loss 3.623e-03, trn/lr 2.728e-03, val/acc 7.420e-01, val/nll 1.109e+00
[2023-02-04 05:11:41] [Epoch   404/  500] trn/loss 3.416e-03, trn/lr 2.674e-03, val/acc 7.455e-01, val/nll 1.102e+00
[2023-02-04 05:11:55] [Epoch   405/  500] trn/loss 3.327e-03, trn/lr 2.621e-03, val/acc 7.437e-01, val/nll 1.109e+00
[2023-02-04 05:12:08] [Epoch   406/  500] trn/loss 3.662e-03, trn/lr 2.568e-03, val/acc 7.427e-01, val/nll 1.098e+00
[2023-02-04 05:12:22] [Epoch   407/  500] trn/loss 3.739e-03, trn/lr 2.515e-03, val/acc 7.442e-01, val/nll 1.102e+00
[2023-02-04 05:12:35] [Epoch   408/  500] trn/loss 3.657e-03, trn/lr 2.463e-03, val/acc 7.449e-01, val/nll 1.098e+00
[2023-02-04 05:12:49] [Epoch   409/  500] trn/loss 3.420e-03, trn/lr 2.412e-03, val/acc 7.446e-01, val/nll 1.095e+00
[2023-02-04 05:13:02] [Epoch   410/  500] trn/loss 3.398e-03, trn/lr 2.361e-03, val/acc 7.454e-01, val/nll 1.097e+00
[2023-02-04 05:13:16] [Epoch   411/  500] trn/loss 3.355e-03, trn/lr 2.310e-03, val/acc 7.429e-01, val/nll 1.095e+00
[2023-02-04 05:13:29] [Epoch   412/  500] trn/loss 3.357e-03, trn/lr 2.260e-03, val/acc 7.434e-01, val/nll 1.094e+00
[2023-02-04 05:13:42] [Epoch   413/  500] trn/loss 3.294e-03, trn/lr 2.211e-03, val/acc 7.426e-01, val/nll 1.093e+00
[2023-02-04 05:13:56] [Epoch   414/  500] trn/loss 3.446e-03, trn/lr 2.162e-03, val/acc 7.431e-01, val/nll 1.092e+00
[2023-02-04 05:14:09] [Epoch   415/  500] trn/loss 3.405e-03, trn/lr 2.113e-03, val/acc 7.433e-01, val/nll 1.092e+00
[2023-02-04 05:14:23] [Epoch   416/  500] trn/loss 3.432e-03, trn/lr 2.065e-03, val/acc 7.440e-01, val/nll 1.090e+00
[2023-02-04 05:14:36] [Epoch   417/  500] trn/loss 3.364e-03, trn/lr 2.018e-03, val/acc 7.438e-01, val/nll 1.085e+00
[2023-02-04 05:14:50] [Epoch   418/  500] trn/loss 3.436e-03, trn/lr 1.971e-03, val/acc 7.421e-01, val/nll 1.087e+00
[2023-02-04 05:15:03] [Epoch   419/  500] trn/loss 3.494e-03, trn/lr 1.924e-03, val/acc 7.457e-01, val/nll 1.084e+00
[2023-02-04 05:15:17] [Epoch   420/  500] trn/loss 3.599e-03, trn/lr 1.878e-03, val/acc 7.457e-01, val/nll 1.078e+00
[2023-02-04 05:15:30] [Epoch   421/  500] trn/loss 3.692e-03, trn/lr 1.833e-03, val/acc 7.427e-01, val/nll 1.078e+00
[2023-02-04 05:15:43] [Epoch   422/  500] trn/loss 3.533e-03, trn/lr 1.788e-03, val/acc 7.454e-01, val/nll 1.083e+00
[2023-02-04 05:15:57] [Epoch   423/  500] trn/loss 3.464e-03, trn/lr 1.744e-03, val/acc 7.446e-01, val/nll 1.083e+00
[2023-02-04 05:16:10] [Epoch   424/  500] trn/loss 3.485e-03, trn/lr 1.700e-03, val/acc 7.460e-01, val/nll 1.075e+00
[2023-02-04 05:16:24] [Epoch   425/  500] trn/loss 3.484e-03, trn/lr 1.657e-03, val/acc 7.469e-01, val/nll 1.081e+00
[2023-02-04 05:16:37] [Epoch   426/  500] trn/loss 3.534e-03, trn/lr 1.614e-03, val/acc 7.466e-01, val/nll 1.084e+00
[2023-02-04 05:16:51] [Epoch   427/  500] trn/loss 3.844e-03, trn/lr 1.571e-03, val/acc 7.439e-01, val/nll 1.079e+00
[2023-02-04 05:17:04] [Epoch   428/  500] trn/loss 3.724e-03, trn/lr 1.530e-03, val/acc 7.450e-01, val/nll 1.081e+00
[2023-02-04 05:17:18] [Epoch   429/  500] trn/loss 3.716e-03, trn/lr 1.489e-03, val/acc 7.470e-01, val/nll 1.078e+00
[2023-02-04 05:17:32] [Epoch   430/  500] trn/loss 3.768e-03, trn/lr 1.448e-03, val/acc 7.481e-01, val/nll 1.075e+00 (best_acc: 7.477e-01 -> 7.481e-01, test_acc: 7.492e-01, test_nll: 1.074e+00)
[2023-02-04 05:17:46] [Epoch   431/  500] trn/loss 3.610e-03, trn/lr 1.408e-03, val/acc 7.471e-01, val/nll 1.076e+00
[2023-02-04 05:17:59] [Epoch   432/  500] trn/loss 3.724e-03, trn/lr 1.368e-03, val/acc 7.450e-01, val/nll 1.078e+00
[2023-02-04 05:18:13] [Epoch   433/  500] trn/loss 3.742e-03, trn/lr 1.329e-03, val/acc 7.472e-01, val/nll 1.074e+00
[2023-02-04 05:18:26] [Epoch   434/  500] trn/loss 3.655e-03, trn/lr 1.291e-03, val/acc 7.445e-01, val/nll 1.075e+00
[2023-02-04 05:18:39] [Epoch   435/  500] trn/loss 3.724e-03, trn/lr 1.253e-03, val/acc 7.480e-01, val/nll 1.075e+00
[2023-02-04 05:18:53] [Epoch   436/  500] trn/loss 3.868e-03, trn/lr 1.215e-03, val/acc 7.469e-01, val/nll 1.070e+00
[2023-02-04 05:19:06] [Epoch   437/  500] trn/loss 3.759e-03, trn/lr 1.178e-03, val/acc 7.458e-01, val/nll 1.072e+00
[2023-02-04 05:19:20] [Epoch   438/  500] trn/loss 3.830e-03, trn/lr 1.142e-03, val/acc 7.471e-01, val/nll 1.075e+00
[2023-02-04 05:19:35] [Epoch   439/  500] trn/loss 3.770e-03, trn/lr 1.106e-03, val/acc 7.485e-01, val/nll 1.075e+00 (best_acc: 7.481e-01 -> 7.485e-01, test_acc: 7.496e-01, test_nll: 1.076e+00)
[2023-02-04 05:19:48] [Epoch   440/  500] trn/loss 3.805e-03, trn/lr 1.071e-03, val/acc 7.461e-01, val/nll 1.076e+00
[2023-02-04 05:20:01] [Epoch   441/  500] trn/loss 3.762e-03, trn/lr 1.036e-03, val/acc 7.483e-01, val/nll 1.073e+00
[2023-02-04 05:20:15] [Epoch   442/  500] trn/loss 3.762e-03, trn/lr 1.002e-03, val/acc 7.479e-01, val/nll 1.076e+00
[2023-02-04 05:20:28] [Epoch   443/  500] trn/loss 3.887e-03, trn/lr 9.685e-04, val/acc 7.478e-01, val/nll 1.079e+00
[2023-02-04 05:20:42] [Epoch   444/  500] trn/loss 3.666e-03, trn/lr 9.354e-04, val/acc 7.451e-01, val/nll 1.071e+00
[2023-02-04 05:20:55] [Epoch   445/  500] trn/loss 3.840e-03, trn/lr 9.029e-04, val/acc 7.482e-01, val/nll 1.072e+00
[2023-02-04 05:21:09] [Epoch   446/  500] trn/loss 3.846e-03, trn/lr 8.710e-04, val/acc 7.467e-01, val/nll 1.069e+00
[2023-02-04 05:21:22] [Epoch   447/  500] trn/loss 3.821e-03, trn/lr 8.396e-04, val/acc 7.471e-01, val/nll 1.075e+00
[2023-02-04 05:21:35] [Epoch   448/  500] trn/loss 3.802e-03, trn/lr 8.088e-04, val/acc 7.476e-01, val/nll 1.071e+00
[2023-02-04 05:21:49] [Epoch   449/  500] trn/loss 3.905e-03, trn/lr 7.786e-04, val/acc 7.457e-01, val/nll 1.074e+00
[2023-02-04 05:22:02] [Epoch   450/  500] trn/loss 3.838e-03, trn/lr 7.489e-04, val/acc 7.481e-01, val/nll 1.071e+00
[2023-02-04 05:22:16] [Epoch   451/  500] trn/loss 3.855e-03, trn/lr 7.198e-04, val/acc 7.459e-01, val/nll 1.075e+00
[2023-02-04 05:22:29] [Epoch   452/  500] trn/loss 4.044e-03, trn/lr 6.912e-04, val/acc 7.467e-01, val/nll 1.073e+00
[2023-02-04 05:22:43] [Epoch   453/  500] trn/loss 3.914e-03, trn/lr 6.632e-04, val/acc 7.476e-01, val/nll 1.074e+00
[2023-02-04 05:22:56] [Epoch   454/  500] trn/loss 3.942e-03, trn/lr 6.358e-04, val/acc 7.478e-01, val/nll 1.073e+00
[2023-02-04 05:23:10] [Epoch   455/  500] trn/loss 3.909e-03, trn/lr 6.089e-04, val/acc 7.470e-01, val/nll 1.074e+00
[2023-02-04 05:23:23] [Epoch   456/  500] trn/loss 3.930e-03, trn/lr 5.826e-04, val/acc 7.478e-01, val/nll 1.078e+00
[2023-02-04 05:23:36] [Epoch   457/  500] trn/loss 3.932e-03, trn/lr 5.569e-04, val/acc 7.481e-01, val/nll 1.074e+00
[2023-02-04 05:23:50] [Epoch   458/  500] trn/loss 4.004e-03, trn/lr 5.317e-04, val/acc 7.473e-01, val/nll 1.074e+00
[2023-02-04 05:24:03] [Epoch   459/  500] trn/loss 3.823e-03, trn/lr 5.072e-04, val/acc 7.470e-01, val/nll 1.073e+00
[2023-02-04 05:24:17] [Epoch   460/  500] trn/loss 3.848e-03, trn/lr 4.831e-04, val/acc 7.477e-01, val/nll 1.072e+00
[2023-02-04 05:24:31] [Epoch   461/  500] trn/loss 3.834e-03, trn/lr 4.597e-04, val/acc 7.491e-01, val/nll 1.074e+00 (best_acc: 7.485e-01 -> 7.491e-01, test_acc: 7.505e-01, test_nll: 1.072e+00)
[2023-02-04 05:24:45] [Epoch   462/  500] trn/loss 3.886e-03, trn/lr 4.368e-04, val/acc 7.476e-01, val/nll 1.074e+00
[2023-02-04 05:24:58] [Epoch   463/  500] trn/loss 4.073e-03, trn/lr 4.145e-04, val/acc 7.480e-01, val/nll 1.076e+00
[2023-02-04 05:25:12] [Epoch   464/  500] trn/loss 3.911e-03, trn/lr 3.928e-04, val/acc 7.491e-01, val/nll 1.072e+00
[2023-02-04 05:25:25] [Epoch   465/  500] trn/loss 4.038e-03, trn/lr 3.717e-04, val/acc 7.488e-01, val/nll 1.071e+00
[2023-02-04 05:25:39] [Epoch   466/  500] trn/loss 3.914e-03, trn/lr 3.511e-04, val/acc 7.481e-01, val/nll 1.072e+00
[2023-02-04 05:25:52] [Epoch   467/  500] trn/loss 4.025e-03, trn/lr 3.311e-04, val/acc 7.481e-01, val/nll 1.072e+00
[2023-02-04 05:26:06] [Epoch   468/  500] trn/loss 3.870e-03, trn/lr 3.117e-04, val/acc 7.479e-01, val/nll 1.072e+00
[2023-02-04 05:26:19] [Epoch   469/  500] trn/loss 3.944e-03, trn/lr 2.929e-04, val/acc 7.478e-01, val/nll 1.076e+00
[2023-02-04 05:26:32] [Epoch   470/  500] trn/loss 4.030e-03, trn/lr 2.747e-04, val/acc 7.470e-01, val/nll 1.070e+00
[2023-02-04 05:26:46] [Epoch   471/  500] trn/loss 3.971e-03, trn/lr 2.570e-04, val/acc 7.483e-01, val/nll 1.074e+00
[2023-02-04 05:26:59] [Epoch   472/  500] trn/loss 3.925e-03, trn/lr 2.399e-04, val/acc 7.487e-01, val/nll 1.070e+00
[2023-02-04 05:27:13] [Epoch   473/  500] trn/loss 3.950e-03, trn/lr 2.234e-04, val/acc 7.470e-01, val/nll 1.070e+00
[2023-02-04 05:27:26] [Epoch   474/  500] trn/loss 4.023e-03, trn/lr 2.075e-04, val/acc 7.485e-01, val/nll 1.072e+00
[2023-02-04 05:27:41] [Epoch   475/  500] trn/loss 3.970e-03, trn/lr 1.922e-04, val/acc 7.492e-01, val/nll 1.073e+00 (best_acc: 7.491e-01 -> 7.492e-01, test_acc: 7.503e-01, test_nll: 1.071e+00)
[2023-02-04 05:27:54] [Epoch   476/  500] trn/loss 4.061e-03, trn/lr 1.774e-04, val/acc 7.486e-01, val/nll 1.072e+00
[2023-02-04 05:28:08] [Epoch   477/  500] trn/loss 3.956e-03, trn/lr 1.633e-04, val/acc 7.476e-01, val/nll 1.077e+00
[2023-02-04 05:28:21] [Epoch   478/  500] trn/loss 4.017e-03, trn/lr 1.497e-04, val/acc 7.489e-01, val/nll 1.074e+00
[2023-02-04 05:28:35] [Epoch   479/  500] trn/loss 3.925e-03, trn/lr 1.367e-04, val/acc 7.483e-01, val/nll 1.073e+00
[2023-02-04 05:28:48] [Epoch   480/  500] trn/loss 3.965e-03, trn/lr 1.243e-04, val/acc 7.475e-01, val/nll 1.072e+00
[2023-02-04 05:29:02] [Epoch   481/  500] trn/loss 4.034e-03, trn/lr 1.125e-04, val/acc 7.481e-01, val/nll 1.076e+00
[2023-02-04 05:29:15] [Epoch   482/  500] trn/loss 3.906e-03, trn/lr 1.013e-04, val/acc 7.463e-01, val/nll 1.075e+00
[2023-02-04 05:29:29] [Epoch   483/  500] trn/loss 3.892e-03, trn/lr 9.064e-05, val/acc 7.469e-01, val/nll 1.072e+00
[2023-02-04 05:29:42] [Epoch   484/  500] trn/loss 3.995e-03, trn/lr 8.059e-05, val/acc 7.473e-01, val/nll 1.073e+00
[2023-02-04 05:29:55] [Epoch   485/  500] trn/loss 3.977e-03, trn/lr 7.113e-05, val/acc 7.475e-01, val/nll 1.074e+00
[2023-02-04 05:30:09] [Epoch   486/  500] trn/loss 3.887e-03, trn/lr 6.226e-05, val/acc 7.469e-01, val/nll 1.074e+00
[2023-02-04 05:30:22] [Epoch   487/  500] trn/loss 3.913e-03, trn/lr 5.398e-05, val/acc 7.462e-01, val/nll 1.071e+00
[2023-02-04 05:30:36] [Epoch   488/  500] trn/loss 3.931e-03, trn/lr 4.629e-05, val/acc 7.471e-01, val/nll 1.073e+00
[2023-02-04 05:30:49] [Epoch   489/  500] trn/loss 3.999e-03, trn/lr 3.919e-05, val/acc 7.469e-01, val/nll 1.074e+00
[2023-02-04 05:31:03] [Epoch   490/  500] trn/loss 3.951e-03, trn/lr 3.268e-05, val/acc 7.472e-01, val/nll 1.074e+00
[2023-02-04 05:31:17] [Epoch   491/  500] trn/loss 3.907e-03, trn/lr 2.676e-05, val/acc 7.469e-01, val/nll 1.074e+00
[2023-02-04 05:31:31] [Epoch   492/  500] trn/loss 3.967e-03, trn/lr 2.143e-05, val/acc 7.479e-01, val/nll 1.073e+00
[2023-02-04 05:31:44] [Epoch   493/  500] trn/loss 3.982e-03, trn/lr 1.669e-05, val/acc 7.465e-01, val/nll 1.076e+00
[2023-02-04 05:31:58] [Epoch   494/  500] trn/loss 4.071e-03, trn/lr 1.254e-05, val/acc 7.486e-01, val/nll 1.074e+00
[2023-02-04 05:32:11] [Epoch   495/  500] trn/loss 3.867e-03, trn/lr 8.991e-06, val/acc 7.473e-01, val/nll 1.074e+00
[2023-02-04 05:32:25] [Epoch   496/  500] trn/loss 3.908e-03, trn/lr 6.028e-06, val/acc 7.480e-01, val/nll 1.072e+00
[2023-02-04 05:32:38] [Epoch   497/  500] trn/loss 3.930e-03, trn/lr 3.658e-06, val/acc 7.476e-01, val/nll 1.074e+00
[2023-02-04 05:32:52] [Epoch   498/  500] trn/loss 3.963e-03, trn/lr 1.880e-06, val/acc 7.486e-01, val/nll 1.076e+00
[2023-02-04 05:33:06] [Epoch   499/  500] trn/loss 4.020e-03, trn/lr 6.936e-07, val/acc 7.496e-01, val/nll 1.072e+00 (best_acc: 7.492e-01 -> 7.496e-01, test_acc: 7.493e-01, test_nll: 1.070e+00)
[2023-02-04 05:33:20] [Epoch   500/  500] trn/loss 3.987e-03, trn/lr 9.964e-08, val/acc 7.488e-01, val/nll 1.071e+00
