[2023-02-03 02:42:24] Environments:
------------  --------------------------------------------------------------------------------
sys.platform  linux
Python        3.10.8 (main, Nov 24 2022, 14:13:03) [GCC 11.2.0]
JAX           0.4.1 @/mnt/home/giung/.conda/envs/jax-vessl/lib/python3.10/site-packages/jax
jaxlib        0.4.1 @/mnt/home/giung/.conda/envs/jax-vessl/lib/python3.10/site-packages/jaxlib
Flax          0.6.3 @/mnt/home/giung/.conda/envs/jax-vessl/lib/python3.10/site-packages/flax
Optax         0.1.4 @/mnt/home/giung/.conda/envs/jax-vessl/lib/python3.10/site-packages/optax
------------  --------------------------------------------------------------------------------

[2023-02-03 02:42:24] Command line arguments:
- args.data_root          : ./data/
- args.data_name          : CIFAR100_x32
- args.data_augmentation  : standard
- args.data_proportional  : 1.0
- args.model_depth        : 20
- args.model_width        : 2
- args.model_style        : BN-ReLU
- args.optim_bs           : 256
- args.optim_ne           : 200
- args.optim_lr           : 0.1
- args.optim_momentum     : 0.7
- args.optim_weight_decay : 0.001
- args.save               : /mnt/home/giung/giung2-dev/projects/residual-networks/save/CIFAR100_x32/R20x2-BN-ReLU/bs-0256_ne-0200_lr-0.10_mo-0.70_wd-0.0010_fp32/42
- args.seed               : 42
- args.precision          : fp32

[2023-02-03 02:42:53] [Epoch     1/  200] trn/loss 3.943e+00, trn/lr 1.000e-01, val/acc 1.364e-01, val/nll 3.711e+00 (best_acc: 0.000e+00 -> 1.364e-01, test_acc: 1.393e-01, test_nll: 3.688e+00)
[2023-02-03 02:43:00] [Epoch     2/  200] trn/loss 3.356e+00, trn/lr 9.999e-02, val/acc 1.910e-01, val/nll 3.394e+00 (best_acc: 1.364e-01 -> 1.910e-01, test_acc: 1.963e-01, test_nll: 3.385e+00)
[2023-02-03 02:43:07] [Epoch     3/  200] trn/loss 2.991e+00, trn/lr 9.996e-02, val/acc 2.377e-01, val/nll 3.090e+00 (best_acc: 1.910e-01 -> 2.377e-01, test_acc: 2.457e-01, test_nll: 3.061e+00)
[2023-02-03 02:43:14] [Epoch     4/  200] trn/loss 2.694e+00, trn/lr 9.992e-02, val/acc 2.590e-01, val/nll 3.039e+00 (best_acc: 2.377e-01 -> 2.590e-01, test_acc: 2.685e-01, test_nll: 2.996e+00)
[2023-02-03 02:43:21] [Epoch     5/  200] trn/loss 2.455e+00, trn/lr 9.987e-02, val/acc 3.261e-01, val/nll 2.662e+00 (best_acc: 2.590e-01 -> 3.261e-01, test_acc: 3.379e-01, test_nll: 2.621e+00)
[2023-02-03 02:43:27] [Epoch     6/  200] trn/loss 2.264e+00, trn/lr 9.981e-02, val/acc 3.055e-01, val/nll 2.907e+00
[2023-02-03 02:43:34] [Epoch     7/  200] trn/loss 2.102e+00, trn/lr 9.974e-02, val/acc 3.626e-01, val/nll 2.487e+00 (best_acc: 3.261e-01 -> 3.626e-01, test_acc: 3.702e-01, test_nll: 2.457e+00)
[2023-02-03 02:43:41] [Epoch     8/  200] trn/loss 1.982e+00, trn/lr 9.965e-02, val/acc 3.791e-01, val/nll 2.385e+00 (best_acc: 3.626e-01 -> 3.791e-01, test_acc: 3.873e-01, test_nll: 2.347e+00)
[2023-02-03 02:43:48] [Epoch     9/  200] trn/loss 1.883e+00, trn/lr 9.955e-02, val/acc 3.857e-01, val/nll 2.413e+00 (best_acc: 3.791e-01 -> 3.857e-01, test_acc: 3.867e-01, test_nll: 2.367e+00)
[2023-02-03 02:43:56] [Epoch    10/  200] trn/loss 1.781e+00, trn/lr 9.944e-02, val/acc 4.181e-01, val/nll 2.163e+00 (best_acc: 3.857e-01 -> 4.181e-01, test_acc: 4.300e-01, test_nll: 2.120e+00)
[2023-02-03 02:44:02] [Epoch    11/  200] trn/loss 1.706e+00, trn/lr 9.932e-02, val/acc 3.917e-01, val/nll 2.531e+00
[2023-02-03 02:44:09] [Epoch    12/  200] trn/loss 1.627e+00, trn/lr 9.919e-02, val/acc 4.595e-01, val/nll 1.985e+00 (best_acc: 4.181e-01 -> 4.595e-01, test_acc: 4.675e-01, test_nll: 1.976e+00)
[2023-02-03 02:44:16] [Epoch    13/  200] trn/loss 1.571e+00, trn/lr 9.904e-02, val/acc 4.534e-01, val/nll 2.057e+00
[2023-02-03 02:44:23] [Epoch    14/  200] trn/loss 1.513e+00, trn/lr 9.888e-02, val/acc 5.105e-01, val/nll 1.789e+00 (best_acc: 4.595e-01 -> 5.105e-01, test_acc: 5.082e-01, test_nll: 1.799e+00)
[2023-02-03 02:44:29] [Epoch    15/  200] trn/loss 1.456e+00, trn/lr 9.871e-02, val/acc 4.532e-01, val/nll 2.110e+00
[2023-02-03 02:44:36] [Epoch    16/  200] trn/loss 1.415e+00, trn/lr 9.853e-02, val/acc 4.692e-01, val/nll 2.023e+00
[2023-02-03 02:44:42] [Epoch    17/  200] trn/loss 1.377e+00, trn/lr 9.833e-02, val/acc 4.899e-01, val/nll 1.899e+00
[2023-02-03 02:44:48] [Epoch    18/  200] trn/loss 1.325e+00, trn/lr 9.812e-02, val/acc 4.858e-01, val/nll 1.929e+00
[2023-02-03 02:44:55] [Epoch    19/  200] trn/loss 1.302e+00, trn/lr 9.790e-02, val/acc 5.060e-01, val/nll 1.840e+00
[2023-02-03 02:45:02] [Epoch    20/  200] trn/loss 1.261e+00, trn/lr 9.767e-02, val/acc 5.284e-01, val/nll 1.719e+00 (best_acc: 5.105e-01 -> 5.284e-01, test_acc: 5.345e-01, test_nll: 1.719e+00)
[2023-02-03 02:45:08] [Epoch    21/  200] trn/loss 1.236e+00, trn/lr 9.743e-02, val/acc 5.079e-01, val/nll 1.919e+00
[2023-02-03 02:45:14] [Epoch    22/  200] trn/loss 1.212e+00, trn/lr 9.718e-02, val/acc 5.216e-01, val/nll 1.771e+00
[2023-02-03 02:45:21] [Epoch    23/  200] trn/loss 1.178e+00, trn/lr 9.691e-02, val/acc 4.853e-01, val/nll 2.091e+00
[2023-02-03 02:45:27] [Epoch    24/  200] trn/loss 1.155e+00, trn/lr 9.663e-02, val/acc 4.992e-01, val/nll 1.965e+00
[2023-02-03 02:45:33] [Epoch    25/  200] trn/loss 1.139e+00, trn/lr 9.634e-02, val/acc 5.117e-01, val/nll 1.873e+00
[2023-02-03 02:45:40] [Epoch    26/  200] trn/loss 1.122e+00, trn/lr 9.604e-02, val/acc 5.271e-01, val/nll 1.796e+00
[2023-02-03 02:45:47] [Epoch    27/  200] trn/loss 1.097e+00, trn/lr 9.573e-02, val/acc 5.317e-01, val/nll 1.776e+00 (best_acc: 5.284e-01 -> 5.317e-01, test_acc: 5.388e-01, test_nll: 1.765e+00)
[2023-02-03 02:45:53] [Epoch    28/  200] trn/loss 1.080e+00, trn/lr 9.541e-02, val/acc 5.455e-01, val/nll 1.712e+00 (best_acc: 5.317e-01 -> 5.455e-01, test_acc: 5.381e-01, test_nll: 1.730e+00)
[2023-02-03 02:46:00] [Epoch    29/  200] trn/loss 1.064e+00, trn/lr 9.507e-02, val/acc 4.826e-01, val/nll 2.047e+00
[2023-02-03 02:46:06] [Epoch    30/  200] trn/loss 1.048e+00, trn/lr 9.473e-02, val/acc 5.133e-01, val/nll 1.865e+00
[2023-02-03 02:46:13] [Epoch    31/  200] trn/loss 1.033e+00, trn/lr 9.437e-02, val/acc 5.361e-01, val/nll 1.776e+00
[2023-02-03 02:46:19] [Epoch    32/  200] trn/loss 1.017e+00, trn/lr 9.400e-02, val/acc 5.482e-01, val/nll 1.691e+00 (best_acc: 5.455e-01 -> 5.482e-01, test_acc: 5.521e-01, test_nll: 1.673e+00)
[2023-02-03 02:46:26] [Epoch    33/  200] trn/loss 1.000e+00, trn/lr 9.363e-02, val/acc 5.243e-01, val/nll 1.850e+00
[2023-02-03 02:46:32] [Epoch    34/  200] trn/loss 9.834e-01, trn/lr 9.324e-02, val/acc 5.083e-01, val/nll 2.046e+00
[2023-02-03 02:46:39] [Epoch    35/  200] trn/loss 9.686e-01, trn/lr 9.284e-02, val/acc 5.316e-01, val/nll 1.839e+00
[2023-02-03 02:46:45] [Epoch    36/  200] trn/loss 9.611e-01, trn/lr 9.243e-02, val/acc 5.321e-01, val/nll 1.836e+00
[2023-02-03 02:46:51] [Epoch    37/  200] trn/loss 9.404e-01, trn/lr 9.201e-02, val/acc 5.313e-01, val/nll 1.830e+00
[2023-02-03 02:46:58] [Epoch    38/  200] trn/loss 9.317e-01, trn/lr 9.157e-02, val/acc 5.327e-01, val/nll 1.820e+00
[2023-02-03 02:47:04] [Epoch    39/  200] trn/loss 9.232e-01, trn/lr 9.113e-02, val/acc 4.842e-01, val/nll 2.242e+00
[2023-02-03 02:47:10] [Epoch    40/  200] trn/loss 9.144e-01, trn/lr 9.068e-02, val/acc 5.064e-01, val/nll 1.957e+00
[2023-02-03 02:47:17] [Epoch    41/  200] trn/loss 8.961e-01, trn/lr 9.022e-02, val/acc 5.433e-01, val/nll 1.829e+00
[2023-02-03 02:47:23] [Epoch    42/  200] trn/loss 8.913e-01, trn/lr 8.975e-02, val/acc 5.163e-01, val/nll 1.921e+00
[2023-02-03 02:47:30] [Epoch    43/  200] trn/loss 8.754e-01, trn/lr 8.927e-02, val/acc 5.487e-01, val/nll 1.771e+00 (best_acc: 5.482e-01 -> 5.487e-01, test_acc: 5.492e-01, test_nll: 1.794e+00)
[2023-02-03 02:47:36] [Epoch    44/  200] trn/loss 8.665e-01, trn/lr 8.878e-02, val/acc 5.178e-01, val/nll 1.925e+00
[2023-02-03 02:47:43] [Epoch    45/  200] trn/loss 8.562e-01, trn/lr 8.828e-02, val/acc 5.527e-01, val/nll 1.787e+00 (best_acc: 5.487e-01 -> 5.527e-01, test_acc: 5.597e-01, test_nll: 1.764e+00)
[2023-02-03 02:47:50] [Epoch    46/  200] trn/loss 8.473e-01, trn/lr 8.777e-02, val/acc 5.491e-01, val/nll 1.696e+00
[2023-02-03 02:47:56] [Epoch    47/  200] trn/loss 8.376e-01, trn/lr 8.725e-02, val/acc 5.668e-01, val/nll 1.669e+00 (best_acc: 5.527e-01 -> 5.668e-01, test_acc: 5.714e-01, test_nll: 1.651e+00)
[2023-02-03 02:48:03] [Epoch    48/  200] trn/loss 8.242e-01, trn/lr 8.672e-02, val/acc 5.764e-01, val/nll 1.650e+00 (best_acc: 5.668e-01 -> 5.764e-01, test_acc: 5.788e-01, test_nll: 1.630e+00)
[2023-02-03 02:48:10] [Epoch    49/  200] trn/loss 8.187e-01, trn/lr 8.618e-02, val/acc 5.613e-01, val/nll 1.681e+00
[2023-02-03 02:48:16] [Epoch    50/  200] trn/loss 8.043e-01, trn/lr 8.563e-02, val/acc 5.055e-01, val/nll 2.048e+00
[2023-02-03 02:48:23] [Epoch    51/  200] trn/loss 8.095e-01, trn/lr 8.508e-02, val/acc 5.518e-01, val/nll 1.778e+00
[2023-02-03 02:48:29] [Epoch    52/  200] trn/loss 7.867e-01, trn/lr 8.451e-02, val/acc 5.605e-01, val/nll 1.711e+00
[2023-02-03 02:48:35] [Epoch    53/  200] trn/loss 7.820e-01, trn/lr 8.394e-02, val/acc 5.293e-01, val/nll 1.910e+00
[2023-02-03 02:48:42] [Epoch    54/  200] trn/loss 7.717e-01, trn/lr 8.336e-02, val/acc 5.379e-01, val/nll 1.867e+00
[2023-02-03 02:48:48] [Epoch    55/  200] trn/loss 7.575e-01, trn/lr 8.277e-02, val/acc 5.780e-01, val/nll 1.710e+00 (best_acc: 5.764e-01 -> 5.780e-01, test_acc: 5.775e-01, test_nll: 1.690e+00)
[2023-02-03 02:48:55] [Epoch    56/  200] trn/loss 7.652e-01, trn/lr 8.217e-02, val/acc 5.508e-01, val/nll 1.772e+00
[2023-02-03 02:49:01] [Epoch    57/  200] trn/loss 7.472e-01, trn/lr 8.157e-02, val/acc 5.386e-01, val/nll 1.874e+00
[2023-02-03 02:49:08] [Epoch    58/  200] trn/loss 7.373e-01, trn/lr 8.096e-02, val/acc 5.433e-01, val/nll 1.808e+00
[2023-02-03 02:49:14] [Epoch    59/  200] trn/loss 7.218e-01, trn/lr 8.034e-02, val/acc 5.346e-01, val/nll 1.855e+00
[2023-02-03 02:49:20] [Epoch    60/  200] trn/loss 7.329e-01, trn/lr 7.971e-02, val/acc 5.033e-01, val/nll 2.192e+00
[2023-02-03 02:49:27] [Epoch    61/  200] trn/loss 7.124e-01, trn/lr 7.907e-02, val/acc 5.619e-01, val/nll 1.742e+00
[2023-02-03 02:49:34] [Epoch    62/  200] trn/loss 7.055e-01, trn/lr 7.843e-02, val/acc 5.936e-01, val/nll 1.584e+00 (best_acc: 5.780e-01 -> 5.936e-01, test_acc: 5.923e-01, test_nll: 1.589e+00)
[2023-02-03 02:49:40] [Epoch    63/  200] trn/loss 6.974e-01, trn/lr 7.778e-02, val/acc 5.796e-01, val/nll 1.647e+00
[2023-02-03 02:49:46] [Epoch    64/  200] trn/loss 6.981e-01, trn/lr 7.712e-02, val/acc 5.926e-01, val/nll 1.618e+00
[2023-02-03 02:49:53] [Epoch    65/  200] trn/loss 6.862e-01, trn/lr 7.646e-02, val/acc 5.633e-01, val/nll 1.748e+00
[2023-02-03 02:49:59] [Epoch    66/  200] trn/loss 6.715e-01, trn/lr 7.579e-02, val/acc 5.447e-01, val/nll 1.886e+00
[2023-02-03 02:50:05] [Epoch    67/  200] trn/loss 6.671e-01, trn/lr 7.512e-02, val/acc 5.702e-01, val/nll 1.730e+00
[2023-02-03 02:50:12] [Epoch    68/  200] trn/loss 6.642e-01, trn/lr 7.443e-02, val/acc 5.283e-01, val/nll 2.025e+00
[2023-02-03 02:50:18] [Epoch    69/  200] trn/loss 6.600e-01, trn/lr 7.374e-02, val/acc 5.707e-01, val/nll 1.711e+00
[2023-02-03 02:50:24] [Epoch    70/  200] trn/loss 6.456e-01, trn/lr 7.305e-02, val/acc 5.689e-01, val/nll 1.752e+00
[2023-02-03 02:50:31] [Epoch    71/  200] trn/loss 6.423e-01, trn/lr 7.235e-02, val/acc 5.107e-01, val/nll 2.041e+00
[2023-02-03 02:50:37] [Epoch    72/  200] trn/loss 6.410e-01, trn/lr 7.165e-02, val/acc 5.749e-01, val/nll 1.742e+00
[2023-02-03 02:50:44] [Epoch    73/  200] trn/loss 6.257e-01, trn/lr 7.093e-02, val/acc 5.893e-01, val/nll 1.648e+00
[2023-02-03 02:50:50] [Epoch    74/  200] trn/loss 6.168e-01, trn/lr 7.022e-02, val/acc 5.862e-01, val/nll 1.657e+00
[2023-02-03 02:50:56] [Epoch    75/  200] trn/loss 6.110e-01, trn/lr 6.950e-02, val/acc 5.711e-01, val/nll 1.746e+00
[2023-02-03 02:51:03] [Epoch    76/  200] trn/loss 5.916e-01, trn/lr 6.877e-02, val/acc 5.934e-01, val/nll 1.617e+00
[2023-02-03 02:51:09] [Epoch    77/  200] trn/loss 5.970e-01, trn/lr 6.804e-02, val/acc 5.864e-01, val/nll 1.658e+00
[2023-02-03 02:51:16] [Epoch    78/  200] trn/loss 5.916e-01, trn/lr 6.731e-02, val/acc 6.027e-01, val/nll 1.525e+00 (best_acc: 5.936e-01 -> 6.027e-01, test_acc: 6.065e-01, test_nll: 1.544e+00)
[2023-02-03 02:51:22] [Epoch    79/  200] trn/loss 5.898e-01, trn/lr 6.657e-02, val/acc 5.778e-01, val/nll 1.791e+00
[2023-02-03 02:51:29] [Epoch    80/  200] trn/loss 5.735e-01, trn/lr 6.583e-02, val/acc 5.716e-01, val/nll 1.733e+00
[2023-02-03 02:51:35] [Epoch    81/  200] trn/loss 5.741e-01, trn/lr 6.508e-02, val/acc 5.806e-01, val/nll 1.686e+00
[2023-02-03 02:51:41] [Epoch    82/  200] trn/loss 5.571e-01, trn/lr 6.433e-02, val/acc 6.006e-01, val/nll 1.563e+00
[2023-02-03 02:51:48] [Epoch    83/  200] trn/loss 5.554e-01, trn/lr 6.357e-02, val/acc 5.806e-01, val/nll 1.727e+00
[2023-02-03 02:51:54] [Epoch    84/  200] trn/loss 5.426e-01, trn/lr 6.282e-02, val/acc 5.657e-01, val/nll 1.779e+00
[2023-02-03 02:52:00] [Epoch    85/  200] trn/loss 5.427e-01, trn/lr 6.206e-02, val/acc 5.784e-01, val/nll 1.705e+00
[2023-02-03 02:52:07] [Epoch    86/  200] trn/loss 5.252e-01, trn/lr 6.129e-02, val/acc 5.887e-01, val/nll 1.650e+00
[2023-02-03 02:52:13] [Epoch    87/  200] trn/loss 5.230e-01, trn/lr 6.053e-02, val/acc 5.595e-01, val/nll 1.839e+00
[2023-02-03 02:52:20] [Epoch    88/  200] trn/loss 5.211e-01, trn/lr 5.976e-02, val/acc 5.716e-01, val/nll 1.826e+00
[2023-02-03 02:52:26] [Epoch    89/  200] trn/loss 5.075e-01, trn/lr 5.899e-02, val/acc 5.744e-01, val/nll 1.799e+00
[2023-02-03 02:52:32] [Epoch    90/  200] trn/loss 5.029e-01, trn/lr 5.821e-02, val/acc 5.876e-01, val/nll 1.679e+00
[2023-02-03 02:52:39] [Epoch    91/  200] trn/loss 4.977e-01, trn/lr 5.744e-02, val/acc 5.463e-01, val/nll 1.948e+00
[2023-02-03 02:52:45] [Epoch    92/  200] trn/loss 4.959e-01, trn/lr 5.666e-02, val/acc 5.987e-01, val/nll 1.660e+00
[2023-02-03 02:52:51] [Epoch    93/  200] trn/loss 4.872e-01, trn/lr 5.588e-02, val/acc 5.951e-01, val/nll 1.655e+00
[2023-02-03 02:52:58] [Epoch    94/  200] trn/loss 4.763e-01, trn/lr 5.510e-02, val/acc 5.941e-01, val/nll 1.658e+00
[2023-02-03 02:53:04] [Epoch    95/  200] trn/loss 4.683e-01, trn/lr 5.432e-02, val/acc 5.931e-01, val/nll 1.649e+00
[2023-02-03 02:53:10] [Epoch    96/  200] trn/loss 4.647e-01, trn/lr 5.353e-02, val/acc 5.903e-01, val/nll 1.662e+00
[2023-02-03 02:53:17] [Epoch    97/  200] trn/loss 4.520e-01, trn/lr 5.275e-02, val/acc 5.614e-01, val/nll 1.785e+00
[2023-02-03 02:53:23] [Epoch    98/  200] trn/loss 4.539e-01, trn/lr 5.197e-02, val/acc 5.780e-01, val/nll 1.743e+00
[2023-02-03 02:53:30] [Epoch    99/  200] trn/loss 4.340e-01, trn/lr 5.118e-02, val/acc 5.961e-01, val/nll 1.636e+00
[2023-02-03 02:53:36] [Epoch   100/  200] trn/loss 4.363e-01, trn/lr 5.040e-02, val/acc 5.996e-01, val/nll 1.603e+00
[2023-02-03 02:53:42] [Epoch   101/  200] trn/loss 4.310e-01, trn/lr 4.961e-02, val/acc 5.533e-01, val/nll 1.949e+00
[2023-02-03 02:53:49] [Epoch   102/  200] trn/loss 4.178e-01, trn/lr 4.882e-02, val/acc 5.695e-01, val/nll 1.836e+00
[2023-02-03 02:53:55] [Epoch   103/  200] trn/loss 4.041e-01, trn/lr 4.804e-02, val/acc 6.019e-01, val/nll 1.625e+00
[2023-02-03 02:54:02] [Epoch   104/  200] trn/loss 4.057e-01, trn/lr 4.725e-02, val/acc 6.108e-01, val/nll 1.592e+00 (best_acc: 6.027e-01 -> 6.108e-01, test_acc: 6.137e-01, test_nll: 1.573e+00)
[2023-02-03 02:54:08] [Epoch   105/  200] trn/loss 3.886e-01, trn/lr 4.647e-02, val/acc 6.020e-01, val/nll 1.628e+00
[2023-02-03 02:54:15] [Epoch   106/  200] trn/loss 3.840e-01, trn/lr 4.569e-02, val/acc 6.013e-01, val/nll 1.654e+00
[2023-02-03 02:54:21] [Epoch   107/  200] trn/loss 3.732e-01, trn/lr 4.491e-02, val/acc 5.809e-01, val/nll 1.781e+00
[2023-02-03 02:54:28] [Epoch   108/  200] trn/loss 3.732e-01, trn/lr 4.413e-02, val/acc 6.216e-01, val/nll 1.572e+00 (best_acc: 6.108e-01 -> 6.216e-01, test_acc: 6.255e-01, test_nll: 1.571e+00)
[2023-02-03 02:54:34] [Epoch   109/  200] trn/loss 3.687e-01, trn/lr 4.335e-02, val/acc 6.201e-01, val/nll 1.553e+00
[2023-02-03 02:54:40] [Epoch   110/  200] trn/loss 3.479e-01, trn/lr 4.257e-02, val/acc 6.030e-01, val/nll 1.638e+00
[2023-02-03 02:54:47] [Epoch   111/  200] trn/loss 3.506e-01, trn/lr 4.179e-02, val/acc 6.029e-01, val/nll 1.634e+00
[2023-02-03 02:54:53] [Epoch   112/  200] trn/loss 3.354e-01, trn/lr 4.102e-02, val/acc 6.157e-01, val/nll 1.568e+00
[2023-02-03 02:55:00] [Epoch   113/  200] trn/loss 3.307e-01, trn/lr 4.025e-02, val/acc 5.989e-01, val/nll 1.660e+00
[2023-02-03 02:55:06] [Epoch   114/  200] trn/loss 3.227e-01, trn/lr 3.948e-02, val/acc 6.228e-01, val/nll 1.568e+00 (best_acc: 6.216e-01 -> 6.228e-01, test_acc: 6.289e-01, test_nll: 1.564e+00)
[2023-02-03 02:55:13] [Epoch   115/  200] trn/loss 3.181e-01, trn/lr 3.871e-02, val/acc 5.921e-01, val/nll 1.765e+00
[2023-02-03 02:55:20] [Epoch   116/  200] trn/loss 3.135e-01, trn/lr 3.795e-02, val/acc 6.271e-01, val/nll 1.529e+00 (best_acc: 6.228e-01 -> 6.271e-01, test_acc: 6.300e-01, test_nll: 1.553e+00)
[2023-02-03 02:55:26] [Epoch   117/  200] trn/loss 3.023e-01, trn/lr 3.719e-02, val/acc 6.247e-01, val/nll 1.566e+00
[2023-02-03 02:55:32] [Epoch   118/  200] trn/loss 2.896e-01, trn/lr 3.643e-02, val/acc 6.228e-01, val/nll 1.576e+00
[2023-02-03 02:55:39] [Epoch   119/  200] trn/loss 2.832e-01, trn/lr 3.568e-02, val/acc 6.190e-01, val/nll 1.619e+00
[2023-02-03 02:55:45] [Epoch   120/  200] trn/loss 2.854e-01, trn/lr 3.493e-02, val/acc 6.162e-01, val/nll 1.598e+00
[2023-02-03 02:55:52] [Epoch   121/  200] trn/loss 2.642e-01, trn/lr 3.418e-02, val/acc 6.353e-01, val/nll 1.501e+00 (best_acc: 6.271e-01 -> 6.353e-01, test_acc: 6.359e-01, test_nll: 1.516e+00)
[2023-02-03 02:55:58] [Epoch   122/  200] trn/loss 2.659e-01, trn/lr 3.344e-02, val/acc 6.240e-01, val/nll 1.560e+00
[2023-02-03 02:56:05] [Epoch   123/  200] trn/loss 2.553e-01, trn/lr 3.270e-02, val/acc 6.174e-01, val/nll 1.602e+00
[2023-02-03 02:56:11] [Epoch   124/  200] trn/loss 2.499e-01, trn/lr 3.196e-02, val/acc 6.189e-01, val/nll 1.642e+00
[2023-02-03 02:56:17] [Epoch   125/  200] trn/loss 2.513e-01, trn/lr 3.123e-02, val/acc 6.188e-01, val/nll 1.567e+00
[2023-02-03 02:56:24] [Epoch   126/  200] trn/loss 2.378e-01, trn/lr 3.051e-02, val/acc 6.357e-01, val/nll 1.531e+00 (best_acc: 6.353e-01 -> 6.357e-01, test_acc: 6.453e-01, test_nll: 1.507e+00)
[2023-02-03 02:56:31] [Epoch   127/  200] trn/loss 2.247e-01, trn/lr 2.979e-02, val/acc 6.414e-01, val/nll 1.487e+00 (best_acc: 6.357e-01 -> 6.414e-01, test_acc: 6.468e-01, test_nll: 1.496e+00)
[2023-02-03 02:56:37] [Epoch   128/  200] trn/loss 2.183e-01, trn/lr 2.907e-02, val/acc 6.223e-01, val/nll 1.656e+00
[2023-02-03 02:56:44] [Epoch   129/  200] trn/loss 2.056e-01, trn/lr 2.836e-02, val/acc 6.426e-01, val/nll 1.488e+00 (best_acc: 6.414e-01 -> 6.426e-01, test_acc: 6.467e-01, test_nll: 1.506e+00)
[2023-02-03 02:56:51] [Epoch   130/  200] trn/loss 2.031e-01, trn/lr 2.765e-02, val/acc 6.394e-01, val/nll 1.474e+00
[2023-02-03 02:56:57] [Epoch   131/  200] trn/loss 1.949e-01, trn/lr 2.695e-02, val/acc 6.354e-01, val/nll 1.556e+00
[2023-02-03 02:57:03] [Epoch   132/  200] trn/loss 1.866e-01, trn/lr 2.626e-02, val/acc 6.389e-01, val/nll 1.497e+00
[2023-02-03 02:57:10] [Epoch   133/  200] trn/loss 1.832e-01, trn/lr 2.557e-02, val/acc 6.473e-01, val/nll 1.487e+00 (best_acc: 6.426e-01 -> 6.473e-01, test_acc: 6.542e-01, test_nll: 1.510e+00)
[2023-02-03 02:57:17] [Epoch   134/  200] trn/loss 1.757e-01, trn/lr 2.489e-02, val/acc 6.523e-01, val/nll 1.465e+00 (best_acc: 6.473e-01 -> 6.523e-01, test_acc: 6.581e-01, test_nll: 1.458e+00)
[2023-02-03 02:57:24] [Epoch   135/  200] trn/loss 1.654e-01, trn/lr 2.421e-02, val/acc 6.461e-01, val/nll 1.488e+00
[2023-02-03 02:57:30] [Epoch   136/  200] trn/loss 1.621e-01, trn/lr 2.354e-02, val/acc 6.492e-01, val/nll 1.520e+00
[2023-02-03 02:57:36] [Epoch   137/  200] trn/loss 1.472e-01, trn/lr 2.288e-02, val/acc 6.497e-01, val/nll 1.530e+00
[2023-02-03 02:57:43] [Epoch   138/  200] trn/loss 1.483e-01, trn/lr 2.222e-02, val/acc 6.601e-01, val/nll 1.446e+00 (best_acc: 6.523e-01 -> 6.601e-01, test_acc: 6.661e-01, test_nll: 1.437e+00)
[2023-02-03 02:57:50] [Epoch   139/  200] trn/loss 1.435e-01, trn/lr 2.157e-02, val/acc 6.623e-01, val/nll 1.426e+00 (best_acc: 6.601e-01 -> 6.623e-01, test_acc: 6.699e-01, test_nll: 1.421e+00)
[2023-02-03 02:57:56] [Epoch   140/  200] trn/loss 1.340e-01, trn/lr 2.093e-02, val/acc 6.469e-01, val/nll 1.471e+00
[2023-02-03 02:58:03] [Epoch   141/  200] trn/loss 1.238e-01, trn/lr 2.030e-02, val/acc 6.585e-01, val/nll 1.458e+00
[2023-02-03 02:58:09] [Epoch   142/  200] trn/loss 1.173e-01, trn/lr 1.967e-02, val/acc 6.598e-01, val/nll 1.422e+00
[2023-02-03 02:58:16] [Epoch   143/  200] trn/loss 1.144e-01, trn/lr 1.905e-02, val/acc 6.688e-01, val/nll 1.391e+00 (best_acc: 6.623e-01 -> 6.688e-01, test_acc: 6.702e-01, test_nll: 1.398e+00)
[2023-02-03 02:58:22] [Epoch   144/  200] trn/loss 1.058e-01, trn/lr 1.843e-02, val/acc 6.572e-01, val/nll 1.460e+00
[2023-02-03 02:58:29] [Epoch   145/  200] trn/loss 1.005e-01, trn/lr 1.783e-02, val/acc 6.627e-01, val/nll 1.401e+00
[2023-02-03 02:58:35] [Epoch   146/  200] trn/loss 9.808e-02, trn/lr 1.723e-02, val/acc 6.650e-01, val/nll 1.441e+00
[2023-02-03 02:58:41] [Epoch   147/  200] trn/loss 9.143e-02, trn/lr 1.664e-02, val/acc 6.667e-01, val/nll 1.411e+00
[2023-02-03 02:58:48] [Epoch   148/  200] trn/loss 8.480e-02, trn/lr 1.606e-02, val/acc 6.721e-01, val/nll 1.365e+00 (best_acc: 6.688e-01 -> 6.721e-01, test_acc: 6.845e-01, test_nll: 1.352e+00)
[2023-02-03 02:58:55] [Epoch   149/  200] trn/loss 8.063e-02, trn/lr 1.549e-02, val/acc 6.799e-01, val/nll 1.334e+00 (best_acc: 6.721e-01 -> 6.799e-01, test_acc: 6.855e-01, test_nll: 1.355e+00)
[2023-02-03 02:59:01] [Epoch   150/  200] trn/loss 7.723e-02, trn/lr 1.493e-02, val/acc 6.744e-01, val/nll 1.401e+00
[2023-02-03 02:59:08] [Epoch   151/  200] trn/loss 7.214e-02, trn/lr 1.437e-02, val/acc 6.802e-01, val/nll 1.371e+00 (best_acc: 6.799e-01 -> 6.802e-01, test_acc: 6.805e-01, test_nll: 1.385e+00)
[2023-02-03 02:59:15] [Epoch   152/  200] trn/loss 6.918e-02, trn/lr 1.382e-02, val/acc 6.841e-01, val/nll 1.339e+00 (best_acc: 6.802e-01 -> 6.841e-01, test_acc: 6.870e-01, test_nll: 1.348e+00)
[2023-02-03 02:59:22] [Epoch   153/  200] trn/loss 6.634e-02, trn/lr 1.329e-02, val/acc 6.795e-01, val/nll 1.342e+00
[2023-02-03 02:59:28] [Epoch   154/  200] trn/loss 6.177e-02, trn/lr 1.276e-02, val/acc 6.812e-01, val/nll 1.362e+00
[2023-02-03 02:59:35] [Epoch   155/  200] trn/loss 5.912e-02, trn/lr 1.224e-02, val/acc 6.886e-01, val/nll 1.335e+00 (best_acc: 6.841e-01 -> 6.886e-01, test_acc: 6.902e-01, test_nll: 1.343e+00)
[2023-02-03 02:59:41] [Epoch   156/  200] trn/loss 5.691e-02, trn/lr 1.173e-02, val/acc 6.877e-01, val/nll 1.318e+00
[2023-02-03 02:59:47] [Epoch   157/  200] trn/loss 5.458e-02, trn/lr 1.123e-02, val/acc 6.871e-01, val/nll 1.314e+00
[2023-02-03 02:59:54] [Epoch   158/  200] trn/loss 5.183e-02, trn/lr 1.074e-02, val/acc 6.833e-01, val/nll 1.297e+00
[2023-02-03 03:00:01] [Epoch   159/  200] trn/loss 4.742e-02, trn/lr 1.025e-02, val/acc 6.894e-01, val/nll 1.277e+00 (best_acc: 6.886e-01 -> 6.894e-01, test_acc: 6.957e-01, test_nll: 1.297e+00)
[2023-02-03 03:00:07] [Epoch   160/  200] trn/loss 4.663e-02, trn/lr 9.783e-03, val/acc 6.926e-01, val/nll 1.294e+00 (best_acc: 6.894e-01 -> 6.926e-01, test_acc: 6.966e-01, test_nll: 1.308e+00)
[2023-02-03 03:00:14] [Epoch   161/  200] trn/loss 4.563e-02, trn/lr 9.321e-03, val/acc 6.903e-01, val/nll 1.296e+00
[2023-02-03 03:00:20] [Epoch   162/  200] trn/loss 4.436e-02, trn/lr 8.870e-03, val/acc 6.907e-01, val/nll 1.278e+00
[2023-02-03 03:00:27] [Epoch   163/  200] trn/loss 4.277e-02, trn/lr 8.428e-03, val/acc 6.913e-01, val/nll 1.290e+00
[2023-02-03 03:00:33] [Epoch   164/  200] trn/loss 4.023e-02, trn/lr 7.997e-03, val/acc 6.905e-01, val/nll 1.274e+00
[2023-02-03 03:00:39] [Epoch   165/  200] trn/loss 3.978e-02, trn/lr 7.576e-03, val/acc 6.914e-01, val/nll 1.283e+00
[2023-02-03 03:00:46] [Epoch   166/  200] trn/loss 3.759e-02, trn/lr 7.166e-03, val/acc 6.928e-01, val/nll 1.279e+00 (best_acc: 6.926e-01 -> 6.928e-01, test_acc: 6.979e-01, test_nll: 1.293e+00)
[2023-02-03 03:00:53] [Epoch   167/  200] trn/loss 3.731e-02, trn/lr 6.766e-03, val/acc 6.954e-01, val/nll 1.271e+00 (best_acc: 6.928e-01 -> 6.954e-01, test_acc: 7.015e-01, test_nll: 1.284e+00)
[2023-02-03 03:00:59] [Epoch   168/  200] trn/loss 3.618e-02, trn/lr 6.377e-03, val/acc 6.949e-01, val/nll 1.270e+00
[2023-02-03 03:01:06] [Epoch   169/  200] trn/loss 3.552e-02, trn/lr 5.998e-03, val/acc 6.965e-01, val/nll 1.265e+00 (best_acc: 6.954e-01 -> 6.965e-01, test_acc: 6.984e-01, test_nll: 1.279e+00)
[2023-02-03 03:01:13] [Epoch   170/  200] trn/loss 3.468e-02, trn/lr 5.631e-03, val/acc 6.993e-01, val/nll 1.263e+00 (best_acc: 6.965e-01 -> 6.993e-01, test_acc: 6.997e-01, test_nll: 1.274e+00)
[2023-02-03 03:01:20] [Epoch   171/  200] trn/loss 3.324e-02, trn/lr 5.274e-03, val/acc 6.941e-01, val/nll 1.264e+00
[2023-02-03 03:01:26] [Epoch   172/  200] trn/loss 3.400e-02, trn/lr 4.929e-03, val/acc 6.972e-01, val/nll 1.267e+00
[2023-02-03 03:01:32] [Epoch   173/  200] trn/loss 3.290e-02, trn/lr 4.594e-03, val/acc 6.979e-01, val/nll 1.248e+00
[2023-02-03 03:01:39] [Epoch   174/  200] trn/loss 3.172e-02, trn/lr 4.271e-03, val/acc 6.965e-01, val/nll 1.243e+00
[2023-02-03 03:01:45] [Epoch   175/  200] trn/loss 3.115e-02, trn/lr 3.959e-03, val/acc 6.976e-01, val/nll 1.251e+00
[2023-02-03 03:01:51] [Epoch   176/  200] trn/loss 3.123e-02, trn/lr 3.659e-03, val/acc 6.963e-01, val/nll 1.250e+00
[2023-02-03 03:01:58] [Epoch   177/  200] trn/loss 3.051e-02, trn/lr 3.369e-03, val/acc 6.977e-01, val/nll 1.255e+00
[2023-02-03 03:02:04] [Epoch   178/  200] trn/loss 3.048e-02, trn/lr 3.092e-03, val/acc 6.976e-01, val/nll 1.255e+00
[2023-02-03 03:02:10] [Epoch   179/  200] trn/loss 2.910e-02, trn/lr 2.826e-03, val/acc 6.960e-01, val/nll 1.254e+00
[2023-02-03 03:02:17] [Epoch   180/  200] trn/loss 2.910e-02, trn/lr 2.571e-03, val/acc 6.971e-01, val/nll 1.252e+00
[2023-02-03 03:02:23] [Epoch   181/  200] trn/loss 2.901e-02, trn/lr 2.329e-03, val/acc 6.993e-01, val/nll 1.245e+00
[2023-02-03 03:02:29] [Epoch   182/  200] trn/loss 2.927e-02, trn/lr 2.098e-03, val/acc 6.980e-01, val/nll 1.245e+00
[2023-02-03 03:02:36] [Epoch   183/  200] trn/loss 2.848e-02, trn/lr 1.878e-03, val/acc 6.982e-01, val/nll 1.243e+00
[2023-02-03 03:02:42] [Epoch   184/  200] trn/loss 2.766e-02, trn/lr 1.671e-03, val/acc 6.971e-01, val/nll 1.245e+00
[2023-02-03 03:02:49] [Epoch   185/  200] trn/loss 2.854e-02, trn/lr 1.476e-03, val/acc 7.006e-01, val/nll 1.244e+00 (best_acc: 6.993e-01 -> 7.006e-01, test_acc: 7.025e-01, test_nll: 1.259e+00)
[2023-02-03 03:02:55] [Epoch   186/  200] trn/loss 2.760e-02, trn/lr 1.292e-03, val/acc 6.992e-01, val/nll 1.247e+00
[2023-02-03 03:03:02] [Epoch   187/  200] trn/loss 2.791e-02, trn/lr 1.121e-03, val/acc 6.987e-01, val/nll 1.245e+00
[2023-02-03 03:03:08] [Epoch   188/  200] trn/loss 2.773e-02, trn/lr 9.617e-04, val/acc 6.979e-01, val/nll 1.243e+00
[2023-02-03 03:03:15] [Epoch   189/  200] trn/loss 2.749e-02, trn/lr 8.145e-04, val/acc 6.973e-01, val/nll 1.241e+00
[2023-02-03 03:03:21] [Epoch   190/  200] trn/loss 2.745e-02, trn/lr 6.794e-04, val/acc 7.012e-01, val/nll 1.242e+00 (best_acc: 7.006e-01 -> 7.012e-01, test_acc: 7.038e-01, test_nll: 1.256e+00)
[2023-02-03 03:03:28] [Epoch   191/  200] trn/loss 2.699e-02, trn/lr 5.565e-04, val/acc 7.000e-01, val/nll 1.242e+00
[2023-02-03 03:03:35] [Epoch   192/  200] trn/loss 2.725e-02, trn/lr 4.458e-04, val/acc 7.020e-01, val/nll 1.240e+00 (best_acc: 7.012e-01 -> 7.020e-01, test_acc: 7.048e-01, test_nll: 1.255e+00)
[2023-02-03 03:03:41] [Epoch   193/  200] trn/loss 2.688e-02, trn/lr 3.474e-04, val/acc 7.000e-01, val/nll 1.241e+00
[2023-02-03 03:03:47] [Epoch   194/  200] trn/loss 2.694e-02, trn/lr 2.612e-04, val/acc 7.001e-01, val/nll 1.243e+00
[2023-02-03 03:03:54] [Epoch   195/  200] trn/loss 2.734e-02, trn/lr 1.872e-04, val/acc 7.004e-01, val/nll 1.241e+00
[2023-02-03 03:04:00] [Epoch   196/  200] trn/loss 2.664e-02, trn/lr 1.255e-04, val/acc 7.000e-01, val/nll 1.243e+00
[2023-02-03 03:04:06] [Epoch   197/  200] trn/loss 2.699e-02, trn/lr 7.619e-05, val/acc 7.010e-01, val/nll 1.242e+00
[2023-02-03 03:04:13] [Epoch   198/  200] trn/loss 2.642e-02, trn/lr 3.916e-05, val/acc 7.004e-01, val/nll 1.241e+00
[2023-02-03 03:04:19] [Epoch   199/  200] trn/loss 2.721e-02, trn/lr 1.445e-05, val/acc 6.988e-01, val/nll 1.241e+00
[2023-02-03 03:04:26] [Epoch   200/  200] trn/loss 2.654e-02, trn/lr 2.075e-06, val/acc 7.011e-01, val/nll 1.243e+00
