[2023-02-15 04:47:03] Environments:
------------  ------------------------------------------------------------
sys.platform  linux
Python        3.8.10 (default, Nov 14 2022, 12:59:47) [GCC 9.4.0]
JAX           0.4.2 @/home/giung/.local/lib/python3.8/site-packages/jax
jaxlib        0.4.2 @/home/giung/.local/lib/python3.8/site-packages/jaxlib
Flax          0.6.4 @/home/giung/.local/lib/python3.8/site-packages/flax
Optax         0.1.4 @/home/giung/.local/lib/python3.8/site-packages/optax
------------  ------------------------------------------------------------

[2023-02-15 04:47:03] Command line arguments:
- args.data_root          : ./data/
- args.data_name          : CIFAR100_x32
- args.data_augmentation  : standard
- args.data_proportional  : 1.0
- args.model_depth        : 20
- args.model_width        : 4
- args.model_style        : BN-ReLU
- args.optim_bs           : 256
- args.optim_ne           : 200
- args.optim_lr           : 1.0
- args.optim_b1           : 0.97
- args.optim_b2           : 0.999
- args.optim_eps          : 0.1
- args.optim_weight_decay : 0.0003
- args.rho                : 0.3
- args.num_data_factor    : 4.0
- args.save               : /home/giung/giung2-dev/projects/sam/save/CIFAR100_x32/R20x4-BN-ReLU/BayesSAM/bs-0256_ne-0200_lr-1.00_b1-0.970_b2-0.999_wd-0.0003_eps-1e-1_rho-0.3000_factor-4.0_fp32/42
- args.seed               : 42
- args.precision          : fp32

[2023-02-15 04:47:09] Multiple local devices are detected:
[TpuDevice(id=0, process_index=0, coords=(0,0,0), core_on_chip=0), TpuDevice(id=1, process_index=0, coords=(0,0,0), core_on_chip=1), TpuDevice(id=2, process_index=0, coords=(1,0,0), core_on_chip=0), TpuDevice(id=3, process_index=0, coords=(1,0,0), core_on_chip=1), TpuDevice(id=4, process_index=0, coords=(0,1,0), core_on_chip=0), TpuDevice(id=5, process_index=0, coords=(0,1,0), core_on_chip=1), TpuDevice(id=6, process_index=0, coords=(1,1,0), core_on_chip=0), TpuDevice(id=7, process_index=0, coords=(1,1,0), core_on_chip=1)]

[2023-02-15 04:48:20] [Epoch     1/  200] trn/loss 4.763e+00, trn/lr 1.000e+00, trn/scale 9.322e-01, val/acc 3.429e-02, val/nll 4.430e+00 (best_acc: 0.000e+00 -> 3.429e-02, test_acc: 3.640e-02, test_nll: 4.422e+00)
[2023-02-15 04:48:30] [Epoch     2/  200] trn/loss 4.193e+00, trn/lr 9.999e-01, trn/scale 8.092e-01, val/acc 7.743e-02, val/nll 3.973e+00 (best_acc: 3.429e-02 -> 7.743e-02, test_acc: 7.650e-02, test_nll: 3.958e+00)
[2023-02-15 04:48:39] [Epoch     3/  200] trn/loss 3.862e+00, trn/lr 9.996e-01, trn/scale 7.044e-01, val/acc 1.167e-01, val/nll 3.754e+00 (best_acc: 7.743e-02 -> 1.167e-01, test_acc: 1.198e-01, test_nll: 3.727e+00)
[2023-02-15 04:48:48] [Epoch     4/  200] trn/loss 3.689e+00, trn/lr 9.992e-01, trn/scale 6.150e-01, val/acc 1.423e-01, val/nll 3.585e+00 (best_acc: 1.167e-01 -> 1.423e-01, test_acc: 1.471e-01, test_nll: 3.564e+00)
[2023-02-15 04:48:57] [Epoch     5/  200] trn/loss 3.522e+00, trn/lr 9.987e-01, trn/scale 5.389e-01, val/acc 1.760e-01, val/nll 3.371e+00 (best_acc: 1.423e-01 -> 1.760e-01, test_acc: 1.838e-01, test_nll: 3.343e+00)
[2023-02-15 04:49:07] [Epoch     6/  200] trn/loss 3.281e+00, trn/lr 9.981e-01, trn/scale 4.741e-01, val/acc 2.208e-01, val/nll 3.159e+00 (best_acc: 1.760e-01 -> 2.208e-01, test_acc: 2.263e-01, test_nll: 3.124e+00)
[2023-02-15 04:49:16] [Epoch     7/  200] trn/loss 3.012e+00, trn/lr 9.974e-01, trn/scale 4.188e-01, val/acc 2.570e-01, val/nll 2.942e+00 (best_acc: 2.208e-01 -> 2.570e-01, test_acc: 2.649e-01, test_nll: 2.903e+00)
[2023-02-15 04:49:25] [Epoch     8/  200] trn/loss 2.770e+00, trn/lr 9.965e-01, trn/scale 3.718e-01, val/acc 2.933e-01, val/nll 2.729e+00 (best_acc: 2.570e-01 -> 2.933e-01, test_acc: 3.043e-01, test_nll: 2.689e+00)
[2023-02-15 04:49:34] [Epoch     9/  200] trn/loss 2.561e+00, trn/lr 9.955e-01, trn/scale 3.317e-01, val/acc 3.427e-01, val/nll 2.499e+00 (best_acc: 2.933e-01 -> 3.427e-01, test_acc: 3.519e-01, test_nll: 2.455e+00)
[2023-02-15 04:49:43] [Epoch    10/  200] trn/loss 2.391e+00, trn/lr 9.944e-01, trn/scale 2.975e-01, val/acc 3.885e-01, val/nll 2.299e+00 (best_acc: 3.427e-01 -> 3.885e-01, test_acc: 3.962e-01, test_nll: 2.252e+00)
[2023-02-15 04:49:53] [Epoch    11/  200] trn/loss 2.218e+00, trn/lr 9.932e-01, trn/scale 2.684e-01, val/acc 4.032e-01, val/nll 2.218e+00 (best_acc: 3.885e-01 -> 4.032e-01, test_acc: 4.156e-01, test_nll: 2.171e+00)
[2023-02-15 04:50:02] [Epoch    12/  200] trn/loss 2.088e+00, trn/lr 9.919e-01, trn/scale 2.435e-01, val/acc 4.233e-01, val/nll 2.143e+00 (best_acc: 4.032e-01 -> 4.233e-01, test_acc: 4.326e-01, test_nll: 2.115e+00)
[2023-02-15 04:50:11] [Epoch    13/  200] trn/loss 1.990e+00, trn/lr 9.904e-01, trn/scale 2.224e-01, val/acc 4.591e-01, val/nll 1.984e+00 (best_acc: 4.233e-01 -> 4.591e-01, test_acc: 4.687e-01, test_nll: 1.962e+00)
[2023-02-15 04:50:20] [Epoch    14/  200] trn/loss 1.901e+00, trn/lr 9.888e-01, trn/scale 2.044e-01, val/acc 4.614e-01, val/nll 2.017e+00 (best_acc: 4.591e-01 -> 4.614e-01, test_acc: 4.594e-01, test_nll: 1.988e+00)
[2023-02-15 04:50:28] [Epoch    15/  200] trn/loss 1.825e+00, trn/lr 9.871e-01, trn/scale 1.890e-01, val/acc 4.592e-01, val/nll 2.009e+00
[2023-02-15 04:50:38] [Epoch    16/  200] trn/loss 1.794e+00, trn/lr 9.853e-01, trn/scale 1.760e-01, val/acc 4.895e-01, val/nll 1.846e+00 (best_acc: 4.614e-01 -> 4.895e-01, test_acc: 4.924e-01, test_nll: 1.838e+00)
[2023-02-15 04:50:46] [Epoch    17/  200] trn/loss 1.746e+00, trn/lr 9.833e-01, trn/scale 1.648e-01, val/acc 4.670e-01, val/nll 2.024e+00
[2023-02-15 04:50:55] [Epoch    18/  200] trn/loss 1.709e+00, trn/lr 9.812e-01, trn/scale 1.553e-01, val/acc 5.038e-01, val/nll 1.787e+00 (best_acc: 4.895e-01 -> 5.038e-01, test_acc: 5.216e-01, test_nll: 1.739e+00)
[2023-02-15 04:51:03] [Epoch    19/  200] trn/loss 1.691e+00, trn/lr 9.790e-01, trn/scale 1.472e-01, val/acc 4.895e-01, val/nll 1.901e+00
[2023-02-15 04:51:11] [Epoch    20/  200] trn/loss 1.676e+00, trn/lr 9.767e-01, trn/scale 1.404e-01, val/acc 4.877e-01, val/nll 1.876e+00
[2023-02-15 04:51:21] [Epoch    21/  200] trn/loss 1.652e+00, trn/lr 9.743e-01, trn/scale 1.345e-01, val/acc 5.102e-01, val/nll 1.781e+00 (best_acc: 5.038e-01 -> 5.102e-01, test_acc: 5.118e-01, test_nll: 1.756e+00)
[2023-02-15 04:51:29] [Epoch    22/  200] trn/loss 1.632e+00, trn/lr 9.718e-01, trn/scale 1.295e-01, val/acc 5.074e-01, val/nll 1.814e+00
[2023-02-15 04:51:37] [Epoch    23/  200] trn/loss 1.644e+00, trn/lr 9.691e-01, trn/scale 1.252e-01, val/acc 4.969e-01, val/nll 1.838e+00
[2023-02-15 04:51:45] [Epoch    24/  200] trn/loss 1.629e+00, trn/lr 9.663e-01, trn/scale 1.216e-01, val/acc 5.048e-01, val/nll 1.825e+00
[2023-02-15 04:51:53] [Epoch    25/  200] trn/loss 1.639e+00, trn/lr 9.634e-01, trn/scale 1.185e-01, val/acc 4.852e-01, val/nll 1.885e+00
[2023-02-15 04:52:01] [Epoch    26/  200] trn/loss 1.621e+00, trn/lr 9.604e-01, trn/scale 1.159e-01, val/acc 5.023e-01, val/nll 1.828e+00
[2023-02-15 04:52:11] [Epoch    27/  200] trn/loss 1.620e+00, trn/lr 9.573e-01, trn/scale 1.136e-01, val/acc 5.206e-01, val/nll 1.784e+00 (best_acc: 5.102e-01 -> 5.206e-01, test_acc: 5.301e-01, test_nll: 1.751e+00)
[2023-02-15 04:52:19] [Epoch    28/  200] trn/loss 1.602e+00, trn/lr 9.541e-01, trn/scale 1.117e-01, val/acc 4.929e-01, val/nll 1.899e+00
[2023-02-15 04:52:28] [Epoch    29/  200] trn/loss 1.620e+00, trn/lr 9.507e-01, trn/scale 1.101e-01, val/acc 5.330e-01, val/nll 1.716e+00 (best_acc: 5.206e-01 -> 5.330e-01, test_acc: 5.392e-01, test_nll: 1.691e+00)
[2023-02-15 04:52:37] [Epoch    30/  200] trn/loss 1.584e+00, trn/lr 9.473e-01, trn/scale 1.087e-01, val/acc 5.417e-01, val/nll 1.669e+00 (best_acc: 5.330e-01 -> 5.417e-01, test_acc: 5.427e-01, test_nll: 1.657e+00)
[2023-02-15 04:52:45] [Epoch    31/  200] trn/loss 1.604e+00, trn/lr 9.437e-01, trn/scale 1.075e-01, val/acc 5.054e-01, val/nll 1.801e+00
[2023-02-15 04:52:53] [Epoch    32/  200] trn/loss 1.616e+00, trn/lr 9.400e-01, trn/scale 1.065e-01, val/acc 5.044e-01, val/nll 1.810e+00
[2023-02-15 04:53:03] [Epoch    33/  200] trn/loss 1.586e+00, trn/lr 9.363e-01, trn/scale 1.056e-01, val/acc 5.435e-01, val/nll 1.684e+00 (best_acc: 5.417e-01 -> 5.435e-01, test_acc: 5.501e-01, test_nll: 1.671e+00)
[2023-02-15 04:53:11] [Epoch    34/  200] trn/loss 1.584e+00, trn/lr 9.324e-01, trn/scale 1.049e-01, val/acc 5.257e-01, val/nll 1.739e+00
[2023-02-15 04:53:19] [Epoch    35/  200] trn/loss 1.579e+00, trn/lr 9.284e-01, trn/scale 1.043e-01, val/acc 5.140e-01, val/nll 1.754e+00
[2023-02-15 04:53:27] [Epoch    36/  200] trn/loss 1.588e+00, trn/lr 9.243e-01, trn/scale 1.037e-01, val/acc 4.739e-01, val/nll 1.986e+00
[2023-02-15 04:53:36] [Epoch    37/  200] trn/loss 1.573e+00, trn/lr 9.201e-01, trn/scale 1.033e-01, val/acc 5.111e-01, val/nll 1.780e+00
[2023-02-15 04:53:45] [Epoch    38/  200] trn/loss 1.584e+00, trn/lr 9.157e-01, trn/scale 1.029e-01, val/acc 5.524e-01, val/nll 1.634e+00 (best_acc: 5.435e-01 -> 5.524e-01, test_acc: 5.569e-01, test_nll: 1.617e+00)
[2023-02-15 04:53:53] [Epoch    39/  200] trn/loss 1.564e+00, trn/lr 9.113e-01, trn/scale 1.026e-01, val/acc 4.933e-01, val/nll 1.886e+00
[2023-02-15 04:54:01] [Epoch    40/  200] trn/loss 1.558e+00, trn/lr 9.068e-01, trn/scale 1.023e-01, val/acc 5.374e-01, val/nll 1.674e+00
[2023-02-15 04:54:10] [Epoch    41/  200] trn/loss 1.560e+00, trn/lr 9.022e-01, trn/scale 1.020e-01, val/acc 5.669e-01, val/nll 1.594e+00 (best_acc: 5.524e-01 -> 5.669e-01, test_acc: 5.741e-01, test_nll: 1.580e+00)
[2023-02-15 04:54:19] [Epoch    42/  200] trn/loss 1.556e+00, trn/lr 8.975e-01, trn/scale 1.018e-01, val/acc 5.487e-01, val/nll 1.626e+00
[2023-02-15 04:54:27] [Epoch    43/  200] trn/loss 1.563e+00, trn/lr 8.927e-01, trn/scale 1.017e-01, val/acc 5.549e-01, val/nll 1.600e+00
[2023-02-15 04:54:35] [Epoch    44/  200] trn/loss 1.538e+00, trn/lr 8.878e-01, trn/scale 1.015e-01, val/acc 5.442e-01, val/nll 1.633e+00
[2023-02-15 04:54:43] [Epoch    45/  200] trn/loss 1.540e+00, trn/lr 8.828e-01, trn/scale 1.014e-01, val/acc 5.372e-01, val/nll 1.679e+00
[2023-02-15 04:54:51] [Epoch    46/  200] trn/loss 1.532e+00, trn/lr 8.777e-01, trn/scale 1.013e-01, val/acc 5.559e-01, val/nll 1.606e+00
[2023-02-15 04:54:59] [Epoch    47/  200] trn/loss 1.530e+00, trn/lr 8.725e-01, trn/scale 1.012e-01, val/acc 5.517e-01, val/nll 1.595e+00
[2023-02-15 04:55:08] [Epoch    48/  200] trn/loss 1.521e+00, trn/lr 8.672e-01, trn/scale 1.011e-01, val/acc 5.530e-01, val/nll 1.625e+00
[2023-02-15 04:55:16] [Epoch    49/  200] trn/loss 1.520e+00, trn/lr 8.618e-01, trn/scale 1.010e-01, val/acc 5.228e-01, val/nll 1.743e+00
[2023-02-15 04:55:24] [Epoch    50/  200] trn/loss 1.515e+00, trn/lr 8.563e-01, trn/scale 1.010e-01, val/acc 5.497e-01, val/nll 1.634e+00
[2023-02-15 04:55:32] [Epoch    51/  200] trn/loss 1.503e+00, trn/lr 8.508e-01, trn/scale 1.009e-01, val/acc 5.454e-01, val/nll 1.638e+00
[2023-02-15 04:55:40] [Epoch    52/  200] trn/loss 1.497e+00, trn/lr 8.451e-01, trn/scale 1.009e-01, val/acc 5.431e-01, val/nll 1.660e+00
[2023-02-15 04:55:48] [Epoch    53/  200] trn/loss 1.490e+00, trn/lr 8.394e-01, trn/scale 1.009e-01, val/acc 5.581e-01, val/nll 1.632e+00
[2023-02-15 04:55:57] [Epoch    54/  200] trn/loss 1.487e+00, trn/lr 8.336e-01, trn/scale 1.008e-01, val/acc 5.364e-01, val/nll 1.680e+00
[2023-02-15 04:56:05] [Epoch    55/  200] trn/loss 1.499e+00, trn/lr 8.277e-01, trn/scale 1.008e-01, val/acc 5.436e-01, val/nll 1.646e+00
[2023-02-15 04:56:13] [Epoch    56/  200] trn/loss 1.493e+00, trn/lr 8.217e-01, trn/scale 1.008e-01, val/acc 5.457e-01, val/nll 1.636e+00
[2023-02-15 04:56:21] [Epoch    57/  200] trn/loss 1.484e+00, trn/lr 8.157e-01, trn/scale 1.008e-01, val/acc 5.585e-01, val/nll 1.598e+00
[2023-02-15 04:56:29] [Epoch    58/  200] trn/loss 1.460e+00, trn/lr 8.096e-01, trn/scale 1.007e-01, val/acc 5.643e-01, val/nll 1.569e+00
[2023-02-15 04:56:39] [Epoch    59/  200] trn/loss 1.454e+00, trn/lr 8.034e-01, trn/scale 1.007e-01, val/acc 5.716e-01, val/nll 1.590e+00 (best_acc: 5.669e-01 -> 5.716e-01, test_acc: 5.691e-01, test_nll: 1.569e+00)
[2023-02-15 04:56:47] [Epoch    60/  200] trn/loss 1.450e+00, trn/lr 7.971e-01, trn/scale 1.007e-01, val/acc 5.687e-01, val/nll 1.573e+00
[2023-02-15 04:56:55] [Epoch    61/  200] trn/loss 1.443e+00, trn/lr 7.907e-01, trn/scale 1.007e-01, val/acc 5.638e-01, val/nll 1.609e+00
[2023-02-15 04:57:03] [Epoch    62/  200] trn/loss 1.446e+00, trn/lr 7.843e-01, trn/scale 1.007e-01, val/acc 5.713e-01, val/nll 1.526e+00
[2023-02-15 04:57:11] [Epoch    63/  200] trn/loss 1.439e+00, trn/lr 7.778e-01, trn/scale 1.007e-01, val/acc 5.696e-01, val/nll 1.588e+00
[2023-02-15 04:57:20] [Epoch    64/  200] trn/loss 1.437e+00, trn/lr 7.712e-01, trn/scale 1.007e-01, val/acc 5.707e-01, val/nll 1.557e+00
[2023-02-15 04:57:28] [Epoch    65/  200] trn/loss 1.432e+00, trn/lr 7.646e-01, trn/scale 1.007e-01, val/acc 5.531e-01, val/nll 1.597e+00
[2023-02-15 04:57:36] [Epoch    66/  200] trn/loss 1.417e+00, trn/lr 7.579e-01, trn/scale 1.007e-01, val/acc 5.572e-01, val/nll 1.587e+00
[2023-02-15 04:57:45] [Epoch    67/  200] trn/loss 1.406e+00, trn/lr 7.512e-01, trn/scale 1.007e-01, val/acc 5.753e-01, val/nll 1.547e+00 (best_acc: 5.716e-01 -> 5.753e-01, test_acc: 5.742e-01, test_nll: 1.530e+00)
[2023-02-15 04:57:54] [Epoch    68/  200] trn/loss 1.398e+00, trn/lr 7.443e-01, trn/scale 1.007e-01, val/acc 5.867e-01, val/nll 1.484e+00 (best_acc: 5.753e-01 -> 5.867e-01, test_acc: 5.903e-01, test_nll: 1.469e+00)
[2023-02-15 04:58:02] [Epoch    69/  200] trn/loss 1.406e+00, trn/lr 7.374e-01, trn/scale 1.007e-01, val/acc 5.625e-01, val/nll 1.592e+00
[2023-02-15 04:58:12] [Epoch    70/  200] trn/loss 1.374e+00, trn/lr 7.305e-01, trn/scale 1.007e-01, val/acc 5.986e-01, val/nll 1.453e+00 (best_acc: 5.867e-01 -> 5.986e-01, test_acc: 5.937e-01, test_nll: 1.449e+00)
[2023-02-15 04:58:20] [Epoch    71/  200] trn/loss 1.389e+00, trn/lr 7.235e-01, trn/scale 1.007e-01, val/acc 5.808e-01, val/nll 1.524e+00
[2023-02-15 04:58:28] [Epoch    72/  200] trn/loss 1.380e+00, trn/lr 7.165e-01, trn/scale 1.007e-01, val/acc 5.614e-01, val/nll 1.567e+00
[2023-02-15 04:58:36] [Epoch    73/  200] trn/loss 1.385e+00, trn/lr 7.093e-01, trn/scale 1.007e-01, val/acc 5.539e-01, val/nll 1.612e+00
[2023-02-15 04:58:44] [Epoch    74/  200] trn/loss 1.373e+00, trn/lr 7.022e-01, trn/scale 1.007e-01, val/acc 5.575e-01, val/nll 1.595e+00
[2023-02-15 04:58:52] [Epoch    75/  200] trn/loss 1.369e+00, trn/lr 6.950e-01, trn/scale 1.007e-01, val/acc 5.971e-01, val/nll 1.444e+00
[2023-02-15 04:59:02] [Epoch    76/  200] trn/loss 1.361e+00, trn/lr 6.877e-01, trn/scale 1.007e-01, val/acc 6.038e-01, val/nll 1.436e+00 (best_acc: 5.986e-01 -> 6.038e-01, test_acc: 6.017e-01, test_nll: 1.437e+00)
[2023-02-15 04:59:10] [Epoch    77/  200] trn/loss 1.355e+00, trn/lr 6.804e-01, trn/scale 1.007e-01, val/acc 5.902e-01, val/nll 1.483e+00
[2023-02-15 04:59:18] [Epoch    78/  200] trn/loss 1.328e+00, trn/lr 6.731e-01, trn/scale 1.007e-01, val/acc 6.033e-01, val/nll 1.397e+00
[2023-02-15 04:59:26] [Epoch    79/  200] trn/loss 1.324e+00, trn/lr 6.657e-01, trn/scale 1.007e-01, val/acc 5.973e-01, val/nll 1.415e+00
[2023-02-15 04:59:34] [Epoch    80/  200] trn/loss 1.330e+00, trn/lr 6.583e-01, trn/scale 1.007e-01, val/acc 5.773e-01, val/nll 1.513e+00
[2023-02-15 04:59:43] [Epoch    81/  200] trn/loss 1.323e+00, trn/lr 6.508e-01, trn/scale 1.007e-01, val/acc 5.884e-01, val/nll 1.469e+00
[2023-02-15 04:59:51] [Epoch    82/  200] trn/loss 1.319e+00, trn/lr 6.433e-01, trn/scale 1.007e-01, val/acc 5.983e-01, val/nll 1.425e+00
[2023-02-15 04:59:59] [Epoch    83/  200] trn/loss 1.316e+00, trn/lr 6.357e-01, trn/scale 1.007e-01, val/acc 5.915e-01, val/nll 1.467e+00
[2023-02-15 05:00:07] [Epoch    84/  200] trn/loss 1.317e+00, trn/lr 6.282e-01, trn/scale 1.007e-01, val/acc 5.946e-01, val/nll 1.461e+00
[2023-02-15 05:00:17] [Epoch    85/  200] trn/loss 1.302e+00, trn/lr 6.206e-01, trn/scale 1.007e-01, val/acc 6.153e-01, val/nll 1.365e+00 (best_acc: 6.038e-01 -> 6.153e-01, test_acc: 6.198e-01, test_nll: 1.351e+00)
[2023-02-15 05:00:25] [Epoch    86/  200] trn/loss 1.297e+00, trn/lr 6.129e-01, trn/scale 1.007e-01, val/acc 6.055e-01, val/nll 1.414e+00
[2023-02-15 05:00:33] [Epoch    87/  200] trn/loss 1.281e+00, trn/lr 6.053e-01, trn/scale 1.007e-01, val/acc 6.117e-01, val/nll 1.394e+00
[2023-02-15 05:00:41] [Epoch    88/  200] trn/loss 1.278e+00, trn/lr 5.976e-01, trn/scale 1.007e-01, val/acc 6.095e-01, val/nll 1.381e+00
[2023-02-15 05:00:49] [Epoch    89/  200] trn/loss 1.277e+00, trn/lr 5.899e-01, trn/scale 1.007e-01, val/acc 6.041e-01, val/nll 1.427e+00
[2023-02-15 05:00:58] [Epoch    90/  200] trn/loss 1.253e+00, trn/lr 5.821e-01, trn/scale 1.007e-01, val/acc 6.250e-01, val/nll 1.324e+00 (best_acc: 6.153e-01 -> 6.250e-01, test_acc: 6.306e-01, test_nll: 1.311e+00)
[2023-02-15 05:01:07] [Epoch    91/  200] trn/loss 1.260e+00, trn/lr 5.744e-01, trn/scale 1.007e-01, val/acc 6.202e-01, val/nll 1.365e+00
[2023-02-15 05:01:16] [Epoch    92/  200] trn/loss 1.247e+00, trn/lr 5.666e-01, trn/scale 1.007e-01, val/acc 6.273e-01, val/nll 1.325e+00 (best_acc: 6.250e-01 -> 6.273e-01, test_acc: 6.306e-01, test_nll: 1.319e+00)
[2023-02-15 05:01:24] [Epoch    93/  200] trn/loss 1.245e+00, trn/lr 5.588e-01, trn/scale 1.007e-01, val/acc 5.865e-01, val/nll 1.497e+00
[2023-02-15 05:01:33] [Epoch    94/  200] trn/loss 1.242e+00, trn/lr 5.510e-01, trn/scale 1.007e-01, val/acc 6.319e-01, val/nll 1.298e+00 (best_acc: 6.273e-01 -> 6.319e-01, test_acc: 6.297e-01, test_nll: 1.302e+00)
[2023-02-15 05:01:41] [Epoch    95/  200] trn/loss 1.213e+00, trn/lr 5.432e-01, trn/scale 1.007e-01, val/acc 6.088e-01, val/nll 1.387e+00
[2023-02-15 05:01:50] [Epoch    96/  200] trn/loss 1.223e+00, trn/lr 5.353e-01, trn/scale 1.007e-01, val/acc 6.367e-01, val/nll 1.311e+00 (best_acc: 6.319e-01 -> 6.367e-01, test_acc: 6.350e-01, test_nll: 1.301e+00)
[2023-02-15 05:01:59] [Epoch    97/  200] trn/loss 1.214e+00, trn/lr 5.275e-01, trn/scale 1.007e-01, val/acc 6.119e-01, val/nll 1.415e+00
[2023-02-15 05:02:07] [Epoch    98/  200] trn/loss 1.207e+00, trn/lr 5.197e-01, trn/scale 1.007e-01, val/acc 6.217e-01, val/nll 1.347e+00
[2023-02-15 05:02:15] [Epoch    99/  200] trn/loss 1.194e+00, trn/lr 5.118e-01, trn/scale 1.007e-01, val/acc 6.249e-01, val/nll 1.355e+00
[2023-02-15 05:02:23] [Epoch   100/  200] trn/loss 1.195e+00, trn/lr 5.040e-01, trn/scale 1.007e-01, val/acc 6.288e-01, val/nll 1.328e+00
[2023-02-15 05:02:31] [Epoch   101/  200] trn/loss 1.188e+00, trn/lr 4.961e-01, trn/scale 1.007e-01, val/acc 6.265e-01, val/nll 1.318e+00
[2023-02-15 05:02:40] [Epoch   102/  200] trn/loss 1.175e+00, trn/lr 4.882e-01, trn/scale 1.007e-01, val/acc 6.335e-01, val/nll 1.281e+00
[2023-02-15 05:02:49] [Epoch   103/  200] trn/loss 1.169e+00, trn/lr 4.804e-01, trn/scale 1.007e-01, val/acc 6.473e-01, val/nll 1.267e+00 (best_acc: 6.367e-01 -> 6.473e-01, test_acc: 6.390e-01, test_nll: 1.262e+00)
[2023-02-15 05:02:58] [Epoch   104/  200] trn/loss 1.157e+00, trn/lr 4.725e-01, trn/scale 1.007e-01, val/acc 6.497e-01, val/nll 1.249e+00 (best_acc: 6.473e-01 -> 6.497e-01, test_acc: 6.457e-01, test_nll: 1.247e+00)
[2023-02-15 05:03:06] [Epoch   105/  200] trn/loss 1.150e+00, trn/lr 4.647e-01, trn/scale 1.007e-01, val/acc 6.319e-01, val/nll 1.295e+00
[2023-02-15 05:03:15] [Epoch   106/  200] trn/loss 1.149e+00, trn/lr 4.569e-01, trn/scale 1.007e-01, val/acc 6.588e-01, val/nll 1.222e+00 (best_acc: 6.497e-01 -> 6.588e-01, test_acc: 6.610e-01, test_nll: 1.218e+00)
[2023-02-15 05:03:23] [Epoch   107/  200] trn/loss 1.135e+00, trn/lr 4.491e-01, trn/scale 1.007e-01, val/acc 6.315e-01, val/nll 1.323e+00
[2023-02-15 05:03:32] [Epoch   108/  200] trn/loss 1.143e+00, trn/lr 4.413e-01, trn/scale 1.007e-01, val/acc 6.451e-01, val/nll 1.276e+00
[2023-02-15 05:03:40] [Epoch   109/  200] trn/loss 1.135e+00, trn/lr 4.335e-01, trn/scale 1.007e-01, val/acc 6.390e-01, val/nll 1.287e+00
[2023-02-15 05:03:48] [Epoch   110/  200] trn/loss 1.109e+00, trn/lr 4.257e-01, trn/scale 1.007e-01, val/acc 6.588e-01, val/nll 1.216e+00
[2023-02-15 05:03:56] [Epoch   111/  200] trn/loss 1.112e+00, trn/lr 4.179e-01, trn/scale 1.007e-01, val/acc 6.532e-01, val/nll 1.256e+00
[2023-02-15 05:04:04] [Epoch   112/  200] trn/loss 1.107e+00, trn/lr 4.102e-01, trn/scale 1.007e-01, val/acc 6.330e-01, val/nll 1.299e+00
[2023-02-15 05:04:14] [Epoch   113/  200] trn/loss 1.095e+00, trn/lr 4.025e-01, trn/scale 1.007e-01, val/acc 6.610e-01, val/nll 1.196e+00 (best_acc: 6.588e-01 -> 6.610e-01, test_acc: 6.611e-01, test_nll: 1.189e+00)
[2023-02-15 05:04:23] [Epoch   114/  200] trn/loss 1.082e+00, trn/lr 3.948e-01, trn/scale 1.007e-01, val/acc 6.634e-01, val/nll 1.197e+00 (best_acc: 6.610e-01 -> 6.634e-01, test_acc: 6.565e-01, test_nll: 1.184e+00)
[2023-02-15 05:04:31] [Epoch   115/  200] trn/loss 1.079e+00, trn/lr 3.871e-01, trn/scale 1.007e-01, val/acc 6.490e-01, val/nll 1.239e+00
[2023-02-15 05:04:40] [Epoch   116/  200] trn/loss 1.076e+00, trn/lr 3.795e-01, trn/scale 1.007e-01, val/acc 6.692e-01, val/nll 1.188e+00 (best_acc: 6.634e-01 -> 6.692e-01, test_acc: 6.675e-01, test_nll: 1.176e+00)
[2023-02-15 05:04:48] [Epoch   117/  200] trn/loss 1.074e+00, trn/lr 3.719e-01, trn/scale 1.007e-01, val/acc 6.656e-01, val/nll 1.199e+00
[2023-02-15 05:04:57] [Epoch   118/  200] trn/loss 1.058e+00, trn/lr 3.643e-01, trn/scale 1.007e-01, val/acc 6.674e-01, val/nll 1.187e+00
[2023-02-15 05:05:06] [Epoch   119/  200] trn/loss 1.048e+00, trn/lr 3.568e-01, trn/scale 1.007e-01, val/acc 6.827e-01, val/nll 1.127e+00 (best_acc: 6.692e-01 -> 6.827e-01, test_acc: 6.854e-01, test_nll: 1.111e+00)
[2023-02-15 05:05:14] [Epoch   120/  200] trn/loss 1.031e+00, trn/lr 3.493e-01, trn/scale 1.007e-01, val/acc 6.692e-01, val/nll 1.189e+00
[2023-02-15 05:05:22] [Epoch   121/  200] trn/loss 1.033e+00, trn/lr 3.418e-01, trn/scale 1.007e-01, val/acc 6.712e-01, val/nll 1.159e+00
[2023-02-15 05:05:30] [Epoch   122/  200] trn/loss 1.015e+00, trn/lr 3.344e-01, trn/scale 1.007e-01, val/acc 6.726e-01, val/nll 1.147e+00
[2023-02-15 05:05:39] [Epoch   123/  200] trn/loss 1.010e+00, trn/lr 3.270e-01, trn/scale 1.007e-01, val/acc 6.752e-01, val/nll 1.128e+00
[2023-02-15 05:05:47] [Epoch   124/  200] trn/loss 1.001e+00, trn/lr 3.196e-01, trn/scale 1.007e-01, val/acc 6.808e-01, val/nll 1.139e+00
[2023-02-15 05:05:55] [Epoch   125/  200] trn/loss 9.878e-01, trn/lr 3.123e-01, trn/scale 1.007e-01, val/acc 6.782e-01, val/nll 1.129e+00
[2023-02-15 05:06:04] [Epoch   126/  200] trn/loss 9.857e-01, trn/lr 3.051e-01, trn/scale 1.007e-01, val/acc 6.853e-01, val/nll 1.123e+00 (best_acc: 6.827e-01 -> 6.853e-01, test_acc: 6.811e-01, test_nll: 1.115e+00)
[2023-02-15 05:06:13] [Epoch   127/  200] trn/loss 9.841e-01, trn/lr 2.979e-01, trn/scale 1.007e-01, val/acc 6.950e-01, val/nll 1.092e+00 (best_acc: 6.853e-01 -> 6.950e-01, test_acc: 6.863e-01, test_nll: 1.094e+00)
[2023-02-15 05:06:22] [Epoch   128/  200] trn/loss 9.700e-01, trn/lr 2.907e-01, trn/scale 1.007e-01, val/acc 6.790e-01, val/nll 1.137e+00
[2023-02-15 05:06:30] [Epoch   129/  200] trn/loss 9.622e-01, trn/lr 2.836e-01, trn/scale 1.007e-01, val/acc 6.719e-01, val/nll 1.167e+00
[2023-02-15 05:06:38] [Epoch   130/  200] trn/loss 9.534e-01, trn/lr 2.765e-01, trn/scale 1.007e-01, val/acc 6.868e-01, val/nll 1.099e+00
[2023-02-15 05:06:46] [Epoch   131/  200] trn/loss 9.489e-01, trn/lr 2.695e-01, trn/scale 1.007e-01, val/acc 6.821e-01, val/nll 1.114e+00
[2023-02-15 05:06:55] [Epoch   132/  200] trn/loss 9.386e-01, trn/lr 2.626e-01, trn/scale 1.007e-01, val/acc 6.966e-01, val/nll 1.083e+00 (best_acc: 6.950e-01 -> 6.966e-01, test_acc: 6.910e-01, test_nll: 1.089e+00)
[2023-02-15 05:07:05] [Epoch   133/  200] trn/loss 9.294e-01, trn/lr 2.557e-01, trn/scale 1.007e-01, val/acc 7.008e-01, val/nll 1.071e+00 (best_acc: 6.966e-01 -> 7.008e-01, test_acc: 6.971e-01, test_nll: 1.065e+00)
[2023-02-15 05:07:14] [Epoch   134/  200] trn/loss 9.095e-01, trn/lr 2.489e-01, trn/scale 1.007e-01, val/acc 7.053e-01, val/nll 1.029e+00 (best_acc: 7.008e-01 -> 7.053e-01, test_acc: 7.081e-01, test_nll: 1.024e+00)
[2023-02-15 05:07:22] [Epoch   135/  200] trn/loss 9.021e-01, trn/lr 2.421e-01, trn/scale 1.007e-01, val/acc 7.051e-01, val/nll 1.047e+00
[2023-02-15 05:07:31] [Epoch   136/  200] trn/loss 8.970e-01, trn/lr 2.354e-01, trn/scale 1.007e-01, val/acc 7.091e-01, val/nll 1.029e+00 (best_acc: 7.053e-01 -> 7.091e-01, test_acc: 7.067e-01, test_nll: 1.014e+00)
[2023-02-15 05:07:39] [Epoch   137/  200] trn/loss 8.975e-01, trn/lr 2.288e-01, trn/scale 1.007e-01, val/acc 6.912e-01, val/nll 1.102e+00
[2023-02-15 05:07:47] [Epoch   138/  200] trn/loss 8.885e-01, trn/lr 2.222e-01, trn/scale 1.007e-01, val/acc 7.083e-01, val/nll 1.037e+00
[2023-02-15 05:07:57] [Epoch   139/  200] trn/loss 8.702e-01, trn/lr 2.157e-01, trn/scale 1.007e-01, val/acc 7.110e-01, val/nll 1.040e+00 (best_acc: 7.091e-01 -> 7.110e-01, test_acc: 7.167e-01, test_nll: 1.032e+00)
[2023-02-15 05:08:05] [Epoch   140/  200] trn/loss 8.645e-01, trn/lr 2.093e-01, trn/scale 1.007e-01, val/acc 7.077e-01, val/nll 1.043e+00
[2023-02-15 05:08:14] [Epoch   141/  200] trn/loss 8.481e-01, trn/lr 2.030e-01, trn/scale 1.007e-01, val/acc 7.192e-01, val/nll 9.871e-01 (best_acc: 7.110e-01 -> 7.192e-01, test_acc: 7.146e-01, test_nll: 9.861e-01)
[2023-02-15 05:08:22] [Epoch   142/  200] trn/loss 8.410e-01, trn/lr 1.967e-01, trn/scale 1.007e-01, val/acc 7.165e-01, val/nll 9.925e-01
[2023-02-15 05:08:32] [Epoch   143/  200] trn/loss 8.446e-01, trn/lr 1.905e-01, trn/scale 1.007e-01, val/acc 7.198e-01, val/nll 1.000e+00 (best_acc: 7.192e-01 -> 7.198e-01, test_acc: 7.173e-01, test_nll: 9.965e-01)
[2023-02-15 05:08:41] [Epoch   144/  200] trn/loss 8.259e-01, trn/lr 1.843e-01, trn/scale 1.007e-01, val/acc 7.237e-01, val/nll 9.751e-01 (best_acc: 7.198e-01 -> 7.237e-01, test_acc: 7.226e-01, test_nll: 9.675e-01)
[2023-02-15 05:08:49] [Epoch   145/  200] trn/loss 8.226e-01, trn/lr 1.783e-01, trn/scale 1.007e-01, val/acc 7.216e-01, val/nll 9.978e-01
[2023-02-15 05:08:57] [Epoch   146/  200] trn/loss 8.113e-01, trn/lr 1.723e-01, trn/scale 1.007e-01, val/acc 7.198e-01, val/nll 9.933e-01
[2023-02-15 05:09:05] [Epoch   147/  200] trn/loss 8.008e-01, trn/lr 1.664e-01, trn/scale 1.007e-01, val/acc 7.166e-01, val/nll 9.897e-01
[2023-02-15 05:09:15] [Epoch   148/  200] trn/loss 8.019e-01, trn/lr 1.606e-01, trn/scale 1.007e-01, val/acc 7.337e-01, val/nll 9.470e-01 (best_acc: 7.237e-01 -> 7.337e-01, test_acc: 7.338e-01, test_nll: 9.432e-01)
[2023-02-15 05:09:23] [Epoch   149/  200] trn/loss 7.832e-01, trn/lr 1.549e-01, trn/scale 1.007e-01, val/acc 7.238e-01, val/nll 9.759e-01
[2023-02-15 05:09:31] [Epoch   150/  200] trn/loss 7.763e-01, trn/lr 1.493e-01, trn/scale 1.007e-01, val/acc 7.312e-01, val/nll 9.420e-01
[2023-02-15 05:09:39] [Epoch   151/  200] trn/loss 7.692e-01, trn/lr 1.437e-01, trn/scale 1.007e-01, val/acc 7.281e-01, val/nll 9.444e-01
[2023-02-15 05:09:47] [Epoch   152/  200] trn/loss 7.611e-01, trn/lr 1.382e-01, trn/scale 1.007e-01, val/acc 7.272e-01, val/nll 9.438e-01
[2023-02-15 05:09:56] [Epoch   153/  200] trn/loss 7.466e-01, trn/lr 1.329e-01, trn/scale 1.007e-01, val/acc 7.384e-01, val/nll 9.399e-01 (best_acc: 7.337e-01 -> 7.384e-01, test_acc: 7.355e-01, test_nll: 9.368e-01)
[2023-02-15 05:10:05] [Epoch   154/  200] trn/loss 7.395e-01, trn/lr 1.276e-01, trn/scale 1.007e-01, val/acc 7.357e-01, val/nll 9.261e-01
[2023-02-15 05:10:14] [Epoch   155/  200] trn/loss 7.347e-01, trn/lr 1.224e-01, trn/scale 1.007e-01, val/acc 7.388e-01, val/nll 9.327e-01 (best_acc: 7.384e-01 -> 7.388e-01, test_acc: 7.400e-01, test_nll: 9.316e-01)
[2023-02-15 05:10:23] [Epoch   156/  200] trn/loss 7.288e-01, trn/lr 1.173e-01, trn/scale 1.007e-01, val/acc 7.436e-01, val/nll 9.140e-01 (best_acc: 7.388e-01 -> 7.436e-01, test_acc: 7.413e-01, test_nll: 9.097e-01)
[2023-02-15 05:10:32] [Epoch   157/  200] trn/loss 7.176e-01, trn/lr 1.123e-01, trn/scale 1.007e-01, val/acc 7.468e-01, val/nll 8.933e-01 (best_acc: 7.436e-01 -> 7.468e-01, test_acc: 7.439e-01, test_nll: 8.947e-01)
[2023-02-15 05:10:41] [Epoch   158/  200] trn/loss 7.053e-01, trn/lr 1.074e-01, trn/scale 1.007e-01, val/acc 7.472e-01, val/nll 8.916e-01 (best_acc: 7.468e-01 -> 7.472e-01, test_acc: 7.454e-01, test_nll: 8.934e-01)
[2023-02-15 05:10:50] [Epoch   159/  200] trn/loss 7.043e-01, trn/lr 1.025e-01, trn/scale 1.007e-01, val/acc 7.499e-01, val/nll 8.767e-01 (best_acc: 7.472e-01 -> 7.499e-01, test_acc: 7.487e-01, test_nll: 8.791e-01)
[2023-02-15 05:10:58] [Epoch   160/  200] trn/loss 6.922e-01, trn/lr 9.783e-02, trn/scale 1.007e-01, val/acc 7.478e-01, val/nll 8.873e-01
[2023-02-15 05:11:06] [Epoch   161/  200] trn/loss 6.882e-01, trn/lr 9.321e-02, trn/scale 1.007e-01, val/acc 7.476e-01, val/nll 8.901e-01
[2023-02-15 05:11:16] [Epoch   162/  200] trn/loss 6.783e-01, trn/lr 8.870e-02, trn/scale 1.007e-01, val/acc 7.508e-01, val/nll 8.786e-01 (best_acc: 7.499e-01 -> 7.508e-01, test_acc: 7.498e-01, test_nll: 8.731e-01)
[2023-02-15 05:11:25] [Epoch   163/  200] trn/loss 6.728e-01, trn/lr 8.428e-02, trn/scale 1.008e-01, val/acc 7.548e-01, val/nll 8.644e-01 (best_acc: 7.508e-01 -> 7.548e-01, test_acc: 7.539e-01, test_nll: 8.652e-01)
[2023-02-15 05:11:34] [Epoch   164/  200] trn/loss 6.610e-01, trn/lr 7.997e-02, trn/scale 1.008e-01, val/acc 7.555e-01, val/nll 8.602e-01 (best_acc: 7.548e-01 -> 7.555e-01, test_acc: 7.525e-01, test_nll: 8.606e-01)
[2023-02-15 05:11:42] [Epoch   165/  200] trn/loss 6.533e-01, trn/lr 7.576e-02, trn/scale 1.008e-01, val/acc 7.551e-01, val/nll 8.618e-01
[2023-02-15 05:11:50] [Epoch   166/  200] trn/loss 6.438e-01, trn/lr 7.166e-02, trn/scale 1.008e-01, val/acc 7.551e-01, val/nll 8.663e-01
[2023-02-15 05:12:00] [Epoch   167/  200] trn/loss 6.382e-01, trn/lr 6.766e-02, trn/scale 1.008e-01, val/acc 7.585e-01, val/nll 8.610e-01 (best_acc: 7.555e-01 -> 7.585e-01, test_acc: 7.565e-01, test_nll: 8.533e-01)
[2023-02-15 05:12:09] [Epoch   168/  200] trn/loss 6.323e-01, trn/lr 6.377e-02, trn/scale 1.008e-01, val/acc 7.612e-01, val/nll 8.523e-01 (best_acc: 7.585e-01 -> 7.612e-01, test_acc: 7.592e-01, test_nll: 8.537e-01)
[2023-02-15 05:12:18] [Epoch   169/  200] trn/loss 6.246e-01, trn/lr 5.998e-02, trn/scale 1.008e-01, val/acc 7.633e-01, val/nll 8.412e-01 (best_acc: 7.612e-01 -> 7.633e-01, test_acc: 7.606e-01, test_nll: 8.392e-01)
[2023-02-15 05:12:26] [Epoch   170/  200] trn/loss 6.176e-01, trn/lr 5.631e-02, trn/scale 1.008e-01, val/acc 7.610e-01, val/nll 8.451e-01
[2023-02-15 05:12:34] [Epoch   171/  200] trn/loss 6.076e-01, trn/lr 5.274e-02, trn/scale 1.008e-01, val/acc 7.625e-01, val/nll 8.342e-01
[2023-02-15 05:12:42] [Epoch   172/  200] trn/loss 6.006e-01, trn/lr 4.929e-02, trn/scale 1.008e-01, val/acc 7.633e-01, val/nll 8.303e-01
[2023-02-15 05:12:52] [Epoch   173/  200] trn/loss 5.944e-01, trn/lr 4.594e-02, trn/scale 1.008e-01, val/acc 7.643e-01, val/nll 8.309e-01 (best_acc: 7.633e-01 -> 7.643e-01, test_acc: 7.657e-01, test_nll: 8.298e-01)
[2023-02-15 05:13:01] [Epoch   174/  200] trn/loss 5.868e-01, trn/lr 4.271e-02, trn/scale 1.008e-01, val/acc 7.655e-01, val/nll 8.263e-01 (best_acc: 7.643e-01 -> 7.655e-01, test_acc: 7.656e-01, test_nll: 8.280e-01)
[2023-02-15 05:13:10] [Epoch   175/  200] trn/loss 5.853e-01, trn/lr 3.959e-02, trn/scale 1.008e-01, val/acc 7.709e-01, val/nll 8.168e-01 (best_acc: 7.655e-01 -> 7.709e-01, test_acc: 7.679e-01, test_nll: 8.182e-01)
[2023-02-15 05:13:18] [Epoch   176/  200] trn/loss 5.763e-01, trn/lr 3.659e-02, trn/scale 1.008e-01, val/acc 7.654e-01, val/nll 8.169e-01
[2023-02-15 05:13:26] [Epoch   177/  200] trn/loss 5.718e-01, trn/lr 3.369e-02, trn/scale 1.008e-01, val/acc 7.666e-01, val/nll 8.139e-01
[2023-02-15 05:13:34] [Epoch   178/  200] trn/loss 5.658e-01, trn/lr 3.092e-02, trn/scale 1.008e-01, val/acc 7.689e-01, val/nll 8.098e-01
[2023-02-15 05:13:44] [Epoch   179/  200] trn/loss 5.602e-01, trn/lr 2.826e-02, trn/scale 1.008e-01, val/acc 7.731e-01, val/nll 8.056e-01 (best_acc: 7.709e-01 -> 7.731e-01, test_acc: 7.711e-01, test_nll: 8.068e-01)
[2023-02-15 05:13:52] [Epoch   180/  200] trn/loss 5.553e-01, trn/lr 2.571e-02, trn/scale 1.008e-01, val/acc 7.690e-01, val/nll 8.052e-01
[2023-02-15 05:14:00] [Epoch   181/  200] trn/loss 5.505e-01, trn/lr 2.329e-02, trn/scale 1.008e-01, val/acc 7.720e-01, val/nll 8.021e-01
[2023-02-15 05:14:10] [Epoch   182/  200] trn/loss 5.477e-01, trn/lr 2.098e-02, trn/scale 1.008e-01, val/acc 7.743e-01, val/nll 8.004e-01 (best_acc: 7.731e-01 -> 7.743e-01, test_acc: 7.748e-01, test_nll: 8.017e-01)
[2023-02-15 05:14:18] [Epoch   183/  200] trn/loss 5.412e-01, trn/lr 1.878e-02, trn/scale 1.008e-01, val/acc 7.742e-01, val/nll 7.965e-01
[2023-02-15 05:14:27] [Epoch   184/  200] trn/loss 5.403e-01, trn/lr 1.671e-02, trn/scale 1.008e-01, val/acc 7.752e-01, val/nll 7.962e-01 (best_acc: 7.743e-01 -> 7.752e-01, test_acc: 7.778e-01, test_nll: 7.971e-01)
[2023-02-15 05:14:35] [Epoch   185/  200] trn/loss 5.330e-01, trn/lr 1.476e-02, trn/scale 1.008e-01, val/acc 7.732e-01, val/nll 7.941e-01
[2023-02-15 05:14:43] [Epoch   186/  200] trn/loss 5.298e-01, trn/lr 1.292e-02, trn/scale 1.008e-01, val/acc 7.740e-01, val/nll 7.948e-01
[2023-02-15 05:14:52] [Epoch   187/  200] trn/loss 5.289e-01, trn/lr 1.121e-02, trn/scale 1.008e-01, val/acc 7.761e-01, val/nll 7.883e-01 (best_acc: 7.752e-01 -> 7.761e-01, test_acc: 7.743e-01, test_nll: 7.920e-01)
[2023-02-15 05:15:01] [Epoch   188/  200] trn/loss 5.253e-01, trn/lr 9.617e-03, trn/scale 1.008e-01, val/acc 7.746e-01, val/nll 7.897e-01
[2023-02-15 05:15:10] [Epoch   189/  200] trn/loss 5.228e-01, trn/lr 8.145e-03, trn/scale 1.008e-01, val/acc 7.763e-01, val/nll 7.861e-01 (best_acc: 7.761e-01 -> 7.763e-01, test_acc: 7.760e-01, test_nll: 7.874e-01)
[2023-02-15 05:15:18] [Epoch   190/  200] trn/loss 5.203e-01, trn/lr 6.794e-03, trn/scale 1.008e-01, val/acc 7.756e-01, val/nll 7.845e-01
[2023-02-15 05:15:26] [Epoch   191/  200] trn/loss 5.166e-01, trn/lr 5.565e-03, trn/scale 1.008e-01, val/acc 7.744e-01, val/nll 7.856e-01
[2023-02-15 05:15:35] [Epoch   192/  200] trn/loss 5.173e-01, trn/lr 4.458e-03, trn/scale 1.008e-01, val/acc 7.768e-01, val/nll 7.846e-01 (best_acc: 7.763e-01 -> 7.768e-01, test_acc: 7.785e-01, test_nll: 7.852e-01)
[2023-02-15 05:15:43] [Epoch   193/  200] trn/loss 5.123e-01, trn/lr 3.474e-03, trn/scale 1.008e-01, val/acc 7.753e-01, val/nll 7.854e-01
[2023-02-15 05:15:51] [Epoch   194/  200] trn/loss 5.140e-01, trn/lr 2.612e-03, trn/scale 1.008e-01, val/acc 7.759e-01, val/nll 7.815e-01
[2023-02-15 05:16:01] [Epoch   195/  200] trn/loss 5.133e-01, trn/lr 1.872e-03, trn/scale 1.008e-01, val/acc 7.773e-01, val/nll 7.831e-01 (best_acc: 7.768e-01 -> 7.773e-01, test_acc: 7.775e-01, test_nll: 7.837e-01)
[2023-02-15 05:16:09] [Epoch   196/  200] trn/loss 5.112e-01, trn/lr 1.255e-03, trn/scale 1.008e-01, val/acc 7.773e-01, val/nll 7.823e-01
[2023-02-15 05:16:17] [Epoch   197/  200] trn/loss 5.112e-01, trn/lr 7.619e-04, trn/scale 1.008e-01, val/acc 7.760e-01, val/nll 7.833e-01
[2023-02-15 05:16:25] [Epoch   198/  200] trn/loss 5.099e-01, trn/lr 3.916e-04, trn/scale 1.008e-01, val/acc 7.756e-01, val/nll 7.828e-01
[2023-02-15 05:16:33] [Epoch   199/  200] trn/loss 5.111e-01, trn/lr 1.445e-04, trn/scale 1.008e-01, val/acc 7.765e-01, val/nll 7.834e-01
[2023-02-15 05:16:41] [Epoch   200/  200] trn/loss 5.103e-01, trn/lr 2.075e-05, trn/scale 1.008e-01, val/acc 7.769e-01, val/nll 7.828e-01
