[2023-02-18 02:34:23] Environments:
------------  ------------------------------------------------------------
sys.platform  linux
Python        3.8.10 (default, Nov 14 2022, 12:59:47) [GCC 9.4.0]
JAX           0.4.2 @/home/giung/.local/lib/python3.8/site-packages/jax
jaxlib        0.4.2 @/home/giung/.local/lib/python3.8/site-packages/jaxlib
Flax          0.6.4 @/home/giung/.local/lib/python3.8/site-packages/flax
Optax         0.1.4 @/home/giung/.local/lib/python3.8/site-packages/optax
------------  ------------------------------------------------------------

[2023-02-18 02:34:23] Command line arguments:
- args.data_root          : ./data/
- args.data_name          : CIFAR100_x32
- args.data_augmentation  : standard
- args.data_proportional  : 1.0
- args.model_depth        : 20
- args.model_width        : 4
- args.model_style        : BN-ReLU
- args.optim_bs           : 256
- args.optim_ne           : 200
- args.optim_lr           : 0.001
- args.optim_b1           : 0.7
- args.optim_b2           : 0.999
- args.optim_eps          : 1e-08
- args.optim_weight_decay : 0.0003
- args.rho                : 0.03
- args.save               : /home/giung/giung2-dev/projects/sam/save/CIFAR100_x32/R20x4-BN-ReLU/SAM-Adam/bs-0256_ne-0200_lr-0.0010_mo-0.70_wd-0.0003_rho-0.0300_fp32/42
- args.seed               : 42
- args.precision          : fp32

[2023-02-18 02:34:29] Multiple local devices are detected:
[TpuDevice(id=0, process_index=0, coords=(0,0,0), core_on_chip=0), TpuDevice(id=1, process_index=0, coords=(0,0,0), core_on_chip=1), TpuDevice(id=2, process_index=0, coords=(1,0,0), core_on_chip=0), TpuDevice(id=3, process_index=0, coords=(1,0,0), core_on_chip=1), TpuDevice(id=4, process_index=0, coords=(0,1,0), core_on_chip=0), TpuDevice(id=5, process_index=0, coords=(0,1,0), core_on_chip=1), TpuDevice(id=6, process_index=0, coords=(1,1,0), core_on_chip=0), TpuDevice(id=7, process_index=0, coords=(1,1,0), core_on_chip=1)]

[2023-02-18 02:35:30] [Epoch     1/  200] trn/loss 3.796e+00, trn/lr 1.000e-03, val/acc 1.836e-01, val/nll 3.509e+00 (best_acc: 0.000e+00 -> 1.836e-01, test_acc: 1.914e-01, test_nll: 3.467e+00)
[2023-02-18 02:35:39] [Epoch     2/  200] trn/loss 3.001e+00, trn/lr 9.999e-04, val/acc 2.497e-01, val/nll 3.113e+00 (best_acc: 1.836e-01 -> 2.497e-01, test_acc: 2.568e-01, test_nll: 3.060e+00)
[2023-02-18 02:35:47] [Epoch     3/  200] trn/loss 2.530e+00, trn/lr 9.996e-04, val/acc 3.461e-01, val/nll 2.610e+00 (best_acc: 2.497e-01 -> 3.461e-01, test_acc: 3.494e-01, test_nll: 2.571e+00)
[2023-02-18 02:35:55] [Epoch     4/  200] trn/loss 2.208e+00, trn/lr 9.992e-04, val/acc 3.802e-01, val/nll 2.442e+00 (best_acc: 3.461e-01 -> 3.802e-01, test_acc: 3.953e-01, test_nll: 2.405e+00)
[2023-02-18 02:36:03] [Epoch     5/  200] trn/loss 1.972e+00, trn/lr 9.987e-04, val/acc 4.187e-01, val/nll 2.275e+00 (best_acc: 3.802e-01 -> 4.187e-01, test_acc: 4.225e-01, test_nll: 2.273e+00)
[2023-02-18 02:36:11] [Epoch     6/  200] trn/loss 1.806e+00, trn/lr 9.981e-04, val/acc 3.738e-01, val/nll 2.727e+00
[2023-02-18 02:36:19] [Epoch     7/  200] trn/loss 1.665e+00, trn/lr 9.974e-04, val/acc 4.626e-01, val/nll 2.057e+00 (best_acc: 4.187e-01 -> 4.626e-01, test_acc: 4.641e-01, test_nll: 2.067e+00)
[2023-02-18 02:36:26] [Epoch     8/  200] trn/loss 1.555e+00, trn/lr 9.965e-04, val/acc 4.539e-01, val/nll 2.158e+00
[2023-02-18 02:36:35] [Epoch     9/  200] trn/loss 1.465e+00, trn/lr 9.955e-04, val/acc 5.192e-01, val/nll 1.832e+00 (best_acc: 4.626e-01 -> 5.192e-01, test_acc: 5.220e-01, test_nll: 1.793e+00)
[2023-02-18 02:36:43] [Epoch    10/  200] trn/loss 1.389e+00, trn/lr 9.944e-04, val/acc 5.347e-01, val/nll 1.719e+00 (best_acc: 5.192e-01 -> 5.347e-01, test_acc: 5.402e-01, test_nll: 1.697e+00)
[2023-02-18 02:36:50] [Epoch    11/  200] trn/loss 1.314e+00, trn/lr 9.932e-04, val/acc 5.288e-01, val/nll 1.838e+00
[2023-02-18 02:36:57] [Epoch    12/  200] trn/loss 1.237e+00, trn/lr 9.919e-04, val/acc 5.308e-01, val/nll 1.774e+00
[2023-02-18 02:37:04] [Epoch    13/  200] trn/loss 1.193e+00, trn/lr 9.904e-04, val/acc 4.968e-01, val/nll 2.015e+00
[2023-02-18 02:37:13] [Epoch    14/  200] trn/loss 1.150e+00, trn/lr 9.888e-04, val/acc 5.660e-01, val/nll 1.602e+00 (best_acc: 5.347e-01 -> 5.660e-01, test_acc: 5.687e-01, test_nll: 1.600e+00)
[2023-02-18 02:37:21] [Epoch    15/  200] trn/loss 1.092e+00, trn/lr 9.871e-04, val/acc 5.705e-01, val/nll 1.642e+00 (best_acc: 5.660e-01 -> 5.705e-01, test_acc: 5.716e-01, test_nll: 1.611e+00)
[2023-02-18 02:37:28] [Epoch    16/  200] trn/loss 1.058e+00, trn/lr 9.853e-04, val/acc 4.968e-01, val/nll 2.060e+00
[2023-02-18 02:37:37] [Epoch    17/  200] trn/loss 1.017e+00, trn/lr 9.833e-04, val/acc 6.000e-01, val/nll 1.526e+00 (best_acc: 5.705e-01 -> 6.000e-01, test_acc: 5.991e-01, test_nll: 1.529e+00)
[2023-02-18 02:37:44] [Epoch    18/  200] trn/loss 9.701e-01, trn/lr 9.812e-04, val/acc 5.732e-01, val/nll 1.642e+00
[2023-02-18 02:37:51] [Epoch    19/  200] trn/loss 9.422e-01, trn/lr 9.790e-04, val/acc 5.978e-01, val/nll 1.507e+00
[2023-02-18 02:37:58] [Epoch    20/  200] trn/loss 9.113e-01, trn/lr 9.767e-04, val/acc 5.843e-01, val/nll 1.590e+00
[2023-02-18 02:38:06] [Epoch    21/  200] trn/loss 8.865e-01, trn/lr 9.743e-04, val/acc 6.056e-01, val/nll 1.513e+00 (best_acc: 6.000e-01 -> 6.056e-01, test_acc: 6.040e-01, test_nll: 1.517e+00)
[2023-02-18 02:38:14] [Epoch    22/  200] trn/loss 8.476e-01, trn/lr 9.718e-04, val/acc 6.037e-01, val/nll 1.461e+00
[2023-02-18 02:38:21] [Epoch    23/  200] trn/loss 8.267e-01, trn/lr 9.691e-04, val/acc 5.927e-01, val/nll 1.583e+00
[2023-02-18 02:38:29] [Epoch    24/  200] trn/loss 8.024e-01, trn/lr 9.663e-04, val/acc 6.100e-01, val/nll 1.487e+00 (best_acc: 6.056e-01 -> 6.100e-01, test_acc: 6.201e-01, test_nll: 1.440e+00)
[2023-02-18 02:38:37] [Epoch    25/  200] trn/loss 7.744e-01, trn/lr 9.634e-04, val/acc 6.129e-01, val/nll 1.452e+00 (best_acc: 6.100e-01 -> 6.129e-01, test_acc: 6.223e-01, test_nll: 1.436e+00)
[2023-02-18 02:38:45] [Epoch    26/  200] trn/loss 7.567e-01, trn/lr 9.604e-04, val/acc 6.295e-01, val/nll 1.478e+00 (best_acc: 6.129e-01 -> 6.295e-01, test_acc: 6.214e-01, test_nll: 1.467e+00)
[2023-02-18 02:38:53] [Epoch    27/  200] trn/loss 7.221e-01, trn/lr 9.573e-04, val/acc 6.076e-01, val/nll 1.546e+00
[2023-02-18 02:39:00] [Epoch    28/  200] trn/loss 7.078e-01, trn/lr 9.541e-04, val/acc 6.171e-01, val/nll 1.487e+00
[2023-02-18 02:39:07] [Epoch    29/  200] trn/loss 6.849e-01, trn/lr 9.507e-04, val/acc 6.265e-01, val/nll 1.444e+00
[2023-02-18 02:39:14] [Epoch    30/  200] trn/loss 6.747e-01, trn/lr 9.473e-04, val/acc 6.263e-01, val/nll 1.478e+00
[2023-02-18 02:39:22] [Epoch    31/  200] trn/loss 6.540e-01, trn/lr 9.437e-04, val/acc 6.103e-01, val/nll 1.522e+00
[2023-02-18 02:39:29] [Epoch    32/  200] trn/loss 6.348e-01, trn/lr 9.400e-04, val/acc 6.225e-01, val/nll 1.475e+00
[2023-02-18 02:39:36] [Epoch    33/  200] trn/loss 6.181e-01, trn/lr 9.363e-04, val/acc 6.206e-01, val/nll 1.561e+00
[2023-02-18 02:39:43] [Epoch    34/  200] trn/loss 6.050e-01, trn/lr 9.324e-04, val/acc 5.888e-01, val/nll 1.726e+00
[2023-02-18 02:39:51] [Epoch    35/  200] trn/loss 5.894e-01, trn/lr 9.284e-04, val/acc 6.149e-01, val/nll 1.559e+00
[2023-02-18 02:39:58] [Epoch    36/  200] trn/loss 5.707e-01, trn/lr 9.243e-04, val/acc 6.049e-01, val/nll 1.602e+00
[2023-02-18 02:40:05] [Epoch    37/  200] trn/loss 5.527e-01, trn/lr 9.201e-04, val/acc 6.233e-01, val/nll 1.565e+00
[2023-02-18 02:40:14] [Epoch    38/  200] trn/loss 5.371e-01, trn/lr 9.157e-04, val/acc 6.347e-01, val/nll 1.444e+00 (best_acc: 6.295e-01 -> 6.347e-01, test_acc: 6.415e-01, test_nll: 1.428e+00)
[2023-02-18 02:40:21] [Epoch    39/  200] trn/loss 5.371e-01, trn/lr 9.113e-04, val/acc 6.133e-01, val/nll 1.725e+00
[2023-02-18 02:40:28] [Epoch    40/  200] trn/loss 5.149e-01, trn/lr 9.068e-04, val/acc 6.342e-01, val/nll 1.490e+00
[2023-02-18 02:40:35] [Epoch    41/  200] trn/loss 5.064e-01, trn/lr 9.022e-04, val/acc 6.210e-01, val/nll 1.586e+00
[2023-02-18 02:40:44] [Epoch    42/  200] trn/loss 4.879e-01, trn/lr 8.975e-04, val/acc 6.522e-01, val/nll 1.360e+00 (best_acc: 6.347e-01 -> 6.522e-01, test_acc: 6.574e-01, test_nll: 1.340e+00)
[2023-02-18 02:40:51] [Epoch    43/  200] trn/loss 4.786e-01, trn/lr 8.927e-04, val/acc 6.365e-01, val/nll 1.504e+00
[2023-02-18 02:40:58] [Epoch    44/  200] trn/loss 4.661e-01, trn/lr 8.878e-04, val/acc 6.136e-01, val/nll 1.627e+00
[2023-02-18 02:41:05] [Epoch    45/  200] trn/loss 4.537e-01, trn/lr 8.828e-04, val/acc 6.468e-01, val/nll 1.441e+00
[2023-02-18 02:41:12] [Epoch    46/  200] trn/loss 4.573e-01, trn/lr 8.777e-04, val/acc 6.363e-01, val/nll 1.520e+00
[2023-02-18 02:41:20] [Epoch    47/  200] trn/loss 4.426e-01, trn/lr 8.725e-04, val/acc 6.478e-01, val/nll 1.438e+00
[2023-02-18 02:41:28] [Epoch    48/  200] trn/loss 4.213e-01, trn/lr 8.672e-04, val/acc 6.596e-01, val/nll 1.400e+00 (best_acc: 6.522e-01 -> 6.596e-01, test_acc: 6.587e-01, test_nll: 1.391e+00)
[2023-02-18 02:41:35] [Epoch    49/  200] trn/loss 4.232e-01, trn/lr 8.618e-04, val/acc 6.353e-01, val/nll 1.545e+00
[2023-02-18 02:41:42] [Epoch    50/  200] trn/loss 4.073e-01, trn/lr 8.563e-04, val/acc 6.338e-01, val/nll 1.564e+00
[2023-02-18 02:41:50] [Epoch    51/  200] trn/loss 4.107e-01, trn/lr 8.508e-04, val/acc 6.265e-01, val/nll 1.588e+00
[2023-02-18 02:41:57] [Epoch    52/  200] trn/loss 3.897e-01, trn/lr 8.451e-04, val/acc 6.262e-01, val/nll 1.653e+00
[2023-02-18 02:42:04] [Epoch    53/  200] trn/loss 3.812e-01, trn/lr 8.394e-04, val/acc 6.331e-01, val/nll 1.576e+00
[2023-02-18 02:42:11] [Epoch    54/  200] trn/loss 3.800e-01, trn/lr 8.336e-04, val/acc 6.424e-01, val/nll 1.514e+00
[2023-02-18 02:42:19] [Epoch    55/  200] trn/loss 3.641e-01, trn/lr 8.277e-04, val/acc 6.448e-01, val/nll 1.551e+00
[2023-02-18 02:42:26] [Epoch    56/  200] trn/loss 3.662e-01, trn/lr 8.217e-04, val/acc 6.447e-01, val/nll 1.526e+00
[2023-02-18 02:42:33] [Epoch    57/  200] trn/loss 3.576e-01, trn/lr 8.157e-04, val/acc 6.313e-01, val/nll 1.578e+00
[2023-02-18 02:42:40] [Epoch    58/  200] trn/loss 3.440e-01, trn/lr 8.096e-04, val/acc 6.310e-01, val/nll 1.625e+00
[2023-02-18 02:42:48] [Epoch    59/  200] trn/loss 3.341e-01, trn/lr 8.034e-04, val/acc 6.480e-01, val/nll 1.529e+00
[2023-02-18 02:42:55] [Epoch    60/  200] trn/loss 3.316e-01, trn/lr 7.971e-04, val/acc 6.371e-01, val/nll 1.563e+00
[2023-02-18 02:43:02] [Epoch    61/  200] trn/loss 3.241e-01, trn/lr 7.907e-04, val/acc 6.273e-01, val/nll 1.619e+00
[2023-02-18 02:43:10] [Epoch    62/  200] trn/loss 3.215e-01, trn/lr 7.843e-04, val/acc 6.558e-01, val/nll 1.447e+00
[2023-02-18 02:43:17] [Epoch    63/  200] trn/loss 3.168e-01, trn/lr 7.778e-04, val/acc 6.415e-01, val/nll 1.617e+00
[2023-02-18 02:43:24] [Epoch    64/  200] trn/loss 3.098e-01, trn/lr 7.712e-04, val/acc 6.439e-01, val/nll 1.567e+00
[2023-02-18 02:43:31] [Epoch    65/  200] trn/loss 3.036e-01, trn/lr 7.646e-04, val/acc 6.510e-01, val/nll 1.513e+00
[2023-02-18 02:43:39] [Epoch    66/  200] trn/loss 2.981e-01, trn/lr 7.579e-04, val/acc 6.427e-01, val/nll 1.606e+00
[2023-02-18 02:43:46] [Epoch    67/  200] trn/loss 2.855e-01, trn/lr 7.512e-04, val/acc 6.541e-01, val/nll 1.510e+00
[2023-02-18 02:43:53] [Epoch    68/  200] trn/loss 2.854e-01, trn/lr 7.443e-04, val/acc 6.413e-01, val/nll 1.533e+00
[2023-02-18 02:44:00] [Epoch    69/  200] trn/loss 2.799e-01, trn/lr 7.374e-04, val/acc 6.524e-01, val/nll 1.553e+00
[2023-02-18 02:44:09] [Epoch    70/  200] trn/loss 2.745e-01, trn/lr 7.305e-04, val/acc 6.625e-01, val/nll 1.473e+00 (best_acc: 6.596e-01 -> 6.625e-01, test_acc: 6.769e-01, test_nll: 1.413e+00)
[2023-02-18 02:44:16] [Epoch    71/  200] trn/loss 2.633e-01, trn/lr 7.235e-04, val/acc 6.614e-01, val/nll 1.507e+00
[2023-02-18 02:44:24] [Epoch    72/  200] trn/loss 2.728e-01, trn/lr 7.165e-04, val/acc 6.706e-01, val/nll 1.417e+00 (best_acc: 6.625e-01 -> 6.706e-01, test_acc: 6.700e-01, test_nll: 1.398e+00)
[2023-02-18 02:44:31] [Epoch    73/  200] trn/loss 2.573e-01, trn/lr 7.094e-04, val/acc 6.521e-01, val/nll 1.552e+00
[2023-02-18 02:44:38] [Epoch    74/  200] trn/loss 2.486e-01, trn/lr 7.022e-04, val/acc 6.591e-01, val/nll 1.556e+00
[2023-02-18 02:44:46] [Epoch    75/  200] trn/loss 2.525e-01, trn/lr 6.950e-04, val/acc 6.643e-01, val/nll 1.453e+00
[2023-02-18 02:44:53] [Epoch    76/  200] trn/loss 2.438e-01, trn/lr 6.877e-04, val/acc 6.576e-01, val/nll 1.527e+00
[2023-02-18 02:45:00] [Epoch    77/  200] trn/loss 2.392e-01, trn/lr 6.804e-04, val/acc 6.490e-01, val/nll 1.589e+00
[2023-02-18 02:45:07] [Epoch    78/  200] trn/loss 2.372e-01, trn/lr 6.731e-04, val/acc 6.600e-01, val/nll 1.512e+00
[2023-02-18 02:45:15] [Epoch    79/  200] trn/loss 2.279e-01, trn/lr 6.657e-04, val/acc 6.591e-01, val/nll 1.534e+00
[2023-02-18 02:45:22] [Epoch    80/  200] trn/loss 2.249e-01, trn/lr 6.583e-04, val/acc 6.369e-01, val/nll 1.673e+00
[2023-02-18 02:45:29] [Epoch    81/  200] trn/loss 2.189e-01, trn/lr 6.508e-04, val/acc 6.600e-01, val/nll 1.485e+00
[2023-02-18 02:45:37] [Epoch    82/  200] trn/loss 2.139e-01, trn/lr 6.433e-04, val/acc 6.750e-01, val/nll 1.475e+00 (best_acc: 6.706e-01 -> 6.750e-01, test_acc: 6.823e-01, test_nll: 1.472e+00)
[2023-02-18 02:45:45] [Epoch    83/  200] trn/loss 2.209e-01, trn/lr 6.357e-04, val/acc 6.674e-01, val/nll 1.483e+00
[2023-02-18 02:45:53] [Epoch    84/  200] trn/loss 2.141e-01, trn/lr 6.282e-04, val/acc 6.773e-01, val/nll 1.364e+00 (best_acc: 6.750e-01 -> 6.773e-01, test_acc: 6.755e-01, test_nll: 1.369e+00)
[2023-02-18 02:46:00] [Epoch    85/  200] trn/loss 2.001e-01, trn/lr 6.206e-04, val/acc 6.649e-01, val/nll 1.494e+00
[2023-02-18 02:46:07] [Epoch    86/  200] trn/loss 1.992e-01, trn/lr 6.129e-04, val/acc 6.701e-01, val/nll 1.462e+00
[2023-02-18 02:46:15] [Epoch    87/  200] trn/loss 1.915e-01, trn/lr 6.053e-04, val/acc 6.626e-01, val/nll 1.531e+00
[2023-02-18 02:46:22] [Epoch    88/  200] trn/loss 1.899e-01, trn/lr 5.976e-04, val/acc 6.669e-01, val/nll 1.486e+00
[2023-02-18 02:46:29] [Epoch    89/  200] trn/loss 1.942e-01, trn/lr 5.899e-04, val/acc 6.634e-01, val/nll 1.523e+00
[2023-02-18 02:46:36] [Epoch    90/  200] trn/loss 1.786e-01, trn/lr 5.821e-04, val/acc 6.748e-01, val/nll 1.455e+00
[2023-02-18 02:46:44] [Epoch    91/  200] trn/loss 1.825e-01, trn/lr 5.744e-04, val/acc 6.802e-01, val/nll 1.416e+00 (best_acc: 6.773e-01 -> 6.802e-01, test_acc: 6.785e-01, test_nll: 1.416e+00)
[2023-02-18 02:46:52] [Epoch    92/  200] trn/loss 1.722e-01, trn/lr 5.666e-04, val/acc 6.791e-01, val/nll 1.458e+00
[2023-02-18 02:46:59] [Epoch    93/  200] trn/loss 1.754e-01, trn/lr 5.588e-04, val/acc 6.753e-01, val/nll 1.456e+00
[2023-02-18 02:47:06] [Epoch    94/  200] trn/loss 1.686e-01, trn/lr 5.510e-04, val/acc 6.560e-01, val/nll 1.549e+00
[2023-02-18 02:47:13] [Epoch    95/  200] trn/loss 1.563e-01, trn/lr 5.432e-04, val/acc 6.747e-01, val/nll 1.500e+00
[2023-02-18 02:47:21] [Epoch    96/  200] trn/loss 1.645e-01, trn/lr 5.353e-04, val/acc 6.767e-01, val/nll 1.444e+00
[2023-02-18 02:47:28] [Epoch    97/  200] trn/loss 1.569e-01, trn/lr 5.275e-04, val/acc 6.753e-01, val/nll 1.477e+00
[2023-02-18 02:47:35] [Epoch    98/  200] trn/loss 1.526e-01, trn/lr 5.197e-04, val/acc 6.761e-01, val/nll 1.469e+00
[2023-02-18 02:47:42] [Epoch    99/  200] trn/loss 1.435e-01, trn/lr 5.118e-04, val/acc 6.704e-01, val/nll 1.517e+00
[2023-02-18 02:47:50] [Epoch   100/  200] trn/loss 1.462e-01, trn/lr 5.040e-04, val/acc 6.740e-01, val/nll 1.439e+00
[2023-02-18 02:47:58] [Epoch   101/  200] trn/loss 1.426e-01, trn/lr 4.961e-04, val/acc 6.838e-01, val/nll 1.428e+00 (best_acc: 6.802e-01 -> 6.838e-01, test_acc: 6.850e-01, test_nll: 1.400e+00)
[2023-02-18 02:48:06] [Epoch   102/  200] trn/loss 1.428e-01, trn/lr 4.882e-04, val/acc 6.852e-01, val/nll 1.405e+00 (best_acc: 6.838e-01 -> 6.852e-01, test_acc: 6.842e-01, test_nll: 1.397e+00)
[2023-02-18 02:48:13] [Epoch   103/  200] trn/loss 1.364e-01, trn/lr 4.804e-04, val/acc 6.764e-01, val/nll 1.433e+00
[2023-02-18 02:48:21] [Epoch   104/  200] trn/loss 1.341e-01, trn/lr 4.725e-04, val/acc 6.838e-01, val/nll 1.412e+00
[2023-02-18 02:48:29] [Epoch   105/  200] trn/loss 1.314e-01, trn/lr 4.647e-04, val/acc 6.855e-01, val/nll 1.414e+00 (best_acc: 6.852e-01 -> 6.855e-01, test_acc: 6.843e-01, test_nll: 1.418e+00)
[2023-02-18 02:48:36] [Epoch   106/  200] trn/loss 1.252e-01, trn/lr 4.569e-04, val/acc 6.814e-01, val/nll 1.424e+00
[2023-02-18 02:48:44] [Epoch   107/  200] trn/loss 1.268e-01, trn/lr 4.491e-04, val/acc 6.775e-01, val/nll 1.448e+00
[2023-02-18 02:48:52] [Epoch   108/  200] trn/loss 1.192e-01, trn/lr 4.413e-04, val/acc 6.871e-01, val/nll 1.383e+00 (best_acc: 6.855e-01 -> 6.871e-01, test_acc: 6.922e-01, test_nll: 1.391e+00)
[2023-02-18 02:49:00] [Epoch   109/  200] trn/loss 1.128e-01, trn/lr 4.335e-04, val/acc 6.927e-01, val/nll 1.385e+00 (best_acc: 6.871e-01 -> 6.927e-01, test_acc: 6.919e-01, test_nll: 1.392e+00)
[2023-02-18 02:49:07] [Epoch   110/  200] trn/loss 1.135e-01, trn/lr 4.257e-04, val/acc 6.872e-01, val/nll 1.376e+00
[2023-02-18 02:49:15] [Epoch   111/  200] trn/loss 1.070e-01, trn/lr 4.179e-04, val/acc 6.944e-01, val/nll 1.373e+00 (best_acc: 6.927e-01 -> 6.944e-01, test_acc: 6.969e-01, test_nll: 1.355e+00)
[2023-02-18 02:49:23] [Epoch   112/  200] trn/loss 1.074e-01, trn/lr 4.102e-04, val/acc 6.928e-01, val/nll 1.392e+00
[2023-02-18 02:49:30] [Epoch   113/  200] trn/loss 1.057e-01, trn/lr 4.025e-04, val/acc 6.771e-01, val/nll 1.477e+00
[2023-02-18 02:49:37] [Epoch   114/  200] trn/loss 1.022e-01, trn/lr 3.948e-04, val/acc 6.798e-01, val/nll 1.454e+00
[2023-02-18 02:49:44] [Epoch   115/  200] trn/loss 9.921e-02, trn/lr 3.871e-04, val/acc 6.699e-01, val/nll 1.549e+00
[2023-02-18 02:49:52] [Epoch   116/  200] trn/loss 9.739e-02, trn/lr 3.795e-04, val/acc 6.917e-01, val/nll 1.409e+00
[2023-02-18 02:49:59] [Epoch   117/  200] trn/loss 9.207e-02, trn/lr 3.719e-04, val/acc 6.884e-01, val/nll 1.446e+00
[2023-02-18 02:50:06] [Epoch   118/  200] trn/loss 9.154e-02, trn/lr 3.643e-04, val/acc 6.837e-01, val/nll 1.418e+00
[2023-02-18 02:50:13] [Epoch   119/  200] trn/loss 8.882e-02, trn/lr 3.568e-04, val/acc 6.842e-01, val/nll 1.471e+00
[2023-02-18 02:50:21] [Epoch   120/  200] trn/loss 8.526e-02, trn/lr 3.493e-04, val/acc 6.896e-01, val/nll 1.393e+00
[2023-02-18 02:50:29] [Epoch   121/  200] trn/loss 8.238e-02, trn/lr 3.418e-04, val/acc 6.983e-01, val/nll 1.338e+00 (best_acc: 6.944e-01 -> 6.983e-01, test_acc: 7.039e-01, test_nll: 1.337e+00)
[2023-02-18 02:50:36] [Epoch   122/  200] trn/loss 8.496e-02, trn/lr 3.344e-04, val/acc 6.951e-01, val/nll 1.385e+00
[2023-02-18 02:50:43] [Epoch   123/  200] trn/loss 8.557e-02, trn/lr 3.270e-04, val/acc 6.936e-01, val/nll 1.371e+00
[2023-02-18 02:50:51] [Epoch   124/  200] trn/loss 7.658e-02, trn/lr 3.196e-04, val/acc 6.923e-01, val/nll 1.386e+00
[2023-02-18 02:50:58] [Epoch   125/  200] trn/loss 7.162e-02, trn/lr 3.123e-04, val/acc 6.945e-01, val/nll 1.403e+00
[2023-02-18 02:51:05] [Epoch   126/  200] trn/loss 7.050e-02, trn/lr 3.051e-04, val/acc 6.963e-01, val/nll 1.352e+00
[2023-02-18 02:51:13] [Epoch   127/  200] trn/loss 6.833e-02, trn/lr 2.979e-04, val/acc 7.043e-01, val/nll 1.318e+00 (best_acc: 6.983e-01 -> 7.043e-01, test_acc: 7.066e-01, test_nll: 1.296e+00)
[2023-02-18 02:51:22] [Epoch   128/  200] trn/loss 6.708e-02, trn/lr 2.907e-04, val/acc 7.050e-01, val/nll 1.318e+00 (best_acc: 7.043e-01 -> 7.050e-01, test_acc: 7.086e-01, test_nll: 1.298e+00)
[2023-02-18 02:51:29] [Epoch   129/  200] trn/loss 6.388e-02, trn/lr 2.836e-04, val/acc 6.955e-01, val/nll 1.358e+00
[2023-02-18 02:51:36] [Epoch   130/  200] trn/loss 6.088e-02, trn/lr 2.765e-04, val/acc 6.949e-01, val/nll 1.363e+00
[2023-02-18 02:51:44] [Epoch   131/  200] trn/loss 6.005e-02, trn/lr 2.695e-04, val/acc 7.058e-01, val/nll 1.335e+00 (best_acc: 7.050e-01 -> 7.058e-01, test_acc: 7.072e-01, test_nll: 1.320e+00)
[2023-02-18 02:51:53] [Epoch   132/  200] trn/loss 5.652e-02, trn/lr 2.626e-04, val/acc 7.103e-01, val/nll 1.300e+00 (best_acc: 7.058e-01 -> 7.103e-01, test_acc: 7.101e-01, test_nll: 1.305e+00)
[2023-02-18 02:52:00] [Epoch   133/  200] trn/loss 5.443e-02, trn/lr 2.557e-04, val/acc 7.058e-01, val/nll 1.310e+00
[2023-02-18 02:52:07] [Epoch   134/  200] trn/loss 5.354e-02, trn/lr 2.489e-04, val/acc 7.032e-01, val/nll 1.323e+00
[2023-02-18 02:52:14] [Epoch   135/  200] trn/loss 5.056e-02, trn/lr 2.421e-04, val/acc 7.092e-01, val/nll 1.300e+00
[2023-02-18 02:52:22] [Epoch   136/  200] trn/loss 5.193e-02, trn/lr 2.354e-04, val/acc 7.092e-01, val/nll 1.276e+00
[2023-02-18 02:52:30] [Epoch   137/  200] trn/loss 4.745e-02, trn/lr 2.288e-04, val/acc 7.105e-01, val/nll 1.286e+00 (best_acc: 7.103e-01 -> 7.105e-01, test_acc: 7.174e-01, test_nll: 1.280e+00)
[2023-02-18 02:52:38] [Epoch   138/  200] trn/loss 4.704e-02, trn/lr 2.222e-04, val/acc 7.107e-01, val/nll 1.294e+00 (best_acc: 7.105e-01 -> 7.107e-01, test_acc: 7.170e-01, test_nll: 1.275e+00)
[2023-02-18 02:52:45] [Epoch   139/  200] trn/loss 4.386e-02, trn/lr 2.157e-04, val/acc 7.046e-01, val/nll 1.293e+00
[2023-02-18 02:52:54] [Epoch   140/  200] trn/loss 4.091e-02, trn/lr 2.093e-04, val/acc 7.116e-01, val/nll 1.277e+00 (best_acc: 7.107e-01 -> 7.116e-01, test_acc: 7.124e-01, test_nll: 1.266e+00)
[2023-02-18 02:53:01] [Epoch   141/  200] trn/loss 4.248e-02, trn/lr 2.030e-04, val/acc 7.100e-01, val/nll 1.291e+00
[2023-02-18 02:53:08] [Epoch   142/  200] trn/loss 3.998e-02, trn/lr 1.967e-04, val/acc 7.045e-01, val/nll 1.309e+00
[2023-02-18 02:53:15] [Epoch   143/  200] trn/loss 4.026e-02, trn/lr 1.905e-04, val/acc 7.105e-01, val/nll 1.278e+00
[2023-02-18 02:53:24] [Epoch   144/  200] trn/loss 3.756e-02, trn/lr 1.843e-04, val/acc 7.123e-01, val/nll 1.277e+00 (best_acc: 7.116e-01 -> 7.123e-01, test_acc: 7.168e-01, test_nll: 1.275e+00)
[2023-02-18 02:53:32] [Epoch   145/  200] trn/loss 3.549e-02, trn/lr 1.783e-04, val/acc 7.137e-01, val/nll 1.311e+00 (best_acc: 7.123e-01 -> 7.137e-01, test_acc: 7.178e-01, test_nll: 1.270e+00)
[2023-02-18 02:53:40] [Epoch   146/  200] trn/loss 3.430e-02, trn/lr 1.723e-04, val/acc 7.192e-01, val/nll 1.264e+00 (best_acc: 7.137e-01 -> 7.192e-01, test_acc: 7.247e-01, test_nll: 1.233e+00)
[2023-02-18 02:53:47] [Epoch   147/  200] trn/loss 3.315e-02, trn/lr 1.664e-04, val/acc 7.137e-01, val/nll 1.281e+00
[2023-02-18 02:53:55] [Epoch   148/  200] trn/loss 3.150e-02, trn/lr 1.606e-04, val/acc 7.154e-01, val/nll 1.263e+00
[2023-02-18 02:54:02] [Epoch   149/  200] trn/loss 3.009e-02, trn/lr 1.549e-04, val/acc 7.157e-01, val/nll 1.241e+00
[2023-02-18 02:54:10] [Epoch   150/  200] trn/loss 2.864e-02, trn/lr 1.493e-04, val/acc 7.212e-01, val/nll 1.220e+00 (best_acc: 7.192e-01 -> 7.212e-01, test_acc: 7.206e-01, test_nll: 1.228e+00)
[2023-02-18 02:54:17] [Epoch   151/  200] trn/loss 2.764e-02, trn/lr 1.437e-04, val/acc 7.102e-01, val/nll 1.253e+00
[2023-02-18 02:54:25] [Epoch   152/  200] trn/loss 2.652e-02, trn/lr 1.382e-04, val/acc 7.188e-01, val/nll 1.231e+00
[2023-02-18 02:54:32] [Epoch   153/  200] trn/loss 2.434e-02, trn/lr 1.329e-04, val/acc 7.205e-01, val/nll 1.217e+00
[2023-02-18 02:54:39] [Epoch   154/  200] trn/loss 2.488e-02, trn/lr 1.276e-04, val/acc 7.179e-01, val/nll 1.226e+00
[2023-02-18 02:54:47] [Epoch   155/  200] trn/loss 2.458e-02, trn/lr 1.224e-04, val/acc 7.166e-01, val/nll 1.220e+00
[2023-02-18 02:54:55] [Epoch   156/  200] trn/loss 2.272e-02, trn/lr 1.173e-04, val/acc 7.243e-01, val/nll 1.214e+00 (best_acc: 7.212e-01 -> 7.243e-01, test_acc: 7.230e-01, test_nll: 1.216e+00)
[2023-02-18 02:55:03] [Epoch   157/  200] trn/loss 2.240e-02, trn/lr 1.123e-04, val/acc 7.246e-01, val/nll 1.186e+00 (best_acc: 7.243e-01 -> 7.246e-01, test_acc: 7.309e-01, test_nll: 1.184e+00)
[2023-02-18 02:55:11] [Epoch   158/  200] trn/loss 2.150e-02, trn/lr 1.074e-04, val/acc 7.282e-01, val/nll 1.194e+00 (best_acc: 7.246e-01 -> 7.282e-01, test_acc: 7.305e-01, test_nll: 1.189e+00)
[2023-02-18 02:55:18] [Epoch   159/  200] trn/loss 2.129e-02, trn/lr 1.025e-04, val/acc 7.257e-01, val/nll 1.220e+00
[2023-02-18 02:55:26] [Epoch   160/  200] trn/loss 1.990e-02, trn/lr 9.783e-05, val/acc 7.259e-01, val/nll 1.189e+00
[2023-02-18 02:55:34] [Epoch   161/  200] trn/loss 1.803e-02, trn/lr 9.321e-05, val/acc 7.298e-01, val/nll 1.181e+00 (best_acc: 7.282e-01 -> 7.298e-01, test_acc: 7.342e-01, test_nll: 1.173e+00)
[2023-02-18 02:55:41] [Epoch   162/  200] trn/loss 1.822e-02, trn/lr 8.870e-05, val/acc 7.268e-01, val/nll 1.184e+00
[2023-02-18 02:55:48] [Epoch   163/  200] trn/loss 1.757e-02, trn/lr 8.428e-05, val/acc 7.281e-01, val/nll 1.184e+00
[2023-02-18 02:55:56] [Epoch   164/  200] trn/loss 1.649e-02, trn/lr 7.997e-05, val/acc 7.239e-01, val/nll 1.194e+00
[2023-02-18 02:56:03] [Epoch   165/  200] trn/loss 1.613e-02, trn/lr 7.576e-05, val/acc 7.252e-01, val/nll 1.179e+00
[2023-02-18 02:56:11] [Epoch   166/  200] trn/loss 1.474e-02, trn/lr 7.166e-05, val/acc 7.325e-01, val/nll 1.166e+00 (best_acc: 7.298e-01 -> 7.325e-01, test_acc: 7.366e-01, test_nll: 1.162e+00)
[2023-02-18 02:56:19] [Epoch   167/  200] trn/loss 1.449e-02, trn/lr 6.766e-05, val/acc 7.292e-01, val/nll 1.173e+00
[2023-02-18 02:56:26] [Epoch   168/  200] trn/loss 1.450e-02, trn/lr 6.377e-05, val/acc 7.317e-01, val/nll 1.187e+00
[2023-02-18 02:56:33] [Epoch   169/  200] trn/loss 1.381e-02, trn/lr 5.998e-05, val/acc 7.322e-01, val/nll 1.154e+00
[2023-02-18 02:56:40] [Epoch   170/  200] trn/loss 1.292e-02, trn/lr 5.631e-05, val/acc 7.290e-01, val/nll 1.162e+00
[2023-02-18 02:56:48] [Epoch   171/  200] trn/loss 1.246e-02, trn/lr 5.274e-05, val/acc 7.330e-01, val/nll 1.153e+00 (best_acc: 7.325e-01 -> 7.330e-01, test_acc: 7.402e-01, test_nll: 1.142e+00)
[2023-02-18 02:56:56] [Epoch   172/  200] trn/loss 1.249e-02, trn/lr 4.929e-05, val/acc 7.298e-01, val/nll 1.147e+00
[2023-02-18 02:57:04] [Epoch   173/  200] trn/loss 1.218e-02, trn/lr 4.594e-05, val/acc 7.373e-01, val/nll 1.149e+00 (best_acc: 7.330e-01 -> 7.373e-01, test_acc: 7.366e-01, test_nll: 1.135e+00)
[2023-02-18 02:57:11] [Epoch   174/  200] trn/loss 1.167e-02, trn/lr 4.271e-05, val/acc 7.337e-01, val/nll 1.136e+00
[2023-02-18 02:57:18] [Epoch   175/  200] trn/loss 1.098e-02, trn/lr 3.959e-05, val/acc 7.350e-01, val/nll 1.138e+00
[2023-02-18 02:57:25] [Epoch   176/  200] trn/loss 1.113e-02, trn/lr 3.659e-05, val/acc 7.368e-01, val/nll 1.138e+00
[2023-02-18 02:57:33] [Epoch   177/  200] trn/loss 1.065e-02, trn/lr 3.369e-05, val/acc 7.360e-01, val/nll 1.138e+00
[2023-02-18 02:57:40] [Epoch   178/  200] trn/loss 1.008e-02, trn/lr 3.092e-05, val/acc 7.324e-01, val/nll 1.139e+00
[2023-02-18 02:57:47] [Epoch   179/  200] trn/loss 9.826e-03, trn/lr 2.826e-05, val/acc 7.353e-01, val/nll 1.128e+00
[2023-02-18 02:57:54] [Epoch   180/  200] trn/loss 9.305e-03, trn/lr 2.571e-05, val/acc 7.362e-01, val/nll 1.124e+00
[2023-02-18 02:58:03] [Epoch   181/  200] trn/loss 9.053e-03, trn/lr 2.329e-05, val/acc 7.379e-01, val/nll 1.125e+00 (best_acc: 7.373e-01 -> 7.379e-01, test_acc: 7.446e-01, test_nll: 1.108e+00)
[2023-02-18 02:58:10] [Epoch   182/  200] trn/loss 9.036e-03, trn/lr 2.098e-05, val/acc 7.378e-01, val/nll 1.119e+00
[2023-02-18 02:58:17] [Epoch   183/  200] trn/loss 8.471e-03, trn/lr 1.878e-05, val/acc 7.358e-01, val/nll 1.119e+00
[2023-02-18 02:58:25] [Epoch   184/  200] trn/loss 8.512e-03, trn/lr 1.671e-05, val/acc 7.383e-01, val/nll 1.118e+00 (best_acc: 7.379e-01 -> 7.383e-01, test_acc: 7.434e-01, test_nll: 1.102e+00)
[2023-02-18 02:58:33] [Epoch   185/  200] trn/loss 8.521e-03, trn/lr 1.476e-05, val/acc 7.396e-01, val/nll 1.115e+00 (best_acc: 7.383e-01 -> 7.396e-01, test_acc: 7.445e-01, test_nll: 1.101e+00)
[2023-02-18 02:58:42] [Epoch   186/  200] trn/loss 8.000e-03, trn/lr 1.292e-05, val/acc 7.410e-01, val/nll 1.111e+00 (best_acc: 7.396e-01 -> 7.410e-01, test_acc: 7.430e-01, test_nll: 1.096e+00)
[2023-02-18 02:58:49] [Epoch   187/  200] trn/loss 8.069e-03, trn/lr 1.121e-05, val/acc 7.404e-01, val/nll 1.116e+00
[2023-02-18 02:58:57] [Epoch   188/  200] trn/loss 8.033e-03, trn/lr 9.617e-06, val/acc 7.418e-01, val/nll 1.111e+00 (best_acc: 7.410e-01 -> 7.418e-01, test_acc: 7.447e-01, test_nll: 1.094e+00)
[2023-02-18 02:59:04] [Epoch   189/  200] trn/loss 7.901e-03, trn/lr 8.145e-06, val/acc 7.414e-01, val/nll 1.111e+00
[2023-02-18 02:59:12] [Epoch   190/  200] trn/loss 7.754e-03, trn/lr 6.794e-06, val/acc 7.414e-01, val/nll 1.112e+00
[2023-02-18 02:59:20] [Epoch   191/  200] trn/loss 7.396e-03, trn/lr 5.565e-06, val/acc 7.420e-01, val/nll 1.110e+00 (best_acc: 7.418e-01 -> 7.420e-01, test_acc: 7.442e-01, test_nll: 1.094e+00)
[2023-02-18 02:59:27] [Epoch   192/  200] trn/loss 7.499e-03, trn/lr 4.458e-06, val/acc 7.418e-01, val/nll 1.111e+00
[2023-02-18 02:59:34] [Epoch   193/  200] trn/loss 7.539e-03, trn/lr 3.474e-06, val/acc 7.420e-01, val/nll 1.111e+00
[2023-02-18 02:59:42] [Epoch   194/  200] trn/loss 7.329e-03, trn/lr 2.612e-06, val/acc 7.419e-01, val/nll 1.111e+00
[2023-02-18 02:59:50] [Epoch   195/  200] trn/loss 7.458e-03, trn/lr 1.872e-06, val/acc 7.425e-01, val/nll 1.109e+00 (best_acc: 7.420e-01 -> 7.425e-01, test_acc: 7.453e-01, test_nll: 1.092e+00)
[2023-02-18 02:59:58] [Epoch   196/  200] trn/loss 7.294e-03, trn/lr 1.255e-06, val/acc 7.427e-01, val/nll 1.107e+00 (best_acc: 7.425e-01 -> 7.427e-01, test_acc: 7.452e-01, test_nll: 1.093e+00)
[2023-02-18 03:00:06] [Epoch   197/  200] trn/loss 7.035e-03, trn/lr 7.619e-07, val/acc 7.425e-01, val/nll 1.110e+00
[2023-02-18 03:00:14] [Epoch   198/  200] trn/loss 7.216e-03, trn/lr 3.916e-07, val/acc 7.433e-01, val/nll 1.108e+00 (best_acc: 7.427e-01 -> 7.433e-01, test_acc: 7.447e-01, test_nll: 1.094e+00)
[2023-02-18 03:00:21] [Epoch   199/  200] trn/loss 7.147e-03, trn/lr 1.445e-07, val/acc 7.421e-01, val/nll 1.108e+00
[2023-02-18 03:00:28] [Epoch   200/  200] trn/loss 7.309e-03, trn/lr 2.075e-08, val/acc 7.433e-01, val/nll 1.108e+00
