[2023-02-19 20:33:40] Environments:
------------  ------------------------------------------------------------
sys.platform  linux
Python        3.8.10 (default, Nov 14 2022, 12:59:47) [GCC 9.4.0]
JAX           0.4.2 @/home/giung/.local/lib/python3.8/site-packages/jax
jaxlib        0.4.2 @/home/giung/.local/lib/python3.8/site-packages/jaxlib
Flax          0.6.4 @/home/giung/.local/lib/python3.8/site-packages/flax
Optax         0.1.4 @/home/giung/.local/lib/python3.8/site-packages/optax
------------  ------------------------------------------------------------

[2023-02-19 20:33:40] Command line arguments:
- args.data_root          : ./data/
- args.data_name          : CIFAR10_x32
- args.data_augmentation  : standard
- args.data_proportional  : 1.0
- args.model_depth        : 20
- args.model_width        : 4
- args.model_style        : BN-ReLU
- args.optim_bs           : 256
- args.optim_ne           : 200
- args.optim_lr           : 0.3
- args.optim_momentum     : 0.9
- args.optim_weight_decay : 0.001
- args.rho                : 1.0
- args.save               : /home/giung/giung2-dev/projects/sam/save/CIFAR10_x32/R20x4-BN-ReLU/ASAM/bs-0256_ne-0200_lr-0.30_mo-0.90_wd-0.0010_rho-1.0000_fp32/42
- args.seed               : 42
- args.precision          : fp32

[2023-02-19 20:33:55] Multiple local devices are detected:
[TpuDevice(id=0, process_index=0, coords=(0,0,0), core_on_chip=0), TpuDevice(id=1, process_index=0, coords=(0,0,0), core_on_chip=1), TpuDevice(id=2, process_index=0, coords=(1,0,0), core_on_chip=0), TpuDevice(id=3, process_index=0, coords=(1,0,0), core_on_chip=1), TpuDevice(id=4, process_index=0, coords=(0,1,0), core_on_chip=0), TpuDevice(id=5, process_index=0, coords=(0,1,0), core_on_chip=1), TpuDevice(id=6, process_index=0, coords=(1,1,0), core_on_chip=0), TpuDevice(id=7, process_index=0, coords=(1,1,0), core_on_chip=1)]

[2023-02-19 20:34:59] [Epoch     1/  200] trn/loss 2.643e+00, trn/lr 3.000e-01, val/acc 9.602e-02, val/nll 2.311e+00 (best_acc: 0.000e+00 -> 9.602e-02, test_acc: 1.037e-01, test_nll: 2.309e+00)
[2023-02-19 20:35:07] [Epoch     2/  200] trn/loss 2.293e+00, trn/lr 3.000e-01, val/acc 1.132e-01, val/nll 2.296e+00 (best_acc: 9.602e-02 -> 1.132e-01, test_acc: 1.081e-01, test_nll: 2.298e+00)
[2023-02-19 20:35:16] [Epoch     3/  200] trn/loss 2.246e+00, trn/lr 2.999e-01, val/acc 2.054e-01, val/nll 2.148e+00 (best_acc: 1.132e-01 -> 2.054e-01, test_acc: 1.927e-01, test_nll: 2.149e+00)
[2023-02-19 20:35:23] [Epoch     4/  200] trn/loss 2.084e+00, trn/lr 2.998e-01, val/acc 1.753e-01, val/nll 2.079e+00
[2023-02-19 20:35:31] [Epoch     5/  200] trn/loss 2.023e+00, trn/lr 2.996e-01, val/acc 2.244e-01, val/nll 1.990e+00 (best_acc: 2.054e-01 -> 2.244e-01, test_acc: 2.301e-01, test_nll: 1.989e+00)
[2023-02-19 20:35:39] [Epoch     6/  200] trn/loss 1.925e+00, trn/lr 2.994e-01, val/acc 2.784e-01, val/nll 1.835e+00 (best_acc: 2.244e-01 -> 2.784e-01, test_acc: 2.866e-01, test_nll: 1.827e+00)
[2023-02-19 20:35:47] [Epoch     7/  200] trn/loss 1.785e+00, trn/lr 2.992e-01, val/acc 3.056e-01, val/nll 1.855e+00 (best_acc: 2.784e-01 -> 3.056e-01, test_acc: 3.069e-01, test_nll: 1.853e+00)
[2023-02-19 20:35:55] [Epoch     8/  200] trn/loss 1.664e+00, trn/lr 2.990e-01, val/acc 3.553e-01, val/nll 1.752e+00 (best_acc: 3.056e-01 -> 3.553e-01, test_acc: 3.660e-01, test_nll: 1.738e+00)
[2023-02-19 20:36:03] [Epoch     9/  200] trn/loss 1.502e+00, trn/lr 2.987e-01, val/acc 4.052e-01, val/nll 1.601e+00 (best_acc: 3.553e-01 -> 4.052e-01, test_acc: 4.061e-01, test_nll: 1.583e+00)
[2023-02-19 20:36:11] [Epoch    10/  200] trn/loss 1.371e+00, trn/lr 2.983e-01, val/acc 4.654e-01, val/nll 1.474e+00 (best_acc: 4.052e-01 -> 4.654e-01, test_acc: 4.597e-01, test_nll: 1.487e+00)
[2023-02-19 20:36:19] [Epoch    11/  200] trn/loss 1.221e+00, trn/lr 2.980e-01, val/acc 5.324e-01, val/nll 1.264e+00 (best_acc: 4.654e-01 -> 5.324e-01, test_acc: 5.334e-01, test_nll: 1.269e+00)
[2023-02-19 20:36:26] [Epoch    12/  200] trn/loss 1.086e+00, trn/lr 2.976e-01, val/acc 5.135e-01, val/nll 1.500e+00
[2023-02-19 20:36:34] [Epoch    13/  200] trn/loss 9.891e-01, trn/lr 2.971e-01, val/acc 5.792e-01, val/nll 1.163e+00 (best_acc: 5.324e-01 -> 5.792e-01, test_acc: 5.837e-01, test_nll: 1.161e+00)
[2023-02-19 20:36:42] [Epoch    14/  200] trn/loss 9.222e-01, trn/lr 2.966e-01, val/acc 6.191e-01, val/nll 1.215e+00 (best_acc: 5.792e-01 -> 6.191e-01, test_acc: 6.118e-01, test_nll: 1.231e+00)
[2023-02-19 20:36:50] [Epoch    15/  200] trn/loss 8.596e-01, trn/lr 2.961e-01, val/acc 7.104e-01, val/nll 8.345e-01 (best_acc: 6.191e-01 -> 7.104e-01, test_acc: 7.096e-01, test_nll: 8.392e-01)
[2023-02-19 20:36:57] [Epoch    16/  200] trn/loss 8.214e-01, trn/lr 2.956e-01, val/acc 6.806e-01, val/nll 9.305e-01
[2023-02-19 20:37:05] [Epoch    17/  200] trn/loss 7.800e-01, trn/lr 2.950e-01, val/acc 6.496e-01, val/nll 1.052e+00
[2023-02-19 20:37:12] [Epoch    18/  200] trn/loss 7.508e-01, trn/lr 2.944e-01, val/acc 7.052e-01, val/nll 8.842e-01
[2023-02-19 20:37:20] [Epoch    19/  200] trn/loss 7.397e-01, trn/lr 2.937e-01, val/acc 7.458e-01, val/nll 7.493e-01 (best_acc: 7.104e-01 -> 7.458e-01, test_acc: 7.400e-01, test_nll: 7.675e-01)
[2023-02-19 20:37:27] [Epoch    20/  200] trn/loss 7.226e-01, trn/lr 2.930e-01, val/acc 6.528e-01, val/nll 1.061e+00
[2023-02-19 20:37:34] [Epoch    21/  200] trn/loss 7.121e-01, trn/lr 2.923e-01, val/acc 7.084e-01, val/nll 8.362e-01
[2023-02-19 20:37:41] [Epoch    22/  200] trn/loss 6.977e-01, trn/lr 2.915e-01, val/acc 6.209e-01, val/nll 1.146e+00
[2023-02-19 20:37:48] [Epoch    23/  200] trn/loss 6.961e-01, trn/lr 2.907e-01, val/acc 7.196e-01, val/nll 8.099e-01
[2023-02-19 20:37:56] [Epoch    24/  200] trn/loss 6.857e-01, trn/lr 2.899e-01, val/acc 7.127e-01, val/nll 9.111e-01
[2023-02-19 20:38:04] [Epoch    25/  200] trn/loss 6.692e-01, trn/lr 2.890e-01, val/acc 7.562e-01, val/nll 7.227e-01 (best_acc: 7.458e-01 -> 7.562e-01, test_acc: 7.493e-01, test_nll: 7.379e-01)
[2023-02-19 20:38:11] [Epoch    26/  200] trn/loss 6.741e-01, trn/lr 2.881e-01, val/acc 7.186e-01, val/nll 8.207e-01
[2023-02-19 20:38:18] [Epoch    27/  200] trn/loss 6.648e-01, trn/lr 2.872e-01, val/acc 7.408e-01, val/nll 7.527e-01
[2023-02-19 20:38:25] [Epoch    28/  200] trn/loss 6.556e-01, trn/lr 2.862e-01, val/acc 7.122e-01, val/nll 8.367e-01
[2023-02-19 20:38:32] [Epoch    29/  200] trn/loss 6.501e-01, trn/lr 2.852e-01, val/acc 7.522e-01, val/nll 7.350e-01
[2023-02-19 20:38:40] [Epoch    30/  200] trn/loss 6.325e-01, trn/lr 2.842e-01, val/acc 7.148e-01, val/nll 8.143e-01
[2023-02-19 20:38:48] [Epoch    31/  200] trn/loss 6.388e-01, trn/lr 2.831e-01, val/acc 7.855e-01, val/nll 6.336e-01 (best_acc: 7.562e-01 -> 7.855e-01, test_acc: 7.798e-01, test_nll: 6.486e-01)
[2023-02-19 20:38:55] [Epoch    32/  200] trn/loss 6.283e-01, trn/lr 2.820e-01, val/acc 7.426e-01, val/nll 7.826e-01
[2023-02-19 20:39:02] [Epoch    33/  200] trn/loss 6.379e-01, trn/lr 2.809e-01, val/acc 7.454e-01, val/nll 7.845e-01
[2023-02-19 20:39:09] [Epoch    34/  200] trn/loss 6.160e-01, trn/lr 2.797e-01, val/acc 7.466e-01, val/nll 7.364e-01
[2023-02-19 20:39:16] [Epoch    35/  200] trn/loss 6.088e-01, trn/lr 2.785e-01, val/acc 7.035e-01, val/nll 8.665e-01
[2023-02-19 20:39:24] [Epoch    36/  200] trn/loss 6.122e-01, trn/lr 2.773e-01, val/acc 7.485e-01, val/nll 7.351e-01
[2023-02-19 20:39:31] [Epoch    37/  200] trn/loss 6.015e-01, trn/lr 2.760e-01, val/acc 6.470e-01, val/nll 1.141e+00
[2023-02-19 20:39:38] [Epoch    38/  200] trn/loss 6.023e-01, trn/lr 2.747e-01, val/acc 7.241e-01, val/nll 7.934e-01
[2023-02-19 20:39:45] [Epoch    39/  200] trn/loss 5.900e-01, trn/lr 2.734e-01, val/acc 7.289e-01, val/nll 7.941e-01
[2023-02-19 20:39:53] [Epoch    40/  200] trn/loss 5.872e-01, trn/lr 2.720e-01, val/acc 7.251e-01, val/nll 8.458e-01
[2023-02-19 20:40:00] [Epoch    41/  200] trn/loss 5.817e-01, trn/lr 2.707e-01, val/acc 7.647e-01, val/nll 6.924e-01
[2023-02-19 20:40:07] [Epoch    42/  200] trn/loss 5.785e-01, trn/lr 2.692e-01, val/acc 7.764e-01, val/nll 6.629e-01
[2023-02-19 20:40:14] [Epoch    43/  200] trn/loss 5.710e-01, trn/lr 2.678e-01, val/acc 7.761e-01, val/nll 7.008e-01
[2023-02-19 20:40:21] [Epoch    44/  200] trn/loss 5.802e-01, trn/lr 2.663e-01, val/acc 7.784e-01, val/nll 6.512e-01
[2023-02-19 20:40:29] [Epoch    45/  200] trn/loss 5.659e-01, trn/lr 2.648e-01, val/acc 7.823e-01, val/nll 6.526e-01
[2023-02-19 20:40:36] [Epoch    46/  200] trn/loss 5.654e-01, trn/lr 2.633e-01, val/acc 7.844e-01, val/nll 6.477e-01
[2023-02-19 20:40:43] [Epoch    47/  200] trn/loss 5.551e-01, trn/lr 2.617e-01, val/acc 7.437e-01, val/nll 7.417e-01
[2023-02-19 20:40:51] [Epoch    48/  200] trn/loss 5.630e-01, trn/lr 2.602e-01, val/acc 8.012e-01, val/nll 5.991e-01 (best_acc: 7.855e-01 -> 8.012e-01, test_acc: 8.013e-01, test_nll: 6.101e-01)
[2023-02-19 20:40:58] [Epoch    49/  200] trn/loss 5.525e-01, trn/lr 2.585e-01, val/acc 7.427e-01, val/nll 7.526e-01
[2023-02-19 20:41:05] [Epoch    50/  200] trn/loss 5.422e-01, trn/lr 2.569e-01, val/acc 7.640e-01, val/nll 6.964e-01
[2023-02-19 20:41:13] [Epoch    51/  200] trn/loss 5.377e-01, trn/lr 2.552e-01, val/acc 7.314e-01, val/nll 8.309e-01
[2023-02-19 20:41:20] [Epoch    52/  200] trn/loss 5.396e-01, trn/lr 2.535e-01, val/acc 7.752e-01, val/nll 6.557e-01
[2023-02-19 20:41:28] [Epoch    53/  200] trn/loss 5.354e-01, trn/lr 2.518e-01, val/acc 8.103e-01, val/nll 5.675e-01 (best_acc: 8.012e-01 -> 8.103e-01, test_acc: 8.009e-01, test_nll: 5.918e-01)
[2023-02-19 20:41:35] [Epoch    54/  200] trn/loss 5.345e-01, trn/lr 2.501e-01, val/acc 7.765e-01, val/nll 6.584e-01
[2023-02-19 20:41:43] [Epoch    55/  200] trn/loss 5.341e-01, trn/lr 2.483e-01, val/acc 8.240e-01, val/nll 5.368e-01 (best_acc: 8.103e-01 -> 8.240e-01, test_acc: 8.127e-01, test_nll: 5.501e-01)
[2023-02-19 20:41:51] [Epoch    56/  200] trn/loss 5.332e-01, trn/lr 2.465e-01, val/acc 8.256e-01, val/nll 5.291e-01 (best_acc: 8.240e-01 -> 8.256e-01, test_acc: 8.174e-01, test_nll: 5.429e-01)
[2023-02-19 20:41:58] [Epoch    57/  200] trn/loss 5.278e-01, trn/lr 2.447e-01, val/acc 7.989e-01, val/nll 5.919e-01
[2023-02-19 20:42:05] [Epoch    58/  200] trn/loss 5.193e-01, trn/lr 2.429e-01, val/acc 8.116e-01, val/nll 5.893e-01
[2023-02-19 20:42:13] [Epoch    59/  200] trn/loss 5.239e-01, trn/lr 2.410e-01, val/acc 7.952e-01, val/nll 6.051e-01
[2023-02-19 20:42:20] [Epoch    60/  200] trn/loss 5.139e-01, trn/lr 2.391e-01, val/acc 8.134e-01, val/nll 5.667e-01
[2023-02-19 20:42:27] [Epoch    61/  200] trn/loss 5.226e-01, trn/lr 2.372e-01, val/acc 8.250e-01, val/nll 5.212e-01
[2023-02-19 20:42:34] [Epoch    62/  200] trn/loss 5.157e-01, trn/lr 2.353e-01, val/acc 7.836e-01, val/nll 6.408e-01
[2023-02-19 20:42:41] [Epoch    63/  200] trn/loss 5.141e-01, trn/lr 2.333e-01, val/acc 7.927e-01, val/nll 6.237e-01
[2023-02-19 20:42:49] [Epoch    64/  200] trn/loss 5.063e-01, trn/lr 2.314e-01, val/acc 7.946e-01, val/nll 6.067e-01
[2023-02-19 20:42:56] [Epoch    65/  200] trn/loss 5.015e-01, trn/lr 2.294e-01, val/acc 8.146e-01, val/nll 5.566e-01
[2023-02-19 20:43:03] [Epoch    66/  200] trn/loss 5.084e-01, trn/lr 2.274e-01, val/acc 7.935e-01, val/nll 6.091e-01
[2023-02-19 20:43:10] [Epoch    67/  200] trn/loss 4.979e-01, trn/lr 2.253e-01, val/acc 7.612e-01, val/nll 6.977e-01
[2023-02-19 20:43:17] [Epoch    68/  200] trn/loss 4.850e-01, trn/lr 2.233e-01, val/acc 7.646e-01, val/nll 6.870e-01
[2023-02-19 20:43:25] [Epoch    69/  200] trn/loss 4.951e-01, trn/lr 2.212e-01, val/acc 7.756e-01, val/nll 6.512e-01
[2023-02-19 20:43:32] [Epoch    70/  200] trn/loss 4.934e-01, trn/lr 2.192e-01, val/acc 7.960e-01, val/nll 6.184e-01
[2023-02-19 20:43:39] [Epoch    71/  200] trn/loss 4.866e-01, trn/lr 2.171e-01, val/acc 7.976e-01, val/nll 6.064e-01
[2023-02-19 20:43:46] [Epoch    72/  200] trn/loss 4.956e-01, trn/lr 2.149e-01, val/acc 7.006e-01, val/nll 8.818e-01
[2023-02-19 20:43:54] [Epoch    73/  200] trn/loss 4.786e-01, trn/lr 2.128e-01, val/acc 8.046e-01, val/nll 5.760e-01
[2023-02-19 20:44:02] [Epoch    74/  200] trn/loss 4.787e-01, trn/lr 2.107e-01, val/acc 8.345e-01, val/nll 5.156e-01 (best_acc: 8.256e-01 -> 8.345e-01, test_acc: 8.284e-01, test_nll: 5.318e-01)
[2023-02-19 20:44:09] [Epoch    75/  200] trn/loss 4.740e-01, trn/lr 2.085e-01, val/acc 8.116e-01, val/nll 5.763e-01
[2023-02-19 20:44:16] [Epoch    76/  200] trn/loss 4.690e-01, trn/lr 2.063e-01, val/acc 7.531e-01, val/nll 7.854e-01
[2023-02-19 20:44:24] [Epoch    77/  200] trn/loss 4.628e-01, trn/lr 2.041e-01, val/acc 8.490e-01, val/nll 4.629e-01 (best_acc: 8.345e-01 -> 8.490e-01, test_acc: 8.437e-01, test_nll: 4.753e-01)
[2023-02-19 20:44:31] [Epoch    78/  200] trn/loss 4.652e-01, trn/lr 2.019e-01, val/acc 7.889e-01, val/nll 6.067e-01
[2023-02-19 20:44:38] [Epoch    79/  200] trn/loss 4.562e-01, trn/lr 1.997e-01, val/acc 8.330e-01, val/nll 4.889e-01
[2023-02-19 20:44:45] [Epoch    80/  200] trn/loss 4.526e-01, trn/lr 1.975e-01, val/acc 7.569e-01, val/nll 7.259e-01
[2023-02-19 20:44:53] [Epoch    81/  200] trn/loss 4.556e-01, trn/lr 1.952e-01, val/acc 7.758e-01, val/nll 6.672e-01
[2023-02-19 20:45:00] [Epoch    82/  200] trn/loss 4.441e-01, trn/lr 1.930e-01, val/acc 8.128e-01, val/nll 5.652e-01
[2023-02-19 20:45:07] [Epoch    83/  200] trn/loss 4.452e-01, trn/lr 1.907e-01, val/acc 8.187e-01, val/nll 5.399e-01
[2023-02-19 20:45:14] [Epoch    84/  200] trn/loss 4.477e-01, trn/lr 1.885e-01, val/acc 7.572e-01, val/nll 7.280e-01
[2023-02-19 20:45:21] [Epoch    85/  200] trn/loss 4.374e-01, trn/lr 1.862e-01, val/acc 7.939e-01, val/nll 6.148e-01
[2023-02-19 20:45:29] [Epoch    86/  200] trn/loss 4.399e-01, trn/lr 1.839e-01, val/acc 8.420e-01, val/nll 4.649e-01
[2023-02-19 20:45:36] [Epoch    87/  200] trn/loss 4.418e-01, trn/lr 1.816e-01, val/acc 8.018e-01, val/nll 5.826e-01
[2023-02-19 20:45:43] [Epoch    88/  200] trn/loss 4.232e-01, trn/lr 1.793e-01, val/acc 8.479e-01, val/nll 4.526e-01
[2023-02-19 20:45:50] [Epoch    89/  200] trn/loss 4.309e-01, trn/lr 1.770e-01, val/acc 8.338e-01, val/nll 5.005e-01
[2023-02-19 20:45:57] [Epoch    90/  200] trn/loss 4.285e-01, trn/lr 1.746e-01, val/acc 8.031e-01, val/nll 5.938e-01
[2023-02-19 20:46:05] [Epoch    91/  200] trn/loss 4.172e-01, trn/lr 1.723e-01, val/acc 8.062e-01, val/nll 5.793e-01
[2023-02-19 20:46:12] [Epoch    92/  200] trn/loss 4.158e-01, trn/lr 1.700e-01, val/acc 8.293e-01, val/nll 5.036e-01
[2023-02-19 20:46:19] [Epoch    93/  200] trn/loss 4.127e-01, trn/lr 1.676e-01, val/acc 8.466e-01, val/nll 4.535e-01
[2023-02-19 20:46:27] [Epoch    94/  200] trn/loss 4.084e-01, trn/lr 1.653e-01, val/acc 8.496e-01, val/nll 4.491e-01 (best_acc: 8.490e-01 -> 8.496e-01, test_acc: 8.430e-01, test_nll: 4.560e-01)
[2023-02-19 20:46:34] [Epoch    95/  200] trn/loss 4.047e-01, trn/lr 1.630e-01, val/acc 7.723e-01, val/nll 6.934e-01
[2023-02-19 20:46:41] [Epoch    96/  200] trn/loss 3.961e-01, trn/lr 1.606e-01, val/acc 8.295e-01, val/nll 4.956e-01
[2023-02-19 20:46:48] [Epoch    97/  200] trn/loss 4.043e-01, trn/lr 1.582e-01, val/acc 8.290e-01, val/nll 5.068e-01
[2023-02-19 20:46:56] [Epoch    98/  200] trn/loss 3.931e-01, trn/lr 1.559e-01, val/acc 8.587e-01, val/nll 4.326e-01 (best_acc: 8.496e-01 -> 8.587e-01, test_acc: 8.523e-01, test_nll: 4.536e-01)
[2023-02-19 20:47:04] [Epoch    99/  200] trn/loss 4.014e-01, trn/lr 1.535e-01, val/acc 8.344e-01, val/nll 4.955e-01
[2023-02-19 20:47:11] [Epoch   100/  200] trn/loss 3.830e-01, trn/lr 1.512e-01, val/acc 8.407e-01, val/nll 4.690e-01
[2023-02-19 20:47:18] [Epoch   101/  200] trn/loss 3.835e-01, trn/lr 1.488e-01, val/acc 8.361e-01, val/nll 4.805e-01
[2023-02-19 20:47:25] [Epoch   102/  200] trn/loss 3.811e-01, trn/lr 1.465e-01, val/acc 8.325e-01, val/nll 4.844e-01
[2023-02-19 20:47:32] [Epoch   103/  200] trn/loss 3.762e-01, trn/lr 1.441e-01, val/acc 8.240e-01, val/nll 5.175e-01
[2023-02-19 20:47:40] [Epoch   104/  200] trn/loss 3.763e-01, trn/lr 1.418e-01, val/acc 8.494e-01, val/nll 4.329e-01
[2023-02-19 20:47:47] [Epoch   105/  200] trn/loss 3.748e-01, trn/lr 1.394e-01, val/acc 8.485e-01, val/nll 4.390e-01
[2023-02-19 20:47:54] [Epoch   106/  200] trn/loss 3.655e-01, trn/lr 1.371e-01, val/acc 8.259e-01, val/nll 5.063e-01
[2023-02-19 20:48:01] [Epoch   107/  200] trn/loss 3.629e-01, trn/lr 1.347e-01, val/acc 8.537e-01, val/nll 4.479e-01
[2023-02-19 20:48:09] [Epoch   108/  200] trn/loss 3.610e-01, trn/lr 1.324e-01, val/acc 8.252e-01, val/nll 5.142e-01
[2023-02-19 20:48:17] [Epoch   109/  200] trn/loss 3.537e-01, trn/lr 1.300e-01, val/acc 8.697e-01, val/nll 3.804e-01 (best_acc: 8.587e-01 -> 8.697e-01, test_acc: 8.732e-01, test_nll: 3.892e-01)
[2023-02-19 20:48:24] [Epoch   110/  200] trn/loss 3.517e-01, trn/lr 1.277e-01, val/acc 8.242e-01, val/nll 5.250e-01
[2023-02-19 20:48:31] [Epoch   111/  200] trn/loss 3.425e-01, trn/lr 1.254e-01, val/acc 8.042e-01, val/nll 5.821e-01
[2023-02-19 20:48:38] [Epoch   112/  200] trn/loss 3.443e-01, trn/lr 1.231e-01, val/acc 8.685e-01, val/nll 3.968e-01
[2023-02-19 20:48:45] [Epoch   113/  200] trn/loss 3.390e-01, trn/lr 1.207e-01, val/acc 8.409e-01, val/nll 4.705e-01
[2023-02-19 20:48:53] [Epoch   114/  200] trn/loss 3.367e-01, trn/lr 1.184e-01, val/acc 8.647e-01, val/nll 3.955e-01
[2023-02-19 20:49:00] [Epoch   115/  200] trn/loss 3.348e-01, trn/lr 1.161e-01, val/acc 8.062e-01, val/nll 5.728e-01
[2023-02-19 20:49:08] [Epoch   116/  200] trn/loss 3.248e-01, trn/lr 1.138e-01, val/acc 8.913e-01, val/nll 3.300e-01 (best_acc: 8.697e-01 -> 8.913e-01, test_acc: 8.824e-01, test_nll: 3.472e-01)
[2023-02-19 20:49:15] [Epoch   117/  200] trn/loss 3.254e-01, trn/lr 1.116e-01, val/acc 8.583e-01, val/nll 4.162e-01
[2023-02-19 20:49:22] [Epoch   118/  200] trn/loss 3.174e-01, trn/lr 1.093e-01, val/acc 8.810e-01, val/nll 3.548e-01
[2023-02-19 20:49:29] [Epoch   119/  200] trn/loss 3.142e-01, trn/lr 1.070e-01, val/acc 8.860e-01, val/nll 3.361e-01
[2023-02-19 20:49:36] [Epoch   120/  200] trn/loss 3.077e-01, trn/lr 1.048e-01, val/acc 8.779e-01, val/nll 3.557e-01
[2023-02-19 20:49:44] [Epoch   121/  200] trn/loss 3.095e-01, trn/lr 1.025e-01, val/acc 8.550e-01, val/nll 4.291e-01
[2023-02-19 20:49:51] [Epoch   122/  200] trn/loss 3.023e-01, trn/lr 1.003e-01, val/acc 8.890e-01, val/nll 3.340e-01
[2023-02-19 20:49:58] [Epoch   123/  200] trn/loss 3.029e-01, trn/lr 9.809e-02, val/acc 8.827e-01, val/nll 3.546e-01
[2023-02-19 20:50:05] [Epoch   124/  200] trn/loss 2.904e-01, trn/lr 9.589e-02, val/acc 8.553e-01, val/nll 4.248e-01
[2023-02-19 20:50:12] [Epoch   125/  200] trn/loss 2.896e-01, trn/lr 9.370e-02, val/acc 8.612e-01, val/nll 4.187e-01
[2023-02-19 20:50:20] [Epoch   126/  200] trn/loss 2.853e-01, trn/lr 9.152e-02, val/acc 8.576e-01, val/nll 4.497e-01
[2023-02-19 20:50:27] [Epoch   127/  200] trn/loss 2.803e-01, trn/lr 8.936e-02, val/acc 8.812e-01, val/nll 3.511e-01
[2023-02-19 20:50:34] [Epoch   128/  200] trn/loss 2.795e-01, trn/lr 8.721e-02, val/acc 8.753e-01, val/nll 3.738e-01
[2023-02-19 20:50:42] [Epoch   129/  200] trn/loss 2.806e-01, trn/lr 8.508e-02, val/acc 8.934e-01, val/nll 3.256e-01 (best_acc: 8.913e-01 -> 8.934e-01, test_acc: 8.871e-01, test_nll: 3.355e-01)
[2023-02-19 20:50:49] [Epoch   130/  200] trn/loss 2.651e-01, trn/lr 8.296e-02, val/acc 8.872e-01, val/nll 3.375e-01
[2023-02-19 20:50:56] [Epoch   131/  200] trn/loss 2.660e-01, trn/lr 8.086e-02, val/acc 8.903e-01, val/nll 3.323e-01
[2023-02-19 20:51:04] [Epoch   132/  200] trn/loss 2.582e-01, trn/lr 7.878e-02, val/acc 8.877e-01, val/nll 3.179e-01
[2023-02-19 20:51:11] [Epoch   133/  200] trn/loss 2.546e-01, trn/lr 7.671e-02, val/acc 8.674e-01, val/nll 3.895e-01
[2023-02-19 20:51:19] [Epoch   134/  200] trn/loss 2.494e-01, trn/lr 7.467e-02, val/acc 9.043e-01, val/nll 2.791e-01 (best_acc: 8.934e-01 -> 9.043e-01, test_acc: 8.990e-01, test_nll: 2.906e-01)
[2023-02-19 20:51:26] [Epoch   135/  200] trn/loss 2.474e-01, trn/lr 7.264e-02, val/acc 8.731e-01, val/nll 3.754e-01
[2023-02-19 20:51:34] [Epoch   136/  200] trn/loss 2.425e-01, trn/lr 7.063e-02, val/acc 9.094e-01, val/nll 2.729e-01 (best_acc: 9.043e-01 -> 9.094e-01, test_acc: 9.019e-01, test_nll: 2.873e-01)
[2023-02-19 20:51:41] [Epoch   137/  200] trn/loss 2.378e-01, trn/lr 6.864e-02, val/acc 9.007e-01, val/nll 2.879e-01
[2023-02-19 20:51:48] [Epoch   138/  200] trn/loss 2.382e-01, trn/lr 6.667e-02, val/acc 8.852e-01, val/nll 3.311e-01
[2023-02-19 20:51:56] [Epoch   139/  200] trn/loss 2.305e-01, trn/lr 6.472e-02, val/acc 8.960e-01, val/nll 3.029e-01
[2023-02-19 20:52:03] [Epoch   140/  200] trn/loss 2.230e-01, trn/lr 6.279e-02, val/acc 9.008e-01, val/nll 2.929e-01
[2023-02-19 20:52:11] [Epoch   141/  200] trn/loss 2.219e-01, trn/lr 6.089e-02, val/acc 9.105e-01, val/nll 2.731e-01 (best_acc: 9.094e-01 -> 9.105e-01, test_acc: 9.146e-01, test_nll: 2.691e-01)
[2023-02-19 20:52:18] [Epoch   142/  200] trn/loss 2.177e-01, trn/lr 5.900e-02, val/acc 8.985e-01, val/nll 3.155e-01
[2023-02-19 20:52:25] [Epoch   143/  200] trn/loss 2.094e-01, trn/lr 5.714e-02, val/acc 9.055e-01, val/nll 2.854e-01
[2023-02-19 20:52:33] [Epoch   144/  200] trn/loss 2.028e-01, trn/lr 5.530e-02, val/acc 9.159e-01, val/nll 2.565e-01 (best_acc: 9.105e-01 -> 9.159e-01, test_acc: 9.157e-01, test_nll: 2.612e-01)
[2023-02-19 20:52:40] [Epoch   145/  200] trn/loss 2.037e-01, trn/lr 5.349e-02, val/acc 9.009e-01, val/nll 2.896e-01
[2023-02-19 20:52:48] [Epoch   146/  200] trn/loss 1.993e-01, trn/lr 5.170e-02, val/acc 9.105e-01, val/nll 2.693e-01
[2023-02-19 20:52:55] [Epoch   147/  200] trn/loss 1.956e-01, trn/lr 4.993e-02, val/acc 9.143e-01, val/nll 2.476e-01
[2023-02-19 20:53:02] [Epoch   148/  200] trn/loss 1.837e-01, trn/lr 4.819e-02, val/acc 8.928e-01, val/nll 3.191e-01
[2023-02-19 20:53:09] [Epoch   149/  200] trn/loss 1.795e-01, trn/lr 4.647e-02, val/acc 8.952e-01, val/nll 2.983e-01
[2023-02-19 20:53:16] [Epoch   150/  200] trn/loss 1.796e-01, trn/lr 4.478e-02, val/acc 9.131e-01, val/nll 2.585e-01
[2023-02-19 20:53:24] [Epoch   151/  200] trn/loss 1.710e-01, trn/lr 4.311e-02, val/acc 9.052e-01, val/nll 2.892e-01
[2023-02-19 20:53:31] [Epoch   152/  200] trn/loss 1.654e-01, trn/lr 4.147e-02, val/acc 9.157e-01, val/nll 2.474e-01
[2023-02-19 20:53:39] [Epoch   153/  200] trn/loss 1.607e-01, trn/lr 3.986e-02, val/acc 9.204e-01, val/nll 2.422e-01 (best_acc: 9.159e-01 -> 9.204e-01, test_acc: 9.150e-01, test_nll: 2.500e-01)
[2023-02-19 20:53:46] [Epoch   154/  200] trn/loss 1.569e-01, trn/lr 3.827e-02, val/acc 9.156e-01, val/nll 2.452e-01
[2023-02-19 20:53:53] [Epoch   155/  200] trn/loss 1.513e-01, trn/lr 3.671e-02, val/acc 9.038e-01, val/nll 2.802e-01
[2023-02-19 20:54:00] [Epoch   156/  200] trn/loss 1.469e-01, trn/lr 3.518e-02, val/acc 9.143e-01, val/nll 2.514e-01
[2023-02-19 20:54:08] [Epoch   157/  200] trn/loss 1.494e-01, trn/lr 3.368e-02, val/acc 9.313e-01, val/nll 2.023e-01 (best_acc: 9.204e-01 -> 9.313e-01, test_acc: 9.319e-01, test_nll: 2.103e-01)
[2023-02-19 20:54:16] [Epoch   158/  200] trn/loss 1.405e-01, trn/lr 3.221e-02, val/acc 9.258e-01, val/nll 2.242e-01
[2023-02-19 20:54:24] [Epoch   159/  200] trn/loss 1.352e-01, trn/lr 3.076e-02, val/acc 9.327e-01, val/nll 2.040e-01 (best_acc: 9.313e-01 -> 9.327e-01, test_acc: 9.273e-01, test_nll: 2.157e-01)
[2023-02-19 20:54:31] [Epoch   160/  200] trn/loss 1.278e-01, trn/lr 2.935e-02, val/acc 9.126e-01, val/nll 2.589e-01
[2023-02-19 20:54:38] [Epoch   161/  200] trn/loss 1.230e-01, trn/lr 2.796e-02, val/acc 9.306e-01, val/nll 2.010e-01
[2023-02-19 20:54:45] [Epoch   162/  200] trn/loss 1.160e-01, trn/lr 2.661e-02, val/acc 9.306e-01, val/nll 2.072e-01
[2023-02-19 20:54:53] [Epoch   163/  200] trn/loss 1.117e-01, trn/lr 2.528e-02, val/acc 9.315e-01, val/nll 2.025e-01
[2023-02-19 20:55:00] [Epoch   164/  200] trn/loss 1.074e-01, trn/lr 2.399e-02, val/acc 9.288e-01, val/nll 2.097e-01
[2023-02-19 20:55:08] [Epoch   165/  200] trn/loss 1.035e-01, trn/lr 2.273e-02, val/acc 9.376e-01, val/nll 1.861e-01 (best_acc: 9.327e-01 -> 9.376e-01, test_acc: 9.320e-01, test_nll: 1.999e-01)
[2023-02-19 20:55:16] [Epoch   166/  200] trn/loss 9.809e-02, trn/lr 2.150e-02, val/acc 9.399e-01, val/nll 1.849e-01 (best_acc: 9.376e-01 -> 9.399e-01, test_acc: 9.404e-01, test_nll: 1.916e-01)
[2023-02-19 20:55:23] [Epoch   167/  200] trn/loss 9.524e-02, trn/lr 2.030e-02, val/acc 9.407e-01, val/nll 1.765e-01 (best_acc: 9.399e-01 -> 9.407e-01, test_acc: 9.373e-01, test_nll: 1.806e-01)
[2023-02-19 20:55:31] [Epoch   168/  200] trn/loss 8.663e-02, trn/lr 1.913e-02, val/acc 9.415e-01, val/nll 1.744e-01 (best_acc: 9.407e-01 -> 9.415e-01, test_acc: 9.362e-01, test_nll: 1.870e-01)
[2023-02-19 20:55:39] [Epoch   169/  200] trn/loss 8.329e-02, trn/lr 1.800e-02, val/acc 9.356e-01, val/nll 1.869e-01
[2023-02-19 20:55:46] [Epoch   170/  200] trn/loss 7.854e-02, trn/lr 1.689e-02, val/acc 9.384e-01, val/nll 1.789e-01
[2023-02-19 20:55:53] [Epoch   171/  200] trn/loss 7.382e-02, trn/lr 1.582e-02, val/acc 9.399e-01, val/nll 1.815e-01
[2023-02-19 20:56:01] [Epoch   172/  200] trn/loss 7.048e-02, trn/lr 1.479e-02, val/acc 9.447e-01, val/nll 1.605e-01 (best_acc: 9.415e-01 -> 9.447e-01, test_acc: 9.423e-01, test_nll: 1.696e-01)
[2023-02-19 20:56:09] [Epoch   173/  200] trn/loss 6.427e-02, trn/lr 1.378e-02, val/acc 9.457e-01, val/nll 1.635e-01 (best_acc: 9.447e-01 -> 9.457e-01, test_acc: 9.400e-01, test_nll: 1.703e-01)
[2023-02-19 20:56:17] [Epoch   174/  200] trn/loss 6.023e-02, trn/lr 1.281e-02, val/acc 9.473e-01, val/nll 1.597e-01 (best_acc: 9.457e-01 -> 9.473e-01, test_acc: 9.436e-01, test_nll: 1.662e-01)
[2023-02-19 20:56:24] [Epoch   175/  200] trn/loss 5.592e-02, trn/lr 1.188e-02, val/acc 9.451e-01, val/nll 1.598e-01
[2023-02-19 20:56:32] [Epoch   176/  200] trn/loss 4.979e-02, trn/lr 1.098e-02, val/acc 9.496e-01, val/nll 1.490e-01 (best_acc: 9.473e-01 -> 9.496e-01, test_acc: 9.461e-01, test_nll: 1.578e-01)
[2023-02-19 20:56:40] [Epoch   177/  200] trn/loss 4.765e-02, trn/lr 1.011e-02, val/acc 9.502e-01, val/nll 1.502e-01 (best_acc: 9.496e-01 -> 9.502e-01, test_acc: 9.460e-01, test_nll: 1.598e-01)
[2023-02-19 20:56:47] [Epoch   178/  200] trn/loss 4.363e-02, trn/lr 9.275e-03, val/acc 9.476e-01, val/nll 1.541e-01
[2023-02-19 20:56:55] [Epoch   179/  200] trn/loss 4.091e-02, trn/lr 8.477e-03, val/acc 9.513e-01, val/nll 1.457e-01 (best_acc: 9.502e-01 -> 9.513e-01, test_acc: 9.478e-01, test_nll: 1.597e-01)
[2023-02-19 20:57:02] [Epoch   180/  200] trn/loss 3.797e-02, trn/lr 7.714e-03, val/acc 9.498e-01, val/nll 1.485e-01
[2023-02-19 20:57:10] [Epoch   181/  200] trn/loss 3.420e-02, trn/lr 6.986e-03, val/acc 9.518e-01, val/nll 1.397e-01 (best_acc: 9.513e-01 -> 9.518e-01, test_acc: 9.504e-01, test_nll: 1.438e-01)
[2023-02-19 20:57:17] [Epoch   182/  200] trn/loss 3.095e-02, trn/lr 6.293e-03, val/acc 9.517e-01, val/nll 1.448e-01
[2023-02-19 20:57:25] [Epoch   183/  200] trn/loss 2.978e-02, trn/lr 5.635e-03, val/acc 9.509e-01, val/nll 1.448e-01
[2023-02-19 20:57:33] [Epoch   184/  200] trn/loss 2.816e-02, trn/lr 5.013e-03, val/acc 9.533e-01, val/nll 1.390e-01 (best_acc: 9.518e-01 -> 9.533e-01, test_acc: 9.501e-01, test_nll: 1.469e-01)
[2023-02-19 20:57:41] [Epoch   185/  200] trn/loss 2.397e-02, trn/lr 4.427e-03, val/acc 9.545e-01, val/nll 1.400e-01 (best_acc: 9.533e-01 -> 9.545e-01, test_acc: 9.486e-01, test_nll: 1.490e-01)
[2023-02-19 20:57:49] [Epoch   186/  200] trn/loss 2.391e-02, trn/lr 3.877e-03, val/acc 9.577e-01, val/nll 1.307e-01 (best_acc: 9.545e-01 -> 9.577e-01, test_acc: 9.522e-01, test_nll: 1.418e-01)
[2023-02-19 20:57:56] [Epoch   187/  200] trn/loss 2.134e-02, trn/lr 3.363e-03, val/acc 9.566e-01, val/nll 1.319e-01
[2023-02-19 20:58:03] [Epoch   188/  200] trn/loss 1.943e-02, trn/lr 2.885e-03, val/acc 9.562e-01, val/nll 1.306e-01
[2023-02-19 20:58:10] [Epoch   189/  200] trn/loss 1.882e-02, trn/lr 2.444e-03, val/acc 9.571e-01, val/nll 1.293e-01
[2023-02-19 20:58:17] [Epoch   190/  200] trn/loss 1.798e-02, trn/lr 2.038e-03, val/acc 9.566e-01, val/nll 1.292e-01
[2023-02-19 20:58:25] [Epoch   191/  200] trn/loss 1.680e-02, trn/lr 1.670e-03, val/acc 9.586e-01, val/nll 1.270e-01 (best_acc: 9.577e-01 -> 9.586e-01, test_acc: 9.557e-01, test_nll: 1.362e-01)
[2023-02-19 20:58:33] [Epoch   192/  200] trn/loss 1.611e-02, trn/lr 1.338e-03, val/acc 9.576e-01, val/nll 1.261e-01
[2023-02-19 20:58:40] [Epoch   193/  200] trn/loss 1.548e-02, trn/lr 1.042e-03, val/acc 9.580e-01, val/nll 1.252e-01
[2023-02-19 20:58:47] [Epoch   194/  200] trn/loss 1.483e-02, trn/lr 7.835e-04, val/acc 9.583e-01, val/nll 1.257e-01
[2023-02-19 20:58:54] [Epoch   195/  200] trn/loss 1.454e-02, trn/lr 5.616e-04, val/acc 9.571e-01, val/nll 1.261e-01
[2023-02-19 20:59:01] [Epoch   196/  200] trn/loss 1.460e-02, trn/lr 3.766e-04, val/acc 9.574e-01, val/nll 1.257e-01
[2023-02-19 20:59:09] [Epoch   197/  200] trn/loss 1.419e-02, trn/lr 2.286e-04, val/acc 9.584e-01, val/nll 1.255e-01
[2023-02-19 20:59:16] [Epoch   198/  200] trn/loss 1.418e-02, trn/lr 1.175e-04, val/acc 9.583e-01, val/nll 1.251e-01
[2023-02-19 20:59:23] [Epoch   199/  200] trn/loss 1.396e-02, trn/lr 4.335e-05, val/acc 9.583e-01, val/nll 1.254e-01
[2023-02-19 20:59:30] [Epoch   200/  200] trn/loss 1.388e-02, trn/lr 6.226e-06, val/acc 9.579e-01, val/nll 1.253e-01
