[2023-02-03 01:40:08] Environments:
------------  -------------------------------------------------------------------------------
sys.platform  linux
Python        3.10.8 (main, Nov 24 2022, 14:13:03) [GCC 11.2.0]
JAX           0.4.1 @/mnt/home/giung/.conda/envs/jax-siml/lib/python3.10/site-packages/jax
jaxlib        0.4.1 @/mnt/home/giung/.conda/envs/jax-siml/lib/python3.10/site-packages/jaxlib
Flax          0.6.3 @/mnt/home/giung/.conda/envs/jax-siml/lib/python3.10/site-packages/flax
Optax         0.1.4 @/mnt/home/giung/.conda/envs/jax-siml/lib/python3.10/site-packages/optax
------------  -------------------------------------------------------------------------------

[2023-02-03 01:40:08] Command line arguments:
- args.data_root          : ./data/
- args.data_name          : CIFAR100_x32
- args.data_augmentation  : standard
- args.data_proportional  : 1.0
- args.model_depth        : 20
- args.model_width        : 1
- args.model_style        : BN-ReLU
- args.optim_bs           : 256
- args.optim_ne           : 200
- args.optim_lr           : 0.1
- args.optim_momentum     : 0.97
- args.optim_weight_decay : 0.003
- args.save               : /mnt/home/giung/giung2-dev/projects/residual-networks/save/CIFAR100_x32/R20-BN-ReLU/bs-0256_ne-0200_lr-0.10_mo-0.97_wd-0.0030_fp32/42
- args.seed               : 42
- args.precision          : fp32

[2023-02-03 01:40:28] [Epoch     1/  200] trn/loss 4.473e+00, trn/lr 1.000e-01, val/acc 1.372e-02, val/nll 4.676e+00 (best_acc: 0.000e+00 -> 1.372e-02, test_acc: 1.220e-02, test_nll: 4.670e+00)
[2023-02-03 01:40:30] [Epoch     2/  200] trn/loss 4.103e+00, trn/lr 9.999e-02, val/acc 5.243e-02, val/nll 4.128e+00 (best_acc: 1.372e-02 -> 5.243e-02, test_acc: 4.880e-02, test_nll: 4.134e+00)
[2023-02-03 01:40:32] [Epoch     3/  200] trn/loss 3.986e+00, trn/lr 9.996e-02, val/acc 5.376e-02, val/nll 4.235e+00 (best_acc: 5.243e-02 -> 5.376e-02, test_acc: 5.430e-02, test_nll: 4.216e+00)
[2023-02-03 01:40:34] [Epoch     4/  200] trn/loss 3.920e+00, trn/lr 9.992e-02, val/acc 6.958e-02, val/nll 4.189e+00 (best_acc: 5.376e-02 -> 6.958e-02, test_acc: 6.900e-02, test_nll: 4.194e+00)
[2023-02-03 01:40:36] [Epoch     5/  200] trn/loss 3.843e+00, trn/lr 9.987e-02, val/acc 5.288e-02, val/nll 4.545e+00
[2023-02-03 01:40:38] [Epoch     6/  200] trn/loss 3.815e+00, trn/lr 9.981e-02, val/acc 6.106e-02, val/nll 4.402e+00
[2023-02-03 01:40:40] [Epoch     7/  200] trn/loss 3.781e+00, trn/lr 9.974e-02, val/acc 1.025e-01, val/nll 3.862e+00 (best_acc: 6.958e-02 -> 1.025e-01, test_acc: 1.036e-01, test_nll: 3.852e+00)
[2023-02-03 01:40:42] [Epoch     8/  200] trn/loss 3.756e+00, trn/lr 9.965e-02, val/acc 9.878e-02, val/nll 3.916e+00
[2023-02-03 01:40:44] [Epoch     9/  200] trn/loss 3.703e+00, trn/lr 9.955e-02, val/acc 7.478e-02, val/nll 4.097e+00
[2023-02-03 01:40:46] [Epoch    10/  200] trn/loss 3.658e+00, trn/lr 9.944e-02, val/acc 8.695e-02, val/nll 4.056e+00
[2023-02-03 01:40:48] [Epoch    11/  200] trn/loss 3.587e+00, trn/lr 9.932e-02, val/acc 4.502e-02, val/nll 4.951e+00
[2023-02-03 01:40:50] [Epoch    12/  200] trn/loss 3.562e+00, trn/lr 9.919e-02, val/acc 3.186e-02, val/nll 6.090e+00
[2023-02-03 01:40:52] [Epoch    13/  200] trn/loss 3.544e+00, trn/lr 9.904e-02, val/acc 4.613e-02, val/nll 4.543e+00
[2023-02-03 01:40:54] [Epoch    14/  200] trn/loss 3.501e+00, trn/lr 9.888e-02, val/acc 9.978e-02, val/nll 4.027e+00
[2023-02-03 01:40:56] [Epoch    15/  200] trn/loss 3.463e+00, trn/lr 9.871e-02, val/acc 6.692e-02, val/nll 4.535e+00
[2023-02-03 01:40:58] [Epoch    16/  200] trn/loss 3.469e+00, trn/lr 9.853e-02, val/acc 3.429e-02, val/nll 5.680e+00
[2023-02-03 01:41:00] [Epoch    17/  200] trn/loss 3.424e+00, trn/lr 9.833e-02, val/acc 8.473e-02, val/nll 4.282e+00
[2023-02-03 01:41:02] [Epoch    18/  200] trn/loss 3.429e+00, trn/lr 9.812e-02, val/acc 9.292e-02, val/nll 3.999e+00
[2023-02-03 01:41:04] [Epoch    19/  200] trn/loss 3.411e+00, trn/lr 9.790e-02, val/acc 5.675e-02, val/nll 4.808e+00
[2023-02-03 01:41:06] [Epoch    20/  200] trn/loss 3.406e+00, trn/lr 9.767e-02, val/acc 6.139e-02, val/nll 4.907e+00
[2023-02-03 01:41:07] [Epoch    21/  200] trn/loss 3.397e+00, trn/lr 9.743e-02, val/acc 9.757e-02, val/nll 4.055e+00
[2023-02-03 01:41:09] [Epoch    22/  200] trn/loss 3.353e+00, trn/lr 9.718e-02, val/acc 9.558e-02, val/nll 4.208e+00
[2023-02-03 01:41:11] [Epoch    23/  200] trn/loss 3.348e+00, trn/lr 9.691e-02, val/acc 8.319e-02, val/nll 4.346e+00
[2023-02-03 01:41:13] [Epoch    24/  200] trn/loss 3.336e+00, trn/lr 9.663e-02, val/acc 1.448e-01, val/nll 3.636e+00 (best_acc: 1.025e-01 -> 1.448e-01, test_acc: 1.502e-01, test_nll: 3.580e+00)
[2023-02-03 01:41:15] [Epoch    25/  200] trn/loss 3.331e+00, trn/lr 9.634e-02, val/acc 5.653e-02, val/nll 5.306e+00
[2023-02-03 01:41:17] [Epoch    26/  200] trn/loss 3.333e+00, trn/lr 9.604e-02, val/acc 1.410e-01, val/nll 3.626e+00
[2023-02-03 01:41:19] [Epoch    27/  200] trn/loss 3.330e+00, trn/lr 9.573e-02, val/acc 9.701e-02, val/nll 4.444e+00
[2023-02-03 01:41:21] [Epoch    28/  200] trn/loss 3.330e+00, trn/lr 9.541e-02, val/acc 6.991e-02, val/nll 5.034e+00
[2023-02-03 01:41:23] [Epoch    29/  200] trn/loss 3.333e+00, trn/lr 9.507e-02, val/acc 8.573e-02, val/nll 4.268e+00
[2023-02-03 01:41:25] [Epoch    30/  200] trn/loss 3.317e+00, trn/lr 9.473e-02, val/acc 1.177e-01, val/nll 3.908e+00
[2023-02-03 01:41:27] [Epoch    31/  200] trn/loss 3.313e+00, trn/lr 9.437e-02, val/acc 7.721e-02, val/nll 4.533e+00
[2023-02-03 01:41:29] [Epoch    32/  200] trn/loss 3.277e+00, trn/lr 9.400e-02, val/acc 4.237e-02, val/nll 5.229e+00
[2023-02-03 01:41:31] [Epoch    33/  200] trn/loss 3.308e+00, trn/lr 9.363e-02, val/acc 1.343e-01, val/nll 3.720e+00
[2023-02-03 01:41:33] [Epoch    34/  200] trn/loss 3.286e+00, trn/lr 9.324e-02, val/acc 8.020e-02, val/nll 4.688e+00
[2023-02-03 01:41:35] [Epoch    35/  200] trn/loss 3.316e+00, trn/lr 9.284e-02, val/acc 1.050e-01, val/nll 3.972e+00
[2023-02-03 01:41:37] [Epoch    36/  200] trn/loss 3.282e+00, trn/lr 9.243e-02, val/acc 9.403e-02, val/nll 4.102e+00
[2023-02-03 01:41:39] [Epoch    37/  200] trn/loss 3.285e+00, trn/lr 9.201e-02, val/acc 1.195e-01, val/nll 3.912e+00
[2023-02-03 01:41:41] [Epoch    38/  200] trn/loss 3.302e+00, trn/lr 9.157e-02, val/acc 9.867e-02, val/nll 4.309e+00
[2023-02-03 01:41:43] [Epoch    39/  200] trn/loss 3.275e+00, trn/lr 9.113e-02, val/acc 8.341e-02, val/nll 4.765e+00
[2023-02-03 01:41:45] [Epoch    40/  200] trn/loss 3.254e+00, trn/lr 9.068e-02, val/acc 1.002e-01, val/nll 3.969e+00
[2023-02-03 01:41:47] [Epoch    41/  200] trn/loss 3.283e+00, trn/lr 9.022e-02, val/acc 1.272e-01, val/nll 3.641e+00
[2023-02-03 01:41:48] [Epoch    42/  200] trn/loss 3.276e+00, trn/lr 8.975e-02, val/acc 1.070e-01, val/nll 4.021e+00
[2023-02-03 01:41:50] [Epoch    43/  200] trn/loss 3.273e+00, trn/lr 8.927e-02, val/acc 1.082e-01, val/nll 3.929e+00
[2023-02-03 01:41:52] [Epoch    44/  200] trn/loss 3.292e+00, trn/lr 8.878e-02, val/acc 7.876e-02, val/nll 4.774e+00
[2023-02-03 01:41:54] [Epoch    45/  200] trn/loss 3.253e+00, trn/lr 8.828e-02, val/acc 1.273e-01, val/nll 3.769e+00
[2023-02-03 01:41:56] [Epoch    46/  200] trn/loss 3.270e+00, trn/lr 8.777e-02, val/acc 9.281e-02, val/nll 4.155e+00
[2023-02-03 01:41:58] [Epoch    47/  200] trn/loss 3.235e+00, trn/lr 8.725e-02, val/acc 1.196e-01, val/nll 3.967e+00
[2023-02-03 01:42:00] [Epoch    48/  200] trn/loss 3.244e+00, trn/lr 8.672e-02, val/acc 1.405e-02, val/nll 8.549e+00
[2023-02-03 01:42:02] [Epoch    49/  200] trn/loss 3.243e+00, trn/lr 8.618e-02, val/acc 8.053e-02, val/nll 4.909e+00
[2023-02-03 01:42:04] [Epoch    50/  200] trn/loss 3.218e+00, trn/lr 8.563e-02, val/acc 6.394e-02, val/nll 4.754e+00
[2023-02-03 01:42:06] [Epoch    51/  200] trn/loss 3.229e+00, trn/lr 8.508e-02, val/acc 1.015e-01, val/nll 4.134e+00
[2023-02-03 01:42:08] [Epoch    52/  200] trn/loss 3.215e+00, trn/lr 8.451e-02, val/acc 7.456e-02, val/nll 4.655e+00
[2023-02-03 01:42:10] [Epoch    53/  200] trn/loss 3.218e+00, trn/lr 8.394e-02, val/acc 4.690e-02, val/nll 7.089e+00
[2023-02-03 01:42:12] [Epoch    54/  200] trn/loss 3.189e+00, trn/lr 8.336e-02, val/acc 1.114e-01, val/nll 4.150e+00
[2023-02-03 01:42:14] [Epoch    55/  200] trn/loss 3.173e+00, trn/lr 8.277e-02, val/acc 8.827e-02, val/nll 4.627e+00
[2023-02-03 01:42:15] [Epoch    56/  200] trn/loss 3.207e+00, trn/lr 8.217e-02, val/acc 9.204e-02, val/nll 4.130e+00
[2023-02-03 01:42:18] [Epoch    57/  200] trn/loss 3.176e+00, trn/lr 8.157e-02, val/acc 1.466e-01, val/nll 3.594e+00 (best_acc: 1.448e-01 -> 1.466e-01, test_acc: 1.508e-01, test_nll: 3.572e+00)
[2023-02-03 01:42:20] [Epoch    58/  200] trn/loss 3.175e+00, trn/lr 8.096e-02, val/acc 1.025e-01, val/nll 4.384e+00
[2023-02-03 01:42:22] [Epoch    59/  200] trn/loss 3.184e+00, trn/lr 8.034e-02, val/acc 1.496e-01, val/nll 3.589e+00 (best_acc: 1.466e-01 -> 1.496e-01, test_acc: 1.529e-01, test_nll: 3.558e+00)
[2023-02-03 01:42:24] [Epoch    60/  200] trn/loss 3.155e+00, trn/lr 7.971e-02, val/acc 1.181e-01, val/nll 4.044e+00
[2023-02-03 01:42:25] [Epoch    61/  200] trn/loss 3.159e+00, trn/lr 7.907e-02, val/acc 1.374e-01, val/nll 3.841e+00
[2023-02-03 01:42:27] [Epoch    62/  200] trn/loss 3.160e+00, trn/lr 7.843e-02, val/acc 1.271e-01, val/nll 3.969e+00
[2023-02-03 01:42:29] [Epoch    63/  200] trn/loss 3.168e+00, trn/lr 7.778e-02, val/acc 5.608e-02, val/nll 5.867e+00
[2023-02-03 01:42:31] [Epoch    64/  200] trn/loss 3.155e+00, trn/lr 7.712e-02, val/acc 1.122e-01, val/nll 4.325e+00
[2023-02-03 01:42:33] [Epoch    65/  200] trn/loss 3.148e+00, trn/lr 7.646e-02, val/acc 1.143e-01, val/nll 3.916e+00
[2023-02-03 01:42:35] [Epoch    66/  200] trn/loss 3.149e+00, trn/lr 7.579e-02, val/acc 1.338e-01, val/nll 3.824e+00
[2023-02-03 01:42:37] [Epoch    67/  200] trn/loss 3.135e+00, trn/lr 7.512e-02, val/acc 7.898e-02, val/nll 4.901e+00
[2023-02-03 01:42:39] [Epoch    68/  200] trn/loss 3.121e+00, trn/lr 7.443e-02, val/acc 8.341e-02, val/nll 6.192e+00
[2023-02-03 01:42:41] [Epoch    69/  200] trn/loss 3.139e+00, trn/lr 7.374e-02, val/acc 1.042e-01, val/nll 4.090e+00
[2023-02-03 01:42:43] [Epoch    70/  200] trn/loss 3.112e+00, trn/lr 7.305e-02, val/acc 1.263e-01, val/nll 3.892e+00
[2023-02-03 01:42:45] [Epoch    71/  200] trn/loss 3.120e+00, trn/lr 7.235e-02, val/acc 7.434e-02, val/nll 4.681e+00
[2023-02-03 01:42:47] [Epoch    72/  200] trn/loss 3.104e+00, trn/lr 7.165e-02, val/acc 1.231e-01, val/nll 4.209e+00
[2023-02-03 01:42:49] [Epoch    73/  200] trn/loss 3.105e+00, trn/lr 7.093e-02, val/acc 9.181e-02, val/nll 4.702e+00
[2023-02-03 01:42:51] [Epoch    74/  200] trn/loss 3.085e+00, trn/lr 7.022e-02, val/acc 1.002e-01, val/nll 4.116e+00
[2023-02-03 01:42:53] [Epoch    75/  200] trn/loss 3.103e+00, trn/lr 6.950e-02, val/acc 8.949e-02, val/nll 4.286e+00
[2023-02-03 01:42:54] [Epoch    76/  200] trn/loss 3.079e+00, trn/lr 6.877e-02, val/acc 1.425e-01, val/nll 3.727e+00
[2023-02-03 01:42:56] [Epoch    77/  200] trn/loss 3.084e+00, trn/lr 6.804e-02, val/acc 1.030e-01, val/nll 4.229e+00
[2023-02-03 01:42:58] [Epoch    78/  200] trn/loss 3.065e+00, trn/lr 6.731e-02, val/acc 6.405e-02, val/nll 5.665e+00
[2023-02-03 01:43:00] [Epoch    79/  200] trn/loss 3.069e+00, trn/lr 6.657e-02, val/acc 1.084e-01, val/nll 4.175e+00
[2023-02-03 01:43:02] [Epoch    80/  200] trn/loss 3.066e+00, trn/lr 6.583e-02, val/acc 1.025e-01, val/nll 4.508e+00
[2023-02-03 01:43:04] [Epoch    81/  200] trn/loss 3.049e+00, trn/lr 6.508e-02, val/acc 1.279e-01, val/nll 3.945e+00
[2023-02-03 01:43:06] [Epoch    82/  200] trn/loss 3.041e+00, trn/lr 6.433e-02, val/acc 1.343e-01, val/nll 4.034e+00
[2023-02-03 01:43:08] [Epoch    83/  200] trn/loss 3.051e+00, trn/lr 6.357e-02, val/acc 1.236e-01, val/nll 4.436e+00
[2023-02-03 01:43:10] [Epoch    84/  200] trn/loss 3.049e+00, trn/lr 6.282e-02, val/acc 1.648e-01, val/nll 3.526e+00 (best_acc: 1.496e-01 -> 1.648e-01, test_acc: 1.703e-01, test_nll: 3.512e+00)
[2023-02-03 01:43:12] [Epoch    85/  200] trn/loss 3.028e+00, trn/lr 6.206e-02, val/acc 1.294e-01, val/nll 4.128e+00
[2023-02-03 01:43:14] [Epoch    86/  200] trn/loss 3.028e+00, trn/lr 6.129e-02, val/acc 1.627e-01, val/nll 3.697e+00
[2023-02-03 01:43:16] [Epoch    87/  200] trn/loss 3.015e+00, trn/lr 6.053e-02, val/acc 8.750e-02, val/nll 4.303e+00
[2023-02-03 01:43:18] [Epoch    88/  200] trn/loss 3.029e+00, trn/lr 5.976e-02, val/acc 1.337e-01, val/nll 3.788e+00
[2023-02-03 01:43:20] [Epoch    89/  200] trn/loss 3.020e+00, trn/lr 5.899e-02, val/acc 7.235e-02, val/nll 5.164e+00
[2023-02-03 01:43:22] [Epoch    90/  200] trn/loss 3.020e+00, trn/lr 5.821e-02, val/acc 1.612e-01, val/nll 3.586e+00
[2023-02-03 01:43:23] [Epoch    91/  200] trn/loss 2.989e+00, trn/lr 5.744e-02, val/acc 9.369e-02, val/nll 4.859e+00
[2023-02-03 01:43:25] [Epoch    92/  200] trn/loss 2.994e+00, trn/lr 5.666e-02, val/acc 1.308e-01, val/nll 3.886e+00
[2023-02-03 01:43:27] [Epoch    93/  200] trn/loss 2.986e+00, trn/lr 5.588e-02, val/acc 1.369e-01, val/nll 4.001e+00
[2023-02-03 01:43:29] [Epoch    94/  200] trn/loss 2.973e+00, trn/lr 5.510e-02, val/acc 1.782e-01, val/nll 3.497e+00 (best_acc: 1.648e-01 -> 1.782e-01, test_acc: 1.782e-01, test_nll: 3.474e+00)
[2023-02-03 01:43:31] [Epoch    95/  200] trn/loss 2.983e+00, trn/lr 5.432e-02, val/acc 1.555e-01, val/nll 3.973e+00
[2023-02-03 01:43:33] [Epoch    96/  200] trn/loss 2.985e+00, trn/lr 5.353e-02, val/acc 8.374e-02, val/nll 4.591e+00
[2023-02-03 01:43:35] [Epoch    97/  200] trn/loss 2.955e+00, trn/lr 5.275e-02, val/acc 1.513e-01, val/nll 3.672e+00
[2023-02-03 01:43:37] [Epoch    98/  200] trn/loss 2.984e+00, trn/lr 5.197e-02, val/acc 1.520e-01, val/nll 3.732e+00
[2023-02-03 01:43:39] [Epoch    99/  200] trn/loss 2.949e+00, trn/lr 5.118e-02, val/acc 1.302e-01, val/nll 3.965e+00
[2023-02-03 01:43:41] [Epoch   100/  200] trn/loss 2.951e+00, trn/lr 5.040e-02, val/acc 1.781e-01, val/nll 3.464e+00
[2023-02-03 01:43:43] [Epoch   101/  200] trn/loss 2.936e+00, trn/lr 4.961e-02, val/acc 1.705e-01, val/nll 3.568e+00
[2023-02-03 01:43:45] [Epoch   102/  200] trn/loss 2.927e+00, trn/lr 4.882e-02, val/acc 1.451e-01, val/nll 3.856e+00
[2023-02-03 01:43:47] [Epoch   103/  200] trn/loss 2.916e+00, trn/lr 4.804e-02, val/acc 1.702e-01, val/nll 3.487e+00
[2023-02-03 01:43:48] [Epoch   104/  200] trn/loss 2.922e+00, trn/lr 4.725e-02, val/acc 1.519e-01, val/nll 3.848e+00
[2023-02-03 01:43:51] [Epoch   105/  200] trn/loss 2.899e+00, trn/lr 4.647e-02, val/acc 2.288e-01, val/nll 3.070e+00 (best_acc: 1.782e-01 -> 2.288e-01, test_acc: 2.293e-01, test_nll: 3.045e+00)
[2023-02-03 01:43:52] [Epoch   106/  200] trn/loss 2.888e+00, trn/lr 4.569e-02, val/acc 8.462e-02, val/nll 5.290e+00
[2023-02-03 01:43:54] [Epoch   107/  200] trn/loss 2.887e+00, trn/lr 4.491e-02, val/acc 1.531e-01, val/nll 3.637e+00
[2023-02-03 01:43:56] [Epoch   108/  200] trn/loss 2.888e+00, trn/lr 4.413e-02, val/acc 2.069e-01, val/nll 3.235e+00
[2023-02-03 01:43:58] [Epoch   109/  200] trn/loss 2.878e+00, trn/lr 4.335e-02, val/acc 1.670e-01, val/nll 3.789e+00
[2023-02-03 01:44:00] [Epoch   110/  200] trn/loss 2.896e+00, trn/lr 4.257e-02, val/acc 1.142e-01, val/nll 4.642e+00
[2023-02-03 01:44:02] [Epoch   111/  200] trn/loss 2.860e+00, trn/lr 4.179e-02, val/acc 2.139e-01, val/nll 3.206e+00
[2023-02-03 01:44:04] [Epoch   112/  200] trn/loss 2.888e+00, trn/lr 4.102e-02, val/acc 1.285e-01, val/nll 3.982e+00
[2023-02-03 01:44:06] [Epoch   113/  200] trn/loss 2.863e+00, trn/lr 4.025e-02, val/acc 2.067e-01, val/nll 3.246e+00
[2023-02-03 01:44:08] [Epoch   114/  200] trn/loss 2.831e+00, trn/lr 3.948e-02, val/acc 1.716e-01, val/nll 3.472e+00
[2023-02-03 01:44:10] [Epoch   115/  200] trn/loss 2.842e+00, trn/lr 3.871e-02, val/acc 1.200e-01, val/nll 4.247e+00
[2023-02-03 01:44:12] [Epoch   116/  200] trn/loss 2.826e+00, trn/lr 3.795e-02, val/acc 2.269e-01, val/nll 3.124e+00
[2023-02-03 01:44:14] [Epoch   117/  200] trn/loss 2.817e+00, trn/lr 3.719e-02, val/acc 2.229e-01, val/nll 3.236e+00
[2023-02-03 01:44:16] [Epoch   118/  200] trn/loss 2.817e+00, trn/lr 3.643e-02, val/acc 1.597e-01, val/nll 3.665e+00
[2023-02-03 01:44:17] [Epoch   119/  200] trn/loss 2.806e+00, trn/lr 3.568e-02, val/acc 1.180e-01, val/nll 4.301e+00
[2023-02-03 01:44:19] [Epoch   120/  200] trn/loss 2.791e+00, trn/lr 3.493e-02, val/acc 2.326e-01, val/nll 3.161e+00 (best_acc: 2.288e-01 -> 2.326e-01, test_acc: 2.283e-01, test_nll: 3.133e+00)
[2023-02-03 01:44:22] [Epoch   121/  200] trn/loss 2.786e+00, trn/lr 3.418e-02, val/acc 2.485e-01, val/nll 3.051e+00 (best_acc: 2.326e-01 -> 2.485e-01, test_acc: 2.503e-01, test_nll: 3.024e+00)
[2023-02-03 01:44:23] [Epoch   122/  200] trn/loss 2.757e+00, trn/lr 3.344e-02, val/acc 1.306e-01, val/nll 4.345e+00
[2023-02-03 01:44:25] [Epoch   123/  200] trn/loss 2.771e+00, trn/lr 3.270e-02, val/acc 2.008e-01, val/nll 3.437e+00
[2023-02-03 01:44:27] [Epoch   124/  200] trn/loss 2.755e+00, trn/lr 3.196e-02, val/acc 2.458e-01, val/nll 3.132e+00
[2023-02-03 01:44:29] [Epoch   125/  200] trn/loss 2.766e+00, trn/lr 3.123e-02, val/acc 2.178e-01, val/nll 3.124e+00
[2023-02-03 01:44:31] [Epoch   126/  200] trn/loss 2.721e+00, trn/lr 3.051e-02, val/acc 9.690e-02, val/nll 4.924e+00
[2023-02-03 01:44:33] [Epoch   127/  200] trn/loss 2.734e+00, trn/lr 2.979e-02, val/acc 1.513e-01, val/nll 3.898e+00
[2023-02-03 01:44:35] [Epoch   128/  200] trn/loss 2.713e+00, trn/lr 2.907e-02, val/acc 1.967e-01, val/nll 3.363e+00
[2023-02-03 01:44:37] [Epoch   129/  200] trn/loss 2.722e+00, trn/lr 2.836e-02, val/acc 2.281e-01, val/nll 3.185e+00
[2023-02-03 01:44:39] [Epoch   130/  200] trn/loss 2.718e+00, trn/lr 2.765e-02, val/acc 2.133e-01, val/nll 3.288e+00
[2023-02-03 01:44:41] [Epoch   131/  200] trn/loss 2.696e+00, trn/lr 2.695e-02, val/acc 2.360e-01, val/nll 3.171e+00
[2023-02-03 01:44:43] [Epoch   132/  200] trn/loss 2.691e+00, trn/lr 2.626e-02, val/acc 2.074e-01, val/nll 3.324e+00
[2023-02-03 01:44:45] [Epoch   133/  200] trn/loss 2.683e+00, trn/lr 2.557e-02, val/acc 1.619e-01, val/nll 3.727e+00
[2023-02-03 01:44:47] [Epoch   134/  200] trn/loss 2.677e+00, trn/lr 2.489e-02, val/acc 2.270e-01, val/nll 3.128e+00
[2023-02-03 01:44:49] [Epoch   135/  200] trn/loss 2.656e+00, trn/lr 2.421e-02, val/acc 9.015e-02, val/nll 5.467e+00
[2023-02-03 01:44:51] [Epoch   136/  200] trn/loss 2.641e+00, trn/lr 2.354e-02, val/acc 2.419e-01, val/nll 3.109e+00
[2023-02-03 01:44:52] [Epoch   137/  200] trn/loss 2.623e+00, trn/lr 2.288e-02, val/acc 1.247e-01, val/nll 4.125e+00
[2023-02-03 01:44:54] [Epoch   138/  200] trn/loss 2.629e+00, trn/lr 2.222e-02, val/acc 1.319e-01, val/nll 4.814e+00
[2023-02-03 01:44:56] [Epoch   139/  200] trn/loss 2.615e+00, trn/lr 2.157e-02, val/acc 1.726e-01, val/nll 3.753e+00
[2023-02-03 01:44:58] [Epoch   140/  200] trn/loss 2.599e+00, trn/lr 2.093e-02, val/acc 2.071e-01, val/nll 3.286e+00
[2023-02-03 01:45:00] [Epoch   141/  200] trn/loss 2.607e+00, trn/lr 2.030e-02, val/acc 2.559e-01, val/nll 2.990e+00 (best_acc: 2.485e-01 -> 2.559e-01, test_acc: 2.516e-01, test_nll: 2.959e+00)
[2023-02-03 01:45:02] [Epoch   142/  200] trn/loss 2.579e+00, trn/lr 1.967e-02, val/acc 2.462e-01, val/nll 3.057e+00
[2023-02-03 01:45:04] [Epoch   143/  200] trn/loss 2.563e+00, trn/lr 1.905e-02, val/acc 2.485e-01, val/nll 3.022e+00
[2023-02-03 01:45:06] [Epoch   144/  200] trn/loss 2.560e+00, trn/lr 1.843e-02, val/acc 1.347e-01, val/nll 4.334e+00
[2023-02-03 01:45:08] [Epoch   145/  200] trn/loss 2.559e+00, trn/lr 1.783e-02, val/acc 2.699e-01, val/nll 2.903e+00 (best_acc: 2.559e-01 -> 2.699e-01, test_acc: 2.719e-01, test_nll: 2.891e+00)
[2023-02-03 01:45:10] [Epoch   146/  200] trn/loss 2.540e+00, trn/lr 1.723e-02, val/acc 3.003e-01, val/nll 2.705e+00 (best_acc: 2.699e-01 -> 3.003e-01, test_acc: 3.018e-01, test_nll: 2.687e+00)
[2023-02-03 01:45:12] [Epoch   147/  200] trn/loss 2.537e+00, trn/lr 1.664e-02, val/acc 2.698e-01, val/nll 2.923e+00
[2023-02-03 01:45:14] [Epoch   148/  200] trn/loss 2.519e+00, trn/lr 1.606e-02, val/acc 2.814e-01, val/nll 2.858e+00
[2023-02-03 01:45:16] [Epoch   149/  200] trn/loss 2.509e+00, trn/lr 1.549e-02, val/acc 2.673e-01, val/nll 2.854e+00
[2023-02-03 01:45:18] [Epoch   150/  200] trn/loss 2.483e+00, trn/lr 1.493e-02, val/acc 2.914e-01, val/nll 2.747e+00
[2023-02-03 01:45:20] [Epoch   151/  200] trn/loss 2.496e+00, trn/lr 1.437e-02, val/acc 2.513e-01, val/nll 3.071e+00
[2023-02-03 01:45:22] [Epoch   152/  200] trn/loss 2.475e+00, trn/lr 1.382e-02, val/acc 2.350e-01, val/nll 3.177e+00
[2023-02-03 01:45:24] [Epoch   153/  200] trn/loss 2.453e+00, trn/lr 1.329e-02, val/acc 3.187e-01, val/nll 2.635e+00 (best_acc: 3.003e-01 -> 3.187e-01, test_acc: 3.224e-01, test_nll: 2.604e+00)
[2023-02-03 01:45:26] [Epoch   154/  200] trn/loss 2.452e+00, trn/lr 1.276e-02, val/acc 3.243e-01, val/nll 2.615e+00 (best_acc: 3.187e-01 -> 3.243e-01, test_acc: 3.233e-01, test_nll: 2.597e+00)
[2023-02-03 01:45:28] [Epoch   155/  200] trn/loss 2.441e+00, trn/lr 1.224e-02, val/acc 1.877e-01, val/nll 3.636e+00
[2023-02-03 01:45:30] [Epoch   156/  200] trn/loss 2.433e+00, trn/lr 1.173e-02, val/acc 2.715e-01, val/nll 2.911e+00
[2023-02-03 01:45:32] [Epoch   157/  200] trn/loss 2.434e+00, trn/lr 1.123e-02, val/acc 3.365e-01, val/nll 2.570e+00 (best_acc: 3.243e-01 -> 3.365e-01, test_acc: 3.344e-01, test_nll: 2.538e+00)
[2023-02-03 01:45:34] [Epoch   158/  200] trn/loss 2.394e+00, trn/lr 1.074e-02, val/acc 3.119e-01, val/nll 2.716e+00
[2023-02-03 01:45:36] [Epoch   159/  200] trn/loss 2.395e+00, trn/lr 1.025e-02, val/acc 2.482e-01, val/nll 3.080e+00
[2023-02-03 01:45:38] [Epoch   160/  200] trn/loss 2.384e+00, trn/lr 9.783e-03, val/acc 3.035e-01, val/nll 2.747e+00
[2023-02-03 01:45:39] [Epoch   161/  200] trn/loss 2.369e+00, trn/lr 9.321e-03, val/acc 3.350e-01, val/nll 2.526e+00
[2023-02-03 01:45:42] [Epoch   162/  200] trn/loss 2.361e+00, trn/lr 8.870e-03, val/acc 3.499e-01, val/nll 2.517e+00 (best_acc: 3.365e-01 -> 3.499e-01, test_acc: 3.465e-01, test_nll: 2.500e+00)
[2023-02-03 01:45:43] [Epoch   163/  200] trn/loss 2.354e+00, trn/lr 8.428e-03, val/acc 2.390e-01, val/nll 3.248e+00
[2023-02-03 01:45:45] [Epoch   164/  200] trn/loss 2.343e+00, trn/lr 7.997e-03, val/acc 2.006e-01, val/nll 3.478e+00
[2023-02-03 01:45:47] [Epoch   165/  200] trn/loss 2.333e+00, trn/lr 7.576e-03, val/acc 3.018e-01, val/nll 2.704e+00
[2023-02-03 01:45:49] [Epoch   166/  200] trn/loss 2.308e+00, trn/lr 7.166e-03, val/acc 3.220e-01, val/nll 2.597e+00
[2023-02-03 01:45:51] [Epoch   167/  200] trn/loss 2.301e+00, trn/lr 6.766e-03, val/acc 3.406e-01, val/nll 2.544e+00
[2023-02-03 01:45:53] [Epoch   168/  200] trn/loss 2.291e+00, trn/lr 6.377e-03, val/acc 3.118e-01, val/nll 2.653e+00
[2023-02-03 01:45:55] [Epoch   169/  200] trn/loss 2.272e+00, trn/lr 5.998e-03, val/acc 3.487e-01, val/nll 2.528e+00
[2023-02-03 01:45:57] [Epoch   170/  200] trn/loss 2.271e+00, trn/lr 5.631e-03, val/acc 3.503e-01, val/nll 2.481e+00 (best_acc: 3.499e-01 -> 3.503e-01, test_acc: 3.553e-01, test_nll: 2.457e+00)
[2023-02-03 01:45:59] [Epoch   171/  200] trn/loss 2.245e+00, trn/lr 5.274e-03, val/acc 3.373e-01, val/nll 2.534e+00
[2023-02-03 01:46:01] [Epoch   172/  200] trn/loss 2.238e+00, trn/lr 4.929e-03, val/acc 3.533e-01, val/nll 2.472e+00 (best_acc: 3.503e-01 -> 3.533e-01, test_acc: 3.612e-01, test_nll: 2.427e+00)
[2023-02-03 01:46:03] [Epoch   173/  200] trn/loss 2.227e+00, trn/lr 4.594e-03, val/acc 3.678e-01, val/nll 2.412e+00 (best_acc: 3.533e-01 -> 3.678e-01, test_acc: 3.810e-01, test_nll: 2.367e+00)
[2023-02-03 01:46:05] [Epoch   174/  200] trn/loss 2.211e+00, trn/lr 4.271e-03, val/acc 3.625e-01, val/nll 2.442e+00
[2023-02-03 01:46:07] [Epoch   175/  200] trn/loss 2.192e+00, trn/lr 3.959e-03, val/acc 3.844e-01, val/nll 2.313e+00 (best_acc: 3.678e-01 -> 3.844e-01, test_acc: 3.871e-01, test_nll: 2.284e+00)
[2023-02-03 01:46:09] [Epoch   176/  200] trn/loss 2.188e+00, trn/lr 3.659e-03, val/acc 3.826e-01, val/nll 2.308e+00
[2023-02-03 01:46:11] [Epoch   177/  200] trn/loss 2.170e+00, trn/lr 3.369e-03, val/acc 3.957e-01, val/nll 2.277e+00 (best_acc: 3.844e-01 -> 3.957e-01, test_acc: 4.003e-01, test_nll: 2.245e+00)
[2023-02-03 01:46:13] [Epoch   178/  200] trn/loss 2.166e+00, trn/lr 3.092e-03, val/acc 3.744e-01, val/nll 2.376e+00
[2023-02-03 01:46:15] [Epoch   179/  200] trn/loss 2.150e+00, trn/lr 2.826e-03, val/acc 3.760e-01, val/nll 2.376e+00
[2023-02-03 01:46:17] [Epoch   180/  200] trn/loss 2.130e+00, trn/lr 2.571e-03, val/acc 4.148e-01, val/nll 2.214e+00 (best_acc: 3.957e-01 -> 4.148e-01, test_acc: 4.219e-01, test_nll: 2.185e+00)
[2023-02-03 01:46:19] [Epoch   181/  200] trn/loss 2.119e+00, trn/lr 2.329e-03, val/acc 4.199e-01, val/nll 2.173e+00 (best_acc: 4.148e-01 -> 4.199e-01, test_acc: 4.267e-01, test_nll: 2.141e+00)
[2023-02-03 01:46:21] [Epoch   182/  200] trn/loss 2.106e+00, trn/lr 2.098e-03, val/acc 3.980e-01, val/nll 2.249e+00
[2023-02-03 01:46:23] [Epoch   183/  200] trn/loss 2.092e+00, trn/lr 1.878e-03, val/acc 4.202e-01, val/nll 2.183e+00 (best_acc: 4.199e-01 -> 4.202e-01, test_acc: 4.202e-01, test_nll: 2.146e+00)
[2023-02-03 01:46:25] [Epoch   184/  200] trn/loss 2.085e+00, trn/lr 1.671e-03, val/acc 4.179e-01, val/nll 2.160e+00
[2023-02-03 01:46:27] [Epoch   185/  200] trn/loss 2.073e+00, trn/lr 1.476e-03, val/acc 4.183e-01, val/nll 2.168e+00
[2023-02-03 01:46:29] [Epoch   186/  200] trn/loss 2.055e+00, trn/lr 1.292e-03, val/acc 4.205e-01, val/nll 2.170e+00 (best_acc: 4.202e-01 -> 4.205e-01, test_acc: 4.282e-01, test_nll: 2.136e+00)
[2023-02-03 01:46:31] [Epoch   187/  200] trn/loss 2.040e+00, trn/lr 1.121e-03, val/acc 4.338e-01, val/nll 2.083e+00 (best_acc: 4.205e-01 -> 4.338e-01, test_acc: 4.503e-01, test_nll: 2.049e+00)
[2023-02-03 01:46:33] [Epoch   188/  200] trn/loss 2.023e+00, trn/lr 9.617e-04, val/acc 4.336e-01, val/nll 2.110e+00
[2023-02-03 01:46:35] [Epoch   189/  200] trn/loss 2.019e+00, trn/lr 8.145e-04, val/acc 4.319e-01, val/nll 2.095e+00
[2023-02-03 01:46:37] [Epoch   190/  200] trn/loss 2.004e+00, trn/lr 6.794e-04, val/acc 4.446e-01, val/nll 2.050e+00 (best_acc: 4.338e-01 -> 4.446e-01, test_acc: 4.544e-01, test_nll: 2.021e+00)
[2023-02-03 01:46:39] [Epoch   191/  200] trn/loss 1.989e+00, trn/lr 5.565e-04, val/acc 4.508e-01, val/nll 2.036e+00 (best_acc: 4.446e-01 -> 4.508e-01, test_acc: 4.568e-01, test_nll: 2.006e+00)
[2023-02-03 01:46:41] [Epoch   192/  200] trn/loss 1.984e+00, trn/lr 4.458e-04, val/acc 4.503e-01, val/nll 2.028e+00
[2023-02-03 01:46:43] [Epoch   193/  200] trn/loss 1.965e+00, trn/lr 3.474e-04, val/acc 4.543e-01, val/nll 2.017e+00 (best_acc: 4.508e-01 -> 4.543e-01, test_acc: 4.687e-01, test_nll: 1.982e+00)
[2023-02-03 01:46:45] [Epoch   194/  200] trn/loss 1.962e+00, trn/lr 2.612e-04, val/acc 4.537e-01, val/nll 2.013e+00
[2023-02-03 01:46:47] [Epoch   195/  200] trn/loss 1.955e+00, trn/lr 1.872e-04, val/acc 4.597e-01, val/nll 2.000e+00 (best_acc: 4.543e-01 -> 4.597e-01, test_acc: 4.667e-01, test_nll: 1.971e+00)
[2023-02-03 01:46:49] [Epoch   196/  200] trn/loss 1.945e+00, trn/lr 1.255e-04, val/acc 4.555e-01, val/nll 2.002e+00
[2023-02-03 01:46:51] [Epoch   197/  200] trn/loss 1.941e+00, trn/lr 7.619e-05, val/acc 4.600e-01, val/nll 1.996e+00 (best_acc: 4.597e-01 -> 4.600e-01, test_acc: 4.667e-01, test_nll: 1.965e+00)
[2023-02-03 01:46:53] [Epoch   198/  200] trn/loss 1.938e+00, trn/lr 3.916e-05, val/acc 4.618e-01, val/nll 1.993e+00 (best_acc: 4.600e-01 -> 4.618e-01, test_acc: 4.677e-01, test_nll: 1.963e+00)
[2023-02-03 01:46:55] [Epoch   199/  200] trn/loss 1.935e+00, trn/lr 1.445e-05, val/acc 4.616e-01, val/nll 1.994e+00
[2023-02-03 01:46:57] [Epoch   200/  200] trn/loss 1.934e+00, trn/lr 2.075e-06, val/acc 4.594e-01, val/nll 1.993e+00
