[2023-04-10 16:25:45] Environments:
------------  --------------------------------------------------------------------------------
sys.platform  linux
Python        3.10.8 (main, Nov 24 2022, 14:13:03) [GCC 11.2.0]
JAX           0.4.1 @/mnt/home/giung/.conda/envs/jax-vessl/lib/python3.10/site-packages/jax
jaxlib        0.4.1 @/mnt/home/giung/.conda/envs/jax-vessl/lib/python3.10/site-packages/jaxlib
Flax          0.6.3 @/mnt/home/giung/.conda/envs/jax-vessl/lib/python3.10/site-packages/flax
Optax         0.1.4 @/mnt/home/giung/.conda/envs/jax-vessl/lib/python3.10/site-packages/optax
------------  --------------------------------------------------------------------------------

[2023-04-10 16:25:45] Command line arguments:
- args.data_root          : ./data/
- args.data_name          : TinyImageNet200_x64
- args.data_augmentation  : standard
- args.data_proportional  : 1.0
- args.model_name         : FlaxPreResNet
- args.model_depth        : 28
- args.model_width        : 10
- args.model_style        : BN-ReLU
- args.optim_bs           : 256
- args.optim_ne           : 200
- args.optim_lr           : 0.1
- args.optim_momentum     : 0.97
- args.optim_weight_decay : 0.0003
- args.save               : /mnt/home/giung/giung2-dev/projects/residual-networks/save/TinyImageNet200_x64/WRN28x10-BN-ReLU/bs-0256_ne-0200_lr-0.10_mo-0.97_wd-0.0003_fp32/42
- args.seed               : 42
- args.precision          : fp32

[2023-04-10 16:32:59] [Epoch     1/  200] trn/loss 4.643e+00, trn/lr 1.000e-01, val/acc 8.717e-02, val/nll 4.372e+00 (best_acc: 0.000e+00 -> 8.717e-02, test_acc: 8.230e-02, test_nll: 4.359e+00)
[2023-04-10 16:39:11] [Epoch     2/  200] trn/loss 3.972e+00, trn/lr 9.999e-02, val/acc 1.226e-01, val/nll 4.094e+00 (best_acc: 8.717e-02 -> 1.226e-01, test_acc: 1.247e-01, test_nll: 4.071e+00)
[2023-04-10 16:45:22] [Epoch     3/  200] trn/loss 3.685e+00, trn/lr 9.996e-02, val/acc 1.493e-01, val/nll 3.912e+00 (best_acc: 1.226e-01 -> 1.493e-01, test_acc: 1.497e-01, test_nll: 3.908e+00)
[2023-04-10 16:51:33] [Epoch     4/  200] trn/loss 3.457e+00, trn/lr 9.992e-02, val/acc 1.836e-01, val/nll 3.735e+00 (best_acc: 1.493e-01 -> 1.836e-01, test_acc: 1.839e-01, test_nll: 3.740e+00)
[2023-04-10 16:57:45] [Epoch     5/  200] trn/loss 3.267e+00, trn/lr 9.987e-02, val/acc 2.252e-01, val/nll 3.391e+00 (best_acc: 1.836e-01 -> 2.252e-01, test_acc: 2.310e-01, test_nll: 3.398e+00)
[2023-04-10 17:03:56] [Epoch     6/  200] trn/loss 3.096e+00, trn/lr 9.981e-02, val/acc 2.532e-01, val/nll 3.229e+00 (best_acc: 2.252e-01 -> 2.532e-01, test_acc: 2.495e-01, test_nll: 3.254e+00)
[2023-04-10 17:10:06] [Epoch     7/  200] trn/loss 2.954e+00, trn/lr 9.974e-02, val/acc 2.643e-01, val/nll 3.291e+00 (best_acc: 2.532e-01 -> 2.643e-01, test_acc: 2.637e-01, test_nll: 3.267e+00)
[2023-04-10 17:16:17] [Epoch     8/  200] trn/loss 2.847e+00, trn/lr 9.965e-02, val/acc 2.979e-01, val/nll 3.048e+00 (best_acc: 2.643e-01 -> 2.979e-01, test_acc: 3.032e-01, test_nll: 3.043e+00)
[2023-04-10 17:22:10] [Epoch     9/  200] trn/loss 2.735e+00, trn/lr 9.955e-02, val/acc 2.379e-01, val/nll 3.519e+00
[2023-04-10 17:28:04] [Epoch    10/  200] trn/loss 2.656e+00, trn/lr 9.944e-02, val/acc 2.916e-01, val/nll 3.079e+00
[2023-04-10 17:34:14] [Epoch    11/  200] trn/loss 2.577e+00, trn/lr 9.932e-02, val/acc 3.090e-01, val/nll 2.988e+00 (best_acc: 2.979e-01 -> 3.090e-01, test_acc: 3.056e-01, test_nll: 3.003e+00)
[2023-04-10 17:40:06] [Epoch    12/  200] trn/loss 2.513e+00, trn/lr 9.919e-02, val/acc 3.084e-01, val/nll 3.047e+00
[2023-04-10 17:46:16] [Epoch    13/  200] trn/loss 2.459e+00, trn/lr 9.904e-02, val/acc 3.192e-01, val/nll 2.910e+00 (best_acc: 3.090e-01 -> 3.192e-01, test_acc: 3.250e-01, test_nll: 2.904e+00)
[2023-04-10 17:52:09] [Epoch    14/  200] trn/loss 2.392e+00, trn/lr 9.888e-02, val/acc 3.037e-01, val/nll 3.037e+00
[2023-04-10 17:58:01] [Epoch    15/  200] trn/loss 2.357e+00, trn/lr 9.871e-02, val/acc 3.121e-01, val/nll 3.020e+00
[2023-04-10 18:03:54] [Epoch    16/  200] trn/loss 2.329e+00, trn/lr 9.853e-02, val/acc 3.134e-01, val/nll 3.001e+00
[2023-04-10 18:10:03] [Epoch    17/  200] trn/loss 2.288e+00, trn/lr 9.833e-02, val/acc 3.387e-01, val/nll 2.850e+00 (best_acc: 3.192e-01 -> 3.387e-01, test_acc: 3.320e-01, test_nll: 2.871e+00)
[2023-04-10 18:16:15] [Epoch    18/  200] trn/loss 2.234e+00, trn/lr 9.812e-02, val/acc 3.666e-01, val/nll 2.684e+00 (best_acc: 3.387e-01 -> 3.666e-01, test_acc: 3.718e-01, test_nll: 2.695e+00)
[2023-04-10 18:22:27] [Epoch    19/  200] trn/loss 2.213e+00, trn/lr 9.790e-02, val/acc 3.806e-01, val/nll 2.603e+00 (best_acc: 3.666e-01 -> 3.806e-01, test_acc: 3.750e-01, test_nll: 2.639e+00)
[2023-04-10 18:28:21] [Epoch    20/  200] trn/loss 2.207e+00, trn/lr 9.767e-02, val/acc 3.497e-01, val/nll 2.800e+00
[2023-04-10 18:34:15] [Epoch    21/  200] trn/loss 2.189e+00, trn/lr 9.743e-02, val/acc 3.373e-01, val/nll 2.894e+00
[2023-04-10 18:40:08] [Epoch    22/  200] trn/loss 2.164e+00, trn/lr 9.718e-02, val/acc 3.721e-01, val/nll 2.691e+00
[2023-04-10 18:46:19] [Epoch    23/  200] trn/loss 2.153e+00, trn/lr 9.691e-02, val/acc 3.988e-01, val/nll 2.571e+00 (best_acc: 3.806e-01 -> 3.988e-01, test_acc: 3.910e-01, test_nll: 2.589e+00)
[2023-04-10 18:52:13] [Epoch    24/  200] trn/loss 2.134e+00, trn/lr 9.663e-02, val/acc 3.930e-01, val/nll 2.561e+00
[2023-04-10 18:58:06] [Epoch    25/  200] trn/loss 2.105e+00, trn/lr 9.634e-02, val/acc 3.598e-01, val/nll 2.764e+00
[2023-04-10 19:04:00] [Epoch    26/  200] trn/loss 2.094e+00, trn/lr 9.604e-02, val/acc 3.963e-01, val/nll 2.568e+00
[2023-04-10 19:09:54] [Epoch    27/  200] trn/loss 2.084e+00, trn/lr 9.573e-02, val/acc 3.193e-01, val/nll 3.082e+00
[2023-04-10 19:15:48] [Epoch    28/  200] trn/loss 2.063e+00, trn/lr 9.541e-02, val/acc 3.561e-01, val/nll 2.743e+00
[2023-04-10 19:21:41] [Epoch    29/  200] trn/loss 2.055e+00, trn/lr 9.507e-02, val/acc 3.634e-01, val/nll 2.734e+00
[2023-04-10 19:27:34] [Epoch    30/  200] trn/loss 2.042e+00, trn/lr 9.473e-02, val/acc 3.706e-01, val/nll 2.708e+00
[2023-04-10 19:33:45] [Epoch    31/  200] trn/loss 2.033e+00, trn/lr 9.437e-02, val/acc 3.989e-01, val/nll 2.554e+00 (best_acc: 3.988e-01 -> 3.989e-01, test_acc: 4.028e-01, test_nll: 2.563e+00)
[2023-04-10 19:39:38] [Epoch    32/  200] trn/loss 2.009e+00, trn/lr 9.400e-02, val/acc 3.630e-01, val/nll 2.844e+00
[2023-04-10 19:45:48] [Epoch    33/  200] trn/loss 2.006e+00, trn/lr 9.362e-02, val/acc 4.163e-01, val/nll 2.444e+00 (best_acc: 3.989e-01 -> 4.163e-01, test_acc: 4.179e-01, test_nll: 2.455e+00)
[2023-04-10 19:51:40] [Epoch    34/  200] trn/loss 1.991e+00, trn/lr 9.324e-02, val/acc 4.039e-01, val/nll 2.505e+00
[2023-04-10 19:57:33] [Epoch    35/  200] trn/loss 1.998e+00, trn/lr 9.284e-02, val/acc 3.934e-01, val/nll 2.607e+00
[2023-04-10 20:03:25] [Epoch    36/  200] trn/loss 1.970e+00, trn/lr 9.243e-02, val/acc 3.934e-01, val/nll 2.582e+00
[2023-04-10 20:09:17] [Epoch    37/  200] trn/loss 1.964e+00, trn/lr 9.200e-02, val/acc 3.988e-01, val/nll 2.560e+00
[2023-04-10 20:15:10] [Epoch    38/  200] trn/loss 1.959e+00, trn/lr 9.157e-02, val/acc 3.591e-01, val/nll 2.848e+00
[2023-04-10 20:21:02] [Epoch    39/  200] trn/loss 1.947e+00, trn/lr 9.113e-02, val/acc 4.018e-01, val/nll 2.531e+00
[2023-04-10 20:26:54] [Epoch    40/  200] trn/loss 1.940e+00, trn/lr 9.068e-02, val/acc 3.759e-01, val/nll 2.807e+00
[2023-04-10 20:32:46] [Epoch    41/  200] trn/loss 1.923e+00, trn/lr 9.022e-02, val/acc 3.549e-01, val/nll 2.860e+00
[2023-04-10 20:38:38] [Epoch    42/  200] trn/loss 1.915e+00, trn/lr 8.975e-02, val/acc 3.997e-01, val/nll 2.566e+00
[2023-04-10 20:44:30] [Epoch    43/  200] trn/loss 1.913e+00, trn/lr 8.927e-02, val/acc 3.530e-01, val/nll 2.861e+00
[2023-04-10 20:50:22] [Epoch    44/  200] trn/loss 1.905e+00, trn/lr 8.878e-02, val/acc 4.127e-01, val/nll 2.549e+00
[2023-04-10 20:56:14] [Epoch    45/  200] trn/loss 1.882e+00, trn/lr 8.827e-02, val/acc 3.764e-01, val/nll 2.710e+00
[2023-04-10 21:02:06] [Epoch    46/  200] trn/loss 1.882e+00, trn/lr 8.776e-02, val/acc 4.106e-01, val/nll 2.505e+00
[2023-04-10 21:07:58] [Epoch    47/  200] trn/loss 1.868e+00, trn/lr 8.725e-02, val/acc 3.530e-01, val/nll 2.892e+00
[2023-04-10 21:14:08] [Epoch    48/  200] trn/loss 1.861e+00, trn/lr 8.672e-02, val/acc 4.303e-01, val/nll 2.384e+00 (best_acc: 4.163e-01 -> 4.303e-01, test_acc: 4.332e-01, test_nll: 2.387e+00)
[2023-04-10 21:20:00] [Epoch    49/  200] trn/loss 1.852e+00, trn/lr 8.618e-02, val/acc 4.212e-01, val/nll 2.444e+00
[2023-04-10 21:25:52] [Epoch    50/  200] trn/loss 1.832e+00, trn/lr 8.563e-02, val/acc 4.158e-01, val/nll 2.457e+00
[2023-04-10 21:31:44] [Epoch    51/  200] trn/loss 1.828e+00, trn/lr 8.508e-02, val/acc 4.256e-01, val/nll 2.481e+00
[2023-04-10 21:37:36] [Epoch    52/  200] trn/loss 1.831e+00, trn/lr 8.451e-02, val/acc 4.240e-01, val/nll 2.420e+00
[2023-04-10 21:43:28] [Epoch    53/  200] trn/loss 1.813e+00, trn/lr 8.394e-02, val/acc 4.190e-01, val/nll 2.510e+00
[2023-04-10 21:49:20] [Epoch    54/  200] trn/loss 1.807e+00, trn/lr 8.336e-02, val/acc 4.030e-01, val/nll 2.536e+00
[2023-04-10 21:55:12] [Epoch    55/  200] trn/loss 1.797e+00, trn/lr 8.277e-02, val/acc 4.188e-01, val/nll 2.497e+00
[2023-04-10 22:01:04] [Epoch    56/  200] trn/loss 1.799e+00, trn/lr 8.217e-02, val/acc 4.064e-01, val/nll 2.534e+00
[2023-04-10 22:06:56] [Epoch    57/  200] trn/loss 1.781e+00, trn/lr 8.157e-02, val/acc 3.970e-01, val/nll 2.616e+00
[2023-04-10 22:12:48] [Epoch    58/  200] trn/loss 1.765e+00, trn/lr 8.096e-02, val/acc 4.019e-01, val/nll 2.554e+00
[2023-04-10 22:18:39] [Epoch    59/  200] trn/loss 1.746e+00, trn/lr 8.033e-02, val/acc 4.128e-01, val/nll 2.538e+00
[2023-04-10 22:24:31] [Epoch    60/  200] trn/loss 1.754e+00, trn/lr 7.971e-02, val/acc 4.296e-01, val/nll 2.411e+00
[2023-04-10 22:30:23] [Epoch    61/  200] trn/loss 1.752e+00, trn/lr 7.907e-02, val/acc 4.093e-01, val/nll 2.585e+00
[2023-04-10 22:36:13] [Epoch    62/  200] trn/loss 1.731e+00, trn/lr 7.843e-02, val/acc 4.147e-01, val/nll 2.573e+00
[2023-04-10 22:42:22] [Epoch    63/  200] trn/loss 1.717e+00, trn/lr 7.778e-02, val/acc 4.389e-01, val/nll 2.385e+00 (best_acc: 4.303e-01 -> 4.389e-01, test_acc: 4.394e-01, test_nll: 2.411e+00)
[2023-04-10 22:48:13] [Epoch    64/  200] trn/loss 1.721e+00, trn/lr 7.712e-02, val/acc 4.262e-01, val/nll 2.414e+00
[2023-04-10 22:54:21] [Epoch    65/  200] trn/loss 1.706e+00, trn/lr 7.646e-02, val/acc 4.443e-01, val/nll 2.353e+00 (best_acc: 4.389e-01 -> 4.443e-01, test_acc: 4.478e-01, test_nll: 2.366e+00)
[2023-04-10 23:00:13] [Epoch    66/  200] trn/loss 1.673e+00, trn/lr 7.579e-02, val/acc 4.310e-01, val/nll 2.398e+00
[2023-04-10 23:06:04] [Epoch    67/  200] trn/loss 1.672e+00, trn/lr 7.511e-02, val/acc 4.042e-01, val/nll 2.622e+00
[2023-04-10 23:11:56] [Epoch    68/  200] trn/loss 1.672e+00, trn/lr 7.443e-02, val/acc 4.353e-01, val/nll 2.448e+00
[2023-04-10 23:18:05] [Epoch    69/  200] trn/loss 1.651e+00, trn/lr 7.374e-02, val/acc 4.601e-01, val/nll 2.284e+00 (best_acc: 4.443e-01 -> 4.601e-01, test_acc: 4.548e-01, test_nll: 2.299e+00)
[2023-04-10 23:23:57] [Epoch    70/  200] trn/loss 1.649e+00, trn/lr 7.305e-02, val/acc 4.259e-01, val/nll 2.532e+00
[2023-04-10 23:29:48] [Epoch    71/  200] trn/loss 1.639e+00, trn/lr 7.235e-02, val/acc 4.498e-01, val/nll 2.291e+00
[2023-04-10 23:35:39] [Epoch    72/  200] trn/loss 1.640e+00, trn/lr 7.164e-02, val/acc 4.108e-01, val/nll 2.551e+00
[2023-04-10 23:41:31] [Epoch    73/  200] trn/loss 1.632e+00, trn/lr 7.093e-02, val/acc 3.889e-01, val/nll 2.710e+00
[2023-04-10 23:47:39] [Epoch    74/  200] trn/loss 1.615e+00, trn/lr 7.022e-02, val/acc 4.733e-01, val/nll 2.218e+00 (best_acc: 4.601e-01 -> 4.733e-01, test_acc: 4.779e-01, test_nll: 2.208e+00)
[2023-04-10 23:53:30] [Epoch    75/  200] trn/loss 1.603e+00, trn/lr 6.950e-02, val/acc 4.021e-01, val/nll 2.649e+00
[2023-04-10 23:59:22] [Epoch    76/  200] trn/loss 1.581e+00, trn/lr 6.877e-02, val/acc 4.208e-01, val/nll 2.561e+00
[2023-04-11 00:05:13] [Epoch    77/  200] trn/loss 1.570e+00, trn/lr 6.804e-02, val/acc 4.338e-01, val/nll 2.499e+00
[2023-04-11 00:11:04] [Epoch    78/  200] trn/loss 1.545e+00, trn/lr 6.731e-02, val/acc 3.733e-01, val/nll 2.822e+00
[2023-04-11 00:17:13] [Epoch    79/  200] trn/loss 1.549e+00, trn/lr 6.657e-02, val/acc 4.770e-01, val/nll 2.209e+00 (best_acc: 4.733e-01 -> 4.770e-01, test_acc: 4.723e-01, test_nll: 2.239e+00)
[2023-04-11 00:23:04] [Epoch    80/  200] trn/loss 1.532e+00, trn/lr 6.582e-02, val/acc 4.619e-01, val/nll 2.284e+00
[2023-04-11 00:28:55] [Epoch    81/  200] trn/loss 1.515e+00, trn/lr 6.508e-02, val/acc 4.472e-01, val/nll 2.394e+00
[2023-04-11 00:34:46] [Epoch    82/  200] trn/loss 1.519e+00, trn/lr 6.433e-02, val/acc 4.637e-01, val/nll 2.293e+00
[2023-04-11 00:40:38] [Epoch    83/  200] trn/loss 1.497e+00, trn/lr 6.357e-02, val/acc 4.581e-01, val/nll 2.316e+00
[2023-04-11 00:46:29] [Epoch    84/  200] trn/loss 1.484e+00, trn/lr 6.282e-02, val/acc 4.136e-01, val/nll 2.547e+00
[2023-04-11 00:52:21] [Epoch    85/  200] trn/loss 1.478e+00, trn/lr 6.205e-02, val/acc 4.561e-01, val/nll 2.337e+00
[2023-04-11 00:58:29] [Epoch    86/  200] trn/loss 1.432e+00, trn/lr 6.129e-02, val/acc 4.842e-01, val/nll 2.208e+00 (best_acc: 4.770e-01 -> 4.842e-01, test_acc: 4.804e-01, test_nll: 2.228e+00)
[2023-04-11 01:04:21] [Epoch    87/  200] trn/loss 1.446e+00, trn/lr 6.052e-02, val/acc 4.227e-01, val/nll 2.573e+00
[2023-04-11 01:10:12] [Epoch    88/  200] trn/loss 1.424e+00, trn/lr 5.976e-02, val/acc 4.394e-01, val/nll 2.502e+00
[2023-04-11 01:16:04] [Epoch    89/  200] trn/loss 1.395e+00, trn/lr 5.898e-02, val/acc 4.841e-01, val/nll 2.176e+00
[2023-04-11 01:21:55] [Epoch    90/  200] trn/loss 1.410e+00, trn/lr 5.821e-02, val/acc 4.716e-01, val/nll 2.245e+00
[2023-04-11 01:27:47] [Epoch    91/  200] trn/loss 1.383e+00, trn/lr 5.743e-02, val/acc 4.244e-01, val/nll 2.558e+00
[2023-04-11 01:33:38] [Epoch    92/  200] trn/loss 1.373e+00, trn/lr 5.666e-02, val/acc 4.458e-01, val/nll 2.378e+00
[2023-04-11 01:39:29] [Epoch    93/  200] trn/loss 1.365e+00, trn/lr 5.588e-02, val/acc 4.579e-01, val/nll 2.320e+00
[2023-04-11 01:45:38] [Epoch    94/  200] trn/loss 1.334e+00, trn/lr 5.510e-02, val/acc 4.897e-01, val/nll 2.171e+00 (best_acc: 4.842e-01 -> 4.897e-01, test_acc: 4.931e-01, test_nll: 2.186e+00)
[2023-04-11 01:51:29] [Epoch    95/  200] trn/loss 1.311e+00, trn/lr 5.432e-02, val/acc 4.440e-01, val/nll 2.472e+00
[2023-04-11 01:57:20] [Epoch    96/  200] trn/loss 1.303e+00, trn/lr 5.353e-02, val/acc 4.608e-01, val/nll 2.358e+00
[2023-04-11 02:03:11] [Epoch    97/  200] trn/loss 1.280e+00, trn/lr 5.275e-02, val/acc 4.723e-01, val/nll 2.300e+00
[2023-04-11 02:09:03] [Epoch    98/  200] trn/loss 1.266e+00, trn/lr 5.196e-02, val/acc 4.728e-01, val/nll 2.243e+00
[2023-04-11 02:14:54] [Epoch    99/  200] trn/loss 1.246e+00, trn/lr 5.118e-02, val/acc 4.841e-01, val/nll 2.254e+00
[2023-04-11 02:20:45] [Epoch   100/  200] trn/loss 1.244e+00, trn/lr 5.039e-02, val/acc 4.666e-01, val/nll 2.320e+00
[2023-04-11 02:26:55] [Epoch   101/  200] trn/loss 1.230e+00, trn/lr 4.961e-02, val/acc 5.022e-01, val/nll 2.100e+00 (best_acc: 4.897e-01 -> 5.022e-01, test_acc: 5.026e-01, test_nll: 2.129e+00)
[2023-04-11 02:32:46] [Epoch   102/  200] trn/loss 1.194e+00, trn/lr 4.882e-02, val/acc 4.709e-01, val/nll 2.294e+00
[2023-04-11 02:38:37] [Epoch   103/  200] trn/loss 1.171e+00, trn/lr 4.804e-02, val/acc 4.888e-01, val/nll 2.181e+00
[2023-04-11 02:44:28] [Epoch   104/  200] trn/loss 1.153e+00, trn/lr 4.725e-02, val/acc 3.968e-01, val/nll 2.840e+00
[2023-04-11 02:50:19] [Epoch   105/  200] trn/loss 1.155e+00, trn/lr 4.647e-02, val/acc 4.580e-01, val/nll 2.437e+00
[2023-04-11 02:56:10] [Epoch   106/  200] trn/loss 1.131e+00, trn/lr 4.569e-02, val/acc 4.834e-01, val/nll 2.221e+00
[2023-04-11 03:02:02] [Epoch   107/  200] trn/loss 1.120e+00, trn/lr 4.491e-02, val/acc 4.542e-01, val/nll 2.464e+00
[2023-04-11 03:07:53] [Epoch   108/  200] trn/loss 1.079e+00, trn/lr 4.412e-02, val/acc 4.899e-01, val/nll 2.226e+00
[2023-04-11 03:13:44] [Epoch   109/  200] trn/loss 1.049e+00, trn/lr 4.335e-02, val/acc 4.824e-01, val/nll 2.290e+00
[2023-04-11 03:19:35] [Epoch   110/  200] trn/loss 1.046e+00, trn/lr 4.257e-02, val/acc 4.840e-01, val/nll 2.247e+00
[2023-04-11 03:25:26] [Epoch   111/  200] trn/loss 9.992e-01, trn/lr 4.179e-02, val/acc 4.740e-01, val/nll 2.414e+00
[2023-04-11 03:31:17] [Epoch   112/  200] trn/loss 1.004e+00, trn/lr 4.102e-02, val/acc 4.748e-01, val/nll 2.325e+00
[2023-04-11 03:37:25] [Epoch   113/  200] trn/loss 9.779e-01, trn/lr 4.025e-02, val/acc 5.097e-01, val/nll 2.174e+00 (best_acc: 5.022e-01 -> 5.097e-01, test_acc: 5.089e-01, test_nll: 2.197e+00)
[2023-04-11 03:43:16] [Epoch   114/  200] trn/loss 9.570e-01, trn/lr 3.948e-02, val/acc 4.666e-01, val/nll 2.446e+00
[2023-04-11 03:49:07] [Epoch   115/  200] trn/loss 9.335e-01, trn/lr 3.871e-02, val/acc 5.047e-01, val/nll 2.173e+00
[2023-04-11 03:54:57] [Epoch   116/  200] trn/loss 9.014e-01, trn/lr 3.795e-02, val/acc 4.737e-01, val/nll 2.420e+00
[2023-04-11 04:00:48] [Epoch   117/  200] trn/loss 8.903e-01, trn/lr 3.719e-02, val/acc 5.037e-01, val/nll 2.160e+00
[2023-04-11 04:06:57] [Epoch   118/  200] trn/loss 8.592e-01, trn/lr 3.643e-02, val/acc 5.151e-01, val/nll 2.137e+00 (best_acc: 5.097e-01 -> 5.151e-01, test_acc: 5.162e-01, test_nll: 2.186e+00)
[2023-04-11 04:12:47] [Epoch   119/  200] trn/loss 8.210e-01, trn/lr 3.568e-02, val/acc 4.924e-01, val/nll 2.260e+00
[2023-04-11 04:18:55] [Epoch   120/  200] trn/loss 8.142e-01, trn/lr 3.492e-02, val/acc 5.154e-01, val/nll 2.115e+00 (best_acc: 5.151e-01 -> 5.154e-01, test_acc: 5.169e-01, test_nll: 2.110e+00)
[2023-04-11 04:25:03] [Epoch   121/  200] trn/loss 7.793e-01, trn/lr 3.418e-02, val/acc 5.218e-01, val/nll 2.140e+00 (best_acc: 5.154e-01 -> 5.218e-01, test_acc: 5.215e-01, test_nll: 2.166e+00)
[2023-04-11 04:30:54] [Epoch   122/  200] trn/loss 7.636e-01, trn/lr 3.343e-02, val/acc 5.179e-01, val/nll 2.139e+00
[2023-04-11 04:36:45] [Epoch   123/  200] trn/loss 7.361e-01, trn/lr 3.270e-02, val/acc 4.532e-01, val/nll 2.548e+00
[2023-04-11 04:42:35] [Epoch   124/  200] trn/loss 7.120e-01, trn/lr 3.196e-02, val/acc 5.057e-01, val/nll 2.219e+00
[2023-04-11 04:48:44] [Epoch   125/  200] trn/loss 6.662e-01, trn/lr 3.123e-02, val/acc 5.282e-01, val/nll 2.135e+00 (best_acc: 5.218e-01 -> 5.282e-01, test_acc: 5.225e-01, test_nll: 2.159e+00)
[2023-04-11 04:54:34] [Epoch   126/  200] trn/loss 6.515e-01, trn/lr 3.050e-02, val/acc 5.205e-01, val/nll 2.224e+00
[2023-04-11 05:00:25] [Epoch   127/  200] trn/loss 6.373e-01, trn/lr 2.978e-02, val/acc 5.065e-01, val/nll 2.218e+00
[2023-04-11 05:06:33] [Epoch   128/  200] trn/loss 6.141e-01, trn/lr 2.907e-02, val/acc 5.379e-01, val/nll 2.139e+00 (best_acc: 5.282e-01 -> 5.379e-01, test_acc: 5.417e-01, test_nll: 2.142e+00)
[2023-04-11 05:12:41] [Epoch   129/  200] trn/loss 5.659e-01, trn/lr 2.836e-02, val/acc 5.500e-01, val/nll 2.072e+00 (best_acc: 5.379e-01 -> 5.500e-01, test_acc: 5.477e-01, test_nll: 2.091e+00)
[2023-04-11 05:18:32] [Epoch   130/  200] trn/loss 5.392e-01, trn/lr 2.765e-02, val/acc 5.429e-01, val/nll 2.077e+00
[2023-04-11 05:24:23] [Epoch   131/  200] trn/loss 5.069e-01, trn/lr 2.695e-02, val/acc 5.034e-01, val/nll 2.316e+00
[2023-04-11 05:30:14] [Epoch   132/  200] trn/loss 5.012e-01, trn/lr 2.626e-02, val/acc 5.294e-01, val/nll 2.181e+00
[2023-04-11 05:36:05] [Epoch   133/  200] trn/loss 4.572e-01, trn/lr 2.557e-02, val/acc 5.301e-01, val/nll 2.225e+00
[2023-04-11 05:41:56] [Epoch   134/  200] trn/loss 4.315e-01, trn/lr 2.489e-02, val/acc 5.442e-01, val/nll 2.147e+00
[2023-04-11 05:47:47] [Epoch   135/  200] trn/loss 4.151e-01, trn/lr 2.421e-02, val/acc 5.312e-01, val/nll 2.220e+00
[2023-04-11 05:53:56] [Epoch   136/  200] trn/loss 3.883e-01, trn/lr 2.354e-02, val/acc 5.513e-01, val/nll 2.079e+00 (best_acc: 5.500e-01 -> 5.513e-01, test_acc: 5.518e-01, test_nll: 2.073e+00)
[2023-04-11 05:59:46] [Epoch   137/  200] trn/loss 3.533e-01, trn/lr 2.288e-02, val/acc 5.266e-01, val/nll 2.233e+00
[2023-04-11 06:05:37] [Epoch   138/  200] trn/loss 3.472e-01, trn/lr 2.222e-02, val/acc 5.395e-01, val/nll 2.144e+00
[2023-04-11 06:11:28] [Epoch   139/  200] trn/loss 3.104e-01, trn/lr 2.157e-02, val/acc 5.455e-01, val/nll 2.124e+00
[2023-04-11 06:17:19] [Epoch   140/  200] trn/loss 2.832e-01, trn/lr 2.093e-02, val/acc 5.486e-01, val/nll 2.090e+00
[2023-04-11 06:23:27] [Epoch   141/  200] trn/loss 2.514e-01, trn/lr 2.030e-02, val/acc 5.621e-01, val/nll 2.028e+00 (best_acc: 5.513e-01 -> 5.621e-01, test_acc: 5.617e-01, test_nll: 2.046e+00)
[2023-04-11 06:29:17] [Epoch   142/  200] trn/loss 2.417e-01, trn/lr 1.967e-02, val/acc 5.360e-01, val/nll 2.234e+00
[2023-04-11 06:35:25] [Epoch   143/  200] trn/loss 2.347e-01, trn/lr 1.905e-02, val/acc 5.642e-01, val/nll 2.027e+00 (best_acc: 5.621e-01 -> 5.642e-01, test_acc: 5.551e-01, test_nll: 2.063e+00)
[2023-04-11 06:41:33] [Epoch   144/  200] trn/loss 2.236e-01, trn/lr 1.843e-02, val/acc 5.676e-01, val/nll 1.965e+00 (best_acc: 5.642e-01 -> 5.676e-01, test_acc: 5.641e-01, test_nll: 1.990e+00)
[2023-04-11 06:47:41] [Epoch   145/  200] trn/loss 2.006e-01, trn/lr 1.783e-02, val/acc 5.777e-01, val/nll 1.947e+00 (best_acc: 5.676e-01 -> 5.777e-01, test_acc: 5.773e-01, test_nll: 1.969e+00)
[2023-04-11 06:53:32] [Epoch   146/  200] trn/loss 1.721e-01, trn/lr 1.723e-02, val/acc 5.651e-01, val/nll 2.065e+00
[2023-04-11 06:59:23] [Epoch   147/  200] trn/loss 1.410e-01, trn/lr 1.664e-02, val/acc 5.683e-01, val/nll 2.021e+00
[2023-04-11 07:05:32] [Epoch   148/  200] trn/loss 1.166e-01, trn/lr 1.606e-02, val/acc 5.861e-01, val/nll 1.901e+00 (best_acc: 5.777e-01 -> 5.861e-01, test_acc: 5.872e-01, test_nll: 1.941e+00)
[2023-04-11 07:11:41] [Epoch   149/  200] trn/loss 9.744e-02, trn/lr 1.549e-02, val/acc 5.978e-01, val/nll 1.843e+00 (best_acc: 5.861e-01 -> 5.978e-01, test_acc: 5.975e-01, test_nll: 1.870e+00)
[2023-04-11 07:17:50] [Epoch   150/  200] trn/loss 7.164e-02, trn/lr 1.492e-02, val/acc 6.078e-01, val/nll 1.780e+00 (best_acc: 5.978e-01 -> 6.078e-01, test_acc: 6.086e-01, test_nll: 1.768e+00)
[2023-04-11 07:23:58] [Epoch   151/  200] trn/loss 4.822e-02, trn/lr 1.437e-02, val/acc 6.200e-01, val/nll 1.683e+00 (best_acc: 6.078e-01 -> 6.200e-01, test_acc: 6.209e-01, test_nll: 1.689e+00)
[2023-04-11 07:30:06] [Epoch   152/  200] trn/loss 3.116e-02, trn/lr 1.382e-02, val/acc 6.409e-01, val/nll 1.582e+00 (best_acc: 6.200e-01 -> 6.409e-01, test_acc: 6.404e-01, test_nll: 1.594e+00)
[2023-04-11 07:36:15] [Epoch   153/  200] trn/loss 2.112e-02, trn/lr 1.329e-02, val/acc 6.433e-01, val/nll 1.555e+00 (best_acc: 6.409e-01 -> 6.433e-01, test_acc: 6.378e-01, test_nll: 1.583e+00)
[2023-04-11 07:42:23] [Epoch   154/  200] trn/loss 1.718e-02, trn/lr 1.276e-02, val/acc 6.518e-01, val/nll 1.513e+00 (best_acc: 6.433e-01 -> 6.518e-01, test_acc: 6.495e-01, test_nll: 1.532e+00)
[2023-04-11 07:48:31] [Epoch   155/  200] trn/loss 1.553e-02, trn/lr 1.224e-02, val/acc 6.531e-01, val/nll 1.510e+00 (best_acc: 6.518e-01 -> 6.531e-01, test_acc: 6.507e-01, test_nll: 1.521e+00)
[2023-04-11 07:54:40] [Epoch   156/  200] trn/loss 1.579e-02, trn/lr 1.173e-02, val/acc 6.535e-01, val/nll 1.508e+00 (best_acc: 6.531e-01 -> 6.535e-01, test_acc: 6.506e-01, test_nll: 1.513e+00)
[2023-04-11 08:00:30] [Epoch   157/  200] trn/loss 1.555e-02, trn/lr 1.123e-02, val/acc 6.532e-01, val/nll 1.495e+00
[2023-04-11 08:06:21] [Epoch   158/  200] trn/loss 1.639e-02, trn/lr 1.074e-02, val/acc 6.500e-01, val/nll 1.509e+00
[2023-04-11 08:12:12] [Epoch   159/  200] trn/loss 1.779e-02, trn/lr 1.025e-02, val/acc 6.474e-01, val/nll 1.520e+00
[2023-04-11 08:18:02] [Epoch   160/  200] trn/loss 1.840e-02, trn/lr 9.782e-03, val/acc 6.477e-01, val/nll 1.530e+00
[2023-04-11 08:23:52] [Epoch   161/  200] trn/loss 1.951e-02, trn/lr 9.321e-03, val/acc 6.426e-01, val/nll 1.538e+00
[2023-04-11 08:29:43] [Epoch   162/  200] trn/loss 2.077e-02, trn/lr 8.869e-03, val/acc 6.430e-01, val/nll 1.550e+00
[2023-04-11 08:35:33] [Epoch   163/  200] trn/loss 2.273e-02, trn/lr 8.428e-03, val/acc 6.386e-01, val/nll 1.565e+00
[2023-04-11 08:41:22] [Epoch   164/  200] trn/loss 2.569e-02, trn/lr 7.996e-03, val/acc 6.305e-01, val/nll 1.604e+00
[2023-04-11 08:47:12] [Epoch   165/  200] trn/loss 2.673e-02, trn/lr 7.576e-03, val/acc 6.352e-01, val/nll 1.596e+00
[2023-04-11 08:53:02] [Epoch   166/  200] trn/loss 2.896e-02, trn/lr 7.165e-03, val/acc 6.304e-01, val/nll 1.600e+00
[2023-04-11 08:58:52] [Epoch   167/  200] trn/loss 3.150e-02, trn/lr 6.765e-03, val/acc 6.206e-01, val/nll 1.665e+00
[2023-04-11 09:04:42] [Epoch   168/  200] trn/loss 5.620e-02, trn/lr 6.376e-03, val/acc 5.984e-01, val/nll 1.764e+00
[2023-04-11 09:10:32] [Epoch   169/  200] trn/loss 1.302e-01, trn/lr 5.998e-03, val/acc 5.564e-01, val/nll 1.969e+00
[2023-04-11 09:16:21] [Epoch   170/  200] trn/loss 2.325e-01, trn/lr 5.630e-03, val/acc 5.633e-01, val/nll 1.909e+00
[2023-04-11 09:22:11] [Epoch   171/  200] trn/loss 1.842e-01, trn/lr 5.274e-03, val/acc 5.780e-01, val/nll 1.853e+00
[2023-04-11 09:28:02] [Epoch   172/  200] trn/loss 8.346e-02, trn/lr 4.928e-03, val/acc 6.145e-01, val/nll 1.686e+00
[2023-04-11 09:33:51] [Epoch   173/  200] trn/loss 3.270e-02, trn/lr 4.594e-03, val/acc 6.371e-01, val/nll 1.593e+00
[2023-04-11 09:39:40] [Epoch   174/  200] trn/loss 1.533e-02, trn/lr 4.271e-03, val/acc 6.460e-01, val/nll 1.561e+00
[2023-04-11 09:45:30] [Epoch   175/  200] trn/loss 1.014e-02, trn/lr 3.959e-03, val/acc 6.511e-01, val/nll 1.530e+00
[2023-04-11 09:51:20] [Epoch   176/  200] trn/loss 7.844e-03, trn/lr 3.658e-03, val/acc 6.509e-01, val/nll 1.528e+00
[2023-04-11 09:57:27] [Epoch   177/  200] trn/loss 7.133e-03, trn/lr 3.369e-03, val/acc 6.537e-01, val/nll 1.522e+00 (best_acc: 6.535e-01 -> 6.537e-01, test_acc: 6.531e-01, test_nll: 1.553e+00)
[2023-04-11 10:03:16] [Epoch   178/  200] trn/loss 6.637e-03, trn/lr 3.091e-03, val/acc 6.536e-01, val/nll 1.523e+00
[2023-04-11 10:09:23] [Epoch   179/  200] trn/loss 6.505e-03, trn/lr 2.825e-03, val/acc 6.545e-01, val/nll 1.520e+00 (best_acc: 6.537e-01 -> 6.545e-01, test_acc: 6.484e-01, test_nll: 1.551e+00)
[2023-04-11 10:15:30] [Epoch   180/  200] trn/loss 6.332e-03, trn/lr 2.571e-03, val/acc 6.559e-01, val/nll 1.518e+00 (best_acc: 6.545e-01 -> 6.559e-01, test_acc: 6.490e-01, test_nll: 1.549e+00)
[2023-04-11 10:21:19] [Epoch   181/  200] trn/loss 6.130e-03, trn/lr 2.328e-03, val/acc 6.547e-01, val/nll 1.522e+00
[2023-04-11 10:27:08] [Epoch   182/  200] trn/loss 6.165e-03, trn/lr 2.097e-03, val/acc 6.537e-01, val/nll 1.519e+00
[2023-04-11 10:32:58] [Epoch   183/  200] trn/loss 6.178e-03, trn/lr 1.878e-03, val/acc 6.524e-01, val/nll 1.522e+00
[2023-04-11 10:38:47] [Epoch   184/  200] trn/loss 6.153e-03, trn/lr 1.671e-03, val/acc 6.548e-01, val/nll 1.520e+00
[2023-04-11 10:44:36] [Epoch   185/  200] trn/loss 6.195e-03, trn/lr 1.475e-03, val/acc 6.547e-01, val/nll 1.521e+00
[2023-04-11 10:50:26] [Epoch   186/  200] trn/loss 6.037e-03, trn/lr 1.292e-03, val/acc 6.550e-01, val/nll 1.520e+00
[2023-04-11 10:56:32] [Epoch   187/  200] trn/loss 6.047e-03, trn/lr 1.121e-03, val/acc 6.560e-01, val/nll 1.516e+00 (best_acc: 6.559e-01 -> 6.560e-01, test_acc: 6.491e-01, test_nll: 1.550e+00)
[2023-04-11 11:02:21] [Epoch   188/  200] trn/loss 6.004e-03, trn/lr 9.615e-04, val/acc 6.535e-01, val/nll 1.521e+00
[2023-04-11 11:08:11] [Epoch   189/  200] trn/loss 6.069e-03, trn/lr 8.143e-04, val/acc 6.540e-01, val/nll 1.522e+00
[2023-04-11 11:14:00] [Epoch   190/  200] trn/loss 6.034e-03, trn/lr 6.792e-04, val/acc 6.545e-01, val/nll 1.521e+00
[2023-04-11 11:19:49] [Epoch   191/  200] trn/loss 5.887e-03, trn/lr 5.564e-04, val/acc 6.533e-01, val/nll 1.522e+00
[2023-04-11 11:25:38] [Epoch   192/  200] trn/loss 6.009e-03, trn/lr 4.457e-04, val/acc 6.542e-01, val/nll 1.521e+00
[2023-04-11 11:31:27] [Epoch   193/  200] trn/loss 5.927e-03, trn/lr 3.472e-04, val/acc 6.533e-01, val/nll 1.524e+00
[2023-04-11 11:37:16] [Epoch   194/  200] trn/loss 6.005e-03, trn/lr 2.610e-04, val/acc 6.537e-01, val/nll 1.524e+00
[2023-04-11 11:43:06] [Epoch   195/  200] trn/loss 5.981e-03, trn/lr 1.871e-04, val/acc 6.530e-01, val/nll 1.524e+00
[2023-04-11 11:48:55] [Epoch   196/  200] trn/loss 5.856e-03, trn/lr 1.255e-04, val/acc 6.540e-01, val/nll 1.522e+00
[2023-04-11 11:54:44] [Epoch   197/  200] trn/loss 5.876e-03, trn/lr 7.613e-05, val/acc 6.529e-01, val/nll 1.526e+00
[2023-04-11 12:00:34] [Epoch   198/  200] trn/loss 5.899e-03, trn/lr 3.911e-05, val/acc 6.536e-01, val/nll 1.523e+00
[2023-04-11 12:06:23] [Epoch   199/  200] trn/loss 5.945e-03, trn/lr 1.442e-05, val/acc 6.535e-01, val/nll 1.524e+00
[2023-04-11 12:12:12] [Epoch   200/  200] trn/loss 5.917e-03, trn/lr 2.066e-06, val/acc 6.534e-01, val/nll 1.523e+00
