[2023-02-04 09:26:28] Environments:
------------  -------------------------------------------------------------------------------
sys.platform  linux
Python        3.10.8 (main, Nov 24 2022, 14:13:03) [GCC 11.2.0]
JAX           0.4.1 @/mnt/home/giung/.conda/envs/jax-siml/lib/python3.10/site-packages/jax
jaxlib        0.4.1 @/mnt/home/giung/.conda/envs/jax-siml/lib/python3.10/site-packages/jaxlib
Flax          0.6.3 @/mnt/home/giung/.conda/envs/jax-siml/lib/python3.10/site-packages/flax
Optax         0.1.4 @/mnt/home/giung/.conda/envs/jax-siml/lib/python3.10/site-packages/optax
------------  -------------------------------------------------------------------------------

[2023-02-04 09:26:28] Command line arguments:
- args.data_root          : ./data/
- args.data_name          : CIFAR10_x32
- args.data_augmentation  : standard
- args.data_proportional  : 1.0
- args.model_depth        : 56
- args.model_width        : 1
- args.model_style        : BN-ReLU
- args.optim_bs           : 256
- args.optim_ne           : 200
- args.optim_lr           : 0.03
- args.optim_momentum     : 0.99
- args.optim_weight_decay : 0.001
- args.save               : /mnt/home/giung/giung2-dev/projects/residual-networks/save/CIFAR10_x32/R56-BN-ReLU/bs-0256_ne-0200_lr-0.03_mo-0.99_wd-0.0010_fp32/42
- args.seed               : 42
- args.precision          : fp32

[2023-02-04 09:27:06] [Epoch     1/  200] trn/loss 2.622e+00, trn/lr 3.000e-02, val/acc 1.080e-01, val/nll 2.361e+00 (best_acc: 0.000e+00 -> 1.080e-01, test_acc: 1.031e-01, test_nll: 2.348e+00)
[2023-02-04 09:27:12] [Epoch     2/  200] trn/loss 2.306e+00, trn/lr 3.000e-02, val/acc 9.281e-02, val/nll 2.304e+00
[2023-02-04 09:27:17] [Epoch     3/  200] trn/loss 2.304e+00, trn/lr 2.999e-02, val/acc 9.978e-02, val/nll 2.303e+00
[2023-02-04 09:27:22] [Epoch     4/  200] trn/loss 2.198e+00, trn/lr 2.998e-02, val/acc 1.886e-01, val/nll 2.212e+00 (best_acc: 1.080e-01 -> 1.886e-01, test_acc: 1.920e-01, test_nll: 2.210e+00)
[2023-02-04 09:27:28] [Epoch     5/  200] trn/loss 1.963e+00, trn/lr 2.996e-02, val/acc 1.423e-01, val/nll 3.055e+00
[2023-02-04 09:27:33] [Epoch     6/  200] trn/loss 1.810e+00, trn/lr 2.994e-02, val/acc 2.967e-01, val/nll 1.894e+00 (best_acc: 1.886e-01 -> 2.967e-01, test_acc: 2.887e-01, test_nll: 1.899e+00)
[2023-02-04 09:27:39] [Epoch     7/  200] trn/loss 1.736e+00, trn/lr 2.992e-02, val/acc 3.543e-01, val/nll 1.682e+00 (best_acc: 2.967e-01 -> 3.543e-01, test_acc: 3.634e-01, test_nll: 1.673e+00)
[2023-02-04 09:27:44] [Epoch     8/  200] trn/loss 1.668e+00, trn/lr 2.990e-02, val/acc 3.900e-01, val/nll 1.670e+00 (best_acc: 3.543e-01 -> 3.900e-01, test_acc: 3.794e-01, test_nll: 1.670e+00)
[2023-02-04 09:27:50] [Epoch     9/  200] trn/loss 1.543e+00, trn/lr 2.987e-02, val/acc 4.191e-01, val/nll 1.627e+00 (best_acc: 3.900e-01 -> 4.191e-01, test_acc: 4.165e-01, test_nll: 1.624e+00)
[2023-02-04 09:27:55] [Epoch    10/  200] trn/loss 1.425e+00, trn/lr 2.983e-02, val/acc 4.231e-01, val/nll 1.740e+00 (best_acc: 4.191e-01 -> 4.231e-01, test_acc: 4.198e-01, test_nll: 1.757e+00)
[2023-02-04 09:28:01] [Epoch    11/  200] trn/loss 1.357e+00, trn/lr 2.980e-02, val/acc 4.551e-01, val/nll 1.627e+00 (best_acc: 4.231e-01 -> 4.551e-01, test_acc: 4.578e-01, test_nll: 1.604e+00)
[2023-02-04 09:28:06] [Epoch    12/  200] trn/loss 1.284e+00, trn/lr 2.976e-02, val/acc 3.918e-01, val/nll 2.151e+00
[2023-02-04 09:28:11] [Epoch    13/  200] trn/loss 1.202e+00, trn/lr 2.971e-02, val/acc 5.008e-01, val/nll 1.515e+00 (best_acc: 4.551e-01 -> 5.008e-01, test_acc: 5.062e-01, test_nll: 1.492e+00)
[2023-02-04 09:28:16] [Epoch    14/  200] trn/loss 1.135e+00, trn/lr 2.966e-02, val/acc 4.882e-01, val/nll 1.715e+00
[2023-02-04 09:28:22] [Epoch    15/  200] trn/loss 1.106e+00, trn/lr 2.961e-02, val/acc 5.473e-01, val/nll 1.356e+00 (best_acc: 5.008e-01 -> 5.473e-01, test_acc: 5.564e-01, test_nll: 1.358e+00)
[2023-02-04 09:28:27] [Epoch    16/  200] trn/loss 1.003e+00, trn/lr 2.956e-02, val/acc 5.533e-01, val/nll 1.340e+00 (best_acc: 5.473e-01 -> 5.533e-01, test_acc: 5.499e-01, test_nll: 1.345e+00)
[2023-02-04 09:28:33] [Epoch    17/  200] trn/loss 9.977e-01, trn/lr 2.950e-02, val/acc 6.052e-01, val/nll 1.138e+00 (best_acc: 5.533e-01 -> 6.052e-01, test_acc: 6.036e-01, test_nll: 1.176e+00)
[2023-02-04 09:28:38] [Epoch    18/  200] trn/loss 9.717e-01, trn/lr 2.944e-02, val/acc 5.471e-01, val/nll 1.430e+00
[2023-02-04 09:28:43] [Epoch    19/  200] trn/loss 9.262e-01, trn/lr 2.937e-02, val/acc 5.565e-01, val/nll 1.427e+00
[2023-02-04 09:28:49] [Epoch    20/  200] trn/loss 9.126e-01, trn/lr 2.930e-02, val/acc 6.004e-01, val/nll 1.230e+00
[2023-02-04 09:28:54] [Epoch    21/  200] trn/loss 9.179e-01, trn/lr 2.923e-02, val/acc 5.288e-01, val/nll 1.565e+00
[2023-02-04 09:28:59] [Epoch    22/  200] trn/loss 8.848e-01, trn/lr 2.915e-02, val/acc 6.572e-01, val/nll 9.913e-01 (best_acc: 6.052e-01 -> 6.572e-01, test_acc: 6.579e-01, test_nll: 9.753e-01)
[2023-02-04 09:29:04] [Epoch    23/  200] trn/loss 8.763e-01, trn/lr 2.907e-02, val/acc 6.509e-01, val/nll 1.125e+00
[2023-02-04 09:29:10] [Epoch    24/  200] trn/loss 8.433e-01, trn/lr 2.899e-02, val/acc 6.856e-01, val/nll 9.053e-01 (best_acc: 6.572e-01 -> 6.856e-01, test_acc: 6.782e-01, test_nll: 9.144e-01)
[2023-02-04 09:29:15] [Epoch    25/  200] trn/loss 8.404e-01, trn/lr 2.890e-02, val/acc 6.156e-01, val/nll 1.181e+00
[2023-02-04 09:29:20] [Epoch    26/  200] trn/loss 8.401e-01, trn/lr 2.881e-02, val/acc 6.129e-01, val/nll 1.150e+00
[2023-02-04 09:29:25] [Epoch    27/  200] trn/loss 8.378e-01, trn/lr 2.872e-02, val/acc 5.588e-01, val/nll 1.503e+00
[2023-02-04 09:29:30] [Epoch    28/  200] trn/loss 8.180e-01, trn/lr 2.862e-02, val/acc 6.444e-01, val/nll 1.027e+00
[2023-02-04 09:29:35] [Epoch    29/  200] trn/loss 8.229e-01, trn/lr 2.852e-02, val/acc 6.530e-01, val/nll 1.062e+00
[2023-02-04 09:29:41] [Epoch    30/  200] trn/loss 7.868e-01, trn/lr 2.842e-02, val/acc 6.771e-01, val/nll 9.485e-01
[2023-02-04 09:29:46] [Epoch    31/  200] trn/loss 8.032e-01, trn/lr 2.831e-02, val/acc 6.506e-01, val/nll 1.025e+00
[2023-02-04 09:29:51] [Epoch    32/  200] trn/loss 8.057e-01, trn/lr 2.820e-02, val/acc 6.827e-01, val/nll 9.746e-01
[2023-02-04 09:29:56] [Epoch    33/  200] trn/loss 7.904e-01, trn/lr 2.809e-02, val/acc 6.160e-01, val/nll 1.272e+00
[2023-02-04 09:30:01] [Epoch    34/  200] trn/loss 7.852e-01, trn/lr 2.797e-02, val/acc 5.115e-01, val/nll 1.589e+00
[2023-02-04 09:30:07] [Epoch    35/  200] trn/loss 7.909e-01, trn/lr 2.785e-02, val/acc 6.342e-01, val/nll 1.188e+00
[2023-02-04 09:30:12] [Epoch    36/  200] trn/loss 7.869e-01, trn/lr 2.773e-02, val/acc 6.059e-01, val/nll 1.362e+00
[2023-02-04 09:30:17] [Epoch    37/  200] trn/loss 7.813e-01, trn/lr 2.760e-02, val/acc 6.958e-01, val/nll 9.011e-01 (best_acc: 6.856e-01 -> 6.958e-01, test_acc: 6.888e-01, test_nll: 9.113e-01)
[2023-02-04 09:30:22] [Epoch    38/  200] trn/loss 7.897e-01, trn/lr 2.747e-02, val/acc 6.668e-01, val/nll 9.784e-01
[2023-02-04 09:30:27] [Epoch    39/  200] trn/loss 7.898e-01, trn/lr 2.734e-02, val/acc 6.851e-01, val/nll 9.772e-01
[2023-02-04 09:30:33] [Epoch    40/  200] trn/loss 7.677e-01, trn/lr 2.720e-02, val/acc 6.463e-01, val/nll 1.061e+00
[2023-02-04 09:30:38] [Epoch    41/  200] trn/loss 7.848e-01, trn/lr 2.707e-02, val/acc 6.379e-01, val/nll 1.115e+00
[2023-02-04 09:30:43] [Epoch    42/  200] trn/loss 7.884e-01, trn/lr 2.692e-02, val/acc 7.100e-01, val/nll 8.500e-01 (best_acc: 6.958e-01 -> 7.100e-01, test_acc: 7.077e-01, test_nll: 8.557e-01)
[2023-02-04 09:30:48] [Epoch    43/  200] trn/loss 7.709e-01, trn/lr 2.678e-02, val/acc 5.829e-01, val/nll 1.402e+00
[2023-02-04 09:30:54] [Epoch    44/  200] trn/loss 7.733e-01, trn/lr 2.663e-02, val/acc 6.167e-01, val/nll 1.143e+00
[2023-02-04 09:30:59] [Epoch    45/  200] trn/loss 7.606e-01, trn/lr 2.648e-02, val/acc 5.780e-01, val/nll 1.472e+00
[2023-02-04 09:31:04] [Epoch    46/  200] trn/loss 7.644e-01, trn/lr 2.633e-02, val/acc 6.167e-01, val/nll 1.242e+00
[2023-02-04 09:31:09] [Epoch    47/  200] trn/loss 7.663e-01, trn/lr 2.617e-02, val/acc 6.131e-01, val/nll 1.300e+00
[2023-02-04 09:31:14] [Epoch    48/  200] trn/loss 7.530e-01, trn/lr 2.602e-02, val/acc 6.866e-01, val/nll 9.848e-01
[2023-02-04 09:31:19] [Epoch    49/  200] trn/loss 7.424e-01, trn/lr 2.585e-02, val/acc 6.473e-01, val/nll 1.105e+00
[2023-02-04 09:31:24] [Epoch    50/  200] trn/loss 7.598e-01, trn/lr 2.569e-02, val/acc 6.582e-01, val/nll 1.100e+00
[2023-02-04 09:31:29] [Epoch    51/  200] trn/loss 7.482e-01, trn/lr 2.552e-02, val/acc 6.904e-01, val/nll 9.149e-01
[2023-02-04 09:31:35] [Epoch    52/  200] trn/loss 7.353e-01, trn/lr 2.535e-02, val/acc 6.642e-01, val/nll 1.013e+00
[2023-02-04 09:31:40] [Epoch    53/  200] trn/loss 7.265e-01, trn/lr 2.518e-02, val/acc 5.741e-01, val/nll 1.429e+00
[2023-02-04 09:31:45] [Epoch    54/  200] trn/loss 7.368e-01, trn/lr 2.501e-02, val/acc 7.165e-01, val/nll 8.314e-01 (best_acc: 7.100e-01 -> 7.165e-01, test_acc: 7.118e-01, test_nll: 8.480e-01)
[2023-02-04 09:31:50] [Epoch    55/  200] trn/loss 7.362e-01, trn/lr 2.483e-02, val/acc 6.715e-01, val/nll 1.052e+00
[2023-02-04 09:31:56] [Epoch    56/  200] trn/loss 7.449e-01, trn/lr 2.465e-02, val/acc 6.556e-01, val/nll 1.030e+00
[2023-02-04 09:32:01] [Epoch    57/  200] trn/loss 7.351e-01, trn/lr 2.447e-02, val/acc 6.753e-01, val/nll 9.740e-01
[2023-02-04 09:32:06] [Epoch    58/  200] trn/loss 7.302e-01, trn/lr 2.429e-02, val/acc 6.685e-01, val/nll 9.608e-01
[2023-02-04 09:32:11] [Epoch    59/  200] trn/loss 7.330e-01, trn/lr 2.410e-02, val/acc 6.423e-01, val/nll 1.134e+00
[2023-02-04 09:32:16] [Epoch    60/  200] trn/loss 7.487e-01, trn/lr 2.391e-02, val/acc 6.254e-01, val/nll 1.339e+00
[2023-02-04 09:32:21] [Epoch    61/  200] trn/loss 7.365e-01, trn/lr 2.372e-02, val/acc 6.966e-01, val/nll 8.895e-01
[2023-02-04 09:32:26] [Epoch    62/  200] trn/loss 7.244e-01, trn/lr 2.353e-02, val/acc 6.259e-01, val/nll 1.155e+00
[2023-02-04 09:32:31] [Epoch    63/  200] trn/loss 7.263e-01, trn/lr 2.333e-02, val/acc 6.633e-01, val/nll 1.109e+00
[2023-02-04 09:32:37] [Epoch    64/  200] trn/loss 7.158e-01, trn/lr 2.314e-02, val/acc 6.623e-01, val/nll 1.028e+00
[2023-02-04 09:32:42] [Epoch    65/  200] trn/loss 7.148e-01, trn/lr 2.294e-02, val/acc 7.267e-01, val/nll 7.933e-01 (best_acc: 7.165e-01 -> 7.267e-01, test_acc: 7.132e-01, test_nll: 8.166e-01)
[2023-02-04 09:32:47] [Epoch    66/  200] trn/loss 7.146e-01, trn/lr 2.274e-02, val/acc 6.642e-01, val/nll 1.067e+00
[2023-02-04 09:32:52] [Epoch    67/  200] trn/loss 7.108e-01, trn/lr 2.253e-02, val/acc 6.938e-01, val/nll 9.470e-01
[2023-02-04 09:32:57] [Epoch    68/  200] trn/loss 6.988e-01, trn/lr 2.233e-02, val/acc 6.801e-01, val/nll 9.511e-01
[2023-02-04 09:33:03] [Epoch    69/  200] trn/loss 6.926e-01, trn/lr 2.212e-02, val/acc 7.035e-01, val/nll 9.220e-01
[2023-02-04 09:33:08] [Epoch    70/  200] trn/loss 7.160e-01, trn/lr 2.192e-02, val/acc 6.040e-01, val/nll 1.283e+00
[2023-02-04 09:33:13] [Epoch    71/  200] trn/loss 7.149e-01, trn/lr 2.171e-02, val/acc 6.842e-01, val/nll 9.466e-01
[2023-02-04 09:33:18] [Epoch    72/  200] trn/loss 7.018e-01, trn/lr 2.149e-02, val/acc 7.190e-01, val/nll 8.305e-01
[2023-02-04 09:33:23] [Epoch    73/  200] trn/loss 7.184e-01, trn/lr 2.128e-02, val/acc 6.799e-01, val/nll 9.931e-01
[2023-02-04 09:33:29] [Epoch    74/  200] trn/loss 7.130e-01, trn/lr 2.107e-02, val/acc 7.312e-01, val/nll 7.990e-01 (best_acc: 7.267e-01 -> 7.312e-01, test_acc: 7.302e-01, test_nll: 8.110e-01)
[2023-02-04 09:33:34] [Epoch    75/  200] trn/loss 7.051e-01, trn/lr 2.085e-02, val/acc 6.823e-01, val/nll 9.975e-01
[2023-02-04 09:33:39] [Epoch    76/  200] trn/loss 6.908e-01, trn/lr 2.063e-02, val/acc 7.200e-01, val/nll 8.586e-01
[2023-02-04 09:33:44] [Epoch    77/  200] trn/loss 7.091e-01, trn/lr 2.041e-02, val/acc 6.601e-01, val/nll 1.087e+00
[2023-02-04 09:33:49] [Epoch    78/  200] trn/loss 6.993e-01, trn/lr 2.019e-02, val/acc 6.846e-01, val/nll 9.550e-01
[2023-02-04 09:33:54] [Epoch    79/  200] trn/loss 6.999e-01, trn/lr 1.997e-02, val/acc 6.961e-01, val/nll 9.160e-01
[2023-02-04 09:33:59] [Epoch    80/  200] trn/loss 6.957e-01, trn/lr 1.975e-02, val/acc 7.059e-01, val/nll 8.362e-01
[2023-02-04 09:34:04] [Epoch    81/  200] trn/loss 6.796e-01, trn/lr 1.952e-02, val/acc 7.156e-01, val/nll 8.502e-01
[2023-02-04 09:34:10] [Epoch    82/  200] trn/loss 6.855e-01, trn/lr 1.930e-02, val/acc 5.956e-01, val/nll 1.420e+00
[2023-02-04 09:34:15] [Epoch    83/  200] trn/loss 6.894e-01, trn/lr 1.907e-02, val/acc 6.872e-01, val/nll 9.458e-01
[2023-02-04 09:34:20] [Epoch    84/  200] trn/loss 6.959e-01, trn/lr 1.885e-02, val/acc 7.240e-01, val/nll 8.242e-01
[2023-02-04 09:34:25] [Epoch    85/  200] trn/loss 6.752e-01, trn/lr 1.862e-02, val/acc 7.447e-01, val/nll 7.418e-01 (best_acc: 7.312e-01 -> 7.447e-01, test_acc: 7.431e-01, test_nll: 7.568e-01)
[2023-02-04 09:34:31] [Epoch    86/  200] trn/loss 6.714e-01, trn/lr 1.839e-02, val/acc 7.497e-01, val/nll 7.338e-01 (best_acc: 7.447e-01 -> 7.497e-01, test_acc: 7.474e-01, test_nll: 7.473e-01)
[2023-02-04 09:34:36] [Epoch    87/  200] trn/loss 6.832e-01, trn/lr 1.816e-02, val/acc 7.425e-01, val/nll 7.602e-01
[2023-02-04 09:34:42] [Epoch    88/  200] trn/loss 6.685e-01, trn/lr 1.793e-02, val/acc 7.600e-01, val/nll 7.228e-01 (best_acc: 7.497e-01 -> 7.600e-01, test_acc: 7.494e-01, test_nll: 7.284e-01)
[2023-02-04 09:34:47] [Epoch    89/  200] trn/loss 6.710e-01, trn/lr 1.770e-02, val/acc 7.438e-01, val/nll 7.643e-01
[2023-02-04 09:34:52] [Epoch    90/  200] trn/loss 6.771e-01, trn/lr 1.746e-02, val/acc 7.027e-01, val/nll 9.078e-01
[2023-02-04 09:34:57] [Epoch    91/  200] trn/loss 6.621e-01, trn/lr 1.723e-02, val/acc 6.697e-01, val/nll 1.014e+00
[2023-02-04 09:35:02] [Epoch    92/  200] trn/loss 6.725e-01, trn/lr 1.700e-02, val/acc 7.336e-01, val/nll 8.008e-01
[2023-02-04 09:35:07] [Epoch    93/  200] trn/loss 6.637e-01, trn/lr 1.676e-02, val/acc 7.581e-01, val/nll 7.159e-01
[2023-02-04 09:35:12] [Epoch    94/  200] trn/loss 6.467e-01, trn/lr 1.653e-02, val/acc 7.498e-01, val/nll 7.335e-01
[2023-02-04 09:35:17] [Epoch    95/  200] trn/loss 6.481e-01, trn/lr 1.630e-02, val/acc 7.340e-01, val/nll 7.652e-01
[2023-02-04 09:35:23] [Epoch    96/  200] trn/loss 6.470e-01, trn/lr 1.606e-02, val/acc 7.524e-01, val/nll 7.393e-01
[2023-02-04 09:35:28] [Epoch    97/  200] trn/loss 6.455e-01, trn/lr 1.582e-02, val/acc 6.550e-01, val/nll 1.183e+00
[2023-02-04 09:35:33] [Epoch    98/  200] trn/loss 6.368e-01, trn/lr 1.559e-02, val/acc 7.430e-01, val/nll 7.606e-01
[2023-02-04 09:35:38] [Epoch    99/  200] trn/loss 6.395e-01, trn/lr 1.535e-02, val/acc 6.947e-01, val/nll 9.179e-01
[2023-02-04 09:35:43] [Epoch   100/  200] trn/loss 6.383e-01, trn/lr 1.512e-02, val/acc 7.364e-01, val/nll 7.932e-01
[2023-02-04 09:35:48] [Epoch   101/  200] trn/loss 6.295e-01, trn/lr 1.488e-02, val/acc 7.446e-01, val/nll 7.402e-01
[2023-02-04 09:35:54] [Epoch   102/  200] trn/loss 6.292e-01, trn/lr 1.465e-02, val/acc 7.654e-01, val/nll 6.870e-01 (best_acc: 7.600e-01 -> 7.654e-01, test_acc: 7.579e-01, test_nll: 6.992e-01)
[2023-02-04 09:35:59] [Epoch   103/  200] trn/loss 6.302e-01, trn/lr 1.441e-02, val/acc 7.198e-01, val/nll 8.303e-01
[2023-02-04 09:36:04] [Epoch   104/  200] trn/loss 6.139e-01, trn/lr 1.418e-02, val/acc 7.229e-01, val/nll 8.221e-01
[2023-02-04 09:36:09] [Epoch   105/  200] trn/loss 6.214e-01, trn/lr 1.394e-02, val/acc 7.601e-01, val/nll 7.380e-01
[2023-02-04 09:36:14] [Epoch   106/  200] trn/loss 6.244e-01, trn/lr 1.371e-02, val/acc 7.102e-01, val/nll 8.941e-01
[2023-02-04 09:36:19] [Epoch   107/  200] trn/loss 6.203e-01, trn/lr 1.347e-02, val/acc 7.136e-01, val/nll 9.332e-01
[2023-02-04 09:36:24] [Epoch   108/  200] trn/loss 6.145e-01, trn/lr 1.324e-02, val/acc 7.321e-01, val/nll 8.153e-01
[2023-02-04 09:36:29] [Epoch   109/  200] trn/loss 6.064e-01, trn/lr 1.300e-02, val/acc 7.653e-01, val/nll 6.902e-01
[2023-02-04 09:36:35] [Epoch   110/  200] trn/loss 6.050e-01, trn/lr 1.277e-02, val/acc 7.694e-01, val/nll 6.630e-01 (best_acc: 7.654e-01 -> 7.694e-01, test_acc: 7.704e-01, test_nll: 6.771e-01)
[2023-02-04 09:36:40] [Epoch   111/  200] trn/loss 5.920e-01, trn/lr 1.254e-02, val/acc 7.239e-01, val/nll 8.445e-01
[2023-02-04 09:36:45] [Epoch   112/  200] trn/loss 6.008e-01, trn/lr 1.231e-02, val/acc 7.259e-01, val/nll 8.290e-01
[2023-02-04 09:36:50] [Epoch   113/  200] trn/loss 6.014e-01, trn/lr 1.207e-02, val/acc 7.366e-01, val/nll 7.775e-01
[2023-02-04 09:36:55] [Epoch   114/  200] trn/loss 5.866e-01, trn/lr 1.184e-02, val/acc 7.492e-01, val/nll 7.306e-01
[2023-02-04 09:37:01] [Epoch   115/  200] trn/loss 5.973e-01, trn/lr 1.161e-02, val/acc 7.377e-01, val/nll 7.674e-01
[2023-02-04 09:37:06] [Epoch   116/  200] trn/loss 5.828e-01, trn/lr 1.138e-02, val/acc 7.700e-01, val/nll 6.706e-01 (best_acc: 7.694e-01 -> 7.700e-01, test_acc: 7.762e-01, test_nll: 6.650e-01)
[2023-02-04 09:37:11] [Epoch   117/  200] trn/loss 5.791e-01, trn/lr 1.116e-02, val/acc 5.875e-01, val/nll 1.347e+00
[2023-02-04 09:37:17] [Epoch   118/  200] trn/loss 5.698e-01, trn/lr 1.093e-02, val/acc 7.772e-01, val/nll 6.672e-01 (best_acc: 7.700e-01 -> 7.772e-01, test_acc: 7.706e-01, test_nll: 6.925e-01)
[2023-02-04 09:37:22] [Epoch   119/  200] trn/loss 5.717e-01, trn/lr 1.070e-02, val/acc 7.586e-01, val/nll 7.234e-01
[2023-02-04 09:37:27] [Epoch   120/  200] trn/loss 5.637e-01, trn/lr 1.048e-02, val/acc 7.727e-01, val/nll 6.753e-01
[2023-02-04 09:37:32] [Epoch   121/  200] trn/loss 5.735e-01, trn/lr 1.025e-02, val/acc 7.451e-01, val/nll 7.674e-01
[2023-02-04 09:37:37] [Epoch   122/  200] trn/loss 5.587e-01, trn/lr 1.003e-02, val/acc 7.758e-01, val/nll 6.660e-01
[2023-02-04 09:37:43] [Epoch   123/  200] trn/loss 5.633e-01, trn/lr 9.809e-03, val/acc 7.846e-01, val/nll 6.297e-01 (best_acc: 7.772e-01 -> 7.846e-01, test_acc: 7.835e-01, test_nll: 6.351e-01)
[2023-02-04 09:37:48] [Epoch   124/  200] trn/loss 5.472e-01, trn/lr 9.589e-03, val/acc 7.678e-01, val/nll 6.953e-01
[2023-02-04 09:37:53] [Epoch   125/  200] trn/loss 5.601e-01, trn/lr 9.370e-03, val/acc 7.721e-01, val/nll 6.689e-01
[2023-02-04 09:37:58] [Epoch   126/  200] trn/loss 5.534e-01, trn/lr 9.152e-03, val/acc 7.739e-01, val/nll 6.837e-01
[2023-02-04 09:38:03] [Epoch   127/  200] trn/loss 5.509e-01, trn/lr 8.936e-03, val/acc 7.908e-01, val/nll 6.220e-01 (best_acc: 7.846e-01 -> 7.908e-01, test_acc: 7.814e-01, test_nll: 6.378e-01)
[2023-02-04 09:38:09] [Epoch   128/  200] trn/loss 5.358e-01, trn/lr 8.721e-03, val/acc 7.606e-01, val/nll 7.181e-01
[2023-02-04 09:38:14] [Epoch   129/  200] trn/loss 5.333e-01, trn/lr 8.508e-03, val/acc 7.769e-01, val/nll 6.661e-01
[2023-02-04 09:38:19] [Epoch   130/  200] trn/loss 5.307e-01, trn/lr 8.296e-03, val/acc 7.841e-01, val/nll 6.353e-01
[2023-02-04 09:38:24] [Epoch   131/  200] trn/loss 5.349e-01, trn/lr 8.086e-03, val/acc 8.055e-01, val/nll 5.750e-01 (best_acc: 7.908e-01 -> 8.055e-01, test_acc: 8.003e-01, test_nll: 5.883e-01)
[2023-02-04 09:38:29] [Epoch   132/  200] trn/loss 5.319e-01, trn/lr 7.878e-03, val/acc 7.940e-01, val/nll 5.908e-01
[2023-02-04 09:38:35] [Epoch   133/  200] trn/loss 5.156e-01, trn/lr 7.671e-03, val/acc 7.874e-01, val/nll 6.436e-01
[2023-02-04 09:38:40] [Epoch   134/  200] trn/loss 5.136e-01, trn/lr 7.467e-03, val/acc 7.823e-01, val/nll 6.480e-01
[2023-02-04 09:38:45] [Epoch   135/  200] trn/loss 5.165e-01, trn/lr 7.264e-03, val/acc 7.756e-01, val/nll 6.613e-01
[2023-02-04 09:38:50] [Epoch   136/  200] trn/loss 5.006e-01, trn/lr 7.063e-03, val/acc 7.832e-01, val/nll 6.538e-01
[2023-02-04 09:38:55] [Epoch   137/  200] trn/loss 5.093e-01, trn/lr 6.864e-03, val/acc 7.963e-01, val/nll 6.093e-01
[2023-02-04 09:39:00] [Epoch   138/  200] trn/loss 5.063e-01, trn/lr 6.667e-03, val/acc 7.800e-01, val/nll 6.679e-01
[2023-02-04 09:39:05] [Epoch   139/  200] trn/loss 4.913e-01, trn/lr 6.472e-03, val/acc 7.610e-01, val/nll 7.019e-01
[2023-02-04 09:39:11] [Epoch   140/  200] trn/loss 4.956e-01, trn/lr 6.279e-03, val/acc 8.072e-01, val/nll 5.793e-01 (best_acc: 8.055e-01 -> 8.072e-01, test_acc: 7.964e-01, test_nll: 6.052e-01)
[2023-02-04 09:39:16] [Epoch   141/  200] trn/loss 4.848e-01, trn/lr 6.089e-03, val/acc 8.074e-01, val/nll 5.740e-01 (best_acc: 8.072e-01 -> 8.074e-01, test_acc: 8.014e-01, test_nll: 5.836e-01)
[2023-02-04 09:39:21] [Epoch   142/  200] trn/loss 4.733e-01, trn/lr 5.900e-03, val/acc 8.049e-01, val/nll 5.812e-01
[2023-02-04 09:39:26] [Epoch   143/  200] trn/loss 4.883e-01, trn/lr 5.714e-03, val/acc 7.898e-01, val/nll 6.177e-01
[2023-02-04 09:39:31] [Epoch   144/  200] trn/loss 4.653e-01, trn/lr 5.530e-03, val/acc 8.063e-01, val/nll 5.778e-01
[2023-02-04 09:39:37] [Epoch   145/  200] trn/loss 4.580e-01, trn/lr 5.349e-03, val/acc 8.236e-01, val/nll 5.205e-01 (best_acc: 8.074e-01 -> 8.236e-01, test_acc: 8.169e-01, test_nll: 5.463e-01)
[2023-02-04 09:39:42] [Epoch   146/  200] trn/loss 4.683e-01, trn/lr 5.170e-03, val/acc 8.135e-01, val/nll 5.346e-01
[2023-02-04 09:39:47] [Epoch   147/  200] trn/loss 4.577e-01, trn/lr 4.993e-03, val/acc 7.961e-01, val/nll 5.907e-01
[2023-02-04 09:39:52] [Epoch   148/  200] trn/loss 4.601e-01, trn/lr 4.819e-03, val/acc 7.927e-01, val/nll 6.419e-01
[2023-02-04 09:39:57] [Epoch   149/  200] trn/loss 4.567e-01, trn/lr 4.647e-03, val/acc 8.133e-01, val/nll 5.289e-01
[2023-02-04 09:40:03] [Epoch   150/  200] trn/loss 4.409e-01, trn/lr 4.478e-03, val/acc 8.066e-01, val/nll 5.757e-01
[2023-02-04 09:40:08] [Epoch   151/  200] trn/loss 4.358e-01, trn/lr 4.311e-03, val/acc 8.295e-01, val/nll 4.904e-01 (best_acc: 8.236e-01 -> 8.295e-01, test_acc: 8.245e-01, test_nll: 5.081e-01)
[2023-02-04 09:40:13] [Epoch   152/  200] trn/loss 4.261e-01, trn/lr 4.147e-03, val/acc 7.939e-01, val/nll 6.032e-01
[2023-02-04 09:40:18] [Epoch   153/  200] trn/loss 4.277e-01, trn/lr 3.986e-03, val/acc 8.209e-01, val/nll 5.277e-01
[2023-02-04 09:40:23] [Epoch   154/  200] trn/loss 4.195e-01, trn/lr 3.827e-03, val/acc 8.229e-01, val/nll 5.209e-01
[2023-02-04 09:40:29] [Epoch   155/  200] trn/loss 4.114e-01, trn/lr 3.671e-03, val/acc 8.415e-01, val/nll 4.724e-01 (best_acc: 8.295e-01 -> 8.415e-01, test_acc: 8.302e-01, test_nll: 4.978e-01)
[2023-02-04 09:40:34] [Epoch   156/  200] trn/loss 4.091e-01, trn/lr 3.518e-03, val/acc 8.279e-01, val/nll 5.070e-01
[2023-02-04 09:40:39] [Epoch   157/  200] trn/loss 4.206e-01, trn/lr 3.368e-03, val/acc 8.170e-01, val/nll 5.664e-01
[2023-02-04 09:40:45] [Epoch   158/  200] trn/loss 4.038e-01, trn/lr 3.221e-03, val/acc 8.419e-01, val/nll 4.685e-01 (best_acc: 8.415e-01 -> 8.419e-01, test_acc: 8.377e-01, test_nll: 4.848e-01)
[2023-02-04 09:40:50] [Epoch   159/  200] trn/loss 4.042e-01, trn/lr 3.076e-03, val/acc 8.309e-01, val/nll 4.959e-01
[2023-02-04 09:40:55] [Epoch   160/  200] trn/loss 3.938e-01, trn/lr 2.935e-03, val/acc 8.356e-01, val/nll 4.842e-01
[2023-02-04 09:41:00] [Epoch   161/  200] trn/loss 3.921e-01, trn/lr 2.796e-03, val/acc 8.425e-01, val/nll 4.647e-01 (best_acc: 8.419e-01 -> 8.425e-01, test_acc: 8.340e-01, test_nll: 4.815e-01)
[2023-02-04 09:41:06] [Epoch   162/  200] trn/loss 3.828e-01, trn/lr 2.661e-03, val/acc 8.513e-01, val/nll 4.344e-01 (best_acc: 8.425e-01 -> 8.513e-01, test_acc: 8.457e-01, test_nll: 4.537e-01)
[2023-02-04 09:41:11] [Epoch   163/  200] trn/loss 3.662e-01, trn/lr 2.528e-03, val/acc 8.482e-01, val/nll 4.508e-01
[2023-02-04 09:41:16] [Epoch   164/  200] trn/loss 3.671e-01, trn/lr 2.399e-03, val/acc 8.458e-01, val/nll 4.550e-01
[2023-02-04 09:41:21] [Epoch   165/  200] trn/loss 3.624e-01, trn/lr 2.273e-03, val/acc 8.517e-01, val/nll 4.349e-01 (best_acc: 8.513e-01 -> 8.517e-01, test_acc: 8.424e-01, test_nll: 4.605e-01)
[2023-02-04 09:41:26] [Epoch   166/  200] trn/loss 3.528e-01, trn/lr 2.150e-03, val/acc 8.358e-01, val/nll 4.878e-01
[2023-02-04 09:41:32] [Epoch   167/  200] trn/loss 3.486e-01, trn/lr 2.030e-03, val/acc 8.529e-01, val/nll 4.283e-01 (best_acc: 8.517e-01 -> 8.529e-01, test_acc: 8.516e-01, test_nll: 4.410e-01)
[2023-02-04 09:41:37] [Epoch   168/  200] trn/loss 3.412e-01, trn/lr 1.913e-03, val/acc 8.545e-01, val/nll 4.326e-01 (best_acc: 8.529e-01 -> 8.545e-01, test_acc: 8.524e-01, test_nll: 4.393e-01)
[2023-02-04 09:41:43] [Epoch   169/  200] trn/loss 3.315e-01, trn/lr 1.800e-03, val/acc 8.588e-01, val/nll 4.289e-01 (best_acc: 8.545e-01 -> 8.588e-01, test_acc: 8.519e-01, test_nll: 4.448e-01)
[2023-02-04 09:41:49] [Epoch   170/  200] trn/loss 3.293e-01, trn/lr 1.689e-03, val/acc 8.629e-01, val/nll 4.035e-01 (best_acc: 8.588e-01 -> 8.629e-01, test_acc: 8.576e-01, test_nll: 4.238e-01)
[2023-02-04 09:41:54] [Epoch   171/  200] trn/loss 3.246e-01, trn/lr 1.582e-03, val/acc 8.633e-01, val/nll 4.016e-01 (best_acc: 8.629e-01 -> 8.633e-01, test_acc: 8.590e-01, test_nll: 4.090e-01)
[2023-02-04 09:41:59] [Epoch   172/  200] trn/loss 3.185e-01, trn/lr 1.479e-03, val/acc 8.605e-01, val/nll 4.176e-01
[2023-02-04 09:42:04] [Epoch   173/  200] trn/loss 3.142e-01, trn/lr 1.378e-03, val/acc 8.617e-01, val/nll 4.129e-01
[2023-02-04 09:42:10] [Epoch   174/  200] trn/loss 3.151e-01, trn/lr 1.281e-03, val/acc 8.668e-01, val/nll 3.934e-01 (best_acc: 8.633e-01 -> 8.668e-01, test_acc: 8.614e-01, test_nll: 4.018e-01)
[2023-02-04 09:42:15] [Epoch   175/  200] trn/loss 3.009e-01, trn/lr 1.188e-03, val/acc 8.673e-01, val/nll 4.050e-01 (best_acc: 8.668e-01 -> 8.673e-01, test_acc: 8.628e-01, test_nll: 4.164e-01)
[2023-02-04 09:42:21] [Epoch   176/  200] trn/loss 2.904e-01, trn/lr 1.098e-03, val/acc 8.691e-01, val/nll 3.844e-01 (best_acc: 8.673e-01 -> 8.691e-01, test_acc: 8.609e-01, test_nll: 4.098e-01)
[2023-02-04 09:42:26] [Epoch   177/  200] trn/loss 2.839e-01, trn/lr 1.011e-03, val/acc 8.738e-01, val/nll 3.784e-01 (best_acc: 8.691e-01 -> 8.738e-01, test_acc: 8.622e-01, test_nll: 4.112e-01)
[2023-02-04 09:42:31] [Epoch   178/  200] trn/loss 2.806e-01, trn/lr 9.275e-04, val/acc 8.683e-01, val/nll 4.022e-01
[2023-02-04 09:42:36] [Epoch   179/  200] trn/loss 2.756e-01, trn/lr 8.477e-04, val/acc 8.716e-01, val/nll 3.793e-01
[2023-02-04 09:42:42] [Epoch   180/  200] trn/loss 2.713e-01, trn/lr 7.714e-04, val/acc 8.770e-01, val/nll 3.681e-01 (best_acc: 8.738e-01 -> 8.770e-01, test_acc: 8.661e-01, test_nll: 3.892e-01)
[2023-02-04 09:42:47] [Epoch   181/  200] trn/loss 2.619e-01, trn/lr 6.986e-04, val/acc 8.727e-01, val/nll 3.748e-01
[2023-02-04 09:42:52] [Epoch   182/  200] trn/loss 2.571e-01, trn/lr 6.293e-04, val/acc 8.733e-01, val/nll 3.739e-01
[2023-02-04 09:42:57] [Epoch   183/  200] trn/loss 2.447e-01, trn/lr 5.635e-04, val/acc 8.761e-01, val/nll 3.673e-01
[2023-02-04 09:43:03] [Epoch   184/  200] trn/loss 2.414e-01, trn/lr 5.013e-04, val/acc 8.796e-01, val/nll 3.655e-01 (best_acc: 8.770e-01 -> 8.796e-01, test_acc: 8.723e-01, test_nll: 3.817e-01)
[2023-02-04 09:43:08] [Epoch   185/  200] trn/loss 2.362e-01, trn/lr 4.427e-04, val/acc 8.848e-01, val/nll 3.545e-01 (best_acc: 8.796e-01 -> 8.848e-01, test_acc: 8.760e-01, test_nll: 3.722e-01)
[2023-02-04 09:43:13] [Epoch   186/  200] trn/loss 2.303e-01, trn/lr 3.877e-04, val/acc 8.777e-01, val/nll 3.646e-01
[2023-02-04 09:43:18] [Epoch   187/  200] trn/loss 2.283e-01, trn/lr 3.363e-04, val/acc 8.795e-01, val/nll 3.644e-01
[2023-02-04 09:43:23] [Epoch   188/  200] trn/loss 2.202e-01, trn/lr 2.885e-04, val/acc 8.837e-01, val/nll 3.540e-01
[2023-02-04 09:43:29] [Epoch   189/  200] trn/loss 2.129e-01, trn/lr 2.444e-04, val/acc 8.847e-01, val/nll 3.506e-01
[2023-02-04 09:43:34] [Epoch   190/  200] trn/loss 2.099e-01, trn/lr 2.038e-04, val/acc 8.852e-01, val/nll 3.506e-01 (best_acc: 8.848e-01 -> 8.852e-01, test_acc: 8.777e-01, test_nll: 3.694e-01)
[2023-02-04 09:43:39] [Epoch   191/  200] trn/loss 2.047e-01, trn/lr 1.670e-04, val/acc 8.844e-01, val/nll 3.535e-01
[2023-02-04 09:43:45] [Epoch   192/  200] trn/loss 2.020e-01, trn/lr 1.338e-04, val/acc 8.865e-01, val/nll 3.499e-01 (best_acc: 8.852e-01 -> 8.865e-01, test_acc: 8.820e-01, test_nll: 3.630e-01)
[2023-02-04 09:43:50] [Epoch   193/  200] trn/loss 1.977e-01, trn/lr 1.042e-04, val/acc 8.856e-01, val/nll 3.469e-01
[2023-02-04 09:43:55] [Epoch   194/  200] trn/loss 1.946e-01, trn/lr 7.835e-05, val/acc 8.857e-01, val/nll 3.458e-01
[2023-02-04 09:44:00] [Epoch   195/  200] trn/loss 1.953e-01, trn/lr 5.616e-05, val/acc 8.867e-01, val/nll 3.445e-01 (best_acc: 8.865e-01 -> 8.867e-01, test_acc: 8.814e-01, test_nll: 3.608e-01)
[2023-02-04 09:44:06] [Epoch   196/  200] trn/loss 1.896e-01, trn/lr 3.766e-05, val/acc 8.857e-01, val/nll 3.451e-01
[2023-02-04 09:44:11] [Epoch   197/  200] trn/loss 1.915e-01, trn/lr 2.286e-05, val/acc 8.863e-01, val/nll 3.457e-01
[2023-02-04 09:44:16] [Epoch   198/  200] trn/loss 1.884e-01, trn/lr 1.175e-05, val/acc 8.863e-01, val/nll 3.427e-01
[2023-02-04 09:44:21] [Epoch   199/  200] trn/loss 1.907e-01, trn/lr 4.335e-06, val/acc 8.868e-01, val/nll 3.443e-01 (best_acc: 8.867e-01 -> 8.868e-01, test_acc: 8.815e-01, test_nll: 3.592e-01)
[2023-02-04 09:44:26] [Epoch   200/  200] trn/loss 1.873e-01, trn/lr 6.226e-07, val/acc 8.863e-01, val/nll 3.449e-01
