[2023-02-08 05:50:18] Environments:
------------  ------------------------------------------------------------
sys.platform  linux
Python        3.8.10 (default, Nov 14 2022, 12:59:47) [GCC 9.4.0]
JAX           0.4.2 @/home/giung/.local/lib/python3.8/site-packages/jax
jaxlib        0.4.2 @/home/giung/.local/lib/python3.8/site-packages/jaxlib
Flax          0.6.4 @/home/giung/.local/lib/python3.8/site-packages/flax
Optax         0.1.4 @/home/giung/.local/lib/python3.8/site-packages/optax
------------  ------------------------------------------------------------

[2023-02-08 05:50:18] Command line arguments:
- args.data_root          : ./data/
- args.data_name          : CIFAR10_x32
- args.data_augmentation  : standard
- args.data_proportional  : 1.0
- args.model_depth        : 20
- args.model_width        : 4
- args.model_style        : BN-ReLU
- args.optim_bs           : 256
- args.optim_ne           : 200
- args.optim_lr           : 0.003
- args.optim_b1           : 0.7
- args.optim_b2           : 0.999
- args.optim_eps          : 1e-08
- args.optim_weight_decay : 0.001
- args.rho                : 0.0
- args.save               : /home/giung/giung2-dev/projects/sam/save/CIFAR10_x32/R20x4-BN-ReLU/Adam/bs-0256_ne-0200_lr-0.0030_b1-0.7000_b2-0.9990_wd-0.0010_rho-0.0000_fp32/42
- args.seed               : 42
- args.precision          : fp32

[2023-02-08 05:50:32] Multiple local devices are detected:
[TpuDevice(id=0, process_index=0, coords=(0,0,0), core_on_chip=0), TpuDevice(id=1, process_index=0, coords=(0,0,0), core_on_chip=1), TpuDevice(id=2, process_index=0, coords=(1,0,0), core_on_chip=0), TpuDevice(id=3, process_index=0, coords=(1,0,0), core_on_chip=1), TpuDevice(id=4, process_index=0, coords=(0,1,0), core_on_chip=0), TpuDevice(id=5, process_index=0, coords=(0,1,0), core_on_chip=1), TpuDevice(id=6, process_index=0, coords=(1,1,0), core_on_chip=0), TpuDevice(id=7, process_index=0, coords=(1,1,0), core_on_chip=1)]

[2023-02-08 05:51:33] [Epoch     1/  200] trn/loss 1.689e+00, trn/lr 3.000e-03, val/acc 5.375e-01, val/nll 1.294e+00 (best_acc: 0.000e+00 -> 5.375e-01, test_acc: 5.336e-01, test_nll: 1.306e+00)
[2023-02-08 05:51:40] [Epoch     2/  200] trn/loss 1.197e+00, trn/lr 3.000e-03, val/acc 5.292e-01, val/nll 1.338e+00
[2023-02-08 05:51:49] [Epoch     3/  200] trn/loss 1.048e+00, trn/lr 2.999e-03, val/acc 5.480e-01, val/nll 1.350e+00 (best_acc: 5.375e-01 -> 5.480e-01, test_acc: 5.361e-01, test_nll: 1.365e+00)
[2023-02-08 05:51:57] [Epoch     4/  200] trn/loss 9.522e-01, trn/lr 2.998e-03, val/acc 5.954e-01, val/nll 1.217e+00 (best_acc: 5.480e-01 -> 5.954e-01, test_acc: 5.880e-01, test_nll: 1.222e+00)
[2023-02-08 05:52:04] [Epoch     5/  200] trn/loss 8.700e-01, trn/lr 2.996e-03, val/acc 5.654e-01, val/nll 1.394e+00
[2023-02-08 05:52:11] [Epoch     6/  200] trn/loss 8.078e-01, trn/lr 2.994e-03, val/acc 5.754e-01, val/nll 1.226e+00
[2023-02-08 05:52:19] [Epoch     7/  200] trn/loss 7.541e-01, trn/lr 2.992e-03, val/acc 5.458e-01, val/nll 1.716e+00
[2023-02-08 05:52:27] [Epoch     8/  200] trn/loss 7.161e-01, trn/lr 2.990e-03, val/acc 6.977e-01, val/nll 9.862e-01 (best_acc: 5.954e-01 -> 6.977e-01, test_acc: 6.955e-01, test_nll: 9.973e-01)
[2023-02-08 05:52:35] [Epoch     9/  200] trn/loss 6.832e-01, trn/lr 2.987e-03, val/acc 7.215e-01, val/nll 8.412e-01 (best_acc: 6.977e-01 -> 7.215e-01, test_acc: 7.156e-01, test_nll: 8.541e-01)
[2023-02-08 05:52:42] [Epoch    10/  200] trn/loss 6.667e-01, trn/lr 2.983e-03, val/acc 6.986e-01, val/nll 9.416e-01
[2023-02-08 05:52:49] [Epoch    11/  200] trn/loss 6.452e-01, trn/lr 2.980e-03, val/acc 7.169e-01, val/nll 8.643e-01
[2023-02-08 05:52:57] [Epoch    12/  200] trn/loss 6.310e-01, trn/lr 2.976e-03, val/acc 5.946e-01, val/nll 1.526e+00
[2023-02-08 05:53:05] [Epoch    13/  200] trn/loss 6.170e-01, trn/lr 2.971e-03, val/acc 7.480e-01, val/nll 7.632e-01 (best_acc: 7.215e-01 -> 7.480e-01, test_acc: 7.430e-01, test_nll: 7.770e-01)
[2023-02-08 05:53:12] [Epoch    14/  200] trn/loss 5.993e-01, trn/lr 2.966e-03, val/acc 7.335e-01, val/nll 8.074e-01
[2023-02-08 05:53:19] [Epoch    15/  200] trn/loss 5.866e-01, trn/lr 2.961e-03, val/acc 7.441e-01, val/nll 8.064e-01
[2023-02-08 05:53:28] [Epoch    16/  200] trn/loss 5.837e-01, trn/lr 2.956e-03, val/acc 7.649e-01, val/nll 7.081e-01 (best_acc: 7.480e-01 -> 7.649e-01, test_acc: 7.616e-01, test_nll: 7.338e-01)
[2023-02-08 05:53:36] [Epoch    17/  200] trn/loss 5.762e-01, trn/lr 2.950e-03, val/acc 7.867e-01, val/nll 6.750e-01 (best_acc: 7.649e-01 -> 7.867e-01, test_acc: 7.761e-01, test_nll: 6.858e-01)
[2023-02-08 05:53:43] [Epoch    18/  200] trn/loss 5.665e-01, trn/lr 2.944e-03, val/acc 6.895e-01, val/nll 1.023e+00
[2023-02-08 05:53:50] [Epoch    19/  200] trn/loss 5.561e-01, trn/lr 2.937e-03, val/acc 6.912e-01, val/nll 1.027e+00
[2023-02-08 05:53:58] [Epoch    20/  200] trn/loss 5.559e-01, trn/lr 2.930e-03, val/acc 7.200e-01, val/nll 8.724e-01
[2023-02-08 05:54:05] [Epoch    21/  200] trn/loss 5.413e-01, trn/lr 2.923e-03, val/acc 7.581e-01, val/nll 7.602e-01
[2023-02-08 05:54:12] [Epoch    22/  200] trn/loss 5.437e-01, trn/lr 2.915e-03, val/acc 7.087e-01, val/nll 9.105e-01
[2023-02-08 05:54:20] [Epoch    23/  200] trn/loss 5.355e-01, trn/lr 2.907e-03, val/acc 8.211e-01, val/nll 5.468e-01 (best_acc: 7.867e-01 -> 8.211e-01, test_acc: 8.140e-01, test_nll: 5.674e-01)
[2023-02-08 05:54:28] [Epoch    24/  200] trn/loss 5.316e-01, trn/lr 2.899e-03, val/acc 7.904e-01, val/nll 6.207e-01
[2023-02-08 05:54:35] [Epoch    25/  200] trn/loss 5.234e-01, trn/lr 2.890e-03, val/acc 7.821e-01, val/nll 6.747e-01
[2023-02-08 05:54:42] [Epoch    26/  200] trn/loss 5.148e-01, trn/lr 2.881e-03, val/acc 7.727e-01, val/nll 6.764e-01
[2023-02-08 05:54:49] [Epoch    27/  200] trn/loss 5.164e-01, trn/lr 2.872e-03, val/acc 7.174e-01, val/nll 9.791e-01
[2023-02-08 05:54:57] [Epoch    28/  200] trn/loss 5.145e-01, trn/lr 2.862e-03, val/acc 7.813e-01, val/nll 6.830e-01
[2023-02-08 05:55:04] [Epoch    29/  200] trn/loss 5.093e-01, trn/lr 2.852e-03, val/acc 7.606e-01, val/nll 7.088e-01
[2023-02-08 05:55:11] [Epoch    30/  200] trn/loss 5.041e-01, trn/lr 2.842e-03, val/acc 8.028e-01, val/nll 5.980e-01
[2023-02-08 05:55:18] [Epoch    31/  200] trn/loss 4.954e-01, trn/lr 2.831e-03, val/acc 7.656e-01, val/nll 7.606e-01
[2023-02-08 05:55:26] [Epoch    32/  200] trn/loss 4.943e-01, trn/lr 2.820e-03, val/acc 7.889e-01, val/nll 6.736e-01
[2023-02-08 05:55:33] [Epoch    33/  200] trn/loss 4.917e-01, trn/lr 2.809e-03, val/acc 7.594e-01, val/nll 7.203e-01
[2023-02-08 05:55:40] [Epoch    34/  200] trn/loss 4.944e-01, trn/lr 2.797e-03, val/acc 7.282e-01, val/nll 8.133e-01
[2023-02-08 05:55:47] [Epoch    35/  200] trn/loss 4.831e-01, trn/lr 2.785e-03, val/acc 7.184e-01, val/nll 8.369e-01
[2023-02-08 05:55:54] [Epoch    36/  200] trn/loss 4.887e-01, trn/lr 2.773e-03, val/acc 7.895e-01, val/nll 6.390e-01
[2023-02-08 05:56:02] [Epoch    37/  200] trn/loss 4.792e-01, trn/lr 2.760e-03, val/acc 7.598e-01, val/nll 7.182e-01
[2023-02-08 05:56:09] [Epoch    38/  200] trn/loss 4.810e-01, trn/lr 2.747e-03, val/acc 7.979e-01, val/nll 6.022e-01
[2023-02-08 05:56:16] [Epoch    39/  200] trn/loss 4.728e-01, trn/lr 2.734e-03, val/acc 8.023e-01, val/nll 5.987e-01
[2023-02-08 05:56:23] [Epoch    40/  200] trn/loss 4.765e-01, trn/lr 2.720e-03, val/acc 7.754e-01, val/nll 6.826e-01
[2023-02-08 05:56:31] [Epoch    41/  200] trn/loss 4.722e-01, trn/lr 2.707e-03, val/acc 7.527e-01, val/nll 8.129e-01
[2023-02-08 05:56:38] [Epoch    42/  200] trn/loss 4.716e-01, trn/lr 2.692e-03, val/acc 7.617e-01, val/nll 7.267e-01
[2023-02-08 05:56:45] [Epoch    43/  200] trn/loss 4.622e-01, trn/lr 2.678e-03, val/acc 7.590e-01, val/nll 8.759e-01
[2023-02-08 05:56:52] [Epoch    44/  200] trn/loss 4.682e-01, trn/lr 2.663e-03, val/acc 7.448e-01, val/nll 8.204e-01
[2023-02-08 05:57:00] [Epoch    45/  200] trn/loss 4.559e-01, trn/lr 2.648e-03, val/acc 7.121e-01, val/nll 9.543e-01
[2023-02-08 05:57:07] [Epoch    46/  200] trn/loss 4.567e-01, trn/lr 2.633e-03, val/acc 7.445e-01, val/nll 7.589e-01
[2023-02-08 05:57:14] [Epoch    47/  200] trn/loss 4.558e-01, trn/lr 2.617e-03, val/acc 7.993e-01, val/nll 6.145e-01
[2023-02-08 05:57:21] [Epoch    48/  200] trn/loss 4.575e-01, trn/lr 2.602e-03, val/acc 8.032e-01, val/nll 5.829e-01
[2023-02-08 05:57:28] [Epoch    49/  200] trn/loss 4.481e-01, trn/lr 2.585e-03, val/acc 7.412e-01, val/nll 8.433e-01
[2023-02-08 05:57:36] [Epoch    50/  200] trn/loss 4.498e-01, trn/lr 2.569e-03, val/acc 6.831e-01, val/nll 1.040e+00
[2023-02-08 05:57:44] [Epoch    51/  200] trn/loss 4.411e-01, trn/lr 2.552e-03, val/acc 8.220e-01, val/nll 5.308e-01 (best_acc: 8.211e-01 -> 8.220e-01, test_acc: 8.233e-01, test_nll: 5.142e-01)
[2023-02-08 05:57:51] [Epoch    52/  200] trn/loss 4.490e-01, trn/lr 2.535e-03, val/acc 7.940e-01, val/nll 6.336e-01
[2023-02-08 05:57:58] [Epoch    53/  200] trn/loss 4.412e-01, trn/lr 2.518e-03, val/acc 7.902e-01, val/nll 6.767e-01
[2023-02-08 05:58:06] [Epoch    54/  200] trn/loss 4.362e-01, trn/lr 2.501e-03, val/acc 8.183e-01, val/nll 5.398e-01
[2023-02-08 05:58:14] [Epoch    55/  200] trn/loss 4.355e-01, trn/lr 2.483e-03, val/acc 8.365e-01, val/nll 4.772e-01 (best_acc: 8.220e-01 -> 8.365e-01, test_acc: 8.386e-01, test_nll: 4.762e-01)
[2023-02-08 05:58:21] [Epoch    56/  200] trn/loss 4.357e-01, trn/lr 2.465e-03, val/acc 6.933e-01, val/nll 1.097e+00
[2023-02-08 05:58:28] [Epoch    57/  200] trn/loss 4.332e-01, trn/lr 2.447e-03, val/acc 7.962e-01, val/nll 6.409e-01
[2023-02-08 05:58:37] [Epoch    58/  200] trn/loss 4.280e-01, trn/lr 2.429e-03, val/acc 8.407e-01, val/nll 4.715e-01 (best_acc: 8.365e-01 -> 8.407e-01, test_acc: 8.416e-01, test_nll: 4.727e-01)
[2023-02-08 05:58:44] [Epoch    59/  200] trn/loss 4.305e-01, trn/lr 2.410e-03, val/acc 7.969e-01, val/nll 6.239e-01
[2023-02-08 05:58:51] [Epoch    60/  200] trn/loss 4.266e-01, trn/lr 2.391e-03, val/acc 8.179e-01, val/nll 5.264e-01
[2023-02-08 05:58:58] [Epoch    61/  200] trn/loss 4.213e-01, trn/lr 2.372e-03, val/acc 8.002e-01, val/nll 5.932e-01
[2023-02-08 05:59:05] [Epoch    62/  200] trn/loss 4.241e-01, trn/lr 2.353e-03, val/acc 8.073e-01, val/nll 5.827e-01
[2023-02-08 05:59:13] [Epoch    63/  200] trn/loss 4.171e-01, trn/lr 2.333e-03, val/acc 8.076e-01, val/nll 5.847e-01
[2023-02-08 05:59:20] [Epoch    64/  200] trn/loss 4.208e-01, trn/lr 2.314e-03, val/acc 7.618e-01, val/nll 7.474e-01
[2023-02-08 05:59:27] [Epoch    65/  200] trn/loss 4.125e-01, trn/lr 2.294e-03, val/acc 7.673e-01, val/nll 7.276e-01
[2023-02-08 05:59:34] [Epoch    66/  200] trn/loss 4.134e-01, trn/lr 2.274e-03, val/acc 8.204e-01, val/nll 5.467e-01
[2023-02-08 05:59:42] [Epoch    67/  200] trn/loss 4.102e-01, trn/lr 2.253e-03, val/acc 8.341e-01, val/nll 5.070e-01
[2023-02-08 05:59:49] [Epoch    68/  200] trn/loss 4.061e-01, trn/lr 2.233e-03, val/acc 8.164e-01, val/nll 5.674e-01
[2023-02-08 05:59:56] [Epoch    69/  200] trn/loss 4.064e-01, trn/lr 2.212e-03, val/acc 8.088e-01, val/nll 5.668e-01
[2023-02-08 06:00:03] [Epoch    70/  200] trn/loss 4.077e-01, trn/lr 2.192e-03, val/acc 8.240e-01, val/nll 5.327e-01
[2023-02-08 06:00:11] [Epoch    71/  200] trn/loss 3.997e-01, trn/lr 2.171e-03, val/acc 8.364e-01, val/nll 4.849e-01
[2023-02-08 06:00:18] [Epoch    72/  200] trn/loss 4.001e-01, trn/lr 2.149e-03, val/acc 8.296e-01, val/nll 5.111e-01
[2023-02-08 06:00:25] [Epoch    73/  200] trn/loss 4.024e-01, trn/lr 2.128e-03, val/acc 7.875e-01, val/nll 6.780e-01
[2023-02-08 06:00:32] [Epoch    74/  200] trn/loss 3.927e-01, trn/lr 2.107e-03, val/acc 8.069e-01, val/nll 5.687e-01
[2023-02-08 06:00:40] [Epoch    75/  200] trn/loss 3.907e-01, trn/lr 2.085e-03, val/acc 8.419e-01, val/nll 4.742e-01 (best_acc: 8.407e-01 -> 8.419e-01, test_acc: 8.422e-01, test_nll: 4.798e-01)
[2023-02-08 06:00:48] [Epoch    76/  200] trn/loss 3.902e-01, trn/lr 2.063e-03, val/acc 8.312e-01, val/nll 5.214e-01
[2023-02-08 06:00:55] [Epoch    77/  200] trn/loss 3.829e-01, trn/lr 2.041e-03, val/acc 8.258e-01, val/nll 5.072e-01
[2023-02-08 06:01:03] [Epoch    78/  200] trn/loss 3.869e-01, trn/lr 2.019e-03, val/acc 8.423e-01, val/nll 4.682e-01 (best_acc: 8.419e-01 -> 8.423e-01, test_acc: 8.446e-01, test_nll: 4.714e-01)
[2023-02-08 06:01:10] [Epoch    79/  200] trn/loss 3.809e-01, trn/lr 1.997e-03, val/acc 7.830e-01, val/nll 7.119e-01
[2023-02-08 06:01:18] [Epoch    80/  200] trn/loss 3.793e-01, trn/lr 1.975e-03, val/acc 8.082e-01, val/nll 6.321e-01
[2023-02-08 06:01:25] [Epoch    81/  200] trn/loss 3.732e-01, trn/lr 1.952e-03, val/acc 8.317e-01, val/nll 5.043e-01
[2023-02-08 06:01:32] [Epoch    82/  200] trn/loss 3.701e-01, trn/lr 1.930e-03, val/acc 8.281e-01, val/nll 5.142e-01
[2023-02-08 06:01:40] [Epoch    83/  200] trn/loss 3.712e-01, trn/lr 1.907e-03, val/acc 8.522e-01, val/nll 4.510e-01 (best_acc: 8.423e-01 -> 8.522e-01, test_acc: 8.481e-01, test_nll: 4.627e-01)
[2023-02-08 06:01:48] [Epoch    84/  200] trn/loss 3.715e-01, trn/lr 1.885e-03, val/acc 8.285e-01, val/nll 5.081e-01
[2023-02-08 06:01:55] [Epoch    85/  200] trn/loss 3.688e-01, trn/lr 1.862e-03, val/acc 8.434e-01, val/nll 4.702e-01
[2023-02-08 06:02:02] [Epoch    86/  200] trn/loss 3.633e-01, trn/lr 1.839e-03, val/acc 7.326e-01, val/nll 8.927e-01
[2023-02-08 06:02:09] [Epoch    87/  200] trn/loss 3.610e-01, trn/lr 1.816e-03, val/acc 8.468e-01, val/nll 4.974e-01
[2023-02-08 06:02:17] [Epoch    88/  200] trn/loss 3.567e-01, trn/lr 1.793e-03, val/acc 8.367e-01, val/nll 4.840e-01
[2023-02-08 06:02:24] [Epoch    89/  200] trn/loss 3.594e-01, trn/lr 1.770e-03, val/acc 7.939e-01, val/nll 6.742e-01
[2023-02-08 06:02:31] [Epoch    90/  200] trn/loss 3.546e-01, trn/lr 1.746e-03, val/acc 8.356e-01, val/nll 4.972e-01
[2023-02-08 06:02:38] [Epoch    91/  200] trn/loss 3.526e-01, trn/lr 1.723e-03, val/acc 8.377e-01, val/nll 5.025e-01
[2023-02-08 06:02:45] [Epoch    92/  200] trn/loss 3.486e-01, trn/lr 1.700e-03, val/acc 7.848e-01, val/nll 6.889e-01
[2023-02-08 06:02:53] [Epoch    93/  200] trn/loss 3.480e-01, trn/lr 1.676e-03, val/acc 8.322e-01, val/nll 5.096e-01
[2023-02-08 06:03:00] [Epoch    94/  200] trn/loss 3.399e-01, trn/lr 1.653e-03, val/acc 8.225e-01, val/nll 5.362e-01
[2023-02-08 06:03:07] [Epoch    95/  200] trn/loss 3.442e-01, trn/lr 1.630e-03, val/acc 8.384e-01, val/nll 4.918e-01
[2023-02-08 06:03:15] [Epoch    96/  200] trn/loss 3.381e-01, trn/lr 1.606e-03, val/acc 8.565e-01, val/nll 4.415e-01 (best_acc: 8.522e-01 -> 8.565e-01, test_acc: 8.544e-01, test_nll: 4.339e-01)
[2023-02-08 06:03:23] [Epoch    97/  200] trn/loss 3.356e-01, trn/lr 1.582e-03, val/acc 8.273e-01, val/nll 5.613e-01
[2023-02-08 06:03:30] [Epoch    98/  200] trn/loss 3.334e-01, trn/lr 1.559e-03, val/acc 8.230e-01, val/nll 5.313e-01
[2023-02-08 06:03:37] [Epoch    99/  200] trn/loss 3.353e-01, trn/lr 1.535e-03, val/acc 8.475e-01, val/nll 4.736e-01
[2023-02-08 06:03:44] [Epoch   100/  200] trn/loss 3.259e-01, trn/lr 1.512e-03, val/acc 8.347e-01, val/nll 5.157e-01
[2023-02-08 06:03:51] [Epoch   101/  200] trn/loss 3.264e-01, trn/lr 1.488e-03, val/acc 8.143e-01, val/nll 5.978e-01
[2023-02-08 06:03:59] [Epoch   102/  200] trn/loss 3.196e-01, trn/lr 1.465e-03, val/acc 8.374e-01, val/nll 4.817e-01
[2023-02-08 06:04:06] [Epoch   103/  200] trn/loss 3.199e-01, trn/lr 1.441e-03, val/acc 8.287e-01, val/nll 5.455e-01
[2023-02-08 06:04:13] [Epoch   104/  200] trn/loss 3.196e-01, trn/lr 1.418e-03, val/acc 8.520e-01, val/nll 4.540e-01
[2023-02-08 06:04:20] [Epoch   105/  200] trn/loss 3.162e-01, trn/lr 1.394e-03, val/acc 8.195e-01, val/nll 6.096e-01
[2023-02-08 06:04:28] [Epoch   106/  200] trn/loss 3.081e-01, trn/lr 1.371e-03, val/acc 8.491e-01, val/nll 4.507e-01
[2023-02-08 06:04:36] [Epoch   107/  200] trn/loss 3.066e-01, trn/lr 1.347e-03, val/acc 8.611e-01, val/nll 4.208e-01 (best_acc: 8.565e-01 -> 8.611e-01, test_acc: 8.595e-01, test_nll: 4.255e-01)
[2023-02-08 06:04:43] [Epoch   108/  200] trn/loss 3.108e-01, trn/lr 1.324e-03, val/acc 8.400e-01, val/nll 4.890e-01
[2023-02-08 06:04:51] [Epoch   109/  200] trn/loss 3.021e-01, trn/lr 1.300e-03, val/acc 8.739e-01, val/nll 3.722e-01 (best_acc: 8.611e-01 -> 8.739e-01, test_acc: 8.704e-01, test_nll: 3.788e-01)
[2023-02-08 06:04:58] [Epoch   110/  200] trn/loss 3.017e-01, trn/lr 1.277e-03, val/acc 8.613e-01, val/nll 4.266e-01
[2023-02-08 06:05:06] [Epoch   111/  200] trn/loss 2.966e-01, trn/lr 1.254e-03, val/acc 8.581e-01, val/nll 4.257e-01
[2023-02-08 06:05:13] [Epoch   112/  200] trn/loss 2.914e-01, trn/lr 1.231e-03, val/acc 8.512e-01, val/nll 4.371e-01
[2023-02-08 06:05:20] [Epoch   113/  200] trn/loss 2.886e-01, trn/lr 1.207e-03, val/acc 8.494e-01, val/nll 4.574e-01
[2023-02-08 06:05:27] [Epoch   114/  200] trn/loss 2.875e-01, trn/lr 1.184e-03, val/acc 8.558e-01, val/nll 4.379e-01
[2023-02-08 06:05:35] [Epoch   115/  200] trn/loss 2.852e-01, trn/lr 1.161e-03, val/acc 8.544e-01, val/nll 4.620e-01
[2023-02-08 06:05:42] [Epoch   116/  200] trn/loss 2.806e-01, trn/lr 1.138e-03, val/acc 8.600e-01, val/nll 4.126e-01
[2023-02-08 06:05:49] [Epoch   117/  200] trn/loss 2.783e-01, trn/lr 1.116e-03, val/acc 8.668e-01, val/nll 3.914e-01
[2023-02-08 06:05:56] [Epoch   118/  200] trn/loss 2.754e-01, trn/lr 1.093e-03, val/acc 8.639e-01, val/nll 4.057e-01
[2023-02-08 06:06:03] [Epoch   119/  200] trn/loss 2.729e-01, trn/lr 1.070e-03, val/acc 8.721e-01, val/nll 3.814e-01
[2023-02-08 06:06:11] [Epoch   120/  200] trn/loss 2.705e-01, trn/lr 1.048e-03, val/acc 8.667e-01, val/nll 4.183e-01
[2023-02-08 06:06:19] [Epoch   121/  200] trn/loss 2.628e-01, trn/lr 1.025e-03, val/acc 8.753e-01, val/nll 3.753e-01 (best_acc: 8.739e-01 -> 8.753e-01, test_acc: 8.735e-01, test_nll: 3.890e-01)
[2023-02-08 06:06:26] [Epoch   122/  200] trn/loss 2.570e-01, trn/lr 1.003e-03, val/acc 8.601e-01, val/nll 4.225e-01
[2023-02-08 06:06:33] [Epoch   123/  200] trn/loss 2.627e-01, trn/lr 9.809e-04, val/acc 8.602e-01, val/nll 4.335e-01
[2023-02-08 06:06:41] [Epoch   124/  200] trn/loss 2.525e-01, trn/lr 9.589e-04, val/acc 8.612e-01, val/nll 4.131e-01
[2023-02-08 06:06:48] [Epoch   125/  200] trn/loss 2.520e-01, trn/lr 9.370e-04, val/acc 8.605e-01, val/nll 4.458e-01
[2023-02-08 06:06:55] [Epoch   126/  200] trn/loss 2.478e-01, trn/lr 9.152e-04, val/acc 8.691e-01, val/nll 4.026e-01
[2023-02-08 06:07:02] [Epoch   127/  200] trn/loss 2.417e-01, trn/lr 8.936e-04, val/acc 8.496e-01, val/nll 4.695e-01
[2023-02-08 06:07:10] [Epoch   128/  200] trn/loss 2.424e-01, trn/lr 8.721e-04, val/acc 8.698e-01, val/nll 4.021e-01
[2023-02-08 06:07:17] [Epoch   129/  200] trn/loss 2.397e-01, trn/lr 8.508e-04, val/acc 8.670e-01, val/nll 3.878e-01
[2023-02-08 06:07:24] [Epoch   130/  200] trn/loss 2.356e-01, trn/lr 8.296e-04, val/acc 8.740e-01, val/nll 3.956e-01
[2023-02-08 06:07:32] [Epoch   131/  200] trn/loss 2.314e-01, trn/lr 8.086e-04, val/acc 8.863e-01, val/nll 3.540e-01 (best_acc: 8.753e-01 -> 8.863e-01, test_acc: 8.821e-01, test_nll: 3.637e-01)
[2023-02-08 06:07:40] [Epoch   132/  200] trn/loss 2.300e-01, trn/lr 7.878e-04, val/acc 8.894e-01, val/nll 3.396e-01 (best_acc: 8.863e-01 -> 8.894e-01, test_acc: 8.824e-01, test_nll: 3.619e-01)
[2023-02-08 06:07:48] [Epoch   133/  200] trn/loss 2.223e-01, trn/lr 7.671e-04, val/acc 8.801e-01, val/nll 3.680e-01
[2023-02-08 06:07:55] [Epoch   134/  200] trn/loss 2.213e-01, trn/lr 7.467e-04, val/acc 8.833e-01, val/nll 3.531e-01
[2023-02-08 06:08:02] [Epoch   135/  200] trn/loss 2.199e-01, trn/lr 7.264e-04, val/acc 8.548e-01, val/nll 4.485e-01
[2023-02-08 06:08:10] [Epoch   136/  200] trn/loss 2.116e-01, trn/lr 7.063e-04, val/acc 8.792e-01, val/nll 3.679e-01
[2023-02-08 06:08:17] [Epoch   137/  200] trn/loss 2.105e-01, trn/lr 6.864e-04, val/acc 8.670e-01, val/nll 4.366e-01
[2023-02-08 06:08:25] [Epoch   138/  200] trn/loss 2.100e-01, trn/lr 6.667e-04, val/acc 8.916e-01, val/nll 3.300e-01 (best_acc: 8.894e-01 -> 8.916e-01, test_acc: 8.885e-01, test_nll: 3.359e-01)
[2023-02-08 06:08:33] [Epoch   139/  200] trn/loss 2.079e-01, trn/lr 6.472e-04, val/acc 8.925e-01, val/nll 3.278e-01 (best_acc: 8.916e-01 -> 8.925e-01, test_acc: 8.908e-01, test_nll: 3.310e-01)
[2023-02-08 06:08:40] [Epoch   140/  200] trn/loss 1.977e-01, trn/lr 6.279e-04, val/acc 8.843e-01, val/nll 3.627e-01
[2023-02-08 06:08:48] [Epoch   141/  200] trn/loss 1.951e-01, trn/lr 6.089e-04, val/acc 8.775e-01, val/nll 3.985e-01
[2023-02-08 06:08:55] [Epoch   142/  200] trn/loss 1.911e-01, trn/lr 5.900e-04, val/acc 8.801e-01, val/nll 3.808e-01
[2023-02-08 06:09:02] [Epoch   143/  200] trn/loss 1.875e-01, trn/lr 5.714e-04, val/acc 8.830e-01, val/nll 3.815e-01
[2023-02-08 06:09:09] [Epoch   144/  200] trn/loss 1.859e-01, trn/lr 5.530e-04, val/acc 8.813e-01, val/nll 3.805e-01
[2023-02-08 06:09:16] [Epoch   145/  200] trn/loss 1.856e-01, trn/lr 5.349e-04, val/acc 8.894e-01, val/nll 3.653e-01
[2023-02-08 06:09:25] [Epoch   146/  200] trn/loss 1.788e-01, trn/lr 5.170e-04, val/acc 8.934e-01, val/nll 3.370e-01 (best_acc: 8.925e-01 -> 8.934e-01, test_acc: 8.923e-01, test_nll: 3.492e-01)
[2023-02-08 06:09:33] [Epoch   147/  200] trn/loss 1.747e-01, trn/lr 4.993e-04, val/acc 8.936e-01, val/nll 3.471e-01 (best_acc: 8.934e-01 -> 8.936e-01, test_acc: 8.885e-01, test_nll: 3.502e-01)
[2023-02-08 06:09:40] [Epoch   148/  200] trn/loss 1.702e-01, trn/lr 4.819e-04, val/acc 8.822e-01, val/nll 3.805e-01
[2023-02-08 06:09:47] [Epoch   149/  200] trn/loss 1.688e-01, trn/lr 4.647e-04, val/acc 8.868e-01, val/nll 3.431e-01
[2023-02-08 06:09:55] [Epoch   150/  200] trn/loss 1.650e-01, trn/lr 4.478e-04, val/acc 8.825e-01, val/nll 3.757e-01
[2023-02-08 06:10:03] [Epoch   151/  200] trn/loss 1.616e-01, trn/lr 4.311e-04, val/acc 8.939e-01, val/nll 3.439e-01 (best_acc: 8.936e-01 -> 8.939e-01, test_acc: 8.898e-01, test_nll: 3.507e-01)
[2023-02-08 06:10:11] [Epoch   152/  200] trn/loss 1.538e-01, trn/lr 4.147e-04, val/acc 8.958e-01, val/nll 3.392e-01 (best_acc: 8.939e-01 -> 8.958e-01, test_acc: 8.904e-01, test_nll: 3.552e-01)
[2023-02-08 06:10:18] [Epoch   153/  200] trn/loss 1.544e-01, trn/lr 3.986e-04, val/acc 8.957e-01, val/nll 3.262e-01
[2023-02-08 06:10:26] [Epoch   154/  200] trn/loss 1.486e-01, trn/lr 3.827e-04, val/acc 8.785e-01, val/nll 4.307e-01
[2023-02-08 06:10:33] [Epoch   155/  200] trn/loss 1.479e-01, trn/lr 3.671e-04, val/acc 8.956e-01, val/nll 3.374e-01
[2023-02-08 06:10:40] [Epoch   156/  200] trn/loss 1.425e-01, trn/lr 3.518e-04, val/acc 8.897e-01, val/nll 3.498e-01
[2023-02-08 06:10:47] [Epoch   157/  200] trn/loss 1.401e-01, trn/lr 3.368e-04, val/acc 8.944e-01, val/nll 3.374e-01
[2023-02-08 06:10:56] [Epoch   158/  200] trn/loss 1.397e-01, trn/lr 3.221e-04, val/acc 8.989e-01, val/nll 3.307e-01 (best_acc: 8.958e-01 -> 8.989e-01, test_acc: 8.929e-01, test_nll: 3.552e-01)
[2023-02-08 06:11:03] [Epoch   159/  200] trn/loss 1.358e-01, trn/lr 3.076e-04, val/acc 8.966e-01, val/nll 3.527e-01
[2023-02-08 06:11:10] [Epoch   160/  200] trn/loss 1.324e-01, trn/lr 2.935e-04, val/acc 8.968e-01, val/nll 3.284e-01
[2023-02-08 06:11:18] [Epoch   161/  200] trn/loss 1.280e-01, trn/lr 2.796e-04, val/acc 9.015e-01, val/nll 3.160e-01 (best_acc: 8.989e-01 -> 9.015e-01, test_acc: 8.991e-01, test_nll: 3.299e-01)
[2023-02-08 06:11:25] [Epoch   162/  200] trn/loss 1.228e-01, trn/lr 2.661e-04, val/acc 9.007e-01, val/nll 3.286e-01
[2023-02-08 06:11:33] [Epoch   163/  200] trn/loss 1.197e-01, trn/lr 2.528e-04, val/acc 8.939e-01, val/nll 3.526e-01
[2023-02-08 06:11:40] [Epoch   164/  200] trn/loss 1.205e-01, trn/lr 2.399e-04, val/acc 8.948e-01, val/nll 3.426e-01
[2023-02-08 06:11:48] [Epoch   165/  200] trn/loss 1.160e-01, trn/lr 2.273e-04, val/acc 9.040e-01, val/nll 3.086e-01 (best_acc: 9.015e-01 -> 9.040e-01, test_acc: 9.012e-01, test_nll: 3.208e-01)
[2023-02-08 06:11:55] [Epoch   166/  200] trn/loss 1.133e-01, trn/lr 2.150e-04, val/acc 8.989e-01, val/nll 3.249e-01
[2023-02-08 06:12:03] [Epoch   167/  200] trn/loss 1.119e-01, trn/lr 2.030e-04, val/acc 9.022e-01, val/nll 3.278e-01
[2023-02-08 06:12:10] [Epoch   168/  200] trn/loss 1.062e-01, trn/lr 1.913e-04, val/acc 9.012e-01, val/nll 3.307e-01
[2023-02-08 06:12:17] [Epoch   169/  200] trn/loss 1.078e-01, trn/lr 1.800e-04, val/acc 9.035e-01, val/nll 3.250e-01
[2023-02-08 06:12:25] [Epoch   170/  200] trn/loss 9.909e-02, trn/lr 1.689e-04, val/acc 9.045e-01, val/nll 3.227e-01 (best_acc: 9.040e-01 -> 9.045e-01, test_acc: 9.042e-01, test_nll: 3.179e-01)
[2023-02-08 06:12:34] [Epoch   171/  200] trn/loss 9.977e-02, trn/lr 1.582e-04, val/acc 9.049e-01, val/nll 3.165e-01 (best_acc: 9.045e-01 -> 9.049e-01, test_acc: 9.056e-01, test_nll: 3.178e-01)
[2023-02-08 06:12:41] [Epoch   172/  200] trn/loss 1.007e-01, trn/lr 1.479e-04, val/acc 9.019e-01, val/nll 3.292e-01
[2023-02-08 06:12:48] [Epoch   173/  200] trn/loss 9.590e-02, trn/lr 1.378e-04, val/acc 9.035e-01, val/nll 3.282e-01
[2023-02-08 06:12:55] [Epoch   174/  200] trn/loss 9.264e-02, trn/lr 1.281e-04, val/acc 9.042e-01, val/nll 3.286e-01
[2023-02-08 06:13:02] [Epoch   175/  200] trn/loss 8.954e-02, trn/lr 1.188e-04, val/acc 9.049e-01, val/nll 3.146e-01
[2023-02-08 06:13:10] [Epoch   176/  200] trn/loss 8.926e-02, trn/lr 1.098e-04, val/acc 9.043e-01, val/nll 3.259e-01
[2023-02-08 06:13:18] [Epoch   177/  200] trn/loss 8.658e-02, trn/lr 1.011e-04, val/acc 9.064e-01, val/nll 3.195e-01 (best_acc: 9.049e-01 -> 9.064e-01, test_acc: 9.024e-01, test_nll: 3.195e-01)
[2023-02-08 06:13:25] [Epoch   178/  200] trn/loss 8.387e-02, trn/lr 9.275e-05, val/acc 9.038e-01, val/nll 3.179e-01
[2023-02-08 06:13:32] [Epoch   179/  200] trn/loss 8.097e-02, trn/lr 8.477e-05, val/acc 9.059e-01, val/nll 3.225e-01
[2023-02-08 06:13:41] [Epoch   180/  200] trn/loss 8.233e-02, trn/lr 7.714e-05, val/acc 9.070e-01, val/nll 3.142e-01 (best_acc: 9.064e-01 -> 9.070e-01, test_acc: 9.041e-01, test_nll: 3.196e-01)
[2023-02-08 06:13:48] [Epoch   181/  200] trn/loss 7.701e-02, trn/lr 6.986e-05, val/acc 9.053e-01, val/nll 3.218e-01
[2023-02-08 06:13:55] [Epoch   182/  200] trn/loss 7.709e-02, trn/lr 6.293e-05, val/acc 9.065e-01, val/nll 3.204e-01
[2023-02-08 06:14:02] [Epoch   183/  200] trn/loss 7.716e-02, trn/lr 5.635e-05, val/acc 9.059e-01, val/nll 3.169e-01
[2023-02-08 06:14:10] [Epoch   184/  200] trn/loss 7.785e-02, trn/lr 5.013e-05, val/acc 9.066e-01, val/nll 3.227e-01
[2023-02-08 06:14:18] [Epoch   185/  200] trn/loss 7.482e-02, trn/lr 4.427e-05, val/acc 9.074e-01, val/nll 3.193e-01 (best_acc: 9.070e-01 -> 9.074e-01, test_acc: 9.036e-01, test_nll: 3.153e-01)
[2023-02-08 06:14:26] [Epoch   186/  200] trn/loss 7.359e-02, trn/lr 3.877e-05, val/acc 9.080e-01, val/nll 3.162e-01 (best_acc: 9.074e-01 -> 9.080e-01, test_acc: 9.062e-01, test_nll: 3.156e-01)
[2023-02-08 06:14:33] [Epoch   187/  200] trn/loss 7.547e-02, trn/lr 3.363e-05, val/acc 9.074e-01, val/nll 3.188e-01
[2023-02-08 06:14:40] [Epoch   188/  200] trn/loss 7.164e-02, trn/lr 2.885e-05, val/acc 9.052e-01, val/nll 3.197e-01
[2023-02-08 06:14:48] [Epoch   189/  200] trn/loss 7.313e-02, trn/lr 2.444e-05, val/acc 9.053e-01, val/nll 3.187e-01
[2023-02-08 06:14:55] [Epoch   190/  200] trn/loss 7.057e-02, trn/lr 2.038e-05, val/acc 9.069e-01, val/nll 3.187e-01
[2023-02-08 06:15:02] [Epoch   191/  200] trn/loss 7.029e-02, trn/lr 1.670e-05, val/acc 9.064e-01, val/nll 3.173e-01
[2023-02-08 06:15:09] [Epoch   192/  200] trn/loss 7.261e-02, trn/lr 1.338e-05, val/acc 9.058e-01, val/nll 3.187e-01
[2023-02-08 06:15:16] [Epoch   193/  200] trn/loss 7.050e-02, trn/lr 1.042e-05, val/acc 9.074e-01, val/nll 3.171e-01
[2023-02-08 06:15:24] [Epoch   194/  200] trn/loss 6.889e-02, trn/lr 7.835e-06, val/acc 9.069e-01, val/nll 3.167e-01
[2023-02-08 06:15:32] [Epoch   195/  200] trn/loss 6.714e-02, trn/lr 5.616e-06, val/acc 9.083e-01, val/nll 3.178e-01 (best_acc: 9.080e-01 -> 9.083e-01, test_acc: 9.039e-01, test_nll: 3.187e-01)
[2023-02-08 06:15:39] [Epoch   196/  200] trn/loss 6.941e-02, trn/lr 3.766e-06, val/acc 9.074e-01, val/nll 3.182e-01
[2023-02-08 06:15:46] [Epoch   197/  200] trn/loss 6.755e-02, trn/lr 2.286e-06, val/acc 9.073e-01, val/nll 3.175e-01
[2023-02-08 06:15:53] [Epoch   198/  200] trn/loss 7.007e-02, trn/lr 1.175e-06, val/acc 9.074e-01, val/nll 3.181e-01
[2023-02-08 06:16:01] [Epoch   199/  200] trn/loss 6.788e-02, trn/lr 4.335e-07, val/acc 9.076e-01, val/nll 3.194e-01
[2023-02-08 06:16:08] [Epoch   200/  200] trn/loss 6.785e-02, trn/lr 6.226e-08, val/acc 9.074e-01, val/nll 3.191e-01
