[2023-02-20 03:07:51] Environments:
------------  ------------------------------------------------------------
sys.platform  linux
Python        3.8.10 (default, Nov 14 2022, 12:59:47) [GCC 9.4.0]
JAX           0.4.2 @/home/giung/.local/lib/python3.8/site-packages/jax
jaxlib        0.4.2 @/home/giung/.local/lib/python3.8/site-packages/jaxlib
Flax          0.6.4 @/home/giung/.local/lib/python3.8/site-packages/flax
Optax         0.1.4 @/home/giung/.local/lib/python3.8/site-packages/optax
------------  ------------------------------------------------------------

[2023-02-20 03:07:51] Command line arguments:
- args.data_root          : ./data/
- args.data_name          : CIFAR10_x32
- args.data_augmentation  : standard
- args.data_proportional  : 1.0
- args.model_depth        : 20
- args.model_width        : 4
- args.model_style        : BN-ReLU
- args.optim_bs           : 256
- args.optim_ne           : 200
- args.optim_lr           : 0.1
- args.optim_momentum     : 0.9
- args.optim_weight_decay : 0.001
- args.rho                : 0.01
- args.save               : /home/giung/giung2-dev/projects/sam/save/CIFAR10_x32/R20x4-BN-ReLU/ASAM/bs-0256_ne-0200_lr-0.10_mo-0.90_wd-0.0010_rho-0.0100_fp32/42
- args.seed               : 42
- args.precision          : fp32

[2023-02-20 03:07:57] Multiple local devices are detected:
[TpuDevice(id=0, process_index=0, coords=(0,0,0), core_on_chip=0), TpuDevice(id=1, process_index=0, coords=(0,0,0), core_on_chip=1), TpuDevice(id=2, process_index=0, coords=(1,0,0), core_on_chip=0), TpuDevice(id=3, process_index=0, coords=(1,0,0), core_on_chip=1), TpuDevice(id=4, process_index=0, coords=(0,1,0), core_on_chip=0), TpuDevice(id=5, process_index=0, coords=(0,1,0), core_on_chip=1), TpuDevice(id=6, process_index=0, coords=(1,1,0), core_on_chip=0), TpuDevice(id=7, process_index=0, coords=(1,1,0), core_on_chip=1)]

[2023-02-20 03:09:00] [Epoch     1/  200] trn/loss 1.917e+00, trn/lr 1.000e-01, val/acc 3.999e-01, val/nll 1.657e+00 (best_acc: 0.000e+00 -> 3.999e-01, test_acc: 4.026e-01, test_nll: 1.641e+00)
[2023-02-20 03:09:08] [Epoch     2/  200] trn/loss 1.321e+00, trn/lr 9.999e-02, val/acc 4.904e-01, val/nll 1.572e+00 (best_acc: 3.999e-01 -> 4.904e-01, test_acc: 4.791e-01, test_nll: 1.595e+00)
[2023-02-20 03:09:16] [Epoch     3/  200] trn/loss 1.062e+00, trn/lr 9.996e-02, val/acc 5.844e-01, val/nll 1.177e+00 (best_acc: 4.904e-01 -> 5.844e-01, test_acc: 5.850e-01, test_nll: 1.177e+00)
[2023-02-20 03:09:24] [Epoch     4/  200] trn/loss 9.061e-01, trn/lr 9.992e-02, val/acc 6.142e-01, val/nll 1.169e+00 (best_acc: 5.844e-01 -> 6.142e-01, test_acc: 6.056e-01, test_nll: 1.180e+00)
[2023-02-20 03:09:32] [Epoch     5/  200] trn/loss 7.655e-01, trn/lr 9.987e-02, val/acc 6.802e-01, val/nll 9.981e-01 (best_acc: 6.142e-01 -> 6.802e-01, test_acc: 6.691e-01, test_nll: 1.009e+00)
[2023-02-20 03:09:40] [Epoch     6/  200] trn/loss 6.842e-01, trn/lr 9.981e-02, val/acc 7.520e-01, val/nll 7.080e-01 (best_acc: 6.802e-01 -> 7.520e-01, test_acc: 7.588e-01, test_nll: 7.065e-01)
[2023-02-20 03:09:47] [Epoch     7/  200] trn/loss 6.208e-01, trn/lr 9.974e-02, val/acc 7.338e-01, val/nll 7.770e-01
[2023-02-20 03:09:55] [Epoch     8/  200] trn/loss 5.861e-01, trn/lr 9.965e-02, val/acc 7.424e-01, val/nll 8.003e-01
[2023-02-20 03:10:03] [Epoch     9/  200] trn/loss 5.469e-01, trn/lr 9.955e-02, val/acc 7.721e-01, val/nll 6.700e-01 (best_acc: 7.520e-01 -> 7.721e-01, test_acc: 7.662e-01, test_nll: 6.885e-01)
[2023-02-20 03:10:10] [Epoch    10/  200] trn/loss 5.267e-01, trn/lr 9.944e-02, val/acc 7.442e-01, val/nll 8.135e-01
[2023-02-20 03:10:17] [Epoch    11/  200] trn/loss 5.022e-01, trn/lr 9.932e-02, val/acc 7.637e-01, val/nll 7.326e-01
[2023-02-20 03:10:25] [Epoch    12/  200] trn/loss 4.898e-01, trn/lr 9.919e-02, val/acc 7.897e-01, val/nll 6.318e-01 (best_acc: 7.721e-01 -> 7.897e-01, test_acc: 7.926e-01, test_nll: 6.442e-01)
[2023-02-20 03:10:32] [Epoch    13/  200] trn/loss 4.723e-01, trn/lr 9.904e-02, val/acc 7.542e-01, val/nll 8.196e-01
[2023-02-20 03:10:39] [Epoch    14/  200] trn/loss 4.635e-01, trn/lr 9.888e-02, val/acc 7.801e-01, val/nll 6.759e-01
[2023-02-20 03:10:46] [Epoch    15/  200] trn/loss 4.482e-01, trn/lr 9.871e-02, val/acc 7.715e-01, val/nll 6.887e-01
[2023-02-20 03:10:54] [Epoch    16/  200] trn/loss 4.452e-01, trn/lr 9.853e-02, val/acc 7.678e-01, val/nll 7.197e-01
[2023-02-20 03:11:02] [Epoch    17/  200] trn/loss 4.248e-01, trn/lr 9.833e-02, val/acc 8.134e-01, val/nll 5.452e-01 (best_acc: 7.897e-01 -> 8.134e-01, test_acc: 8.078e-01, test_nll: 5.704e-01)
[2023-02-20 03:11:09] [Epoch    18/  200] trn/loss 4.178e-01, trn/lr 9.812e-02, val/acc 6.448e-01, val/nll 1.200e+00
[2023-02-20 03:11:16] [Epoch    19/  200] trn/loss 4.054e-01, trn/lr 9.790e-02, val/acc 7.649e-01, val/nll 7.653e-01
[2023-02-20 03:11:23] [Epoch    20/  200] trn/loss 4.031e-01, trn/lr 9.767e-02, val/acc 7.833e-01, val/nll 6.534e-01
[2023-02-20 03:11:31] [Epoch    21/  200] trn/loss 3.988e-01, trn/lr 9.743e-02, val/acc 8.153e-01, val/nll 5.495e-01 (best_acc: 8.134e-01 -> 8.153e-01, test_acc: 8.100e-01, test_nll: 5.710e-01)
[2023-02-20 03:11:38] [Epoch    22/  200] trn/loss 4.006e-01, trn/lr 9.718e-02, val/acc 7.871e-01, val/nll 6.955e-01
[2023-02-20 03:11:45] [Epoch    23/  200] trn/loss 3.954e-01, trn/lr 9.691e-02, val/acc 7.799e-01, val/nll 6.974e-01
[2023-02-20 03:11:53] [Epoch    24/  200] trn/loss 3.731e-01, trn/lr 9.663e-02, val/acc 8.378e-01, val/nll 4.812e-01 (best_acc: 8.153e-01 -> 8.378e-01, test_acc: 8.278e-01, test_nll: 5.116e-01)
[2023-02-20 03:12:01] [Epoch    25/  200] trn/loss 3.747e-01, trn/lr 9.634e-02, val/acc 8.225e-01, val/nll 5.227e-01
[2023-02-20 03:12:08] [Epoch    26/  200] trn/loss 3.665e-01, trn/lr 9.604e-02, val/acc 8.069e-01, val/nll 5.829e-01
[2023-02-20 03:12:15] [Epoch    27/  200] trn/loss 3.622e-01, trn/lr 9.573e-02, val/acc 8.313e-01, val/nll 5.195e-01
[2023-02-20 03:12:22] [Epoch    28/  200] trn/loss 3.572e-01, trn/lr 9.541e-02, val/acc 8.147e-01, val/nll 5.654e-01
[2023-02-20 03:12:29] [Epoch    29/  200] trn/loss 3.608e-01, trn/lr 9.507e-02, val/acc 8.226e-01, val/nll 6.045e-01
[2023-02-20 03:12:36] [Epoch    30/  200] trn/loss 3.517e-01, trn/lr 9.473e-02, val/acc 8.306e-01, val/nll 5.142e-01
[2023-02-20 03:12:44] [Epoch    31/  200] trn/loss 3.486e-01, trn/lr 9.437e-02, val/acc 8.139e-01, val/nll 5.701e-01
[2023-02-20 03:12:51] [Epoch    32/  200] trn/loss 3.454e-01, trn/lr 9.400e-02, val/acc 7.226e-01, val/nll 9.507e-01
[2023-02-20 03:12:59] [Epoch    33/  200] trn/loss 3.389e-01, trn/lr 9.363e-02, val/acc 8.462e-01, val/nll 4.597e-01 (best_acc: 8.378e-01 -> 8.462e-01, test_acc: 8.428e-01, test_nll: 4.771e-01)
[2023-02-20 03:13:06] [Epoch    34/  200] trn/loss 3.353e-01, trn/lr 9.324e-02, val/acc 7.690e-01, val/nll 7.634e-01
[2023-02-20 03:13:13] [Epoch    35/  200] trn/loss 3.300e-01, trn/lr 9.284e-02, val/acc 7.710e-01, val/nll 7.279e-01
[2023-02-20 03:13:20] [Epoch    36/  200] trn/loss 3.381e-01, trn/lr 9.243e-02, val/acc 8.281e-01, val/nll 5.303e-01
[2023-02-20 03:13:28] [Epoch    37/  200] trn/loss 3.219e-01, trn/lr 9.201e-02, val/acc 8.006e-01, val/nll 6.454e-01
[2023-02-20 03:13:35] [Epoch    38/  200] trn/loss 3.237e-01, trn/lr 9.157e-02, val/acc 6.354e-01, val/nll 1.438e+00
[2023-02-20 03:13:42] [Epoch    39/  200] trn/loss 3.221e-01, trn/lr 9.113e-02, val/acc 8.260e-01, val/nll 5.185e-01
[2023-02-20 03:13:50] [Epoch    40/  200] trn/loss 3.258e-01, trn/lr 9.068e-02, val/acc 8.643e-01, val/nll 4.190e-01 (best_acc: 8.462e-01 -> 8.643e-01, test_acc: 8.530e-01, test_nll: 4.399e-01)
[2023-02-20 03:13:57] [Epoch    41/  200] trn/loss 3.145e-01, trn/lr 9.022e-02, val/acc 7.956e-01, val/nll 6.380e-01
[2023-02-20 03:14:04] [Epoch    42/  200] trn/loss 3.190e-01, trn/lr 8.975e-02, val/acc 7.770e-01, val/nll 7.040e-01
[2023-02-20 03:14:12] [Epoch    43/  200] trn/loss 3.025e-01, trn/lr 8.927e-02, val/acc 8.272e-01, val/nll 5.348e-01
[2023-02-20 03:14:19] [Epoch    44/  200] trn/loss 3.168e-01, trn/lr 8.878e-02, val/acc 8.635e-01, val/nll 4.078e-01
[2023-02-20 03:14:26] [Epoch    45/  200] trn/loss 3.039e-01, trn/lr 8.828e-02, val/acc 8.412e-01, val/nll 4.897e-01
[2023-02-20 03:14:33] [Epoch    46/  200] trn/loss 3.087e-01, trn/lr 8.777e-02, val/acc 8.012e-01, val/nll 6.370e-01
[2023-02-20 03:14:40] [Epoch    47/  200] trn/loss 3.008e-01, trn/lr 8.725e-02, val/acc 8.144e-01, val/nll 5.708e-01
[2023-02-20 03:14:47] [Epoch    48/  200] trn/loss 3.053e-01, trn/lr 8.672e-02, val/acc 8.510e-01, val/nll 4.547e-01
[2023-02-20 03:14:55] [Epoch    49/  200] trn/loss 2.966e-01, trn/lr 8.618e-02, val/acc 7.802e-01, val/nll 6.633e-01
[2023-02-20 03:15:02] [Epoch    50/  200] trn/loss 2.997e-01, trn/lr 8.563e-02, val/acc 8.341e-01, val/nll 4.901e-01
[2023-02-20 03:15:09] [Epoch    51/  200] trn/loss 2.979e-01, trn/lr 8.508e-02, val/acc 8.402e-01, val/nll 4.782e-01
[2023-02-20 03:15:16] [Epoch    52/  200] trn/loss 2.909e-01, trn/lr 8.451e-02, val/acc 7.915e-01, val/nll 6.963e-01
[2023-02-20 03:15:23] [Epoch    53/  200] trn/loss 2.885e-01, trn/lr 8.394e-02, val/acc 8.264e-01, val/nll 5.333e-01
[2023-02-20 03:15:30] [Epoch    54/  200] trn/loss 2.894e-01, trn/lr 8.336e-02, val/acc 8.362e-01, val/nll 5.136e-01
[2023-02-20 03:15:38] [Epoch    55/  200] trn/loss 2.834e-01, trn/lr 8.277e-02, val/acc 8.311e-01, val/nll 5.203e-01
[2023-02-20 03:15:46] [Epoch    56/  200] trn/loss 2.845e-01, trn/lr 8.217e-02, val/acc 8.701e-01, val/nll 3.924e-01 (best_acc: 8.643e-01 -> 8.701e-01, test_acc: 8.642e-01, test_nll: 4.094e-01)
[2023-02-20 03:15:53] [Epoch    57/  200] trn/loss 2.781e-01, trn/lr 8.157e-02, val/acc 7.826e-01, val/nll 6.746e-01
[2023-02-20 03:16:00] [Epoch    58/  200] trn/loss 2.783e-01, trn/lr 8.096e-02, val/acc 8.628e-01, val/nll 4.025e-01
[2023-02-20 03:16:08] [Epoch    59/  200] trn/loss 2.745e-01, trn/lr 8.034e-02, val/acc 8.715e-01, val/nll 4.032e-01 (best_acc: 8.701e-01 -> 8.715e-01, test_acc: 8.637e-01, test_nll: 4.273e-01)
[2023-02-20 03:16:15] [Epoch    60/  200] trn/loss 2.755e-01, trn/lr 7.971e-02, val/acc 8.436e-01, val/nll 4.747e-01
[2023-02-20 03:16:22] [Epoch    61/  200] trn/loss 2.749e-01, trn/lr 7.907e-02, val/acc 8.594e-01, val/nll 4.401e-01
[2023-02-20 03:16:30] [Epoch    62/  200] trn/loss 2.694e-01, trn/lr 7.843e-02, val/acc 8.741e-01, val/nll 3.932e-01 (best_acc: 8.715e-01 -> 8.741e-01, test_acc: 8.703e-01, test_nll: 4.019e-01)
[2023-02-20 03:16:37] [Epoch    63/  200] trn/loss 2.766e-01, trn/lr 7.778e-02, val/acc 8.409e-01, val/nll 4.904e-01
[2023-02-20 03:16:45] [Epoch    64/  200] trn/loss 2.670e-01, trn/lr 7.712e-02, val/acc 8.789e-01, val/nll 3.781e-01 (best_acc: 8.741e-01 -> 8.789e-01, test_acc: 8.736e-01, test_nll: 3.897e-01)
[2023-02-20 03:16:52] [Epoch    65/  200] trn/loss 2.674e-01, trn/lr 7.646e-02, val/acc 8.600e-01, val/nll 4.214e-01
[2023-02-20 03:17:00] [Epoch    66/  200] trn/loss 2.581e-01, trn/lr 7.579e-02, val/acc 7.789e-01, val/nll 8.281e-01
[2023-02-20 03:17:07] [Epoch    67/  200] trn/loss 2.671e-01, trn/lr 7.512e-02, val/acc 8.767e-01, val/nll 3.828e-01
[2023-02-20 03:17:14] [Epoch    68/  200] trn/loss 2.543e-01, trn/lr 7.443e-02, val/acc 8.762e-01, val/nll 3.709e-01
[2023-02-20 03:17:21] [Epoch    69/  200] trn/loss 2.632e-01, trn/lr 7.374e-02, val/acc 8.180e-01, val/nll 5.907e-01
[2023-02-20 03:17:28] [Epoch    70/  200] trn/loss 2.531e-01, trn/lr 7.305e-02, val/acc 8.295e-01, val/nll 5.865e-01
[2023-02-20 03:17:36] [Epoch    71/  200] trn/loss 2.550e-01, trn/lr 7.235e-02, val/acc 8.694e-01, val/nll 4.173e-01
[2023-02-20 03:17:43] [Epoch    72/  200] trn/loss 2.480e-01, trn/lr 7.165e-02, val/acc 8.550e-01, val/nll 4.614e-01
[2023-02-20 03:17:50] [Epoch    73/  200] trn/loss 2.534e-01, trn/lr 7.093e-02, val/acc 8.750e-01, val/nll 3.957e-01
[2023-02-20 03:17:58] [Epoch    74/  200] trn/loss 2.351e-01, trn/lr 7.022e-02, val/acc 8.898e-01, val/nll 3.379e-01 (best_acc: 8.789e-01 -> 8.898e-01, test_acc: 8.834e-01, test_nll: 3.534e-01)
[2023-02-20 03:18:05] [Epoch    75/  200] trn/loss 2.410e-01, trn/lr 6.950e-02, val/acc 8.456e-01, val/nll 4.866e-01
[2023-02-20 03:18:12] [Epoch    76/  200] trn/loss 2.435e-01, trn/lr 6.877e-02, val/acc 8.681e-01, val/nll 4.096e-01
[2023-02-20 03:18:20] [Epoch    77/  200] trn/loss 2.338e-01, trn/lr 6.804e-02, val/acc 8.053e-01, val/nll 6.399e-01
[2023-02-20 03:18:27] [Epoch    78/  200] trn/loss 2.422e-01, trn/lr 6.731e-02, val/acc 8.669e-01, val/nll 4.248e-01
[2023-02-20 03:18:34] [Epoch    79/  200] trn/loss 2.289e-01, trn/lr 6.657e-02, val/acc 8.559e-01, val/nll 4.580e-01
[2023-02-20 03:18:41] [Epoch    80/  200] trn/loss 2.252e-01, trn/lr 6.583e-02, val/acc 8.535e-01, val/nll 4.822e-01
[2023-02-20 03:18:48] [Epoch    81/  200] trn/loss 2.310e-01, trn/lr 6.508e-02, val/acc 8.824e-01, val/nll 3.738e-01
[2023-02-20 03:18:55] [Epoch    82/  200] trn/loss 2.214e-01, trn/lr 6.433e-02, val/acc 8.218e-01, val/nll 5.772e-01
[2023-02-20 03:19:03] [Epoch    83/  200] trn/loss 2.158e-01, trn/lr 6.357e-02, val/acc 8.923e-01, val/nll 3.390e-01 (best_acc: 8.898e-01 -> 8.923e-01, test_acc: 8.871e-01, test_nll: 3.566e-01)
[2023-02-20 03:19:11] [Epoch    84/  200] trn/loss 2.181e-01, trn/lr 6.282e-02, val/acc 8.425e-01, val/nll 5.142e-01
[2023-02-20 03:19:18] [Epoch    85/  200] trn/loss 2.081e-01, trn/lr 6.206e-02, val/acc 8.469e-01, val/nll 4.943e-01
[2023-02-20 03:19:25] [Epoch    86/  200] trn/loss 2.223e-01, trn/lr 6.129e-02, val/acc 8.610e-01, val/nll 4.426e-01
[2023-02-20 03:19:32] [Epoch    87/  200] trn/loss 2.081e-01, trn/lr 6.053e-02, val/acc 8.856e-01, val/nll 3.610e-01
[2023-02-20 03:19:39] [Epoch    88/  200] trn/loss 2.073e-01, trn/lr 5.976e-02, val/acc 8.498e-01, val/nll 4.949e-01
[2023-02-20 03:19:47] [Epoch    89/  200] trn/loss 2.089e-01, trn/lr 5.899e-02, val/acc 8.826e-01, val/nll 3.576e-01
[2023-02-20 03:19:54] [Epoch    90/  200] trn/loss 2.067e-01, trn/lr 5.821e-02, val/acc 8.717e-01, val/nll 3.941e-01
[2023-02-20 03:20:01] [Epoch    91/  200] trn/loss 2.000e-01, trn/lr 5.744e-02, val/acc 8.857e-01, val/nll 3.580e-01
[2023-02-20 03:20:08] [Epoch    92/  200] trn/loss 1.957e-01, trn/lr 5.666e-02, val/acc 8.775e-01, val/nll 3.797e-01
[2023-02-20 03:20:15] [Epoch    93/  200] trn/loss 1.953e-01, trn/lr 5.588e-02, val/acc 8.858e-01, val/nll 3.563e-01
[2023-02-20 03:20:23] [Epoch    94/  200] trn/loss 1.940e-01, trn/lr 5.510e-02, val/acc 8.798e-01, val/nll 3.999e-01
[2023-02-20 03:20:30] [Epoch    95/  200] trn/loss 1.919e-01, trn/lr 5.432e-02, val/acc 8.808e-01, val/nll 3.596e-01
[2023-02-20 03:20:37] [Epoch    96/  200] trn/loss 1.894e-01, trn/lr 5.353e-02, val/acc 8.757e-01, val/nll 4.016e-01
[2023-02-20 03:20:44] [Epoch    97/  200] trn/loss 1.896e-01, trn/lr 5.275e-02, val/acc 8.711e-01, val/nll 4.083e-01
[2023-02-20 03:20:51] [Epoch    98/  200] trn/loss 1.872e-01, trn/lr 5.197e-02, val/acc 8.798e-01, val/nll 3.859e-01
[2023-02-20 03:20:59] [Epoch    99/  200] trn/loss 1.856e-01, trn/lr 5.118e-02, val/acc 8.947e-01, val/nll 3.335e-01 (best_acc: 8.923e-01 -> 8.947e-01, test_acc: 8.852e-01, test_nll: 3.642e-01)
[2023-02-20 03:21:06] [Epoch   100/  200] trn/loss 1.750e-01, trn/lr 5.040e-02, val/acc 8.738e-01, val/nll 4.027e-01
[2023-02-20 03:21:14] [Epoch   101/  200] trn/loss 1.786e-01, trn/lr 4.961e-02, val/acc 8.719e-01, val/nll 4.032e-01
[2023-02-20 03:21:21] [Epoch   102/  200] trn/loss 1.718e-01, trn/lr 4.882e-02, val/acc 8.802e-01, val/nll 3.917e-01
[2023-02-20 03:21:28] [Epoch   103/  200] trn/loss 1.709e-01, trn/lr 4.804e-02, val/acc 8.907e-01, val/nll 3.428e-01
[2023-02-20 03:21:35] [Epoch   104/  200] trn/loss 1.684e-01, trn/lr 4.725e-02, val/acc 8.551e-01, val/nll 4.901e-01
[2023-02-20 03:21:43] [Epoch   105/  200] trn/loss 1.720e-01, trn/lr 4.647e-02, val/acc 8.122e-01, val/nll 6.898e-01
[2023-02-20 03:21:50] [Epoch   106/  200] trn/loss 1.562e-01, trn/lr 4.569e-02, val/acc 8.846e-01, val/nll 3.685e-01
[2023-02-20 03:21:58] [Epoch   107/  200] trn/loss 1.580e-01, trn/lr 4.491e-02, val/acc 9.049e-01, val/nll 3.009e-01 (best_acc: 8.947e-01 -> 9.049e-01, test_acc: 9.053e-01, test_nll: 3.070e-01)
[2023-02-20 03:22:05] [Epoch   108/  200] trn/loss 1.590e-01, trn/lr 4.413e-02, val/acc 8.669e-01, val/nll 4.644e-01
[2023-02-20 03:22:12] [Epoch   109/  200] trn/loss 1.550e-01, trn/lr 4.335e-02, val/acc 8.973e-01, val/nll 3.266e-01
[2023-02-20 03:22:19] [Epoch   110/  200] trn/loss 1.497e-01, trn/lr 4.257e-02, val/acc 8.965e-01, val/nll 3.197e-01
[2023-02-20 03:22:26] [Epoch   111/  200] trn/loss 1.489e-01, trn/lr 4.179e-02, val/acc 8.921e-01, val/nll 3.456e-01
[2023-02-20 03:22:34] [Epoch   112/  200] trn/loss 1.433e-01, trn/lr 4.102e-02, val/acc 8.926e-01, val/nll 3.374e-01
[2023-02-20 03:22:41] [Epoch   113/  200] trn/loss 1.412e-01, trn/lr 4.025e-02, val/acc 8.881e-01, val/nll 3.681e-01
[2023-02-20 03:22:48] [Epoch   114/  200] trn/loss 1.357e-01, trn/lr 3.948e-02, val/acc 9.033e-01, val/nll 3.042e-01
[2023-02-20 03:22:55] [Epoch   115/  200] trn/loss 1.398e-01, trn/lr 3.871e-02, val/acc 8.835e-01, val/nll 4.056e-01
[2023-02-20 03:23:02] [Epoch   116/  200] trn/loss 1.333e-01, trn/lr 3.795e-02, val/acc 8.887e-01, val/nll 3.652e-01
[2023-02-20 03:23:10] [Epoch   117/  200] trn/loss 1.350e-01, trn/lr 3.719e-02, val/acc 8.990e-01, val/nll 3.223e-01
[2023-02-20 03:23:17] [Epoch   118/  200] trn/loss 1.205e-01, trn/lr 3.643e-02, val/acc 9.019e-01, val/nll 3.107e-01
[2023-02-20 03:23:25] [Epoch   119/  200] trn/loss 1.202e-01, trn/lr 3.568e-02, val/acc 9.118e-01, val/nll 2.900e-01 (best_acc: 9.049e-01 -> 9.118e-01, test_acc: 9.031e-01, test_nll: 3.074e-01)
[2023-02-20 03:23:32] [Epoch   120/  200] trn/loss 1.246e-01, trn/lr 3.493e-02, val/acc 9.072e-01, val/nll 3.000e-01
[2023-02-20 03:23:39] [Epoch   121/  200] trn/loss 1.190e-01, trn/lr 3.418e-02, val/acc 8.838e-01, val/nll 3.836e-01
[2023-02-20 03:23:46] [Epoch   122/  200] trn/loss 1.165e-01, trn/lr 3.344e-02, val/acc 9.009e-01, val/nll 3.286e-01
[2023-02-20 03:23:53] [Epoch   123/  200] trn/loss 1.113e-01, trn/lr 3.270e-02, val/acc 9.093e-01, val/nll 2.851e-01
[2023-02-20 03:24:01] [Epoch   124/  200] trn/loss 1.068e-01, trn/lr 3.196e-02, val/acc 9.071e-01, val/nll 3.120e-01
[2023-02-20 03:24:08] [Epoch   125/  200] trn/loss 1.061e-01, trn/lr 3.123e-02, val/acc 8.662e-01, val/nll 4.754e-01
[2023-02-20 03:24:15] [Epoch   126/  200] trn/loss 1.041e-01, trn/lr 3.051e-02, val/acc 8.997e-01, val/nll 3.388e-01
[2023-02-20 03:24:22] [Epoch   127/  200] trn/loss 9.634e-02, trn/lr 2.979e-02, val/acc 9.033e-01, val/nll 3.179e-01
[2023-02-20 03:24:29] [Epoch   128/  200] trn/loss 9.641e-02, trn/lr 2.907e-02, val/acc 9.015e-01, val/nll 3.356e-01
[2023-02-20 03:24:37] [Epoch   129/  200] trn/loss 1.022e-01, trn/lr 2.836e-02, val/acc 9.149e-01, val/nll 2.783e-01 (best_acc: 9.118e-01 -> 9.149e-01, test_acc: 9.131e-01, test_nll: 2.919e-01)
[2023-02-20 03:24:45] [Epoch   130/  200] trn/loss 8.763e-02, trn/lr 2.765e-02, val/acc 9.106e-01, val/nll 2.831e-01
[2023-02-20 03:24:52] [Epoch   131/  200] trn/loss 9.015e-02, trn/lr 2.695e-02, val/acc 9.045e-01, val/nll 3.261e-01
[2023-02-20 03:24:59] [Epoch   132/  200] trn/loss 8.879e-02, trn/lr 2.626e-02, val/acc 9.052e-01, val/nll 3.133e-01
[2023-02-20 03:25:07] [Epoch   133/  200] trn/loss 7.792e-02, trn/lr 2.557e-02, val/acc 9.197e-01, val/nll 2.860e-01 (best_acc: 9.149e-01 -> 9.197e-01, test_acc: 9.166e-01, test_nll: 2.852e-01)
[2023-02-20 03:25:14] [Epoch   134/  200] trn/loss 8.310e-02, trn/lr 2.489e-02, val/acc 9.123e-01, val/nll 3.049e-01
[2023-02-20 03:25:21] [Epoch   135/  200] trn/loss 7.780e-02, trn/lr 2.421e-02, val/acc 9.009e-01, val/nll 3.433e-01
[2023-02-20 03:25:29] [Epoch   136/  200] trn/loss 8.078e-02, trn/lr 2.354e-02, val/acc 9.233e-01, val/nll 2.504e-01 (best_acc: 9.197e-01 -> 9.233e-01, test_acc: 9.206e-01, test_nll: 2.622e-01)
[2023-02-20 03:25:36] [Epoch   137/  200] trn/loss 7.177e-02, trn/lr 2.288e-02, val/acc 9.194e-01, val/nll 2.856e-01
[2023-02-20 03:25:44] [Epoch   138/  200] trn/loss 6.980e-02, trn/lr 2.222e-02, val/acc 9.145e-01, val/nll 2.819e-01
[2023-02-20 03:25:51] [Epoch   139/  200] trn/loss 6.674e-02, trn/lr 2.157e-02, val/acc 9.048e-01, val/nll 3.178e-01
[2023-02-20 03:25:58] [Epoch   140/  200] trn/loss 6.431e-02, trn/lr 2.093e-02, val/acc 9.100e-01, val/nll 3.148e-01
[2023-02-20 03:26:05] [Epoch   141/  200] trn/loss 5.746e-02, trn/lr 2.030e-02, val/acc 9.181e-01, val/nll 2.868e-01
[2023-02-20 03:26:13] [Epoch   142/  200] trn/loss 5.394e-02, trn/lr 1.967e-02, val/acc 9.238e-01, val/nll 2.613e-01 (best_acc: 9.233e-01 -> 9.238e-01, test_acc: 9.218e-01, test_nll: 2.743e-01)
[2023-02-20 03:26:20] [Epoch   143/  200] trn/loss 5.586e-02, trn/lr 1.905e-02, val/acc 9.236e-01, val/nll 2.522e-01
[2023-02-20 03:26:27] [Epoch   144/  200] trn/loss 4.815e-02, trn/lr 1.843e-02, val/acc 9.192e-01, val/nll 2.864e-01
[2023-02-20 03:26:35] [Epoch   145/  200] trn/loss 4.979e-02, trn/lr 1.783e-02, val/acc 9.208e-01, val/nll 2.831e-01
[2023-02-20 03:26:43] [Epoch   146/  200] trn/loss 4.409e-02, trn/lr 1.723e-02, val/acc 9.327e-01, val/nll 2.368e-01 (best_acc: 9.238e-01 -> 9.327e-01, test_acc: 9.257e-01, test_nll: 2.574e-01)
[2023-02-20 03:26:50] [Epoch   147/  200] trn/loss 4.282e-02, trn/lr 1.664e-02, val/acc 9.256e-01, val/nll 2.632e-01
[2023-02-20 03:26:57] [Epoch   148/  200] trn/loss 4.269e-02, trn/lr 1.606e-02, val/acc 9.325e-01, val/nll 2.300e-01
[2023-02-20 03:27:04] [Epoch   149/  200] trn/loss 3.676e-02, trn/lr 1.549e-02, val/acc 9.281e-01, val/nll 2.667e-01
[2023-02-20 03:27:11] [Epoch   150/  200] trn/loss 4.248e-02, trn/lr 1.493e-02, val/acc 9.311e-01, val/nll 2.458e-01
[2023-02-20 03:27:18] [Epoch   151/  200] trn/loss 3.209e-02, trn/lr 1.437e-02, val/acc 9.301e-01, val/nll 2.581e-01
[2023-02-20 03:27:27] [Epoch   152/  200] trn/loss 3.132e-02, trn/lr 1.382e-02, val/acc 9.354e-01, val/nll 2.391e-01 (best_acc: 9.327e-01 -> 9.354e-01, test_acc: 9.320e-01, test_nll: 2.390e-01)
[2023-02-20 03:27:34] [Epoch   153/  200] trn/loss 3.455e-02, trn/lr 1.329e-02, val/acc 9.252e-01, val/nll 2.572e-01
[2023-02-20 03:27:41] [Epoch   154/  200] trn/loss 2.769e-02, trn/lr 1.276e-02, val/acc 9.200e-01, val/nll 2.894e-01
[2023-02-20 03:27:49] [Epoch   155/  200] trn/loss 2.579e-02, trn/lr 1.224e-02, val/acc 9.373e-01, val/nll 2.270e-01 (best_acc: 9.354e-01 -> 9.373e-01, test_acc: 9.321e-01, test_nll: 2.461e-01)
[2023-02-20 03:27:56] [Epoch   156/  200] trn/loss 2.308e-02, trn/lr 1.173e-02, val/acc 9.279e-01, val/nll 2.571e-01
[2023-02-20 03:28:03] [Epoch   157/  200] trn/loss 2.382e-02, trn/lr 1.123e-02, val/acc 9.291e-01, val/nll 2.615e-01
[2023-02-20 03:28:11] [Epoch   158/  200] trn/loss 1.868e-02, trn/lr 1.074e-02, val/acc 9.399e-01, val/nll 2.274e-01 (best_acc: 9.373e-01 -> 9.399e-01, test_acc: 9.363e-01, test_nll: 2.228e-01)
[2023-02-20 03:28:18] [Epoch   159/  200] trn/loss 1.802e-02, trn/lr 1.025e-02, val/acc 9.362e-01, val/nll 2.366e-01
[2023-02-20 03:28:26] [Epoch   160/  200] trn/loss 1.589e-02, trn/lr 9.783e-03, val/acc 9.331e-01, val/nll 2.500e-01
[2023-02-20 03:28:34] [Epoch   161/  200] trn/loss 1.293e-02, trn/lr 9.321e-03, val/acc 9.419e-01, val/nll 2.086e-01 (best_acc: 9.399e-01 -> 9.419e-01, test_acc: 9.373e-01, test_nll: 2.231e-01)
[2023-02-20 03:28:41] [Epoch   162/  200] trn/loss 1.212e-02, trn/lr 8.870e-03, val/acc 9.448e-01, val/nll 2.096e-01 (best_acc: 9.419e-01 -> 9.448e-01, test_acc: 9.389e-01, test_nll: 2.188e-01)
[2023-02-20 03:28:49] [Epoch   163/  200] trn/loss 1.143e-02, trn/lr 8.428e-03, val/acc 9.462e-01, val/nll 1.993e-01 (best_acc: 9.448e-01 -> 9.462e-01, test_acc: 9.400e-01, test_nll: 2.219e-01)
[2023-02-20 03:28:56] [Epoch   164/  200] trn/loss 1.093e-02, trn/lr 7.997e-03, val/acc 9.448e-01, val/nll 1.995e-01
[2023-02-20 03:29:04] [Epoch   165/  200] trn/loss 9.202e-03, trn/lr 7.576e-03, val/acc 9.446e-01, val/nll 2.038e-01
[2023-02-20 03:29:12] [Epoch   166/  200] trn/loss 8.967e-03, trn/lr 7.166e-03, val/acc 9.489e-01, val/nll 1.937e-01 (best_acc: 9.462e-01 -> 9.489e-01, test_acc: 9.429e-01, test_nll: 2.062e-01)
[2023-02-20 03:29:20] [Epoch   167/  200] trn/loss 7.538e-03, trn/lr 6.766e-03, val/acc 9.490e-01, val/nll 1.884e-01 (best_acc: 9.489e-01 -> 9.490e-01, test_acc: 9.454e-01, test_nll: 1.964e-01)
[2023-02-20 03:29:28] [Epoch   168/  200] trn/loss 6.873e-03, trn/lr 6.377e-03, val/acc 9.519e-01, val/nll 1.897e-01 (best_acc: 9.490e-01 -> 9.519e-01, test_acc: 9.434e-01, test_nll: 2.045e-01)
[2023-02-20 03:29:35] [Epoch   169/  200] trn/loss 6.844e-03, trn/lr 5.998e-03, val/acc 9.518e-01, val/nll 1.850e-01
[2023-02-20 03:29:43] [Epoch   170/  200] trn/loss 5.977e-03, trn/lr 5.631e-03, val/acc 9.545e-01, val/nll 1.750e-01 (best_acc: 9.519e-01 -> 9.545e-01, test_acc: 9.473e-01, test_nll: 1.904e-01)
[2023-02-20 03:29:50] [Epoch   171/  200] trn/loss 5.529e-03, trn/lr 5.274e-03, val/acc 9.512e-01, val/nll 1.809e-01
[2023-02-20 03:29:58] [Epoch   172/  200] trn/loss 5.667e-03, trn/lr 4.929e-03, val/acc 9.549e-01, val/nll 1.703e-01 (best_acc: 9.545e-01 -> 9.549e-01, test_acc: 9.485e-01, test_nll: 1.865e-01)
[2023-02-20 03:30:05] [Epoch   173/  200] trn/loss 5.242e-03, trn/lr 4.594e-03, val/acc 9.544e-01, val/nll 1.754e-01
[2023-02-20 03:30:13] [Epoch   174/  200] trn/loss 5.253e-03, trn/lr 4.271e-03, val/acc 9.551e-01, val/nll 1.700e-01 (best_acc: 9.549e-01 -> 9.551e-01, test_acc: 9.505e-01, test_nll: 1.852e-01)
[2023-02-20 03:30:21] [Epoch   175/  200] trn/loss 4.562e-03, trn/lr 3.959e-03, val/acc 9.570e-01, val/nll 1.626e-01 (best_acc: 9.551e-01 -> 9.570e-01, test_acc: 9.508e-01, test_nll: 1.864e-01)
[2023-02-20 03:30:28] [Epoch   176/  200] trn/loss 4.444e-03, trn/lr 3.659e-03, val/acc 9.555e-01, val/nll 1.667e-01
[2023-02-20 03:30:35] [Epoch   177/  200] trn/loss 4.143e-03, trn/lr 3.369e-03, val/acc 9.565e-01, val/nll 1.642e-01
[2023-02-20 03:30:43] [Epoch   178/  200] trn/loss 4.081e-03, trn/lr 3.092e-03, val/acc 9.577e-01, val/nll 1.626e-01 (best_acc: 9.570e-01 -> 9.577e-01, test_acc: 9.519e-01, test_nll: 1.776e-01)
[2023-02-20 03:30:50] [Epoch   179/  200] trn/loss 3.988e-03, trn/lr 2.826e-03, val/acc 9.552e-01, val/nll 1.659e-01
[2023-02-20 03:30:58] [Epoch   180/  200] trn/loss 3.991e-03, trn/lr 2.571e-03, val/acc 9.562e-01, val/nll 1.637e-01
[2023-02-20 03:31:05] [Epoch   181/  200] trn/loss 3.761e-03, trn/lr 2.329e-03, val/acc 9.563e-01, val/nll 1.631e-01
[2023-02-20 03:31:13] [Epoch   182/  200] trn/loss 3.772e-03, trn/lr 2.098e-03, val/acc 9.581e-01, val/nll 1.625e-01 (best_acc: 9.577e-01 -> 9.581e-01, test_acc: 9.520e-01, test_nll: 1.738e-01)
[2023-02-20 03:31:20] [Epoch   183/  200] trn/loss 3.684e-03, trn/lr 1.878e-03, val/acc 9.572e-01, val/nll 1.597e-01
[2023-02-20 03:31:28] [Epoch   184/  200] trn/loss 3.834e-03, trn/lr 1.671e-03, val/acc 9.593e-01, val/nll 1.592e-01 (best_acc: 9.581e-01 -> 9.593e-01, test_acc: 9.530e-01, test_nll: 1.725e-01)
[2023-02-20 03:31:35] [Epoch   185/  200] trn/loss 3.474e-03, trn/lr 1.476e-03, val/acc 9.581e-01, val/nll 1.598e-01
[2023-02-20 03:31:42] [Epoch   186/  200] trn/loss 3.622e-03, trn/lr 1.292e-03, val/acc 9.585e-01, val/nll 1.603e-01
[2023-02-20 03:31:49] [Epoch   187/  200] trn/loss 3.722e-03, trn/lr 1.121e-03, val/acc 9.572e-01, val/nll 1.600e-01
[2023-02-20 03:31:57] [Epoch   188/  200] trn/loss 3.534e-03, trn/lr 9.617e-04, val/acc 9.586e-01, val/nll 1.600e-01
[2023-02-20 03:32:04] [Epoch   189/  200] trn/loss 3.574e-03, trn/lr 8.145e-04, val/acc 9.586e-01, val/nll 1.600e-01
[2023-02-20 03:32:11] [Epoch   190/  200] trn/loss 3.589e-03, trn/lr 6.794e-04, val/acc 9.579e-01, val/nll 1.588e-01
[2023-02-20 03:32:18] [Epoch   191/  200] trn/loss 3.501e-03, trn/lr 5.565e-04, val/acc 9.591e-01, val/nll 1.586e-01
[2023-02-20 03:32:25] [Epoch   192/  200] trn/loss 3.613e-03, trn/lr 4.458e-04, val/acc 9.583e-01, val/nll 1.589e-01
[2023-02-20 03:32:33] [Epoch   193/  200] trn/loss 3.479e-03, trn/lr 3.474e-04, val/acc 9.581e-01, val/nll 1.585e-01
[2023-02-20 03:32:40] [Epoch   194/  200] trn/loss 3.468e-03, trn/lr 2.612e-04, val/acc 9.579e-01, val/nll 1.588e-01
[2023-02-20 03:32:47] [Epoch   195/  200] trn/loss 3.415e-03, trn/lr 1.872e-04, val/acc 9.576e-01, val/nll 1.597e-01
[2023-02-20 03:32:54] [Epoch   196/  200] trn/loss 3.496e-03, trn/lr 1.255e-04, val/acc 9.580e-01, val/nll 1.596e-01
[2023-02-20 03:33:01] [Epoch   197/  200] trn/loss 3.455e-03, trn/lr 7.619e-05, val/acc 9.577e-01, val/nll 1.591e-01
[2023-02-20 03:33:09] [Epoch   198/  200] trn/loss 3.586e-03, trn/lr 3.916e-05, val/acc 9.579e-01, val/nll 1.591e-01
[2023-02-20 03:33:16] [Epoch   199/  200] trn/loss 3.396e-03, trn/lr 1.445e-05, val/acc 9.579e-01, val/nll 1.591e-01
[2023-02-20 03:33:23] [Epoch   200/  200] trn/loss 3.517e-03, trn/lr 2.075e-06, val/acc 9.577e-01, val/nll 1.593e-01
