[2023-02-08 20:06:48] Environments:
------------  ------------------------------------------------------------
sys.platform  linux
Python        3.8.10 (default, Nov 14 2022, 12:59:47) [GCC 9.4.0]
JAX           0.4.2 @/home/giung/.local/lib/python3.8/site-packages/jax
jaxlib        0.4.2 @/home/giung/.local/lib/python3.8/site-packages/jaxlib
Flax          0.6.4 @/home/giung/.local/lib/python3.8/site-packages/flax
Optax         0.1.4 @/home/giung/.local/lib/python3.8/site-packages/optax
------------  ------------------------------------------------------------

[2023-02-08 20:06:48] Command line arguments:
- args.data_root          : ./data/
- args.data_name          : CIFAR10_x32
- args.data_augmentation  : standard
- args.data_proportional  : 1.0
- args.model_depth        : 20
- args.model_width        : 4
- args.model_style        : BN-ReLU
- args.optim_bs           : 256
- args.optim_ne           : 200
- args.optim_lr           : 0.0003
- args.optim_b1           : 0.7
- args.optim_b2           : 0.999
- args.optim_eps          : 1e-08
- args.optim_weight_decay : 0.003
- args.rho                : 0.0
- args.save               : /home/giung/giung2-dev/projects/sam/save/CIFAR10_x32/R20x4-BN-ReLU/Adam/bs-0256_ne-0200_lr-0.0003_b1-0.7000_b2-0.9990_wd-0.0030_rho-0.0000_fp32/42
- args.seed               : 42
- args.precision          : fp32

[2023-02-08 20:06:54] Multiple local devices are detected:
[TpuDevice(id=0, process_index=0, coords=(0,0,0), core_on_chip=0), TpuDevice(id=1, process_index=0, coords=(0,0,0), core_on_chip=1), TpuDevice(id=2, process_index=0, coords=(1,0,0), core_on_chip=0), TpuDevice(id=3, process_index=0, coords=(1,0,0), core_on_chip=1), TpuDevice(id=4, process_index=0, coords=(0,1,0), core_on_chip=0), TpuDevice(id=5, process_index=0, coords=(0,1,0), core_on_chip=1), TpuDevice(id=6, process_index=0, coords=(1,1,0), core_on_chip=0), TpuDevice(id=7, process_index=0, coords=(1,1,0), core_on_chip=1)]

[2023-02-08 20:07:54] [Epoch     1/  200] trn/loss 1.548e+00, trn/lr 3.000e-04, val/acc 5.343e-01, val/nll 1.300e+00 (best_acc: 0.000e+00 -> 5.343e-01, test_acc: 5.328e-01, test_nll: 1.321e+00)
[2023-02-08 20:08:02] [Epoch     2/  200] trn/loss 1.137e+00, trn/lr 3.000e-04, val/acc 5.228e-01, val/nll 1.345e+00
[2023-02-08 20:08:10] [Epoch     3/  200] trn/loss 9.380e-01, trn/lr 2.999e-04, val/acc 6.631e-01, val/nll 9.894e-01 (best_acc: 5.343e-01 -> 6.631e-01, test_acc: 6.529e-01, test_nll: 1.023e+00)
[2023-02-08 20:08:19] [Epoch     4/  200] trn/loss 8.068e-01, trn/lr 2.998e-04, val/acc 7.065e-01, val/nll 8.655e-01 (best_acc: 6.631e-01 -> 7.065e-01, test_acc: 7.093e-01, test_nll: 8.526e-01)
[2023-02-08 20:08:27] [Epoch     5/  200] trn/loss 7.200e-01, trn/lr 2.996e-04, val/acc 7.087e-01, val/nll 9.079e-01 (best_acc: 7.065e-01 -> 7.087e-01, test_acc: 7.035e-01, test_nll: 9.161e-01)
[2023-02-08 20:08:34] [Epoch     6/  200] trn/loss 6.517e-01, trn/lr 2.994e-04, val/acc 6.761e-01, val/nll 1.059e+00
[2023-02-08 20:08:43] [Epoch     7/  200] trn/loss 6.110e-01, trn/lr 2.992e-04, val/acc 7.461e-01, val/nll 7.677e-01 (best_acc: 7.087e-01 -> 7.461e-01, test_acc: 7.409e-01, test_nll: 7.900e-01)
[2023-02-08 20:08:50] [Epoch     8/  200] trn/loss 5.719e-01, trn/lr 2.990e-04, val/acc 6.812e-01, val/nll 1.162e+00
[2023-02-08 20:08:57] [Epoch     9/  200] trn/loss 5.304e-01, trn/lr 2.987e-04, val/acc 7.419e-01, val/nll 8.083e-01
[2023-02-08 20:09:05] [Epoch    10/  200] trn/loss 5.052e-01, trn/lr 2.983e-04, val/acc 7.544e-01, val/nll 7.303e-01 (best_acc: 7.461e-01 -> 7.544e-01, test_acc: 7.503e-01, test_nll: 7.499e-01)
[2023-02-08 20:09:14] [Epoch    11/  200] trn/loss 4.812e-01, trn/lr 2.980e-04, val/acc 8.140e-01, val/nll 5.714e-01 (best_acc: 7.544e-01 -> 8.140e-01, test_acc: 8.100e-01, test_nll: 5.752e-01)
[2023-02-08 20:09:21] [Epoch    12/  200] trn/loss 4.660e-01, trn/lr 2.976e-04, val/acc 7.158e-01, val/nll 8.895e-01
[2023-02-08 20:09:28] [Epoch    13/  200] trn/loss 4.456e-01, trn/lr 2.971e-04, val/acc 7.761e-01, val/nll 7.268e-01
[2023-02-08 20:09:35] [Epoch    14/  200] trn/loss 4.310e-01, trn/lr 2.966e-04, val/acc 7.777e-01, val/nll 7.014e-01
[2023-02-08 20:09:43] [Epoch    15/  200] trn/loss 4.096e-01, trn/lr 2.961e-04, val/acc 7.896e-01, val/nll 6.198e-01
[2023-02-08 20:09:51] [Epoch    16/  200] trn/loss 4.003e-01, trn/lr 2.956e-04, val/acc 8.345e-01, val/nll 5.041e-01 (best_acc: 8.140e-01 -> 8.345e-01, test_acc: 8.253e-01, test_nll: 5.215e-01)
[2023-02-08 20:09:58] [Epoch    17/  200] trn/loss 3.878e-01, trn/lr 2.950e-04, val/acc 8.308e-01, val/nll 5.273e-01
[2023-02-08 20:10:05] [Epoch    18/  200] trn/loss 3.731e-01, trn/lr 2.944e-04, val/acc 7.479e-01, val/nll 8.294e-01
[2023-02-08 20:10:14] [Epoch    19/  200] trn/loss 3.596e-01, trn/lr 2.937e-04, val/acc 8.455e-01, val/nll 4.640e-01 (best_acc: 8.345e-01 -> 8.455e-01, test_acc: 8.414e-01, test_nll: 4.783e-01)
[2023-02-08 20:10:21] [Epoch    20/  200] trn/loss 3.551e-01, trn/lr 2.930e-04, val/acc 8.157e-01, val/nll 5.866e-01
[2023-02-08 20:10:28] [Epoch    21/  200] trn/loss 3.431e-01, trn/lr 2.923e-04, val/acc 8.095e-01, val/nll 5.773e-01
[2023-02-08 20:10:35] [Epoch    22/  200] trn/loss 3.392e-01, trn/lr 2.915e-04, val/acc 7.990e-01, val/nll 5.972e-01
[2023-02-08 20:10:43] [Epoch    23/  200] trn/loss 3.290e-01, trn/lr 2.907e-04, val/acc 8.072e-01, val/nll 6.224e-01
[2023-02-08 20:10:50] [Epoch    24/  200] trn/loss 3.206e-01, trn/lr 2.899e-04, val/acc 7.723e-01, val/nll 7.318e-01
[2023-02-08 20:10:58] [Epoch    25/  200] trn/loss 3.134e-01, trn/lr 2.890e-04, val/acc 8.667e-01, val/nll 4.036e-01 (best_acc: 8.455e-01 -> 8.667e-01, test_acc: 8.629e-01, test_nll: 4.171e-01)
[2023-02-08 20:11:06] [Epoch    26/  200] trn/loss 3.063e-01, trn/lr 2.881e-04, val/acc 8.515e-01, val/nll 4.550e-01
[2023-02-08 20:11:13] [Epoch    27/  200] trn/loss 3.021e-01, trn/lr 2.872e-04, val/acc 8.101e-01, val/nll 6.017e-01
[2023-02-08 20:11:20] [Epoch    28/  200] trn/loss 2.907e-01, trn/lr 2.862e-04, val/acc 8.333e-01, val/nll 5.225e-01
[2023-02-08 20:11:28] [Epoch    29/  200] trn/loss 2.845e-01, trn/lr 2.852e-04, val/acc 8.698e-01, val/nll 3.937e-01 (best_acc: 8.667e-01 -> 8.698e-01, test_acc: 8.620e-01, test_nll: 4.081e-01)
[2023-02-08 20:11:36] [Epoch    30/  200] trn/loss 2.753e-01, trn/lr 2.842e-04, val/acc 8.463e-01, val/nll 4.831e-01
[2023-02-08 20:11:43] [Epoch    31/  200] trn/loss 2.699e-01, trn/lr 2.831e-04, val/acc 8.252e-01, val/nll 5.337e-01
[2023-02-08 20:11:50] [Epoch    32/  200] trn/loss 2.633e-01, trn/lr 2.820e-04, val/acc 8.451e-01, val/nll 4.754e-01
[2023-02-08 20:11:57] [Epoch    33/  200] trn/loss 2.585e-01, trn/lr 2.809e-04, val/acc 8.429e-01, val/nll 4.804e-01
[2023-02-08 20:12:05] [Epoch    34/  200] trn/loss 2.585e-01, trn/lr 2.797e-04, val/acc 8.644e-01, val/nll 4.166e-01
[2023-02-08 20:12:12] [Epoch    35/  200] trn/loss 2.488e-01, trn/lr 2.785e-04, val/acc 8.462e-01, val/nll 4.883e-01
[2023-02-08 20:12:20] [Epoch    36/  200] trn/loss 2.487e-01, trn/lr 2.773e-04, val/acc 8.763e-01, val/nll 3.677e-01 (best_acc: 8.698e-01 -> 8.763e-01, test_acc: 8.730e-01, test_nll: 3.814e-01)
[2023-02-08 20:12:27] [Epoch    37/  200] trn/loss 2.418e-01, trn/lr 2.760e-04, val/acc 8.291e-01, val/nll 5.255e-01
[2023-02-08 20:12:35] [Epoch    38/  200] trn/loss 2.343e-01, trn/lr 2.747e-04, val/acc 7.985e-01, val/nll 6.712e-01
[2023-02-08 20:12:42] [Epoch    39/  200] trn/loss 2.316e-01, trn/lr 2.734e-04, val/acc 8.533e-01, val/nll 4.539e-01
[2023-02-08 20:12:50] [Epoch    40/  200] trn/loss 2.239e-01, trn/lr 2.720e-04, val/acc 8.777e-01, val/nll 3.773e-01 (best_acc: 8.763e-01 -> 8.777e-01, test_acc: 8.711e-01, test_nll: 4.049e-01)
[2023-02-08 20:12:57] [Epoch    41/  200] trn/loss 2.176e-01, trn/lr 2.707e-04, val/acc 8.532e-01, val/nll 4.716e-01
[2023-02-08 20:13:04] [Epoch    42/  200] trn/loss 2.192e-01, trn/lr 2.692e-04, val/acc 8.436e-01, val/nll 5.162e-01
[2023-02-08 20:13:12] [Epoch    43/  200] trn/loss 2.175e-01, trn/lr 2.678e-04, val/acc 8.723e-01, val/nll 3.968e-01
[2023-02-08 20:13:20] [Epoch    44/  200] trn/loss 2.070e-01, trn/lr 2.663e-04, val/acc 8.860e-01, val/nll 3.573e-01 (best_acc: 8.777e-01 -> 8.860e-01, test_acc: 8.788e-01, test_nll: 3.793e-01)
[2023-02-08 20:13:27] [Epoch    45/  200] trn/loss 1.976e-01, trn/lr 2.648e-04, val/acc 8.648e-01, val/nll 4.286e-01
[2023-02-08 20:13:34] [Epoch    46/  200] trn/loss 1.993e-01, trn/lr 2.633e-04, val/acc 8.650e-01, val/nll 4.319e-01
[2023-02-08 20:13:42] [Epoch    47/  200] trn/loss 1.943e-01, trn/lr 2.617e-04, val/acc 8.783e-01, val/nll 3.892e-01
[2023-02-08 20:13:50] [Epoch    48/  200] trn/loss 1.946e-01, trn/lr 2.602e-04, val/acc 8.896e-01, val/nll 3.509e-01 (best_acc: 8.860e-01 -> 8.896e-01, test_acc: 8.873e-01, test_nll: 3.581e-01)
[2023-02-08 20:13:57] [Epoch    49/  200] trn/loss 1.901e-01, trn/lr 2.585e-04, val/acc 8.607e-01, val/nll 4.386e-01
[2023-02-08 20:14:04] [Epoch    50/  200] trn/loss 1.851e-01, trn/lr 2.569e-04, val/acc 8.837e-01, val/nll 3.661e-01
[2023-02-08 20:14:12] [Epoch    51/  200] trn/loss 1.848e-01, trn/lr 2.552e-04, val/acc 8.874e-01, val/nll 3.604e-01
[2023-02-08 20:14:19] [Epoch    52/  200] trn/loss 1.758e-01, trn/lr 2.535e-04, val/acc 8.773e-01, val/nll 4.071e-01
[2023-02-08 20:14:27] [Epoch    53/  200] trn/loss 1.759e-01, trn/lr 2.518e-04, val/acc 8.923e-01, val/nll 3.532e-01 (best_acc: 8.896e-01 -> 8.923e-01, test_acc: 8.879e-01, test_nll: 3.566e-01)
[2023-02-08 20:14:34] [Epoch    54/  200] trn/loss 1.714e-01, trn/lr 2.501e-04, val/acc 8.883e-01, val/nll 3.615e-01
[2023-02-08 20:14:42] [Epoch    55/  200] trn/loss 1.706e-01, trn/lr 2.483e-04, val/acc 8.906e-01, val/nll 3.534e-01
[2023-02-08 20:14:49] [Epoch    56/  200] trn/loss 1.675e-01, trn/lr 2.465e-04, val/acc 8.752e-01, val/nll 3.939e-01
[2023-02-08 20:14:56] [Epoch    57/  200] trn/loss 1.634e-01, trn/lr 2.447e-04, val/acc 8.804e-01, val/nll 3.808e-01
[2023-02-08 20:15:04] [Epoch    58/  200] trn/loss 1.533e-01, trn/lr 2.429e-04, val/acc 8.929e-01, val/nll 3.384e-01 (best_acc: 8.923e-01 -> 8.929e-01, test_acc: 8.921e-01, test_nll: 3.522e-01)
[2023-02-08 20:15:12] [Epoch    59/  200] trn/loss 1.590e-01, trn/lr 2.410e-04, val/acc 8.985e-01, val/nll 3.215e-01 (best_acc: 8.929e-01 -> 8.985e-01, test_acc: 8.955e-01, test_nll: 3.386e-01)
[2023-02-08 20:15:20] [Epoch    60/  200] trn/loss 1.562e-01, trn/lr 2.391e-04, val/acc 8.970e-01, val/nll 3.342e-01
[2023-02-08 20:15:27] [Epoch    61/  200] trn/loss 1.517e-01, trn/lr 2.372e-04, val/acc 8.963e-01, val/nll 3.385e-01
[2023-02-08 20:15:34] [Epoch    62/  200] trn/loss 1.508e-01, trn/lr 2.353e-04, val/acc 8.972e-01, val/nll 3.424e-01
[2023-02-08 20:15:42] [Epoch    63/  200] trn/loss 1.481e-01, trn/lr 2.333e-04, val/acc 8.855e-01, val/nll 3.790e-01
[2023-02-08 20:15:49] [Epoch    64/  200] trn/loss 1.415e-01, trn/lr 2.314e-04, val/acc 8.968e-01, val/nll 3.379e-01
[2023-02-08 20:15:56] [Epoch    65/  200] trn/loss 1.457e-01, trn/lr 2.294e-04, val/acc 8.855e-01, val/nll 3.835e-01
[2023-02-08 20:16:03] [Epoch    66/  200] trn/loss 1.368e-01, trn/lr 2.274e-04, val/acc 8.972e-01, val/nll 3.337e-01
[2023-02-08 20:16:12] [Epoch    67/  200] trn/loss 1.380e-01, trn/lr 2.253e-04, val/acc 9.038e-01, val/nll 3.158e-01 (best_acc: 8.985e-01 -> 9.038e-01, test_acc: 8.973e-01, test_nll: 3.341e-01)
[2023-02-08 20:16:19] [Epoch    68/  200] trn/loss 1.343e-01, trn/lr 2.233e-04, val/acc 8.972e-01, val/nll 3.343e-01
[2023-02-08 20:16:26] [Epoch    69/  200] trn/loss 1.329e-01, trn/lr 2.212e-04, val/acc 9.003e-01, val/nll 3.276e-01
[2023-02-08 20:16:33] [Epoch    70/  200] trn/loss 1.312e-01, trn/lr 2.192e-04, val/acc 9.001e-01, val/nll 3.267e-01
[2023-02-08 20:16:41] [Epoch    71/  200] trn/loss 1.274e-01, trn/lr 2.171e-04, val/acc 8.971e-01, val/nll 3.474e-01
[2023-02-08 20:16:48] [Epoch    72/  200] trn/loss 1.288e-01, trn/lr 2.149e-04, val/acc 8.897e-01, val/nll 3.881e-01
[2023-02-08 20:16:55] [Epoch    73/  200] trn/loss 1.255e-01, trn/lr 2.128e-04, val/acc 8.925e-01, val/nll 3.698e-01
[2023-02-08 20:17:02] [Epoch    74/  200] trn/loss 1.212e-01, trn/lr 2.107e-04, val/acc 8.892e-01, val/nll 3.690e-01
[2023-02-08 20:17:10] [Epoch    75/  200] trn/loss 1.194e-01, trn/lr 2.085e-04, val/acc 9.002e-01, val/nll 3.358e-01
[2023-02-08 20:17:17] [Epoch    76/  200] trn/loss 1.211e-01, trn/lr 2.063e-04, val/acc 9.037e-01, val/nll 3.224e-01
[2023-02-08 20:17:24] [Epoch    77/  200] trn/loss 1.111e-01, trn/lr 2.041e-04, val/acc 8.994e-01, val/nll 3.302e-01
[2023-02-08 20:17:31] [Epoch    78/  200] trn/loss 1.107e-01, trn/lr 2.019e-04, val/acc 8.919e-01, val/nll 3.938e-01
[2023-02-08 20:17:40] [Epoch    79/  200] trn/loss 1.148e-01, trn/lr 1.997e-04, val/acc 9.113e-01, val/nll 3.038e-01 (best_acc: 9.038e-01 -> 9.113e-01, test_acc: 9.049e-01, test_nll: 3.249e-01)
[2023-02-08 20:17:47] [Epoch    80/  200] trn/loss 1.069e-01, trn/lr 1.975e-04, val/acc 9.033e-01, val/nll 3.309e-01
[2023-02-08 20:17:54] [Epoch    81/  200] trn/loss 1.061e-01, trn/lr 1.952e-04, val/acc 8.990e-01, val/nll 3.522e-01
[2023-02-08 20:18:01] [Epoch    82/  200] trn/loss 1.030e-01, trn/lr 1.930e-04, val/acc 8.860e-01, val/nll 4.008e-01
[2023-02-08 20:18:09] [Epoch    83/  200] trn/loss 9.963e-02, trn/lr 1.907e-04, val/acc 9.098e-01, val/nll 3.081e-01
[2023-02-08 20:18:16] [Epoch    84/  200] trn/loss 1.044e-01, trn/lr 1.885e-04, val/acc 8.991e-01, val/nll 3.319e-01
[2023-02-08 20:18:23] [Epoch    85/  200] trn/loss 9.896e-02, trn/lr 1.862e-04, val/acc 9.008e-01, val/nll 3.463e-01
[2023-02-08 20:18:30] [Epoch    86/  200] trn/loss 9.349e-02, trn/lr 1.839e-04, val/acc 8.938e-01, val/nll 3.666e-01
[2023-02-08 20:18:38] [Epoch    87/  200] trn/loss 9.677e-02, trn/lr 1.816e-04, val/acc 9.062e-01, val/nll 3.292e-01
[2023-02-08 20:18:45] [Epoch    88/  200] trn/loss 9.913e-02, trn/lr 1.793e-04, val/acc 8.991e-01, val/nll 3.440e-01
[2023-02-08 20:18:52] [Epoch    89/  200] trn/loss 9.444e-02, trn/lr 1.770e-04, val/acc 9.063e-01, val/nll 3.226e-01
[2023-02-08 20:18:59] [Epoch    90/  200] trn/loss 9.396e-02, trn/lr 1.746e-04, val/acc 8.990e-01, val/nll 3.621e-01
[2023-02-08 20:19:07] [Epoch    91/  200] trn/loss 8.725e-02, trn/lr 1.723e-04, val/acc 9.070e-01, val/nll 3.225e-01
[2023-02-08 20:19:14] [Epoch    92/  200] trn/loss 8.730e-02, trn/lr 1.700e-04, val/acc 9.059e-01, val/nll 3.249e-01
[2023-02-08 20:19:21] [Epoch    93/  200] trn/loss 8.868e-02, trn/lr 1.676e-04, val/acc 9.061e-01, val/nll 3.263e-01
[2023-02-08 20:19:28] [Epoch    94/  200] trn/loss 8.610e-02, trn/lr 1.653e-04, val/acc 8.933e-01, val/nll 3.744e-01
[2023-02-08 20:19:35] [Epoch    95/  200] trn/loss 7.949e-02, trn/lr 1.630e-04, val/acc 8.821e-01, val/nll 4.183e-01
[2023-02-08 20:19:43] [Epoch    96/  200] trn/loss 8.049e-02, trn/lr 1.606e-04, val/acc 9.039e-01, val/nll 3.423e-01
[2023-02-08 20:19:51] [Epoch    97/  200] trn/loss 8.198e-02, trn/lr 1.582e-04, val/acc 9.117e-01, val/nll 3.212e-01 (best_acc: 9.113e-01 -> 9.117e-01, test_acc: 9.068e-01, test_nll: 3.277e-01)
[2023-02-08 20:19:58] [Epoch    98/  200] trn/loss 7.405e-02, trn/lr 1.559e-04, val/acc 9.081e-01, val/nll 3.237e-01
[2023-02-08 20:20:06] [Epoch    99/  200] trn/loss 7.853e-02, trn/lr 1.535e-04, val/acc 9.029e-01, val/nll 3.475e-01
[2023-02-08 20:20:13] [Epoch   100/  200] trn/loss 7.753e-02, trn/lr 1.512e-04, val/acc 9.092e-01, val/nll 3.201e-01
[2023-02-08 20:20:20] [Epoch   101/  200] trn/loss 7.230e-02, trn/lr 1.488e-04, val/acc 8.882e-01, val/nll 4.160e-01
[2023-02-08 20:20:28] [Epoch   102/  200] trn/loss 7.170e-02, trn/lr 1.465e-04, val/acc 9.127e-01, val/nll 3.141e-01 (best_acc: 9.117e-01 -> 9.127e-01, test_acc: 9.088e-01, test_nll: 3.242e-01)
[2023-02-08 20:20:37] [Epoch   103/  200] trn/loss 7.326e-02, trn/lr 1.441e-04, val/acc 9.159e-01, val/nll 3.008e-01 (best_acc: 9.127e-01 -> 9.159e-01, test_acc: 9.117e-01, test_nll: 3.134e-01)
[2023-02-08 20:20:44] [Epoch   104/  200] trn/loss 7.040e-02, trn/lr 1.418e-04, val/acc 9.124e-01, val/nll 3.160e-01
[2023-02-08 20:20:52] [Epoch   105/  200] trn/loss 6.961e-02, trn/lr 1.394e-04, val/acc 9.163e-01, val/nll 3.021e-01 (best_acc: 9.159e-01 -> 9.163e-01, test_acc: 9.140e-01, test_nll: 3.215e-01)
[2023-02-08 20:20:59] [Epoch   106/  200] trn/loss 6.656e-02, trn/lr 1.371e-04, val/acc 9.069e-01, val/nll 3.475e-01
[2023-02-08 20:21:07] [Epoch   107/  200] trn/loss 6.288e-02, trn/lr 1.347e-04, val/acc 9.164e-01, val/nll 2.996e-01 (best_acc: 9.163e-01 -> 9.164e-01, test_acc: 9.132e-01, test_nll: 3.249e-01)
[2023-02-08 20:21:16] [Epoch   108/  200] trn/loss 6.016e-02, trn/lr 1.324e-04, val/acc 9.176e-01, val/nll 2.959e-01 (best_acc: 9.164e-01 -> 9.176e-01, test_acc: 9.132e-01, test_nll: 3.215e-01)
[2023-02-08 20:21:23] [Epoch   109/  200] trn/loss 6.290e-02, trn/lr 1.300e-04, val/acc 9.176e-01, val/nll 3.003e-01
[2023-02-08 20:21:30] [Epoch   110/  200] trn/loss 6.217e-02, trn/lr 1.277e-04, val/acc 9.134e-01, val/nll 3.054e-01
[2023-02-08 20:21:37] [Epoch   111/  200] trn/loss 5.998e-02, trn/lr 1.254e-04, val/acc 9.006e-01, val/nll 3.623e-01
[2023-02-08 20:21:45] [Epoch   112/  200] trn/loss 5.678e-02, trn/lr 1.231e-04, val/acc 9.176e-01, val/nll 3.049e-01
[2023-02-08 20:21:53] [Epoch   113/  200] trn/loss 5.279e-02, trn/lr 1.207e-04, val/acc 9.220e-01, val/nll 2.900e-01 (best_acc: 9.176e-01 -> 9.220e-01, test_acc: 9.168e-01, test_nll: 3.096e-01)
[2023-02-08 20:22:00] [Epoch   114/  200] trn/loss 5.166e-02, trn/lr 1.184e-04, val/acc 9.166e-01, val/nll 3.024e-01
[2023-02-08 20:22:07] [Epoch   115/  200] trn/loss 5.376e-02, trn/lr 1.161e-04, val/acc 9.194e-01, val/nll 2.979e-01
[2023-02-08 20:22:15] [Epoch   116/  200] trn/loss 5.080e-02, trn/lr 1.138e-04, val/acc 9.167e-01, val/nll 3.011e-01
[2023-02-08 20:22:22] [Epoch   117/  200] trn/loss 4.848e-02, trn/lr 1.116e-04, val/acc 9.088e-01, val/nll 3.478e-01
[2023-02-08 20:22:29] [Epoch   118/  200] trn/loss 4.237e-02, trn/lr 1.093e-04, val/acc 9.176e-01, val/nll 3.106e-01
[2023-02-08 20:22:36] [Epoch   119/  200] trn/loss 4.920e-02, trn/lr 1.070e-04, val/acc 9.128e-01, val/nll 3.344e-01
[2023-02-08 20:22:44] [Epoch   120/  200] trn/loss 4.241e-02, trn/lr 1.048e-04, val/acc 9.096e-01, val/nll 3.347e-01
[2023-02-08 20:22:51] [Epoch   121/  200] trn/loss 5.106e-02, trn/lr 1.025e-04, val/acc 9.171e-01, val/nll 3.153e-01
[2023-02-08 20:22:58] [Epoch   122/  200] trn/loss 4.583e-02, trn/lr 1.003e-04, val/acc 9.142e-01, val/nll 3.257e-01
[2023-02-08 20:23:05] [Epoch   123/  200] trn/loss 4.275e-02, trn/lr 9.809e-05, val/acc 9.156e-01, val/nll 3.177e-01
[2023-02-08 20:23:13] [Epoch   124/  200] trn/loss 4.013e-02, trn/lr 9.589e-05, val/acc 9.069e-01, val/nll 3.683e-01
[2023-02-08 20:23:20] [Epoch   125/  200] trn/loss 4.226e-02, trn/lr 9.370e-05, val/acc 9.144e-01, val/nll 3.199e-01
[2023-02-08 20:23:27] [Epoch   126/  200] trn/loss 3.990e-02, trn/lr 9.152e-05, val/acc 9.178e-01, val/nll 3.060e-01
[2023-02-08 20:23:35] [Epoch   127/  200] trn/loss 3.777e-02, trn/lr 8.936e-05, val/acc 9.227e-01, val/nll 2.923e-01 (best_acc: 9.220e-01 -> 9.227e-01, test_acc: 9.184e-01, test_nll: 3.148e-01)
[2023-02-08 20:23:42] [Epoch   128/  200] trn/loss 3.784e-02, trn/lr 8.721e-05, val/acc 9.187e-01, val/nll 2.952e-01
[2023-02-08 20:23:51] [Epoch   129/  200] trn/loss 3.336e-02, trn/lr 8.508e-05, val/acc 9.280e-01, val/nll 2.787e-01 (best_acc: 9.227e-01 -> 9.280e-01, test_acc: 9.251e-01, test_nll: 2.898e-01)
[2023-02-08 20:23:58] [Epoch   130/  200] trn/loss 3.507e-02, trn/lr 8.296e-05, val/acc 9.186e-01, val/nll 3.083e-01
[2023-02-08 20:24:05] [Epoch   131/  200] trn/loss 3.562e-02, trn/lr 8.086e-05, val/acc 9.274e-01, val/nll 2.800e-01
[2023-02-08 20:24:13] [Epoch   132/  200] trn/loss 3.215e-02, trn/lr 7.878e-05, val/acc 9.238e-01, val/nll 2.886e-01
[2023-02-08 20:24:20] [Epoch   133/  200] trn/loss 3.433e-02, trn/lr 7.671e-05, val/acc 9.142e-01, val/nll 3.310e-01
[2023-02-08 20:24:27] [Epoch   134/  200] trn/loss 2.908e-02, trn/lr 7.467e-05, val/acc 9.189e-01, val/nll 3.142e-01
[2023-02-08 20:24:34] [Epoch   135/  200] trn/loss 3.007e-02, trn/lr 7.264e-05, val/acc 9.238e-01, val/nll 2.860e-01
[2023-02-08 20:24:42] [Epoch   136/  200] trn/loss 2.683e-02, trn/lr 7.063e-05, val/acc 9.282e-01, val/nll 2.760e-01 (best_acc: 9.280e-01 -> 9.282e-01, test_acc: 9.161e-01, test_nll: 3.073e-01)
[2023-02-08 20:24:50] [Epoch   137/  200] trn/loss 2.763e-02, trn/lr 6.864e-05, val/acc 9.232e-01, val/nll 3.005e-01
[2023-02-08 20:24:57] [Epoch   138/  200] trn/loss 2.754e-02, trn/lr 6.667e-05, val/acc 9.196e-01, val/nll 3.084e-01
[2023-02-08 20:25:04] [Epoch   139/  200] trn/loss 2.970e-02, trn/lr 6.472e-05, val/acc 9.252e-01, val/nll 2.787e-01
[2023-02-08 20:25:11] [Epoch   140/  200] trn/loss 2.574e-02, trn/lr 6.279e-05, val/acc 9.226e-01, val/nll 2.953e-01
[2023-02-08 20:25:19] [Epoch   141/  200] trn/loss 2.332e-02, trn/lr 6.089e-05, val/acc 9.195e-01, val/nll 3.061e-01
[2023-02-08 20:25:26] [Epoch   142/  200] trn/loss 2.443e-02, trn/lr 5.900e-05, val/acc 9.181e-01, val/nll 3.227e-01
[2023-02-08 20:25:33] [Epoch   143/  200] trn/loss 2.175e-02, trn/lr 5.714e-05, val/acc 9.211e-01, val/nll 3.043e-01
[2023-02-08 20:25:40] [Epoch   144/  200] trn/loss 2.439e-02, trn/lr 5.530e-05, val/acc 9.222e-01, val/nll 3.057e-01
[2023-02-08 20:25:48] [Epoch   145/  200] trn/loss 2.367e-02, trn/lr 5.349e-05, val/acc 9.270e-01, val/nll 2.793e-01
[2023-02-08 20:25:55] [Epoch   146/  200] trn/loss 2.023e-02, trn/lr 5.170e-05, val/acc 9.279e-01, val/nll 2.877e-01
[2023-02-08 20:26:02] [Epoch   147/  200] trn/loss 2.190e-02, trn/lr 4.993e-05, val/acc 9.265e-01, val/nll 2.812e-01
[2023-02-08 20:26:10] [Epoch   148/  200] trn/loss 2.012e-02, trn/lr 4.819e-05, val/acc 9.294e-01, val/nll 2.729e-01 (best_acc: 9.282e-01 -> 9.294e-01, test_acc: 9.291e-01, test_nll: 2.845e-01)
[2023-02-08 20:26:18] [Epoch   149/  200] trn/loss 1.828e-02, trn/lr 4.647e-05, val/acc 9.232e-01, val/nll 2.910e-01
[2023-02-08 20:26:25] [Epoch   150/  200] trn/loss 1.946e-02, trn/lr 4.478e-05, val/acc 9.267e-01, val/nll 2.834e-01
[2023-02-08 20:26:32] [Epoch   151/  200] trn/loss 1.802e-02, trn/lr 4.311e-05, val/acc 9.285e-01, val/nll 2.875e-01
[2023-02-08 20:26:39] [Epoch   152/  200] trn/loss 1.693e-02, trn/lr 4.147e-05, val/acc 9.290e-01, val/nll 2.722e-01
[2023-02-08 20:26:47] [Epoch   153/  200] trn/loss 1.743e-02, trn/lr 3.986e-05, val/acc 9.277e-01, val/nll 2.694e-01
[2023-02-08 20:26:55] [Epoch   154/  200] trn/loss 1.641e-02, trn/lr 3.827e-05, val/acc 9.298e-01, val/nll 2.756e-01 (best_acc: 9.294e-01 -> 9.298e-01, test_acc: 9.251e-01, test_nll: 2.891e-01)
[2023-02-08 20:27:02] [Epoch   155/  200] trn/loss 1.717e-02, trn/lr 3.671e-05, val/acc 9.262e-01, val/nll 2.916e-01
[2023-02-08 20:27:10] [Epoch   156/  200] trn/loss 1.628e-02, trn/lr 3.518e-05, val/acc 9.304e-01, val/nll 2.661e-01 (best_acc: 9.298e-01 -> 9.304e-01, test_acc: 9.296e-01, test_nll: 2.813e-01)
[2023-02-08 20:27:19] [Epoch   157/  200] trn/loss 1.521e-02, trn/lr 3.368e-05, val/acc 9.331e-01, val/nll 2.626e-01 (best_acc: 9.304e-01 -> 9.331e-01, test_acc: 9.297e-01, test_nll: 2.807e-01)
[2023-02-08 20:27:26] [Epoch   158/  200] trn/loss 1.426e-02, trn/lr 3.221e-05, val/acc 9.295e-01, val/nll 2.708e-01
[2023-02-08 20:27:33] [Epoch   159/  200] trn/loss 1.369e-02, trn/lr 3.076e-05, val/acc 9.316e-01, val/nll 2.660e-01
[2023-02-08 20:27:40] [Epoch   160/  200] trn/loss 1.428e-02, trn/lr 2.935e-05, val/acc 9.282e-01, val/nll 2.764e-01
[2023-02-08 20:27:48] [Epoch   161/  200] trn/loss 1.409e-02, trn/lr 2.796e-05, val/acc 9.325e-01, val/nll 2.619e-01
[2023-02-08 20:27:55] [Epoch   162/  200] trn/loss 1.371e-02, trn/lr 2.661e-05, val/acc 9.296e-01, val/nll 2.751e-01
[2023-02-08 20:28:02] [Epoch   163/  200] trn/loss 1.359e-02, trn/lr 2.528e-05, val/acc 9.283e-01, val/nll 2.846e-01
[2023-02-08 20:28:09] [Epoch   164/  200] trn/loss 1.452e-02, trn/lr 2.399e-05, val/acc 9.312e-01, val/nll 2.655e-01
[2023-02-08 20:28:17] [Epoch   165/  200] trn/loss 1.321e-02, trn/lr 2.273e-05, val/acc 9.319e-01, val/nll 2.641e-01
[2023-02-08 20:28:24] [Epoch   166/  200] trn/loss 1.338e-02, trn/lr 2.150e-05, val/acc 9.322e-01, val/nll 2.617e-01
[2023-02-08 20:28:31] [Epoch   167/  200] trn/loss 1.311e-02, trn/lr 2.030e-05, val/acc 9.296e-01, val/nll 2.671e-01
[2023-02-08 20:28:38] [Epoch   168/  200] trn/loss 1.276e-02, trn/lr 1.913e-05, val/acc 9.319e-01, val/nll 2.652e-01
[2023-02-08 20:28:46] [Epoch   169/  200] trn/loss 1.350e-02, trn/lr 1.800e-05, val/acc 9.302e-01, val/nll 2.601e-01
[2023-02-08 20:28:53] [Epoch   170/  200] trn/loss 1.205e-02, trn/lr 1.689e-05, val/acc 9.325e-01, val/nll 2.593e-01
[2023-02-08 20:29:01] [Epoch   171/  200] trn/loss 1.187e-02, trn/lr 1.582e-05, val/acc 9.354e-01, val/nll 2.509e-01 (best_acc: 9.331e-01 -> 9.354e-01, test_acc: 9.334e-01, test_nll: 2.560e-01)
[2023-02-08 20:29:08] [Epoch   172/  200] trn/loss 1.234e-02, trn/lr 1.479e-05, val/acc 9.320e-01, val/nll 2.675e-01
[2023-02-08 20:29:15] [Epoch   173/  200] trn/loss 1.224e-02, trn/lr 1.378e-05, val/acc 9.344e-01, val/nll 2.520e-01
[2023-02-08 20:29:23] [Epoch   174/  200] trn/loss 1.177e-02, trn/lr 1.281e-05, val/acc 9.343e-01, val/nll 2.555e-01
[2023-02-08 20:29:30] [Epoch   175/  200] trn/loss 1.138e-02, trn/lr 1.188e-05, val/acc 9.348e-01, val/nll 2.559e-01
[2023-02-08 20:29:37] [Epoch   176/  200] trn/loss 1.112e-02, trn/lr 1.098e-05, val/acc 9.345e-01, val/nll 2.505e-01
[2023-02-08 20:29:45] [Epoch   177/  200] trn/loss 1.110e-02, trn/lr 1.011e-05, val/acc 9.354e-01, val/nll 2.474e-01
[2023-02-08 20:29:52] [Epoch   178/  200] trn/loss 1.160e-02, trn/lr 9.275e-06, val/acc 9.347e-01, val/nll 2.506e-01
[2023-02-08 20:29:59] [Epoch   179/  200] trn/loss 1.138e-02, trn/lr 8.477e-06, val/acc 9.332e-01, val/nll 2.485e-01
[2023-02-08 20:30:07] [Epoch   180/  200] trn/loss 1.122e-02, trn/lr 7.714e-06, val/acc 9.357e-01, val/nll 2.516e-01 (best_acc: 9.354e-01 -> 9.357e-01, test_acc: 9.353e-01, test_nll: 2.557e-01)
[2023-02-08 20:30:15] [Epoch   181/  200] trn/loss 1.060e-02, trn/lr 6.986e-06, val/acc 9.355e-01, val/nll 2.533e-01
[2023-02-08 20:30:22] [Epoch   182/  200] trn/loss 1.115e-02, trn/lr 6.293e-06, val/acc 9.344e-01, val/nll 2.497e-01
[2023-02-08 20:30:29] [Epoch   183/  200] trn/loss 1.114e-02, trn/lr 5.635e-06, val/acc 9.352e-01, val/nll 2.516e-01
[2023-02-08 20:30:36] [Epoch   184/  200] trn/loss 1.084e-02, trn/lr 5.013e-06, val/acc 9.344e-01, val/nll 2.489e-01
[2023-02-08 20:30:44] [Epoch   185/  200] trn/loss 1.061e-02, trn/lr 4.427e-06, val/acc 9.351e-01, val/nll 2.500e-01
[2023-02-08 20:30:51] [Epoch   186/  200] trn/loss 1.062e-02, trn/lr 3.877e-06, val/acc 9.347e-01, val/nll 2.506e-01
[2023-02-08 20:30:58] [Epoch   187/  200] trn/loss 1.088e-02, trn/lr 3.363e-06, val/acc 9.351e-01, val/nll 2.487e-01
[2023-02-08 20:31:05] [Epoch   188/  200] trn/loss 1.059e-02, trn/lr 2.885e-06, val/acc 9.345e-01, val/nll 2.510e-01
[2023-02-08 20:31:12] [Epoch   189/  200] trn/loss 1.041e-02, trn/lr 2.444e-06, val/acc 9.335e-01, val/nll 2.525e-01
[2023-02-08 20:31:20] [Epoch   190/  200] trn/loss 1.064e-02, trn/lr 2.038e-06, val/acc 9.346e-01, val/nll 2.505e-01
[2023-02-08 20:31:27] [Epoch   191/  200] trn/loss 1.053e-02, trn/lr 1.670e-06, val/acc 9.357e-01, val/nll 2.499e-01
[2023-02-08 20:31:34] [Epoch   192/  200] trn/loss 1.067e-02, trn/lr 1.338e-06, val/acc 9.347e-01, val/nll 2.503e-01
[2023-02-08 20:31:41] [Epoch   193/  200] trn/loss 1.041e-02, trn/lr 1.042e-06, val/acc 9.351e-01, val/nll 2.491e-01
[2023-02-08 20:31:49] [Epoch   194/  200] trn/loss 1.054e-02, trn/lr 7.835e-07, val/acc 9.355e-01, val/nll 2.498e-01
[2023-02-08 20:31:56] [Epoch   195/  200] trn/loss 1.030e-02, trn/lr 5.616e-07, val/acc 9.351e-01, val/nll 2.496e-01
[2023-02-08 20:32:03] [Epoch   196/  200] trn/loss 1.020e-02, trn/lr 3.766e-07, val/acc 9.355e-01, val/nll 2.485e-01
[2023-02-08 20:32:12] [Epoch   197/  200] trn/loss 1.034e-02, trn/lr 2.286e-07, val/acc 9.358e-01, val/nll 2.477e-01 (best_acc: 9.357e-01 -> 9.358e-01, test_acc: 9.360e-01, test_nll: 2.512e-01)
[2023-02-08 20:32:20] [Epoch   198/  200] trn/loss 1.038e-02, trn/lr 1.175e-07, val/acc 9.361e-01, val/nll 2.480e-01 (best_acc: 9.358e-01 -> 9.361e-01, test_acc: 9.356e-01, test_nll: 2.504e-01)
[2023-02-08 20:32:27] [Epoch   199/  200] trn/loss 1.020e-02, trn/lr 4.335e-08, val/acc 9.357e-01, val/nll 2.488e-01
[2023-02-08 20:32:34] [Epoch   200/  200] trn/loss 1.030e-02, trn/lr 6.226e-09, val/acc 9.360e-01, val/nll 2.486e-01
