[2023-02-03 03:01:45] Environments:
------------  --------------------------------------------------------------------------------
sys.platform  linux
Python        3.10.8 (main, Nov 24 2022, 14:13:03) [GCC 11.2.0]
JAX           0.4.1 @/mnt/home/giung/.conda/envs/jax-vessl/lib/python3.10/site-packages/jax
jaxlib        0.4.1 @/mnt/home/giung/.conda/envs/jax-vessl/lib/python3.10/site-packages/jaxlib
Flax          0.6.3 @/mnt/home/giung/.conda/envs/jax-vessl/lib/python3.10/site-packages/flax
Optax         0.1.4 @/mnt/home/giung/.conda/envs/jax-vessl/lib/python3.10/site-packages/optax
------------  --------------------------------------------------------------------------------

[2023-02-03 03:01:45] Command line arguments:
- args.data_root          : ./data/
- args.data_name          : CIFAR10_x32
- args.data_augmentation  : standard
- args.data_proportional  : 1.0
- args.model_depth        : 20
- args.model_width        : 2
- args.model_style        : BN-ReLU
- args.optim_bs           : 256
- args.optim_ne           : 200
- args.optim_lr           : 0.03
- args.optim_momentum     : 0.99
- args.optim_weight_decay : 0.001
- args.save               : /mnt/home/giung/giung2-dev/projects/residual-networks/save/CIFAR10_x32/R20x2-BN-ReLU/bs-0256_ne-0200_lr-0.03_mo-0.99_wd-0.0010_fp32/42
- args.seed               : 42
- args.precision          : fp32

[2023-02-03 03:02:16] [Epoch     1/  200] trn/loss 2.091e+00, trn/lr 3.000e-02, val/acc 2.613e-01, val/nll 1.973e+00 (best_acc: 0.000e+00 -> 2.613e-01, test_acc: 2.642e-01, test_nll: 1.955e+00)
[2023-02-03 03:02:23] [Epoch     2/  200] trn/loss 1.710e+00, trn/lr 3.000e-02, val/acc 3.696e-01, val/nll 1.586e+00 (best_acc: 2.613e-01 -> 3.696e-01, test_acc: 3.783e-01, test_nll: 1.578e+00)
[2023-02-03 03:02:30] [Epoch     3/  200] trn/loss 1.546e+00, trn/lr 2.999e-02, val/acc 4.134e-01, val/nll 1.553e+00 (best_acc: 3.696e-01 -> 4.134e-01, test_acc: 4.087e-01, test_nll: 1.556e+00)
[2023-02-03 03:02:36] [Epoch     4/  200] trn/loss 1.451e+00, trn/lr 2.998e-02, val/acc 3.104e-01, val/nll 2.334e+00
[2023-02-03 03:02:43] [Epoch     5/  200] trn/loss 1.350e+00, trn/lr 2.996e-02, val/acc 3.962e-01, val/nll 1.899e+00
[2023-02-03 03:02:49] [Epoch     6/  200] trn/loss 1.271e+00, trn/lr 2.994e-02, val/acc 5.407e-01, val/nll 1.252e+00 (best_acc: 4.134e-01 -> 5.407e-01, test_acc: 5.341e-01, test_nll: 1.272e+00)
[2023-02-03 03:02:55] [Epoch     7/  200] trn/loss 1.212e+00, trn/lr 2.992e-02, val/acc 4.782e-01, val/nll 1.609e+00
[2023-02-03 03:03:02] [Epoch     8/  200] trn/loss 1.121e+00, trn/lr 2.990e-02, val/acc 5.736e-01, val/nll 1.229e+00 (best_acc: 5.407e-01 -> 5.736e-01, test_acc: 5.724e-01, test_nll: 1.224e+00)
[2023-02-03 03:03:09] [Epoch     9/  200] trn/loss 1.072e+00, trn/lr 2.987e-02, val/acc 6.250e-01, val/nll 1.057e+00 (best_acc: 5.736e-01 -> 6.250e-01, test_acc: 6.233e-01, test_nll: 1.062e+00)
[2023-02-03 03:03:15] [Epoch    10/  200] trn/loss 1.033e+00, trn/lr 2.983e-02, val/acc 5.446e-01, val/nll 1.521e+00
[2023-02-03 03:03:21] [Epoch    11/  200] trn/loss 9.869e-01, trn/lr 2.980e-02, val/acc 5.316e-01, val/nll 1.379e+00
[2023-02-03 03:03:28] [Epoch    12/  200] trn/loss 9.424e-01, trn/lr 2.976e-02, val/acc 5.740e-01, val/nll 1.262e+00
[2023-02-03 03:03:34] [Epoch    13/  200] trn/loss 8.787e-01, trn/lr 2.971e-02, val/acc 6.424e-01, val/nll 1.027e+00 (best_acc: 6.250e-01 -> 6.424e-01, test_acc: 6.415e-01, test_nll: 1.055e+00)
[2023-02-03 03:03:41] [Epoch    14/  200] trn/loss 8.430e-01, trn/lr 2.966e-02, val/acc 6.622e-01, val/nll 9.735e-01 (best_acc: 6.424e-01 -> 6.622e-01, test_acc: 6.539e-01, test_nll: 9.862e-01)
[2023-02-03 03:03:47] [Epoch    15/  200] trn/loss 8.222e-01, trn/lr 2.961e-02, val/acc 5.761e-01, val/nll 1.271e+00
[2023-02-03 03:03:53] [Epoch    16/  200] trn/loss 7.750e-01, trn/lr 2.956e-02, val/acc 6.242e-01, val/nll 1.185e+00
[2023-02-03 03:04:00] [Epoch    17/  200] trn/loss 7.633e-01, trn/lr 2.950e-02, val/acc 6.618e-01, val/nll 1.080e+00
[2023-02-03 03:04:06] [Epoch    18/  200] trn/loss 7.369e-01, trn/lr 2.944e-02, val/acc 7.094e-01, val/nll 8.597e-01 (best_acc: 6.622e-01 -> 7.094e-01, test_acc: 7.073e-01, test_nll: 8.660e-01)
[2023-02-03 03:04:13] [Epoch    19/  200] trn/loss 7.349e-01, trn/lr 2.937e-02, val/acc 6.753e-01, val/nll 9.589e-01
[2023-02-03 03:04:19] [Epoch    20/  200] trn/loss 7.196e-01, trn/lr 2.930e-02, val/acc 6.789e-01, val/nll 9.636e-01
[2023-02-03 03:04:25] [Epoch    21/  200] trn/loss 7.146e-01, trn/lr 2.923e-02, val/acc 6.762e-01, val/nll 1.009e+00
[2023-02-03 03:04:31] [Epoch    22/  200] trn/loss 7.258e-01, trn/lr 2.915e-02, val/acc 6.357e-01, val/nll 1.149e+00
[2023-02-03 03:04:37] [Epoch    23/  200] trn/loss 7.178e-01, trn/lr 2.907e-02, val/acc 6.021e-01, val/nll 1.252e+00
[2023-02-03 03:04:44] [Epoch    24/  200] trn/loss 7.113e-01, trn/lr 2.899e-02, val/acc 7.171e-01, val/nll 8.793e-01 (best_acc: 7.094e-01 -> 7.171e-01, test_acc: 7.186e-01, test_nll: 8.811e-01)
[2023-02-03 03:04:51] [Epoch    25/  200] trn/loss 6.853e-01, trn/lr 2.890e-02, val/acc 7.350e-01, val/nll 7.827e-01 (best_acc: 7.171e-01 -> 7.350e-01, test_acc: 7.277e-01, test_nll: 7.966e-01)
[2023-02-03 03:04:57] [Epoch    26/  200] trn/loss 6.824e-01, trn/lr 2.881e-02, val/acc 7.440e-01, val/nll 7.667e-01 (best_acc: 7.350e-01 -> 7.440e-01, test_acc: 7.416e-01, test_nll: 7.831e-01)
[2023-02-03 03:05:04] [Epoch    27/  200] trn/loss 6.941e-01, trn/lr 2.872e-02, val/acc 6.970e-01, val/nll 9.655e-01
[2023-02-03 03:05:10] [Epoch    28/  200] trn/loss 6.687e-01, trn/lr 2.862e-02, val/acc 6.952e-01, val/nll 9.340e-01
[2023-02-03 03:05:16] [Epoch    29/  200] trn/loss 6.779e-01, trn/lr 2.852e-02, val/acc 6.894e-01, val/nll 9.306e-01
[2023-02-03 03:05:22] [Epoch    30/  200] trn/loss 6.661e-01, trn/lr 2.842e-02, val/acc 6.452e-01, val/nll 1.102e+00
[2023-02-03 03:05:29] [Epoch    31/  200] trn/loss 6.633e-01, trn/lr 2.831e-02, val/acc 7.097e-01, val/nll 8.393e-01
[2023-02-03 03:05:35] [Epoch    32/  200] trn/loss 6.850e-01, trn/lr 2.820e-02, val/acc 7.253e-01, val/nll 8.225e-01
[2023-02-03 03:05:41] [Epoch    33/  200] trn/loss 6.706e-01, trn/lr 2.809e-02, val/acc 6.244e-01, val/nll 1.442e+00
[2023-02-03 03:05:47] [Epoch    34/  200] trn/loss 6.584e-01, trn/lr 2.797e-02, val/acc 6.962e-01, val/nll 9.113e-01
[2023-02-03 03:05:54] [Epoch    35/  200] trn/loss 6.580e-01, trn/lr 2.785e-02, val/acc 7.445e-01, val/nll 7.796e-01 (best_acc: 7.440e-01 -> 7.445e-01, test_acc: 7.357e-01, test_nll: 7.978e-01)
[2023-02-03 03:06:00] [Epoch    36/  200] trn/loss 6.588e-01, trn/lr 2.773e-02, val/acc 6.976e-01, val/nll 8.756e-01
[2023-02-03 03:06:07] [Epoch    37/  200] trn/loss 6.434e-01, trn/lr 2.760e-02, val/acc 7.608e-01, val/nll 7.603e-01 (best_acc: 7.445e-01 -> 7.608e-01, test_acc: 7.521e-01, test_nll: 7.881e-01)
[2023-02-03 03:06:13] [Epoch    38/  200] trn/loss 6.541e-01, trn/lr 2.747e-02, val/acc 6.852e-01, val/nll 9.882e-01
[2023-02-03 03:06:19] [Epoch    39/  200] trn/loss 6.556e-01, trn/lr 2.734e-02, val/acc 6.530e-01, val/nll 1.014e+00
[2023-02-03 03:06:26] [Epoch    40/  200] trn/loss 6.607e-01, trn/lr 2.720e-02, val/acc 7.020e-01, val/nll 9.307e-01
[2023-02-03 03:06:32] [Epoch    41/  200] trn/loss 6.559e-01, trn/lr 2.707e-02, val/acc 6.898e-01, val/nll 9.447e-01
[2023-02-03 03:06:38] [Epoch    42/  200] trn/loss 6.339e-01, trn/lr 2.692e-02, val/acc 6.477e-01, val/nll 1.138e+00
[2023-02-03 03:06:44] [Epoch    43/  200] trn/loss 6.399e-01, trn/lr 2.678e-02, val/acc 7.377e-01, val/nll 7.661e-01
[2023-02-03 03:06:50] [Epoch    44/  200] trn/loss 6.396e-01, trn/lr 2.663e-02, val/acc 7.584e-01, val/nll 7.180e-01
[2023-02-03 03:06:57] [Epoch    45/  200] trn/loss 6.337e-01, trn/lr 2.648e-02, val/acc 6.483e-01, val/nll 1.299e+00
[2023-02-03 03:07:03] [Epoch    46/  200] trn/loss 6.243e-01, trn/lr 2.633e-02, val/acc 6.910e-01, val/nll 9.423e-01
[2023-02-03 03:07:09] [Epoch    47/  200] trn/loss 6.304e-01, trn/lr 2.617e-02, val/acc 6.961e-01, val/nll 9.271e-01
[2023-02-03 03:07:15] [Epoch    48/  200] trn/loss 6.370e-01, trn/lr 2.602e-02, val/acc 6.756e-01, val/nll 9.862e-01
[2023-02-03 03:07:21] [Epoch    49/  200] trn/loss 6.302e-01, trn/lr 2.585e-02, val/acc 6.821e-01, val/nll 9.364e-01
[2023-02-03 03:07:28] [Epoch    50/  200] trn/loss 6.390e-01, trn/lr 2.569e-02, val/acc 7.218e-01, val/nll 8.285e-01
[2023-02-03 03:07:34] [Epoch    51/  200] trn/loss 6.342e-01, trn/lr 2.552e-02, val/acc 7.223e-01, val/nll 8.190e-01
[2023-02-03 03:07:40] [Epoch    52/  200] trn/loss 6.352e-01, trn/lr 2.535e-02, val/acc 7.285e-01, val/nll 7.935e-01
[2023-02-03 03:07:46] [Epoch    53/  200] trn/loss 6.302e-01, trn/lr 2.518e-02, val/acc 6.658e-01, val/nll 1.084e+00
[2023-02-03 03:07:53] [Epoch    54/  200] trn/loss 6.412e-01, trn/lr 2.501e-02, val/acc 7.521e-01, val/nll 7.259e-01
[2023-02-03 03:07:59] [Epoch    55/  200] trn/loss 6.313e-01, trn/lr 2.483e-02, val/acc 7.364e-01, val/nll 7.780e-01
[2023-02-03 03:08:05] [Epoch    56/  200] trn/loss 6.293e-01, trn/lr 2.465e-02, val/acc 7.520e-01, val/nll 7.285e-01
[2023-02-03 03:08:11] [Epoch    57/  200] trn/loss 6.188e-01, trn/lr 2.447e-02, val/acc 7.321e-01, val/nll 7.777e-01
[2023-02-03 03:08:17] [Epoch    58/  200] trn/loss 6.086e-01, trn/lr 2.429e-02, val/acc 7.165e-01, val/nll 8.115e-01
[2023-02-03 03:08:24] [Epoch    59/  200] trn/loss 6.239e-01, trn/lr 2.410e-02, val/acc 7.283e-01, val/nll 8.359e-01
[2023-02-03 03:08:30] [Epoch    60/  200] trn/loss 6.169e-01, trn/lr 2.391e-02, val/acc 7.107e-01, val/nll 8.762e-01
[2023-02-03 03:08:37] [Epoch    61/  200] trn/loss 6.013e-01, trn/lr 2.372e-02, val/acc 7.709e-01, val/nll 6.801e-01 (best_acc: 7.608e-01 -> 7.709e-01, test_acc: 7.668e-01, test_nll: 6.903e-01)
[2023-02-03 03:08:43] [Epoch    62/  200] trn/loss 5.913e-01, trn/lr 2.353e-02, val/acc 7.461e-01, val/nll 7.585e-01
[2023-02-03 03:08:49] [Epoch    63/  200] trn/loss 5.936e-01, trn/lr 2.333e-02, val/acc 7.534e-01, val/nll 7.299e-01
[2023-02-03 03:08:55] [Epoch    64/  200] trn/loss 6.097e-01, trn/lr 2.314e-02, val/acc 7.471e-01, val/nll 7.835e-01
[2023-02-03 03:09:02] [Epoch    65/  200] trn/loss 5.987e-01, trn/lr 2.294e-02, val/acc 7.752e-01, val/nll 6.561e-01 (best_acc: 7.709e-01 -> 7.752e-01, test_acc: 7.677e-01, test_nll: 6.780e-01)
[2023-02-03 03:09:08] [Epoch    66/  200] trn/loss 6.077e-01, trn/lr 2.274e-02, val/acc 7.386e-01, val/nll 8.008e-01
[2023-02-03 03:09:14] [Epoch    67/  200] trn/loss 6.091e-01, trn/lr 2.253e-02, val/acc 7.201e-01, val/nll 8.851e-01
[2023-02-03 03:09:21] [Epoch    68/  200] trn/loss 5.870e-01, trn/lr 2.233e-02, val/acc 7.793e-01, val/nll 6.742e-01 (best_acc: 7.752e-01 -> 7.793e-01, test_acc: 7.680e-01, test_nll: 7.062e-01)
[2023-02-03 03:09:27] [Epoch    69/  200] trn/loss 5.858e-01, trn/lr 2.212e-02, val/acc 7.633e-01, val/nll 6.956e-01
[2023-02-03 03:09:33] [Epoch    70/  200] trn/loss 5.984e-01, trn/lr 2.192e-02, val/acc 7.407e-01, val/nll 7.842e-01
[2023-02-03 03:09:40] [Epoch    71/  200] trn/loss 5.902e-01, trn/lr 2.171e-02, val/acc 7.762e-01, val/nll 6.560e-01
[2023-02-03 03:09:46] [Epoch    72/  200] trn/loss 5.900e-01, trn/lr 2.149e-02, val/acc 7.441e-01, val/nll 7.907e-01
[2023-02-03 03:09:52] [Epoch    73/  200] trn/loss 5.729e-01, trn/lr 2.128e-02, val/acc 7.783e-01, val/nll 6.574e-01
[2023-02-03 03:09:58] [Epoch    74/  200] trn/loss 5.843e-01, trn/lr 2.107e-02, val/acc 7.634e-01, val/nll 7.110e-01
[2023-02-03 03:10:05] [Epoch    75/  200] trn/loss 5.821e-01, trn/lr 2.085e-02, val/acc 7.397e-01, val/nll 7.800e-01
[2023-02-03 03:10:11] [Epoch    76/  200] trn/loss 5.832e-01, trn/lr 2.063e-02, val/acc 7.783e-01, val/nll 6.434e-01
[2023-02-03 03:10:17] [Epoch    77/  200] trn/loss 5.723e-01, trn/lr 2.041e-02, val/acc 7.166e-01, val/nll 8.640e-01
[2023-02-03 03:10:23] [Epoch    78/  200] trn/loss 5.730e-01, trn/lr 2.019e-02, val/acc 7.418e-01, val/nll 7.838e-01
[2023-02-03 03:10:29] [Epoch    79/  200] trn/loss 5.792e-01, trn/lr 1.997e-02, val/acc 7.496e-01, val/nll 7.930e-01
[2023-02-03 03:10:36] [Epoch    80/  200] trn/loss 5.659e-01, trn/lr 1.975e-02, val/acc 7.323e-01, val/nll 8.023e-01
[2023-02-03 03:10:42] [Epoch    81/  200] trn/loss 5.590e-01, trn/lr 1.952e-02, val/acc 7.767e-01, val/nll 6.759e-01
[2023-02-03 03:10:48] [Epoch    82/  200] trn/loss 5.470e-01, trn/lr 1.930e-02, val/acc 7.595e-01, val/nll 6.861e-01
[2023-02-03 03:10:54] [Epoch    83/  200] trn/loss 5.572e-01, trn/lr 1.907e-02, val/acc 7.010e-01, val/nll 1.019e+00
[2023-02-03 03:11:01] [Epoch    84/  200] trn/loss 5.762e-01, trn/lr 1.885e-02, val/acc 7.027e-01, val/nll 9.725e-01
[2023-02-03 03:11:07] [Epoch    85/  200] trn/loss 5.502e-01, trn/lr 1.862e-02, val/acc 7.513e-01, val/nll 7.675e-01
[2023-02-03 03:11:13] [Epoch    86/  200] trn/loss 5.436e-01, trn/lr 1.839e-02, val/acc 7.756e-01, val/nll 6.710e-01
[2023-02-03 03:11:19] [Epoch    87/  200] trn/loss 5.602e-01, trn/lr 1.816e-02, val/acc 7.653e-01, val/nll 7.287e-01
[2023-02-03 03:11:25] [Epoch    88/  200] trn/loss 5.439e-01, trn/lr 1.793e-02, val/acc 7.617e-01, val/nll 6.879e-01
[2023-02-03 03:11:32] [Epoch    89/  200] trn/loss 5.323e-01, trn/lr 1.770e-02, val/acc 7.991e-01, val/nll 5.839e-01 (best_acc: 7.793e-01 -> 7.991e-01, test_acc: 7.974e-01, test_nll: 6.050e-01)
[2023-02-03 03:11:38] [Epoch    90/  200] trn/loss 5.273e-01, trn/lr 1.746e-02, val/acc 7.820e-01, val/nll 6.443e-01
[2023-02-03 03:11:45] [Epoch    91/  200] trn/loss 5.261e-01, trn/lr 1.723e-02, val/acc 7.632e-01, val/nll 7.061e-01
[2023-02-03 03:11:51] [Epoch    92/  200] trn/loss 5.374e-01, trn/lr 1.700e-02, val/acc 7.886e-01, val/nll 6.356e-01
[2023-02-03 03:11:57] [Epoch    93/  200] trn/loss 5.300e-01, trn/lr 1.676e-02, val/acc 7.750e-01, val/nll 6.698e-01
[2023-02-03 03:12:03] [Epoch    94/  200] trn/loss 5.262e-01, trn/lr 1.653e-02, val/acc 6.907e-01, val/nll 9.325e-01
[2023-02-03 03:12:09] [Epoch    95/  200] trn/loss 5.372e-01, trn/lr 1.630e-02, val/acc 7.771e-01, val/nll 6.605e-01
[2023-02-03 03:12:16] [Epoch    96/  200] trn/loss 5.209e-01, trn/lr 1.606e-02, val/acc 7.583e-01, val/nll 7.447e-01
[2023-02-03 03:12:22] [Epoch    97/  200] trn/loss 5.084e-01, trn/lr 1.582e-02, val/acc 7.861e-01, val/nll 6.324e-01
[2023-02-03 03:12:28] [Epoch    98/  200] trn/loss 5.099e-01, trn/lr 1.559e-02, val/acc 7.875e-01, val/nll 6.198e-01
[2023-02-03 03:12:34] [Epoch    99/  200] trn/loss 5.078e-01, trn/lr 1.535e-02, val/acc 7.706e-01, val/nll 6.627e-01
[2023-02-03 03:12:40] [Epoch   100/  200] trn/loss 5.029e-01, trn/lr 1.512e-02, val/acc 7.892e-01, val/nll 6.262e-01
[2023-02-03 03:12:47] [Epoch   101/  200] trn/loss 5.093e-01, trn/lr 1.488e-02, val/acc 7.841e-01, val/nll 6.477e-01
[2023-02-03 03:12:53] [Epoch   102/  200] trn/loss 4.936e-01, trn/lr 1.465e-02, val/acc 7.538e-01, val/nll 7.626e-01
[2023-02-03 03:12:59] [Epoch   103/  200] trn/loss 4.890e-01, trn/lr 1.441e-02, val/acc 7.822e-01, val/nll 6.629e-01
[2023-02-03 03:13:05] [Epoch   104/  200] trn/loss 4.996e-01, trn/lr 1.418e-02, val/acc 7.772e-01, val/nll 6.518e-01
[2023-02-03 03:13:11] [Epoch   105/  200] trn/loss 5.024e-01, trn/lr 1.394e-02, val/acc 7.987e-01, val/nll 5.842e-01
[2023-02-03 03:13:18] [Epoch   106/  200] trn/loss 4.897e-01, trn/lr 1.371e-02, val/acc 8.076e-01, val/nll 5.779e-01 (best_acc: 7.991e-01 -> 8.076e-01, test_acc: 8.022e-01, test_nll: 6.030e-01)
[2023-02-03 03:13:24] [Epoch   107/  200] trn/loss 4.838e-01, trn/lr 1.347e-02, val/acc 7.907e-01, val/nll 6.053e-01
[2023-02-03 03:13:31] [Epoch   108/  200] trn/loss 4.782e-01, trn/lr 1.324e-02, val/acc 7.930e-01, val/nll 6.212e-01
[2023-02-03 03:13:37] [Epoch   109/  200] trn/loss 4.684e-01, trn/lr 1.300e-02, val/acc 7.854e-01, val/nll 6.540e-01
[2023-02-03 03:13:43] [Epoch   110/  200] trn/loss 4.664e-01, trn/lr 1.277e-02, val/acc 7.947e-01, val/nll 6.058e-01
[2023-02-03 03:13:50] [Epoch   111/  200] trn/loss 4.827e-01, trn/lr 1.254e-02, val/acc 8.083e-01, val/nll 5.730e-01 (best_acc: 8.076e-01 -> 8.083e-01, test_acc: 7.969e-01, test_nll: 6.008e-01)
[2023-02-03 03:13:56] [Epoch   112/  200] trn/loss 4.791e-01, trn/lr 1.231e-02, val/acc 8.121e-01, val/nll 5.666e-01 (best_acc: 8.083e-01 -> 8.121e-01, test_acc: 8.055e-01, test_nll: 5.749e-01)
[2023-02-03 03:14:03] [Epoch   113/  200] trn/loss 4.705e-01, trn/lr 1.207e-02, val/acc 8.194e-01, val/nll 5.413e-01 (best_acc: 8.121e-01 -> 8.194e-01, test_acc: 8.110e-01, test_nll: 5.642e-01)
[2023-02-03 03:14:10] [Epoch   114/  200] trn/loss 4.486e-01, trn/lr 1.184e-02, val/acc 8.256e-01, val/nll 4.980e-01 (best_acc: 8.194e-01 -> 8.256e-01, test_acc: 8.289e-01, test_nll: 5.018e-01)
[2023-02-03 03:14:16] [Epoch   115/  200] trn/loss 4.444e-01, trn/lr 1.161e-02, val/acc 8.149e-01, val/nll 5.489e-01
[2023-02-03 03:14:22] [Epoch   116/  200] trn/loss 4.483e-01, trn/lr 1.138e-02, val/acc 8.102e-01, val/nll 5.574e-01
[2023-02-03 03:14:28] [Epoch   117/  200] trn/loss 4.490e-01, trn/lr 1.116e-02, val/acc 7.787e-01, val/nll 6.563e-01
[2023-02-03 03:14:35] [Epoch   118/  200] trn/loss 4.416e-01, trn/lr 1.093e-02, val/acc 8.173e-01, val/nll 5.566e-01
[2023-02-03 03:14:41] [Epoch   119/  200] trn/loss 4.372e-01, trn/lr 1.070e-02, val/acc 8.246e-01, val/nll 5.072e-01
[2023-02-03 03:14:47] [Epoch   120/  200] trn/loss 4.398e-01, trn/lr 1.048e-02, val/acc 7.956e-01, val/nll 6.084e-01
[2023-02-03 03:14:53] [Epoch   121/  200] trn/loss 4.269e-01, trn/lr 1.025e-02, val/acc 8.027e-01, val/nll 5.892e-01
[2023-02-03 03:14:59] [Epoch   122/  200] trn/loss 4.222e-01, trn/lr 1.003e-02, val/acc 8.249e-01, val/nll 5.246e-01
[2023-02-03 03:15:06] [Epoch   123/  200] trn/loss 4.190e-01, trn/lr 9.809e-03, val/acc 8.345e-01, val/nll 4.868e-01 (best_acc: 8.256e-01 -> 8.345e-01, test_acc: 8.233e-01, test_nll: 5.168e-01)
[2023-02-03 03:15:12] [Epoch   124/  200] trn/loss 4.205e-01, trn/lr 9.589e-03, val/acc 8.248e-01, val/nll 5.191e-01
[2023-02-03 03:15:18] [Epoch   125/  200] trn/loss 4.156e-01, trn/lr 9.370e-03, val/acc 7.996e-01, val/nll 6.040e-01
[2023-02-03 03:15:25] [Epoch   126/  200] trn/loss 4.036e-01, trn/lr 9.152e-03, val/acc 8.124e-01, val/nll 5.687e-01
[2023-02-03 03:15:31] [Epoch   127/  200] trn/loss 3.936e-01, trn/lr 8.936e-03, val/acc 8.113e-01, val/nll 5.548e-01
[2023-02-03 03:15:37] [Epoch   128/  200] trn/loss 4.093e-01, trn/lr 8.721e-03, val/acc 8.152e-01, val/nll 5.622e-01
[2023-02-03 03:15:44] [Epoch   129/  200] trn/loss 4.131e-01, trn/lr 8.508e-03, val/acc 8.361e-01, val/nll 4.918e-01 (best_acc: 8.345e-01 -> 8.361e-01, test_acc: 8.329e-01, test_nll: 4.936e-01)
[2023-02-03 03:15:50] [Epoch   130/  200] trn/loss 4.021e-01, trn/lr 8.296e-03, val/acc 8.364e-01, val/nll 5.017e-01 (best_acc: 8.361e-01 -> 8.364e-01, test_acc: 8.300e-01, test_nll: 5.260e-01)
[2023-02-03 03:15:57] [Epoch   131/  200] trn/loss 3.890e-01, trn/lr 8.086e-03, val/acc 8.157e-01, val/nll 5.589e-01
[2023-02-03 03:16:03] [Epoch   132/  200] trn/loss 3.988e-01, trn/lr 7.878e-03, val/acc 8.278e-01, val/nll 4.966e-01
[2023-02-03 03:16:09] [Epoch   133/  200] trn/loss 3.829e-01, trn/lr 7.671e-03, val/acc 8.386e-01, val/nll 4.851e-01 (best_acc: 8.364e-01 -> 8.386e-01, test_acc: 8.359e-01, test_nll: 4.899e-01)
[2023-02-03 03:16:16] [Epoch   134/  200] trn/loss 3.739e-01, trn/lr 7.467e-03, val/acc 8.363e-01, val/nll 4.885e-01
[2023-02-03 03:16:22] [Epoch   135/  200] trn/loss 3.725e-01, trn/lr 7.264e-03, val/acc 8.513e-01, val/nll 4.582e-01 (best_acc: 8.386e-01 -> 8.513e-01, test_acc: 8.414e-01, test_nll: 4.682e-01)
[2023-02-03 03:16:29] [Epoch   136/  200] trn/loss 3.630e-01, trn/lr 7.063e-03, val/acc 8.395e-01, val/nll 4.679e-01
[2023-02-03 03:16:35] [Epoch   137/  200] trn/loss 3.622e-01, trn/lr 6.864e-03, val/acc 8.435e-01, val/nll 4.751e-01
[2023-02-03 03:16:41] [Epoch   138/  200] trn/loss 3.621e-01, trn/lr 6.667e-03, val/acc 8.397e-01, val/nll 4.750e-01
[2023-02-03 03:16:48] [Epoch   139/  200] trn/loss 3.520e-01, trn/lr 6.472e-03, val/acc 8.604e-01, val/nll 4.107e-01 (best_acc: 8.513e-01 -> 8.604e-01, test_acc: 8.553e-01, test_nll: 4.287e-01)
[2023-02-03 03:16:54] [Epoch   140/  200] trn/loss 3.368e-01, trn/lr 6.279e-03, val/acc 8.429e-01, val/nll 4.908e-01
[2023-02-03 03:17:00] [Epoch   141/  200] trn/loss 3.286e-01, trn/lr 6.089e-03, val/acc 8.592e-01, val/nll 4.235e-01
[2023-02-03 03:17:06] [Epoch   142/  200] trn/loss 3.354e-01, trn/lr 5.900e-03, val/acc 8.573e-01, val/nll 4.126e-01
[2023-02-03 03:17:12] [Epoch   143/  200] trn/loss 3.226e-01, trn/lr 5.714e-03, val/acc 8.565e-01, val/nll 4.353e-01
[2023-02-03 03:17:19] [Epoch   144/  200] trn/loss 3.210e-01, trn/lr 5.530e-03, val/acc 8.529e-01, val/nll 4.243e-01
[2023-02-03 03:17:25] [Epoch   145/  200] trn/loss 3.094e-01, trn/lr 5.349e-03, val/acc 8.511e-01, val/nll 4.597e-01
[2023-02-03 03:17:32] [Epoch   146/  200] trn/loss 3.059e-01, trn/lr 5.170e-03, val/acc 8.644e-01, val/nll 3.998e-01 (best_acc: 8.604e-01 -> 8.644e-01, test_acc: 8.580e-01, test_nll: 4.185e-01)
[2023-02-03 03:17:38] [Epoch   147/  200] trn/loss 3.108e-01, trn/lr 4.993e-03, val/acc 8.533e-01, val/nll 4.371e-01
[2023-02-03 03:17:44] [Epoch   148/  200] trn/loss 3.162e-01, trn/lr 4.819e-03, val/acc 8.278e-01, val/nll 5.328e-01
[2023-02-03 03:17:50] [Epoch   149/  200] trn/loss 2.973e-01, trn/lr 4.647e-03, val/acc 8.515e-01, val/nll 4.620e-01
[2023-02-03 03:17:57] [Epoch   150/  200] trn/loss 2.936e-01, trn/lr 4.478e-03, val/acc 8.666e-01, val/nll 3.969e-01 (best_acc: 8.644e-01 -> 8.666e-01, test_acc: 8.648e-01, test_nll: 4.039e-01)
[2023-02-03 03:18:03] [Epoch   151/  200] trn/loss 2.825e-01, trn/lr 4.311e-03, val/acc 8.648e-01, val/nll 4.050e-01
[2023-02-03 03:18:09] [Epoch   152/  200] trn/loss 2.823e-01, trn/lr 4.147e-03, val/acc 8.582e-01, val/nll 4.307e-01
[2023-02-03 03:18:16] [Epoch   153/  200] trn/loss 2.752e-01, trn/lr 3.986e-03, val/acc 8.718e-01, val/nll 3.851e-01 (best_acc: 8.666e-01 -> 8.718e-01, test_acc: 8.633e-01, test_nll: 4.163e-01)
[2023-02-03 03:18:22] [Epoch   154/  200] trn/loss 2.677e-01, trn/lr 3.827e-03, val/acc 8.642e-01, val/nll 4.174e-01
[2023-02-03 03:18:28] [Epoch   155/  200] trn/loss 2.632e-01, trn/lr 3.671e-03, val/acc 8.574e-01, val/nll 4.262e-01
[2023-02-03 03:18:35] [Epoch   156/  200] trn/loss 2.626e-01, trn/lr 3.518e-03, val/acc 8.801e-01, val/nll 3.743e-01 (best_acc: 8.718e-01 -> 8.801e-01, test_acc: 8.659e-01, test_nll: 4.166e-01)
[2023-02-03 03:18:41] [Epoch   157/  200] trn/loss 2.530e-01, trn/lr 3.368e-03, val/acc 8.722e-01, val/nll 3.864e-01
[2023-02-03 03:18:47] [Epoch   158/  200] trn/loss 2.428e-01, trn/lr 3.221e-03, val/acc 8.756e-01, val/nll 3.848e-01
[2023-02-03 03:18:54] [Epoch   159/  200] trn/loss 2.352e-01, trn/lr 3.076e-03, val/acc 8.837e-01, val/nll 3.494e-01 (best_acc: 8.801e-01 -> 8.837e-01, test_acc: 8.796e-01, test_nll: 3.797e-01)
[2023-02-03 03:19:00] [Epoch   160/  200] trn/loss 2.314e-01, trn/lr 2.935e-03, val/acc 8.783e-01, val/nll 3.718e-01
[2023-02-03 03:19:07] [Epoch   161/  200] trn/loss 2.290e-01, trn/lr 2.796e-03, val/acc 8.843e-01, val/nll 3.699e-01 (best_acc: 8.837e-01 -> 8.843e-01, test_acc: 8.730e-01, test_nll: 3.920e-01)
[2023-02-03 03:19:14] [Epoch   162/  200] trn/loss 2.192e-01, trn/lr 2.661e-03, val/acc 8.876e-01, val/nll 3.391e-01 (best_acc: 8.843e-01 -> 8.876e-01, test_acc: 8.796e-01, test_nll: 3.654e-01)
[2023-02-03 03:19:20] [Epoch   163/  200] trn/loss 2.135e-01, trn/lr 2.528e-03, val/acc 8.924e-01, val/nll 3.265e-01 (best_acc: 8.876e-01 -> 8.924e-01, test_acc: 8.863e-01, test_nll: 3.530e-01)
[2023-02-03 03:19:27] [Epoch   164/  200] trn/loss 2.036e-01, trn/lr 2.399e-03, val/acc 8.864e-01, val/nll 3.518e-01
[2023-02-03 03:19:33] [Epoch   165/  200] trn/loss 1.956e-01, trn/lr 2.273e-03, val/acc 8.883e-01, val/nll 3.432e-01
[2023-02-03 03:19:39] [Epoch   166/  200] trn/loss 1.911e-01, trn/lr 2.150e-03, val/acc 8.829e-01, val/nll 3.599e-01
[2023-02-03 03:19:46] [Epoch   167/  200] trn/loss 1.846e-01, trn/lr 2.030e-03, val/acc 8.941e-01, val/nll 3.156e-01 (best_acc: 8.924e-01 -> 8.941e-01, test_acc: 8.901e-01, test_nll: 3.425e-01)
[2023-02-03 03:19:52] [Epoch   168/  200] trn/loss 1.719e-01, trn/lr 1.913e-03, val/acc 8.910e-01, val/nll 3.321e-01
[2023-02-03 03:19:59] [Epoch   169/  200] trn/loss 1.633e-01, trn/lr 1.800e-03, val/acc 8.971e-01, val/nll 3.192e-01 (best_acc: 8.941e-01 -> 8.971e-01, test_acc: 8.932e-01, test_nll: 3.382e-01)
[2023-02-03 03:20:05] [Epoch   170/  200] trn/loss 1.667e-01, trn/lr 1.689e-03, val/acc 8.936e-01, val/nll 3.342e-01
[2023-02-03 03:20:11] [Epoch   171/  200] trn/loss 1.582e-01, trn/lr 1.582e-03, val/acc 8.959e-01, val/nll 3.229e-01
[2023-02-03 03:20:18] [Epoch   172/  200] trn/loss 1.508e-01, trn/lr 1.479e-03, val/acc 8.989e-01, val/nll 3.113e-01 (best_acc: 8.971e-01 -> 8.989e-01, test_acc: 8.947e-01, test_nll: 3.400e-01)
[2023-02-03 03:20:24] [Epoch   173/  200] trn/loss 1.396e-01, trn/lr 1.378e-03, val/acc 8.991e-01, val/nll 3.205e-01 (best_acc: 8.989e-01 -> 8.991e-01, test_acc: 8.974e-01, test_nll: 3.433e-01)
[2023-02-03 03:20:31] [Epoch   174/  200] trn/loss 1.382e-01, trn/lr 1.281e-03, val/acc 8.987e-01, val/nll 3.175e-01
[2023-02-03 03:20:37] [Epoch   175/  200] trn/loss 1.277e-01, trn/lr 1.188e-03, val/acc 8.963e-01, val/nll 3.256e-01
[2023-02-03 03:20:43] [Epoch   176/  200] trn/loss 1.200e-01, trn/lr 1.098e-03, val/acc 9.013e-01, val/nll 3.205e-01 (best_acc: 8.991e-01 -> 9.013e-01, test_acc: 8.931e-01, test_nll: 3.487e-01)
[2023-02-03 03:20:50] [Epoch   177/  200] trn/loss 1.149e-01, trn/lr 1.011e-03, val/acc 8.993e-01, val/nll 3.144e-01
[2023-02-03 03:20:56] [Epoch   178/  200] trn/loss 1.044e-01, trn/lr 9.275e-04, val/acc 9.034e-01, val/nll 3.008e-01 (best_acc: 9.013e-01 -> 9.034e-01, test_acc: 9.024e-01, test_nll: 3.200e-01)
[2023-02-03 03:21:03] [Epoch   179/  200] trn/loss 9.939e-02, trn/lr 8.477e-04, val/acc 9.079e-01, val/nll 2.948e-01 (best_acc: 9.034e-01 -> 9.079e-01, test_acc: 9.049e-01, test_nll: 3.132e-01)
[2023-02-03 03:21:09] [Epoch   180/  200] trn/loss 9.358e-02, trn/lr 7.714e-04, val/acc 9.070e-01, val/nll 2.900e-01
[2023-02-03 03:21:16] [Epoch   181/  200] trn/loss 8.623e-02, trn/lr 6.986e-04, val/acc 9.094e-01, val/nll 3.011e-01 (best_acc: 9.079e-01 -> 9.094e-01, test_acc: 9.016e-01, test_nll: 3.201e-01)
[2023-02-03 03:21:22] [Epoch   182/  200] trn/loss 7.776e-02, trn/lr 6.293e-04, val/acc 9.061e-01, val/nll 3.036e-01
[2023-02-03 03:21:29] [Epoch   183/  200] trn/loss 7.394e-02, trn/lr 5.635e-04, val/acc 9.100e-01, val/nll 2.968e-01 (best_acc: 9.094e-01 -> 9.100e-01, test_acc: 9.050e-01, test_nll: 3.218e-01)
[2023-02-03 03:21:35] [Epoch   184/  200] trn/loss 7.043e-02, trn/lr 5.013e-04, val/acc 9.097e-01, val/nll 2.951e-01
[2023-02-03 03:21:42] [Epoch   185/  200] trn/loss 6.539e-02, trn/lr 4.427e-04, val/acc 9.119e-01, val/nll 2.917e-01 (best_acc: 9.100e-01 -> 9.119e-01, test_acc: 9.066e-01, test_nll: 3.117e-01)
[2023-02-03 03:21:48] [Epoch   186/  200] trn/loss 5.922e-02, trn/lr 3.877e-04, val/acc 9.117e-01, val/nll 2.882e-01
[2023-02-03 03:21:55] [Epoch   187/  200] trn/loss 5.650e-02, trn/lr 3.363e-04, val/acc 9.134e-01, val/nll 2.910e-01 (best_acc: 9.119e-01 -> 9.134e-01, test_acc: 9.099e-01, test_nll: 3.083e-01)
[2023-02-03 03:22:01] [Epoch   188/  200] trn/loss 5.269e-02, trn/lr 2.885e-04, val/acc 9.093e-01, val/nll 2.964e-01
[2023-02-03 03:22:07] [Epoch   189/  200] trn/loss 4.810e-02, trn/lr 2.444e-04, val/acc 9.119e-01, val/nll 2.901e-01
[2023-02-03 03:22:13] [Epoch   190/  200] trn/loss 4.751e-02, trn/lr 2.038e-04, val/acc 9.129e-01, val/nll 2.915e-01
[2023-02-03 03:22:20] [Epoch   191/  200] trn/loss 4.426e-02, trn/lr 1.670e-04, val/acc 9.135e-01, val/nll 2.879e-01 (best_acc: 9.134e-01 -> 9.135e-01, test_acc: 9.088e-01, test_nll: 3.099e-01)
[2023-02-03 03:22:26] [Epoch   192/  200] trn/loss 4.365e-02, trn/lr 1.338e-04, val/acc 9.148e-01, val/nll 2.814e-01 (best_acc: 9.135e-01 -> 9.148e-01, test_acc: 9.087e-01, test_nll: 3.082e-01)
[2023-02-03 03:22:33] [Epoch   193/  200] trn/loss 4.101e-02, trn/lr 1.042e-04, val/acc 9.152e-01, val/nll 2.840e-01 (best_acc: 9.148e-01 -> 9.152e-01, test_acc: 9.121e-01, test_nll: 3.102e-01)
[2023-02-03 03:22:40] [Epoch   194/  200] trn/loss 4.015e-02, trn/lr 7.835e-05, val/acc 9.158e-01, val/nll 2.844e-01 (best_acc: 9.152e-01 -> 9.158e-01, test_acc: 9.122e-01, test_nll: 3.081e-01)
[2023-02-03 03:22:47] [Epoch   195/  200] trn/loss 3.945e-02, trn/lr 5.616e-05, val/acc 9.159e-01, val/nll 2.838e-01 (best_acc: 9.158e-01 -> 9.159e-01, test_acc: 9.109e-01, test_nll: 3.080e-01)
[2023-02-03 03:22:53] [Epoch   196/  200] trn/loss 3.816e-02, trn/lr 3.766e-05, val/acc 9.148e-01, val/nll 2.844e-01
[2023-02-03 03:22:59] [Epoch   197/  200] trn/loss 3.774e-02, trn/lr 2.286e-05, val/acc 9.154e-01, val/nll 2.839e-01
[2023-02-03 03:23:05] [Epoch   198/  200] trn/loss 3.813e-02, trn/lr 1.175e-05, val/acc 9.153e-01, val/nll 2.834e-01
[2023-02-03 03:23:11] [Epoch   199/  200] trn/loss 3.798e-02, trn/lr 4.335e-06, val/acc 9.146e-01, val/nll 2.844e-01
[2023-02-03 03:23:18] [Epoch   200/  200] trn/loss 3.681e-02, trn/lr 6.226e-07, val/acc 9.135e-01, val/nll 2.860e-01
