[2023-02-08 08:54:00] Environments:
------------  ------------------------------------------------------------
sys.platform  linux
Python        3.8.10 (default, Nov 14 2022, 12:59:47) [GCC 9.4.0]
JAX           0.4.2 @/home/giung/.local/lib/python3.8/site-packages/jax
jaxlib        0.4.2 @/home/giung/.local/lib/python3.8/site-packages/jaxlib
Flax          0.6.4 @/home/giung/.local/lib/python3.8/site-packages/flax
Optax         0.1.4 @/home/giung/.local/lib/python3.8/site-packages/optax
------------  ------------------------------------------------------------

[2023-02-08 08:54:00] Command line arguments:
- args.data_root          : ./data/
- args.data_name          : CIFAR10_x32
- args.data_augmentation  : standard
- args.data_proportional  : 1.0
- args.model_depth        : 20
- args.model_width        : 4
- args.model_style        : BN-ReLU
- args.optim_bs           : 256
- args.optim_ne           : 200
- args.optim_lr           : 0.0003
- args.optim_b1           : 0.7
- args.optim_b2           : 0.999
- args.optim_eps          : 1e-08
- args.optim_weight_decay : 0.001
- args.rho                : 0.1
- args.save               : /home/giung/giung2-dev/projects/sam/save/CIFAR10_x32/R20x4-BN-ReLU/SAM-Adam/bs-0256_ne-0200_lr-0.0003_b1-0.7000_b2-0.9990_wd-0.0010_rho-0.1000_fp32/42
- args.seed               : 42
- args.precision          : fp32

[2023-02-08 08:54:15] Multiple local devices are detected:
[TpuDevice(id=0, process_index=0, coords=(0,0,0), core_on_chip=0), TpuDevice(id=1, process_index=0, coords=(0,0,0), core_on_chip=1), TpuDevice(id=2, process_index=0, coords=(1,0,0), core_on_chip=0), TpuDevice(id=3, process_index=0, coords=(1,0,0), core_on_chip=1), TpuDevice(id=4, process_index=0, coords=(0,1,0), core_on_chip=0), TpuDevice(id=5, process_index=0, coords=(0,1,0), core_on_chip=1), TpuDevice(id=6, process_index=0, coords=(1,1,0), core_on_chip=0), TpuDevice(id=7, process_index=0, coords=(1,1,0), core_on_chip=1)]

[2023-02-08 08:55:15] [Epoch     1/  200] trn/loss 1.607e+00, trn/lr 3.000e-04, val/acc 5.025e-01, val/nll 1.361e+00 (best_acc: 0.000e+00 -> 5.025e-01, test_acc: 4.979e-01, test_nll: 1.370e+00)
[2023-02-08 08:55:23] [Epoch     2/  200] trn/loss 1.194e+00, trn/lr 3.000e-04, val/acc 5.551e-01, val/nll 1.224e+00 (best_acc: 5.025e-01 -> 5.551e-01, test_acc: 5.502e-01, test_nll: 1.237e+00)
[2023-02-08 08:55:32] [Epoch     3/  200] trn/loss 9.902e-01, trn/lr 2.999e-04, val/acc 6.723e-01, val/nll 9.091e-01 (best_acc: 5.551e-01 -> 6.723e-01, test_acc: 6.720e-01, test_nll: 9.289e-01)
[2023-02-08 08:55:40] [Epoch     4/  200] trn/loss 8.465e-01, trn/lr 2.998e-04, val/acc 7.207e-01, val/nll 7.855e-01 (best_acc: 6.723e-01 -> 7.207e-01, test_acc: 7.218e-01, test_nll: 7.893e-01)
[2023-02-08 08:55:48] [Epoch     5/  200] trn/loss 7.347e-01, trn/lr 2.996e-04, val/acc 7.467e-01, val/nll 7.441e-01 (best_acc: 7.207e-01 -> 7.467e-01, test_acc: 7.394e-01, test_nll: 7.560e-01)
[2023-02-08 08:55:57] [Epoch     6/  200] trn/loss 6.566e-01, trn/lr 2.994e-04, val/acc 7.642e-01, val/nll 6.817e-01 (best_acc: 7.467e-01 -> 7.642e-01, test_acc: 7.662e-01, test_nll: 6.931e-01)
[2023-02-08 08:56:05] [Epoch     7/  200] trn/loss 6.040e-01, trn/lr 2.992e-04, val/acc 7.793e-01, val/nll 6.435e-01 (best_acc: 7.642e-01 -> 7.793e-01, test_acc: 7.751e-01, test_nll: 6.617e-01)
[2023-02-08 08:56:12] [Epoch     8/  200] trn/loss 5.589e-01, trn/lr 2.990e-04, val/acc 7.302e-01, val/nll 8.437e-01
[2023-02-08 08:56:21] [Epoch     9/  200] trn/loss 5.102e-01, trn/lr 2.987e-04, val/acc 8.011e-01, val/nll 5.757e-01 (best_acc: 7.793e-01 -> 8.011e-01, test_acc: 7.945e-01, test_nll: 5.959e-01)
[2023-02-08 08:56:28] [Epoch    10/  200] trn/loss 4.806e-01, trn/lr 2.983e-04, val/acc 7.962e-01, val/nll 5.990e-01
[2023-02-08 08:56:36] [Epoch    11/  200] trn/loss 4.524e-01, trn/lr 2.980e-04, val/acc 8.240e-01, val/nll 5.152e-01 (best_acc: 8.011e-01 -> 8.240e-01, test_acc: 8.194e-01, test_nll: 5.272e-01)
[2023-02-08 08:56:44] [Epoch    12/  200] trn/loss 4.310e-01, trn/lr 2.976e-04, val/acc 8.369e-01, val/nll 4.706e-01 (best_acc: 8.240e-01 -> 8.369e-01, test_acc: 8.340e-01, test_nll: 4.854e-01)
[2023-02-08 08:56:52] [Epoch    13/  200] trn/loss 4.088e-01, trn/lr 2.971e-04, val/acc 8.150e-01, val/nll 5.572e-01
[2023-02-08 08:56:59] [Epoch    14/  200] trn/loss 3.896e-01, trn/lr 2.966e-04, val/acc 8.171e-01, val/nll 5.393e-01
[2023-02-08 08:57:06] [Epoch    15/  200] trn/loss 3.668e-01, trn/lr 2.961e-04, val/acc 8.259e-01, val/nll 5.154e-01
[2023-02-08 08:57:15] [Epoch    16/  200] trn/loss 3.553e-01, trn/lr 2.956e-04, val/acc 8.394e-01, val/nll 4.891e-01 (best_acc: 8.369e-01 -> 8.394e-01, test_acc: 8.361e-01, test_nll: 5.083e-01)
[2023-02-08 08:57:23] [Epoch    17/  200] trn/loss 3.359e-01, trn/lr 2.950e-04, val/acc 8.702e-01, val/nll 3.824e-01 (best_acc: 8.394e-01 -> 8.702e-01, test_acc: 8.633e-01, test_nll: 4.002e-01)
[2023-02-08 08:57:30] [Epoch    18/  200] trn/loss 3.211e-01, trn/lr 2.944e-04, val/acc 8.272e-01, val/nll 5.074e-01
[2023-02-08 08:57:37] [Epoch    19/  200] trn/loss 3.079e-01, trn/lr 2.937e-04, val/acc 8.621e-01, val/nll 4.011e-01
[2023-02-08 08:57:46] [Epoch    20/  200] trn/loss 2.990e-01, trn/lr 2.930e-04, val/acc 8.785e-01, val/nll 3.510e-01 (best_acc: 8.702e-01 -> 8.785e-01, test_acc: 8.766e-01, test_nll: 3.629e-01)
[2023-02-08 08:57:53] [Epoch    21/  200] trn/loss 2.857e-01, trn/lr 2.923e-04, val/acc 8.500e-01, val/nll 4.410e-01
[2023-02-08 08:58:00] [Epoch    22/  200] trn/loss 2.793e-01, trn/lr 2.915e-04, val/acc 8.665e-01, val/nll 3.903e-01
[2023-02-08 08:58:08] [Epoch    23/  200] trn/loss 2.741e-01, trn/lr 2.907e-04, val/acc 8.694e-01, val/nll 3.893e-01
[2023-02-08 08:58:15] [Epoch    24/  200] trn/loss 2.638e-01, trn/lr 2.899e-04, val/acc 8.756e-01, val/nll 3.866e-01
[2023-02-08 08:58:23] [Epoch    25/  200] trn/loss 2.520e-01, trn/lr 2.890e-04, val/acc 8.881e-01, val/nll 3.278e-01 (best_acc: 8.785e-01 -> 8.881e-01, test_acc: 8.851e-01, test_nll: 3.405e-01)
[2023-02-08 08:58:31] [Epoch    26/  200] trn/loss 2.427e-01, trn/lr 2.881e-04, val/acc 8.825e-01, val/nll 3.441e-01
[2023-02-08 08:58:38] [Epoch    27/  200] trn/loss 2.378e-01, trn/lr 2.872e-04, val/acc 8.600e-01, val/nll 4.087e-01
[2023-02-08 08:58:46] [Epoch    28/  200] trn/loss 2.307e-01, trn/lr 2.862e-04, val/acc 8.909e-01, val/nll 3.224e-01 (best_acc: 8.881e-01 -> 8.909e-01, test_acc: 8.851e-01, test_nll: 3.347e-01)
[2023-02-08 08:58:54] [Epoch    29/  200] trn/loss 2.261e-01, trn/lr 2.852e-04, val/acc 8.910e-01, val/nll 3.236e-01 (best_acc: 8.909e-01 -> 8.910e-01, test_acc: 8.848e-01, test_nll: 3.393e-01)
[2023-02-08 08:59:02] [Epoch    30/  200] trn/loss 2.124e-01, trn/lr 2.842e-04, val/acc 8.712e-01, val/nll 3.827e-01
[2023-02-08 08:59:10] [Epoch    31/  200] trn/loss 2.115e-01, trn/lr 2.831e-04, val/acc 8.968e-01, val/nll 2.997e-01 (best_acc: 8.910e-01 -> 8.968e-01, test_acc: 8.976e-01, test_nll: 2.999e-01)
[2023-02-08 08:59:17] [Epoch    32/  200] trn/loss 2.036e-01, trn/lr 2.820e-04, val/acc 8.731e-01, val/nll 3.756e-01
[2023-02-08 08:59:25] [Epoch    33/  200] trn/loss 1.976e-01, trn/lr 2.809e-04, val/acc 9.042e-01, val/nll 2.869e-01 (best_acc: 8.968e-01 -> 9.042e-01, test_acc: 8.965e-01, test_nll: 3.070e-01)
[2023-02-08 08:59:33] [Epoch    34/  200] trn/loss 1.910e-01, trn/lr 2.797e-04, val/acc 8.850e-01, val/nll 3.344e-01
[2023-02-08 08:59:40] [Epoch    35/  200] trn/loss 1.902e-01, trn/lr 2.785e-04, val/acc 8.944e-01, val/nll 3.070e-01
[2023-02-08 08:59:47] [Epoch    36/  200] trn/loss 1.878e-01, trn/lr 2.773e-04, val/acc 9.013e-01, val/nll 2.901e-01
[2023-02-08 08:59:55] [Epoch    37/  200] trn/loss 1.758e-01, trn/lr 2.760e-04, val/acc 8.876e-01, val/nll 3.305e-01
[2023-02-08 09:00:02] [Epoch    38/  200] trn/loss 1.736e-01, trn/lr 2.747e-04, val/acc 9.037e-01, val/nll 2.933e-01
[2023-02-08 09:00:09] [Epoch    39/  200] trn/loss 1.708e-01, trn/lr 2.734e-04, val/acc 8.979e-01, val/nll 3.040e-01
[2023-02-08 09:00:16] [Epoch    40/  200] trn/loss 1.648e-01, trn/lr 2.720e-04, val/acc 8.824e-01, val/nll 3.531e-01
[2023-02-08 09:00:24] [Epoch    41/  200] trn/loss 1.600e-01, trn/lr 2.707e-04, val/acc 8.973e-01, val/nll 3.076e-01
[2023-02-08 09:00:32] [Epoch    42/  200] trn/loss 1.576e-01, trn/lr 2.692e-04, val/acc 9.073e-01, val/nll 2.818e-01 (best_acc: 9.042e-01 -> 9.073e-01, test_acc: 8.991e-01, test_nll: 2.855e-01)
[2023-02-08 09:00:39] [Epoch    43/  200] trn/loss 1.536e-01, trn/lr 2.678e-04, val/acc 8.836e-01, val/nll 3.417e-01
[2023-02-08 09:00:47] [Epoch    44/  200] trn/loss 1.492e-01, trn/lr 2.663e-04, val/acc 9.095e-01, val/nll 2.623e-01 (best_acc: 9.073e-01 -> 9.095e-01, test_acc: 9.054e-01, test_nll: 2.746e-01)
[2023-02-08 09:00:55] [Epoch    45/  200] trn/loss 1.479e-01, trn/lr 2.648e-04, val/acc 9.149e-01, val/nll 2.590e-01 (best_acc: 9.095e-01 -> 9.149e-01, test_acc: 9.091e-01, test_nll: 2.692e-01)
[2023-02-08 09:01:03] [Epoch    46/  200] trn/loss 1.410e-01, trn/lr 2.633e-04, val/acc 9.031e-01, val/nll 2.854e-01
[2023-02-08 09:01:10] [Epoch    47/  200] trn/loss 1.385e-01, trn/lr 2.617e-04, val/acc 9.127e-01, val/nll 2.596e-01
[2023-02-08 09:01:17] [Epoch    48/  200] trn/loss 1.371e-01, trn/lr 2.602e-04, val/acc 9.045e-01, val/nll 2.786e-01
[2023-02-08 09:01:25] [Epoch    49/  200] trn/loss 1.345e-01, trn/lr 2.585e-04, val/acc 8.960e-01, val/nll 2.975e-01
[2023-02-08 09:01:33] [Epoch    50/  200] trn/loss 1.297e-01, trn/lr 2.569e-04, val/acc 9.174e-01, val/nll 2.495e-01 (best_acc: 9.149e-01 -> 9.174e-01, test_acc: 9.124e-01, test_nll: 2.564e-01)
[2023-02-08 09:01:40] [Epoch    51/  200] trn/loss 1.240e-01, trn/lr 2.552e-04, val/acc 9.138e-01, val/nll 2.573e-01
[2023-02-08 09:01:48] [Epoch    52/  200] trn/loss 1.227e-01, trn/lr 2.535e-04, val/acc 9.184e-01, val/nll 2.412e-01 (best_acc: 9.174e-01 -> 9.184e-01, test_acc: 9.143e-01, test_nll: 2.575e-01)
[2023-02-08 09:01:56] [Epoch    53/  200] trn/loss 1.196e-01, trn/lr 2.518e-04, val/acc 9.127e-01, val/nll 2.558e-01
[2023-02-08 09:02:04] [Epoch    54/  200] trn/loss 1.160e-01, trn/lr 2.501e-04, val/acc 9.225e-01, val/nll 2.302e-01 (best_acc: 9.184e-01 -> 9.225e-01, test_acc: 9.162e-01, test_nll: 2.458e-01)
[2023-02-08 09:02:11] [Epoch    55/  200] trn/loss 1.135e-01, trn/lr 2.483e-04, val/acc 9.218e-01, val/nll 2.311e-01
[2023-02-08 09:02:18] [Epoch    56/  200] trn/loss 1.119e-01, trn/lr 2.465e-04, val/acc 9.180e-01, val/nll 2.444e-01
[2023-02-08 09:02:26] [Epoch    57/  200] trn/loss 1.089e-01, trn/lr 2.447e-04, val/acc 9.122e-01, val/nll 2.516e-01
[2023-02-08 09:02:33] [Epoch    58/  200] trn/loss 1.052e-01, trn/lr 2.429e-04, val/acc 9.117e-01, val/nll 2.562e-01
[2023-02-08 09:02:40] [Epoch    59/  200] trn/loss 1.051e-01, trn/lr 2.410e-04, val/acc 9.191e-01, val/nll 2.439e-01
[2023-02-08 09:02:48] [Epoch    60/  200] trn/loss 1.024e-01, trn/lr 2.391e-04, val/acc 9.165e-01, val/nll 2.532e-01
[2023-02-08 09:02:56] [Epoch    61/  200] trn/loss 9.875e-02, trn/lr 2.372e-04, val/acc 9.231e-01, val/nll 2.274e-01 (best_acc: 9.225e-01 -> 9.231e-01, test_acc: 9.195e-01, test_nll: 2.416e-01)
[2023-02-08 09:03:03] [Epoch    62/  200] trn/loss 9.701e-02, trn/lr 2.353e-04, val/acc 9.202e-01, val/nll 2.303e-01
[2023-02-08 09:03:11] [Epoch    63/  200] trn/loss 9.303e-02, trn/lr 2.333e-04, val/acc 9.114e-01, val/nll 2.624e-01
[2023-02-08 09:03:18] [Epoch    64/  200] trn/loss 9.380e-02, trn/lr 2.314e-04, val/acc 9.087e-01, val/nll 2.692e-01
[2023-02-08 09:03:26] [Epoch    65/  200] trn/loss 9.019e-02, trn/lr 2.294e-04, val/acc 9.268e-01, val/nll 2.225e-01 (best_acc: 9.231e-01 -> 9.268e-01, test_acc: 9.227e-01, test_nll: 2.310e-01)
[2023-02-08 09:03:33] [Epoch    66/  200] trn/loss 8.846e-02, trn/lr 2.274e-04, val/acc 9.258e-01, val/nll 2.176e-01
[2023-02-08 09:03:41] [Epoch    67/  200] trn/loss 8.712e-02, trn/lr 2.253e-04, val/acc 9.198e-01, val/nll 2.405e-01
[2023-02-08 09:03:49] [Epoch    68/  200] trn/loss 8.333e-02, trn/lr 2.233e-04, val/acc 9.298e-01, val/nll 2.110e-01 (best_acc: 9.268e-01 -> 9.298e-01, test_acc: 9.262e-01, test_nll: 2.215e-01)
[2023-02-08 09:03:56] [Epoch    69/  200] trn/loss 8.248e-02, trn/lr 2.212e-04, val/acc 9.250e-01, val/nll 2.225e-01
[2023-02-08 09:04:03] [Epoch    70/  200] trn/loss 8.119e-02, trn/lr 2.192e-04, val/acc 9.270e-01, val/nll 2.255e-01
[2023-02-08 09:04:10] [Epoch    71/  200] trn/loss 7.988e-02, trn/lr 2.171e-04, val/acc 9.195e-01, val/nll 2.391e-01
[2023-02-08 09:04:18] [Epoch    72/  200] trn/loss 7.908e-02, trn/lr 2.149e-04, val/acc 9.238e-01, val/nll 2.258e-01
[2023-02-08 09:04:25] [Epoch    73/  200] trn/loss 7.653e-02, trn/lr 2.128e-04, val/acc 9.273e-01, val/nll 2.213e-01
[2023-02-08 09:04:33] [Epoch    74/  200] trn/loss 7.299e-02, trn/lr 2.107e-04, val/acc 9.310e-01, val/nll 2.047e-01 (best_acc: 9.298e-01 -> 9.310e-01, test_acc: 9.263e-01, test_nll: 2.133e-01)
[2023-02-08 09:04:40] [Epoch    75/  200] trn/loss 6.967e-02, trn/lr 2.085e-04, val/acc 9.283e-01, val/nll 2.154e-01
[2023-02-08 09:04:47] [Epoch    76/  200] trn/loss 6.963e-02, trn/lr 2.063e-04, val/acc 9.310e-01, val/nll 2.108e-01
[2023-02-08 09:04:55] [Epoch    77/  200] trn/loss 6.727e-02, trn/lr 2.041e-04, val/acc 9.299e-01, val/nll 2.123e-01
[2023-02-08 09:05:02] [Epoch    78/  200] trn/loss 6.891e-02, trn/lr 2.019e-04, val/acc 9.273e-01, val/nll 2.207e-01
[2023-02-08 09:05:09] [Epoch    79/  200] trn/loss 6.610e-02, trn/lr 1.997e-04, val/acc 9.304e-01, val/nll 2.033e-01
[2023-02-08 09:05:18] [Epoch    80/  200] trn/loss 6.481e-02, trn/lr 1.975e-04, val/acc 9.317e-01, val/nll 2.006e-01 (best_acc: 9.310e-01 -> 9.317e-01, test_acc: 9.293e-01, test_nll: 2.118e-01)
[2023-02-08 09:05:25] [Epoch    81/  200] trn/loss 6.084e-02, trn/lr 1.952e-04, val/acc 9.243e-01, val/nll 2.238e-01
[2023-02-08 09:05:32] [Epoch    82/  200] trn/loss 6.160e-02, trn/lr 1.930e-04, val/acc 9.304e-01, val/nll 2.119e-01
[2023-02-08 09:05:39] [Epoch    83/  200] trn/loss 6.175e-02, trn/lr 1.907e-04, val/acc 9.265e-01, val/nll 2.151e-01
[2023-02-08 09:05:48] [Epoch    84/  200] trn/loss 5.958e-02, trn/lr 1.885e-04, val/acc 9.323e-01, val/nll 2.029e-01 (best_acc: 9.317e-01 -> 9.323e-01, test_acc: 9.309e-01, test_nll: 2.056e-01)
[2023-02-08 09:05:55] [Epoch    85/  200] trn/loss 5.595e-02, trn/lr 1.862e-04, val/acc 9.308e-01, val/nll 1.982e-01
[2023-02-08 09:06:03] [Epoch    86/  200] trn/loss 5.522e-02, trn/lr 1.839e-04, val/acc 9.384e-01, val/nll 1.938e-01 (best_acc: 9.323e-01 -> 9.384e-01, test_acc: 9.299e-01, test_nll: 2.054e-01)
[2023-02-08 09:06:11] [Epoch    87/  200] trn/loss 5.395e-02, trn/lr 1.816e-04, val/acc 9.319e-01, val/nll 1.989e-01
[2023-02-08 09:06:18] [Epoch    88/  200] trn/loss 5.425e-02, trn/lr 1.793e-04, val/acc 9.306e-01, val/nll 2.127e-01
[2023-02-08 09:06:25] [Epoch    89/  200] trn/loss 5.370e-02, trn/lr 1.770e-04, val/acc 9.315e-01, val/nll 2.016e-01
[2023-02-08 09:06:32] [Epoch    90/  200] trn/loss 5.268e-02, trn/lr 1.746e-04, val/acc 9.300e-01, val/nll 2.026e-01
[2023-02-08 09:06:40] [Epoch    91/  200] trn/loss 4.978e-02, trn/lr 1.723e-04, val/acc 9.375e-01, val/nll 1.977e-01
[2023-02-08 09:06:47] [Epoch    92/  200] trn/loss 4.918e-02, trn/lr 1.700e-04, val/acc 9.369e-01, val/nll 1.929e-01
[2023-02-08 09:06:54] [Epoch    93/  200] trn/loss 4.779e-02, trn/lr 1.676e-04, val/acc 9.365e-01, val/nll 1.876e-01
[2023-02-08 09:07:01] [Epoch    94/  200] trn/loss 4.660e-02, trn/lr 1.653e-04, val/acc 9.374e-01, val/nll 1.911e-01
[2023-02-08 09:07:09] [Epoch    95/  200] trn/loss 4.595e-02, trn/lr 1.630e-04, val/acc 9.341e-01, val/nll 1.990e-01
[2023-02-08 09:07:16] [Epoch    96/  200] trn/loss 4.462e-02, trn/lr 1.606e-04, val/acc 9.366e-01, val/nll 1.898e-01
[2023-02-08 09:07:23] [Epoch    97/  200] trn/loss 4.438e-02, trn/lr 1.582e-04, val/acc 9.356e-01, val/nll 1.948e-01
[2023-02-08 09:07:31] [Epoch    98/  200] trn/loss 4.357e-02, trn/lr 1.559e-04, val/acc 9.340e-01, val/nll 1.955e-01
[2023-02-08 09:07:39] [Epoch    99/  200] trn/loss 4.351e-02, trn/lr 1.535e-04, val/acc 9.400e-01, val/nll 1.817e-01 (best_acc: 9.384e-01 -> 9.400e-01, test_acc: 9.336e-01, test_nll: 1.957e-01)
[2023-02-08 09:07:46] [Epoch   100/  200] trn/loss 4.091e-02, trn/lr 1.512e-04, val/acc 9.395e-01, val/nll 1.870e-01
[2023-02-08 09:07:53] [Epoch   101/  200] trn/loss 4.127e-02, trn/lr 1.488e-04, val/acc 9.367e-01, val/nll 1.928e-01
[2023-02-08 09:08:01] [Epoch   102/  200] trn/loss 4.005e-02, trn/lr 1.465e-04, val/acc 9.373e-01, val/nll 1.843e-01
[2023-02-08 09:08:08] [Epoch   103/  200] trn/loss 3.697e-02, trn/lr 1.441e-04, val/acc 9.371e-01, val/nll 1.863e-01
[2023-02-08 09:08:15] [Epoch   104/  200] trn/loss 3.797e-02, trn/lr 1.418e-04, val/acc 9.335e-01, val/nll 1.948e-01
[2023-02-08 09:08:22] [Epoch   105/  200] trn/loss 3.642e-02, trn/lr 1.394e-04, val/acc 9.351e-01, val/nll 1.889e-01
[2023-02-08 09:08:30] [Epoch   106/  200] trn/loss 3.619e-02, trn/lr 1.371e-04, val/acc 9.387e-01, val/nll 1.781e-01
[2023-02-08 09:08:38] [Epoch   107/  200] trn/loss 3.477e-02, trn/lr 1.347e-04, val/acc 9.444e-01, val/nll 1.745e-01 (best_acc: 9.400e-01 -> 9.444e-01, test_acc: 9.398e-01, test_nll: 1.820e-01)
[2023-02-08 09:08:45] [Epoch   108/  200] trn/loss 3.413e-02, trn/lr 1.324e-04, val/acc 9.403e-01, val/nll 1.800e-01
[2023-02-08 09:08:52] [Epoch   109/  200] trn/loss 3.452e-02, trn/lr 1.300e-04, val/acc 9.384e-01, val/nll 1.886e-01
[2023-02-08 09:09:01] [Epoch   110/  200] trn/loss 3.341e-02, trn/lr 1.277e-04, val/acc 9.457e-01, val/nll 1.762e-01 (best_acc: 9.444e-01 -> 9.457e-01, test_acc: 9.415e-01, test_nll: 1.776e-01)
[2023-02-08 09:09:08] [Epoch   111/  200] trn/loss 3.249e-02, trn/lr 1.254e-04, val/acc 9.372e-01, val/nll 1.898e-01
[2023-02-08 09:09:15] [Epoch   112/  200] trn/loss 3.135e-02, trn/lr 1.231e-04, val/acc 9.407e-01, val/nll 1.802e-01
[2023-02-08 09:09:22] [Epoch   113/  200] trn/loss 3.051e-02, trn/lr 1.207e-04, val/acc 9.438e-01, val/nll 1.749e-01
[2023-02-08 09:09:30] [Epoch   114/  200] trn/loss 3.038e-02, trn/lr 1.184e-04, val/acc 9.399e-01, val/nll 1.861e-01
[2023-02-08 09:09:37] [Epoch   115/  200] trn/loss 2.933e-02, trn/lr 1.161e-04, val/acc 9.420e-01, val/nll 1.774e-01
[2023-02-08 09:09:44] [Epoch   116/  200] trn/loss 2.847e-02, trn/lr 1.138e-04, val/acc 9.434e-01, val/nll 1.717e-01
[2023-02-08 09:09:51] [Epoch   117/  200] trn/loss 2.847e-02, trn/lr 1.116e-04, val/acc 9.424e-01, val/nll 1.739e-01
[2023-02-08 09:09:59] [Epoch   118/  200] trn/loss 2.584e-02, trn/lr 1.093e-04, val/acc 9.433e-01, val/nll 1.807e-01
[2023-02-08 09:10:06] [Epoch   119/  200] trn/loss 2.627e-02, trn/lr 1.070e-04, val/acc 9.428e-01, val/nll 1.729e-01
[2023-02-08 09:10:13] [Epoch   120/  200] trn/loss 2.559e-02, trn/lr 1.048e-04, val/acc 9.431e-01, val/nll 1.708e-01
[2023-02-08 09:10:20] [Epoch   121/  200] trn/loss 2.612e-02, trn/lr 1.025e-04, val/acc 9.386e-01, val/nll 1.906e-01
[2023-02-08 09:10:28] [Epoch   122/  200] trn/loss 2.546e-02, trn/lr 1.003e-04, val/acc 9.410e-01, val/nll 1.782e-01
[2023-02-08 09:10:35] [Epoch   123/  200] trn/loss 2.436e-02, trn/lr 9.809e-05, val/acc 9.420e-01, val/nll 1.776e-01
[2023-02-08 09:10:42] [Epoch   124/  200] trn/loss 2.263e-02, trn/lr 9.589e-05, val/acc 9.414e-01, val/nll 1.823e-01
[2023-02-08 09:10:50] [Epoch   125/  200] trn/loss 2.300e-02, trn/lr 9.370e-05, val/acc 9.462e-01, val/nll 1.686e-01 (best_acc: 9.457e-01 -> 9.462e-01, test_acc: 9.444e-01, test_nll: 1.722e-01)
[2023-02-08 09:10:58] [Epoch   126/  200] trn/loss 2.237e-02, trn/lr 9.152e-05, val/acc 9.444e-01, val/nll 1.697e-01
[2023-02-08 09:11:05] [Epoch   127/  200] trn/loss 2.190e-02, trn/lr 8.936e-05, val/acc 9.412e-01, val/nll 1.764e-01
[2023-02-08 09:11:13] [Epoch   128/  200] trn/loss 2.179e-02, trn/lr 8.721e-05, val/acc 9.469e-01, val/nll 1.676e-01 (best_acc: 9.462e-01 -> 9.469e-01, test_acc: 9.427e-01, test_nll: 1.742e-01)
[2023-02-08 09:11:21] [Epoch   129/  200] trn/loss 2.169e-02, trn/lr 8.508e-05, val/acc 9.421e-01, val/nll 1.786e-01
[2023-02-08 09:11:28] [Epoch   130/  200] trn/loss 2.087e-02, trn/lr 8.296e-05, val/acc 9.433e-01, val/nll 1.697e-01
[2023-02-08 09:11:35] [Epoch   131/  200] trn/loss 1.966e-02, trn/lr 8.086e-05, val/acc 9.461e-01, val/nll 1.667e-01
[2023-02-08 09:11:42] [Epoch   132/  200] trn/loss 1.944e-02, trn/lr 7.878e-05, val/acc 9.442e-01, val/nll 1.745e-01
[2023-02-08 09:11:50] [Epoch   133/  200] trn/loss 1.864e-02, trn/lr 7.671e-05, val/acc 9.470e-01, val/nll 1.654e-01 (best_acc: 9.469e-01 -> 9.470e-01, test_acc: 9.428e-01, test_nll: 1.726e-01)
[2023-02-08 09:11:58] [Epoch   134/  200] trn/loss 1.879e-02, trn/lr 7.467e-05, val/acc 9.441e-01, val/nll 1.642e-01
[2023-02-08 09:12:05] [Epoch   135/  200] trn/loss 1.785e-02, trn/lr 7.264e-05, val/acc 9.435e-01, val/nll 1.766e-01
[2023-02-08 09:12:12] [Epoch   136/  200] trn/loss 1.709e-02, trn/lr 7.063e-05, val/acc 9.469e-01, val/nll 1.693e-01
[2023-02-08 09:12:20] [Epoch   137/  200] trn/loss 1.698e-02, trn/lr 6.864e-05, val/acc 9.469e-01, val/nll 1.649e-01
[2023-02-08 09:12:27] [Epoch   138/  200] trn/loss 1.707e-02, trn/lr 6.667e-05, val/acc 9.466e-01, val/nll 1.689e-01
[2023-02-08 09:12:34] [Epoch   139/  200] trn/loss 1.630e-02, trn/lr 6.472e-05, val/acc 9.468e-01, val/nll 1.667e-01
[2023-02-08 09:12:41] [Epoch   140/  200] trn/loss 1.596e-02, trn/lr 6.279e-05, val/acc 9.467e-01, val/nll 1.660e-01
[2023-02-08 09:12:50] [Epoch   141/  200] trn/loss 1.538e-02, trn/lr 6.089e-05, val/acc 9.475e-01, val/nll 1.603e-01 (best_acc: 9.470e-01 -> 9.475e-01, test_acc: 9.439e-01, test_nll: 1.662e-01)
[2023-02-08 09:12:57] [Epoch   142/  200] trn/loss 1.478e-02, trn/lr 5.900e-05, val/acc 9.473e-01, val/nll 1.624e-01
[2023-02-08 09:13:05] [Epoch   143/  200] trn/loss 1.442e-02, trn/lr 5.714e-05, val/acc 9.487e-01, val/nll 1.607e-01 (best_acc: 9.475e-01 -> 9.487e-01, test_acc: 9.438e-01, test_nll: 1.719e-01)
[2023-02-08 09:13:13] [Epoch   144/  200] trn/loss 1.500e-02, trn/lr 5.530e-05, val/acc 9.488e-01, val/nll 1.613e-01 (best_acc: 9.487e-01 -> 9.488e-01, test_acc: 9.478e-01, test_nll: 1.651e-01)
[2023-02-08 09:13:20] [Epoch   145/  200] trn/loss 1.425e-02, trn/lr 5.349e-05, val/acc 9.456e-01, val/nll 1.604e-01
[2023-02-08 09:13:29] [Epoch   146/  200] trn/loss 1.335e-02, trn/lr 5.170e-05, val/acc 9.511e-01, val/nll 1.590e-01 (best_acc: 9.488e-01 -> 9.511e-01, test_acc: 9.465e-01, test_nll: 1.626e-01)
[2023-02-08 09:13:36] [Epoch   147/  200] trn/loss 1.333e-02, trn/lr 4.993e-05, val/acc 9.486e-01, val/nll 1.560e-01
[2023-02-08 09:13:43] [Epoch   148/  200] trn/loss 1.297e-02, trn/lr 4.819e-05, val/acc 9.487e-01, val/nll 1.570e-01
[2023-02-08 09:13:50] [Epoch   149/  200] trn/loss 1.317e-02, trn/lr 4.647e-05, val/acc 9.480e-01, val/nll 1.643e-01
[2023-02-08 09:13:58] [Epoch   150/  200] trn/loss 1.296e-02, trn/lr 4.478e-05, val/acc 9.468e-01, val/nll 1.626e-01
[2023-02-08 09:14:05] [Epoch   151/  200] trn/loss 1.238e-02, trn/lr 4.311e-05, val/acc 9.488e-01, val/nll 1.564e-01
[2023-02-08 09:14:12] [Epoch   152/  200] trn/loss 1.156e-02, trn/lr 4.147e-05, val/acc 9.506e-01, val/nll 1.549e-01
[2023-02-08 09:14:19] [Epoch   153/  200] trn/loss 1.159e-02, trn/lr 3.986e-05, val/acc 9.493e-01, val/nll 1.553e-01
[2023-02-08 09:14:27] [Epoch   154/  200] trn/loss 1.105e-02, trn/lr 3.827e-05, val/acc 9.493e-01, val/nll 1.570e-01
[2023-02-08 09:14:34] [Epoch   155/  200] trn/loss 1.140e-02, trn/lr 3.671e-05, val/acc 9.503e-01, val/nll 1.570e-01
[2023-02-08 09:14:41] [Epoch   156/  200] trn/loss 1.076e-02, trn/lr 3.518e-05, val/acc 9.487e-01, val/nll 1.603e-01
[2023-02-08 09:14:48] [Epoch   157/  200] trn/loss 1.090e-02, trn/lr 3.368e-05, val/acc 9.478e-01, val/nll 1.646e-01
[2023-02-08 09:14:56] [Epoch   158/  200] trn/loss 1.086e-02, trn/lr 3.221e-05, val/acc 9.483e-01, val/nll 1.590e-01
[2023-02-08 09:15:03] [Epoch   159/  200] trn/loss 1.041e-02, trn/lr 3.076e-05, val/acc 9.501e-01, val/nll 1.581e-01
[2023-02-08 09:15:11] [Epoch   160/  200] trn/loss 1.018e-02, trn/lr 2.935e-05, val/acc 9.524e-01, val/nll 1.572e-01 (best_acc: 9.511e-01 -> 9.524e-01, test_acc: 9.489e-01, test_nll: 1.632e-01)
[2023-02-08 09:15:19] [Epoch   161/  200] trn/loss 9.735e-03, trn/lr 2.796e-05, val/acc 9.511e-01, val/nll 1.569e-01
[2023-02-08 09:15:26] [Epoch   162/  200] trn/loss 9.790e-03, trn/lr 2.661e-05, val/acc 9.504e-01, val/nll 1.575e-01
[2023-02-08 09:15:33] [Epoch   163/  200] trn/loss 9.442e-03, trn/lr 2.528e-05, val/acc 9.496e-01, val/nll 1.584e-01
[2023-02-08 09:15:40] [Epoch   164/  200] trn/loss 9.541e-03, trn/lr 2.399e-05, val/acc 9.514e-01, val/nll 1.573e-01
[2023-02-08 09:15:48] [Epoch   165/  200] trn/loss 9.240e-03, trn/lr 2.273e-05, val/acc 9.522e-01, val/nll 1.553e-01
[2023-02-08 09:15:55] [Epoch   166/  200] trn/loss 9.027e-03, trn/lr 2.150e-05, val/acc 9.510e-01, val/nll 1.566e-01
[2023-02-08 09:16:02] [Epoch   167/  200] trn/loss 8.946e-03, trn/lr 2.030e-05, val/acc 9.510e-01, val/nll 1.560e-01
[2023-02-08 09:16:09] [Epoch   168/  200] trn/loss 8.668e-03, trn/lr 1.913e-05, val/acc 9.501e-01, val/nll 1.566e-01
[2023-02-08 09:16:17] [Epoch   169/  200] trn/loss 8.911e-03, trn/lr 1.800e-05, val/acc 9.510e-01, val/nll 1.545e-01
[2023-02-08 09:16:24] [Epoch   170/  200] trn/loss 8.562e-03, trn/lr 1.689e-05, val/acc 9.512e-01, val/nll 1.548e-01
[2023-02-08 09:16:32] [Epoch   171/  200] trn/loss 8.415e-03, trn/lr 1.582e-05, val/acc 9.538e-01, val/nll 1.541e-01 (best_acc: 9.524e-01 -> 9.538e-01, test_acc: 9.481e-01, test_nll: 1.581e-01)
[2023-02-08 09:16:39] [Epoch   172/  200] trn/loss 8.364e-03, trn/lr 1.479e-05, val/acc 9.509e-01, val/nll 1.568e-01
[2023-02-08 09:16:47] [Epoch   173/  200] trn/loss 8.075e-03, trn/lr 1.378e-05, val/acc 9.514e-01, val/nll 1.553e-01
[2023-02-08 09:16:54] [Epoch   174/  200] trn/loss 8.116e-03, trn/lr 1.281e-05, val/acc 9.515e-01, val/nll 1.571e-01
[2023-02-08 09:17:01] [Epoch   175/  200] trn/loss 7.912e-03, trn/lr 1.188e-05, val/acc 9.513e-01, val/nll 1.566e-01
[2023-02-08 09:17:08] [Epoch   176/  200] trn/loss 7.585e-03, trn/lr 1.098e-05, val/acc 9.515e-01, val/nll 1.548e-01
[2023-02-08 09:17:16] [Epoch   177/  200] trn/loss 7.558e-03, trn/lr 1.011e-05, val/acc 9.515e-01, val/nll 1.550e-01
[2023-02-08 09:17:23] [Epoch   178/  200] trn/loss 7.522e-03, trn/lr 9.275e-06, val/acc 9.538e-01, val/nll 1.536e-01
[2023-02-08 09:17:30] [Epoch   179/  200] trn/loss 7.524e-03, trn/lr 8.477e-06, val/acc 9.519e-01, val/nll 1.556e-01
[2023-02-08 09:17:37] [Epoch   180/  200] trn/loss 7.485e-03, trn/lr 7.714e-06, val/acc 9.523e-01, val/nll 1.537e-01
[2023-02-08 09:17:45] [Epoch   181/  200] trn/loss 7.072e-03, trn/lr 6.986e-06, val/acc 9.519e-01, val/nll 1.551e-01
[2023-02-08 09:17:52] [Epoch   182/  200] trn/loss 7.141e-03, trn/lr 6.293e-06, val/acc 9.515e-01, val/nll 1.552e-01
[2023-02-08 09:17:59] [Epoch   183/  200] trn/loss 7.072e-03, trn/lr 5.635e-06, val/acc 9.529e-01, val/nll 1.539e-01
[2023-02-08 09:18:06] [Epoch   184/  200] trn/loss 7.137e-03, trn/lr 5.013e-06, val/acc 9.520e-01, val/nll 1.541e-01
[2023-02-08 09:18:14] [Epoch   185/  200] trn/loss 6.823e-03, trn/lr 4.427e-06, val/acc 9.519e-01, val/nll 1.539e-01
[2023-02-08 09:18:21] [Epoch   186/  200] trn/loss 6.895e-03, trn/lr 3.877e-06, val/acc 9.515e-01, val/nll 1.549e-01
[2023-02-08 09:18:28] [Epoch   187/  200] trn/loss 6.906e-03, trn/lr 3.363e-06, val/acc 9.514e-01, val/nll 1.542e-01
[2023-02-08 09:18:35] [Epoch   188/  200] trn/loss 6.754e-03, trn/lr 2.885e-06, val/acc 9.519e-01, val/nll 1.546e-01
[2023-02-08 09:18:43] [Epoch   189/  200] trn/loss 6.850e-03, trn/lr 2.444e-06, val/acc 9.519e-01, val/nll 1.541e-01
[2023-02-08 09:18:50] [Epoch   190/  200] trn/loss 6.849e-03, trn/lr 2.038e-06, val/acc 9.513e-01, val/nll 1.544e-01
[2023-02-08 09:18:57] [Epoch   191/  200] trn/loss 6.722e-03, trn/lr 1.670e-06, val/acc 9.523e-01, val/nll 1.530e-01
[2023-02-08 09:19:04] [Epoch   192/  200] trn/loss 6.824e-03, trn/lr 1.338e-06, val/acc 9.518e-01, val/nll 1.537e-01
[2023-02-08 09:19:11] [Epoch   193/  200] trn/loss 6.681e-03, trn/lr 1.042e-06, val/acc 9.523e-01, val/nll 1.537e-01
[2023-02-08 09:19:19] [Epoch   194/  200] trn/loss 6.857e-03, trn/lr 7.835e-07, val/acc 9.523e-01, val/nll 1.534e-01
[2023-02-08 09:19:26] [Epoch   195/  200] trn/loss 6.676e-03, trn/lr 5.616e-07, val/acc 9.529e-01, val/nll 1.544e-01
[2023-02-08 09:19:33] [Epoch   196/  200] trn/loss 6.545e-03, trn/lr 3.766e-07, val/acc 9.522e-01, val/nll 1.538e-01
[2023-02-08 09:19:40] [Epoch   197/  200] trn/loss 6.696e-03, trn/lr 2.286e-07, val/acc 9.524e-01, val/nll 1.540e-01
[2023-02-08 09:19:48] [Epoch   198/  200] trn/loss 6.735e-03, trn/lr 1.175e-07, val/acc 9.522e-01, val/nll 1.536e-01
[2023-02-08 09:19:55] [Epoch   199/  200] trn/loss 6.559e-03, trn/lr 4.335e-08, val/acc 9.523e-01, val/nll 1.541e-01
[2023-02-08 09:20:02] [Epoch   200/  200] trn/loss 6.647e-03, trn/lr 6.226e-09, val/acc 9.518e-01, val/nll 1.541e-01
