[2023-02-03 09:36:03] Environments:
------------  --------------------------------------------------------------------------------
sys.platform  linux
Python        3.10.8 (main, Nov 24 2022, 14:13:03) [GCC 11.2.0]
JAX           0.4.1 @/mnt/home/giung/.conda/envs/jax-vessl/lib/python3.10/site-packages/jax
jaxlib        0.4.1 @/mnt/home/giung/.conda/envs/jax-vessl/lib/python3.10/site-packages/jaxlib
Flax          0.6.3 @/mnt/home/giung/.conda/envs/jax-vessl/lib/python3.10/site-packages/flax
Optax         0.1.4 @/mnt/home/giung/.conda/envs/jax-vessl/lib/python3.10/site-packages/optax
------------  --------------------------------------------------------------------------------

[2023-02-03 09:36:03] Command line arguments:
- args.data_root          : ./data/
- args.data_name          : CIFAR100_x32
- args.data_augmentation  : standard
- args.data_proportional  : 1.0
- args.model_depth        : 20
- args.model_width        : 2
- args.model_style        : BN-ReLU
- args.optim_bs           : 256
- args.optim_ne           : 500
- args.optim_lr           : 0.03
- args.optim_momentum     : 0.99
- args.optim_weight_decay : 0.003
- args.save               : /mnt/home/giung/giung2-dev/projects/residual-networks/save/CIFAR100_x32/R20x2-BN-ReLU/bs-0256_ne-0500_lr-0.03_mo-0.99_wd-0.0030_fp32/42
- args.seed               : 42
- args.precision          : fp32

[2023-02-03 09:36:32] [Epoch     1/  500] trn/loss 4.430e+00, trn/lr 3.000e-02, val/acc 2.555e-02, val/nll 4.415e+00 (best_acc: 0.000e+00 -> 2.555e-02, test_acc: 2.590e-02, test_nll: 4.412e+00)
[2023-02-03 09:36:39] [Epoch     2/  500] trn/loss 4.080e+00, trn/lr 3.000e-02, val/acc 5.310e-02, val/nll 4.509e+00 (best_acc: 2.555e-02 -> 5.310e-02, test_acc: 5.500e-02, test_nll: 4.504e+00)
[2023-02-03 09:36:46] [Epoch     3/  500] trn/loss 3.951e+00, trn/lr 3.000e-02, val/acc 7.522e-02, val/nll 3.954e+00 (best_acc: 5.310e-02 -> 7.522e-02, test_acc: 8.190e-02, test_nll: 3.942e+00)
[2023-02-03 09:36:53] [Epoch     4/  500] trn/loss 3.855e+00, trn/lr 3.000e-02, val/acc 7.799e-02, val/nll 4.188e+00 (best_acc: 7.522e-02 -> 7.799e-02, test_acc: 8.020e-02, test_nll: 4.199e+00)
[2023-02-03 09:37:00] [Epoch     5/  500] trn/loss 3.768e+00, trn/lr 2.999e-02, val/acc 9.790e-02, val/nll 3.846e+00 (best_acc: 7.799e-02 -> 9.790e-02, test_acc: 1.020e-01, test_nll: 3.837e+00)
[2023-02-03 09:37:06] [Epoch     6/  500] trn/loss 3.696e+00, trn/lr 2.999e-02, val/acc 9.591e-02, val/nll 3.945e+00
[2023-02-03 09:37:13] [Epoch     7/  500] trn/loss 3.656e+00, trn/lr 2.999e-02, val/acc 1.104e-01, val/nll 3.751e+00 (best_acc: 9.790e-02 -> 1.104e-01, test_acc: 1.171e-01, test_nll: 3.737e+00)
[2023-02-03 09:37:20] [Epoch     8/  500] trn/loss 3.583e+00, trn/lr 2.998e-02, val/acc 1.350e-01, val/nll 3.612e+00 (best_acc: 1.104e-01 -> 1.350e-01, test_acc: 1.431e-01, test_nll: 3.590e+00)
[2023-02-03 09:37:26] [Epoch     9/  500] trn/loss 3.498e+00, trn/lr 2.998e-02, val/acc 9.237e-02, val/nll 3.874e+00
[2023-02-03 09:37:33] [Epoch    10/  500] trn/loss 3.427e+00, trn/lr 2.997e-02, val/acc 1.279e-01, val/nll 3.623e+00
[2023-02-03 09:37:39] [Epoch    11/  500] trn/loss 3.363e+00, trn/lr 2.997e-02, val/acc 9.004e-02, val/nll 4.597e+00
[2023-02-03 09:37:46] [Epoch    12/  500] trn/loss 3.299e+00, trn/lr 2.996e-02, val/acc 1.156e-01, val/nll 4.021e+00
[2023-02-03 09:37:52] [Epoch    13/  500] trn/loss 3.273e+00, trn/lr 2.995e-02, val/acc 1.314e-01, val/nll 3.729e+00
[2023-02-03 09:37:58] [Epoch    14/  500] trn/loss 3.290e+00, trn/lr 2.995e-02, val/acc 5.487e-02, val/nll 5.777e+00
[2023-02-03 09:38:05] [Epoch    15/  500] trn/loss 3.257e+00, trn/lr 2.994e-02, val/acc 8.949e-02, val/nll 4.337e+00
[2023-02-03 09:38:12] [Epoch    16/  500] trn/loss 3.237e+00, trn/lr 2.993e-02, val/acc 1.805e-01, val/nll 3.327e+00 (best_acc: 1.350e-01 -> 1.805e-01, test_acc: 1.819e-01, test_nll: 3.295e+00)
[2023-02-03 09:38:18] [Epoch    17/  500] trn/loss 3.200e+00, trn/lr 2.992e-02, val/acc 1.238e-01, val/nll 4.128e+00
[2023-02-03 09:38:25] [Epoch    18/  500] trn/loss 3.171e+00, trn/lr 2.991e-02, val/acc 1.546e-01, val/nll 3.512e+00
[2023-02-03 09:38:31] [Epoch    19/  500] trn/loss 3.164e+00, trn/lr 2.990e-02, val/acc 1.293e-01, val/nll 3.862e+00
[2023-02-03 09:38:38] [Epoch    20/  500] trn/loss 3.177e+00, trn/lr 2.989e-02, val/acc 1.344e-01, val/nll 3.631e+00
[2023-02-03 09:38:44] [Epoch    21/  500] trn/loss 3.139e+00, trn/lr 2.988e-02, val/acc 1.072e-01, val/nll 4.097e+00
[2023-02-03 09:38:51] [Epoch    22/  500] trn/loss 3.186e+00, trn/lr 2.986e-02, val/acc 1.240e-01, val/nll 3.879e+00
[2023-02-03 09:38:57] [Epoch    23/  500] trn/loss 3.179e+00, trn/lr 2.985e-02, val/acc 1.640e-01, val/nll 3.442e+00
[2023-02-03 09:39:03] [Epoch    24/  500] trn/loss 3.144e+00, trn/lr 2.984e-02, val/acc 5.100e-02, val/nll 7.524e+00
[2023-02-03 09:39:10] [Epoch    25/  500] trn/loss 3.122e+00, trn/lr 2.982e-02, val/acc 1.017e-01, val/nll 4.483e+00
[2023-02-03 09:39:16] [Epoch    26/  500] trn/loss 3.129e+00, trn/lr 2.981e-02, val/acc 1.327e-01, val/nll 3.800e+00
[2023-02-03 09:39:23] [Epoch    27/  500] trn/loss 3.130e+00, trn/lr 2.979e-02, val/acc 8.385e-02, val/nll 4.416e+00
[2023-02-03 09:39:29] [Epoch    28/  500] trn/loss 3.114e+00, trn/lr 2.978e-02, val/acc 7.633e-02, val/nll 4.472e+00
[2023-02-03 09:39:36] [Epoch    29/  500] trn/loss 3.101e+00, trn/lr 2.976e-02, val/acc 1.268e-01, val/nll 3.910e+00
[2023-02-03 09:39:43] [Epoch    30/  500] trn/loss 3.105e+00, trn/lr 2.974e-02, val/acc 1.914e-01, val/nll 3.304e+00 (best_acc: 1.805e-01 -> 1.914e-01, test_acc: 1.923e-01, test_nll: 3.283e+00)
[2023-02-03 09:39:49] [Epoch    31/  500] trn/loss 3.095e+00, trn/lr 2.973e-02, val/acc 1.390e-01, val/nll 3.657e+00
[2023-02-03 09:39:55] [Epoch    32/  500] trn/loss 3.111e+00, trn/lr 2.971e-02, val/acc 1.456e-01, val/nll 3.617e+00
[2023-02-03 09:40:02] [Epoch    33/  500] trn/loss 3.109e+00, trn/lr 2.969e-02, val/acc 1.210e-01, val/nll 4.202e+00
[2023-02-03 09:40:08] [Epoch    34/  500] trn/loss 3.104e+00, trn/lr 2.967e-02, val/acc 1.213e-01, val/nll 3.765e+00
[2023-02-03 09:40:15] [Epoch    35/  500] trn/loss 3.054e+00, trn/lr 2.965e-02, val/acc 9.823e-02, val/nll 4.111e+00
[2023-02-03 09:40:21] [Epoch    36/  500] trn/loss 3.073e+00, trn/lr 2.963e-02, val/acc 1.510e-01, val/nll 3.911e+00
[2023-02-03 09:40:28] [Epoch    37/  500] trn/loss 3.079e+00, trn/lr 2.961e-02, val/acc 1.596e-01, val/nll 3.470e+00
[2023-02-03 09:40:34] [Epoch    38/  500] trn/loss 3.075e+00, trn/lr 2.959e-02, val/acc 1.692e-01, val/nll 3.458e+00
[2023-02-03 09:40:41] [Epoch    39/  500] trn/loss 3.064e+00, trn/lr 2.956e-02, val/acc 1.340e-01, val/nll 3.945e+00
[2023-02-03 09:40:47] [Epoch    40/  500] trn/loss 3.066e+00, trn/lr 2.954e-02, val/acc 1.243e-01, val/nll 3.922e+00
[2023-02-03 09:40:54] [Epoch    41/  500] trn/loss 3.050e+00, trn/lr 2.952e-02, val/acc 1.144e-01, val/nll 3.852e+00
[2023-02-03 09:41:00] [Epoch    42/  500] trn/loss 3.063e+00, trn/lr 2.949e-02, val/acc 1.251e-01, val/nll 3.751e+00
[2023-02-03 09:41:06] [Epoch    43/  500] trn/loss 3.044e+00, trn/lr 2.947e-02, val/acc 1.594e-01, val/nll 3.756e+00
[2023-02-03 09:41:13] [Epoch    44/  500] trn/loss 3.089e+00, trn/lr 2.944e-02, val/acc 1.251e-01, val/nll 3.854e+00
[2023-02-03 09:41:19] [Epoch    45/  500] trn/loss 3.040e+00, trn/lr 2.942e-02, val/acc 1.158e-01, val/nll 3.878e+00
[2023-02-03 09:41:26] [Epoch    46/  500] trn/loss 3.081e+00, trn/lr 2.939e-02, val/acc 1.343e-01, val/nll 3.854e+00
[2023-02-03 09:41:33] [Epoch    47/  500] trn/loss 3.055e+00, trn/lr 2.936e-02, val/acc 1.960e-01, val/nll 3.238e+00 (best_acc: 1.914e-01 -> 1.960e-01, test_acc: 1.952e-01, test_nll: 3.207e+00)
[2023-02-03 09:41:39] [Epoch    48/  500] trn/loss 3.085e+00, trn/lr 2.934e-02, val/acc 1.143e-01, val/nll 4.231e+00
[2023-02-03 09:41:45] [Epoch    49/  500] trn/loss 3.058e+00, trn/lr 2.931e-02, val/acc 1.073e-01, val/nll 4.038e+00
[2023-02-03 09:41:52] [Epoch    50/  500] trn/loss 3.044e+00, trn/lr 2.928e-02, val/acc 1.381e-01, val/nll 3.689e+00
[2023-02-03 09:41:58] [Epoch    51/  500] trn/loss 3.050e+00, trn/lr 2.925e-02, val/acc 2.400e-02, val/nll 9.090e+00
[2023-02-03 09:42:05] [Epoch    52/  500] trn/loss 3.066e+00, trn/lr 2.922e-02, val/acc 9.480e-02, val/nll 4.583e+00
[2023-02-03 09:42:11] [Epoch    53/  500] trn/loss 3.067e+00, trn/lr 2.919e-02, val/acc 1.000e-01, val/nll 4.569e+00
[2023-02-03 09:42:18] [Epoch    54/  500] trn/loss 3.066e+00, trn/lr 2.916e-02, val/acc 1.893e-01, val/nll 3.477e+00
[2023-02-03 09:42:24] [Epoch    55/  500] trn/loss 3.062e+00, trn/lr 2.913e-02, val/acc 1.306e-01, val/nll 3.593e+00
[2023-02-03 09:42:31] [Epoch    56/  500] trn/loss 3.089e+00, trn/lr 2.910e-02, val/acc 1.312e-01, val/nll 3.752e+00
[2023-02-03 09:42:37] [Epoch    57/  500] trn/loss 3.099e+00, trn/lr 2.906e-02, val/acc 5.409e-02, val/nll 5.650e+00
[2023-02-03 09:42:43] [Epoch    58/  500] trn/loss 3.057e+00, trn/lr 2.903e-02, val/acc 1.757e-01, val/nll 3.529e+00
[2023-02-03 09:42:50] [Epoch    59/  500] trn/loss 3.069e+00, trn/lr 2.900e-02, val/acc 8.230e-02, val/nll 4.776e+00
[2023-02-03 09:42:56] [Epoch    60/  500] trn/loss 3.067e+00, trn/lr 2.896e-02, val/acc 8.993e-02, val/nll 4.559e+00
[2023-02-03 09:43:03] [Epoch    61/  500] trn/loss 3.038e+00, trn/lr 2.893e-02, val/acc 1.569e-01, val/nll 3.487e+00
[2023-02-03 09:43:09] [Epoch    62/  500] trn/loss 3.048e+00, trn/lr 2.889e-02, val/acc 1.567e-01, val/nll 3.680e+00
[2023-02-03 09:43:16] [Epoch    63/  500] trn/loss 3.042e+00, trn/lr 2.886e-02, val/acc 1.189e-01, val/nll 3.998e+00
[2023-02-03 09:43:22] [Epoch    64/  500] trn/loss 3.037e+00, trn/lr 2.882e-02, val/acc 1.781e-01, val/nll 3.410e+00
[2023-02-03 09:43:28] [Epoch    65/  500] trn/loss 3.041e+00, trn/lr 2.879e-02, val/acc 1.375e-01, val/nll 3.797e+00
[2023-02-03 09:43:35] [Epoch    66/  500] trn/loss 3.038e+00, trn/lr 2.875e-02, val/acc 9.989e-02, val/nll 4.583e+00
[2023-02-03 09:43:41] [Epoch    67/  500] trn/loss 3.056e+00, trn/lr 2.871e-02, val/acc 1.558e-01, val/nll 3.675e+00
[2023-02-03 09:43:48] [Epoch    68/  500] trn/loss 3.062e+00, trn/lr 2.867e-02, val/acc 1.283e-01, val/nll 3.723e+00
[2023-02-03 09:43:54] [Epoch    69/  500] trn/loss 3.077e+00, trn/lr 2.863e-02, val/acc 1.383e-01, val/nll 3.821e+00
[2023-02-03 09:44:00] [Epoch    70/  500] trn/loss 3.039e+00, trn/lr 2.859e-02, val/acc 1.356e-01, val/nll 3.821e+00
[2023-02-03 09:44:07] [Epoch    71/  500] trn/loss 3.048e+00, trn/lr 2.855e-02, val/acc 1.575e-01, val/nll 3.679e+00
[2023-02-03 09:44:13] [Epoch    72/  500] trn/loss 3.042e+00, trn/lr 2.851e-02, val/acc 8.750e-02, val/nll 4.863e+00
[2023-02-03 09:44:20] [Epoch    73/  500] trn/loss 3.020e+00, trn/lr 2.847e-02, val/acc 1.499e-01, val/nll 3.763e+00
[2023-02-03 09:44:26] [Epoch    74/  500] trn/loss 3.033e+00, trn/lr 2.843e-02, val/acc 1.423e-01, val/nll 3.614e+00
[2023-02-03 09:44:32] [Epoch    75/  500] trn/loss 3.045e+00, trn/lr 2.839e-02, val/acc 1.868e-01, val/nll 3.381e+00
[2023-02-03 09:44:39] [Epoch    76/  500] trn/loss 3.025e+00, trn/lr 2.834e-02, val/acc 1.778e-01, val/nll 3.471e+00
[2023-02-03 09:44:45] [Epoch    77/  500] trn/loss 3.054e+00, trn/lr 2.830e-02, val/acc 1.674e-01, val/nll 3.586e+00
[2023-02-03 09:44:52] [Epoch    78/  500] trn/loss 3.031e+00, trn/lr 2.826e-02, val/acc 9.746e-02, val/nll 4.568e+00
[2023-02-03 09:44:58] [Epoch    79/  500] trn/loss 3.034e+00, trn/lr 2.821e-02, val/acc 1.530e-01, val/nll 3.676e+00
[2023-02-03 09:45:04] [Epoch    80/  500] trn/loss 3.047e+00, trn/lr 2.817e-02, val/acc 1.211e-01, val/nll 3.981e+00
[2023-02-03 09:45:11] [Epoch    81/  500] trn/loss 3.060e+00, trn/lr 2.812e-02, val/acc 1.408e-01, val/nll 3.741e+00
[2023-02-03 09:45:17] [Epoch    82/  500] trn/loss 3.069e+00, trn/lr 2.808e-02, val/acc 1.236e-01, val/nll 3.935e+00
[2023-02-03 09:45:24] [Epoch    83/  500] trn/loss 3.084e+00, trn/lr 2.803e-02, val/acc 1.379e-01, val/nll 3.808e+00
[2023-02-03 09:45:30] [Epoch    84/  500] trn/loss 3.072e+00, trn/lr 2.798e-02, val/acc 1.746e-01, val/nll 3.499e+00
[2023-02-03 09:45:36] [Epoch    85/  500] trn/loss 3.067e+00, trn/lr 2.794e-02, val/acc 1.369e-01, val/nll 3.783e+00
[2023-02-03 09:45:43] [Epoch    86/  500] trn/loss 3.060e+00, trn/lr 2.789e-02, val/acc 4.569e-02, val/nll 5.670e+00
[2023-02-03 09:45:49] [Epoch    87/  500] trn/loss 3.055e+00, trn/lr 2.784e-02, val/acc 1.456e-01, val/nll 3.782e+00
[2023-02-03 09:45:56] [Epoch    88/  500] trn/loss 3.030e+00, trn/lr 2.779e-02, val/acc 1.565e-01, val/nll 3.498e+00
[2023-02-03 09:46:02] [Epoch    89/  500] trn/loss 3.034e+00, trn/lr 2.774e-02, val/acc 1.618e-01, val/nll 3.504e+00
[2023-02-03 09:46:08] [Epoch    90/  500] trn/loss 3.017e+00, trn/lr 2.769e-02, val/acc 1.597e-01, val/nll 3.800e+00
[2023-02-03 09:46:15] [Epoch    91/  500] trn/loss 3.028e+00, trn/lr 2.764e-02, val/acc 1.215e-01, val/nll 4.165e+00
[2023-02-03 09:46:21] [Epoch    92/  500] trn/loss 3.038e+00, trn/lr 2.759e-02, val/acc 1.459e-01, val/nll 3.863e+00
[2023-02-03 09:46:28] [Epoch    93/  500] trn/loss 3.046e+00, trn/lr 2.754e-02, val/acc 1.319e-01, val/nll 3.786e+00
[2023-02-03 09:46:34] [Epoch    94/  500] trn/loss 3.042e+00, trn/lr 2.749e-02, val/acc 1.733e-01, val/nll 3.414e+00
[2023-02-03 09:46:40] [Epoch    95/  500] trn/loss 3.039e+00, trn/lr 2.743e-02, val/acc 1.631e-01, val/nll 3.487e+00
[2023-02-03 09:46:47] [Epoch    96/  500] trn/loss 3.010e+00, trn/lr 2.738e-02, val/acc 1.603e-01, val/nll 3.535e+00
[2023-02-03 09:46:53] [Epoch    97/  500] trn/loss 3.013e+00, trn/lr 2.733e-02, val/acc 9.657e-02, val/nll 4.881e+00
[2023-02-03 09:47:00] [Epoch    98/  500] trn/loss 3.063e+00, trn/lr 2.727e-02, val/acc 1.739e-01, val/nll 3.386e+00
[2023-02-03 09:47:06] [Epoch    99/  500] trn/loss 3.029e+00, trn/lr 2.722e-02, val/acc 1.528e-01, val/nll 3.544e+00
[2023-02-03 09:47:12] [Epoch   100/  500] trn/loss 3.046e+00, trn/lr 2.716e-02, val/acc 1.334e-01, val/nll 3.922e+00
[2023-02-03 09:47:19] [Epoch   101/  500] trn/loss 3.017e+00, trn/lr 2.711e-02, val/acc 1.456e-01, val/nll 3.708e+00
[2023-02-03 09:47:25] [Epoch   102/  500] trn/loss 3.022e+00, trn/lr 2.705e-02, val/acc 1.871e-01, val/nll 3.341e+00
[2023-02-03 09:47:31] [Epoch   103/  500] trn/loss 3.018e+00, trn/lr 2.700e-02, val/acc 1.079e-01, val/nll 4.301e+00
[2023-02-03 09:47:38] [Epoch   104/  500] trn/loss 3.029e+00, trn/lr 2.694e-02, val/acc 1.079e-01, val/nll 4.012e+00
[2023-02-03 09:47:44] [Epoch   105/  500] trn/loss 3.030e+00, trn/lr 2.688e-02, val/acc 1.136e-01, val/nll 4.184e+00
[2023-02-03 09:47:51] [Epoch   106/  500] trn/loss 3.013e+00, trn/lr 2.682e-02, val/acc 1.701e-01, val/nll 3.465e+00
[2023-02-03 09:47:57] [Epoch   107/  500] trn/loss 3.012e+00, trn/lr 2.677e-02, val/acc 1.763e-01, val/nll 3.387e+00
[2023-02-03 09:48:03] [Epoch   108/  500] trn/loss 3.001e+00, trn/lr 2.671e-02, val/acc 1.331e-01, val/nll 3.919e+00
[2023-02-03 09:48:10] [Epoch   109/  500] trn/loss 3.017e+00, trn/lr 2.665e-02, val/acc 1.198e-01, val/nll 3.884e+00
[2023-02-03 09:48:16] [Epoch   110/  500] trn/loss 3.019e+00, trn/lr 2.659e-02, val/acc 1.299e-01, val/nll 3.692e+00
[2023-02-03 09:48:22] [Epoch   111/  500] trn/loss 3.005e+00, trn/lr 2.653e-02, val/acc 1.261e-01, val/nll 3.919e+00
[2023-02-03 09:48:29] [Epoch   112/  500] trn/loss 3.014e+00, trn/lr 2.647e-02, val/acc 1.314e-01, val/nll 3.809e+00
[2023-02-03 09:48:35] [Epoch   113/  500] trn/loss 3.010e+00, trn/lr 2.641e-02, val/acc 1.186e-01, val/nll 4.377e+00
[2023-02-03 09:48:42] [Epoch   114/  500] trn/loss 2.981e+00, trn/lr 2.634e-02, val/acc 1.507e-01, val/nll 3.585e+00
[2023-02-03 09:48:48] [Epoch   115/  500] trn/loss 3.015e+00, trn/lr 2.628e-02, val/acc 8.208e-02, val/nll 4.838e+00
[2023-02-03 09:48:54] [Epoch   116/  500] trn/loss 3.015e+00, trn/lr 2.622e-02, val/acc 1.822e-01, val/nll 3.415e+00
[2023-02-03 09:49:01] [Epoch   117/  500] trn/loss 3.002e+00, trn/lr 2.616e-02, val/acc 1.518e-01, val/nll 3.683e+00
[2023-02-03 09:49:07] [Epoch   118/  500] trn/loss 3.026e+00, trn/lr 2.609e-02, val/acc 1.420e-01, val/nll 3.731e+00
[2023-02-03 09:49:13] [Epoch   119/  500] trn/loss 2.997e+00, trn/lr 2.603e-02, val/acc 1.669e-01, val/nll 3.506e+00
[2023-02-03 09:49:20] [Epoch   120/  500] trn/loss 3.001e+00, trn/lr 2.597e-02, val/acc 9.347e-02, val/nll 4.252e+00
[2023-02-03 09:49:26] [Epoch   121/  500] trn/loss 2.976e+00, trn/lr 2.590e-02, val/acc 8.485e-02, val/nll 4.529e+00
[2023-02-03 09:49:33] [Epoch   122/  500] trn/loss 3.013e+00, trn/lr 2.584e-02, val/acc 1.049e-01, val/nll 4.382e+00
[2023-02-03 09:49:39] [Epoch   123/  500] trn/loss 3.007e+00, trn/lr 2.577e-02, val/acc 1.459e-01, val/nll 3.589e+00
[2023-02-03 09:49:45] [Epoch   124/  500] trn/loss 2.993e+00, trn/lr 2.571e-02, val/acc 1.451e-01, val/nll 3.821e+00
[2023-02-03 09:49:52] [Epoch   125/  500] trn/loss 2.971e+00, trn/lr 2.564e-02, val/acc 1.626e-01, val/nll 3.482e+00
[2023-02-03 09:49:58] [Epoch   126/  500] trn/loss 2.982e+00, trn/lr 2.557e-02, val/acc 1.798e-01, val/nll 3.415e+00
[2023-02-03 09:50:05] [Epoch   127/  500] trn/loss 2.986e+00, trn/lr 2.551e-02, val/acc 2.052e-01, val/nll 3.218e+00 (best_acc: 1.960e-01 -> 2.052e-01, test_acc: 2.077e-01, test_nll: 3.194e+00)
[2023-02-03 09:50:11] [Epoch   128/  500] trn/loss 3.001e+00, trn/lr 2.544e-02, val/acc 1.752e-01, val/nll 3.455e+00
[2023-02-03 09:50:18] [Epoch   129/  500] trn/loss 2.980e+00, trn/lr 2.537e-02, val/acc 1.366e-01, val/nll 3.812e+00
[2023-02-03 09:50:24] [Epoch   130/  500] trn/loss 2.989e+00, trn/lr 2.530e-02, val/acc 8.673e-02, val/nll 4.879e+00
[2023-02-03 09:50:30] [Epoch   131/  500] trn/loss 2.977e+00, trn/lr 2.523e-02, val/acc 1.587e-01, val/nll 3.789e+00
[2023-02-03 09:50:37] [Epoch   132/  500] trn/loss 2.984e+00, trn/lr 2.516e-02, val/acc 7.843e-02, val/nll 5.385e+00
[2023-02-03 09:50:43] [Epoch   133/  500] trn/loss 3.012e+00, trn/lr 2.510e-02, val/acc 1.362e-01, val/nll 3.899e+00
[2023-02-03 09:50:49] [Epoch   134/  500] trn/loss 2.963e+00, trn/lr 2.503e-02, val/acc 9.049e-02, val/nll 4.605e+00
[2023-02-03 09:50:56] [Epoch   135/  500] trn/loss 2.993e+00, trn/lr 2.496e-02, val/acc 1.700e-01, val/nll 3.536e+00
[2023-02-03 09:51:02] [Epoch   136/  500] trn/loss 2.963e+00, trn/lr 2.488e-02, val/acc 1.867e-01, val/nll 3.426e+00
[2023-02-03 09:51:09] [Epoch   137/  500] trn/loss 2.984e+00, trn/lr 2.481e-02, val/acc 1.210e-01, val/nll 3.972e+00
[2023-02-03 09:51:15] [Epoch   138/  500] trn/loss 2.984e+00, trn/lr 2.474e-02, val/acc 1.715e-01, val/nll 3.447e+00
[2023-02-03 09:51:21] [Epoch   139/  500] trn/loss 3.001e+00, trn/lr 2.467e-02, val/acc 1.218e-01, val/nll 4.231e+00
[2023-02-03 09:51:28] [Epoch   140/  500] trn/loss 2.994e+00, trn/lr 2.460e-02, val/acc 8.252e-02, val/nll 4.411e+00
[2023-02-03 09:51:34] [Epoch   141/  500] trn/loss 2.979e+00, trn/lr 2.453e-02, val/acc 1.388e-01, val/nll 3.873e+00
[2023-02-03 09:51:40] [Epoch   142/  500] trn/loss 2.960e+00, trn/lr 2.445e-02, val/acc 9.259e-02, val/nll 4.326e+00
[2023-02-03 09:51:47] [Epoch   143/  500] trn/loss 2.947e+00, trn/lr 2.438e-02, val/acc 1.442e-01, val/nll 3.881e+00
[2023-02-03 09:51:53] [Epoch   144/  500] trn/loss 2.944e+00, trn/lr 2.431e-02, val/acc 9.546e-02, val/nll 4.675e+00
[2023-02-03 09:51:59] [Epoch   145/  500] trn/loss 2.968e+00, trn/lr 2.423e-02, val/acc 7.854e-02, val/nll 4.704e+00
[2023-02-03 09:52:06] [Epoch   146/  500] trn/loss 2.951e+00, trn/lr 2.416e-02, val/acc 1.556e-01, val/nll 3.652e+00
[2023-02-03 09:52:12] [Epoch   147/  500] trn/loss 2.995e+00, trn/lr 2.408e-02, val/acc 1.256e-01, val/nll 3.871e+00
[2023-02-03 09:52:18] [Epoch   148/  500] trn/loss 2.967e+00, trn/lr 2.401e-02, val/acc 9.735e-02, val/nll 4.501e+00
[2023-02-03 09:52:25] [Epoch   149/  500] trn/loss 2.982e+00, trn/lr 2.393e-02, val/acc 1.264e-01, val/nll 3.983e+00
[2023-02-03 09:52:31] [Epoch   150/  500] trn/loss 2.967e+00, trn/lr 2.386e-02, val/acc 1.842e-01, val/nll 3.475e+00
[2023-02-03 09:52:37] [Epoch   151/  500] trn/loss 2.952e+00, trn/lr 2.378e-02, val/acc 1.585e-01, val/nll 3.553e+00
[2023-02-03 09:52:44] [Epoch   152/  500] trn/loss 2.955e+00, trn/lr 2.370e-02, val/acc 9.646e-02, val/nll 4.843e+00
[2023-02-03 09:52:50] [Epoch   153/  500] trn/loss 2.963e+00, trn/lr 2.363e-02, val/acc 1.528e-01, val/nll 3.737e+00
[2023-02-03 09:52:56] [Epoch   154/  500] trn/loss 2.933e+00, trn/lr 2.355e-02, val/acc 1.639e-01, val/nll 3.685e+00
[2023-02-03 09:53:03] [Epoch   155/  500] trn/loss 2.953e+00, trn/lr 2.347e-02, val/acc 1.712e-01, val/nll 3.468e+00
[2023-02-03 09:53:09] [Epoch   156/  500] trn/loss 2.945e+00, trn/lr 2.339e-02, val/acc 7.356e-02, val/nll 5.493e+00
[2023-02-03 09:53:15] [Epoch   157/  500] trn/loss 2.985e+00, trn/lr 2.331e-02, val/acc 1.468e-01, val/nll 3.750e+00
[2023-02-03 09:53:22] [Epoch   158/  500] trn/loss 2.936e+00, trn/lr 2.324e-02, val/acc 1.171e-01, val/nll 3.939e+00
[2023-02-03 09:53:28] [Epoch   159/  500] trn/loss 2.932e+00, trn/lr 2.316e-02, val/acc 1.537e-01, val/nll 3.634e+00
[2023-02-03 09:53:34] [Epoch   160/  500] trn/loss 2.944e+00, trn/lr 2.308e-02, val/acc 1.905e-01, val/nll 3.348e+00
[2023-02-03 09:53:41] [Epoch   161/  500] trn/loss 2.923e+00, trn/lr 2.300e-02, val/acc 1.732e-01, val/nll 3.425e+00
[2023-02-03 09:53:47] [Epoch   162/  500] trn/loss 2.941e+00, trn/lr 2.292e-02, val/acc 1.659e-01, val/nll 3.431e+00
[2023-02-03 09:53:53] [Epoch   163/  500] trn/loss 2.955e+00, trn/lr 2.284e-02, val/acc 1.698e-01, val/nll 3.536e+00
[2023-02-03 09:54:00] [Epoch   164/  500] trn/loss 2.936e+00, trn/lr 2.276e-02, val/acc 1.935e-01, val/nll 3.277e+00
[2023-02-03 09:54:06] [Epoch   165/  500] trn/loss 2.932e+00, trn/lr 2.268e-02, val/acc 1.212e-01, val/nll 4.044e+00
[2023-02-03 09:54:12] [Epoch   166/  500] trn/loss 2.937e+00, trn/lr 2.260e-02, val/acc 1.330e-01, val/nll 3.903e+00
[2023-02-03 09:54:19] [Epoch   167/  500] trn/loss 2.945e+00, trn/lr 2.251e-02, val/acc 1.220e-01, val/nll 4.038e+00
[2023-02-03 09:54:25] [Epoch   168/  500] trn/loss 2.924e+00, trn/lr 2.243e-02, val/acc 1.777e-01, val/nll 3.416e+00
[2023-02-03 09:54:31] [Epoch   169/  500] trn/loss 2.957e+00, trn/lr 2.235e-02, val/acc 1.694e-01, val/nll 3.672e+00
[2023-02-03 09:54:38] [Epoch   170/  500] trn/loss 2.918e+00, trn/lr 2.227e-02, val/acc 1.409e-01, val/nll 3.797e+00
[2023-02-03 09:54:44] [Epoch   171/  500] trn/loss 2.918e+00, trn/lr 2.219e-02, val/acc 1.075e-01, val/nll 4.231e+00
[2023-02-03 09:54:50] [Epoch   172/  500] trn/loss 2.928e+00, trn/lr 2.210e-02, val/acc 1.945e-01, val/nll 3.319e+00
[2023-02-03 09:54:57] [Epoch   173/  500] trn/loss 2.935e+00, trn/lr 2.202e-02, val/acc 1.119e-01, val/nll 4.111e+00
[2023-02-03 09:55:03] [Epoch   174/  500] trn/loss 2.920e+00, trn/lr 2.194e-02, val/acc 1.362e-01, val/nll 3.906e+00
[2023-02-03 09:55:09] [Epoch   175/  500] trn/loss 2.900e+00, trn/lr 2.185e-02, val/acc 1.770e-01, val/nll 3.756e+00
[2023-02-03 09:55:16] [Epoch   176/  500] trn/loss 2.898e+00, trn/lr 2.177e-02, val/acc 7.522e-02, val/nll 4.458e+00
[2023-02-03 09:55:22] [Epoch   177/  500] trn/loss 2.922e+00, trn/lr 2.168e-02, val/acc 1.875e-01, val/nll 3.327e+00
[2023-02-03 09:55:28] [Epoch   178/  500] trn/loss 2.927e+00, trn/lr 2.160e-02, val/acc 1.394e-01, val/nll 3.823e+00
[2023-02-03 09:55:35] [Epoch   179/  500] trn/loss 2.915e+00, trn/lr 2.151e-02, val/acc 1.402e-01, val/nll 3.680e+00
[2023-02-03 09:55:41] [Epoch   180/  500] trn/loss 2.903e+00, trn/lr 2.143e-02, val/acc 1.958e-01, val/nll 3.273e+00
[2023-02-03 09:55:47] [Epoch   181/  500] trn/loss 2.889e+00, trn/lr 2.134e-02, val/acc 1.833e-01, val/nll 3.389e+00
[2023-02-03 09:55:54] [Epoch   182/  500] trn/loss 2.884e+00, trn/lr 2.126e-02, val/acc 1.702e-01, val/nll 3.650e+00
[2023-02-03 09:56:00] [Epoch   183/  500] trn/loss 2.922e+00, trn/lr 2.117e-02, val/acc 1.329e-01, val/nll 3.952e+00
[2023-02-03 09:56:06] [Epoch   184/  500] trn/loss 2.902e+00, trn/lr 2.109e-02, val/acc 8.960e-02, val/nll 5.383e+00
[2023-02-03 09:56:13] [Epoch   185/  500] trn/loss 2.907e+00, trn/lr 2.100e-02, val/acc 9.657e-02, val/nll 4.515e+00
[2023-02-03 09:56:19] [Epoch   186/  500] trn/loss 2.889e+00, trn/lr 2.091e-02, val/acc 1.512e-01, val/nll 3.788e+00
[2023-02-03 09:56:25] [Epoch   187/  500] trn/loss 2.880e+00, trn/lr 2.083e-02, val/acc 1.592e-01, val/nll 3.663e+00
[2023-02-03 09:56:32] [Epoch   188/  500] trn/loss 2.903e+00, trn/lr 2.074e-02, val/acc 1.456e-01, val/nll 3.905e+00
[2023-02-03 09:56:38] [Epoch   189/  500] trn/loss 2.911e+00, trn/lr 2.065e-02, val/acc 1.169e-01, val/nll 4.041e+00
[2023-02-03 09:56:45] [Epoch   190/  500] trn/loss 2.915e+00, trn/lr 2.057e-02, val/acc 2.134e-01, val/nll 3.235e+00 (best_acc: 2.052e-01 -> 2.134e-01, test_acc: 2.157e-01, test_nll: 3.213e+00)
[2023-02-03 09:56:51] [Epoch   191/  500] trn/loss 2.871e+00, trn/lr 2.048e-02, val/acc 1.612e-01, val/nll 3.580e+00
[2023-02-03 09:56:58] [Epoch   192/  500] trn/loss 2.886e+00, trn/lr 2.039e-02, val/acc 2.242e-01, val/nll 3.130e+00 (best_acc: 2.134e-01 -> 2.242e-01, test_acc: 2.326e-01, test_nll: 3.091e+00)
[2023-02-03 09:57:04] [Epoch   193/  500] trn/loss 2.881e+00, trn/lr 2.030e-02, val/acc 1.284e-01, val/nll 4.053e+00
[2023-02-03 09:57:10] [Epoch   194/  500] trn/loss 2.884e+00, trn/lr 2.021e-02, val/acc 1.722e-01, val/nll 3.454e+00
[2023-02-03 09:57:17] [Epoch   195/  500] trn/loss 2.858e+00, trn/lr 2.013e-02, val/acc 1.921e-01, val/nll 3.461e+00
[2023-02-03 09:57:23] [Epoch   196/  500] trn/loss 2.880e+00, trn/lr 2.004e-02, val/acc 1.194e-01, val/nll 3.959e+00
[2023-02-03 09:57:29] [Epoch   197/  500] trn/loss 2.879e+00, trn/lr 1.995e-02, val/acc 1.795e-01, val/nll 3.421e+00
[2023-02-03 09:57:36] [Epoch   198/  500] trn/loss 2.893e+00, trn/lr 1.986e-02, val/acc 1.750e-01, val/nll 3.564e+00
[2023-02-03 09:57:42] [Epoch   199/  500] trn/loss 2.867e+00, trn/lr 1.977e-02, val/acc 2.052e-01, val/nll 3.235e+00
[2023-02-03 09:57:48] [Epoch   200/  500] trn/loss 2.852e+00, trn/lr 1.968e-02, val/acc 2.030e-01, val/nll 3.307e+00
[2023-02-03 09:57:54] [Epoch   201/  500] trn/loss 2.880e+00, trn/lr 1.959e-02, val/acc 2.174e-01, val/nll 3.156e+00
[2023-02-03 09:58:01] [Epoch   202/  500] trn/loss 2.846e+00, trn/lr 1.950e-02, val/acc 6.980e-02, val/nll 5.210e+00
[2023-02-03 09:58:07] [Epoch   203/  500] trn/loss 2.884e+00, trn/lr 1.941e-02, val/acc 1.741e-01, val/nll 3.497e+00
[2023-02-03 09:58:13] [Epoch   204/  500] trn/loss 2.860e+00, trn/lr 1.932e-02, val/acc 1.883e-01, val/nll 3.386e+00
[2023-02-03 09:58:20] [Epoch   205/  500] trn/loss 2.841e+00, trn/lr 1.923e-02, val/acc 1.885e-01, val/nll 3.430e+00
[2023-02-03 09:58:26] [Epoch   206/  500] trn/loss 2.862e+00, trn/lr 1.914e-02, val/acc 1.461e-01, val/nll 3.910e+00
[2023-02-03 09:58:32] [Epoch   207/  500] trn/loss 2.863e+00, trn/lr 1.905e-02, val/acc 2.111e-01, val/nll 3.204e+00
[2023-02-03 09:58:39] [Epoch   208/  500] trn/loss 2.845e+00, trn/lr 1.896e-02, val/acc 1.317e-01, val/nll 3.810e+00
[2023-02-03 09:58:45] [Epoch   209/  500] trn/loss 2.832e+00, trn/lr 1.887e-02, val/acc 1.681e-01, val/nll 3.707e+00
[2023-02-03 09:58:51] [Epoch   210/  500] trn/loss 2.830e+00, trn/lr 1.878e-02, val/acc 1.879e-01, val/nll 3.535e+00
[2023-02-03 09:58:58] [Epoch   211/  500] trn/loss 2.831e+00, trn/lr 1.868e-02, val/acc 1.711e-01, val/nll 3.813e+00
[2023-02-03 09:59:04] [Epoch   212/  500] trn/loss 2.821e+00, trn/lr 1.859e-02, val/acc 2.290e-01, val/nll 3.053e+00 (best_acc: 2.242e-01 -> 2.290e-01, test_acc: 2.268e-01, test_nll: 3.037e+00)
[2023-02-03 09:59:11] [Epoch   213/  500] trn/loss 2.839e+00, trn/lr 1.850e-02, val/acc 1.743e-01, val/nll 3.482e+00
[2023-02-03 09:59:17] [Epoch   214/  500] trn/loss 2.824e+00, trn/lr 1.841e-02, val/acc 1.879e-01, val/nll 3.389e+00
[2023-02-03 09:59:23] [Epoch   215/  500] trn/loss 2.827e+00, trn/lr 1.832e-02, val/acc 1.631e-01, val/nll 3.725e+00
[2023-02-03 09:59:30] [Epoch   216/  500] trn/loss 2.831e+00, trn/lr 1.823e-02, val/acc 1.402e-01, val/nll 3.651e+00
[2023-02-03 09:59:36] [Epoch   217/  500] trn/loss 2.826e+00, trn/lr 1.813e-02, val/acc 1.990e-01, val/nll 3.420e+00
[2023-02-03 09:59:42] [Epoch   218/  500] trn/loss 2.804e+00, trn/lr 1.804e-02, val/acc 1.992e-01, val/nll 3.366e+00
[2023-02-03 09:59:48] [Epoch   219/  500] trn/loss 2.813e+00, trn/lr 1.795e-02, val/acc 2.147e-01, val/nll 3.227e+00
[2023-02-03 09:59:55] [Epoch   220/  500] trn/loss 2.795e+00, trn/lr 1.786e-02, val/acc 2.316e-01, val/nll 3.084e+00 (best_acc: 2.290e-01 -> 2.316e-01, test_acc: 2.231e-01, test_nll: 3.069e+00)
[2023-02-03 10:00:02] [Epoch   221/  500] trn/loss 2.775e+00, trn/lr 1.776e-02, val/acc 2.258e-01, val/nll 3.143e+00
[2023-02-03 10:00:08] [Epoch   222/  500] trn/loss 2.777e+00, trn/lr 1.767e-02, val/acc 2.404e-01, val/nll 3.025e+00 (best_acc: 2.316e-01 -> 2.404e-01, test_acc: 2.376e-01, test_nll: 3.018e+00)
[2023-02-03 10:00:15] [Epoch   223/  500] trn/loss 2.791e+00, trn/lr 1.758e-02, val/acc 2.107e-01, val/nll 3.239e+00
[2023-02-03 10:00:21] [Epoch   224/  500] trn/loss 2.802e+00, trn/lr 1.749e-02, val/acc 1.529e-01, val/nll 3.637e+00
[2023-02-03 10:00:27] [Epoch   225/  500] trn/loss 2.783e+00, trn/lr 1.739e-02, val/acc 1.675e-01, val/nll 3.461e+00
[2023-02-03 10:00:34] [Epoch   226/  500] trn/loss 2.787e+00, trn/lr 1.730e-02, val/acc 2.143e-01, val/nll 3.222e+00
[2023-02-03 10:00:40] [Epoch   227/  500] trn/loss 2.800e+00, trn/lr 1.721e-02, val/acc 2.320e-01, val/nll 3.178e+00
[2023-02-03 10:00:46] [Epoch   228/  500] trn/loss 2.802e+00, trn/lr 1.711e-02, val/acc 2.163e-01, val/nll 3.160e+00
[2023-02-03 10:00:53] [Epoch   229/  500] trn/loss 2.802e+00, trn/lr 1.702e-02, val/acc 2.273e-01, val/nll 3.073e+00
[2023-02-03 10:00:59] [Epoch   230/  500] trn/loss 2.786e+00, trn/lr 1.693e-02, val/acc 2.106e-01, val/nll 3.209e+00
[2023-02-03 10:01:05] [Epoch   231/  500] trn/loss 2.786e+00, trn/lr 1.683e-02, val/acc 2.294e-01, val/nll 3.147e+00
[2023-02-03 10:01:11] [Epoch   232/  500] trn/loss 2.760e+00, trn/lr 1.674e-02, val/acc 2.023e-01, val/nll 3.330e+00
[2023-02-03 10:01:18] [Epoch   233/  500] trn/loss 2.776e+00, trn/lr 1.665e-02, val/acc 1.750e-01, val/nll 3.564e+00
[2023-02-03 10:01:24] [Epoch   234/  500] trn/loss 2.774e+00, trn/lr 1.655e-02, val/acc 1.989e-01, val/nll 3.375e+00
[2023-02-03 10:01:30] [Epoch   235/  500] trn/loss 2.757e+00, trn/lr 1.646e-02, val/acc 2.035e-01, val/nll 3.332e+00
[2023-02-03 10:01:37] [Epoch   236/  500] trn/loss 2.790e+00, trn/lr 1.636e-02, val/acc 2.231e-01, val/nll 3.145e+00
[2023-02-03 10:01:43] [Epoch   237/  500] trn/loss 2.754e+00, trn/lr 1.627e-02, val/acc 1.907e-01, val/nll 3.570e+00
[2023-02-03 10:01:49] [Epoch   238/  500] trn/loss 2.756e+00, trn/lr 1.618e-02, val/acc 2.377e-01, val/nll 3.059e+00
[2023-02-03 10:01:56] [Epoch   239/  500] trn/loss 2.749e+00, trn/lr 1.608e-02, val/acc 2.287e-01, val/nll 3.147e+00
[2023-02-03 10:02:02] [Epoch   240/  500] trn/loss 2.786e+00, trn/lr 1.599e-02, val/acc 2.137e-01, val/nll 3.193e+00
[2023-02-03 10:02:08] [Epoch   241/  500] trn/loss 2.764e+00, trn/lr 1.590e-02, val/acc 2.096e-01, val/nll 3.332e+00
[2023-02-03 10:02:14] [Epoch   242/  500] trn/loss 2.730e+00, trn/lr 1.580e-02, val/acc 2.241e-01, val/nll 3.193e+00
[2023-02-03 10:02:21] [Epoch   243/  500] trn/loss 2.721e+00, trn/lr 1.571e-02, val/acc 1.938e-01, val/nll 3.327e+00
[2023-02-03 10:02:27] [Epoch   244/  500] trn/loss 2.749e+00, trn/lr 1.561e-02, val/acc 2.063e-01, val/nll 3.244e+00
[2023-02-03 10:02:33] [Epoch   245/  500] trn/loss 2.743e+00, trn/lr 1.552e-02, val/acc 1.864e-01, val/nll 3.481e+00
[2023-02-03 10:02:40] [Epoch   246/  500] trn/loss 2.711e+00, trn/lr 1.542e-02, val/acc 2.213e-01, val/nll 3.243e+00
[2023-02-03 10:02:46] [Epoch   247/  500] trn/loss 2.725e+00, trn/lr 1.533e-02, val/acc 1.775e-01, val/nll 3.560e+00
[2023-02-03 10:02:52] [Epoch   248/  500] trn/loss 2.740e+00, trn/lr 1.524e-02, val/acc 1.034e-01, val/nll 4.685e+00
[2023-02-03 10:02:59] [Epoch   249/  500] trn/loss 2.727e+00, trn/lr 1.514e-02, val/acc 2.501e-01, val/nll 2.923e+00 (best_acc: 2.404e-01 -> 2.501e-01, test_acc: 2.621e-01, test_nll: 2.859e+00)
[2023-02-03 10:03:05] [Epoch   250/  500] trn/loss 2.719e+00, trn/lr 1.505e-02, val/acc 2.259e-01, val/nll 3.144e+00
[2023-02-03 10:03:12] [Epoch   251/  500] trn/loss 2.718e+00, trn/lr 1.495e-02, val/acc 2.291e-01, val/nll 3.110e+00
[2023-02-03 10:03:18] [Epoch   252/  500] trn/loss 2.720e+00, trn/lr 1.486e-02, val/acc 2.369e-01, val/nll 3.053e+00
[2023-02-03 10:03:24] [Epoch   253/  500] trn/loss 2.711e+00, trn/lr 1.476e-02, val/acc 2.133e-01, val/nll 3.179e+00
[2023-02-03 10:03:30] [Epoch   254/  500] trn/loss 2.693e+00, trn/lr 1.467e-02, val/acc 1.895e-01, val/nll 3.506e+00
[2023-02-03 10:03:37] [Epoch   255/  500] trn/loss 2.738e+00, trn/lr 1.458e-02, val/acc 2.486e-01, val/nll 3.011e+00
[2023-02-03 10:03:43] [Epoch   256/  500] trn/loss 2.709e+00, trn/lr 1.448e-02, val/acc 2.389e-01, val/nll 3.026e+00
[2023-02-03 10:03:49] [Epoch   257/  500] trn/loss 2.705e+00, trn/lr 1.439e-02, val/acc 2.280e-01, val/nll 3.175e+00
[2023-02-03 10:03:56] [Epoch   258/  500] trn/loss 2.710e+00, trn/lr 1.429e-02, val/acc 2.419e-01, val/nll 3.044e+00
[2023-02-03 10:04:02] [Epoch   259/  500] trn/loss 2.716e+00, trn/lr 1.420e-02, val/acc 2.394e-01, val/nll 3.036e+00
[2023-02-03 10:04:08] [Epoch   260/  500] trn/loss 2.690e+00, trn/lr 1.411e-02, val/acc 2.092e-01, val/nll 3.288e+00
[2023-02-03 10:04:15] [Epoch   261/  500] trn/loss 2.683e+00, trn/lr 1.401e-02, val/acc 1.785e-01, val/nll 3.559e+00
[2023-02-03 10:04:21] [Epoch   262/  500] trn/loss 2.670e+00, trn/lr 1.392e-02, val/acc 2.450e-01, val/nll 3.001e+00
[2023-02-03 10:04:27] [Epoch   263/  500] trn/loss 2.682e+00, trn/lr 1.382e-02, val/acc 9.956e-02, val/nll 4.640e+00
[2023-02-03 10:04:33] [Epoch   264/  500] trn/loss 2.692e+00, trn/lr 1.373e-02, val/acc 1.487e-01, val/nll 3.897e+00
[2023-02-03 10:04:40] [Epoch   265/  500] trn/loss 2.686e+00, trn/lr 1.364e-02, val/acc 2.541e-01, val/nll 2.936e+00 (best_acc: 2.501e-01 -> 2.541e-01, test_acc: 2.565e-01, test_nll: 2.901e+00)
[2023-02-03 10:04:47] [Epoch   266/  500] trn/loss 2.655e+00, trn/lr 1.354e-02, val/acc 1.788e-01, val/nll 3.538e+00
[2023-02-03 10:04:53] [Epoch   267/  500] trn/loss 2.636e+00, trn/lr 1.345e-02, val/acc 2.223e-01, val/nll 3.172e+00
[2023-02-03 10:04:59] [Epoch   268/  500] trn/loss 2.683e+00, trn/lr 1.335e-02, val/acc 1.607e-01, val/nll 3.876e+00
[2023-02-03 10:05:05] [Epoch   269/  500] trn/loss 2.679e+00, trn/lr 1.326e-02, val/acc 2.402e-01, val/nll 3.042e+00
[2023-02-03 10:05:12] [Epoch   270/  500] trn/loss 2.643e+00, trn/lr 1.317e-02, val/acc 2.045e-01, val/nll 3.283e+00
[2023-02-03 10:05:18] [Epoch   271/  500] trn/loss 2.679e+00, trn/lr 1.307e-02, val/acc 2.321e-01, val/nll 3.075e+00
[2023-02-03 10:05:25] [Epoch   272/  500] trn/loss 2.647e+00, trn/lr 1.298e-02, val/acc 2.841e-01, val/nll 2.814e+00 (best_acc: 2.541e-01 -> 2.841e-01, test_acc: 2.829e-01, test_nll: 2.795e+00)
[2023-02-03 10:05:31] [Epoch   273/  500] trn/loss 2.637e+00, trn/lr 1.289e-02, val/acc 2.090e-01, val/nll 3.379e+00
[2023-02-03 10:05:37] [Epoch   274/  500] trn/loss 2.636e+00, trn/lr 1.279e-02, val/acc 2.759e-01, val/nll 2.835e+00
[2023-02-03 10:05:44] [Epoch   275/  500] trn/loss 2.646e+00, trn/lr 1.270e-02, val/acc 2.031e-01, val/nll 3.437e+00
[2023-02-03 10:05:50] [Epoch   276/  500] trn/loss 2.622e+00, trn/lr 1.261e-02, val/acc 2.949e-01, val/nll 2.756e+00 (best_acc: 2.841e-01 -> 2.949e-01, test_acc: 2.927e-01, test_nll: 2.726e+00)
[2023-02-03 10:05:57] [Epoch   277/  500] trn/loss 2.618e+00, trn/lr 1.251e-02, val/acc 1.929e-01, val/nll 3.522e+00
[2023-02-03 10:06:03] [Epoch   278/  500] trn/loss 2.672e+00, trn/lr 1.242e-02, val/acc 2.240e-01, val/nll 3.208e+00
[2023-02-03 10:06:09] [Epoch   279/  500] trn/loss 2.635e+00, trn/lr 1.233e-02, val/acc 2.148e-01, val/nll 3.265e+00
[2023-02-03 10:06:16] [Epoch   280/  500] trn/loss 2.613e+00, trn/lr 1.224e-02, val/acc 2.545e-01, val/nll 2.920e+00
[2023-02-03 10:06:22] [Epoch   281/  500] trn/loss 2.618e+00, trn/lr 1.214e-02, val/acc 2.393e-01, val/nll 3.160e+00
[2023-02-03 10:06:28] [Epoch   282/  500] trn/loss 2.635e+00, trn/lr 1.205e-02, val/acc 2.767e-01, val/nll 2.849e+00
[2023-02-03 10:06:34] [Epoch   283/  500] trn/loss 2.593e+00, trn/lr 1.196e-02, val/acc 2.779e-01, val/nll 2.866e+00
[2023-02-03 10:06:41] [Epoch   284/  500] trn/loss 2.590e+00, trn/lr 1.187e-02, val/acc 2.179e-01, val/nll 3.161e+00
[2023-02-03 10:06:47] [Epoch   285/  500] trn/loss 2.577e+00, trn/lr 1.177e-02, val/acc 1.702e-01, val/nll 3.834e+00
[2023-02-03 10:06:53] [Epoch   286/  500] trn/loss 2.596e+00, trn/lr 1.168e-02, val/acc 2.371e-01, val/nll 3.150e+00
[2023-02-03 10:07:00] [Epoch   287/  500] trn/loss 2.601e+00, trn/lr 1.159e-02, val/acc 2.671e-01, val/nll 2.903e+00
[2023-02-03 10:07:06] [Epoch   288/  500] trn/loss 2.575e+00, trn/lr 1.150e-02, val/acc 2.235e-01, val/nll 3.126e+00
[2023-02-03 10:07:12] [Epoch   289/  500] trn/loss 2.591e+00, trn/lr 1.141e-02, val/acc 2.013e-01, val/nll 3.204e+00
[2023-02-03 10:07:18] [Epoch   290/  500] trn/loss 2.576e+00, trn/lr 1.132e-02, val/acc 2.361e-01, val/nll 3.064e+00
[2023-02-03 10:07:25] [Epoch   291/  500] trn/loss 2.558e+00, trn/lr 1.122e-02, val/acc 2.378e-01, val/nll 3.117e+00
[2023-02-03 10:07:31] [Epoch   292/  500] trn/loss 2.578e+00, trn/lr 1.113e-02, val/acc 2.451e-01, val/nll 3.122e+00
[2023-02-03 10:07:37] [Epoch   293/  500] trn/loss 2.516e+00, trn/lr 1.104e-02, val/acc 2.493e-01, val/nll 3.099e+00
[2023-02-03 10:07:44] [Epoch   294/  500] trn/loss 2.548e+00, trn/lr 1.095e-02, val/acc 1.399e-01, val/nll 4.557e+00
[2023-02-03 10:07:50] [Epoch   295/  500] trn/loss 2.538e+00, trn/lr 1.086e-02, val/acc 2.312e-01, val/nll 3.271e+00
[2023-02-03 10:07:56] [Epoch   296/  500] trn/loss 2.528e+00, trn/lr 1.077e-02, val/acc 2.733e-01, val/nll 2.886e+00
[2023-02-03 10:08:02] [Epoch   297/  500] trn/loss 2.523e+00, trn/lr 1.068e-02, val/acc 2.542e-01, val/nll 3.043e+00
[2023-02-03 10:08:09] [Epoch   298/  500] trn/loss 2.503e+00, trn/lr 1.059e-02, val/acc 2.577e-01, val/nll 2.987e+00
[2023-02-03 10:08:15] [Epoch   299/  500] trn/loss 2.508e+00, trn/lr 1.050e-02, val/acc 2.052e-01, val/nll 3.418e+00
[2023-02-03 10:08:21] [Epoch   300/  500] trn/loss 2.502e+00, trn/lr 1.041e-02, val/acc 2.756e-01, val/nll 2.813e+00
[2023-02-03 10:08:28] [Epoch   301/  500] trn/loss 2.509e+00, trn/lr 1.032e-02, val/acc 2.638e-01, val/nll 2.974e+00
[2023-02-03 10:08:34] [Epoch   302/  500] trn/loss 2.511e+00, trn/lr 1.023e-02, val/acc 2.896e-01, val/nll 2.772e+00
[2023-02-03 10:08:40] [Epoch   303/  500] trn/loss 2.490e+00, trn/lr 1.014e-02, val/acc 2.815e-01, val/nll 2.823e+00
[2023-02-03 10:08:46] [Epoch   304/  500] trn/loss 2.473e+00, trn/lr 1.005e-02, val/acc 2.770e-01, val/nll 2.822e+00
[2023-02-03 10:08:53] [Epoch   305/  500] trn/loss 2.478e+00, trn/lr 9.964e-03, val/acc 2.773e-01, val/nll 2.845e+00
[2023-02-03 10:08:59] [Epoch   306/  500] trn/loss 2.461e+00, trn/lr 9.875e-03, val/acc 2.906e-01, val/nll 2.828e+00
[2023-02-03 10:09:05] [Epoch   307/  500] trn/loss 2.443e+00, trn/lr 9.786e-03, val/acc 2.438e-01, val/nll 3.100e+00
[2023-02-03 10:09:12] [Epoch   308/  500] trn/loss 2.459e+00, trn/lr 9.698e-03, val/acc 2.588e-01, val/nll 2.978e+00
[2023-02-03 10:09:18] [Epoch   309/  500] trn/loss 2.452e+00, trn/lr 9.610e-03, val/acc 2.003e-01, val/nll 3.374e+00
[2023-02-03 10:09:24] [Epoch   310/  500] trn/loss 2.431e+00, trn/lr 9.522e-03, val/acc 2.762e-01, val/nll 2.921e+00
[2023-02-03 10:09:31] [Epoch   311/  500] trn/loss 2.454e+00, trn/lr 9.435e-03, val/acc 2.408e-01, val/nll 3.166e+00
[2023-02-03 10:09:37] [Epoch   312/  500] trn/loss 2.425e+00, trn/lr 9.347e-03, val/acc 2.357e-01, val/nll 3.111e+00
[2023-02-03 10:09:43] [Epoch   313/  500] trn/loss 2.418e+00, trn/lr 9.260e-03, val/acc 2.903e-01, val/nll 2.822e+00
[2023-02-03 10:09:49] [Epoch   314/  500] trn/loss 2.418e+00, trn/lr 9.173e-03, val/acc 2.746e-01, val/nll 2.837e+00
[2023-02-03 10:09:56] [Epoch   315/  500] trn/loss 2.409e+00, trn/lr 9.086e-03, val/acc 2.403e-01, val/nll 3.175e+00
[2023-02-03 10:10:02] [Epoch   316/  500] trn/loss 2.406e+00, trn/lr 9.000e-03, val/acc 2.515e-01, val/nll 3.075e+00
[2023-02-03 10:10:09] [Epoch   317/  500] trn/loss 2.403e+00, trn/lr 8.914e-03, val/acc 3.219e-01, val/nll 2.571e+00 (best_acc: 2.949e-01 -> 3.219e-01, test_acc: 3.316e-01, test_nll: 2.540e+00)
[2023-02-03 10:10:15] [Epoch   318/  500] trn/loss 2.378e+00, trn/lr 8.828e-03, val/acc 2.865e-01, val/nll 2.824e+00
[2023-02-03 10:10:21] [Epoch   319/  500] trn/loss 2.419e+00, trn/lr 8.742e-03, val/acc 2.779e-01, val/nll 2.857e+00
[2023-02-03 10:10:27] [Epoch   320/  500] trn/loss 2.403e+00, trn/lr 8.656e-03, val/acc 2.712e-01, val/nll 2.886e+00
[2023-02-03 10:10:34] [Epoch   321/  500] trn/loss 2.377e+00, trn/lr 8.571e-03, val/acc 3.015e-01, val/nll 2.708e+00
[2023-02-03 10:10:41] [Epoch   322/  500] trn/loss 2.379e+00, trn/lr 8.486e-03, val/acc 3.232e-01, val/nll 2.634e+00 (best_acc: 3.219e-01 -> 3.232e-01, test_acc: 3.218e-01, test_nll: 2.596e+00)
[2023-02-03 10:10:47] [Epoch   323/  500] trn/loss 2.358e+00, trn/lr 8.401e-03, val/acc 2.908e-01, val/nll 2.775e+00
[2023-02-03 10:10:53] [Epoch   324/  500] trn/loss 2.382e+00, trn/lr 8.317e-03, val/acc 3.154e-01, val/nll 2.638e+00
[2023-02-03 10:10:59] [Epoch   325/  500] trn/loss 2.380e+00, trn/lr 8.232e-03, val/acc 2.169e-01, val/nll 3.418e+00
[2023-02-03 10:11:06] [Epoch   326/  500] trn/loss 2.335e+00, trn/lr 8.148e-03, val/acc 3.433e-01, val/nll 2.535e+00 (best_acc: 3.232e-01 -> 3.433e-01, test_acc: 3.502e-01, test_nll: 2.505e+00)
[2023-02-03 10:11:12] [Epoch   327/  500] trn/loss 2.334e+00, trn/lr 8.065e-03, val/acc 2.715e-01, val/nll 2.919e+00
[2023-02-03 10:11:19] [Epoch   328/  500] trn/loss 2.349e+00, trn/lr 7.981e-03, val/acc 3.319e-01, val/nll 2.543e+00
[2023-02-03 10:11:25] [Epoch   329/  500] trn/loss 2.348e+00, trn/lr 7.898e-03, val/acc 3.018e-01, val/nll 2.670e+00
[2023-02-03 10:11:31] [Epoch   330/  500] trn/loss 2.315e+00, trn/lr 7.815e-03, val/acc 3.284e-01, val/nll 2.600e+00
[2023-02-03 10:11:37] [Epoch   331/  500] trn/loss 2.281e+00, trn/lr 7.733e-03, val/acc 2.892e-01, val/nll 2.871e+00
[2023-02-03 10:11:44] [Epoch   332/  500] trn/loss 2.311e+00, trn/lr 7.650e-03, val/acc 2.918e-01, val/nll 2.751e+00
[2023-02-03 10:11:50] [Epoch   333/  500] trn/loss 2.319e+00, trn/lr 7.568e-03, val/acc 3.118e-01, val/nll 2.674e+00
[2023-02-03 10:11:56] [Epoch   334/  500] trn/loss 2.283e+00, trn/lr 7.487e-03, val/acc 3.179e-01, val/nll 2.675e+00
[2023-02-03 10:12:03] [Epoch   335/  500] trn/loss 2.287e+00, trn/lr 7.405e-03, val/acc 3.228e-01, val/nll 2.621e+00
[2023-02-03 10:12:09] [Epoch   336/  500] trn/loss 2.272e+00, trn/lr 7.324e-03, val/acc 3.283e-01, val/nll 2.597e+00
[2023-02-03 10:12:15] [Epoch   337/  500] trn/loss 2.301e+00, trn/lr 7.243e-03, val/acc 3.242e-01, val/nll 2.638e+00
[2023-02-03 10:12:21] [Epoch   338/  500] trn/loss 2.298e+00, trn/lr 7.163e-03, val/acc 2.860e-01, val/nll 2.778e+00
[2023-02-03 10:12:28] [Epoch   339/  500] trn/loss 2.267e+00, trn/lr 7.083e-03, val/acc 3.231e-01, val/nll 2.621e+00
[2023-02-03 10:12:34] [Epoch   340/  500] trn/loss 2.255e+00, trn/lr 7.003e-03, val/acc 3.314e-01, val/nll 2.590e+00
[2023-02-03 10:12:40] [Epoch   341/  500] trn/loss 2.256e+00, trn/lr 6.923e-03, val/acc 2.846e-01, val/nll 2.828e+00
[2023-02-03 10:12:47] [Epoch   342/  500] trn/loss 2.242e+00, trn/lr 6.844e-03, val/acc 2.837e-01, val/nll 2.842e+00
[2023-02-03 10:12:53] [Epoch   343/  500] trn/loss 2.233e+00, trn/lr 6.765e-03, val/acc 3.218e-01, val/nll 2.675e+00
[2023-02-03 10:13:00] [Epoch   344/  500] trn/loss 2.248e+00, trn/lr 6.686e-03, val/acc 3.559e-01, val/nll 2.455e+00 (best_acc: 3.433e-01 -> 3.559e-01, test_acc: 3.576e-01, test_nll: 2.438e+00)
[2023-02-03 10:13:06] [Epoch   345/  500] trn/loss 2.253e+00, trn/lr 6.608e-03, val/acc 3.136e-01, val/nll 2.691e+00
[2023-02-03 10:13:12] [Epoch   346/  500] trn/loss 2.218e+00, trn/lr 6.530e-03, val/acc 3.406e-01, val/nll 2.534e+00
[2023-02-03 10:13:18] [Epoch   347/  500] trn/loss 2.230e+00, trn/lr 6.452e-03, val/acc 3.418e-01, val/nll 2.503e+00
[2023-02-03 10:13:25] [Epoch   348/  500] trn/loss 2.224e+00, trn/lr 6.375e-03, val/acc 3.385e-01, val/nll 2.541e+00
[2023-02-03 10:13:31] [Epoch   349/  500] trn/loss 2.231e+00, trn/lr 6.298e-03, val/acc 3.407e-01, val/nll 2.556e+00
[2023-02-03 10:13:37] [Epoch   350/  500] trn/loss 2.234e+00, trn/lr 6.222e-03, val/acc 3.051e-01, val/nll 2.761e+00
[2023-02-03 10:13:44] [Epoch   351/  500] trn/loss 2.225e+00, trn/lr 6.145e-03, val/acc 3.560e-01, val/nll 2.455e+00 (best_acc: 3.559e-01 -> 3.560e-01, test_acc: 3.631e-01, test_nll: 2.410e+00)
[2023-02-03 10:13:51] [Epoch   352/  500] trn/loss 2.188e+00, trn/lr 6.069e-03, val/acc 3.612e-01, val/nll 2.456e+00 (best_acc: 3.560e-01 -> 3.612e-01, test_acc: 3.673e-01, test_nll: 2.425e+00)
[2023-02-03 10:13:57] [Epoch   353/  500] trn/loss 2.191e+00, trn/lr 5.994e-03, val/acc 3.025e-01, val/nll 2.730e+00
[2023-02-03 10:14:03] [Epoch   354/  500] trn/loss 2.199e+00, trn/lr 5.919e-03, val/acc 3.282e-01, val/nll 2.679e+00
[2023-02-03 10:14:10] [Epoch   355/  500] trn/loss 2.211e+00, trn/lr 5.844e-03, val/acc 3.531e-01, val/nll 2.480e+00
[2023-02-03 10:14:16] [Epoch   356/  500] trn/loss 2.178e+00, trn/lr 5.769e-03, val/acc 3.162e-01, val/nll 2.770e+00
[2023-02-03 10:14:22] [Epoch   357/  500] trn/loss 2.170e+00, trn/lr 5.695e-03, val/acc 3.518e-01, val/nll 2.472e+00
[2023-02-03 10:14:29] [Epoch   358/  500] trn/loss 2.157e+00, trn/lr 5.622e-03, val/acc 3.523e-01, val/nll 2.529e+00
[2023-02-03 10:14:35] [Epoch   359/  500] trn/loss 2.161e+00, trn/lr 5.548e-03, val/acc 3.413e-01, val/nll 2.548e+00
[2023-02-03 10:14:42] [Epoch   360/  500] trn/loss 2.174e+00, trn/lr 5.475e-03, val/acc 3.483e-01, val/nll 2.539e+00
[2023-02-03 10:14:49] [Epoch   361/  500] trn/loss 2.158e+00, trn/lr 5.403e-03, val/acc 2.619e-01, val/nll 3.136e+00
[2023-02-03 10:14:56] [Epoch   362/  500] trn/loss 2.146e+00, trn/lr 5.330e-03, val/acc 3.456e-01, val/nll 2.550e+00
[2023-02-03 10:15:02] [Epoch   363/  500] trn/loss 2.132e+00, trn/lr 5.259e-03, val/acc 3.508e-01, val/nll 2.532e+00
[2023-02-03 10:15:09] [Epoch   364/  500] trn/loss 2.138e+00, trn/lr 5.187e-03, val/acc 3.690e-01, val/nll 2.382e+00 (best_acc: 3.612e-01 -> 3.690e-01, test_acc: 3.761e-01, test_nll: 2.349e+00)
[2023-02-03 10:15:15] [Epoch   365/  500] trn/loss 2.142e+00, trn/lr 5.116e-03, val/acc 3.385e-01, val/nll 2.652e+00
[2023-02-03 10:15:21] [Epoch   366/  500] trn/loss 2.134e+00, trn/lr 5.045e-03, val/acc 3.584e-01, val/nll 2.503e+00
[2023-02-03 10:15:28] [Epoch   367/  500] trn/loss 2.115e+00, trn/lr 4.975e-03, val/acc 3.306e-01, val/nll 2.626e+00
[2023-02-03 10:15:34] [Epoch   368/  500] trn/loss 2.114e+00, trn/lr 4.905e-03, val/acc 3.355e-01, val/nll 2.554e+00
[2023-02-03 10:15:41] [Epoch   369/  500] trn/loss 2.118e+00, trn/lr 4.836e-03, val/acc 3.727e-01, val/nll 2.375e+00 (best_acc: 3.690e-01 -> 3.727e-01, test_acc: 3.767e-01, test_nll: 2.352e+00)
[2023-02-03 10:15:47] [Epoch   370/  500] trn/loss 2.090e+00, trn/lr 4.766e-03, val/acc 3.890e-01, val/nll 2.313e+00 (best_acc: 3.727e-01 -> 3.890e-01, test_acc: 3.880e-01, test_nll: 2.308e+00)
[2023-02-03 10:15:54] [Epoch   371/  500] trn/loss 2.112e+00, trn/lr 4.698e-03, val/acc 2.544e-01, val/nll 3.534e+00
[2023-02-03 10:16:00] [Epoch   372/  500] trn/loss 2.096e+00, trn/lr 4.629e-03, val/acc 3.124e-01, val/nll 2.727e+00
[2023-02-03 10:16:06] [Epoch   373/  500] trn/loss 2.085e+00, trn/lr 4.562e-03, val/acc 2.666e-01, val/nll 2.999e+00
[2023-02-03 10:16:12] [Epoch   374/  500] trn/loss 2.079e+00, trn/lr 4.494e-03, val/acc 3.669e-01, val/nll 2.407e+00
[2023-02-03 10:16:19] [Epoch   375/  500] trn/loss 2.059e+00, trn/lr 4.427e-03, val/acc 2.993e-01, val/nll 2.922e+00
[2023-02-03 10:16:25] [Epoch   376/  500] trn/loss 2.077e+00, trn/lr 4.360e-03, val/acc 3.509e-01, val/nll 2.540e+00
[2023-02-03 10:16:31] [Epoch   377/  500] trn/loss 2.076e+00, trn/lr 4.294e-03, val/acc 3.765e-01, val/nll 2.315e+00
[2023-02-03 10:16:38] [Epoch   378/  500] trn/loss 2.049e+00, trn/lr 4.228e-03, val/acc 3.415e-01, val/nll 2.520e+00
[2023-02-03 10:16:44] [Epoch   379/  500] trn/loss 2.035e+00, trn/lr 4.163e-03, val/acc 4.114e-01, val/nll 2.195e+00 (best_acc: 3.890e-01 -> 4.114e-01, test_acc: 4.157e-01, test_nll: 2.183e+00)
[2023-02-03 10:16:51] [Epoch   380/  500] trn/loss 2.035e+00, trn/lr 4.098e-03, val/acc 3.395e-01, val/nll 2.608e+00
[2023-02-03 10:16:57] [Epoch   381/  500] trn/loss 2.025e+00, trn/lr 4.033e-03, val/acc 4.080e-01, val/nll 2.232e+00
[2023-02-03 10:17:03] [Epoch   382/  500] trn/loss 2.028e+00, trn/lr 3.969e-03, val/acc 3.936e-01, val/nll 2.308e+00
[2023-02-03 10:17:09] [Epoch   383/  500] trn/loss 2.031e+00, trn/lr 3.906e-03, val/acc 3.263e-01, val/nll 2.817e+00
[2023-02-03 10:17:16] [Epoch   384/  500] trn/loss 2.018e+00, trn/lr 3.843e-03, val/acc 3.834e-01, val/nll 2.329e+00
[2023-02-03 10:17:22] [Epoch   385/  500] trn/loss 2.006e+00, trn/lr 3.780e-03, val/acc 4.025e-01, val/nll 2.223e+00
[2023-02-03 10:17:28] [Epoch   386/  500] trn/loss 1.988e+00, trn/lr 3.717e-03, val/acc 4.040e-01, val/nll 2.239e+00
[2023-02-03 10:17:35] [Epoch   387/  500] trn/loss 1.977e+00, trn/lr 3.656e-03, val/acc 4.081e-01, val/nll 2.251e+00
[2023-02-03 10:17:41] [Epoch   388/  500] trn/loss 1.995e+00, trn/lr 3.594e-03, val/acc 3.195e-01, val/nll 2.705e+00
[2023-02-03 10:17:47] [Epoch   389/  500] trn/loss 2.002e+00, trn/lr 3.533e-03, val/acc 3.743e-01, val/nll 2.417e+00
[2023-02-03 10:17:53] [Epoch   390/  500] trn/loss 1.986e+00, trn/lr 3.473e-03, val/acc 3.846e-01, val/nll 2.344e+00
[2023-02-03 10:18:00] [Epoch   391/  500] trn/loss 1.962e+00, trn/lr 3.413e-03, val/acc 3.909e-01, val/nll 2.319e+00
[2023-02-03 10:18:06] [Epoch   392/  500] trn/loss 1.969e+00, trn/lr 3.353e-03, val/acc 4.013e-01, val/nll 2.253e+00
[2023-02-03 10:18:13] [Epoch   393/  500] trn/loss 1.955e+00, trn/lr 3.294e-03, val/acc 4.215e-01, val/nll 2.184e+00 (best_acc: 4.114e-01 -> 4.215e-01, test_acc: 4.304e-01, test_nll: 2.173e+00)
[2023-02-03 10:18:19] [Epoch   394/  500] trn/loss 1.961e+00, trn/lr 3.235e-03, val/acc 3.733e-01, val/nll 2.503e+00
[2023-02-03 10:18:25] [Epoch   395/  500] trn/loss 1.976e+00, trn/lr 3.177e-03, val/acc 3.972e-01, val/nll 2.241e+00
[2023-02-03 10:18:32] [Epoch   396/  500] trn/loss 1.941e+00, trn/lr 3.119e-03, val/acc 3.727e-01, val/nll 2.452e+00
[2023-02-03 10:18:38] [Epoch   397/  500] trn/loss 1.933e+00, trn/lr 3.062e-03, val/acc 4.205e-01, val/nll 2.163e+00
[2023-02-03 10:18:44] [Epoch   398/  500] trn/loss 1.916e+00, trn/lr 3.005e-03, val/acc 3.947e-01, val/nll 2.288e+00
[2023-02-03 10:18:51] [Epoch   399/  500] trn/loss 1.924e+00, trn/lr 2.949e-03, val/acc 4.424e-01, val/nll 2.060e+00 (best_acc: 4.215e-01 -> 4.424e-01, test_acc: 4.468e-01, test_nll: 2.063e+00)
[2023-02-03 10:18:57] [Epoch   400/  500] trn/loss 1.904e+00, trn/lr 2.893e-03, val/acc 4.345e-01, val/nll 2.088e+00
[2023-02-03 10:19:03] [Epoch   401/  500] trn/loss 1.905e+00, trn/lr 2.837e-03, val/acc 4.209e-01, val/nll 2.123e+00
[2023-02-03 10:19:10] [Epoch   402/  500] trn/loss 1.919e+00, trn/lr 2.782e-03, val/acc 4.168e-01, val/nll 2.137e+00
[2023-02-03 10:19:16] [Epoch   403/  500] trn/loss 1.912e+00, trn/lr 2.728e-03, val/acc 4.404e-01, val/nll 2.073e+00
[2023-02-03 10:19:22] [Epoch   404/  500] trn/loss 1.900e+00, trn/lr 2.674e-03, val/acc 4.134e-01, val/nll 2.219e+00
[2023-02-03 10:19:29] [Epoch   405/  500] trn/loss 1.892e+00, trn/lr 2.621e-03, val/acc 3.809e-01, val/nll 2.348e+00
[2023-02-03 10:19:35] [Epoch   406/  500] trn/loss 1.864e+00, trn/lr 2.568e-03, val/acc 4.456e-01, val/nll 2.064e+00 (best_acc: 4.424e-01 -> 4.456e-01, test_acc: 4.497e-01, test_nll: 2.073e+00)
[2023-02-03 10:19:42] [Epoch   407/  500] trn/loss 1.878e+00, trn/lr 2.515e-03, val/acc 4.418e-01, val/nll 2.096e+00
[2023-02-03 10:19:48] [Epoch   408/  500] trn/loss 1.852e+00, trn/lr 2.463e-03, val/acc 4.496e-01, val/nll 2.039e+00 (best_acc: 4.456e-01 -> 4.496e-01, test_acc: 4.477e-01, test_nll: 2.052e+00)
[2023-02-03 10:19:55] [Epoch   409/  500] trn/loss 1.853e+00, trn/lr 2.412e-03, val/acc 4.264e-01, val/nll 2.168e+00
[2023-02-03 10:20:01] [Epoch   410/  500] trn/loss 1.847e+00, trn/lr 2.361e-03, val/acc 4.477e-01, val/nll 2.033e+00
[2023-02-03 10:20:08] [Epoch   411/  500] trn/loss 1.835e+00, trn/lr 2.310e-03, val/acc 4.565e-01, val/nll 2.011e+00 (best_acc: 4.496e-01 -> 4.565e-01, test_acc: 4.573e-01, test_nll: 1.986e+00)
[2023-02-03 10:20:14] [Epoch   412/  500] trn/loss 1.843e+00, trn/lr 2.260e-03, val/acc 4.373e-01, val/nll 2.099e+00
[2023-02-03 10:20:20] [Epoch   413/  500] trn/loss 1.821e+00, trn/lr 2.211e-03, val/acc 4.548e-01, val/nll 2.051e+00
[2023-02-03 10:20:27] [Epoch   414/  500] trn/loss 1.808e+00, trn/lr 2.162e-03, val/acc 4.424e-01, val/nll 2.071e+00
[2023-02-03 10:20:33] [Epoch   415/  500] trn/loss 1.808e+00, trn/lr 2.113e-03, val/acc 4.629e-01, val/nll 1.996e+00 (best_acc: 4.565e-01 -> 4.629e-01, test_acc: 4.612e-01, test_nll: 1.981e+00)
[2023-02-03 10:20:40] [Epoch   416/  500] trn/loss 1.793e+00, trn/lr 2.065e-03, val/acc 4.690e-01, val/nll 1.976e+00 (best_acc: 4.629e-01 -> 4.690e-01, test_acc: 4.677e-01, test_nll: 1.961e+00)
[2023-02-03 10:20:46] [Epoch   417/  500] trn/loss 1.792e+00, trn/lr 2.018e-03, val/acc 4.591e-01, val/nll 2.005e+00
[2023-02-03 10:20:53] [Epoch   418/  500] trn/loss 1.795e+00, trn/lr 1.971e-03, val/acc 4.690e-01, val/nll 1.938e+00
[2023-02-03 10:20:59] [Epoch   419/  500] trn/loss 1.762e+00, trn/lr 1.924e-03, val/acc 4.496e-01, val/nll 2.041e+00
[2023-02-03 10:21:06] [Epoch   420/  500] trn/loss 1.769e+00, trn/lr 1.878e-03, val/acc 4.810e-01, val/nll 1.917e+00 (best_acc: 4.690e-01 -> 4.810e-01, test_acc: 4.816e-01, test_nll: 1.915e+00)
[2023-02-03 10:21:12] [Epoch   421/  500] trn/loss 1.767e+00, trn/lr 1.833e-03, val/acc 4.410e-01, val/nll 2.074e+00
[2023-02-03 10:21:18] [Epoch   422/  500] trn/loss 1.771e+00, trn/lr 1.788e-03, val/acc 4.700e-01, val/nll 1.965e+00
[2023-02-03 10:21:24] [Epoch   423/  500] trn/loss 1.748e+00, trn/lr 1.744e-03, val/acc 4.290e-01, val/nll 2.184e+00
[2023-02-03 10:21:31] [Epoch   424/  500] trn/loss 1.735e+00, trn/lr 1.700e-03, val/acc 4.873e-01, val/nll 1.873e+00 (best_acc: 4.810e-01 -> 4.873e-01, test_acc: 4.882e-01, test_nll: 1.864e+00)
[2023-02-03 10:21:37] [Epoch   425/  500] trn/loss 1.743e+00, trn/lr 1.657e-03, val/acc 4.508e-01, val/nll 2.060e+00
[2023-02-03 10:21:44] [Epoch   426/  500] trn/loss 1.734e+00, trn/lr 1.614e-03, val/acc 4.727e-01, val/nll 1.935e+00
[2023-02-03 10:21:50] [Epoch   427/  500] trn/loss 1.734e+00, trn/lr 1.571e-03, val/acc 4.581e-01, val/nll 2.007e+00
[2023-02-03 10:21:56] [Epoch   428/  500] trn/loss 1.726e+00, trn/lr 1.530e-03, val/acc 4.666e-01, val/nll 1.967e+00
[2023-02-03 10:22:03] [Epoch   429/  500] trn/loss 1.707e+00, trn/lr 1.489e-03, val/acc 4.639e-01, val/nll 2.011e+00
[2023-02-03 10:22:09] [Epoch   430/  500] trn/loss 1.681e+00, trn/lr 1.448e-03, val/acc 4.746e-01, val/nll 1.990e+00
[2023-02-03 10:22:15] [Epoch   431/  500] trn/loss 1.674e+00, trn/lr 1.408e-03, val/acc 4.333e-01, val/nll 2.118e+00
[2023-02-03 10:22:22] [Epoch   432/  500] trn/loss 1.678e+00, trn/lr 1.368e-03, val/acc 4.765e-01, val/nll 1.883e+00
[2023-02-03 10:22:28] [Epoch   433/  500] trn/loss 1.682e+00, trn/lr 1.329e-03, val/acc 4.896e-01, val/nll 1.881e+00 (best_acc: 4.873e-01 -> 4.896e-01, test_acc: 4.905e-01, test_nll: 1.874e+00)
[2023-02-03 10:22:35] [Epoch   434/  500] trn/loss 1.676e+00, trn/lr 1.291e-03, val/acc 4.831e-01, val/nll 1.918e+00
[2023-02-03 10:22:41] [Epoch   435/  500] trn/loss 1.661e+00, trn/lr 1.253e-03, val/acc 4.950e-01, val/nll 1.817e+00 (best_acc: 4.896e-01 -> 4.950e-01, test_acc: 5.037e-01, test_nll: 1.815e+00)
[2023-02-03 10:22:48] [Epoch   436/  500] trn/loss 1.661e+00, trn/lr 1.215e-03, val/acc 4.838e-01, val/nll 1.918e+00
[2023-02-03 10:22:54] [Epoch   437/  500] trn/loss 1.657e+00, trn/lr 1.178e-03, val/acc 4.869e-01, val/nll 1.882e+00
[2023-02-03 10:23:00] [Epoch   438/  500] trn/loss 1.636e+00, trn/lr 1.142e-03, val/acc 4.788e-01, val/nll 1.935e+00
[2023-02-03 10:23:06] [Epoch   439/  500] trn/loss 1.639e+00, trn/lr 1.106e-03, val/acc 4.656e-01, val/nll 1.971e+00
[2023-02-03 10:23:13] [Epoch   440/  500] trn/loss 1.623e+00, trn/lr 1.071e-03, val/acc 4.915e-01, val/nll 1.865e+00
[2023-02-03 10:23:19] [Epoch   441/  500] trn/loss 1.602e+00, trn/lr 1.036e-03, val/acc 4.940e-01, val/nll 1.864e+00
[2023-02-03 10:23:25] [Epoch   442/  500] trn/loss 1.594e+00, trn/lr 1.002e-03, val/acc 4.591e-01, val/nll 2.024e+00
[2023-02-03 10:23:32] [Epoch   443/  500] trn/loss 1.603e+00, trn/lr 9.685e-04, val/acc 4.903e-01, val/nll 1.859e+00
[2023-02-03 10:23:38] [Epoch   444/  500] trn/loss 1.590e+00, trn/lr 9.354e-04, val/acc 4.795e-01, val/nll 1.923e+00
[2023-02-03 10:23:45] [Epoch   445/  500] trn/loss 1.587e+00, trn/lr 9.029e-04, val/acc 5.069e-01, val/nll 1.794e+00 (best_acc: 4.950e-01 -> 5.069e-01, test_acc: 5.080e-01, test_nll: 1.785e+00)
[2023-02-03 10:23:51] [Epoch   446/  500] trn/loss 1.577e+00, trn/lr 8.710e-04, val/acc 5.045e-01, val/nll 1.829e+00
[2023-02-03 10:23:58] [Epoch   447/  500] trn/loss 1.557e+00, trn/lr 8.396e-04, val/acc 5.163e-01, val/nll 1.757e+00 (best_acc: 5.069e-01 -> 5.163e-01, test_acc: 5.127e-01, test_nll: 1.767e+00)
[2023-02-03 10:24:04] [Epoch   448/  500] trn/loss 1.549e+00, trn/lr 8.088e-04, val/acc 5.106e-01, val/nll 1.787e+00
[2023-02-03 10:24:10] [Epoch   449/  500] trn/loss 1.547e+00, trn/lr 7.786e-04, val/acc 5.034e-01, val/nll 1.802e+00
[2023-02-03 10:24:16] [Epoch   450/  500] trn/loss 1.541e+00, trn/lr 7.489e-04, val/acc 4.929e-01, val/nll 1.891e+00
[2023-02-03 10:24:23] [Epoch   451/  500] trn/loss 1.526e+00, trn/lr 7.198e-04, val/acc 5.140e-01, val/nll 1.768e+00
[2023-02-03 10:24:29] [Epoch   452/  500] trn/loss 1.510e+00, trn/lr 6.912e-04, val/acc 5.050e-01, val/nll 1.838e+00
[2023-02-03 10:24:36] [Epoch   453/  500] trn/loss 1.501e+00, trn/lr 6.632e-04, val/acc 5.366e-01, val/nll 1.682e+00 (best_acc: 5.163e-01 -> 5.366e-01, test_acc: 5.343e-01, test_nll: 1.669e+00)
[2023-02-03 10:24:42] [Epoch   454/  500] trn/loss 1.494e+00, trn/lr 6.358e-04, val/acc 5.150e-01, val/nll 1.748e+00
[2023-02-03 10:24:48] [Epoch   455/  500] trn/loss 1.495e+00, trn/lr 6.089e-04, val/acc 5.197e-01, val/nll 1.752e+00
[2023-02-03 10:24:55] [Epoch   456/  500] trn/loss 1.477e+00, trn/lr 5.826e-04, val/acc 5.112e-01, val/nll 1.790e+00
[2023-02-03 10:25:01] [Epoch   457/  500] trn/loss 1.476e+00, trn/lr 5.569e-04, val/acc 5.259e-01, val/nll 1.721e+00
[2023-02-03 10:25:07] [Epoch   458/  500] trn/loss 1.467e+00, trn/lr 5.317e-04, val/acc 5.115e-01, val/nll 1.804e+00
[2023-02-03 10:25:13] [Epoch   459/  500] trn/loss 1.450e+00, trn/lr 5.072e-04, val/acc 5.334e-01, val/nll 1.711e+00
[2023-02-03 10:25:20] [Epoch   460/  500] trn/loss 1.441e+00, trn/lr 4.831e-04, val/acc 5.356e-01, val/nll 1.694e+00
[2023-02-03 10:25:26] [Epoch   461/  500] trn/loss 1.434e+00, trn/lr 4.597e-04, val/acc 5.421e-01, val/nll 1.654e+00 (best_acc: 5.366e-01 -> 5.421e-01, test_acc: 5.463e-01, test_nll: 1.644e+00)
[2023-02-03 10:25:33] [Epoch   462/  500] trn/loss 1.423e+00, trn/lr 4.368e-04, val/acc 5.373e-01, val/nll 1.664e+00
[2023-02-03 10:25:39] [Epoch   463/  500] trn/loss 1.422e+00, trn/lr 4.145e-04, val/acc 5.113e-01, val/nll 1.794e+00
[2023-02-03 10:25:45] [Epoch   464/  500] trn/loss 1.415e+00, trn/lr 3.928e-04, val/acc 5.330e-01, val/nll 1.705e+00
[2023-02-03 10:25:52] [Epoch   465/  500] trn/loss 1.407e+00, trn/lr 3.717e-04, val/acc 5.368e-01, val/nll 1.679e+00
[2023-02-03 10:25:58] [Epoch   466/  500] trn/loss 1.399e+00, trn/lr 3.511e-04, val/acc 5.534e-01, val/nll 1.621e+00 (best_acc: 5.421e-01 -> 5.534e-01, test_acc: 5.573e-01, test_nll: 1.613e+00)
[2023-02-03 10:26:05] [Epoch   467/  500] trn/loss 1.377e+00, trn/lr 3.311e-04, val/acc 5.519e-01, val/nll 1.636e+00
[2023-02-03 10:26:12] [Epoch   468/  500] trn/loss 1.360e+00, trn/lr 3.117e-04, val/acc 5.554e-01, val/nll 1.608e+00 (best_acc: 5.534e-01 -> 5.554e-01, test_acc: 5.578e-01, test_nll: 1.597e+00)
[2023-02-03 10:26:18] [Epoch   469/  500] trn/loss 1.358e+00, trn/lr 2.929e-04, val/acc 5.491e-01, val/nll 1.633e+00
[2023-02-03 10:26:24] [Epoch   470/  500] trn/loss 1.351e+00, trn/lr 2.747e-04, val/acc 5.531e-01, val/nll 1.616e+00
[2023-02-03 10:26:30] [Epoch   471/  500] trn/loss 1.346e+00, trn/lr 2.570e-04, val/acc 5.541e-01, val/nll 1.622e+00
[2023-02-03 10:26:37] [Epoch   472/  500] trn/loss 1.333e+00, trn/lr 2.399e-04, val/acc 5.509e-01, val/nll 1.631e+00
[2023-02-03 10:26:43] [Epoch   473/  500] trn/loss 1.327e+00, trn/lr 2.234e-04, val/acc 5.652e-01, val/nll 1.585e+00 (best_acc: 5.554e-01 -> 5.652e-01, test_acc: 5.596e-01, test_nll: 1.588e+00)
[2023-02-03 10:26:50] [Epoch   474/  500] trn/loss 1.310e+00, trn/lr 2.075e-04, val/acc 5.650e-01, val/nll 1.598e+00
[2023-02-03 10:26:56] [Epoch   475/  500] trn/loss 1.304e+00, trn/lr 1.922e-04, val/acc 5.612e-01, val/nll 1.580e+00
[2023-02-03 10:27:03] [Epoch   476/  500] trn/loss 1.296e+00, trn/lr 1.774e-04, val/acc 5.657e-01, val/nll 1.575e+00 (best_acc: 5.652e-01 -> 5.657e-01, test_acc: 5.637e-01, test_nll: 1.577e+00)
[2023-02-03 10:27:10] [Epoch   477/  500] trn/loss 1.282e+00, trn/lr 1.633e-04, val/acc 5.669e-01, val/nll 1.564e+00 (best_acc: 5.657e-01 -> 5.669e-01, test_acc: 5.682e-01, test_nll: 1.559e+00)
[2023-02-03 10:27:16] [Epoch   478/  500] trn/loss 1.277e+00, trn/lr 1.497e-04, val/acc 5.692e-01, val/nll 1.568e+00 (best_acc: 5.669e-01 -> 5.692e-01, test_acc: 5.632e-01, test_nll: 1.561e+00)
[2023-02-03 10:27:23] [Epoch   479/  500] trn/loss 1.268e+00, trn/lr 1.367e-04, val/acc 5.688e-01, val/nll 1.578e+00
[2023-02-03 10:27:29] [Epoch   480/  500] trn/loss 1.267e+00, trn/lr 1.243e-04, val/acc 5.649e-01, val/nll 1.576e+00
[2023-02-03 10:27:35] [Epoch   481/  500] trn/loss 1.254e+00, trn/lr 1.125e-04, val/acc 5.624e-01, val/nll 1.575e+00
[2023-02-03 10:27:41] [Epoch   482/  500] trn/loss 1.251e+00, trn/lr 1.013e-04, val/acc 5.625e-01, val/nll 1.574e+00
[2023-02-03 10:27:48] [Epoch   483/  500] trn/loss 1.235e+00, trn/lr 9.064e-05, val/acc 5.725e-01, val/nll 1.552e+00 (best_acc: 5.692e-01 -> 5.725e-01, test_acc: 5.739e-01, test_nll: 1.547e+00)
[2023-02-03 10:27:55] [Epoch   484/  500] trn/loss 1.232e+00, trn/lr 8.059e-05, val/acc 5.739e-01, val/nll 1.537e+00 (best_acc: 5.725e-01 -> 5.739e-01, test_acc: 5.743e-01, test_nll: 1.534e+00)
[2023-02-03 10:28:02] [Epoch   485/  500] trn/loss 1.224e+00, trn/lr 7.113e-05, val/acc 5.773e-01, val/nll 1.544e+00 (best_acc: 5.739e-01 -> 5.773e-01, test_acc: 5.761e-01, test_nll: 1.536e+00)
[2023-02-03 10:28:08] [Epoch   486/  500] trn/loss 1.212e+00, trn/lr 6.226e-05, val/acc 5.758e-01, val/nll 1.542e+00
[2023-02-03 10:28:15] [Epoch   487/  500] trn/loss 1.209e+00, trn/lr 5.398e-05, val/acc 5.787e-01, val/nll 1.531e+00 (best_acc: 5.773e-01 -> 5.787e-01, test_acc: 5.802e-01, test_nll: 1.525e+00)
[2023-02-03 10:28:21] [Epoch   488/  500] trn/loss 1.205e+00, trn/lr 4.629e-05, val/acc 5.782e-01, val/nll 1.539e+00
[2023-02-03 10:28:28] [Epoch   489/  500] trn/loss 1.201e+00, trn/lr 3.919e-05, val/acc 5.790e-01, val/nll 1.536e+00 (best_acc: 5.787e-01 -> 5.790e-01, test_acc: 5.747e-01, test_nll: 1.525e+00)
[2023-02-03 10:28:34] [Epoch   490/  500] trn/loss 1.194e+00, trn/lr 3.268e-05, val/acc 5.769e-01, val/nll 1.530e+00
[2023-02-03 10:28:41] [Epoch   491/  500] trn/loss 1.190e+00, trn/lr 2.676e-05, val/acc 5.826e-01, val/nll 1.521e+00 (best_acc: 5.790e-01 -> 5.826e-01, test_acc: 5.803e-01, test_nll: 1.516e+00)
[2023-02-03 10:28:47] [Epoch   492/  500] trn/loss 1.191e+00, trn/lr 2.143e-05, val/acc 5.803e-01, val/nll 1.518e+00
[2023-02-03 10:28:54] [Epoch   493/  500] trn/loss 1.188e+00, trn/lr 1.669e-05, val/acc 5.831e-01, val/nll 1.523e+00 (best_acc: 5.826e-01 -> 5.831e-01, test_acc: 5.810e-01, test_nll: 1.516e+00)
[2023-02-03 10:29:00] [Epoch   494/  500] trn/loss 1.187e+00, trn/lr 1.254e-05, val/acc 5.804e-01, val/nll 1.523e+00
[2023-02-03 10:29:07] [Epoch   495/  500] trn/loss 1.177e+00, trn/lr 8.991e-06, val/acc 5.832e-01, val/nll 1.516e+00 (best_acc: 5.831e-01 -> 5.832e-01, test_acc: 5.806e-01, test_nll: 1.510e+00)
[2023-02-03 10:29:13] [Epoch   496/  500] trn/loss 1.178e+00, trn/lr 6.028e-06, val/acc 5.816e-01, val/nll 1.520e+00
[2023-02-03 10:29:19] [Epoch   497/  500] trn/loss 1.177e+00, trn/lr 3.658e-06, val/acc 5.809e-01, val/nll 1.517e+00
[2023-02-03 10:29:26] [Epoch   498/  500] trn/loss 1.175e+00, trn/lr 1.880e-06, val/acc 5.814e-01, val/nll 1.516e+00
[2023-02-03 10:29:32] [Epoch   499/  500] trn/loss 1.178e+00, trn/lr 6.936e-07, val/acc 5.823e-01, val/nll 1.516e+00
[2023-02-03 10:29:39] [Epoch   500/  500] trn/loss 1.176e+00, trn/lr 9.964e-08, val/acc 5.841e-01, val/nll 1.516e+00 (best_acc: 5.832e-01 -> 5.841e-01, test_acc: 5.806e-01, test_nll: 1.511e+00)
