[2023-05-30 21:13:48] Environments:
------------  ---------------------------------------------------------------------------------
sys.platform  linux
Python        3.10.10 (main, Mar 21 2023, 18:45:11) [GCC 11.2.0]
JAX           0.4.8 @/mnt/home/giung/.conda/envs/jax-cuda11/lib/python3.10/site-packages/jax
jaxlib        0.4.7 @/mnt/home/giung/.conda/envs/jax-cuda11/lib/python3.10/site-packages/jaxlib
Flax          0.6.8 @/mnt/home/giung/.conda/envs/jax-cuda11/lib/python3.10/site-packages/flax
Optax         0.1.4 @/mnt/home/giung/.conda/envs/jax-cuda11/lib/python3.10/site-packages/optax
------------  ---------------------------------------------------------------------------------

[2023-05-30 21:13:48] Command line arguments:
- args.data_root             : ./data/
- args.data_name             : CIFAR10_x32
- args.resnet_depth          : 20
- args.resnet_width          : 4
- args.batch_size            : 256
- args.num_workers           : 32
- args.prefetch_factor       : 2
- args.optim_ni              : 48000
- args.optim_lr              : 0.1
- args.optim_momentum        : 0.9
- args.optim_weight_decay    : 0.003
- args.optim_label_smoothing : 0.0
- args.optim_global_clipping : None
- args.save                  : ./save/CIFAR10_x32/resnet_20x4-iter_48k-wd_0.0030/42/
- args.seed                  : 42
- args.mixed_precision       : False

[2023-05-30 21:13:56] images.shape: (1, 256, 32, 32, 3), output.shape: (1, 256, 256)
[2023-05-30 21:13:57] The number of trainable parameters: 4299856
[2023-05-30 21:15:01] [Iter    1000/  48000] trn/loss 1.898e+00, trn/negative_log_likelihood 1.898e+00, trn/w_norm 8.168e+01, trn/g_norm 6.995e-01, trn/lr 1.041e-02, val/acc 4.053e-01, val/nll 1.575e+00, val/best_acc 4.053e-01 (best_acc: 0.000e+00 -> 4.053e-01), tst/acc 4.045e-01, tst/nll 1.586e+00
[2023-05-30 21:15:52] [Iter    2000/  48000] trn/loss 1.058e+00, trn/negative_log_likelihood 1.058e+00, trn/w_norm 4.613e+01, trn/g_norm 1.751e+00, trn/lr 3.124e-02, val/acc 5.015e-01, val/nll 1.739e+00, val/best_acc 5.015e-01 (best_acc: 4.053e-01 -> 5.015e-01), tst/acc 4.994e-01, tst/nll 1.729e+00
[2023-05-30 21:16:44] [Iter    3000/  48000] trn/loss 6.544e-01, trn/negative_log_likelihood 6.544e-01, trn/w_norm 2.079e+01, trn/g_norm 1.846e+00, trn/lr 5.207e-02, val/acc 6.277e-01, val/nll 1.252e+00, val/best_acc 6.277e-01 (best_acc: 5.015e-01 -> 6.277e-01), tst/acc 6.189e-01, tst/nll 1.261e+00
[2023-05-30 21:17:35] [Iter    4000/  48000] trn/loss 6.030e-01, trn/negative_log_likelihood 6.030e-01, trn/w_norm 1.777e+01, trn/g_norm 1.726e+00, trn/lr 7.291e-02, val/acc 6.204e-01, val/nll 1.272e+00, val/best_acc 6.277e-01
[2023-05-30 21:18:25] [Iter    5000/  48000] trn/loss 6.158e-01, trn/negative_log_likelihood 6.158e-01, trn/w_norm 1.873e+01, trn/g_norm 1.620e+00, trn/lr 9.332e-02, val/acc 5.767e-01, val/nll 1.426e+00, val/best_acc 6.277e-01
[2023-05-30 21:19:17] [Iter    6000/  48000] trn/loss 6.173e-01, trn/negative_log_likelihood 6.173e-01, trn/w_norm 1.904e+01, trn/g_norm 1.572e+00, trn/lr 9.992e-02, val/acc 6.342e-01, val/nll 1.132e+00, val/best_acc 6.342e-01 (best_acc: 6.277e-01 -> 6.342e-01), tst/acc 6.293e-01, tst/nll 1.119e+00
[2023-05-30 21:20:09] [Iter    7000/  48000] trn/loss 6.039e-01, trn/negative_log_likelihood 6.039e-01, trn/w_norm 1.908e+01, trn/g_norm 1.571e+00, trn/lr 9.961e-02, val/acc 6.565e-01, val/nll 1.053e+00, val/best_acc 6.565e-01 (best_acc: 6.342e-01 -> 6.565e-01), tst/acc 6.587e-01, tst/nll 1.055e+00
[2023-05-30 21:21:01] [Iter    8000/  48000] trn/loss 5.959e-01, trn/negative_log_likelihood 5.959e-01, trn/w_norm 1.915e+01, trn/g_norm 1.572e+00, trn/lr 9.903e-02, val/acc 6.950e-01, val/nll 9.204e-01, val/best_acc 6.950e-01 (best_acc: 6.565e-01 -> 6.950e-01), tst/acc 7.061e-01, tst/nll 9.024e-01
[2023-05-30 21:21:53] [Iter    9000/  48000] trn/loss 5.898e-01, trn/negative_log_likelihood 5.898e-01, trn/w_norm 1.925e+01, trn/g_norm 1.581e+00, trn/lr 9.819e-02, val/acc 3.894e-01, val/nll 2.720e+00, val/best_acc 6.950e-01
[2023-05-30 21:22:43] [Iter   10000/  48000] trn/loss 5.845e-01, trn/negative_log_likelihood 5.845e-01, trn/w_norm 1.920e+01, trn/g_norm 1.574e+00, trn/lr 9.710e-02, val/acc 5.147e-01, val/nll 1.971e+00, val/best_acc 6.950e-01
[2023-05-30 21:23:34] [Iter   11000/  48000] trn/loss 5.779e-01, trn/negative_log_likelihood 5.779e-01, trn/w_norm 1.925e+01, trn/g_norm 1.584e+00, trn/lr 9.576e-02, val/acc 5.542e-01, val/nll 1.557e+00, val/best_acc 6.950e-01
[2023-05-30 21:24:25] [Iter   12000/  48000] trn/loss 5.662e-01, trn/negative_log_likelihood 5.662e-01, trn/w_norm 1.921e+01, trn/g_norm 1.595e+00, trn/lr 9.417e-02, val/acc 6.155e-01, val/nll 1.260e+00, val/best_acc 6.950e-01
[2023-05-30 21:25:16] [Iter   13000/  48000] trn/loss 5.568e-01, trn/negative_log_likelihood 5.568e-01, trn/w_norm 1.924e+01, trn/g_norm 1.611e+00, trn/lr 9.236e-02, val/acc 6.735e-01, val/nll 9.865e-01, val/best_acc 6.950e-01
[2023-05-30 21:26:06] [Iter   14000/  48000] trn/loss 5.544e-01, trn/negative_log_likelihood 5.544e-01, trn/w_norm 1.928e+01, trn/g_norm 1.623e+00, trn/lr 9.031e-02, val/acc 6.692e-01, val/nll 9.641e-01, val/best_acc 6.950e-01
[2023-05-30 21:26:57] [Iter   15000/  48000] trn/loss 5.448e-01, trn/negative_log_likelihood 5.448e-01, trn/w_norm 1.922e+01, trn/g_norm 1.630e+00, trn/lr 8.806e-02, val/acc 6.660e-01, val/nll 1.047e+00, val/best_acc 6.950e-01
[2023-05-30 21:27:48] [Iter   16000/  48000] trn/loss 5.357e-01, trn/negative_log_likelihood 5.357e-01, trn/w_norm 1.915e+01, trn/g_norm 1.643e+00, trn/lr 8.560e-02, val/acc 6.569e-01, val/nll 1.217e+00, val/best_acc 6.950e-01
[2023-05-30 21:28:40] [Iter   17000/  48000] trn/loss 5.269e-01, trn/negative_log_likelihood 5.269e-01, trn/w_norm 1.909e+01, trn/g_norm 1.658e+00, trn/lr 8.296e-02, val/acc 7.132e-01, val/nll 8.463e-01, val/best_acc 7.132e-01 (best_acc: 6.950e-01 -> 7.132e-01), tst/acc 7.026e-01, tst/nll 8.722e-01
[2023-05-30 21:29:31] [Iter   18000/  48000] trn/loss 5.152e-01, trn/negative_log_likelihood 5.152e-01, trn/w_norm 1.902e+01, trn/g_norm 1.679e+00, trn/lr 8.014e-02, val/acc 6.400e-01, val/nll 1.190e+00, val/best_acc 7.132e-01
[2023-05-30 21:30:22] [Iter   19000/  48000] trn/loss 5.043e-01, trn/negative_log_likelihood 5.043e-01, trn/w_norm 1.894e+01, trn/g_norm 1.695e+00, trn/lr 7.717e-02, val/acc 5.869e-01, val/nll 1.579e+00, val/best_acc 7.132e-01
[2023-05-30 21:31:12] [Iter   20000/  48000] trn/loss 4.924e-01, trn/negative_log_likelihood 4.924e-01, trn/w_norm 1.888e+01, trn/g_norm 1.727e+00, trn/lr 7.405e-02, val/acc 5.793e-01, val/nll 1.537e+00, val/best_acc 7.132e-01
[2023-05-30 21:32:03] [Iter   21000/  48000] trn/loss 4.832e-01, trn/negative_log_likelihood 4.832e-01, trn/w_norm 1.875e+01, trn/g_norm 1.739e+00, trn/lr 7.080e-02, val/acc 6.086e-01, val/nll 1.310e+00, val/best_acc 7.132e-01
[2023-05-30 21:32:55] [Iter   22000/  48000] trn/loss 4.692e-01, trn/negative_log_likelihood 4.692e-01, trn/w_norm 1.859e+01, trn/g_norm 1.766e+00, trn/lr 6.744e-02, val/acc 7.079e-01, val/nll 8.731e-01, val/best_acc 7.132e-01
[2023-05-30 21:33:45] [Iter   23000/  48000] trn/loss 4.583e-01, trn/negative_log_likelihood 4.583e-01, trn/w_norm 1.851e+01, trn/g_norm 1.790e+00, trn/lr 6.399e-02, val/acc 7.082e-01, val/nll 9.406e-01, val/best_acc 7.132e-01
[2023-05-30 21:34:35] [Iter   24000/  48000] trn/loss 4.444e-01, trn/negative_log_likelihood 4.444e-01, trn/w_norm 1.835e+01, trn/g_norm 1.814e+00, trn/lr 6.047e-02, val/acc 7.826e-01, val/nll 6.486e-01, val/best_acc 7.826e-01 (best_acc: 7.132e-01 -> 7.826e-01), tst/acc 7.782e-01, tst/nll 6.622e-01
[2023-05-30 21:35:27] [Iter   25000/  48000] trn/loss 4.275e-01, trn/negative_log_likelihood 4.275e-01, trn/w_norm 1.817e+01, trn/g_norm 1.846e+00, trn/lr 5.689e-02, val/acc 7.954e-01, val/nll 6.146e-01, val/best_acc 7.954e-01 (best_acc: 7.826e-01 -> 7.954e-01), tst/acc 7.889e-01, tst/nll 6.406e-01
[2023-05-30 21:36:17] [Iter   26000/  48000] trn/loss 4.123e-01, trn/negative_log_likelihood 4.123e-01, trn/w_norm 1.805e+01, trn/g_norm 1.895e+00, trn/lr 5.327e-02, val/acc 6.419e-01, val/nll 1.516e+00, val/best_acc 7.954e-01
[2023-05-30 21:37:08] [Iter   27000/  48000] trn/loss 3.991e-01, trn/negative_log_likelihood 3.991e-01, trn/w_norm 1.794e+01, trn/g_norm 1.923e+00, trn/lr 4.964e-02, val/acc 7.365e-01, val/nll 7.906e-01, val/best_acc 7.954e-01
[2023-05-30 21:38:00] [Iter   28000/  48000] trn/loss 3.841e-01, trn/negative_log_likelihood 3.841e-01, trn/w_norm 1.771e+01, trn/g_norm 1.970e+00, trn/lr 4.601e-02, val/acc 7.539e-01, val/nll 7.781e-01, val/best_acc 7.954e-01
[2023-05-30 21:38:52] [Iter   29000/  48000] trn/loss 3.646e-01, trn/negative_log_likelihood 3.646e-01, trn/w_norm 1.753e+01, trn/g_norm 2.013e+00, trn/lr 4.240e-02, val/acc 7.669e-01, val/nll 7.365e-01, val/best_acc 7.954e-01
[2023-05-30 21:39:44] [Iter   30000/  48000] trn/loss 3.464e-01, trn/negative_log_likelihood 3.464e-01, trn/w_norm 1.735e+01, trn/g_norm 2.063e+00, trn/lr 3.883e-02, val/acc 8.143e-01, val/nll 5.598e-01, val/best_acc 8.143e-01 (best_acc: 7.954e-01 -> 8.143e-01), tst/acc 8.190e-01, tst/nll 5.596e-01
[2023-05-30 21:40:34] [Iter   31000/  48000] trn/loss 3.279e-01, trn/negative_log_likelihood 3.279e-01, trn/w_norm 1.714e+01, trn/g_norm 2.130e+00, trn/lr 3.532e-02, val/acc 7.962e-01, val/nll 6.138e-01, val/best_acc 8.143e-01
[2023-05-30 21:41:24] [Iter   32000/  48000] trn/loss 3.073e-01, trn/negative_log_likelihood 3.073e-01, trn/w_norm 1.695e+01, trn/g_norm 2.192e+00, trn/lr 3.188e-02, val/acc 8.209e-01, val/nll 5.418e-01, val/best_acc 8.209e-01 (best_acc: 8.143e-01 -> 8.209e-01), tst/acc 8.216e-01, tst/nll 5.395e-01
[2023-05-30 21:42:15] [Iter   33000/  48000] trn/loss 2.830e-01, trn/negative_log_likelihood 2.830e-01, trn/w_norm 1.671e+01, trn/g_norm 2.264e+00, trn/lr 2.855e-02, val/acc 8.439e-01, val/nll 4.776e-01, val/best_acc 8.439e-01 (best_acc: 8.209e-01 -> 8.439e-01), tst/acc 8.367e-01, tst/nll 4.826e-01
[2023-05-30 21:43:05] [Iter   34000/  48000] trn/loss 2.625e-01, trn/negative_log_likelihood 2.625e-01, trn/w_norm 1.647e+01, trn/g_norm 2.338e+00, trn/lr 2.532e-02, val/acc 7.351e-01, val/nll 8.984e-01, val/best_acc 8.439e-01
[2023-05-30 21:43:56] [Iter   35000/  48000] trn/loss 2.406e-01, trn/negative_log_likelihood 2.406e-01, trn/w_norm 1.617e+01, trn/g_norm 2.436e+00, trn/lr 2.223e-02, val/acc 8.350e-01, val/nll 5.011e-01, val/best_acc 8.439e-01
[2023-05-30 21:44:48] [Iter   36000/  48000] trn/loss 2.138e-01, trn/negative_log_likelihood 2.138e-01, trn/w_norm 1.589e+01, trn/g_norm 2.540e+00, trn/lr 1.928e-02, val/acc 8.470e-01, val/nll 4.798e-01, val/best_acc 8.470e-01 (best_acc: 8.439e-01 -> 8.470e-01), tst/acc 8.520e-01, tst/nll 4.706e-01
[2023-05-30 21:45:39] [Iter   37000/  48000] trn/loss 1.895e-01, trn/negative_log_likelihood 1.895e-01, trn/w_norm 1.560e+01, trn/g_norm 2.637e+00, trn/lr 1.650e-02, val/acc 8.067e-01, val/nll 6.629e-01, val/best_acc 8.470e-01
[2023-05-30 21:46:30] [Iter   38000/  48000] trn/loss 1.640e-01, trn/negative_log_likelihood 1.640e-01, trn/w_norm 1.525e+01, trn/g_norm 2.758e+00, trn/lr 1.389e-02, val/acc 8.872e-01, val/nll 3.667e-01, val/best_acc 8.872e-01 (best_acc: 8.470e-01 -> 8.872e-01), tst/acc 8.838e-01, tst/nll 3.818e-01
[2023-05-30 21:47:22] [Iter   39000/  48000] trn/loss 1.370e-01, trn/negative_log_likelihood 1.370e-01, trn/w_norm 1.485e+01, trn/g_norm 2.850e+00, trn/lr 1.147e-02, val/acc 8.892e-01, val/nll 3.590e-01, val/best_acc 8.892e-01 (best_acc: 8.872e-01 -> 8.892e-01), tst/acc 8.823e-01, tst/nll 3.860e-01
[2023-05-30 21:48:14] [Iter   40000/  48000] trn/loss 1.084e-01, trn/negative_log_likelihood 1.084e-01, trn/w_norm 1.436e+01, trn/g_norm 2.900e+00, trn/lr 9.262e-03, val/acc 9.038e-01, val/nll 3.239e-01, val/best_acc 9.038e-01 (best_acc: 8.892e-01 -> 9.038e-01), tst/acc 9.009e-01, tst/nll 3.235e-01
[2023-05-30 21:49:05] [Iter   41000/  48000] trn/loss 8.016e-02, trn/negative_log_likelihood 8.016e-02, trn/w_norm 1.378e+01, trn/g_norm 2.898e+00, trn/lr 7.265e-03, val/acc 9.090e-01, val/nll 2.987e-01, val/best_acc 9.090e-01 (best_acc: 9.038e-01 -> 9.090e-01), tst/acc 9.080e-01, tst/nll 3.043e-01
[2023-05-30 21:49:56] [Iter   42000/  48000] trn/loss 5.331e-02, trn/negative_log_likelihood 5.331e-02, trn/w_norm 1.314e+01, trn/g_norm 2.655e+00, trn/lr 5.493e-03, val/acc 9.288e-01, val/nll 2.411e-01, val/best_acc 9.288e-01 (best_acc: 9.090e-01 -> 9.288e-01), tst/acc 9.255e-01, tst/nll 2.485e-01
[2023-05-30 21:50:47] [Iter   43000/  48000] trn/loss 3.082e-02, trn/negative_log_likelihood 3.082e-02, trn/w_norm 1.242e+01, trn/g_norm 2.174e+00, trn/lr 3.957e-03, val/acc 9.353e-01, val/nll 2.322e-01, val/best_acc 9.353e-01 (best_acc: 9.288e-01 -> 9.353e-01), tst/acc 9.310e-01, tst/nll 2.318e-01
[2023-05-30 21:51:39] [Iter   44000/  48000] trn/loss 1.623e-02, trn/negative_log_likelihood 1.623e-02, trn/w_norm 1.177e+01, trn/g_norm 1.388e+00, trn/lr 2.665e-03, val/acc 9.400e-01, val/nll 2.058e-01, val/best_acc 9.400e-01 (best_acc: 9.353e-01 -> 9.400e-01), tst/acc 9.373e-01, tst/nll 2.167e-01
[2023-05-30 21:52:31] [Iter   45000/  48000] trn/loss 1.021e-02, trn/negative_log_likelihood 1.021e-02, trn/w_norm 1.128e+01, trn/g_norm 7.435e-01, trn/lr 1.622e-03, val/acc 9.446e-01, val/nll 1.897e-01, val/best_acc 9.446e-01 (best_acc: 9.400e-01 -> 9.446e-01), tst/acc 9.407e-01, tst/nll 2.016e-01
[2023-05-30 21:53:23] [Iter   46000/  48000] trn/loss 9.165e-03, trn/negative_log_likelihood 9.165e-03, trn/w_norm 1.100e+01, trn/g_norm 5.394e-01, trn/lr 8.352e-04, val/acc 9.466e-01, val/nll 1.854e-01, val/best_acc 9.466e-01 (best_acc: 9.446e-01 -> 9.466e-01), tst/acc 9.444e-01, tst/nll 1.945e-01
[2023-05-30 21:54:15] [Iter   47000/  48000] trn/loss 8.650e-03, trn/negative_log_likelihood 8.650e-03, trn/w_norm 1.088e+01, trn/g_norm 4.662e-01, trn/lr 3.083e-04, val/acc 9.467e-01, val/nll 1.849e-01, val/best_acc 9.467e-01 (best_acc: 9.466e-01 -> 9.467e-01), tst/acc 9.443e-01, tst/nll 1.936e-01
[2023-05-30 21:55:06] [Iter   48000/  48000] trn/loss 8.593e-03, trn/negative_log_likelihood 8.593e-03, trn/w_norm 1.084e+01, trn/g_norm 4.581e-01, trn/lr 4.413e-05, val/acc 9.470e-01, val/nll 1.852e-01, val/best_acc 9.470e-01 (best_acc: 9.467e-01 -> 9.470e-01), tst/acc 9.447e-01, tst/nll 1.941e-01
