[2023-02-10 20:52:54] Environments:
------------  ------------------------------------------------------------
sys.platform  linux
Python        3.8.10 (default, Nov 14 2022, 12:59:47) [GCC 9.4.0]
JAX           0.4.2 @/home/giung/.local/lib/python3.8/site-packages/jax
jaxlib        0.4.2 @/home/giung/.local/lib/python3.8/site-packages/jaxlib
Flax          0.6.4 @/home/giung/.local/lib/python3.8/site-packages/flax
Optax         0.1.4 @/home/giung/.local/lib/python3.8/site-packages/optax
------------  ------------------------------------------------------------

[2023-02-10 20:52:54] Command line arguments:
- args.data_root          : ./data/
- args.data_name          : CIFAR10_x32
- args.data_augmentation  : standard
- args.data_proportional  : 1.0
- args.model_depth        : 20
- args.model_width        : 4
- args.model_style        : BN-ReLU
- args.optim_bs           : 256
- args.optim_ne           : 200
- args.optim_lr           : 0.3
- args.optim_b1           : 0.9
- args.optim_b2           : 0.999
- args.optim_eps          : 0.1
- args.optim_weight_decay : 0.001
- args.rho                : 0.03
- args.num_data_factor    : 1.0
- args.save               : /home/giung/giung2-dev/projects/sam/save/CIFAR10_x32/R20x4-BN-ReLU/BayesSAM/bs-0256_ne-0200_lr-0.30_b1-0.900_b2-0.999_wd-0.0010_eps-1e-1_rho-0.0300_factor-1.0_fp32/42
- args.seed               : 42
- args.precision          : fp32

[2023-02-10 20:52:59] Multiple local devices are detected:
[TpuDevice(id=0, process_index=0, coords=(0,0,0), core_on_chip=0), TpuDevice(id=1, process_index=0, coords=(0,0,0), core_on_chip=1), TpuDevice(id=2, process_index=0, coords=(1,0,0), core_on_chip=0), TpuDevice(id=3, process_index=0, coords=(1,0,0), core_on_chip=1), TpuDevice(id=4, process_index=0, coords=(0,1,0), core_on_chip=0), TpuDevice(id=5, process_index=0, coords=(0,1,0), core_on_chip=1), TpuDevice(id=6, process_index=0, coords=(1,1,0), core_on_chip=0), TpuDevice(id=7, process_index=0, coords=(1,1,0), core_on_chip=1)]

[2023-02-10 20:54:09] [Epoch     1/  200] trn/loss 2.021e+00, trn/lr 3.000e-01, trn/scale 9.322e-01, val/acc 3.902e-01, val/nll 1.637e+00 (best_acc: 0.000e+00 -> 3.902e-01, test_acc: 3.964e-01, test_nll: 1.632e+00)
[2023-02-10 20:54:18] [Epoch     2/  200] trn/loss 1.537e+00, trn/lr 3.000e-01, trn/scale 8.094e-01, val/acc 4.634e-01, val/nll 1.482e+00 (best_acc: 3.902e-01 -> 4.634e-01, test_acc: 4.614e-01, test_nll: 1.499e+00)
[2023-02-10 20:54:28] [Epoch     3/  200] trn/loss 1.318e+00, trn/lr 2.999e-01, trn/scale 7.047e-01, val/acc 5.686e-01, val/nll 1.230e+00 (best_acc: 4.634e-01 -> 5.686e-01, test_acc: 5.617e-01, test_nll: 1.235e+00)
[2023-02-10 20:54:37] [Epoch     4/  200] trn/loss 1.093e+00, trn/lr 2.998e-01, trn/scale 6.155e-01, val/acc 6.207e-01, val/nll 1.067e+00 (best_acc: 5.686e-01 -> 6.207e-01, test_acc: 6.176e-01, test_nll: 1.072e+00)
[2023-02-10 20:54:46] [Epoch     5/  200] trn/loss 9.267e-01, trn/lr 2.996e-01, trn/scale 5.395e-01, val/acc 6.627e-01, val/nll 9.595e-01 (best_acc: 6.207e-01 -> 6.627e-01, test_acc: 6.501e-01, test_nll: 9.950e-01)
[2023-02-10 20:54:56] [Epoch     6/  200] trn/loss 8.084e-01, trn/lr 2.994e-01, trn/scale 4.747e-01, val/acc 7.134e-01, val/nll 8.133e-01 (best_acc: 6.627e-01 -> 7.134e-01, test_acc: 7.132e-01, test_nll: 8.302e-01)
[2023-02-10 20:55:05] [Epoch     7/  200] trn/loss 7.193e-01, trn/lr 2.992e-01, trn/scale 4.195e-01, val/acc 7.144e-01, val/nll 8.141e-01 (best_acc: 7.134e-01 -> 7.144e-01, test_acc: 7.095e-01, test_nll: 8.228e-01)
[2023-02-10 20:55:14] [Epoch     8/  200] trn/loss 6.565e-01, trn/lr 2.990e-01, trn/scale 3.725e-01, val/acc 7.353e-01, val/nll 7.983e-01 (best_acc: 7.144e-01 -> 7.353e-01, test_acc: 7.320e-01, test_nll: 7.997e-01)
[2023-02-10 20:55:24] [Epoch     9/  200] trn/loss 5.942e-01, trn/lr 2.987e-01, trn/scale 3.324e-01, val/acc 7.928e-01, val/nll 5.877e-01 (best_acc: 7.353e-01 -> 7.928e-01, test_acc: 7.926e-01, test_nll: 6.013e-01)
[2023-02-10 20:55:32] [Epoch    10/  200] trn/loss 5.636e-01, trn/lr 2.983e-01, trn/scale 2.983e-01, val/acc 7.499e-01, val/nll 7.343e-01
[2023-02-10 20:55:40] [Epoch    11/  200] trn/loss 5.318e-01, trn/lr 2.980e-01, trn/scale 2.692e-01, val/acc 7.581e-01, val/nll 7.061e-01
[2023-02-10 20:55:48] [Epoch    12/  200] trn/loss 5.119e-01, trn/lr 2.976e-01, trn/scale 2.444e-01, val/acc 7.617e-01, val/nll 6.968e-01
[2023-02-10 20:55:56] [Epoch    13/  200] trn/loss 4.967e-01, trn/lr 2.971e-01, trn/scale 2.233e-01, val/acc 7.366e-01, val/nll 7.537e-01
[2023-02-10 20:56:05] [Epoch    14/  200] trn/loss 5.009e-01, trn/lr 2.966e-01, trn/scale 2.053e-01, val/acc 7.543e-01, val/nll 7.210e-01
[2023-02-10 20:56:13] [Epoch    15/  200] trn/loss 4.835e-01, trn/lr 2.961e-01, trn/scale 1.900e-01, val/acc 6.079e-01, val/nll 1.184e+00
[2023-02-10 20:56:21] [Epoch    16/  200] trn/loss 4.929e-01, trn/lr 2.956e-01, trn/scale 1.769e-01, val/acc 7.618e-01, val/nll 7.125e-01
[2023-02-10 20:56:30] [Epoch    17/  200] trn/loss 4.941e-01, trn/lr 2.950e-01, trn/scale 1.658e-01, val/acc 7.655e-01, val/nll 6.992e-01
[2023-02-10 20:56:38] [Epoch    18/  200] trn/loss 4.860e-01, trn/lr 2.944e-01, trn/scale 1.563e-01, val/acc 7.080e-01, val/nll 8.222e-01
[2023-02-10 20:56:46] [Epoch    19/  200] trn/loss 4.835e-01, trn/lr 2.937e-01, trn/scale 1.482e-01, val/acc 7.604e-01, val/nll 7.158e-01
[2023-02-10 20:56:55] [Epoch    20/  200] trn/loss 4.846e-01, trn/lr 2.930e-01, trn/scale 1.413e-01, val/acc 7.939e-01, val/nll 6.099e-01 (best_acc: 7.928e-01 -> 7.939e-01, test_acc: 7.940e-01, test_nll: 6.026e-01)
[2023-02-10 20:57:04] [Epoch    21/  200] trn/loss 4.863e-01, trn/lr 2.923e-01, trn/scale 1.355e-01, val/acc 8.048e-01, val/nll 5.552e-01 (best_acc: 7.939e-01 -> 8.048e-01, test_acc: 8.038e-01, test_nll: 5.706e-01)
[2023-02-10 20:57:13] [Epoch    22/  200] trn/loss 4.841e-01, trn/lr 2.915e-01, trn/scale 1.305e-01, val/acc 6.808e-01, val/nll 1.047e+00
[2023-02-10 20:57:22] [Epoch    23/  200] trn/loss 4.981e-01, trn/lr 2.907e-01, trn/scale 1.262e-01, val/acc 8.223e-01, val/nll 5.281e-01 (best_acc: 8.048e-01 -> 8.223e-01, test_acc: 8.150e-01, test_nll: 5.489e-01)
[2023-02-10 20:57:30] [Epoch    24/  200] trn/loss 4.770e-01, trn/lr 2.899e-01, trn/scale 1.226e-01, val/acc 7.673e-01, val/nll 6.786e-01
[2023-02-10 20:57:39] [Epoch    25/  200] trn/loss 4.799e-01, trn/lr 2.890e-01, trn/scale 1.195e-01, val/acc 7.877e-01, val/nll 6.452e-01
[2023-02-10 20:57:47] [Epoch    26/  200] trn/loss 4.844e-01, trn/lr 2.881e-01, trn/scale 1.168e-01, val/acc 7.709e-01, val/nll 6.732e-01
[2023-02-10 20:57:55] [Epoch    27/  200] trn/loss 4.770e-01, trn/lr 2.872e-01, trn/scale 1.146e-01, val/acc 7.963e-01, val/nll 5.841e-01
[2023-02-10 20:58:03] [Epoch    28/  200] trn/loss 4.767e-01, trn/lr 2.862e-01, trn/scale 1.127e-01, val/acc 7.917e-01, val/nll 6.235e-01
[2023-02-10 20:58:12] [Epoch    29/  200] trn/loss 4.772e-01, trn/lr 2.852e-01, trn/scale 1.111e-01, val/acc 6.940e-01, val/nll 9.623e-01
[2023-02-10 20:58:20] [Epoch    30/  200] trn/loss 4.747e-01, trn/lr 2.842e-01, trn/scale 1.097e-01, val/acc 7.919e-01, val/nll 6.134e-01
[2023-02-10 20:58:28] [Epoch    31/  200] trn/loss 4.779e-01, trn/lr 2.831e-01, trn/scale 1.085e-01, val/acc 7.146e-01, val/nll 8.166e-01
[2023-02-10 20:58:36] [Epoch    32/  200] trn/loss 4.735e-01, trn/lr 2.820e-01, trn/scale 1.075e-01, val/acc 6.741e-01, val/nll 9.926e-01
[2023-02-10 20:58:46] [Epoch    33/  200] trn/loss 4.790e-01, trn/lr 2.809e-01, trn/scale 1.066e-01, val/acc 8.274e-01, val/nll 5.078e-01 (best_acc: 8.223e-01 -> 8.274e-01, test_acc: 8.263e-01, test_nll: 5.104e-01)
[2023-02-10 20:58:54] [Epoch    34/  200] trn/loss 4.629e-01, trn/lr 2.797e-01, trn/scale 1.059e-01, val/acc 7.947e-01, val/nll 5.889e-01
[2023-02-10 20:59:02] [Epoch    35/  200] trn/loss 4.684e-01, trn/lr 2.785e-01, trn/scale 1.053e-01, val/acc 7.417e-01, val/nll 7.618e-01
[2023-02-10 20:59:10] [Epoch    36/  200] trn/loss 4.693e-01, trn/lr 2.773e-01, trn/scale 1.047e-01, val/acc 7.958e-01, val/nll 6.126e-01
[2023-02-10 20:59:19] [Epoch    37/  200] trn/loss 4.649e-01, trn/lr 2.760e-01, trn/scale 1.043e-01, val/acc 7.273e-01, val/nll 8.273e-01
[2023-02-10 20:59:27] [Epoch    38/  200] trn/loss 4.636e-01, trn/lr 2.747e-01, trn/scale 1.039e-01, val/acc 7.704e-01, val/nll 6.733e-01
[2023-02-10 20:59:35] [Epoch    39/  200] trn/loss 4.608e-01, trn/lr 2.734e-01, trn/scale 1.036e-01, val/acc 7.688e-01, val/nll 6.559e-01
[2023-02-10 20:59:43] [Epoch    40/  200] trn/loss 4.629e-01, trn/lr 2.720e-01, trn/scale 1.033e-01, val/acc 7.587e-01, val/nll 7.109e-01
[2023-02-10 20:59:52] [Epoch    41/  200] trn/loss 4.615e-01, trn/lr 2.707e-01, trn/scale 1.030e-01, val/acc 8.024e-01, val/nll 5.835e-01
[2023-02-10 21:00:00] [Epoch    42/  200] trn/loss 4.588e-01, trn/lr 2.692e-01, trn/scale 1.028e-01, val/acc 7.397e-01, val/nll 7.909e-01
[2023-02-10 21:00:08] [Epoch    43/  200] trn/loss 4.531e-01, trn/lr 2.678e-01, trn/scale 1.027e-01, val/acc 7.926e-01, val/nll 6.084e-01
[2023-02-10 21:00:16] [Epoch    44/  200] trn/loss 4.560e-01, trn/lr 2.663e-01, trn/scale 1.025e-01, val/acc 8.032e-01, val/nll 5.953e-01
[2023-02-10 21:00:24] [Epoch    45/  200] trn/loss 4.489e-01, trn/lr 2.648e-01, trn/scale 1.024e-01, val/acc 7.699e-01, val/nll 6.594e-01
[2023-02-10 21:00:33] [Epoch    46/  200] trn/loss 4.483e-01, trn/lr 2.633e-01, trn/scale 1.023e-01, val/acc 7.965e-01, val/nll 5.867e-01
[2023-02-10 21:00:41] [Epoch    47/  200] trn/loss 4.481e-01, trn/lr 2.617e-01, trn/scale 1.022e-01, val/acc 8.237e-01, val/nll 5.289e-01
[2023-02-10 21:00:49] [Epoch    48/  200] trn/loss 4.485e-01, trn/lr 2.602e-01, trn/scale 1.021e-01, val/acc 8.140e-01, val/nll 5.410e-01
[2023-02-10 21:00:57] [Epoch    49/  200] trn/loss 4.423e-01, trn/lr 2.585e-01, trn/scale 1.020e-01, val/acc 7.003e-01, val/nll 8.515e-01
[2023-02-10 21:01:06] [Epoch    50/  200] trn/loss 4.416e-01, trn/lr 2.569e-01, trn/scale 1.020e-01, val/acc 7.493e-01, val/nll 7.341e-01
[2023-02-10 21:01:14] [Epoch    51/  200] trn/loss 4.418e-01, trn/lr 2.552e-01, trn/scale 1.019e-01, val/acc 7.793e-01, val/nll 6.445e-01
[2023-02-10 21:01:22] [Epoch    52/  200] trn/loss 4.357e-01, trn/lr 2.535e-01, trn/scale 1.019e-01, val/acc 8.009e-01, val/nll 5.761e-01
[2023-02-10 21:01:30] [Epoch    53/  200] trn/loss 4.340e-01, trn/lr 2.518e-01, trn/scale 1.019e-01, val/acc 7.909e-01, val/nll 6.140e-01
[2023-02-10 21:01:39] [Epoch    54/  200] trn/loss 4.336e-01, trn/lr 2.501e-01, trn/scale 1.018e-01, val/acc 7.909e-01, val/nll 6.121e-01
[2023-02-10 21:01:47] [Epoch    55/  200] trn/loss 4.320e-01, trn/lr 2.483e-01, trn/scale 1.018e-01, val/acc 8.087e-01, val/nll 5.816e-01
[2023-02-10 21:01:55] [Epoch    56/  200] trn/loss 4.306e-01, trn/lr 2.465e-01, trn/scale 1.018e-01, val/acc 7.778e-01, val/nll 6.512e-01
[2023-02-10 21:02:03] [Epoch    57/  200] trn/loss 4.303e-01, trn/lr 2.447e-01, trn/scale 1.018e-01, val/acc 7.263e-01, val/nll 8.578e-01
[2023-02-10 21:02:13] [Epoch    58/  200] trn/loss 4.241e-01, trn/lr 2.429e-01, trn/scale 1.017e-01, val/acc 8.313e-01, val/nll 5.034e-01 (best_acc: 8.274e-01 -> 8.313e-01, test_acc: 8.245e-01, test_nll: 5.033e-01)
[2023-02-10 21:02:21] [Epoch    59/  200] trn/loss 4.185e-01, trn/lr 2.410e-01, trn/scale 1.017e-01, val/acc 7.910e-01, val/nll 6.223e-01
[2023-02-10 21:02:29] [Epoch    60/  200] trn/loss 4.127e-01, trn/lr 2.391e-01, trn/scale 1.017e-01, val/acc 8.143e-01, val/nll 5.413e-01
[2023-02-10 21:02:37] [Epoch    61/  200] trn/loss 4.205e-01, trn/lr 2.372e-01, trn/scale 1.017e-01, val/acc 8.108e-01, val/nll 5.842e-01
[2023-02-10 21:02:45] [Epoch    62/  200] trn/loss 4.104e-01, trn/lr 2.353e-01, trn/scale 1.017e-01, val/acc 8.184e-01, val/nll 5.370e-01
[2023-02-10 21:02:54] [Epoch    63/  200] trn/loss 4.148e-01, trn/lr 2.333e-01, trn/scale 1.017e-01, val/acc 7.483e-01, val/nll 7.367e-01
[2023-02-10 21:03:03] [Epoch    64/  200] trn/loss 4.093e-01, trn/lr 2.314e-01, trn/scale 1.017e-01, val/acc 8.378e-01, val/nll 4.893e-01 (best_acc: 8.313e-01 -> 8.378e-01, test_acc: 8.320e-01, test_nll: 4.965e-01)
[2023-02-10 21:03:11] [Epoch    65/  200] trn/loss 4.067e-01, trn/lr 2.294e-01, trn/scale 1.017e-01, val/acc 7.573e-01, val/nll 7.578e-01
[2023-02-10 21:03:20] [Epoch    66/  200] trn/loss 4.095e-01, trn/lr 2.274e-01, trn/scale 1.017e-01, val/acc 8.418e-01, val/nll 4.754e-01 (best_acc: 8.378e-01 -> 8.418e-01, test_acc: 8.320e-01, test_nll: 4.896e-01)
[2023-02-10 21:03:29] [Epoch    67/  200] trn/loss 4.007e-01, trn/lr 2.253e-01, trn/scale 1.017e-01, val/acc 7.938e-01, val/nll 5.970e-01
[2023-02-10 21:03:38] [Epoch    68/  200] trn/loss 3.974e-01, trn/lr 2.233e-01, trn/scale 1.017e-01, val/acc 8.549e-01, val/nll 4.264e-01 (best_acc: 8.418e-01 -> 8.549e-01, test_acc: 8.492e-01, test_nll: 4.433e-01)
[2023-02-10 21:03:46] [Epoch    69/  200] trn/loss 3.942e-01, trn/lr 2.212e-01, trn/scale 1.017e-01, val/acc 8.482e-01, val/nll 4.324e-01
[2023-02-10 21:03:54] [Epoch    70/  200] trn/loss 3.949e-01, trn/lr 2.192e-01, trn/scale 1.017e-01, val/acc 8.165e-01, val/nll 5.440e-01
[2023-02-10 21:04:03] [Epoch    71/  200] trn/loss 3.962e-01, trn/lr 2.171e-01, trn/scale 1.017e-01, val/acc 8.140e-01, val/nll 5.420e-01
[2023-02-10 21:04:11] [Epoch    72/  200] trn/loss 3.902e-01, trn/lr 2.149e-01, trn/scale 1.017e-01, val/acc 8.268e-01, val/nll 5.144e-01
[2023-02-10 21:04:19] [Epoch    73/  200] trn/loss 3.887e-01, trn/lr 2.128e-01, trn/scale 1.017e-01, val/acc 8.116e-01, val/nll 5.309e-01
[2023-02-10 21:04:27] [Epoch    74/  200] trn/loss 3.810e-01, trn/lr 2.107e-01, trn/scale 1.017e-01, val/acc 7.686e-01, val/nll 6.671e-01
[2023-02-10 21:04:37] [Epoch    75/  200] trn/loss 3.734e-01, trn/lr 2.085e-01, trn/scale 1.017e-01, val/acc 8.582e-01, val/nll 4.193e-01 (best_acc: 8.549e-01 -> 8.582e-01, test_acc: 8.575e-01, test_nll: 4.337e-01)
[2023-02-10 21:04:45] [Epoch    76/  200] trn/loss 3.752e-01, trn/lr 2.063e-01, trn/scale 1.017e-01, val/acc 8.231e-01, val/nll 5.165e-01
[2023-02-10 21:04:53] [Epoch    77/  200] trn/loss 3.706e-01, trn/lr 2.041e-01, trn/scale 1.017e-01, val/acc 8.199e-01, val/nll 5.288e-01
[2023-02-10 21:05:01] [Epoch    78/  200] trn/loss 3.747e-01, trn/lr 2.019e-01, trn/scale 1.017e-01, val/acc 8.314e-01, val/nll 5.006e-01
[2023-02-10 21:05:09] [Epoch    79/  200] trn/loss 3.634e-01, trn/lr 1.997e-01, trn/scale 1.017e-01, val/acc 8.152e-01, val/nll 5.524e-01
[2023-02-10 21:05:18] [Epoch    80/  200] trn/loss 3.645e-01, trn/lr 1.975e-01, trn/scale 1.017e-01, val/acc 8.033e-01, val/nll 5.660e-01
[2023-02-10 21:05:26] [Epoch    81/  200] trn/loss 3.614e-01, trn/lr 1.952e-01, trn/scale 1.017e-01, val/acc 8.126e-01, val/nll 5.457e-01
[2023-02-10 21:05:34] [Epoch    82/  200] trn/loss 3.556e-01, trn/lr 1.930e-01, trn/scale 1.017e-01, val/acc 7.949e-01, val/nll 6.156e-01
[2023-02-10 21:05:43] [Epoch    83/  200] trn/loss 3.588e-01, trn/lr 1.907e-01, trn/scale 1.017e-01, val/acc 8.721e-01, val/nll 3.907e-01 (best_acc: 8.582e-01 -> 8.721e-01, test_acc: 8.646e-01, test_nll: 4.068e-01)
[2023-02-10 21:05:52] [Epoch    84/  200] trn/loss 3.522e-01, trn/lr 1.885e-01, trn/scale 1.017e-01, val/acc 7.723e-01, val/nll 6.594e-01
[2023-02-10 21:06:00] [Epoch    85/  200] trn/loss 3.503e-01, trn/lr 1.862e-01, trn/scale 1.017e-01, val/acc 8.471e-01, val/nll 4.485e-01
[2023-02-10 21:06:08] [Epoch    86/  200] trn/loss 3.493e-01, trn/lr 1.839e-01, trn/scale 1.017e-01, val/acc 8.269e-01, val/nll 5.353e-01
[2023-02-10 21:06:16] [Epoch    87/  200] trn/loss 3.474e-01, trn/lr 1.816e-01, trn/scale 1.017e-01, val/acc 8.626e-01, val/nll 4.058e-01
[2023-02-10 21:06:25] [Epoch    88/  200] trn/loss 3.422e-01, trn/lr 1.793e-01, trn/scale 1.017e-01, val/acc 8.118e-01, val/nll 5.701e-01
[2023-02-10 21:06:33] [Epoch    89/  200] trn/loss 3.355e-01, trn/lr 1.770e-01, trn/scale 1.017e-01, val/acc 8.302e-01, val/nll 4.944e-01
[2023-02-10 21:06:41] [Epoch    90/  200] trn/loss 3.447e-01, trn/lr 1.746e-01, trn/scale 1.017e-01, val/acc 8.433e-01, val/nll 4.601e-01
[2023-02-10 21:06:49] [Epoch    91/  200] trn/loss 3.256e-01, trn/lr 1.723e-01, trn/scale 1.017e-01, val/acc 8.406e-01, val/nll 4.686e-01
[2023-02-10 21:06:58] [Epoch    92/  200] trn/loss 3.280e-01, trn/lr 1.700e-01, trn/scale 1.017e-01, val/acc 8.592e-01, val/nll 4.091e-01
[2023-02-10 21:07:06] [Epoch    93/  200] trn/loss 3.265e-01, trn/lr 1.676e-01, trn/scale 1.017e-01, val/acc 8.407e-01, val/nll 4.679e-01
[2023-02-10 21:07:14] [Epoch    94/  200] trn/loss 3.190e-01, trn/lr 1.653e-01, trn/scale 1.017e-01, val/acc 8.635e-01, val/nll 4.044e-01
[2023-02-10 21:07:22] [Epoch    95/  200] trn/loss 3.132e-01, trn/lr 1.630e-01, trn/scale 1.017e-01, val/acc 8.637e-01, val/nll 4.179e-01
[2023-02-10 21:07:30] [Epoch    96/  200] trn/loss 3.178e-01, trn/lr 1.606e-01, trn/scale 1.017e-01, val/acc 8.564e-01, val/nll 4.273e-01
[2023-02-10 21:07:39] [Epoch    97/  200] trn/loss 3.153e-01, trn/lr 1.582e-01, trn/scale 1.017e-01, val/acc 8.706e-01, val/nll 3.997e-01
[2023-02-10 21:07:47] [Epoch    98/  200] trn/loss 3.121e-01, trn/lr 1.559e-01, trn/scale 1.017e-01, val/acc 8.542e-01, val/nll 4.486e-01
[2023-02-10 21:07:56] [Epoch    99/  200] trn/loss 3.067e-01, trn/lr 1.535e-01, trn/scale 1.017e-01, val/acc 8.801e-01, val/nll 3.550e-01 (best_acc: 8.721e-01 -> 8.801e-01, test_acc: 8.732e-01, test_nll: 3.662e-01)
[2023-02-10 21:08:04] [Epoch   100/  200] trn/loss 2.956e-01, trn/lr 1.512e-01, trn/scale 1.017e-01, val/acc 8.752e-01, val/nll 3.713e-01
[2023-02-10 21:08:13] [Epoch   101/  200] trn/loss 3.007e-01, trn/lr 1.488e-01, trn/scale 1.017e-01, val/acc 8.565e-01, val/nll 4.229e-01
[2023-02-10 21:08:22] [Epoch   102/  200] trn/loss 2.942e-01, trn/lr 1.465e-01, trn/scale 1.017e-01, val/acc 8.948e-01, val/nll 3.229e-01 (best_acc: 8.801e-01 -> 8.948e-01, test_acc: 8.886e-01, test_nll: 3.304e-01)
[2023-02-10 21:08:30] [Epoch   103/  200] trn/loss 2.934e-01, trn/lr 1.441e-01, trn/scale 1.017e-01, val/acc 8.667e-01, val/nll 3.950e-01
[2023-02-10 21:08:38] [Epoch   104/  200] trn/loss 2.860e-01, trn/lr 1.418e-01, trn/scale 1.017e-01, val/acc 8.618e-01, val/nll 4.182e-01
[2023-02-10 21:08:47] [Epoch   105/  200] trn/loss 2.859e-01, trn/lr 1.394e-01, trn/scale 1.017e-01, val/acc 8.735e-01, val/nll 3.802e-01
[2023-02-10 21:08:55] [Epoch   106/  200] trn/loss 2.815e-01, trn/lr 1.371e-01, trn/scale 1.017e-01, val/acc 8.509e-01, val/nll 4.371e-01
[2023-02-10 21:09:03] [Epoch   107/  200] trn/loss 2.747e-01, trn/lr 1.347e-01, trn/scale 1.017e-01, val/acc 8.769e-01, val/nll 3.616e-01
[2023-02-10 21:09:11] [Epoch   108/  200] trn/loss 2.736e-01, trn/lr 1.324e-01, trn/scale 1.017e-01, val/acc 8.625e-01, val/nll 4.161e-01
[2023-02-10 21:09:19] [Epoch   109/  200] trn/loss 2.673e-01, trn/lr 1.300e-01, trn/scale 1.017e-01, val/acc 8.606e-01, val/nll 4.247e-01
[2023-02-10 21:09:28] [Epoch   110/  200] trn/loss 2.691e-01, trn/lr 1.277e-01, trn/scale 1.017e-01, val/acc 8.710e-01, val/nll 3.746e-01
[2023-02-10 21:09:36] [Epoch   111/  200] trn/loss 2.570e-01, trn/lr 1.254e-01, trn/scale 1.017e-01, val/acc 8.196e-01, val/nll 5.097e-01
[2023-02-10 21:09:44] [Epoch   112/  200] trn/loss 2.590e-01, trn/lr 1.231e-01, trn/scale 1.018e-01, val/acc 8.329e-01, val/nll 4.832e-01
[2023-02-10 21:09:52] [Epoch   113/  200] trn/loss 2.528e-01, trn/lr 1.207e-01, trn/scale 1.018e-01, val/acc 8.534e-01, val/nll 4.296e-01
[2023-02-10 21:10:01] [Epoch   114/  200] trn/loss 2.511e-01, trn/lr 1.184e-01, trn/scale 1.018e-01, val/acc 9.081e-01, val/nll 2.736e-01 (best_acc: 8.948e-01 -> 9.081e-01, test_acc: 9.043e-01, test_nll: 2.932e-01)
[2023-02-10 21:10:10] [Epoch   115/  200] trn/loss 2.448e-01, trn/lr 1.161e-01, trn/scale 1.018e-01, val/acc 8.892e-01, val/nll 3.311e-01
[2023-02-10 21:10:18] [Epoch   116/  200] trn/loss 2.415e-01, trn/lr 1.138e-01, trn/scale 1.018e-01, val/acc 8.924e-01, val/nll 3.247e-01
[2023-02-10 21:10:26] [Epoch   117/  200] trn/loss 2.403e-01, trn/lr 1.116e-01, trn/scale 1.018e-01, val/acc 8.884e-01, val/nll 3.268e-01
[2023-02-10 21:10:34] [Epoch   118/  200] trn/loss 2.285e-01, trn/lr 1.093e-01, trn/scale 1.018e-01, val/acc 9.039e-01, val/nll 2.926e-01
[2023-02-10 21:10:43] [Epoch   119/  200] trn/loss 2.294e-01, trn/lr 1.070e-01, trn/scale 1.018e-01, val/acc 9.055e-01, val/nll 2.755e-01
[2023-02-10 21:10:51] [Epoch   120/  200] trn/loss 2.250e-01, trn/lr 1.048e-01, trn/scale 1.018e-01, val/acc 8.978e-01, val/nll 2.927e-01
[2023-02-10 21:10:59] [Epoch   121/  200] trn/loss 2.201e-01, trn/lr 1.025e-01, trn/scale 1.018e-01, val/acc 8.649e-01, val/nll 3.786e-01
[2023-02-10 21:11:08] [Epoch   122/  200] trn/loss 2.157e-01, trn/lr 1.003e-01, trn/scale 1.018e-01, val/acc 9.087e-01, val/nll 2.678e-01 (best_acc: 9.081e-01 -> 9.087e-01, test_acc: 9.036e-01, test_nll: 2.807e-01)
[2023-02-10 21:11:17] [Epoch   123/  200] trn/loss 2.151e-01, trn/lr 9.809e-02, trn/scale 1.018e-01, val/acc 8.992e-01, val/nll 2.900e-01
[2023-02-10 21:11:25] [Epoch   124/  200] trn/loss 2.042e-01, trn/lr 9.589e-02, trn/scale 1.018e-01, val/acc 8.941e-01, val/nll 3.192e-01
[2023-02-10 21:11:33] [Epoch   125/  200] trn/loss 2.027e-01, trn/lr 9.370e-02, trn/scale 1.018e-01, val/acc 9.009e-01, val/nll 2.892e-01
[2023-02-10 21:11:41] [Epoch   126/  200] trn/loss 2.006e-01, trn/lr 9.152e-02, trn/scale 1.018e-01, val/acc 9.084e-01, val/nll 2.755e-01
[2023-02-10 21:11:51] [Epoch   127/  200] trn/loss 1.937e-01, trn/lr 8.936e-02, trn/scale 1.018e-01, val/acc 9.097e-01, val/nll 2.630e-01 (best_acc: 9.087e-01 -> 9.097e-01, test_acc: 9.065e-01, test_nll: 2.692e-01)
[2023-02-10 21:11:59] [Epoch   128/  200] trn/loss 1.916e-01, trn/lr 8.721e-02, trn/scale 1.018e-01, val/acc 9.030e-01, val/nll 2.884e-01
[2023-02-10 21:12:07] [Epoch   129/  200] trn/loss 1.874e-01, trn/lr 8.508e-02, trn/scale 1.018e-01, val/acc 9.066e-01, val/nll 2.852e-01
[2023-02-10 21:12:16] [Epoch   130/  200] trn/loss 1.801e-01, trn/lr 8.296e-02, trn/scale 1.018e-01, val/acc 9.144e-01, val/nll 2.508e-01 (best_acc: 9.097e-01 -> 9.144e-01, test_acc: 9.136e-01, test_nll: 2.522e-01)
[2023-02-10 21:12:25] [Epoch   131/  200] trn/loss 1.802e-01, trn/lr 8.086e-02, trn/scale 1.018e-01, val/acc 8.867e-01, val/nll 3.245e-01
[2023-02-10 21:12:34] [Epoch   132/  200] trn/loss 1.717e-01, trn/lr 7.878e-02, trn/scale 1.018e-01, val/acc 9.170e-01, val/nll 2.449e-01 (best_acc: 9.144e-01 -> 9.170e-01, test_acc: 9.125e-01, test_nll: 2.570e-01)
[2023-02-10 21:12:43] [Epoch   133/  200] trn/loss 1.679e-01, trn/lr 7.671e-02, trn/scale 1.019e-01, val/acc 9.202e-01, val/nll 2.407e-01 (best_acc: 9.170e-01 -> 9.202e-01, test_acc: 9.169e-01, test_nll: 2.509e-01)
[2023-02-10 21:12:52] [Epoch   134/  200] trn/loss 1.701e-01, trn/lr 7.467e-02, trn/scale 1.019e-01, val/acc 9.253e-01, val/nll 2.278e-01 (best_acc: 9.202e-01 -> 9.253e-01, test_acc: 9.216e-01, test_nll: 2.337e-01)
[2023-02-10 21:13:01] [Epoch   135/  200] trn/loss 1.624e-01, trn/lr 7.264e-02, trn/scale 1.019e-01, val/acc 9.107e-01, val/nll 2.602e-01
[2023-02-10 21:13:09] [Epoch   136/  200] trn/loss 1.554e-01, trn/lr 7.063e-02, trn/scale 1.019e-01, val/acc 9.014e-01, val/nll 2.935e-01
[2023-02-10 21:13:18] [Epoch   137/  200] trn/loss 1.529e-01, trn/lr 6.864e-02, trn/scale 1.019e-01, val/acc 9.256e-01, val/nll 2.227e-01 (best_acc: 9.253e-01 -> 9.256e-01, test_acc: 9.244e-01, test_nll: 2.313e-01)
[2023-02-10 21:13:26] [Epoch   138/  200] trn/loss 1.474e-01, trn/lr 6.667e-02, trn/scale 1.019e-01, val/acc 9.138e-01, val/nll 2.478e-01
[2023-02-10 21:13:34] [Epoch   139/  200] trn/loss 1.422e-01, trn/lr 6.472e-02, trn/scale 1.019e-01, val/acc 9.159e-01, val/nll 2.477e-01
[2023-02-10 21:13:43] [Epoch   140/  200] trn/loss 1.354e-01, trn/lr 6.279e-02, trn/scale 1.019e-01, val/acc 9.185e-01, val/nll 2.304e-01
[2023-02-10 21:13:52] [Epoch   141/  200] trn/loss 1.337e-01, trn/lr 6.089e-02, trn/scale 1.019e-01, val/acc 9.277e-01, val/nll 2.127e-01 (best_acc: 9.256e-01 -> 9.277e-01, test_acc: 9.257e-01, test_nll: 2.157e-01)
[2023-02-10 21:14:01] [Epoch   142/  200] trn/loss 1.275e-01, trn/lr 5.900e-02, trn/scale 1.019e-01, val/acc 9.293e-01, val/nll 2.014e-01 (best_acc: 9.277e-01 -> 9.293e-01, test_acc: 9.279e-01, test_nll: 2.094e-01)
[2023-02-10 21:14:09] [Epoch   143/  200] trn/loss 1.254e-01, trn/lr 5.714e-02, trn/scale 1.019e-01, val/acc 9.260e-01, val/nll 2.075e-01
[2023-02-10 21:14:19] [Epoch   144/  200] trn/loss 1.200e-01, trn/lr 5.530e-02, trn/scale 1.019e-01, val/acc 9.325e-01, val/nll 2.094e-01 (best_acc: 9.293e-01 -> 9.325e-01, test_acc: 9.332e-01, test_nll: 2.059e-01)
[2023-02-10 21:14:27] [Epoch   145/  200] trn/loss 1.163e-01, trn/lr 5.349e-02, trn/scale 1.020e-01, val/acc 9.175e-01, val/nll 2.456e-01
[2023-02-10 21:14:35] [Epoch   146/  200] trn/loss 1.125e-01, trn/lr 5.170e-02, trn/scale 1.020e-01, val/acc 9.280e-01, val/nll 2.201e-01
[2023-02-10 21:14:44] [Epoch   147/  200] trn/loss 1.083e-01, trn/lr 4.993e-02, trn/scale 1.020e-01, val/acc 9.386e-01, val/nll 1.818e-01 (best_acc: 9.325e-01 -> 9.386e-01, test_acc: 9.324e-01, test_nll: 1.968e-01)
[2023-02-10 21:14:52] [Epoch   148/  200] trn/loss 1.040e-01, trn/lr 4.819e-02, trn/scale 1.020e-01, val/acc 9.192e-01, val/nll 2.409e-01
[2023-02-10 21:15:01] [Epoch   149/  200] trn/loss 9.522e-02, trn/lr 4.647e-02, trn/scale 1.020e-01, val/acc 9.165e-01, val/nll 2.417e-01
[2023-02-10 21:15:09] [Epoch   150/  200] trn/loss 9.574e-02, trn/lr 4.478e-02, trn/scale 1.020e-01, val/acc 9.360e-01, val/nll 1.866e-01
[2023-02-10 21:15:17] [Epoch   151/  200] trn/loss 8.912e-02, trn/lr 4.311e-02, trn/scale 1.020e-01, val/acc 9.385e-01, val/nll 1.814e-01
[2023-02-10 21:15:25] [Epoch   152/  200] trn/loss 8.496e-02, trn/lr 4.147e-02, trn/scale 1.020e-01, val/acc 9.330e-01, val/nll 2.081e-01
[2023-02-10 21:15:34] [Epoch   153/  200] trn/loss 8.324e-02, trn/lr 3.986e-02, trn/scale 1.021e-01, val/acc 9.345e-01, val/nll 1.961e-01
[2023-02-10 21:15:42] [Epoch   154/  200] trn/loss 7.671e-02, trn/lr 3.827e-02, trn/scale 1.021e-01, val/acc 9.330e-01, val/nll 1.851e-01
[2023-02-10 21:15:50] [Epoch   155/  200] trn/loss 7.463e-02, trn/lr 3.671e-02, trn/scale 1.021e-01, val/acc 9.275e-01, val/nll 2.079e-01
[2023-02-10 21:15:59] [Epoch   156/  200] trn/loss 7.079e-02, trn/lr 3.518e-02, trn/scale 1.021e-01, val/acc 9.426e-01, val/nll 1.693e-01 (best_acc: 9.386e-01 -> 9.426e-01, test_acc: 9.400e-01, test_nll: 1.786e-01)
[2023-02-10 21:16:08] [Epoch   157/  200] trn/loss 6.710e-02, trn/lr 3.368e-02, trn/scale 1.021e-01, val/acc 9.381e-01, val/nll 1.826e-01
[2023-02-10 21:16:16] [Epoch   158/  200] trn/loss 6.267e-02, trn/lr 3.221e-02, trn/scale 1.021e-01, val/acc 9.421e-01, val/nll 1.818e-01
[2023-02-10 21:16:25] [Epoch   159/  200] trn/loss 5.765e-02, trn/lr 3.076e-02, trn/scale 1.022e-01, val/acc 9.438e-01, val/nll 1.686e-01 (best_acc: 9.426e-01 -> 9.438e-01, test_acc: 9.425e-01, test_nll: 1.721e-01)
[2023-02-10 21:16:34] [Epoch   160/  200] trn/loss 5.476e-02, trn/lr 2.935e-02, trn/scale 1.022e-01, val/acc 9.447e-01, val/nll 1.600e-01 (best_acc: 9.438e-01 -> 9.447e-01, test_acc: 9.435e-01, test_nll: 1.655e-01)
[2023-02-10 21:16:43] [Epoch   161/  200] trn/loss 4.967e-02, trn/lr 2.796e-02, trn/scale 1.022e-01, val/acc 9.435e-01, val/nll 1.698e-01
[2023-02-10 21:16:52] [Epoch   162/  200] trn/loss 4.453e-02, trn/lr 2.661e-02, trn/scale 1.022e-01, val/acc 9.483e-01, val/nll 1.525e-01 (best_acc: 9.447e-01 -> 9.483e-01, test_acc: 9.442e-01, test_nll: 1.615e-01)
[2023-02-10 21:17:00] [Epoch   163/  200] trn/loss 4.304e-02, trn/lr 2.528e-02, trn/scale 1.023e-01, val/acc 9.419e-01, val/nll 1.677e-01
[2023-02-10 21:17:08] [Epoch   164/  200] trn/loss 3.959e-02, trn/lr 2.399e-02, trn/scale 1.023e-01, val/acc 9.444e-01, val/nll 1.684e-01
[2023-02-10 21:17:17] [Epoch   165/  200] trn/loss 3.875e-02, trn/lr 2.273e-02, trn/scale 1.023e-01, val/acc 9.494e-01, val/nll 1.510e-01 (best_acc: 9.483e-01 -> 9.494e-01, test_acc: 9.482e-01, test_nll: 1.564e-01)
[2023-02-10 21:17:26] [Epoch   166/  200] trn/loss 3.564e-02, trn/lr 2.150e-02, trn/scale 1.024e-01, val/acc 9.429e-01, val/nll 1.704e-01
[2023-02-10 21:17:35] [Epoch   167/  200] trn/loss 3.236e-02, trn/lr 2.030e-02, trn/scale 1.024e-01, val/acc 9.510e-01, val/nll 1.476e-01 (best_acc: 9.494e-01 -> 9.510e-01, test_acc: 9.509e-01, test_nll: 1.522e-01)
[2023-02-10 21:17:44] [Epoch   168/  200] trn/loss 2.924e-02, trn/lr 1.913e-02, trn/scale 1.024e-01, val/acc 9.541e-01, val/nll 1.374e-01 (best_acc: 9.510e-01 -> 9.541e-01, test_acc: 9.499e-01, test_nll: 1.478e-01)
[2023-02-10 21:17:53] [Epoch   169/  200] trn/loss 2.773e-02, trn/lr 1.800e-02, trn/scale 1.024e-01, val/acc 9.558e-01, val/nll 1.357e-01 (best_acc: 9.541e-01 -> 9.558e-01, test_acc: 9.527e-01, test_nll: 1.430e-01)
[2023-02-10 21:18:02] [Epoch   170/  200] trn/loss 2.465e-02, trn/lr 1.689e-02, trn/scale 1.025e-01, val/acc 9.524e-01, val/nll 1.420e-01
[2023-02-10 21:18:11] [Epoch   171/  200] trn/loss 2.338e-02, trn/lr 1.582e-02, trn/scale 1.025e-01, val/acc 9.562e-01, val/nll 1.400e-01 (best_acc: 9.558e-01 -> 9.562e-01, test_acc: 9.507e-01, test_nll: 1.507e-01)
[2023-02-10 21:18:19] [Epoch   172/  200] trn/loss 2.068e-02, trn/lr 1.479e-02, trn/scale 1.026e-01, val/acc 9.506e-01, val/nll 1.423e-01
[2023-02-10 21:18:27] [Epoch   173/  200] trn/loss 1.865e-02, trn/lr 1.378e-02, trn/scale 1.026e-01, val/acc 9.533e-01, val/nll 1.419e-01
[2023-02-10 21:18:36] [Epoch   174/  200] trn/loss 1.648e-02, trn/lr 1.281e-02, trn/scale 1.027e-01, val/acc 9.552e-01, val/nll 1.386e-01
[2023-02-10 21:18:44] [Epoch   175/  200] trn/loss 1.483e-02, trn/lr 1.188e-02, trn/scale 1.027e-01, val/acc 9.553e-01, val/nll 1.344e-01
[2023-02-10 21:18:53] [Epoch   176/  200] trn/loss 1.293e-02, trn/lr 1.098e-02, trn/scale 1.028e-01, val/acc 9.572e-01, val/nll 1.287e-01 (best_acc: 9.562e-01 -> 9.572e-01, test_acc: 9.534e-01, test_nll: 1.434e-01)
[2023-02-10 21:19:01] [Epoch   177/  200] trn/loss 1.229e-02, trn/lr 1.011e-02, trn/scale 1.028e-01, val/acc 9.563e-01, val/nll 1.340e-01
[2023-02-10 21:19:11] [Epoch   178/  200] trn/loss 1.108e-02, trn/lr 9.275e-03, trn/scale 1.029e-01, val/acc 9.577e-01, val/nll 1.340e-01 (best_acc: 9.572e-01 -> 9.577e-01, test_acc: 9.565e-01, test_nll: 1.374e-01)
[2023-02-10 21:19:20] [Epoch   179/  200] trn/loss 1.055e-02, trn/lr 8.477e-03, trn/scale 1.029e-01, val/acc 9.586e-01, val/nll 1.313e-01 (best_acc: 9.577e-01 -> 9.586e-01, test_acc: 9.560e-01, test_nll: 1.388e-01)
[2023-02-10 21:19:28] [Epoch   180/  200] trn/loss 9.127e-03, trn/lr 7.714e-03, trn/scale 1.030e-01, val/acc 9.561e-01, val/nll 1.326e-01
[2023-02-10 21:19:36] [Epoch   181/  200] trn/loss 8.026e-03, trn/lr 6.986e-03, trn/scale 1.030e-01, val/acc 9.580e-01, val/nll 1.274e-01
[2023-02-10 21:19:45] [Epoch   182/  200] trn/loss 7.447e-03, trn/lr 6.293e-03, trn/scale 1.031e-01, val/acc 9.592e-01, val/nll 1.296e-01 (best_acc: 9.586e-01 -> 9.592e-01, test_acc: 9.573e-01, test_nll: 1.363e-01)
[2023-02-10 21:19:55] [Epoch   183/  200] trn/loss 6.833e-03, trn/lr 5.635e-03, trn/scale 1.032e-01, val/acc 9.594e-01, val/nll 1.255e-01 (best_acc: 9.592e-01 -> 9.594e-01, test_acc: 9.571e-01, test_nll: 1.394e-01)
[2023-02-10 21:20:04] [Epoch   184/  200] trn/loss 6.763e-03, trn/lr 5.013e-03, trn/scale 1.032e-01, val/acc 9.598e-01, val/nll 1.284e-01 (best_acc: 9.594e-01 -> 9.598e-01, test_acc: 9.588e-01, test_nll: 1.354e-01)
[2023-02-10 21:20:12] [Epoch   185/  200] trn/loss 5.921e-03, trn/lr 4.427e-03, trn/scale 1.033e-01, val/acc 9.590e-01, val/nll 1.259e-01
[2023-02-10 21:20:21] [Epoch   186/  200] trn/loss 5.488e-03, trn/lr 3.877e-03, trn/scale 1.033e-01, val/acc 9.611e-01, val/nll 1.254e-01 (best_acc: 9.598e-01 -> 9.611e-01, test_acc: 9.572e-01, test_nll: 1.355e-01)
[2023-02-10 21:20:29] [Epoch   187/  200] trn/loss 5.286e-03, trn/lr 3.363e-03, trn/scale 1.034e-01, val/acc 9.602e-01, val/nll 1.254e-01
[2023-02-10 21:20:39] [Epoch   188/  200] trn/loss 4.718e-03, trn/lr 2.885e-03, trn/scale 1.034e-01, val/acc 9.615e-01, val/nll 1.265e-01 (best_acc: 9.611e-01 -> 9.615e-01, test_acc: 9.595e-01, test_nll: 1.363e-01)
[2023-02-10 21:20:47] [Epoch   189/  200] trn/loss 4.515e-03, trn/lr 2.444e-03, trn/scale 1.035e-01, val/acc 9.596e-01, val/nll 1.256e-01
[2023-02-10 21:20:55] [Epoch   190/  200] trn/loss 4.479e-03, trn/lr 2.038e-03, trn/scale 1.035e-01, val/acc 9.607e-01, val/nll 1.261e-01
[2023-02-10 21:21:03] [Epoch   191/  200] trn/loss 4.312e-03, trn/lr 1.670e-03, trn/scale 1.036e-01, val/acc 9.610e-01, val/nll 1.266e-01
[2023-02-10 21:21:12] [Epoch   192/  200] trn/loss 4.311e-03, trn/lr 1.338e-03, trn/scale 1.036e-01, val/acc 9.616e-01, val/nll 1.270e-01 (best_acc: 9.615e-01 -> 9.616e-01, test_acc: 9.589e-01, test_nll: 1.360e-01)
[2023-02-10 21:21:21] [Epoch   193/  200] trn/loss 3.817e-03, trn/lr 1.042e-03, trn/scale 1.036e-01, val/acc 9.608e-01, val/nll 1.260e-01
[2023-02-10 21:21:29] [Epoch   194/  200] trn/loss 3.956e-03, trn/lr 7.835e-04, trn/scale 1.037e-01, val/acc 9.612e-01, val/nll 1.263e-01
[2023-02-10 21:21:38] [Epoch   195/  200] trn/loss 3.813e-03, trn/lr 5.616e-04, trn/scale 1.037e-01, val/acc 9.619e-01, val/nll 1.262e-01 (best_acc: 9.616e-01 -> 9.619e-01, test_acc: 9.582e-01, test_nll: 1.361e-01)
[2023-02-10 21:21:46] [Epoch   196/  200] trn/loss 3.816e-03, trn/lr 3.766e-04, trn/scale 1.037e-01, val/acc 9.610e-01, val/nll 1.261e-01
[2023-02-10 21:21:56] [Epoch   197/  200] trn/loss 4.054e-03, trn/lr 2.286e-04, trn/scale 1.037e-01, val/acc 9.623e-01, val/nll 1.263e-01 (best_acc: 9.619e-01 -> 9.623e-01, test_acc: 9.578e-01, test_nll: 1.365e-01)
[2023-02-10 21:22:04] [Epoch   198/  200] trn/loss 3.781e-03, trn/lr 1.175e-04, trn/scale 1.038e-01, val/acc 9.619e-01, val/nll 1.259e-01
[2023-02-10 21:22:12] [Epoch   199/  200] trn/loss 3.764e-03, trn/lr 4.335e-05, trn/scale 1.038e-01, val/acc 9.618e-01, val/nll 1.268e-01
[2023-02-10 21:22:20] [Epoch   200/  200] trn/loss 3.787e-03, trn/lr 6.226e-06, trn/scale 1.038e-01, val/acc 9.615e-01, val/nll 1.268e-01
