[2023-02-20 01:54:35] Environments:
------------  ------------------------------------------------------------
sys.platform  linux
Python        3.8.10 (default, Nov 14 2022, 12:59:47) [GCC 9.4.0]
JAX           0.4.2 @/home/giung/.local/lib/python3.8/site-packages/jax
jaxlib        0.4.2 @/home/giung/.local/lib/python3.8/site-packages/jaxlib
Flax          0.6.4 @/home/giung/.local/lib/python3.8/site-packages/flax
Optax         0.1.4 @/home/giung/.local/lib/python3.8/site-packages/optax
------------  ------------------------------------------------------------

[2023-02-20 01:54:35] Command line arguments:
- args.data_root          : ./data/
- args.data_name          : CIFAR10_x32
- args.data_augmentation  : standard
- args.data_proportional  : 1.0
- args.model_depth        : 20
- args.model_width        : 4
- args.model_style        : BN-ReLU
- args.optim_bs           : 256
- args.optim_ne           : 200
- args.optim_lr           : 0.1
- args.optim_momentum     : 0.97
- args.optim_weight_decay : 0.0003
- args.rho                : 0.03
- args.save               : /home/giung/giung2-dev/projects/sam/save/CIFAR10_x32/R20x4-BN-ReLU/ASAM/bs-0256_ne-0200_lr-0.10_mo-0.97_wd-0.0003_rho-0.0300_fp32/42
- args.seed               : 42
- args.precision          : fp32

[2023-02-20 01:54:41] Multiple local devices are detected:
[TpuDevice(id=0, process_index=0, coords=(0,0,0), core_on_chip=0), TpuDevice(id=1, process_index=0, coords=(0,0,0), core_on_chip=1), TpuDevice(id=2, process_index=0, coords=(1,0,0), core_on_chip=0), TpuDevice(id=3, process_index=0, coords=(1,0,0), core_on_chip=1), TpuDevice(id=4, process_index=0, coords=(0,1,0), core_on_chip=0), TpuDevice(id=5, process_index=0, coords=(0,1,0), core_on_chip=1), TpuDevice(id=6, process_index=0, coords=(1,1,0), core_on_chip=0), TpuDevice(id=7, process_index=0, coords=(1,1,0), core_on_chip=1)]

[2023-02-20 01:55:43] [Epoch     1/  200] trn/loss 2.466e+00, trn/lr 1.000e-01, val/acc 2.055e-01, val/nll 2.008e+00 (best_acc: 0.000e+00 -> 2.055e-01, test_acc: 2.096e-01, test_nll: 2.009e+00)
[2023-02-20 01:55:51] [Epoch     2/  200] trn/loss 1.950e+00, trn/lr 9.999e-02, val/acc 2.591e-01, val/nll 1.925e+00 (best_acc: 2.055e-01 -> 2.591e-01, test_acc: 2.566e-01, test_nll: 1.919e+00)
[2023-02-20 01:56:00] [Epoch     3/  200] trn/loss 1.801e+00, trn/lr 9.996e-02, val/acc 3.456e-01, val/nll 1.694e+00 (best_acc: 2.591e-01 -> 3.456e-01, test_acc: 3.471e-01, test_nll: 1.690e+00)
[2023-02-20 01:56:08] [Epoch     4/  200] trn/loss 1.661e+00, trn/lr 9.992e-02, val/acc 4.020e-01, val/nll 1.619e+00 (best_acc: 3.456e-01 -> 4.020e-01, test_acc: 3.993e-01, test_nll: 1.614e+00)
[2023-02-20 01:56:16] [Epoch     5/  200] trn/loss 1.493e+00, trn/lr 9.987e-02, val/acc 4.520e-01, val/nll 1.539e+00 (best_acc: 4.020e-01 -> 4.520e-01, test_acc: 4.519e-01, test_nll: 1.540e+00)
[2023-02-20 01:56:24] [Epoch     6/  200] trn/loss 1.280e+00, trn/lr 9.981e-02, val/acc 5.284e-01, val/nll 1.348e+00 (best_acc: 4.520e-01 -> 5.284e-01, test_acc: 5.286e-01, test_nll: 1.354e+00)
[2023-02-20 01:56:32] [Epoch     7/  200] trn/loss 1.108e+00, trn/lr 9.974e-02, val/acc 6.250e-01, val/nll 1.066e+00 (best_acc: 5.284e-01 -> 6.250e-01, test_acc: 6.221e-01, test_nll: 1.069e+00)
[2023-02-20 01:56:39] [Epoch     8/  200] trn/loss 9.895e-01, trn/lr 9.965e-02, val/acc 5.582e-01, val/nll 1.286e+00
[2023-02-20 01:56:47] [Epoch     9/  200] trn/loss 8.885e-01, trn/lr 9.955e-02, val/acc 6.405e-01, val/nll 1.094e+00 (best_acc: 6.250e-01 -> 6.405e-01, test_acc: 6.361e-01, test_nll: 1.101e+00)
[2023-02-20 01:56:55] [Epoch    10/  200] trn/loss 8.084e-01, trn/lr 9.944e-02, val/acc 7.350e-01, val/nll 7.703e-01 (best_acc: 6.405e-01 -> 7.350e-01, test_acc: 7.293e-01, test_nll: 7.823e-01)
[2023-02-20 01:57:02] [Epoch    11/  200] trn/loss 7.399e-01, trn/lr 9.932e-02, val/acc 7.000e-01, val/nll 8.860e-01
[2023-02-20 01:57:09] [Epoch    12/  200] trn/loss 6.726e-01, trn/lr 9.919e-02, val/acc 6.856e-01, val/nll 9.495e-01
[2023-02-20 01:57:17] [Epoch    13/  200] trn/loss 6.259e-01, trn/lr 9.904e-02, val/acc 7.386e-01, val/nll 7.999e-01 (best_acc: 7.350e-01 -> 7.386e-01, test_acc: 7.356e-01, test_nll: 8.012e-01)
[2023-02-20 01:57:25] [Epoch    14/  200] trn/loss 6.051e-01, trn/lr 9.888e-02, val/acc 7.511e-01, val/nll 7.891e-01 (best_acc: 7.386e-01 -> 7.511e-01, test_acc: 7.454e-01, test_nll: 7.976e-01)
[2023-02-20 01:57:33] [Epoch    15/  200] trn/loss 5.871e-01, trn/lr 9.871e-02, val/acc 7.895e-01, val/nll 6.224e-01 (best_acc: 7.511e-01 -> 7.895e-01, test_acc: 7.831e-01, test_nll: 6.278e-01)
[2023-02-20 01:57:41] [Epoch    16/  200] trn/loss 5.337e-01, trn/lr 9.853e-02, val/acc 7.795e-01, val/nll 6.726e-01
[2023-02-20 01:57:48] [Epoch    17/  200] trn/loss 5.152e-01, trn/lr 9.833e-02, val/acc 7.417e-01, val/nll 7.804e-01
[2023-02-20 01:57:55] [Epoch    18/  200] trn/loss 5.077e-01, trn/lr 9.812e-02, val/acc 7.517e-01, val/nll 7.786e-01
[2023-02-20 01:58:03] [Epoch    19/  200] trn/loss 4.869e-01, trn/lr 9.790e-02, val/acc 8.119e-01, val/nll 5.648e-01 (best_acc: 7.895e-01 -> 8.119e-01, test_acc: 8.012e-01, test_nll: 5.765e-01)
[2023-02-20 01:58:10] [Epoch    20/  200] trn/loss 4.775e-01, trn/lr 9.767e-02, val/acc 7.525e-01, val/nll 7.957e-01
[2023-02-20 01:58:18] [Epoch    21/  200] trn/loss 4.628e-01, trn/lr 9.743e-02, val/acc 7.913e-01, val/nll 6.524e-01
[2023-02-20 01:58:26] [Epoch    22/  200] trn/loss 4.576e-01, trn/lr 9.718e-02, val/acc 8.213e-01, val/nll 5.255e-01 (best_acc: 8.119e-01 -> 8.213e-01, test_acc: 8.195e-01, test_nll: 5.303e-01)
[2023-02-20 01:58:33] [Epoch    23/  200] trn/loss 4.449e-01, trn/lr 9.691e-02, val/acc 7.468e-01, val/nll 8.582e-01
[2023-02-20 01:58:40] [Epoch    24/  200] trn/loss 4.465e-01, trn/lr 9.663e-02, val/acc 8.105e-01, val/nll 5.611e-01
[2023-02-20 01:58:47] [Epoch    25/  200] trn/loss 4.284e-01, trn/lr 9.634e-02, val/acc 8.079e-01, val/nll 5.996e-01
[2023-02-20 01:58:54] [Epoch    26/  200] trn/loss 4.287e-01, trn/lr 9.604e-02, val/acc 7.444e-01, val/nll 8.013e-01
[2023-02-20 01:59:03] [Epoch    27/  200] trn/loss 4.177e-01, trn/lr 9.573e-02, val/acc 8.396e-01, val/nll 4.645e-01 (best_acc: 8.213e-01 -> 8.396e-01, test_acc: 8.394e-01, test_nll: 4.758e-01)
[2023-02-20 01:59:10] [Epoch    28/  200] trn/loss 4.093e-01, trn/lr 9.541e-02, val/acc 8.222e-01, val/nll 5.444e-01
[2023-02-20 01:59:17] [Epoch    29/  200] trn/loss 3.923e-01, trn/lr 9.507e-02, val/acc 8.337e-01, val/nll 5.142e-01
[2023-02-20 01:59:24] [Epoch    30/  200] trn/loss 3.907e-01, trn/lr 9.473e-02, val/acc 8.216e-01, val/nll 5.348e-01
[2023-02-20 01:59:32] [Epoch    31/  200] trn/loss 3.991e-01, trn/lr 9.437e-02, val/acc 8.397e-01, val/nll 4.855e-01 (best_acc: 8.396e-01 -> 8.397e-01, test_acc: 8.408e-01, test_nll: 4.923e-01)
[2023-02-20 01:59:40] [Epoch    32/  200] trn/loss 3.831e-01, trn/lr 9.400e-02, val/acc 8.314e-01, val/nll 5.178e-01
[2023-02-20 01:59:47] [Epoch    33/  200] trn/loss 3.936e-01, trn/lr 9.363e-02, val/acc 8.350e-01, val/nll 4.973e-01
[2023-02-20 01:59:54] [Epoch    34/  200] trn/loss 3.697e-01, trn/lr 9.324e-02, val/acc 8.278e-01, val/nll 5.269e-01
[2023-02-20 02:00:01] [Epoch    35/  200] trn/loss 3.804e-01, trn/lr 9.284e-02, val/acc 8.080e-01, val/nll 5.865e-01
[2023-02-20 02:00:08] [Epoch    36/  200] trn/loss 3.691e-01, trn/lr 9.243e-02, val/acc 8.247e-01, val/nll 5.480e-01
[2023-02-20 02:00:16] [Epoch    37/  200] trn/loss 3.733e-01, trn/lr 9.201e-02, val/acc 8.250e-01, val/nll 5.215e-01
[2023-02-20 02:00:24] [Epoch    38/  200] trn/loss 3.685e-01, trn/lr 9.157e-02, val/acc 8.690e-01, val/nll 3.894e-01 (best_acc: 8.397e-01 -> 8.690e-01, test_acc: 8.656e-01, test_nll: 4.023e-01)
[2023-02-20 02:00:31] [Epoch    39/  200] trn/loss 3.493e-01, trn/lr 9.113e-02, val/acc 8.003e-01, val/nll 5.973e-01
[2023-02-20 02:00:38] [Epoch    40/  200] trn/loss 3.614e-01, trn/lr 9.068e-02, val/acc 8.304e-01, val/nll 5.310e-01
[2023-02-20 02:00:45] [Epoch    41/  200] trn/loss 3.597e-01, trn/lr 9.022e-02, val/acc 8.355e-01, val/nll 4.938e-01
[2023-02-20 02:00:53] [Epoch    42/  200] trn/loss 3.405e-01, trn/lr 8.975e-02, val/acc 8.261e-01, val/nll 5.637e-01
[2023-02-20 02:01:00] [Epoch    43/  200] trn/loss 3.381e-01, trn/lr 8.927e-02, val/acc 8.301e-01, val/nll 5.193e-01
[2023-02-20 02:01:07] [Epoch    44/  200] trn/loss 3.410e-01, trn/lr 8.878e-02, val/acc 8.616e-01, val/nll 4.214e-01
[2023-02-20 02:01:14] [Epoch    45/  200] trn/loss 3.398e-01, trn/lr 8.828e-02, val/acc 8.419e-01, val/nll 4.898e-01
[2023-02-20 02:01:21] [Epoch    46/  200] trn/loss 3.290e-01, trn/lr 8.777e-02, val/acc 8.157e-01, val/nll 5.743e-01
[2023-02-20 02:01:28] [Epoch    47/  200] trn/loss 3.292e-01, trn/lr 8.725e-02, val/acc 8.265e-01, val/nll 5.386e-01
[2023-02-20 02:01:36] [Epoch    48/  200] trn/loss 3.249e-01, trn/lr 8.672e-02, val/acc 7.864e-01, val/nll 7.233e-01
[2023-02-20 02:01:43] [Epoch    49/  200] trn/loss 3.230e-01, trn/lr 8.618e-02, val/acc 8.132e-01, val/nll 6.104e-01
[2023-02-20 02:01:50] [Epoch    50/  200] trn/loss 3.185e-01, trn/lr 8.563e-02, val/acc 8.468e-01, val/nll 4.521e-01
[2023-02-20 02:01:57] [Epoch    51/  200] trn/loss 3.166e-01, trn/lr 8.508e-02, val/acc 8.433e-01, val/nll 4.899e-01
[2023-02-20 02:02:04] [Epoch    52/  200] trn/loss 3.143e-01, trn/lr 8.451e-02, val/acc 8.628e-01, val/nll 4.280e-01
[2023-02-20 02:02:12] [Epoch    53/  200] trn/loss 3.085e-01, trn/lr 8.394e-02, val/acc 8.385e-01, val/nll 4.859e-01
[2023-02-20 02:02:19] [Epoch    54/  200] trn/loss 3.142e-01, trn/lr 8.336e-02, val/acc 8.572e-01, val/nll 4.396e-01
[2023-02-20 02:02:26] [Epoch    55/  200] trn/loss 3.037e-01, trn/lr 8.277e-02, val/acc 8.657e-01, val/nll 4.191e-01
[2023-02-20 02:02:33] [Epoch    56/  200] trn/loss 2.996e-01, trn/lr 8.217e-02, val/acc 8.473e-01, val/nll 4.750e-01
[2023-02-20 02:02:40] [Epoch    57/  200] trn/loss 3.138e-01, trn/lr 8.157e-02, val/acc 8.515e-01, val/nll 4.324e-01
[2023-02-20 02:02:48] [Epoch    58/  200] trn/loss 2.981e-01, trn/lr 8.096e-02, val/acc 8.689e-01, val/nll 4.067e-01
[2023-02-20 02:02:55] [Epoch    59/  200] trn/loss 2.972e-01, trn/lr 8.034e-02, val/acc 8.655e-01, val/nll 3.971e-01
[2023-02-20 02:03:02] [Epoch    60/  200] trn/loss 2.997e-01, trn/lr 7.971e-02, val/acc 8.612e-01, val/nll 4.344e-01
[2023-02-20 02:03:09] [Epoch    61/  200] trn/loss 2.889e-01, trn/lr 7.907e-02, val/acc 8.664e-01, val/nll 4.354e-01
[2023-02-20 02:03:16] [Epoch    62/  200] trn/loss 2.840e-01, trn/lr 7.843e-02, val/acc 8.605e-01, val/nll 4.222e-01
[2023-02-20 02:03:24] [Epoch    63/  200] trn/loss 2.887e-01, trn/lr 7.778e-02, val/acc 8.437e-01, val/nll 4.854e-01
[2023-02-20 02:03:31] [Epoch    64/  200] trn/loss 2.824e-01, trn/lr 7.712e-02, val/acc 8.567e-01, val/nll 4.438e-01
[2023-02-20 02:03:38] [Epoch    65/  200] trn/loss 2.771e-01, trn/lr 7.646e-02, val/acc 8.507e-01, val/nll 4.521e-01
[2023-02-20 02:03:45] [Epoch    66/  200] trn/loss 2.778e-01, trn/lr 7.579e-02, val/acc 8.398e-01, val/nll 5.084e-01
[2023-02-20 02:03:52] [Epoch    67/  200] trn/loss 2.713e-01, trn/lr 7.512e-02, val/acc 8.683e-01, val/nll 4.247e-01
[2023-02-20 02:03:59] [Epoch    68/  200] trn/loss 2.800e-01, trn/lr 7.443e-02, val/acc 8.457e-01, val/nll 4.655e-01
[2023-02-20 02:04:07] [Epoch    69/  200] trn/loss 2.694e-01, trn/lr 7.374e-02, val/acc 8.639e-01, val/nll 4.356e-01
[2023-02-20 02:04:14] [Epoch    70/  200] trn/loss 2.724e-01, trn/lr 7.305e-02, val/acc 8.158e-01, val/nll 6.013e-01
[2023-02-20 02:04:21] [Epoch    71/  200] trn/loss 2.601e-01, trn/lr 7.235e-02, val/acc 8.690e-01, val/nll 3.999e-01
[2023-02-20 02:04:28] [Epoch    72/  200] trn/loss 2.676e-01, trn/lr 7.165e-02, val/acc 8.302e-01, val/nll 5.249e-01
[2023-02-20 02:04:36] [Epoch    73/  200] trn/loss 2.660e-01, trn/lr 7.093e-02, val/acc 8.669e-01, val/nll 4.003e-01
[2023-02-20 02:04:43] [Epoch    74/  200] trn/loss 2.604e-01, trn/lr 7.022e-02, val/acc 8.553e-01, val/nll 4.356e-01
[2023-02-20 02:04:50] [Epoch    75/  200] trn/loss 2.572e-01, trn/lr 6.950e-02, val/acc 8.158e-01, val/nll 6.176e-01
[2023-02-20 02:04:58] [Epoch    76/  200] trn/loss 2.510e-01, trn/lr 6.877e-02, val/acc 8.707e-01, val/nll 3.942e-01 (best_acc: 8.690e-01 -> 8.707e-01, test_acc: 8.694e-01, test_nll: 4.022e-01)
[2023-02-20 02:05:06] [Epoch    77/  200] trn/loss 2.412e-01, trn/lr 6.804e-02, val/acc 8.930e-01, val/nll 3.405e-01 (best_acc: 8.707e-01 -> 8.930e-01, test_acc: 8.890e-01, test_nll: 3.518e-01)
[2023-02-20 02:05:13] [Epoch    78/  200] trn/loss 2.467e-01, trn/lr 6.731e-02, val/acc 8.667e-01, val/nll 4.189e-01
[2023-02-20 02:05:20] [Epoch    79/  200] trn/loss 2.482e-01, trn/lr 6.657e-02, val/acc 8.615e-01, val/nll 4.425e-01
[2023-02-20 02:05:28] [Epoch    80/  200] trn/loss 2.427e-01, trn/lr 6.583e-02, val/acc 8.919e-01, val/nll 3.309e-01
[2023-02-20 02:05:35] [Epoch    81/  200] trn/loss 2.327e-01, trn/lr 6.508e-02, val/acc 8.798e-01, val/nll 3.634e-01
[2023-02-20 02:05:42] [Epoch    82/  200] trn/loss 2.358e-01, trn/lr 6.433e-02, val/acc 8.648e-01, val/nll 4.074e-01
[2023-02-20 02:05:49] [Epoch    83/  200] trn/loss 2.279e-01, trn/lr 6.357e-02, val/acc 8.800e-01, val/nll 3.770e-01
[2023-02-20 02:05:56] [Epoch    84/  200] trn/loss 2.243e-01, trn/lr 6.282e-02, val/acc 8.629e-01, val/nll 4.146e-01
[2023-02-20 02:06:04] [Epoch    85/  200] trn/loss 2.289e-01, trn/lr 6.206e-02, val/acc 8.878e-01, val/nll 3.455e-01
[2023-02-20 02:06:11] [Epoch    86/  200] trn/loss 2.189e-01, trn/lr 6.129e-02, val/acc 8.707e-01, val/nll 3.865e-01
[2023-02-20 02:06:18] [Epoch    87/  200] trn/loss 2.248e-01, trn/lr 6.053e-02, val/acc 8.729e-01, val/nll 4.227e-01
[2023-02-20 02:06:25] [Epoch    88/  200] trn/loss 2.212e-01, trn/lr 5.976e-02, val/acc 8.602e-01, val/nll 4.527e-01
[2023-02-20 02:06:32] [Epoch    89/  200] trn/loss 2.193e-01, trn/lr 5.899e-02, val/acc 8.810e-01, val/nll 3.751e-01
[2023-02-20 02:06:40] [Epoch    90/  200] trn/loss 2.123e-01, trn/lr 5.821e-02, val/acc 8.885e-01, val/nll 3.464e-01
[2023-02-20 02:06:47] [Epoch    91/  200] trn/loss 2.093e-01, trn/lr 5.744e-02, val/acc 8.708e-01, val/nll 4.142e-01
[2023-02-20 02:06:54] [Epoch    92/  200] trn/loss 2.069e-01, trn/lr 5.666e-02, val/acc 8.822e-01, val/nll 3.602e-01
[2023-02-20 02:07:01] [Epoch    93/  200] trn/loss 2.070e-01, trn/lr 5.588e-02, val/acc 8.645e-01, val/nll 4.521e-01
[2023-02-20 02:07:08] [Epoch    94/  200] trn/loss 2.016e-01, trn/lr 5.510e-02, val/acc 8.761e-01, val/nll 3.980e-01
[2023-02-20 02:07:16] [Epoch    95/  200] trn/loss 2.047e-01, trn/lr 5.432e-02, val/acc 8.694e-01, val/nll 4.123e-01
[2023-02-20 02:07:24] [Epoch    96/  200] trn/loss 1.898e-01, trn/lr 5.353e-02, val/acc 8.963e-01, val/nll 3.166e-01 (best_acc: 8.930e-01 -> 8.963e-01, test_acc: 8.896e-01, test_nll: 3.333e-01)
[2023-02-20 02:07:31] [Epoch    97/  200] trn/loss 1.893e-01, trn/lr 5.275e-02, val/acc 8.719e-01, val/nll 4.046e-01
[2023-02-20 02:07:38] [Epoch    98/  200] trn/loss 1.909e-01, trn/lr 5.197e-02, val/acc 8.779e-01, val/nll 3.897e-01
[2023-02-20 02:07:45] [Epoch    99/  200] trn/loss 1.925e-01, trn/lr 5.118e-02, val/acc 8.763e-01, val/nll 4.121e-01
[2023-02-20 02:07:52] [Epoch   100/  200] trn/loss 1.895e-01, trn/lr 5.040e-02, val/acc 8.507e-01, val/nll 4.806e-01
[2023-02-20 02:08:00] [Epoch   101/  200] trn/loss 1.819e-01, trn/lr 4.961e-02, val/acc 8.879e-01, val/nll 3.564e-01
[2023-02-20 02:08:07] [Epoch   102/  200] trn/loss 1.860e-01, trn/lr 4.882e-02, val/acc 8.907e-01, val/nll 3.339e-01
[2023-02-20 02:08:14] [Epoch   103/  200] trn/loss 1.790e-01, trn/lr 4.804e-02, val/acc 8.707e-01, val/nll 4.170e-01
[2023-02-20 02:08:21] [Epoch   104/  200] trn/loss 1.782e-01, trn/lr 4.725e-02, val/acc 8.853e-01, val/nll 3.587e-01
[2023-02-20 02:08:28] [Epoch   105/  200] trn/loss 1.651e-01, trn/lr 4.647e-02, val/acc 8.884e-01, val/nll 3.630e-01
[2023-02-20 02:08:36] [Epoch   106/  200] trn/loss 1.672e-01, trn/lr 4.569e-02, val/acc 8.948e-01, val/nll 3.234e-01
[2023-02-20 02:08:43] [Epoch   107/  200] trn/loss 1.574e-01, trn/lr 4.491e-02, val/acc 8.794e-01, val/nll 4.013e-01
[2023-02-20 02:08:50] [Epoch   108/  200] trn/loss 1.659e-01, trn/lr 4.413e-02, val/acc 8.850e-01, val/nll 3.947e-01
[2023-02-20 02:08:57] [Epoch   109/  200] trn/loss 1.703e-01, trn/lr 4.335e-02, val/acc 8.936e-01, val/nll 3.337e-01
[2023-02-20 02:09:05] [Epoch   110/  200] trn/loss 1.633e-01, trn/lr 4.257e-02, val/acc 8.965e-01, val/nll 3.335e-01 (best_acc: 8.963e-01 -> 8.965e-01, test_acc: 8.936e-01, test_nll: 3.334e-01)
[2023-02-20 02:09:13] [Epoch   111/  200] trn/loss 1.436e-01, trn/lr 4.179e-02, val/acc 8.869e-01, val/nll 3.583e-01
[2023-02-20 02:09:21] [Epoch   112/  200] trn/loss 1.523e-01, trn/lr 4.102e-02, val/acc 8.979e-01, val/nll 3.238e-01 (best_acc: 8.965e-01 -> 8.979e-01, test_acc: 8.951e-01, test_nll: 3.334e-01)
[2023-02-20 02:09:28] [Epoch   113/  200] trn/loss 1.473e-01, trn/lr 4.025e-02, val/acc 8.934e-01, val/nll 3.347e-01
[2023-02-20 02:09:36] [Epoch   114/  200] trn/loss 1.299e-01, trn/lr 3.948e-02, val/acc 9.044e-01, val/nll 3.157e-01 (best_acc: 8.979e-01 -> 9.044e-01, test_acc: 8.968e-01, test_nll: 3.468e-01)
[2023-02-20 02:09:43] [Epoch   115/  200] trn/loss 1.455e-01, trn/lr 3.871e-02, val/acc 8.808e-01, val/nll 3.980e-01
[2023-02-20 02:09:50] [Epoch   116/  200] trn/loss 1.405e-01, trn/lr 3.795e-02, val/acc 8.980e-01, val/nll 3.427e-01
[2023-02-20 02:09:57] [Epoch   117/  200] trn/loss 1.285e-01, trn/lr 3.719e-02, val/acc 8.999e-01, val/nll 3.173e-01
[2023-02-20 02:10:05] [Epoch   118/  200] trn/loss 1.360e-01, trn/lr 3.643e-02, val/acc 9.102e-01, val/nll 2.807e-01 (best_acc: 9.044e-01 -> 9.102e-01, test_acc: 9.066e-01, test_nll: 2.950e-01)
[2023-02-20 02:10:12] [Epoch   119/  200] trn/loss 1.283e-01, trn/lr 3.568e-02, val/acc 8.982e-01, val/nll 3.264e-01
[2023-02-20 02:10:20] [Epoch   120/  200] trn/loss 1.252e-01, trn/lr 3.493e-02, val/acc 9.034e-01, val/nll 3.119e-01
[2023-02-20 02:10:27] [Epoch   121/  200] trn/loss 1.199e-01, trn/lr 3.418e-02, val/acc 8.996e-01, val/nll 3.319e-01
[2023-02-20 02:10:35] [Epoch   122/  200] trn/loss 1.157e-01, trn/lr 3.344e-02, val/acc 9.115e-01, val/nll 2.829e-01 (best_acc: 9.102e-01 -> 9.115e-01, test_acc: 9.085e-01, test_nll: 2.915e-01)
[2023-02-20 02:10:42] [Epoch   123/  200] trn/loss 1.111e-01, trn/lr 3.270e-02, val/acc 9.101e-01, val/nll 2.976e-01
[2023-02-20 02:10:49] [Epoch   124/  200] trn/loss 1.018e-01, trn/lr 3.196e-02, val/acc 8.966e-01, val/nll 3.497e-01
[2023-02-20 02:10:57] [Epoch   125/  200] trn/loss 1.088e-01, trn/lr 3.123e-02, val/acc 9.168e-01, val/nll 2.795e-01 (best_acc: 9.115e-01 -> 9.168e-01, test_acc: 9.063e-01, test_nll: 3.069e-01)
[2023-02-20 02:11:04] [Epoch   126/  200] trn/loss 1.112e-01, trn/lr 3.051e-02, val/acc 9.054e-01, val/nll 3.202e-01
[2023-02-20 02:11:12] [Epoch   127/  200] trn/loss 1.094e-01, trn/lr 2.979e-02, val/acc 9.031e-01, val/nll 3.305e-01
[2023-02-20 02:11:19] [Epoch   128/  200] trn/loss 1.018e-01, trn/lr 2.907e-02, val/acc 9.122e-01, val/nll 3.071e-01
[2023-02-20 02:11:26] [Epoch   129/  200] trn/loss 9.615e-02, trn/lr 2.836e-02, val/acc 9.162e-01, val/nll 2.873e-01
[2023-02-20 02:11:33] [Epoch   130/  200] trn/loss 9.186e-02, trn/lr 2.765e-02, val/acc 9.051e-01, val/nll 3.254e-01
[2023-02-20 02:11:40] [Epoch   131/  200] trn/loss 8.977e-02, trn/lr 2.695e-02, val/acc 9.119e-01, val/nll 3.034e-01
[2023-02-20 02:11:48] [Epoch   132/  200] trn/loss 9.400e-02, trn/lr 2.626e-02, val/acc 8.925e-01, val/nll 4.025e-01
[2023-02-20 02:11:55] [Epoch   133/  200] trn/loss 8.880e-02, trn/lr 2.557e-02, val/acc 9.165e-01, val/nll 2.782e-01
[2023-02-20 02:12:02] [Epoch   134/  200] trn/loss 7.845e-02, trn/lr 2.489e-02, val/acc 9.069e-01, val/nll 3.225e-01
[2023-02-20 02:12:09] [Epoch   135/  200] trn/loss 7.765e-02, trn/lr 2.421e-02, val/acc 9.153e-01, val/nll 2.961e-01
[2023-02-20 02:12:17] [Epoch   136/  200] trn/loss 7.822e-02, trn/lr 2.354e-02, val/acc 9.222e-01, val/nll 2.626e-01 (best_acc: 9.168e-01 -> 9.222e-01, test_acc: 9.176e-01, test_nll: 2.804e-01)
[2023-02-20 02:12:24] [Epoch   137/  200] trn/loss 6.549e-02, trn/lr 2.288e-02, val/acc 9.217e-01, val/nll 2.698e-01
[2023-02-20 02:12:31] [Epoch   138/  200] trn/loss 6.912e-02, trn/lr 2.222e-02, val/acc 9.194e-01, val/nll 2.841e-01
[2023-02-20 02:12:39] [Epoch   139/  200] trn/loss 6.464e-02, trn/lr 2.157e-02, val/acc 9.189e-01, val/nll 2.743e-01
[2023-02-20 02:12:47] [Epoch   140/  200] trn/loss 5.813e-02, trn/lr 2.093e-02, val/acc 9.227e-01, val/nll 2.708e-01 (best_acc: 9.222e-01 -> 9.227e-01, test_acc: 9.150e-01, test_nll: 2.959e-01)
[2023-02-20 02:12:55] [Epoch   141/  200] trn/loss 5.665e-02, trn/lr 2.030e-02, val/acc 9.253e-01, val/nll 2.634e-01 (best_acc: 9.227e-01 -> 9.253e-01, test_acc: 9.241e-01, test_nll: 2.607e-01)
[2023-02-20 02:13:02] [Epoch   142/  200] trn/loss 5.637e-02, trn/lr 1.967e-02, val/acc 9.167e-01, val/nll 2.851e-01
[2023-02-20 02:13:10] [Epoch   143/  200] trn/loss 5.229e-02, trn/lr 1.905e-02, val/acc 9.258e-01, val/nll 2.653e-01 (best_acc: 9.253e-01 -> 9.258e-01, test_acc: 9.255e-01, test_nll: 2.641e-01)
[2023-02-20 02:13:17] [Epoch   144/  200] trn/loss 5.355e-02, trn/lr 1.843e-02, val/acc 9.180e-01, val/nll 2.936e-01
[2023-02-20 02:13:24] [Epoch   145/  200] trn/loss 5.145e-02, trn/lr 1.783e-02, val/acc 9.232e-01, val/nll 2.623e-01
[2023-02-20 02:13:31] [Epoch   146/  200] trn/loss 4.401e-02, trn/lr 1.723e-02, val/acc 9.243e-01, val/nll 2.671e-01
[2023-02-20 02:13:39] [Epoch   147/  200] trn/loss 4.194e-02, trn/lr 1.664e-02, val/acc 9.187e-01, val/nll 2.891e-01
[2023-02-20 02:13:47] [Epoch   148/  200] trn/loss 4.392e-02, trn/lr 1.606e-02, val/acc 9.275e-01, val/nll 2.536e-01 (best_acc: 9.258e-01 -> 9.275e-01, test_acc: 9.235e-01, test_nll: 2.740e-01)
[2023-02-20 02:13:54] [Epoch   149/  200] trn/loss 3.989e-02, trn/lr 1.549e-02, val/acc 9.269e-01, val/nll 2.675e-01
[2023-02-20 02:14:02] [Epoch   150/  200] trn/loss 3.545e-02, trn/lr 1.493e-02, val/acc 9.320e-01, val/nll 2.444e-01 (best_acc: 9.275e-01 -> 9.320e-01, test_acc: 9.260e-01, test_nll: 2.574e-01)
[2023-02-20 02:14:09] [Epoch   151/  200] trn/loss 3.431e-02, trn/lr 1.437e-02, val/acc 9.317e-01, val/nll 2.410e-01
[2023-02-20 02:14:16] [Epoch   152/  200] trn/loss 3.276e-02, trn/lr 1.382e-02, val/acc 9.316e-01, val/nll 2.448e-01
[2023-02-20 02:14:24] [Epoch   153/  200] trn/loss 3.035e-02, trn/lr 1.329e-02, val/acc 9.335e-01, val/nll 2.335e-01 (best_acc: 9.320e-01 -> 9.335e-01, test_acc: 9.303e-01, test_nll: 2.518e-01)
[2023-02-20 02:14:32] [Epoch   154/  200] trn/loss 2.722e-02, trn/lr 1.276e-02, val/acc 9.346e-01, val/nll 2.400e-01 (best_acc: 9.335e-01 -> 9.346e-01, test_acc: 9.335e-01, test_nll: 2.384e-01)
[2023-02-20 02:14:39] [Epoch   155/  200] trn/loss 2.475e-02, trn/lr 1.224e-02, val/acc 9.346e-01, val/nll 2.467e-01
[2023-02-20 02:14:47] [Epoch   156/  200] trn/loss 2.217e-02, trn/lr 1.173e-02, val/acc 9.353e-01, val/nll 2.529e-01 (best_acc: 9.346e-01 -> 9.353e-01, test_acc: 9.295e-01, test_nll: 2.640e-01)
[2023-02-20 02:14:55] [Epoch   157/  200] trn/loss 2.349e-02, trn/lr 1.123e-02, val/acc 9.361e-01, val/nll 2.435e-01 (best_acc: 9.353e-01 -> 9.361e-01, test_acc: 9.319e-01, test_nll: 2.578e-01)
[2023-02-20 02:15:02] [Epoch   158/  200] trn/loss 2.105e-02, trn/lr 1.074e-02, val/acc 9.358e-01, val/nll 2.355e-01
[2023-02-20 02:15:10] [Epoch   159/  200] trn/loss 1.769e-02, trn/lr 1.025e-02, val/acc 9.390e-01, val/nll 2.274e-01 (best_acc: 9.361e-01 -> 9.390e-01, test_acc: 9.382e-01, test_nll: 2.383e-01)
[2023-02-20 02:15:17] [Epoch   160/  200] trn/loss 1.544e-02, trn/lr 9.783e-03, val/acc 9.375e-01, val/nll 2.420e-01
[2023-02-20 02:15:25] [Epoch   161/  200] trn/loss 1.472e-02, trn/lr 9.321e-03, val/acc 9.412e-01, val/nll 2.283e-01 (best_acc: 9.390e-01 -> 9.412e-01, test_acc: 9.342e-01, test_nll: 2.463e-01)
[2023-02-20 02:15:33] [Epoch   162/  200] trn/loss 1.310e-02, trn/lr 8.870e-03, val/acc 9.424e-01, val/nll 2.247e-01 (best_acc: 9.412e-01 -> 9.424e-01, test_acc: 9.398e-01, test_nll: 2.294e-01)
[2023-02-20 02:15:41] [Epoch   163/  200] trn/loss 1.165e-02, trn/lr 8.428e-03, val/acc 9.403e-01, val/nll 2.339e-01
[2023-02-20 02:15:48] [Epoch   164/  200] trn/loss 1.134e-02, trn/lr 7.997e-03, val/acc 9.400e-01, val/nll 2.402e-01
[2023-02-20 02:15:56] [Epoch   165/  200] trn/loss 9.472e-03, trn/lr 7.576e-03, val/acc 9.458e-01, val/nll 2.105e-01 (best_acc: 9.424e-01 -> 9.458e-01, test_acc: 9.416e-01, test_nll: 2.227e-01)
[2023-02-20 02:16:03] [Epoch   166/  200] trn/loss 7.156e-03, trn/lr 7.166e-03, val/acc 9.428e-01, val/nll 2.128e-01
[2023-02-20 02:16:10] [Epoch   167/  200] trn/loss 6.379e-03, trn/lr 6.766e-03, val/acc 9.447e-01, val/nll 2.047e-01
[2023-02-20 02:16:18] [Epoch   168/  200] trn/loss 5.780e-03, trn/lr 6.377e-03, val/acc 9.463e-01, val/nll 2.151e-01 (best_acc: 9.458e-01 -> 9.463e-01, test_acc: 9.402e-01, test_nll: 2.250e-01)
[2023-02-20 02:16:25] [Epoch   169/  200] trn/loss 6.075e-03, trn/lr 5.998e-03, val/acc 9.429e-01, val/nll 2.200e-01
[2023-02-20 02:16:33] [Epoch   170/  200] trn/loss 5.869e-03, trn/lr 5.631e-03, val/acc 9.446e-01, val/nll 2.072e-01
[2023-02-20 02:16:40] [Epoch   171/  200] trn/loss 4.898e-03, trn/lr 5.274e-03, val/acc 9.463e-01, val/nll 2.058e-01
[2023-02-20 02:16:48] [Epoch   172/  200] trn/loss 3.965e-03, trn/lr 4.929e-03, val/acc 9.481e-01, val/nll 2.056e-01 (best_acc: 9.463e-01 -> 9.481e-01, test_acc: 9.458e-01, test_nll: 2.111e-01)
[2023-02-20 02:16:55] [Epoch   173/  200] trn/loss 3.814e-03, trn/lr 4.594e-03, val/acc 9.463e-01, val/nll 2.072e-01
[2023-02-20 02:17:03] [Epoch   174/  200] trn/loss 3.394e-03, trn/lr 4.271e-03, val/acc 9.490e-01, val/nll 2.070e-01 (best_acc: 9.481e-01 -> 9.490e-01, test_acc: 9.476e-01, test_nll: 2.019e-01)
[2023-02-20 02:17:11] [Epoch   175/  200] trn/loss 3.198e-03, trn/lr 3.959e-03, val/acc 9.499e-01, val/nll 2.038e-01 (best_acc: 9.490e-01 -> 9.499e-01, test_acc: 9.437e-01, test_nll: 2.085e-01)
[2023-02-20 02:17:18] [Epoch   176/  200] trn/loss 3.123e-03, trn/lr 3.659e-03, val/acc 9.487e-01, val/nll 2.024e-01
[2023-02-20 02:17:26] [Epoch   177/  200] trn/loss 2.881e-03, trn/lr 3.369e-03, val/acc 9.500e-01, val/nll 1.992e-01 (best_acc: 9.499e-01 -> 9.500e-01, test_acc: 9.459e-01, test_nll: 2.009e-01)
[2023-02-20 02:17:33] [Epoch   178/  200] trn/loss 2.501e-03, trn/lr 3.092e-03, val/acc 9.500e-01, val/nll 1.956e-01
[2023-02-20 02:17:41] [Epoch   179/  200] trn/loss 2.283e-03, trn/lr 2.826e-03, val/acc 9.510e-01, val/nll 1.964e-01 (best_acc: 9.500e-01 -> 9.510e-01, test_acc: 9.465e-01, test_nll: 2.012e-01)
[2023-02-20 02:17:48] [Epoch   180/  200] trn/loss 2.453e-03, trn/lr 2.571e-03, val/acc 9.499e-01, val/nll 1.950e-01
[2023-02-20 02:17:56] [Epoch   181/  200] trn/loss 2.275e-03, trn/lr 2.329e-03, val/acc 9.493e-01, val/nll 1.915e-01
[2023-02-20 02:18:03] [Epoch   182/  200] trn/loss 2.222e-03, trn/lr 2.098e-03, val/acc 9.501e-01, val/nll 1.911e-01
[2023-02-20 02:18:11] [Epoch   183/  200] trn/loss 2.047e-03, trn/lr 1.878e-03, val/acc 9.521e-01, val/nll 1.897e-01 (best_acc: 9.510e-01 -> 9.521e-01, test_acc: 9.482e-01, test_nll: 1.974e-01)
[2023-02-20 02:18:18] [Epoch   184/  200] trn/loss 2.016e-03, trn/lr 1.671e-03, val/acc 9.513e-01, val/nll 1.876e-01
[2023-02-20 02:18:25] [Epoch   185/  200] trn/loss 1.838e-03, trn/lr 1.476e-03, val/acc 9.512e-01, val/nll 1.889e-01
[2023-02-20 02:18:33] [Epoch   186/  200] trn/loss 1.825e-03, trn/lr 1.292e-03, val/acc 9.522e-01, val/nll 1.868e-01 (best_acc: 9.521e-01 -> 9.522e-01, test_acc: 9.485e-01, test_nll: 1.973e-01)
[2023-02-20 02:18:40] [Epoch   187/  200] trn/loss 1.891e-03, trn/lr 1.121e-03, val/acc 9.519e-01, val/nll 1.866e-01
[2023-02-20 02:18:48] [Epoch   188/  200] trn/loss 1.732e-03, trn/lr 9.617e-04, val/acc 9.518e-01, val/nll 1.877e-01
[2023-02-20 02:18:56] [Epoch   189/  200] trn/loss 1.702e-03, trn/lr 8.145e-04, val/acc 9.533e-01, val/nll 1.859e-01 (best_acc: 9.522e-01 -> 9.533e-01, test_acc: 9.488e-01, test_nll: 1.940e-01)
[2023-02-20 02:19:03] [Epoch   190/  200] trn/loss 1.757e-03, trn/lr 6.794e-04, val/acc 9.533e-01, val/nll 1.860e-01
[2023-02-20 02:19:10] [Epoch   191/  200] trn/loss 1.632e-03, trn/lr 5.565e-04, val/acc 9.529e-01, val/nll 1.855e-01
[2023-02-20 02:19:17] [Epoch   192/  200] trn/loss 1.722e-03, trn/lr 4.458e-04, val/acc 9.533e-01, val/nll 1.854e-01
[2023-02-20 02:19:24] [Epoch   193/  200] trn/loss 1.653e-03, trn/lr 3.474e-04, val/acc 9.521e-01, val/nll 1.855e-01
[2023-02-20 02:19:32] [Epoch   194/  200] trn/loss 1.648e-03, trn/lr 2.612e-04, val/acc 9.524e-01, val/nll 1.858e-01
[2023-02-20 02:19:39] [Epoch   195/  200] trn/loss 1.607e-03, trn/lr 1.872e-04, val/acc 9.522e-01, val/nll 1.856e-01
[2023-02-20 02:19:46] [Epoch   196/  200] trn/loss 1.594e-03, trn/lr 1.255e-04, val/acc 9.522e-01, val/nll 1.862e-01
[2023-02-20 02:19:53] [Epoch   197/  200] trn/loss 1.688e-03, trn/lr 7.619e-05, val/acc 9.525e-01, val/nll 1.851e-01
[2023-02-20 02:20:00] [Epoch   198/  200] trn/loss 1.731e-03, trn/lr 3.916e-05, val/acc 9.525e-01, val/nll 1.855e-01
[2023-02-20 02:20:07] [Epoch   199/  200] trn/loss 1.569e-03, trn/lr 1.445e-05, val/acc 9.529e-01, val/nll 1.859e-01
[2023-02-20 02:20:15] [Epoch   200/  200] trn/loss 1.663e-03, trn/lr 2.075e-06, val/acc 9.525e-01, val/nll 1.859e-01
