[2023-02-11 08:19:19] Environments:
------------  ------------------------------------------------------------
sys.platform  linux
Python        3.8.10 (default, Nov 14 2022, 12:59:47) [GCC 9.4.0]
JAX           0.4.2 @/home/giung/.local/lib/python3.8/site-packages/jax
jaxlib        0.4.2 @/home/giung/.local/lib/python3.8/site-packages/jaxlib
Flax          0.6.4 @/home/giung/.local/lib/python3.8/site-packages/flax
Optax         0.1.4 @/home/giung/.local/lib/python3.8/site-packages/optax
------------  ------------------------------------------------------------

[2023-02-11 08:19:19] Command line arguments:
- args.data_root          : ./data/
- args.data_name          : CIFAR10_x32
- args.data_augmentation  : standard
- args.data_proportional  : 1.0
- args.model_depth        : 20
- args.model_width        : 4
- args.model_style        : BN-ReLU
- args.optim_bs           : 256
- args.optim_ne           : 200
- args.optim_lr           : 0.1
- args.optim_b1           : 0.99
- args.optim_b2           : 0.999
- args.optim_eps          : 0.1
- args.optim_weight_decay : 0.0001
- args.rho                : 0.1
- args.num_data_factor    : 1.0
- args.save               : /home/giung/giung2-dev/projects/sam/save/CIFAR10_x32/R20x4-BN-ReLU/BayesSAM/bs-0256_ne-0200_lr-0.10_b1-0.990_b2-0.999_wd-0.0001_eps-1e-1_rho-0.1000_factor-1.0_fp32/42
- args.seed               : 42
- args.precision          : fp32

[2023-02-11 08:19:25] Multiple local devices are detected:
[TpuDevice(id=0, process_index=0, coords=(0,0,0), core_on_chip=0), TpuDevice(id=1, process_index=0, coords=(0,0,0), core_on_chip=1), TpuDevice(id=2, process_index=0, coords=(1,0,0), core_on_chip=0), TpuDevice(id=3, process_index=0, coords=(1,0,0), core_on_chip=1), TpuDevice(id=4, process_index=0, coords=(0,1,0), core_on_chip=0), TpuDevice(id=5, process_index=0, coords=(0,1,0), core_on_chip=1), TpuDevice(id=6, process_index=0, coords=(1,1,0), core_on_chip=0), TpuDevice(id=7, process_index=0, coords=(1,1,0), core_on_chip=1)]

[2023-02-11 08:20:35] [Epoch     1/  200] trn/loss 2.416e+00, trn/lr 1.000e-01, trn/scale 9.322e-01, val/acc 1.749e-01, val/nll 2.128e+00 (best_acc: 0.000e+00 -> 1.749e-01, test_acc: 1.858e-01, test_nll: 2.126e+00)
[2023-02-11 08:20:44] [Epoch     2/  200] trn/loss 1.972e+00, trn/lr 9.999e-02, trn/scale 8.092e-01, val/acc 2.889e-01, val/nll 1.822e+00 (best_acc: 1.749e-01 -> 2.889e-01, test_acc: 2.974e-01, test_nll: 1.826e+00)
[2023-02-11 08:20:53] [Epoch     3/  200] trn/loss 1.816e+00, trn/lr 9.996e-02, trn/scale 7.044e-01, val/acc 3.602e-01, val/nll 1.663e+00 (best_acc: 2.889e-01 -> 3.602e-01, test_acc: 3.552e-01, test_nll: 1.666e+00)
[2023-02-11 08:21:03] [Epoch     4/  200] trn/loss 1.677e+00, trn/lr 9.992e-02, trn/scale 6.151e-01, val/acc 4.168e-01, val/nll 1.564e+00 (best_acc: 3.602e-01 -> 4.168e-01, test_acc: 4.159e-01, test_nll: 1.560e+00)
[2023-02-11 08:21:12] [Epoch     5/  200] trn/loss 1.559e+00, trn/lr 9.987e-02, trn/scale 5.389e-01, val/acc 4.668e-01, val/nll 1.449e+00 (best_acc: 4.168e-01 -> 4.668e-01, test_acc: 4.613e-01, test_nll: 1.450e+00)
[2023-02-11 08:21:21] [Epoch     6/  200] trn/loss 1.452e+00, trn/lr 9.981e-02, trn/scale 4.741e-01, val/acc 4.931e-01, val/nll 1.359e+00 (best_acc: 4.668e-01 -> 4.931e-01, test_acc: 4.943e-01, test_nll: 1.351e+00)
[2023-02-11 08:21:30] [Epoch     7/  200] trn/loss 1.354e+00, trn/lr 9.974e-02, trn/scale 4.188e-01, val/acc 5.435e-01, val/nll 1.243e+00 (best_acc: 4.931e-01 -> 5.435e-01, test_acc: 5.417e-01, test_nll: 1.246e+00)
[2023-02-11 08:21:40] [Epoch     8/  200] trn/loss 1.262e+00, trn/lr 9.965e-02, trn/scale 3.717e-01, val/acc 5.719e-01, val/nll 1.155e+00 (best_acc: 5.435e-01 -> 5.719e-01, test_acc: 5.740e-01, test_nll: 1.163e+00)
[2023-02-11 08:21:49] [Epoch     9/  200] trn/loss 1.173e+00, trn/lr 9.955e-02, trn/scale 3.316e-01, val/acc 6.014e-01, val/nll 1.083e+00 (best_acc: 5.719e-01 -> 6.014e-01, test_acc: 6.045e-01, test_nll: 1.084e+00)
[2023-02-11 08:21:58] [Epoch    10/  200] trn/loss 1.100e+00, trn/lr 9.944e-02, trn/scale 2.974e-01, val/acc 6.287e-01, val/nll 1.006e+00 (best_acc: 6.014e-01 -> 6.287e-01, test_acc: 6.278e-01, test_nll: 1.019e+00)
[2023-02-11 08:22:07] [Epoch    11/  200] trn/loss 1.027e+00, trn/lr 9.932e-02, trn/scale 2.683e-01, val/acc 6.588e-01, val/nll 9.458e-01 (best_acc: 6.287e-01 -> 6.588e-01, test_acc: 6.519e-01, test_nll: 9.569e-01)
[2023-02-11 08:22:17] [Epoch    12/  200] trn/loss 9.725e-01, trn/lr 9.919e-02, trn/scale 2.435e-01, val/acc 6.710e-01, val/nll 8.988e-01 (best_acc: 6.588e-01 -> 6.710e-01, test_acc: 6.655e-01, test_nll: 9.154e-01)
[2023-02-11 08:22:26] [Epoch    13/  200] trn/loss 9.179e-01, trn/lr 9.904e-02, trn/scale 2.223e-01, val/acc 6.919e-01, val/nll 8.491e-01 (best_acc: 6.710e-01 -> 6.919e-01, test_acc: 6.877e-01, test_nll: 8.716e-01)
[2023-02-11 08:22:35] [Epoch    14/  200] trn/loss 8.710e-01, trn/lr 9.888e-02, trn/scale 2.043e-01, val/acc 7.100e-01, val/nll 8.024e-01 (best_acc: 6.919e-01 -> 7.100e-01, test_acc: 7.089e-01, test_nll: 8.214e-01)
[2023-02-11 08:22:44] [Epoch    15/  200] trn/loss 8.113e-01, trn/lr 9.871e-02, trn/scale 1.889e-01, val/acc 7.329e-01, val/nll 7.398e-01 (best_acc: 7.100e-01 -> 7.329e-01, test_acc: 7.307e-01, test_nll: 7.612e-01)
[2023-02-11 08:22:54] [Epoch    16/  200] trn/loss 7.556e-01, trn/lr 9.853e-02, trn/scale 1.759e-01, val/acc 7.408e-01, val/nll 7.123e-01 (best_acc: 7.329e-01 -> 7.408e-01, test_acc: 7.426e-01, test_nll: 7.213e-01)
[2023-02-11 08:23:03] [Epoch    17/  200] trn/loss 7.212e-01, trn/lr 9.833e-02, trn/scale 1.647e-01, val/acc 7.639e-01, val/nll 6.709e-01 (best_acc: 7.408e-01 -> 7.639e-01, test_acc: 7.569e-01, test_nll: 6.827e-01)
[2023-02-11 08:23:12] [Epoch    18/  200] trn/loss 7.030e-01, trn/lr 9.812e-02, trn/scale 1.552e-01, val/acc 7.719e-01, val/nll 6.388e-01 (best_acc: 7.639e-01 -> 7.719e-01, test_acc: 7.708e-01, test_nll: 6.520e-01)
[2023-02-11 08:23:21] [Epoch    19/  200] trn/loss 6.528e-01, trn/lr 9.790e-02, trn/scale 1.471e-01, val/acc 7.833e-01, val/nll 6.026e-01 (best_acc: 7.719e-01 -> 7.833e-01, test_acc: 7.843e-01, test_nll: 6.128e-01)
[2023-02-11 08:23:30] [Epoch    20/  200] trn/loss 6.124e-01, trn/lr 9.767e-02, trn/scale 1.403e-01, val/acc 7.945e-01, val/nll 5.793e-01 (best_acc: 7.833e-01 -> 7.945e-01, test_acc: 7.946e-01, test_nll: 5.903e-01)
[2023-02-11 08:23:40] [Epoch    21/  200] trn/loss 5.724e-01, trn/lr 9.743e-02, trn/scale 1.344e-01, val/acc 8.107e-01, val/nll 5.395e-01 (best_acc: 7.945e-01 -> 8.107e-01, test_acc: 8.093e-01, test_nll: 5.573e-01)
[2023-02-11 08:23:49] [Epoch    22/  200] trn/loss 5.504e-01, trn/lr 9.718e-02, trn/scale 1.294e-01, val/acc 8.186e-01, val/nll 5.210e-01 (best_acc: 8.107e-01 -> 8.186e-01, test_acc: 8.198e-01, test_nll: 5.338e-01)
[2023-02-11 08:23:58] [Epoch    23/  200] trn/loss 5.223e-01, trn/lr 9.691e-02, trn/scale 1.251e-01, val/acc 8.302e-01, val/nll 4.925e-01 (best_acc: 8.186e-01 -> 8.302e-01, test_acc: 8.296e-01, test_nll: 5.074e-01)
[2023-02-11 08:24:07] [Epoch    24/  200] trn/loss 4.907e-01, trn/lr 9.663e-02, trn/scale 1.215e-01, val/acc 8.433e-01, val/nll 4.531e-01 (best_acc: 8.302e-01 -> 8.433e-01, test_acc: 8.400e-01, test_nll: 4.660e-01)
[2023-02-11 08:24:16] [Epoch    25/  200] trn/loss 4.609e-01, trn/lr 9.634e-02, trn/scale 1.184e-01, val/acc 8.469e-01, val/nll 4.459e-01 (best_acc: 8.433e-01 -> 8.469e-01, test_acc: 8.451e-01, test_nll: 4.611e-01)
[2023-02-11 08:24:26] [Epoch    26/  200] trn/loss 4.391e-01, trn/lr 9.604e-02, trn/scale 1.157e-01, val/acc 8.498e-01, val/nll 4.376e-01 (best_acc: 8.469e-01 -> 8.498e-01, test_acc: 8.410e-01, test_nll: 4.586e-01)
[2023-02-11 08:24:35] [Epoch    27/  200] trn/loss 4.270e-01, trn/lr 9.573e-02, trn/scale 1.135e-01, val/acc 8.539e-01, val/nll 4.223e-01 (best_acc: 8.498e-01 -> 8.539e-01, test_acc: 8.472e-01, test_nll: 4.346e-01)
[2023-02-11 08:24:44] [Epoch    28/  200] trn/loss 4.002e-01, trn/lr 9.541e-02, trn/scale 1.116e-01, val/acc 8.636e-01, val/nll 4.023e-01 (best_acc: 8.539e-01 -> 8.636e-01, test_acc: 8.546e-01, test_nll: 4.254e-01)
[2023-02-11 08:24:53] [Epoch    29/  200] trn/loss 3.855e-01, trn/lr 9.507e-02, trn/scale 1.100e-01, val/acc 8.659e-01, val/nll 3.851e-01 (best_acc: 8.636e-01 -> 8.659e-01, test_acc: 8.642e-01, test_nll: 4.049e-01)
[2023-02-11 08:25:03] [Epoch    30/  200] trn/loss 3.597e-01, trn/lr 9.473e-02, trn/scale 1.086e-01, val/acc 8.739e-01, val/nll 3.667e-01 (best_acc: 8.659e-01 -> 8.739e-01, test_acc: 8.704e-01, test_nll: 3.856e-01)
[2023-02-11 08:25:11] [Epoch    31/  200] trn/loss 3.421e-01, trn/lr 9.437e-02, trn/scale 1.074e-01, val/acc 8.725e-01, val/nll 3.664e-01
[2023-02-11 08:25:20] [Epoch    32/  200] trn/loss 3.262e-01, trn/lr 9.400e-02, trn/scale 1.064e-01, val/acc 8.792e-01, val/nll 3.547e-01 (best_acc: 8.739e-01 -> 8.792e-01, test_acc: 8.736e-01, test_nll: 3.681e-01)
[2023-02-11 08:25:29] [Epoch    33/  200] trn/loss 3.173e-01, trn/lr 9.363e-02, trn/scale 1.055e-01, val/acc 8.816e-01, val/nll 3.490e-01 (best_acc: 8.792e-01 -> 8.816e-01, test_acc: 8.721e-01, test_nll: 3.639e-01)
[2023-02-11 08:25:39] [Epoch    34/  200] trn/loss 3.021e-01, trn/lr 9.324e-02, trn/scale 1.048e-01, val/acc 8.910e-01, val/nll 3.292e-01 (best_acc: 8.816e-01 -> 8.910e-01, test_acc: 8.835e-01, test_nll: 3.416e-01)
[2023-02-11 08:25:47] [Epoch    35/  200] trn/loss 2.943e-01, trn/lr 9.284e-02, trn/scale 1.041e-01, val/acc 8.909e-01, val/nll 3.244e-01
[2023-02-11 08:25:56] [Epoch    36/  200] trn/loss 2.842e-01, trn/lr 9.243e-02, trn/scale 1.036e-01, val/acc 8.938e-01, val/nll 3.147e-01 (best_acc: 8.910e-01 -> 8.938e-01, test_acc: 8.851e-01, test_nll: 3.306e-01)
[2023-02-11 08:26:05] [Epoch    37/  200] trn/loss 2.649e-01, trn/lr 9.201e-02, trn/scale 1.032e-01, val/acc 8.948e-01, val/nll 3.053e-01 (best_acc: 8.938e-01 -> 8.948e-01, test_acc: 8.872e-01, test_nll: 3.222e-01)
[2023-02-11 08:26:15] [Epoch    38/  200] trn/loss 2.572e-01, trn/lr 9.157e-02, trn/scale 1.028e-01, val/acc 8.971e-01, val/nll 2.926e-01 (best_acc: 8.948e-01 -> 8.971e-01, test_acc: 8.916e-01, test_nll: 3.122e-01)
[2023-02-11 08:26:24] [Epoch    39/  200] trn/loss 2.450e-01, trn/lr 9.113e-02, trn/scale 1.024e-01, val/acc 9.042e-01, val/nll 2.833e-01 (best_acc: 8.971e-01 -> 9.042e-01, test_acc: 8.953e-01, test_nll: 2.986e-01)
[2023-02-11 08:26:33] [Epoch    40/  200] trn/loss 2.336e-01, trn/lr 9.068e-02, trn/scale 1.022e-01, val/acc 9.052e-01, val/nll 2.837e-01 (best_acc: 9.042e-01 -> 9.052e-01, test_acc: 8.946e-01, test_nll: 3.018e-01)
[2023-02-11 08:26:41] [Epoch    41/  200] trn/loss 2.206e-01, trn/lr 9.022e-02, trn/scale 1.019e-01, val/acc 9.039e-01, val/nll 2.798e-01
[2023-02-11 08:26:51] [Epoch    42/  200] trn/loss 2.169e-01, trn/lr 8.975e-02, trn/scale 1.017e-01, val/acc 9.070e-01, val/nll 2.704e-01 (best_acc: 9.052e-01 -> 9.070e-01, test_acc: 9.015e-01, test_nll: 2.837e-01)
[2023-02-11 08:27:00] [Epoch    43/  200] trn/loss 2.091e-01, trn/lr 8.927e-02, trn/scale 1.015e-01, val/acc 9.100e-01, val/nll 2.609e-01 (best_acc: 9.070e-01 -> 9.100e-01, test_acc: 9.068e-01, test_nll: 2.741e-01)
[2023-02-11 08:27:09] [Epoch    44/  200] trn/loss 1.937e-01, trn/lr 8.878e-02, trn/scale 1.014e-01, val/acc 9.148e-01, val/nll 2.519e-01 (best_acc: 9.100e-01 -> 9.148e-01, test_acc: 9.080e-01, test_nll: 2.673e-01)
[2023-02-11 08:27:17] [Epoch    45/  200] trn/loss 1.853e-01, trn/lr 8.828e-02, trn/scale 1.013e-01, val/acc 9.110e-01, val/nll 2.581e-01
[2023-02-11 08:27:25] [Epoch    46/  200] trn/loss 1.795e-01, trn/lr 8.777e-02, trn/scale 1.012e-01, val/acc 9.147e-01, val/nll 2.467e-01
[2023-02-11 08:27:34] [Epoch    47/  200] trn/loss 1.723e-01, trn/lr 8.725e-02, trn/scale 1.011e-01, val/acc 9.148e-01, val/nll 2.534e-01
[2023-02-11 08:27:43] [Epoch    48/  200] trn/loss 1.626e-01, trn/lr 8.672e-02, trn/scale 1.010e-01, val/acc 9.162e-01, val/nll 2.401e-01 (best_acc: 9.148e-01 -> 9.162e-01, test_acc: 9.094e-01, test_nll: 2.588e-01)
[2023-02-11 08:27:52] [Epoch    49/  200] trn/loss 1.589e-01, trn/lr 8.618e-02, trn/scale 1.009e-01, val/acc 9.180e-01, val/nll 2.375e-01 (best_acc: 9.162e-01 -> 9.180e-01, test_acc: 9.076e-01, test_nll: 2.608e-01)
[2023-02-11 08:28:00] [Epoch    50/  200] trn/loss 1.519e-01, trn/lr 8.563e-02, trn/scale 1.008e-01, val/acc 9.157e-01, val/nll 2.499e-01
[2023-02-11 08:28:09] [Epoch    51/  200] trn/loss 1.503e-01, trn/lr 8.508e-02, trn/scale 1.008e-01, val/acc 9.170e-01, val/nll 2.397e-01
[2023-02-11 08:28:18] [Epoch    52/  200] trn/loss 1.436e-01, trn/lr 8.451e-02, trn/scale 1.008e-01, val/acc 9.201e-01, val/nll 2.415e-01 (best_acc: 9.180e-01 -> 9.201e-01, test_acc: 9.084e-01, test_nll: 2.555e-01)
[2023-02-11 08:28:26] [Epoch    53/  200] trn/loss 1.377e-01, trn/lr 8.394e-02, trn/scale 1.007e-01, val/acc 9.194e-01, val/nll 2.387e-01
[2023-02-11 08:28:35] [Epoch    54/  200] trn/loss 1.313e-01, trn/lr 8.336e-02, trn/scale 1.007e-01, val/acc 9.242e-01, val/nll 2.207e-01 (best_acc: 9.201e-01 -> 9.242e-01, test_acc: 9.163e-01, test_nll: 2.415e-01)
[2023-02-11 08:28:44] [Epoch    55/  200] trn/loss 1.247e-01, trn/lr 8.277e-02, trn/scale 1.007e-01, val/acc 9.249e-01, val/nll 2.251e-01 (best_acc: 9.242e-01 -> 9.249e-01, test_acc: 9.189e-01, test_nll: 2.385e-01)
[2023-02-11 08:28:53] [Epoch    56/  200] trn/loss 1.195e-01, trn/lr 8.217e-02, trn/scale 1.006e-01, val/acc 9.233e-01, val/nll 2.282e-01
[2023-02-11 08:29:02] [Epoch    57/  200] trn/loss 1.128e-01, trn/lr 8.157e-02, trn/scale 1.006e-01, val/acc 9.269e-01, val/nll 2.172e-01 (best_acc: 9.249e-01 -> 9.269e-01, test_acc: 9.170e-01, test_nll: 2.353e-01)
[2023-02-11 08:29:10] [Epoch    58/  200] trn/loss 1.091e-01, trn/lr 8.096e-02, trn/scale 1.006e-01, val/acc 9.247e-01, val/nll 2.181e-01
[2023-02-11 08:29:18] [Epoch    59/  200] trn/loss 1.066e-01, trn/lr 8.034e-02, trn/scale 1.006e-01, val/acc 9.250e-01, val/nll 2.142e-01
[2023-02-11 08:29:27] [Epoch    60/  200] trn/loss 9.927e-02, trn/lr 7.971e-02, trn/scale 1.006e-01, val/acc 9.291e-01, val/nll 2.106e-01 (best_acc: 9.269e-01 -> 9.291e-01, test_acc: 9.235e-01, test_nll: 2.203e-01)
[2023-02-11 08:29:36] [Epoch    61/  200] trn/loss 9.259e-02, trn/lr 7.907e-02, trn/scale 1.006e-01, val/acc 9.262e-01, val/nll 2.113e-01
[2023-02-11 08:29:44] [Epoch    62/  200] trn/loss 9.040e-02, trn/lr 7.843e-02, trn/scale 1.005e-01, val/acc 9.259e-01, val/nll 2.087e-01
[2023-02-11 08:29:52] [Epoch    63/  200] trn/loss 8.620e-02, trn/lr 7.778e-02, trn/scale 1.005e-01, val/acc 9.279e-01, val/nll 2.075e-01
[2023-02-11 08:30:00] [Epoch    64/  200] trn/loss 8.756e-02, trn/lr 7.712e-02, trn/scale 1.005e-01, val/acc 9.264e-01, val/nll 2.125e-01
[2023-02-11 08:30:10] [Epoch    65/  200] trn/loss 8.099e-02, trn/lr 7.646e-02, trn/scale 1.005e-01, val/acc 9.332e-01, val/nll 2.015e-01 (best_acc: 9.291e-01 -> 9.332e-01, test_acc: 9.242e-01, test_nll: 2.195e-01)
[2023-02-11 08:30:18] [Epoch    66/  200] trn/loss 7.760e-02, trn/lr 7.579e-02, trn/scale 1.005e-01, val/acc 9.325e-01, val/nll 1.961e-01
[2023-02-11 08:30:26] [Epoch    67/  200] trn/loss 7.367e-02, trn/lr 7.512e-02, trn/scale 1.005e-01, val/acc 9.329e-01, val/nll 1.945e-01
[2023-02-11 08:30:34] [Epoch    68/  200] trn/loss 7.098e-02, trn/lr 7.443e-02, trn/scale 1.005e-01, val/acc 9.308e-01, val/nll 1.995e-01
[2023-02-11 08:30:42] [Epoch    69/  200] trn/loss 6.826e-02, trn/lr 7.374e-02, trn/scale 1.005e-01, val/acc 9.305e-01, val/nll 1.976e-01
[2023-02-11 08:30:51] [Epoch    70/  200] trn/loss 6.409e-02, trn/lr 7.305e-02, trn/scale 1.005e-01, val/acc 9.317e-01, val/nll 1.956e-01
[2023-02-11 08:31:00] [Epoch    71/  200] trn/loss 6.077e-02, trn/lr 7.235e-02, trn/scale 1.005e-01, val/acc 9.368e-01, val/nll 1.948e-01 (best_acc: 9.332e-01 -> 9.368e-01, test_acc: 9.261e-01, test_nll: 2.091e-01)
[2023-02-11 08:31:08] [Epoch    72/  200] trn/loss 5.731e-02, trn/lr 7.165e-02, trn/scale 1.005e-01, val/acc 9.362e-01, val/nll 1.888e-01
[2023-02-11 08:31:16] [Epoch    73/  200] trn/loss 5.648e-02, trn/lr 7.093e-02, trn/scale 1.005e-01, val/acc 9.329e-01, val/nll 1.992e-01
[2023-02-11 08:31:25] [Epoch    74/  200] trn/loss 5.300e-02, trn/lr 7.022e-02, trn/scale 1.005e-01, val/acc 9.322e-01, val/nll 1.961e-01
[2023-02-11 08:31:33] [Epoch    75/  200] trn/loss 5.151e-02, trn/lr 6.950e-02, trn/scale 1.005e-01, val/acc 9.367e-01, val/nll 1.887e-01
[2023-02-11 08:31:41] [Epoch    76/  200] trn/loss 4.853e-02, trn/lr 6.877e-02, trn/scale 1.005e-01, val/acc 9.368e-01, val/nll 1.872e-01
[2023-02-11 08:31:49] [Epoch    77/  200] trn/loss 4.576e-02, trn/lr 6.804e-02, trn/scale 1.005e-01, val/acc 9.353e-01, val/nll 1.943e-01
[2023-02-11 08:31:57] [Epoch    78/  200] trn/loss 4.604e-02, trn/lr 6.731e-02, trn/scale 1.005e-01, val/acc 9.356e-01, val/nll 1.958e-01
[2023-02-11 08:32:06] [Epoch    79/  200] trn/loss 4.253e-02, trn/lr 6.657e-02, trn/scale 1.005e-01, val/acc 9.336e-01, val/nll 2.014e-01
[2023-02-11 08:32:14] [Epoch    80/  200] trn/loss 4.699e-02, trn/lr 6.583e-02, trn/scale 1.005e-01, val/acc 9.316e-01, val/nll 1.954e-01
[2023-02-11 08:32:23] [Epoch    81/  200] trn/loss 4.031e-02, trn/lr 6.508e-02, trn/scale 1.005e-01, val/acc 9.383e-01, val/nll 1.894e-01 (best_acc: 9.368e-01 -> 9.383e-01, test_acc: 9.307e-01, test_nll: 2.027e-01)
[2023-02-11 08:32:31] [Epoch    82/  200] trn/loss 3.656e-02, trn/lr 6.433e-02, trn/scale 1.005e-01, val/acc 9.373e-01, val/nll 1.865e-01
[2023-02-11 08:32:40] [Epoch    83/  200] trn/loss 3.522e-02, trn/lr 6.357e-02, trn/scale 1.004e-01, val/acc 9.394e-01, val/nll 1.782e-01 (best_acc: 9.383e-01 -> 9.394e-01, test_acc: 9.344e-01, test_nll: 1.917e-01)
[2023-02-11 08:32:49] [Epoch    84/  200] trn/loss 3.324e-02, trn/lr 6.282e-02, trn/scale 1.004e-01, val/acc 9.369e-01, val/nll 1.835e-01
[2023-02-11 08:32:57] [Epoch    85/  200] trn/loss 3.054e-02, trn/lr 6.206e-02, trn/scale 1.004e-01, val/acc 9.392e-01, val/nll 1.813e-01
[2023-02-11 08:33:05] [Epoch    86/  200] trn/loss 2.922e-02, trn/lr 6.129e-02, trn/scale 1.004e-01, val/acc 9.388e-01, val/nll 1.824e-01
[2023-02-11 08:33:13] [Epoch    87/  200] trn/loss 2.969e-02, trn/lr 6.053e-02, trn/scale 1.004e-01, val/acc 9.374e-01, val/nll 1.858e-01
[2023-02-11 08:33:22] [Epoch    88/  200] trn/loss 2.951e-02, trn/lr 5.976e-02, trn/scale 1.004e-01, val/acc 9.360e-01, val/nll 1.855e-01
[2023-02-11 08:33:30] [Epoch    89/  200] trn/loss 2.802e-02, trn/lr 5.899e-02, trn/scale 1.004e-01, val/acc 9.367e-01, val/nll 1.908e-01
[2023-02-11 08:33:38] [Epoch    90/  200] trn/loss 2.652e-02, trn/lr 5.821e-02, trn/scale 1.004e-01, val/acc 9.385e-01, val/nll 1.845e-01
[2023-02-11 08:33:46] [Epoch    91/  200] trn/loss 2.648e-02, trn/lr 5.744e-02, trn/scale 1.004e-01, val/acc 9.356e-01, val/nll 1.873e-01
[2023-02-11 08:33:54] [Epoch    92/  200] trn/loss 2.477e-02, trn/lr 5.666e-02, trn/scale 1.004e-01, val/acc 9.367e-01, val/nll 1.888e-01
[2023-02-11 08:34:04] [Epoch    93/  200] trn/loss 2.211e-02, trn/lr 5.588e-02, trn/scale 1.004e-01, val/acc 9.403e-01, val/nll 1.775e-01 (best_acc: 9.394e-01 -> 9.403e-01, test_acc: 9.332e-01, test_nll: 1.938e-01)
[2023-02-11 08:34:12] [Epoch    94/  200] trn/loss 2.103e-02, trn/lr 5.510e-02, trn/scale 1.004e-01, val/acc 9.399e-01, val/nll 1.800e-01
[2023-02-11 08:34:20] [Epoch    95/  200] trn/loss 1.981e-02, trn/lr 5.432e-02, trn/scale 1.004e-01, val/acc 9.376e-01, val/nll 1.843e-01
[2023-02-11 08:34:29] [Epoch    96/  200] trn/loss 2.106e-02, trn/lr 5.353e-02, trn/scale 1.004e-01, val/acc 9.405e-01, val/nll 1.797e-01 (best_acc: 9.403e-01 -> 9.405e-01, test_acc: 9.364e-01, test_nll: 1.900e-01)
[2023-02-11 08:34:37] [Epoch    97/  200] trn/loss 1.973e-02, trn/lr 5.275e-02, trn/scale 1.004e-01, val/acc 9.398e-01, val/nll 1.818e-01
[2023-02-11 08:34:46] [Epoch    98/  200] trn/loss 1.850e-02, trn/lr 5.197e-02, trn/scale 1.004e-01, val/acc 9.390e-01, val/nll 1.830e-01
[2023-02-11 08:34:55] [Epoch    99/  200] trn/loss 1.959e-02, trn/lr 5.118e-02, trn/scale 1.004e-01, val/acc 9.415e-01, val/nll 1.759e-01 (best_acc: 9.405e-01 -> 9.415e-01, test_acc: 9.367e-01, test_nll: 1.913e-01)
[2023-02-11 08:35:04] [Epoch   100/  200] trn/loss 1.872e-02, trn/lr 5.040e-02, trn/scale 1.004e-01, val/acc 9.416e-01, val/nll 1.800e-01 (best_acc: 9.415e-01 -> 9.416e-01, test_acc: 9.358e-01, test_nll: 1.913e-01)
[2023-02-11 08:35:12] [Epoch   101/  200] trn/loss 1.781e-02, trn/lr 4.961e-02, trn/scale 1.004e-01, val/acc 9.399e-01, val/nll 1.784e-01
[2023-02-11 08:35:21] [Epoch   102/  200] trn/loss 1.815e-02, trn/lr 4.882e-02, trn/scale 1.004e-01, val/acc 9.424e-01, val/nll 1.764e-01 (best_acc: 9.416e-01 -> 9.424e-01, test_acc: 9.363e-01, test_nll: 1.895e-01)
[2023-02-11 08:35:30] [Epoch   103/  200] trn/loss 1.520e-02, trn/lr 4.804e-02, trn/scale 1.004e-01, val/acc 9.392e-01, val/nll 1.812e-01
[2023-02-11 08:35:38] [Epoch   104/  200] trn/loss 1.559e-02, trn/lr 4.725e-02, trn/scale 1.004e-01, val/acc 9.410e-01, val/nll 1.775e-01
[2023-02-11 08:35:46] [Epoch   105/  200] trn/loss 1.610e-02, trn/lr 4.647e-02, trn/scale 1.004e-01, val/acc 9.386e-01, val/nll 1.881e-01
[2023-02-11 08:35:54] [Epoch   106/  200] trn/loss 1.543e-02, trn/lr 4.569e-02, trn/scale 1.004e-01, val/acc 9.418e-01, val/nll 1.812e-01
[2023-02-11 08:36:02] [Epoch   107/  200] trn/loss 1.382e-02, trn/lr 4.491e-02, trn/scale 1.004e-01, val/acc 9.416e-01, val/nll 1.807e-01
[2023-02-11 08:36:11] [Epoch   108/  200] trn/loss 1.360e-02, trn/lr 4.413e-02, trn/scale 1.004e-01, val/acc 9.414e-01, val/nll 1.860e-01
[2023-02-11 08:36:19] [Epoch   109/  200] trn/loss 1.377e-02, trn/lr 4.335e-02, trn/scale 1.004e-01, val/acc 9.423e-01, val/nll 1.765e-01
[2023-02-11 08:36:27] [Epoch   110/  200] trn/loss 1.413e-02, trn/lr 4.257e-02, trn/scale 1.004e-01, val/acc 9.407e-01, val/nll 1.786e-01
[2023-02-11 08:36:36] [Epoch   111/  200] trn/loss 1.286e-02, trn/lr 4.179e-02, trn/scale 1.004e-01, val/acc 9.408e-01, val/nll 1.794e-01
[2023-02-11 08:36:44] [Epoch   112/  200] trn/loss 1.169e-02, trn/lr 4.102e-02, trn/scale 1.004e-01, val/acc 9.413e-01, val/nll 1.785e-01
[2023-02-11 08:36:52] [Epoch   113/  200] trn/loss 1.138e-02, trn/lr 4.025e-02, trn/scale 1.004e-01, val/acc 9.409e-01, val/nll 1.801e-01
[2023-02-11 08:37:01] [Epoch   114/  200] trn/loss 1.103e-02, trn/lr 3.948e-02, trn/scale 1.004e-01, val/acc 9.429e-01, val/nll 1.767e-01 (best_acc: 9.424e-01 -> 9.429e-01, test_acc: 9.398e-01, test_nll: 1.856e-01)
[2023-02-11 08:37:10] [Epoch   115/  200] trn/loss 9.521e-03, trn/lr 3.871e-02, trn/scale 1.004e-01, val/acc 9.435e-01, val/nll 1.744e-01 (best_acc: 9.429e-01 -> 9.435e-01, test_acc: 9.365e-01, test_nll: 1.868e-01)
[2023-02-11 08:37:19] [Epoch   116/  200] trn/loss 9.593e-03, trn/lr 3.795e-02, trn/scale 1.004e-01, val/acc 9.424e-01, val/nll 1.786e-01
[2023-02-11 08:37:27] [Epoch   117/  200] trn/loss 1.002e-02, trn/lr 3.719e-02, trn/scale 1.004e-01, val/acc 9.433e-01, val/nll 1.797e-01
[2023-02-11 08:37:36] [Epoch   118/  200] trn/loss 9.911e-03, trn/lr 3.643e-02, trn/scale 1.004e-01, val/acc 9.440e-01, val/nll 1.769e-01 (best_acc: 9.435e-01 -> 9.440e-01, test_acc: 9.392e-01, test_nll: 1.874e-01)
[2023-02-11 08:37:44] [Epoch   119/  200] trn/loss 9.440e-03, trn/lr 3.568e-02, trn/scale 1.004e-01, val/acc 9.419e-01, val/nll 1.775e-01
[2023-02-11 08:37:52] [Epoch   120/  200] trn/loss 9.328e-03, trn/lr 3.493e-02, trn/scale 1.004e-01, val/acc 9.423e-01, val/nll 1.742e-01
[2023-02-11 08:38:02] [Epoch   121/  200] trn/loss 8.824e-03, trn/lr 3.418e-02, trn/scale 1.004e-01, val/acc 9.446e-01, val/nll 1.764e-01 (best_acc: 9.440e-01 -> 9.446e-01, test_acc: 9.405e-01, test_nll: 1.837e-01)
[2023-02-11 08:38:10] [Epoch   122/  200] trn/loss 8.910e-03, trn/lr 3.344e-02, trn/scale 1.004e-01, val/acc 9.442e-01, val/nll 1.754e-01
[2023-02-11 08:38:19] [Epoch   123/  200] trn/loss 8.990e-03, trn/lr 3.270e-02, trn/scale 1.004e-01, val/acc 9.455e-01, val/nll 1.740e-01 (best_acc: 9.446e-01 -> 9.455e-01, test_acc: 9.394e-01, test_nll: 1.834e-01)
[2023-02-11 08:38:27] [Epoch   124/  200] trn/loss 8.156e-03, trn/lr 3.196e-02, trn/scale 1.004e-01, val/acc 9.449e-01, val/nll 1.736e-01
[2023-02-11 08:38:36] [Epoch   125/  200] trn/loss 7.580e-03, trn/lr 3.123e-02, trn/scale 1.004e-01, val/acc 9.429e-01, val/nll 1.754e-01
[2023-02-11 08:38:44] [Epoch   126/  200] trn/loss 8.026e-03, trn/lr 3.051e-02, trn/scale 1.004e-01, val/acc 9.438e-01, val/nll 1.750e-01
[2023-02-11 08:38:53] [Epoch   127/  200] trn/loss 7.887e-03, trn/lr 2.979e-02, trn/scale 1.004e-01, val/acc 9.456e-01, val/nll 1.736e-01 (best_acc: 9.455e-01 -> 9.456e-01, test_acc: 9.399e-01, test_nll: 1.840e-01)
[2023-02-11 08:39:01] [Epoch   128/  200] trn/loss 7.425e-03, trn/lr 2.907e-02, trn/scale 1.004e-01, val/acc 9.456e-01, val/nll 1.742e-01
[2023-02-11 08:39:09] [Epoch   129/  200] trn/loss 7.543e-03, trn/lr 2.836e-02, trn/scale 1.004e-01, val/acc 9.452e-01, val/nll 1.746e-01
[2023-02-11 08:39:19] [Epoch   130/  200] trn/loss 7.245e-03, trn/lr 2.765e-02, trn/scale 1.004e-01, val/acc 9.461e-01, val/nll 1.752e-01 (best_acc: 9.456e-01 -> 9.461e-01, test_acc: 9.409e-01, test_nll: 1.825e-01)
[2023-02-11 08:39:27] [Epoch   131/  200] trn/loss 6.663e-03, trn/lr 2.695e-02, trn/scale 1.004e-01, val/acc 9.447e-01, val/nll 1.730e-01
[2023-02-11 08:39:36] [Epoch   132/  200] trn/loss 6.488e-03, trn/lr 2.626e-02, trn/scale 1.004e-01, val/acc 9.476e-01, val/nll 1.715e-01 (best_acc: 9.461e-01 -> 9.476e-01, test_acc: 9.405e-01, test_nll: 1.809e-01)
[2023-02-11 08:39:44] [Epoch   133/  200] trn/loss 6.425e-03, trn/lr 2.557e-02, trn/scale 1.004e-01, val/acc 9.444e-01, val/nll 1.745e-01
[2023-02-11 08:39:52] [Epoch   134/  200] trn/loss 6.073e-03, trn/lr 2.489e-02, trn/scale 1.004e-01, val/acc 9.429e-01, val/nll 1.777e-01
[2023-02-11 08:40:01] [Epoch   135/  200] trn/loss 6.377e-03, trn/lr 2.421e-02, trn/scale 1.004e-01, val/acc 9.452e-01, val/nll 1.765e-01
[2023-02-11 08:40:09] [Epoch   136/  200] trn/loss 5.907e-03, trn/lr 2.354e-02, trn/scale 1.004e-01, val/acc 9.455e-01, val/nll 1.738e-01
[2023-02-11 08:40:17] [Epoch   137/  200] trn/loss 6.193e-03, trn/lr 2.288e-02, trn/scale 1.004e-01, val/acc 9.447e-01, val/nll 1.766e-01
[2023-02-11 08:40:25] [Epoch   138/  200] trn/loss 6.111e-03, trn/lr 2.222e-02, trn/scale 1.004e-01, val/acc 9.458e-01, val/nll 1.716e-01
[2023-02-11 08:40:34] [Epoch   139/  200] trn/loss 5.923e-03, trn/lr 2.157e-02, trn/scale 1.004e-01, val/acc 9.466e-01, val/nll 1.729e-01
[2023-02-11 08:40:42] [Epoch   140/  200] trn/loss 5.519e-03, trn/lr 2.093e-02, trn/scale 1.004e-01, val/acc 9.465e-01, val/nll 1.715e-01
[2023-02-11 08:40:50] [Epoch   141/  200] trn/loss 5.207e-03, trn/lr 2.030e-02, trn/scale 1.004e-01, val/acc 9.456e-01, val/nll 1.744e-01
[2023-02-11 08:40:58] [Epoch   142/  200] trn/loss 4.951e-03, trn/lr 1.967e-02, trn/scale 1.004e-01, val/acc 9.473e-01, val/nll 1.731e-01
[2023-02-11 08:41:08] [Epoch   143/  200] trn/loss 4.898e-03, trn/lr 1.905e-02, trn/scale 1.003e-01, val/acc 9.477e-01, val/nll 1.718e-01 (best_acc: 9.476e-01 -> 9.477e-01, test_acc: 9.437e-01, test_nll: 1.802e-01)
[2023-02-11 08:41:16] [Epoch   144/  200] trn/loss 5.079e-03, trn/lr 1.843e-02, trn/scale 1.003e-01, val/acc 9.455e-01, val/nll 1.738e-01
[2023-02-11 08:41:24] [Epoch   145/  200] trn/loss 5.076e-03, trn/lr 1.783e-02, trn/scale 1.003e-01, val/acc 9.461e-01, val/nll 1.737e-01
[2023-02-11 08:41:32] [Epoch   146/  200] trn/loss 4.945e-03, trn/lr 1.723e-02, trn/scale 1.003e-01, val/acc 9.465e-01, val/nll 1.703e-01
[2023-02-11 08:41:40] [Epoch   147/  200] trn/loss 4.525e-03, trn/lr 1.664e-02, trn/scale 1.003e-01, val/acc 9.454e-01, val/nll 1.732e-01
[2023-02-11 08:41:49] [Epoch   148/  200] trn/loss 4.363e-03, trn/lr 1.606e-02, trn/scale 1.003e-01, val/acc 9.465e-01, val/nll 1.712e-01
[2023-02-11 08:41:57] [Epoch   149/  200] trn/loss 4.401e-03, trn/lr 1.549e-02, trn/scale 1.003e-01, val/acc 9.477e-01, val/nll 1.707e-01
[2023-02-11 08:42:05] [Epoch   150/  200] trn/loss 4.273e-03, trn/lr 1.493e-02, trn/scale 1.003e-01, val/acc 9.455e-01, val/nll 1.738e-01
[2023-02-11 08:42:14] [Epoch   151/  200] trn/loss 4.375e-03, trn/lr 1.437e-02, trn/scale 1.003e-01, val/acc 9.487e-01, val/nll 1.725e-01 (best_acc: 9.477e-01 -> 9.487e-01, test_acc: 9.427e-01, test_nll: 1.833e-01)
[2023-02-11 08:42:23] [Epoch   152/  200] trn/loss 4.084e-03, trn/lr 1.382e-02, trn/scale 1.003e-01, val/acc 9.471e-01, val/nll 1.750e-01
[2023-02-11 08:42:31] [Epoch   153/  200] trn/loss 4.240e-03, trn/lr 1.329e-02, trn/scale 1.003e-01, val/acc 9.465e-01, val/nll 1.715e-01
[2023-02-11 08:42:39] [Epoch   154/  200] trn/loss 4.067e-03, trn/lr 1.276e-02, trn/scale 1.003e-01, val/acc 9.469e-01, val/nll 1.721e-01
[2023-02-11 08:42:47] [Epoch   155/  200] trn/loss 4.012e-03, trn/lr 1.224e-02, trn/scale 1.003e-01, val/acc 9.473e-01, val/nll 1.727e-01
[2023-02-11 08:42:56] [Epoch   156/  200] trn/loss 3.923e-03, trn/lr 1.173e-02, trn/scale 1.003e-01, val/acc 9.483e-01, val/nll 1.724e-01
[2023-02-11 08:43:04] [Epoch   157/  200] trn/loss 4.018e-03, trn/lr 1.123e-02, trn/scale 1.003e-01, val/acc 9.472e-01, val/nll 1.741e-01
[2023-02-11 08:43:12] [Epoch   158/  200] trn/loss 3.913e-03, trn/lr 1.074e-02, trn/scale 1.003e-01, val/acc 9.479e-01, val/nll 1.720e-01
[2023-02-11 08:43:20] [Epoch   159/  200] trn/loss 3.881e-03, trn/lr 1.025e-02, trn/scale 1.003e-01, val/acc 9.482e-01, val/nll 1.719e-01
[2023-02-11 08:43:29] [Epoch   160/  200] trn/loss 3.780e-03, trn/lr 9.783e-03, trn/scale 1.003e-01, val/acc 9.456e-01, val/nll 1.743e-01
[2023-02-11 08:43:37] [Epoch   161/  200] trn/loss 3.828e-03, trn/lr 9.321e-03, trn/scale 1.003e-01, val/acc 9.471e-01, val/nll 1.709e-01
[2023-02-11 08:43:45] [Epoch   162/  200] trn/loss 3.615e-03, trn/lr 8.870e-03, trn/scale 1.003e-01, val/acc 9.486e-01, val/nll 1.713e-01
[2023-02-11 08:43:53] [Epoch   163/  200] trn/loss 3.392e-03, trn/lr 8.428e-03, trn/scale 1.003e-01, val/acc 9.467e-01, val/nll 1.718e-01
[2023-02-11 08:44:01] [Epoch   164/  200] trn/loss 3.557e-03, trn/lr 7.997e-03, trn/scale 1.003e-01, val/acc 9.485e-01, val/nll 1.688e-01
[2023-02-11 08:44:10] [Epoch   165/  200] trn/loss 3.377e-03, trn/lr 7.576e-03, trn/scale 1.003e-01, val/acc 9.478e-01, val/nll 1.707e-01
[2023-02-11 08:44:18] [Epoch   166/  200] trn/loss 3.381e-03, trn/lr 7.166e-03, trn/scale 1.003e-01, val/acc 9.467e-01, val/nll 1.701e-01
[2023-02-11 08:44:26] [Epoch   167/  200] trn/loss 3.358e-03, trn/lr 6.766e-03, trn/scale 1.003e-01, val/acc 9.477e-01, val/nll 1.703e-01
[2023-02-11 08:44:35] [Epoch   168/  200] trn/loss 3.281e-03, trn/lr 6.377e-03, trn/scale 1.003e-01, val/acc 9.475e-01, val/nll 1.686e-01
[2023-02-11 08:44:43] [Epoch   169/  200] trn/loss 3.334e-03, trn/lr 5.998e-03, trn/scale 1.003e-01, val/acc 9.475e-01, val/nll 1.692e-01
[2023-02-11 08:44:51] [Epoch   170/  200] trn/loss 3.243e-03, trn/lr 5.631e-03, trn/scale 1.003e-01, val/acc 9.470e-01, val/nll 1.691e-01
[2023-02-11 08:44:59] [Epoch   171/  200] trn/loss 3.221e-03, trn/lr 5.274e-03, trn/scale 1.003e-01, val/acc 9.475e-01, val/nll 1.702e-01
[2023-02-11 08:45:07] [Epoch   172/  200] trn/loss 3.256e-03, trn/lr 4.929e-03, trn/scale 1.003e-01, val/acc 9.475e-01, val/nll 1.688e-01
[2023-02-11 08:45:16] [Epoch   173/  200] trn/loss 3.222e-03, trn/lr 4.594e-03, trn/scale 1.003e-01, val/acc 9.485e-01, val/nll 1.700e-01
[2023-02-11 08:45:25] [Epoch   174/  200] trn/loss 3.252e-03, trn/lr 4.271e-03, trn/scale 1.003e-01, val/acc 9.492e-01, val/nll 1.696e-01 (best_acc: 9.487e-01 -> 9.492e-01, test_acc: 9.451e-01, test_nll: 1.757e-01)
[2023-02-11 08:45:33] [Epoch   175/  200] trn/loss 3.167e-03, trn/lr 3.959e-03, trn/scale 1.003e-01, val/acc 9.480e-01, val/nll 1.693e-01
[2023-02-11 08:45:41] [Epoch   176/  200] trn/loss 3.150e-03, trn/lr 3.659e-03, trn/scale 1.003e-01, val/acc 9.479e-01, val/nll 1.693e-01
[2023-02-11 08:45:50] [Epoch   177/  200] trn/loss 3.151e-03, trn/lr 3.369e-03, trn/scale 1.003e-01, val/acc 9.480e-01, val/nll 1.698e-01
[2023-02-11 08:45:58] [Epoch   178/  200] trn/loss 3.098e-03, trn/lr 3.092e-03, trn/scale 1.003e-01, val/acc 9.472e-01, val/nll 1.697e-01
[2023-02-11 08:46:06] [Epoch   179/  200] trn/loss 3.144e-03, trn/lr 2.826e-03, trn/scale 1.003e-01, val/acc 9.477e-01, val/nll 1.693e-01
[2023-02-11 08:46:14] [Epoch   180/  200] trn/loss 3.103e-03, trn/lr 2.571e-03, trn/scale 1.003e-01, val/acc 9.480e-01, val/nll 1.695e-01
[2023-02-11 08:46:22] [Epoch   181/  200] trn/loss 2.965e-03, trn/lr 2.329e-03, trn/scale 1.003e-01, val/acc 9.470e-01, val/nll 1.699e-01
[2023-02-11 08:46:31] [Epoch   182/  200] trn/loss 2.999e-03, trn/lr 2.098e-03, trn/scale 1.003e-01, val/acc 9.476e-01, val/nll 1.700e-01
[2023-02-11 08:46:39] [Epoch   183/  200] trn/loss 2.966e-03, trn/lr 1.878e-03, trn/scale 1.003e-01, val/acc 9.480e-01, val/nll 1.692e-01
[2023-02-11 08:46:47] [Epoch   184/  200] trn/loss 2.940e-03, trn/lr 1.671e-03, trn/scale 1.003e-01, val/acc 9.489e-01, val/nll 1.691e-01
[2023-02-11 08:46:55] [Epoch   185/  200] trn/loss 2.822e-03, trn/lr 1.476e-03, trn/scale 1.003e-01, val/acc 9.485e-01, val/nll 1.694e-01
[2023-02-11 08:47:04] [Epoch   186/  200] trn/loss 2.866e-03, trn/lr 1.292e-03, trn/scale 1.003e-01, val/acc 9.480e-01, val/nll 1.698e-01
[2023-02-11 08:47:12] [Epoch   187/  200] trn/loss 2.895e-03, trn/lr 1.121e-03, trn/scale 1.003e-01, val/acc 9.485e-01, val/nll 1.701e-01
[2023-02-11 08:47:20] [Epoch   188/  200] trn/loss 2.867e-03, trn/lr 9.617e-04, trn/scale 1.003e-01, val/acc 9.478e-01, val/nll 1.696e-01
[2023-02-11 08:47:28] [Epoch   189/  200] trn/loss 2.855e-03, trn/lr 8.145e-04, trn/scale 1.003e-01, val/acc 9.478e-01, val/nll 1.693e-01
[2023-02-11 08:47:37] [Epoch   190/  200] trn/loss 2.846e-03, trn/lr 6.794e-04, trn/scale 1.003e-01, val/acc 9.480e-01, val/nll 1.698e-01
[2023-02-11 08:47:45] [Epoch   191/  200] trn/loss 2.855e-03, trn/lr 5.565e-04, trn/scale 1.003e-01, val/acc 9.482e-01, val/nll 1.690e-01
[2023-02-11 08:47:53] [Epoch   192/  200] trn/loss 2.915e-03, trn/lr 4.458e-04, trn/scale 1.003e-01, val/acc 9.478e-01, val/nll 1.695e-01
[2023-02-11 08:48:01] [Epoch   193/  200] trn/loss 2.871e-03, trn/lr 3.474e-04, trn/scale 1.003e-01, val/acc 9.482e-01, val/nll 1.696e-01
[2023-02-11 08:48:10] [Epoch   194/  200] trn/loss 2.853e-03, trn/lr 2.612e-04, trn/scale 1.003e-01, val/acc 9.487e-01, val/nll 1.688e-01
[2023-02-11 08:48:18] [Epoch   195/  200] trn/loss 2.808e-03, trn/lr 1.872e-04, trn/scale 1.003e-01, val/acc 9.483e-01, val/nll 1.698e-01
[2023-02-11 08:48:26] [Epoch   196/  200] trn/loss 2.823e-03, trn/lr 1.255e-04, trn/scale 1.003e-01, val/acc 9.482e-01, val/nll 1.692e-01
[2023-02-11 08:48:34] [Epoch   197/  200] trn/loss 2.887e-03, trn/lr 7.619e-05, trn/scale 1.003e-01, val/acc 9.480e-01, val/nll 1.696e-01
[2023-02-11 08:48:42] [Epoch   198/  200] trn/loss 2.870e-03, trn/lr 3.916e-05, trn/scale 1.003e-01, val/acc 9.487e-01, val/nll 1.690e-01
[2023-02-11 08:48:51] [Epoch   199/  200] trn/loss 2.755e-03, trn/lr 1.445e-05, trn/scale 1.003e-01, val/acc 9.483e-01, val/nll 1.694e-01
[2023-02-11 08:48:59] [Epoch   200/  200] trn/loss 2.857e-03, trn/lr 2.075e-06, trn/scale 1.003e-01, val/acc 9.485e-01, val/nll 1.693e-01
