[2023-02-14 08:06:05] Environments:
------------  ------------------------------------------------------------
sys.platform  linux
Python        3.8.10 (default, Nov 14 2022, 12:59:47) [GCC 9.4.0]
JAX           0.4.2 @/home/giung/.local/lib/python3.8/site-packages/jax
jaxlib        0.4.2 @/home/giung/.local/lib/python3.8/site-packages/jaxlib
Flax          0.6.4 @/home/giung/.local/lib/python3.8/site-packages/flax
Optax         0.1.4 @/home/giung/.local/lib/python3.8/site-packages/optax
------------  ------------------------------------------------------------

[2023-02-14 08:06:05] Command line arguments:
- args.data_root          : ./data/
- args.data_name          : CIFAR100_x32
- args.data_augmentation  : standard
- args.data_proportional  : 1.0
- args.model_depth        : 20
- args.model_width        : 4
- args.model_style        : BN-ReLU
- args.optim_bs           : 256
- args.optim_ne           : 200
- args.optim_lr           : 0.01
- args.optim_momentum     : 0.7
- args.optim_weight_decay : 0.0003
- args.rho                : 0.01
- args.save               : /home/giung/giung2-dev/projects/sam/save/CIFAR100_x32/R20x4-BN-ReLU/SAM/bs-0256_ne-0200_lr-0.01_mo-0.70_wd-0.0003_rho-0.0100_fp32/42
- args.seed               : 42
- args.precision          : fp32

[2023-02-14 08:06:11] Multiple local devices are detected:
[TpuDevice(id=0, process_index=0, coords=(0,0,0), core_on_chip=0), TpuDevice(id=1, process_index=0, coords=(0,0,0), core_on_chip=1), TpuDevice(id=2, process_index=0, coords=(1,0,0), core_on_chip=0), TpuDevice(id=3, process_index=0, coords=(1,0,0), core_on_chip=1), TpuDevice(id=4, process_index=0, coords=(0,1,0), core_on_chip=0), TpuDevice(id=5, process_index=0, coords=(0,1,0), core_on_chip=1), TpuDevice(id=6, process_index=0, coords=(1,1,0), core_on_chip=0), TpuDevice(id=7, process_index=0, coords=(1,1,0), core_on_chip=1)]

[2023-02-14 08:07:10] [Epoch     1/  200] trn/loss 4.247e+00, trn/lr 1.000e-02, val/acc 9.945e-02, val/nll 3.962e+00 (best_acc: 0.000e+00 -> 9.945e-02, test_acc: 1.023e-01, test_nll: 3.935e+00)
[2023-02-14 08:07:18] [Epoch     2/  200] trn/loss 3.787e+00, trn/lr 9.999e-03, val/acc 1.451e-01, val/nll 3.690e+00 (best_acc: 9.945e-02 -> 1.451e-01, test_acc: 1.458e-01, test_nll: 3.652e+00)
[2023-02-14 08:07:26] [Epoch     3/  200] trn/loss 3.575e+00, trn/lr 9.996e-03, val/acc 1.742e-01, val/nll 3.493e+00 (best_acc: 1.451e-01 -> 1.742e-01, test_acc: 1.843e-01, test_nll: 3.455e+00)
[2023-02-14 08:07:34] [Epoch     4/  200] trn/loss 3.410e+00, trn/lr 9.992e-03, val/acc 2.044e-01, val/nll 3.314e+00 (best_acc: 1.742e-01 -> 2.044e-01, test_acc: 2.154e-01, test_nll: 3.288e+00)
[2023-02-14 08:07:42] [Epoch     5/  200] trn/loss 3.263e+00, trn/lr 9.987e-03, val/acc 2.205e-01, val/nll 3.230e+00 (best_acc: 2.044e-01 -> 2.205e-01, test_acc: 2.271e-01, test_nll: 3.197e+00)
[2023-02-14 08:07:50] [Epoch     6/  200] trn/loss 3.129e+00, trn/lr 9.981e-03, val/acc 2.449e-01, val/nll 3.075e+00 (best_acc: 2.205e-01 -> 2.449e-01, test_acc: 2.543e-01, test_nll: 3.048e+00)
[2023-02-14 08:07:58] [Epoch     7/  200] trn/loss 3.003e+00, trn/lr 9.974e-03, val/acc 2.470e-01, val/nll 3.078e+00 (best_acc: 2.449e-01 -> 2.470e-01, test_acc: 2.616e-01, test_nll: 3.033e+00)
[2023-02-14 08:08:06] [Epoch     8/  200] trn/loss 2.887e+00, trn/lr 9.965e-03, val/acc 2.711e-01, val/nll 2.947e+00 (best_acc: 2.470e-01 -> 2.711e-01, test_acc: 2.850e-01, test_nll: 2.885e+00)
[2023-02-14 08:08:14] [Epoch     9/  200] trn/loss 2.782e+00, trn/lr 9.955e-03, val/acc 3.023e-01, val/nll 2.797e+00 (best_acc: 2.711e-01 -> 3.023e-01, test_acc: 3.095e-01, test_nll: 2.747e+00)
[2023-02-14 08:08:22] [Epoch    10/  200] trn/loss 2.690e+00, trn/lr 9.944e-03, val/acc 3.277e-01, val/nll 2.658e+00 (best_acc: 3.023e-01 -> 3.277e-01, test_acc: 3.351e-01, test_nll: 2.600e+00)
[2023-02-14 08:08:30] [Epoch    11/  200] trn/loss 2.601e+00, trn/lr 9.932e-03, val/acc 3.407e-01, val/nll 2.613e+00 (best_acc: 3.277e-01 -> 3.407e-01, test_acc: 3.457e-01, test_nll: 2.554e+00)
[2023-02-14 08:08:38] [Epoch    12/  200] trn/loss 2.515e+00, trn/lr 9.919e-03, val/acc 3.523e-01, val/nll 2.544e+00 (best_acc: 3.407e-01 -> 3.523e-01, test_acc: 3.618e-01, test_nll: 2.491e+00)
[2023-02-14 08:08:46] [Epoch    13/  200] trn/loss 2.440e+00, trn/lr 9.904e-03, val/acc 3.607e-01, val/nll 2.501e+00 (best_acc: 3.523e-01 -> 3.607e-01, test_acc: 3.715e-01, test_nll: 2.449e+00)
[2023-02-14 08:08:54] [Epoch    14/  200] trn/loss 2.372e+00, trn/lr 9.888e-03, val/acc 3.772e-01, val/nll 2.442e+00 (best_acc: 3.607e-01 -> 3.772e-01, test_acc: 3.835e-01, test_nll: 2.396e+00)
[2023-02-14 08:09:02] [Epoch    15/  200] trn/loss 2.293e+00, trn/lr 9.871e-03, val/acc 3.884e-01, val/nll 2.369e+00 (best_acc: 3.772e-01 -> 3.884e-01, test_acc: 3.965e-01, test_nll: 2.309e+00)
[2023-02-14 08:09:10] [Epoch    16/  200] trn/loss 2.240e+00, trn/lr 9.853e-03, val/acc 3.947e-01, val/nll 2.357e+00 (best_acc: 3.884e-01 -> 3.947e-01, test_acc: 4.048e-01, test_nll: 2.293e+00)
[2023-02-14 08:09:18] [Epoch    17/  200] trn/loss 2.181e+00, trn/lr 9.833e-03, val/acc 4.028e-01, val/nll 2.330e+00 (best_acc: 3.947e-01 -> 4.028e-01, test_acc: 4.127e-01, test_nll: 2.278e+00)
[2023-02-14 08:09:26] [Epoch    18/  200] trn/loss 2.118e+00, trn/lr 9.812e-03, val/acc 4.159e-01, val/nll 2.235e+00 (best_acc: 4.028e-01 -> 4.159e-01, test_acc: 4.272e-01, test_nll: 2.180e+00)
[2023-02-14 08:09:34] [Epoch    19/  200] trn/loss 2.065e+00, trn/lr 9.790e-03, val/acc 4.310e-01, val/nll 2.161e+00 (best_acc: 4.159e-01 -> 4.310e-01, test_acc: 4.417e-01, test_nll: 2.120e+00)
[2023-02-14 08:09:42] [Epoch    20/  200] trn/loss 2.010e+00, trn/lr 9.767e-03, val/acc 4.361e-01, val/nll 2.148e+00 (best_acc: 4.310e-01 -> 4.361e-01, test_acc: 4.487e-01, test_nll: 2.109e+00)
[2023-02-14 08:09:49] [Epoch    21/  200] trn/loss 1.963e+00, trn/lr 9.743e-03, val/acc 4.277e-01, val/nll 2.189e+00
[2023-02-14 08:09:57] [Epoch    22/  200] trn/loss 1.912e+00, trn/lr 9.718e-03, val/acc 4.445e-01, val/nll 2.131e+00 (best_acc: 4.361e-01 -> 4.445e-01, test_acc: 4.498e-01, test_nll: 2.084e+00)
[2023-02-14 08:10:05] [Epoch    23/  200] trn/loss 1.870e+00, trn/lr 9.691e-03, val/acc 4.520e-01, val/nll 2.074e+00 (best_acc: 4.445e-01 -> 4.520e-01, test_acc: 4.621e-01, test_nll: 2.042e+00)
[2023-02-14 08:10:13] [Epoch    24/  200] trn/loss 1.825e+00, trn/lr 9.663e-03, val/acc 4.667e-01, val/nll 2.015e+00 (best_acc: 4.520e-01 -> 4.667e-01, test_acc: 4.754e-01, test_nll: 1.999e+00)
[2023-02-14 08:10:21] [Epoch    25/  200] trn/loss 1.778e+00, trn/lr 9.634e-03, val/acc 4.723e-01, val/nll 1.993e+00 (best_acc: 4.667e-01 -> 4.723e-01, test_acc: 4.830e-01, test_nll: 1.957e+00)
[2023-02-14 08:10:29] [Epoch    26/  200] trn/loss 1.745e+00, trn/lr 9.604e-03, val/acc 4.857e-01, val/nll 1.919e+00 (best_acc: 4.723e-01 -> 4.857e-01, test_acc: 5.011e-01, test_nll: 1.879e+00)
[2023-02-14 08:10:36] [Epoch    27/  200] trn/loss 1.700e+00, trn/lr 9.573e-03, val/acc 4.939e-01, val/nll 1.912e+00 (best_acc: 4.857e-01 -> 4.939e-01, test_acc: 4.983e-01, test_nll: 1.889e+00)
[2023-02-14 08:10:44] [Epoch    28/  200] trn/loss 1.663e+00, trn/lr 9.541e-03, val/acc 4.913e-01, val/nll 1.890e+00
[2023-02-14 08:10:52] [Epoch    29/  200] trn/loss 1.627e+00, trn/lr 9.507e-03, val/acc 5.004e-01, val/nll 1.871e+00 (best_acc: 4.939e-01 -> 5.004e-01, test_acc: 5.082e-01, test_nll: 1.858e+00)
[2023-02-14 08:10:59] [Epoch    30/  200] trn/loss 1.589e+00, trn/lr 9.473e-03, val/acc 5.042e-01, val/nll 1.860e+00 (best_acc: 5.004e-01 -> 5.042e-01, test_acc: 5.136e-01, test_nll: 1.839e+00)
[2023-02-14 08:11:07] [Epoch    31/  200] trn/loss 1.558e+00, trn/lr 9.437e-03, val/acc 5.090e-01, val/nll 1.847e+00 (best_acc: 5.042e-01 -> 5.090e-01, test_acc: 5.176e-01, test_nll: 1.820e+00)
[2023-02-14 08:11:15] [Epoch    32/  200] trn/loss 1.528e+00, trn/lr 9.400e-03, val/acc 5.232e-01, val/nll 1.767e+00 (best_acc: 5.090e-01 -> 5.232e-01, test_acc: 5.270e-01, test_nll: 1.751e+00)
[2023-02-14 08:11:23] [Epoch    33/  200] trn/loss 1.497e+00, trn/lr 9.363e-03, val/acc 5.221e-01, val/nll 1.791e+00
[2023-02-14 08:11:30] [Epoch    34/  200] trn/loss 1.470e+00, trn/lr 9.324e-03, val/acc 5.236e-01, val/nll 1.786e+00 (best_acc: 5.232e-01 -> 5.236e-01, test_acc: 5.271e-01, test_nll: 1.785e+00)
[2023-02-14 08:11:38] [Epoch    35/  200] trn/loss 1.432e+00, trn/lr 9.284e-03, val/acc 5.189e-01, val/nll 1.802e+00
[2023-02-14 08:11:45] [Epoch    36/  200] trn/loss 1.404e+00, trn/lr 9.243e-03, val/acc 5.223e-01, val/nll 1.809e+00
[2023-02-14 08:11:53] [Epoch    37/  200] trn/loss 1.377e+00, trn/lr 9.201e-03, val/acc 5.343e-01, val/nll 1.747e+00 (best_acc: 5.236e-01 -> 5.343e-01, test_acc: 5.404e-01, test_nll: 1.741e+00)
[2023-02-14 08:12:00] [Epoch    38/  200] trn/loss 1.355e+00, trn/lr 9.157e-03, val/acc 5.312e-01, val/nll 1.769e+00
[2023-02-14 08:12:08] [Epoch    39/  200] trn/loss 1.324e+00, trn/lr 9.113e-03, val/acc 5.403e-01, val/nll 1.736e+00 (best_acc: 5.343e-01 -> 5.403e-01, test_acc: 5.475e-01, test_nll: 1.717e+00)
[2023-02-14 08:12:16] [Epoch    40/  200] trn/loss 1.299e+00, trn/lr 9.068e-03, val/acc 5.454e-01, val/nll 1.707e+00 (best_acc: 5.403e-01 -> 5.454e-01, test_acc: 5.528e-01, test_nll: 1.690e+00)
[2023-02-14 08:12:23] [Epoch    41/  200] trn/loss 1.272e+00, trn/lr 9.022e-03, val/acc 5.367e-01, val/nll 1.760e+00
[2023-02-14 08:12:31] [Epoch    42/  200] trn/loss 1.243e+00, trn/lr 8.975e-03, val/acc 5.471e-01, val/nll 1.692e+00 (best_acc: 5.454e-01 -> 5.471e-01, test_acc: 5.522e-01, test_nll: 1.686e+00)
[2023-02-14 08:12:39] [Epoch    43/  200] trn/loss 1.221e+00, trn/lr 8.927e-03, val/acc 5.577e-01, val/nll 1.642e+00 (best_acc: 5.471e-01 -> 5.577e-01, test_acc: 5.632e-01, test_nll: 1.635e+00)
[2023-02-14 08:12:47] [Epoch    44/  200] trn/loss 1.197e+00, trn/lr 8.878e-03, val/acc 5.582e-01, val/nll 1.654e+00 (best_acc: 5.577e-01 -> 5.582e-01, test_acc: 5.656e-01, test_nll: 1.652e+00)
[2023-02-14 08:12:54] [Epoch    45/  200] trn/loss 1.173e+00, trn/lr 8.828e-03, val/acc 5.475e-01, val/nll 1.735e+00
[2023-02-14 08:13:02] [Epoch    46/  200] trn/loss 1.155e+00, trn/lr 8.777e-03, val/acc 5.648e-01, val/nll 1.645e+00 (best_acc: 5.582e-01 -> 5.648e-01, test_acc: 5.591e-01, test_nll: 1.658e+00)
[2023-02-14 08:13:09] [Epoch    47/  200] trn/loss 1.128e+00, trn/lr 8.725e-03, val/acc 5.638e-01, val/nll 1.624e+00
[2023-02-14 08:13:16] [Epoch    48/  200] trn/loss 1.105e+00, trn/lr 8.672e-03, val/acc 5.552e-01, val/nll 1.656e+00
[2023-02-14 08:13:24] [Epoch    49/  200] trn/loss 1.087e+00, trn/lr 8.618e-03, val/acc 5.677e-01, val/nll 1.642e+00 (best_acc: 5.648e-01 -> 5.677e-01, test_acc: 5.670e-01, test_nll: 1.646e+00)
[2023-02-14 08:13:32] [Epoch    50/  200] trn/loss 1.065e+00, trn/lr 8.563e-03, val/acc 5.756e-01, val/nll 1.593e+00 (best_acc: 5.677e-01 -> 5.756e-01, test_acc: 5.773e-01, test_nll: 1.601e+00)
[2023-02-14 08:13:39] [Epoch    51/  200] trn/loss 1.042e+00, trn/lr 8.508e-03, val/acc 5.602e-01, val/nll 1.675e+00
[2023-02-14 08:13:46] [Epoch    52/  200] trn/loss 1.028e+00, trn/lr 8.451e-03, val/acc 5.595e-01, val/nll 1.671e+00
[2023-02-14 08:13:54] [Epoch    53/  200] trn/loss 1.006e+00, trn/lr 8.394e-03, val/acc 5.650e-01, val/nll 1.642e+00
[2023-02-14 08:14:01] [Epoch    54/  200] trn/loss 9.877e-01, trn/lr 8.336e-03, val/acc 5.753e-01, val/nll 1.602e+00
[2023-02-14 08:14:09] [Epoch    55/  200] trn/loss 9.636e-01, trn/lr 8.277e-03, val/acc 5.790e-01, val/nll 1.591e+00 (best_acc: 5.756e-01 -> 5.790e-01, test_acc: 5.774e-01, test_nll: 1.599e+00)
[2023-02-14 08:14:16] [Epoch    56/  200] trn/loss 9.518e-01, trn/lr 8.217e-03, val/acc 5.643e-01, val/nll 1.689e+00
[2023-02-14 08:14:24] [Epoch    57/  200] trn/loss 9.246e-01, trn/lr 8.157e-03, val/acc 5.836e-01, val/nll 1.639e+00 (best_acc: 5.790e-01 -> 5.836e-01, test_acc: 5.793e-01, test_nll: 1.625e+00)
[2023-02-14 08:14:31] [Epoch    58/  200] trn/loss 9.114e-01, trn/lr 8.096e-03, val/acc 5.757e-01, val/nll 1.616e+00
[2023-02-14 08:14:38] [Epoch    59/  200] trn/loss 8.920e-01, trn/lr 8.034e-03, val/acc 5.785e-01, val/nll 1.628e+00
[2023-02-14 08:14:46] [Epoch    60/  200] trn/loss 8.735e-01, trn/lr 7.971e-03, val/acc 5.845e-01, val/nll 1.585e+00 (best_acc: 5.836e-01 -> 5.845e-01, test_acc: 5.834e-01, test_nll: 1.597e+00)
[2023-02-14 08:14:53] [Epoch    61/  200] trn/loss 8.605e-01, trn/lr 7.907e-03, val/acc 5.725e-01, val/nll 1.633e+00
[2023-02-14 08:15:00] [Epoch    62/  200] trn/loss 8.446e-01, trn/lr 7.843e-03, val/acc 5.835e-01, val/nll 1.607e+00
[2023-02-14 08:15:08] [Epoch    63/  200] trn/loss 8.292e-01, trn/lr 7.778e-03, val/acc 5.850e-01, val/nll 1.584e+00 (best_acc: 5.845e-01 -> 5.850e-01, test_acc: 5.873e-01, test_nll: 1.576e+00)
[2023-02-14 08:15:16] [Epoch    64/  200] trn/loss 8.137e-01, trn/lr 7.712e-03, val/acc 5.885e-01, val/nll 1.574e+00 (best_acc: 5.850e-01 -> 5.885e-01, test_acc: 5.879e-01, test_nll: 1.572e+00)
[2023-02-14 08:15:24] [Epoch    65/  200] trn/loss 7.977e-01, trn/lr 7.646e-03, val/acc 5.881e-01, val/nll 1.593e+00
[2023-02-14 08:15:32] [Epoch    66/  200] trn/loss 7.792e-01, trn/lr 7.579e-03, val/acc 5.904e-01, val/nll 1.562e+00 (best_acc: 5.885e-01 -> 5.904e-01, test_acc: 5.977e-01, test_nll: 1.556e+00)
[2023-02-14 08:15:39] [Epoch    67/  200] trn/loss 7.609e-01, trn/lr 7.512e-03, val/acc 5.889e-01, val/nll 1.636e+00
[2023-02-14 08:15:47] [Epoch    68/  200] trn/loss 7.473e-01, trn/lr 7.443e-03, val/acc 5.913e-01, val/nll 1.575e+00 (best_acc: 5.904e-01 -> 5.913e-01, test_acc: 5.957e-01, test_nll: 1.575e+00)
[2023-02-14 08:15:55] [Epoch    69/  200] trn/loss 7.351e-01, trn/lr 7.374e-03, val/acc 5.950e-01, val/nll 1.574e+00 (best_acc: 5.913e-01 -> 5.950e-01, test_acc: 5.982e-01, test_nll: 1.575e+00)
[2023-02-14 08:16:02] [Epoch    70/  200] trn/loss 7.189e-01, trn/lr 7.305e-03, val/acc 5.889e-01, val/nll 1.639e+00
[2023-02-14 08:16:09] [Epoch    71/  200] trn/loss 7.039e-01, trn/lr 7.235e-03, val/acc 5.876e-01, val/nll 1.614e+00
[2023-02-14 08:16:16] [Epoch    72/  200] trn/loss 6.976e-01, trn/lr 7.165e-03, val/acc 5.921e-01, val/nll 1.615e+00
[2023-02-14 08:16:24] [Epoch    73/  200] trn/loss 6.742e-01, trn/lr 7.093e-03, val/acc 5.992e-01, val/nll 1.591e+00 (best_acc: 5.950e-01 -> 5.992e-01, test_acc: 5.994e-01, test_nll: 1.570e+00)
[2023-02-14 08:16:31] [Epoch    74/  200] trn/loss 6.637e-01, trn/lr 7.022e-03, val/acc 5.902e-01, val/nll 1.624e+00
[2023-02-14 08:16:38] [Epoch    75/  200] trn/loss 6.540e-01, trn/lr 6.950e-03, val/acc 5.985e-01, val/nll 1.575e+00
[2023-02-14 08:16:45] [Epoch    76/  200] trn/loss 6.391e-01, trn/lr 6.877e-03, val/acc 5.980e-01, val/nll 1.603e+00
[2023-02-14 08:16:53] [Epoch    77/  200] trn/loss 6.292e-01, trn/lr 6.804e-03, val/acc 5.920e-01, val/nll 1.638e+00
[2023-02-14 08:17:01] [Epoch    78/  200] trn/loss 6.109e-01, trn/lr 6.731e-03, val/acc 6.011e-01, val/nll 1.584e+00 (best_acc: 5.992e-01 -> 6.011e-01, test_acc: 6.080e-01, test_nll: 1.591e+00)
[2023-02-14 08:17:08] [Epoch    79/  200] trn/loss 5.998e-01, trn/lr 6.657e-03, val/acc 5.949e-01, val/nll 1.637e+00
[2023-02-14 08:17:15] [Epoch    80/  200] trn/loss 5.885e-01, trn/lr 6.583e-03, val/acc 5.970e-01, val/nll 1.593e+00
[2023-02-14 08:17:22] [Epoch    81/  200] trn/loss 5.744e-01, trn/lr 6.508e-03, val/acc 5.967e-01, val/nll 1.651e+00
[2023-02-14 08:17:29] [Epoch    82/  200] trn/loss 5.635e-01, trn/lr 6.433e-03, val/acc 5.959e-01, val/nll 1.635e+00
[2023-02-14 08:17:37] [Epoch    83/  200] trn/loss 5.546e-01, trn/lr 6.357e-03, val/acc 6.119e-01, val/nll 1.540e+00 (best_acc: 6.011e-01 -> 6.119e-01, test_acc: 6.093e-01, test_nll: 1.539e+00)
[2023-02-14 08:17:44] [Epoch    84/  200] trn/loss 5.350e-01, trn/lr 6.282e-03, val/acc 6.073e-01, val/nll 1.559e+00
[2023-02-14 08:17:51] [Epoch    85/  200] trn/loss 5.322e-01, trn/lr 6.206e-03, val/acc 6.008e-01, val/nll 1.630e+00
[2023-02-14 08:17:59] [Epoch    86/  200] trn/loss 5.180e-01, trn/lr 6.129e-03, val/acc 5.980e-01, val/nll 1.622e+00
[2023-02-14 08:18:06] [Epoch    87/  200] trn/loss 5.023e-01, trn/lr 6.053e-03, val/acc 6.054e-01, val/nll 1.601e+00
[2023-02-14 08:18:13] [Epoch    88/  200] trn/loss 4.994e-01, trn/lr 5.976e-03, val/acc 6.113e-01, val/nll 1.600e+00
[2023-02-14 08:18:21] [Epoch    89/  200] trn/loss 4.896e-01, trn/lr 5.899e-03, val/acc 6.122e-01, val/nll 1.569e+00 (best_acc: 6.119e-01 -> 6.122e-01, test_acc: 6.132e-01, test_nll: 1.567e+00)
[2023-02-14 08:18:28] [Epoch    90/  200] trn/loss 4.770e-01, trn/lr 5.821e-03, val/acc 6.025e-01, val/nll 1.611e+00
[2023-02-14 08:18:35] [Epoch    91/  200] trn/loss 4.670e-01, trn/lr 5.744e-03, val/acc 6.074e-01, val/nll 1.612e+00
[2023-02-14 08:18:43] [Epoch    92/  200] trn/loss 4.584e-01, trn/lr 5.666e-03, val/acc 6.156e-01, val/nll 1.588e+00 (best_acc: 6.122e-01 -> 6.156e-01, test_acc: 6.152e-01, test_nll: 1.577e+00)
[2023-02-14 08:18:50] [Epoch    93/  200] trn/loss 4.509e-01, trn/lr 5.588e-03, val/acc 6.103e-01, val/nll 1.606e+00
[2023-02-14 08:18:58] [Epoch    94/  200] trn/loss 4.405e-01, trn/lr 5.510e-03, val/acc 6.125e-01, val/nll 1.596e+00
[2023-02-14 08:19:05] [Epoch    95/  200] trn/loss 4.246e-01, trn/lr 5.432e-03, val/acc 6.064e-01, val/nll 1.609e+00
[2023-02-14 08:19:12] [Epoch    96/  200] trn/loss 4.218e-01, trn/lr 5.353e-03, val/acc 6.140e-01, val/nll 1.607e+00
[2023-02-14 08:19:20] [Epoch    97/  200] trn/loss 4.167e-01, trn/lr 5.275e-03, val/acc 6.157e-01, val/nll 1.610e+00 (best_acc: 6.156e-01 -> 6.157e-01, test_acc: 6.119e-01, test_nll: 1.606e+00)
[2023-02-14 08:19:27] [Epoch    98/  200] trn/loss 4.068e-01, trn/lr 5.197e-03, val/acc 6.082e-01, val/nll 1.630e+00
[2023-02-14 08:19:34] [Epoch    99/  200] trn/loss 3.940e-01, trn/lr 5.118e-03, val/acc 6.054e-01, val/nll 1.658e+00
[2023-02-14 08:19:42] [Epoch   100/  200] trn/loss 3.899e-01, trn/lr 5.040e-03, val/acc 6.158e-01, val/nll 1.595e+00 (best_acc: 6.157e-01 -> 6.158e-01, test_acc: 6.210e-01, test_nll: 1.595e+00)
[2023-02-14 08:19:50] [Epoch   101/  200] trn/loss 3.810e-01, trn/lr 4.961e-03, val/acc 6.199e-01, val/nll 1.584e+00 (best_acc: 6.158e-01 -> 6.199e-01, test_acc: 6.117e-01, test_nll: 1.602e+00)
[2023-02-14 08:19:57] [Epoch   102/  200] trn/loss 3.745e-01, trn/lr 4.882e-03, val/acc 6.072e-01, val/nll 1.648e+00
[2023-02-14 08:20:04] [Epoch   103/  200] trn/loss 3.664e-01, trn/lr 4.804e-03, val/acc 6.174e-01, val/nll 1.598e+00
[2023-02-14 08:20:12] [Epoch   104/  200] trn/loss 3.602e-01, trn/lr 4.725e-03, val/acc 6.189e-01, val/nll 1.584e+00
[2023-02-14 08:20:19] [Epoch   105/  200] trn/loss 3.552e-01, trn/lr 4.647e-03, val/acc 6.191e-01, val/nll 1.586e+00
[2023-02-14 08:20:27] [Epoch   106/  200] trn/loss 3.438e-01, trn/lr 4.569e-03, val/acc 6.217e-01, val/nll 1.594e+00 (best_acc: 6.199e-01 -> 6.217e-01, test_acc: 6.207e-01, test_nll: 1.597e+00)
[2023-02-14 08:20:34] [Epoch   107/  200] trn/loss 3.364e-01, trn/lr 4.491e-03, val/acc 6.170e-01, val/nll 1.619e+00
[2023-02-14 08:20:41] [Epoch   108/  200] trn/loss 3.282e-01, trn/lr 4.413e-03, val/acc 6.167e-01, val/nll 1.597e+00
[2023-02-14 08:20:49] [Epoch   109/  200] trn/loss 3.276e-01, trn/lr 4.335e-03, val/acc 6.219e-01, val/nll 1.590e+00 (best_acc: 6.217e-01 -> 6.219e-01, test_acc: 6.196e-01, test_nll: 1.603e+00)
[2023-02-14 08:20:56] [Epoch   110/  200] trn/loss 3.161e-01, trn/lr 4.257e-03, val/acc 6.213e-01, val/nll 1.594e+00
[2023-02-14 08:21:03] [Epoch   111/  200] trn/loss 3.126e-01, trn/lr 4.179e-03, val/acc 6.215e-01, val/nll 1.609e+00
[2023-02-14 08:21:10] [Epoch   112/  200] trn/loss 3.095e-01, trn/lr 4.102e-03, val/acc 6.195e-01, val/nll 1.606e+00
[2023-02-14 08:21:18] [Epoch   113/  200] trn/loss 3.027e-01, trn/lr 4.025e-03, val/acc 6.176e-01, val/nll 1.616e+00
[2023-02-14 08:21:25] [Epoch   114/  200] trn/loss 2.979e-01, trn/lr 3.948e-03, val/acc 6.176e-01, val/nll 1.634e+00
[2023-02-14 08:21:32] [Epoch   115/  200] trn/loss 2.890e-01, trn/lr 3.871e-03, val/acc 6.211e-01, val/nll 1.629e+00
[2023-02-14 08:21:39] [Epoch   116/  200] trn/loss 2.888e-01, trn/lr 3.795e-03, val/acc 6.184e-01, val/nll 1.613e+00
[2023-02-14 08:21:47] [Epoch   117/  200] trn/loss 2.844e-01, trn/lr 3.719e-03, val/acc 6.223e-01, val/nll 1.612e+00 (best_acc: 6.219e-01 -> 6.223e-01, test_acc: 6.183e-01, test_nll: 1.625e+00)
[2023-02-14 08:21:54] [Epoch   118/  200] trn/loss 2.752e-01, trn/lr 3.643e-03, val/acc 6.185e-01, val/nll 1.619e+00
[2023-02-14 08:22:01] [Epoch   119/  200] trn/loss 2.711e-01, trn/lr 3.568e-03, val/acc 6.211e-01, val/nll 1.646e+00
[2023-02-14 08:22:09] [Epoch   120/  200] trn/loss 2.660e-01, trn/lr 3.493e-03, val/acc 6.134e-01, val/nll 1.650e+00
[2023-02-14 08:22:16] [Epoch   121/  200] trn/loss 2.622e-01, trn/lr 3.418e-03, val/acc 6.192e-01, val/nll 1.624e+00
[2023-02-14 08:22:23] [Epoch   122/  200] trn/loss 2.591e-01, trn/lr 3.344e-03, val/acc 6.222e-01, val/nll 1.619e+00
[2023-02-14 08:22:31] [Epoch   123/  200] trn/loss 2.573e-01, trn/lr 3.270e-03, val/acc 6.262e-01, val/nll 1.601e+00 (best_acc: 6.223e-01 -> 6.262e-01, test_acc: 6.212e-01, test_nll: 1.611e+00)
[2023-02-14 08:22:38] [Epoch   124/  200] trn/loss 2.479e-01, trn/lr 3.196e-03, val/acc 6.259e-01, val/nll 1.606e+00
[2023-02-14 08:22:46] [Epoch   125/  200] trn/loss 2.443e-01, trn/lr 3.123e-03, val/acc 6.296e-01, val/nll 1.606e+00 (best_acc: 6.262e-01 -> 6.296e-01, test_acc: 6.222e-01, test_nll: 1.617e+00)
[2023-02-14 08:22:53] [Epoch   126/  200] trn/loss 2.403e-01, trn/lr 3.051e-03, val/acc 6.241e-01, val/nll 1.616e+00
[2023-02-14 08:23:00] [Epoch   127/  200] trn/loss 2.365e-01, trn/lr 2.979e-03, val/acc 6.237e-01, val/nll 1.634e+00
[2023-02-14 08:23:07] [Epoch   128/  200] trn/loss 2.358e-01, trn/lr 2.907e-03, val/acc 6.248e-01, val/nll 1.622e+00
[2023-02-14 08:23:15] [Epoch   129/  200] trn/loss 2.325e-01, trn/lr 2.836e-03, val/acc 6.259e-01, val/nll 1.618e+00
[2023-02-14 08:23:22] [Epoch   130/  200] trn/loss 2.290e-01, trn/lr 2.765e-03, val/acc 6.258e-01, val/nll 1.635e+00
[2023-02-14 08:23:29] [Epoch   131/  200] trn/loss 2.241e-01, trn/lr 2.695e-03, val/acc 6.213e-01, val/nll 1.630e+00
[2023-02-14 08:23:36] [Epoch   132/  200] trn/loss 2.228e-01, trn/lr 2.626e-03, val/acc 6.256e-01, val/nll 1.631e+00
[2023-02-14 08:23:44] [Epoch   133/  200] trn/loss 2.197e-01, trn/lr 2.557e-03, val/acc 6.324e-01, val/nll 1.612e+00 (best_acc: 6.296e-01 -> 6.324e-01, test_acc: 6.243e-01, test_nll: 1.617e+00)
[2023-02-14 08:23:51] [Epoch   134/  200] trn/loss 2.150e-01, trn/lr 2.489e-03, val/acc 6.290e-01, val/nll 1.610e+00
[2023-02-14 08:23:58] [Epoch   135/  200] trn/loss 2.154e-01, trn/lr 2.421e-03, val/acc 6.284e-01, val/nll 1.630e+00
[2023-02-14 08:24:06] [Epoch   136/  200] trn/loss 2.101e-01, trn/lr 2.354e-03, val/acc 6.270e-01, val/nll 1.627e+00
[2023-02-14 08:24:13] [Epoch   137/  200] trn/loss 2.070e-01, trn/lr 2.288e-03, val/acc 6.316e-01, val/nll 1.606e+00
[2023-02-14 08:24:20] [Epoch   138/  200] trn/loss 2.056e-01, trn/lr 2.222e-03, val/acc 6.294e-01, val/nll 1.629e+00
[2023-02-14 08:24:27] [Epoch   139/  200] trn/loss 2.024e-01, trn/lr 2.157e-03, val/acc 6.296e-01, val/nll 1.611e+00
[2023-02-14 08:24:35] [Epoch   140/  200] trn/loss 1.997e-01, trn/lr 2.093e-03, val/acc 6.329e-01, val/nll 1.616e+00 (best_acc: 6.324e-01 -> 6.329e-01, test_acc: 6.274e-01, test_nll: 1.621e+00)
[2023-02-14 08:24:42] [Epoch   141/  200] trn/loss 1.946e-01, trn/lr 2.030e-03, val/acc 6.293e-01, val/nll 1.622e+00
[2023-02-14 08:24:49] [Epoch   142/  200] trn/loss 1.943e-01, trn/lr 1.967e-03, val/acc 6.299e-01, val/nll 1.608e+00
[2023-02-14 08:24:57] [Epoch   143/  200] trn/loss 1.917e-01, trn/lr 1.905e-03, val/acc 6.337e-01, val/nll 1.608e+00 (best_acc: 6.329e-01 -> 6.337e-01, test_acc: 6.300e-01, test_nll: 1.613e+00)
[2023-02-14 08:25:04] [Epoch   144/  200] trn/loss 1.882e-01, trn/lr 1.843e-03, val/acc 6.305e-01, val/nll 1.621e+00
[2023-02-14 08:25:12] [Epoch   145/  200] trn/loss 1.900e-01, trn/lr 1.783e-03, val/acc 6.275e-01, val/nll 1.624e+00
[2023-02-14 08:25:19] [Epoch   146/  200] trn/loss 1.856e-01, trn/lr 1.723e-03, val/acc 6.289e-01, val/nll 1.632e+00
[2023-02-14 08:25:26] [Epoch   147/  200] trn/loss 1.849e-01, trn/lr 1.664e-03, val/acc 6.312e-01, val/nll 1.614e+00
[2023-02-14 08:25:33] [Epoch   148/  200] trn/loss 1.841e-01, trn/lr 1.606e-03, val/acc 6.310e-01, val/nll 1.622e+00
[2023-02-14 08:25:40] [Epoch   149/  200] trn/loss 1.820e-01, trn/lr 1.549e-03, val/acc 6.306e-01, val/nll 1.619e+00
[2023-02-14 08:25:47] [Epoch   150/  200] trn/loss 1.772e-01, trn/lr 1.493e-03, val/acc 6.317e-01, val/nll 1.608e+00
[2023-02-14 08:25:55] [Epoch   151/  200] trn/loss 1.740e-01, trn/lr 1.437e-03, val/acc 6.313e-01, val/nll 1.620e+00
[2023-02-14 08:26:03] [Epoch   152/  200] trn/loss 1.749e-01, trn/lr 1.382e-03, val/acc 6.345e-01, val/nll 1.607e+00 (best_acc: 6.337e-01 -> 6.345e-01, test_acc: 6.321e-01, test_nll: 1.621e+00)
[2023-02-14 08:26:10] [Epoch   153/  200] trn/loss 1.710e-01, trn/lr 1.329e-03, val/acc 6.338e-01, val/nll 1.616e+00
[2023-02-14 08:26:18] [Epoch   154/  200] trn/loss 1.719e-01, trn/lr 1.276e-03, val/acc 6.350e-01, val/nll 1.623e+00 (best_acc: 6.345e-01 -> 6.350e-01, test_acc: 6.260e-01, test_nll: 1.632e+00)
[2023-02-14 08:26:25] [Epoch   155/  200] trn/loss 1.694e-01, trn/lr 1.224e-03, val/acc 6.323e-01, val/nll 1.624e+00
[2023-02-14 08:26:32] [Epoch   156/  200] trn/loss 1.717e-01, trn/lr 1.173e-03, val/acc 6.350e-01, val/nll 1.610e+00
[2023-02-14 08:26:39] [Epoch   157/  200] trn/loss 1.691e-01, trn/lr 1.123e-03, val/acc 6.341e-01, val/nll 1.615e+00
[2023-02-14 08:26:47] [Epoch   158/  200] trn/loss 1.673e-01, trn/lr 1.074e-03, val/acc 6.363e-01, val/nll 1.607e+00 (best_acc: 6.350e-01 -> 6.363e-01, test_acc: 6.285e-01, test_nll: 1.619e+00)
[2023-02-14 08:26:54] [Epoch   159/  200] trn/loss 1.643e-01, trn/lr 1.025e-03, val/acc 6.320e-01, val/nll 1.611e+00
[2023-02-14 08:27:01] [Epoch   160/  200] trn/loss 1.634e-01, trn/lr 9.783e-04, val/acc 6.309e-01, val/nll 1.617e+00
[2023-02-14 08:27:09] [Epoch   161/  200] trn/loss 1.630e-01, trn/lr 9.321e-04, val/acc 6.355e-01, val/nll 1.625e+00
[2023-02-14 08:27:16] [Epoch   162/  200] trn/loss 1.616e-01, trn/lr 8.870e-04, val/acc 6.363e-01, val/nll 1.612e+00
[2023-02-14 08:27:24] [Epoch   163/  200] trn/loss 1.621e-01, trn/lr 8.428e-04, val/acc 6.373e-01, val/nll 1.609e+00 (best_acc: 6.363e-01 -> 6.373e-01, test_acc: 6.268e-01, test_nll: 1.628e+00)
[2023-02-14 08:27:31] [Epoch   164/  200] trn/loss 1.607e-01, trn/lr 7.997e-04, val/acc 6.341e-01, val/nll 1.621e+00
[2023-02-14 08:27:38] [Epoch   165/  200] trn/loss 1.608e-01, trn/lr 7.576e-04, val/acc 6.345e-01, val/nll 1.616e+00
[2023-02-14 08:27:45] [Epoch   166/  200] trn/loss 1.550e-01, trn/lr 7.166e-04, val/acc 6.355e-01, val/nll 1.613e+00
[2023-02-14 08:27:52] [Epoch   167/  200] trn/loss 1.528e-01, trn/lr 6.766e-04, val/acc 6.347e-01, val/nll 1.613e+00
[2023-02-14 08:27:59] [Epoch   168/  200] trn/loss 1.586e-01, trn/lr 6.377e-04, val/acc 6.334e-01, val/nll 1.613e+00
[2023-02-14 08:28:07] [Epoch   169/  200] trn/loss 1.557e-01, trn/lr 5.998e-04, val/acc 6.334e-01, val/nll 1.615e+00
[2023-02-14 08:28:14] [Epoch   170/  200] trn/loss 1.539e-01, trn/lr 5.631e-04, val/acc 6.355e-01, val/nll 1.618e+00
[2023-02-14 08:28:21] [Epoch   171/  200] trn/loss 1.525e-01, trn/lr 5.274e-04, val/acc 6.323e-01, val/nll 1.620e+00
[2023-02-14 08:28:28] [Epoch   172/  200] trn/loss 1.534e-01, trn/lr 4.929e-04, val/acc 6.344e-01, val/nll 1.616e+00
[2023-02-14 08:28:35] [Epoch   173/  200] trn/loss 1.544e-01, trn/lr 4.594e-04, val/acc 6.354e-01, val/nll 1.615e+00
[2023-02-14 08:28:43] [Epoch   174/  200] trn/loss 1.505e-01, trn/lr 4.271e-04, val/acc 6.348e-01, val/nll 1.621e+00
[2023-02-14 08:28:51] [Epoch   175/  200] trn/loss 1.521e-01, trn/lr 3.959e-04, val/acc 6.377e-01, val/nll 1.614e+00 (best_acc: 6.373e-01 -> 6.377e-01, test_acc: 6.296e-01, test_nll: 1.627e+00)
[2023-02-14 08:28:58] [Epoch   176/  200] trn/loss 1.509e-01, trn/lr 3.659e-04, val/acc 6.363e-01, val/nll 1.620e+00
[2023-02-14 08:29:05] [Epoch   177/  200] trn/loss 1.513e-01, trn/lr 3.369e-04, val/acc 6.356e-01, val/nll 1.618e+00
[2023-02-14 08:29:12] [Epoch   178/  200] trn/loss 1.500e-01, trn/lr 3.092e-04, val/acc 6.355e-01, val/nll 1.615e+00
[2023-02-14 08:29:19] [Epoch   179/  200] trn/loss 1.493e-01, trn/lr 2.826e-04, val/acc 6.360e-01, val/nll 1.616e+00
[2023-02-14 08:29:27] [Epoch   180/  200] trn/loss 1.486e-01, trn/lr 2.571e-04, val/acc 6.352e-01, val/nll 1.615e+00
[2023-02-14 08:29:34] [Epoch   181/  200] trn/loss 1.485e-01, trn/lr 2.329e-04, val/acc 6.354e-01, val/nll 1.615e+00
[2023-02-14 08:29:41] [Epoch   182/  200] trn/loss 1.493e-01, trn/lr 2.098e-04, val/acc 6.344e-01, val/nll 1.614e+00
[2023-02-14 08:29:48] [Epoch   183/  200] trn/loss 1.472e-01, trn/lr 1.878e-04, val/acc 6.351e-01, val/nll 1.615e+00
[2023-02-14 08:29:55] [Epoch   184/  200] trn/loss 1.446e-01, trn/lr 1.671e-04, val/acc 6.348e-01, val/nll 1.616e+00
[2023-02-14 08:30:02] [Epoch   185/  200] trn/loss 1.469e-01, trn/lr 1.476e-04, val/acc 6.360e-01, val/nll 1.615e+00
[2023-02-14 08:30:10] [Epoch   186/  200] trn/loss 1.454e-01, trn/lr 1.292e-04, val/acc 6.381e-01, val/nll 1.612e+00 (best_acc: 6.377e-01 -> 6.381e-01, test_acc: 6.325e-01, test_nll: 1.627e+00)
[2023-02-14 08:30:18] [Epoch   187/  200] trn/loss 1.490e-01, trn/lr 1.121e-04, val/acc 6.360e-01, val/nll 1.615e+00
[2023-02-14 08:30:25] [Epoch   188/  200] trn/loss 1.487e-01, trn/lr 9.617e-05, val/acc 6.363e-01, val/nll 1.615e+00
[2023-02-14 08:30:32] [Epoch   189/  200] trn/loss 1.471e-01, trn/lr 8.145e-05, val/acc 6.358e-01, val/nll 1.611e+00
[2023-02-14 08:30:39] [Epoch   190/  200] trn/loss 1.472e-01, trn/lr 6.794e-05, val/acc 6.374e-01, val/nll 1.615e+00
[2023-02-14 08:30:46] [Epoch   191/  200] trn/loss 1.438e-01, trn/lr 5.565e-05, val/acc 6.351e-01, val/nll 1.616e+00
[2023-02-14 08:30:53] [Epoch   192/  200] trn/loss 1.484e-01, trn/lr 4.458e-05, val/acc 6.368e-01, val/nll 1.614e+00
[2023-02-14 08:31:01] [Epoch   193/  200] trn/loss 1.442e-01, trn/lr 3.474e-05, val/acc 6.352e-01, val/nll 1.614e+00
[2023-02-14 08:31:08] [Epoch   194/  200] trn/loss 1.466e-01, trn/lr 2.612e-05, val/acc 6.364e-01, val/nll 1.616e+00
[2023-02-14 08:31:15] [Epoch   195/  200] trn/loss 1.471e-01, trn/lr 1.872e-05, val/acc 6.357e-01, val/nll 1.613e+00
[2023-02-14 08:31:22] [Epoch   196/  200] trn/loss 1.459e-01, trn/lr 1.255e-05, val/acc 6.358e-01, val/nll 1.615e+00
[2023-02-14 08:31:29] [Epoch   197/  200] trn/loss 1.443e-01, trn/lr 7.619e-06, val/acc 6.353e-01, val/nll 1.616e+00
[2023-02-14 08:31:36] [Epoch   198/  200] trn/loss 1.473e-01, trn/lr 3.916e-06, val/acc 6.355e-01, val/nll 1.614e+00
[2023-02-14 08:31:43] [Epoch   199/  200] trn/loss 1.455e-01, trn/lr 1.445e-06, val/acc 6.355e-01, val/nll 1.614e+00
[2023-02-14 08:31:51] [Epoch   200/  200] trn/loss 1.461e-01, trn/lr 2.075e-07, val/acc 6.344e-01, val/nll 1.616e+00
