[2023-02-04 16:58:05] Environments:
------------  -------------------------------------------------------------------------------
sys.platform  linux
Python        3.10.8 (main, Nov 24 2022, 14:13:03) [GCC 11.2.0]
JAX           0.4.1 @/mnt/home/giung/.conda/envs/jax-siml/lib/python3.10/site-packages/jax
jaxlib        0.4.1 @/mnt/home/giung/.conda/envs/jax-siml/lib/python3.10/site-packages/jaxlib
Flax          0.6.3 @/mnt/home/giung/.conda/envs/jax-siml/lib/python3.10/site-packages/flax
Optax         0.1.4 @/mnt/home/giung/.conda/envs/jax-siml/lib/python3.10/site-packages/optax
------------  -------------------------------------------------------------------------------

[2023-02-04 16:58:05] Command line arguments:
- args.data_root          : ./data/
- args.data_name          : CIFAR100_x32
- args.data_augmentation  : standard
- args.data_proportional  : 1.0
- args.model_depth        : 56
- args.model_width        : 1
- args.model_style        : BN-ReLU
- args.optim_bs           : 256
- args.optim_ne           : 500
- args.optim_lr           : 0.03
- args.optim_momentum     : 0.7
- args.optim_weight_decay : 0.0003
- args.save               : /mnt/home/giung/giung2-dev/projects/residual-networks/save/CIFAR100_x32/R56-BN-ReLU/bs-0256_ne-0500_lr-0.03_mo-0.70_wd-0.0003_fp32/42
- args.seed               : 42
- args.precision          : fp32

[2023-02-04 16:58:43] [Epoch     1/  500] trn/loss 4.608e+00, trn/lr 3.000e-02, val/acc 4.447e-02, val/nll 4.379e+00 (best_acc: 0.000e+00 -> 4.447e-02, test_acc: 4.700e-02, test_nll: 4.372e+00)
[2023-02-04 16:58:49] [Epoch     2/  500] trn/loss 4.126e+00, trn/lr 3.000e-02, val/acc 8.805e-02, val/nll 3.985e+00 (best_acc: 4.447e-02 -> 8.805e-02, test_acc: 8.850e-02, test_nll: 3.971e+00)
[2023-02-04 16:58:55] [Epoch     3/  500] trn/loss 3.853e+00, trn/lr 3.000e-02, val/acc 1.023e-01, val/nll 3.832e+00 (best_acc: 8.805e-02 -> 1.023e-01, test_acc: 1.145e-01, test_nll: 3.799e+00)
[2023-02-04 16:59:00] [Epoch     4/  500] trn/loss 3.667e+00, trn/lr 3.000e-02, val/acc 1.431e-01, val/nll 3.625e+00 (best_acc: 1.023e-01 -> 1.431e-01, test_acc: 1.501e-01, test_nll: 3.594e+00)
[2023-02-04 16:59:06] [Epoch     5/  500] trn/loss 3.505e+00, trn/lr 2.999e-02, val/acc 1.507e-01, val/nll 3.575e+00 (best_acc: 1.431e-01 -> 1.507e-01, test_acc: 1.597e-01, test_nll: 3.543e+00)
[2023-02-04 16:59:11] [Epoch     6/  500] trn/loss 3.371e+00, trn/lr 2.999e-02, val/acc 1.762e-01, val/nll 3.417e+00 (best_acc: 1.507e-01 -> 1.762e-01, test_acc: 1.815e-01, test_nll: 3.375e+00)
[2023-02-04 16:59:17] [Epoch     7/  500] trn/loss 3.242e+00, trn/lr 2.999e-02, val/acc 2.010e-01, val/nll 3.337e+00 (best_acc: 1.762e-01 -> 2.010e-01, test_acc: 2.063e-01, test_nll: 3.289e+00)
[2023-02-04 16:59:22] [Epoch     8/  500] trn/loss 3.128e+00, trn/lr 2.998e-02, val/acc 1.812e-01, val/nll 3.455e+00
[2023-02-04 16:59:27] [Epoch     9/  500] trn/loss 3.024e+00, trn/lr 2.998e-02, val/acc 2.242e-01, val/nll 3.124e+00 (best_acc: 2.010e-01 -> 2.242e-01, test_acc: 2.367e-01, test_nll: 3.073e+00)
[2023-02-04 16:59:33] [Epoch    10/  500] trn/loss 2.919e+00, trn/lr 2.997e-02, val/acc 2.608e-01, val/nll 2.956e+00 (best_acc: 2.242e-01 -> 2.608e-01, test_acc: 2.722e-01, test_nll: 2.907e+00)
[2023-02-04 16:59:39] [Epoch    11/  500] trn/loss 2.832e+00, trn/lr 2.997e-02, val/acc 2.738e-01, val/nll 2.929e+00 (best_acc: 2.608e-01 -> 2.738e-01, test_acc: 2.745e-01, test_nll: 2.881e+00)
[2023-02-04 16:59:44] [Epoch    12/  500] trn/loss 2.720e+00, trn/lr 2.996e-02, val/acc 2.811e-01, val/nll 2.895e+00 (best_acc: 2.738e-01 -> 2.811e-01, test_acc: 2.858e-01, test_nll: 2.820e+00)
[2023-02-04 16:59:50] [Epoch    13/  500] trn/loss 2.634e+00, trn/lr 2.995e-02, val/acc 2.963e-01, val/nll 2.821e+00 (best_acc: 2.811e-01 -> 2.963e-01, test_acc: 3.029e-01, test_nll: 2.779e+00)
[2023-02-04 16:59:55] [Epoch    14/  500] trn/loss 2.543e+00, trn/lr 2.995e-02, val/acc 3.263e-01, val/nll 2.681e+00 (best_acc: 2.963e-01 -> 3.263e-01, test_acc: 3.309e-01, test_nll: 2.644e+00)
[2023-02-04 17:00:00] [Epoch    15/  500] trn/loss 2.460e+00, trn/lr 2.994e-02, val/acc 3.082e-01, val/nll 2.760e+00
[2023-02-04 17:00:05] [Epoch    16/  500] trn/loss 2.379e+00, trn/lr 2.993e-02, val/acc 2.997e-01, val/nll 2.818e+00
[2023-02-04 17:00:11] [Epoch    17/  500] trn/loss 2.314e+00, trn/lr 2.992e-02, val/acc 3.612e-01, val/nll 2.470e+00 (best_acc: 3.263e-01 -> 3.612e-01, test_acc: 3.749e-01, test_nll: 2.427e+00)
[2023-02-04 17:00:16] [Epoch    18/  500] trn/loss 2.236e+00, trn/lr 2.991e-02, val/acc 3.240e-01, val/nll 2.637e+00
[2023-02-04 17:00:21] [Epoch    19/  500] trn/loss 2.183e+00, trn/lr 2.990e-02, val/acc 3.494e-01, val/nll 2.568e+00
[2023-02-04 17:00:27] [Epoch    20/  500] trn/loss 2.121e+00, trn/lr 2.989e-02, val/acc 3.632e-01, val/nll 2.485e+00 (best_acc: 3.612e-01 -> 3.632e-01, test_acc: 3.791e-01, test_nll: 2.434e+00)
[2023-02-04 17:00:32] [Epoch    21/  500] trn/loss 2.063e+00, trn/lr 2.988e-02, val/acc 3.456e-01, val/nll 2.606e+00
[2023-02-04 17:00:38] [Epoch    22/  500] trn/loss 2.008e+00, trn/lr 2.986e-02, val/acc 3.979e-01, val/nll 2.325e+00 (best_acc: 3.632e-01 -> 3.979e-01, test_acc: 4.092e-01, test_nll: 2.289e+00)
[2023-02-04 17:00:43] [Epoch    23/  500] trn/loss 1.963e+00, trn/lr 2.985e-02, val/acc 3.936e-01, val/nll 2.358e+00
[2023-02-04 17:00:48] [Epoch    24/  500] trn/loss 1.914e+00, trn/lr 2.984e-02, val/acc 3.934e-01, val/nll 2.437e+00
[2023-02-04 17:00:53] [Epoch    25/  500] trn/loss 1.874e+00, trn/lr 2.982e-02, val/acc 4.139e-01, val/nll 2.248e+00 (best_acc: 3.979e-01 -> 4.139e-01, test_acc: 4.194e-01, test_nll: 2.206e+00)
[2023-02-04 17:00:59] [Epoch    26/  500] trn/loss 1.831e+00, trn/lr 2.981e-02, val/acc 4.200e-01, val/nll 2.251e+00 (best_acc: 4.139e-01 -> 4.200e-01, test_acc: 4.335e-01, test_nll: 2.221e+00)
[2023-02-04 17:01:05] [Epoch    27/  500] trn/loss 1.786e+00, trn/lr 2.979e-02, val/acc 4.218e-01, val/nll 2.253e+00 (best_acc: 4.200e-01 -> 4.218e-01, test_acc: 4.299e-01, test_nll: 2.198e+00)
[2023-02-04 17:01:10] [Epoch    28/  500] trn/loss 1.757e+00, trn/lr 2.978e-02, val/acc 4.191e-01, val/nll 2.262e+00
[2023-02-04 17:01:15] [Epoch    29/  500] trn/loss 1.719e+00, trn/lr 2.976e-02, val/acc 4.397e-01, val/nll 2.154e+00 (best_acc: 4.218e-01 -> 4.397e-01, test_acc: 4.431e-01, test_nll: 2.148e+00)
[2023-02-04 17:01:20] [Epoch    30/  500] trn/loss 1.686e+00, trn/lr 2.974e-02, val/acc 4.360e-01, val/nll 2.170e+00
[2023-02-04 17:01:26] [Epoch    31/  500] trn/loss 1.651e+00, trn/lr 2.973e-02, val/acc 4.367e-01, val/nll 2.176e+00
[2023-02-04 17:01:31] [Epoch    32/  500] trn/loss 1.620e+00, trn/lr 2.971e-02, val/acc 4.440e-01, val/nll 2.171e+00 (best_acc: 4.397e-01 -> 4.440e-01, test_acc: 4.406e-01, test_nll: 2.151e+00)
[2023-02-04 17:01:37] [Epoch    33/  500] trn/loss 1.582e+00, trn/lr 2.969e-02, val/acc 4.687e-01, val/nll 2.064e+00 (best_acc: 4.440e-01 -> 4.687e-01, test_acc: 4.790e-01, test_nll: 2.020e+00)
[2023-02-04 17:01:42] [Epoch    34/  500] trn/loss 1.565e+00, trn/lr 2.967e-02, val/acc 4.329e-01, val/nll 2.257e+00
[2023-02-04 17:01:47] [Epoch    35/  500] trn/loss 1.527e+00, trn/lr 2.965e-02, val/acc 4.694e-01, val/nll 2.060e+00 (best_acc: 4.687e-01 -> 4.694e-01, test_acc: 4.681e-01, test_nll: 2.028e+00)
[2023-02-04 17:01:53] [Epoch    36/  500] trn/loss 1.494e+00, trn/lr 2.963e-02, val/acc 4.227e-01, val/nll 2.376e+00
[2023-02-04 17:01:58] [Epoch    37/  500] trn/loss 1.479e+00, trn/lr 2.961e-02, val/acc 4.577e-01, val/nll 2.095e+00
[2023-02-04 17:02:03] [Epoch    38/  500] trn/loss 1.441e+00, trn/lr 2.959e-02, val/acc 4.789e-01, val/nll 2.024e+00 (best_acc: 4.694e-01 -> 4.789e-01, test_acc: 4.809e-01, test_nll: 1.981e+00)
[2023-02-04 17:02:09] [Epoch    39/  500] trn/loss 1.422e+00, trn/lr 2.956e-02, val/acc 4.271e-01, val/nll 2.425e+00
[2023-02-04 17:02:14] [Epoch    40/  500] trn/loss 1.404e+00, trn/lr 2.954e-02, val/acc 4.652e-01, val/nll 2.102e+00
[2023-02-04 17:02:19] [Epoch    41/  500] trn/loss 1.372e+00, trn/lr 2.952e-02, val/acc 4.653e-01, val/nll 2.111e+00
[2023-02-04 17:02:24] [Epoch    42/  500] trn/loss 1.349e+00, trn/lr 2.949e-02, val/acc 4.546e-01, val/nll 2.188e+00
[2023-02-04 17:02:30] [Epoch    43/  500] trn/loss 1.333e+00, trn/lr 2.947e-02, val/acc 4.845e-01, val/nll 2.043e+00 (best_acc: 4.789e-01 -> 4.845e-01, test_acc: 4.831e-01, test_nll: 2.031e+00)
[2023-02-04 17:02:35] [Epoch    44/  500] trn/loss 1.310e+00, trn/lr 2.944e-02, val/acc 4.602e-01, val/nll 2.194e+00
[2023-02-04 17:02:40] [Epoch    45/  500] trn/loss 1.285e+00, trn/lr 2.942e-02, val/acc 4.883e-01, val/nll 2.040e+00 (best_acc: 4.845e-01 -> 4.883e-01, test_acc: 4.935e-01, test_nll: 2.016e+00)
[2023-02-04 17:02:45] [Epoch    46/  500] trn/loss 1.264e+00, trn/lr 2.939e-02, val/acc 4.648e-01, val/nll 2.105e+00
[2023-02-04 17:02:51] [Epoch    47/  500] trn/loss 1.247e+00, trn/lr 2.936e-02, val/acc 4.971e-01, val/nll 1.925e+00 (best_acc: 4.883e-01 -> 4.971e-01, test_acc: 5.024e-01, test_nll: 1.924e+00)
[2023-02-04 17:02:56] [Epoch    48/  500] trn/loss 1.224e+00, trn/lr 2.934e-02, val/acc 4.847e-01, val/nll 2.014e+00
[2023-02-04 17:03:02] [Epoch    49/  500] trn/loss 1.204e+00, trn/lr 2.931e-02, val/acc 4.990e-01, val/nll 1.970e+00 (best_acc: 4.971e-01 -> 4.990e-01, test_acc: 5.043e-01, test_nll: 1.970e+00)
[2023-02-04 17:03:07] [Epoch    50/  500] trn/loss 1.183e+00, trn/lr 2.928e-02, val/acc 5.006e-01, val/nll 1.966e+00 (best_acc: 4.990e-01 -> 5.006e-01, test_acc: 4.999e-01, test_nll: 1.947e+00)
[2023-02-04 17:03:12] [Epoch    51/  500] trn/loss 1.170e+00, trn/lr 2.925e-02, val/acc 4.784e-01, val/nll 2.150e+00
[2023-02-04 17:03:18] [Epoch    52/  500] trn/loss 1.146e+00, trn/lr 2.922e-02, val/acc 5.073e-01, val/nll 1.997e+00 (best_acc: 5.006e-01 -> 5.073e-01, test_acc: 5.040e-01, test_nll: 1.991e+00)
[2023-02-04 17:03:23] [Epoch    53/  500] trn/loss 1.121e+00, trn/lr 2.919e-02, val/acc 4.962e-01, val/nll 2.041e+00
[2023-02-04 17:03:28] [Epoch    54/  500] trn/loss 1.111e+00, trn/lr 2.916e-02, val/acc 4.986e-01, val/nll 2.011e+00
[2023-02-04 17:03:34] [Epoch    55/  500] trn/loss 1.089e+00, trn/lr 2.913e-02, val/acc 4.925e-01, val/nll 2.065e+00
[2023-02-04 17:03:39] [Epoch    56/  500] trn/loss 1.080e+00, trn/lr 2.910e-02, val/acc 5.029e-01, val/nll 2.004e+00
[2023-02-04 17:03:44] [Epoch    57/  500] trn/loss 1.056e+00, trn/lr 2.906e-02, val/acc 5.011e-01, val/nll 2.034e+00
[2023-02-04 17:03:49] [Epoch    58/  500] trn/loss 1.047e+00, trn/lr 2.903e-02, val/acc 4.979e-01, val/nll 2.122e+00
[2023-02-04 17:03:54] [Epoch    59/  500] trn/loss 1.030e+00, trn/lr 2.900e-02, val/acc 4.993e-01, val/nll 2.083e+00
[2023-02-04 17:04:00] [Epoch    60/  500] trn/loss 1.017e+00, trn/lr 2.896e-02, val/acc 5.110e-01, val/nll 1.999e+00 (best_acc: 5.073e-01 -> 5.110e-01, test_acc: 5.110e-01, test_nll: 2.005e+00)
[2023-02-04 17:04:05] [Epoch    61/  500] trn/loss 1.002e+00, trn/lr 2.893e-02, val/acc 4.925e-01, val/nll 2.140e+00
[2023-02-04 17:04:10] [Epoch    62/  500] trn/loss 9.914e-01, trn/lr 2.889e-02, val/acc 5.067e-01, val/nll 2.025e+00
[2023-02-04 17:04:16] [Epoch    63/  500] trn/loss 9.710e-01, trn/lr 2.886e-02, val/acc 5.200e-01, val/nll 1.962e+00 (best_acc: 5.110e-01 -> 5.200e-01, test_acc: 5.236e-01, test_nll: 1.949e+00)
[2023-02-04 17:04:21] [Epoch    64/  500] trn/loss 9.685e-01, trn/lr 2.882e-02, val/acc 4.917e-01, val/nll 2.170e+00
[2023-02-04 17:04:26] [Epoch    65/  500] trn/loss 9.446e-01, trn/lr 2.879e-02, val/acc 4.912e-01, val/nll 2.168e+00
[2023-02-04 17:04:31] [Epoch    66/  500] trn/loss 9.271e-01, trn/lr 2.875e-02, val/acc 5.073e-01, val/nll 2.054e+00
[2023-02-04 17:04:36] [Epoch    67/  500] trn/loss 9.156e-01, trn/lr 2.871e-02, val/acc 4.958e-01, val/nll 2.152e+00
[2023-02-04 17:04:42] [Epoch    68/  500] trn/loss 9.013e-01, trn/lr 2.867e-02, val/acc 5.044e-01, val/nll 2.078e+00
[2023-02-04 17:04:47] [Epoch    69/  500] trn/loss 8.911e-01, trn/lr 2.863e-02, val/acc 5.194e-01, val/nll 2.070e+00
[2023-02-04 17:04:52] [Epoch    70/  500] trn/loss 8.783e-01, trn/lr 2.859e-02, val/acc 4.896e-01, val/nll 2.291e+00
[2023-02-04 17:04:58] [Epoch    71/  500] trn/loss 8.684e-01, trn/lr 2.855e-02, val/acc 5.281e-01, val/nll 1.996e+00 (best_acc: 5.200e-01 -> 5.281e-01, test_acc: 5.289e-01, test_nll: 1.981e+00)
[2023-02-04 17:05:03] [Epoch    72/  500] trn/loss 8.587e-01, trn/lr 2.851e-02, val/acc 4.940e-01, val/nll 2.195e+00
[2023-02-04 17:05:08] [Epoch    73/  500] trn/loss 8.427e-01, trn/lr 2.847e-02, val/acc 5.019e-01, val/nll 2.165e+00
[2023-02-04 17:05:13] [Epoch    74/  500] trn/loss 8.345e-01, trn/lr 2.843e-02, val/acc 4.879e-01, val/nll 2.292e+00
[2023-02-04 17:05:18] [Epoch    75/  500] trn/loss 8.250e-01, trn/lr 2.839e-02, val/acc 5.264e-01, val/nll 2.034e+00
[2023-02-04 17:05:23] [Epoch    76/  500] trn/loss 8.118e-01, trn/lr 2.834e-02, val/acc 5.191e-01, val/nll 2.119e+00
[2023-02-04 17:05:29] [Epoch    77/  500] trn/loss 7.881e-01, trn/lr 2.830e-02, val/acc 5.058e-01, val/nll 2.147e+00
[2023-02-04 17:05:34] [Epoch    78/  500] trn/loss 7.912e-01, trn/lr 2.826e-02, val/acc 4.945e-01, val/nll 2.149e+00
[2023-02-04 17:05:39] [Epoch    79/  500] trn/loss 7.735e-01, trn/lr 2.821e-02, val/acc 5.178e-01, val/nll 2.212e+00
[2023-02-04 17:05:44] [Epoch    80/  500] trn/loss 7.631e-01, trn/lr 2.817e-02, val/acc 4.988e-01, val/nll 2.217e+00
[2023-02-04 17:05:50] [Epoch    81/  500] trn/loss 7.654e-01, trn/lr 2.812e-02, val/acc 5.398e-01, val/nll 1.953e+00 (best_acc: 5.281e-01 -> 5.398e-01, test_acc: 5.408e-01, test_nll: 1.951e+00)
[2023-02-04 17:05:55] [Epoch    82/  500] trn/loss 7.477e-01, trn/lr 2.808e-02, val/acc 5.027e-01, val/nll 2.252e+00
[2023-02-04 17:06:00] [Epoch    83/  500] trn/loss 7.403e-01, trn/lr 2.803e-02, val/acc 5.102e-01, val/nll 2.205e+00
[2023-02-04 17:06:05] [Epoch    84/  500] trn/loss 7.214e-01, trn/lr 2.798e-02, val/acc 5.292e-01, val/nll 2.021e+00
[2023-02-04 17:06:10] [Epoch    85/  500] trn/loss 7.200e-01, trn/lr 2.794e-02, val/acc 5.003e-01, val/nll 2.232e+00
[2023-02-04 17:06:16] [Epoch    86/  500] trn/loss 7.087e-01, trn/lr 2.789e-02, val/acc 5.302e-01, val/nll 2.046e+00
[2023-02-04 17:06:21] [Epoch    87/  500] trn/loss 7.058e-01, trn/lr 2.784e-02, val/acc 5.011e-01, val/nll 2.335e+00
[2023-02-04 17:06:26] [Epoch    88/  500] trn/loss 6.861e-01, trn/lr 2.779e-02, val/acc 5.183e-01, val/nll 2.139e+00
[2023-02-04 17:06:31] [Epoch    89/  500] trn/loss 6.892e-01, trn/lr 2.774e-02, val/acc 5.296e-01, val/nll 2.103e+00
[2023-02-04 17:06:36] [Epoch    90/  500] trn/loss 6.628e-01, trn/lr 2.769e-02, val/acc 5.253e-01, val/nll 2.086e+00
[2023-02-04 17:06:42] [Epoch    91/  500] trn/loss 6.647e-01, trn/lr 2.764e-02, val/acc 5.209e-01, val/nll 2.197e+00
[2023-02-04 17:06:47] [Epoch    92/  500] trn/loss 6.574e-01, trn/lr 2.759e-02, val/acc 5.111e-01, val/nll 2.284e+00
[2023-02-04 17:06:52] [Epoch    93/  500] trn/loss 6.458e-01, trn/lr 2.754e-02, val/acc 5.389e-01, val/nll 2.165e+00
[2023-02-04 17:06:57] [Epoch    94/  500] trn/loss 6.360e-01, trn/lr 2.749e-02, val/acc 5.176e-01, val/nll 2.171e+00
[2023-02-04 17:07:02] [Epoch    95/  500] trn/loss 6.368e-01, trn/lr 2.743e-02, val/acc 5.299e-01, val/nll 2.107e+00
[2023-02-04 17:07:07] [Epoch    96/  500] trn/loss 6.219e-01, trn/lr 2.738e-02, val/acc 5.218e-01, val/nll 2.159e+00
[2023-02-04 17:07:13] [Epoch    97/  500] trn/loss 6.214e-01, trn/lr 2.733e-02, val/acc 5.181e-01, val/nll 2.237e+00
[2023-02-04 17:07:18] [Epoch    98/  500] trn/loss 6.033e-01, trn/lr 2.727e-02, val/acc 5.164e-01, val/nll 2.203e+00
[2023-02-04 17:07:23] [Epoch    99/  500] trn/loss 5.932e-01, trn/lr 2.722e-02, val/acc 5.102e-01, val/nll 2.235e+00
[2023-02-04 17:07:28] [Epoch   100/  500] trn/loss 5.907e-01, trn/lr 2.716e-02, val/acc 5.202e-01, val/nll 2.219e+00
[2023-02-04 17:07:33] [Epoch   101/  500] trn/loss 5.837e-01, trn/lr 2.711e-02, val/acc 5.011e-01, val/nll 2.404e+00
[2023-02-04 17:07:38] [Epoch   102/  500] trn/loss 5.748e-01, trn/lr 2.705e-02, val/acc 5.202e-01, val/nll 2.181e+00
[2023-02-04 17:07:44] [Epoch   103/  500] trn/loss 5.723e-01, trn/lr 2.700e-02, val/acc 5.337e-01, val/nll 2.117e+00
[2023-02-04 17:07:49] [Epoch   104/  500] trn/loss 5.596e-01, trn/lr 2.694e-02, val/acc 5.221e-01, val/nll 2.177e+00
[2023-02-04 17:07:54] [Epoch   105/  500] trn/loss 5.607e-01, trn/lr 2.688e-02, val/acc 5.232e-01, val/nll 2.241e+00
[2023-02-04 17:07:59] [Epoch   106/  500] trn/loss 5.452e-01, trn/lr 2.682e-02, val/acc 5.118e-01, val/nll 2.368e+00
[2023-02-04 17:08:05] [Epoch   107/  500] trn/loss 5.381e-01, trn/lr 2.677e-02, val/acc 5.413e-01, val/nll 2.156e+00 (best_acc: 5.398e-01 -> 5.413e-01, test_acc: 5.473e-01, test_nll: 2.133e+00)
[2023-02-04 17:08:10] [Epoch   108/  500] trn/loss 5.351e-01, trn/lr 2.671e-02, val/acc 4.960e-01, val/nll 2.498e+00
[2023-02-04 17:08:15] [Epoch   109/  500] trn/loss 5.234e-01, trn/lr 2.665e-02, val/acc 5.136e-01, val/nll 2.350e+00
[2023-02-04 17:08:20] [Epoch   110/  500] trn/loss 5.315e-01, trn/lr 2.659e-02, val/acc 5.185e-01, val/nll 2.371e+00
[2023-02-04 17:08:25] [Epoch   111/  500] trn/loss 5.245e-01, trn/lr 2.653e-02, val/acc 5.134e-01, val/nll 2.345e+00
[2023-02-04 17:08:30] [Epoch   112/  500] trn/loss 5.127e-01, trn/lr 2.647e-02, val/acc 5.282e-01, val/nll 2.233e+00
[2023-02-04 17:08:36] [Epoch   113/  500] trn/loss 5.081e-01, trn/lr 2.641e-02, val/acc 5.231e-01, val/nll 2.365e+00
[2023-02-04 17:08:41] [Epoch   114/  500] trn/loss 5.065e-01, trn/lr 2.634e-02, val/acc 5.279e-01, val/nll 2.269e+00
[2023-02-04 17:08:46] [Epoch   115/  500] trn/loss 4.944e-01, trn/lr 2.628e-02, val/acc 5.097e-01, val/nll 2.375e+00
[2023-02-04 17:08:51] [Epoch   116/  500] trn/loss 4.882e-01, trn/lr 2.622e-02, val/acc 5.326e-01, val/nll 2.151e+00
[2023-02-04 17:08:56] [Epoch   117/  500] trn/loss 4.878e-01, trn/lr 2.616e-02, val/acc 5.293e-01, val/nll 2.324e+00
[2023-02-04 17:09:01] [Epoch   118/  500] trn/loss 4.802e-01, trn/lr 2.609e-02, val/acc 5.398e-01, val/nll 2.267e+00
[2023-02-04 17:09:07] [Epoch   119/  500] trn/loss 4.805e-01, trn/lr 2.603e-02, val/acc 5.230e-01, val/nll 2.384e+00
[2023-02-04 17:09:12] [Epoch   120/  500] trn/loss 4.711e-01, trn/lr 2.597e-02, val/acc 5.175e-01, val/nll 2.415e+00
[2023-02-04 17:09:17] [Epoch   121/  500] trn/loss 4.617e-01, trn/lr 2.590e-02, val/acc 5.281e-01, val/nll 2.291e+00
[2023-02-04 17:09:22] [Epoch   122/  500] trn/loss 4.623e-01, trn/lr 2.584e-02, val/acc 5.393e-01, val/nll 2.274e+00
[2023-02-04 17:09:27] [Epoch   123/  500] trn/loss 4.577e-01, trn/lr 2.577e-02, val/acc 5.403e-01, val/nll 2.234e+00
[2023-02-04 17:09:33] [Epoch   124/  500] trn/loss 4.411e-01, trn/lr 2.571e-02, val/acc 5.485e-01, val/nll 2.187e+00 (best_acc: 5.413e-01 -> 5.485e-01, test_acc: 5.488e-01, test_nll: 2.161e+00)
[2023-02-04 17:09:38] [Epoch   125/  500] trn/loss 4.299e-01, trn/lr 2.564e-02, val/acc 5.287e-01, val/nll 2.340e+00
[2023-02-04 17:09:43] [Epoch   126/  500] trn/loss 4.312e-01, trn/lr 2.557e-02, val/acc 5.313e-01, val/nll 2.329e+00
[2023-02-04 17:09:48] [Epoch   127/  500] trn/loss 4.306e-01, trn/lr 2.551e-02, val/acc 5.403e-01, val/nll 2.303e+00
[2023-02-04 17:09:54] [Epoch   128/  500] trn/loss 4.323e-01, trn/lr 2.544e-02, val/acc 5.442e-01, val/nll 2.267e+00
[2023-02-04 17:09:59] [Epoch   129/  500] trn/loss 4.245e-01, trn/lr 2.537e-02, val/acc 5.319e-01, val/nll 2.254e+00
[2023-02-04 17:10:04] [Epoch   130/  500] trn/loss 4.231e-01, trn/lr 2.530e-02, val/acc 5.067e-01, val/nll 2.492e+00
[2023-02-04 17:10:09] [Epoch   131/  500] trn/loss 4.080e-01, trn/lr 2.523e-02, val/acc 5.452e-01, val/nll 2.293e+00
[2023-02-04 17:10:15] [Epoch   132/  500] trn/loss 4.039e-01, trn/lr 2.516e-02, val/acc 5.570e-01, val/nll 2.210e+00 (best_acc: 5.485e-01 -> 5.570e-01, test_acc: 5.509e-01, test_nll: 2.195e+00)
[2023-02-04 17:10:20] [Epoch   133/  500] trn/loss 4.108e-01, trn/lr 2.510e-02, val/acc 5.395e-01, val/nll 2.298e+00
[2023-02-04 17:10:25] [Epoch   134/  500] trn/loss 4.007e-01, trn/lr 2.503e-02, val/acc 5.358e-01, val/nll 2.332e+00
[2023-02-04 17:10:30] [Epoch   135/  500] trn/loss 3.913e-01, trn/lr 2.496e-02, val/acc 5.491e-01, val/nll 2.302e+00
[2023-02-04 17:10:35] [Epoch   136/  500] trn/loss 3.910e-01, trn/lr 2.488e-02, val/acc 5.211e-01, val/nll 2.385e+00
[2023-02-04 17:10:41] [Epoch   137/  500] trn/loss 3.819e-01, trn/lr 2.481e-02, val/acc 5.292e-01, val/nll 2.491e+00
[2023-02-04 17:10:46] [Epoch   138/  500] trn/loss 3.766e-01, trn/lr 2.474e-02, val/acc 5.492e-01, val/nll 2.210e+00
[2023-02-04 17:10:51] [Epoch   139/  500] trn/loss 3.707e-01, trn/lr 2.467e-02, val/acc 5.496e-01, val/nll 2.189e+00
[2023-02-04 17:10:56] [Epoch   140/  500] trn/loss 3.664e-01, trn/lr 2.460e-02, val/acc 5.289e-01, val/nll 2.454e+00
[2023-02-04 17:11:01] [Epoch   141/  500] trn/loss 3.677e-01, trn/lr 2.453e-02, val/acc 5.419e-01, val/nll 2.307e+00
[2023-02-04 17:11:07] [Epoch   142/  500] trn/loss 3.639e-01, trn/lr 2.445e-02, val/acc 5.412e-01, val/nll 2.428e+00
[2023-02-04 17:11:12] [Epoch   143/  500] trn/loss 3.617e-01, trn/lr 2.438e-02, val/acc 5.394e-01, val/nll 2.370e+00
[2023-02-04 17:11:17] [Epoch   144/  500] trn/loss 3.486e-01, trn/lr 2.431e-02, val/acc 5.397e-01, val/nll 2.410e+00
[2023-02-04 17:11:22] [Epoch   145/  500] trn/loss 3.573e-01, trn/lr 2.423e-02, val/acc 5.199e-01, val/nll 2.607e+00
[2023-02-04 17:11:27] [Epoch   146/  500] trn/loss 3.568e-01, trn/lr 2.416e-02, val/acc 5.261e-01, val/nll 2.493e+00
[2023-02-04 17:11:32] [Epoch   147/  500] trn/loss 3.426e-01, trn/lr 2.408e-02, val/acc 5.407e-01, val/nll 2.372e+00
[2023-02-04 17:11:38] [Epoch   148/  500] trn/loss 3.359e-01, trn/lr 2.401e-02, val/acc 5.290e-01, val/nll 2.395e+00
[2023-02-04 17:11:43] [Epoch   149/  500] trn/loss 3.320e-01, trn/lr 2.393e-02, val/acc 5.407e-01, val/nll 2.463e+00
[2023-02-04 17:11:48] [Epoch   150/  500] trn/loss 3.251e-01, trn/lr 2.386e-02, val/acc 5.360e-01, val/nll 2.458e+00
[2023-02-04 17:11:53] [Epoch   151/  500] trn/loss 3.199e-01, trn/lr 2.378e-02, val/acc 5.405e-01, val/nll 2.541e+00
[2023-02-04 17:11:58] [Epoch   152/  500] trn/loss 3.319e-01, trn/lr 2.370e-02, val/acc 5.477e-01, val/nll 2.337e+00
[2023-02-04 17:12:04] [Epoch   153/  500] trn/loss 3.117e-01, trn/lr 2.363e-02, val/acc 5.492e-01, val/nll 2.387e+00
[2023-02-04 17:12:09] [Epoch   154/  500] trn/loss 3.191e-01, trn/lr 2.355e-02, val/acc 5.185e-01, val/nll 2.579e+00
[2023-02-04 17:12:14] [Epoch   155/  500] trn/loss 3.133e-01, trn/lr 2.347e-02, val/acc 5.289e-01, val/nll 2.567e+00
[2023-02-04 17:12:19] [Epoch   156/  500] trn/loss 3.182e-01, trn/lr 2.339e-02, val/acc 5.416e-01, val/nll 2.328e+00
[2023-02-04 17:12:24] [Epoch   157/  500] trn/loss 3.083e-01, trn/lr 2.331e-02, val/acc 5.460e-01, val/nll 2.528e+00
[2023-02-04 17:12:29] [Epoch   158/  500] trn/loss 3.127e-01, trn/lr 2.324e-02, val/acc 5.402e-01, val/nll 2.391e+00
[2023-02-04 17:12:35] [Epoch   159/  500] trn/loss 3.090e-01, trn/lr 2.316e-02, val/acc 5.455e-01, val/nll 2.420e+00
[2023-02-04 17:12:40] [Epoch   160/  500] trn/loss 2.968e-01, trn/lr 2.308e-02, val/acc 5.461e-01, val/nll 2.432e+00
[2023-02-04 17:12:45] [Epoch   161/  500] trn/loss 2.948e-01, trn/lr 2.300e-02, val/acc 5.469e-01, val/nll 2.367e+00
[2023-02-04 17:12:50] [Epoch   162/  500] trn/loss 2.931e-01, trn/lr 2.292e-02, val/acc 5.420e-01, val/nll 2.403e+00
[2023-02-04 17:12:55] [Epoch   163/  500] trn/loss 2.872e-01, trn/lr 2.284e-02, val/acc 5.481e-01, val/nll 2.445e+00
[2023-02-04 17:13:00] [Epoch   164/  500] trn/loss 2.819e-01, trn/lr 2.276e-02, val/acc 5.480e-01, val/nll 2.465e+00
[2023-02-04 17:13:06] [Epoch   165/  500] trn/loss 2.891e-01, trn/lr 2.268e-02, val/acc 5.463e-01, val/nll 2.409e+00
[2023-02-04 17:13:11] [Epoch   166/  500] trn/loss 2.795e-01, trn/lr 2.260e-02, val/acc 5.472e-01, val/nll 2.439e+00
[2023-02-04 17:13:16] [Epoch   167/  500] trn/loss 2.702e-01, trn/lr 2.251e-02, val/acc 5.553e-01, val/nll 2.427e+00
[2023-02-04 17:13:21] [Epoch   168/  500] trn/loss 2.644e-01, trn/lr 2.243e-02, val/acc 5.405e-01, val/nll 2.501e+00
[2023-02-04 17:13:26] [Epoch   169/  500] trn/loss 2.734e-01, trn/lr 2.235e-02, val/acc 5.540e-01, val/nll 2.410e+00
[2023-02-04 17:13:32] [Epoch   170/  500] trn/loss 2.726e-01, trn/lr 2.227e-02, val/acc 5.550e-01, val/nll 2.335e+00
[2023-02-04 17:13:37] [Epoch   171/  500] trn/loss 2.563e-01, trn/lr 2.219e-02, val/acc 5.496e-01, val/nll 2.489e+00
[2023-02-04 17:13:42] [Epoch   172/  500] trn/loss 2.630e-01, trn/lr 2.210e-02, val/acc 5.417e-01, val/nll 2.466e+00
[2023-02-04 17:13:47] [Epoch   173/  500] trn/loss 2.612e-01, trn/lr 2.202e-02, val/acc 5.562e-01, val/nll 2.379e+00
[2023-02-04 17:13:52] [Epoch   174/  500] trn/loss 2.592e-01, trn/lr 2.194e-02, val/acc 5.421e-01, val/nll 2.474e+00
[2023-02-04 17:13:57] [Epoch   175/  500] trn/loss 2.442e-01, trn/lr 2.185e-02, val/acc 5.416e-01, val/nll 2.471e+00
[2023-02-04 17:14:03] [Epoch   176/  500] trn/loss 2.546e-01, trn/lr 2.177e-02, val/acc 5.503e-01, val/nll 2.418e+00
[2023-02-04 17:14:08] [Epoch   177/  500] trn/loss 2.594e-01, trn/lr 2.168e-02, val/acc 5.326e-01, val/nll 2.635e+00
[2023-02-04 17:14:13] [Epoch   178/  500] trn/loss 2.530e-01, trn/lr 2.160e-02, val/acc 5.500e-01, val/nll 2.468e+00
[2023-02-04 17:14:18] [Epoch   179/  500] trn/loss 2.368e-01, trn/lr 2.151e-02, val/acc 5.509e-01, val/nll 2.414e+00
[2023-02-04 17:14:23] [Epoch   180/  500] trn/loss 2.356e-01, trn/lr 2.143e-02, val/acc 5.549e-01, val/nll 2.416e+00
[2023-02-04 17:14:29] [Epoch   181/  500] trn/loss 2.392e-01, trn/lr 2.134e-02, val/acc 5.356e-01, val/nll 2.558e+00
[2023-02-04 17:14:34] [Epoch   182/  500] trn/loss 2.437e-01, trn/lr 2.126e-02, val/acc 5.350e-01, val/nll 2.570e+00
[2023-02-04 17:14:39] [Epoch   183/  500] trn/loss 2.314e-01, trn/lr 2.117e-02, val/acc 5.622e-01, val/nll 2.382e+00 (best_acc: 5.570e-01 -> 5.622e-01, test_acc: 5.620e-01, test_nll: 2.385e+00)
[2023-02-04 17:14:44] [Epoch   184/  500] trn/loss 2.254e-01, trn/lr 2.109e-02, val/acc 5.532e-01, val/nll 2.465e+00
[2023-02-04 17:14:50] [Epoch   185/  500] trn/loss 2.270e-01, trn/lr 2.100e-02, val/acc 5.499e-01, val/nll 2.480e+00
[2023-02-04 17:14:55] [Epoch   186/  500] trn/loss 2.329e-01, trn/lr 2.091e-02, val/acc 5.487e-01, val/nll 2.545e+00
[2023-02-04 17:15:00] [Epoch   187/  500] trn/loss 2.276e-01, trn/lr 2.083e-02, val/acc 5.544e-01, val/nll 2.405e+00
[2023-02-04 17:15:05] [Epoch   188/  500] trn/loss 2.170e-01, trn/lr 2.074e-02, val/acc 5.595e-01, val/nll 2.405e+00
[2023-02-04 17:15:10] [Epoch   189/  500] trn/loss 2.116e-01, trn/lr 2.065e-02, val/acc 5.553e-01, val/nll 2.424e+00
[2023-02-04 17:15:16] [Epoch   190/  500] trn/loss 2.113e-01, trn/lr 2.057e-02, val/acc 5.351e-01, val/nll 2.608e+00
[2023-02-04 17:15:21] [Epoch   191/  500] trn/loss 2.164e-01, trn/lr 2.048e-02, val/acc 5.467e-01, val/nll 2.544e+00
[2023-02-04 17:15:26] [Epoch   192/  500] trn/loss 2.130e-01, trn/lr 2.039e-02, val/acc 5.461e-01, val/nll 2.529e+00
[2023-02-04 17:15:31] [Epoch   193/  500] trn/loss 2.105e-01, trn/lr 2.030e-02, val/acc 5.538e-01, val/nll 2.484e+00
[2023-02-04 17:15:36] [Epoch   194/  500] trn/loss 2.044e-01, trn/lr 2.021e-02, val/acc 5.492e-01, val/nll 2.572e+00
[2023-02-04 17:15:41] [Epoch   195/  500] trn/loss 2.090e-01, trn/lr 2.013e-02, val/acc 5.537e-01, val/nll 2.471e+00
[2023-02-04 17:15:47] [Epoch   196/  500] trn/loss 2.023e-01, trn/lr 2.004e-02, val/acc 5.595e-01, val/nll 2.424e+00
[2023-02-04 17:15:52] [Epoch   197/  500] trn/loss 1.984e-01, trn/lr 1.995e-02, val/acc 5.519e-01, val/nll 2.479e+00
[2023-02-04 17:15:57] [Epoch   198/  500] trn/loss 2.031e-01, trn/lr 1.986e-02, val/acc 5.548e-01, val/nll 2.507e+00
[2023-02-04 17:16:02] [Epoch   199/  500] trn/loss 1.959e-01, trn/lr 1.977e-02, val/acc 5.571e-01, val/nll 2.508e+00
[2023-02-04 17:16:07] [Epoch   200/  500] trn/loss 1.942e-01, trn/lr 1.968e-02, val/acc 5.571e-01, val/nll 2.452e+00
[2023-02-04 17:16:13] [Epoch   201/  500] trn/loss 1.872e-01, trn/lr 1.959e-02, val/acc 5.662e-01, val/nll 2.435e+00 (best_acc: 5.622e-01 -> 5.662e-01, test_acc: 5.654e-01, test_nll: 2.416e+00)
[2023-02-04 17:16:18] [Epoch   202/  500] trn/loss 1.927e-01, trn/lr 1.950e-02, val/acc 5.659e-01, val/nll 2.386e+00
[2023-02-04 17:16:23] [Epoch   203/  500] trn/loss 1.910e-01, trn/lr 1.941e-02, val/acc 5.646e-01, val/nll 2.427e+00
[2023-02-04 17:16:28] [Epoch   204/  500] trn/loss 1.871e-01, trn/lr 1.932e-02, val/acc 5.583e-01, val/nll 2.452e+00
[2023-02-04 17:16:34] [Epoch   205/  500] trn/loss 1.875e-01, trn/lr 1.923e-02, val/acc 5.524e-01, val/nll 2.524e+00
[2023-02-04 17:16:39] [Epoch   206/  500] trn/loss 1.739e-01, trn/lr 1.914e-02, val/acc 5.669e-01, val/nll 2.374e+00 (best_acc: 5.662e-01 -> 5.669e-01, test_acc: 5.679e-01, test_nll: 2.332e+00)
[2023-02-04 17:16:44] [Epoch   207/  500] trn/loss 1.712e-01, trn/lr 1.905e-02, val/acc 5.567e-01, val/nll 2.521e+00
[2023-02-04 17:16:49] [Epoch   208/  500] trn/loss 1.833e-01, trn/lr 1.896e-02, val/acc 5.459e-01, val/nll 2.638e+00
[2023-02-04 17:16:55] [Epoch   209/  500] trn/loss 1.684e-01, trn/lr 1.887e-02, val/acc 5.660e-01, val/nll 2.412e+00
[2023-02-04 17:17:00] [Epoch   210/  500] trn/loss 1.714e-01, trn/lr 1.878e-02, val/acc 5.500e-01, val/nll 2.596e+00
[2023-02-04 17:17:05] [Epoch   211/  500] trn/loss 1.769e-01, trn/lr 1.868e-02, val/acc 5.363e-01, val/nll 2.645e+00
[2023-02-04 17:17:10] [Epoch   212/  500] trn/loss 1.701e-01, trn/lr 1.859e-02, val/acc 5.527e-01, val/nll 2.488e+00
[2023-02-04 17:17:15] [Epoch   213/  500] trn/loss 1.652e-01, trn/lr 1.850e-02, val/acc 5.618e-01, val/nll 2.485e+00
[2023-02-04 17:17:20] [Epoch   214/  500] trn/loss 1.658e-01, trn/lr 1.841e-02, val/acc 5.325e-01, val/nll 2.675e+00
[2023-02-04 17:17:26] [Epoch   215/  500] trn/loss 1.575e-01, trn/lr 1.832e-02, val/acc 5.649e-01, val/nll 2.502e+00
[2023-02-04 17:17:31] [Epoch   216/  500] trn/loss 1.594e-01, trn/lr 1.823e-02, val/acc 5.650e-01, val/nll 2.449e+00
[2023-02-04 17:17:36] [Epoch   217/  500] trn/loss 1.578e-01, trn/lr 1.813e-02, val/acc 5.586e-01, val/nll 2.434e+00
[2023-02-04 17:17:41] [Epoch   218/  500] trn/loss 1.578e-01, trn/lr 1.804e-02, val/acc 5.534e-01, val/nll 2.627e+00
[2023-02-04 17:17:46] [Epoch   219/  500] trn/loss 1.528e-01, trn/lr 1.795e-02, val/acc 5.642e-01, val/nll 2.406e+00
[2023-02-04 17:17:51] [Epoch   220/  500] trn/loss 1.533e-01, trn/lr 1.786e-02, val/acc 5.603e-01, val/nll 2.519e+00
[2023-02-04 17:17:57] [Epoch   221/  500] trn/loss 1.496e-01, trn/lr 1.776e-02, val/acc 5.575e-01, val/nll 2.510e+00
[2023-02-04 17:18:02] [Epoch   222/  500] trn/loss 1.463e-01, trn/lr 1.767e-02, val/acc 5.659e-01, val/nll 2.409e+00
[2023-02-04 17:18:07] [Epoch   223/  500] trn/loss 1.406e-01, trn/lr 1.758e-02, val/acc 5.582e-01, val/nll 2.540e+00
[2023-02-04 17:18:12] [Epoch   224/  500] trn/loss 1.388e-01, trn/lr 1.749e-02, val/acc 5.663e-01, val/nll 2.463e+00
[2023-02-04 17:18:18] [Epoch   225/  500] trn/loss 1.428e-01, trn/lr 1.739e-02, val/acc 5.691e-01, val/nll 2.471e+00 (best_acc: 5.669e-01 -> 5.691e-01, test_acc: 5.720e-01, test_nll: 2.474e+00)
[2023-02-04 17:18:23] [Epoch   226/  500] trn/loss 1.474e-01, trn/lr 1.730e-02, val/acc 5.618e-01, val/nll 2.472e+00
[2023-02-04 17:18:28] [Epoch   227/  500] trn/loss 1.371e-01, trn/lr 1.721e-02, val/acc 5.677e-01, val/nll 2.473e+00
[2023-02-04 17:18:33] [Epoch   228/  500] trn/loss 1.307e-01, trn/lr 1.711e-02, val/acc 5.637e-01, val/nll 2.460e+00
[2023-02-04 17:18:38] [Epoch   229/  500] trn/loss 1.410e-01, trn/lr 1.702e-02, val/acc 5.674e-01, val/nll 2.464e+00
[2023-02-04 17:18:44] [Epoch   230/  500] trn/loss 1.358e-01, trn/lr 1.693e-02, val/acc 5.499e-01, val/nll 2.566e+00
[2023-02-04 17:18:49] [Epoch   231/  500] trn/loss 1.345e-01, trn/lr 1.683e-02, val/acc 5.640e-01, val/nll 2.462e+00
[2023-02-04 17:18:54] [Epoch   232/  500] trn/loss 1.297e-01, trn/lr 1.674e-02, val/acc 5.679e-01, val/nll 2.495e+00
[2023-02-04 17:18:59] [Epoch   233/  500] trn/loss 1.311e-01, trn/lr 1.665e-02, val/acc 5.631e-01, val/nll 2.568e+00
[2023-02-04 17:19:04] [Epoch   234/  500] trn/loss 1.290e-01, trn/lr 1.655e-02, val/acc 5.601e-01, val/nll 2.469e+00
[2023-02-04 17:19:09] [Epoch   235/  500] trn/loss 1.240e-01, trn/lr 1.646e-02, val/acc 5.608e-01, val/nll 2.551e+00
[2023-02-04 17:19:15] [Epoch   236/  500] trn/loss 1.256e-01, trn/lr 1.636e-02, val/acc 5.653e-01, val/nll 2.562e+00
[2023-02-04 17:19:20] [Epoch   237/  500] trn/loss 1.281e-01, trn/lr 1.627e-02, val/acc 5.751e-01, val/nll 2.476e+00 (best_acc: 5.691e-01 -> 5.751e-01, test_acc: 5.703e-01, test_nll: 2.512e+00)
[2023-02-04 17:19:25] [Epoch   238/  500] trn/loss 1.196e-01, trn/lr 1.618e-02, val/acc 5.637e-01, val/nll 2.511e+00
[2023-02-04 17:19:31] [Epoch   239/  500] trn/loss 1.220e-01, trn/lr 1.608e-02, val/acc 5.749e-01, val/nll 2.412e+00
[2023-02-04 17:19:36] [Epoch   240/  500] trn/loss 1.168e-01, trn/lr 1.599e-02, val/acc 5.753e-01, val/nll 2.454e+00 (best_acc: 5.751e-01 -> 5.753e-01, test_acc: 5.732e-01, test_nll: 2.447e+00)
[2023-02-04 17:19:41] [Epoch   241/  500] trn/loss 1.129e-01, trn/lr 1.590e-02, val/acc 5.608e-01, val/nll 2.554e+00
[2023-02-04 17:19:46] [Epoch   242/  500] trn/loss 1.193e-01, trn/lr 1.580e-02, val/acc 5.617e-01, val/nll 2.524e+00
[2023-02-04 17:19:52] [Epoch   243/  500] trn/loss 1.132e-01, trn/lr 1.571e-02, val/acc 5.700e-01, val/nll 2.489e+00
[2023-02-04 17:19:57] [Epoch   244/  500] trn/loss 1.092e-01, trn/lr 1.561e-02, val/acc 5.636e-01, val/nll 2.548e+00
[2023-02-04 17:20:02] [Epoch   245/  500] trn/loss 1.090e-01, trn/lr 1.552e-02, val/acc 5.611e-01, val/nll 2.617e+00
[2023-02-04 17:20:07] [Epoch   246/  500] trn/loss 1.022e-01, trn/lr 1.542e-02, val/acc 5.668e-01, val/nll 2.475e+00
[2023-02-04 17:20:12] [Epoch   247/  500] trn/loss 1.034e-01, trn/lr 1.533e-02, val/acc 5.635e-01, val/nll 2.516e+00
[2023-02-04 17:20:17] [Epoch   248/  500] trn/loss 1.043e-01, trn/lr 1.524e-02, val/acc 5.680e-01, val/nll 2.538e+00
[2023-02-04 17:20:23] [Epoch   249/  500] trn/loss 1.096e-01, trn/lr 1.514e-02, val/acc 5.676e-01, val/nll 2.546e+00
[2023-02-04 17:20:28] [Epoch   250/  500] trn/loss 1.020e-01, trn/lr 1.505e-02, val/acc 5.736e-01, val/nll 2.466e+00
[2023-02-04 17:20:33] [Epoch   251/  500] trn/loss 9.382e-02, trn/lr 1.495e-02, val/acc 5.771e-01, val/nll 2.483e+00 (best_acc: 5.753e-01 -> 5.771e-01, test_acc: 5.751e-01, test_nll: 2.459e+00)
[2023-02-04 17:20:39] [Epoch   252/  500] trn/loss 9.706e-02, trn/lr 1.486e-02, val/acc 5.686e-01, val/nll 2.517e+00
[2023-02-04 17:20:44] [Epoch   253/  500] trn/loss 9.304e-02, trn/lr 1.476e-02, val/acc 5.727e-01, val/nll 2.498e+00
[2023-02-04 17:20:49] [Epoch   254/  500] trn/loss 9.397e-02, trn/lr 1.467e-02, val/acc 5.624e-01, val/nll 2.541e+00
[2023-02-04 17:20:54] [Epoch   255/  500] trn/loss 9.375e-02, trn/lr 1.458e-02, val/acc 5.689e-01, val/nll 2.487e+00
[2023-02-04 17:21:00] [Epoch   256/  500] trn/loss 9.138e-02, trn/lr 1.448e-02, val/acc 5.801e-01, val/nll 2.481e+00 (best_acc: 5.771e-01 -> 5.801e-01, test_acc: 5.754e-01, test_nll: 2.497e+00)
[2023-02-04 17:21:05] [Epoch   257/  500] trn/loss 9.285e-02, trn/lr 1.439e-02, val/acc 5.637e-01, val/nll 2.593e+00
[2023-02-04 17:21:10] [Epoch   258/  500] trn/loss 8.582e-02, trn/lr 1.429e-02, val/acc 5.705e-01, val/nll 2.495e+00
[2023-02-04 17:21:16] [Epoch   259/  500] trn/loss 8.834e-02, trn/lr 1.420e-02, val/acc 5.841e-01, val/nll 2.388e+00 (best_acc: 5.801e-01 -> 5.841e-01, test_acc: 5.839e-01, test_nll: 2.402e+00)
[2023-02-04 17:21:21] [Epoch   260/  500] trn/loss 8.522e-02, trn/lr 1.411e-02, val/acc 5.812e-01, val/nll 2.458e+00
[2023-02-04 17:21:26] [Epoch   261/  500] trn/loss 8.612e-02, trn/lr 1.401e-02, val/acc 5.708e-01, val/nll 2.520e+00
[2023-02-04 17:21:31] [Epoch   262/  500] trn/loss 8.636e-02, trn/lr 1.392e-02, val/acc 5.756e-01, val/nll 2.443e+00
[2023-02-04 17:21:36] [Epoch   263/  500] trn/loss 8.439e-02, trn/lr 1.382e-02, val/acc 5.722e-01, val/nll 2.581e+00
[2023-02-04 17:21:41] [Epoch   264/  500] trn/loss 8.072e-02, trn/lr 1.373e-02, val/acc 5.713e-01, val/nll 2.482e+00
[2023-02-04 17:21:47] [Epoch   265/  500] trn/loss 7.902e-02, trn/lr 1.364e-02, val/acc 5.783e-01, val/nll 2.461e+00
[2023-02-04 17:21:52] [Epoch   266/  500] trn/loss 7.791e-02, trn/lr 1.354e-02, val/acc 5.810e-01, val/nll 2.461e+00
[2023-02-04 17:21:57] [Epoch   267/  500] trn/loss 8.184e-02, trn/lr 1.345e-02, val/acc 5.737e-01, val/nll 2.510e+00
[2023-02-04 17:22:02] [Epoch   268/  500] trn/loss 7.320e-02, trn/lr 1.335e-02, val/acc 5.819e-01, val/nll 2.436e+00
[2023-02-04 17:22:07] [Epoch   269/  500] trn/loss 7.279e-02, trn/lr 1.326e-02, val/acc 5.730e-01, val/nll 2.418e+00
[2023-02-04 17:22:12] [Epoch   270/  500] trn/loss 7.090e-02, trn/lr 1.317e-02, val/acc 5.831e-01, val/nll 2.425e+00
[2023-02-04 17:22:18] [Epoch   271/  500] trn/loss 7.473e-02, trn/lr 1.307e-02, val/acc 5.729e-01, val/nll 2.518e+00
[2023-02-04 17:22:23] [Epoch   272/  500] trn/loss 7.233e-02, trn/lr 1.298e-02, val/acc 5.738e-01, val/nll 2.572e+00
[2023-02-04 17:22:28] [Epoch   273/  500] trn/loss 7.251e-02, trn/lr 1.289e-02, val/acc 5.753e-01, val/nll 2.481e+00
[2023-02-04 17:22:33] [Epoch   274/  500] trn/loss 7.120e-02, trn/lr 1.279e-02, val/acc 5.785e-01, val/nll 2.518e+00
[2023-02-04 17:22:38] [Epoch   275/  500] trn/loss 6.804e-02, trn/lr 1.270e-02, val/acc 5.832e-01, val/nll 2.493e+00
[2023-02-04 17:22:44] [Epoch   276/  500] trn/loss 6.911e-02, trn/lr 1.261e-02, val/acc 5.847e-01, val/nll 2.386e+00 (best_acc: 5.841e-01 -> 5.847e-01, test_acc: 5.837e-01, test_nll: 2.422e+00)
[2023-02-04 17:22:49] [Epoch   277/  500] trn/loss 6.885e-02, trn/lr 1.251e-02, val/acc 5.733e-01, val/nll 2.513e+00
[2023-02-04 17:22:55] [Epoch   278/  500] trn/loss 6.375e-02, trn/lr 1.242e-02, val/acc 5.885e-01, val/nll 2.382e+00 (best_acc: 5.847e-01 -> 5.885e-01, test_acc: 5.849e-01, test_nll: 2.375e+00)
[2023-02-04 17:23:00] [Epoch   279/  500] trn/loss 6.392e-02, trn/lr 1.233e-02, val/acc 5.829e-01, val/nll 2.391e+00
[2023-02-04 17:23:05] [Epoch   280/  500] trn/loss 5.999e-02, trn/lr 1.224e-02, val/acc 5.829e-01, val/nll 2.478e+00
[2023-02-04 17:23:10] [Epoch   281/  500] trn/loss 6.291e-02, trn/lr 1.214e-02, val/acc 5.817e-01, val/nll 2.422e+00
[2023-02-04 17:23:16] [Epoch   282/  500] trn/loss 6.207e-02, trn/lr 1.205e-02, val/acc 5.892e-01, val/nll 2.407e+00 (best_acc: 5.885e-01 -> 5.892e-01, test_acc: 5.860e-01, test_nll: 2.434e+00)
[2023-02-04 17:23:21] [Epoch   283/  500] trn/loss 6.069e-02, trn/lr 1.196e-02, val/acc 5.815e-01, val/nll 2.433e+00
[2023-02-04 17:23:26] [Epoch   284/  500] trn/loss 5.952e-02, trn/lr 1.187e-02, val/acc 5.742e-01, val/nll 2.535e+00
[2023-02-04 17:23:32] [Epoch   285/  500] trn/loss 5.936e-02, trn/lr 1.177e-02, val/acc 5.894e-01, val/nll 2.430e+00 (best_acc: 5.892e-01 -> 5.894e-01, test_acc: 5.877e-01, test_nll: 2.422e+00)
[2023-02-04 17:23:37] [Epoch   286/  500] trn/loss 5.738e-02, trn/lr 1.168e-02, val/acc 5.806e-01, val/nll 2.439e+00
[2023-02-04 17:23:42] [Epoch   287/  500] trn/loss 5.711e-02, trn/lr 1.159e-02, val/acc 5.824e-01, val/nll 2.504e+00
[2023-02-04 17:23:47] [Epoch   288/  500] trn/loss 5.720e-02, trn/lr 1.150e-02, val/acc 5.796e-01, val/nll 2.459e+00
[2023-02-04 17:23:52] [Epoch   289/  500] trn/loss 5.494e-02, trn/lr 1.141e-02, val/acc 5.867e-01, val/nll 2.442e+00
[2023-02-04 17:23:57] [Epoch   290/  500] trn/loss 5.049e-02, trn/lr 1.132e-02, val/acc 5.830e-01, val/nll 2.422e+00
[2023-02-04 17:24:03] [Epoch   291/  500] trn/loss 5.427e-02, trn/lr 1.122e-02, val/acc 5.751e-01, val/nll 2.496e+00
[2023-02-04 17:24:08] [Epoch   292/  500] trn/loss 4.995e-02, trn/lr 1.113e-02, val/acc 5.852e-01, val/nll 2.406e+00
[2023-02-04 17:24:13] [Epoch   293/  500] trn/loss 5.175e-02, trn/lr 1.104e-02, val/acc 5.831e-01, val/nll 2.412e+00
[2023-02-04 17:24:18] [Epoch   294/  500] trn/loss 5.031e-02, trn/lr 1.095e-02, val/acc 5.869e-01, val/nll 2.411e+00
[2023-02-04 17:24:24] [Epoch   295/  500] trn/loss 4.523e-02, trn/lr 1.086e-02, val/acc 5.929e-01, val/nll 2.398e+00 (best_acc: 5.894e-01 -> 5.929e-01, test_acc: 5.903e-01, test_nll: 2.385e+00)
[2023-02-04 17:24:29] [Epoch   296/  500] trn/loss 4.614e-02, trn/lr 1.077e-02, val/acc 5.856e-01, val/nll 2.466e+00
[2023-02-04 17:24:34] [Epoch   297/  500] trn/loss 4.674e-02, trn/lr 1.068e-02, val/acc 5.857e-01, val/nll 2.481e+00
[2023-02-04 17:24:39] [Epoch   298/  500] trn/loss 4.388e-02, trn/lr 1.059e-02, val/acc 5.863e-01, val/nll 2.452e+00
[2023-02-04 17:24:44] [Epoch   299/  500] trn/loss 4.505e-02, trn/lr 1.050e-02, val/acc 5.873e-01, val/nll 2.417e+00
[2023-02-04 17:24:50] [Epoch   300/  500] trn/loss 4.294e-02, trn/lr 1.041e-02, val/acc 5.855e-01, val/nll 2.429e+00
[2023-02-04 17:24:55] [Epoch   301/  500] trn/loss 4.416e-02, trn/lr 1.032e-02, val/acc 5.817e-01, val/nll 2.460e+00
[2023-02-04 17:25:00] [Epoch   302/  500] trn/loss 4.333e-02, trn/lr 1.023e-02, val/acc 5.888e-01, val/nll 2.445e+00
[2023-02-04 17:25:05] [Epoch   303/  500] trn/loss 4.077e-02, trn/lr 1.014e-02, val/acc 5.821e-01, val/nll 2.470e+00
[2023-02-04 17:25:10] [Epoch   304/  500] trn/loss 4.127e-02, trn/lr 1.005e-02, val/acc 5.834e-01, val/nll 2.444e+00
[2023-02-04 17:25:16] [Epoch   305/  500] trn/loss 3.886e-02, trn/lr 9.964e-03, val/acc 5.881e-01, val/nll 2.417e+00
[2023-02-04 17:25:21] [Epoch   306/  500] trn/loss 3.840e-02, trn/lr 9.875e-03, val/acc 5.865e-01, val/nll 2.383e+00
[2023-02-04 17:25:26] [Epoch   307/  500] trn/loss 3.853e-02, trn/lr 9.786e-03, val/acc 5.890e-01, val/nll 2.430e+00
[2023-02-04 17:25:31] [Epoch   308/  500] trn/loss 3.613e-02, trn/lr 9.698e-03, val/acc 5.883e-01, val/nll 2.423e+00
[2023-02-04 17:25:36] [Epoch   309/  500] trn/loss 3.420e-02, trn/lr 9.610e-03, val/acc 5.898e-01, val/nll 2.375e+00
[2023-02-04 17:25:41] [Epoch   310/  500] trn/loss 3.596e-02, trn/lr 9.522e-03, val/acc 5.884e-01, val/nll 2.419e+00
[2023-02-04 17:25:47] [Epoch   311/  500] trn/loss 3.618e-02, trn/lr 9.435e-03, val/acc 5.883e-01, val/nll 2.410e+00
[2023-02-04 17:25:52] [Epoch   312/  500] trn/loss 3.540e-02, trn/lr 9.347e-03, val/acc 5.909e-01, val/nll 2.432e+00
[2023-02-04 17:25:57] [Epoch   313/  500] trn/loss 3.687e-02, trn/lr 9.260e-03, val/acc 5.906e-01, val/nll 2.398e+00
[2023-02-04 17:26:02] [Epoch   314/  500] trn/loss 3.314e-02, trn/lr 9.173e-03, val/acc 5.845e-01, val/nll 2.414e+00
[2023-02-04 17:26:07] [Epoch   315/  500] trn/loss 3.243e-02, trn/lr 9.086e-03, val/acc 5.924e-01, val/nll 2.408e+00
[2023-02-04 17:26:12] [Epoch   316/  500] trn/loss 3.453e-02, trn/lr 9.000e-03, val/acc 5.907e-01, val/nll 2.390e+00
[2023-02-04 17:26:18] [Epoch   317/  500] trn/loss 3.164e-02, trn/lr 8.914e-03, val/acc 5.898e-01, val/nll 2.382e+00
[2023-02-04 17:26:23] [Epoch   318/  500] trn/loss 3.402e-02, trn/lr 8.828e-03, val/acc 5.885e-01, val/nll 2.374e+00
[2023-02-04 17:26:28] [Epoch   319/  500] trn/loss 3.287e-02, trn/lr 8.742e-03, val/acc 5.910e-01, val/nll 2.382e+00
[2023-02-04 17:26:33] [Epoch   320/  500] trn/loss 3.237e-02, trn/lr 8.656e-03, val/acc 5.906e-01, val/nll 2.387e+00
[2023-02-04 17:26:38] [Epoch   321/  500] trn/loss 3.112e-02, trn/lr 8.571e-03, val/acc 5.871e-01, val/nll 2.411e+00
[2023-02-04 17:26:43] [Epoch   322/  500] trn/loss 3.306e-02, trn/lr 8.486e-03, val/acc 5.872e-01, val/nll 2.430e+00
[2023-02-04 17:26:49] [Epoch   323/  500] trn/loss 2.993e-02, trn/lr 8.401e-03, val/acc 5.936e-01, val/nll 2.368e+00 (best_acc: 5.929e-01 -> 5.936e-01, test_acc: 5.972e-01, test_nll: 2.368e+00)
[2023-02-04 17:26:54] [Epoch   324/  500] trn/loss 2.865e-02, trn/lr 8.317e-03, val/acc 5.914e-01, val/nll 2.393e+00
[2023-02-04 17:26:59] [Epoch   325/  500] trn/loss 2.914e-02, trn/lr 8.232e-03, val/acc 5.867e-01, val/nll 2.404e+00
[2023-02-04 17:27:05] [Epoch   326/  500] trn/loss 2.850e-02, trn/lr 8.148e-03, val/acc 5.902e-01, val/nll 2.387e+00
[2023-02-04 17:27:10] [Epoch   327/  500] trn/loss 2.858e-02, trn/lr 8.065e-03, val/acc 5.881e-01, val/nll 2.420e+00
[2023-02-04 17:27:15] [Epoch   328/  500] trn/loss 2.845e-02, trn/lr 7.981e-03, val/acc 5.924e-01, val/nll 2.395e+00
[2023-02-04 17:27:20] [Epoch   329/  500] trn/loss 2.855e-02, trn/lr 7.898e-03, val/acc 5.940e-01, val/nll 2.431e+00 (best_acc: 5.936e-01 -> 5.940e-01, test_acc: 5.925e-01, test_nll: 2.422e+00)
[2023-02-04 17:27:26] [Epoch   330/  500] trn/loss 2.752e-02, trn/lr 7.815e-03, val/acc 5.931e-01, val/nll 2.389e+00
[2023-02-04 17:27:31] [Epoch   331/  500] trn/loss 2.839e-02, trn/lr 7.733e-03, val/acc 5.916e-01, val/nll 2.376e+00
[2023-02-04 17:27:36] [Epoch   332/  500] trn/loss 2.641e-02, trn/lr 7.650e-03, val/acc 5.921e-01, val/nll 2.392e+00
[2023-02-04 17:27:41] [Epoch   333/  500] trn/loss 2.552e-02, trn/lr 7.568e-03, val/acc 5.918e-01, val/nll 2.372e+00
[2023-02-04 17:27:47] [Epoch   334/  500] trn/loss 2.524e-02, trn/lr 7.487e-03, val/acc 5.986e-01, val/nll 2.382e+00 (best_acc: 5.940e-01 -> 5.986e-01, test_acc: 5.980e-01, test_nll: 2.395e+00)
[2023-02-04 17:27:52] [Epoch   335/  500] trn/loss 2.545e-02, trn/lr 7.405e-03, val/acc 5.959e-01, val/nll 2.387e+00
[2023-02-04 17:27:57] [Epoch   336/  500] trn/loss 2.494e-02, trn/lr 7.324e-03, val/acc 5.898e-01, val/nll 2.401e+00
[2023-02-04 17:28:02] [Epoch   337/  500] trn/loss 2.476e-02, trn/lr 7.243e-03, val/acc 5.970e-01, val/nll 2.389e+00
[2023-02-04 17:28:07] [Epoch   338/  500] trn/loss 2.453e-02, trn/lr 7.163e-03, val/acc 5.948e-01, val/nll 2.381e+00
[2023-02-04 17:28:13] [Epoch   339/  500] trn/loss 2.568e-02, trn/lr 7.083e-03, val/acc 5.936e-01, val/nll 2.398e+00
[2023-02-04 17:28:18] [Epoch   340/  500] trn/loss 2.430e-02, trn/lr 7.003e-03, val/acc 5.982e-01, val/nll 2.370e+00
[2023-02-04 17:28:23] [Epoch   341/  500] trn/loss 2.498e-02, trn/lr 6.923e-03, val/acc 5.954e-01, val/nll 2.372e+00
[2023-02-04 17:28:28] [Epoch   342/  500] trn/loss 2.481e-02, trn/lr 6.844e-03, val/acc 5.926e-01, val/nll 2.403e+00
[2023-02-04 17:28:33] [Epoch   343/  500] trn/loss 2.309e-02, trn/lr 6.765e-03, val/acc 5.979e-01, val/nll 2.345e+00
[2023-02-04 17:28:38] [Epoch   344/  500] trn/loss 2.472e-02, trn/lr 6.686e-03, val/acc 5.936e-01, val/nll 2.378e+00
[2023-02-04 17:28:44] [Epoch   345/  500] trn/loss 2.304e-02, trn/lr 6.608e-03, val/acc 5.965e-01, val/nll 2.375e+00
[2023-02-04 17:28:49] [Epoch   346/  500] trn/loss 2.204e-02, trn/lr 6.530e-03, val/acc 5.993e-01, val/nll 2.366e+00 (best_acc: 5.986e-01 -> 5.993e-01, test_acc: 5.998e-01, test_nll: 2.359e+00)
[2023-02-04 17:28:54] [Epoch   347/  500] trn/loss 2.238e-02, trn/lr 6.452e-03, val/acc 5.950e-01, val/nll 2.369e+00
[2023-02-04 17:29:00] [Epoch   348/  500] trn/loss 2.117e-02, trn/lr 6.375e-03, val/acc 5.937e-01, val/nll 2.377e+00
[2023-02-04 17:29:05] [Epoch   349/  500] trn/loss 2.100e-02, trn/lr 6.298e-03, val/acc 5.963e-01, val/nll 2.380e+00
[2023-02-04 17:29:10] [Epoch   350/  500] trn/loss 2.106e-02, trn/lr 6.222e-03, val/acc 5.961e-01, val/nll 2.370e+00
[2023-02-04 17:29:15] [Epoch   351/  500] trn/loss 2.068e-02, trn/lr 6.145e-03, val/acc 5.977e-01, val/nll 2.355e+00
[2023-02-04 17:29:20] [Epoch   352/  500] trn/loss 2.112e-02, trn/lr 6.069e-03, val/acc 5.961e-01, val/nll 2.369e+00
[2023-02-04 17:29:25] [Epoch   353/  500] trn/loss 2.145e-02, trn/lr 5.994e-03, val/acc 5.933e-01, val/nll 2.395e+00
[2023-02-04 17:29:31] [Epoch   354/  500] trn/loss 2.084e-02, trn/lr 5.919e-03, val/acc 5.954e-01, val/nll 2.383e+00
[2023-02-04 17:29:36] [Epoch   355/  500] trn/loss 2.108e-02, trn/lr 5.844e-03, val/acc 5.951e-01, val/nll 2.370e+00
[2023-02-04 17:29:41] [Epoch   356/  500] trn/loss 2.099e-02, trn/lr 5.769e-03, val/acc 5.976e-01, val/nll 2.382e+00
[2023-02-04 17:29:46] [Epoch   357/  500] trn/loss 1.921e-02, trn/lr 5.695e-03, val/acc 5.965e-01, val/nll 2.363e+00
[2023-02-04 17:29:51] [Epoch   358/  500] trn/loss 2.024e-02, trn/lr 5.622e-03, val/acc 5.958e-01, val/nll 2.344e+00
[2023-02-04 17:29:57] [Epoch   359/  500] trn/loss 1.956e-02, trn/lr 5.548e-03, val/acc 5.950e-01, val/nll 2.367e+00
[2023-02-04 17:30:02] [Epoch   360/  500] trn/loss 2.086e-02, trn/lr 5.475e-03, val/acc 6.014e-01, val/nll 2.390e+00 (best_acc: 5.993e-01 -> 6.014e-01, test_acc: 5.990e-01, test_nll: 2.380e+00)
[2023-02-04 17:30:07] [Epoch   361/  500] trn/loss 2.048e-02, trn/lr 5.403e-03, val/acc 5.962e-01, val/nll 2.350e+00
[2023-02-04 17:30:12] [Epoch   362/  500] trn/loss 1.890e-02, trn/lr 5.330e-03, val/acc 5.955e-01, val/nll 2.358e+00
[2023-02-04 17:30:18] [Epoch   363/  500] trn/loss 1.851e-02, trn/lr 5.259e-03, val/acc 5.970e-01, val/nll 2.366e+00
[2023-02-04 17:30:23] [Epoch   364/  500] trn/loss 1.846e-02, trn/lr 5.187e-03, val/acc 5.986e-01, val/nll 2.347e+00
[2023-02-04 17:30:28] [Epoch   365/  500] trn/loss 1.861e-02, trn/lr 5.116e-03, val/acc 5.979e-01, val/nll 2.360e+00
[2023-02-04 17:30:33] [Epoch   366/  500] trn/loss 1.892e-02, trn/lr 5.045e-03, val/acc 5.959e-01, val/nll 2.366e+00
[2023-02-04 17:30:38] [Epoch   367/  500] trn/loss 1.817e-02, trn/lr 4.975e-03, val/acc 5.998e-01, val/nll 2.360e+00
[2023-02-04 17:30:43] [Epoch   368/  500] trn/loss 1.886e-02, trn/lr 4.905e-03, val/acc 5.958e-01, val/nll 2.361e+00
[2023-02-04 17:30:49] [Epoch   369/  500] trn/loss 1.892e-02, trn/lr 4.836e-03, val/acc 5.947e-01, val/nll 2.370e+00
[2023-02-04 17:30:54] [Epoch   370/  500] trn/loss 1.701e-02, trn/lr 4.766e-03, val/acc 5.983e-01, val/nll 2.353e+00
[2023-02-04 17:30:59] [Epoch   371/  500] trn/loss 1.859e-02, trn/lr 4.698e-03, val/acc 5.957e-01, val/nll 2.356e+00
[2023-02-04 17:31:04] [Epoch   372/  500] trn/loss 1.744e-02, trn/lr 4.629e-03, val/acc 5.973e-01, val/nll 2.362e+00
[2023-02-04 17:31:09] [Epoch   373/  500] trn/loss 1.661e-02, trn/lr 4.562e-03, val/acc 5.996e-01, val/nll 2.355e+00
[2023-02-04 17:31:15] [Epoch   374/  500] trn/loss 1.719e-02, trn/lr 4.494e-03, val/acc 6.008e-01, val/nll 2.357e+00
[2023-02-04 17:31:20] [Epoch   375/  500] trn/loss 1.716e-02, trn/lr 4.427e-03, val/acc 6.004e-01, val/nll 2.357e+00
[2023-02-04 17:31:25] [Epoch   376/  500] trn/loss 1.742e-02, trn/lr 4.360e-03, val/acc 6.001e-01, val/nll 2.351e+00
[2023-02-04 17:31:30] [Epoch   377/  500] trn/loss 1.651e-02, trn/lr 4.294e-03, val/acc 5.969e-01, val/nll 2.358e+00
[2023-02-04 17:31:35] [Epoch   378/  500] trn/loss 1.684e-02, trn/lr 4.228e-03, val/acc 5.994e-01, val/nll 2.365e+00
[2023-02-04 17:31:41] [Epoch   379/  500] trn/loss 1.698e-02, trn/lr 4.163e-03, val/acc 6.031e-01, val/nll 2.351e+00 (best_acc: 6.014e-01 -> 6.031e-01, test_acc: 6.003e-01, test_nll: 2.343e+00)
[2023-02-04 17:31:46] [Epoch   380/  500] trn/loss 1.693e-02, trn/lr 4.098e-03, val/acc 5.986e-01, val/nll 2.346e+00
[2023-02-04 17:31:51] [Epoch   381/  500] trn/loss 1.662e-02, trn/lr 4.033e-03, val/acc 5.989e-01, val/nll 2.351e+00
[2023-02-04 17:31:56] [Epoch   382/  500] trn/loss 1.679e-02, trn/lr 3.969e-03, val/acc 5.967e-01, val/nll 2.357e+00
[2023-02-04 17:32:02] [Epoch   383/  500] trn/loss 1.659e-02, trn/lr 3.906e-03, val/acc 5.988e-01, val/nll 2.343e+00
[2023-02-04 17:32:07] [Epoch   384/  500] trn/loss 1.616e-02, trn/lr 3.843e-03, val/acc 5.976e-01, val/nll 2.346e+00
[2023-02-04 17:32:12] [Epoch   385/  500] trn/loss 1.583e-02, trn/lr 3.780e-03, val/acc 5.988e-01, val/nll 2.343e+00
[2023-02-04 17:32:17] [Epoch   386/  500] trn/loss 1.579e-02, trn/lr 3.717e-03, val/acc 5.975e-01, val/nll 2.342e+00
[2023-02-04 17:32:22] [Epoch   387/  500] trn/loss 1.530e-02, trn/lr 3.656e-03, val/acc 6.002e-01, val/nll 2.342e+00
[2023-02-04 17:32:27] [Epoch   388/  500] trn/loss 1.634e-02, trn/lr 3.594e-03, val/acc 5.990e-01, val/nll 2.339e+00
[2023-02-04 17:32:33] [Epoch   389/  500] trn/loss 1.552e-02, trn/lr 3.533e-03, val/acc 5.999e-01, val/nll 2.337e+00
[2023-02-04 17:32:38] [Epoch   390/  500] trn/loss 1.563e-02, trn/lr 3.473e-03, val/acc 5.982e-01, val/nll 2.331e+00
[2023-02-04 17:32:43] [Epoch   391/  500] trn/loss 1.528e-02, trn/lr 3.413e-03, val/acc 5.979e-01, val/nll 2.337e+00
[2023-02-04 17:32:48] [Epoch   392/  500] trn/loss 1.599e-02, trn/lr 3.353e-03, val/acc 5.969e-01, val/nll 2.343e+00
[2023-02-04 17:32:53] [Epoch   393/  500] trn/loss 1.594e-02, trn/lr 3.294e-03, val/acc 5.967e-01, val/nll 2.346e+00
[2023-02-04 17:32:58] [Epoch   394/  500] trn/loss 1.552e-02, trn/lr 3.235e-03, val/acc 5.963e-01, val/nll 2.339e+00
[2023-02-04 17:33:04] [Epoch   395/  500] trn/loss 1.586e-02, trn/lr 3.177e-03, val/acc 5.994e-01, val/nll 2.345e+00
[2023-02-04 17:33:09] [Epoch   396/  500] trn/loss 1.521e-02, trn/lr 3.119e-03, val/acc 5.972e-01, val/nll 2.338e+00
[2023-02-04 17:33:14] [Epoch   397/  500] trn/loss 1.528e-02, trn/lr 3.062e-03, val/acc 5.988e-01, val/nll 2.332e+00
[2023-02-04 17:33:19] [Epoch   398/  500] trn/loss 1.543e-02, trn/lr 3.005e-03, val/acc 5.986e-01, val/nll 2.337e+00
[2023-02-04 17:33:24] [Epoch   399/  500] trn/loss 1.546e-02, trn/lr 2.949e-03, val/acc 5.997e-01, val/nll 2.338e+00
[2023-02-04 17:33:29] [Epoch   400/  500] trn/loss 1.576e-02, trn/lr 2.893e-03, val/acc 5.980e-01, val/nll 2.341e+00
[2023-02-04 17:33:35] [Epoch   401/  500] trn/loss 1.529e-02, trn/lr 2.837e-03, val/acc 5.990e-01, val/nll 2.333e+00
[2023-02-04 17:33:40] [Epoch   402/  500] trn/loss 1.491e-02, trn/lr 2.782e-03, val/acc 6.001e-01, val/nll 2.337e+00
[2023-02-04 17:33:45] [Epoch   403/  500] trn/loss 1.500e-02, trn/lr 2.728e-03, val/acc 5.983e-01, val/nll 2.332e+00
[2023-02-04 17:33:50] [Epoch   404/  500] trn/loss 1.503e-02, trn/lr 2.674e-03, val/acc 5.993e-01, val/nll 2.340e+00
[2023-02-04 17:33:55] [Epoch   405/  500] trn/loss 1.518e-02, trn/lr 2.621e-03, val/acc 6.003e-01, val/nll 2.337e+00
[2023-02-04 17:34:01] [Epoch   406/  500] trn/loss 1.507e-02, trn/lr 2.568e-03, val/acc 5.980e-01, val/nll 2.328e+00
[2023-02-04 17:34:06] [Epoch   407/  500] trn/loss 1.444e-02, trn/lr 2.515e-03, val/acc 5.986e-01, val/nll 2.335e+00
[2023-02-04 17:34:11] [Epoch   408/  500] trn/loss 1.502e-02, trn/lr 2.463e-03, val/acc 5.989e-01, val/nll 2.337e+00
[2023-02-04 17:34:16] [Epoch   409/  500] trn/loss 1.506e-02, trn/lr 2.412e-03, val/acc 5.989e-01, val/nll 2.338e+00
[2023-02-04 17:34:21] [Epoch   410/  500] trn/loss 1.458e-02, trn/lr 2.361e-03, val/acc 6.004e-01, val/nll 2.332e+00
[2023-02-04 17:34:26] [Epoch   411/  500] trn/loss 1.463e-02, trn/lr 2.310e-03, val/acc 5.989e-01, val/nll 2.327e+00
[2023-02-04 17:34:32] [Epoch   412/  500] trn/loss 1.441e-02, trn/lr 2.260e-03, val/acc 5.982e-01, val/nll 2.325e+00
[2023-02-04 17:34:37] [Epoch   413/  500] trn/loss 1.421e-02, trn/lr 2.211e-03, val/acc 5.971e-01, val/nll 2.336e+00
[2023-02-04 17:34:42] [Epoch   414/  500] trn/loss 1.450e-02, trn/lr 2.162e-03, val/acc 5.981e-01, val/nll 2.331e+00
[2023-02-04 17:34:47] [Epoch   415/  500] trn/loss 1.480e-02, trn/lr 2.113e-03, val/acc 5.999e-01, val/nll 2.325e+00
[2023-02-04 17:34:52] [Epoch   416/  500] trn/loss 1.426e-02, trn/lr 2.065e-03, val/acc 6.008e-01, val/nll 2.327e+00
[2023-02-04 17:34:57] [Epoch   417/  500] trn/loss 1.400e-02, trn/lr 2.018e-03, val/acc 5.986e-01, val/nll 2.329e+00
[2023-02-04 17:35:03] [Epoch   418/  500] trn/loss 1.434e-02, trn/lr 1.971e-03, val/acc 6.001e-01, val/nll 2.323e+00
[2023-02-04 17:35:08] [Epoch   419/  500] trn/loss 1.480e-02, trn/lr 1.924e-03, val/acc 5.957e-01, val/nll 2.337e+00
[2023-02-04 17:35:13] [Epoch   420/  500] trn/loss 1.369e-02, trn/lr 1.878e-03, val/acc 6.015e-01, val/nll 2.322e+00
[2023-02-04 17:35:18] [Epoch   421/  500] trn/loss 1.394e-02, trn/lr 1.833e-03, val/acc 5.993e-01, val/nll 2.332e+00
[2023-02-04 17:35:23] [Epoch   422/  500] trn/loss 1.408e-02, trn/lr 1.788e-03, val/acc 5.994e-01, val/nll 2.332e+00
[2023-02-04 17:35:28] [Epoch   423/  500] trn/loss 1.343e-02, trn/lr 1.744e-03, val/acc 5.988e-01, val/nll 2.332e+00
[2023-02-04 17:35:34] [Epoch   424/  500] trn/loss 1.377e-02, trn/lr 1.700e-03, val/acc 5.968e-01, val/nll 2.325e+00
[2023-02-04 17:35:39] [Epoch   425/  500] trn/loss 1.407e-02, trn/lr 1.657e-03, val/acc 5.999e-01, val/nll 2.326e+00
[2023-02-04 17:35:44] [Epoch   426/  500] trn/loss 1.393e-02, trn/lr 1.614e-03, val/acc 5.980e-01, val/nll 2.335e+00
[2023-02-04 17:35:49] [Epoch   427/  500] trn/loss 1.407e-02, trn/lr 1.571e-03, val/acc 6.008e-01, val/nll 2.341e+00
[2023-02-04 17:35:54] [Epoch   428/  500] trn/loss 1.380e-02, trn/lr 1.530e-03, val/acc 5.990e-01, val/nll 2.331e+00
[2023-02-04 17:36:00] [Epoch   429/  500] trn/loss 1.346e-02, trn/lr 1.489e-03, val/acc 6.006e-01, val/nll 2.327e+00
[2023-02-04 17:36:05] [Epoch   430/  500] trn/loss 1.402e-02, trn/lr 1.448e-03, val/acc 6.013e-01, val/nll 2.329e+00
[2023-02-04 17:36:10] [Epoch   431/  500] trn/loss 1.335e-02, trn/lr 1.408e-03, val/acc 6.001e-01, val/nll 2.334e+00
[2023-02-04 17:36:15] [Epoch   432/  500] trn/loss 1.316e-02, trn/lr 1.368e-03, val/acc 6.013e-01, val/nll 2.335e+00
[2023-02-04 17:36:20] [Epoch   433/  500] trn/loss 1.340e-02, trn/lr 1.329e-03, val/acc 5.993e-01, val/nll 2.336e+00
[2023-02-04 17:36:25] [Epoch   434/  500] trn/loss 1.346e-02, trn/lr 1.291e-03, val/acc 5.992e-01, val/nll 2.327e+00
[2023-02-04 17:36:31] [Epoch   435/  500] trn/loss 1.301e-02, trn/lr 1.253e-03, val/acc 5.992e-01, val/nll 2.327e+00
[2023-02-04 17:36:36] [Epoch   436/  500] trn/loss 1.360e-02, trn/lr 1.215e-03, val/acc 6.015e-01, val/nll 2.330e+00
[2023-02-04 17:36:41] [Epoch   437/  500] trn/loss 1.358e-02, trn/lr 1.178e-03, val/acc 5.981e-01, val/nll 2.330e+00
[2023-02-04 17:36:46] [Epoch   438/  500] trn/loss 1.287e-02, trn/lr 1.142e-03, val/acc 6.010e-01, val/nll 2.332e+00
[2023-02-04 17:36:51] [Epoch   439/  500] trn/loss 1.346e-02, trn/lr 1.106e-03, val/acc 6.000e-01, val/nll 2.327e+00
[2023-02-04 17:36:57] [Epoch   440/  500] trn/loss 1.322e-02, trn/lr 1.071e-03, val/acc 5.990e-01, val/nll 2.332e+00
[2023-02-04 17:37:02] [Epoch   441/  500] trn/loss 1.328e-02, trn/lr 1.036e-03, val/acc 5.997e-01, val/nll 2.333e+00
[2023-02-04 17:37:07] [Epoch   442/  500] trn/loss 1.307e-02, trn/lr 1.002e-03, val/acc 5.986e-01, val/nll 2.328e+00
[2023-02-04 17:37:12] [Epoch   443/  500] trn/loss 1.308e-02, trn/lr 9.685e-04, val/acc 6.009e-01, val/nll 2.329e+00
[2023-02-04 17:37:17] [Epoch   444/  500] trn/loss 1.282e-02, trn/lr 9.354e-04, val/acc 5.994e-01, val/nll 2.330e+00
[2023-02-04 17:37:22] [Epoch   445/  500] trn/loss 1.334e-02, trn/lr 9.029e-04, val/acc 5.996e-01, val/nll 2.324e+00
[2023-02-04 17:37:28] [Epoch   446/  500] trn/loss 1.318e-02, trn/lr 8.710e-04, val/acc 6.012e-01, val/nll 2.331e+00
[2023-02-04 17:37:33] [Epoch   447/  500] trn/loss 1.314e-02, trn/lr 8.396e-04, val/acc 6.002e-01, val/nll 2.331e+00
[2023-02-04 17:37:38] [Epoch   448/  500] trn/loss 1.327e-02, trn/lr 8.088e-04, val/acc 6.010e-01, val/nll 2.324e+00
[2023-02-04 17:37:43] [Epoch   449/  500] trn/loss 1.329e-02, trn/lr 7.786e-04, val/acc 5.991e-01, val/nll 2.325e+00
[2023-02-04 17:37:48] [Epoch   450/  500] trn/loss 1.318e-02, trn/lr 7.489e-04, val/acc 5.998e-01, val/nll 2.329e+00
[2023-02-04 17:37:53] [Epoch   451/  500] trn/loss 1.272e-02, trn/lr 7.198e-04, val/acc 5.998e-01, val/nll 2.329e+00
[2023-02-04 17:37:59] [Epoch   452/  500] trn/loss 1.291e-02, trn/lr 6.912e-04, val/acc 6.000e-01, val/nll 2.330e+00
[2023-02-04 17:38:04] [Epoch   453/  500] trn/loss 1.310e-02, trn/lr 6.632e-04, val/acc 6.017e-01, val/nll 2.324e+00
[2023-02-04 17:38:09] [Epoch   454/  500] trn/loss 1.323e-02, trn/lr 6.358e-04, val/acc 6.001e-01, val/nll 2.330e+00
[2023-02-04 17:38:14] [Epoch   455/  500] trn/loss 1.295e-02, trn/lr 6.089e-04, val/acc 5.999e-01, val/nll 2.330e+00
[2023-02-04 17:38:19] [Epoch   456/  500] trn/loss 1.307e-02, trn/lr 5.826e-04, val/acc 5.994e-01, val/nll 2.332e+00
[2023-02-04 17:38:24] [Epoch   457/  500] trn/loss 1.305e-02, trn/lr 5.569e-04, val/acc 6.006e-01, val/nll 2.330e+00
[2023-02-04 17:38:30] [Epoch   458/  500] trn/loss 1.295e-02, trn/lr 5.317e-04, val/acc 5.987e-01, val/nll 2.325e+00
[2023-02-04 17:38:35] [Epoch   459/  500] trn/loss 1.303e-02, trn/lr 5.072e-04, val/acc 5.993e-01, val/nll 2.330e+00
[2023-02-04 17:38:40] [Epoch   460/  500] trn/loss 1.287e-02, trn/lr 4.831e-04, val/acc 5.998e-01, val/nll 2.323e+00
[2023-02-04 17:38:45] [Epoch   461/  500] trn/loss 1.297e-02, trn/lr 4.597e-04, val/acc 5.981e-01, val/nll 2.332e+00
[2023-02-04 17:38:50] [Epoch   462/  500] trn/loss 1.297e-02, trn/lr 4.368e-04, val/acc 6.002e-01, val/nll 2.328e+00
[2023-02-04 17:38:55] [Epoch   463/  500] trn/loss 1.307e-02, trn/lr 4.145e-04, val/acc 6.001e-01, val/nll 2.321e+00
[2023-02-04 17:39:01] [Epoch   464/  500] trn/loss 1.320e-02, trn/lr 3.928e-04, val/acc 6.007e-01, val/nll 2.324e+00
[2023-02-04 17:39:06] [Epoch   465/  500] trn/loss 1.328e-02, trn/lr 3.717e-04, val/acc 5.983e-01, val/nll 2.322e+00
[2023-02-04 17:39:11] [Epoch   466/  500] trn/loss 1.322e-02, trn/lr 3.511e-04, val/acc 5.999e-01, val/nll 2.326e+00
[2023-02-04 17:39:16] [Epoch   467/  500] trn/loss 1.292e-02, trn/lr 3.311e-04, val/acc 5.990e-01, val/nll 2.325e+00
[2023-02-04 17:39:21] [Epoch   468/  500] trn/loss 1.303e-02, trn/lr 3.117e-04, val/acc 5.986e-01, val/nll 2.321e+00
[2023-02-04 17:39:27] [Epoch   469/  500] trn/loss 1.292e-02, trn/lr 2.929e-04, val/acc 5.989e-01, val/nll 2.321e+00
[2023-02-04 17:39:32] [Epoch   470/  500] trn/loss 1.272e-02, trn/lr 2.747e-04, val/acc 6.002e-01, val/nll 2.327e+00
[2023-02-04 17:39:37] [Epoch   471/  500] trn/loss 1.257e-02, trn/lr 2.570e-04, val/acc 6.011e-01, val/nll 2.322e+00
[2023-02-04 17:39:42] [Epoch   472/  500] trn/loss 1.291e-02, trn/lr 2.399e-04, val/acc 6.008e-01, val/nll 2.327e+00
[2023-02-04 17:39:47] [Epoch   473/  500] trn/loss 1.272e-02, trn/lr 2.234e-04, val/acc 6.013e-01, val/nll 2.322e+00
[2023-02-04 17:39:52] [Epoch   474/  500] trn/loss 1.269e-02, trn/lr 2.075e-04, val/acc 6.018e-01, val/nll 2.326e+00
[2023-02-04 17:39:58] [Epoch   475/  500] trn/loss 1.273e-02, trn/lr 1.922e-04, val/acc 5.997e-01, val/nll 2.320e+00
[2023-02-04 17:40:03] [Epoch   476/  500] trn/loss 1.278e-02, trn/lr 1.774e-04, val/acc 6.015e-01, val/nll 2.326e+00
[2023-02-04 17:40:08] [Epoch   477/  500] trn/loss 1.274e-02, trn/lr 1.633e-04, val/acc 5.993e-01, val/nll 2.325e+00
[2023-02-04 17:40:13] [Epoch   478/  500] trn/loss 1.269e-02, trn/lr 1.497e-04, val/acc 5.999e-01, val/nll 2.323e+00
[2023-02-04 17:40:18] [Epoch   479/  500] trn/loss 1.250e-02, trn/lr 1.367e-04, val/acc 6.023e-01, val/nll 2.322e+00
[2023-02-04 17:40:23] [Epoch   480/  500] trn/loss 1.263e-02, trn/lr 1.243e-04, val/acc 5.996e-01, val/nll 2.328e+00
[2023-02-04 17:40:29] [Epoch   481/  500] trn/loss 1.261e-02, trn/lr 1.125e-04, val/acc 6.006e-01, val/nll 2.327e+00
[2023-02-04 17:40:34] [Epoch   482/  500] trn/loss 1.263e-02, trn/lr 1.013e-04, val/acc 5.992e-01, val/nll 2.321e+00
[2023-02-04 17:40:39] [Epoch   483/  500] trn/loss 1.232e-02, trn/lr 9.064e-05, val/acc 6.010e-01, val/nll 2.327e+00
[2023-02-04 17:40:44] [Epoch   484/  500] trn/loss 1.264e-02, trn/lr 8.059e-05, val/acc 5.999e-01, val/nll 2.326e+00
[2023-02-04 17:40:49] [Epoch   485/  500] trn/loss 1.281e-02, trn/lr 7.113e-05, val/acc 5.986e-01, val/nll 2.325e+00
[2023-02-04 17:40:54] [Epoch   486/  500] trn/loss 1.255e-02, trn/lr 6.226e-05, val/acc 6.008e-01, val/nll 2.327e+00
[2023-02-04 17:41:00] [Epoch   487/  500] trn/loss 1.227e-02, trn/lr 5.398e-05, val/acc 6.009e-01, val/nll 2.327e+00
[2023-02-04 17:41:05] [Epoch   488/  500] trn/loss 1.259e-02, trn/lr 4.629e-05, val/acc 5.998e-01, val/nll 2.327e+00
[2023-02-04 17:41:10] [Epoch   489/  500] trn/loss 1.247e-02, trn/lr 3.919e-05, val/acc 6.006e-01, val/nll 2.324e+00
[2023-02-04 17:41:15] [Epoch   490/  500] trn/loss 1.261e-02, trn/lr 3.268e-05, val/acc 6.000e-01, val/nll 2.327e+00
[2023-02-04 17:41:20] [Epoch   491/  500] trn/loss 1.284e-02, trn/lr 2.676e-05, val/acc 6.008e-01, val/nll 2.322e+00
[2023-02-04 17:41:26] [Epoch   492/  500] trn/loss 1.304e-02, trn/lr 2.143e-05, val/acc 5.983e-01, val/nll 2.318e+00
[2023-02-04 17:41:31] [Epoch   493/  500] trn/loss 1.279e-02, trn/lr 1.669e-05, val/acc 6.004e-01, val/nll 2.327e+00
[2023-02-04 17:41:36] [Epoch   494/  500] trn/loss 1.270e-02, trn/lr 1.254e-05, val/acc 5.992e-01, val/nll 2.324e+00
[2023-02-04 17:41:41] [Epoch   495/  500] trn/loss 1.243e-02, trn/lr 8.991e-06, val/acc 6.011e-01, val/nll 2.326e+00
[2023-02-04 17:41:46] [Epoch   496/  500] trn/loss 1.255e-02, trn/lr 6.028e-06, val/acc 5.994e-01, val/nll 2.330e+00
[2023-02-04 17:41:51] [Epoch   497/  500] trn/loss 1.211e-02, trn/lr 3.658e-06, val/acc 5.985e-01, val/nll 2.326e+00
[2023-02-04 17:41:57] [Epoch   498/  500] trn/loss 1.276e-02, trn/lr 1.880e-06, val/acc 6.006e-01, val/nll 2.327e+00
[2023-02-04 17:42:02] [Epoch   499/  500] trn/loss 1.301e-02, trn/lr 6.936e-07, val/acc 5.999e-01, val/nll 2.325e+00
[2023-02-04 17:42:07] [Epoch   500/  500] trn/loss 1.286e-02, trn/lr 9.964e-08, val/acc 6.010e-01, val/nll 2.326e+00
