[2023-02-16 23:29:38] Environments:
------------  ------------------------------------------------------------
sys.platform  linux
Python        3.8.10 (default, Nov 14 2022, 12:59:47) [GCC 9.4.0]
JAX           0.4.2 @/home/giung/.local/lib/python3.8/site-packages/jax
jaxlib        0.4.2 @/home/giung/.local/lib/python3.8/site-packages/jaxlib
Flax          0.6.4 @/home/giung/.local/lib/python3.8/site-packages/flax
Optax         0.1.4 @/home/giung/.local/lib/python3.8/site-packages/optax
------------  ------------------------------------------------------------

[2023-02-16 23:29:38] Command line arguments:
- args.data_root          : ./data/
- args.data_name          : CIFAR10_x32
- args.data_augmentation  : standard
- args.data_proportional  : 1.0
- args.model_depth        : 20
- args.model_width        : 4
- args.model_style        : BN-ReLU
- args.optim_bs           : 256
- args.optim_ne           : 200
- args.optim_lr           : 3.0
- args.optim_b1           : 0.97
- args.optim_b2           : 0.999
- args.optim_eps          : 0.1
- args.optim_weight_decay : 0.0003
- args.rho                : 0.01
- args.num_data_factor    : 1.0
- args.save               : /home/giung/giung2-dev/projects/sam/save/CIFAR10_x32/R20x4-BN-ReLU/BayesSAM/bs-0256_ne-0200_lr-3.00_b1-0.970_b2-0.999_wd-0.0003_eps-1e-1_rho-0.0100_factor-1.0_fp32/42
- args.seed               : 42
- args.precision          : fp32

[2023-02-16 23:29:52] Multiple local devices are detected:
[TpuDevice(id=0, process_index=0, coords=(0,0,0), core_on_chip=0), TpuDevice(id=1, process_index=0, coords=(0,0,0), core_on_chip=1), TpuDevice(id=2, process_index=0, coords=(1,0,0), core_on_chip=0), TpuDevice(id=3, process_index=0, coords=(1,0,0), core_on_chip=1), TpuDevice(id=4, process_index=0, coords=(0,1,0), core_on_chip=0), TpuDevice(id=5, process_index=0, coords=(0,1,0), core_on_chip=1), TpuDevice(id=6, process_index=0, coords=(1,1,0), core_on_chip=0), TpuDevice(id=7, process_index=0, coords=(1,1,0), core_on_chip=1)]

[2023-02-16 23:31:02] [Epoch     1/  200] trn/loss 1.836e+00, trn/lr 3.000e+00, trn/scale 9.322e-01, val/acc 4.697e-01, val/nll 1.499e+00 (best_acc: 0.000e+00 -> 4.697e-01, test_acc: 4.664e-01, test_nll: 1.511e+00)
[2023-02-16 23:31:11] [Epoch     2/  200] trn/loss 1.337e+00, trn/lr 3.000e+00, trn/scale 8.092e-01, val/acc 5.343e-01, val/nll 1.416e+00 (best_acc: 4.697e-01 -> 5.343e-01, test_acc: 5.304e-01, test_nll: 1.414e+00)
[2023-02-16 23:31:21] [Epoch     3/  200] trn/loss 1.041e+00, trn/lr 2.999e+00, trn/scale 7.044e-01, val/acc 6.319e-01, val/nll 1.083e+00 (best_acc: 5.343e-01 -> 6.319e-01, test_acc: 6.235e-01, test_nll: 1.105e+00)
[2023-02-16 23:31:30] [Epoch     4/  200] trn/loss 8.403e-01, trn/lr 2.998e+00, trn/scale 6.151e-01, val/acc 6.913e-01, val/nll 9.151e-01 (best_acc: 6.319e-01 -> 6.913e-01, test_acc: 6.869e-01, test_nll: 9.437e-01)
[2023-02-16 23:31:38] [Epoch     5/  200] trn/loss 7.551e-01, trn/lr 2.996e+00, trn/scale 5.390e-01, val/acc 6.497e-01, val/nll 1.091e+00
[2023-02-16 23:31:47] [Epoch     6/  200] trn/loss 6.908e-01, trn/lr 2.994e+00, trn/scale 4.742e-01, val/acc 7.530e-01, val/nll 7.371e-01 (best_acc: 6.913e-01 -> 7.530e-01, test_acc: 7.488e-01, test_nll: 7.346e-01)
[2023-02-16 23:31:57] [Epoch     7/  200] trn/loss 6.389e-01, trn/lr 2.992e+00, trn/scale 4.189e-01, val/acc 7.601e-01, val/nll 7.027e-01 (best_acc: 7.530e-01 -> 7.601e-01, test_acc: 7.585e-01, test_nll: 7.099e-01)
[2023-02-16 23:32:05] [Epoch     8/  200] trn/loss 6.212e-01, trn/lr 2.990e+00, trn/scale 3.718e-01, val/acc 7.209e-01, val/nll 8.291e-01
[2023-02-16 23:32:13] [Epoch     9/  200] trn/loss 6.505e-01, trn/lr 2.987e+00, trn/scale 3.317e-01, val/acc 7.183e-01, val/nll 8.556e-01
[2023-02-16 23:32:21] [Epoch    10/  200] trn/loss 6.489e-01, trn/lr 2.983e+00, trn/scale 2.975e-01, val/acc 7.186e-01, val/nll 8.878e-01
[2023-02-16 23:32:29] [Epoch    11/  200] trn/loss 6.663e-01, trn/lr 2.980e+00, trn/scale 2.684e-01, val/acc 6.710e-01, val/nll 1.084e+00
[2023-02-16 23:32:38] [Epoch    12/  200] trn/loss 6.799e-01, trn/lr 2.976e+00, trn/scale 2.436e-01, val/acc 5.567e-01, val/nll 1.824e+00
[2023-02-16 23:32:46] [Epoch    13/  200] trn/loss 6.847e-01, trn/lr 2.971e+00, trn/scale 2.224e-01, val/acc 6.428e-01, val/nll 1.180e+00
[2023-02-16 23:32:54] [Epoch    14/  200] trn/loss 7.326e-01, trn/lr 2.966e+00, trn/scale 2.044e-01, val/acc 6.356e-01, val/nll 1.119e+00
[2023-02-16 23:33:02] [Epoch    15/  200] trn/loss 7.294e-01, trn/lr 2.961e+00, trn/scale 1.890e-01, val/acc 5.827e-01, val/nll 1.348e+00
[2023-02-16 23:33:10] [Epoch    16/  200] trn/loss 7.746e-01, trn/lr 2.956e+00, trn/scale 1.759e-01, val/acc 5.237e-01, val/nll 1.765e+00
[2023-02-16 23:33:19] [Epoch    17/  200] trn/loss 7.888e-01, trn/lr 2.950e+00, trn/scale 1.648e-01, val/acc 5.905e-01, val/nll 1.561e+00
[2023-02-16 23:33:27] [Epoch    18/  200] trn/loss 7.941e-01, trn/lr 2.944e+00, trn/scale 1.553e-01, val/acc 5.511e-01, val/nll 1.548e+00
[2023-02-16 23:33:35] [Epoch    19/  200] trn/loss 7.882e-01, trn/lr 2.937e+00, trn/scale 1.472e-01, val/acc 5.314e-01, val/nll 1.725e+00
[2023-02-16 23:33:43] [Epoch    20/  200] trn/loss 8.344e-01, trn/lr 2.930e+00, trn/scale 1.403e-01, val/acc 6.285e-01, val/nll 1.125e+00
[2023-02-16 23:33:51] [Epoch    21/  200] trn/loss 8.515e-01, trn/lr 2.923e+00, trn/scale 1.344e-01, val/acc 4.378e-01, val/nll 2.152e+00
[2023-02-16 23:34:00] [Epoch    22/  200] trn/loss 8.790e-01, trn/lr 2.915e+00, trn/scale 1.294e-01, val/acc 5.907e-01, val/nll 1.281e+00
[2023-02-16 23:34:08] [Epoch    23/  200] trn/loss 9.116e-01, trn/lr 2.907e+00, trn/scale 1.251e-01, val/acc 6.048e-01, val/nll 1.260e+00
[2023-02-16 23:34:16] [Epoch    24/  200] trn/loss 9.134e-01, trn/lr 2.899e+00, trn/scale 1.215e-01, val/acc 5.243e-01, val/nll 1.983e+00
[2023-02-16 23:34:24] [Epoch    25/  200] trn/loss 9.307e-01, trn/lr 2.890e+00, trn/scale 1.184e-01, val/acc 6.303e-01, val/nll 1.154e+00
[2023-02-16 23:34:32] [Epoch    26/  200] trn/loss 9.064e-01, trn/lr 2.881e+00, trn/scale 1.157e-01, val/acc 5.825e-01, val/nll 1.179e+00
[2023-02-16 23:34:41] [Epoch    27/  200] trn/loss 9.438e-01, trn/lr 2.872e+00, trn/scale 1.135e-01, val/acc 6.097e-01, val/nll 1.207e+00
[2023-02-16 23:34:49] [Epoch    28/  200] trn/loss 9.228e-01, trn/lr 2.862e+00, trn/scale 1.115e-01, val/acc 5.337e-01, val/nll 1.443e+00
[2023-02-16 23:34:57] [Epoch    29/  200] trn/loss 9.438e-01, trn/lr 2.852e+00, trn/scale 1.099e-01, val/acc 5.613e-01, val/nll 1.556e+00
[2023-02-16 23:35:05] [Epoch    30/  200] trn/loss 9.240e-01, trn/lr 2.842e+00, trn/scale 1.085e-01, val/acc 4.865e-01, val/nll 1.796e+00
[2023-02-16 23:35:13] [Epoch    31/  200] trn/loss 9.745e-01, trn/lr 2.831e+00, trn/scale 1.073e-01, val/acc 5.022e-01, val/nll 1.618e+00
[2023-02-16 23:35:21] [Epoch    32/  200] trn/loss 9.493e-01, trn/lr 2.820e+00, trn/scale 1.063e-01, val/acc 3.782e-01, val/nll 3.463e+00
[2023-02-16 23:35:30] [Epoch    33/  200] trn/loss 9.972e-01, trn/lr 2.809e+00, trn/scale 1.054e-01, val/acc 6.111e-01, val/nll 1.217e+00
[2023-02-16 23:35:38] [Epoch    34/  200] trn/loss 9.648e-01, trn/lr 2.797e+00, trn/scale 1.047e-01, val/acc 4.907e-01, val/nll 1.880e+00
[2023-02-16 23:35:46] [Epoch    35/  200] trn/loss 9.881e-01, trn/lr 2.785e+00, trn/scale 1.040e-01, val/acc 4.770e-01, val/nll 1.919e+00
[2023-02-16 23:35:54] [Epoch    36/  200] trn/loss 1.017e+00, trn/lr 2.773e+00, trn/scale 1.035e-01, val/acc 5.867e-01, val/nll 1.287e+00
[2023-02-16 23:36:03] [Epoch    37/  200] trn/loss 9.723e-01, trn/lr 2.760e+00, trn/scale 1.030e-01, val/acc 3.644e-01, val/nll 3.977e+00
[2023-02-16 23:36:11] [Epoch    38/  200] trn/loss 1.011e+00, trn/lr 2.747e+00, trn/scale 1.027e-01, val/acc 4.364e-01, val/nll 2.118e+00
[2023-02-16 23:36:19] [Epoch    39/  200] trn/loss 1.007e+00, trn/lr 2.734e+00, trn/scale 1.023e-01, val/acc 6.060e-01, val/nll 1.133e+00
[2023-02-16 23:36:27] [Epoch    40/  200] trn/loss 9.957e-01, trn/lr 2.720e+00, trn/scale 1.020e-01, val/acc 4.550e-01, val/nll 1.884e+00
[2023-02-16 23:36:35] [Epoch    41/  200] trn/loss 9.952e-01, trn/lr 2.707e+00, trn/scale 1.018e-01, val/acc 4.708e-01, val/nll 1.861e+00
[2023-02-16 23:36:44] [Epoch    42/  200] trn/loss 9.923e-01, trn/lr 2.692e+00, trn/scale 1.016e-01, val/acc 5.175e-01, val/nll 1.548e+00
[2023-02-16 23:36:52] [Epoch    43/  200] trn/loss 9.930e-01, trn/lr 2.678e+00, trn/scale 1.014e-01, val/acc 4.330e-01, val/nll 1.951e+00
[2023-02-16 23:37:00] [Epoch    44/  200] trn/loss 1.021e+00, trn/lr 2.663e+00, trn/scale 1.013e-01, val/acc 5.773e-01, val/nll 1.326e+00
[2023-02-16 23:37:08] [Epoch    45/  200] trn/loss 9.955e-01, trn/lr 2.648e+00, trn/scale 1.011e-01, val/acc 5.371e-01, val/nll 1.380e+00
[2023-02-16 23:37:16] [Epoch    46/  200] trn/loss 1.004e+00, trn/lr 2.633e+00, trn/scale 1.010e-01, val/acc 3.924e-01, val/nll 2.252e+00
[2023-02-16 23:37:25] [Epoch    47/  200] trn/loss 1.024e+00, trn/lr 2.617e+00, trn/scale 1.009e-01, val/acc 5.048e-01, val/nll 1.616e+00
[2023-02-16 23:37:33] [Epoch    48/  200] trn/loss 1.017e+00, trn/lr 2.602e+00, trn/scale 1.008e-01, val/acc 4.450e-01, val/nll 1.815e+00
[2023-02-16 23:37:41] [Epoch    49/  200] trn/loss 1.021e+00, trn/lr 2.585e+00, trn/scale 1.008e-01, val/acc 5.228e-01, val/nll 1.533e+00
[2023-02-16 23:37:49] [Epoch    50/  200] trn/loss 1.007e+00, trn/lr 2.569e+00, trn/scale 1.007e-01, val/acc 3.095e-01, val/nll 3.884e+00
[2023-02-16 23:37:57] [Epoch    51/  200] trn/loss 1.010e+00, trn/lr 2.552e+00, trn/scale 1.007e-01, val/acc 3.605e-01, val/nll 2.559e+00
[2023-02-16 23:38:06] [Epoch    52/  200] trn/loss 1.005e+00, trn/lr 2.535e+00, trn/scale 1.006e-01, val/acc 2.925e-01, val/nll 3.741e+00
[2023-02-16 23:38:14] [Epoch    53/  200] trn/loss 9.894e-01, trn/lr 2.518e+00, trn/scale 1.006e-01, val/acc 5.837e-01, val/nll 1.254e+00
[2023-02-16 23:38:22] [Epoch    54/  200] trn/loss 1.015e+00, trn/lr 2.501e+00, trn/scale 1.005e-01, val/acc 4.813e-01, val/nll 1.628e+00
[2023-02-16 23:38:30] [Epoch    55/  200] trn/loss 9.929e-01, trn/lr 2.483e+00, trn/scale 1.005e-01, val/acc 5.015e-01, val/nll 1.684e+00
[2023-02-16 23:38:38] [Epoch    56/  200] trn/loss 1.013e+00, trn/lr 2.465e+00, trn/scale 1.005e-01, val/acc 5.360e-01, val/nll 1.431e+00
[2023-02-16 23:38:46] [Epoch    57/  200] trn/loss 9.689e-01, trn/lr 2.447e+00, trn/scale 1.005e-01, val/acc 5.296e-01, val/nll 1.713e+00
[2023-02-16 23:38:55] [Epoch    58/  200] trn/loss 1.010e+00, trn/lr 2.429e+00, trn/scale 1.005e-01, val/acc 6.020e-01, val/nll 1.184e+00
[2023-02-16 23:39:03] [Epoch    59/  200] trn/loss 9.877e-01, trn/lr 2.410e+00, trn/scale 1.004e-01, val/acc 2.667e-01, val/nll 3.452e+00
[2023-02-16 23:39:11] [Epoch    60/  200] trn/loss 9.796e-01, trn/lr 2.391e+00, trn/scale 1.004e-01, val/acc 3.032e-01, val/nll 3.059e+00
[2023-02-16 23:39:19] [Epoch    61/  200] trn/loss 1.007e+00, trn/lr 2.372e+00, trn/scale 1.004e-01, val/acc 5.699e-01, val/nll 1.314e+00
[2023-02-16 23:39:27] [Epoch    62/  200] trn/loss 9.911e-01, trn/lr 2.353e+00, trn/scale 1.004e-01, val/acc 4.975e-01, val/nll 1.715e+00
[2023-02-16 23:39:35] [Epoch    63/  200] trn/loss 9.892e-01, trn/lr 2.333e+00, trn/scale 1.004e-01, val/acc 5.248e-01, val/nll 1.583e+00
[2023-02-16 23:39:44] [Epoch    64/  200] trn/loss 9.863e-01, trn/lr 2.314e+00, trn/scale 1.004e-01, val/acc 4.842e-01, val/nll 1.749e+00
[2023-02-16 23:39:52] [Epoch    65/  200] trn/loss 9.848e-01, trn/lr 2.294e+00, trn/scale 1.004e-01, val/acc 4.731e-01, val/nll 1.742e+00
[2023-02-16 23:40:00] [Epoch    66/  200] trn/loss 1.013e+00, trn/lr 2.274e+00, trn/scale 1.004e-01, val/acc 5.879e-01, val/nll 1.343e+00
[2023-02-16 23:40:08] [Epoch    67/  200] trn/loss 9.840e-01, trn/lr 2.253e+00, trn/scale 1.004e-01, val/acc 3.956e-01, val/nll 2.076e+00
[2023-02-16 23:40:16] [Epoch    68/  200] trn/loss 9.698e-01, trn/lr 2.233e+00, trn/scale 1.004e-01, val/acc 4.502e-01, val/nll 1.743e+00
[2023-02-16 23:40:25] [Epoch    69/  200] trn/loss 9.541e-01, trn/lr 2.212e+00, trn/scale 1.004e-01, val/acc 4.926e-01, val/nll 1.511e+00
[2023-02-16 23:40:33] [Epoch    70/  200] trn/loss 9.623e-01, trn/lr 2.192e+00, trn/scale 1.004e-01, val/acc 4.377e-01, val/nll 2.031e+00
[2023-02-16 23:40:41] [Epoch    71/  200] trn/loss 9.791e-01, trn/lr 2.171e+00, trn/scale 1.004e-01, val/acc 4.419e-01, val/nll 1.677e+00
[2023-02-16 23:40:49] [Epoch    72/  200] trn/loss 9.778e-01, trn/lr 2.149e+00, trn/scale 1.004e-01, val/acc 6.134e-01, val/nll 1.221e+00
[2023-02-16 23:40:57] [Epoch    73/  200] trn/loss 9.831e-01, trn/lr 2.128e+00, trn/scale 1.004e-01, val/acc 3.712e-01, val/nll 2.243e+00
[2023-02-16 23:41:05] [Epoch    74/  200] trn/loss 9.558e-01, trn/lr 2.107e+00, trn/scale 1.004e-01, val/acc 5.981e-01, val/nll 1.220e+00
[2023-02-16 23:41:14] [Epoch    75/  200] trn/loss 9.633e-01, trn/lr 2.085e+00, trn/scale 1.004e-01, val/acc 5.856e-01, val/nll 1.176e+00
[2023-02-16 23:41:22] [Epoch    76/  200] trn/loss 9.664e-01, trn/lr 2.063e+00, trn/scale 1.004e-01, val/acc 5.082e-01, val/nll 1.759e+00
[2023-02-16 23:41:30] [Epoch    77/  200] trn/loss 9.467e-01, trn/lr 2.041e+00, trn/scale 1.004e-01, val/acc 3.461e-01, val/nll 2.901e+00
[2023-02-16 23:41:38] [Epoch    78/  200] trn/loss 9.663e-01, trn/lr 2.019e+00, trn/scale 1.004e-01, val/acc 5.207e-01, val/nll 1.360e+00
[2023-02-16 23:41:46] [Epoch    79/  200] trn/loss 9.325e-01, trn/lr 1.997e+00, trn/scale 1.004e-01, val/acc 6.218e-01, val/nll 1.113e+00
[2023-02-16 23:41:55] [Epoch    80/  200] trn/loss 9.426e-01, trn/lr 1.975e+00, trn/scale 1.004e-01, val/acc 4.813e-01, val/nll 1.935e+00
[2023-02-16 23:42:03] [Epoch    81/  200] trn/loss 9.479e-01, trn/lr 1.952e+00, trn/scale 1.004e-01, val/acc 4.836e-01, val/nll 1.758e+00
[2023-02-16 23:42:11] [Epoch    82/  200] trn/loss 9.335e-01, trn/lr 1.930e+00, trn/scale 1.004e-01, val/acc 5.489e-01, val/nll 1.447e+00
[2023-02-16 23:42:19] [Epoch    83/  200] trn/loss 9.253e-01, trn/lr 1.907e+00, trn/scale 1.004e-01, val/acc 5.876e-01, val/nll 1.285e+00
[2023-02-16 23:42:27] [Epoch    84/  200] trn/loss 9.506e-01, trn/lr 1.885e+00, trn/scale 1.004e-01, val/acc 5.190e-01, val/nll 1.486e+00
[2023-02-16 23:42:36] [Epoch    85/  200] trn/loss 9.420e-01, trn/lr 1.862e+00, trn/scale 1.004e-01, val/acc 6.344e-01, val/nll 1.051e+00
[2023-02-16 23:42:44] [Epoch    86/  200] trn/loss 9.266e-01, trn/lr 1.839e+00, trn/scale 1.004e-01, val/acc 4.273e-01, val/nll 2.073e+00
[2023-02-16 23:42:52] [Epoch    87/  200] trn/loss 9.243e-01, trn/lr 1.816e+00, trn/scale 1.004e-01, val/acc 5.136e-01, val/nll 1.670e+00
[2023-02-16 23:43:00] [Epoch    88/  200] trn/loss 9.300e-01, trn/lr 1.793e+00, trn/scale 1.004e-01, val/acc 5.409e-01, val/nll 1.502e+00
[2023-02-16 23:43:08] [Epoch    89/  200] trn/loss 9.216e-01, trn/lr 1.770e+00, trn/scale 1.004e-01, val/acc 5.793e-01, val/nll 1.358e+00
[2023-02-16 23:43:16] [Epoch    90/  200] trn/loss 9.373e-01, trn/lr 1.746e+00, trn/scale 1.004e-01, val/acc 6.104e-01, val/nll 1.210e+00
[2023-02-16 23:43:25] [Epoch    91/  200] trn/loss 9.054e-01, trn/lr 1.723e+00, trn/scale 1.004e-01, val/acc 4.994e-01, val/nll 1.708e+00
[2023-02-16 23:43:33] [Epoch    92/  200] trn/loss 9.096e-01, trn/lr 1.700e+00, trn/scale 1.004e-01, val/acc 4.140e-01, val/nll 1.943e+00
[2023-02-16 23:43:41] [Epoch    93/  200] trn/loss 8.932e-01, trn/lr 1.676e+00, trn/scale 1.004e-01, val/acc 5.278e-01, val/nll 1.404e+00
[2023-02-16 23:43:49] [Epoch    94/  200] trn/loss 8.914e-01, trn/lr 1.653e+00, trn/scale 1.004e-01, val/acc 4.775e-01, val/nll 1.644e+00
[2023-02-16 23:43:57] [Epoch    95/  200] trn/loss 9.054e-01, trn/lr 1.630e+00, trn/scale 1.004e-01, val/acc 5.933e-01, val/nll 1.262e+00
[2023-02-16 23:44:05] [Epoch    96/  200] trn/loss 8.807e-01, trn/lr 1.606e+00, trn/scale 1.004e-01, val/acc 6.638e-01, val/nll 1.032e+00
[2023-02-16 23:44:14] [Epoch    97/  200] trn/loss 8.999e-01, trn/lr 1.582e+00, trn/scale 1.004e-01, val/acc 4.606e-01, val/nll 1.925e+00
[2023-02-16 23:44:22] [Epoch    98/  200] trn/loss 8.674e-01, trn/lr 1.559e+00, trn/scale 1.004e-01, val/acc 6.487e-01, val/nll 1.054e+00
[2023-02-16 23:44:30] [Epoch    99/  200] trn/loss 8.717e-01, trn/lr 1.535e+00, trn/scale 1.004e-01, val/acc 4.848e-01, val/nll 1.858e+00
[2023-02-16 23:44:38] [Epoch   100/  200] trn/loss 8.832e-01, trn/lr 1.512e+00, trn/scale 1.004e-01, val/acc 6.013e-01, val/nll 1.127e+00
[2023-02-16 23:44:46] [Epoch   101/  200] trn/loss 8.659e-01, trn/lr 1.488e+00, trn/scale 1.004e-01, val/acc 5.803e-01, val/nll 1.284e+00
[2023-02-16 23:44:54] [Epoch   102/  200] trn/loss 8.574e-01, trn/lr 1.465e+00, trn/scale 1.004e-01, val/acc 6.327e-01, val/nll 1.066e+00
[2023-02-16 23:45:03] [Epoch   103/  200] trn/loss 8.763e-01, trn/lr 1.441e+00, trn/scale 1.004e-01, val/acc 6.206e-01, val/nll 1.155e+00
[2023-02-16 23:45:11] [Epoch   104/  200] trn/loss 8.540e-01, trn/lr 1.418e+00, trn/scale 1.004e-01, val/acc 6.934e-01, val/nll 8.963e-01
[2023-02-16 23:45:19] [Epoch   105/  200] trn/loss 8.563e-01, trn/lr 1.394e+00, trn/scale 1.004e-01, val/acc 5.035e-01, val/nll 2.188e+00
[2023-02-16 23:45:27] [Epoch   106/  200] trn/loss 8.381e-01, trn/lr 1.371e+00, trn/scale 1.004e-01, val/acc 4.749e-01, val/nll 1.837e+00
[2023-02-16 23:45:35] [Epoch   107/  200] trn/loss 8.398e-01, trn/lr 1.347e+00, trn/scale 1.004e-01, val/acc 6.322e-01, val/nll 1.112e+00
[2023-02-16 23:45:44] [Epoch   108/  200] trn/loss 8.349e-01, trn/lr 1.324e+00, trn/scale 1.004e-01, val/acc 5.576e-01, val/nll 1.564e+00
[2023-02-16 23:45:52] [Epoch   109/  200] trn/loss 8.398e-01, trn/lr 1.300e+00, trn/scale 1.004e-01, val/acc 5.938e-01, val/nll 1.255e+00
[2023-02-16 23:46:00] [Epoch   110/  200] trn/loss 8.209e-01, trn/lr 1.277e+00, trn/scale 1.004e-01, val/acc 5.510e-01, val/nll 1.644e+00
[2023-02-16 23:46:08] [Epoch   111/  200] trn/loss 8.208e-01, trn/lr 1.254e+00, trn/scale 1.004e-01, val/acc 5.092e-01, val/nll 1.937e+00
[2023-02-16 23:46:16] [Epoch   112/  200] trn/loss 8.389e-01, trn/lr 1.231e+00, trn/scale 1.004e-01, val/acc 6.402e-01, val/nll 1.070e+00
[2023-02-16 23:46:24] [Epoch   113/  200] trn/loss 8.198e-01, trn/lr 1.207e+00, trn/scale 1.004e-01, val/acc 6.736e-01, val/nll 9.639e-01
[2023-02-16 23:46:33] [Epoch   114/  200] trn/loss 8.174e-01, trn/lr 1.184e+00, trn/scale 1.004e-01, val/acc 5.409e-01, val/nll 1.717e+00
[2023-02-16 23:46:41] [Epoch   115/  200] trn/loss 8.085e-01, trn/lr 1.161e+00, trn/scale 1.004e-01, val/acc 5.607e-01, val/nll 1.499e+00
[2023-02-16 23:46:49] [Epoch   116/  200] trn/loss 7.920e-01, trn/lr 1.138e+00, trn/scale 1.004e-01, val/acc 5.248e-01, val/nll 1.802e+00
[2023-02-16 23:46:57] [Epoch   117/  200] trn/loss 7.901e-01, trn/lr 1.116e+00, trn/scale 1.004e-01, val/acc 6.051e-01, val/nll 1.200e+00
[2023-02-16 23:47:05] [Epoch   118/  200] trn/loss 7.852e-01, trn/lr 1.093e+00, trn/scale 1.004e-01, val/acc 6.644e-01, val/nll 1.064e+00
[2023-02-16 23:47:14] [Epoch   119/  200] trn/loss 7.779e-01, trn/lr 1.070e+00, trn/scale 1.004e-01, val/acc 6.665e-01, val/nll 9.716e-01
[2023-02-16 23:47:22] [Epoch   120/  200] trn/loss 7.639e-01, trn/lr 1.048e+00, trn/scale 1.004e-01, val/acc 6.379e-01, val/nll 1.064e+00
[2023-02-16 23:47:30] [Epoch   121/  200] trn/loss 7.768e-01, trn/lr 1.025e+00, trn/scale 1.004e-01, val/acc 6.884e-01, val/nll 9.618e-01
[2023-02-16 23:47:38] [Epoch   122/  200] trn/loss 7.513e-01, trn/lr 1.003e+00, trn/scale 1.004e-01, val/acc 6.868e-01, val/nll 9.671e-01
[2023-02-16 23:47:46] [Epoch   123/  200] trn/loss 7.804e-01, trn/lr 9.809e-01, trn/scale 1.004e-01, val/acc 6.479e-01, val/nll 1.152e+00
[2023-02-16 23:47:54] [Epoch   124/  200] trn/loss 7.496e-01, trn/lr 9.589e-01, trn/scale 1.004e-01, val/acc 6.058e-01, val/nll 1.204e+00
[2023-02-16 23:48:03] [Epoch   125/  200] trn/loss 7.603e-01, trn/lr 9.370e-01, trn/scale 1.004e-01, val/acc 6.679e-01, val/nll 9.821e-01
[2023-02-16 23:48:11] [Epoch   126/  200] trn/loss 7.399e-01, trn/lr 9.152e-01, trn/scale 1.004e-01, val/acc 6.416e-01, val/nll 1.109e+00
[2023-02-16 23:48:19] [Epoch   127/  200] trn/loss 7.491e-01, trn/lr 8.936e-01, trn/scale 1.004e-01, val/acc 6.886e-01, val/nll 9.380e-01
[2023-02-16 23:48:27] [Epoch   128/  200] trn/loss 7.299e-01, trn/lr 8.721e-01, trn/scale 1.004e-01, val/acc 7.150e-01, val/nll 8.476e-01
[2023-02-16 23:48:35] [Epoch   129/  200] trn/loss 7.130e-01, trn/lr 8.508e-01, trn/scale 1.004e-01, val/acc 6.972e-01, val/nll 8.801e-01
[2023-02-16 23:48:43] [Epoch   130/  200] trn/loss 7.039e-01, trn/lr 8.296e-01, trn/scale 1.004e-01, val/acc 6.238e-01, val/nll 1.360e+00
[2023-02-16 23:48:52] [Epoch   131/  200] trn/loss 7.221e-01, trn/lr 8.086e-01, trn/scale 1.004e-01, val/acc 7.210e-01, val/nll 8.256e-01
[2023-02-16 23:49:00] [Epoch   132/  200] trn/loss 7.044e-01, trn/lr 7.878e-01, trn/scale 1.004e-01, val/acc 6.837e-01, val/nll 9.526e-01
[2023-02-16 23:49:08] [Epoch   133/  200] trn/loss 6.982e-01, trn/lr 7.671e-01, trn/scale 1.004e-01, val/acc 6.533e-01, val/nll 1.122e+00
[2023-02-16 23:49:16] [Epoch   134/  200] trn/loss 7.097e-01, trn/lr 7.467e-01, trn/scale 1.004e-01, val/acc 6.837e-01, val/nll 9.249e-01
[2023-02-16 23:49:24] [Epoch   135/  200] trn/loss 6.835e-01, trn/lr 7.264e-01, trn/scale 1.004e-01, val/acc 6.579e-01, val/nll 1.080e+00
[2023-02-16 23:49:32] [Epoch   136/  200] trn/loss 6.822e-01, trn/lr 7.063e-01, trn/scale 1.004e-01, val/acc 7.405e-01, val/nll 7.854e-01
[2023-02-16 23:49:41] [Epoch   137/  200] trn/loss 6.988e-01, trn/lr 6.864e-01, trn/scale 1.004e-01, val/acc 6.909e-01, val/nll 1.023e+00
[2023-02-16 23:49:49] [Epoch   138/  200] trn/loss 6.784e-01, trn/lr 6.667e-01, trn/scale 1.004e-01, val/acc 7.347e-01, val/nll 8.158e-01
[2023-02-16 23:49:57] [Epoch   139/  200] trn/loss 6.617e-01, trn/lr 6.472e-01, trn/scale 1.004e-01, val/acc 7.404e-01, val/nll 7.763e-01
[2023-02-16 23:50:05] [Epoch   140/  200] trn/loss 6.709e-01, trn/lr 6.279e-01, trn/scale 1.004e-01, val/acc 7.363e-01, val/nll 7.829e-01
[2023-02-16 23:50:13] [Epoch   141/  200] trn/loss 6.532e-01, trn/lr 6.089e-01, trn/scale 1.004e-01, val/acc 7.256e-01, val/nll 8.306e-01
[2023-02-16 23:50:21] [Epoch   142/  200] trn/loss 6.509e-01, trn/lr 5.900e-01, trn/scale 1.004e-01, val/acc 6.801e-01, val/nll 9.548e-01
[2023-02-16 23:50:30] [Epoch   143/  200] trn/loss 6.599e-01, trn/lr 5.714e-01, trn/scale 1.004e-01, val/acc 7.020e-01, val/nll 9.200e-01
[2023-02-16 23:50:39] [Epoch   144/  200] trn/loss 6.419e-01, trn/lr 5.530e-01, trn/scale 1.004e-01, val/acc 7.623e-01, val/nll 6.927e-01 (best_acc: 7.601e-01 -> 7.623e-01, test_acc: 7.551e-01, test_nll: 7.018e-01)
[2023-02-16 23:50:47] [Epoch   145/  200] trn/loss 6.237e-01, trn/lr 5.349e-01, trn/scale 1.004e-01, val/acc 7.583e-01, val/nll 7.190e-01
[2023-02-16 23:50:56] [Epoch   146/  200] trn/loss 6.187e-01, trn/lr 5.170e-01, trn/scale 1.004e-01, val/acc 7.689e-01, val/nll 7.014e-01 (best_acc: 7.623e-01 -> 7.689e-01, test_acc: 7.557e-01, test_nll: 7.341e-01)
[2023-02-16 23:51:04] [Epoch   147/  200] trn/loss 6.116e-01, trn/lr 4.993e-01, trn/scale 1.004e-01, val/acc 7.468e-01, val/nll 8.116e-01
[2023-02-16 23:51:13] [Epoch   148/  200] trn/loss 6.119e-01, trn/lr 4.819e-01, trn/scale 1.004e-01, val/acc 7.265e-01, val/nll 8.384e-01
[2023-02-16 23:51:21] [Epoch   149/  200] trn/loss 6.081e-01, trn/lr 4.647e-01, trn/scale 1.004e-01, val/acc 7.419e-01, val/nll 7.796e-01
[2023-02-16 23:51:29] [Epoch   150/  200] trn/loss 6.004e-01, trn/lr 4.478e-01, trn/scale 1.004e-01, val/acc 7.210e-01, val/nll 8.648e-01
[2023-02-16 23:51:38] [Epoch   151/  200] trn/loss 5.935e-01, trn/lr 4.311e-01, trn/scale 1.004e-01, val/acc 7.715e-01, val/nll 6.608e-01 (best_acc: 7.689e-01 -> 7.715e-01, test_acc: 7.669e-01, test_nll: 6.776e-01)
[2023-02-16 23:51:46] [Epoch   152/  200] trn/loss 5.839e-01, trn/lr 4.147e-01, trn/scale 1.004e-01, val/acc 5.980e-01, val/nll 1.414e+00
[2023-02-16 23:51:54] [Epoch   153/  200] trn/loss 5.749e-01, trn/lr 3.986e-01, trn/scale 1.004e-01, val/acc 7.407e-01, val/nll 7.793e-01
[2023-02-16 23:52:03] [Epoch   154/  200] trn/loss 5.707e-01, trn/lr 3.827e-01, trn/scale 1.004e-01, val/acc 6.840e-01, val/nll 1.051e+00
[2023-02-16 23:52:11] [Epoch   155/  200] trn/loss 5.637e-01, trn/lr 3.671e-01, trn/scale 1.004e-01, val/acc 7.607e-01, val/nll 7.512e-01
[2023-02-16 23:52:19] [Epoch   156/  200] trn/loss 5.515e-01, trn/lr 3.518e-01, trn/scale 1.004e-01, val/acc 7.489e-01, val/nll 7.369e-01
[2023-02-16 23:52:27] [Epoch   157/  200] trn/loss 5.509e-01, trn/lr 3.368e-01, trn/scale 1.004e-01, val/acc 7.147e-01, val/nll 9.091e-01
[2023-02-16 23:52:36] [Epoch   158/  200] trn/loss 5.486e-01, trn/lr 3.221e-01, trn/scale 1.004e-01, val/acc 7.868e-01, val/nll 6.164e-01 (best_acc: 7.715e-01 -> 7.868e-01, test_acc: 7.851e-01, test_nll: 6.165e-01)
[2023-02-16 23:52:45] [Epoch   159/  200] trn/loss 5.413e-01, trn/lr 3.076e-01, trn/scale 1.004e-01, val/acc 7.673e-01, val/nll 6.939e-01
[2023-02-16 23:52:54] [Epoch   160/  200] trn/loss 5.290e-01, trn/lr 2.935e-01, trn/scale 1.004e-01, val/acc 8.062e-01, val/nll 5.798e-01 (best_acc: 7.868e-01 -> 8.062e-01, test_acc: 7.982e-01, test_nll: 5.992e-01)
[2023-02-16 23:53:02] [Epoch   161/  200] trn/loss 5.291e-01, trn/lr 2.796e-01, trn/scale 1.004e-01, val/acc 7.968e-01, val/nll 6.082e-01
[2023-02-16 23:53:11] [Epoch   162/  200] trn/loss 5.085e-01, trn/lr 2.661e-01, trn/scale 1.004e-01, val/acc 7.963e-01, val/nll 6.113e-01
[2023-02-16 23:53:19] [Epoch   163/  200] trn/loss 5.116e-01, trn/lr 2.528e-01, trn/scale 1.004e-01, val/acc 7.822e-01, val/nll 6.541e-01
[2023-02-16 23:53:28] [Epoch   164/  200] trn/loss 5.022e-01, trn/lr 2.399e-01, trn/scale 1.004e-01, val/acc 8.126e-01, val/nll 5.526e-01 (best_acc: 8.062e-01 -> 8.126e-01, test_acc: 8.141e-01, test_nll: 5.556e-01)
[2023-02-16 23:53:37] [Epoch   165/  200] trn/loss 4.950e-01, trn/lr 2.273e-01, trn/scale 1.004e-01, val/acc 8.256e-01, val/nll 5.121e-01 (best_acc: 8.126e-01 -> 8.256e-01, test_acc: 8.174e-01, test_nll: 5.213e-01)
[2023-02-16 23:53:47] [Epoch   166/  200] trn/loss 4.788e-01, trn/lr 2.150e-01, trn/scale 1.004e-01, val/acc 8.277e-01, val/nll 5.169e-01 (best_acc: 8.256e-01 -> 8.277e-01, test_acc: 8.210e-01, test_nll: 5.330e-01)
[2023-02-16 23:53:55] [Epoch   167/  200] trn/loss 4.804e-01, trn/lr 2.030e-01, trn/scale 1.004e-01, val/acc 7.735e-01, val/nll 6.676e-01
[2023-02-16 23:54:03] [Epoch   168/  200] trn/loss 4.653e-01, trn/lr 1.913e-01, trn/scale 1.004e-01, val/acc 7.864e-01, val/nll 6.341e-01
[2023-02-16 23:54:11] [Epoch   169/  200] trn/loss 4.639e-01, trn/lr 1.800e-01, trn/scale 1.004e-01, val/acc 8.137e-01, val/nll 5.465e-01
[2023-02-16 23:54:19] [Epoch   170/  200] trn/loss 4.460e-01, trn/lr 1.689e-01, trn/scale 1.004e-01, val/acc 8.241e-01, val/nll 5.312e-01
[2023-02-16 23:54:29] [Epoch   171/  200] trn/loss 4.427e-01, trn/lr 1.582e-01, trn/scale 1.004e-01, val/acc 8.390e-01, val/nll 4.749e-01 (best_acc: 8.277e-01 -> 8.390e-01, test_acc: 8.387e-01, test_nll: 4.862e-01)
[2023-02-16 23:54:37] [Epoch   172/  200] trn/loss 4.399e-01, trn/lr 1.479e-01, trn/scale 1.004e-01, val/acc 8.072e-01, val/nll 5.729e-01
[2023-02-16 23:54:45] [Epoch   173/  200] trn/loss 4.268e-01, trn/lr 1.378e-01, trn/scale 1.004e-01, val/acc 8.316e-01, val/nll 4.978e-01
[2023-02-16 23:54:54] [Epoch   174/  200] trn/loss 4.204e-01, trn/lr 1.281e-01, trn/scale 1.004e-01, val/acc 8.444e-01, val/nll 4.582e-01 (best_acc: 8.390e-01 -> 8.444e-01, test_acc: 8.392e-01, test_nll: 4.714e-01)
[2023-02-16 23:55:03] [Epoch   175/  200] trn/loss 4.085e-01, trn/lr 1.188e-01, trn/scale 1.004e-01, val/acc 8.508e-01, val/nll 4.405e-01 (best_acc: 8.444e-01 -> 8.508e-01, test_acc: 8.459e-01, test_nll: 4.505e-01)
[2023-02-16 23:55:12] [Epoch   176/  200] trn/loss 3.979e-01, trn/lr 1.098e-01, trn/scale 1.004e-01, val/acc 8.531e-01, val/nll 4.349e-01 (best_acc: 8.508e-01 -> 8.531e-01, test_acc: 8.452e-01, test_nll: 4.466e-01)
[2023-02-16 23:55:21] [Epoch   177/  200] trn/loss 3.923e-01, trn/lr 1.011e-01, trn/scale 1.004e-01, val/acc 8.515e-01, val/nll 4.379e-01
[2023-02-16 23:55:29] [Epoch   178/  200] trn/loss 3.814e-01, trn/lr 9.275e-02, trn/scale 1.004e-01, val/acc 8.442e-01, val/nll 4.624e-01
[2023-02-16 23:55:37] [Epoch   179/  200] trn/loss 3.769e-01, trn/lr 8.477e-02, trn/scale 1.004e-01, val/acc 8.431e-01, val/nll 4.509e-01
[2023-02-16 23:55:45] [Epoch   180/  200] trn/loss 3.748e-01, trn/lr 7.714e-02, trn/scale 1.004e-01, val/acc 8.355e-01, val/nll 4.773e-01
[2023-02-16 23:55:54] [Epoch   181/  200] trn/loss 3.533e-01, trn/lr 6.986e-02, trn/scale 1.005e-01, val/acc 8.640e-01, val/nll 4.010e-01 (best_acc: 8.531e-01 -> 8.640e-01, test_acc: 8.623e-01, test_nll: 4.083e-01)
[2023-02-16 23:56:03] [Epoch   182/  200] trn/loss 3.502e-01, trn/lr 6.293e-02, trn/scale 1.005e-01, val/acc 8.628e-01, val/nll 4.142e-01
[2023-02-16 23:56:12] [Epoch   183/  200] trn/loss 3.440e-01, trn/lr 5.635e-02, trn/scale 1.005e-01, val/acc 8.670e-01, val/nll 3.957e-01 (best_acc: 8.640e-01 -> 8.670e-01, test_acc: 8.654e-01, test_nll: 3.993e-01)
[2023-02-16 23:56:20] [Epoch   184/  200] trn/loss 3.369e-01, trn/lr 5.013e-02, trn/scale 1.005e-01, val/acc 8.608e-01, val/nll 4.061e-01
[2023-02-16 23:56:28] [Epoch   185/  200] trn/loss 3.231e-01, trn/lr 4.427e-02, trn/scale 1.005e-01, val/acc 8.636e-01, val/nll 4.011e-01
[2023-02-16 23:56:36] [Epoch   186/  200] trn/loss 3.145e-01, trn/lr 3.877e-02, trn/scale 1.005e-01, val/acc 8.626e-01, val/nll 4.069e-01
[2023-02-16 23:56:45] [Epoch   187/  200] trn/loss 3.151e-01, trn/lr 3.363e-02, trn/scale 1.005e-01, val/acc 8.702e-01, val/nll 3.732e-01 (best_acc: 8.670e-01 -> 8.702e-01, test_acc: 8.749e-01, test_nll: 3.818e-01)
[2023-02-16 23:56:54] [Epoch   188/  200] trn/loss 3.004e-01, trn/lr 2.885e-02, trn/scale 1.005e-01, val/acc 8.748e-01, val/nll 3.655e-01 (best_acc: 8.702e-01 -> 8.748e-01, test_acc: 8.741e-01, test_nll: 3.759e-01)
[2023-02-16 23:57:04] [Epoch   189/  200] trn/loss 2.967e-01, trn/lr 2.444e-02, trn/scale 1.005e-01, val/acc 8.813e-01, val/nll 3.506e-01 (best_acc: 8.748e-01 -> 8.813e-01, test_acc: 8.790e-01, test_nll: 3.621e-01)
[2023-02-16 23:57:12] [Epoch   190/  200] trn/loss 2.852e-01, trn/lr 2.038e-02, trn/scale 1.005e-01, val/acc 8.803e-01, val/nll 3.526e-01
[2023-02-16 23:57:20] [Epoch   191/  200] trn/loss 2.811e-01, trn/lr 1.670e-02, trn/scale 1.005e-01, val/acc 8.812e-01, val/nll 3.511e-01
[2023-02-16 23:57:29] [Epoch   192/  200] trn/loss 2.775e-01, trn/lr 1.338e-02, trn/scale 1.005e-01, val/acc 8.821e-01, val/nll 3.457e-01 (best_acc: 8.813e-01 -> 8.821e-01, test_acc: 8.798e-01, test_nll: 3.615e-01)
[2023-02-16 23:57:38] [Epoch   193/  200] trn/loss 2.725e-01, trn/lr 1.042e-02, trn/scale 1.005e-01, val/acc 8.841e-01, val/nll 3.366e-01 (best_acc: 8.821e-01 -> 8.841e-01, test_acc: 8.840e-01, test_nll: 3.476e-01)
[2023-02-16 23:57:47] [Epoch   194/  200] trn/loss 2.679e-01, trn/lr 7.835e-03, trn/scale 1.005e-01, val/acc 8.843e-01, val/nll 3.370e-01 (best_acc: 8.841e-01 -> 8.843e-01, test_acc: 8.827e-01, test_nll: 3.496e-01)
[2023-02-16 23:57:57] [Epoch   195/  200] trn/loss 2.611e-01, trn/lr 5.616e-03, trn/scale 1.005e-01, val/acc 8.853e-01, val/nll 3.366e-01 (best_acc: 8.843e-01 -> 8.853e-01, test_acc: 8.850e-01, test_nll: 3.455e-01)
[2023-02-16 23:58:06] [Epoch   196/  200] trn/loss 2.596e-01, trn/lr 3.766e-03, trn/scale 1.005e-01, val/acc 8.862e-01, val/nll 3.327e-01 (best_acc: 8.853e-01 -> 8.862e-01, test_acc: 8.854e-01, test_nll: 3.449e-01)
[2023-02-16 23:58:15] [Epoch   197/  200] trn/loss 2.577e-01, trn/lr 2.286e-03, trn/scale 1.005e-01, val/acc 8.883e-01, val/nll 3.311e-01 (best_acc: 8.862e-01 -> 8.883e-01, test_acc: 8.857e-01, test_nll: 3.433e-01)
[2023-02-16 23:58:23] [Epoch   198/  200] trn/loss 2.579e-01, trn/lr 1.175e-03, trn/scale 1.005e-01, val/acc 8.871e-01, val/nll 3.300e-01
[2023-02-16 23:58:31] [Epoch   199/  200] trn/loss 2.556e-01, trn/lr 4.335e-04, trn/scale 1.005e-01, val/acc 8.875e-01, val/nll 3.306e-01
[2023-02-16 23:58:39] [Epoch   200/  200] trn/loss 2.559e-01, trn/lr 6.226e-05, trn/scale 1.005e-01, val/acc 8.882e-01, val/nll 3.302e-01
