[2023-02-03 14:29:24] Environments:
------------  -------------------------------------------------------------------------------
sys.platform  linux
Python        3.10.8 (main, Nov 24 2022, 14:13:03) [GCC 11.2.0]
JAX           0.4.1 @/mnt/home/giung/.conda/envs/jax-siml/lib/python3.10/site-packages/jax
jaxlib        0.4.1 @/mnt/home/giung/.conda/envs/jax-siml/lib/python3.10/site-packages/jaxlib
Flax          0.6.3 @/mnt/home/giung/.conda/envs/jax-siml/lib/python3.10/site-packages/flax
Optax         0.1.4 @/mnt/home/giung/.conda/envs/jax-siml/lib/python3.10/site-packages/optax
------------  -------------------------------------------------------------------------------

[2023-02-03 14:29:24] Command line arguments:
- args.data_root          : ./data/
- args.data_name          : CIFAR100_x32
- args.data_augmentation  : standard
- args.data_proportional  : 1.0
- args.model_depth        : 32
- args.model_width        : 1
- args.model_style        : BN-ReLU
- args.optim_bs           : 256
- args.optim_ne           : 500
- args.optim_lr           : 0.03
- args.optim_momentum     : 0.97
- args.optim_weight_decay : 0.001
- args.save               : /mnt/home/giung/giung2-dev/projects/residual-networks/save/CIFAR100_x32/R32-BN-ReLU/bs-0256_ne-0500_lr-0.03_mo-0.97_wd-0.0010_fp32/42
- args.seed               : 42
- args.precision          : fp32

[2023-02-03 14:29:50] [Epoch     1/  500] trn/loss 4.594e+00, trn/lr 3.000e-02, val/acc 3.285e-02, val/nll 4.390e+00 (best_acc: 0.000e+00 -> 3.285e-02, test_acc: 3.260e-02, test_nll: 4.379e+00)
[2023-02-03 14:29:53] [Epoch     2/  500] trn/loss 4.211e+00, trn/lr 3.000e-02, val/acc 5.664e-02, val/nll 4.107e+00 (best_acc: 3.285e-02 -> 5.664e-02, test_acc: 6.270e-02, test_nll: 4.104e+00)
[2023-02-03 14:29:56] [Epoch     3/  500] trn/loss 3.934e+00, trn/lr 3.000e-02, val/acc 9.712e-02, val/nll 3.802e+00 (best_acc: 5.664e-02 -> 9.712e-02, test_acc: 1.061e-01, test_nll: 3.799e+00)
[2023-02-03 14:30:00] [Epoch     4/  500] trn/loss 3.722e+00, trn/lr 3.000e-02, val/acc 1.325e-01, val/nll 3.615e+00 (best_acc: 9.712e-02 -> 1.325e-01, test_acc: 1.405e-01, test_nll: 3.588e+00)
[2023-02-03 14:30:03] [Epoch     5/  500] trn/loss 3.506e+00, trn/lr 2.999e-02, val/acc 1.595e-01, val/nll 3.442e+00 (best_acc: 1.325e-01 -> 1.595e-01, test_acc: 1.687e-01, test_nll: 3.414e+00)
[2023-02-03 14:30:06] [Epoch     6/  500] trn/loss 3.269e+00, trn/lr 2.999e-02, val/acc 1.629e-01, val/nll 3.581e+00 (best_acc: 1.595e-01 -> 1.629e-01, test_acc: 1.613e-01, test_nll: 3.552e+00)
[2023-02-03 14:30:09] [Epoch     7/  500] trn/loss 3.020e+00, trn/lr 2.999e-02, val/acc 2.299e-01, val/nll 3.128e+00 (best_acc: 1.629e-01 -> 2.299e-01, test_acc: 2.319e-01, test_nll: 3.111e+00)
[2023-02-03 14:30:13] [Epoch     8/  500] trn/loss 2.809e+00, trn/lr 2.998e-02, val/acc 2.587e-01, val/nll 2.918e+00 (best_acc: 2.299e-01 -> 2.587e-01, test_acc: 2.640e-01, test_nll: 2.886e+00)
[2023-02-03 14:30:16] [Epoch     9/  500] trn/loss 2.630e+00, trn/lr 2.998e-02, val/acc 2.959e-01, val/nll 2.744e+00 (best_acc: 2.587e-01 -> 2.959e-01, test_acc: 3.059e-01, test_nll: 2.697e+00)
[2023-02-03 14:30:19] [Epoch    10/  500] trn/loss 2.496e+00, trn/lr 2.997e-02, val/acc 2.957e-01, val/nll 2.753e+00
[2023-02-03 14:30:22] [Epoch    11/  500] trn/loss 2.355e+00, trn/lr 2.997e-02, val/acc 3.273e-01, val/nll 2.595e+00 (best_acc: 2.959e-01 -> 3.273e-01, test_acc: 3.358e-01, test_nll: 2.564e+00)
[2023-02-03 14:30:25] [Epoch    12/  500] trn/loss 2.268e+00, trn/lr 2.996e-02, val/acc 3.387e-01, val/nll 2.653e+00 (best_acc: 3.273e-01 -> 3.387e-01, test_acc: 3.467e-01, test_nll: 2.615e+00)
[2023-02-03 14:30:28] [Epoch    13/  500] trn/loss 2.171e+00, trn/lr 2.995e-02, val/acc 3.131e-01, val/nll 2.781e+00
[2023-02-03 14:30:32] [Epoch    14/  500] trn/loss 2.093e+00, trn/lr 2.995e-02, val/acc 3.700e-01, val/nll 2.413e+00 (best_acc: 3.387e-01 -> 3.700e-01, test_acc: 3.798e-01, test_nll: 2.382e+00)
[2023-02-03 14:30:35] [Epoch    15/  500] trn/loss 2.021e+00, trn/lr 2.994e-02, val/acc 3.705e-01, val/nll 2.516e+00 (best_acc: 3.700e-01 -> 3.705e-01, test_acc: 3.715e-01, test_nll: 2.489e+00)
[2023-02-03 14:30:38] [Epoch    16/  500] trn/loss 1.979e+00, trn/lr 2.993e-02, val/acc 3.529e-01, val/nll 2.550e+00
[2023-02-03 14:30:41] [Epoch    17/  500] trn/loss 1.921e+00, trn/lr 2.992e-02, val/acc 4.110e-01, val/nll 2.257e+00 (best_acc: 3.705e-01 -> 4.110e-01, test_acc: 4.155e-01, test_nll: 2.221e+00)
[2023-02-03 14:30:44] [Epoch    18/  500] trn/loss 1.878e+00, trn/lr 2.991e-02, val/acc 4.116e-01, val/nll 2.183e+00 (best_acc: 4.110e-01 -> 4.116e-01, test_acc: 4.298e-01, test_nll: 2.136e+00)
[2023-02-03 14:30:48] [Epoch    19/  500] trn/loss 1.854e+00, trn/lr 2.990e-02, val/acc 4.101e-01, val/nll 2.206e+00
[2023-02-03 14:30:51] [Epoch    20/  500] trn/loss 1.835e+00, trn/lr 2.989e-02, val/acc 4.320e-01, val/nll 2.190e+00 (best_acc: 4.116e-01 -> 4.320e-01, test_acc: 4.283e-01, test_nll: 2.205e+00)
[2023-02-03 14:30:54] [Epoch    21/  500] trn/loss 1.787e+00, trn/lr 2.988e-02, val/acc 3.773e-01, val/nll 2.473e+00
[2023-02-03 14:30:57] [Epoch    22/  500] trn/loss 1.767e+00, trn/lr 2.986e-02, val/acc 4.170e-01, val/nll 2.241e+00
[2023-02-03 14:31:00] [Epoch    23/  500] trn/loss 1.757e+00, trn/lr 2.985e-02, val/acc 4.074e-01, val/nll 2.295e+00
[2023-02-03 14:31:03] [Epoch    24/  500] trn/loss 1.740e+00, trn/lr 2.984e-02, val/acc 4.314e-01, val/nll 2.141e+00
[2023-02-03 14:31:06] [Epoch    25/  500] trn/loss 1.727e+00, trn/lr 2.982e-02, val/acc 3.948e-01, val/nll 2.403e+00
[2023-02-03 14:31:09] [Epoch    26/  500] trn/loss 1.706e+00, trn/lr 2.981e-02, val/acc 4.331e-01, val/nll 2.136e+00 (best_acc: 4.320e-01 -> 4.331e-01, test_acc: 4.369e-01, test_nll: 2.116e+00)
[2023-02-03 14:31:12] [Epoch    27/  500] trn/loss 1.664e+00, trn/lr 2.979e-02, val/acc 3.837e-01, val/nll 2.587e+00
[2023-02-03 14:31:15] [Epoch    28/  500] trn/loss 1.680e+00, trn/lr 2.978e-02, val/acc 4.071e-01, val/nll 2.331e+00
[2023-02-03 14:31:18] [Epoch    29/  500] trn/loss 1.669e+00, trn/lr 2.976e-02, val/acc 4.075e-01, val/nll 2.329e+00
[2023-02-03 14:31:21] [Epoch    30/  500] trn/loss 1.657e+00, trn/lr 2.974e-02, val/acc 4.288e-01, val/nll 2.257e+00
[2023-02-03 14:31:25] [Epoch    31/  500] trn/loss 1.643e+00, trn/lr 2.973e-02, val/acc 4.436e-01, val/nll 2.084e+00 (best_acc: 4.331e-01 -> 4.436e-01, test_acc: 4.598e-01, test_nll: 2.056e+00)
[2023-02-03 14:31:28] [Epoch    32/  500] trn/loss 1.639e+00, trn/lr 2.971e-02, val/acc 4.178e-01, val/nll 2.241e+00
[2023-02-03 14:31:31] [Epoch    33/  500] trn/loss 1.611e+00, trn/lr 2.969e-02, val/acc 4.509e-01, val/nll 2.092e+00 (best_acc: 4.436e-01 -> 4.509e-01, test_acc: 4.529e-01, test_nll: 2.086e+00)
[2023-02-03 14:31:34] [Epoch    34/  500] trn/loss 1.621e+00, trn/lr 2.967e-02, val/acc 4.038e-01, val/nll 2.442e+00
[2023-02-03 14:31:37] [Epoch    35/  500] trn/loss 1.610e+00, trn/lr 2.965e-02, val/acc 4.533e-01, val/nll 2.050e+00 (best_acc: 4.509e-01 -> 4.533e-01, test_acc: 4.638e-01, test_nll: 2.031e+00)
[2023-02-03 14:31:40] [Epoch    36/  500] trn/loss 1.607e+00, trn/lr 2.963e-02, val/acc 4.331e-01, val/nll 2.187e+00
[2023-02-03 14:31:43] [Epoch    37/  500] trn/loss 1.587e+00, trn/lr 2.961e-02, val/acc 4.472e-01, val/nll 2.104e+00
[2023-02-03 14:31:46] [Epoch    38/  500] trn/loss 1.582e+00, trn/lr 2.959e-02, val/acc 4.260e-01, val/nll 2.265e+00
[2023-02-03 14:31:49] [Epoch    39/  500] trn/loss 1.576e+00, trn/lr 2.956e-02, val/acc 4.198e-01, val/nll 2.333e+00
[2023-02-03 14:31:52] [Epoch    40/  500] trn/loss 1.547e+00, trn/lr 2.954e-02, val/acc 4.158e-01, val/nll 2.186e+00
[2023-02-03 14:31:56] [Epoch    41/  500] trn/loss 1.557e+00, trn/lr 2.952e-02, val/acc 4.537e-01, val/nll 2.097e+00 (best_acc: 4.533e-01 -> 4.537e-01, test_acc: 4.540e-01, test_nll: 2.090e+00)
[2023-02-03 14:31:59] [Epoch    42/  500] trn/loss 1.566e+00, trn/lr 2.949e-02, val/acc 4.509e-01, val/nll 2.270e+00
[2023-02-03 14:32:02] [Epoch    43/  500] trn/loss 1.563e+00, trn/lr 2.947e-02, val/acc 4.497e-01, val/nll 2.113e+00
[2023-02-03 14:32:05] [Epoch    44/  500] trn/loss 1.545e+00, trn/lr 2.944e-02, val/acc 4.809e-01, val/nll 1.932e+00 (best_acc: 4.537e-01 -> 4.809e-01, test_acc: 4.884e-01, test_nll: 1.904e+00)
[2023-02-03 14:32:08] [Epoch    45/  500] trn/loss 1.559e+00, trn/lr 2.942e-02, val/acc 4.752e-01, val/nll 1.975e+00
[2023-02-03 14:32:11] [Epoch    46/  500] trn/loss 1.530e+00, trn/lr 2.939e-02, val/acc 4.398e-01, val/nll 2.135e+00
[2023-02-03 14:32:14] [Epoch    47/  500] trn/loss 1.535e+00, trn/lr 2.936e-02, val/acc 4.304e-01, val/nll 2.186e+00
[2023-02-03 14:32:17] [Epoch    48/  500] trn/loss 1.538e+00, trn/lr 2.934e-02, val/acc 4.631e-01, val/nll 2.000e+00
[2023-02-03 14:32:20] [Epoch    49/  500] trn/loss 1.527e+00, trn/lr 2.931e-02, val/acc 4.659e-01, val/nll 2.005e+00
[2023-02-03 14:32:23] [Epoch    50/  500] trn/loss 1.521e+00, trn/lr 2.928e-02, val/acc 4.573e-01, val/nll 2.193e+00
[2023-02-03 14:32:26] [Epoch    51/  500] trn/loss 1.515e+00, trn/lr 2.925e-02, val/acc 4.712e-01, val/nll 1.993e+00
[2023-02-03 14:32:29] [Epoch    52/  500] trn/loss 1.519e+00, trn/lr 2.922e-02, val/acc 4.244e-01, val/nll 2.330e+00
[2023-02-03 14:32:32] [Epoch    53/  500] trn/loss 1.518e+00, trn/lr 2.919e-02, val/acc 4.395e-01, val/nll 2.221e+00
[2023-02-03 14:32:35] [Epoch    54/  500] trn/loss 1.500e+00, trn/lr 2.916e-02, val/acc 4.343e-01, val/nll 2.221e+00
[2023-02-03 14:32:39] [Epoch    55/  500] trn/loss 1.508e+00, trn/lr 2.913e-02, val/acc 4.793e-01, val/nll 1.959e+00
[2023-02-03 14:32:42] [Epoch    56/  500] trn/loss 1.495e+00, trn/lr 2.910e-02, val/acc 4.813e-01, val/nll 1.984e+00 (best_acc: 4.809e-01 -> 4.813e-01, test_acc: 4.956e-01, test_nll: 1.930e+00)
[2023-02-03 14:32:45] [Epoch    57/  500] trn/loss 1.485e+00, trn/lr 2.906e-02, val/acc 4.541e-01, val/nll 2.113e+00
[2023-02-03 14:32:48] [Epoch    58/  500] trn/loss 1.514e+00, trn/lr 2.903e-02, val/acc 4.721e-01, val/nll 2.036e+00
[2023-02-03 14:32:51] [Epoch    59/  500] trn/loss 1.492e+00, trn/lr 2.900e-02, val/acc 4.456e-01, val/nll 2.082e+00
[2023-02-03 14:32:54] [Epoch    60/  500] trn/loss 1.495e+00, trn/lr 2.896e-02, val/acc 4.567e-01, val/nll 2.058e+00
[2023-02-03 14:32:57] [Epoch    61/  500] trn/loss 1.497e+00, trn/lr 2.893e-02, val/acc 4.566e-01, val/nll 2.066e+00
[2023-02-03 14:33:00] [Epoch    62/  500] trn/loss 1.472e+00, trn/lr 2.889e-02, val/acc 4.338e-01, val/nll 2.244e+00
[2023-02-03 14:33:03] [Epoch    63/  500] trn/loss 1.481e+00, trn/lr 2.886e-02, val/acc 4.718e-01, val/nll 2.013e+00
[2023-02-03 14:33:07] [Epoch    64/  500] trn/loss 1.463e+00, trn/lr 2.882e-02, val/acc 4.975e-01, val/nll 1.838e+00 (best_acc: 4.813e-01 -> 4.975e-01, test_acc: 5.047e-01, test_nll: 1.828e+00)
[2023-02-03 14:33:10] [Epoch    65/  500] trn/loss 1.480e+00, trn/lr 2.879e-02, val/acc 5.166e-01, val/nll 1.758e+00 (best_acc: 4.975e-01 -> 5.166e-01, test_acc: 5.257e-01, test_nll: 1.731e+00)
[2023-02-03 14:33:13] [Epoch    66/  500] trn/loss 1.485e+00, trn/lr 2.875e-02, val/acc 4.489e-01, val/nll 2.155e+00
[2023-02-03 14:33:16] [Epoch    67/  500] trn/loss 1.483e+00, trn/lr 2.871e-02, val/acc 4.107e-01, val/nll 2.441e+00
[2023-02-03 14:33:19] [Epoch    68/  500] trn/loss 1.476e+00, trn/lr 2.867e-02, val/acc 4.655e-01, val/nll 2.065e+00
[2023-02-03 14:33:22] [Epoch    69/  500] trn/loss 1.467e+00, trn/lr 2.863e-02, val/acc 4.460e-01, val/nll 2.215e+00
[2023-02-03 14:33:25] [Epoch    70/  500] trn/loss 1.460e+00, trn/lr 2.859e-02, val/acc 4.431e-01, val/nll 2.207e+00
[2023-02-03 14:33:28] [Epoch    71/  500] trn/loss 1.468e+00, trn/lr 2.855e-02, val/acc 4.486e-01, val/nll 2.147e+00
[2023-02-03 14:33:31] [Epoch    72/  500] trn/loss 1.453e+00, trn/lr 2.851e-02, val/acc 4.899e-01, val/nll 1.911e+00
[2023-02-03 14:33:34] [Epoch    73/  500] trn/loss 1.448e+00, trn/lr 2.847e-02, val/acc 4.924e-01, val/nll 1.887e+00
[2023-02-03 14:33:37] [Epoch    74/  500] trn/loss 1.461e+00, trn/lr 2.843e-02, val/acc 4.844e-01, val/nll 1.964e+00
[2023-02-03 14:33:40] [Epoch    75/  500] trn/loss 1.437e+00, trn/lr 2.839e-02, val/acc 4.156e-01, val/nll 2.557e+00
[2023-02-03 14:33:43] [Epoch    76/  500] trn/loss 1.447e+00, trn/lr 2.834e-02, val/acc 4.537e-01, val/nll 2.126e+00
[2023-02-03 14:33:46] [Epoch    77/  500] trn/loss 1.434e+00, trn/lr 2.830e-02, val/acc 4.919e-01, val/nll 1.915e+00
[2023-02-03 14:33:49] [Epoch    78/  500] trn/loss 1.448e+00, trn/lr 2.826e-02, val/acc 4.580e-01, val/nll 2.079e+00
[2023-02-03 14:33:52] [Epoch    79/  500] trn/loss 1.443e+00, trn/lr 2.821e-02, val/acc 4.772e-01, val/nll 1.977e+00
[2023-02-03 14:33:55] [Epoch    80/  500] trn/loss 1.436e+00, trn/lr 2.817e-02, val/acc 4.699e-01, val/nll 1.960e+00
[2023-02-03 14:33:59] [Epoch    81/  500] trn/loss 1.449e+00, trn/lr 2.812e-02, val/acc 4.947e-01, val/nll 1.879e+00
[2023-02-03 14:34:02] [Epoch    82/  500] trn/loss 1.441e+00, trn/lr 2.808e-02, val/acc 4.976e-01, val/nll 1.893e+00
[2023-02-03 14:34:05] [Epoch    83/  500] trn/loss 1.443e+00, trn/lr 2.803e-02, val/acc 4.518e-01, val/nll 2.162e+00
[2023-02-03 14:34:08] [Epoch    84/  500] trn/loss 1.442e+00, trn/lr 2.798e-02, val/acc 4.787e-01, val/nll 1.927e+00
[2023-02-03 14:34:11] [Epoch    85/  500] trn/loss 1.425e+00, trn/lr 2.794e-02, val/acc 5.010e-01, val/nll 1.863e+00
[2023-02-03 14:34:14] [Epoch    86/  500] trn/loss 1.418e+00, trn/lr 2.789e-02, val/acc 4.980e-01, val/nll 1.897e+00
[2023-02-03 14:34:17] [Epoch    87/  500] trn/loss 1.450e+00, trn/lr 2.784e-02, val/acc 4.987e-01, val/nll 1.858e+00
[2023-02-03 14:34:20] [Epoch    88/  500] trn/loss 1.415e+00, trn/lr 2.779e-02, val/acc 5.002e-01, val/nll 1.901e+00
[2023-02-03 14:34:23] [Epoch    89/  500] trn/loss 1.416e+00, trn/lr 2.774e-02, val/acc 4.445e-01, val/nll 2.279e+00
[2023-02-03 14:34:26] [Epoch    90/  500] trn/loss 1.413e+00, trn/lr 2.769e-02, val/acc 4.843e-01, val/nll 1.947e+00
[2023-02-03 14:34:29] [Epoch    91/  500] trn/loss 1.412e+00, trn/lr 2.764e-02, val/acc 4.446e-01, val/nll 2.179e+00
[2023-02-03 14:34:32] [Epoch    92/  500] trn/loss 1.422e+00, trn/lr 2.759e-02, val/acc 4.398e-01, val/nll 2.332e+00
[2023-02-03 14:34:35] [Epoch    93/  500] trn/loss 1.402e+00, trn/lr 2.754e-02, val/acc 4.333e-01, val/nll 2.299e+00
[2023-02-03 14:34:38] [Epoch    94/  500] trn/loss 1.414e+00, trn/lr 2.749e-02, val/acc 5.104e-01, val/nll 1.837e+00
[2023-02-03 14:34:41] [Epoch    95/  500] trn/loss 1.414e+00, trn/lr 2.743e-02, val/acc 4.820e-01, val/nll 2.029e+00
[2023-02-03 14:34:44] [Epoch    96/  500] trn/loss 1.408e+00, trn/lr 2.738e-02, val/acc 4.777e-01, val/nll 2.004e+00
[2023-02-03 14:34:47] [Epoch    97/  500] trn/loss 1.410e+00, trn/lr 2.733e-02, val/acc 4.311e-01, val/nll 2.307e+00
[2023-02-03 14:34:50] [Epoch    98/  500] trn/loss 1.412e+00, trn/lr 2.727e-02, val/acc 4.157e-01, val/nll 2.552e+00
[2023-02-03 14:34:53] [Epoch    99/  500] trn/loss 1.413e+00, trn/lr 2.722e-02, val/acc 4.878e-01, val/nll 1.982e+00
[2023-02-03 14:34:56] [Epoch   100/  500] trn/loss 1.403e+00, trn/lr 2.716e-02, val/acc 4.939e-01, val/nll 1.983e+00
[2023-02-03 14:34:59] [Epoch   101/  500] trn/loss 1.383e+00, trn/lr 2.711e-02, val/acc 4.544e-01, val/nll 2.197e+00
[2023-02-03 14:35:03] [Epoch   102/  500] trn/loss 1.388e+00, trn/lr 2.705e-02, val/acc 4.831e-01, val/nll 1.973e+00
[2023-02-03 14:35:06] [Epoch   103/  500] trn/loss 1.381e+00, trn/lr 2.700e-02, val/acc 5.190e-01, val/nll 1.745e+00 (best_acc: 5.166e-01 -> 5.190e-01, test_acc: 5.325e-01, test_nll: 1.721e+00)
[2023-02-03 14:35:09] [Epoch   104/  500] trn/loss 1.387e+00, trn/lr 2.694e-02, val/acc 5.147e-01, val/nll 1.803e+00
[2023-02-03 14:35:12] [Epoch   105/  500] trn/loss 1.392e+00, trn/lr 2.688e-02, val/acc 4.569e-01, val/nll 2.149e+00
[2023-02-03 14:35:15] [Epoch   106/  500] trn/loss 1.391e+00, trn/lr 2.682e-02, val/acc 5.010e-01, val/nll 1.860e+00
[2023-02-03 14:35:18] [Epoch   107/  500] trn/loss 1.380e+00, trn/lr 2.677e-02, val/acc 5.096e-01, val/nll 1.818e+00
[2023-02-03 14:35:21] [Epoch   108/  500] trn/loss 1.390e+00, trn/lr 2.671e-02, val/acc 4.844e-01, val/nll 1.962e+00
[2023-02-03 14:35:24] [Epoch   109/  500] trn/loss 1.388e+00, trn/lr 2.665e-02, val/acc 5.164e-01, val/nll 1.839e+00
[2023-02-03 14:35:27] [Epoch   110/  500] trn/loss 1.384e+00, trn/lr 2.659e-02, val/acc 4.989e-01, val/nll 1.879e+00
[2023-02-03 14:35:30] [Epoch   111/  500] trn/loss 1.391e+00, trn/lr 2.653e-02, val/acc 4.902e-01, val/nll 1.941e+00
[2023-02-03 14:35:33] [Epoch   112/  500] trn/loss 1.375e+00, trn/lr 2.647e-02, val/acc 5.170e-01, val/nll 1.819e+00
[2023-02-03 14:35:36] [Epoch   113/  500] trn/loss 1.373e+00, trn/lr 2.641e-02, val/acc 5.238e-01, val/nll 1.737e+00 (best_acc: 5.190e-01 -> 5.238e-01, test_acc: 5.259e-01, test_nll: 1.744e+00)
[2023-02-03 14:35:40] [Epoch   114/  500] trn/loss 1.365e+00, trn/lr 2.634e-02, val/acc 4.996e-01, val/nll 1.886e+00
[2023-02-03 14:35:43] [Epoch   115/  500] trn/loss 1.386e+00, trn/lr 2.628e-02, val/acc 4.472e-01, val/nll 2.247e+00
[2023-02-03 14:35:46] [Epoch   116/  500] trn/loss 1.382e+00, trn/lr 2.622e-02, val/acc 5.232e-01, val/nll 1.800e+00
[2023-02-03 14:35:49] [Epoch   117/  500] trn/loss 1.377e+00, trn/lr 2.616e-02, val/acc 5.272e-01, val/nll 1.737e+00 (best_acc: 5.238e-01 -> 5.272e-01, test_acc: 5.351e-01, test_nll: 1.714e+00)
[2023-02-03 14:35:52] [Epoch   118/  500] trn/loss 1.371e+00, trn/lr 2.609e-02, val/acc 4.713e-01, val/nll 1.976e+00
[2023-02-03 14:35:55] [Epoch   119/  500] trn/loss 1.368e+00, trn/lr 2.603e-02, val/acc 5.088e-01, val/nll 1.869e+00
[2023-02-03 14:35:58] [Epoch   120/  500] trn/loss 1.357e+00, trn/lr 2.597e-02, val/acc 4.927e-01, val/nll 1.920e+00
[2023-02-03 14:36:01] [Epoch   121/  500] trn/loss 1.350e+00, trn/lr 2.590e-02, val/acc 4.873e-01, val/nll 1.941e+00
[2023-02-03 14:36:04] [Epoch   122/  500] trn/loss 1.357e+00, trn/lr 2.584e-02, val/acc 4.397e-01, val/nll 2.309e+00
[2023-02-03 14:36:07] [Epoch   123/  500] trn/loss 1.376e+00, trn/lr 2.577e-02, val/acc 5.185e-01, val/nll 1.784e+00
[2023-02-03 14:36:10] [Epoch   124/  500] trn/loss 1.368e+00, trn/lr 2.571e-02, val/acc 4.841e-01, val/nll 1.952e+00
[2023-02-03 14:36:13] [Epoch   125/  500] trn/loss 1.353e+00, trn/lr 2.564e-02, val/acc 4.882e-01, val/nll 1.962e+00
[2023-02-03 14:36:16] [Epoch   126/  500] trn/loss 1.352e+00, trn/lr 2.557e-02, val/acc 4.989e-01, val/nll 1.919e+00
[2023-02-03 14:36:19] [Epoch   127/  500] trn/loss 1.369e+00, trn/lr 2.551e-02, val/acc 4.648e-01, val/nll 2.069e+00
[2023-02-03 14:36:22] [Epoch   128/  500] trn/loss 1.337e+00, trn/lr 2.544e-02, val/acc 5.105e-01, val/nll 1.815e+00
[2023-02-03 14:36:25] [Epoch   129/  500] trn/loss 1.352e+00, trn/lr 2.537e-02, val/acc 4.644e-01, val/nll 2.132e+00
[2023-02-03 14:36:29] [Epoch   130/  500] trn/loss 1.347e+00, trn/lr 2.530e-02, val/acc 5.080e-01, val/nll 1.856e+00
[2023-02-03 14:36:32] [Epoch   131/  500] trn/loss 1.350e+00, trn/lr 2.523e-02, val/acc 4.877e-01, val/nll 1.971e+00
[2023-02-03 14:36:35] [Epoch   132/  500] trn/loss 1.354e+00, trn/lr 2.516e-02, val/acc 4.738e-01, val/nll 2.116e+00
[2023-02-03 14:36:38] [Epoch   133/  500] trn/loss 1.336e+00, trn/lr 2.510e-02, val/acc 4.928e-01, val/nll 1.959e+00
[2023-02-03 14:36:41] [Epoch   134/  500] trn/loss 1.341e+00, trn/lr 2.503e-02, val/acc 4.746e-01, val/nll 2.089e+00
[2023-02-03 14:36:44] [Epoch   135/  500] trn/loss 1.363e+00, trn/lr 2.496e-02, val/acc 4.853e-01, val/nll 1.978e+00
[2023-02-03 14:36:47] [Epoch   136/  500] trn/loss 1.333e+00, trn/lr 2.488e-02, val/acc 5.059e-01, val/nll 1.814e+00
[2023-02-03 14:36:50] [Epoch   137/  500] trn/loss 1.325e+00, trn/lr 2.481e-02, val/acc 5.046e-01, val/nll 1.843e+00
[2023-02-03 14:36:53] [Epoch   138/  500] trn/loss 1.337e+00, trn/lr 2.474e-02, val/acc 4.494e-01, val/nll 2.240e+00
[2023-02-03 14:36:56] [Epoch   139/  500] trn/loss 1.338e+00, trn/lr 2.467e-02, val/acc 4.379e-01, val/nll 2.275e+00
[2023-02-03 14:36:59] [Epoch   140/  500] trn/loss 1.326e+00, trn/lr 2.460e-02, val/acc 4.715e-01, val/nll 2.044e+00
[2023-02-03 14:37:02] [Epoch   141/  500] trn/loss 1.314e+00, trn/lr 2.453e-02, val/acc 4.885e-01, val/nll 1.957e+00
[2023-02-03 14:37:05] [Epoch   142/  500] trn/loss 1.338e+00, trn/lr 2.445e-02, val/acc 4.970e-01, val/nll 1.908e+00
[2023-02-03 14:37:08] [Epoch   143/  500] trn/loss 1.325e+00, trn/lr 2.438e-02, val/acc 4.913e-01, val/nll 1.949e+00
[2023-02-03 14:37:11] [Epoch   144/  500] trn/loss 1.314e+00, trn/lr 2.431e-02, val/acc 5.319e-01, val/nll 1.717e+00 (best_acc: 5.272e-01 -> 5.319e-01, test_acc: 5.416e-01, test_nll: 1.675e+00)
[2023-02-03 14:37:14] [Epoch   145/  500] trn/loss 1.327e+00, trn/lr 2.423e-02, val/acc 5.093e-01, val/nll 1.929e+00
[2023-02-03 14:37:17] [Epoch   146/  500] trn/loss 1.304e+00, trn/lr 2.416e-02, val/acc 5.235e-01, val/nll 1.765e+00
[2023-02-03 14:37:21] [Epoch   147/  500] trn/loss 1.318e+00, trn/lr 2.408e-02, val/acc 5.368e-01, val/nll 1.690e+00 (best_acc: 5.319e-01 -> 5.368e-01, test_acc: 5.455e-01, test_nll: 1.653e+00)
[2023-02-03 14:37:24] [Epoch   148/  500] trn/loss 1.328e+00, trn/lr 2.401e-02, val/acc 5.164e-01, val/nll 1.761e+00
[2023-02-03 14:37:27] [Epoch   149/  500] trn/loss 1.299e+00, trn/lr 2.393e-02, val/acc 4.928e-01, val/nll 1.957e+00
[2023-02-03 14:37:30] [Epoch   150/  500] trn/loss 1.310e+00, trn/lr 2.386e-02, val/acc 4.947e-01, val/nll 1.988e+00
[2023-02-03 14:37:33] [Epoch   151/  500] trn/loss 1.322e+00, trn/lr 2.378e-02, val/acc 5.140e-01, val/nll 1.859e+00
[2023-02-03 14:37:36] [Epoch   152/  500] trn/loss 1.310e+00, trn/lr 2.370e-02, val/acc 5.269e-01, val/nll 1.751e+00
[2023-02-03 14:37:39] [Epoch   153/  500] trn/loss 1.300e+00, trn/lr 2.363e-02, val/acc 5.259e-01, val/nll 1.789e+00
[2023-02-03 14:37:42] [Epoch   154/  500] trn/loss 1.300e+00, trn/lr 2.355e-02, val/acc 4.831e-01, val/nll 2.050e+00
[2023-02-03 14:37:45] [Epoch   155/  500] trn/loss 1.301e+00, trn/lr 2.347e-02, val/acc 5.138e-01, val/nll 1.842e+00
[2023-02-03 14:37:48] [Epoch   156/  500] trn/loss 1.318e+00, trn/lr 2.339e-02, val/acc 5.121e-01, val/nll 1.853e+00
[2023-02-03 14:37:51] [Epoch   157/  500] trn/loss 1.292e+00, trn/lr 2.331e-02, val/acc 4.982e-01, val/nll 1.916e+00
[2023-02-03 14:37:54] [Epoch   158/  500] trn/loss 1.289e+00, trn/lr 2.324e-02, val/acc 5.300e-01, val/nll 1.734e+00
[2023-02-03 14:37:57] [Epoch   159/  500] trn/loss 1.297e+00, trn/lr 2.316e-02, val/acc 5.175e-01, val/nll 1.801e+00
[2023-02-03 14:38:00] [Epoch   160/  500] trn/loss 1.289e+00, trn/lr 2.308e-02, val/acc 4.706e-01, val/nll 2.103e+00
[2023-02-03 14:38:03] [Epoch   161/  500] trn/loss 1.297e+00, trn/lr 2.300e-02, val/acc 4.982e-01, val/nll 1.927e+00
[2023-02-03 14:38:06] [Epoch   162/  500] trn/loss 1.272e+00, trn/lr 2.292e-02, val/acc 5.064e-01, val/nll 1.885e+00
[2023-02-03 14:38:09] [Epoch   163/  500] trn/loss 1.285e+00, trn/lr 2.284e-02, val/acc 5.257e-01, val/nll 1.775e+00
[2023-02-03 14:38:12] [Epoch   164/  500] trn/loss 1.276e+00, trn/lr 2.276e-02, val/acc 5.010e-01, val/nll 1.888e+00
[2023-02-03 14:38:16] [Epoch   165/  500] trn/loss 1.276e+00, trn/lr 2.268e-02, val/acc 5.396e-01, val/nll 1.704e+00 (best_acc: 5.368e-01 -> 5.396e-01, test_acc: 5.438e-01, test_nll: 1.678e+00)
[2023-02-03 14:38:19] [Epoch   166/  500] trn/loss 1.275e+00, trn/lr 2.260e-02, val/acc 5.134e-01, val/nll 1.780e+00
[2023-02-03 14:38:22] [Epoch   167/  500] trn/loss 1.275e+00, trn/lr 2.251e-02, val/acc 5.397e-01, val/nll 1.737e+00 (best_acc: 5.396e-01 -> 5.397e-01, test_acc: 5.424e-01, test_nll: 1.717e+00)
[2023-02-03 14:38:25] [Epoch   168/  500] trn/loss 1.263e+00, trn/lr 2.243e-02, val/acc 5.424e-01, val/nll 1.749e+00 (best_acc: 5.397e-01 -> 5.424e-01, test_acc: 5.435e-01, test_nll: 1.716e+00)
[2023-02-03 14:38:28] [Epoch   169/  500] trn/loss 1.259e+00, trn/lr 2.235e-02, val/acc 4.884e-01, val/nll 2.000e+00
[2023-02-03 14:38:31] [Epoch   170/  500] trn/loss 1.301e+00, trn/lr 2.227e-02, val/acc 5.029e-01, val/nll 1.901e+00
[2023-02-03 14:38:34] [Epoch   171/  500] trn/loss 1.268e+00, trn/lr 2.219e-02, val/acc 5.053e-01, val/nll 1.910e+00
[2023-02-03 14:38:38] [Epoch   172/  500] trn/loss 1.252e+00, trn/lr 2.210e-02, val/acc 5.171e-01, val/nll 1.836e+00
[2023-02-03 14:38:41] [Epoch   173/  500] trn/loss 1.258e+00, trn/lr 2.202e-02, val/acc 4.800e-01, val/nll 2.030e+00
[2023-02-03 14:38:44] [Epoch   174/  500] trn/loss 1.267e+00, trn/lr 2.194e-02, val/acc 5.295e-01, val/nll 1.782e+00
[2023-02-03 14:38:47] [Epoch   175/  500] trn/loss 1.238e+00, trn/lr 2.185e-02, val/acc 5.135e-01, val/nll 1.868e+00
[2023-02-03 14:38:50] [Epoch   176/  500] trn/loss 1.250e+00, trn/lr 2.177e-02, val/acc 5.196e-01, val/nll 1.837e+00
[2023-02-03 14:38:53] [Epoch   177/  500] trn/loss 1.251e+00, trn/lr 2.168e-02, val/acc 4.965e-01, val/nll 2.004e+00
[2023-02-03 14:38:56] [Epoch   178/  500] trn/loss 1.272e+00, trn/lr 2.160e-02, val/acc 5.081e-01, val/nll 1.858e+00
[2023-02-03 14:38:59] [Epoch   179/  500] trn/loss 1.253e+00, trn/lr 2.151e-02, val/acc 5.190e-01, val/nll 1.812e+00
[2023-02-03 14:39:02] [Epoch   180/  500] trn/loss 1.248e+00, trn/lr 2.143e-02, val/acc 5.393e-01, val/nll 1.745e+00
[2023-02-03 14:39:05] [Epoch   181/  500] trn/loss 1.248e+00, trn/lr 2.134e-02, val/acc 5.111e-01, val/nll 1.848e+00
[2023-02-03 14:39:08] [Epoch   182/  500] trn/loss 1.266e+00, trn/lr 2.126e-02, val/acc 5.209e-01, val/nll 1.841e+00
[2023-02-03 14:39:11] [Epoch   183/  500] trn/loss 1.238e+00, trn/lr 2.117e-02, val/acc 5.049e-01, val/nll 1.934e+00
[2023-02-03 14:39:14] [Epoch   184/  500] trn/loss 1.239e+00, trn/lr 2.109e-02, val/acc 4.993e-01, val/nll 1.918e+00
[2023-02-03 14:39:17] [Epoch   185/  500] trn/loss 1.239e+00, trn/lr 2.100e-02, val/acc 4.910e-01, val/nll 2.003e+00
[2023-02-03 14:39:20] [Epoch   186/  500] trn/loss 1.230e+00, trn/lr 2.091e-02, val/acc 5.207e-01, val/nll 1.841e+00
[2023-02-03 14:39:23] [Epoch   187/  500] trn/loss 1.228e+00, trn/lr 2.083e-02, val/acc 5.207e-01, val/nll 1.833e+00
[2023-02-03 14:39:26] [Epoch   188/  500] trn/loss 1.227e+00, trn/lr 2.074e-02, val/acc 5.306e-01, val/nll 1.752e+00
[2023-02-03 14:39:29] [Epoch   189/  500] trn/loss 1.240e+00, trn/lr 2.065e-02, val/acc 5.518e-01, val/nll 1.645e+00 (best_acc: 5.424e-01 -> 5.518e-01, test_acc: 5.559e-01, test_nll: 1.663e+00)
[2023-02-03 14:39:33] [Epoch   190/  500] trn/loss 1.221e+00, trn/lr 2.057e-02, val/acc 5.336e-01, val/nll 1.761e+00
[2023-02-03 14:39:36] [Epoch   191/  500] trn/loss 1.214e+00, trn/lr 2.048e-02, val/acc 4.812e-01, val/nll 2.132e+00
[2023-02-03 14:39:39] [Epoch   192/  500] trn/loss 1.228e+00, trn/lr 2.039e-02, val/acc 5.217e-01, val/nll 1.840e+00
[2023-02-03 14:39:42] [Epoch   193/  500] trn/loss 1.219e+00, trn/lr 2.030e-02, val/acc 5.308e-01, val/nll 1.768e+00
[2023-02-03 14:39:45] [Epoch   194/  500] trn/loss 1.218e+00, trn/lr 2.021e-02, val/acc 5.529e-01, val/nll 1.643e+00 (best_acc: 5.518e-01 -> 5.529e-01, test_acc: 5.603e-01, test_nll: 1.612e+00)
[2023-02-03 14:39:48] [Epoch   195/  500] trn/loss 1.204e+00, trn/lr 2.013e-02, val/acc 4.515e-01, val/nll 2.349e+00
[2023-02-03 14:39:51] [Epoch   196/  500] trn/loss 1.210e+00, trn/lr 2.004e-02, val/acc 5.178e-01, val/nll 1.834e+00
[2023-02-03 14:39:54] [Epoch   197/  500] trn/loss 1.213e+00, trn/lr 1.995e-02, val/acc 5.513e-01, val/nll 1.648e+00
[2023-02-03 14:39:57] [Epoch   198/  500] trn/loss 1.196e+00, trn/lr 1.986e-02, val/acc 5.241e-01, val/nll 1.803e+00
[2023-02-03 14:40:00] [Epoch   199/  500] trn/loss 1.223e+00, trn/lr 1.977e-02, val/acc 5.434e-01, val/nll 1.695e+00
[2023-02-03 14:40:03] [Epoch   200/  500] trn/loss 1.223e+00, trn/lr 1.968e-02, val/acc 5.052e-01, val/nll 1.915e+00
[2023-02-03 14:40:06] [Epoch   201/  500] trn/loss 1.221e+00, trn/lr 1.959e-02, val/acc 5.264e-01, val/nll 1.777e+00
[2023-02-03 14:40:09] [Epoch   202/  500] trn/loss 1.209e+00, trn/lr 1.950e-02, val/acc 5.457e-01, val/nll 1.741e+00
[2023-02-03 14:40:12] [Epoch   203/  500] trn/loss 1.186e+00, trn/lr 1.941e-02, val/acc 5.042e-01, val/nll 1.938e+00
[2023-02-03 14:40:15] [Epoch   204/  500] trn/loss 1.200e+00, trn/lr 1.932e-02, val/acc 5.282e-01, val/nll 1.807e+00
[2023-02-03 14:40:19] [Epoch   205/  500] trn/loss 1.184e+00, trn/lr 1.923e-02, val/acc 5.448e-01, val/nll 1.716e+00
[2023-02-03 14:40:22] [Epoch   206/  500] trn/loss 1.205e+00, trn/lr 1.914e-02, val/acc 5.369e-01, val/nll 1.751e+00
[2023-02-03 14:40:25] [Epoch   207/  500] trn/loss 1.172e+00, trn/lr 1.905e-02, val/acc 5.417e-01, val/nll 1.712e+00
[2023-02-03 14:40:28] [Epoch   208/  500] trn/loss 1.192e+00, trn/lr 1.896e-02, val/acc 4.966e-01, val/nll 2.012e+00
[2023-02-03 14:40:31] [Epoch   209/  500] trn/loss 1.184e+00, trn/lr 1.887e-02, val/acc 5.771e-01, val/nll 1.546e+00 (best_acc: 5.529e-01 -> 5.771e-01, test_acc: 5.746e-01, test_nll: 1.546e+00)
[2023-02-03 14:40:34] [Epoch   210/  500] trn/loss 1.167e+00, trn/lr 1.878e-02, val/acc 4.832e-01, val/nll 2.040e+00
[2023-02-03 14:40:37] [Epoch   211/  500] trn/loss 1.189e+00, trn/lr 1.868e-02, val/acc 5.410e-01, val/nll 1.726e+00
[2023-02-03 14:40:40] [Epoch   212/  500] trn/loss 1.169e+00, trn/lr 1.859e-02, val/acc 5.383e-01, val/nll 1.758e+00
[2023-02-03 14:40:43] [Epoch   213/  500] trn/loss 1.179e+00, trn/lr 1.850e-02, val/acc 5.537e-01, val/nll 1.687e+00
[2023-02-03 14:40:46] [Epoch   214/  500] trn/loss 1.154e+00, trn/lr 1.841e-02, val/acc 5.381e-01, val/nll 1.739e+00
[2023-02-03 14:40:49] [Epoch   215/  500] trn/loss 1.159e+00, trn/lr 1.832e-02, val/acc 5.305e-01, val/nll 1.727e+00
[2023-02-03 14:40:52] [Epoch   216/  500] trn/loss 1.157e+00, trn/lr 1.823e-02, val/acc 5.596e-01, val/nll 1.621e+00
[2023-02-03 14:40:55] [Epoch   217/  500] trn/loss 1.168e+00, trn/lr 1.813e-02, val/acc 5.180e-01, val/nll 1.849e+00
[2023-02-03 14:40:58] [Epoch   218/  500] trn/loss 1.161e+00, trn/lr 1.804e-02, val/acc 5.446e-01, val/nll 1.700e+00
[2023-02-03 14:41:01] [Epoch   219/  500] trn/loss 1.158e+00, trn/lr 1.795e-02, val/acc 5.552e-01, val/nll 1.670e+00
[2023-02-03 14:41:04] [Epoch   220/  500] trn/loss 1.169e+00, trn/lr 1.786e-02, val/acc 5.285e-01, val/nll 1.801e+00
[2023-02-03 14:41:07] [Epoch   221/  500] trn/loss 1.162e+00, trn/lr 1.776e-02, val/acc 5.257e-01, val/nll 1.756e+00
[2023-02-03 14:41:11] [Epoch   222/  500] trn/loss 1.145e+00, trn/lr 1.767e-02, val/acc 5.241e-01, val/nll 1.817e+00
[2023-02-03 14:41:14] [Epoch   223/  500] trn/loss 1.141e+00, trn/lr 1.758e-02, val/acc 5.406e-01, val/nll 1.734e+00
[2023-02-03 14:41:17] [Epoch   224/  500] trn/loss 1.145e+00, trn/lr 1.749e-02, val/acc 5.642e-01, val/nll 1.583e+00
[2023-02-03 14:41:20] [Epoch   225/  500] trn/loss 1.151e+00, trn/lr 1.739e-02, val/acc 5.309e-01, val/nll 1.767e+00
[2023-02-03 14:41:23] [Epoch   226/  500] trn/loss 1.144e+00, trn/lr 1.730e-02, val/acc 5.498e-01, val/nll 1.725e+00
[2023-02-03 14:41:26] [Epoch   227/  500] trn/loss 1.142e+00, trn/lr 1.721e-02, val/acc 5.306e-01, val/nll 1.751e+00
[2023-02-03 14:41:29] [Epoch   228/  500] trn/loss 1.125e+00, trn/lr 1.711e-02, val/acc 5.676e-01, val/nll 1.580e+00
[2023-02-03 14:41:32] [Epoch   229/  500] trn/loss 1.140e+00, trn/lr 1.702e-02, val/acc 5.272e-01, val/nll 1.816e+00
[2023-02-03 14:41:35] [Epoch   230/  500] trn/loss 1.142e+00, trn/lr 1.693e-02, val/acc 5.690e-01, val/nll 1.584e+00
[2023-02-03 14:41:38] [Epoch   231/  500] trn/loss 1.121e+00, trn/lr 1.683e-02, val/acc 5.462e-01, val/nll 1.723e+00
[2023-02-03 14:41:41] [Epoch   232/  500] trn/loss 1.134e+00, trn/lr 1.674e-02, val/acc 5.272e-01, val/nll 1.784e+00
[2023-02-03 14:41:44] [Epoch   233/  500] trn/loss 1.121e+00, trn/lr 1.665e-02, val/acc 5.466e-01, val/nll 1.750e+00
[2023-02-03 14:41:47] [Epoch   234/  500] trn/loss 1.117e+00, trn/lr 1.655e-02, val/acc 5.396e-01, val/nll 1.677e+00
[2023-02-03 14:41:50] [Epoch   235/  500] trn/loss 1.109e+00, trn/lr 1.646e-02, val/acc 5.420e-01, val/nll 1.701e+00
[2023-02-03 14:41:53] [Epoch   236/  500] trn/loss 1.113e+00, trn/lr 1.636e-02, val/acc 5.373e-01, val/nll 1.740e+00
[2023-02-03 14:41:56] [Epoch   237/  500] trn/loss 1.122e+00, trn/lr 1.627e-02, val/acc 5.518e-01, val/nll 1.690e+00
[2023-02-03 14:41:59] [Epoch   238/  500] trn/loss 1.111e+00, trn/lr 1.618e-02, val/acc 5.503e-01, val/nll 1.699e+00
[2023-02-03 14:42:02] [Epoch   239/  500] trn/loss 1.092e+00, trn/lr 1.608e-02, val/acc 5.530e-01, val/nll 1.727e+00
[2023-02-03 14:42:05] [Epoch   240/  500] trn/loss 1.108e+00, trn/lr 1.599e-02, val/acc 5.618e-01, val/nll 1.648e+00
[2023-02-03 14:42:08] [Epoch   241/  500] trn/loss 1.104e+00, trn/lr 1.590e-02, val/acc 5.611e-01, val/nll 1.607e+00
[2023-02-03 14:42:11] [Epoch   242/  500] trn/loss 1.104e+00, trn/lr 1.580e-02, val/acc 5.720e-01, val/nll 1.596e+00
[2023-02-03 14:42:14] [Epoch   243/  500] trn/loss 1.104e+00, trn/lr 1.571e-02, val/acc 5.757e-01, val/nll 1.540e+00
[2023-02-03 14:42:17] [Epoch   244/  500] trn/loss 1.088e+00, trn/lr 1.561e-02, val/acc 5.631e-01, val/nll 1.653e+00
[2023-02-03 14:42:20] [Epoch   245/  500] trn/loss 1.086e+00, trn/lr 1.552e-02, val/acc 5.566e-01, val/nll 1.662e+00
[2023-02-03 14:42:23] [Epoch   246/  500] trn/loss 1.080e+00, trn/lr 1.542e-02, val/acc 5.534e-01, val/nll 1.682e+00
[2023-02-03 14:42:27] [Epoch   247/  500] trn/loss 1.076e+00, trn/lr 1.533e-02, val/acc 5.877e-01, val/nll 1.522e+00 (best_acc: 5.771e-01 -> 5.877e-01, test_acc: 5.847e-01, test_nll: 1.510e+00)
[2023-02-03 14:42:30] [Epoch   248/  500] trn/loss 1.084e+00, trn/lr 1.524e-02, val/acc 5.502e-01, val/nll 1.713e+00
[2023-02-03 14:42:33] [Epoch   249/  500] trn/loss 1.086e+00, trn/lr 1.514e-02, val/acc 5.238e-01, val/nll 1.842e+00
[2023-02-03 14:42:36] [Epoch   250/  500] trn/loss 1.067e+00, trn/lr 1.505e-02, val/acc 5.642e-01, val/nll 1.649e+00
[2023-02-03 14:42:39] [Epoch   251/  500] trn/loss 1.069e+00, trn/lr 1.495e-02, val/acc 5.615e-01, val/nll 1.644e+00
[2023-02-03 14:42:42] [Epoch   252/  500] trn/loss 1.057e+00, trn/lr 1.486e-02, val/acc 5.647e-01, val/nll 1.628e+00
[2023-02-03 14:42:45] [Epoch   253/  500] trn/loss 1.068e+00, trn/lr 1.476e-02, val/acc 5.707e-01, val/nll 1.613e+00
[2023-02-03 14:42:48] [Epoch   254/  500] trn/loss 1.056e+00, trn/lr 1.467e-02, val/acc 5.571e-01, val/nll 1.696e+00
[2023-02-03 14:42:51] [Epoch   255/  500] trn/loss 1.041e+00, trn/lr 1.458e-02, val/acc 5.545e-01, val/nll 1.704e+00
[2023-02-03 14:42:54] [Epoch   256/  500] trn/loss 1.068e+00, trn/lr 1.448e-02, val/acc 5.394e-01, val/nll 1.779e+00
[2023-02-03 14:42:57] [Epoch   257/  500] trn/loss 1.066e+00, trn/lr 1.439e-02, val/acc 5.968e-01, val/nll 1.509e+00 (best_acc: 5.877e-01 -> 5.968e-01, test_acc: 5.898e-01, test_nll: 1.503e+00)
[2023-02-03 14:43:00] [Epoch   258/  500] trn/loss 1.035e+00, trn/lr 1.429e-02, val/acc 5.360e-01, val/nll 1.734e+00
[2023-02-03 14:43:03] [Epoch   259/  500] trn/loss 1.046e+00, trn/lr 1.420e-02, val/acc 5.806e-01, val/nll 1.561e+00
[2023-02-03 14:43:06] [Epoch   260/  500] trn/loss 1.052e+00, trn/lr 1.411e-02, val/acc 5.642e-01, val/nll 1.643e+00
[2023-02-03 14:43:09] [Epoch   261/  500] trn/loss 1.037e+00, trn/lr 1.401e-02, val/acc 5.395e-01, val/nll 1.775e+00
[2023-02-03 14:43:12] [Epoch   262/  500] trn/loss 1.048e+00, trn/lr 1.392e-02, val/acc 5.551e-01, val/nll 1.684e+00
[2023-02-03 14:43:15] [Epoch   263/  500] trn/loss 1.032e+00, trn/lr 1.382e-02, val/acc 5.692e-01, val/nll 1.643e+00
[2023-02-03 14:43:19] [Epoch   264/  500] trn/loss 1.032e+00, trn/lr 1.373e-02, val/acc 5.674e-01, val/nll 1.609e+00
[2023-02-03 14:43:22] [Epoch   265/  500] trn/loss 1.025e+00, trn/lr 1.364e-02, val/acc 5.649e-01, val/nll 1.586e+00
[2023-02-03 14:43:25] [Epoch   266/  500] trn/loss 1.031e+00, trn/lr 1.354e-02, val/acc 5.792e-01, val/nll 1.535e+00
[2023-02-03 14:43:28] [Epoch   267/  500] trn/loss 1.028e+00, trn/lr 1.345e-02, val/acc 5.697e-01, val/nll 1.614e+00
[2023-02-03 14:43:31] [Epoch   268/  500] trn/loss 1.024e+00, trn/lr 1.335e-02, val/acc 5.643e-01, val/nll 1.667e+00
[2023-02-03 14:43:34] [Epoch   269/  500] trn/loss 1.019e+00, trn/lr 1.326e-02, val/acc 5.345e-01, val/nll 1.780e+00
[2023-02-03 14:43:37] [Epoch   270/  500] trn/loss 1.026e+00, trn/lr 1.317e-02, val/acc 5.961e-01, val/nll 1.465e+00
[2023-02-03 14:43:40] [Epoch   271/  500] trn/loss 1.000e+00, trn/lr 1.307e-02, val/acc 5.742e-01, val/nll 1.580e+00
[2023-02-03 14:43:43] [Epoch   272/  500] trn/loss 9.927e-01, trn/lr 1.298e-02, val/acc 5.635e-01, val/nll 1.654e+00
[2023-02-03 14:43:46] [Epoch   273/  500] trn/loss 1.001e+00, trn/lr 1.289e-02, val/acc 5.684e-01, val/nll 1.634e+00
[2023-02-03 14:43:49] [Epoch   274/  500] trn/loss 9.909e-01, trn/lr 1.279e-02, val/acc 5.816e-01, val/nll 1.546e+00
[2023-02-03 14:43:52] [Epoch   275/  500] trn/loss 9.914e-01, trn/lr 1.270e-02, val/acc 5.626e-01, val/nll 1.626e+00
[2023-02-03 14:43:55] [Epoch   276/  500] trn/loss 9.757e-01, trn/lr 1.261e-02, val/acc 5.813e-01, val/nll 1.554e+00
[2023-02-03 14:43:58] [Epoch   277/  500] trn/loss 9.977e-01, trn/lr 1.251e-02, val/acc 5.695e-01, val/nll 1.565e+00
[2023-02-03 14:44:01] [Epoch   278/  500] trn/loss 9.990e-01, trn/lr 1.242e-02, val/acc 5.812e-01, val/nll 1.582e+00
[2023-02-03 14:44:04] [Epoch   279/  500] trn/loss 9.701e-01, trn/lr 1.233e-02, val/acc 5.699e-01, val/nll 1.661e+00
[2023-02-03 14:44:07] [Epoch   280/  500] trn/loss 9.722e-01, trn/lr 1.224e-02, val/acc 5.737e-01, val/nll 1.591e+00
[2023-02-03 14:44:10] [Epoch   281/  500] trn/loss 9.832e-01, trn/lr 1.214e-02, val/acc 5.742e-01, val/nll 1.572e+00
[2023-02-03 14:44:14] [Epoch   282/  500] trn/loss 9.785e-01, trn/lr 1.205e-02, val/acc 6.027e-01, val/nll 1.436e+00 (best_acc: 5.968e-01 -> 6.027e-01, test_acc: 6.011e-01, test_nll: 1.435e+00)
[2023-02-03 14:44:17] [Epoch   283/  500] trn/loss 9.687e-01, trn/lr 1.196e-02, val/acc 5.702e-01, val/nll 1.611e+00
[2023-02-03 14:44:20] [Epoch   284/  500] trn/loss 9.468e-01, trn/lr 1.187e-02, val/acc 5.590e-01, val/nll 1.667e+00
[2023-02-03 14:44:23] [Epoch   285/  500] trn/loss 9.661e-01, trn/lr 1.177e-02, val/acc 5.831e-01, val/nll 1.532e+00
[2023-02-03 14:44:26] [Epoch   286/  500] trn/loss 9.446e-01, trn/lr 1.168e-02, val/acc 5.946e-01, val/nll 1.510e+00
[2023-02-03 14:44:29] [Epoch   287/  500] trn/loss 9.569e-01, trn/lr 1.159e-02, val/acc 5.895e-01, val/nll 1.528e+00
[2023-02-03 14:44:32] [Epoch   288/  500] trn/loss 9.395e-01, trn/lr 1.150e-02, val/acc 5.930e-01, val/nll 1.544e+00
[2023-02-03 14:44:35] [Epoch   289/  500] trn/loss 9.530e-01, trn/lr 1.141e-02, val/acc 5.878e-01, val/nll 1.527e+00
[2023-02-03 14:44:38] [Epoch   290/  500] trn/loss 9.439e-01, trn/lr 1.132e-02, val/acc 5.830e-01, val/nll 1.583e+00
[2023-02-03 14:44:41] [Epoch   291/  500] trn/loss 9.407e-01, trn/lr 1.122e-02, val/acc 5.657e-01, val/nll 1.669e+00
[2023-02-03 14:44:44] [Epoch   292/  500] trn/loss 9.269e-01, trn/lr 1.113e-02, val/acc 5.642e-01, val/nll 1.688e+00
[2023-02-03 14:44:47] [Epoch   293/  500] trn/loss 9.292e-01, trn/lr 1.104e-02, val/acc 5.538e-01, val/nll 1.749e+00
[2023-02-03 14:44:50] [Epoch   294/  500] trn/loss 9.263e-01, trn/lr 1.095e-02, val/acc 5.841e-01, val/nll 1.548e+00
[2023-02-03 14:44:53] [Epoch   295/  500] trn/loss 9.263e-01, trn/lr 1.086e-02, val/acc 5.709e-01, val/nll 1.633e+00
[2023-02-03 14:44:56] [Epoch   296/  500] trn/loss 9.167e-01, trn/lr 1.077e-02, val/acc 5.850e-01, val/nll 1.561e+00
[2023-02-03 14:44:59] [Epoch   297/  500] trn/loss 9.197e-01, trn/lr 1.068e-02, val/acc 5.706e-01, val/nll 1.594e+00
[2023-02-03 14:45:02] [Epoch   298/  500] trn/loss 9.170e-01, trn/lr 1.059e-02, val/acc 5.819e-01, val/nll 1.564e+00
[2023-02-03 14:45:05] [Epoch   299/  500] trn/loss 9.029e-01, trn/lr 1.050e-02, val/acc 5.783e-01, val/nll 1.605e+00
[2023-02-03 14:45:08] [Epoch   300/  500] trn/loss 9.181e-01, trn/lr 1.041e-02, val/acc 5.852e-01, val/nll 1.606e+00
[2023-02-03 14:45:11] [Epoch   301/  500] trn/loss 9.079e-01, trn/lr 1.032e-02, val/acc 5.886e-01, val/nll 1.534e+00
[2023-02-03 14:45:14] [Epoch   302/  500] trn/loss 9.104e-01, trn/lr 1.023e-02, val/acc 5.851e-01, val/nll 1.574e+00
[2023-02-03 14:45:17] [Epoch   303/  500] trn/loss 9.069e-01, trn/lr 1.014e-02, val/acc 5.967e-01, val/nll 1.468e+00
[2023-02-03 14:45:20] [Epoch   304/  500] trn/loss 8.933e-01, trn/lr 1.005e-02, val/acc 5.792e-01, val/nll 1.622e+00
[2023-02-03 14:45:23] [Epoch   305/  500] trn/loss 8.856e-01, trn/lr 9.964e-03, val/acc 5.926e-01, val/nll 1.573e+00
[2023-02-03 14:45:26] [Epoch   306/  500] trn/loss 8.825e-01, trn/lr 9.875e-03, val/acc 5.785e-01, val/nll 1.612e+00
[2023-02-03 14:45:29] [Epoch   307/  500] trn/loss 8.842e-01, trn/lr 9.786e-03, val/acc 5.809e-01, val/nll 1.591e+00
[2023-02-03 14:45:32] [Epoch   308/  500] trn/loss 8.776e-01, trn/lr 9.698e-03, val/acc 5.840e-01, val/nll 1.568e+00
[2023-02-03 14:45:35] [Epoch   309/  500] trn/loss 8.802e-01, trn/lr 9.610e-03, val/acc 5.538e-01, val/nll 1.735e+00
[2023-02-03 14:45:39] [Epoch   310/  500] trn/loss 8.625e-01, trn/lr 9.522e-03, val/acc 5.930e-01, val/nll 1.517e+00
[2023-02-03 14:45:42] [Epoch   311/  500] trn/loss 8.676e-01, trn/lr 9.435e-03, val/acc 5.827e-01, val/nll 1.604e+00
[2023-02-03 14:45:45] [Epoch   312/  500] trn/loss 8.545e-01, trn/lr 9.347e-03, val/acc 5.918e-01, val/nll 1.535e+00
[2023-02-03 14:45:48] [Epoch   313/  500] trn/loss 8.568e-01, trn/lr 9.260e-03, val/acc 5.817e-01, val/nll 1.615e+00
[2023-02-03 14:45:51] [Epoch   314/  500] trn/loss 8.591e-01, trn/lr 9.173e-03, val/acc 5.915e-01, val/nll 1.575e+00
[2023-02-03 14:45:54] [Epoch   315/  500] trn/loss 8.465e-01, trn/lr 9.086e-03, val/acc 5.997e-01, val/nll 1.482e+00
[2023-02-03 14:45:57] [Epoch   316/  500] trn/loss 8.378e-01, trn/lr 9.000e-03, val/acc 5.737e-01, val/nll 1.656e+00
[2023-02-03 14:46:00] [Epoch   317/  500] trn/loss 8.478e-01, trn/lr 8.914e-03, val/acc 5.709e-01, val/nll 1.648e+00
[2023-02-03 14:46:03] [Epoch   318/  500] trn/loss 8.383e-01, trn/lr 8.828e-03, val/acc 6.018e-01, val/nll 1.529e+00
[2023-02-03 14:46:06] [Epoch   319/  500] trn/loss 8.551e-01, trn/lr 8.742e-03, val/acc 5.743e-01, val/nll 1.616e+00
[2023-02-03 14:46:09] [Epoch   320/  500] trn/loss 8.306e-01, trn/lr 8.656e-03, val/acc 6.085e-01, val/nll 1.470e+00 (best_acc: 6.027e-01 -> 6.085e-01, test_acc: 6.131e-01, test_nll: 1.440e+00)
[2023-02-03 14:46:12] [Epoch   321/  500] trn/loss 8.383e-01, trn/lr 8.571e-03, val/acc 6.010e-01, val/nll 1.525e+00
[2023-02-03 14:46:15] [Epoch   322/  500] trn/loss 8.322e-01, trn/lr 8.486e-03, val/acc 6.055e-01, val/nll 1.510e+00
[2023-02-03 14:46:18] [Epoch   323/  500] trn/loss 8.151e-01, trn/lr 8.401e-03, val/acc 5.939e-01, val/nll 1.527e+00
[2023-02-03 14:46:21] [Epoch   324/  500] trn/loss 8.159e-01, trn/lr 8.317e-03, val/acc 5.554e-01, val/nll 1.791e+00
[2023-02-03 14:46:24] [Epoch   325/  500] trn/loss 8.134e-01, trn/lr 8.232e-03, val/acc 5.867e-01, val/nll 1.601e+00
[2023-02-03 14:46:27] [Epoch   326/  500] trn/loss 7.978e-01, trn/lr 8.148e-03, val/acc 5.963e-01, val/nll 1.539e+00
[2023-02-03 14:46:31] [Epoch   327/  500] trn/loss 7.933e-01, trn/lr 8.065e-03, val/acc 6.104e-01, val/nll 1.480e+00 (best_acc: 6.085e-01 -> 6.104e-01, test_acc: 6.177e-01, test_nll: 1.461e+00)
[2023-02-03 14:46:34] [Epoch   328/  500] trn/loss 8.081e-01, trn/lr 7.981e-03, val/acc 5.963e-01, val/nll 1.535e+00
[2023-02-03 14:46:37] [Epoch   329/  500] trn/loss 7.846e-01, trn/lr 7.898e-03, val/acc 5.951e-01, val/nll 1.505e+00
[2023-02-03 14:46:40] [Epoch   330/  500] trn/loss 7.818e-01, trn/lr 7.815e-03, val/acc 6.163e-01, val/nll 1.433e+00 (best_acc: 6.104e-01 -> 6.163e-01, test_acc: 6.197e-01, test_nll: 1.420e+00)
[2023-02-03 14:46:43] [Epoch   331/  500] trn/loss 7.764e-01, trn/lr 7.733e-03, val/acc 6.010e-01, val/nll 1.538e+00
[2023-02-03 14:46:46] [Epoch   332/  500] trn/loss 7.823e-01, trn/lr 7.650e-03, val/acc 5.955e-01, val/nll 1.556e+00
[2023-02-03 14:46:49] [Epoch   333/  500] trn/loss 7.705e-01, trn/lr 7.568e-03, val/acc 6.033e-01, val/nll 1.506e+00
[2023-02-03 14:46:52] [Epoch   334/  500] trn/loss 7.716e-01, trn/lr 7.487e-03, val/acc 6.013e-01, val/nll 1.494e+00
[2023-02-03 14:46:55] [Epoch   335/  500] trn/loss 7.713e-01, trn/lr 7.405e-03, val/acc 5.748e-01, val/nll 1.663e+00
[2023-02-03 14:46:58] [Epoch   336/  500] trn/loss 7.514e-01, trn/lr 7.324e-03, val/acc 6.083e-01, val/nll 1.474e+00
[2023-02-03 14:47:01] [Epoch   337/  500] trn/loss 7.574e-01, trn/lr 7.243e-03, val/acc 6.041e-01, val/nll 1.513e+00
[2023-02-03 14:47:04] [Epoch   338/  500] trn/loss 7.421e-01, trn/lr 7.163e-03, val/acc 6.088e-01, val/nll 1.510e+00
[2023-02-03 14:47:07] [Epoch   339/  500] trn/loss 7.670e-01, trn/lr 7.083e-03, val/acc 5.992e-01, val/nll 1.536e+00
[2023-02-03 14:47:10] [Epoch   340/  500] trn/loss 7.524e-01, trn/lr 7.003e-03, val/acc 6.074e-01, val/nll 1.490e+00
[2023-02-03 14:47:14] [Epoch   341/  500] trn/loss 7.428e-01, trn/lr 6.923e-03, val/acc 6.227e-01, val/nll 1.437e+00 (best_acc: 6.163e-01 -> 6.227e-01, test_acc: 6.231e-01, test_nll: 1.443e+00)
[2023-02-03 14:47:17] [Epoch   342/  500] trn/loss 7.214e-01, trn/lr 6.844e-03, val/acc 6.082e-01, val/nll 1.517e+00
[2023-02-03 14:47:20] [Epoch   343/  500] trn/loss 7.274e-01, trn/lr 6.765e-03, val/acc 6.192e-01, val/nll 1.440e+00
[2023-02-03 14:47:23] [Epoch   344/  500] trn/loss 7.262e-01, trn/lr 6.686e-03, val/acc 6.189e-01, val/nll 1.441e+00
[2023-02-03 14:47:26] [Epoch   345/  500] trn/loss 7.139e-01, trn/lr 6.608e-03, val/acc 6.128e-01, val/nll 1.511e+00
[2023-02-03 14:47:29] [Epoch   346/  500] trn/loss 7.149e-01, trn/lr 6.530e-03, val/acc 6.181e-01, val/nll 1.449e+00
[2023-02-03 14:47:32] [Epoch   347/  500] trn/loss 7.193e-01, trn/lr 6.452e-03, val/acc 6.198e-01, val/nll 1.483e+00
[2023-02-03 14:47:35] [Epoch   348/  500] trn/loss 7.057e-01, trn/lr 6.375e-03, val/acc 6.031e-01, val/nll 1.532e+00
[2023-02-03 14:47:38] [Epoch   349/  500] trn/loss 7.134e-01, trn/lr 6.298e-03, val/acc 5.878e-01, val/nll 1.628e+00
[2023-02-03 14:47:41] [Epoch   350/  500] trn/loss 7.038e-01, trn/lr 6.222e-03, val/acc 6.125e-01, val/nll 1.472e+00
[2023-02-03 14:47:44] [Epoch   351/  500] trn/loss 6.864e-01, trn/lr 6.145e-03, val/acc 6.248e-01, val/nll 1.419e+00 (best_acc: 6.227e-01 -> 6.248e-01, test_acc: 6.294e-01, test_nll: 1.409e+00)
[2023-02-03 14:47:47] [Epoch   352/  500] trn/loss 6.843e-01, trn/lr 6.069e-03, val/acc 6.069e-01, val/nll 1.518e+00
[2023-02-03 14:47:50] [Epoch   353/  500] trn/loss 6.865e-01, trn/lr 5.994e-03, val/acc 6.145e-01, val/nll 1.446e+00
[2023-02-03 14:47:53] [Epoch   354/  500] trn/loss 6.816e-01, trn/lr 5.919e-03, val/acc 6.097e-01, val/nll 1.511e+00
[2023-02-03 14:47:57] [Epoch   355/  500] trn/loss 6.779e-01, trn/lr 5.844e-03, val/acc 6.270e-01, val/nll 1.438e+00 (best_acc: 6.248e-01 -> 6.270e-01, test_acc: 6.283e-01, test_nll: 1.446e+00)
[2023-02-03 14:48:00] [Epoch   356/  500] trn/loss 6.734e-01, trn/lr 5.769e-03, val/acc 6.133e-01, val/nll 1.475e+00
[2023-02-03 14:48:03] [Epoch   357/  500] trn/loss 6.594e-01, trn/lr 5.695e-03, val/acc 6.278e-01, val/nll 1.426e+00 (best_acc: 6.270e-01 -> 6.278e-01, test_acc: 6.285e-01, test_nll: 1.405e+00)
[2023-02-03 14:48:06] [Epoch   358/  500] trn/loss 6.578e-01, trn/lr 5.622e-03, val/acc 6.277e-01, val/nll 1.429e+00
[2023-02-03 14:48:09] [Epoch   359/  500] trn/loss 6.512e-01, trn/lr 5.548e-03, val/acc 6.250e-01, val/nll 1.449e+00
[2023-02-03 14:48:12] [Epoch   360/  500] trn/loss 6.456e-01, trn/lr 5.475e-03, val/acc 6.239e-01, val/nll 1.443e+00
[2023-02-03 14:48:15] [Epoch   361/  500] trn/loss 6.418e-01, trn/lr 5.403e-03, val/acc 6.243e-01, val/nll 1.499e+00
[2023-02-03 14:48:19] [Epoch   362/  500] trn/loss 6.366e-01, trn/lr 5.330e-03, val/acc 6.279e-01, val/nll 1.441e+00 (best_acc: 6.278e-01 -> 6.279e-01, test_acc: 6.310e-01, test_nll: 1.417e+00)
[2023-02-03 14:48:22] [Epoch   363/  500] trn/loss 6.225e-01, trn/lr 5.259e-03, val/acc 6.390e-01, val/nll 1.399e+00 (best_acc: 6.279e-01 -> 6.390e-01, test_acc: 6.412e-01, test_nll: 1.385e+00)
[2023-02-03 14:48:25] [Epoch   364/  500] trn/loss 6.296e-01, trn/lr 5.187e-03, val/acc 6.105e-01, val/nll 1.491e+00
[2023-02-03 14:48:28] [Epoch   365/  500] trn/loss 6.206e-01, trn/lr 5.116e-03, val/acc 6.288e-01, val/nll 1.415e+00
[2023-02-03 14:48:31] [Epoch   366/  500] trn/loss 6.331e-01, trn/lr 5.045e-03, val/acc 6.166e-01, val/nll 1.486e+00
[2023-02-03 14:48:34] [Epoch   367/  500] trn/loss 6.222e-01, trn/lr 4.975e-03, val/acc 6.256e-01, val/nll 1.451e+00
[2023-02-03 14:48:37] [Epoch   368/  500] trn/loss 6.028e-01, trn/lr 4.905e-03, val/acc 6.322e-01, val/nll 1.444e+00
[2023-02-03 14:48:40] [Epoch   369/  500] trn/loss 6.040e-01, trn/lr 4.836e-03, val/acc 6.216e-01, val/nll 1.466e+00
[2023-02-03 14:48:43] [Epoch   370/  500] trn/loss 6.039e-01, trn/lr 4.766e-03, val/acc 6.269e-01, val/nll 1.453e+00
[2023-02-03 14:48:46] [Epoch   371/  500] trn/loss 6.013e-01, trn/lr 4.698e-03, val/acc 6.180e-01, val/nll 1.501e+00
[2023-02-03 14:48:49] [Epoch   372/  500] trn/loss 5.844e-01, trn/lr 4.629e-03, val/acc 6.230e-01, val/nll 1.472e+00
[2023-02-03 14:48:52] [Epoch   373/  500] trn/loss 5.869e-01, trn/lr 4.562e-03, val/acc 6.212e-01, val/nll 1.502e+00
[2023-02-03 14:48:55] [Epoch   374/  500] trn/loss 5.797e-01, trn/lr 4.494e-03, val/acc 6.215e-01, val/nll 1.466e+00
[2023-02-03 14:48:58] [Epoch   375/  500] trn/loss 5.683e-01, trn/lr 4.427e-03, val/acc 6.211e-01, val/nll 1.438e+00
[2023-02-03 14:49:02] [Epoch   376/  500] trn/loss 5.729e-01, trn/lr 4.360e-03, val/acc 6.396e-01, val/nll 1.385e+00 (best_acc: 6.390e-01 -> 6.396e-01, test_acc: 6.370e-01, test_nll: 1.386e+00)
[2023-02-03 14:49:05] [Epoch   377/  500] trn/loss 5.722e-01, trn/lr 4.294e-03, val/acc 6.213e-01, val/nll 1.479e+00
[2023-02-03 14:49:08] [Epoch   378/  500] trn/loss 5.671e-01, trn/lr 4.228e-03, val/acc 6.082e-01, val/nll 1.596e+00
[2023-02-03 14:49:11] [Epoch   379/  500] trn/loss 5.495e-01, trn/lr 4.163e-03, val/acc 6.386e-01, val/nll 1.423e+00
[2023-02-03 14:49:14] [Epoch   380/  500] trn/loss 5.490e-01, trn/lr 4.098e-03, val/acc 6.374e-01, val/nll 1.401e+00
[2023-02-03 14:49:17] [Epoch   381/  500] trn/loss 5.404e-01, trn/lr 4.033e-03, val/acc 6.146e-01, val/nll 1.524e+00
[2023-02-03 14:49:20] [Epoch   382/  500] trn/loss 5.425e-01, trn/lr 3.969e-03, val/acc 6.250e-01, val/nll 1.478e+00
[2023-02-03 14:49:23] [Epoch   383/  500] trn/loss 5.422e-01, trn/lr 3.906e-03, val/acc 6.283e-01, val/nll 1.450e+00
[2023-02-03 14:49:26] [Epoch   384/  500] trn/loss 5.258e-01, trn/lr 3.843e-03, val/acc 6.251e-01, val/nll 1.459e+00
[2023-02-03 14:49:29] [Epoch   385/  500] trn/loss 5.249e-01, trn/lr 3.780e-03, val/acc 6.418e-01, val/nll 1.404e+00 (best_acc: 6.396e-01 -> 6.418e-01, test_acc: 6.420e-01, test_nll: 1.391e+00)
[2023-02-03 14:49:32] [Epoch   386/  500] trn/loss 5.217e-01, trn/lr 3.717e-03, val/acc 6.376e-01, val/nll 1.442e+00
[2023-02-03 14:49:35] [Epoch   387/  500] trn/loss 5.128e-01, trn/lr 3.656e-03, val/acc 6.403e-01, val/nll 1.427e+00
[2023-02-03 14:49:38] [Epoch   388/  500] trn/loss 5.059e-01, trn/lr 3.594e-03, val/acc 6.273e-01, val/nll 1.438e+00
[2023-02-03 14:49:42] [Epoch   389/  500] trn/loss 4.932e-01, trn/lr 3.533e-03, val/acc 6.219e-01, val/nll 1.511e+00
[2023-02-03 14:49:45] [Epoch   390/  500] trn/loss 5.028e-01, trn/lr 3.473e-03, val/acc 6.357e-01, val/nll 1.439e+00
[2023-02-03 14:49:48] [Epoch   391/  500] trn/loss 4.885e-01, trn/lr 3.413e-03, val/acc 6.317e-01, val/nll 1.442e+00
[2023-02-03 14:49:51] [Epoch   392/  500] trn/loss 4.839e-01, trn/lr 3.353e-03, val/acc 6.284e-01, val/nll 1.464e+00
[2023-02-03 14:49:54] [Epoch   393/  500] trn/loss 4.842e-01, trn/lr 3.294e-03, val/acc 6.322e-01, val/nll 1.478e+00
[2023-02-03 14:49:57] [Epoch   394/  500] trn/loss 4.686e-01, trn/lr 3.235e-03, val/acc 6.273e-01, val/nll 1.468e+00
[2023-02-03 14:50:00] [Epoch   395/  500] trn/loss 4.721e-01, trn/lr 3.177e-03, val/acc 6.296e-01, val/nll 1.477e+00
[2023-02-03 14:50:03] [Epoch   396/  500] trn/loss 4.654e-01, trn/lr 3.119e-03, val/acc 6.281e-01, val/nll 1.472e+00
[2023-02-03 14:50:06] [Epoch   397/  500] trn/loss 4.562e-01, trn/lr 3.062e-03, val/acc 6.478e-01, val/nll 1.373e+00 (best_acc: 6.418e-01 -> 6.478e-01, test_acc: 6.520e-01, test_nll: 1.378e+00)
[2023-02-03 14:50:09] [Epoch   398/  500] trn/loss 4.405e-01, trn/lr 3.005e-03, val/acc 6.365e-01, val/nll 1.442e+00
[2023-02-03 14:50:12] [Epoch   399/  500] trn/loss 4.438e-01, trn/lr 2.949e-03, val/acc 6.403e-01, val/nll 1.437e+00
[2023-02-03 14:50:15] [Epoch   400/  500] trn/loss 4.374e-01, trn/lr 2.893e-03, val/acc 6.419e-01, val/nll 1.443e+00
[2023-02-03 14:50:18] [Epoch   401/  500] trn/loss 4.332e-01, trn/lr 2.837e-03, val/acc 6.456e-01, val/nll 1.405e+00
[2023-02-03 14:50:21] [Epoch   402/  500] trn/loss 4.240e-01, trn/lr 2.782e-03, val/acc 6.319e-01, val/nll 1.484e+00
[2023-02-03 14:50:24] [Epoch   403/  500] trn/loss 4.256e-01, trn/lr 2.728e-03, val/acc 6.353e-01, val/nll 1.430e+00
[2023-02-03 14:50:27] [Epoch   404/  500] trn/loss 4.217e-01, trn/lr 2.674e-03, val/acc 6.383e-01, val/nll 1.494e+00
[2023-02-03 14:50:31] [Epoch   405/  500] trn/loss 4.071e-01, trn/lr 2.621e-03, val/acc 6.546e-01, val/nll 1.382e+00 (best_acc: 6.478e-01 -> 6.546e-01, test_acc: 6.552e-01, test_nll: 1.377e+00)
[2023-02-03 14:50:34] [Epoch   406/  500] trn/loss 4.070e-01, trn/lr 2.568e-03, val/acc 6.378e-01, val/nll 1.460e+00
[2023-02-03 14:50:37] [Epoch   407/  500] trn/loss 3.986e-01, trn/lr 2.515e-03, val/acc 6.489e-01, val/nll 1.446e+00
[2023-02-03 14:50:40] [Epoch   408/  500] trn/loss 3.912e-01, trn/lr 2.463e-03, val/acc 6.433e-01, val/nll 1.441e+00
[2023-02-03 14:50:43] [Epoch   409/  500] trn/loss 3.898e-01, trn/lr 2.412e-03, val/acc 6.421e-01, val/nll 1.450e+00
[2023-02-03 14:50:46] [Epoch   410/  500] trn/loss 3.790e-01, trn/lr 2.361e-03, val/acc 6.426e-01, val/nll 1.455e+00
[2023-02-03 14:50:49] [Epoch   411/  500] trn/loss 3.733e-01, trn/lr 2.310e-03, val/acc 6.523e-01, val/nll 1.407e+00
[2023-02-03 14:50:52] [Epoch   412/  500] trn/loss 3.712e-01, trn/lr 2.260e-03, val/acc 6.449e-01, val/nll 1.414e+00
[2023-02-03 14:50:55] [Epoch   413/  500] trn/loss 3.555e-01, trn/lr 2.211e-03, val/acc 6.514e-01, val/nll 1.415e+00
[2023-02-03 14:50:58] [Epoch   414/  500] trn/loss 3.517e-01, trn/lr 2.162e-03, val/acc 6.463e-01, val/nll 1.456e+00
[2023-02-03 14:51:01] [Epoch   415/  500] trn/loss 3.531e-01, trn/lr 2.113e-03, val/acc 6.488e-01, val/nll 1.425e+00
[2023-02-03 14:51:04] [Epoch   416/  500] trn/loss 3.496e-01, trn/lr 2.065e-03, val/acc 6.619e-01, val/nll 1.366e+00 (best_acc: 6.546e-01 -> 6.619e-01, test_acc: 6.602e-01, test_nll: 1.366e+00)
[2023-02-03 14:51:07] [Epoch   417/  500] trn/loss 3.329e-01, trn/lr 2.018e-03, val/acc 6.560e-01, val/nll 1.400e+00
[2023-02-03 14:51:10] [Epoch   418/  500] trn/loss 3.247e-01, trn/lr 1.971e-03, val/acc 6.532e-01, val/nll 1.396e+00
[2023-02-03 14:51:13] [Epoch   419/  500] trn/loss 3.254e-01, trn/lr 1.924e-03, val/acc 6.483e-01, val/nll 1.409e+00
[2023-02-03 14:51:16] [Epoch   420/  500] trn/loss 3.197e-01, trn/lr 1.878e-03, val/acc 6.529e-01, val/nll 1.410e+00
[2023-02-03 14:51:20] [Epoch   421/  500] trn/loss 3.130e-01, trn/lr 1.833e-03, val/acc 6.554e-01, val/nll 1.445e+00
[2023-02-03 14:51:23] [Epoch   422/  500] trn/loss 3.128e-01, trn/lr 1.788e-03, val/acc 6.450e-01, val/nll 1.478e+00
[2023-02-03 14:51:26] [Epoch   423/  500] trn/loss 3.080e-01, trn/lr 1.744e-03, val/acc 6.546e-01, val/nll 1.417e+00
[2023-02-03 14:51:29] [Epoch   424/  500] trn/loss 2.974e-01, trn/lr 1.700e-03, val/acc 6.539e-01, val/nll 1.425e+00
[2023-02-03 14:51:32] [Epoch   425/  500] trn/loss 2.888e-01, trn/lr 1.657e-03, val/acc 6.618e-01, val/nll 1.393e+00
[2023-02-03 14:51:35] [Epoch   426/  500] trn/loss 2.840e-01, trn/lr 1.614e-03, val/acc 6.626e-01, val/nll 1.391e+00 (best_acc: 6.619e-01 -> 6.626e-01, test_acc: 6.636e-01, test_nll: 1.382e+00)
[2023-02-03 14:51:38] [Epoch   427/  500] trn/loss 2.836e-01, trn/lr 1.571e-03, val/acc 6.621e-01, val/nll 1.412e+00
[2023-02-03 14:51:41] [Epoch   428/  500] trn/loss 2.729e-01, trn/lr 1.530e-03, val/acc 6.601e-01, val/nll 1.411e+00
[2023-02-03 14:51:44] [Epoch   429/  500] trn/loss 2.665e-01, trn/lr 1.489e-03, val/acc 6.533e-01, val/nll 1.458e+00
[2023-02-03 14:51:47] [Epoch   430/  500] trn/loss 2.602e-01, trn/lr 1.448e-03, val/acc 6.624e-01, val/nll 1.402e+00
[2023-02-03 14:51:50] [Epoch   431/  500] trn/loss 2.608e-01, trn/lr 1.408e-03, val/acc 6.617e-01, val/nll 1.377e+00
[2023-02-03 14:51:53] [Epoch   432/  500] trn/loss 2.492e-01, trn/lr 1.368e-03, val/acc 6.576e-01, val/nll 1.442e+00
[2023-02-03 14:51:56] [Epoch   433/  500] trn/loss 2.435e-01, trn/lr 1.329e-03, val/acc 6.628e-01, val/nll 1.408e+00 (best_acc: 6.626e-01 -> 6.628e-01, test_acc: 6.647e-01, test_nll: 1.396e+00)
[2023-02-03 14:51:59] [Epoch   434/  500] trn/loss 2.403e-01, trn/lr 1.291e-03, val/acc 6.575e-01, val/nll 1.405e+00
[2023-02-03 14:52:03] [Epoch   435/  500] trn/loss 2.300e-01, trn/lr 1.253e-03, val/acc 6.639e-01, val/nll 1.408e+00 (best_acc: 6.628e-01 -> 6.639e-01, test_acc: 6.637e-01, test_nll: 1.394e+00)
[2023-02-03 14:52:06] [Epoch   436/  500] trn/loss 2.297e-01, trn/lr 1.215e-03, val/acc 6.605e-01, val/nll 1.415e+00
[2023-02-03 14:52:09] [Epoch   437/  500] trn/loss 2.255e-01, trn/lr 1.178e-03, val/acc 6.697e-01, val/nll 1.382e+00 (best_acc: 6.639e-01 -> 6.697e-01, test_acc: 6.674e-01, test_nll: 1.379e+00)
[2023-02-03 14:52:12] [Epoch   438/  500] trn/loss 2.163e-01, trn/lr 1.142e-03, val/acc 6.663e-01, val/nll 1.402e+00
[2023-02-03 14:52:15] [Epoch   439/  500] trn/loss 2.133e-01, trn/lr 1.106e-03, val/acc 6.577e-01, val/nll 1.407e+00
[2023-02-03 14:52:18] [Epoch   440/  500] trn/loss 2.074e-01, trn/lr 1.071e-03, val/acc 6.627e-01, val/nll 1.419e+00
[2023-02-03 14:52:21] [Epoch   441/  500] trn/loss 2.028e-01, trn/lr 1.036e-03, val/acc 6.639e-01, val/nll 1.428e+00
[2023-02-03 14:52:24] [Epoch   442/  500] trn/loss 1.908e-01, trn/lr 1.002e-03, val/acc 6.638e-01, val/nll 1.422e+00
[2023-02-03 14:52:27] [Epoch   443/  500] trn/loss 1.965e-01, trn/lr 9.685e-04, val/acc 6.676e-01, val/nll 1.405e+00
[2023-02-03 14:52:30] [Epoch   444/  500] trn/loss 1.855e-01, trn/lr 9.354e-04, val/acc 6.660e-01, val/nll 1.409e+00
[2023-02-03 14:52:33] [Epoch   445/  500] trn/loss 1.822e-01, trn/lr 9.029e-04, val/acc 6.665e-01, val/nll 1.408e+00
[2023-02-03 14:52:36] [Epoch   446/  500] trn/loss 1.786e-01, trn/lr 8.710e-04, val/acc 6.650e-01, val/nll 1.412e+00
[2023-02-03 14:52:39] [Epoch   447/  500] trn/loss 1.733e-01, trn/lr 8.396e-04, val/acc 6.687e-01, val/nll 1.409e+00
[2023-02-03 14:52:42] [Epoch   448/  500] trn/loss 1.690e-01, trn/lr 8.088e-04, val/acc 6.678e-01, val/nll 1.408e+00
[2023-02-03 14:52:45] [Epoch   449/  500] trn/loss 1.702e-01, trn/lr 7.786e-04, val/acc 6.699e-01, val/nll 1.401e+00 (best_acc: 6.697e-01 -> 6.699e-01, test_acc: 6.716e-01, test_nll: 1.391e+00)
[2023-02-03 14:52:49] [Epoch   450/  500] trn/loss 1.636e-01, trn/lr 7.489e-04, val/acc 6.680e-01, val/nll 1.397e+00
[2023-02-03 14:52:52] [Epoch   451/  500] trn/loss 1.589e-01, trn/lr 7.198e-04, val/acc 6.695e-01, val/nll 1.410e+00
[2023-02-03 14:52:55] [Epoch   452/  500] trn/loss 1.596e-01, trn/lr 6.912e-04, val/acc 6.699e-01, val/nll 1.399e+00
[2023-02-03 14:52:58] [Epoch   453/  500] trn/loss 1.498e-01, trn/lr 6.632e-04, val/acc 6.718e-01, val/nll 1.389e+00 (best_acc: 6.699e-01 -> 6.718e-01, test_acc: 6.770e-01, test_nll: 1.363e+00)
[2023-02-03 14:53:01] [Epoch   454/  500] trn/loss 1.451e-01, trn/lr 6.358e-04, val/acc 6.699e-01, val/nll 1.404e+00
[2023-02-03 14:53:04] [Epoch   455/  500] trn/loss 1.427e-01, trn/lr 6.089e-04, val/acc 6.686e-01, val/nll 1.405e+00
[2023-02-03 14:53:07] [Epoch   456/  500] trn/loss 1.384e-01, trn/lr 5.826e-04, val/acc 6.656e-01, val/nll 1.416e+00
[2023-02-03 14:53:10] [Epoch   457/  500] trn/loss 1.369e-01, trn/lr 5.569e-04, val/acc 6.718e-01, val/nll 1.400e+00
[2023-02-03 14:53:13] [Epoch   458/  500] trn/loss 1.331e-01, trn/lr 5.317e-04, val/acc 6.692e-01, val/nll 1.408e+00
[2023-02-03 14:53:16] [Epoch   459/  500] trn/loss 1.295e-01, trn/lr 5.072e-04, val/acc 6.713e-01, val/nll 1.409e+00
[2023-02-03 14:53:19] [Epoch   460/  500] trn/loss 1.278e-01, trn/lr 4.831e-04, val/acc 6.739e-01, val/nll 1.399e+00 (best_acc: 6.718e-01 -> 6.739e-01, test_acc: 6.723e-01, test_nll: 1.374e+00)
[2023-02-03 14:53:22] [Epoch   461/  500] trn/loss 1.247e-01, trn/lr 4.597e-04, val/acc 6.731e-01, val/nll 1.402e+00
[2023-02-03 14:53:25] [Epoch   462/  500] trn/loss 1.233e-01, trn/lr 4.368e-04, val/acc 6.739e-01, val/nll 1.393e+00
[2023-02-03 14:53:29] [Epoch   463/  500] trn/loss 1.232e-01, trn/lr 4.145e-04, val/acc 6.759e-01, val/nll 1.394e+00 (best_acc: 6.739e-01 -> 6.759e-01, test_acc: 6.760e-01, test_nll: 1.373e+00)
[2023-02-03 14:53:32] [Epoch   464/  500] trn/loss 1.174e-01, trn/lr 3.928e-04, val/acc 6.764e-01, val/nll 1.401e+00 (best_acc: 6.759e-01 -> 6.764e-01, test_acc: 6.763e-01, test_nll: 1.386e+00)
[2023-02-03 14:53:35] [Epoch   465/  500] trn/loss 1.152e-01, trn/lr 3.717e-04, val/acc 6.773e-01, val/nll 1.388e+00 (best_acc: 6.764e-01 -> 6.773e-01, test_acc: 6.780e-01, test_nll: 1.370e+00)
[2023-02-03 14:53:38] [Epoch   466/  500] trn/loss 1.146e-01, trn/lr 3.511e-04, val/acc 6.792e-01, val/nll 1.396e+00 (best_acc: 6.773e-01 -> 6.792e-01, test_acc: 6.789e-01, test_nll: 1.366e+00)
[2023-02-03 14:53:41] [Epoch   467/  500] trn/loss 1.135e-01, trn/lr 3.311e-04, val/acc 6.777e-01, val/nll 1.386e+00
[2023-02-03 14:53:44] [Epoch   468/  500] trn/loss 1.097e-01, trn/lr 3.117e-04, val/acc 6.747e-01, val/nll 1.386e+00
[2023-02-03 14:53:48] [Epoch   469/  500] trn/loss 1.078e-01, trn/lr 2.929e-04, val/acc 6.801e-01, val/nll 1.390e+00 (best_acc: 6.792e-01 -> 6.801e-01, test_acc: 6.775e-01, test_nll: 1.366e+00)
[2023-02-03 14:53:51] [Epoch   470/  500] trn/loss 1.077e-01, trn/lr 2.747e-04, val/acc 6.784e-01, val/nll 1.388e+00
[2023-02-03 14:53:54] [Epoch   471/  500] trn/loss 1.047e-01, trn/lr 2.570e-04, val/acc 6.785e-01, val/nll 1.390e+00
[2023-02-03 14:53:57] [Epoch   472/  500] trn/loss 1.039e-01, trn/lr 2.399e-04, val/acc 6.770e-01, val/nll 1.392e+00
[2023-02-03 14:54:00] [Epoch   473/  500] trn/loss 1.015e-01, trn/lr 2.234e-04, val/acc 6.778e-01, val/nll 1.389e+00
[2023-02-03 14:54:03] [Epoch   474/  500] trn/loss 1.004e-01, trn/lr 2.075e-04, val/acc 6.782e-01, val/nll 1.388e+00
[2023-02-03 14:54:06] [Epoch   475/  500] trn/loss 9.926e-02, trn/lr 1.922e-04, val/acc 6.792e-01, val/nll 1.393e+00
[2023-02-03 14:54:09] [Epoch   476/  500] trn/loss 9.961e-02, trn/lr 1.774e-04, val/acc 6.784e-01, val/nll 1.396e+00
[2023-02-03 14:54:12] [Epoch   477/  500] trn/loss 9.949e-02, trn/lr 1.633e-04, val/acc 6.804e-01, val/nll 1.392e+00 (best_acc: 6.801e-01 -> 6.804e-01, test_acc: 6.797e-01, test_nll: 1.369e+00)
[2023-02-03 14:54:15] [Epoch   478/  500] trn/loss 9.671e-02, trn/lr 1.497e-04, val/acc 6.777e-01, val/nll 1.388e+00
[2023-02-03 14:54:19] [Epoch   479/  500] trn/loss 9.449e-02, trn/lr 1.367e-04, val/acc 6.775e-01, val/nll 1.391e+00
[2023-02-03 14:54:22] [Epoch   480/  500] trn/loss 9.512e-02, trn/lr 1.243e-04, val/acc 6.790e-01, val/nll 1.395e+00
[2023-02-03 14:54:25] [Epoch   481/  500] trn/loss 9.458e-02, trn/lr 1.125e-04, val/acc 6.782e-01, val/nll 1.392e+00
[2023-02-03 14:54:28] [Epoch   482/  500] trn/loss 9.101e-02, trn/lr 1.013e-04, val/acc 6.794e-01, val/nll 1.391e+00
[2023-02-03 14:54:31] [Epoch   483/  500] trn/loss 9.252e-02, trn/lr 9.064e-05, val/acc 6.800e-01, val/nll 1.391e+00
[2023-02-03 14:54:34] [Epoch   484/  500] trn/loss 9.241e-02, trn/lr 8.059e-05, val/acc 6.804e-01, val/nll 1.388e+00
[2023-02-03 14:54:37] [Epoch   485/  500] trn/loss 9.247e-02, trn/lr 7.113e-05, val/acc 6.792e-01, val/nll 1.393e+00
[2023-02-03 14:54:40] [Epoch   486/  500] trn/loss 8.939e-02, trn/lr 6.226e-05, val/acc 6.810e-01, val/nll 1.401e+00 (best_acc: 6.804e-01 -> 6.810e-01, test_acc: 6.784e-01, test_nll: 1.378e+00)
[2023-02-03 14:54:43] [Epoch   487/  500] trn/loss 8.774e-02, trn/lr 5.398e-05, val/acc 6.781e-01, val/nll 1.395e+00
[2023-02-03 14:54:46] [Epoch   488/  500] trn/loss 8.955e-02, trn/lr 4.629e-05, val/acc 6.798e-01, val/nll 1.394e+00
[2023-02-03 14:54:49] [Epoch   489/  500] trn/loss 8.883e-02, trn/lr 3.919e-05, val/acc 6.781e-01, val/nll 1.393e+00
[2023-02-03 14:54:52] [Epoch   490/  500] trn/loss 9.016e-02, trn/lr 3.268e-05, val/acc 6.789e-01, val/nll 1.394e+00
[2023-02-03 14:54:55] [Epoch   491/  500] trn/loss 8.860e-02, trn/lr 2.676e-05, val/acc 6.781e-01, val/nll 1.393e+00
[2023-02-03 14:54:58] [Epoch   492/  500] trn/loss 8.844e-02, trn/lr 2.143e-05, val/acc 6.775e-01, val/nll 1.391e+00
[2023-02-03 14:55:01] [Epoch   493/  500] trn/loss 8.887e-02, trn/lr 1.669e-05, val/acc 6.796e-01, val/nll 1.399e+00
[2023-02-03 14:55:04] [Epoch   494/  500] trn/loss 8.980e-02, trn/lr 1.254e-05, val/acc 6.794e-01, val/nll 1.393e+00
[2023-02-03 14:55:07] [Epoch   495/  500] trn/loss 8.688e-02, trn/lr 8.991e-06, val/acc 6.796e-01, val/nll 1.392e+00
[2023-02-03 14:55:10] [Epoch   496/  500] trn/loss 8.962e-02, trn/lr 6.028e-06, val/acc 6.801e-01, val/nll 1.391e+00
[2023-02-03 14:55:14] [Epoch   497/  500] trn/loss 8.659e-02, trn/lr 3.658e-06, val/acc 6.811e-01, val/nll 1.392e+00 (best_acc: 6.810e-01 -> 6.811e-01, test_acc: 6.788e-01, test_nll: 1.374e+00)
[2023-02-03 14:55:17] [Epoch   498/  500] trn/loss 8.751e-02, trn/lr 1.880e-06, val/acc 6.795e-01, val/nll 1.393e+00
[2023-02-03 14:55:20] [Epoch   499/  500] trn/loss 8.741e-02, trn/lr 6.936e-07, val/acc 6.802e-01, val/nll 1.387e+00
[2023-02-03 14:55:23] [Epoch   500/  500] trn/loss 8.774e-02, trn/lr 9.964e-08, val/acc 6.799e-01, val/nll 1.391e+00
