[2023-04-06 22:02:41] Environments:
------------  --------------------------------------------------------------------------------
sys.platform  linux
Python        3.10.8 (main, Nov 24 2022, 14:13:03) [GCC 11.2.0]
JAX           0.4.1 @/mnt/home/giung/.conda/envs/jax-vessl/lib/python3.10/site-packages/jax
jaxlib        0.4.1 @/mnt/home/giung/.conda/envs/jax-vessl/lib/python3.10/site-packages/jaxlib
Flax          0.6.3 @/mnt/home/giung/.conda/envs/jax-vessl/lib/python3.10/site-packages/flax
Optax         0.1.4 @/mnt/home/giung/.conda/envs/jax-vessl/lib/python3.10/site-packages/optax
------------  --------------------------------------------------------------------------------

[2023-04-06 22:02:41] Command line arguments:
- args.data_root          : ./data/
- args.data_name          : CIFAR10_x32
- args.data_augmentation  : standard
- args.data_proportional  : 1.0
- args.model_name         : FlaxPreResNet
- args.model_depth        : 28
- args.model_width        : 10
- args.model_style        : BN-ReLU
- args.optim_bs           : 256
- args.optim_ne           : 200
- args.optim_lr           : 0.1
- args.optim_momentum     : 0.7
- args.optim_weight_decay : 0.003
- args.save               : /mnt/home/giung/giung2-dev/projects/residual-networks/save/CIFAR10_x32/WRN28x10-BN-ReLU/bs-0256_ne-0200_lr-0.10_mo-0.70_wd-0.0030_fp32/42
- args.seed               : 42
- args.precision          : fp32

[2023-04-06 22:05:06] [Epoch     1/  200] trn/loss 1.599e+00, trn/lr 1.000e-01, val/acc 4.718e-01, val/nll 1.485e+00 (best_acc: 0.000e+00 -> 4.718e-01, test_acc: 4.587e-01, test_nll: 1.506e+00)
[2023-04-06 22:06:49] [Epoch     2/  200] trn/loss 1.139e+00, trn/lr 9.999e-02, val/acc 5.374e-01, val/nll 1.321e+00 (best_acc: 4.718e-01 -> 5.374e-01, test_acc: 5.284e-01, test_nll: 1.329e+00)
[2023-04-06 22:08:28] [Epoch     3/  200] trn/loss 9.308e-01, trn/lr 9.996e-02, val/acc 5.949e-01, val/nll 1.172e+00 (best_acc: 5.374e-01 -> 5.949e-01, test_acc: 5.879e-01, test_nll: 1.199e+00)
[2023-04-06 22:10:08] [Epoch     4/  200] trn/loss 7.911e-01, trn/lr 9.992e-02, val/acc 6.426e-01, val/nll 1.023e+00 (best_acc: 5.949e-01 -> 6.426e-01, test_acc: 6.303e-01, test_nll: 1.047e+00)
[2023-04-06 22:11:35] [Epoch     5/  200] trn/loss 6.734e-01, trn/lr 9.987e-02, val/acc 6.262e-01, val/nll 1.167e+00
[2023-04-06 22:13:15] [Epoch     6/  200] trn/loss 6.062e-01, trn/lr 9.981e-02, val/acc 7.652e-01, val/nll 6.870e-01 (best_acc: 6.426e-01 -> 7.652e-01, test_acc: 7.725e-01, test_nll: 6.827e-01)
[2023-04-06 22:14:42] [Epoch     7/  200] trn/loss 5.553e-01, trn/lr 9.974e-02, val/acc 6.684e-01, val/nll 1.059e+00
[2023-04-06 22:16:09] [Epoch     8/  200] trn/loss 5.103e-01, trn/lr 9.965e-02, val/acc 6.541e-01, val/nll 1.208e+00
[2023-04-06 22:17:35] [Epoch     9/  200] trn/loss 4.743e-01, trn/lr 9.955e-02, val/acc 6.608e-01, val/nll 1.153e+00
[2023-04-06 22:19:02] [Epoch    10/  200] trn/loss 4.572e-01, trn/lr 9.944e-02, val/acc 6.790e-01, val/nll 1.046e+00
[2023-04-06 22:20:29] [Epoch    11/  200] trn/loss 4.374e-01, trn/lr 9.932e-02, val/acc 7.532e-01, val/nll 7.254e-01
[2023-04-06 22:22:13] [Epoch    12/  200] trn/loss 4.173e-01, trn/lr 9.919e-02, val/acc 7.803e-01, val/nll 6.640e-01 (best_acc: 7.652e-01 -> 7.803e-01, test_acc: 7.759e-01, test_nll: 6.831e-01)
[2023-04-06 22:23:52] [Epoch    13/  200] trn/loss 4.131e-01, trn/lr 9.904e-02, val/acc 8.032e-01, val/nll 5.869e-01 (best_acc: 7.803e-01 -> 8.032e-01, test_acc: 7.912e-01, test_nll: 6.216e-01)
[2023-04-06 22:25:32] [Epoch    14/  200] trn/loss 3.944e-01, trn/lr 9.888e-02, val/acc 8.165e-01, val/nll 5.558e-01 (best_acc: 8.032e-01 -> 8.165e-01, test_acc: 8.111e-01, test_nll: 5.722e-01)
[2023-04-06 22:26:59] [Epoch    15/  200] trn/loss 3.882e-01, trn/lr 9.871e-02, val/acc 7.331e-01, val/nll 8.292e-01
[2023-04-06 22:28:39] [Epoch    16/  200] trn/loss 3.859e-01, trn/lr 9.853e-02, val/acc 8.249e-01, val/nll 5.209e-01 (best_acc: 8.165e-01 -> 8.249e-01, test_acc: 8.206e-01, test_nll: 5.439e-01)
[2023-04-06 22:30:05] [Epoch    17/  200] trn/loss 3.737e-01, trn/lr 9.833e-02, val/acc 7.648e-01, val/nll 7.444e-01
[2023-04-06 22:31:32] [Epoch    18/  200] trn/loss 3.678e-01, trn/lr 9.812e-02, val/acc 7.867e-01, val/nll 6.772e-01
[2023-04-06 22:32:58] [Epoch    19/  200] trn/loss 3.584e-01, trn/lr 9.790e-02, val/acc 7.293e-01, val/nll 8.389e-01
[2023-04-06 22:34:25] [Epoch    20/  200] trn/loss 3.577e-01, trn/lr 9.767e-02, val/acc 7.735e-01, val/nll 7.061e-01
[2023-04-06 22:35:52] [Epoch    21/  200] trn/loss 3.455e-01, trn/lr 9.743e-02, val/acc 7.781e-01, val/nll 6.950e-01
[2023-04-06 22:37:18] [Epoch    22/  200] trn/loss 3.461e-01, trn/lr 9.718e-02, val/acc 7.440e-01, val/nll 8.075e-01
[2023-04-06 22:38:45] [Epoch    23/  200] trn/loss 3.415e-01, trn/lr 9.691e-02, val/acc 8.087e-01, val/nll 6.106e-01
[2023-04-06 22:40:11] [Epoch    24/  200] trn/loss 3.280e-01, trn/lr 9.663e-02, val/acc 7.713e-01, val/nll 7.324e-01
[2023-04-06 22:41:38] [Epoch    25/  200] trn/loss 3.217e-01, trn/lr 9.634e-02, val/acc 8.180e-01, val/nll 5.661e-01
[2023-04-06 22:43:04] [Epoch    26/  200] trn/loss 3.247e-01, trn/lr 9.604e-02, val/acc 7.451e-01, val/nll 8.352e-01
[2023-04-06 22:44:31] [Epoch    27/  200] trn/loss 3.040e-01, trn/lr 9.573e-02, val/acc 7.563e-01, val/nll 8.380e-01
[2023-04-06 22:45:57] [Epoch    28/  200] trn/loss 3.104e-01, trn/lr 9.541e-02, val/acc 7.834e-01, val/nll 7.190e-01
[2023-04-06 22:47:24] [Epoch    29/  200] trn/loss 3.038e-01, trn/lr 9.507e-02, val/acc 7.223e-01, val/nll 9.399e-01
[2023-04-06 22:48:50] [Epoch    30/  200] trn/loss 2.965e-01, trn/lr 9.473e-02, val/acc 8.072e-01, val/nll 5.909e-01
[2023-04-06 22:50:30] [Epoch    31/  200] trn/loss 2.921e-01, trn/lr 9.437e-02, val/acc 8.344e-01, val/nll 5.082e-01 (best_acc: 8.249e-01 -> 8.344e-01, test_acc: 8.338e-01, test_nll: 5.057e-01)
[2023-04-06 22:53:18] [Epoch    32/  200] trn/loss 2.917e-01, trn/lr 9.400e-02, val/acc 8.350e-01, val/nll 5.120e-01 (best_acc: 8.344e-01 -> 8.350e-01, test_acc: 8.301e-01, test_nll: 5.288e-01)
[2023-04-06 22:54:44] [Epoch    33/  200] trn/loss 2.900e-01, trn/lr 9.363e-02, val/acc 7.936e-01, val/nll 6.866e-01
[2023-04-06 22:56:23] [Epoch    34/  200] trn/loss 2.842e-01, trn/lr 9.324e-02, val/acc 8.399e-01, val/nll 4.946e-01 (best_acc: 8.350e-01 -> 8.399e-01, test_acc: 8.360e-01, test_nll: 5.055e-01)
[2023-04-06 22:57:49] [Epoch    35/  200] trn/loss 2.874e-01, trn/lr 9.284e-02, val/acc 7.471e-01, val/nll 8.150e-01
[2023-04-06 22:59:16] [Epoch    36/  200] trn/loss 2.809e-01, trn/lr 9.243e-02, val/acc 8.379e-01, val/nll 5.026e-01
[2023-04-06 23:00:42] [Epoch    37/  200] trn/loss 2.753e-01, trn/lr 9.201e-02, val/acc 7.299e-01, val/nll 9.356e-01
[2023-04-06 23:02:09] [Epoch    38/  200] trn/loss 2.766e-01, trn/lr 9.157e-02, val/acc 7.410e-01, val/nll 8.463e-01
[2023-04-06 23:03:35] [Epoch    39/  200] trn/loss 2.682e-01, trn/lr 9.113e-02, val/acc 7.881e-01, val/nll 6.885e-01
[2023-04-06 23:05:02] [Epoch    40/  200] trn/loss 2.760e-01, trn/lr 9.068e-02, val/acc 7.898e-01, val/nll 6.786e-01
[2023-04-06 23:06:28] [Epoch    41/  200] trn/loss 2.693e-01, trn/lr 9.022e-02, val/acc 8.289e-01, val/nll 5.420e-01
[2023-04-06 23:08:08] [Epoch    42/  200] trn/loss 2.644e-01, trn/lr 8.975e-02, val/acc 8.503e-01, val/nll 4.553e-01 (best_acc: 8.399e-01 -> 8.503e-01, test_acc: 8.472e-01, test_nll: 4.703e-01)
[2023-04-06 23:09:34] [Epoch    43/  200] trn/loss 2.648e-01, trn/lr 8.927e-02, val/acc 7.795e-01, val/nll 6.951e-01
[2023-04-06 23:11:01] [Epoch    44/  200] trn/loss 2.598e-01, trn/lr 8.878e-02, val/acc 8.461e-01, val/nll 4.841e-01
[2023-04-06 23:12:27] [Epoch    45/  200] trn/loss 2.563e-01, trn/lr 8.828e-02, val/acc 8.173e-01, val/nll 5.811e-01
[2023-04-06 23:13:54] [Epoch    46/  200] trn/loss 2.596e-01, trn/lr 8.777e-02, val/acc 7.468e-01, val/nll 8.159e-01
[2023-04-06 23:15:20] [Epoch    47/  200] trn/loss 2.526e-01, trn/lr 8.725e-02, val/acc 8.004e-01, val/nll 6.330e-01
[2023-04-06 23:16:59] [Epoch    48/  200] trn/loss 2.557e-01, trn/lr 8.672e-02, val/acc 8.716e-01, val/nll 3.925e-01 (best_acc: 8.503e-01 -> 8.716e-01, test_acc: 8.640e-01, test_nll: 4.172e-01)
[2023-04-06 23:18:26] [Epoch    49/  200] trn/loss 2.520e-01, trn/lr 8.618e-02, val/acc 8.167e-01, val/nll 5.849e-01
[2023-04-06 23:19:52] [Epoch    50/  200] trn/loss 2.521e-01, trn/lr 8.563e-02, val/acc 7.423e-01, val/nll 9.092e-01
[2023-04-06 23:21:19] [Epoch    51/  200] trn/loss 2.433e-01, trn/lr 8.508e-02, val/acc 8.506e-01, val/nll 4.621e-01
[2023-04-06 23:22:45] [Epoch    52/  200] trn/loss 2.454e-01, trn/lr 8.451e-02, val/acc 7.864e-01, val/nll 6.841e-01
[2023-04-06 23:24:12] [Epoch    53/  200] trn/loss 2.394e-01, trn/lr 8.394e-02, val/acc 8.345e-01, val/nll 5.076e-01
[2023-04-06 23:25:38] [Epoch    54/  200] trn/loss 2.449e-01, trn/lr 8.336e-02, val/acc 8.457e-01, val/nll 4.985e-01
[2023-04-06 23:27:05] [Epoch    55/  200] trn/loss 2.353e-01, trn/lr 8.277e-02, val/acc 7.675e-01, val/nll 7.812e-01
[2023-04-06 23:28:31] [Epoch    56/  200] trn/loss 2.380e-01, trn/lr 8.217e-02, val/acc 8.146e-01, val/nll 6.012e-01
[2023-04-06 23:29:58] [Epoch    57/  200] trn/loss 2.324e-01, trn/lr 8.157e-02, val/acc 7.878e-01, val/nll 7.068e-01
[2023-04-06 23:31:40] [Epoch    58/  200] trn/loss 2.311e-01, trn/lr 8.096e-02, val/acc 8.959e-01, val/nll 3.213e-01 (best_acc: 8.716e-01 -> 8.959e-01, test_acc: 8.919e-01, test_nll: 3.366e-01)
[2023-04-06 23:33:06] [Epoch    59/  200] trn/loss 2.300e-01, trn/lr 8.034e-02, val/acc 8.565e-01, val/nll 4.428e-01
[2023-04-06 23:34:33] [Epoch    60/  200] trn/loss 2.258e-01, trn/lr 7.971e-02, val/acc 8.696e-01, val/nll 4.069e-01
[2023-04-06 23:35:59] [Epoch    61/  200] trn/loss 2.257e-01, trn/lr 7.907e-02, val/acc 8.638e-01, val/nll 4.407e-01
[2023-04-06 23:37:26] [Epoch    62/  200] trn/loss 2.274e-01, trn/lr 7.843e-02, val/acc 8.393e-01, val/nll 5.045e-01
[2023-04-06 23:38:52] [Epoch    63/  200] trn/loss 2.177e-01, trn/lr 7.778e-02, val/acc 8.619e-01, val/nll 4.344e-01
[2023-04-06 23:40:19] [Epoch    64/  200] trn/loss 2.224e-01, trn/lr 7.712e-02, val/acc 7.636e-01, val/nll 8.271e-01
[2023-04-06 23:41:45] [Epoch    65/  200] trn/loss 2.192e-01, trn/lr 7.646e-02, val/acc 7.971e-01, val/nll 6.822e-01
[2023-04-06 23:43:12] [Epoch    66/  200] trn/loss 2.187e-01, trn/lr 7.579e-02, val/acc 8.678e-01, val/nll 4.111e-01
[2023-04-06 23:44:38] [Epoch    67/  200] trn/loss 2.080e-01, trn/lr 7.512e-02, val/acc 8.350e-01, val/nll 5.399e-01
[2023-04-06 23:46:05] [Epoch    68/  200] trn/loss 2.185e-01, trn/lr 7.443e-02, val/acc 8.378e-01, val/nll 5.045e-01
[2023-04-06 23:47:31] [Epoch    69/  200] trn/loss 2.115e-01, trn/lr 7.374e-02, val/acc 8.603e-01, val/nll 4.453e-01
[2023-04-06 23:48:58] [Epoch    70/  200] trn/loss 2.065e-01, trn/lr 7.305e-02, val/acc 7.817e-01, val/nll 7.341e-01
[2023-04-06 23:50:24] [Epoch    71/  200] trn/loss 2.069e-01, trn/lr 7.235e-02, val/acc 8.423e-01, val/nll 4.979e-01
[2023-04-06 23:51:50] [Epoch    72/  200] trn/loss 2.019e-01, trn/lr 7.165e-02, val/acc 7.990e-01, val/nll 6.534e-01
[2023-04-06 23:53:17] [Epoch    73/  200] trn/loss 2.048e-01, trn/lr 7.093e-02, val/acc 8.465e-01, val/nll 5.025e-01
[2023-04-06 23:54:43] [Epoch    74/  200] trn/loss 1.961e-01, trn/lr 7.022e-02, val/acc 8.289e-01, val/nll 5.422e-01
[2023-04-06 23:56:09] [Epoch    75/  200] trn/loss 1.996e-01, trn/lr 6.950e-02, val/acc 7.581e-01, val/nll 8.134e-01
[2023-04-06 23:57:36] [Epoch    76/  200] trn/loss 1.999e-01, trn/lr 6.877e-02, val/acc 8.551e-01, val/nll 4.692e-01
[2023-04-06 23:59:02] [Epoch    77/  200] trn/loss 1.913e-01, trn/lr 6.804e-02, val/acc 8.811e-01, val/nll 3.755e-01
[2023-04-07 00:00:28] [Epoch    78/  200] trn/loss 1.855e-01, trn/lr 6.731e-02, val/acc 8.507e-01, val/nll 4.925e-01
[2023-04-07 00:01:55] [Epoch    79/  200] trn/loss 1.849e-01, trn/lr 6.657e-02, val/acc 8.549e-01, val/nll 4.712e-01
[2023-04-07 00:03:21] [Epoch    80/  200] trn/loss 1.886e-01, trn/lr 6.583e-02, val/acc 8.522e-01, val/nll 4.905e-01
[2023-04-07 00:04:48] [Epoch    81/  200] trn/loss 1.855e-01, trn/lr 6.508e-02, val/acc 8.634e-01, val/nll 4.266e-01
[2023-04-07 00:06:14] [Epoch    82/  200] trn/loss 1.831e-01, trn/lr 6.433e-02, val/acc 8.426e-01, val/nll 5.106e-01
[2023-04-07 00:07:41] [Epoch    83/  200] trn/loss 1.758e-01, trn/lr 6.357e-02, val/acc 8.470e-01, val/nll 5.240e-01
[2023-04-07 00:09:07] [Epoch    84/  200] trn/loss 1.837e-01, trn/lr 6.282e-02, val/acc 8.154e-01, val/nll 6.322e-01
[2023-04-07 00:10:33] [Epoch    85/  200] trn/loss 1.734e-01, trn/lr 6.206e-02, val/acc 8.424e-01, val/nll 4.933e-01
[2023-04-07 00:12:00] [Epoch    86/  200] trn/loss 1.768e-01, trn/lr 6.129e-02, val/acc 8.529e-01, val/nll 4.782e-01
[2023-04-07 00:13:26] [Epoch    87/  200] trn/loss 1.702e-01, trn/lr 6.053e-02, val/acc 8.685e-01, val/nll 4.299e-01
[2023-04-07 00:14:53] [Epoch    88/  200] trn/loss 1.701e-01, trn/lr 5.976e-02, val/acc 7.942e-01, val/nll 6.617e-01
[2023-04-07 00:16:19] [Epoch    89/  200] trn/loss 1.686e-01, trn/lr 5.899e-02, val/acc 8.842e-01, val/nll 3.573e-01
[2023-04-07 00:17:46] [Epoch    90/  200] trn/loss 1.624e-01, trn/lr 5.821e-02, val/acc 8.389e-01, val/nll 5.544e-01
[2023-04-07 00:19:12] [Epoch    91/  200] trn/loss 1.612e-01, trn/lr 5.744e-02, val/acc 8.957e-01, val/nll 3.298e-01
[2023-04-07 00:20:38] [Epoch    92/  200] trn/loss 1.623e-01, trn/lr 5.666e-02, val/acc 8.407e-01, val/nll 5.581e-01
[2023-04-07 00:22:05] [Epoch    93/  200] trn/loss 1.561e-01, trn/lr 5.588e-02, val/acc 8.841e-01, val/nll 3.873e-01
[2023-04-07 00:23:31] [Epoch    94/  200] trn/loss 1.582e-01, trn/lr 5.510e-02, val/acc 8.871e-01, val/nll 3.544e-01
[2023-04-07 00:24:58] [Epoch    95/  200] trn/loss 1.530e-01, trn/lr 5.432e-02, val/acc 8.421e-01, val/nll 5.390e-01
[2023-04-07 00:26:24] [Epoch    96/  200] trn/loss 1.502e-01, trn/lr 5.353e-02, val/acc 8.560e-01, val/nll 4.792e-01
[2023-04-07 00:27:51] [Epoch    97/  200] trn/loss 1.484e-01, trn/lr 5.275e-02, val/acc 7.978e-01, val/nll 6.892e-01
[2023-04-07 00:29:17] [Epoch    98/  200] trn/loss 1.506e-01, trn/lr 5.197e-02, val/acc 8.652e-01, val/nll 4.538e-01
[2023-04-07 00:30:56] [Epoch    99/  200] trn/loss 1.479e-01, trn/lr 5.118e-02, val/acc 9.001e-01, val/nll 3.243e-01 (best_acc: 8.959e-01 -> 9.001e-01, test_acc: 8.941e-01, test_nll: 3.388e-01)
[2023-04-07 00:32:22] [Epoch   100/  200] trn/loss 1.372e-01, trn/lr 5.040e-02, val/acc 8.186e-01, val/nll 6.331e-01
[2023-04-07 00:33:49] [Epoch   101/  200] trn/loss 1.468e-01, trn/lr 4.961e-02, val/acc 8.829e-01, val/nll 3.915e-01
[2023-04-07 00:35:15] [Epoch   102/  200] trn/loss 1.311e-01, trn/lr 4.882e-02, val/acc 8.732e-01, val/nll 4.445e-01
[2023-04-07 00:36:41] [Epoch   103/  200] trn/loss 1.332e-01, trn/lr 4.804e-02, val/acc 8.640e-01, val/nll 4.326e-01
[2023-04-07 00:38:08] [Epoch   104/  200] trn/loss 1.398e-01, trn/lr 4.725e-02, val/acc 8.342e-01, val/nll 5.558e-01
[2023-04-07 00:39:34] [Epoch   105/  200] trn/loss 1.288e-01, trn/lr 4.647e-02, val/acc 8.613e-01, val/nll 4.477e-01
[2023-04-07 00:41:01] [Epoch   106/  200] trn/loss 1.256e-01, trn/lr 4.569e-02, val/acc 8.749e-01, val/nll 4.233e-01
[2023-04-07 00:42:27] [Epoch   107/  200] trn/loss 1.239e-01, trn/lr 4.491e-02, val/acc 8.697e-01, val/nll 4.416e-01
[2023-04-07 00:43:54] [Epoch   108/  200] trn/loss 1.319e-01, trn/lr 4.413e-02, val/acc 8.794e-01, val/nll 3.951e-01
[2023-04-07 00:45:20] [Epoch   109/  200] trn/loss 1.215e-01, trn/lr 4.335e-02, val/acc 8.930e-01, val/nll 3.538e-01
[2023-04-07 00:46:47] [Epoch   110/  200] trn/loss 1.162e-01, trn/lr 4.257e-02, val/acc 8.154e-01, val/nll 6.413e-01
[2023-04-07 00:48:13] [Epoch   111/  200] trn/loss 1.205e-01, trn/lr 4.179e-02, val/acc 8.440e-01, val/nll 5.598e-01
[2023-04-07 00:49:39] [Epoch   112/  200] trn/loss 1.135e-01, trn/lr 4.102e-02, val/acc 8.897e-01, val/nll 3.752e-01
[2023-04-07 00:51:06] [Epoch   113/  200] trn/loss 1.106e-01, trn/lr 4.025e-02, val/acc 8.768e-01, val/nll 4.208e-01
[2023-04-07 00:52:32] [Epoch   114/  200] trn/loss 1.134e-01, trn/lr 3.948e-02, val/acc 8.301e-01, val/nll 5.796e-01
[2023-04-07 00:53:59] [Epoch   115/  200] trn/loss 1.064e-01, trn/lr 3.871e-02, val/acc 8.986e-01, val/nll 3.410e-01
[2023-04-07 00:55:25] [Epoch   116/  200] trn/loss 1.103e-01, trn/lr 3.795e-02, val/acc 8.905e-01, val/nll 3.503e-01
[2023-04-07 00:56:51] [Epoch   117/  200] trn/loss 1.062e-01, trn/lr 3.719e-02, val/acc 8.768e-01, val/nll 4.404e-01
[2023-04-07 00:58:18] [Epoch   118/  200] trn/loss 9.217e-02, trn/lr 3.643e-02, val/acc 8.962e-01, val/nll 3.576e-01
[2023-04-07 00:59:44] [Epoch   119/  200] trn/loss 9.791e-02, trn/lr 3.568e-02, val/acc 8.923e-01, val/nll 3.647e-01
[2023-04-07 01:01:10] [Epoch   120/  200] trn/loss 9.567e-02, trn/lr 3.493e-02, val/acc 8.896e-01, val/nll 3.955e-01
[2023-04-07 01:02:37] [Epoch   121/  200] trn/loss 1.004e-01, trn/lr 3.418e-02, val/acc 8.884e-01, val/nll 3.890e-01
[2023-04-07 01:04:03] [Epoch   122/  200] trn/loss 8.740e-02, trn/lr 3.344e-02, val/acc 8.872e-01, val/nll 3.825e-01
[2023-04-07 01:05:30] [Epoch   123/  200] trn/loss 9.205e-02, trn/lr 3.270e-02, val/acc 8.856e-01, val/nll 4.139e-01
[2023-04-07 01:06:56] [Epoch   124/  200] trn/loss 8.357e-02, trn/lr 3.196e-02, val/acc 7.916e-01, val/nll 8.080e-01
[2023-04-07 01:08:22] [Epoch   125/  200] trn/loss 8.738e-02, trn/lr 3.123e-02, val/acc 8.896e-01, val/nll 3.698e-01
[2023-04-07 01:10:02] [Epoch   126/  200] trn/loss 8.632e-02, trn/lr 3.051e-02, val/acc 9.040e-01, val/nll 3.153e-01 (best_acc: 9.001e-01 -> 9.040e-01, test_acc: 8.998e-01, test_nll: 3.308e-01)
[2023-04-07 01:11:28] [Epoch   127/  200] trn/loss 7.727e-02, trn/lr 2.979e-02, val/acc 8.843e-01, val/nll 4.171e-01
[2023-04-07 01:13:09] [Epoch   128/  200] trn/loss 8.276e-02, trn/lr 2.907e-02, val/acc 9.170e-01, val/nll 2.824e-01 (best_acc: 9.040e-01 -> 9.170e-01, test_acc: 9.131e-01, test_nll: 3.031e-01)
[2023-04-07 01:14:35] [Epoch   129/  200] trn/loss 6.984e-02, trn/lr 2.836e-02, val/acc 9.043e-01, val/nll 3.247e-01
[2023-04-07 01:16:02] [Epoch   130/  200] trn/loss 7.637e-02, trn/lr 2.765e-02, val/acc 8.927e-01, val/nll 3.682e-01
[2023-04-07 01:17:28] [Epoch   131/  200] trn/loss 7.905e-02, trn/lr 2.695e-02, val/acc 9.113e-01, val/nll 2.983e-01
[2023-04-07 01:18:54] [Epoch   132/  200] trn/loss 6.793e-02, trn/lr 2.626e-02, val/acc 9.108e-01, val/nll 3.148e-01
[2023-04-07 01:20:21] [Epoch   133/  200] trn/loss 6.365e-02, trn/lr 2.557e-02, val/acc 8.657e-01, val/nll 4.991e-01
[2023-04-07 01:21:47] [Epoch   134/  200] trn/loss 6.624e-02, trn/lr 2.489e-02, val/acc 8.999e-01, val/nll 3.488e-01
[2023-04-07 01:23:14] [Epoch   135/  200] trn/loss 6.544e-02, trn/lr 2.421e-02, val/acc 8.600e-01, val/nll 5.091e-01
[2023-04-07 01:24:41] [Epoch   136/  200] trn/loss 7.050e-02, trn/lr 2.354e-02, val/acc 9.114e-01, val/nll 3.104e-01
[2023-04-07 01:26:07] [Epoch   137/  200] trn/loss 5.742e-02, trn/lr 2.288e-02, val/acc 8.961e-01, val/nll 3.811e-01
[2023-04-07 01:27:33] [Epoch   138/  200] trn/loss 6.267e-02, trn/lr 2.222e-02, val/acc 9.025e-01, val/nll 3.512e-01
[2023-04-07 01:29:14] [Epoch   139/  200] trn/loss 5.590e-02, trn/lr 2.157e-02, val/acc 9.243e-01, val/nll 2.585e-01 (best_acc: 9.170e-01 -> 9.243e-01, test_acc: 9.234e-01, test_nll: 2.697e-01)
[2023-04-07 01:30:41] [Epoch   140/  200] trn/loss 5.343e-02, trn/lr 2.093e-02, val/acc 9.157e-01, val/nll 2.978e-01
[2023-04-07 01:32:07] [Epoch   141/  200] trn/loss 4.967e-02, trn/lr 2.030e-02, val/acc 9.169e-01, val/nll 2.894e-01
[2023-04-07 01:33:34] [Epoch   142/  200] trn/loss 4.900e-02, trn/lr 1.967e-02, val/acc 9.154e-01, val/nll 2.964e-01
[2023-04-07 01:35:12] [Epoch   143/  200] trn/loss 4.483e-02, trn/lr 1.905e-02, val/acc 9.302e-01, val/nll 2.416e-01 (best_acc: 9.243e-01 -> 9.302e-01, test_acc: 9.221e-01, test_nll: 2.786e-01)
[2023-04-07 01:36:39] [Epoch   144/  200] trn/loss 4.660e-02, trn/lr 1.843e-02, val/acc 9.165e-01, val/nll 2.973e-01
[2023-04-07 01:38:05] [Epoch   145/  200] trn/loss 4.422e-02, trn/lr 1.783e-02, val/acc 8.972e-01, val/nll 3.687e-01
[2023-04-07 01:39:44] [Epoch   146/  200] trn/loss 3.940e-02, trn/lr 1.723e-02, val/acc 9.323e-01, val/nll 2.475e-01 (best_acc: 9.302e-01 -> 9.323e-01, test_acc: 9.254e-01, test_nll: 2.751e-01)
[2023-04-07 01:41:10] [Epoch   147/  200] trn/loss 3.848e-02, trn/lr 1.664e-02, val/acc 9.271e-01, val/nll 2.618e-01
[2023-04-07 01:42:37] [Epoch   148/  200] trn/loss 3.897e-02, trn/lr 1.606e-02, val/acc 9.164e-01, val/nll 2.974e-01
[2023-04-07 01:44:27] [Epoch   149/  200] trn/loss 3.378e-02, trn/lr 1.549e-02, val/acc 9.326e-01, val/nll 2.394e-01 (best_acc: 9.323e-01 -> 9.326e-01, test_acc: 9.327e-01, test_nll: 2.433e-01)
[2023-04-07 01:45:53] [Epoch   150/  200] trn/loss 3.456e-02, trn/lr 1.493e-02, val/acc 9.236e-01, val/nll 2.981e-01
[2023-04-07 01:47:20] [Epoch   151/  200] trn/loss 3.558e-02, trn/lr 1.437e-02, val/acc 9.284e-01, val/nll 2.640e-01
[2023-04-07 01:48:59] [Epoch   152/  200] trn/loss 3.159e-02, trn/lr 1.382e-02, val/acc 9.371e-01, val/nll 2.301e-01 (best_acc: 9.326e-01 -> 9.371e-01, test_acc: 9.334e-01, test_nll: 2.406e-01)
[2023-04-07 01:50:25] [Epoch   153/  200] trn/loss 2.777e-02, trn/lr 1.329e-02, val/acc 9.283e-01, val/nll 2.761e-01
[2023-04-07 01:51:52] [Epoch   154/  200] trn/loss 2.589e-02, trn/lr 1.276e-02, val/acc 9.320e-01, val/nll 2.584e-01
[2023-04-07 01:53:18] [Epoch   155/  200] trn/loss 2.867e-02, trn/lr 1.224e-02, val/acc 9.333e-01, val/nll 2.585e-01
[2023-04-07 01:54:57] [Epoch   156/  200] trn/loss 2.563e-02, trn/lr 1.173e-02, val/acc 9.374e-01, val/nll 2.306e-01 (best_acc: 9.371e-01 -> 9.374e-01, test_acc: 9.336e-01, test_nll: 2.416e-01)
[2023-04-07 01:56:37] [Epoch   157/  200] trn/loss 2.678e-02, trn/lr 1.123e-02, val/acc 9.437e-01, val/nll 2.039e-01 (best_acc: 9.374e-01 -> 9.437e-01, test_acc: 9.409e-01, test_nll: 2.187e-01)
[2023-04-07 01:58:04] [Epoch   158/  200] trn/loss 2.547e-02, trn/lr 1.074e-02, val/acc 9.309e-01, val/nll 2.491e-01
[2023-04-07 01:59:42] [Epoch   159/  200] trn/loss 2.198e-02, trn/lr 1.025e-02, val/acc 9.470e-01, val/nll 2.007e-01 (best_acc: 9.437e-01 -> 9.470e-01, test_acc: 9.406e-01, test_nll: 2.211e-01)
[2023-04-07 02:01:08] [Epoch   160/  200] trn/loss 1.926e-02, trn/lr 9.783e-03, val/acc 9.461e-01, val/nll 2.110e-01
[2023-04-07 02:02:48] [Epoch   161/  200] trn/loss 1.514e-02, trn/lr 9.321e-03, val/acc 9.480e-01, val/nll 2.016e-01 (best_acc: 9.470e-01 -> 9.480e-01, test_acc: 9.431e-01, test_nll: 2.179e-01)
[2023-04-07 02:04:27] [Epoch   162/  200] trn/loss 1.323e-02, trn/lr 8.870e-03, val/acc 9.506e-01, val/nll 1.931e-01 (best_acc: 9.480e-01 -> 9.506e-01, test_acc: 9.449e-01, test_nll: 2.210e-01)
[2023-04-07 02:05:54] [Epoch   163/  200] trn/loss 1.415e-02, trn/lr 8.428e-03, val/acc 9.499e-01, val/nll 1.976e-01
[2023-04-07 02:07:20] [Epoch   164/  200] trn/loss 1.182e-02, trn/lr 7.997e-03, val/acc 9.461e-01, val/nll 2.105e-01
[2023-04-07 02:08:58] [Epoch   165/  200] trn/loss 1.069e-02, trn/lr 7.576e-03, val/acc 9.531e-01, val/nll 1.838e-01 (best_acc: 9.506e-01 -> 9.531e-01, test_acc: 9.501e-01, test_nll: 2.048e-01)
[2023-04-07 02:10:37] [Epoch   166/  200] trn/loss 9.959e-03, trn/lr 7.166e-03, val/acc 9.534e-01, val/nll 1.815e-01 (best_acc: 9.531e-01 -> 9.534e-01, test_acc: 9.512e-01, test_nll: 1.965e-01)
[2023-04-07 02:12:03] [Epoch   167/  200] trn/loss 1.090e-02, trn/lr 6.766e-03, val/acc 9.515e-01, val/nll 1.920e-01
[2023-04-07 02:13:29] [Epoch   168/  200] trn/loss 1.213e-02, trn/lr 6.377e-03, val/acc 9.446e-01, val/nll 2.240e-01
[2023-04-07 02:14:55] [Epoch   169/  200] trn/loss 1.141e-02, trn/lr 5.998e-03, val/acc 9.510e-01, val/nll 1.925e-01
[2023-04-07 02:16:34] [Epoch   170/  200] trn/loss 9.885e-03, trn/lr 5.631e-03, val/acc 9.553e-01, val/nll 1.747e-01 (best_acc: 9.534e-01 -> 9.553e-01, test_acc: 9.518e-01, test_nll: 1.839e-01)
[2023-04-07 02:19:36] [Epoch   171/  200] trn/loss 9.839e-03, trn/lr 5.274e-03, val/acc 9.561e-01, val/nll 1.741e-01 (best_acc: 9.553e-01 -> 9.561e-01, test_acc: 9.527e-01, test_nll: 1.865e-01)
[2023-04-07 02:21:01] [Epoch   172/  200] trn/loss 1.018e-02, trn/lr 4.929e-03, val/acc 9.548e-01, val/nll 1.784e-01
[2023-04-07 02:22:28] [Epoch   173/  200] trn/loss 1.028e-02, trn/lr 4.594e-03, val/acc 9.552e-01, val/nll 1.771e-01
[2023-04-07 02:24:06] [Epoch   174/  200] trn/loss 9.639e-03, trn/lr 4.271e-03, val/acc 9.583e-01, val/nll 1.716e-01 (best_acc: 9.561e-01 -> 9.583e-01, test_acc: 9.533e-01, test_nll: 1.848e-01)
[2023-04-07 02:25:44] [Epoch   175/  200] trn/loss 9.312e-03, trn/lr 3.959e-03, val/acc 9.584e-01, val/nll 1.693e-01 (best_acc: 9.583e-01 -> 9.584e-01, test_acc: 9.543e-01, test_nll: 1.822e-01)
[2023-04-07 02:27:11] [Epoch   176/  200] trn/loss 9.335e-03, trn/lr 3.659e-03, val/acc 9.573e-01, val/nll 1.677e-01
[2023-04-07 02:28:50] [Epoch   177/  200] trn/loss 9.468e-03, trn/lr 3.369e-03, val/acc 9.590e-01, val/nll 1.659e-01 (best_acc: 9.584e-01 -> 9.590e-01, test_acc: 9.537e-01, test_nll: 1.790e-01)
[2023-04-07 02:30:32] [Epoch   178/  200] trn/loss 9.578e-03, trn/lr 3.092e-03, val/acc 9.593e-01, val/nll 1.633e-01 (best_acc: 9.590e-01 -> 9.593e-01, test_acc: 9.549e-01, test_nll: 1.783e-01)
[2023-04-07 02:31:58] [Epoch   179/  200] trn/loss 9.730e-03, trn/lr 2.826e-03, val/acc 9.574e-01, val/nll 1.663e-01
[2023-04-07 02:33:24] [Epoch   180/  200] trn/loss 9.533e-03, trn/lr 2.571e-03, val/acc 9.579e-01, val/nll 1.629e-01
[2023-04-07 02:34:50] [Epoch   181/  200] trn/loss 9.525e-03, trn/lr 2.329e-03, val/acc 9.590e-01, val/nll 1.656e-01
[2023-04-07 02:36:16] [Epoch   182/  200] trn/loss 9.401e-03, trn/lr 2.098e-03, val/acc 9.579e-01, val/nll 1.662e-01
[2023-04-07 02:37:42] [Epoch   183/  200] trn/loss 9.575e-03, trn/lr 1.878e-03, val/acc 9.579e-01, val/nll 1.645e-01
[2023-04-07 02:39:08] [Epoch   184/  200] trn/loss 9.573e-03, trn/lr 1.671e-03, val/acc 9.580e-01, val/nll 1.638e-01
[2023-04-07 02:40:34] [Epoch   185/  200] trn/loss 9.579e-03, trn/lr 1.476e-03, val/acc 9.581e-01, val/nll 1.643e-01
[2023-04-07 02:42:00] [Epoch   186/  200] trn/loss 9.366e-03, trn/lr 1.292e-03, val/acc 9.577e-01, val/nll 1.635e-01
[2023-04-07 02:43:26] [Epoch   187/  200] trn/loss 9.704e-03, trn/lr 1.121e-03, val/acc 9.588e-01, val/nll 1.633e-01
[2023-04-07 02:44:52] [Epoch   188/  200] trn/loss 9.568e-03, trn/lr 9.617e-04, val/acc 9.587e-01, val/nll 1.635e-01
[2023-04-07 02:46:18] [Epoch   189/  200] trn/loss 9.383e-03, trn/lr 8.145e-04, val/acc 9.581e-01, val/nll 1.629e-01
[2023-04-07 02:47:45] [Epoch   190/  200] trn/loss 9.563e-03, trn/lr 6.794e-04, val/acc 9.585e-01, val/nll 1.632e-01
[2023-04-07 02:49:11] [Epoch   191/  200] trn/loss 9.423e-03, trn/lr 5.565e-04, val/acc 9.577e-01, val/nll 1.634e-01
[2023-04-07 02:50:37] [Epoch   192/  200] trn/loss 9.513e-03, trn/lr 4.458e-04, val/acc 9.590e-01, val/nll 1.627e-01
[2023-04-07 02:52:03] [Epoch   193/  200] trn/loss 9.605e-03, trn/lr 3.474e-04, val/acc 9.575e-01, val/nll 1.639e-01
[2023-04-07 02:53:29] [Epoch   194/  200] trn/loss 9.653e-03, trn/lr 2.612e-04, val/acc 9.585e-01, val/nll 1.642e-01
[2023-04-07 02:54:55] [Epoch   195/  200] trn/loss 9.594e-03, trn/lr 1.872e-04, val/acc 9.579e-01, val/nll 1.649e-01
[2023-04-07 02:56:22] [Epoch   196/  200] trn/loss 9.402e-03, trn/lr 1.255e-04, val/acc 9.582e-01, val/nll 1.648e-01
[2023-04-07 02:57:48] [Epoch   197/  200] trn/loss 9.428e-03, trn/lr 7.619e-05, val/acc 9.574e-01, val/nll 1.637e-01
[2023-04-07 02:59:14] [Epoch   198/  200] trn/loss 9.721e-03, trn/lr 3.916e-05, val/acc 9.586e-01, val/nll 1.643e-01
[2023-04-07 03:00:40] [Epoch   199/  200] trn/loss 9.477e-03, trn/lr 1.445e-05, val/acc 9.576e-01, val/nll 1.657e-01
[2023-04-07 03:02:06] [Epoch   200/  200] trn/loss 9.725e-03, trn/lr 2.075e-06, val/acc 9.575e-01, val/nll 1.655e-01
