[2023-02-03 02:26:30] Environments:
------------  -------------------------------------------------------------------------------
sys.platform  linux
Python        3.10.8 (main, Nov 24 2022, 14:13:03) [GCC 11.2.0]
JAX           0.4.1 @/mnt/home/giung/.conda/envs/jax-siml/lib/python3.10/site-packages/jax
jaxlib        0.4.1 @/mnt/home/giung/.conda/envs/jax-siml/lib/python3.10/site-packages/jaxlib
Flax          0.6.3 @/mnt/home/giung/.conda/envs/jax-siml/lib/python3.10/site-packages/flax
Optax         0.1.4 @/mnt/home/giung/.conda/envs/jax-siml/lib/python3.10/site-packages/optax
------------  -------------------------------------------------------------------------------

[2023-02-03 02:26:30] Command line arguments:
- args.data_root          : ./data/
- args.data_name          : CIFAR10_x32
- args.data_augmentation  : standard
- args.data_proportional  : 1.0
- args.model_depth        : 20
- args.model_width        : 1
- args.model_style        : BN-ReLU
- args.optim_bs           : 256
- args.optim_ne           : 200
- args.optim_lr           : 0.01
- args.optim_momentum     : 0.9
- args.optim_weight_decay : 0.001
- args.save               : /mnt/home/giung/giung2-dev/projects/residual-networks/save/CIFAR10_x32/R20-BN-ReLU/bs-0256_ne-0200_lr-0.01_mo-0.90_wd-0.0010_fp32/42
- args.seed               : 42
- args.precision          : fp32

[2023-02-03 02:26:51] [Epoch     1/  200] trn/loss 1.858e+00, trn/lr 1.000e-02, val/acc 4.331e-01, val/nll 1.525e+00 (best_acc: 0.000e+00 -> 4.331e-01, test_acc: 4.264e-01, test_nll: 1.531e+00)
[2023-02-03 02:26:53] [Epoch     2/  200] trn/loss 1.459e+00, trn/lr 9.999e-03, val/acc 4.952e-01, val/nll 1.391e+00 (best_acc: 4.331e-01 -> 4.952e-01, test_acc: 4.936e-01, test_nll: 1.393e+00)
[2023-02-03 02:26:55] [Epoch     3/  200] trn/loss 1.307e+00, trn/lr 9.996e-03, val/acc 5.278e-01, val/nll 1.331e+00 (best_acc: 4.952e-01 -> 5.278e-01, test_acc: 5.228e-01, test_nll: 1.331e+00)
[2023-02-03 02:26:57] [Epoch     4/  200] trn/loss 1.184e+00, trn/lr 9.992e-03, val/acc 5.779e-01, val/nll 1.175e+00 (best_acc: 5.278e-01 -> 5.779e-01, test_acc: 5.772e-01, test_nll: 1.171e+00)
[2023-02-03 02:26:59] [Epoch     5/  200] trn/loss 1.094e+00, trn/lr 9.987e-03, val/acc 6.081e-01, val/nll 1.088e+00 (best_acc: 5.779e-01 -> 6.081e-01, test_acc: 6.082e-01, test_nll: 1.090e+00)
[2023-02-03 02:27:02] [Epoch     6/  200] trn/loss 1.018e+00, trn/lr 9.981e-03, val/acc 6.140e-01, val/nll 1.097e+00 (best_acc: 6.081e-01 -> 6.140e-01, test_acc: 6.055e-01, test_nll: 1.109e+00)
[2023-02-03 02:27:04] [Epoch     7/  200] trn/loss 9.509e-01, trn/lr 9.974e-03, val/acc 6.640e-01, val/nll 9.427e-01 (best_acc: 6.140e-01 -> 6.640e-01, test_acc: 6.594e-01, test_nll: 9.588e-01)
[2023-02-03 02:27:06] [Epoch     8/  200] trn/loss 9.029e-01, trn/lr 9.965e-03, val/acc 6.675e-01, val/nll 9.310e-01 (best_acc: 6.640e-01 -> 6.675e-01, test_acc: 6.709e-01, test_nll: 9.300e-01)
[2023-02-03 02:27:08] [Epoch     9/  200] trn/loss 8.522e-01, trn/lr 9.955e-03, val/acc 6.629e-01, val/nll 9.653e-01
[2023-02-03 02:27:10] [Epoch    10/  200] trn/loss 8.162e-01, trn/lr 9.944e-03, val/acc 6.524e-01, val/nll 1.021e+00
[2023-02-03 02:27:12] [Epoch    11/  200] trn/loss 7.802e-01, trn/lr 9.932e-03, val/acc 7.150e-01, val/nll 8.012e-01 (best_acc: 6.675e-01 -> 7.150e-01, test_acc: 7.152e-01, test_nll: 8.081e-01)
[2023-02-03 02:27:14] [Epoch    12/  200] trn/loss 7.441e-01, trn/lr 9.919e-03, val/acc 7.167e-01, val/nll 8.156e-01 (best_acc: 7.150e-01 -> 7.167e-01, test_acc: 7.036e-01, test_nll: 8.469e-01)
[2023-02-03 02:27:16] [Epoch    13/  200] trn/loss 7.102e-01, trn/lr 9.904e-03, val/acc 7.479e-01, val/nll 7.312e-01 (best_acc: 7.167e-01 -> 7.479e-01, test_acc: 7.441e-01, test_nll: 7.396e-01)
[2023-02-03 02:27:18] [Epoch    14/  200] trn/loss 6.843e-01, trn/lr 9.888e-03, val/acc 7.404e-01, val/nll 7.651e-01
[2023-02-03 02:27:20] [Epoch    15/  200] trn/loss 6.634e-01, trn/lr 9.871e-03, val/acc 7.531e-01, val/nll 7.094e-01 (best_acc: 7.479e-01 -> 7.531e-01, test_acc: 7.570e-01, test_nll: 7.121e-01)
[2023-02-03 02:27:22] [Epoch    16/  200] trn/loss 6.387e-01, trn/lr 9.853e-03, val/acc 7.497e-01, val/nll 7.264e-01
[2023-02-03 02:27:24] [Epoch    17/  200] trn/loss 6.119e-01, trn/lr 9.833e-03, val/acc 7.412e-01, val/nll 7.556e-01
[2023-02-03 02:27:26] [Epoch    18/  200] trn/loss 5.963e-01, trn/lr 9.812e-03, val/acc 7.576e-01, val/nll 7.032e-01 (best_acc: 7.531e-01 -> 7.576e-01, test_acc: 7.585e-01, test_nll: 7.111e-01)
[2023-02-03 02:27:28] [Epoch    19/  200] trn/loss 5.808e-01, trn/lr 9.790e-03, val/acc 7.602e-01, val/nll 7.083e-01 (best_acc: 7.576e-01 -> 7.602e-01, test_acc: 7.579e-01, test_nll: 7.148e-01)
[2023-02-03 02:27:30] [Epoch    20/  200] trn/loss 5.586e-01, trn/lr 9.767e-03, val/acc 7.700e-01, val/nll 6.751e-01 (best_acc: 7.602e-01 -> 7.700e-01, test_acc: 7.696e-01, test_nll: 6.785e-01)
[2023-02-03 02:27:32] [Epoch    21/  200] trn/loss 5.410e-01, trn/lr 9.743e-03, val/acc 7.820e-01, val/nll 6.493e-01 (best_acc: 7.700e-01 -> 7.820e-01, test_acc: 7.719e-01, test_nll: 6.624e-01)
[2023-02-03 02:27:34] [Epoch    22/  200] trn/loss 5.270e-01, trn/lr 9.718e-03, val/acc 7.659e-01, val/nll 6.789e-01
[2023-02-03 02:27:36] [Epoch    23/  200] trn/loss 5.182e-01, trn/lr 9.691e-03, val/acc 7.826e-01, val/nll 6.641e-01 (best_acc: 7.820e-01 -> 7.826e-01, test_acc: 7.726e-01, test_nll: 6.893e-01)
[2023-02-03 02:27:38] [Epoch    24/  200] trn/loss 4.968e-01, trn/lr 9.663e-03, val/acc 8.067e-01, val/nll 5.719e-01 (best_acc: 7.826e-01 -> 8.067e-01, test_acc: 8.038e-01, test_nll: 5.780e-01)
[2023-02-03 02:27:40] [Epoch    25/  200] trn/loss 4.889e-01, trn/lr 9.634e-03, val/acc 7.993e-01, val/nll 5.914e-01
[2023-02-03 02:27:42] [Epoch    26/  200] trn/loss 4.792e-01, trn/lr 9.604e-03, val/acc 7.919e-01, val/nll 6.354e-01
[2023-02-03 02:27:44] [Epoch    27/  200] trn/loss 4.686e-01, trn/lr 9.573e-03, val/acc 7.888e-01, val/nll 6.387e-01
[2023-02-03 02:27:46] [Epoch    28/  200] trn/loss 4.518e-01, trn/lr 9.541e-03, val/acc 7.992e-01, val/nll 6.132e-01
[2023-02-03 02:27:48] [Epoch    29/  200] trn/loss 4.442e-01, trn/lr 9.507e-03, val/acc 8.081e-01, val/nll 5.646e-01 (best_acc: 8.067e-01 -> 8.081e-01, test_acc: 8.021e-01, test_nll: 5.803e-01)
[2023-02-03 02:27:50] [Epoch    30/  200] trn/loss 4.384e-01, trn/lr 9.473e-03, val/acc 8.075e-01, val/nll 5.697e-01
[2023-02-03 02:27:52] [Epoch    31/  200] trn/loss 4.280e-01, trn/lr 9.437e-03, val/acc 7.713e-01, val/nll 7.001e-01
[2023-02-03 02:27:54] [Epoch    32/  200] trn/loss 4.182e-01, trn/lr 9.400e-03, val/acc 7.732e-01, val/nll 7.086e-01
[2023-02-03 02:27:56] [Epoch    33/  200] trn/loss 4.087e-01, trn/lr 9.363e-03, val/acc 8.104e-01, val/nll 5.786e-01 (best_acc: 8.081e-01 -> 8.104e-01, test_acc: 8.040e-01, test_nll: 5.892e-01)
[2023-02-03 02:27:58] [Epoch    34/  200] trn/loss 4.018e-01, trn/lr 9.324e-03, val/acc 7.969e-01, val/nll 5.871e-01
[2023-02-03 02:28:00] [Epoch    35/  200] trn/loss 3.950e-01, trn/lr 9.284e-03, val/acc 7.860e-01, val/nll 6.660e-01
[2023-02-03 02:28:02] [Epoch    36/  200] trn/loss 3.890e-01, trn/lr 9.243e-03, val/acc 7.772e-01, val/nll 7.113e-01
[2023-02-03 02:28:04] [Epoch    37/  200] trn/loss 3.776e-01, trn/lr 9.201e-03, val/acc 8.186e-01, val/nll 5.498e-01 (best_acc: 8.104e-01 -> 8.186e-01, test_acc: 8.154e-01, test_nll: 5.580e-01)
[2023-02-03 02:28:06] [Epoch    38/  200] trn/loss 3.742e-01, trn/lr 9.157e-03, val/acc 8.220e-01, val/nll 5.296e-01 (best_acc: 8.186e-01 -> 8.220e-01, test_acc: 8.157e-01, test_nll: 5.562e-01)
[2023-02-03 02:28:08] [Epoch    39/  200] trn/loss 3.656e-01, trn/lr 9.113e-03, val/acc 8.176e-01, val/nll 5.548e-01
[2023-02-03 02:28:10] [Epoch    40/  200] trn/loss 3.643e-01, trn/lr 9.068e-03, val/acc 8.140e-01, val/nll 5.631e-01
[2023-02-03 02:28:12] [Epoch    41/  200] trn/loss 3.549e-01, trn/lr 9.022e-03, val/acc 8.001e-01, val/nll 6.072e-01
[2023-02-03 02:28:14] [Epoch    42/  200] trn/loss 3.469e-01, trn/lr 8.975e-03, val/acc 7.900e-01, val/nll 6.368e-01
[2023-02-03 02:28:16] [Epoch    43/  200] trn/loss 3.421e-01, trn/lr 8.927e-03, val/acc 8.247e-01, val/nll 5.287e-01 (best_acc: 8.220e-01 -> 8.247e-01, test_acc: 8.265e-01, test_nll: 5.227e-01)
[2023-02-03 02:28:18] [Epoch    44/  200] trn/loss 3.388e-01, trn/lr 8.878e-03, val/acc 8.191e-01, val/nll 5.610e-01
[2023-02-03 02:28:20] [Epoch    45/  200] trn/loss 3.330e-01, trn/lr 8.828e-03, val/acc 7.985e-01, val/nll 6.184e-01
[2023-02-03 02:28:22] [Epoch    46/  200] trn/loss 3.293e-01, trn/lr 8.777e-03, val/acc 7.875e-01, val/nll 6.790e-01
[2023-02-03 02:28:24] [Epoch    47/  200] trn/loss 3.204e-01, trn/lr 8.725e-03, val/acc 8.369e-01, val/nll 5.013e-01 (best_acc: 8.247e-01 -> 8.369e-01, test_acc: 8.323e-01, test_nll: 5.106e-01)
[2023-02-03 02:28:26] [Epoch    48/  200] trn/loss 3.184e-01, trn/lr 8.672e-03, val/acc 8.332e-01, val/nll 5.280e-01
[2023-02-03 02:28:28] [Epoch    49/  200] trn/loss 3.119e-01, trn/lr 8.618e-03, val/acc 8.116e-01, val/nll 5.879e-01
[2023-02-03 02:28:30] [Epoch    50/  200] trn/loss 3.099e-01, trn/lr 8.563e-03, val/acc 8.272e-01, val/nll 5.452e-01
[2023-02-03 02:28:32] [Epoch    51/  200] trn/loss 3.040e-01, trn/lr 8.508e-03, val/acc 8.125e-01, val/nll 6.246e-01
[2023-02-03 02:28:33] [Epoch    52/  200] trn/loss 3.012e-01, trn/lr 8.451e-03, val/acc 8.271e-01, val/nll 5.712e-01
[2023-02-03 02:28:35] [Epoch    53/  200] trn/loss 2.938e-01, trn/lr 8.394e-03, val/acc 8.148e-01, val/nll 6.205e-01
[2023-02-03 02:28:37] [Epoch    54/  200] trn/loss 2.878e-01, trn/lr 8.336e-03, val/acc 8.160e-01, val/nll 5.641e-01
[2023-02-03 02:28:39] [Epoch    55/  200] trn/loss 2.870e-01, trn/lr 8.277e-03, val/acc 8.215e-01, val/nll 5.774e-01
[2023-02-03 02:28:41] [Epoch    56/  200] trn/loss 2.813e-01, trn/lr 8.217e-03, val/acc 8.408e-01, val/nll 4.956e-01 (best_acc: 8.369e-01 -> 8.408e-01, test_acc: 8.394e-01, test_nll: 5.086e-01)
[2023-02-03 02:28:43] [Epoch    57/  200] trn/loss 2.772e-01, trn/lr 8.157e-03, val/acc 8.452e-01, val/nll 4.807e-01 (best_acc: 8.408e-01 -> 8.452e-01, test_acc: 8.395e-01, test_nll: 4.931e-01)
[2023-02-03 02:28:45] [Epoch    58/  200] trn/loss 2.718e-01, trn/lr 8.096e-03, val/acc 8.149e-01, val/nll 5.956e-01
[2023-02-03 02:28:47] [Epoch    59/  200] trn/loss 2.729e-01, trn/lr 8.034e-03, val/acc 8.274e-01, val/nll 5.470e-01
[2023-02-03 02:28:49] [Epoch    60/  200] trn/loss 2.667e-01, trn/lr 7.971e-03, val/acc 8.518e-01, val/nll 4.638e-01 (best_acc: 8.452e-01 -> 8.518e-01, test_acc: 8.515e-01, test_nll: 4.816e-01)
[2023-02-03 02:28:51] [Epoch    61/  200] trn/loss 2.668e-01, trn/lr 7.907e-03, val/acc 8.470e-01, val/nll 4.818e-01
[2023-02-03 02:28:53] [Epoch    62/  200] trn/loss 2.642e-01, trn/lr 7.843e-03, val/acc 8.382e-01, val/nll 5.107e-01
[2023-02-03 02:28:55] [Epoch    63/  200] trn/loss 2.593e-01, trn/lr 7.778e-03, val/acc 8.308e-01, val/nll 5.281e-01
[2023-02-03 02:28:57] [Epoch    64/  200] trn/loss 2.515e-01, trn/lr 7.712e-03, val/acc 8.208e-01, val/nll 5.912e-01
[2023-02-03 02:28:59] [Epoch    65/  200] trn/loss 2.467e-01, trn/lr 7.646e-03, val/acc 8.421e-01, val/nll 4.938e-01
[2023-02-03 02:29:01] [Epoch    66/  200] trn/loss 2.521e-01, trn/lr 7.579e-03, val/acc 8.353e-01, val/nll 5.107e-01
[2023-02-03 02:29:03] [Epoch    67/  200] trn/loss 2.418e-01, trn/lr 7.512e-03, val/acc 8.239e-01, val/nll 5.465e-01
[2023-02-03 02:29:05] [Epoch    68/  200] trn/loss 2.394e-01, trn/lr 7.443e-03, val/acc 8.419e-01, val/nll 4.846e-01
[2023-02-03 02:29:07] [Epoch    69/  200] trn/loss 2.332e-01, trn/lr 7.374e-03, val/acc 8.463e-01, val/nll 4.815e-01
[2023-02-03 02:29:09] [Epoch    70/  200] trn/loss 2.348e-01, trn/lr 7.305e-03, val/acc 8.282e-01, val/nll 5.661e-01
[2023-02-03 02:29:11] [Epoch    71/  200] trn/loss 2.352e-01, trn/lr 7.235e-03, val/acc 8.351e-01, val/nll 5.322e-01
[2023-02-03 02:29:13] [Epoch    72/  200] trn/loss 2.314e-01, trn/lr 7.165e-03, val/acc 8.304e-01, val/nll 5.381e-01
[2023-02-03 02:29:15] [Epoch    73/  200] trn/loss 2.263e-01, trn/lr 7.093e-03, val/acc 8.546e-01, val/nll 4.474e-01 (best_acc: 8.518e-01 -> 8.546e-01, test_acc: 8.533e-01, test_nll: 4.674e-01)
[2023-02-03 02:29:17] [Epoch    74/  200] trn/loss 2.172e-01, trn/lr 7.022e-03, val/acc 8.469e-01, val/nll 4.884e-01
[2023-02-03 02:29:19] [Epoch    75/  200] trn/loss 2.185e-01, trn/lr 6.950e-03, val/acc 8.541e-01, val/nll 4.710e-01
[2023-02-03 02:29:21] [Epoch    76/  200] trn/loss 2.177e-01, trn/lr 6.877e-03, val/acc 8.493e-01, val/nll 4.862e-01
[2023-02-03 02:29:23] [Epoch    77/  200] trn/loss 2.143e-01, trn/lr 6.804e-03, val/acc 7.994e-01, val/nll 7.127e-01
[2023-02-03 02:29:25] [Epoch    78/  200] trn/loss 2.133e-01, trn/lr 6.731e-03, val/acc 8.090e-01, val/nll 6.984e-01
[2023-02-03 02:29:27] [Epoch    79/  200] trn/loss 2.122e-01, trn/lr 6.657e-03, val/acc 8.662e-01, val/nll 4.202e-01 (best_acc: 8.546e-01 -> 8.662e-01, test_acc: 8.634e-01, test_nll: 4.281e-01)
[2023-02-03 02:29:29] [Epoch    80/  200] trn/loss 2.000e-01, trn/lr 6.583e-03, val/acc 8.552e-01, val/nll 4.477e-01
[2023-02-03 02:29:31] [Epoch    81/  200] trn/loss 1.985e-01, trn/lr 6.508e-03, val/acc 8.519e-01, val/nll 4.696e-01
[2023-02-03 02:29:33] [Epoch    82/  200] trn/loss 1.979e-01, trn/lr 6.433e-03, val/acc 8.553e-01, val/nll 4.466e-01
[2023-02-03 02:29:35] [Epoch    83/  200] trn/loss 1.956e-01, trn/lr 6.357e-03, val/acc 8.527e-01, val/nll 4.945e-01
[2023-02-03 02:29:37] [Epoch    84/  200] trn/loss 1.971e-01, trn/lr 6.282e-03, val/acc 8.506e-01, val/nll 4.752e-01
[2023-02-03 02:29:39] [Epoch    85/  200] trn/loss 1.930e-01, trn/lr 6.206e-03, val/acc 8.263e-01, val/nll 5.994e-01
[2023-02-03 02:29:41] [Epoch    86/  200] trn/loss 1.881e-01, trn/lr 6.129e-03, val/acc 8.512e-01, val/nll 4.838e-01
[2023-02-03 02:29:43] [Epoch    87/  200] trn/loss 1.877e-01, trn/lr 6.053e-03, val/acc 8.573e-01, val/nll 4.576e-01
[2023-02-03 02:29:44] [Epoch    88/  200] trn/loss 1.832e-01, trn/lr 5.976e-03, val/acc 8.363e-01, val/nll 5.411e-01
[2023-02-03 02:29:47] [Epoch    89/  200] trn/loss 1.771e-01, trn/lr 5.899e-03, val/acc 8.684e-01, val/nll 4.343e-01 (best_acc: 8.662e-01 -> 8.684e-01, test_acc: 8.611e-01, test_nll: 4.642e-01)
[2023-02-03 02:29:48] [Epoch    90/  200] trn/loss 1.818e-01, trn/lr 5.821e-03, val/acc 8.413e-01, val/nll 5.302e-01
[2023-02-03 02:29:50] [Epoch    91/  200] trn/loss 1.796e-01, trn/lr 5.744e-03, val/acc 8.496e-01, val/nll 5.060e-01
[2023-02-03 02:29:52] [Epoch    92/  200] trn/loss 1.692e-01, trn/lr 5.666e-03, val/acc 8.590e-01, val/nll 4.818e-01
[2023-02-03 02:29:54] [Epoch    93/  200] trn/loss 1.699e-01, trn/lr 5.588e-03, val/acc 8.539e-01, val/nll 4.810e-01
[2023-02-03 02:29:56] [Epoch    94/  200] trn/loss 1.697e-01, trn/lr 5.510e-03, val/acc 8.325e-01, val/nll 5.753e-01
[2023-02-03 02:29:58] [Epoch    95/  200] trn/loss 1.608e-01, trn/lr 5.432e-03, val/acc 8.616e-01, val/nll 4.621e-01
[2023-02-03 02:30:00] [Epoch    96/  200] trn/loss 1.607e-01, trn/lr 5.353e-03, val/acc 8.092e-01, val/nll 6.751e-01
[2023-02-03 02:30:02] [Epoch    97/  200] trn/loss 1.570e-01, trn/lr 5.275e-03, val/acc 8.660e-01, val/nll 4.509e-01
[2023-02-03 02:30:04] [Epoch    98/  200] trn/loss 1.573e-01, trn/lr 5.197e-03, val/acc 8.497e-01, val/nll 5.371e-01
[2023-02-03 02:30:06] [Epoch    99/  200] trn/loss 1.608e-01, trn/lr 5.118e-03, val/acc 8.687e-01, val/nll 4.314e-01 (best_acc: 8.684e-01 -> 8.687e-01, test_acc: 8.675e-01, test_nll: 4.574e-01)
[2023-02-03 02:30:08] [Epoch   100/  200] trn/loss 1.499e-01, trn/lr 5.040e-03, val/acc 8.496e-01, val/nll 5.116e-01
[2023-02-03 02:30:10] [Epoch   101/  200] trn/loss 1.516e-01, trn/lr 4.961e-03, val/acc 8.415e-01, val/nll 5.579e-01
[2023-02-03 02:30:12] [Epoch   102/  200] trn/loss 1.486e-01, trn/lr 4.882e-03, val/acc 8.427e-01, val/nll 5.557e-01
[2023-02-03 02:30:14] [Epoch   103/  200] trn/loss 1.493e-01, trn/lr 4.804e-03, val/acc 8.175e-01, val/nll 6.931e-01
[2023-02-03 02:30:16] [Epoch   104/  200] trn/loss 1.443e-01, trn/lr 4.725e-03, val/acc 8.625e-01, val/nll 4.762e-01
[2023-02-03 02:30:18] [Epoch   105/  200] trn/loss 1.439e-01, trn/lr 4.647e-03, val/acc 8.541e-01, val/nll 5.063e-01
[2023-02-03 02:30:20] [Epoch   106/  200] trn/loss 1.377e-01, trn/lr 4.569e-03, val/acc 8.643e-01, val/nll 4.479e-01
[2023-02-03 02:30:22] [Epoch   107/  200] trn/loss 1.347e-01, trn/lr 4.491e-03, val/acc 8.701e-01, val/nll 4.400e-01 (best_acc: 8.687e-01 -> 8.701e-01, test_acc: 8.678e-01, test_nll: 4.554e-01)
[2023-02-03 02:30:24] [Epoch   108/  200] trn/loss 1.361e-01, trn/lr 4.413e-03, val/acc 8.493e-01, val/nll 5.399e-01
[2023-02-03 02:30:26] [Epoch   109/  200] trn/loss 1.283e-01, trn/lr 4.335e-03, val/acc 8.701e-01, val/nll 4.472e-01
[2023-02-03 02:30:28] [Epoch   110/  200] trn/loss 1.312e-01, trn/lr 4.257e-03, val/acc 8.440e-01, val/nll 5.553e-01
[2023-02-03 02:30:30] [Epoch   111/  200] trn/loss 1.260e-01, trn/lr 4.179e-03, val/acc 8.611e-01, val/nll 5.017e-01
[2023-02-03 02:30:32] [Epoch   112/  200] trn/loss 1.234e-01, trn/lr 4.102e-03, val/acc 8.539e-01, val/nll 4.924e-01
[2023-02-03 02:30:33] [Epoch   113/  200] trn/loss 1.233e-01, trn/lr 4.025e-03, val/acc 8.580e-01, val/nll 4.971e-01
[2023-02-03 02:30:35] [Epoch   114/  200] trn/loss 1.234e-01, trn/lr 3.948e-03, val/acc 8.631e-01, val/nll 4.742e-01
[2023-02-03 02:30:37] [Epoch   115/  200] trn/loss 1.131e-01, trn/lr 3.871e-03, val/acc 8.634e-01, val/nll 4.755e-01
[2023-02-03 02:30:39] [Epoch   116/  200] trn/loss 1.137e-01, trn/lr 3.795e-03, val/acc 8.598e-01, val/nll 4.801e-01
[2023-02-03 02:30:41] [Epoch   117/  200] trn/loss 1.116e-01, trn/lr 3.719e-03, val/acc 8.733e-01, val/nll 4.503e-01 (best_acc: 8.701e-01 -> 8.733e-01, test_acc: 8.676e-01, test_nll: 4.801e-01)
[2023-02-03 02:30:43] [Epoch   118/  200] trn/loss 1.057e-01, trn/lr 3.643e-03, val/acc 8.736e-01, val/nll 4.366e-01 (best_acc: 8.733e-01 -> 8.736e-01, test_acc: 8.725e-01, test_nll: 4.629e-01)
[2023-02-03 02:30:45] [Epoch   119/  200] trn/loss 1.039e-01, trn/lr 3.568e-03, val/acc 8.576e-01, val/nll 5.136e-01
[2023-02-03 02:30:47] [Epoch   120/  200] trn/loss 1.033e-01, trn/lr 3.493e-03, val/acc 8.746e-01, val/nll 4.355e-01 (best_acc: 8.736e-01 -> 8.746e-01, test_acc: 8.718e-01, test_nll: 4.466e-01)
[2023-02-03 02:30:49] [Epoch   121/  200] trn/loss 9.980e-02, trn/lr 3.418e-03, val/acc 8.711e-01, val/nll 4.641e-01
[2023-02-03 02:30:51] [Epoch   122/  200] trn/loss 9.997e-02, trn/lr 3.344e-03, val/acc 8.763e-01, val/nll 4.280e-01 (best_acc: 8.746e-01 -> 8.763e-01, test_acc: 8.768e-01, test_nll: 4.608e-01)
[2023-02-03 02:30:53] [Epoch   123/  200] trn/loss 1.006e-01, trn/lr 3.270e-03, val/acc 8.488e-01, val/nll 5.517e-01
[2023-02-03 02:30:55] [Epoch   124/  200] trn/loss 9.351e-02, trn/lr 3.196e-03, val/acc 8.735e-01, val/nll 4.528e-01
[2023-02-03 02:30:57] [Epoch   125/  200] trn/loss 9.093e-02, trn/lr 3.123e-03, val/acc 8.644e-01, val/nll 4.826e-01
[2023-02-03 02:30:59] [Epoch   126/  200] trn/loss 9.121e-02, trn/lr 3.051e-03, val/acc 8.704e-01, val/nll 4.931e-01
[2023-02-03 02:31:01] [Epoch   127/  200] trn/loss 8.836e-02, trn/lr 2.979e-03, val/acc 8.748e-01, val/nll 4.357e-01
[2023-02-03 02:31:03] [Epoch   128/  200] trn/loss 8.832e-02, trn/lr 2.907e-03, val/acc 8.731e-01, val/nll 4.443e-01
[2023-02-03 02:31:05] [Epoch   129/  200] trn/loss 8.327e-02, trn/lr 2.836e-03, val/acc 8.731e-01, val/nll 4.443e-01
[2023-02-03 02:31:07] [Epoch   130/  200] trn/loss 8.057e-02, trn/lr 2.765e-03, val/acc 8.808e-01, val/nll 4.223e-01 (best_acc: 8.763e-01 -> 8.808e-01, test_acc: 8.793e-01, test_nll: 4.487e-01)
[2023-02-03 02:31:09] [Epoch   131/  200] trn/loss 8.153e-02, trn/lr 2.695e-03, val/acc 8.746e-01, val/nll 4.531e-01
[2023-02-03 02:31:11] [Epoch   132/  200] trn/loss 7.510e-02, trn/lr 2.626e-03, val/acc 8.751e-01, val/nll 4.473e-01
[2023-02-03 02:31:13] [Epoch   133/  200] trn/loss 7.317e-02, trn/lr 2.557e-03, val/acc 8.763e-01, val/nll 4.471e-01
[2023-02-03 02:31:15] [Epoch   134/  200] trn/loss 7.229e-02, trn/lr 2.489e-03, val/acc 8.751e-01, val/nll 4.511e-01
[2023-02-03 02:31:17] [Epoch   135/  200] trn/loss 7.229e-02, trn/lr 2.421e-03, val/acc 8.738e-01, val/nll 4.614e-01
[2023-02-03 02:31:19] [Epoch   136/  200] trn/loss 6.858e-02, trn/lr 2.354e-03, val/acc 8.774e-01, val/nll 4.370e-01
[2023-02-03 02:31:21] [Epoch   137/  200] trn/loss 6.499e-02, trn/lr 2.288e-03, val/acc 8.823e-01, val/nll 4.357e-01 (best_acc: 8.808e-01 -> 8.823e-01, test_acc: 8.759e-01, test_nll: 4.605e-01)
[2023-02-03 02:31:23] [Epoch   138/  200] trn/loss 6.469e-02, trn/lr 2.222e-03, val/acc 8.779e-01, val/nll 4.510e-01
[2023-02-03 02:31:25] [Epoch   139/  200] trn/loss 6.279e-02, trn/lr 2.157e-03, val/acc 8.772e-01, val/nll 4.398e-01
[2023-02-03 02:31:27] [Epoch   140/  200] trn/loss 5.903e-02, trn/lr 2.093e-03, val/acc 8.872e-01, val/nll 4.137e-01 (best_acc: 8.823e-01 -> 8.872e-01, test_acc: 8.842e-01, test_nll: 4.412e-01)
[2023-02-03 02:31:29] [Epoch   141/  200] trn/loss 5.849e-02, trn/lr 2.030e-03, val/acc 8.847e-01, val/nll 4.204e-01
[2023-02-03 02:31:31] [Epoch   142/  200] trn/loss 6.027e-02, trn/lr 1.967e-03, val/acc 8.868e-01, val/nll 4.187e-01
[2023-02-03 02:31:33] [Epoch   143/  200] trn/loss 5.715e-02, trn/lr 1.905e-03, val/acc 8.798e-01, val/nll 4.468e-01
[2023-02-03 02:31:35] [Epoch   144/  200] trn/loss 5.525e-02, trn/lr 1.843e-03, val/acc 8.756e-01, val/nll 4.610e-01
[2023-02-03 02:31:37] [Epoch   145/  200] trn/loss 5.383e-02, trn/lr 1.783e-03, val/acc 8.856e-01, val/nll 4.268e-01
[2023-02-03 02:31:38] [Epoch   146/  200] trn/loss 5.013e-02, trn/lr 1.723e-03, val/acc 8.826e-01, val/nll 4.484e-01
[2023-02-03 02:31:40] [Epoch   147/  200] trn/loss 4.946e-02, trn/lr 1.664e-03, val/acc 8.829e-01, val/nll 4.450e-01
[2023-02-03 02:31:42] [Epoch   148/  200] trn/loss 4.895e-02, trn/lr 1.606e-03, val/acc 8.872e-01, val/nll 4.209e-01
[2023-02-03 02:31:44] [Epoch   149/  200] trn/loss 4.697e-02, trn/lr 1.549e-03, val/acc 8.844e-01, val/nll 4.344e-01
[2023-02-03 02:31:46] [Epoch   150/  200] trn/loss 4.685e-02, trn/lr 1.493e-03, val/acc 8.853e-01, val/nll 4.291e-01
[2023-02-03 02:31:48] [Epoch   151/  200] trn/loss 4.245e-02, trn/lr 1.437e-03, val/acc 8.860e-01, val/nll 4.286e-01
[2023-02-03 02:31:50] [Epoch   152/  200] trn/loss 4.221e-02, trn/lr 1.382e-03, val/acc 8.813e-01, val/nll 4.516e-01
[2023-02-03 02:31:52] [Epoch   153/  200] trn/loss 3.970e-02, trn/lr 1.329e-03, val/acc 8.897e-01, val/nll 4.142e-01 (best_acc: 8.872e-01 -> 8.897e-01, test_acc: 8.838e-01, test_nll: 4.461e-01)
[2023-02-03 02:31:54] [Epoch   154/  200] trn/loss 3.963e-02, trn/lr 1.276e-03, val/acc 8.894e-01, val/nll 4.185e-01
[2023-02-03 02:31:56] [Epoch   155/  200] trn/loss 3.867e-02, trn/lr 1.224e-03, val/acc 8.874e-01, val/nll 4.258e-01
[2023-02-03 02:31:58] [Epoch   156/  200] trn/loss 3.647e-02, trn/lr 1.173e-03, val/acc 8.861e-01, val/nll 4.208e-01
[2023-02-03 02:32:00] [Epoch   157/  200] trn/loss 3.690e-02, trn/lr 1.123e-03, val/acc 8.845e-01, val/nll 4.223e-01
[2023-02-03 02:32:02] [Epoch   158/  200] trn/loss 3.551e-02, trn/lr 1.074e-03, val/acc 8.884e-01, val/nll 4.235e-01
[2023-02-03 02:32:04] [Epoch   159/  200] trn/loss 3.380e-02, trn/lr 1.025e-03, val/acc 8.882e-01, val/nll 4.163e-01
[2023-02-03 02:32:06] [Epoch   160/  200] trn/loss 3.275e-02, trn/lr 9.783e-04, val/acc 8.844e-01, val/nll 4.348e-01
[2023-02-03 02:32:08] [Epoch   161/  200] trn/loss 3.198e-02, trn/lr 9.321e-04, val/acc 8.904e-01, val/nll 4.126e-01 (best_acc: 8.897e-01 -> 8.904e-01, test_acc: 8.890e-01, test_nll: 4.424e-01)
[2023-02-03 02:32:10] [Epoch   162/  200] trn/loss 3.128e-02, trn/lr 8.870e-04, val/acc 8.861e-01, val/nll 4.432e-01
[2023-02-03 02:32:12] [Epoch   163/  200] trn/loss 3.148e-02, trn/lr 8.428e-04, val/acc 8.885e-01, val/nll 4.227e-01
[2023-02-03 02:32:14] [Epoch   164/  200] trn/loss 3.231e-02, trn/lr 7.997e-04, val/acc 8.885e-01, val/nll 4.209e-01
[2023-02-03 02:32:16] [Epoch   165/  200] trn/loss 3.003e-02, trn/lr 7.576e-04, val/acc 8.890e-01, val/nll 4.203e-01
[2023-02-03 02:32:18] [Epoch   166/  200] trn/loss 2.833e-02, trn/lr 7.166e-04, val/acc 8.898e-01, val/nll 4.266e-01
[2023-02-03 02:32:19] [Epoch   167/  200] trn/loss 2.906e-02, trn/lr 6.766e-04, val/acc 8.885e-01, val/nll 4.220e-01
[2023-02-03 02:32:22] [Epoch   168/  200] trn/loss 2.835e-02, trn/lr 6.377e-04, val/acc 8.910e-01, val/nll 4.179e-01 (best_acc: 8.904e-01 -> 8.910e-01, test_acc: 8.860e-01, test_nll: 4.461e-01)
[2023-02-03 02:32:23] [Epoch   169/  200] trn/loss 2.662e-02, trn/lr 5.998e-04, val/acc 8.893e-01, val/nll 4.222e-01
[2023-02-03 02:32:26] [Epoch   170/  200] trn/loss 2.618e-02, trn/lr 5.631e-04, val/acc 8.917e-01, val/nll 4.215e-01 (best_acc: 8.910e-01 -> 8.917e-01, test_acc: 8.877e-01, test_nll: 4.493e-01)
[2023-02-03 02:32:28] [Epoch   171/  200] trn/loss 2.689e-02, trn/lr 5.274e-04, val/acc 8.899e-01, val/nll 4.173e-01
[2023-02-03 02:32:30] [Epoch   172/  200] trn/loss 2.628e-02, trn/lr 4.929e-04, val/acc 8.926e-01, val/nll 4.181e-01 (best_acc: 8.917e-01 -> 8.926e-01, test_acc: 8.879e-01, test_nll: 4.486e-01)
[2023-02-03 02:32:32] [Epoch   173/  200] trn/loss 2.570e-02, trn/lr 4.594e-04, val/acc 8.920e-01, val/nll 4.164e-01
[2023-02-03 02:32:34] [Epoch   174/  200] trn/loss 2.499e-02, trn/lr 4.271e-04, val/acc 8.900e-01, val/nll 4.243e-01
[2023-02-03 02:32:36] [Epoch   175/  200] trn/loss 2.467e-02, trn/lr 3.959e-04, val/acc 8.902e-01, val/nll 4.170e-01
[2023-02-03 02:32:37] [Epoch   176/  200] trn/loss 2.424e-02, trn/lr 3.659e-04, val/acc 8.898e-01, val/nll 4.212e-01
[2023-02-03 02:32:39] [Epoch   177/  200] trn/loss 2.382e-02, trn/lr 3.369e-04, val/acc 8.904e-01, val/nll 4.193e-01
[2023-02-03 02:32:41] [Epoch   178/  200] trn/loss 2.464e-02, trn/lr 3.092e-04, val/acc 8.927e-01, val/nll 4.163e-01 (best_acc: 8.926e-01 -> 8.927e-01, test_acc: 8.868e-01, test_nll: 4.429e-01)
[2023-02-03 02:32:43] [Epoch   179/  200] trn/loss 2.329e-02, trn/lr 2.826e-04, val/acc 8.917e-01, val/nll 4.175e-01
[2023-02-03 02:32:45] [Epoch   180/  200] trn/loss 2.389e-02, trn/lr 2.571e-04, val/acc 8.889e-01, val/nll 4.244e-01
[2023-02-03 02:32:47] [Epoch   181/  200] trn/loss 2.317e-02, trn/lr 2.329e-04, val/acc 8.890e-01, val/nll 4.228e-01
[2023-02-03 02:32:49] [Epoch   182/  200] trn/loss 2.237e-02, trn/lr 2.098e-04, val/acc 8.903e-01, val/nll 4.181e-01
[2023-02-03 02:32:51] [Epoch   183/  200] trn/loss 2.203e-02, trn/lr 1.878e-04, val/acc 8.900e-01, val/nll 4.210e-01
[2023-02-03 02:32:53] [Epoch   184/  200] trn/loss 2.294e-02, trn/lr 1.671e-04, val/acc 8.903e-01, val/nll 4.222e-01
[2023-02-03 02:32:55] [Epoch   185/  200] trn/loss 2.219e-02, trn/lr 1.476e-04, val/acc 8.915e-01, val/nll 4.213e-01
[2023-02-03 02:32:57] [Epoch   186/  200] trn/loss 2.191e-02, trn/lr 1.292e-04, val/acc 8.910e-01, val/nll 4.183e-01
[2023-02-03 02:32:59] [Epoch   187/  200] trn/loss 2.187e-02, trn/lr 1.121e-04, val/acc 8.905e-01, val/nll 4.185e-01
[2023-02-03 02:33:01] [Epoch   188/  200] trn/loss 2.173e-02, trn/lr 9.617e-05, val/acc 8.905e-01, val/nll 4.182e-01
[2023-02-03 02:33:03] [Epoch   189/  200] trn/loss 2.139e-02, trn/lr 8.145e-05, val/acc 8.908e-01, val/nll 4.196e-01
[2023-02-03 02:33:05] [Epoch   190/  200] trn/loss 2.151e-02, trn/lr 6.794e-05, val/acc 8.909e-01, val/nll 4.190e-01
[2023-02-03 02:33:07] [Epoch   191/  200] trn/loss 2.111e-02, trn/lr 5.565e-05, val/acc 8.910e-01, val/nll 4.189e-01
[2023-02-03 02:33:09] [Epoch   192/  200] trn/loss 2.099e-02, trn/lr 4.458e-05, val/acc 8.888e-01, val/nll 4.189e-01
[2023-02-03 02:33:11] [Epoch   193/  200] trn/loss 2.148e-02, trn/lr 3.474e-05, val/acc 8.916e-01, val/nll 4.165e-01
[2023-02-03 02:33:13] [Epoch   194/  200] trn/loss 2.084e-02, trn/lr 2.612e-05, val/acc 8.902e-01, val/nll 4.180e-01
[2023-02-03 02:33:14] [Epoch   195/  200] trn/loss 2.129e-02, trn/lr 1.872e-05, val/acc 8.900e-01, val/nll 4.178e-01
[2023-02-03 02:33:16] [Epoch   196/  200] trn/loss 2.100e-02, trn/lr 1.255e-05, val/acc 8.898e-01, val/nll 4.190e-01
[2023-02-03 02:33:18] [Epoch   197/  200] trn/loss 2.056e-02, trn/lr 7.619e-06, val/acc 8.904e-01, val/nll 4.191e-01
[2023-02-03 02:33:20] [Epoch   198/  200] trn/loss 2.036e-02, trn/lr 3.916e-06, val/acc 8.900e-01, val/nll 4.177e-01
[2023-02-03 02:33:22] [Epoch   199/  200] trn/loss 2.158e-02, trn/lr 1.445e-06, val/acc 8.900e-01, val/nll 4.194e-01
[2023-02-03 02:33:24] [Epoch   200/  200] trn/loss 2.214e-02, trn/lr 2.075e-07, val/acc 8.909e-01, val/nll 4.206e-01
