[2023-02-08 05:52:28] Environments:
------------  ------------------------------------------------------------
sys.platform  linux
Python        3.8.10 (default, Nov 14 2022, 12:59:47) [GCC 9.4.0]
JAX           0.4.2 @/home/giung/.local/lib/python3.8/site-packages/jax
jaxlib        0.4.2 @/home/giung/.local/lib/python3.8/site-packages/jaxlib
Flax          0.6.4 @/home/giung/.local/lib/python3.8/site-packages/flax
Optax         0.1.4 @/home/giung/.local/lib/python3.8/site-packages/optax
------------  ------------------------------------------------------------

[2023-02-08 05:52:28] Command line arguments:
- args.data_root          : ./data/
- args.data_name          : CIFAR10_x32
- args.data_augmentation  : standard
- args.data_proportional  : 1.0
- args.model_depth        : 20
- args.model_width        : 4
- args.model_style        : BN-ReLU
- args.optim_bs           : 256
- args.optim_ne           : 200
- args.optim_lr           : 0.0001
- args.optim_b1           : 0.7
- args.optim_b2           : 0.999
- args.optim_eps          : 1e-08
- args.optim_weight_decay : 0.0001
- args.rho                : 0.03
- args.save               : /home/giung/giung2-dev/projects/sam/save/CIFAR10_x32/R20x4-BN-ReLU/SAM-Adam/bs-0256_ne-0200_lr-0.0001_b1-0.7000_b2-0.9990_wd-0.0001_rho-0.0300_fp32/42
- args.seed               : 42
- args.precision          : fp32

[2023-02-08 05:52:43] Multiple local devices are detected:
[TpuDevice(id=0, process_index=0, coords=(0,0,0), core_on_chip=0), TpuDevice(id=1, process_index=0, coords=(0,0,0), core_on_chip=1), TpuDevice(id=2, process_index=0, coords=(1,0,0), core_on_chip=0), TpuDevice(id=3, process_index=0, coords=(1,0,0), core_on_chip=1), TpuDevice(id=4, process_index=0, coords=(0,1,0), core_on_chip=0), TpuDevice(id=5, process_index=0, coords=(0,1,0), core_on_chip=1), TpuDevice(id=6, process_index=0, coords=(1,1,0), core_on_chip=0), TpuDevice(id=7, process_index=0, coords=(1,1,0), core_on_chip=1)]

[2023-02-08 05:53:43] [Epoch     1/  200] trn/loss 1.729e+00, trn/lr 1.000e-04, val/acc 4.729e-01, val/nll 1.427e+00 (best_acc: 0.000e+00 -> 4.729e-01, test_acc: 4.733e-01, test_nll: 1.421e+00)
[2023-02-08 05:53:51] [Epoch     2/  200] trn/loss 1.363e+00, trn/lr 9.999e-05, val/acc 5.580e-01, val/nll 1.248e+00 (best_acc: 4.729e-01 -> 5.580e-01, test_acc: 5.537e-01, test_nll: 1.256e+00)
[2023-02-08 05:53:59] [Epoch     3/  200] trn/loss 1.220e+00, trn/lr 9.996e-05, val/acc 6.146e-01, val/nll 1.097e+00 (best_acc: 5.580e-01 -> 6.146e-01, test_acc: 5.980e-01, test_nll: 1.117e+00)
[2023-02-08 05:54:08] [Epoch     4/  200] trn/loss 1.098e+00, trn/lr 9.992e-05, val/acc 6.379e-01, val/nll 1.018e+00 (best_acc: 6.146e-01 -> 6.379e-01, test_acc: 6.271e-01, test_nll: 1.040e+00)
[2023-02-08 05:54:16] [Epoch     5/  200] trn/loss 1.008e+00, trn/lr 9.987e-05, val/acc 6.647e-01, val/nll 9.588e-01 (best_acc: 6.379e-01 -> 6.647e-01, test_acc: 6.497e-01, test_nll: 9.877e-01)
[2023-02-08 05:54:24] [Epoch     6/  200] trn/loss 9.292e-01, trn/lr 9.981e-05, val/acc 6.763e-01, val/nll 9.181e-01 (best_acc: 6.647e-01 -> 6.763e-01, test_acc: 6.675e-01, test_nll: 9.352e-01)
[2023-02-08 05:54:32] [Epoch     7/  200] trn/loss 8.672e-01, trn/lr 9.974e-05, val/acc 6.876e-01, val/nll 8.979e-01 (best_acc: 6.763e-01 -> 6.876e-01, test_acc: 6.818e-01, test_nll: 9.048e-01)
[2023-02-08 05:54:41] [Epoch     8/  200] trn/loss 8.079e-01, trn/lr 9.965e-05, val/acc 7.010e-01, val/nll 8.661e-01 (best_acc: 6.876e-01 -> 7.010e-01, test_acc: 7.002e-01, test_nll: 8.714e-01)
[2023-02-08 05:54:49] [Epoch     9/  200] trn/loss 7.507e-01, trn/lr 9.955e-05, val/acc 7.051e-01, val/nll 8.468e-01 (best_acc: 7.010e-01 -> 7.051e-01, test_acc: 7.058e-01, test_nll: 8.545e-01)
[2023-02-08 05:54:57] [Epoch    10/  200] trn/loss 7.056e-01, trn/lr 9.944e-05, val/acc 7.406e-01, val/nll 7.452e-01 (best_acc: 7.051e-01 -> 7.406e-01, test_acc: 7.357e-01, test_nll: 7.552e-01)
[2023-02-08 05:55:05] [Epoch    11/  200] trn/loss 6.580e-01, trn/lr 9.932e-05, val/acc 7.456e-01, val/nll 7.308e-01 (best_acc: 7.406e-01 -> 7.456e-01, test_acc: 7.452e-01, test_nll: 7.364e-01)
[2023-02-08 05:55:14] [Epoch    12/  200] trn/loss 6.205e-01, trn/lr 9.919e-05, val/acc 7.681e-01, val/nll 6.901e-01 (best_acc: 7.456e-01 -> 7.681e-01, test_acc: 7.660e-01, test_nll: 7.032e-01)
[2023-02-08 05:55:22] [Epoch    13/  200] trn/loss 5.921e-01, trn/lr 9.904e-05, val/acc 7.778e-01, val/nll 6.537e-01 (best_acc: 7.681e-01 -> 7.778e-01, test_acc: 7.780e-01, test_nll: 6.510e-01)
[2023-02-08 05:55:29] [Epoch    14/  200] trn/loss 5.673e-01, trn/lr 9.888e-05, val/acc 7.749e-01, val/nll 6.615e-01
[2023-02-08 05:55:37] [Epoch    15/  200] trn/loss 5.320e-01, trn/lr 9.871e-05, val/acc 7.867e-01, val/nll 6.165e-01 (best_acc: 7.778e-01 -> 7.867e-01, test_acc: 7.853e-01, test_nll: 6.145e-01)
[2023-02-08 05:55:45] [Epoch    16/  200] trn/loss 5.079e-01, trn/lr 9.853e-05, val/acc 8.009e-01, val/nll 6.029e-01 (best_acc: 7.867e-01 -> 8.009e-01, test_acc: 7.958e-01, test_nll: 6.126e-01)
[2023-02-08 05:55:53] [Epoch    17/  200] trn/loss 4.863e-01, trn/lr 9.833e-05, val/acc 8.034e-01, val/nll 5.861e-01 (best_acc: 8.009e-01 -> 8.034e-01, test_acc: 8.017e-01, test_nll: 5.966e-01)
[2023-02-08 05:56:01] [Epoch    18/  200] trn/loss 4.642e-01, trn/lr 9.812e-05, val/acc 8.021e-01, val/nll 5.840e-01
[2023-02-08 05:56:09] [Epoch    19/  200] trn/loss 4.455e-01, trn/lr 9.790e-05, val/acc 8.165e-01, val/nll 5.499e-01 (best_acc: 8.034e-01 -> 8.165e-01, test_acc: 8.103e-01, test_nll: 5.530e-01)
[2023-02-08 05:56:17] [Epoch    20/  200] trn/loss 4.277e-01, trn/lr 9.767e-05, val/acc 8.185e-01, val/nll 5.310e-01 (best_acc: 8.165e-01 -> 8.185e-01, test_acc: 8.204e-01, test_nll: 5.328e-01)
[2023-02-08 05:56:26] [Epoch    21/  200] trn/loss 4.068e-01, trn/lr 9.743e-05, val/acc 8.233e-01, val/nll 5.226e-01 (best_acc: 8.185e-01 -> 8.233e-01, test_acc: 8.264e-01, test_nll: 5.228e-01)
[2023-02-08 05:56:34] [Epoch    22/  200] trn/loss 3.946e-01, trn/lr 9.718e-05, val/acc 8.237e-01, val/nll 5.252e-01 (best_acc: 8.233e-01 -> 8.237e-01, test_acc: 8.218e-01, test_nll: 5.249e-01)
[2023-02-08 05:56:41] [Epoch    23/  200] trn/loss 3.763e-01, trn/lr 9.691e-05, val/acc 8.187e-01, val/nll 5.567e-01
[2023-02-08 05:56:49] [Epoch    24/  200] trn/loss 3.616e-01, trn/lr 9.663e-05, val/acc 8.311e-01, val/nll 4.991e-01 (best_acc: 8.237e-01 -> 8.311e-01, test_acc: 8.294e-01, test_nll: 4.970e-01)
[2023-02-08 05:56:57] [Epoch    25/  200] trn/loss 3.430e-01, trn/lr 9.634e-05, val/acc 8.144e-01, val/nll 5.976e-01
[2023-02-08 05:57:05] [Epoch    26/  200] trn/loss 3.343e-01, trn/lr 9.604e-05, val/acc 8.320e-01, val/nll 5.130e-01 (best_acc: 8.311e-01 -> 8.320e-01, test_acc: 8.294e-01, test_nll: 5.209e-01)
[2023-02-08 05:57:13] [Epoch    27/  200] trn/loss 3.192e-01, trn/lr 9.573e-05, val/acc 8.388e-01, val/nll 4.877e-01 (best_acc: 8.320e-01 -> 8.388e-01, test_acc: 8.397e-01, test_nll: 4.800e-01)
[2023-02-08 05:57:21] [Epoch    28/  200] trn/loss 3.080e-01, trn/lr 9.541e-05, val/acc 8.408e-01, val/nll 4.928e-01 (best_acc: 8.388e-01 -> 8.408e-01, test_acc: 8.378e-01, test_nll: 4.953e-01)
[2023-02-08 05:57:29] [Epoch    29/  200] trn/loss 2.966e-01, trn/lr 9.507e-05, val/acc 8.400e-01, val/nll 4.902e-01
[2023-02-08 05:57:36] [Epoch    30/  200] trn/loss 2.810e-01, trn/lr 9.473e-05, val/acc 8.227e-01, val/nll 5.729e-01
[2023-02-08 05:57:43] [Epoch    31/  200] trn/loss 2.686e-01, trn/lr 9.437e-05, val/acc 8.249e-01, val/nll 5.361e-01
[2023-02-08 05:57:50] [Epoch    32/  200] trn/loss 2.608e-01, trn/lr 9.400e-05, val/acc 8.369e-01, val/nll 5.086e-01
[2023-02-08 05:57:59] [Epoch    33/  200] trn/loss 2.469e-01, trn/lr 9.363e-05, val/acc 8.437e-01, val/nll 4.774e-01 (best_acc: 8.408e-01 -> 8.437e-01, test_acc: 8.459e-01, test_nll: 4.846e-01)
[2023-02-08 05:58:07] [Epoch    34/  200] trn/loss 2.408e-01, trn/lr 9.324e-05, val/acc 8.457e-01, val/nll 4.815e-01 (best_acc: 8.437e-01 -> 8.457e-01, test_acc: 8.425e-01, test_nll: 4.996e-01)
[2023-02-08 05:58:14] [Epoch    35/  200] trn/loss 2.300e-01, trn/lr 9.284e-05, val/acc 8.361e-01, val/nll 5.203e-01
[2023-02-08 05:58:22] [Epoch    36/  200] trn/loss 2.218e-01, trn/lr 9.243e-05, val/acc 8.607e-01, val/nll 4.433e-01 (best_acc: 8.457e-01 -> 8.607e-01, test_acc: 8.579e-01, test_nll: 4.425e-01)
[2023-02-08 05:58:30] [Epoch    37/  200] trn/loss 2.121e-01, trn/lr 9.201e-05, val/acc 8.379e-01, val/nll 4.984e-01
[2023-02-08 05:58:37] [Epoch    38/  200] trn/loss 2.042e-01, trn/lr 9.157e-05, val/acc 8.548e-01, val/nll 4.692e-01
[2023-02-08 05:58:44] [Epoch    39/  200] trn/loss 1.993e-01, trn/lr 9.113e-05, val/acc 8.595e-01, val/nll 4.420e-01
[2023-02-08 05:58:52] [Epoch    40/  200] trn/loss 1.898e-01, trn/lr 9.068e-05, val/acc 8.617e-01, val/nll 4.405e-01 (best_acc: 8.607e-01 -> 8.617e-01, test_acc: 8.602e-01, test_nll: 4.320e-01)
[2023-02-08 05:59:00] [Epoch    41/  200] trn/loss 1.798e-01, trn/lr 9.022e-05, val/acc 8.582e-01, val/nll 4.353e-01
[2023-02-08 05:59:07] [Epoch    42/  200] trn/loss 1.724e-01, trn/lr 8.975e-05, val/acc 8.579e-01, val/nll 4.551e-01
[2023-02-08 05:59:14] [Epoch    43/  200] trn/loss 1.666e-01, trn/lr 8.927e-05, val/acc 8.531e-01, val/nll 4.833e-01
[2023-02-08 05:59:21] [Epoch    44/  200] trn/loss 1.588e-01, trn/lr 8.878e-05, val/acc 8.442e-01, val/nll 5.259e-01
[2023-02-08 05:59:29] [Epoch    45/  200] trn/loss 1.572e-01, trn/lr 8.828e-05, val/acc 8.520e-01, val/nll 5.032e-01
[2023-02-08 05:59:36] [Epoch    46/  200] trn/loss 1.482e-01, trn/lr 8.777e-05, val/acc 8.507e-01, val/nll 5.098e-01
[2023-02-08 05:59:44] [Epoch    47/  200] trn/loss 1.407e-01, trn/lr 8.725e-05, val/acc 8.640e-01, val/nll 4.466e-01 (best_acc: 8.617e-01 -> 8.640e-01, test_acc: 8.592e-01, test_nll: 4.524e-01)
[2023-02-08 05:59:51] [Epoch    48/  200] trn/loss 1.351e-01, trn/lr 8.672e-05, val/acc 8.519e-01, val/nll 5.016e-01
[2023-02-08 05:59:58] [Epoch    49/  200] trn/loss 1.314e-01, trn/lr 8.618e-05, val/acc 8.603e-01, val/nll 4.785e-01
[2023-02-08 06:00:07] [Epoch    50/  200] trn/loss 1.245e-01, trn/lr 8.563e-05, val/acc 8.715e-01, val/nll 4.382e-01 (best_acc: 8.640e-01 -> 8.715e-01, test_acc: 8.694e-01, test_nll: 4.286e-01)
[2023-02-08 06:00:14] [Epoch    51/  200] trn/loss 1.199e-01, trn/lr 8.508e-05, val/acc 8.697e-01, val/nll 4.198e-01
[2023-02-08 06:00:21] [Epoch    52/  200] trn/loss 1.133e-01, trn/lr 8.451e-05, val/acc 8.415e-01, val/nll 5.371e-01
[2023-02-08 06:00:28] [Epoch    53/  200] trn/loss 1.082e-01, trn/lr 8.394e-05, val/acc 8.477e-01, val/nll 5.195e-01
[2023-02-08 06:00:36] [Epoch    54/  200] trn/loss 1.055e-01, trn/lr 8.336e-05, val/acc 8.530e-01, val/nll 5.158e-01
[2023-02-08 06:00:43] [Epoch    55/  200] trn/loss 9.856e-02, trn/lr 8.277e-05, val/acc 8.625e-01, val/nll 4.646e-01
[2023-02-08 06:00:50] [Epoch    56/  200] trn/loss 9.699e-02, trn/lr 8.217e-05, val/acc 8.673e-01, val/nll 4.685e-01
[2023-02-08 06:00:57] [Epoch    57/  200] trn/loss 9.367e-02, trn/lr 8.157e-05, val/acc 8.626e-01, val/nll 4.644e-01
[2023-02-08 06:01:05] [Epoch    58/  200] trn/loss 8.971e-02, trn/lr 8.096e-05, val/acc 8.683e-01, val/nll 4.535e-01
[2023-02-08 06:01:12] [Epoch    59/  200] trn/loss 8.602e-02, trn/lr 8.034e-05, val/acc 8.686e-01, val/nll 4.660e-01
[2023-02-08 06:01:20] [Epoch    60/  200] trn/loss 8.324e-02, trn/lr 7.971e-05, val/acc 8.791e-01, val/nll 4.138e-01 (best_acc: 8.715e-01 -> 8.791e-01, test_acc: 8.732e-01, test_nll: 4.196e-01)
[2023-02-08 06:01:27] [Epoch    61/  200] trn/loss 7.889e-02, trn/lr 7.907e-05, val/acc 8.765e-01, val/nll 4.244e-01
[2023-02-08 06:01:36] [Epoch    62/  200] trn/loss 7.772e-02, trn/lr 7.843e-05, val/acc 8.799e-01, val/nll 4.299e-01 (best_acc: 8.791e-01 -> 8.799e-01, test_acc: 8.712e-01, test_nll: 4.342e-01)
[2023-02-08 06:01:43] [Epoch    63/  200] trn/loss 7.437e-02, trn/lr 7.778e-05, val/acc 8.598e-01, val/nll 5.152e-01
[2023-02-08 06:01:50] [Epoch    64/  200] trn/loss 7.086e-02, trn/lr 7.712e-05, val/acc 8.708e-01, val/nll 4.674e-01
[2023-02-08 06:01:57] [Epoch    65/  200] trn/loss 6.738e-02, trn/lr 7.646e-05, val/acc 8.740e-01, val/nll 4.340e-01
[2023-02-08 06:02:04] [Epoch    66/  200] trn/loss 6.740e-02, trn/lr 7.579e-05, val/acc 8.752e-01, val/nll 4.341e-01
[2023-02-08 06:02:12] [Epoch    67/  200] trn/loss 6.463e-02, trn/lr 7.512e-05, val/acc 8.756e-01, val/nll 4.477e-01
[2023-02-08 06:02:19] [Epoch    68/  200] trn/loss 6.189e-02, trn/lr 7.443e-05, val/acc 8.795e-01, val/nll 4.202e-01
[2023-02-08 06:02:26] [Epoch    69/  200] trn/loss 5.928e-02, trn/lr 7.374e-05, val/acc 8.721e-01, val/nll 4.667e-01
[2023-02-08 06:02:33] [Epoch    70/  200] trn/loss 5.881e-02, trn/lr 7.305e-05, val/acc 8.747e-01, val/nll 4.541e-01
[2023-02-08 06:02:41] [Epoch    71/  200] trn/loss 5.742e-02, trn/lr 7.235e-05, val/acc 8.769e-01, val/nll 4.433e-01
[2023-02-08 06:02:48] [Epoch    72/  200] trn/loss 5.205e-02, trn/lr 7.165e-05, val/acc 8.781e-01, val/nll 4.429e-01
[2023-02-08 06:02:55] [Epoch    73/  200] trn/loss 5.360e-02, trn/lr 7.093e-05, val/acc 8.698e-01, val/nll 4.697e-01
[2023-02-08 06:03:02] [Epoch    74/  200] trn/loss 5.082e-02, trn/lr 7.022e-05, val/acc 8.632e-01, val/nll 5.294e-01
[2023-02-08 06:03:10] [Epoch    75/  200] trn/loss 4.999e-02, trn/lr 6.950e-05, val/acc 8.798e-01, val/nll 4.375e-01
[2023-02-08 06:03:17] [Epoch    76/  200] trn/loss 4.638e-02, trn/lr 6.877e-05, val/acc 8.759e-01, val/nll 4.513e-01
[2023-02-08 06:03:24] [Epoch    77/  200] trn/loss 4.464e-02, trn/lr 6.804e-05, val/acc 8.690e-01, val/nll 4.752e-01
[2023-02-08 06:03:32] [Epoch    78/  200] trn/loss 4.533e-02, trn/lr 6.731e-05, val/acc 8.824e-01, val/nll 4.322e-01 (best_acc: 8.799e-01 -> 8.824e-01, test_acc: 8.778e-01, test_nll: 4.331e-01)
[2023-02-08 06:03:40] [Epoch    79/  200] trn/loss 4.448e-02, trn/lr 6.657e-05, val/acc 8.730e-01, val/nll 4.521e-01
[2023-02-08 06:03:47] [Epoch    80/  200] trn/loss 4.183e-02, trn/lr 6.583e-05, val/acc 8.791e-01, val/nll 4.596e-01
[2023-02-08 06:03:55] [Epoch    81/  200] trn/loss 3.934e-02, trn/lr 6.508e-05, val/acc 8.873e-01, val/nll 4.190e-01 (best_acc: 8.824e-01 -> 8.873e-01, test_acc: 8.842e-01, test_nll: 4.223e-01)
[2023-02-08 06:04:02] [Epoch    82/  200] trn/loss 3.842e-02, trn/lr 6.433e-05, val/acc 8.834e-01, val/nll 4.229e-01
[2023-02-08 06:04:10] [Epoch    83/  200] trn/loss 3.778e-02, trn/lr 6.357e-05, val/acc 8.838e-01, val/nll 4.264e-01
[2023-02-08 06:04:17] [Epoch    84/  200] trn/loss 3.695e-02, trn/lr 6.282e-05, val/acc 8.844e-01, val/nll 4.272e-01
[2023-02-08 06:04:24] [Epoch    85/  200] trn/loss 3.479e-02, trn/lr 6.206e-05, val/acc 8.770e-01, val/nll 4.667e-01
[2023-02-08 06:04:31] [Epoch    86/  200] trn/loss 3.315e-02, trn/lr 6.129e-05, val/acc 8.793e-01, val/nll 4.444e-01
[2023-02-08 06:04:39] [Epoch    87/  200] trn/loss 3.299e-02, trn/lr 6.053e-05, val/acc 8.708e-01, val/nll 4.869e-01
[2023-02-08 06:04:46] [Epoch    88/  200] trn/loss 3.216e-02, trn/lr 5.976e-05, val/acc 8.855e-01, val/nll 4.256e-01
[2023-02-08 06:04:54] [Epoch    89/  200] trn/loss 3.135e-02, trn/lr 5.899e-05, val/acc 8.903e-01, val/nll 4.180e-01 (best_acc: 8.873e-01 -> 8.903e-01, test_acc: 8.844e-01, test_nll: 4.202e-01)
[2023-02-08 06:05:01] [Epoch    90/  200] trn/loss 3.057e-02, trn/lr 5.821e-05, val/acc 8.821e-01, val/nll 4.473e-01
[2023-02-08 06:05:08] [Epoch    91/  200] trn/loss 3.060e-02, trn/lr 5.744e-05, val/acc 8.825e-01, val/nll 4.349e-01
[2023-02-08 06:05:16] [Epoch    92/  200] trn/loss 2.854e-02, trn/lr 5.666e-05, val/acc 8.775e-01, val/nll 4.667e-01
[2023-02-08 06:05:23] [Epoch    93/  200] trn/loss 2.871e-02, trn/lr 5.588e-05, val/acc 8.886e-01, val/nll 4.124e-01
[2023-02-08 06:05:30] [Epoch    94/  200] trn/loss 2.731e-02, trn/lr 5.510e-05, val/acc 8.864e-01, val/nll 4.256e-01
[2023-02-08 06:05:37] [Epoch    95/  200] trn/loss 2.535e-02, trn/lr 5.432e-05, val/acc 8.878e-01, val/nll 4.169e-01
[2023-02-08 06:05:45] [Epoch    96/  200] trn/loss 2.628e-02, trn/lr 5.353e-05, val/acc 8.875e-01, val/nll 4.182e-01
[2023-02-08 06:05:52] [Epoch    97/  200] trn/loss 2.563e-02, trn/lr 5.275e-05, val/acc 8.871e-01, val/nll 4.222e-01
[2023-02-08 06:05:59] [Epoch    98/  200] trn/loss 2.529e-02, trn/lr 5.197e-05, val/acc 8.847e-01, val/nll 4.293e-01
[2023-02-08 06:06:06] [Epoch    99/  200] trn/loss 2.433e-02, trn/lr 5.118e-05, val/acc 8.887e-01, val/nll 4.246e-01
[2023-02-08 06:06:14] [Epoch   100/  200] trn/loss 2.313e-02, trn/lr 5.040e-05, val/acc 8.821e-01, val/nll 4.577e-01
[2023-02-08 06:06:21] [Epoch   101/  200] trn/loss 2.331e-02, trn/lr 4.961e-05, val/acc 8.896e-01, val/nll 4.214e-01
[2023-02-08 06:06:28] [Epoch   102/  200] trn/loss 2.186e-02, trn/lr 4.882e-05, val/acc 8.876e-01, val/nll 4.287e-01
[2023-02-08 06:06:35] [Epoch   103/  200] trn/loss 2.178e-02, trn/lr 4.804e-05, val/acc 8.874e-01, val/nll 4.381e-01
[2023-02-08 06:06:43] [Epoch   104/  200] trn/loss 2.135e-02, trn/lr 4.725e-05, val/acc 8.806e-01, val/nll 4.597e-01
[2023-02-08 06:06:50] [Epoch   105/  200] trn/loss 2.036e-02, trn/lr 4.647e-05, val/acc 8.898e-01, val/nll 4.204e-01
[2023-02-08 06:06:57] [Epoch   106/  200] trn/loss 2.003e-02, trn/lr 4.569e-05, val/acc 8.893e-01, val/nll 4.154e-01
[2023-02-08 06:07:05] [Epoch   107/  200] trn/loss 1.923e-02, trn/lr 4.491e-05, val/acc 8.906e-01, val/nll 4.153e-01 (best_acc: 8.903e-01 -> 8.906e-01, test_acc: 8.895e-01, test_nll: 4.004e-01)
[2023-02-08 06:07:13] [Epoch   108/  200] trn/loss 2.004e-02, trn/lr 4.413e-05, val/acc 8.892e-01, val/nll 4.246e-01
[2023-02-08 06:07:20] [Epoch   109/  200] trn/loss 1.792e-02, trn/lr 4.335e-05, val/acc 8.875e-01, val/nll 4.371e-01
[2023-02-08 06:07:28] [Epoch   110/  200] trn/loss 1.909e-02, trn/lr 4.257e-05, val/acc 8.936e-01, val/nll 4.094e-01 (best_acc: 8.906e-01 -> 8.936e-01, test_acc: 8.913e-01, test_nll: 4.079e-01)
[2023-02-08 06:07:36] [Epoch   111/  200] trn/loss 1.789e-02, trn/lr 4.179e-05, val/acc 8.950e-01, val/nll 4.074e-01 (best_acc: 8.936e-01 -> 8.950e-01, test_acc: 8.893e-01, test_nll: 4.023e-01)
[2023-02-08 06:07:44] [Epoch   112/  200] trn/loss 1.666e-02, trn/lr 4.102e-05, val/acc 8.889e-01, val/nll 4.234e-01
[2023-02-08 06:07:51] [Epoch   113/  200] trn/loss 1.686e-02, trn/lr 4.025e-05, val/acc 8.923e-01, val/nll 4.116e-01
[2023-02-08 06:07:58] [Epoch   114/  200] trn/loss 1.619e-02, trn/lr 3.948e-05, val/acc 8.908e-01, val/nll 4.402e-01
[2023-02-08 06:08:06] [Epoch   115/  200] trn/loss 1.581e-02, trn/lr 3.871e-05, val/acc 8.946e-01, val/nll 3.964e-01
[2023-02-08 06:08:13] [Epoch   116/  200] trn/loss 1.558e-02, trn/lr 3.795e-05, val/acc 8.917e-01, val/nll 4.175e-01
[2023-02-08 06:08:20] [Epoch   117/  200] trn/loss 1.494e-02, trn/lr 3.719e-05, val/acc 8.925e-01, val/nll 4.268e-01
[2023-02-08 06:08:27] [Epoch   118/  200] trn/loss 1.497e-02, trn/lr 3.643e-05, val/acc 8.935e-01, val/nll 4.100e-01
[2023-02-08 06:08:35] [Epoch   119/  200] trn/loss 1.495e-02, trn/lr 3.568e-05, val/acc 8.963e-01, val/nll 4.020e-01 (best_acc: 8.950e-01 -> 8.963e-01, test_acc: 8.922e-01, test_nll: 3.962e-01)
[2023-02-08 06:08:43] [Epoch   120/  200] trn/loss 1.420e-02, trn/lr 3.493e-05, val/acc 8.923e-01, val/nll 4.084e-01
[2023-02-08 06:08:50] [Epoch   121/  200] trn/loss 1.374e-02, trn/lr 3.418e-05, val/acc 8.908e-01, val/nll 4.247e-01
[2023-02-08 06:08:58] [Epoch   122/  200] trn/loss 1.370e-02, trn/lr 3.344e-05, val/acc 8.983e-01, val/nll 4.018e-01 (best_acc: 8.963e-01 -> 8.983e-01, test_acc: 8.939e-01, test_nll: 4.005e-01)
[2023-02-08 06:09:05] [Epoch   123/  200] trn/loss 1.316e-02, trn/lr 3.270e-05, val/acc 8.965e-01, val/nll 4.158e-01
[2023-02-08 06:09:13] [Epoch   124/  200] trn/loss 1.269e-02, trn/lr 3.196e-05, val/acc 8.962e-01, val/nll 4.098e-01
[2023-02-08 06:09:20] [Epoch   125/  200] trn/loss 1.245e-02, trn/lr 3.123e-05, val/acc 8.972e-01, val/nll 4.033e-01
[2023-02-08 06:09:27] [Epoch   126/  200] trn/loss 1.218e-02, trn/lr 3.051e-05, val/acc 8.954e-01, val/nll 4.022e-01
[2023-02-08 06:09:34] [Epoch   127/  200] trn/loss 1.168e-02, trn/lr 2.979e-05, val/acc 8.949e-01, val/nll 4.100e-01
[2023-02-08 06:09:42] [Epoch   128/  200] trn/loss 1.181e-02, trn/lr 2.907e-05, val/acc 8.968e-01, val/nll 3.959e-01
[2023-02-08 06:09:49] [Epoch   129/  200] trn/loss 1.221e-02, trn/lr 2.836e-05, val/acc 8.971e-01, val/nll 4.038e-01
[2023-02-08 06:09:56] [Epoch   130/  200] trn/loss 1.102e-02, trn/lr 2.765e-05, val/acc 8.973e-01, val/nll 3.966e-01
[2023-02-08 06:10:03] [Epoch   131/  200] trn/loss 1.098e-02, trn/lr 2.695e-05, val/acc 8.976e-01, val/nll 4.035e-01
[2023-02-08 06:10:11] [Epoch   132/  200] trn/loss 1.057e-02, trn/lr 2.626e-05, val/acc 8.916e-01, val/nll 4.176e-01
[2023-02-08 06:10:18] [Epoch   133/  200] trn/loss 1.050e-02, trn/lr 2.557e-05, val/acc 8.946e-01, val/nll 4.135e-01
[2023-02-08 06:10:25] [Epoch   134/  200] trn/loss 1.058e-02, trn/lr 2.489e-05, val/acc 8.978e-01, val/nll 3.924e-01
[2023-02-08 06:10:32] [Epoch   135/  200] trn/loss 1.028e-02, trn/lr 2.421e-05, val/acc 8.959e-01, val/nll 4.014e-01
[2023-02-08 06:10:40] [Epoch   136/  200] trn/loss 9.751e-03, trn/lr 2.354e-05, val/acc 8.969e-01, val/nll 4.064e-01
[2023-02-08 06:10:47] [Epoch   137/  200] trn/loss 9.870e-03, trn/lr 2.288e-05, val/acc 8.968e-01, val/nll 4.005e-01
[2023-02-08 06:10:55] [Epoch   138/  200] trn/loss 9.828e-03, trn/lr 2.222e-05, val/acc 9.006e-01, val/nll 3.961e-01 (best_acc: 8.983e-01 -> 9.006e-01, test_acc: 8.969e-01, test_nll: 4.023e-01)
[2023-02-08 06:11:02] [Epoch   139/  200] trn/loss 9.283e-03, trn/lr 2.157e-05, val/acc 8.985e-01, val/nll 3.928e-01
[2023-02-08 06:11:10] [Epoch   140/  200] trn/loss 9.006e-03, trn/lr 2.093e-05, val/acc 8.991e-01, val/nll 3.890e-01
[2023-02-08 06:11:17] [Epoch   141/  200] trn/loss 8.719e-03, trn/lr 2.030e-05, val/acc 8.976e-01, val/nll 3.990e-01
[2023-02-08 06:11:24] [Epoch   142/  200] trn/loss 8.814e-03, trn/lr 1.967e-05, val/acc 8.988e-01, val/nll 3.980e-01
[2023-02-08 06:11:31] [Epoch   143/  200] trn/loss 8.230e-03, trn/lr 1.905e-05, val/acc 8.993e-01, val/nll 3.967e-01
[2023-02-08 06:11:39] [Epoch   144/  200] trn/loss 8.321e-03, trn/lr 1.843e-05, val/acc 9.022e-01, val/nll 3.903e-01 (best_acc: 9.006e-01 -> 9.022e-01, test_acc: 8.963e-01, test_nll: 3.881e-01)
[2023-02-08 06:11:47] [Epoch   145/  200] trn/loss 8.178e-03, trn/lr 1.783e-05, val/acc 8.997e-01, val/nll 3.884e-01
[2023-02-08 06:11:54] [Epoch   146/  200] trn/loss 7.721e-03, trn/lr 1.723e-05, val/acc 9.004e-01, val/nll 3.888e-01
[2023-02-08 06:12:01] [Epoch   147/  200] trn/loss 7.828e-03, trn/lr 1.664e-05, val/acc 9.018e-01, val/nll 3.876e-01
[2023-02-08 06:12:08] [Epoch   148/  200] trn/loss 7.473e-03, trn/lr 1.606e-05, val/acc 8.998e-01, val/nll 3.978e-01
[2023-02-08 06:12:16] [Epoch   149/  200] trn/loss 7.724e-03, trn/lr 1.549e-05, val/acc 9.021e-01, val/nll 3.870e-01
[2023-02-08 06:12:24] [Epoch   150/  200] trn/loss 7.756e-03, trn/lr 1.493e-05, val/acc 9.028e-01, val/nll 3.847e-01 (best_acc: 9.022e-01 -> 9.028e-01, test_acc: 8.967e-01, test_nll: 3.854e-01)
[2023-02-08 06:12:31] [Epoch   151/  200] trn/loss 7.592e-03, trn/lr 1.437e-05, val/acc 9.002e-01, val/nll 3.910e-01
[2023-02-08 06:12:38] [Epoch   152/  200] trn/loss 7.391e-03, trn/lr 1.382e-05, val/acc 8.998e-01, val/nll 3.936e-01
[2023-02-08 06:12:45] [Epoch   153/  200] trn/loss 7.420e-03, trn/lr 1.329e-05, val/acc 9.004e-01, val/nll 3.934e-01
[2023-02-08 06:12:53] [Epoch   154/  200] trn/loss 6.958e-03, trn/lr 1.276e-05, val/acc 9.012e-01, val/nll 3.931e-01
[2023-02-08 06:13:00] [Epoch   155/  200] trn/loss 6.924e-03, trn/lr 1.224e-05, val/acc 9.024e-01, val/nll 3.875e-01
[2023-02-08 06:13:07] [Epoch   156/  200] trn/loss 6.861e-03, trn/lr 1.173e-05, val/acc 9.018e-01, val/nll 3.890e-01
[2023-02-08 06:13:14] [Epoch   157/  200] trn/loss 6.750e-03, trn/lr 1.123e-05, val/acc 9.028e-01, val/nll 3.902e-01
[2023-02-08 06:13:22] [Epoch   158/  200] trn/loss 6.762e-03, trn/lr 1.074e-05, val/acc 9.014e-01, val/nll 3.888e-01
[2023-02-08 06:13:29] [Epoch   159/  200] trn/loss 6.376e-03, trn/lr 1.025e-05, val/acc 9.018e-01, val/nll 3.861e-01
[2023-02-08 06:13:37] [Epoch   160/  200] trn/loss 6.563e-03, trn/lr 9.783e-06, val/acc 9.037e-01, val/nll 3.872e-01 (best_acc: 9.028e-01 -> 9.037e-01, test_acc: 8.987e-01, test_nll: 3.801e-01)
[2023-02-08 06:13:44] [Epoch   161/  200] trn/loss 6.539e-03, trn/lr 9.321e-06, val/acc 9.029e-01, val/nll 3.835e-01
[2023-02-08 06:13:52] [Epoch   162/  200] trn/loss 6.178e-03, trn/lr 8.870e-06, val/acc 9.037e-01, val/nll 3.838e-01
[2023-02-08 06:13:59] [Epoch   163/  200] trn/loss 5.994e-03, trn/lr 8.428e-06, val/acc 9.037e-01, val/nll 3.856e-01
[2023-02-08 06:14:06] [Epoch   164/  200] trn/loss 6.388e-03, trn/lr 7.997e-06, val/acc 9.033e-01, val/nll 3.864e-01
[2023-02-08 06:14:13] [Epoch   165/  200] trn/loss 6.236e-03, trn/lr 7.576e-06, val/acc 9.028e-01, val/nll 3.852e-01
[2023-02-08 06:14:21] [Epoch   166/  200] trn/loss 6.160e-03, trn/lr 7.166e-06, val/acc 9.018e-01, val/nll 3.832e-01
[2023-02-08 06:14:28] [Epoch   167/  200] trn/loss 5.995e-03, trn/lr 6.766e-06, val/acc 9.018e-01, val/nll 3.867e-01
[2023-02-08 06:14:36] [Epoch   168/  200] trn/loss 5.859e-03, trn/lr 6.377e-06, val/acc 9.039e-01, val/nll 3.852e-01 (best_acc: 9.037e-01 -> 9.039e-01, test_acc: 8.982e-01, test_nll: 3.776e-01)
[2023-02-08 06:14:43] [Epoch   169/  200] trn/loss 6.052e-03, trn/lr 5.998e-06, val/acc 9.031e-01, val/nll 3.828e-01
[2023-02-08 06:14:51] [Epoch   170/  200] trn/loss 5.503e-03, trn/lr 5.631e-06, val/acc 9.037e-01, val/nll 3.792e-01
[2023-02-08 06:14:59] [Epoch   171/  200] trn/loss 6.048e-03, trn/lr 5.274e-06, val/acc 9.045e-01, val/nll 3.827e-01 (best_acc: 9.039e-01 -> 9.045e-01, test_acc: 8.990e-01, test_nll: 3.780e-01)
[2023-02-08 06:15:06] [Epoch   172/  200] trn/loss 5.697e-03, trn/lr 4.929e-06, val/acc 9.045e-01, val/nll 3.807e-01
[2023-02-08 06:15:14] [Epoch   173/  200] trn/loss 5.429e-03, trn/lr 4.594e-06, val/acc 9.046e-01, val/nll 3.837e-01 (best_acc: 9.045e-01 -> 9.046e-01, test_acc: 8.995e-01, test_nll: 3.777e-01)
[2023-02-08 06:15:22] [Epoch   174/  200] trn/loss 5.583e-03, trn/lr 4.271e-06, val/acc 9.043e-01, val/nll 3.828e-01
[2023-02-08 06:15:29] [Epoch   175/  200] trn/loss 5.385e-03, trn/lr 3.959e-06, val/acc 9.029e-01, val/nll 3.813e-01
[2023-02-08 06:15:36] [Epoch   176/  200] trn/loss 5.418e-03, trn/lr 3.659e-06, val/acc 9.043e-01, val/nll 3.837e-01
[2023-02-08 06:15:44] [Epoch   177/  200] trn/loss 5.172e-03, trn/lr 3.369e-06, val/acc 9.048e-01, val/nll 3.834e-01 (best_acc: 9.046e-01 -> 9.048e-01, test_acc: 8.998e-01, test_nll: 3.752e-01)
[2023-02-08 06:15:52] [Epoch   178/  200] trn/loss 5.339e-03, trn/lr 3.092e-06, val/acc 9.041e-01, val/nll 3.824e-01
[2023-02-08 06:15:59] [Epoch   179/  200] trn/loss 5.523e-03, trn/lr 2.826e-06, val/acc 9.040e-01, val/nll 3.816e-01
[2023-02-08 06:16:06] [Epoch   180/  200] trn/loss 5.471e-03, trn/lr 2.571e-06, val/acc 9.037e-01, val/nll 3.825e-01
[2023-02-08 06:16:13] [Epoch   181/  200] trn/loss 5.138e-03, trn/lr 2.329e-06, val/acc 9.038e-01, val/nll 3.819e-01
[2023-02-08 06:16:21] [Epoch   182/  200] trn/loss 5.217e-03, trn/lr 2.098e-06, val/acc 9.038e-01, val/nll 3.821e-01
[2023-02-08 06:16:28] [Epoch   183/  200] trn/loss 5.178e-03, trn/lr 1.878e-06, val/acc 9.046e-01, val/nll 3.813e-01
[2023-02-08 06:16:35] [Epoch   184/  200] trn/loss 5.245e-03, trn/lr 1.671e-06, val/acc 9.041e-01, val/nll 3.829e-01
[2023-02-08 06:16:42] [Epoch   185/  200] trn/loss 4.902e-03, trn/lr 1.476e-06, val/acc 9.037e-01, val/nll 3.815e-01
[2023-02-08 06:16:50] [Epoch   186/  200] trn/loss 5.068e-03, trn/lr 1.292e-06, val/acc 9.034e-01, val/nll 3.814e-01
[2023-02-08 06:16:57] [Epoch   187/  200] trn/loss 5.263e-03, trn/lr 1.121e-06, val/acc 9.042e-01, val/nll 3.814e-01
[2023-02-08 06:17:04] [Epoch   188/  200] trn/loss 5.128e-03, trn/lr 9.617e-07, val/acc 9.039e-01, val/nll 3.807e-01
[2023-02-08 06:17:11] [Epoch   189/  200] trn/loss 5.088e-03, trn/lr 8.145e-07, val/acc 9.038e-01, val/nll 3.808e-01
[2023-02-08 06:17:19] [Epoch   190/  200] trn/loss 5.066e-03, trn/lr 6.794e-07, val/acc 9.040e-01, val/nll 3.815e-01
[2023-02-08 06:17:26] [Epoch   191/  200] trn/loss 4.855e-03, trn/lr 5.565e-07, val/acc 9.034e-01, val/nll 3.798e-01
[2023-02-08 06:17:33] [Epoch   192/  200] trn/loss 5.069e-03, trn/lr 4.458e-07, val/acc 9.033e-01, val/nll 3.816e-01
[2023-02-08 06:17:40] [Epoch   193/  200] trn/loss 5.192e-03, trn/lr 3.474e-07, val/acc 9.040e-01, val/nll 3.808e-01
[2023-02-08 06:17:48] [Epoch   194/  200] trn/loss 5.095e-03, trn/lr 2.612e-07, val/acc 9.037e-01, val/nll 3.800e-01
[2023-02-08 06:17:55] [Epoch   195/  200] trn/loss 4.876e-03, trn/lr 1.872e-07, val/acc 9.031e-01, val/nll 3.815e-01
[2023-02-08 06:18:02] [Epoch   196/  200] trn/loss 4.904e-03, trn/lr 1.255e-07, val/acc 9.025e-01, val/nll 3.812e-01
[2023-02-08 06:18:09] [Epoch   197/  200] trn/loss 5.065e-03, trn/lr 7.619e-08, val/acc 9.038e-01, val/nll 3.811e-01
[2023-02-08 06:18:16] [Epoch   198/  200] trn/loss 5.269e-03, trn/lr 3.916e-08, val/acc 9.035e-01, val/nll 3.806e-01
[2023-02-08 06:18:24] [Epoch   199/  200] trn/loss 5.045e-03, trn/lr 1.445e-08, val/acc 9.029e-01, val/nll 3.807e-01
[2023-02-08 06:18:31] [Epoch   200/  200] trn/loss 4.883e-03, trn/lr 2.075e-09, val/acc 9.038e-01, val/nll 3.807e-01
