[2023-04-07 23:48:02] Environments:
------------  --------------------------------------------------------------------------------
sys.platform  linux
Python        3.10.8 (main, Nov 24 2022, 14:13:03) [GCC 11.2.0]
JAX           0.4.1 @/mnt/home/giung/.conda/envs/jax-vessl/lib/python3.10/site-packages/jax
jaxlib        0.4.1 @/mnt/home/giung/.conda/envs/jax-vessl/lib/python3.10/site-packages/jaxlib
Flax          0.6.3 @/mnt/home/giung/.conda/envs/jax-vessl/lib/python3.10/site-packages/flax
Optax         0.1.4 @/mnt/home/giung/.conda/envs/jax-vessl/lib/python3.10/site-packages/optax
------------  --------------------------------------------------------------------------------

[2023-04-07 23:48:02] Command line arguments:
- args.data_root          : ./data/
- args.data_name          : CIFAR100_x32
- args.data_augmentation  : standard
- args.data_proportional  : 1.0
- args.model_name         : FlaxPreResNet
- args.model_depth        : 28
- args.model_width        : 10
- args.model_style        : BN-ReLU
- args.optim_bs           : 256
- args.optim_ne           : 200
- args.optim_lr           : 0.1
- args.optim_momentum     : 0.7
- args.optim_weight_decay : 0.001
- args.save               : /mnt/home/giung/giung2-dev/projects/residual-networks/save/CIFAR100_x32/WRN28x10-BN-ReLU/bs-0256_ne-0200_lr-0.10_mo-0.70_wd-0.0010_fp32/42
- args.seed               : 42
- args.precision          : fp32

[2023-04-07 23:50:19] [Epoch     1/  200] trn/loss 3.901e+00, trn/lr 1.000e-01, val/acc 1.565e-01, val/nll 3.597e+00 (best_acc: 0.000e+00 -> 1.565e-01, test_acc: 1.579e-01, test_nll: 3.579e+00)
[2023-04-07 23:51:54] [Epoch     2/  200] trn/loss 3.314e+00, trn/lr 9.999e-02, val/acc 1.955e-01, val/nll 3.399e+00 (best_acc: 1.565e-01 -> 1.955e-01, test_acc: 2.016e-01, test_nll: 3.380e+00)
[2023-04-07 23:53:27] [Epoch     3/  200] trn/loss 2.902e+00, trn/lr 9.996e-02, val/acc 2.398e-01, val/nll 3.106e+00 (best_acc: 1.955e-01 -> 2.398e-01, test_acc: 2.353e-01, test_nll: 3.082e+00)
[2023-04-07 23:55:03] [Epoch     4/  200] trn/loss 2.594e+00, trn/lr 9.992e-02, val/acc 2.892e-01, val/nll 2.861e+00 (best_acc: 2.398e-01 -> 2.892e-01, test_acc: 2.917e-01, test_nll: 2.819e+00)
[2023-04-07 23:56:38] [Epoch     5/  200] trn/loss 2.351e+00, trn/lr 9.987e-02, val/acc 3.035e-01, val/nll 2.913e+00 (best_acc: 2.892e-01 -> 3.035e-01, test_acc: 3.147e-01, test_nll: 2.863e+00)
[2023-04-07 23:58:12] [Epoch     6/  200] trn/loss 2.135e+00, trn/lr 9.981e-02, val/acc 3.334e-01, val/nll 2.819e+00 (best_acc: 3.035e-01 -> 3.334e-01, test_acc: 3.356e-01, test_nll: 2.792e+00)
[2023-04-07 23:59:46] [Epoch     7/  200] trn/loss 1.939e+00, trn/lr 9.974e-02, val/acc 4.043e-01, val/nll 2.246e+00 (best_acc: 3.334e-01 -> 4.043e-01, test_acc: 4.125e-01, test_nll: 2.219e+00)
[2023-04-08 00:01:20] [Epoch     8/  200] trn/loss 1.794e+00, trn/lr 9.965e-02, val/acc 4.289e-01, val/nll 2.162e+00 (best_acc: 4.043e-01 -> 4.289e-01, test_acc: 4.343e-01, test_nll: 2.156e+00)
[2023-04-08 00:02:42] [Epoch     9/  200] trn/loss 1.667e+00, trn/lr 9.955e-02, val/acc 3.908e-01, val/nll 2.502e+00
[2023-04-08 00:04:16] [Epoch    10/  200] trn/loss 1.547e+00, trn/lr 9.944e-02, val/acc 4.403e-01, val/nll 2.284e+00 (best_acc: 4.289e-01 -> 4.403e-01, test_acc: 4.473e-01, test_nll: 2.266e+00)
[2023-04-08 00:05:50] [Epoch    11/  200] trn/loss 1.454e+00, trn/lr 9.932e-02, val/acc 4.544e-01, val/nll 2.163e+00 (best_acc: 4.403e-01 -> 4.544e-01, test_acc: 4.537e-01, test_nll: 2.162e+00)
[2023-04-08 00:07:23] [Epoch    12/  200] trn/loss 1.357e+00, trn/lr 9.919e-02, val/acc 4.788e-01, val/nll 1.923e+00 (best_acc: 4.544e-01 -> 4.788e-01, test_acc: 4.870e-01, test_nll: 1.908e+00)
[2023-04-08 00:08:45] [Epoch    13/  200] trn/loss 1.292e+00, trn/lr 9.904e-02, val/acc 4.511e-01, val/nll 2.159e+00
[2023-04-08 00:10:20] [Epoch    14/  200] trn/loss 1.218e+00, trn/lr 9.888e-02, val/acc 5.231e-01, val/nll 1.806e+00 (best_acc: 4.788e-01 -> 5.231e-01, test_acc: 5.196e-01, test_nll: 1.812e+00)
[2023-04-08 00:11:41] [Epoch    15/  200] trn/loss 1.147e+00, trn/lr 9.871e-02, val/acc 5.184e-01, val/nll 1.811e+00
[2023-04-08 00:13:03] [Epoch    16/  200] trn/loss 1.104e+00, trn/lr 9.853e-02, val/acc 5.215e-01, val/nll 1.767e+00
[2023-04-08 00:14:36] [Epoch    17/  200] trn/loss 1.043e+00, trn/lr 9.833e-02, val/acc 5.560e-01, val/nll 1.638e+00 (best_acc: 5.231e-01 -> 5.560e-01, test_acc: 5.565e-01, test_nll: 1.650e+00)
[2023-04-08 00:15:58] [Epoch    18/  200] trn/loss 9.963e-01, trn/lr 9.812e-02, val/acc 4.944e-01, val/nll 1.948e+00
[2023-04-08 00:17:32] [Epoch    19/  200] trn/loss 9.499e-01, trn/lr 9.790e-02, val/acc 5.618e-01, val/nll 1.638e+00 (best_acc: 5.560e-01 -> 5.618e-01, test_acc: 5.659e-01, test_nll: 1.652e+00)
[2023-04-08 00:18:53] [Epoch    20/  200] trn/loss 8.980e-01, trn/lr 9.767e-02, val/acc 5.433e-01, val/nll 1.701e+00
[2023-04-08 00:20:28] [Epoch    21/  200] trn/loss 8.612e-01, trn/lr 9.743e-02, val/acc 5.658e-01, val/nll 1.604e+00 (best_acc: 5.618e-01 -> 5.658e-01, test_acc: 5.728e-01, test_nll: 1.605e+00)
[2023-04-08 00:22:02] [Epoch    22/  200] trn/loss 8.260e-01, trn/lr 9.718e-02, val/acc 5.694e-01, val/nll 1.652e+00 (best_acc: 5.658e-01 -> 5.694e-01, test_acc: 5.750e-01, test_nll: 1.664e+00)
[2023-04-08 00:23:23] [Epoch    23/  200] trn/loss 7.812e-01, trn/lr 9.691e-02, val/acc 5.652e-01, val/nll 1.602e+00
[2023-04-08 00:24:45] [Epoch    24/  200] trn/loss 7.642e-01, trn/lr 9.663e-02, val/acc 5.541e-01, val/nll 1.693e+00
[2023-04-08 00:26:07] [Epoch    25/  200] trn/loss 7.158e-01, trn/lr 9.634e-02, val/acc 5.431e-01, val/nll 1.761e+00
[2023-04-08 00:27:42] [Epoch    26/  200] trn/loss 6.981e-01, trn/lr 9.604e-02, val/acc 5.902e-01, val/nll 1.573e+00 (best_acc: 5.694e-01 -> 5.902e-01, test_acc: 5.833e-01, test_nll: 1.574e+00)
[2023-04-08 00:29:03] [Epoch    27/  200] trn/loss 6.702e-01, trn/lr 9.573e-02, val/acc 5.856e-01, val/nll 1.593e+00
[2023-04-08 00:30:25] [Epoch    28/  200] trn/loss 6.429e-01, trn/lr 9.541e-02, val/acc 5.727e-01, val/nll 1.684e+00
[2023-04-08 00:31:47] [Epoch    29/  200] trn/loss 6.318e-01, trn/lr 9.507e-02, val/acc 5.685e-01, val/nll 1.684e+00
[2023-04-08 00:33:20] [Epoch    30/  200] trn/loss 6.023e-01, trn/lr 9.473e-02, val/acc 5.931e-01, val/nll 1.579e+00 (best_acc: 5.902e-01 -> 5.931e-01, test_acc: 5.918e-01, test_nll: 1.578e+00)
[2023-04-08 00:34:55] [Epoch    31/  200] trn/loss 5.893e-01, trn/lr 9.437e-02, val/acc 6.044e-01, val/nll 1.581e+00 (best_acc: 5.931e-01 -> 6.044e-01, test_acc: 5.949e-01, test_nll: 1.631e+00)
[2023-04-08 00:36:16] [Epoch    32/  200] trn/loss 5.593e-01, trn/lr 9.400e-02, val/acc 6.022e-01, val/nll 1.545e+00
[2023-04-08 00:37:38] [Epoch    33/  200] trn/loss 5.444e-01, trn/lr 9.363e-02, val/acc 5.971e-01, val/nll 1.627e+00
[2023-04-08 00:39:00] [Epoch    34/  200] trn/loss 5.329e-01, trn/lr 9.324e-02, val/acc 5.809e-01, val/nll 1.679e+00
[2023-04-08 00:40:22] [Epoch    35/  200] trn/loss 5.138e-01, trn/lr 9.284e-02, val/acc 5.965e-01, val/nll 1.616e+00
[2023-04-08 00:41:43] [Epoch    36/  200] trn/loss 5.028e-01, trn/lr 9.243e-02, val/acc 5.779e-01, val/nll 1.712e+00
[2023-04-08 00:43:16] [Epoch    37/  200] trn/loss 4.706e-01, trn/lr 9.201e-02, val/acc 6.080e-01, val/nll 1.565e+00 (best_acc: 6.044e-01 -> 6.080e-01, test_acc: 6.116e-01, test_nll: 1.550e+00)
[2023-04-08 00:44:38] [Epoch    38/  200] trn/loss 4.686e-01, trn/lr 9.157e-02, val/acc 5.893e-01, val/nll 1.711e+00
[2023-04-08 00:45:59] [Epoch    39/  200] trn/loss 4.611e-01, trn/lr 9.113e-02, val/acc 5.396e-01, val/nll 1.991e+00
[2023-04-08 00:47:21] [Epoch    40/  200] trn/loss 4.327e-01, trn/lr 9.068e-02, val/acc 5.860e-01, val/nll 1.717e+00
[2023-04-08 00:48:43] [Epoch    41/  200] trn/loss 4.221e-01, trn/lr 9.022e-02, val/acc 5.644e-01, val/nll 1.854e+00
[2023-04-08 00:50:05] [Epoch    42/  200] trn/loss 4.095e-01, trn/lr 8.975e-02, val/acc 6.042e-01, val/nll 1.597e+00
[2023-04-08 00:51:27] [Epoch    43/  200] trn/loss 4.103e-01, trn/lr 8.927e-02, val/acc 5.678e-01, val/nll 1.900e+00
[2023-04-08 00:52:49] [Epoch    44/  200] trn/loss 3.773e-01, trn/lr 8.878e-02, val/acc 5.585e-01, val/nll 2.022e+00
[2023-04-08 00:54:10] [Epoch    45/  200] trn/loss 3.797e-01, trn/lr 8.828e-02, val/acc 5.886e-01, val/nll 1.726e+00
[2023-04-08 00:55:32] [Epoch    46/  200] trn/loss 3.625e-01, trn/lr 8.777e-02, val/acc 5.504e-01, val/nll 1.995e+00
[2023-04-08 00:56:53] [Epoch    47/  200] trn/loss 3.636e-01, trn/lr 8.725e-02, val/acc 6.004e-01, val/nll 1.704e+00
[2023-04-08 00:58:15] [Epoch    48/  200] trn/loss 3.331e-01, trn/lr 8.672e-02, val/acc 5.702e-01, val/nll 1.906e+00
[2023-04-08 00:59:37] [Epoch    49/  200] trn/loss 3.469e-01, trn/lr 8.618e-02, val/acc 6.000e-01, val/nll 1.668e+00
[2023-04-08 01:00:58] [Epoch    50/  200] trn/loss 3.282e-01, trn/lr 8.563e-02, val/acc 5.808e-01, val/nll 1.787e+00
[2023-04-08 01:02:20] [Epoch    51/  200] trn/loss 3.299e-01, trn/lr 8.508e-02, val/acc 5.950e-01, val/nll 1.785e+00
[2023-04-08 01:03:42] [Epoch    52/  200] trn/loss 3.192e-01, trn/lr 8.451e-02, val/acc 6.004e-01, val/nll 1.746e+00
[2023-04-08 01:05:16] [Epoch    53/  200] trn/loss 2.958e-01, trn/lr 8.394e-02, val/acc 6.095e-01, val/nll 1.667e+00 (best_acc: 6.080e-01 -> 6.095e-01, test_acc: 6.061e-01, test_nll: 1.670e+00)
[2023-04-08 01:06:49] [Epoch    54/  200] trn/loss 2.882e-01, trn/lr 8.336e-02, val/acc 6.155e-01, val/nll 1.599e+00 (best_acc: 6.095e-01 -> 6.155e-01, test_acc: 6.129e-01, test_nll: 1.642e+00)
[2023-04-08 01:08:11] [Epoch    55/  200] trn/loss 2.754e-01, trn/lr 8.277e-02, val/acc 5.989e-01, val/nll 1.748e+00
[2023-04-08 01:09:32] [Epoch    56/  200] trn/loss 3.017e-01, trn/lr 8.217e-02, val/acc 6.028e-01, val/nll 1.709e+00
[2023-04-08 01:10:54] [Epoch    57/  200] trn/loss 2.952e-01, trn/lr 8.157e-02, val/acc 5.705e-01, val/nll 1.893e+00
[2023-04-08 01:12:16] [Epoch    58/  200] trn/loss 2.729e-01, trn/lr 8.096e-02, val/acc 5.720e-01, val/nll 1.891e+00
[2023-04-08 01:13:37] [Epoch    59/  200] trn/loss 2.681e-01, trn/lr 8.034e-02, val/acc 5.816e-01, val/nll 1.852e+00
[2023-04-08 01:14:59] [Epoch    60/  200] trn/loss 2.560e-01, trn/lr 7.971e-02, val/acc 5.969e-01, val/nll 1.751e+00
[2023-04-08 01:16:20] [Epoch    61/  200] trn/loss 2.406e-01, trn/lr 7.907e-02, val/acc 5.942e-01, val/nll 1.796e+00
[2023-04-08 01:17:42] [Epoch    62/  200] trn/loss 2.496e-01, trn/lr 7.843e-02, val/acc 5.709e-01, val/nll 1.980e+00
[2023-04-08 01:19:03] [Epoch    63/  200] trn/loss 2.376e-01, trn/lr 7.778e-02, val/acc 6.086e-01, val/nll 1.673e+00
[2023-04-08 01:20:25] [Epoch    64/  200] trn/loss 2.451e-01, trn/lr 7.712e-02, val/acc 6.062e-01, val/nll 1.640e+00
[2023-04-08 01:21:47] [Epoch    65/  200] trn/loss 2.249e-01, trn/lr 7.646e-02, val/acc 5.791e-01, val/nll 1.872e+00
[2023-04-08 01:23:21] [Epoch    66/  200] trn/loss 2.406e-01, trn/lr 7.579e-02, val/acc 6.219e-01, val/nll 1.661e+00 (best_acc: 6.155e-01 -> 6.219e-01, test_acc: 6.278e-01, test_nll: 1.621e+00)
[2023-04-08 01:24:42] [Epoch    67/  200] trn/loss 2.136e-01, trn/lr 7.512e-02, val/acc 5.770e-01, val/nll 1.896e+00
[2023-04-08 01:26:04] [Epoch    68/  200] trn/loss 2.022e-01, trn/lr 7.443e-02, val/acc 5.819e-01, val/nll 1.904e+00
[2023-04-08 01:27:25] [Epoch    69/  200] trn/loss 2.097e-01, trn/lr 7.374e-02, val/acc 6.218e-01, val/nll 1.573e+00
[2023-04-08 01:28:47] [Epoch    70/  200] trn/loss 2.009e-01, trn/lr 7.305e-02, val/acc 5.843e-01, val/nll 1.895e+00
[2023-04-08 01:30:08] [Epoch    71/  200] trn/loss 2.146e-01, trn/lr 7.235e-02, val/acc 5.934e-01, val/nll 1.797e+00
[2023-04-08 01:31:30] [Epoch    72/  200] trn/loss 2.150e-01, trn/lr 7.165e-02, val/acc 5.563e-01, val/nll 2.007e+00
[2023-04-08 01:32:52] [Epoch    73/  200] trn/loss 2.066e-01, trn/lr 7.093e-02, val/acc 5.889e-01, val/nll 1.856e+00
[2023-04-08 01:34:13] [Epoch    74/  200] trn/loss 1.918e-01, trn/lr 7.022e-02, val/acc 5.760e-01, val/nll 1.903e+00
[2023-04-08 01:35:35] [Epoch    75/  200] trn/loss 2.022e-01, trn/lr 6.950e-02, val/acc 5.979e-01, val/nll 1.736e+00
[2023-04-08 01:36:56] [Epoch    76/  200] trn/loss 1.880e-01, trn/lr 6.877e-02, val/acc 5.850e-01, val/nll 1.927e+00
[2023-04-08 01:38:18] [Epoch    77/  200] trn/loss 1.715e-01, trn/lr 6.804e-02, val/acc 6.074e-01, val/nll 1.675e+00
[2023-04-08 01:39:39] [Epoch    78/  200] trn/loss 1.598e-01, trn/lr 6.731e-02, val/acc 5.917e-01, val/nll 1.802e+00
[2023-04-08 01:41:12] [Epoch    79/  200] trn/loss 1.642e-01, trn/lr 6.657e-02, val/acc 6.250e-01, val/nll 1.650e+00 (best_acc: 6.219e-01 -> 6.250e-01, test_acc: 6.313e-01, test_nll: 1.639e+00)
[2023-04-08 01:42:34] [Epoch    80/  200] trn/loss 1.616e-01, trn/lr 6.583e-02, val/acc 6.181e-01, val/nll 1.681e+00
[2023-04-08 01:43:55] [Epoch    81/  200] trn/loss 1.668e-01, trn/lr 6.508e-02, val/acc 6.187e-01, val/nll 1.729e+00
[2023-04-08 01:45:17] [Epoch    82/  200] trn/loss 1.672e-01, trn/lr 6.433e-02, val/acc 6.008e-01, val/nll 1.781e+00
[2023-04-08 01:46:39] [Epoch    83/  200] trn/loss 1.552e-01, trn/lr 6.357e-02, val/acc 6.157e-01, val/nll 1.670e+00
[2023-04-08 01:48:00] [Epoch    84/  200] trn/loss 1.593e-01, trn/lr 6.282e-02, val/acc 6.243e-01, val/nll 1.733e+00
[2023-04-08 01:49:22] [Epoch    85/  200] trn/loss 1.597e-01, trn/lr 6.206e-02, val/acc 5.865e-01, val/nll 1.814e+00
[2023-04-08 01:50:55] [Epoch    86/  200] trn/loss 1.316e-01, trn/lr 6.129e-02, val/acc 6.555e-01, val/nll 1.485e+00 (best_acc: 6.250e-01 -> 6.555e-01, test_acc: 6.623e-01, test_nll: 1.450e+00)
[2023-04-08 01:52:16] [Epoch    87/  200] trn/loss 1.309e-01, trn/lr 6.053e-02, val/acc 6.305e-01, val/nll 1.651e+00
[2023-04-08 01:53:38] [Epoch    88/  200] trn/loss 1.472e-01, trn/lr 5.976e-02, val/acc 6.070e-01, val/nll 1.925e+00
[2023-04-08 01:54:59] [Epoch    89/  200] trn/loss 1.617e-01, trn/lr 5.899e-02, val/acc 6.088e-01, val/nll 1.727e+00
[2023-04-08 01:56:21] [Epoch    90/  200] trn/loss 1.362e-01, trn/lr 5.821e-02, val/acc 6.299e-01, val/nll 1.674e+00
[2023-04-08 01:57:42] [Epoch    91/  200] trn/loss 1.277e-01, trn/lr 5.744e-02, val/acc 5.955e-01, val/nll 1.852e+00
[2023-04-08 01:59:04] [Epoch    92/  200] trn/loss 1.509e-01, trn/lr 5.666e-02, val/acc 6.054e-01, val/nll 1.760e+00
[2023-04-08 02:00:25] [Epoch    93/  200] trn/loss 1.342e-01, trn/lr 5.588e-02, val/acc 6.341e-01, val/nll 1.602e+00
[2023-04-08 02:01:58] [Epoch    94/  200] trn/loss 1.365e-01, trn/lr 5.510e-02, val/acc 6.600e-01, val/nll 1.480e+00 (best_acc: 6.555e-01 -> 6.600e-01, test_acc: 6.623e-01, test_nll: 1.476e+00)
[2023-04-08 02:03:20] [Epoch    95/  200] trn/loss 1.048e-01, trn/lr 5.432e-02, val/acc 5.946e-01, val/nll 1.894e+00
[2023-04-08 02:04:41] [Epoch    96/  200] trn/loss 1.127e-01, trn/lr 5.353e-02, val/acc 6.263e-01, val/nll 1.706e+00
[2023-04-08 02:06:03] [Epoch    97/  200] trn/loss 1.308e-01, trn/lr 5.275e-02, val/acc 6.587e-01, val/nll 1.508e+00
[2023-04-08 02:07:24] [Epoch    98/  200] trn/loss 1.207e-01, trn/lr 5.197e-02, val/acc 6.027e-01, val/nll 1.806e+00
[2023-04-08 02:08:46] [Epoch    99/  200] trn/loss 1.098e-01, trn/lr 5.118e-02, val/acc 6.569e-01, val/nll 1.510e+00
[2023-04-08 02:10:19] [Epoch   100/  200] trn/loss 1.048e-01, trn/lr 5.040e-02, val/acc 6.690e-01, val/nll 1.449e+00 (best_acc: 6.600e-01 -> 6.690e-01, test_acc: 6.763e-01, test_nll: 1.416e+00)
[2023-04-08 02:11:40] [Epoch   101/  200] trn/loss 9.309e-02, trn/lr 4.961e-02, val/acc 6.507e-01, val/nll 1.623e+00
[2023-04-08 02:13:02] [Epoch   102/  200] trn/loss 1.103e-01, trn/lr 4.882e-02, val/acc 6.602e-01, val/nll 1.497e+00
[2023-04-08 02:14:23] [Epoch   103/  200] trn/loss 8.661e-02, trn/lr 4.804e-02, val/acc 6.329e-01, val/nll 1.625e+00
[2023-04-08 02:15:44] [Epoch   104/  200] trn/loss 9.549e-02, trn/lr 4.725e-02, val/acc 6.366e-01, val/nll 1.696e+00
[2023-04-08 02:17:06] [Epoch   105/  200] trn/loss 7.914e-02, trn/lr 4.647e-02, val/acc 6.622e-01, val/nll 1.471e+00
[2023-04-08 02:18:27] [Epoch   106/  200] trn/loss 9.139e-02, trn/lr 4.569e-02, val/acc 6.500e-01, val/nll 1.582e+00
[2023-04-08 02:19:49] [Epoch   107/  200] trn/loss 9.901e-02, trn/lr 4.491e-02, val/acc 6.631e-01, val/nll 1.518e+00
[2023-04-08 02:21:10] [Epoch   108/  200] trn/loss 7.611e-02, trn/lr 4.413e-02, val/acc 6.566e-01, val/nll 1.497e+00
[2023-04-08 02:22:44] [Epoch   109/  200] trn/loss 8.981e-02, trn/lr 4.335e-02, val/acc 6.733e-01, val/nll 1.435e+00 (best_acc: 6.690e-01 -> 6.733e-01, test_acc: 6.726e-01, test_nll: 1.446e+00)
[2023-04-08 02:24:05] [Epoch   110/  200] trn/loss 8.509e-02, trn/lr 4.257e-02, val/acc 6.631e-01, val/nll 1.541e+00
[2023-04-08 02:25:27] [Epoch   111/  200] trn/loss 8.452e-02, trn/lr 4.179e-02, val/acc 6.174e-01, val/nll 1.832e+00
[2023-04-08 02:26:48] [Epoch   112/  200] trn/loss 7.154e-02, trn/lr 4.102e-02, val/acc 6.514e-01, val/nll 1.613e+00
[2023-04-08 02:28:21] [Epoch   113/  200] trn/loss 8.933e-02, trn/lr 4.025e-02, val/acc 6.847e-01, val/nll 1.390e+00 (best_acc: 6.733e-01 -> 6.847e-01, test_acc: 6.887e-01, test_nll: 1.381e+00)
[2023-04-08 02:29:42] [Epoch   114/  200] trn/loss 7.937e-02, trn/lr 3.948e-02, val/acc 6.647e-01, val/nll 1.499e+00
[2023-04-08 02:31:04] [Epoch   115/  200] trn/loss 6.016e-02, trn/lr 3.871e-02, val/acc 6.796e-01, val/nll 1.444e+00
[2023-04-08 02:32:25] [Epoch   116/  200] trn/loss 5.675e-02, trn/lr 3.795e-02, val/acc 6.594e-01, val/nll 1.519e+00
[2023-04-08 02:33:58] [Epoch   117/  200] trn/loss 6.720e-02, trn/lr 3.719e-02, val/acc 6.939e-01, val/nll 1.331e+00 (best_acc: 6.847e-01 -> 6.939e-01, test_acc: 7.014e-01, test_nll: 1.298e+00)
[2023-04-08 02:35:20] [Epoch   118/  200] trn/loss 5.810e-02, trn/lr 3.643e-02, val/acc 6.915e-01, val/nll 1.375e+00
[2023-04-08 02:36:41] [Epoch   119/  200] trn/loss 5.768e-02, trn/lr 3.568e-02, val/acc 6.887e-01, val/nll 1.354e+00
[2023-04-08 02:38:03] [Epoch   120/  200] trn/loss 5.037e-02, trn/lr 3.493e-02, val/acc 6.879e-01, val/nll 1.405e+00
[2023-04-08 02:39:25] [Epoch   121/  200] trn/loss 5.167e-02, trn/lr 3.418e-02, val/acc 6.655e-01, val/nll 1.503e+00
[2023-04-08 02:40:58] [Epoch   122/  200] trn/loss 5.164e-02, trn/lr 3.344e-02, val/acc 7.017e-01, val/nll 1.332e+00 (best_acc: 6.939e-01 -> 7.017e-01, test_acc: 7.070e-01, test_nll: 1.291e+00)
[2023-04-08 02:42:19] [Epoch   123/  200] trn/loss 3.816e-02, trn/lr 3.270e-02, val/acc 6.649e-01, val/nll 1.502e+00
[2023-04-08 02:43:52] [Epoch   124/  200] trn/loss 4.596e-02, trn/lr 3.196e-02, val/acc 7.040e-01, val/nll 1.325e+00 (best_acc: 7.017e-01 -> 7.040e-01, test_acc: 7.064e-01, test_nll: 1.336e+00)
[2023-04-08 02:45:14] [Epoch   125/  200] trn/loss 3.708e-02, trn/lr 3.123e-02, val/acc 7.024e-01, val/nll 1.338e+00
[2023-04-08 02:46:35] [Epoch   126/  200] trn/loss 3.235e-02, trn/lr 3.051e-02, val/acc 7.000e-01, val/nll 1.320e+00
[2023-04-08 02:48:08] [Epoch   127/  200] trn/loss 3.161e-02, trn/lr 2.979e-02, val/acc 7.067e-01, val/nll 1.296e+00 (best_acc: 7.040e-01 -> 7.067e-01, test_acc: 7.168e-01, test_nll: 1.276e+00)
[2023-04-08 02:49:41] [Epoch   128/  200] trn/loss 3.116e-02, trn/lr 2.907e-02, val/acc 7.179e-01, val/nll 1.269e+00 (best_acc: 7.067e-01 -> 7.179e-01, test_acc: 7.211e-01, test_nll: 1.237e+00)
[2023-04-08 02:51:02] [Epoch   129/  200] trn/loss 4.253e-02, trn/lr 2.836e-02, val/acc 6.777e-01, val/nll 1.452e+00
[2023-04-08 02:52:24] [Epoch   130/  200] trn/loss 5.169e-02, trn/lr 2.765e-02, val/acc 7.020e-01, val/nll 1.318e+00
[2023-04-08 02:53:45] [Epoch   131/  200] trn/loss 3.627e-02, trn/lr 2.695e-02, val/acc 7.051e-01, val/nll 1.315e+00
[2023-04-08 02:55:18] [Epoch   132/  200] trn/loss 2.511e-02, trn/lr 2.626e-02, val/acc 7.420e-01, val/nll 1.135e+00 (best_acc: 7.179e-01 -> 7.420e-01, test_acc: 7.414e-01, test_nll: 1.139e+00)
[2023-04-08 02:56:40] [Epoch   133/  200] trn/loss 2.114e-02, trn/lr 2.557e-02, val/acc 7.200e-01, val/nll 1.259e+00
[2023-04-08 02:58:13] [Epoch   134/  200] trn/loss 1.792e-02, trn/lr 2.489e-02, val/acc 7.571e-01, val/nll 1.066e+00 (best_acc: 7.420e-01 -> 7.571e-01, test_acc: 7.598e-01, test_nll: 1.053e+00)
[2023-04-08 02:59:35] [Epoch   135/  200] trn/loss 1.282e-02, trn/lr 2.421e-02, val/acc 7.509e-01, val/nll 1.095e+00
[2023-04-08 03:00:56] [Epoch   136/  200] trn/loss 1.167e-02, trn/lr 2.354e-02, val/acc 7.415e-01, val/nll 1.156e+00
[2023-04-08 03:02:29] [Epoch   137/  200] trn/loss 1.252e-02, trn/lr 2.288e-02, val/acc 7.603e-01, val/nll 1.057e+00 (best_acc: 7.571e-01 -> 7.603e-01, test_acc: 7.649e-01, test_nll: 1.042e+00)
[2023-04-08 03:03:50] [Epoch   138/  200] trn/loss 1.515e-02, trn/lr 2.222e-02, val/acc 7.450e-01, val/nll 1.130e+00
[2023-04-08 03:05:11] [Epoch   139/  200] trn/loss 1.202e-02, trn/lr 2.157e-02, val/acc 7.503e-01, val/nll 1.104e+00
[2023-04-08 03:06:33] [Epoch   140/  200] trn/loss 1.160e-02, trn/lr 2.093e-02, val/acc 7.563e-01, val/nll 1.068e+00
[2023-04-08 03:07:54] [Epoch   141/  200] trn/loss 1.628e-02, trn/lr 2.030e-02, val/acc 7.549e-01, val/nll 1.067e+00
[2023-04-08 03:09:15] [Epoch   142/  200] trn/loss 1.452e-02, trn/lr 1.967e-02, val/acc 7.487e-01, val/nll 1.089e+00
[2023-04-08 03:10:37] [Epoch   143/  200] trn/loss 1.243e-02, trn/lr 1.905e-02, val/acc 7.567e-01, val/nll 1.060e+00
[2023-04-08 03:11:59] [Epoch   144/  200] trn/loss 1.665e-02, trn/lr 1.843e-02, val/acc 7.406e-01, val/nll 1.128e+00
[2023-04-08 03:13:20] [Epoch   145/  200] trn/loss 1.482e-02, trn/lr 1.783e-02, val/acc 7.550e-01, val/nll 1.071e+00
[2023-04-08 03:14:42] [Epoch   146/  200] trn/loss 1.430e-02, trn/lr 1.723e-02, val/acc 7.577e-01, val/nll 1.053e+00
[2023-04-08 03:16:14] [Epoch   147/  200] trn/loss 1.170e-02, trn/lr 1.664e-02, val/acc 7.632e-01, val/nll 1.032e+00 (best_acc: 7.603e-01 -> 7.632e-01, test_acc: 7.636e-01, test_nll: 1.042e+00)
[2023-04-08 03:17:48] [Epoch   148/  200] trn/loss 1.036e-02, trn/lr 1.606e-02, val/acc 7.657e-01, val/nll 1.022e+00 (best_acc: 7.632e-01 -> 7.657e-01, test_acc: 7.665e-01, test_nll: 1.023e+00)
[2023-04-08 03:19:21] [Epoch   149/  200] trn/loss 9.708e-03, trn/lr 1.549e-02, val/acc 7.663e-01, val/nll 1.020e+00 (best_acc: 7.657e-01 -> 7.663e-01, test_acc: 7.673e-01, test_nll: 1.022e+00)
[2023-04-08 03:20:54] [Epoch   150/  200] trn/loss 9.615e-03, trn/lr 1.493e-02, val/acc 7.691e-01, val/nll 1.014e+00 (best_acc: 7.663e-01 -> 7.691e-01, test_acc: 7.676e-01, test_nll: 1.017e+00)
[2023-04-08 03:22:16] [Epoch   151/  200] trn/loss 9.797e-03, trn/lr 1.437e-02, val/acc 7.690e-01, val/nll 1.020e+00
[2023-04-08 03:23:37] [Epoch   152/  200] trn/loss 9.858e-03, trn/lr 1.382e-02, val/acc 7.690e-01, val/nll 1.013e+00
[2023-04-08 03:25:10] [Epoch   153/  200] trn/loss 9.835e-03, trn/lr 1.329e-02, val/acc 7.712e-01, val/nll 1.016e+00 (best_acc: 7.691e-01 -> 7.712e-01, test_acc: 7.698e-01, test_nll: 1.015e+00)
[2023-04-08 03:26:31] [Epoch   154/  200] trn/loss 9.912e-03, trn/lr 1.276e-02, val/acc 7.711e-01, val/nll 1.019e+00
[2023-04-08 03:27:53] [Epoch   155/  200] trn/loss 9.894e-03, trn/lr 1.224e-02, val/acc 7.706e-01, val/nll 1.019e+00
[2023-04-08 03:29:14] [Epoch   156/  200] trn/loss 1.009e-02, trn/lr 1.173e-02, val/acc 7.696e-01, val/nll 1.018e+00
[2023-04-08 03:30:36] [Epoch   157/  200] trn/loss 1.016e-02, trn/lr 1.123e-02, val/acc 7.696e-01, val/nll 1.018e+00
[2023-04-08 03:32:09] [Epoch   158/  200] trn/loss 1.026e-02, trn/lr 1.074e-02, val/acc 7.740e-01, val/nll 1.015e+00 (best_acc: 7.712e-01 -> 7.740e-01, test_acc: 7.714e-01, test_nll: 1.014e+00)
[2023-04-08 03:33:30] [Epoch   159/  200] trn/loss 1.025e-02, trn/lr 1.025e-02, val/acc 7.717e-01, val/nll 1.022e+00
[2023-04-08 03:34:51] [Epoch   160/  200] trn/loss 1.039e-02, trn/lr 9.783e-03, val/acc 7.680e-01, val/nll 1.030e+00
[2023-04-08 03:36:13] [Epoch   161/  200] trn/loss 1.064e-02, trn/lr 9.321e-03, val/acc 7.688e-01, val/nll 1.036e+00
[2023-04-08 03:37:34] [Epoch   162/  200] trn/loss 1.062e-02, trn/lr 8.870e-03, val/acc 7.716e-01, val/nll 1.024e+00
[2023-04-08 03:38:56] [Epoch   163/  200] trn/loss 1.073e-02, trn/lr 8.428e-03, val/acc 7.704e-01, val/nll 1.028e+00
[2023-04-08 03:40:17] [Epoch   164/  200] trn/loss 1.048e-02, trn/lr 7.997e-03, val/acc 7.710e-01, val/nll 1.027e+00
[2023-04-08 03:41:39] [Epoch   165/  200] trn/loss 1.047e-02, trn/lr 7.576e-03, val/acc 7.690e-01, val/nll 1.037e+00
[2023-04-08 03:43:00] [Epoch   166/  200] trn/loss 1.057e-02, trn/lr 7.166e-03, val/acc 7.701e-01, val/nll 1.029e+00
[2023-04-08 03:44:21] [Epoch   167/  200] trn/loss 1.068e-02, trn/lr 6.766e-03, val/acc 7.709e-01, val/nll 1.030e+00
[2023-04-08 03:45:43] [Epoch   168/  200] trn/loss 1.088e-02, trn/lr 6.377e-03, val/acc 7.708e-01, val/nll 1.034e+00
[2023-04-08 03:47:04] [Epoch   169/  200] trn/loss 1.075e-02, trn/lr 5.998e-03, val/acc 7.725e-01, val/nll 1.034e+00
[2023-04-08 03:48:26] [Epoch   170/  200] trn/loss 1.089e-02, trn/lr 5.631e-03, val/acc 7.691e-01, val/nll 1.044e+00
[2023-04-08 03:49:47] [Epoch   171/  200] trn/loss 1.076e-02, trn/lr 5.274e-03, val/acc 7.706e-01, val/nll 1.036e+00
[2023-04-08 03:51:08] [Epoch   172/  200] trn/loss 1.073e-02, trn/lr 4.929e-03, val/acc 7.687e-01, val/nll 1.058e+00
[2023-04-08 03:52:29] [Epoch   173/  200] trn/loss 1.097e-02, trn/lr 4.594e-03, val/acc 7.692e-01, val/nll 1.036e+00
[2023-04-08 03:53:51] [Epoch   174/  200] trn/loss 1.090e-02, trn/lr 4.271e-03, val/acc 7.701e-01, val/nll 1.036e+00
[2023-04-08 03:55:12] [Epoch   175/  200] trn/loss 1.087e-02, trn/lr 3.959e-03, val/acc 7.722e-01, val/nll 1.041e+00
[2023-04-08 03:56:33] [Epoch   176/  200] trn/loss 1.099e-02, trn/lr 3.659e-03, val/acc 7.709e-01, val/nll 1.040e+00
[2023-04-08 03:57:55] [Epoch   177/  200] trn/loss 1.093e-02, trn/lr 3.369e-03, val/acc 7.695e-01, val/nll 1.040e+00
[2023-04-08 03:59:16] [Epoch   178/  200] trn/loss 1.087e-02, trn/lr 3.092e-03, val/acc 7.706e-01, val/nll 1.039e+00
[2023-04-08 04:00:38] [Epoch   179/  200] trn/loss 1.089e-02, trn/lr 2.826e-03, val/acc 7.699e-01, val/nll 1.039e+00
[2023-04-08 04:01:59] [Epoch   180/  200] trn/loss 1.104e-02, trn/lr 2.571e-03, val/acc 7.712e-01, val/nll 1.043e+00
[2023-04-08 04:03:20] [Epoch   181/  200] trn/loss 1.087e-02, trn/lr 2.329e-03, val/acc 7.705e-01, val/nll 1.040e+00
[2023-04-08 04:04:42] [Epoch   182/  200] trn/loss 1.096e-02, trn/lr 2.098e-03, val/acc 7.704e-01, val/nll 1.044e+00
[2023-04-08 04:06:03] [Epoch   183/  200] trn/loss 1.094e-02, trn/lr 1.878e-03, val/acc 7.689e-01, val/nll 1.040e+00
[2023-04-08 04:07:24] [Epoch   184/  200] trn/loss 1.090e-02, trn/lr 1.671e-03, val/acc 7.708e-01, val/nll 1.043e+00
[2023-04-08 04:08:46] [Epoch   185/  200] trn/loss 1.106e-02, trn/lr 1.476e-03, val/acc 7.695e-01, val/nll 1.041e+00
[2023-04-08 04:10:07] [Epoch   186/  200] trn/loss 1.097e-02, trn/lr 1.292e-03, val/acc 7.685e-01, val/nll 1.043e+00
[2023-04-08 04:11:29] [Epoch   187/  200] trn/loss 1.099e-02, trn/lr 1.121e-03, val/acc 7.698e-01, val/nll 1.042e+00
[2023-04-08 04:12:50] [Epoch   188/  200] trn/loss 1.103e-02, trn/lr 9.617e-04, val/acc 7.712e-01, val/nll 1.041e+00
[2023-04-08 04:14:12] [Epoch   189/  200] trn/loss 1.102e-02, trn/lr 8.145e-04, val/acc 7.708e-01, val/nll 1.041e+00
[2023-04-08 04:15:33] [Epoch   190/  200] trn/loss 1.089e-02, trn/lr 6.794e-04, val/acc 7.705e-01, val/nll 1.039e+00
[2023-04-08 04:16:54] [Epoch   191/  200] trn/loss 1.090e-02, trn/lr 5.565e-04, val/acc 7.701e-01, val/nll 1.043e+00
[2023-04-08 04:18:16] [Epoch   192/  200] trn/loss 1.098e-02, trn/lr 4.458e-04, val/acc 7.702e-01, val/nll 1.042e+00
[2023-04-08 04:19:37] [Epoch   193/  200] trn/loss 1.103e-02, trn/lr 3.474e-04, val/acc 7.700e-01, val/nll 1.044e+00
[2023-04-08 04:20:58] [Epoch   194/  200] trn/loss 1.108e-02, trn/lr 2.612e-04, val/acc 7.706e-01, val/nll 1.042e+00
[2023-04-08 04:22:19] [Epoch   195/  200] trn/loss 1.099e-02, trn/lr 1.872e-04, val/acc 7.707e-01, val/nll 1.043e+00
[2023-04-08 04:23:40] [Epoch   196/  200] trn/loss 1.092e-02, trn/lr 1.255e-04, val/acc 7.698e-01, val/nll 1.043e+00
[2023-04-08 04:25:02] [Epoch   197/  200] trn/loss 1.087e-02, trn/lr 7.619e-05, val/acc 7.719e-01, val/nll 1.043e+00
[2023-04-08 04:26:23] [Epoch   198/  200] trn/loss 1.097e-02, trn/lr 3.916e-05, val/acc 7.697e-01, val/nll 1.041e+00
[2023-04-08 04:27:45] [Epoch   199/  200] trn/loss 1.095e-02, trn/lr 1.445e-05, val/acc 7.696e-01, val/nll 1.043e+00
[2023-04-08 04:29:06] [Epoch   200/  200] trn/loss 1.094e-02, trn/lr 2.075e-06, val/acc 7.696e-01, val/nll 1.042e+00
