[2023-02-19 22:55:15] Environments:
------------  ------------------------------------------------------------
sys.platform  linux
Python        3.8.10 (default, Nov 14 2022, 12:59:47) [GCC 9.4.0]
JAX           0.4.2 @/home/giung/.local/lib/python3.8/site-packages/jax
jaxlib        0.4.2 @/home/giung/.local/lib/python3.8/site-packages/jaxlib
Flax          0.6.4 @/home/giung/.local/lib/python3.8/site-packages/flax
Optax         0.1.4 @/home/giung/.local/lib/python3.8/site-packages/optax
------------  ------------------------------------------------------------

[2023-02-19 22:55:15] Command line arguments:
- args.data_root          : ./data/
- args.data_name          : CIFAR10_x32
- args.data_augmentation  : standard
- args.data_proportional  : 1.0
- args.model_depth        : 20
- args.model_width        : 4
- args.model_style        : BN-ReLU
- args.optim_bs           : 256
- args.optim_ne           : 200
- args.optim_lr           : 0.3
- args.optim_momentum     : 0.7
- args.optim_weight_decay : 0.0001
- args.rho                : 0.1
- args.save               : /home/giung/giung2-dev/projects/sam/save/CIFAR10_x32/R20x4-BN-ReLU/ASAM/bs-0256_ne-0200_lr-0.30_mo-0.70_wd-0.0001_rho-0.1000_fp32/42
- args.seed               : 42
- args.precision          : fp32

[2023-02-19 22:55:29] Multiple local devices are detected:
[TpuDevice(id=0, process_index=0, coords=(0,0,0), core_on_chip=0), TpuDevice(id=1, process_index=0, coords=(0,0,0), core_on_chip=1), TpuDevice(id=2, process_index=0, coords=(1,0,0), core_on_chip=0), TpuDevice(id=3, process_index=0, coords=(1,0,0), core_on_chip=1), TpuDevice(id=4, process_index=0, coords=(0,1,0), core_on_chip=0), TpuDevice(id=5, process_index=0, coords=(0,1,0), core_on_chip=1), TpuDevice(id=6, process_index=0, coords=(1,1,0), core_on_chip=0), TpuDevice(id=7, process_index=0, coords=(1,1,0), core_on_chip=1)]

[2023-02-19 22:56:31] [Epoch     1/  200] trn/loss 2.673e+00, trn/lr 3.000e-01, val/acc 1.622e-01, val/nll 2.265e+00 (best_acc: 0.000e+00 -> 1.622e-01, test_acc: 1.660e-01, test_nll: 2.262e+00)
[2023-02-19 22:56:39] [Epoch     2/  200] trn/loss 2.044e+00, trn/lr 3.000e-01, val/acc 2.787e-01, val/nll 1.856e+00 (best_acc: 1.622e-01 -> 2.787e-01, test_acc: 2.834e-01, test_nll: 1.850e+00)
[2023-02-19 22:56:47] [Epoch     3/  200] trn/loss 1.719e+00, trn/lr 2.999e-01, val/acc 3.921e-01, val/nll 1.588e+00 (best_acc: 2.787e-01 -> 3.921e-01, test_acc: 3.966e-01, test_nll: 1.584e+00)
[2023-02-19 22:56:55] [Epoch     4/  200] trn/loss 1.514e+00, trn/lr 2.998e-01, val/acc 4.631e-01, val/nll 1.513e+00 (best_acc: 3.921e-01 -> 4.631e-01, test_acc: 4.685e-01, test_nll: 1.511e+00)
[2023-02-19 22:57:03] [Epoch     5/  200] trn/loss 1.304e+00, trn/lr 2.996e-01, val/acc 5.303e-01, val/nll 1.332e+00 (best_acc: 4.631e-01 -> 5.303e-01, test_acc: 5.238e-01, test_nll: 1.351e+00)
[2023-02-19 22:57:11] [Epoch     6/  200] trn/loss 1.105e+00, trn/lr 2.994e-01, val/acc 5.982e-01, val/nll 1.162e+00 (best_acc: 5.303e-01 -> 5.982e-01, test_acc: 6.015e-01, test_nll: 1.170e+00)
[2023-02-19 22:57:19] [Epoch     7/  200] trn/loss 9.635e-01, trn/lr 2.992e-01, val/acc 6.509e-01, val/nll 1.036e+00 (best_acc: 5.982e-01 -> 6.509e-01, test_acc: 6.393e-01, test_nll: 1.054e+00)
[2023-02-19 22:57:27] [Epoch     8/  200] trn/loss 8.363e-01, trn/lr 2.990e-01, val/acc 6.605e-01, val/nll 1.020e+00 (best_acc: 6.509e-01 -> 6.605e-01, test_acc: 6.665e-01, test_nll: 1.024e+00)
[2023-02-19 22:57:35] [Epoch     9/  200] trn/loss 7.237e-01, trn/lr 2.987e-01, val/acc 7.539e-01, val/nll 7.233e-01 (best_acc: 6.605e-01 -> 7.539e-01, test_acc: 7.447e-01, test_nll: 7.372e-01)
[2023-02-19 22:57:43] [Epoch    10/  200] trn/loss 6.495e-01, trn/lr 2.983e-01, val/acc 7.698e-01, val/nll 6.665e-01 (best_acc: 7.539e-01 -> 7.698e-01, test_acc: 7.626e-01, test_nll: 6.811e-01)
[2023-02-19 22:57:51] [Epoch    11/  200] trn/loss 5.849e-01, trn/lr 2.980e-01, val/acc 7.892e-01, val/nll 6.165e-01 (best_acc: 7.698e-01 -> 7.892e-01, test_acc: 7.877e-01, test_nll: 6.244e-01)
[2023-02-19 22:57:59] [Epoch    12/  200] trn/loss 5.314e-01, trn/lr 2.976e-01, val/acc 7.952e-01, val/nll 6.061e-01 (best_acc: 7.892e-01 -> 7.952e-01, test_acc: 7.926e-01, test_nll: 6.189e-01)
[2023-02-19 22:58:07] [Epoch    13/  200] trn/loss 4.949e-01, trn/lr 2.971e-01, val/acc 8.125e-01, val/nll 5.671e-01 (best_acc: 7.952e-01 -> 8.125e-01, test_acc: 8.101e-01, test_nll: 5.740e-01)
[2023-02-19 22:58:14] [Epoch    14/  200] trn/loss 4.590e-01, trn/lr 2.966e-01, val/acc 8.149e-01, val/nll 5.500e-01 (best_acc: 8.125e-01 -> 8.149e-01, test_acc: 8.083e-01, test_nll: 5.793e-01)
[2023-02-19 22:58:22] [Epoch    15/  200] trn/loss 4.229e-01, trn/lr 2.961e-01, val/acc 8.065e-01, val/nll 5.603e-01
[2023-02-19 22:58:30] [Epoch    16/  200] trn/loss 3.965e-01, trn/lr 2.956e-01, val/acc 8.361e-01, val/nll 5.270e-01 (best_acc: 8.149e-01 -> 8.361e-01, test_acc: 8.296e-01, test_nll: 5.485e-01)
[2023-02-19 22:58:37] [Epoch    17/  200] trn/loss 3.650e-01, trn/lr 2.950e-01, val/acc 8.228e-01, val/nll 5.595e-01
[2023-02-19 22:58:45] [Epoch    18/  200] trn/loss 3.436e-01, trn/lr 2.944e-01, val/acc 8.427e-01, val/nll 4.786e-01 (best_acc: 8.361e-01 -> 8.427e-01, test_acc: 8.432e-01, test_nll: 4.898e-01)
[2023-02-19 22:58:53] [Epoch    19/  200] trn/loss 3.231e-01, trn/lr 2.937e-01, val/acc 8.515e-01, val/nll 4.430e-01 (best_acc: 8.427e-01 -> 8.515e-01, test_acc: 8.488e-01, test_nll: 4.691e-01)
[2023-02-19 22:59:01] [Epoch    20/  200] trn/loss 3.081e-01, trn/lr 2.930e-01, val/acc 8.570e-01, val/nll 4.392e-01 (best_acc: 8.515e-01 -> 8.570e-01, test_acc: 8.559e-01, test_nll: 4.353e-01)
[2023-02-19 22:59:08] [Epoch    21/  200] trn/loss 2.832e-01, trn/lr 2.923e-01, val/acc 8.418e-01, val/nll 4.948e-01
[2023-02-19 22:59:15] [Epoch    22/  200] trn/loss 2.693e-01, trn/lr 2.915e-01, val/acc 8.337e-01, val/nll 5.252e-01
[2023-02-19 22:59:23] [Epoch    23/  200] trn/loss 2.601e-01, trn/lr 2.907e-01, val/acc 8.717e-01, val/nll 4.171e-01 (best_acc: 8.570e-01 -> 8.717e-01, test_acc: 8.623e-01, test_nll: 4.390e-01)
[2023-02-19 22:59:30] [Epoch    24/  200] trn/loss 2.449e-01, trn/lr 2.899e-01, val/acc 8.582e-01, val/nll 4.620e-01
[2023-02-19 22:59:38] [Epoch    25/  200] trn/loss 2.278e-01, trn/lr 2.890e-01, val/acc 8.810e-01, val/nll 3.755e-01 (best_acc: 8.717e-01 -> 8.810e-01, test_acc: 8.731e-01, test_nll: 4.060e-01)
[2023-02-19 22:59:45] [Epoch    26/  200] trn/loss 2.143e-01, trn/lr 2.881e-01, val/acc 8.626e-01, val/nll 4.405e-01
[2023-02-19 22:59:53] [Epoch    27/  200] trn/loss 2.050e-01, trn/lr 2.872e-01, val/acc 8.732e-01, val/nll 4.153e-01
[2023-02-19 23:00:00] [Epoch    28/  200] trn/loss 1.923e-01, trn/lr 2.862e-01, val/acc 8.697e-01, val/nll 4.064e-01
[2023-02-19 23:00:07] [Epoch    29/  200] trn/loss 1.826e-01, trn/lr 2.852e-01, val/acc 8.773e-01, val/nll 4.174e-01
[2023-02-19 23:00:15] [Epoch    30/  200] trn/loss 1.698e-01, trn/lr 2.842e-01, val/acc 8.856e-01, val/nll 3.710e-01 (best_acc: 8.810e-01 -> 8.856e-01, test_acc: 8.773e-01, test_nll: 3.918e-01)
[2023-02-19 23:00:22] [Epoch    31/  200] trn/loss 1.658e-01, trn/lr 2.831e-01, val/acc 8.696e-01, val/nll 4.186e-01
[2023-02-19 23:00:29] [Epoch    32/  200] trn/loss 1.536e-01, trn/lr 2.820e-01, val/acc 8.756e-01, val/nll 4.180e-01
[2023-02-19 23:00:37] [Epoch    33/  200] trn/loss 1.513e-01, trn/lr 2.809e-01, val/acc 8.877e-01, val/nll 3.557e-01 (best_acc: 8.856e-01 -> 8.877e-01, test_acc: 8.806e-01, test_nll: 3.887e-01)
[2023-02-19 23:00:44] [Epoch    34/  200] trn/loss 1.427e-01, trn/lr 2.797e-01, val/acc 8.830e-01, val/nll 4.046e-01
[2023-02-19 23:00:52] [Epoch    35/  200] trn/loss 1.340e-01, trn/lr 2.785e-01, val/acc 8.869e-01, val/nll 3.886e-01
[2023-02-19 23:00:59] [Epoch    36/  200] trn/loss 1.283e-01, trn/lr 2.773e-01, val/acc 8.824e-01, val/nll 3.758e-01
[2023-02-19 23:01:06] [Epoch    37/  200] trn/loss 1.209e-01, trn/lr 2.760e-01, val/acc 8.743e-01, val/nll 4.470e-01
[2023-02-19 23:01:14] [Epoch    38/  200] trn/loss 1.199e-01, trn/lr 2.747e-01, val/acc 8.908e-01, val/nll 3.913e-01 (best_acc: 8.877e-01 -> 8.908e-01, test_acc: 8.798e-01, test_nll: 4.188e-01)
[2023-02-19 23:01:22] [Epoch    39/  200] trn/loss 1.119e-01, trn/lr 2.734e-01, val/acc 8.963e-01, val/nll 3.553e-01 (best_acc: 8.908e-01 -> 8.963e-01, test_acc: 8.904e-01, test_nll: 3.832e-01)
[2023-02-19 23:01:29] [Epoch    40/  200] trn/loss 1.031e-01, trn/lr 2.720e-01, val/acc 8.799e-01, val/nll 4.175e-01
[2023-02-19 23:01:36] [Epoch    41/  200] trn/loss 9.752e-02, trn/lr 2.707e-01, val/acc 8.858e-01, val/nll 3.913e-01
[2023-02-19 23:01:43] [Epoch    42/  200] trn/loss 9.822e-02, trn/lr 2.692e-01, val/acc 8.910e-01, val/nll 4.026e-01
[2023-02-19 23:01:51] [Epoch    43/  200] trn/loss 9.248e-02, trn/lr 2.678e-01, val/acc 8.967e-01, val/nll 3.382e-01 (best_acc: 8.963e-01 -> 8.967e-01, test_acc: 8.956e-01, test_nll: 3.557e-01)
[2023-02-19 23:01:59] [Epoch    44/  200] trn/loss 9.160e-02, trn/lr 2.663e-01, val/acc 8.761e-01, val/nll 4.711e-01
[2023-02-19 23:02:06] [Epoch    45/  200] trn/loss 8.116e-02, trn/lr 2.648e-01, val/acc 8.863e-01, val/nll 4.145e-01
[2023-02-19 23:02:13] [Epoch    46/  200] trn/loss 8.226e-02, trn/lr 2.633e-01, val/acc 8.851e-01, val/nll 4.371e-01
[2023-02-19 23:02:20] [Epoch    47/  200] trn/loss 8.050e-02, trn/lr 2.617e-01, val/acc 8.967e-01, val/nll 3.769e-01
[2023-02-19 23:02:28] [Epoch    48/  200] trn/loss 7.130e-02, trn/lr 2.602e-01, val/acc 9.004e-01, val/nll 3.682e-01 (best_acc: 8.967e-01 -> 9.004e-01, test_acc: 8.970e-01, test_nll: 3.927e-01)
[2023-02-19 23:02:35] [Epoch    49/  200] trn/loss 7.379e-02, trn/lr 2.585e-01, val/acc 8.936e-01, val/nll 3.907e-01
[2023-02-19 23:02:42] [Epoch    50/  200] trn/loss 7.225e-02, trn/lr 2.569e-01, val/acc 8.881e-01, val/nll 3.948e-01
[2023-02-19 23:02:50] [Epoch    51/  200] trn/loss 6.624e-02, trn/lr 2.552e-01, val/acc 8.793e-01, val/nll 4.609e-01
[2023-02-19 23:02:57] [Epoch    52/  200] trn/loss 6.471e-02, trn/lr 2.535e-01, val/acc 8.924e-01, val/nll 3.921e-01
[2023-02-19 23:03:04] [Epoch    53/  200] trn/loss 6.474e-02, trn/lr 2.518e-01, val/acc 8.842e-01, val/nll 4.520e-01
[2023-02-19 23:03:11] [Epoch    54/  200] trn/loss 6.379e-02, trn/lr 2.501e-01, val/acc 8.969e-01, val/nll 3.952e-01
[2023-02-19 23:03:19] [Epoch    55/  200] trn/loss 5.756e-02, trn/lr 2.483e-01, val/acc 9.010e-01, val/nll 3.395e-01 (best_acc: 9.004e-01 -> 9.010e-01, test_acc: 8.991e-01, test_nll: 3.569e-01)
[2023-02-19 23:03:27] [Epoch    56/  200] trn/loss 5.531e-02, trn/lr 2.465e-01, val/acc 9.039e-01, val/nll 3.494e-01 (best_acc: 9.010e-01 -> 9.039e-01, test_acc: 8.969e-01, test_nll: 3.840e-01)
[2023-02-19 23:03:34] [Epoch    57/  200] trn/loss 5.348e-02, trn/lr 2.447e-01, val/acc 8.958e-01, val/nll 3.901e-01
[2023-02-19 23:03:41] [Epoch    58/  200] trn/loss 5.277e-02, trn/lr 2.429e-01, val/acc 8.962e-01, val/nll 3.872e-01
[2023-02-19 23:03:49] [Epoch    59/  200] trn/loss 5.438e-02, trn/lr 2.410e-01, val/acc 9.063e-01, val/nll 3.431e-01 (best_acc: 9.039e-01 -> 9.063e-01, test_acc: 9.005e-01, test_nll: 3.616e-01)
[2023-02-19 23:03:57] [Epoch    60/  200] trn/loss 4.920e-02, trn/lr 2.391e-01, val/acc 9.103e-01, val/nll 3.390e-01 (best_acc: 9.063e-01 -> 9.103e-01, test_acc: 9.023e-01, test_nll: 3.528e-01)
[2023-02-19 23:04:05] [Epoch    61/  200] trn/loss 4.908e-02, trn/lr 2.372e-01, val/acc 9.126e-01, val/nll 3.151e-01 (best_acc: 9.103e-01 -> 9.126e-01, test_acc: 9.091e-01, test_nll: 3.365e-01)
[2023-02-19 23:04:12] [Epoch    62/  200] trn/loss 4.787e-02, trn/lr 2.353e-01, val/acc 9.052e-01, val/nll 3.588e-01
[2023-02-19 23:04:20] [Epoch    63/  200] trn/loss 4.336e-02, trn/lr 2.333e-01, val/acc 9.081e-01, val/nll 3.396e-01
[2023-02-19 23:04:27] [Epoch    64/  200] trn/loss 4.393e-02, trn/lr 2.314e-01, val/acc 9.003e-01, val/nll 3.635e-01
[2023-02-19 23:04:34] [Epoch    65/  200] trn/loss 4.060e-02, trn/lr 2.294e-01, val/acc 9.027e-01, val/nll 4.009e-01
[2023-02-19 23:04:41] [Epoch    66/  200] trn/loss 4.464e-02, trn/lr 2.274e-01, val/acc 9.095e-01, val/nll 3.344e-01
[2023-02-19 23:04:48] [Epoch    67/  200] trn/loss 4.038e-02, trn/lr 2.253e-01, val/acc 8.895e-01, val/nll 4.771e-01
[2023-02-19 23:04:56] [Epoch    68/  200] trn/loss 4.138e-02, trn/lr 2.233e-01, val/acc 9.135e-01, val/nll 3.286e-01 (best_acc: 9.126e-01 -> 9.135e-01, test_acc: 9.061e-01, test_nll: 3.604e-01)
[2023-02-19 23:05:03] [Epoch    69/  200] trn/loss 3.696e-02, trn/lr 2.212e-01, val/acc 9.123e-01, val/nll 3.256e-01
[2023-02-19 23:05:11] [Epoch    70/  200] trn/loss 3.727e-02, trn/lr 2.192e-01, val/acc 9.030e-01, val/nll 3.661e-01
[2023-02-19 23:05:18] [Epoch    71/  200] trn/loss 3.822e-02, trn/lr 2.171e-01, val/acc 9.092e-01, val/nll 3.387e-01
[2023-02-19 23:05:25] [Epoch    72/  200] trn/loss 3.626e-02, trn/lr 2.149e-01, val/acc 9.133e-01, val/nll 3.346e-01
[2023-02-19 23:05:32] [Epoch    73/  200] trn/loss 3.396e-02, trn/lr 2.128e-01, val/acc 9.034e-01, val/nll 3.673e-01
[2023-02-19 23:05:40] [Epoch    74/  200] trn/loss 2.996e-02, trn/lr 2.107e-01, val/acc 9.169e-01, val/nll 3.207e-01 (best_acc: 9.135e-01 -> 9.169e-01, test_acc: 9.093e-01, test_nll: 3.415e-01)
[2023-02-19 23:05:47] [Epoch    75/  200] trn/loss 3.080e-02, trn/lr 2.085e-01, val/acc 9.155e-01, val/nll 3.300e-01
[2023-02-19 23:05:55] [Epoch    76/  200] trn/loss 3.157e-02, trn/lr 2.063e-01, val/acc 9.201e-01, val/nll 3.032e-01 (best_acc: 9.169e-01 -> 9.201e-01, test_acc: 9.162e-01, test_nll: 3.143e-01)
[2023-02-19 23:06:03] [Epoch    77/  200] trn/loss 2.835e-02, trn/lr 2.041e-01, val/acc 9.127e-01, val/nll 3.361e-01
[2023-02-19 23:06:10] [Epoch    78/  200] trn/loss 3.179e-02, trn/lr 2.019e-01, val/acc 9.121e-01, val/nll 3.372e-01
[2023-02-19 23:06:17] [Epoch    79/  200] trn/loss 3.058e-02, trn/lr 1.997e-01, val/acc 9.083e-01, val/nll 3.522e-01
[2023-02-19 23:06:24] [Epoch    80/  200] trn/loss 2.638e-02, trn/lr 1.975e-01, val/acc 9.124e-01, val/nll 3.712e-01
[2023-02-19 23:06:31] [Epoch    81/  200] trn/loss 2.546e-02, trn/lr 1.952e-01, val/acc 9.024e-01, val/nll 3.861e-01
[2023-02-19 23:06:38] [Epoch    82/  200] trn/loss 2.671e-02, trn/lr 1.930e-01, val/acc 9.180e-01, val/nll 3.082e-01
[2023-02-19 23:06:46] [Epoch    83/  200] trn/loss 2.338e-02, trn/lr 1.907e-01, val/acc 9.194e-01, val/nll 3.082e-01
[2023-02-19 23:06:53] [Epoch    84/  200] trn/loss 2.222e-02, trn/lr 1.885e-01, val/acc 9.194e-01, val/nll 3.272e-01
[2023-02-19 23:07:00] [Epoch    85/  200] trn/loss 2.075e-02, trn/lr 1.862e-01, val/acc 9.067e-01, val/nll 3.671e-01
[2023-02-19 23:07:07] [Epoch    86/  200] trn/loss 2.254e-02, trn/lr 1.839e-01, val/acc 9.095e-01, val/nll 3.546e-01
[2023-02-19 23:07:15] [Epoch    87/  200] trn/loss 2.232e-02, trn/lr 1.816e-01, val/acc 9.247e-01, val/nll 2.884e-01 (best_acc: 9.201e-01 -> 9.247e-01, test_acc: 9.200e-01, test_nll: 3.070e-01)
[2023-02-19 23:07:22] [Epoch    88/  200] trn/loss 2.113e-02, trn/lr 1.793e-01, val/acc 9.123e-01, val/nll 3.524e-01
[2023-02-19 23:07:29] [Epoch    89/  200] trn/loss 2.151e-02, trn/lr 1.770e-01, val/acc 9.191e-01, val/nll 3.097e-01
[2023-02-19 23:07:37] [Epoch    90/  200] trn/loss 2.026e-02, trn/lr 1.746e-01, val/acc 9.202e-01, val/nll 3.125e-01
[2023-02-19 23:07:44] [Epoch    91/  200] trn/loss 1.687e-02, trn/lr 1.723e-01, val/acc 9.221e-01, val/nll 3.142e-01
[2023-02-19 23:07:51] [Epoch    92/  200] trn/loss 1.818e-02, trn/lr 1.700e-01, val/acc 9.187e-01, val/nll 3.226e-01
[2023-02-19 23:07:58] [Epoch    93/  200] trn/loss 1.655e-02, trn/lr 1.676e-01, val/acc 9.179e-01, val/nll 3.149e-01
[2023-02-19 23:08:05] [Epoch    94/  200] trn/loss 1.721e-02, trn/lr 1.653e-01, val/acc 9.153e-01, val/nll 3.221e-01
[2023-02-19 23:08:12] [Epoch    95/  200] trn/loss 1.749e-02, trn/lr 1.630e-01, val/acc 9.223e-01, val/nll 3.158e-01
[2023-02-19 23:08:20] [Epoch    96/  200] trn/loss 1.673e-02, trn/lr 1.606e-01, val/acc 9.208e-01, val/nll 2.845e-01
[2023-02-19 23:08:27] [Epoch    97/  200] trn/loss 1.568e-02, trn/lr 1.582e-01, val/acc 9.174e-01, val/nll 3.036e-01
[2023-02-19 23:08:34] [Epoch    98/  200] trn/loss 1.678e-02, trn/lr 1.559e-01, val/acc 9.209e-01, val/nll 3.120e-01
[2023-02-19 23:08:41] [Epoch    99/  200] trn/loss 1.399e-02, trn/lr 1.535e-01, val/acc 9.202e-01, val/nll 3.127e-01
[2023-02-19 23:08:49] [Epoch   100/  200] trn/loss 1.432e-02, trn/lr 1.512e-01, val/acc 9.259e-01, val/nll 2.864e-01 (best_acc: 9.247e-01 -> 9.259e-01, test_acc: 9.212e-01, test_nll: 3.124e-01)
[2023-02-19 23:08:56] [Epoch   101/  200] trn/loss 1.357e-02, trn/lr 1.488e-01, val/acc 9.196e-01, val/nll 2.988e-01
[2023-02-19 23:09:04] [Epoch   102/  200] trn/loss 1.394e-02, trn/lr 1.465e-01, val/acc 9.291e-01, val/nll 2.812e-01 (best_acc: 9.259e-01 -> 9.291e-01, test_acc: 9.230e-01, test_nll: 3.068e-01)
[2023-02-19 23:09:11] [Epoch   103/  200] trn/loss 1.276e-02, trn/lr 1.441e-01, val/acc 9.194e-01, val/nll 3.310e-01
[2023-02-19 23:09:18] [Epoch   104/  200] trn/loss 1.331e-02, trn/lr 1.418e-01, val/acc 9.243e-01, val/nll 3.101e-01
[2023-02-19 23:09:26] [Epoch   105/  200] trn/loss 1.171e-02, trn/lr 1.394e-01, val/acc 9.275e-01, val/nll 2.925e-01
[2023-02-19 23:09:33] [Epoch   106/  200] trn/loss 1.110e-02, trn/lr 1.371e-01, val/acc 9.261e-01, val/nll 2.983e-01
[2023-02-19 23:09:40] [Epoch   107/  200] trn/loss 9.636e-03, trn/lr 1.347e-01, val/acc 9.273e-01, val/nll 2.874e-01
[2023-02-19 23:09:47] [Epoch   108/  200] trn/loss 1.002e-02, trn/lr 1.324e-01, val/acc 9.263e-01, val/nll 2.954e-01
[2023-02-19 23:09:54] [Epoch   109/  200] trn/loss 1.045e-02, trn/lr 1.300e-01, val/acc 9.227e-01, val/nll 2.962e-01
[2023-02-19 23:10:02] [Epoch   110/  200] trn/loss 1.023e-02, trn/lr 1.277e-01, val/acc 9.197e-01, val/nll 3.248e-01
[2023-02-19 23:10:09] [Epoch   111/  200] trn/loss 9.968e-03, trn/lr 1.254e-01, val/acc 9.242e-01, val/nll 2.861e-01
[2023-02-19 23:10:16] [Epoch   112/  200] trn/loss 9.095e-03, trn/lr 1.231e-01, val/acc 9.277e-01, val/nll 2.835e-01
[2023-02-19 23:10:24] [Epoch   113/  200] trn/loss 8.061e-03, trn/lr 1.207e-01, val/acc 9.310e-01, val/nll 2.729e-01 (best_acc: 9.291e-01 -> 9.310e-01, test_acc: 9.249e-01, test_nll: 2.909e-01)
[2023-02-19 23:10:31] [Epoch   114/  200] trn/loss 7.592e-03, trn/lr 1.184e-01, val/acc 9.268e-01, val/nll 2.907e-01
[2023-02-19 23:10:38] [Epoch   115/  200] trn/loss 6.704e-03, trn/lr 1.161e-01, val/acc 9.268e-01, val/nll 2.878e-01
[2023-02-19 23:10:46] [Epoch   116/  200] trn/loss 7.162e-03, trn/lr 1.138e-01, val/acc 9.291e-01, val/nll 2.880e-01
[2023-02-19 23:10:54] [Epoch   117/  200] trn/loss 8.025e-03, trn/lr 1.116e-01, val/acc 9.315e-01, val/nll 2.667e-01 (best_acc: 9.310e-01 -> 9.315e-01, test_acc: 9.292e-01, test_nll: 2.870e-01)
[2023-02-19 23:11:02] [Epoch   118/  200] trn/loss 6.597e-03, trn/lr 1.093e-01, val/acc 9.316e-01, val/nll 2.666e-01 (best_acc: 9.315e-01 -> 9.316e-01, test_acc: 9.261e-01, test_nll: 2.809e-01)
[2023-02-19 23:11:09] [Epoch   119/  200] trn/loss 6.564e-03, trn/lr 1.070e-01, val/acc 9.290e-01, val/nll 2.797e-01
[2023-02-19 23:11:16] [Epoch   120/  200] trn/loss 5.711e-03, trn/lr 1.048e-01, val/acc 9.284e-01, val/nll 2.781e-01
[2023-02-19 23:11:24] [Epoch   121/  200] trn/loss 5.382e-03, trn/lr 1.025e-01, val/acc 9.336e-01, val/nll 2.600e-01 (best_acc: 9.316e-01 -> 9.336e-01, test_acc: 9.290e-01, test_nll: 2.796e-01)
[2023-02-19 23:11:31] [Epoch   122/  200] trn/loss 5.314e-03, trn/lr 1.003e-01, val/acc 9.316e-01, val/nll 2.696e-01
[2023-02-19 23:11:38] [Epoch   123/  200] trn/loss 4.945e-03, trn/lr 9.809e-02, val/acc 9.315e-01, val/nll 2.867e-01
[2023-02-19 23:11:46] [Epoch   124/  200] trn/loss 4.740e-03, trn/lr 9.589e-02, val/acc 9.281e-01, val/nll 2.895e-01
[2023-02-19 23:11:53] [Epoch   125/  200] trn/loss 4.566e-03, trn/lr 9.370e-02, val/acc 9.269e-01, val/nll 2.850e-01
[2023-02-19 23:12:00] [Epoch   126/  200] trn/loss 4.293e-03, trn/lr 9.152e-02, val/acc 9.296e-01, val/nll 2.751e-01
[2023-02-19 23:12:07] [Epoch   127/  200] trn/loss 4.443e-03, trn/lr 8.936e-02, val/acc 9.304e-01, val/nll 2.737e-01
[2023-02-19 23:12:14] [Epoch   128/  200] trn/loss 4.772e-03, trn/lr 8.721e-02, val/acc 9.298e-01, val/nll 2.793e-01
[2023-02-19 23:12:21] [Epoch   129/  200] trn/loss 3.758e-03, trn/lr 8.508e-02, val/acc 9.314e-01, val/nll 2.693e-01
[2023-02-19 23:12:29] [Epoch   130/  200] trn/loss 3.978e-03, trn/lr 8.296e-02, val/acc 9.326e-01, val/nll 2.617e-01
[2023-02-19 23:12:37] [Epoch   131/  200] trn/loss 3.481e-03, trn/lr 8.086e-02, val/acc 9.341e-01, val/nll 2.659e-01 (best_acc: 9.336e-01 -> 9.341e-01, test_acc: 9.313e-01, test_nll: 2.719e-01)
[2023-02-19 23:12:45] [Epoch   132/  200] trn/loss 3.497e-03, trn/lr 7.878e-02, val/acc 9.345e-01, val/nll 2.675e-01 (best_acc: 9.341e-01 -> 9.345e-01, test_acc: 9.314e-01, test_nll: 2.775e-01)
[2023-02-19 23:12:52] [Epoch   133/  200] trn/loss 2.901e-03, trn/lr 7.671e-02, val/acc 9.335e-01, val/nll 2.709e-01
[2023-02-19 23:12:59] [Epoch   134/  200] trn/loss 2.859e-03, trn/lr 7.467e-02, val/acc 9.341e-01, val/nll 2.745e-01
[2023-02-19 23:13:06] [Epoch   135/  200] trn/loss 2.873e-03, trn/lr 7.264e-02, val/acc 9.317e-01, val/nll 2.669e-01
[2023-02-19 23:13:14] [Epoch   136/  200] trn/loss 2.624e-03, trn/lr 7.063e-02, val/acc 9.361e-01, val/nll 2.565e-01 (best_acc: 9.345e-01 -> 9.361e-01, test_acc: 9.308e-01, test_nll: 2.681e-01)
[2023-02-19 23:13:21] [Epoch   137/  200] trn/loss 2.711e-03, trn/lr 6.864e-02, val/acc 9.361e-01, val/nll 2.474e-01
[2023-02-19 23:13:29] [Epoch   138/  200] trn/loss 2.516e-03, trn/lr 6.667e-02, val/acc 9.363e-01, val/nll 2.539e-01 (best_acc: 9.361e-01 -> 9.363e-01, test_acc: 9.315e-01, test_nll: 2.687e-01)
[2023-02-19 23:13:37] [Epoch   139/  200] trn/loss 2.458e-03, trn/lr 6.472e-02, val/acc 9.364e-01, val/nll 2.577e-01 (best_acc: 9.363e-01 -> 9.364e-01, test_acc: 9.311e-01, test_nll: 2.790e-01)
[2023-02-19 23:13:44] [Epoch   140/  200] trn/loss 2.358e-03, trn/lr 6.279e-02, val/acc 9.364e-01, val/nll 2.494e-01
[2023-02-19 23:13:52] [Epoch   141/  200] trn/loss 1.982e-03, trn/lr 6.089e-02, val/acc 9.374e-01, val/nll 2.513e-01 (best_acc: 9.364e-01 -> 9.374e-01, test_acc: 9.335e-01, test_nll: 2.577e-01)
[2023-02-19 23:13:59] [Epoch   142/  200] trn/loss 1.934e-03, trn/lr 5.900e-02, val/acc 9.366e-01, val/nll 2.582e-01
[2023-02-19 23:14:06] [Epoch   143/  200] trn/loss 2.032e-03, trn/lr 5.714e-02, val/acc 9.368e-01, val/nll 2.460e-01
[2023-02-19 23:14:14] [Epoch   144/  200] trn/loss 1.983e-03, trn/lr 5.530e-02, val/acc 9.374e-01, val/nll 2.431e-01
[2023-02-19 23:14:22] [Epoch   145/  200] trn/loss 1.860e-03, trn/lr 5.349e-02, val/acc 9.390e-01, val/nll 2.470e-01 (best_acc: 9.374e-01 -> 9.390e-01, test_acc: 9.330e-01, test_nll: 2.571e-01)
[2023-02-19 23:14:29] [Epoch   146/  200] trn/loss 1.665e-03, trn/lr 5.170e-02, val/acc 9.383e-01, val/nll 2.462e-01
[2023-02-19 23:14:36] [Epoch   147/  200] trn/loss 1.654e-03, trn/lr 4.993e-02, val/acc 9.366e-01, val/nll 2.580e-01
[2023-02-19 23:14:43] [Epoch   148/  200] trn/loss 1.586e-03, trn/lr 4.819e-02, val/acc 9.362e-01, val/nll 2.489e-01
[2023-02-19 23:14:50] [Epoch   149/  200] trn/loss 1.714e-03, trn/lr 4.647e-02, val/acc 9.379e-01, val/nll 2.462e-01
[2023-02-19 23:14:58] [Epoch   150/  200] trn/loss 1.680e-03, trn/lr 4.478e-02, val/acc 9.377e-01, val/nll 2.415e-01
[2023-02-19 23:15:05] [Epoch   151/  200] trn/loss 1.522e-03, trn/lr 4.311e-02, val/acc 9.387e-01, val/nll 2.417e-01
[2023-02-19 23:15:13] [Epoch   152/  200] trn/loss 1.383e-03, trn/lr 4.147e-02, val/acc 9.403e-01, val/nll 2.436e-01 (best_acc: 9.390e-01 -> 9.403e-01, test_acc: 9.363e-01, test_nll: 2.534e-01)
[2023-02-19 23:15:20] [Epoch   153/  200] trn/loss 1.410e-03, trn/lr 3.986e-02, val/acc 9.365e-01, val/nll 2.368e-01
[2023-02-19 23:15:27] [Epoch   154/  200] trn/loss 1.215e-03, trn/lr 3.827e-02, val/acc 9.377e-01, val/nll 2.432e-01
[2023-02-19 23:15:34] [Epoch   155/  200] trn/loss 1.352e-03, trn/lr 3.671e-02, val/acc 9.400e-01, val/nll 2.406e-01
[2023-02-19 23:15:42] [Epoch   156/  200] trn/loss 1.278e-03, trn/lr 3.518e-02, val/acc 9.400e-01, val/nll 2.402e-01
[2023-02-19 23:15:49] [Epoch   157/  200] trn/loss 1.124e-03, trn/lr 3.368e-02, val/acc 9.389e-01, val/nll 2.387e-01
[2023-02-19 23:15:56] [Epoch   158/  200] trn/loss 1.151e-03, trn/lr 3.221e-02, val/acc 9.398e-01, val/nll 2.362e-01
[2023-02-19 23:16:04] [Epoch   159/  200] trn/loss 1.083e-03, trn/lr 3.076e-02, val/acc 9.417e-01, val/nll 2.357e-01 (best_acc: 9.403e-01 -> 9.417e-01, test_acc: 9.384e-01, test_nll: 2.509e-01)
[2023-02-19 23:16:11] [Epoch   160/  200] trn/loss 1.095e-03, trn/lr 2.935e-02, val/acc 9.404e-01, val/nll 2.373e-01
[2023-02-19 23:16:18] [Epoch   161/  200] trn/loss 1.068e-03, trn/lr 2.796e-02, val/acc 9.406e-01, val/nll 2.369e-01
[2023-02-19 23:16:26] [Epoch   162/  200] trn/loss 1.077e-03, trn/lr 2.661e-02, val/acc 9.390e-01, val/nll 2.378e-01
[2023-02-19 23:16:33] [Epoch   163/  200] trn/loss 9.822e-04, trn/lr 2.528e-02, val/acc 9.412e-01, val/nll 2.387e-01
[2023-02-19 23:16:40] [Epoch   164/  200] trn/loss 9.542e-04, trn/lr 2.399e-02, val/acc 9.405e-01, val/nll 2.362e-01
[2023-02-19 23:16:47] [Epoch   165/  200] trn/loss 1.032e-03, trn/lr 2.273e-02, val/acc 9.404e-01, val/nll 2.371e-01
[2023-02-19 23:16:54] [Epoch   166/  200] trn/loss 1.017e-03, trn/lr 2.150e-02, val/acc 9.399e-01, val/nll 2.368e-01
[2023-02-19 23:17:02] [Epoch   167/  200] trn/loss 8.795e-04, trn/lr 2.030e-02, val/acc 9.390e-01, val/nll 2.365e-01
[2023-02-19 23:17:09] [Epoch   168/  200] trn/loss 8.920e-04, trn/lr 1.913e-02, val/acc 9.382e-01, val/nll 2.395e-01
[2023-02-19 23:17:16] [Epoch   169/  200] trn/loss 8.907e-04, trn/lr 1.800e-02, val/acc 9.402e-01, val/nll 2.373e-01
[2023-02-19 23:17:23] [Epoch   170/  200] trn/loss 8.051e-04, trn/lr 1.689e-02, val/acc 9.386e-01, val/nll 2.364e-01
[2023-02-19 23:17:30] [Epoch   171/  200] trn/loss 8.755e-04, trn/lr 1.582e-02, val/acc 9.392e-01, val/nll 2.374e-01
[2023-02-19 23:17:37] [Epoch   172/  200] trn/loss 8.333e-04, trn/lr 1.479e-02, val/acc 9.404e-01, val/nll 2.367e-01
[2023-02-19 23:17:45] [Epoch   173/  200] trn/loss 7.916e-04, trn/lr 1.378e-02, val/acc 9.408e-01, val/nll 2.330e-01
[2023-02-19 23:17:52] [Epoch   174/  200] trn/loss 8.193e-04, trn/lr 1.281e-02, val/acc 9.406e-01, val/nll 2.340e-01
[2023-02-19 23:17:59] [Epoch   175/  200] trn/loss 7.824e-04, trn/lr 1.188e-02, val/acc 9.404e-01, val/nll 2.333e-01
[2023-02-19 23:18:06] [Epoch   176/  200] trn/loss 7.614e-04, trn/lr 1.098e-02, val/acc 9.397e-01, val/nll 2.344e-01
[2023-02-19 23:18:13] [Epoch   177/  200] trn/loss 7.864e-04, trn/lr 1.011e-02, val/acc 9.417e-01, val/nll 2.346e-01
[2023-02-19 23:18:20] [Epoch   178/  200] trn/loss 7.329e-04, trn/lr 9.275e-03, val/acc 9.412e-01, val/nll 2.337e-01
[2023-02-19 23:18:28] [Epoch   179/  200] trn/loss 7.748e-04, trn/lr 8.477e-03, val/acc 9.398e-01, val/nll 2.348e-01
[2023-02-19 23:18:35] [Epoch   180/  200] trn/loss 7.564e-04, trn/lr 7.714e-03, val/acc 9.399e-01, val/nll 2.340e-01
[2023-02-19 23:18:42] [Epoch   181/  200] trn/loss 7.607e-04, trn/lr 6.986e-03, val/acc 9.402e-01, val/nll 2.341e-01
[2023-02-19 23:18:49] [Epoch   182/  200] trn/loss 7.364e-04, trn/lr 6.293e-03, val/acc 9.398e-01, val/nll 2.342e-01
[2023-02-19 23:18:56] [Epoch   183/  200] trn/loss 7.107e-04, trn/lr 5.635e-03, val/acc 9.402e-01, val/nll 2.351e-01
[2023-02-19 23:19:04] [Epoch   184/  200] trn/loss 7.563e-04, trn/lr 5.013e-03, val/acc 9.403e-01, val/nll 2.339e-01
[2023-02-19 23:19:11] [Epoch   185/  200] trn/loss 6.890e-04, trn/lr 4.427e-03, val/acc 9.402e-01, val/nll 2.338e-01
[2023-02-19 23:19:18] [Epoch   186/  200] trn/loss 7.251e-04, trn/lr 3.877e-03, val/acc 9.408e-01, val/nll 2.340e-01
[2023-02-19 23:19:25] [Epoch   187/  200] trn/loss 7.194e-04, trn/lr 3.363e-03, val/acc 9.407e-01, val/nll 2.341e-01
[2023-02-19 23:19:32] [Epoch   188/  200] trn/loss 7.114e-04, trn/lr 2.885e-03, val/acc 9.406e-01, val/nll 2.337e-01
[2023-02-19 23:19:40] [Epoch   189/  200] trn/loss 6.888e-04, trn/lr 2.444e-03, val/acc 9.404e-01, val/nll 2.333e-01
[2023-02-19 23:19:47] [Epoch   190/  200] trn/loss 7.189e-04, trn/lr 2.038e-03, val/acc 9.403e-01, val/nll 2.341e-01
[2023-02-19 23:19:54] [Epoch   191/  200] trn/loss 6.950e-04, trn/lr 1.670e-03, val/acc 9.406e-01, val/nll 2.330e-01
[2023-02-19 23:20:01] [Epoch   192/  200] trn/loss 7.276e-04, trn/lr 1.338e-03, val/acc 9.407e-01, val/nll 2.332e-01
[2023-02-19 23:20:08] [Epoch   193/  200] trn/loss 6.730e-04, trn/lr 1.042e-03, val/acc 9.415e-01, val/nll 2.333e-01
[2023-02-19 23:20:16] [Epoch   194/  200] trn/loss 7.041e-04, trn/lr 7.835e-04, val/acc 9.408e-01, val/nll 2.331e-01
[2023-02-19 23:20:23] [Epoch   195/  200] trn/loss 6.649e-04, trn/lr 5.616e-04, val/acc 9.412e-01, val/nll 2.335e-01
[2023-02-19 23:20:30] [Epoch   196/  200] trn/loss 6.955e-04, trn/lr 3.766e-04, val/acc 9.412e-01, val/nll 2.337e-01
[2023-02-19 23:20:37] [Epoch   197/  200] trn/loss 6.742e-04, trn/lr 2.286e-04, val/acc 9.400e-01, val/nll 2.337e-01
[2023-02-19 23:20:44] [Epoch   198/  200] trn/loss 6.994e-04, trn/lr 1.175e-04, val/acc 9.405e-01, val/nll 2.335e-01
[2023-02-19 23:20:51] [Epoch   199/  200] trn/loss 7.216e-04, trn/lr 4.335e-05, val/acc 9.408e-01, val/nll 2.332e-01
[2023-02-19 23:20:59] [Epoch   200/  200] trn/loss 7.004e-04, trn/lr 6.226e-06, val/acc 9.413e-01, val/nll 2.340e-01
