[2023-02-04 21:24:56] Environments:
------------  -------------------------------------------------------------------------------
sys.platform  linux
Python        3.10.8 (main, Nov 24 2022, 14:13:03) [GCC 11.2.0]
JAX           0.4.1 @/mnt/home/giung/.conda/envs/jax-siml/lib/python3.10/site-packages/jax
jaxlib        0.4.1 @/mnt/home/giung/.conda/envs/jax-siml/lib/python3.10/site-packages/jaxlib
Flax          0.6.3 @/mnt/home/giung/.conda/envs/jax-siml/lib/python3.10/site-packages/flax
Optax         0.1.4 @/mnt/home/giung/.conda/envs/jax-siml/lib/python3.10/site-packages/optax
------------  -------------------------------------------------------------------------------

[2023-02-04 21:24:56] Command line arguments:
- args.data_root          : ./data/
- args.data_name          : CIFAR100_x32
- args.data_augmentation  : standard
- args.data_proportional  : 1.0
- args.model_depth        : 56
- args.model_width        : 1
- args.model_style        : BN-ReLU
- args.optim_bs           : 256
- args.optim_ne           : 500
- args.optim_lr           : 0.01
- args.optim_momentum     : 0.97
- args.optim_weight_decay : 0.003
- args.save               : /mnt/home/giung/giung2-dev/projects/residual-networks/save/CIFAR100_x32/R56-BN-ReLU/bs-0256_ne-0500_lr-0.01_mo-0.97_wd-0.0030_fp32/42
- args.seed               : 42
- args.precision          : fp32

[2023-02-04 21:25:34] [Epoch     1/  500] trn/loss 4.737e+00, trn/lr 1.000e-02, val/acc 1.361e-02, val/nll 4.754e+00 (best_acc: 0.000e+00 -> 1.361e-02, test_acc: 1.580e-02, test_nll: 4.815e+00)
[2023-02-04 21:25:39] [Epoch     2/  500] trn/loss 4.547e+00, trn/lr 1.000e-02, val/acc 2.655e-02, val/nll 4.500e+00 (best_acc: 1.361e-02 -> 2.655e-02, test_acc: 2.770e-02, test_nll: 4.504e+00)
[2023-02-04 21:25:45] [Epoch     3/  500] trn/loss 4.375e+00, trn/lr 9.999e-03, val/acc 3.728e-02, val/nll 4.277e+00 (best_acc: 2.655e-02 -> 3.728e-02, test_acc: 3.530e-02, test_nll: 4.267e+00)
[2023-02-04 21:25:51] [Epoch     4/  500] trn/loss 4.113e+00, trn/lr 9.999e-03, val/acc 6.770e-02, val/nll 3.991e+00 (best_acc: 3.728e-02 -> 6.770e-02, test_acc: 7.170e-02, test_nll: 3.981e+00)
[2023-02-04 21:25:56] [Epoch     5/  500] trn/loss 3.893e+00, trn/lr 9.998e-03, val/acc 1.008e-01, val/nll 3.816e+00 (best_acc: 6.770e-02 -> 1.008e-01, test_acc: 1.069e-01, test_nll: 3.800e+00)
[2023-02-04 21:26:02] [Epoch     6/  500] trn/loss 3.685e+00, trn/lr 9.997e-03, val/acc 1.372e-01, val/nll 3.584e+00 (best_acc: 1.008e-01 -> 1.372e-01, test_acc: 1.357e-01, test_nll: 3.579e+00)
[2023-02-04 21:26:07] [Epoch     7/  500] trn/loss 3.475e+00, trn/lr 9.996e-03, val/acc 1.649e-01, val/nll 3.454e+00 (best_acc: 1.372e-01 -> 1.649e-01, test_acc: 1.604e-01, test_nll: 3.445e+00)
[2023-02-04 21:26:13] [Epoch     8/  500] trn/loss 3.291e+00, trn/lr 9.994e-03, val/acc 1.597e-01, val/nll 3.598e+00
[2023-02-04 21:26:18] [Epoch     9/  500] trn/loss 3.081e+00, trn/lr 9.993e-03, val/acc 2.139e-01, val/nll 3.147e+00 (best_acc: 1.649e-01 -> 2.139e-01, test_acc: 2.154e-01, test_nll: 3.136e+00)
[2023-02-04 21:26:24] [Epoch    10/  500] trn/loss 2.878e+00, trn/lr 9.991e-03, val/acc 2.478e-01, val/nll 2.978e+00 (best_acc: 2.139e-01 -> 2.478e-01, test_acc: 2.508e-01, test_nll: 2.927e+00)
[2023-02-04 21:26:29] [Epoch    11/  500] trn/loss 2.698e+00, trn/lr 9.989e-03, val/acc 2.529e-01, val/nll 2.984e+00 (best_acc: 2.478e-01 -> 2.529e-01, test_acc: 2.548e-01, test_nll: 2.944e+00)
[2023-02-04 21:26:35] [Epoch    12/  500] trn/loss 2.535e+00, trn/lr 9.987e-03, val/acc 2.937e-01, val/nll 2.739e+00 (best_acc: 2.529e-01 -> 2.937e-01, test_acc: 3.016e-01, test_nll: 2.691e+00)
[2023-02-04 21:26:40] [Epoch    13/  500] trn/loss 2.405e+00, trn/lr 9.985e-03, val/acc 3.267e-01, val/nll 2.611e+00 (best_acc: 2.937e-01 -> 3.267e-01, test_acc: 3.314e-01, test_nll: 2.570e+00)
[2023-02-04 21:26:46] [Epoch    14/  500] trn/loss 2.311e+00, trn/lr 9.982e-03, val/acc 3.104e-01, val/nll 2.697e+00
[2023-02-04 21:26:51] [Epoch    15/  500] trn/loss 2.214e+00, trn/lr 9.979e-03, val/acc 3.619e-01, val/nll 2.370e+00 (best_acc: 3.267e-01 -> 3.619e-01, test_acc: 3.764e-01, test_nll: 2.332e+00)
[2023-02-04 21:26:56] [Epoch    16/  500] trn/loss 2.143e+00, trn/lr 9.976e-03, val/acc 2.965e-01, val/nll 2.822e+00
[2023-02-04 21:27:02] [Epoch    17/  500] trn/loss 2.081e+00, trn/lr 9.973e-03, val/acc 3.685e-01, val/nll 2.394e+00 (best_acc: 3.619e-01 -> 3.685e-01, test_acc: 3.676e-01, test_nll: 2.380e+00)
[2023-02-04 21:27:07] [Epoch    18/  500] trn/loss 2.016e+00, trn/lr 9.970e-03, val/acc 3.658e-01, val/nll 2.479e+00
[2023-02-04 21:27:12] [Epoch    19/  500] trn/loss 1.968e+00, trn/lr 9.966e-03, val/acc 3.637e-01, val/nll 2.460e+00
[2023-02-04 21:27:18] [Epoch    20/  500] trn/loss 1.944e+00, trn/lr 9.963e-03, val/acc 3.775e-01, val/nll 2.337e+00 (best_acc: 3.685e-01 -> 3.775e-01, test_acc: 3.862e-01, test_nll: 2.303e+00)
[2023-02-04 21:27:24] [Epoch    21/  500] trn/loss 1.883e+00, trn/lr 9.959e-03, val/acc 4.014e-01, val/nll 2.265e+00 (best_acc: 3.775e-01 -> 4.014e-01, test_acc: 4.137e-01, test_nll: 2.240e+00)
[2023-02-04 21:27:29] [Epoch    22/  500] trn/loss 1.847e+00, trn/lr 9.954e-03, val/acc 3.501e-01, val/nll 2.619e+00
[2023-02-04 21:27:34] [Epoch    23/  500] trn/loss 1.857e+00, trn/lr 9.950e-03, val/acc 3.611e-01, val/nll 2.564e+00
[2023-02-04 21:27:40] [Epoch    24/  500] trn/loss 1.801e+00, trn/lr 9.946e-03, val/acc 4.253e-01, val/nll 2.136e+00 (best_acc: 4.014e-01 -> 4.253e-01, test_acc: 4.358e-01, test_nll: 2.113e+00)
[2023-02-04 21:27:45] [Epoch    25/  500] trn/loss 1.792e+00, trn/lr 9.941e-03, val/acc 4.289e-01, val/nll 2.105e+00 (best_acc: 4.253e-01 -> 4.289e-01, test_acc: 4.391e-01, test_nll: 2.080e+00)
[2023-02-04 21:27:51] [Epoch    26/  500] trn/loss 1.773e+00, trn/lr 9.936e-03, val/acc 4.272e-01, val/nll 2.115e+00
[2023-02-04 21:27:56] [Epoch    27/  500] trn/loss 1.748e+00, trn/lr 9.931e-03, val/acc 3.882e-01, val/nll 2.394e+00
[2023-02-04 21:28:01] [Epoch    28/  500] trn/loss 1.750e+00, trn/lr 9.926e-03, val/acc 4.342e-01, val/nll 2.113e+00 (best_acc: 4.289e-01 -> 4.342e-01, test_acc: 4.440e-01, test_nll: 2.083e+00)
[2023-02-04 21:28:07] [Epoch    29/  500] trn/loss 1.717e+00, trn/lr 9.920e-03, val/acc 4.362e-01, val/nll 2.116e+00 (best_acc: 4.342e-01 -> 4.362e-01, test_acc: 4.452e-01, test_nll: 2.083e+00)
[2023-02-04 21:28:12] [Epoch    30/  500] trn/loss 1.701e+00, trn/lr 9.914e-03, val/acc 4.037e-01, val/nll 2.267e+00
[2023-02-04 21:28:18] [Epoch    31/  500] trn/loss 1.690e+00, trn/lr 9.908e-03, val/acc 4.560e-01, val/nll 2.004e+00 (best_acc: 4.362e-01 -> 4.560e-01, test_acc: 4.641e-01, test_nll: 1.977e+00)
[2023-02-04 21:28:23] [Epoch    32/  500] trn/loss 1.698e+00, trn/lr 9.902e-03, val/acc 4.270e-01, val/nll 2.198e+00
[2023-02-04 21:28:28] [Epoch    33/  500] trn/loss 1.665e+00, trn/lr 9.896e-03, val/acc 4.433e-01, val/nll 2.060e+00
[2023-02-04 21:28:33] [Epoch    34/  500] trn/loss 1.674e+00, trn/lr 9.890e-03, val/acc 3.930e-01, val/nll 2.428e+00
[2023-02-04 21:28:39] [Epoch    35/  500] trn/loss 1.653e+00, trn/lr 9.883e-03, val/acc 4.285e-01, val/nll 2.146e+00
[2023-02-04 21:28:44] [Epoch    36/  500] trn/loss 1.655e+00, trn/lr 9.876e-03, val/acc 4.405e-01, val/nll 2.133e+00
[2023-02-04 21:28:49] [Epoch    37/  500] trn/loss 1.629e+00, trn/lr 9.869e-03, val/acc 4.463e-01, val/nll 2.072e+00
[2023-02-04 21:28:54] [Epoch    38/  500] trn/loss 1.632e+00, trn/lr 9.862e-03, val/acc 4.110e-01, val/nll 2.287e+00
[2023-02-04 21:28:59] [Epoch    39/  500] trn/loss 1.608e+00, trn/lr 9.854e-03, val/acc 4.528e-01, val/nll 2.037e+00
[2023-02-04 21:29:05] [Epoch    40/  500] trn/loss 1.607e+00, trn/lr 9.847e-03, val/acc 4.111e-01, val/nll 2.278e+00
[2023-02-04 21:29:10] [Epoch    41/  500] trn/loss 1.605e+00, trn/lr 9.839e-03, val/acc 4.371e-01, val/nll 2.181e+00
[2023-02-04 21:29:15] [Epoch    42/  500] trn/loss 1.596e+00, trn/lr 9.831e-03, val/acc 4.576e-01, val/nll 2.050e+00 (best_acc: 4.560e-01 -> 4.576e-01, test_acc: 4.665e-01, test_nll: 2.024e+00)
[2023-02-04 21:29:21] [Epoch    43/  500] trn/loss 1.601e+00, trn/lr 9.823e-03, val/acc 4.238e-01, val/nll 2.171e+00
[2023-02-04 21:29:26] [Epoch    44/  500] trn/loss 1.578e+00, trn/lr 9.814e-03, val/acc 4.580e-01, val/nll 1.983e+00 (best_acc: 4.576e-01 -> 4.580e-01, test_acc: 4.584e-01, test_nll: 1.975e+00)
[2023-02-04 21:29:32] [Epoch    45/  500] trn/loss 1.597e+00, trn/lr 9.806e-03, val/acc 4.674e-01, val/nll 2.007e+00 (best_acc: 4.580e-01 -> 4.674e-01, test_acc: 4.782e-01, test_nll: 1.985e+00)
[2023-02-04 21:29:37] [Epoch    46/  500] trn/loss 1.566e+00, trn/lr 9.797e-03, val/acc 3.704e-01, val/nll 2.579e+00
[2023-02-04 21:29:42] [Epoch    47/  500] trn/loss 1.570e+00, trn/lr 9.788e-03, val/acc 4.548e-01, val/nll 2.055e+00
[2023-02-04 21:29:47] [Epoch    48/  500] trn/loss 1.582e+00, trn/lr 9.779e-03, val/acc 4.371e-01, val/nll 2.167e+00
[2023-02-04 21:29:53] [Epoch    49/  500] trn/loss 1.559e+00, trn/lr 9.770e-03, val/acc 4.320e-01, val/nll 2.181e+00
[2023-02-04 21:29:58] [Epoch    50/  500] trn/loss 1.556e+00, trn/lr 9.760e-03, val/acc 4.462e-01, val/nll 2.250e+00
[2023-02-04 21:30:03] [Epoch    51/  500] trn/loss 1.571e+00, trn/lr 9.750e-03, val/acc 4.803e-01, val/nll 1.933e+00 (best_acc: 4.674e-01 -> 4.803e-01, test_acc: 4.816e-01, test_nll: 1.922e+00)
[2023-02-04 21:30:09] [Epoch    52/  500] trn/loss 1.546e+00, trn/lr 9.741e-03, val/acc 3.649e-01, val/nll 2.700e+00
[2023-02-04 21:30:14] [Epoch    53/  500] trn/loss 1.542e+00, trn/lr 9.730e-03, val/acc 4.658e-01, val/nll 2.032e+00
[2023-02-04 21:30:19] [Epoch    54/  500] trn/loss 1.545e+00, trn/lr 9.720e-03, val/acc 4.587e-01, val/nll 2.075e+00
[2023-02-04 21:30:24] [Epoch    55/  500] trn/loss 1.540e+00, trn/lr 9.710e-03, val/acc 4.504e-01, val/nll 2.059e+00
[2023-02-04 21:30:29] [Epoch    56/  500] trn/loss 1.541e+00, trn/lr 9.699e-03, val/acc 4.217e-01, val/nll 2.323e+00
[2023-02-04 21:30:35] [Epoch    57/  500] trn/loss 1.534e+00, trn/lr 9.688e-03, val/acc 4.808e-01, val/nll 1.903e+00 (best_acc: 4.803e-01 -> 4.808e-01, test_acc: 4.931e-01, test_nll: 1.856e+00)
[2023-02-04 21:30:40] [Epoch    58/  500] trn/loss 1.519e+00, trn/lr 9.677e-03, val/acc 4.084e-01, val/nll 2.376e+00
[2023-02-04 21:30:45] [Epoch    59/  500] trn/loss 1.522e+00, trn/lr 9.666e-03, val/acc 4.469e-01, val/nll 2.092e+00
[2023-02-04 21:30:51] [Epoch    60/  500] trn/loss 1.535e+00, trn/lr 9.655e-03, val/acc 4.994e-01, val/nll 1.887e+00 (best_acc: 4.808e-01 -> 4.994e-01, test_acc: 4.986e-01, test_nll: 1.849e+00)
[2023-02-04 21:30:56] [Epoch    61/  500] trn/loss 1.524e+00, trn/lr 9.643e-03, val/acc 4.622e-01, val/nll 2.043e+00
[2023-02-04 21:31:01] [Epoch    62/  500] trn/loss 1.520e+00, trn/lr 9.631e-03, val/acc 4.586e-01, val/nll 2.047e+00
[2023-02-04 21:31:06] [Epoch    63/  500] trn/loss 1.510e+00, trn/lr 9.619e-03, val/acc 4.375e-01, val/nll 2.185e+00
[2023-02-04 21:31:11] [Epoch    64/  500] trn/loss 1.512e+00, trn/lr 9.607e-03, val/acc 4.671e-01, val/nll 2.002e+00
[2023-02-04 21:31:17] [Epoch    65/  500] trn/loss 1.496e+00, trn/lr 9.595e-03, val/acc 4.873e-01, val/nll 1.952e+00
[2023-02-04 21:31:22] [Epoch    66/  500] trn/loss 1.524e+00, trn/lr 9.583e-03, val/acc 4.549e-01, val/nll 2.108e+00
[2023-02-04 21:31:27] [Epoch    67/  500] trn/loss 1.515e+00, trn/lr 9.570e-03, val/acc 4.381e-01, val/nll 2.160e+00
[2023-02-04 21:31:32] [Epoch    68/  500] trn/loss 1.484e+00, trn/lr 9.557e-03, val/acc 4.747e-01, val/nll 1.982e+00
[2023-02-04 21:31:38] [Epoch    69/  500] trn/loss 1.480e+00, trn/lr 9.544e-03, val/acc 4.405e-01, val/nll 2.164e+00
[2023-02-04 21:31:43] [Epoch    70/  500] trn/loss 1.518e+00, trn/lr 9.531e-03, val/acc 4.613e-01, val/nll 2.043e+00
[2023-02-04 21:31:48] [Epoch    71/  500] trn/loss 1.502e+00, trn/lr 9.517e-03, val/acc 4.634e-01, val/nll 1.991e+00
[2023-02-04 21:31:53] [Epoch    72/  500] trn/loss 1.481e+00, trn/lr 9.504e-03, val/acc 4.673e-01, val/nll 2.039e+00
[2023-02-04 21:31:58] [Epoch    73/  500] trn/loss 1.484e+00, trn/lr 9.490e-03, val/acc 4.685e-01, val/nll 1.990e+00
[2023-02-04 21:32:04] [Epoch    74/  500] trn/loss 1.481e+00, trn/lr 9.476e-03, val/acc 4.573e-01, val/nll 2.072e+00
[2023-02-04 21:32:09] [Epoch    75/  500] trn/loss 1.482e+00, trn/lr 9.462e-03, val/acc 4.772e-01, val/nll 1.984e+00
[2023-02-04 21:32:14] [Epoch    76/  500] trn/loss 1.490e+00, trn/lr 9.448e-03, val/acc 4.866e-01, val/nll 1.887e+00
[2023-02-04 21:32:19] [Epoch    77/  500] trn/loss 1.481e+00, trn/lr 9.433e-03, val/acc 4.837e-01, val/nll 1.913e+00
[2023-02-04 21:32:24] [Epoch    78/  500] trn/loss 1.483e+00, trn/lr 9.419e-03, val/acc 4.424e-01, val/nll 2.190e+00
[2023-02-04 21:32:29] [Epoch    79/  500] trn/loss 1.472e+00, trn/lr 9.404e-03, val/acc 4.854e-01, val/nll 1.921e+00
[2023-02-04 21:32:35] [Epoch    80/  500] trn/loss 1.467e+00, trn/lr 9.389e-03, val/acc 4.331e-01, val/nll 2.145e+00
[2023-02-04 21:32:40] [Epoch    81/  500] trn/loss 1.483e+00, trn/lr 9.374e-03, val/acc 4.293e-01, val/nll 2.205e+00
[2023-02-04 21:32:45] [Epoch    82/  500] trn/loss 1.479e+00, trn/lr 9.359e-03, val/acc 4.890e-01, val/nll 1.901e+00
[2023-02-04 21:32:50] [Epoch    83/  500] trn/loss 1.467e+00, trn/lr 9.343e-03, val/acc 4.754e-01, val/nll 1.952e+00
[2023-02-04 21:32:55] [Epoch    84/  500] trn/loss 1.454e+00, trn/lr 9.328e-03, val/acc 4.685e-01, val/nll 2.013e+00
[2023-02-04 21:33:01] [Epoch    85/  500] trn/loss 1.449e+00, trn/lr 9.312e-03, val/acc 4.835e-01, val/nll 1.922e+00
[2023-02-04 21:33:06] [Epoch    86/  500] trn/loss 1.452e+00, trn/lr 9.296e-03, val/acc 4.629e-01, val/nll 2.047e+00
[2023-02-04 21:33:11] [Epoch    87/  500] trn/loss 1.455e+00, trn/lr 9.280e-03, val/acc 4.549e-01, val/nll 2.085e+00
[2023-02-04 21:33:16] [Epoch    88/  500] trn/loss 1.465e+00, trn/lr 9.263e-03, val/acc 4.904e-01, val/nll 1.891e+00
[2023-02-04 21:33:21] [Epoch    89/  500] trn/loss 1.455e+00, trn/lr 9.247e-03, val/acc 4.659e-01, val/nll 2.070e+00
[2023-02-04 21:33:27] [Epoch    90/  500] trn/loss 1.429e+00, trn/lr 9.230e-03, val/acc 4.929e-01, val/nll 1.840e+00
[2023-02-04 21:33:32] [Epoch    91/  500] trn/loss 1.445e+00, trn/lr 9.213e-03, val/acc 4.208e-01, val/nll 2.316e+00
[2023-02-04 21:33:37] [Epoch    92/  500] trn/loss 1.455e+00, trn/lr 9.196e-03, val/acc 5.037e-01, val/nll 1.833e+00 (best_acc: 4.994e-01 -> 5.037e-01, test_acc: 5.011e-01, test_nll: 1.850e+00)
[2023-02-04 21:33:43] [Epoch    93/  500] trn/loss 1.443e+00, trn/lr 9.179e-03, val/acc 4.223e-01, val/nll 2.229e+00
[2023-02-04 21:33:48] [Epoch    94/  500] trn/loss 1.428e+00, trn/lr 9.162e-03, val/acc 4.636e-01, val/nll 2.029e+00
[2023-02-04 21:33:53] [Epoch    95/  500] trn/loss 1.451e+00, trn/lr 9.144e-03, val/acc 4.642e-01, val/nll 2.083e+00
[2023-02-04 21:33:58] [Epoch    96/  500] trn/loss 1.453e+00, trn/lr 9.127e-03, val/acc 4.993e-01, val/nll 1.849e+00
[2023-02-04 21:34:03] [Epoch    97/  500] trn/loss 1.425e+00, trn/lr 9.109e-03, val/acc 4.243e-01, val/nll 2.247e+00
[2023-02-04 21:34:09] [Epoch    98/  500] trn/loss 1.432e+00, trn/lr 9.091e-03, val/acc 4.559e-01, val/nll 2.133e+00
[2023-02-04 21:34:14] [Epoch    99/  500] trn/loss 1.429e+00, trn/lr 9.073e-03, val/acc 4.864e-01, val/nll 1.888e+00
[2023-02-04 21:34:19] [Epoch   100/  500] trn/loss 1.432e+00, trn/lr 9.054e-03, val/acc 4.834e-01, val/nll 1.919e+00
[2023-02-04 21:34:24] [Epoch   101/  500] trn/loss 1.433e+00, trn/lr 9.036e-03, val/acc 4.558e-01, val/nll 2.116e+00
[2023-02-04 21:34:29] [Epoch   102/  500] trn/loss 1.439e+00, trn/lr 9.017e-03, val/acc 4.232e-01, val/nll 2.286e+00
[2023-02-04 21:34:34] [Epoch   103/  500] trn/loss 1.417e+00, trn/lr 8.998e-03, val/acc 4.850e-01, val/nll 1.955e+00
[2023-02-04 21:34:40] [Epoch   104/  500] trn/loss 1.418e+00, trn/lr 8.980e-03, val/acc 5.048e-01, val/nll 1.845e+00 (best_acc: 5.037e-01 -> 5.048e-01, test_acc: 5.090e-01, test_nll: 1.843e+00)
[2023-02-04 21:34:45] [Epoch   105/  500] trn/loss 1.414e+00, trn/lr 8.960e-03, val/acc 4.770e-01, val/nll 1.991e+00
[2023-02-04 21:34:50] [Epoch   106/  500] trn/loss 1.415e+00, trn/lr 8.941e-03, val/acc 4.934e-01, val/nll 1.938e+00
[2023-02-04 21:34:56] [Epoch   107/  500] trn/loss 1.417e+00, trn/lr 8.922e-03, val/acc 4.915e-01, val/nll 1.934e+00
[2023-02-04 21:35:01] [Epoch   108/  500] trn/loss 1.408e+00, trn/lr 8.902e-03, val/acc 4.468e-01, val/nll 2.122e+00
[2023-02-04 21:35:06] [Epoch   109/  500] trn/loss 1.415e+00, trn/lr 8.882e-03, val/acc 4.803e-01, val/nll 1.997e+00
[2023-02-04 21:35:11] [Epoch   110/  500] trn/loss 1.414e+00, trn/lr 8.863e-03, val/acc 4.909e-01, val/nll 1.885e+00
[2023-02-04 21:35:16] [Epoch   111/  500] trn/loss 1.407e+00, trn/lr 8.843e-03, val/acc 4.928e-01, val/nll 1.925e+00
[2023-02-04 21:35:22] [Epoch   112/  500] trn/loss 1.413e+00, trn/lr 8.822e-03, val/acc 4.846e-01, val/nll 1.950e+00
[2023-02-04 21:35:27] [Epoch   113/  500] trn/loss 1.404e+00, trn/lr 8.802e-03, val/acc 4.846e-01, val/nll 1.933e+00
[2023-02-04 21:35:32] [Epoch   114/  500] trn/loss 1.412e+00, trn/lr 8.782e-03, val/acc 4.725e-01, val/nll 2.044e+00
[2023-02-04 21:35:37] [Epoch   115/  500] trn/loss 1.417e+00, trn/lr 8.761e-03, val/acc 4.833e-01, val/nll 2.017e+00
[2023-02-04 21:35:42] [Epoch   116/  500] trn/loss 1.399e+00, trn/lr 8.740e-03, val/acc 4.928e-01, val/nll 1.927e+00
[2023-02-04 21:35:48] [Epoch   117/  500] trn/loss 1.397e+00, trn/lr 8.719e-03, val/acc 5.066e-01, val/nll 1.823e+00 (best_acc: 5.048e-01 -> 5.066e-01, test_acc: 5.159e-01, test_nll: 1.795e+00)
[2023-02-04 21:35:53] [Epoch   118/  500] trn/loss 1.405e+00, trn/lr 8.698e-03, val/acc 4.912e-01, val/nll 1.908e+00
[2023-02-04 21:35:58] [Epoch   119/  500] trn/loss 1.395e+00, trn/lr 8.677e-03, val/acc 4.784e-01, val/nll 2.013e+00
[2023-02-04 21:36:04] [Epoch   120/  500] trn/loss 1.383e+00, trn/lr 8.656e-03, val/acc 4.377e-01, val/nll 2.237e+00
[2023-02-04 21:36:09] [Epoch   121/  500] trn/loss 1.397e+00, trn/lr 8.634e-03, val/acc 4.946e-01, val/nll 1.883e+00
[2023-02-04 21:36:14] [Epoch   122/  500] trn/loss 1.387e+00, trn/lr 8.612e-03, val/acc 4.779e-01, val/nll 1.970e+00
[2023-02-04 21:36:19] [Epoch   123/  500] trn/loss 1.397e+00, trn/lr 8.591e-03, val/acc 4.941e-01, val/nll 1.899e+00
[2023-02-04 21:36:24] [Epoch   124/  500] trn/loss 1.387e+00, trn/lr 8.569e-03, val/acc 5.042e-01, val/nll 1.810e+00
[2023-02-04 21:36:30] [Epoch   125/  500] trn/loss 1.377e+00, trn/lr 8.547e-03, val/acc 4.969e-01, val/nll 1.902e+00
[2023-02-04 21:36:35] [Epoch   126/  500] trn/loss 1.378e+00, trn/lr 8.524e-03, val/acc 5.021e-01, val/nll 1.887e+00
[2023-02-04 21:36:40] [Epoch   127/  500] trn/loss 1.381e+00, trn/lr 8.502e-03, val/acc 4.399e-01, val/nll 2.243e+00
[2023-02-04 21:36:45] [Epoch   128/  500] trn/loss 1.390e+00, trn/lr 8.480e-03, val/acc 4.933e-01, val/nll 1.895e+00
[2023-02-04 21:36:50] [Epoch   129/  500] trn/loss 1.393e+00, trn/lr 8.457e-03, val/acc 4.657e-01, val/nll 2.074e+00
[2023-02-04 21:36:56] [Epoch   130/  500] trn/loss 1.373e+00, trn/lr 8.434e-03, val/acc 5.180e-01, val/nll 1.827e+00 (best_acc: 5.066e-01 -> 5.180e-01, test_acc: 5.208e-01, test_nll: 1.792e+00)
[2023-02-04 21:37:01] [Epoch   131/  500] trn/loss 1.368e+00, trn/lr 8.411e-03, val/acc 5.115e-01, val/nll 1.844e+00
[2023-02-04 21:37:06] [Epoch   132/  500] trn/loss 1.371e+00, trn/lr 8.388e-03, val/acc 4.908e-01, val/nll 1.891e+00
[2023-02-04 21:37:11] [Epoch   133/  500] trn/loss 1.366e+00, trn/lr 8.365e-03, val/acc 5.108e-01, val/nll 1.846e+00
[2023-02-04 21:37:17] [Epoch   134/  500] trn/loss 1.376e+00, trn/lr 8.342e-03, val/acc 4.639e-01, val/nll 2.095e+00
[2023-02-04 21:37:22] [Epoch   135/  500] trn/loss 1.373e+00, trn/lr 8.318e-03, val/acc 4.665e-01, val/nll 2.124e+00
[2023-02-04 21:37:27] [Epoch   136/  500] trn/loss 1.357e+00, trn/lr 8.295e-03, val/acc 5.174e-01, val/nll 1.821e+00
[2023-02-04 21:37:32] [Epoch   137/  500] trn/loss 1.368e+00, trn/lr 8.271e-03, val/acc 4.697e-01, val/nll 2.025e+00
[2023-02-04 21:37:37] [Epoch   138/  500] trn/loss 1.378e+00, trn/lr 8.247e-03, val/acc 4.960e-01, val/nll 1.942e+00
[2023-02-04 21:37:42] [Epoch   139/  500] trn/loss 1.366e+00, trn/lr 8.223e-03, val/acc 4.998e-01, val/nll 1.839e+00
[2023-02-04 21:37:48] [Epoch   140/  500] trn/loss 1.351e+00, trn/lr 8.199e-03, val/acc 4.632e-01, val/nll 2.053e+00
[2023-02-04 21:37:53] [Epoch   141/  500] trn/loss 1.330e+00, trn/lr 8.175e-03, val/acc 4.678e-01, val/nll 2.102e+00
[2023-02-04 21:37:58] [Epoch   142/  500] trn/loss 1.372e+00, trn/lr 8.151e-03, val/acc 4.765e-01, val/nll 1.981e+00
[2023-02-04 21:38:03] [Epoch   143/  500] trn/loss 1.361e+00, trn/lr 8.126e-03, val/acc 4.806e-01, val/nll 2.001e+00
[2023-02-04 21:38:08] [Epoch   144/  500] trn/loss 1.368e+00, trn/lr 8.102e-03, val/acc 4.940e-01, val/nll 1.880e+00
[2023-02-04 21:38:14] [Epoch   145/  500] trn/loss 1.336e+00, trn/lr 8.077e-03, val/acc 4.860e-01, val/nll 1.951e+00
[2023-02-04 21:38:19] [Epoch   146/  500] trn/loss 1.353e+00, trn/lr 8.052e-03, val/acc 4.887e-01, val/nll 1.905e+00
[2023-02-04 21:38:24] [Epoch   147/  500] trn/loss 1.352e+00, trn/lr 8.027e-03, val/acc 5.361e-01, val/nll 1.716e+00 (best_acc: 5.180e-01 -> 5.361e-01, test_acc: 5.328e-01, test_nll: 1.716e+00)
[2023-02-04 21:38:29] [Epoch   148/  500] trn/loss 1.352e+00, trn/lr 8.002e-03, val/acc 5.033e-01, val/nll 1.858e+00
[2023-02-04 21:38:35] [Epoch   149/  500] trn/loss 1.328e+00, trn/lr 7.977e-03, val/acc 5.046e-01, val/nll 1.848e+00
[2023-02-04 21:38:40] [Epoch   150/  500] trn/loss 1.346e+00, trn/lr 7.952e-03, val/acc 4.799e-01, val/nll 1.960e+00
[2023-02-04 21:38:45] [Epoch   151/  500] trn/loss 1.342e+00, trn/lr 7.926e-03, val/acc 5.121e-01, val/nll 1.855e+00
[2023-02-04 21:38:50] [Epoch   152/  500] trn/loss 1.320e+00, trn/lr 7.901e-03, val/acc 4.748e-01, val/nll 2.014e+00
[2023-02-04 21:38:55] [Epoch   153/  500] trn/loss 1.346e+00, trn/lr 7.875e-03, val/acc 5.327e-01, val/nll 1.756e+00
[2023-02-04 21:39:01] [Epoch   154/  500] trn/loss 1.330e+00, trn/lr 7.849e-03, val/acc 5.070e-01, val/nll 1.856e+00
[2023-02-04 21:39:06] [Epoch   155/  500] trn/loss 1.310e+00, trn/lr 7.823e-03, val/acc 5.248e-01, val/nll 1.730e+00
[2023-02-04 21:39:11] [Epoch   156/  500] trn/loss 1.329e+00, trn/lr 7.797e-03, val/acc 5.194e-01, val/nll 1.805e+00
[2023-02-04 21:39:16] [Epoch   157/  500] trn/loss 1.326e+00, trn/lr 7.771e-03, val/acc 5.259e-01, val/nll 1.730e+00
[2023-02-04 21:39:21] [Epoch   158/  500] trn/loss 1.300e+00, trn/lr 7.745e-03, val/acc 5.159e-01, val/nll 1.791e+00
[2023-02-04 21:39:27] [Epoch   159/  500] trn/loss 1.327e+00, trn/lr 7.719e-03, val/acc 4.914e-01, val/nll 1.960e+00
[2023-02-04 21:39:32] [Epoch   160/  500] trn/loss 1.326e+00, trn/lr 7.692e-03, val/acc 5.033e-01, val/nll 1.879e+00
[2023-02-04 21:39:37] [Epoch   161/  500] trn/loss 1.321e+00, trn/lr 7.666e-03, val/acc 5.115e-01, val/nll 1.802e+00
[2023-02-04 21:39:42] [Epoch   162/  500] trn/loss 1.311e+00, trn/lr 7.639e-03, val/acc 4.240e-01, val/nll 2.399e+00
[2023-02-04 21:39:47] [Epoch   163/  500] trn/loss 1.325e+00, trn/lr 7.613e-03, val/acc 5.018e-01, val/nll 1.806e+00
[2023-02-04 21:39:53] [Epoch   164/  500] trn/loss 1.316e+00, trn/lr 7.586e-03, val/acc 5.254e-01, val/nll 1.764e+00
[2023-02-04 21:39:58] [Epoch   165/  500] trn/loss 1.294e+00, trn/lr 7.559e-03, val/acc 5.301e-01, val/nll 1.732e+00
[2023-02-04 21:40:03] [Epoch   166/  500] trn/loss 1.298e+00, trn/lr 7.532e-03, val/acc 5.060e-01, val/nll 1.809e+00
[2023-02-04 21:40:08] [Epoch   167/  500] trn/loss 1.304e+00, trn/lr 7.505e-03, val/acc 5.148e-01, val/nll 1.847e+00
[2023-02-04 21:40:13] [Epoch   168/  500] trn/loss 1.296e+00, trn/lr 7.477e-03, val/acc 5.184e-01, val/nll 1.807e+00
[2023-02-04 21:40:19] [Epoch   169/  500] trn/loss 1.316e+00, trn/lr 7.450e-03, val/acc 5.210e-01, val/nll 1.818e+00
[2023-02-04 21:40:24] [Epoch   170/  500] trn/loss 1.308e+00, trn/lr 7.423e-03, val/acc 5.291e-01, val/nll 1.720e+00
[2023-02-04 21:40:29] [Epoch   171/  500] trn/loss 1.287e+00, trn/lr 7.395e-03, val/acc 5.074e-01, val/nll 1.842e+00
[2023-02-04 21:40:34] [Epoch   172/  500] trn/loss 1.280e+00, trn/lr 7.367e-03, val/acc 5.261e-01, val/nll 1.753e+00
[2023-02-04 21:40:39] [Epoch   173/  500] trn/loss 1.281e+00, trn/lr 7.340e-03, val/acc 4.602e-01, val/nll 2.156e+00
[2023-02-04 21:40:44] [Epoch   174/  500] trn/loss 1.288e+00, trn/lr 7.312e-03, val/acc 4.937e-01, val/nll 1.950e+00
[2023-02-04 21:40:50] [Epoch   175/  500] trn/loss 1.274e+00, trn/lr 7.284e-03, val/acc 5.052e-01, val/nll 1.856e+00
[2023-02-04 21:40:55] [Epoch   176/  500] trn/loss 1.278e+00, trn/lr 7.256e-03, val/acc 5.143e-01, val/nll 1.841e+00
[2023-02-04 21:41:00] [Epoch   177/  500] trn/loss 1.276e+00, trn/lr 7.228e-03, val/acc 5.014e-01, val/nll 1.909e+00
[2023-02-04 21:41:06] [Epoch   178/  500] trn/loss 1.289e+00, trn/lr 7.200e-03, val/acc 5.394e-01, val/nll 1.687e+00 (best_acc: 5.361e-01 -> 5.394e-01, test_acc: 5.396e-01, test_nll: 1.678e+00)
[2023-02-04 21:41:11] [Epoch   179/  500] trn/loss 1.268e+00, trn/lr 7.172e-03, val/acc 4.987e-01, val/nll 1.962e+00
[2023-02-04 21:41:16] [Epoch   180/  500] trn/loss 1.276e+00, trn/lr 7.143e-03, val/acc 5.429e-01, val/nll 1.703e+00 (best_acc: 5.394e-01 -> 5.429e-01, test_acc: 5.422e-01, test_nll: 1.693e+00)
[2023-02-04 21:41:22] [Epoch   181/  500] trn/loss 1.266e+00, trn/lr 7.115e-03, val/acc 5.102e-01, val/nll 1.843e+00
[2023-02-04 21:41:27] [Epoch   182/  500] trn/loss 1.276e+00, trn/lr 7.086e-03, val/acc 5.249e-01, val/nll 1.799e+00
[2023-02-04 21:41:32] [Epoch   183/  500] trn/loss 1.275e+00, trn/lr 7.058e-03, val/acc 5.191e-01, val/nll 1.776e+00
[2023-02-04 21:41:37] [Epoch   184/  500] trn/loss 1.258e+00, trn/lr 7.029e-03, val/acc 5.333e-01, val/nll 1.731e+00
[2023-02-04 21:41:42] [Epoch   185/  500] trn/loss 1.263e+00, trn/lr 7.000e-03, val/acc 4.582e-01, val/nll 2.203e+00
[2023-02-04 21:41:48] [Epoch   186/  500] trn/loss 1.265e+00, trn/lr 6.971e-03, val/acc 5.061e-01, val/nll 1.875e+00
[2023-02-04 21:41:53] [Epoch   187/  500] trn/loss 1.258e+00, trn/lr 6.942e-03, val/acc 5.211e-01, val/nll 1.797e+00
[2023-02-04 21:41:58] [Epoch   188/  500] trn/loss 1.256e+00, trn/lr 6.914e-03, val/acc 4.633e-01, val/nll 2.114e+00
[2023-02-04 21:42:03] [Epoch   189/  500] trn/loss 1.262e+00, trn/lr 6.884e-03, val/acc 5.020e-01, val/nll 1.915e+00
[2023-02-04 21:42:08] [Epoch   190/  500] trn/loss 1.254e+00, trn/lr 6.855e-03, val/acc 5.077e-01, val/nll 1.877e+00
[2023-02-04 21:42:13] [Epoch   191/  500] trn/loss 1.258e+00, trn/lr 6.826e-03, val/acc 4.845e-01, val/nll 2.055e+00
[2023-02-04 21:42:19] [Epoch   192/  500] trn/loss 1.267e+00, trn/lr 6.797e-03, val/acc 4.977e-01, val/nll 1.915e+00
[2023-02-04 21:42:24] [Epoch   193/  500] trn/loss 1.257e+00, trn/lr 6.767e-03, val/acc 5.324e-01, val/nll 1.769e+00
[2023-02-04 21:42:29] [Epoch   194/  500] trn/loss 1.236e+00, trn/lr 6.738e-03, val/acc 5.267e-01, val/nll 1.759e+00
[2023-02-04 21:42:34] [Epoch   195/  500] trn/loss 1.250e+00, trn/lr 6.709e-03, val/acc 5.244e-01, val/nll 1.804e+00
[2023-02-04 21:42:39] [Epoch   196/  500] trn/loss 1.249e+00, trn/lr 6.679e-03, val/acc 5.096e-01, val/nll 1.804e+00
[2023-02-04 21:42:45] [Epoch   197/  500] trn/loss 1.250e+00, trn/lr 6.649e-03, val/acc 5.060e-01, val/nll 1.887e+00
[2023-02-04 21:42:50] [Epoch   198/  500] trn/loss 1.226e+00, trn/lr 6.620e-03, val/acc 5.389e-01, val/nll 1.778e+00
[2023-02-04 21:42:55] [Epoch   199/  500] trn/loss 1.244e+00, trn/lr 6.590e-03, val/acc 5.281e-01, val/nll 1.769e+00
[2023-02-04 21:43:00] [Epoch   200/  500] trn/loss 1.230e+00, trn/lr 6.560e-03, val/acc 5.400e-01, val/nll 1.705e+00
[2023-02-04 21:43:06] [Epoch   201/  500] trn/loss 1.232e+00, trn/lr 6.530e-03, val/acc 5.570e-01, val/nll 1.627e+00 (best_acc: 5.429e-01 -> 5.570e-01, test_acc: 5.560e-01, test_nll: 1.618e+00)
[2023-02-04 21:43:11] [Epoch   202/  500] trn/loss 1.230e+00, trn/lr 6.500e-03, val/acc 5.423e-01, val/nll 1.704e+00
[2023-02-04 21:43:16] [Epoch   203/  500] trn/loss 1.233e+00, trn/lr 6.470e-03, val/acc 5.281e-01, val/nll 1.746e+00
[2023-02-04 21:43:21] [Epoch   204/  500] trn/loss 1.223e+00, trn/lr 6.440e-03, val/acc 5.348e-01, val/nll 1.747e+00
[2023-02-04 21:43:27] [Epoch   205/  500] trn/loss 1.205e+00, trn/lr 6.410e-03, val/acc 5.065e-01, val/nll 1.853e+00
[2023-02-04 21:43:32] [Epoch   206/  500] trn/loss 1.211e+00, trn/lr 6.380e-03, val/acc 5.628e-01, val/nll 1.582e+00 (best_acc: 5.570e-01 -> 5.628e-01, test_acc: 5.642e-01, test_nll: 1.575e+00)
[2023-02-04 21:43:37] [Epoch   207/  500] trn/loss 1.198e+00, trn/lr 6.350e-03, val/acc 5.491e-01, val/nll 1.671e+00
[2023-02-04 21:43:42] [Epoch   208/  500] trn/loss 1.217e+00, trn/lr 6.319e-03, val/acc 5.304e-01, val/nll 1.763e+00
[2023-02-04 21:43:48] [Epoch   209/  500] trn/loss 1.215e+00, trn/lr 6.289e-03, val/acc 5.585e-01, val/nll 1.644e+00
[2023-02-04 21:43:53] [Epoch   210/  500] trn/loss 1.198e+00, trn/lr 6.259e-03, val/acc 5.233e-01, val/nll 1.793e+00
[2023-02-04 21:43:58] [Epoch   211/  500] trn/loss 1.199e+00, trn/lr 6.228e-03, val/acc 5.367e-01, val/nll 1.733e+00
[2023-02-04 21:44:03] [Epoch   212/  500] trn/loss 1.197e+00, trn/lr 6.198e-03, val/acc 4.855e-01, val/nll 2.005e+00
[2023-02-04 21:44:08] [Epoch   213/  500] trn/loss 1.191e+00, trn/lr 6.167e-03, val/acc 5.326e-01, val/nll 1.741e+00
[2023-02-04 21:44:14] [Epoch   214/  500] trn/loss 1.185e+00, trn/lr 6.137e-03, val/acc 4.899e-01, val/nll 2.084e+00
[2023-02-04 21:44:19] [Epoch   215/  500] trn/loss 1.180e+00, trn/lr 6.106e-03, val/acc 5.444e-01, val/nll 1.681e+00
[2023-02-04 21:44:24] [Epoch   216/  500] trn/loss 1.166e+00, trn/lr 6.075e-03, val/acc 5.366e-01, val/nll 1.736e+00
[2023-02-04 21:44:29] [Epoch   217/  500] trn/loss 1.200e+00, trn/lr 6.045e-03, val/acc 4.951e-01, val/nll 1.919e+00
[2023-02-04 21:44:35] [Epoch   218/  500] trn/loss 1.199e+00, trn/lr 6.014e-03, val/acc 5.229e-01, val/nll 1.804e+00
[2023-02-04 21:44:40] [Epoch   219/  500] trn/loss 1.189e+00, trn/lr 5.983e-03, val/acc 5.072e-01, val/nll 1.861e+00
[2023-02-04 21:44:45] [Epoch   220/  500] trn/loss 1.199e+00, trn/lr 5.952e-03, val/acc 5.652e-01, val/nll 1.597e+00 (best_acc: 5.628e-01 -> 5.652e-01, test_acc: 5.668e-01, test_nll: 1.582e+00)
[2023-02-04 21:44:50] [Epoch   221/  500] trn/loss 1.172e+00, trn/lr 5.922e-03, val/acc 5.351e-01, val/nll 1.750e+00
[2023-02-04 21:44:56] [Epoch   222/  500] trn/loss 1.166e+00, trn/lr 5.891e-03, val/acc 5.591e-01, val/nll 1.632e+00
[2023-02-04 21:45:01] [Epoch   223/  500] trn/loss 1.159e+00, trn/lr 5.860e-03, val/acc 5.308e-01, val/nll 1.743e+00
[2023-02-04 21:45:06] [Epoch   224/  500] trn/loss 1.180e+00, trn/lr 5.829e-03, val/acc 5.562e-01, val/nll 1.648e+00
[2023-02-04 21:45:11] [Epoch   225/  500] trn/loss 1.168e+00, trn/lr 5.798e-03, val/acc 5.438e-01, val/nll 1.722e+00
[2023-02-04 21:45:16] [Epoch   226/  500] trn/loss 1.152e+00, trn/lr 5.767e-03, val/acc 4.976e-01, val/nll 1.908e+00
[2023-02-04 21:45:22] [Epoch   227/  500] trn/loss 1.160e+00, trn/lr 5.736e-03, val/acc 5.437e-01, val/nll 1.712e+00
[2023-02-04 21:45:27] [Epoch   228/  500] trn/loss 1.145e+00, trn/lr 5.705e-03, val/acc 4.863e-01, val/nll 2.013e+00
[2023-02-04 21:45:32] [Epoch   229/  500] trn/loss 1.142e+00, trn/lr 5.673e-03, val/acc 5.459e-01, val/nll 1.722e+00
[2023-02-04 21:45:37] [Epoch   230/  500] trn/loss 1.149e+00, trn/lr 5.642e-03, val/acc 5.302e-01, val/nll 1.758e+00
[2023-02-04 21:45:42] [Epoch   231/  500] trn/loss 1.146e+00, trn/lr 5.611e-03, val/acc 5.218e-01, val/nll 1.776e+00
[2023-02-04 21:45:48] [Epoch   232/  500] trn/loss 1.160e+00, trn/lr 5.580e-03, val/acc 5.583e-01, val/nll 1.627e+00
[2023-02-04 21:45:53] [Epoch   233/  500] trn/loss 1.146e+00, trn/lr 5.549e-03, val/acc 5.133e-01, val/nll 1.885e+00
[2023-02-04 21:45:58] [Epoch   234/  500] trn/loss 1.136e+00, trn/lr 5.518e-03, val/acc 5.467e-01, val/nll 1.703e+00
[2023-02-04 21:46:03] [Epoch   235/  500] trn/loss 1.135e+00, trn/lr 5.486e-03, val/acc 5.616e-01, val/nll 1.634e+00
[2023-02-04 21:46:08] [Epoch   236/  500] trn/loss 1.120e+00, trn/lr 5.455e-03, val/acc 5.321e-01, val/nll 1.810e+00
[2023-02-04 21:46:14] [Epoch   237/  500] trn/loss 1.137e+00, trn/lr 5.424e-03, val/acc 5.345e-01, val/nll 1.752e+00
[2023-02-04 21:46:19] [Epoch   238/  500] trn/loss 1.123e+00, trn/lr 5.392e-03, val/acc 5.461e-01, val/nll 1.698e+00
[2023-02-04 21:46:24] [Epoch   239/  500] trn/loss 1.115e+00, trn/lr 5.361e-03, val/acc 5.369e-01, val/nll 1.774e+00
[2023-02-04 21:46:29] [Epoch   240/  500] trn/loss 1.116e+00, trn/lr 5.330e-03, val/acc 5.452e-01, val/nll 1.680e+00
[2023-02-04 21:46:34] [Epoch   241/  500] trn/loss 1.123e+00, trn/lr 5.298e-03, val/acc 5.258e-01, val/nll 1.846e+00
[2023-02-04 21:46:40] [Epoch   242/  500] trn/loss 1.117e+00, trn/lr 5.267e-03, val/acc 4.955e-01, val/nll 1.988e+00
[2023-02-04 21:46:45] [Epoch   243/  500] trn/loss 1.110e+00, trn/lr 5.236e-03, val/acc 5.706e-01, val/nll 1.607e+00 (best_acc: 5.652e-01 -> 5.706e-01, test_acc: 5.706e-01, test_nll: 1.574e+00)
[2023-02-04 21:46:51] [Epoch   244/  500] trn/loss 1.111e+00, trn/lr 5.204e-03, val/acc 5.737e-01, val/nll 1.530e+00 (best_acc: 5.706e-01 -> 5.737e-01, test_acc: 5.827e-01, test_nll: 1.529e+00)
[2023-02-04 21:46:56] [Epoch   245/  500] trn/loss 1.118e+00, trn/lr 5.173e-03, val/acc 5.749e-01, val/nll 1.582e+00 (best_acc: 5.737e-01 -> 5.749e-01, test_acc: 5.766e-01, test_nll: 1.569e+00)
[2023-02-04 21:47:01] [Epoch   246/  500] trn/loss 1.102e+00, trn/lr 5.141e-03, val/acc 5.218e-01, val/nll 1.846e+00
[2023-02-04 21:47:07] [Epoch   247/  500] trn/loss 1.103e+00, trn/lr 5.110e-03, val/acc 5.558e-01, val/nll 1.699e+00
[2023-02-04 21:47:12] [Epoch   248/  500] trn/loss 1.099e+00, trn/lr 5.079e-03, val/acc 5.571e-01, val/nll 1.688e+00
[2023-02-04 21:47:17] [Epoch   249/  500] trn/loss 1.079e+00, trn/lr 5.047e-03, val/acc 5.325e-01, val/nll 1.770e+00
[2023-02-04 21:47:22] [Epoch   250/  500] trn/loss 1.091e+00, trn/lr 5.016e-03, val/acc 5.231e-01, val/nll 1.849e+00
[2023-02-04 21:47:27] [Epoch   251/  500] trn/loss 1.095e+00, trn/lr 4.984e-03, val/acc 5.627e-01, val/nll 1.608e+00
[2023-02-04 21:47:33] [Epoch   252/  500] trn/loss 1.090e+00, trn/lr 4.953e-03, val/acc 5.357e-01, val/nll 1.744e+00
[2023-02-04 21:47:38] [Epoch   253/  500] trn/loss 1.093e+00, trn/lr 4.922e-03, val/acc 5.462e-01, val/nll 1.738e+00
[2023-02-04 21:47:43] [Epoch   254/  500] trn/loss 1.066e+00, trn/lr 4.890e-03, val/acc 5.725e-01, val/nll 1.585e+00
[2023-02-04 21:47:48] [Epoch   255/  500] trn/loss 1.074e+00, trn/lr 4.859e-03, val/acc 5.663e-01, val/nll 1.639e+00
[2023-02-04 21:47:53] [Epoch   256/  500] trn/loss 1.074e+00, trn/lr 4.827e-03, val/acc 5.564e-01, val/nll 1.680e+00
[2023-02-04 21:47:59] [Epoch   257/  500] trn/loss 1.054e+00, trn/lr 4.796e-03, val/acc 5.723e-01, val/nll 1.621e+00
[2023-02-04 21:48:04] [Epoch   258/  500] trn/loss 1.071e+00, trn/lr 4.765e-03, val/acc 5.517e-01, val/nll 1.706e+00
[2023-02-04 21:48:09] [Epoch   259/  500] trn/loss 1.066e+00, trn/lr 4.733e-03, val/acc 5.299e-01, val/nll 1.797e+00
[2023-02-04 21:48:14] [Epoch   260/  500] trn/loss 1.052e+00, trn/lr 4.702e-03, val/acc 5.348e-01, val/nll 1.746e+00
[2023-02-04 21:48:20] [Epoch   261/  500] trn/loss 1.057e+00, trn/lr 4.670e-03, val/acc 5.771e-01, val/nll 1.566e+00 (best_acc: 5.749e-01 -> 5.771e-01, test_acc: 5.758e-01, test_nll: 1.552e+00)
[2023-02-04 21:48:25] [Epoch   262/  500] trn/loss 1.061e+00, trn/lr 4.639e-03, val/acc 5.267e-01, val/nll 1.843e+00
[2023-02-04 21:48:30] [Epoch   263/  500] trn/loss 1.045e+00, trn/lr 4.608e-03, val/acc 5.509e-01, val/nll 1.692e+00
[2023-02-04 21:48:35] [Epoch   264/  500] trn/loss 1.071e+00, trn/lr 4.576e-03, val/acc 5.666e-01, val/nll 1.616e+00
[2023-02-04 21:48:41] [Epoch   265/  500] trn/loss 1.053e+00, trn/lr 4.545e-03, val/acc 5.677e-01, val/nll 1.635e+00
[2023-02-04 21:48:46] [Epoch   266/  500] trn/loss 1.036e+00, trn/lr 4.514e-03, val/acc 5.467e-01, val/nll 1.726e+00
[2023-02-04 21:48:51] [Epoch   267/  500] trn/loss 1.048e+00, trn/lr 4.483e-03, val/acc 5.390e-01, val/nll 1.811e+00
[2023-02-04 21:48:56] [Epoch   268/  500] trn/loss 1.037e+00, trn/lr 4.451e-03, val/acc 5.534e-01, val/nll 1.680e+00
[2023-02-04 21:49:01] [Epoch   269/  500] trn/loss 1.042e+00, trn/lr 4.420e-03, val/acc 5.644e-01, val/nll 1.628e+00
[2023-02-04 21:49:07] [Epoch   270/  500] trn/loss 1.039e+00, trn/lr 4.389e-03, val/acc 5.705e-01, val/nll 1.607e+00
[2023-02-04 21:49:12] [Epoch   271/  500] trn/loss 1.032e+00, trn/lr 4.358e-03, val/acc 5.663e-01, val/nll 1.612e+00
[2023-02-04 21:49:17] [Epoch   272/  500] trn/loss 1.012e+00, trn/lr 4.327e-03, val/acc 5.532e-01, val/nll 1.649e+00
[2023-02-04 21:49:22] [Epoch   273/  500] trn/loss 1.034e+00, trn/lr 4.296e-03, val/acc 5.605e-01, val/nll 1.660e+00
[2023-02-04 21:49:27] [Epoch   274/  500] trn/loss 1.012e+00, trn/lr 4.265e-03, val/acc 5.704e-01, val/nll 1.586e+00
[2023-02-04 21:49:32] [Epoch   275/  500] trn/loss 9.951e-01, trn/lr 4.233e-03, val/acc 5.647e-01, val/nll 1.677e+00
[2023-02-04 21:49:38] [Epoch   276/  500] trn/loss 1.005e+00, trn/lr 4.202e-03, val/acc 5.478e-01, val/nll 1.719e+00
[2023-02-04 21:49:43] [Epoch   277/  500] trn/loss 1.014e+00, trn/lr 4.171e-03, val/acc 5.760e-01, val/nll 1.590e+00
[2023-02-04 21:49:48] [Epoch   278/  500] trn/loss 9.956e-01, trn/lr 4.140e-03, val/acc 5.698e-01, val/nll 1.582e+00
[2023-02-04 21:49:53] [Epoch   279/  500] trn/loss 9.987e-01, trn/lr 4.110e-03, val/acc 5.706e-01, val/nll 1.584e+00
[2023-02-04 21:49:59] [Epoch   280/  500] trn/loss 9.879e-01, trn/lr 4.079e-03, val/acc 5.810e-01, val/nll 1.590e+00 (best_acc: 5.771e-01 -> 5.810e-01, test_acc: 5.829e-01, test_nll: 1.569e+00)
[2023-02-04 21:50:04] [Epoch   281/  500] trn/loss 9.947e-01, trn/lr 4.048e-03, val/acc 5.710e-01, val/nll 1.579e+00
[2023-02-04 21:50:09] [Epoch   282/  500] trn/loss 9.888e-01, trn/lr 4.017e-03, val/acc 5.555e-01, val/nll 1.680e+00
[2023-02-04 21:50:14] [Epoch   283/  500] trn/loss 9.839e-01, trn/lr 3.986e-03, val/acc 5.751e-01, val/nll 1.559e+00
[2023-02-04 21:50:19] [Epoch   284/  500] trn/loss 9.723e-01, trn/lr 3.955e-03, val/acc 5.698e-01, val/nll 1.620e+00
[2023-02-04 21:50:25] [Epoch   285/  500] trn/loss 9.724e-01, trn/lr 3.925e-03, val/acc 5.737e-01, val/nll 1.593e+00
[2023-02-04 21:50:30] [Epoch   286/  500] trn/loss 9.694e-01, trn/lr 3.894e-03, val/acc 5.988e-01, val/nll 1.514e+00 (best_acc: 5.810e-01 -> 5.988e-01, test_acc: 5.967e-01, test_nll: 1.505e+00)
[2023-02-04 21:50:35] [Epoch   287/  500] trn/loss 9.754e-01, trn/lr 3.863e-03, val/acc 5.636e-01, val/nll 1.655e+00
[2023-02-04 21:50:41] [Epoch   288/  500] trn/loss 9.584e-01, trn/lr 3.833e-03, val/acc 5.743e-01, val/nll 1.571e+00
[2023-02-04 21:50:46] [Epoch   289/  500] trn/loss 9.624e-01, trn/lr 3.802e-03, val/acc 5.617e-01, val/nll 1.645e+00
[2023-02-04 21:50:51] [Epoch   290/  500] trn/loss 9.526e-01, trn/lr 3.772e-03, val/acc 5.843e-01, val/nll 1.574e+00
[2023-02-04 21:50:56] [Epoch   291/  500] trn/loss 9.521e-01, trn/lr 3.741e-03, val/acc 5.939e-01, val/nll 1.502e+00
[2023-02-04 21:51:01] [Epoch   292/  500] trn/loss 9.581e-01, trn/lr 3.711e-03, val/acc 5.819e-01, val/nll 1.544e+00
[2023-02-04 21:51:07] [Epoch   293/  500] trn/loss 9.372e-01, trn/lr 3.681e-03, val/acc 5.684e-01, val/nll 1.652e+00
[2023-02-04 21:51:12] [Epoch   294/  500] trn/loss 9.468e-01, trn/lr 3.650e-03, val/acc 5.690e-01, val/nll 1.642e+00
[2023-02-04 21:51:17] [Epoch   295/  500] trn/loss 9.480e-01, trn/lr 3.620e-03, val/acc 5.857e-01, val/nll 1.534e+00
[2023-02-04 21:51:22] [Epoch   296/  500] trn/loss 9.259e-01, trn/lr 3.590e-03, val/acc 5.793e-01, val/nll 1.578e+00
[2023-02-04 21:51:27] [Epoch   297/  500] trn/loss 9.323e-01, trn/lr 3.560e-03, val/acc 5.485e-01, val/nll 1.735e+00
[2023-02-04 21:51:33] [Epoch   298/  500] trn/loss 9.359e-01, trn/lr 3.530e-03, val/acc 5.511e-01, val/nll 1.703e+00
[2023-02-04 21:51:38] [Epoch   299/  500] trn/loss 9.244e-01, trn/lr 3.500e-03, val/acc 5.998e-01, val/nll 1.503e+00 (best_acc: 5.988e-01 -> 5.998e-01, test_acc: 6.013e-01, test_nll: 1.495e+00)
[2023-02-04 21:51:43] [Epoch   300/  500] trn/loss 9.332e-01, trn/lr 3.470e-03, val/acc 5.809e-01, val/nll 1.569e+00
[2023-02-04 21:51:48] [Epoch   301/  500] trn/loss 9.254e-01, trn/lr 3.440e-03, val/acc 5.868e-01, val/nll 1.521e+00
[2023-02-04 21:51:54] [Epoch   302/  500] trn/loss 9.156e-01, trn/lr 3.410e-03, val/acc 5.791e-01, val/nll 1.569e+00
[2023-02-04 21:51:59] [Epoch   303/  500] trn/loss 9.035e-01, trn/lr 3.381e-03, val/acc 5.990e-01, val/nll 1.491e+00
[2023-02-04 21:52:04] [Epoch   304/  500] trn/loss 8.840e-01, trn/lr 3.351e-03, val/acc 5.873e-01, val/nll 1.561e+00
[2023-02-04 21:52:09] [Epoch   305/  500] trn/loss 9.147e-01, trn/lr 3.321e-03, val/acc 5.652e-01, val/nll 1.681e+00
[2023-02-04 21:52:14] [Epoch   306/  500] trn/loss 8.991e-01, trn/lr 3.292e-03, val/acc 5.869e-01, val/nll 1.543e+00
[2023-02-04 21:52:20] [Epoch   307/  500] trn/loss 9.009e-01, trn/lr 3.262e-03, val/acc 5.834e-01, val/nll 1.601e+00
[2023-02-04 21:52:25] [Epoch   308/  500] trn/loss 8.825e-01, trn/lr 3.233e-03, val/acc 5.683e-01, val/nll 1.623e+00
[2023-02-04 21:52:30] [Epoch   309/  500] trn/loss 8.881e-01, trn/lr 3.203e-03, val/acc 5.822e-01, val/nll 1.567e+00
[2023-02-04 21:52:35] [Epoch   310/  500] trn/loss 8.694e-01, trn/lr 3.174e-03, val/acc 5.711e-01, val/nll 1.668e+00
[2023-02-04 21:52:40] [Epoch   311/  500] trn/loss 8.843e-01, trn/lr 3.145e-03, val/acc 5.853e-01, val/nll 1.561e+00
[2023-02-04 21:52:46] [Epoch   312/  500] trn/loss 8.596e-01, trn/lr 3.116e-03, val/acc 5.965e-01, val/nll 1.526e+00
[2023-02-04 21:52:51] [Epoch   313/  500] trn/loss 8.650e-01, trn/lr 3.087e-03, val/acc 5.719e-01, val/nll 1.670e+00
[2023-02-04 21:52:56] [Epoch   314/  500] trn/loss 8.658e-01, trn/lr 3.058e-03, val/acc 6.065e-01, val/nll 1.444e+00 (best_acc: 5.998e-01 -> 6.065e-01, test_acc: 6.044e-01, test_nll: 1.468e+00)
[2023-02-04 21:53:02] [Epoch   315/  500] trn/loss 8.538e-01, trn/lr 3.029e-03, val/acc 5.908e-01, val/nll 1.539e+00
[2023-02-04 21:53:07] [Epoch   316/  500] trn/loss 8.565e-01, trn/lr 3.000e-03, val/acc 5.991e-01, val/nll 1.516e+00
[2023-02-04 21:53:12] [Epoch   317/  500] trn/loss 8.547e-01, trn/lr 2.971e-03, val/acc 5.972e-01, val/nll 1.505e+00
[2023-02-04 21:53:17] [Epoch   318/  500] trn/loss 8.364e-01, trn/lr 2.943e-03, val/acc 5.882e-01, val/nll 1.561e+00
[2023-02-04 21:53:22] [Epoch   319/  500] trn/loss 8.463e-01, trn/lr 2.914e-03, val/acc 5.920e-01, val/nll 1.556e+00
[2023-02-04 21:53:27] [Epoch   320/  500] trn/loss 8.459e-01, trn/lr 2.885e-03, val/acc 5.949e-01, val/nll 1.537e+00
[2023-02-04 21:53:33] [Epoch   321/  500] trn/loss 8.351e-01, trn/lr 2.857e-03, val/acc 6.007e-01, val/nll 1.514e+00
[2023-02-04 21:53:38] [Epoch   322/  500] trn/loss 8.409e-01, trn/lr 2.829e-03, val/acc 6.069e-01, val/nll 1.476e+00 (best_acc: 6.065e-01 -> 6.069e-01, test_acc: 6.022e-01, test_nll: 1.470e+00)
[2023-02-04 21:53:44] [Epoch   323/  500] trn/loss 8.330e-01, trn/lr 2.800e-03, val/acc 6.143e-01, val/nll 1.454e+00 (best_acc: 6.069e-01 -> 6.143e-01, test_acc: 6.184e-01, test_nll: 1.443e+00)
[2023-02-04 21:53:49] [Epoch   324/  500] trn/loss 8.180e-01, trn/lr 2.772e-03, val/acc 6.037e-01, val/nll 1.520e+00
[2023-02-04 21:53:54] [Epoch   325/  500] trn/loss 8.160e-01, trn/lr 2.744e-03, val/acc 6.085e-01, val/nll 1.487e+00
[2023-02-04 21:53:59] [Epoch   326/  500] trn/loss 8.228e-01, trn/lr 2.716e-03, val/acc 6.030e-01, val/nll 1.506e+00
[2023-02-04 21:54:04] [Epoch   327/  500] trn/loss 8.022e-01, trn/lr 2.688e-03, val/acc 5.955e-01, val/nll 1.548e+00
[2023-02-04 21:54:10] [Epoch   328/  500] trn/loss 8.010e-01, trn/lr 2.660e-03, val/acc 5.906e-01, val/nll 1.551e+00
[2023-02-04 21:54:15] [Epoch   329/  500] trn/loss 8.173e-01, trn/lr 2.633e-03, val/acc 5.789e-01, val/nll 1.639e+00
[2023-02-04 21:54:20] [Epoch   330/  500] trn/loss 8.017e-01, trn/lr 2.605e-03, val/acc 6.049e-01, val/nll 1.486e+00
[2023-02-04 21:54:25] [Epoch   331/  500] trn/loss 7.953e-01, trn/lr 2.578e-03, val/acc 5.987e-01, val/nll 1.525e+00
[2023-02-04 21:54:30] [Epoch   332/  500] trn/loss 7.960e-01, trn/lr 2.550e-03, val/acc 5.669e-01, val/nll 1.731e+00
[2023-02-04 21:54:35] [Epoch   333/  500] trn/loss 7.898e-01, trn/lr 2.523e-03, val/acc 5.813e-01, val/nll 1.626e+00
[2023-02-04 21:54:41] [Epoch   334/  500] trn/loss 7.804e-01, trn/lr 2.496e-03, val/acc 6.021e-01, val/nll 1.535e+00
[2023-02-04 21:54:46] [Epoch   335/  500] trn/loss 7.669e-01, trn/lr 2.468e-03, val/acc 6.076e-01, val/nll 1.459e+00
[2023-02-04 21:54:51] [Epoch   336/  500] trn/loss 7.574e-01, trn/lr 2.441e-03, val/acc 6.205e-01, val/nll 1.450e+00 (best_acc: 6.143e-01 -> 6.205e-01, test_acc: 6.258e-01, test_nll: 1.432e+00)
[2023-02-04 21:54:57] [Epoch   337/  500] trn/loss 7.450e-01, trn/lr 2.414e-03, val/acc 6.107e-01, val/nll 1.491e+00
[2023-02-04 21:55:02] [Epoch   338/  500] trn/loss 7.578e-01, trn/lr 2.388e-03, val/acc 6.122e-01, val/nll 1.454e+00
[2023-02-04 21:55:07] [Epoch   339/  500] trn/loss 7.565e-01, trn/lr 2.361e-03, val/acc 5.961e-01, val/nll 1.571e+00
[2023-02-04 21:55:13] [Epoch   340/  500] trn/loss 7.457e-01, trn/lr 2.334e-03, val/acc 6.281e-01, val/nll 1.401e+00 (best_acc: 6.205e-01 -> 6.281e-01, test_acc: 6.223e-01, test_nll: 1.408e+00)
[2023-02-04 21:55:18] [Epoch   341/  500] trn/loss 7.448e-01, trn/lr 2.308e-03, val/acc 5.994e-01, val/nll 1.528e+00
[2023-02-04 21:55:23] [Epoch   342/  500] trn/loss 7.376e-01, trn/lr 2.281e-03, val/acc 5.732e-01, val/nll 1.654e+00
[2023-02-04 21:55:28] [Epoch   343/  500] trn/loss 7.307e-01, trn/lr 2.255e-03, val/acc 6.168e-01, val/nll 1.460e+00
[2023-02-04 21:55:33] [Epoch   344/  500] trn/loss 7.343e-01, trn/lr 2.229e-03, val/acc 6.253e-01, val/nll 1.407e+00
[2023-02-04 21:55:39] [Epoch   345/  500] trn/loss 7.249e-01, trn/lr 2.203e-03, val/acc 6.003e-01, val/nll 1.533e+00
[2023-02-04 21:55:44] [Epoch   346/  500] trn/loss 7.129e-01, trn/lr 2.177e-03, val/acc 6.158e-01, val/nll 1.463e+00
[2023-02-04 21:55:49] [Epoch   347/  500] trn/loss 7.258e-01, trn/lr 2.151e-03, val/acc 6.140e-01, val/nll 1.488e+00
[2023-02-04 21:55:54] [Epoch   348/  500] trn/loss 7.199e-01, trn/lr 2.125e-03, val/acc 5.999e-01, val/nll 1.525e+00
[2023-02-04 21:55:59] [Epoch   349/  500] trn/loss 7.062e-01, trn/lr 2.099e-03, val/acc 6.113e-01, val/nll 1.479e+00
[2023-02-04 21:56:05] [Epoch   350/  500] trn/loss 7.028e-01, trn/lr 2.074e-03, val/acc 6.240e-01, val/nll 1.434e+00
[2023-02-04 21:56:10] [Epoch   351/  500] trn/loss 6.834e-01, trn/lr 2.048e-03, val/acc 6.175e-01, val/nll 1.490e+00
[2023-02-04 21:56:15] [Epoch   352/  500] trn/loss 7.001e-01, trn/lr 2.023e-03, val/acc 6.197e-01, val/nll 1.463e+00
[2023-02-04 21:56:20] [Epoch   353/  500] trn/loss 6.958e-01, trn/lr 1.998e-03, val/acc 6.056e-01, val/nll 1.500e+00
[2023-02-04 21:56:25] [Epoch   354/  500] trn/loss 6.793e-01, trn/lr 1.973e-03, val/acc 6.252e-01, val/nll 1.455e+00
[2023-02-04 21:56:30] [Epoch   355/  500] trn/loss 6.849e-01, trn/lr 1.948e-03, val/acc 6.144e-01, val/nll 1.490e+00
[2023-02-04 21:56:36] [Epoch   356/  500] trn/loss 6.670e-01, trn/lr 1.923e-03, val/acc 6.162e-01, val/nll 1.480e+00
[2023-02-04 21:56:41] [Epoch   357/  500] trn/loss 6.640e-01, trn/lr 1.898e-03, val/acc 6.281e-01, val/nll 1.385e+00
[2023-02-04 21:56:46] [Epoch   358/  500] trn/loss 6.619e-01, trn/lr 1.874e-03, val/acc 6.192e-01, val/nll 1.462e+00
[2023-02-04 21:56:51] [Epoch   359/  500] trn/loss 6.537e-01, trn/lr 1.849e-03, val/acc 6.156e-01, val/nll 1.484e+00
[2023-02-04 21:56:56] [Epoch   360/  500] trn/loss 6.558e-01, trn/lr 1.825e-03, val/acc 6.119e-01, val/nll 1.492e+00
[2023-02-04 21:57:02] [Epoch   361/  500] trn/loss 6.529e-01, trn/lr 1.801e-03, val/acc 6.181e-01, val/nll 1.469e+00
[2023-02-04 21:57:07] [Epoch   362/  500] trn/loss 6.407e-01, trn/lr 1.777e-03, val/acc 6.309e-01, val/nll 1.432e+00 (best_acc: 6.281e-01 -> 6.309e-01, test_acc: 6.339e-01, test_nll: 1.420e+00)
[2023-02-04 21:57:12] [Epoch   363/  500] trn/loss 6.270e-01, trn/lr 1.753e-03, val/acc 6.258e-01, val/nll 1.452e+00
[2023-02-04 21:57:17] [Epoch   364/  500] trn/loss 6.191e-01, trn/lr 1.729e-03, val/acc 6.293e-01, val/nll 1.406e+00
[2023-02-04 21:57:23] [Epoch   365/  500] trn/loss 6.083e-01, trn/lr 1.705e-03, val/acc 6.107e-01, val/nll 1.511e+00
[2023-02-04 21:57:28] [Epoch   366/  500] trn/loss 6.282e-01, trn/lr 1.682e-03, val/acc 6.221e-01, val/nll 1.456e+00
[2023-02-04 21:57:33] [Epoch   367/  500] trn/loss 6.142e-01, trn/lr 1.658e-03, val/acc 6.235e-01, val/nll 1.465e+00
[2023-02-04 21:57:39] [Epoch   368/  500] trn/loss 6.065e-01, trn/lr 1.635e-03, val/acc 6.332e-01, val/nll 1.421e+00 (best_acc: 6.309e-01 -> 6.332e-01, test_acc: 6.303e-01, test_nll: 1.428e+00)
[2023-02-04 21:57:44] [Epoch   369/  500] trn/loss 6.112e-01, trn/lr 1.612e-03, val/acc 6.003e-01, val/nll 1.593e+00
[2023-02-04 21:57:49] [Epoch   370/  500] trn/loss 6.082e-01, trn/lr 1.589e-03, val/acc 6.241e-01, val/nll 1.453e+00
[2023-02-04 21:57:54] [Epoch   371/  500] trn/loss 5.966e-01, trn/lr 1.566e-03, val/acc 6.221e-01, val/nll 1.469e+00
[2023-02-04 21:57:59] [Epoch   372/  500] trn/loss 5.942e-01, trn/lr 1.543e-03, val/acc 6.217e-01, val/nll 1.463e+00
[2023-02-04 21:58:05] [Epoch   373/  500] trn/loss 5.898e-01, trn/lr 1.521e-03, val/acc 6.202e-01, val/nll 1.464e+00
[2023-02-04 21:58:10] [Epoch   374/  500] trn/loss 5.862e-01, trn/lr 1.498e-03, val/acc 6.408e-01, val/nll 1.400e+00 (best_acc: 6.332e-01 -> 6.408e-01, test_acc: 6.376e-01, test_nll: 1.418e+00)
[2023-02-04 21:58:15] [Epoch   375/  500] trn/loss 5.650e-01, trn/lr 1.476e-03, val/acc 6.108e-01, val/nll 1.535e+00
[2023-02-04 21:58:20] [Epoch   376/  500] trn/loss 5.733e-01, trn/lr 1.453e-03, val/acc 6.295e-01, val/nll 1.453e+00
[2023-02-04 21:58:26] [Epoch   377/  500] trn/loss 5.587e-01, trn/lr 1.431e-03, val/acc 6.323e-01, val/nll 1.419e+00
[2023-02-04 21:58:31] [Epoch   378/  500] trn/loss 5.490e-01, trn/lr 1.409e-03, val/acc 6.294e-01, val/nll 1.451e+00
[2023-02-04 21:58:36] [Epoch   379/  500] trn/loss 5.436e-01, trn/lr 1.388e-03, val/acc 6.310e-01, val/nll 1.443e+00
[2023-02-04 21:58:41] [Epoch   380/  500] trn/loss 5.394e-01, trn/lr 1.366e-03, val/acc 6.242e-01, val/nll 1.435e+00
[2023-02-04 21:58:46] [Epoch   381/  500] trn/loss 5.372e-01, trn/lr 1.344e-03, val/acc 6.242e-01, val/nll 1.461e+00
[2023-02-04 21:58:52] [Epoch   382/  500] trn/loss 5.266e-01, trn/lr 1.323e-03, val/acc 6.352e-01, val/nll 1.400e+00
[2023-02-04 21:58:57] [Epoch   383/  500] trn/loss 5.250e-01, trn/lr 1.302e-03, val/acc 6.490e-01, val/nll 1.376e+00 (best_acc: 6.408e-01 -> 6.490e-01, test_acc: 6.433e-01, test_nll: 1.414e+00)
[2023-02-04 21:59:02] [Epoch   384/  500] trn/loss 5.188e-01, trn/lr 1.281e-03, val/acc 6.320e-01, val/nll 1.445e+00
[2023-02-04 21:59:07] [Epoch   385/  500] trn/loss 5.312e-01, trn/lr 1.260e-03, val/acc 6.229e-01, val/nll 1.496e+00
[2023-02-04 21:59:13] [Epoch   386/  500] trn/loss 5.103e-01, trn/lr 1.239e-03, val/acc 6.343e-01, val/nll 1.437e+00
[2023-02-04 21:59:18] [Epoch   387/  500] trn/loss 5.068e-01, trn/lr 1.219e-03, val/acc 6.319e-01, val/nll 1.438e+00
[2023-02-04 21:59:23] [Epoch   388/  500] trn/loss 4.998e-01, trn/lr 1.198e-03, val/acc 6.420e-01, val/nll 1.387e+00
[2023-02-04 21:59:28] [Epoch   389/  500] trn/loss 4.830e-01, trn/lr 1.178e-03, val/acc 6.249e-01, val/nll 1.503e+00
[2023-02-04 21:59:33] [Epoch   390/  500] trn/loss 4.977e-01, trn/lr 1.158e-03, val/acc 6.409e-01, val/nll 1.405e+00
[2023-02-04 21:59:39] [Epoch   391/  500] trn/loss 4.942e-01, trn/lr 1.138e-03, val/acc 6.204e-01, val/nll 1.517e+00
[2023-02-04 21:59:44] [Epoch   392/  500] trn/loss 4.878e-01, trn/lr 1.118e-03, val/acc 6.384e-01, val/nll 1.438e+00
[2023-02-04 21:59:49] [Epoch   393/  500] trn/loss 4.767e-01, trn/lr 1.098e-03, val/acc 6.475e-01, val/nll 1.407e+00
[2023-02-04 21:59:55] [Epoch   394/  500] trn/loss 4.557e-01, trn/lr 1.078e-03, val/acc 6.494e-01, val/nll 1.396e+00 (best_acc: 6.490e-01 -> 6.494e-01, test_acc: 6.470e-01, test_nll: 1.422e+00)
[2023-02-04 22:00:00] [Epoch   395/  500] trn/loss 4.599e-01, trn/lr 1.059e-03, val/acc 6.398e-01, val/nll 1.437e+00
[2023-02-04 22:00:05] [Epoch   396/  500] trn/loss 4.532e-01, trn/lr 1.040e-03, val/acc 6.431e-01, val/nll 1.404e+00
[2023-02-04 22:00:10] [Epoch   397/  500] trn/loss 4.475e-01, trn/lr 1.021e-03, val/acc 6.451e-01, val/nll 1.401e+00
[2023-02-04 22:00:15] [Epoch   398/  500] trn/loss 4.315e-01, trn/lr 1.002e-03, val/acc 6.388e-01, val/nll 1.465e+00
[2023-02-04 22:00:21] [Epoch   399/  500] trn/loss 4.364e-01, trn/lr 9.829e-04, val/acc 6.371e-01, val/nll 1.440e+00
[2023-02-04 22:00:26] [Epoch   400/  500] trn/loss 4.291e-01, trn/lr 9.642e-04, val/acc 6.390e-01, val/nll 1.454e+00
[2023-02-04 22:00:31] [Epoch   401/  500] trn/loss 4.179e-01, trn/lr 9.458e-04, val/acc 6.455e-01, val/nll 1.431e+00
[2023-02-04 22:00:36] [Epoch   402/  500] trn/loss 4.154e-01, trn/lr 9.275e-04, val/acc 6.426e-01, val/nll 1.422e+00
[2023-02-04 22:00:41] [Epoch   403/  500] trn/loss 4.033e-01, trn/lr 9.093e-04, val/acc 6.471e-01, val/nll 1.429e+00
[2023-02-04 22:00:47] [Epoch   404/  500] trn/loss 4.065e-01, trn/lr 8.913e-04, val/acc 6.518e-01, val/nll 1.403e+00 (best_acc: 6.494e-01 -> 6.518e-01, test_acc: 6.486e-01, test_nll: 1.410e+00)
[2023-02-04 22:00:52] [Epoch   405/  500] trn/loss 3.983e-01, trn/lr 8.735e-04, val/acc 6.458e-01, val/nll 1.419e+00
[2023-02-04 22:00:57] [Epoch   406/  500] trn/loss 3.772e-01, trn/lr 8.559e-04, val/acc 6.438e-01, val/nll 1.435e+00
[2023-02-04 22:01:02] [Epoch   407/  500] trn/loss 3.737e-01, trn/lr 8.384e-04, val/acc 6.366e-01, val/nll 1.463e+00
[2023-02-04 22:01:08] [Epoch   408/  500] trn/loss 3.719e-01, trn/lr 8.210e-04, val/acc 6.569e-01, val/nll 1.394e+00 (best_acc: 6.518e-01 -> 6.569e-01, test_acc: 6.519e-01, test_nll: 1.391e+00)
[2023-02-04 22:01:13] [Epoch   409/  500] trn/loss 3.776e-01, trn/lr 8.039e-04, val/acc 6.525e-01, val/nll 1.433e+00
[2023-02-04 22:01:18] [Epoch   410/  500] trn/loss 3.722e-01, trn/lr 7.869e-04, val/acc 6.445e-01, val/nll 1.432e+00
[2023-02-04 22:01:24] [Epoch   411/  500] trn/loss 3.664e-01, trn/lr 7.700e-04, val/acc 6.603e-01, val/nll 1.370e+00 (best_acc: 6.569e-01 -> 6.603e-01, test_acc: 6.533e-01, test_nll: 1.390e+00)
[2023-02-04 22:01:29] [Epoch   412/  500] trn/loss 3.561e-01, trn/lr 7.534e-04, val/acc 6.458e-01, val/nll 1.445e+00
[2023-02-04 22:01:34] [Epoch   413/  500] trn/loss 3.421e-01, trn/lr 7.369e-04, val/acc 6.487e-01, val/nll 1.431e+00
[2023-02-04 22:01:39] [Epoch   414/  500] trn/loss 3.392e-01, trn/lr 7.205e-04, val/acc 6.571e-01, val/nll 1.412e+00
[2023-02-04 22:01:45] [Epoch   415/  500] trn/loss 3.463e-01, trn/lr 7.044e-04, val/acc 6.479e-01, val/nll 1.435e+00
[2023-02-04 22:01:50] [Epoch   416/  500] trn/loss 3.311e-01, trn/lr 6.884e-04, val/acc 6.637e-01, val/nll 1.358e+00 (best_acc: 6.603e-01 -> 6.637e-01, test_acc: 6.591e-01, test_nll: 1.412e+00)
[2023-02-04 22:01:55] [Epoch   417/  500] trn/loss 3.198e-01, trn/lr 6.725e-04, val/acc 6.569e-01, val/nll 1.411e+00
[2023-02-04 22:02:01] [Epoch   418/  500] trn/loss 3.147e-01, trn/lr 6.569e-04, val/acc 6.615e-01, val/nll 1.378e+00
[2023-02-04 22:02:06] [Epoch   419/  500] trn/loss 2.976e-01, trn/lr 6.414e-04, val/acc 6.553e-01, val/nll 1.418e+00
[2023-02-04 22:02:11] [Epoch   420/  500] trn/loss 3.057e-01, trn/lr 6.261e-04, val/acc 6.523e-01, val/nll 1.419e+00
[2023-02-04 22:02:16] [Epoch   421/  500] trn/loss 2.936e-01, trn/lr 6.110e-04, val/acc 6.598e-01, val/nll 1.408e+00
[2023-02-04 22:02:21] [Epoch   422/  500] trn/loss 2.896e-01, trn/lr 5.960e-04, val/acc 6.564e-01, val/nll 1.426e+00
[2023-02-04 22:02:27] [Epoch   423/  500] trn/loss 2.805e-01, trn/lr 5.812e-04, val/acc 6.642e-01, val/nll 1.387e+00 (best_acc: 6.637e-01 -> 6.642e-01, test_acc: 6.634e-01, test_nll: 1.397e+00)
[2023-02-04 22:02:32] [Epoch   424/  500] trn/loss 2.702e-01, trn/lr 5.666e-04, val/acc 6.617e-01, val/nll 1.404e+00
[2023-02-04 22:02:37] [Epoch   425/  500] trn/loss 2.687e-01, trn/lr 5.522e-04, val/acc 6.603e-01, val/nll 1.415e+00
[2023-02-04 22:02:42] [Epoch   426/  500] trn/loss 2.630e-01, trn/lr 5.379e-04, val/acc 6.615e-01, val/nll 1.401e+00
[2023-02-04 22:02:48] [Epoch   427/  500] trn/loss 2.542e-01, trn/lr 5.238e-04, val/acc 6.663e-01, val/nll 1.401e+00 (best_acc: 6.642e-01 -> 6.663e-01, test_acc: 6.613e-01, test_nll: 1.407e+00)
[2023-02-04 22:02:53] [Epoch   428/  500] trn/loss 2.501e-01, trn/lr 5.099e-04, val/acc 6.652e-01, val/nll 1.393e+00
[2023-02-04 22:02:59] [Epoch   429/  500] trn/loss 2.420e-01, trn/lr 4.962e-04, val/acc 6.665e-01, val/nll 1.378e+00 (best_acc: 6.663e-01 -> 6.665e-01, test_acc: 6.729e-01, test_nll: 1.372e+00)
[2023-02-04 22:03:05] [Epoch   430/  500] trn/loss 2.384e-01, trn/lr 4.826e-04, val/acc 6.686e-01, val/nll 1.384e+00 (best_acc: 6.665e-01 -> 6.686e-01, test_acc: 6.651e-01, test_nll: 1.389e+00)
[2023-02-04 22:03:10] [Epoch   431/  500] trn/loss 2.227e-01, trn/lr 4.692e-04, val/acc 6.698e-01, val/nll 1.385e+00 (best_acc: 6.686e-01 -> 6.698e-01, test_acc: 6.670e-01, test_nll: 1.396e+00)
[2023-02-04 22:03:15] [Epoch   432/  500] trn/loss 2.206e-01, trn/lr 4.561e-04, val/acc 6.639e-01, val/nll 1.408e+00
[2023-02-04 22:03:20] [Epoch   433/  500] trn/loss 2.180e-01, trn/lr 4.430e-04, val/acc 6.629e-01, val/nll 1.410e+00
[2023-02-04 22:03:26] [Epoch   434/  500] trn/loss 2.116e-01, trn/lr 4.302e-04, val/acc 6.708e-01, val/nll 1.370e+00 (best_acc: 6.698e-01 -> 6.708e-01, test_acc: 6.662e-01, test_nll: 1.391e+00)
[2023-02-04 22:03:31] [Epoch   435/  500] trn/loss 2.026e-01, trn/lr 4.175e-04, val/acc 6.688e-01, val/nll 1.394e+00
[2023-02-04 22:03:36] [Epoch   436/  500] trn/loss 1.978e-01, trn/lr 4.051e-04, val/acc 6.643e-01, val/nll 1.424e+00
[2023-02-04 22:03:42] [Epoch   437/  500] trn/loss 1.963e-01, trn/lr 3.928e-04, val/acc 6.705e-01, val/nll 1.398e+00
[2023-02-04 22:03:47] [Epoch   438/  500] trn/loss 1.865e-01, trn/lr 3.806e-04, val/acc 6.675e-01, val/nll 1.388e+00
[2023-02-04 22:03:52] [Epoch   439/  500] trn/loss 1.863e-01, trn/lr 3.687e-04, val/acc 6.713e-01, val/nll 1.385e+00 (best_acc: 6.708e-01 -> 6.713e-01, test_acc: 6.720e-01, test_nll: 1.393e+00)
[2023-02-04 22:03:58] [Epoch   440/  500] trn/loss 1.854e-01, trn/lr 3.570e-04, val/acc 6.679e-01, val/nll 1.412e+00
[2023-02-04 22:04:03] [Epoch   441/  500] trn/loss 1.772e-01, trn/lr 3.454e-04, val/acc 6.690e-01, val/nll 1.410e+00
[2023-02-04 22:04:08] [Epoch   442/  500] trn/loss 1.650e-01, trn/lr 3.340e-04, val/acc 6.753e-01, val/nll 1.376e+00 (best_acc: 6.713e-01 -> 6.753e-01, test_acc: 6.710e-01, test_nll: 1.377e+00)
[2023-02-04 22:04:14] [Epoch   443/  500] trn/loss 1.645e-01, trn/lr 3.228e-04, val/acc 6.704e-01, val/nll 1.392e+00
[2023-02-04 22:04:19] [Epoch   444/  500] trn/loss 1.532e-01, trn/lr 3.118e-04, val/acc 6.711e-01, val/nll 1.360e+00
[2023-02-04 22:04:24] [Epoch   445/  500] trn/loss 1.453e-01, trn/lr 3.010e-04, val/acc 6.728e-01, val/nll 1.376e+00
[2023-02-04 22:04:29] [Epoch   446/  500] trn/loss 1.451e-01, trn/lr 2.903e-04, val/acc 6.744e-01, val/nll 1.380e+00
[2023-02-04 22:04:35] [Epoch   447/  500] trn/loss 1.418e-01, trn/lr 2.799e-04, val/acc 6.758e-01, val/nll 1.388e+00 (best_acc: 6.753e-01 -> 6.758e-01, test_acc: 6.774e-01, test_nll: 1.388e+00)
[2023-02-04 22:04:40] [Epoch   448/  500] trn/loss 1.355e-01, trn/lr 2.696e-04, val/acc 6.759e-01, val/nll 1.387e+00 (best_acc: 6.758e-01 -> 6.759e-01, test_acc: 6.776e-01, test_nll: 1.382e+00)
[2023-02-04 22:04:46] [Epoch   449/  500] trn/loss 1.303e-01, trn/lr 2.595e-04, val/acc 6.772e-01, val/nll 1.375e+00 (best_acc: 6.759e-01 -> 6.772e-01, test_acc: 6.748e-01, test_nll: 1.379e+00)
[2023-02-04 22:04:51] [Epoch   450/  500] trn/loss 1.275e-01, trn/lr 2.496e-04, val/acc 6.789e-01, val/nll 1.392e+00 (best_acc: 6.772e-01 -> 6.789e-01, test_acc: 6.784e-01, test_nll: 1.376e+00)
[2023-02-04 22:04:56] [Epoch   451/  500] trn/loss 1.234e-01, trn/lr 2.399e-04, val/acc 6.740e-01, val/nll 1.386e+00
[2023-02-04 22:05:02] [Epoch   452/  500] trn/loss 1.215e-01, trn/lr 2.304e-04, val/acc 6.788e-01, val/nll 1.365e+00
[2023-02-04 22:05:07] [Epoch   453/  500] trn/loss 1.122e-01, trn/lr 2.211e-04, val/acc 6.817e-01, val/nll 1.366e+00 (best_acc: 6.789e-01 -> 6.817e-01, test_acc: 6.764e-01, test_nll: 1.387e+00)
[2023-02-04 22:05:13] [Epoch   454/  500] trn/loss 1.091e-01, trn/lr 2.119e-04, val/acc 6.822e-01, val/nll 1.378e+00 (best_acc: 6.817e-01 -> 6.822e-01, test_acc: 6.827e-01, test_nll: 1.387e+00)
[2023-02-04 22:05:18] [Epoch   455/  500] trn/loss 1.065e-01, trn/lr 2.030e-04, val/acc 6.771e-01, val/nll 1.400e+00
[2023-02-04 22:05:23] [Epoch   456/  500] trn/loss 1.046e-01, trn/lr 1.942e-04, val/acc 6.794e-01, val/nll 1.375e+00
[2023-02-04 22:05:28] [Epoch   457/  500] trn/loss 1.012e-01, trn/lr 1.856e-04, val/acc 6.811e-01, val/nll 1.372e+00
[2023-02-04 22:05:34] [Epoch   458/  500] trn/loss 9.486e-02, trn/lr 1.772e-04, val/acc 6.810e-01, val/nll 1.375e+00
[2023-02-04 22:05:39] [Epoch   459/  500] trn/loss 9.657e-02, trn/lr 1.691e-04, val/acc 6.770e-01, val/nll 1.382e+00
[2023-02-04 22:05:44] [Epoch   460/  500] trn/loss 9.218e-02, trn/lr 1.610e-04, val/acc 6.844e-01, val/nll 1.361e+00 (best_acc: 6.822e-01 -> 6.844e-01, test_acc: 6.795e-01, test_nll: 1.368e+00)
[2023-02-04 22:05:50] [Epoch   461/  500] trn/loss 8.859e-02, trn/lr 1.532e-04, val/acc 6.817e-01, val/nll 1.374e+00
[2023-02-04 22:05:55] [Epoch   462/  500] trn/loss 8.637e-02, trn/lr 1.456e-04, val/acc 6.803e-01, val/nll 1.371e+00
[2023-02-04 22:06:00] [Epoch   463/  500] trn/loss 8.474e-02, trn/lr 1.382e-04, val/acc 6.834e-01, val/nll 1.358e+00
[2023-02-04 22:06:06] [Epoch   464/  500] trn/loss 7.774e-02, trn/lr 1.309e-04, val/acc 6.847e-01, val/nll 1.358e+00 (best_acc: 6.844e-01 -> 6.847e-01, test_acc: 6.835e-01, test_nll: 1.382e+00)
[2023-02-04 22:06:11] [Epoch   465/  500] trn/loss 7.992e-02, trn/lr 1.239e-04, val/acc 6.834e-01, val/nll 1.373e+00
[2023-02-04 22:06:16] [Epoch   466/  500] trn/loss 7.827e-02, trn/lr 1.170e-04, val/acc 6.831e-01, val/nll 1.366e+00
[2023-02-04 22:06:22] [Epoch   467/  500] trn/loss 7.688e-02, trn/lr 1.104e-04, val/acc 6.886e-01, val/nll 1.358e+00 (best_acc: 6.847e-01 -> 6.886e-01, test_acc: 6.850e-01, test_nll: 1.376e+00)
[2023-02-04 22:06:27] [Epoch   468/  500] trn/loss 7.284e-02, trn/lr 1.039e-04, val/acc 6.814e-01, val/nll 1.360e+00
[2023-02-04 22:06:32] [Epoch   469/  500] trn/loss 7.119e-02, trn/lr 9.764e-05, val/acc 6.837e-01, val/nll 1.363e+00
[2023-02-04 22:06:37] [Epoch   470/  500] trn/loss 7.343e-02, trn/lr 9.156e-05, val/acc 6.824e-01, val/nll 1.362e+00
[2023-02-04 22:06:42] [Epoch   471/  500] trn/loss 6.993e-02, trn/lr 8.567e-05, val/acc 6.832e-01, val/nll 1.366e+00
[2023-02-04 22:06:47] [Epoch   472/  500] trn/loss 6.869e-02, trn/lr 7.998e-05, val/acc 6.835e-01, val/nll 1.361e+00
[2023-02-04 22:06:53] [Epoch   473/  500] trn/loss 6.606e-02, trn/lr 7.448e-05, val/acc 6.814e-01, val/nll 1.364e+00
[2023-02-04 22:06:58] [Epoch   474/  500] trn/loss 6.617e-02, trn/lr 6.917e-05, val/acc 6.832e-01, val/nll 1.361e+00
[2023-02-04 22:07:03] [Epoch   475/  500] trn/loss 6.469e-02, trn/lr 6.406e-05, val/acc 6.827e-01, val/nll 1.368e+00
[2023-02-04 22:07:08] [Epoch   476/  500] trn/loss 6.464e-02, trn/lr 5.915e-05, val/acc 6.853e-01, val/nll 1.369e+00
[2023-02-04 22:07:13] [Epoch   477/  500] trn/loss 6.433e-02, trn/lr 5.443e-05, val/acc 6.871e-01, val/nll 1.363e+00
[2023-02-04 22:07:19] [Epoch   478/  500] trn/loss 6.187e-02, trn/lr 4.990e-05, val/acc 6.832e-01, val/nll 1.365e+00
[2023-02-04 22:07:24] [Epoch   479/  500] trn/loss 6.020e-02, trn/lr 4.557e-05, val/acc 6.858e-01, val/nll 1.366e+00
[2023-02-04 22:07:29] [Epoch   480/  500] trn/loss 6.105e-02, trn/lr 4.144e-05, val/acc 6.857e-01, val/nll 1.365e+00
[2023-02-04 22:07:34] [Epoch   481/  500] trn/loss 6.045e-02, trn/lr 3.750e-05, val/acc 6.844e-01, val/nll 1.360e+00
[2023-02-04 22:07:40] [Epoch   482/  500] trn/loss 5.864e-02, trn/lr 3.376e-05, val/acc 6.846e-01, val/nll 1.358e+00
[2023-02-04 22:07:45] [Epoch   483/  500] trn/loss 5.843e-02, trn/lr 3.021e-05, val/acc 6.846e-01, val/nll 1.359e+00
[2023-02-04 22:07:50] [Epoch   484/  500] trn/loss 5.954e-02, trn/lr 2.686e-05, val/acc 6.861e-01, val/nll 1.360e+00
[2023-02-04 22:07:55] [Epoch   485/  500] trn/loss 5.850e-02, trn/lr 2.371e-05, val/acc 6.841e-01, val/nll 1.363e+00
[2023-02-04 22:08:00] [Epoch   486/  500] trn/loss 5.593e-02, trn/lr 2.075e-05, val/acc 6.853e-01, val/nll 1.362e+00
[2023-02-04 22:08:05] [Epoch   487/  500] trn/loss 5.532e-02, trn/lr 1.799e-05, val/acc 6.855e-01, val/nll 1.365e+00
[2023-02-04 22:08:11] [Epoch   488/  500] trn/loss 5.527e-02, trn/lr 1.543e-05, val/acc 6.834e-01, val/nll 1.364e+00
[2023-02-04 22:08:16] [Epoch   489/  500] trn/loss 5.685e-02, trn/lr 1.306e-05, val/acc 6.842e-01, val/nll 1.362e+00
[2023-02-04 22:08:21] [Epoch   490/  500] trn/loss 5.664e-02, trn/lr 1.089e-05, val/acc 6.852e-01, val/nll 1.360e+00
[2023-02-04 22:08:26] [Epoch   491/  500] trn/loss 5.563e-02, trn/lr 8.919e-06, val/acc 6.844e-01, val/nll 1.362e+00
[2023-02-04 22:08:31] [Epoch   492/  500] trn/loss 5.676e-02, trn/lr 7.143e-06, val/acc 6.855e-01, val/nll 1.361e+00
[2023-02-04 22:08:37] [Epoch   493/  500] trn/loss 5.531e-02, trn/lr 5.563e-06, val/acc 6.840e-01, val/nll 1.366e+00
[2023-02-04 22:08:42] [Epoch   494/  500] trn/loss 5.705e-02, trn/lr 4.182e-06, val/acc 6.844e-01, val/nll 1.360e+00
[2023-02-04 22:08:47] [Epoch   495/  500] trn/loss 5.560e-02, trn/lr 2.997e-06, val/acc 6.865e-01, val/nll 1.359e+00
[2023-02-04 22:08:52] [Epoch   496/  500] trn/loss 5.497e-02, trn/lr 2.009e-06, val/acc 6.836e-01, val/nll 1.362e+00
[2023-02-04 22:08:57] [Epoch   497/  500] trn/loss 5.517e-02, trn/lr 1.219e-06, val/acc 6.848e-01, val/nll 1.362e+00
[2023-02-04 22:09:03] [Epoch   498/  500] trn/loss 5.632e-02, trn/lr 6.266e-07, val/acc 6.845e-01, val/nll 1.362e+00
[2023-02-04 22:09:08] [Epoch   499/  500] trn/loss 5.549e-02, trn/lr 2.312e-07, val/acc 6.842e-01, val/nll 1.360e+00
[2023-02-04 22:09:13] [Epoch   500/  500] trn/loss 5.547e-02, trn/lr 3.321e-08, val/acc 6.858e-01, val/nll 1.361e+00
