[2023-02-04 10:30:43] Environments:
------------  -------------------------------------------------------------------------------
sys.platform  linux
Python        3.10.8 (main, Nov 24 2022, 14:13:03) [GCC 11.2.0]
JAX           0.4.1 @/mnt/home/giung/.conda/envs/jax-siml/lib/python3.10/site-packages/jax
jaxlib        0.4.1 @/mnt/home/giung/.conda/envs/jax-siml/lib/python3.10/site-packages/jaxlib
Flax          0.6.3 @/mnt/home/giung/.conda/envs/jax-siml/lib/python3.10/site-packages/flax
Optax         0.1.4 @/mnt/home/giung/.conda/envs/jax-siml/lib/python3.10/site-packages/optax
------------  -------------------------------------------------------------------------------

[2023-02-04 10:30:43] Command line arguments:
- args.data_root          : ./data/
- args.data_name          : CIFAR100_x32
- args.data_augmentation  : standard
- args.data_proportional  : 1.0
- args.model_depth        : 56
- args.model_width        : 1
- args.model_style        : BN-ReLU
- args.optim_bs           : 256
- args.optim_ne           : 200
- args.optim_lr           : 0.01
- args.optim_momentum     : 0.97
- args.optim_weight_decay : 0.0001
- args.save               : /mnt/home/giung/giung2-dev/projects/residual-networks/save/CIFAR100_x32/R56-BN-ReLU/bs-0256_ne-0200_lr-0.01_mo-0.97_wd-0.0001_fp32/42
- args.seed               : 42
- args.precision          : fp32

[2023-02-04 10:31:21] [Epoch     1/  200] trn/loss 4.727e+00, trn/lr 1.000e-02, val/acc 1.261e-02, val/nll 4.623e+00 (best_acc: 0.000e+00 -> 1.261e-02, test_acc: 1.500e-02, test_nll: 4.622e+00)
[2023-02-04 10:31:27] [Epoch     2/  200] trn/loss 4.553e+00, trn/lr 9.999e-03, val/acc 2.201e-02, val/nll 4.534e+00 (best_acc: 1.261e-02 -> 2.201e-02, test_acc: 2.160e-02, test_nll: 4.547e+00)
[2023-02-04 10:31:32] [Epoch     3/  200] trn/loss 4.480e+00, trn/lr 9.996e-03, val/acc 3.330e-02, val/nll 4.471e+00 (best_acc: 2.201e-02 -> 3.330e-02, test_acc: 3.140e-02, test_nll: 4.486e+00)
[2023-02-04 10:31:38] [Epoch     4/  200] trn/loss 4.341e+00, trn/lr 9.992e-03, val/acc 3.982e-02, val/nll 4.245e+00 (best_acc: 3.330e-02 -> 3.982e-02, test_acc: 4.240e-02, test_nll: 4.236e+00)
[2023-02-04 10:31:44] [Epoch     5/  200] trn/loss 4.104e+00, trn/lr 9.987e-03, val/acc 6.283e-02, val/nll 4.035e+00 (best_acc: 3.982e-02 -> 6.283e-02, test_acc: 6.570e-02, test_nll: 4.033e+00)
[2023-02-04 10:31:49] [Epoch     6/  200] trn/loss 3.910e+00, trn/lr 9.981e-03, val/acc 1.103e-01, val/nll 3.814e+00 (best_acc: 6.283e-02 -> 1.103e-01, test_acc: 1.132e-01, test_nll: 3.803e+00)
[2023-02-04 10:31:55] [Epoch     7/  200] trn/loss 3.721e+00, trn/lr 9.974e-03, val/acc 1.287e-01, val/nll 3.756e+00 (best_acc: 1.103e-01 -> 1.287e-01, test_acc: 1.295e-01, test_nll: 3.751e+00)
[2023-02-04 10:32:00] [Epoch     8/  200] trn/loss 3.558e+00, trn/lr 9.965e-03, val/acc 1.567e-01, val/nll 3.494e+00 (best_acc: 1.287e-01 -> 1.567e-01, test_acc: 1.617e-01, test_nll: 3.492e+00)
[2023-02-04 10:32:06] [Epoch     9/  200] trn/loss 3.412e+00, trn/lr 9.955e-03, val/acc 1.866e-01, val/nll 3.325e+00 (best_acc: 1.567e-01 -> 1.866e-01, test_acc: 1.967e-01, test_nll: 3.305e+00)
[2023-02-04 10:32:11] [Epoch    10/  200] trn/loss 3.250e+00, trn/lr 9.944e-03, val/acc 2.040e-01, val/nll 3.260e+00 (best_acc: 1.866e-01 -> 2.040e-01, test_acc: 2.112e-01, test_nll: 3.222e+00)
[2023-02-04 10:32:17] [Epoch    11/  200] trn/loss 3.097e+00, trn/lr 9.932e-03, val/acc 2.425e-01, val/nll 3.077e+00 (best_acc: 2.040e-01 -> 2.425e-01, test_acc: 2.501e-01, test_nll: 3.039e+00)
[2023-02-04 10:32:22] [Epoch    12/  200] trn/loss 2.926e+00, trn/lr 9.919e-03, val/acc 2.717e-01, val/nll 2.933e+00 (best_acc: 2.425e-01 -> 2.717e-01, test_acc: 2.645e-01, test_nll: 2.902e+00)
[2023-02-04 10:32:28] [Epoch    13/  200] trn/loss 2.781e+00, trn/lr 9.904e-03, val/acc 2.866e-01, val/nll 2.845e+00 (best_acc: 2.717e-01 -> 2.866e-01, test_acc: 2.887e-01, test_nll: 2.815e+00)
[2023-02-04 10:32:33] [Epoch    14/  200] trn/loss 2.635e+00, trn/lr 9.888e-03, val/acc 3.024e-01, val/nll 2.772e+00 (best_acc: 2.866e-01 -> 3.024e-01, test_acc: 3.078e-01, test_nll: 2.720e+00)
[2023-02-04 10:32:39] [Epoch    15/  200] trn/loss 2.509e+00, trn/lr 9.871e-03, val/acc 3.075e-01, val/nll 2.699e+00 (best_acc: 3.024e-01 -> 3.075e-01, test_acc: 3.178e-01, test_nll: 2.651e+00)
[2023-02-04 10:32:44] [Epoch    16/  200] trn/loss 2.393e+00, trn/lr 9.853e-03, val/acc 3.468e-01, val/nll 2.541e+00 (best_acc: 3.075e-01 -> 3.468e-01, test_acc: 3.558e-01, test_nll: 2.495e+00)
[2023-02-04 10:32:50] [Epoch    17/  200] trn/loss 2.281e+00, trn/lr 9.833e-03, val/acc 3.707e-01, val/nll 2.428e+00 (best_acc: 3.468e-01 -> 3.707e-01, test_acc: 3.766e-01, test_nll: 2.401e+00)
[2023-02-04 10:32:56] [Epoch    18/  200] trn/loss 2.182e+00, trn/lr 9.812e-03, val/acc 3.853e-01, val/nll 2.391e+00 (best_acc: 3.707e-01 -> 3.853e-01, test_acc: 3.981e-01, test_nll: 2.355e+00)
[2023-02-04 10:33:01] [Epoch    19/  200] trn/loss 2.096e+00, trn/lr 9.790e-03, val/acc 3.980e-01, val/nll 2.274e+00 (best_acc: 3.853e-01 -> 3.980e-01, test_acc: 4.093e-01, test_nll: 2.253e+00)
[2023-02-04 10:33:07] [Epoch    20/  200] trn/loss 2.021e+00, trn/lr 9.767e-03, val/acc 4.030e-01, val/nll 2.264e+00 (best_acc: 3.980e-01 -> 4.030e-01, test_acc: 4.132e-01, test_nll: 2.246e+00)
[2023-02-04 10:33:12] [Epoch    21/  200] trn/loss 1.937e+00, trn/lr 9.743e-03, val/acc 4.202e-01, val/nll 2.171e+00 (best_acc: 4.030e-01 -> 4.202e-01, test_acc: 4.266e-01, test_nll: 2.172e+00)
[2023-02-04 10:33:18] [Epoch    22/  200] trn/loss 1.859e+00, trn/lr 9.718e-03, val/acc 4.221e-01, val/nll 2.209e+00 (best_acc: 4.202e-01 -> 4.221e-01, test_acc: 4.294e-01, test_nll: 2.185e+00)
[2023-02-04 10:33:23] [Epoch    23/  200] trn/loss 1.796e+00, trn/lr 9.691e-03, val/acc 4.434e-01, val/nll 2.114e+00 (best_acc: 4.221e-01 -> 4.434e-01, test_acc: 4.525e-01, test_nll: 2.093e+00)
[2023-02-04 10:33:29] [Epoch    24/  200] trn/loss 1.735e+00, trn/lr 9.663e-03, val/acc 4.530e-01, val/nll 2.059e+00 (best_acc: 4.434e-01 -> 4.530e-01, test_acc: 4.683e-01, test_nll: 2.025e+00)
[2023-02-04 10:33:34] [Epoch    25/  200] trn/loss 1.675e+00, trn/lr 9.634e-03, val/acc 4.628e-01, val/nll 2.054e+00 (best_acc: 4.530e-01 -> 4.628e-01, test_acc: 4.674e-01, test_nll: 2.027e+00)
[2023-02-04 10:33:40] [Epoch    26/  200] trn/loss 1.624e+00, trn/lr 9.604e-03, val/acc 4.722e-01, val/nll 2.046e+00 (best_acc: 4.628e-01 -> 4.722e-01, test_acc: 4.715e-01, test_nll: 2.022e+00)
[2023-02-04 10:33:45] [Epoch    27/  200] trn/loss 1.581e+00, trn/lr 9.573e-03, val/acc 4.753e-01, val/nll 1.999e+00 (best_acc: 4.722e-01 -> 4.753e-01, test_acc: 4.785e-01, test_nll: 1.997e+00)
[2023-02-04 10:33:51] [Epoch    28/  200] trn/loss 1.541e+00, trn/lr 9.541e-03, val/acc 4.840e-01, val/nll 1.962e+00 (best_acc: 4.753e-01 -> 4.840e-01, test_acc: 4.918e-01, test_nll: 1.949e+00)
[2023-02-04 10:33:57] [Epoch    29/  200] trn/loss 1.483e+00, trn/lr 9.507e-03, val/acc 5.013e-01, val/nll 1.850e+00 (best_acc: 4.840e-01 -> 5.013e-01, test_acc: 5.066e-01, test_nll: 1.855e+00)
[2023-02-04 10:34:02] [Epoch    30/  200] trn/loss 1.431e+00, trn/lr 9.473e-03, val/acc 4.897e-01, val/nll 1.962e+00
[2023-02-04 10:34:07] [Epoch    31/  200] trn/loss 1.407e+00, trn/lr 9.437e-03, val/acc 5.092e-01, val/nll 1.834e+00 (best_acc: 5.013e-01 -> 5.092e-01, test_acc: 5.243e-01, test_nll: 1.810e+00)
[2023-02-04 10:34:12] [Epoch    32/  200] trn/loss 1.353e+00, trn/lr 9.400e-03, val/acc 4.997e-01, val/nll 1.918e+00
[2023-02-04 10:34:18] [Epoch    33/  200] trn/loss 1.321e+00, trn/lr 9.363e-03, val/acc 5.209e-01, val/nll 1.792e+00 (best_acc: 5.092e-01 -> 5.209e-01, test_acc: 5.320e-01, test_nll: 1.795e+00)
[2023-02-04 10:34:23] [Epoch    34/  200] trn/loss 1.291e+00, trn/lr 9.324e-03, val/acc 5.167e-01, val/nll 1.804e+00
[2023-02-04 10:34:28] [Epoch    35/  200] trn/loss 1.262e+00, trn/lr 9.284e-03, val/acc 5.162e-01, val/nll 1.865e+00
[2023-02-04 10:34:33] [Epoch    36/  200] trn/loss 1.231e+00, trn/lr 9.243e-03, val/acc 5.063e-01, val/nll 1.981e+00
[2023-02-04 10:34:39] [Epoch    37/  200] trn/loss 1.202e+00, trn/lr 9.201e-03, val/acc 5.156e-01, val/nll 1.848e+00
[2023-02-04 10:34:44] [Epoch    38/  200] trn/loss 1.164e+00, trn/lr 9.157e-03, val/acc 5.222e-01, val/nll 1.834e+00 (best_acc: 5.209e-01 -> 5.222e-01, test_acc: 5.372e-01, test_nll: 1.798e+00)
[2023-02-04 10:34:50] [Epoch    39/  200] trn/loss 1.134e+00, trn/lr 9.113e-03, val/acc 5.427e-01, val/nll 1.786e+00 (best_acc: 5.222e-01 -> 5.427e-01, test_acc: 5.455e-01, test_nll: 1.777e+00)
[2023-02-04 10:34:55] [Epoch    40/  200] trn/loss 1.114e+00, trn/lr 9.068e-03, val/acc 5.166e-01, val/nll 1.881e+00
[2023-02-04 10:35:00] [Epoch    41/  200] trn/loss 1.092e+00, trn/lr 9.022e-03, val/acc 5.373e-01, val/nll 1.832e+00
[2023-02-04 10:35:05] [Epoch    42/  200] trn/loss 1.071e+00, trn/lr 8.975e-03, val/acc 5.353e-01, val/nll 1.868e+00
[2023-02-04 10:35:11] [Epoch    43/  200] trn/loss 1.041e+00, trn/lr 8.927e-03, val/acc 5.485e-01, val/nll 1.766e+00 (best_acc: 5.427e-01 -> 5.485e-01, test_acc: 5.527e-01, test_nll: 1.763e+00)
[2023-02-04 10:35:16] [Epoch    44/  200] trn/loss 1.013e+00, trn/lr 8.878e-03, val/acc 5.398e-01, val/nll 1.815e+00
[2023-02-04 10:35:21] [Epoch    45/  200] trn/loss 9.827e-01, trn/lr 8.828e-03, val/acc 5.494e-01, val/nll 1.792e+00 (best_acc: 5.485e-01 -> 5.494e-01, test_acc: 5.512e-01, test_nll: 1.794e+00)
[2023-02-04 10:35:27] [Epoch    46/  200] trn/loss 9.643e-01, trn/lr 8.777e-03, val/acc 5.500e-01, val/nll 1.820e+00 (best_acc: 5.494e-01 -> 5.500e-01, test_acc: 5.538e-01, test_nll: 1.797e+00)
[2023-02-04 10:35:32] [Epoch    47/  200] trn/loss 9.511e-01, trn/lr 8.725e-03, val/acc 5.627e-01, val/nll 1.743e+00 (best_acc: 5.500e-01 -> 5.627e-01, test_acc: 5.660e-01, test_nll: 1.742e+00)
[2023-02-04 10:35:38] [Epoch    48/  200] trn/loss 9.264e-01, trn/lr 8.672e-03, val/acc 5.579e-01, val/nll 1.740e+00
[2023-02-04 10:35:43] [Epoch    49/  200] trn/loss 9.005e-01, trn/lr 8.618e-03, val/acc 5.518e-01, val/nll 1.792e+00
[2023-02-04 10:35:48] [Epoch    50/  200] trn/loss 8.814e-01, trn/lr 8.563e-03, val/acc 5.555e-01, val/nll 1.757e+00
[2023-02-04 10:35:53] [Epoch    51/  200] trn/loss 8.661e-01, trn/lr 8.508e-03, val/acc 5.577e-01, val/nll 1.778e+00
[2023-02-04 10:35:58] [Epoch    52/  200] trn/loss 8.522e-01, trn/lr 8.451e-03, val/acc 5.546e-01, val/nll 1.843e+00
[2023-02-04 10:36:03] [Epoch    53/  200] trn/loss 8.228e-01, trn/lr 8.394e-03, val/acc 5.586e-01, val/nll 1.793e+00
[2023-02-04 10:36:09] [Epoch    54/  200] trn/loss 7.872e-01, trn/lr 8.336e-03, val/acc 5.569e-01, val/nll 1.820e+00
[2023-02-04 10:36:14] [Epoch    55/  200] trn/loss 7.746e-01, trn/lr 8.277e-03, val/acc 5.642e-01, val/nll 1.844e+00 (best_acc: 5.627e-01 -> 5.642e-01, test_acc: 5.660e-01, test_nll: 1.852e+00)
[2023-02-04 10:36:20] [Epoch    56/  200] trn/loss 7.732e-01, trn/lr 8.217e-03, val/acc 5.663e-01, val/nll 1.841e+00 (best_acc: 5.642e-01 -> 5.663e-01, test_acc: 5.650e-01, test_nll: 1.847e+00)
[2023-02-04 10:36:25] [Epoch    57/  200] trn/loss 7.542e-01, trn/lr 8.157e-03, val/acc 5.591e-01, val/nll 1.876e+00
[2023-02-04 10:36:30] [Epoch    58/  200] trn/loss 7.365e-01, trn/lr 8.096e-03, val/acc 5.652e-01, val/nll 1.796e+00
[2023-02-04 10:36:35] [Epoch    59/  200] trn/loss 7.126e-01, trn/lr 8.034e-03, val/acc 5.741e-01, val/nll 1.801e+00 (best_acc: 5.663e-01 -> 5.741e-01, test_acc: 5.862e-01, test_nll: 1.781e+00)
[2023-02-04 10:36:41] [Epoch    60/  200] trn/loss 7.037e-01, trn/lr 7.971e-03, val/acc 5.567e-01, val/nll 1.902e+00
[2023-02-04 10:36:46] [Epoch    61/  200] trn/loss 6.988e-01, trn/lr 7.907e-03, val/acc 5.735e-01, val/nll 1.801e+00
[2023-02-04 10:36:51] [Epoch    62/  200] trn/loss 6.711e-01, trn/lr 7.843e-03, val/acc 5.646e-01, val/nll 1.813e+00
[2023-02-04 10:36:56] [Epoch    63/  200] trn/loss 6.642e-01, trn/lr 7.778e-03, val/acc 5.553e-01, val/nll 1.958e+00
[2023-02-04 10:37:01] [Epoch    64/  200] trn/loss 6.485e-01, trn/lr 7.712e-03, val/acc 5.650e-01, val/nll 1.883e+00
[2023-02-04 10:37:06] [Epoch    65/  200] trn/loss 6.346e-01, trn/lr 7.646e-03, val/acc 5.721e-01, val/nll 1.823e+00
[2023-02-04 10:37:11] [Epoch    66/  200] trn/loss 6.261e-01, trn/lr 7.579e-03, val/acc 5.691e-01, val/nll 1.892e+00
[2023-02-04 10:37:17] [Epoch    67/  200] trn/loss 6.050e-01, trn/lr 7.512e-03, val/acc 5.670e-01, val/nll 1.908e+00
[2023-02-04 10:37:22] [Epoch    68/  200] trn/loss 5.877e-01, trn/lr 7.443e-03, val/acc 5.796e-01, val/nll 1.836e+00 (best_acc: 5.741e-01 -> 5.796e-01, test_acc: 5.821e-01, test_nll: 1.807e+00)
[2023-02-04 10:37:27] [Epoch    69/  200] trn/loss 5.817e-01, trn/lr 7.374e-03, val/acc 5.621e-01, val/nll 1.993e+00
[2023-02-04 10:37:33] [Epoch    70/  200] trn/loss 5.612e-01, trn/lr 7.305e-03, val/acc 5.811e-01, val/nll 1.919e+00 (best_acc: 5.796e-01 -> 5.811e-01, test_acc: 5.848e-01, test_nll: 1.900e+00)
[2023-02-04 10:37:38] [Epoch    71/  200] trn/loss 5.459e-01, trn/lr 7.235e-03, val/acc 5.823e-01, val/nll 1.879e+00 (best_acc: 5.811e-01 -> 5.823e-01, test_acc: 5.895e-01, test_nll: 1.881e+00)
[2023-02-04 10:37:44] [Epoch    72/  200] trn/loss 5.354e-01, trn/lr 7.165e-03, val/acc 5.564e-01, val/nll 2.040e+00
[2023-02-04 10:37:49] [Epoch    73/  200] trn/loss 5.149e-01, trn/lr 7.093e-03, val/acc 5.718e-01, val/nll 1.921e+00
[2023-02-04 10:37:54] [Epoch    74/  200] trn/loss 5.141e-01, trn/lr 7.022e-03, val/acc 5.817e-01, val/nll 1.889e+00
[2023-02-04 10:37:59] [Epoch    75/  200] trn/loss 4.965e-01, trn/lr 6.950e-03, val/acc 5.763e-01, val/nll 1.865e+00
[2023-02-04 10:38:04] [Epoch    76/  200] trn/loss 4.853e-01, trn/lr 6.877e-03, val/acc 5.728e-01, val/nll 1.934e+00
[2023-02-04 10:38:09] [Epoch    77/  200] trn/loss 4.788e-01, trn/lr 6.804e-03, val/acc 5.789e-01, val/nll 1.958e+00
[2023-02-04 10:38:15] [Epoch    78/  200] trn/loss 4.696e-01, trn/lr 6.731e-03, val/acc 5.813e-01, val/nll 1.921e+00
[2023-02-04 10:38:20] [Epoch    79/  200] trn/loss 4.521e-01, trn/lr 6.657e-03, val/acc 5.706e-01, val/nll 2.074e+00
[2023-02-04 10:38:25] [Epoch    80/  200] trn/loss 4.394e-01, trn/lr 6.583e-03, val/acc 5.772e-01, val/nll 2.044e+00
[2023-02-04 10:38:30] [Epoch    81/  200] trn/loss 4.367e-01, trn/lr 6.508e-03, val/acc 5.723e-01, val/nll 1.989e+00
[2023-02-04 10:38:35] [Epoch    82/  200] trn/loss 4.230e-01, trn/lr 6.433e-03, val/acc 5.722e-01, val/nll 2.053e+00
[2023-02-04 10:38:40] [Epoch    83/  200] trn/loss 4.157e-01, trn/lr 6.357e-03, val/acc 5.749e-01, val/nll 1.991e+00
[2023-02-04 10:38:46] [Epoch    84/  200] trn/loss 4.052e-01, trn/lr 6.282e-03, val/acc 5.827e-01, val/nll 1.991e+00 (best_acc: 5.823e-01 -> 5.827e-01, test_acc: 5.959e-01, test_nll: 1.972e+00)
[2023-02-04 10:38:51] [Epoch    85/  200] trn/loss 3.928e-01, trn/lr 6.206e-03, val/acc 5.868e-01, val/nll 1.959e+00 (best_acc: 5.827e-01 -> 5.868e-01, test_acc: 5.959e-01, test_nll: 1.953e+00)
[2023-02-04 10:38:57] [Epoch    86/  200] trn/loss 3.805e-01, trn/lr 6.129e-03, val/acc 5.760e-01, val/nll 2.052e+00
[2023-02-04 10:39:02] [Epoch    87/  200] trn/loss 3.800e-01, trn/lr 6.053e-03, val/acc 5.823e-01, val/nll 2.068e+00
[2023-02-04 10:39:07] [Epoch    88/  200] trn/loss 3.709e-01, trn/lr 5.976e-03, val/acc 5.802e-01, val/nll 1.972e+00
[2023-02-04 10:39:12] [Epoch    89/  200] trn/loss 3.527e-01, trn/lr 5.899e-03, val/acc 5.833e-01, val/nll 2.047e+00
[2023-02-04 10:39:17] [Epoch    90/  200] trn/loss 3.380e-01, trn/lr 5.821e-03, val/acc 5.847e-01, val/nll 2.087e+00
[2023-02-04 10:39:22] [Epoch    91/  200] trn/loss 3.336e-01, trn/lr 5.744e-03, val/acc 5.851e-01, val/nll 2.099e+00
[2023-02-04 10:39:28] [Epoch    92/  200] trn/loss 3.210e-01, trn/lr 5.666e-03, val/acc 5.885e-01, val/nll 2.045e+00 (best_acc: 5.868e-01 -> 5.885e-01, test_acc: 5.965e-01, test_nll: 2.050e+00)
[2023-02-04 10:39:33] [Epoch    93/  200] trn/loss 3.211e-01, trn/lr 5.588e-03, val/acc 5.788e-01, val/nll 2.161e+00
[2023-02-04 10:39:38] [Epoch    94/  200] trn/loss 3.167e-01, trn/lr 5.510e-03, val/acc 5.796e-01, val/nll 2.126e+00
[2023-02-04 10:39:44] [Epoch    95/  200] trn/loss 3.083e-01, trn/lr 5.432e-03, val/acc 5.893e-01, val/nll 2.087e+00 (best_acc: 5.885e-01 -> 5.893e-01, test_acc: 5.894e-01, test_nll: 2.088e+00)
[2023-02-04 10:39:49] [Epoch    96/  200] trn/loss 2.932e-01, trn/lr 5.353e-03, val/acc 5.865e-01, val/nll 2.146e+00
[2023-02-04 10:39:55] [Epoch    97/  200] trn/loss 2.868e-01, trn/lr 5.275e-03, val/acc 5.920e-01, val/nll 2.114e+00 (best_acc: 5.893e-01 -> 5.920e-01, test_acc: 5.993e-01, test_nll: 2.110e+00)
[2023-02-04 10:40:00] [Epoch    98/  200] trn/loss 2.744e-01, trn/lr 5.197e-03, val/acc 5.940e-01, val/nll 2.065e+00 (best_acc: 5.920e-01 -> 5.940e-01, test_acc: 6.041e-01, test_nll: 2.053e+00)
[2023-02-04 10:40:05] [Epoch    99/  200] trn/loss 2.678e-01, trn/lr 5.118e-03, val/acc 5.835e-01, val/nll 2.200e+00
[2023-02-04 10:40:10] [Epoch   100/  200] trn/loss 2.575e-01, trn/lr 5.040e-03, val/acc 5.928e-01, val/nll 2.142e+00
[2023-02-04 10:40:16] [Epoch   101/  200] trn/loss 2.575e-01, trn/lr 4.961e-03, val/acc 5.989e-01, val/nll 2.133e+00 (best_acc: 5.940e-01 -> 5.989e-01, test_acc: 6.014e-01, test_nll: 2.151e+00)
[2023-02-04 10:40:21] [Epoch   102/  200] trn/loss 2.407e-01, trn/lr 4.882e-03, val/acc 5.898e-01, val/nll 2.172e+00
[2023-02-04 10:40:26] [Epoch   103/  200] trn/loss 2.379e-01, trn/lr 4.804e-03, val/acc 5.973e-01, val/nll 2.176e+00
[2023-02-04 10:40:31] [Epoch   104/  200] trn/loss 2.307e-01, trn/lr 4.725e-03, val/acc 5.924e-01, val/nll 2.138e+00
[2023-02-04 10:40:37] [Epoch   105/  200] trn/loss 2.179e-01, trn/lr 4.647e-03, val/acc 5.972e-01, val/nll 2.156e+00
[2023-02-04 10:40:42] [Epoch   106/  200] trn/loss 2.178e-01, trn/lr 4.569e-03, val/acc 5.970e-01, val/nll 2.180e+00
[2023-02-04 10:40:47] [Epoch   107/  200] trn/loss 2.125e-01, trn/lr 4.491e-03, val/acc 5.987e-01, val/nll 2.182e+00
[2023-02-04 10:40:52] [Epoch   108/  200] trn/loss 2.045e-01, trn/lr 4.413e-03, val/acc 5.939e-01, val/nll 2.197e+00
[2023-02-04 10:40:57] [Epoch   109/  200] trn/loss 1.951e-01, trn/lr 4.335e-03, val/acc 5.972e-01, val/nll 2.164e+00
[2023-02-04 10:41:02] [Epoch   110/  200] trn/loss 1.876e-01, trn/lr 4.257e-03, val/acc 5.904e-01, val/nll 2.223e+00
[2023-02-04 10:41:07] [Epoch   111/  200] trn/loss 1.836e-01, trn/lr 4.179e-03, val/acc 5.890e-01, val/nll 2.235e+00
[2023-02-04 10:41:13] [Epoch   112/  200] trn/loss 1.736e-01, trn/lr 4.102e-03, val/acc 5.989e-01, val/nll 2.186e+00
[2023-02-04 10:41:18] [Epoch   113/  200] trn/loss 1.671e-01, trn/lr 4.025e-03, val/acc 6.019e-01, val/nll 2.211e+00 (best_acc: 5.989e-01 -> 6.019e-01, test_acc: 6.139e-01, test_nll: 2.151e+00)
[2023-02-04 10:41:23] [Epoch   114/  200] trn/loss 1.631e-01, trn/lr 3.948e-03, val/acc 5.983e-01, val/nll 2.235e+00
[2023-02-04 10:41:28] [Epoch   115/  200] trn/loss 1.570e-01, trn/lr 3.871e-03, val/acc 5.985e-01, val/nll 2.220e+00
[2023-02-04 10:41:34] [Epoch   116/  200] trn/loss 1.492e-01, trn/lr 3.795e-03, val/acc 5.940e-01, val/nll 2.281e+00
[2023-02-04 10:41:39] [Epoch   117/  200] trn/loss 1.428e-01, trn/lr 3.719e-03, val/acc 6.030e-01, val/nll 2.236e+00 (best_acc: 6.019e-01 -> 6.030e-01, test_acc: 6.108e-01, test_nll: 2.229e+00)
[2023-02-04 10:41:44] [Epoch   118/  200] trn/loss 1.408e-01, trn/lr 3.643e-03, val/acc 5.987e-01, val/nll 2.260e+00
[2023-02-04 10:41:49] [Epoch   119/  200] trn/loss 1.371e-01, trn/lr 3.568e-03, val/acc 6.015e-01, val/nll 2.229e+00
[2023-02-04 10:41:55] [Epoch   120/  200] trn/loss 1.314e-01, trn/lr 3.493e-03, val/acc 5.994e-01, val/nll 2.222e+00
[2023-02-04 10:42:00] [Epoch   121/  200] trn/loss 1.278e-01, trn/lr 3.418e-03, val/acc 6.040e-01, val/nll 2.262e+00 (best_acc: 6.030e-01 -> 6.040e-01, test_acc: 6.123e-01, test_nll: 2.274e+00)
[2023-02-04 10:42:05] [Epoch   122/  200] trn/loss 1.235e-01, trn/lr 3.344e-03, val/acc 6.028e-01, val/nll 2.277e+00
[2023-02-04 10:42:10] [Epoch   123/  200] trn/loss 1.175e-01, trn/lr 3.270e-03, val/acc 6.040e-01, val/nll 2.297e+00
[2023-02-04 10:42:16] [Epoch   124/  200] trn/loss 1.111e-01, trn/lr 3.196e-03, val/acc 6.033e-01, val/nll 2.284e+00
[2023-02-04 10:42:21] [Epoch   125/  200] trn/loss 1.114e-01, trn/lr 3.123e-03, val/acc 6.075e-01, val/nll 2.245e+00 (best_acc: 6.040e-01 -> 6.075e-01, test_acc: 6.138e-01, test_nll: 2.254e+00)
[2023-02-04 10:42:27] [Epoch   126/  200] trn/loss 1.064e-01, trn/lr 3.051e-03, val/acc 6.119e-01, val/nll 2.263e+00 (best_acc: 6.075e-01 -> 6.119e-01, test_acc: 6.118e-01, test_nll: 2.275e+00)
[2023-02-04 10:42:32] [Epoch   127/  200] trn/loss 1.027e-01, trn/lr 2.979e-03, val/acc 6.054e-01, val/nll 2.273e+00
[2023-02-04 10:42:37] [Epoch   128/  200] trn/loss 1.002e-01, trn/lr 2.907e-03, val/acc 6.110e-01, val/nll 2.258e+00
[2023-02-04 10:42:42] [Epoch   129/  200] trn/loss 9.534e-02, trn/lr 2.836e-03, val/acc 6.042e-01, val/nll 2.277e+00
[2023-02-04 10:42:47] [Epoch   130/  200] trn/loss 9.199e-02, trn/lr 2.765e-03, val/acc 6.114e-01, val/nll 2.261e+00
[2023-02-04 10:42:53] [Epoch   131/  200] trn/loss 8.311e-02, trn/lr 2.695e-03, val/acc 6.103e-01, val/nll 2.280e+00
[2023-02-04 10:42:58] [Epoch   132/  200] trn/loss 8.406e-02, trn/lr 2.626e-03, val/acc 6.087e-01, val/nll 2.296e+00
[2023-02-04 10:43:03] [Epoch   133/  200] trn/loss 7.916e-02, trn/lr 2.557e-03, val/acc 6.074e-01, val/nll 2.278e+00
[2023-02-04 10:43:08] [Epoch   134/  200] trn/loss 7.648e-02, trn/lr 2.489e-03, val/acc 6.104e-01, val/nll 2.306e+00
[2023-02-04 10:43:13] [Epoch   135/  200] trn/loss 7.464e-02, trn/lr 2.421e-03, val/acc 6.111e-01, val/nll 2.307e+00
[2023-02-04 10:43:18] [Epoch   136/  200] trn/loss 6.980e-02, trn/lr 2.354e-03, val/acc 6.032e-01, val/nll 2.314e+00
[2023-02-04 10:43:23] [Epoch   137/  200] trn/loss 6.927e-02, trn/lr 2.288e-03, val/acc 6.072e-01, val/nll 2.313e+00
[2023-02-04 10:43:29] [Epoch   138/  200] trn/loss 6.781e-02, trn/lr 2.222e-03, val/acc 6.143e-01, val/nll 2.300e+00 (best_acc: 6.119e-01 -> 6.143e-01, test_acc: 6.190e-01, test_nll: 2.276e+00)
[2023-02-04 10:43:34] [Epoch   139/  200] trn/loss 6.406e-02, trn/lr 2.157e-03, val/acc 6.119e-01, val/nll 2.300e+00
[2023-02-04 10:43:39] [Epoch   140/  200] trn/loss 6.159e-02, trn/lr 2.093e-03, val/acc 6.116e-01, val/nll 2.335e+00
[2023-02-04 10:43:45] [Epoch   141/  200] trn/loss 6.103e-02, trn/lr 2.030e-03, val/acc 6.157e-01, val/nll 2.322e+00 (best_acc: 6.143e-01 -> 6.157e-01, test_acc: 6.191e-01, test_nll: 2.306e+00)
[2023-02-04 10:43:50] [Epoch   142/  200] trn/loss 5.754e-02, trn/lr 1.967e-03, val/acc 6.143e-01, val/nll 2.329e+00
[2023-02-04 10:43:56] [Epoch   143/  200] trn/loss 5.545e-02, trn/lr 1.905e-03, val/acc 6.162e-01, val/nll 2.332e+00 (best_acc: 6.157e-01 -> 6.162e-01, test_acc: 6.210e-01, test_nll: 2.300e+00)
[2023-02-04 10:44:01] [Epoch   144/  200] trn/loss 5.444e-02, trn/lr 1.843e-03, val/acc 6.125e-01, val/nll 2.337e+00
[2023-02-04 10:44:06] [Epoch   145/  200] trn/loss 5.256e-02, trn/lr 1.783e-03, val/acc 6.113e-01, val/nll 2.348e+00
[2023-02-04 10:44:11] [Epoch   146/  200] trn/loss 5.131e-02, trn/lr 1.723e-03, val/acc 6.124e-01, val/nll 2.334e+00
[2023-02-04 10:44:16] [Epoch   147/  200] trn/loss 4.962e-02, trn/lr 1.664e-03, val/acc 6.105e-01, val/nll 2.336e+00
[2023-02-04 10:44:21] [Epoch   148/  200] trn/loss 5.039e-02, trn/lr 1.606e-03, val/acc 6.145e-01, val/nll 2.346e+00
[2023-02-04 10:44:26] [Epoch   149/  200] trn/loss 4.557e-02, trn/lr 1.549e-03, val/acc 6.140e-01, val/nll 2.342e+00
[2023-02-04 10:44:32] [Epoch   150/  200] trn/loss 4.616e-02, trn/lr 1.493e-03, val/acc 6.147e-01, val/nll 2.328e+00
[2023-02-04 10:44:37] [Epoch   151/  200] trn/loss 4.559e-02, trn/lr 1.437e-03, val/acc 6.148e-01, val/nll 2.333e+00
[2023-02-04 10:44:42] [Epoch   152/  200] trn/loss 4.555e-02, trn/lr 1.382e-03, val/acc 6.136e-01, val/nll 2.344e+00
[2023-02-04 10:44:47] [Epoch   153/  200] trn/loss 4.270e-02, trn/lr 1.329e-03, val/acc 6.163e-01, val/nll 2.344e+00 (best_acc: 6.162e-01 -> 6.163e-01, test_acc: 6.186e-01, test_nll: 2.326e+00)
[2023-02-04 10:44:53] [Epoch   154/  200] trn/loss 4.184e-02, trn/lr 1.276e-03, val/acc 6.129e-01, val/nll 2.345e+00
[2023-02-04 10:44:58] [Epoch   155/  200] trn/loss 3.985e-02, trn/lr 1.224e-03, val/acc 6.145e-01, val/nll 2.342e+00
[2023-02-04 10:45:03] [Epoch   156/  200] trn/loss 4.144e-02, trn/lr 1.173e-03, val/acc 6.183e-01, val/nll 2.340e+00 (best_acc: 6.163e-01 -> 6.183e-01, test_acc: 6.230e-01, test_nll: 2.331e+00)
[2023-02-04 10:45:08] [Epoch   157/  200] trn/loss 3.886e-02, trn/lr 1.123e-03, val/acc 6.137e-01, val/nll 2.354e+00
[2023-02-04 10:45:14] [Epoch   158/  200] trn/loss 3.972e-02, trn/lr 1.074e-03, val/acc 6.135e-01, val/nll 2.349e+00
[2023-02-04 10:45:19] [Epoch   159/  200] trn/loss 3.841e-02, trn/lr 1.025e-03, val/acc 6.149e-01, val/nll 2.337e+00
[2023-02-04 10:45:24] [Epoch   160/  200] trn/loss 3.757e-02, trn/lr 9.783e-04, val/acc 6.176e-01, val/nll 2.350e+00
[2023-02-04 10:45:29] [Epoch   161/  200] trn/loss 3.701e-02, trn/lr 9.321e-04, val/acc 6.147e-01, val/nll 2.343e+00
[2023-02-04 10:45:34] [Epoch   162/  200] trn/loss 3.515e-02, trn/lr 8.870e-04, val/acc 6.131e-01, val/nll 2.358e+00
[2023-02-04 10:45:40] [Epoch   163/  200] trn/loss 3.593e-02, trn/lr 8.428e-04, val/acc 6.173e-01, val/nll 2.358e+00
[2023-02-04 10:45:45] [Epoch   164/  200] trn/loss 3.531e-02, trn/lr 7.997e-04, val/acc 6.167e-01, val/nll 2.340e+00
[2023-02-04 10:45:50] [Epoch   165/  200] trn/loss 3.418e-02, trn/lr 7.576e-04, val/acc 6.168e-01, val/nll 2.352e+00
[2023-02-04 10:45:55] [Epoch   166/  200] trn/loss 3.285e-02, trn/lr 7.166e-04, val/acc 6.165e-01, val/nll 2.349e+00
[2023-02-04 10:46:00] [Epoch   167/  200] trn/loss 3.395e-02, trn/lr 6.766e-04, val/acc 6.165e-01, val/nll 2.357e+00
[2023-02-04 10:46:05] [Epoch   168/  200] trn/loss 3.245e-02, trn/lr 6.377e-04, val/acc 6.144e-01, val/nll 2.361e+00
[2023-02-04 10:46:10] [Epoch   169/  200] trn/loss 3.241e-02, trn/lr 5.998e-04, val/acc 6.178e-01, val/nll 2.340e+00
[2023-02-04 10:46:16] [Epoch   170/  200] trn/loss 3.241e-02, trn/lr 5.631e-04, val/acc 6.180e-01, val/nll 2.348e+00
[2023-02-04 10:46:21] [Epoch   171/  200] trn/loss 3.221e-02, trn/lr 5.274e-04, val/acc 6.156e-01, val/nll 2.354e+00
[2023-02-04 10:46:26] [Epoch   172/  200] trn/loss 3.167e-02, trn/lr 4.929e-04, val/acc 6.166e-01, val/nll 2.353e+00
[2023-02-04 10:46:31] [Epoch   173/  200] trn/loss 3.026e-02, trn/lr 4.594e-04, val/acc 6.164e-01, val/nll 2.351e+00
[2023-02-04 10:46:36] [Epoch   174/  200] trn/loss 2.986e-02, trn/lr 4.271e-04, val/acc 6.170e-01, val/nll 2.357e+00
[2023-02-04 10:46:42] [Epoch   175/  200] trn/loss 2.988e-02, trn/lr 3.959e-04, val/acc 6.192e-01, val/nll 2.359e+00 (best_acc: 6.183e-01 -> 6.192e-01, test_acc: 6.217e-01, test_nll: 2.339e+00)
[2023-02-04 10:46:47] [Epoch   176/  200] trn/loss 2.957e-02, trn/lr 3.659e-04, val/acc 6.178e-01, val/nll 2.353e+00
[2023-02-04 10:46:52] [Epoch   177/  200] trn/loss 2.994e-02, trn/lr 3.369e-04, val/acc 6.155e-01, val/nll 2.359e+00
[2023-02-04 10:46:57] [Epoch   178/  200] trn/loss 2.910e-02, trn/lr 3.092e-04, val/acc 6.185e-01, val/nll 2.358e+00
[2023-02-04 10:47:02] [Epoch   179/  200] trn/loss 2.844e-02, trn/lr 2.826e-04, val/acc 6.187e-01, val/nll 2.355e+00
[2023-02-04 10:47:07] [Epoch   180/  200] trn/loss 2.833e-02, trn/lr 2.571e-04, val/acc 6.187e-01, val/nll 2.355e+00
[2023-02-04 10:47:13] [Epoch   181/  200] trn/loss 2.904e-02, trn/lr 2.329e-04, val/acc 6.181e-01, val/nll 2.358e+00
[2023-02-04 10:47:18] [Epoch   182/  200] trn/loss 2.918e-02, trn/lr 2.098e-04, val/acc 6.179e-01, val/nll 2.361e+00
[2023-02-04 10:47:23] [Epoch   183/  200] trn/loss 2.804e-02, trn/lr 1.878e-04, val/acc 6.192e-01, val/nll 2.354e+00
[2023-02-04 10:47:28] [Epoch   184/  200] trn/loss 2.668e-02, trn/lr 1.671e-04, val/acc 6.210e-01, val/nll 2.358e+00 (best_acc: 6.192e-01 -> 6.210e-01, test_acc: 6.250e-01, test_nll: 2.331e+00)
[2023-02-04 10:47:34] [Epoch   185/  200] trn/loss 2.890e-02, trn/lr 1.476e-04, val/acc 6.199e-01, val/nll 2.352e+00
[2023-02-04 10:47:39] [Epoch   186/  200] trn/loss 2.802e-02, trn/lr 1.292e-04, val/acc 6.190e-01, val/nll 2.363e+00
[2023-02-04 10:47:44] [Epoch   187/  200] trn/loss 2.812e-02, trn/lr 1.121e-04, val/acc 6.191e-01, val/nll 2.361e+00
[2023-02-04 10:47:49] [Epoch   188/  200] trn/loss 2.679e-02, trn/lr 9.617e-05, val/acc 6.199e-01, val/nll 2.358e+00
[2023-02-04 10:47:54] [Epoch   189/  200] trn/loss 2.838e-02, trn/lr 8.145e-05, val/acc 6.187e-01, val/nll 2.359e+00
[2023-02-04 10:47:59] [Epoch   190/  200] trn/loss 2.847e-02, trn/lr 6.794e-05, val/acc 6.185e-01, val/nll 2.363e+00
[2023-02-04 10:48:05] [Epoch   191/  200] trn/loss 2.735e-02, trn/lr 5.565e-05, val/acc 6.199e-01, val/nll 2.352e+00
[2023-02-04 10:48:10] [Epoch   192/  200] trn/loss 2.719e-02, trn/lr 4.458e-05, val/acc 6.206e-01, val/nll 2.358e+00
[2023-02-04 10:48:15] [Epoch   193/  200] trn/loss 2.780e-02, trn/lr 3.474e-05, val/acc 6.200e-01, val/nll 2.350e+00
[2023-02-04 10:48:20] [Epoch   194/  200] trn/loss 2.784e-02, trn/lr 2.612e-05, val/acc 6.194e-01, val/nll 2.360e+00
[2023-02-04 10:48:25] [Epoch   195/  200] trn/loss 2.773e-02, trn/lr 1.872e-05, val/acc 6.198e-01, val/nll 2.359e+00
[2023-02-04 10:48:30] [Epoch   196/  200] trn/loss 2.792e-02, trn/lr 1.255e-05, val/acc 6.208e-01, val/nll 2.354e+00
[2023-02-04 10:48:36] [Epoch   197/  200] trn/loss 2.772e-02, trn/lr 7.619e-06, val/acc 6.204e-01, val/nll 2.357e+00
[2023-02-04 10:48:41] [Epoch   198/  200] trn/loss 2.712e-02, trn/lr 3.916e-06, val/acc 6.199e-01, val/nll 2.357e+00
[2023-02-04 10:48:46] [Epoch   199/  200] trn/loss 2.823e-02, trn/lr 1.445e-06, val/acc 6.200e-01, val/nll 2.356e+00
[2023-02-04 10:48:51] [Epoch   200/  200] trn/loss 2.820e-02, trn/lr 2.075e-07, val/acc 6.187e-01, val/nll 2.356e+00
