[2023-02-15 07:44:02] Environments:
------------  ------------------------------------------------------------
sys.platform  linux
Python        3.8.10 (default, Nov 14 2022, 12:59:47) [GCC 9.4.0]
JAX           0.4.2 @/home/giung/.local/lib/python3.8/site-packages/jax
jaxlib        0.4.2 @/home/giung/.local/lib/python3.8/site-packages/jaxlib
Flax          0.6.4 @/home/giung/.local/lib/python3.8/site-packages/flax
Optax         0.1.4 @/home/giung/.local/lib/python3.8/site-packages/optax
------------  ------------------------------------------------------------

[2023-02-15 07:44:02] Command line arguments:
- args.data_root          : ./data/
- args.data_name          : CIFAR100_x32
- args.data_augmentation  : standard
- args.data_proportional  : 1.0
- args.model_depth        : 20
- args.model_width        : 4
- args.model_style        : BN-ReLU
- args.optim_bs           : 256
- args.optim_ne           : 200
- args.optim_lr           : 1.0
- args.optim_b1           : 0.97
- args.optim_b2           : 0.999
- args.optim_eps          : 0.1
- args.optim_weight_decay : 0.001
- args.rho                : 0.03
- args.num_data_factor    : 4.0
- args.save               : /home/giung/giung2-dev/projects/sam/save/CIFAR100_x32/R20x4-BN-ReLU/BayesSAM/bs-0256_ne-0200_lr-1.00_b1-0.970_b2-0.999_wd-0.0010_eps-1e-1_rho-0.0300_factor-4.0_fp32/42
- args.seed               : 42
- args.precision          : fp32

[2023-02-15 07:44:07] Multiple local devices are detected:
[TpuDevice(id=0, process_index=0, coords=(0,0,0), core_on_chip=0), TpuDevice(id=1, process_index=0, coords=(0,0,0), core_on_chip=1), TpuDevice(id=2, process_index=0, coords=(1,0,0), core_on_chip=0), TpuDevice(id=3, process_index=0, coords=(1,0,0), core_on_chip=1), TpuDevice(id=4, process_index=0, coords=(0,1,0), core_on_chip=0), TpuDevice(id=5, process_index=0, coords=(0,1,0), core_on_chip=1), TpuDevice(id=6, process_index=0, coords=(1,1,0), core_on_chip=0), TpuDevice(id=7, process_index=0, coords=(1,1,0), core_on_chip=1)]

[2023-02-15 07:45:19] [Epoch     1/  200] trn/loss 4.407e+00, trn/lr 1.000e+00, trn/scale 9.322e-01, val/acc 9.447e-02, val/nll 4.010e+00 (best_acc: 0.000e+00 -> 9.447e-02, test_acc: 9.650e-02, test_nll: 3.981e+00)
[2023-02-15 07:45:29] [Epoch     2/  200] trn/loss 3.686e+00, trn/lr 9.999e-01, trn/scale 8.094e-01, val/acc 1.538e-01, val/nll 3.590e+00 (best_acc: 9.447e-02 -> 1.538e-01, test_acc: 1.612e-01, test_nll: 3.577e+00)
[2023-02-15 07:45:38] [Epoch     3/  200] trn/loss 3.287e+00, trn/lr 9.996e-01, trn/scale 7.047e-01, val/acc 2.015e-01, val/nll 3.309e+00 (best_acc: 1.538e-01 -> 2.015e-01, test_acc: 2.052e-01, test_nll: 3.266e+00)
[2023-02-15 07:45:47] [Epoch     4/  200] trn/loss 2.941e+00, trn/lr 9.992e-01, trn/scale 6.155e-01, val/acc 2.656e-01, val/nll 2.975e+00 (best_acc: 2.015e-01 -> 2.656e-01, test_acc: 2.723e-01, test_nll: 2.938e+00)
[2023-02-15 07:45:57] [Epoch     5/  200] trn/loss 2.660e+00, trn/lr 9.987e-01, trn/scale 5.395e-01, val/acc 3.102e-01, val/nll 2.672e+00 (best_acc: 2.656e-01 -> 3.102e-01, test_acc: 3.134e-01, test_nll: 2.653e+00)
[2023-02-15 07:46:06] [Epoch     6/  200] trn/loss 2.416e+00, trn/lr 9.981e-01, trn/scale 4.747e-01, val/acc 3.513e-01, val/nll 2.517e+00 (best_acc: 3.102e-01 -> 3.513e-01, test_acc: 3.539e-01, test_nll: 2.482e+00)
[2023-02-15 07:46:15] [Epoch     7/  200] trn/loss 2.238e+00, trn/lr 9.974e-01, trn/scale 4.195e-01, val/acc 3.520e-01, val/nll 2.484e+00 (best_acc: 3.513e-01 -> 3.520e-01, test_acc: 3.596e-01, test_nll: 2.437e+00)
[2023-02-15 07:46:23] [Epoch     8/  200] trn/loss 2.153e+00, trn/lr 9.965e-01, trn/scale 3.725e-01, val/acc 3.330e-01, val/nll 2.633e+00
[2023-02-15 07:46:33] [Epoch     9/  200] trn/loss 2.098e+00, trn/lr 9.955e-01, trn/scale 3.324e-01, val/acc 3.648e-01, val/nll 2.509e+00 (best_acc: 3.520e-01 -> 3.648e-01, test_acc: 3.670e-01, test_nll: 2.492e+00)
[2023-02-15 07:46:42] [Epoch    10/  200] trn/loss 2.083e+00, trn/lr 9.944e-01, trn/scale 2.983e-01, val/acc 4.041e-01, val/nll 2.293e+00 (best_acc: 3.648e-01 -> 4.041e-01, test_acc: 4.060e-01, test_nll: 2.241e+00)
[2023-02-15 07:46:50] [Epoch    11/  200] trn/loss 2.053e+00, trn/lr 9.932e-01, trn/scale 2.692e-01, val/acc 3.454e-01, val/nll 2.733e+00
[2023-02-15 07:46:58] [Epoch    12/  200] trn/loss 2.066e+00, trn/lr 9.919e-01, trn/scale 2.444e-01, val/acc 3.617e-01, val/nll 2.469e+00
[2023-02-15 07:47:06] [Epoch    13/  200] trn/loss 2.092e+00, trn/lr 9.904e-01, trn/scale 2.233e-01, val/acc 3.671e-01, val/nll 2.564e+00
[2023-02-15 07:47:14] [Epoch    14/  200] trn/loss 2.118e+00, trn/lr 9.888e-01, trn/scale 2.053e-01, val/acc 3.447e-01, val/nll 2.561e+00
[2023-02-15 07:47:22] [Epoch    15/  200] trn/loss 2.165e+00, trn/lr 9.871e-01, trn/scale 1.900e-01, val/acc 3.694e-01, val/nll 2.533e+00
[2023-02-15 07:47:31] [Epoch    16/  200] trn/loss 2.184e+00, trn/lr 9.853e-01, trn/scale 1.769e-01, val/acc 3.222e-01, val/nll 2.659e+00
[2023-02-15 07:47:39] [Epoch    17/  200] trn/loss 2.215e+00, trn/lr 9.833e-01, trn/scale 1.657e-01, val/acc 3.031e-01, val/nll 2.931e+00
[2023-02-15 07:47:47] [Epoch    18/  200] trn/loss 2.272e+00, trn/lr 9.812e-01, trn/scale 1.563e-01, val/acc 2.246e-01, val/nll 3.757e+00
[2023-02-15 07:47:55] [Epoch    19/  200] trn/loss 2.298e+00, trn/lr 9.790e-01, trn/scale 1.482e-01, val/acc 2.834e-01, val/nll 2.951e+00
[2023-02-15 07:48:03] [Epoch    20/  200] trn/loss 2.328e+00, trn/lr 9.767e-01, trn/scale 1.413e-01, val/acc 2.886e-01, val/nll 3.051e+00
[2023-02-15 07:48:12] [Epoch    21/  200] trn/loss 2.351e+00, trn/lr 9.743e-01, trn/scale 1.354e-01, val/acc 2.812e-01, val/nll 2.909e+00
[2023-02-15 07:48:20] [Epoch    22/  200] trn/loss 2.409e+00, trn/lr 9.718e-01, trn/scale 1.304e-01, val/acc 2.654e-01, val/nll 3.070e+00
[2023-02-15 07:48:28] [Epoch    23/  200] trn/loss 2.405e+00, trn/lr 9.691e-01, trn/scale 1.261e-01, val/acc 2.280e-01, val/nll 3.277e+00
[2023-02-15 07:48:36] [Epoch    24/  200] trn/loss 2.449e+00, trn/lr 9.663e-01, trn/scale 1.224e-01, val/acc 2.054e-01, val/nll 3.547e+00
[2023-02-15 07:48:44] [Epoch    25/  200] trn/loss 2.453e+00, trn/lr 9.634e-01, trn/scale 1.193e-01, val/acc 2.478e-01, val/nll 3.179e+00
[2023-02-15 07:48:53] [Epoch    26/  200] trn/loss 2.473e+00, trn/lr 9.604e-01, trn/scale 1.167e-01, val/acc 1.888e-01, val/nll 3.795e+00
[2023-02-15 07:49:01] [Epoch    27/  200] trn/loss 2.491e+00, trn/lr 9.573e-01, trn/scale 1.144e-01, val/acc 1.357e-01, val/nll 5.056e+00
[2023-02-15 07:49:09] [Epoch    28/  200] trn/loss 2.484e+00, trn/lr 9.541e-01, trn/scale 1.125e-01, val/acc 2.354e-01, val/nll 3.354e+00
[2023-02-15 07:49:17] [Epoch    29/  200] trn/loss 2.514e+00, trn/lr 9.507e-01, trn/scale 1.109e-01, val/acc 2.237e-01, val/nll 3.347e+00
[2023-02-15 07:49:25] [Epoch    30/  200] trn/loss 2.503e+00, trn/lr 9.473e-01, trn/scale 1.095e-01, val/acc 2.124e-01, val/nll 3.468e+00
[2023-02-15 07:49:33] [Epoch    31/  200] trn/loss 2.529e+00, trn/lr 9.437e-01, trn/scale 1.083e-01, val/acc 1.758e-01, val/nll 4.063e+00
[2023-02-15 07:49:42] [Epoch    32/  200] trn/loss 2.537e+00, trn/lr 9.400e-01, trn/scale 1.072e-01, val/acc 2.215e-01, val/nll 3.799e+00
[2023-02-15 07:49:50] [Epoch    33/  200] trn/loss 2.531e+00, trn/lr 9.363e-01, trn/scale 1.064e-01, val/acc 2.762e-01, val/nll 2.950e+00
[2023-02-15 07:49:58] [Epoch    34/  200] trn/loss 2.549e+00, trn/lr 9.324e-01, trn/scale 1.056e-01, val/acc 1.835e-01, val/nll 3.848e+00
[2023-02-15 07:50:06] [Epoch    35/  200] trn/loss 2.573e+00, trn/lr 9.284e-01, trn/scale 1.050e-01, val/acc 2.194e-01, val/nll 3.610e+00
[2023-02-15 07:50:14] [Epoch    36/  200] trn/loss 2.550e+00, trn/lr 9.243e-01, trn/scale 1.044e-01, val/acc 2.444e-01, val/nll 3.057e+00
[2023-02-15 07:50:23] [Epoch    37/  200] trn/loss 2.556e+00, trn/lr 9.201e-01, trn/scale 1.040e-01, val/acc 1.784e-01, val/nll 3.694e+00
[2023-02-15 07:50:31] [Epoch    38/  200] trn/loss 2.557e+00, trn/lr 9.157e-01, trn/scale 1.036e-01, val/acc 2.698e-01, val/nll 2.924e+00
[2023-02-15 07:50:39] [Epoch    39/  200] trn/loss 2.554e+00, trn/lr 9.113e-01, trn/scale 1.032e-01, val/acc 2.102e-01, val/nll 3.338e+00
[2023-02-15 07:50:47] [Epoch    40/  200] trn/loss 2.565e+00, trn/lr 9.068e-01, trn/scale 1.029e-01, val/acc 1.188e-01, val/nll 4.871e+00
[2023-02-15 07:50:55] [Epoch    41/  200] trn/loss 2.559e+00, trn/lr 9.022e-01, trn/scale 1.027e-01, val/acc 1.719e-01, val/nll 3.867e+00
[2023-02-15 07:51:03] [Epoch    42/  200] trn/loss 2.588e+00, trn/lr 8.975e-01, trn/scale 1.025e-01, val/acc 1.576e-01, val/nll 4.302e+00
[2023-02-15 07:51:12] [Epoch    43/  200] trn/loss 2.597e+00, trn/lr 8.927e-01, trn/scale 1.023e-01, val/acc 1.573e-01, val/nll 3.801e+00
[2023-02-15 07:51:20] [Epoch    44/  200] trn/loss 2.575e+00, trn/lr 8.878e-01, trn/scale 1.022e-01, val/acc 2.258e-01, val/nll 3.331e+00
[2023-02-15 07:51:28] [Epoch    45/  200] trn/loss 2.570e+00, trn/lr 8.828e-01, trn/scale 1.020e-01, val/acc 2.389e-01, val/nll 3.296e+00
[2023-02-15 07:51:36] [Epoch    46/  200] trn/loss 2.609e+00, trn/lr 8.777e-01, trn/scale 1.019e-01, val/acc 1.767e-01, val/nll 3.795e+00
[2023-02-15 07:51:44] [Epoch    47/  200] trn/loss 2.574e+00, trn/lr 8.725e-01, trn/scale 1.018e-01, val/acc 2.388e-01, val/nll 3.317e+00
[2023-02-15 07:51:52] [Epoch    48/  200] trn/loss 2.585e+00, trn/lr 8.672e-01, trn/scale 1.017e-01, val/acc 2.195e-01, val/nll 3.693e+00
[2023-02-15 07:52:01] [Epoch    49/  200] trn/loss 2.592e+00, trn/lr 8.618e-01, trn/scale 1.016e-01, val/acc 2.576e-01, val/nll 2.936e+00
[2023-02-15 07:52:09] [Epoch    50/  200] trn/loss 2.587e+00, trn/lr 8.563e-01, trn/scale 1.016e-01, val/acc 2.128e-01, val/nll 3.389e+00
[2023-02-15 07:52:17] [Epoch    51/  200] trn/loss 2.593e+00, trn/lr 8.508e-01, trn/scale 1.015e-01, val/acc 2.371e-01, val/nll 3.243e+00
[2023-02-15 07:52:25] [Epoch    52/  200] trn/loss 2.572e+00, trn/lr 8.451e-01, trn/scale 1.015e-01, val/acc 2.163e-01, val/nll 3.432e+00
[2023-02-15 07:52:33] [Epoch    53/  200] trn/loss 2.567e+00, trn/lr 8.394e-01, trn/scale 1.014e-01, val/acc 2.647e-01, val/nll 2.972e+00
[2023-02-15 07:52:41] [Epoch    54/  200] trn/loss 2.569e+00, trn/lr 8.336e-01, trn/scale 1.014e-01, val/acc 2.466e-01, val/nll 3.099e+00
[2023-02-15 07:52:50] [Epoch    55/  200] trn/loss 2.550e+00, trn/lr 8.277e-01, trn/scale 1.014e-01, val/acc 2.602e-01, val/nll 3.160e+00
[2023-02-15 07:52:58] [Epoch    56/  200] trn/loss 2.575e+00, trn/lr 8.217e-01, trn/scale 1.014e-01, val/acc 1.565e-01, val/nll 3.794e+00
[2023-02-15 07:53:06] [Epoch    57/  200] trn/loss 2.568e+00, trn/lr 8.157e-01, trn/scale 1.013e-01, val/acc 2.470e-01, val/nll 3.116e+00
[2023-02-15 07:53:14] [Epoch    58/  200] trn/loss 2.559e+00, trn/lr 8.096e-01, trn/scale 1.013e-01, val/acc 2.485e-01, val/nll 3.056e+00
[2023-02-15 07:53:22] [Epoch    59/  200] trn/loss 2.554e+00, trn/lr 8.034e-01, trn/scale 1.013e-01, val/acc 2.410e-01, val/nll 3.068e+00
[2023-02-15 07:53:31] [Epoch    60/  200] trn/loss 2.541e+00, trn/lr 7.971e-01, trn/scale 1.013e-01, val/acc 1.722e-01, val/nll 3.634e+00
[2023-02-15 07:53:39] [Epoch    61/  200] trn/loss 2.548e+00, trn/lr 7.907e-01, trn/scale 1.013e-01, val/acc 2.572e-01, val/nll 3.041e+00
[2023-02-15 07:53:47] [Epoch    62/  200] trn/loss 2.545e+00, trn/lr 7.843e-01, trn/scale 1.013e-01, val/acc 1.450e-01, val/nll 4.121e+00
[2023-02-15 07:53:55] [Epoch    63/  200] trn/loss 2.542e+00, trn/lr 7.778e-01, trn/scale 1.013e-01, val/acc 2.556e-01, val/nll 3.042e+00
[2023-02-15 07:54:03] [Epoch    64/  200] trn/loss 2.552e+00, trn/lr 7.712e-01, trn/scale 1.013e-01, val/acc 2.892e-01, val/nll 2.759e+00
[2023-02-15 07:54:11] [Epoch    65/  200] trn/loss 2.549e+00, trn/lr 7.646e-01, trn/scale 1.012e-01, val/acc 1.680e-01, val/nll 4.023e+00
[2023-02-15 07:54:20] [Epoch    66/  200] trn/loss 2.548e+00, trn/lr 7.579e-01, trn/scale 1.012e-01, val/acc 1.322e-01, val/nll 4.704e+00
[2023-02-15 07:54:28] [Epoch    67/  200] trn/loss 2.510e+00, trn/lr 7.512e-01, trn/scale 1.012e-01, val/acc 2.546e-01, val/nll 3.083e+00
[2023-02-15 07:54:36] [Epoch    68/  200] trn/loss 2.515e+00, trn/lr 7.443e-01, trn/scale 1.012e-01, val/acc 2.260e-01, val/nll 3.259e+00
[2023-02-15 07:54:44] [Epoch    69/  200] trn/loss 2.527e+00, trn/lr 7.374e-01, trn/scale 1.012e-01, val/acc 2.262e-01, val/nll 3.260e+00
[2023-02-15 07:54:52] [Epoch    70/  200] trn/loss 2.502e+00, trn/lr 7.305e-01, trn/scale 1.012e-01, val/acc 2.675e-01, val/nll 3.006e+00
[2023-02-15 07:55:00] [Epoch    71/  200] trn/loss 2.515e+00, trn/lr 7.235e-01, trn/scale 1.012e-01, val/acc 1.659e-01, val/nll 4.189e+00
[2023-02-15 07:55:09] [Epoch    72/  200] trn/loss 2.503e+00, trn/lr 7.165e-01, trn/scale 1.012e-01, val/acc 2.293e-01, val/nll 3.324e+00
[2023-02-15 07:55:17] [Epoch    73/  200] trn/loss 2.503e+00, trn/lr 7.093e-01, trn/scale 1.012e-01, val/acc 2.258e-01, val/nll 3.257e+00
[2023-02-15 07:55:25] [Epoch    74/  200] trn/loss 2.471e+00, trn/lr 7.022e-01, trn/scale 1.012e-01, val/acc 2.793e-01, val/nll 2.949e+00
[2023-02-15 07:55:33] [Epoch    75/  200] trn/loss 2.486e+00, trn/lr 6.950e-01, trn/scale 1.012e-01, val/acc 2.236e-01, val/nll 3.407e+00
[2023-02-15 07:55:41] [Epoch    76/  200] trn/loss 2.475e+00, trn/lr 6.877e-01, trn/scale 1.012e-01, val/acc 2.744e-01, val/nll 3.057e+00
[2023-02-15 07:55:50] [Epoch    77/  200] trn/loss 2.462e+00, trn/lr 6.804e-01, trn/scale 1.012e-01, val/acc 2.160e-01, val/nll 3.525e+00
[2023-02-15 07:55:58] [Epoch    78/  200] trn/loss 2.469e+00, trn/lr 6.731e-01, trn/scale 1.012e-01, val/acc 2.662e-01, val/nll 3.172e+00
[2023-02-15 07:56:06] [Epoch    79/  200] trn/loss 2.456e+00, trn/lr 6.657e-01, trn/scale 1.012e-01, val/acc 2.608e-01, val/nll 3.190e+00
[2023-02-15 07:56:14] [Epoch    80/  200] trn/loss 2.459e+00, trn/lr 6.583e-01, trn/scale 1.012e-01, val/acc 1.892e-01, val/nll 3.669e+00
[2023-02-15 07:56:22] [Epoch    81/  200] trn/loss 2.468e+00, trn/lr 6.508e-01, trn/scale 1.012e-01, val/acc 2.815e-01, val/nll 2.870e+00
[2023-02-15 07:56:30] [Epoch    82/  200] trn/loss 2.438e+00, trn/lr 6.433e-01, trn/scale 1.012e-01, val/acc 1.179e-01, val/nll 4.750e+00
[2023-02-15 07:56:39] [Epoch    83/  200] trn/loss 2.427e+00, trn/lr 6.357e-01, trn/scale 1.012e-01, val/acc 2.814e-01, val/nll 2.977e+00
[2023-02-15 07:56:47] [Epoch    84/  200] trn/loss 2.424e+00, trn/lr 6.282e-01, trn/scale 1.012e-01, val/acc 2.684e-01, val/nll 2.949e+00
[2023-02-15 07:56:55] [Epoch    85/  200] trn/loss 2.418e+00, trn/lr 6.206e-01, trn/scale 1.012e-01, val/acc 2.510e-01, val/nll 3.071e+00
[2023-02-15 07:57:03] [Epoch    86/  200] trn/loss 2.406e+00, trn/lr 6.129e-01, trn/scale 1.012e-01, val/acc 2.700e-01, val/nll 3.051e+00
[2023-02-15 07:57:11] [Epoch    87/  200] trn/loss 2.384e+00, trn/lr 6.053e-01, trn/scale 1.012e-01, val/acc 2.939e-01, val/nll 2.899e+00
[2023-02-15 07:57:19] [Epoch    88/  200] trn/loss 2.405e+00, trn/lr 5.976e-01, trn/scale 1.012e-01, val/acc 2.934e-01, val/nll 2.898e+00
[2023-02-15 07:57:28] [Epoch    89/  200] trn/loss 2.398e+00, trn/lr 5.899e-01, trn/scale 1.012e-01, val/acc 1.817e-01, val/nll 3.819e+00
[2023-02-15 07:57:36] [Epoch    90/  200] trn/loss 2.358e+00, trn/lr 5.821e-01, trn/scale 1.012e-01, val/acc 2.762e-01, val/nll 2.842e+00
[2023-02-15 07:57:44] [Epoch    91/  200] trn/loss 2.371e+00, trn/lr 5.744e-01, trn/scale 1.012e-01, val/acc 3.011e-01, val/nll 2.809e+00
[2023-02-15 07:57:52] [Epoch    92/  200] trn/loss 2.358e+00, trn/lr 5.666e-01, trn/scale 1.012e-01, val/acc 2.858e-01, val/nll 3.001e+00
[2023-02-15 07:58:00] [Epoch    93/  200] trn/loss 2.345e+00, trn/lr 5.588e-01, trn/scale 1.012e-01, val/acc 3.314e-01, val/nll 2.601e+00
[2023-02-15 07:58:09] [Epoch    94/  200] trn/loss 2.326e+00, trn/lr 5.510e-01, trn/scale 1.012e-01, val/acc 2.429e-01, val/nll 3.342e+00
[2023-02-15 07:58:17] [Epoch    95/  200] trn/loss 2.323e+00, trn/lr 5.432e-01, trn/scale 1.012e-01, val/acc 2.929e-01, val/nll 2.967e+00
[2023-02-15 07:58:25] [Epoch    96/  200] trn/loss 2.319e+00, trn/lr 5.353e-01, trn/scale 1.012e-01, val/acc 3.250e-01, val/nll 2.693e+00
[2023-02-15 07:58:33] [Epoch    97/  200] trn/loss 2.307e+00, trn/lr 5.275e-01, trn/scale 1.012e-01, val/acc 3.146e-01, val/nll 2.676e+00
[2023-02-15 07:58:41] [Epoch    98/  200] trn/loss 2.329e+00, trn/lr 5.197e-01, trn/scale 1.012e-01, val/acc 2.678e-01, val/nll 3.124e+00
[2023-02-15 07:58:50] [Epoch    99/  200] trn/loss 2.274e+00, trn/lr 5.118e-01, trn/scale 1.012e-01, val/acc 2.899e-01, val/nll 2.824e+00
[2023-02-15 07:58:58] [Epoch   100/  200] trn/loss 2.282e+00, trn/lr 5.040e-01, trn/scale 1.012e-01, val/acc 3.678e-01, val/nll 2.440e+00
[2023-02-15 07:59:06] [Epoch   101/  200] trn/loss 2.272e+00, trn/lr 4.961e-01, trn/scale 1.012e-01, val/acc 3.004e-01, val/nll 2.884e+00
[2023-02-15 07:59:14] [Epoch   102/  200] trn/loss 2.270e+00, trn/lr 4.882e-01, trn/scale 1.012e-01, val/acc 2.836e-01, val/nll 3.148e+00
[2023-02-15 07:59:22] [Epoch   103/  200] trn/loss 2.262e+00, trn/lr 4.804e-01, trn/scale 1.012e-01, val/acc 3.366e-01, val/nll 2.614e+00
[2023-02-15 07:59:31] [Epoch   104/  200] trn/loss 2.249e+00, trn/lr 4.725e-01, trn/scale 1.012e-01, val/acc 3.358e-01, val/nll 2.575e+00
[2023-02-15 07:59:39] [Epoch   105/  200] trn/loss 2.227e+00, trn/lr 4.647e-01, trn/scale 1.012e-01, val/acc 3.003e-01, val/nll 2.849e+00
[2023-02-15 07:59:47] [Epoch   106/  200] trn/loss 2.233e+00, trn/lr 4.569e-01, trn/scale 1.012e-01, val/acc 2.572e-01, val/nll 3.124e+00
[2023-02-15 07:59:55] [Epoch   107/  200] trn/loss 2.217e+00, trn/lr 4.491e-01, trn/scale 1.012e-01, val/acc 2.531e-01, val/nll 3.377e+00
[2023-02-15 08:00:03] [Epoch   108/  200] trn/loss 2.218e+00, trn/lr 4.413e-01, trn/scale 1.012e-01, val/acc 3.064e-01, val/nll 2.934e+00
[2023-02-15 08:00:11] [Epoch   109/  200] trn/loss 2.204e+00, trn/lr 4.335e-01, trn/scale 1.012e-01, val/acc 2.692e-01, val/nll 3.300e+00
[2023-02-15 08:00:20] [Epoch   110/  200] trn/loss 2.182e+00, trn/lr 4.257e-01, trn/scale 1.012e-01, val/acc 3.639e-01, val/nll 2.521e+00
[2023-02-15 08:00:28] [Epoch   111/  200] trn/loss 2.168e+00, trn/lr 4.179e-01, trn/scale 1.012e-01, val/acc 2.985e-01, val/nll 3.008e+00
[2023-02-15 08:00:36] [Epoch   112/  200] trn/loss 2.184e+00, trn/lr 4.102e-01, trn/scale 1.012e-01, val/acc 3.586e-01, val/nll 2.422e+00
[2023-02-15 08:00:44] [Epoch   113/  200] trn/loss 2.159e+00, trn/lr 4.025e-01, trn/scale 1.012e-01, val/acc 3.587e-01, val/nll 2.475e+00
[2023-02-15 08:00:52] [Epoch   114/  200] trn/loss 2.145e+00, trn/lr 3.948e-01, trn/scale 1.012e-01, val/acc 2.933e-01, val/nll 2.877e+00
[2023-02-15 08:01:01] [Epoch   115/  200] trn/loss 2.133e+00, trn/lr 3.871e-01, trn/scale 1.012e-01, val/acc 3.695e-01, val/nll 2.442e+00
[2023-02-15 08:01:09] [Epoch   116/  200] trn/loss 2.126e+00, trn/lr 3.795e-01, trn/scale 1.012e-01, val/acc 3.131e-01, val/nll 2.752e+00
[2023-02-15 08:01:17] [Epoch   117/  200] trn/loss 2.113e+00, trn/lr 3.719e-01, trn/scale 1.012e-01, val/acc 3.470e-01, val/nll 2.521e+00
[2023-02-15 08:01:25] [Epoch   118/  200] trn/loss 2.117e+00, trn/lr 3.643e-01, trn/scale 1.012e-01, val/acc 3.153e-01, val/nll 2.708e+00
[2023-02-15 08:01:33] [Epoch   119/  200] trn/loss 2.091e+00, trn/lr 3.568e-01, trn/scale 1.012e-01, val/acc 3.483e-01, val/nll 2.580e+00
[2023-02-15 08:01:41] [Epoch   120/  200] trn/loss 2.085e+00, trn/lr 3.493e-01, trn/scale 1.012e-01, val/acc 3.275e-01, val/nll 2.725e+00
[2023-02-15 08:01:50] [Epoch   121/  200] trn/loss 2.085e+00, trn/lr 3.418e-01, trn/scale 1.012e-01, val/acc 3.709e-01, val/nll 2.454e+00
[2023-02-15 08:01:58] [Epoch   122/  200] trn/loss 2.070e+00, trn/lr 3.344e-01, trn/scale 1.012e-01, val/acc 3.462e-01, val/nll 2.627e+00
[2023-02-15 08:02:06] [Epoch   123/  200] trn/loss 2.052e+00, trn/lr 3.270e-01, trn/scale 1.012e-01, val/acc 3.458e-01, val/nll 2.503e+00
[2023-02-15 08:02:14] [Epoch   124/  200] trn/loss 2.049e+00, trn/lr 3.196e-01, trn/scale 1.012e-01, val/acc 3.892e-01, val/nll 2.324e+00
[2023-02-15 08:02:22] [Epoch   125/  200] trn/loss 2.019e+00, trn/lr 3.123e-01, trn/scale 1.013e-01, val/acc 4.001e-01, val/nll 2.279e+00
[2023-02-15 08:02:31] [Epoch   126/  200] trn/loss 2.002e+00, trn/lr 3.051e-01, trn/scale 1.013e-01, val/acc 3.987e-01, val/nll 2.276e+00
[2023-02-15 08:02:39] [Epoch   127/  200] trn/loss 1.986e+00, trn/lr 2.979e-01, trn/scale 1.013e-01, val/acc 3.969e-01, val/nll 2.363e+00
[2023-02-15 08:02:47] [Epoch   128/  200] trn/loss 1.981e+00, trn/lr 2.907e-01, trn/scale 1.013e-01, val/acc 3.773e-01, val/nll 2.357e+00
[2023-02-15 08:02:55] [Epoch   129/  200] trn/loss 1.968e+00, trn/lr 2.836e-01, trn/scale 1.013e-01, val/acc 3.888e-01, val/nll 2.350e+00
[2023-02-15 08:03:03] [Epoch   130/  200] trn/loss 1.952e+00, trn/lr 2.765e-01, trn/scale 1.013e-01, val/acc 4.029e-01, val/nll 2.331e+00
[2023-02-15 08:03:12] [Epoch   131/  200] trn/loss 1.944e+00, trn/lr 2.695e-01, trn/scale 1.013e-01, val/acc 4.020e-01, val/nll 2.311e+00
[2023-02-15 08:03:21] [Epoch   132/  200] trn/loss 1.941e+00, trn/lr 2.626e-01, trn/scale 1.013e-01, val/acc 4.217e-01, val/nll 2.215e+00 (best_acc: 4.041e-01 -> 4.217e-01, test_acc: 4.213e-01, test_nll: 2.183e+00)
[2023-02-15 08:03:30] [Epoch   133/  200] trn/loss 1.930e+00, trn/lr 2.557e-01, trn/scale 1.013e-01, val/acc 4.219e-01, val/nll 2.135e+00 (best_acc: 4.217e-01 -> 4.219e-01, test_acc: 4.258e-01, test_nll: 2.117e+00)
[2023-02-15 08:03:38] [Epoch   134/  200] trn/loss 1.912e+00, trn/lr 2.489e-01, trn/scale 1.013e-01, val/acc 3.961e-01, val/nll 2.307e+00
[2023-02-15 08:03:47] [Epoch   135/  200] trn/loss 1.898e+00, trn/lr 2.421e-01, trn/scale 1.013e-01, val/acc 4.000e-01, val/nll 2.364e+00
[2023-02-15 08:03:56] [Epoch   136/  200] trn/loss 1.869e+00, trn/lr 2.354e-01, trn/scale 1.013e-01, val/acc 4.233e-01, val/nll 2.167e+00 (best_acc: 4.219e-01 -> 4.233e-01, test_acc: 4.280e-01, test_nll: 2.124e+00)
[2023-02-15 08:04:04] [Epoch   137/  200] trn/loss 1.859e+00, trn/lr 2.288e-01, trn/scale 1.013e-01, val/acc 3.933e-01, val/nll 2.415e+00
[2023-02-15 08:04:13] [Epoch   138/  200] trn/loss 1.872e+00, trn/lr 2.222e-01, trn/scale 1.013e-01, val/acc 4.603e-01, val/nll 2.030e+00 (best_acc: 4.233e-01 -> 4.603e-01, test_acc: 4.753e-01, test_nll: 1.985e+00)
[2023-02-15 08:04:21] [Epoch   139/  200] trn/loss 1.844e+00, trn/lr 2.157e-01, trn/scale 1.013e-01, val/acc 4.594e-01, val/nll 2.048e+00
[2023-02-15 08:04:29] [Epoch   140/  200] trn/loss 1.815e+00, trn/lr 2.093e-01, trn/scale 1.013e-01, val/acc 4.470e-01, val/nll 2.088e+00
[2023-02-15 08:04:38] [Epoch   141/  200] trn/loss 1.806e+00, trn/lr 2.030e-01, trn/scale 1.013e-01, val/acc 4.135e-01, val/nll 2.224e+00
[2023-02-15 08:04:46] [Epoch   142/  200] trn/loss 1.795e+00, trn/lr 1.967e-01, trn/scale 1.013e-01, val/acc 4.590e-01, val/nll 2.014e+00
[2023-02-15 08:04:54] [Epoch   143/  200] trn/loss 1.794e+00, trn/lr 1.905e-01, trn/scale 1.013e-01, val/acc 4.338e-01, val/nll 2.142e+00
[2023-02-15 08:05:02] [Epoch   144/  200] trn/loss 1.763e+00, trn/lr 1.843e-01, trn/scale 1.013e-01, val/acc 4.273e-01, val/nll 2.149e+00
[2023-02-15 08:05:12] [Epoch   145/  200] trn/loss 1.760e+00, trn/lr 1.783e-01, trn/scale 1.013e-01, val/acc 4.820e-01, val/nll 1.871e+00 (best_acc: 4.603e-01 -> 4.820e-01, test_acc: 4.985e-01, test_nll: 1.825e+00)
[2023-02-15 08:05:20] [Epoch   146/  200] trn/loss 1.732e+00, trn/lr 1.723e-01, trn/scale 1.013e-01, val/acc 4.431e-01, val/nll 2.059e+00
[2023-02-15 08:05:29] [Epoch   147/  200] trn/loss 1.729e+00, trn/lr 1.664e-01, trn/scale 1.013e-01, val/acc 4.926e-01, val/nll 1.842e+00 (best_acc: 4.820e-01 -> 4.926e-01, test_acc: 4.995e-01, test_nll: 1.807e+00)
[2023-02-15 08:05:37] [Epoch   148/  200] trn/loss 1.721e+00, trn/lr 1.606e-01, trn/scale 1.013e-01, val/acc 4.205e-01, val/nll 2.274e+00
[2023-02-15 08:05:45] [Epoch   149/  200] trn/loss 1.689e+00, trn/lr 1.549e-01, trn/scale 1.013e-01, val/acc 4.858e-01, val/nll 1.913e+00
[2023-02-15 08:05:55] [Epoch   150/  200] trn/loss 1.668e+00, trn/lr 1.493e-01, trn/scale 1.013e-01, val/acc 5.278e-01, val/nll 1.722e+00 (best_acc: 4.926e-01 -> 5.278e-01, test_acc: 5.310e-01, test_nll: 1.697e+00)
[2023-02-15 08:06:03] [Epoch   151/  200] trn/loss 1.672e+00, trn/lr 1.437e-01, trn/scale 1.013e-01, val/acc 4.909e-01, val/nll 1.873e+00
[2023-02-15 08:06:11] [Epoch   152/  200] trn/loss 1.653e+00, trn/lr 1.382e-01, trn/scale 1.013e-01, val/acc 5.096e-01, val/nll 1.795e+00
[2023-02-15 08:06:19] [Epoch   153/  200] trn/loss 1.630e+00, trn/lr 1.329e-01, trn/scale 1.013e-01, val/acc 4.805e-01, val/nll 1.925e+00
[2023-02-15 08:06:27] [Epoch   154/  200] trn/loss 1.610e+00, trn/lr 1.276e-01, trn/scale 1.013e-01, val/acc 5.085e-01, val/nll 1.763e+00
[2023-02-15 08:06:35] [Epoch   155/  200] trn/loss 1.589e+00, trn/lr 1.224e-01, trn/scale 1.013e-01, val/acc 5.060e-01, val/nll 1.808e+00
[2023-02-15 08:06:45] [Epoch   156/  200] trn/loss 1.585e+00, trn/lr 1.173e-01, trn/scale 1.013e-01, val/acc 5.305e-01, val/nll 1.697e+00 (best_acc: 5.278e-01 -> 5.305e-01, test_acc: 5.298e-01, test_nll: 1.667e+00)
[2023-02-15 08:06:54] [Epoch   157/  200] trn/loss 1.564e+00, trn/lr 1.123e-01, trn/scale 1.013e-01, val/acc 5.467e-01, val/nll 1.633e+00 (best_acc: 5.305e-01 -> 5.467e-01, test_acc: 5.479e-01, test_nll: 1.612e+00)
[2023-02-15 08:07:02] [Epoch   158/  200] trn/loss 1.552e+00, trn/lr 1.074e-01, trn/scale 1.013e-01, val/acc 5.350e-01, val/nll 1.677e+00
[2023-02-15 08:07:10] [Epoch   159/  200] trn/loss 1.543e+00, trn/lr 1.025e-01, trn/scale 1.013e-01, val/acc 5.407e-01, val/nll 1.652e+00
[2023-02-15 08:07:18] [Epoch   160/  200] trn/loss 1.522e+00, trn/lr 9.783e-02, trn/scale 1.013e-01, val/acc 5.407e-01, val/nll 1.654e+00
[2023-02-15 08:07:28] [Epoch   161/  200] trn/loss 1.511e+00, trn/lr 9.321e-02, trn/scale 1.013e-01, val/acc 5.572e-01, val/nll 1.594e+00 (best_acc: 5.467e-01 -> 5.572e-01, test_acc: 5.591e-01, test_nll: 1.578e+00)
[2023-02-15 08:07:36] [Epoch   162/  200] trn/loss 1.480e+00, trn/lr 8.870e-02, trn/scale 1.013e-01, val/acc 5.236e-01, val/nll 1.715e+00
[2023-02-15 08:07:44] [Epoch   163/  200] trn/loss 1.477e+00, trn/lr 8.428e-02, trn/scale 1.013e-01, val/acc 5.540e-01, val/nll 1.572e+00
[2023-02-15 08:07:53] [Epoch   164/  200] trn/loss 1.459e+00, trn/lr 7.997e-02, trn/scale 1.013e-01, val/acc 5.722e-01, val/nll 1.546e+00 (best_acc: 5.572e-01 -> 5.722e-01, test_acc: 5.817e-01, test_nll: 1.502e+00)
[2023-02-15 08:08:02] [Epoch   165/  200] trn/loss 1.436e+00, trn/lr 7.576e-02, trn/scale 1.013e-01, val/acc 5.803e-01, val/nll 1.507e+00 (best_acc: 5.722e-01 -> 5.803e-01, test_acc: 5.907e-01, test_nll: 1.469e+00)
[2023-02-15 08:08:10] [Epoch   166/  200] trn/loss 1.428e+00, trn/lr 7.166e-02, trn/scale 1.013e-01, val/acc 5.750e-01, val/nll 1.508e+00
[2023-02-15 08:08:19] [Epoch   167/  200] trn/loss 1.406e+00, trn/lr 6.766e-02, trn/scale 1.014e-01, val/acc 5.675e-01, val/nll 1.535e+00
[2023-02-15 08:08:28] [Epoch   168/  200] trn/loss 1.390e+00, trn/lr 6.377e-02, trn/scale 1.014e-01, val/acc 5.825e-01, val/nll 1.467e+00 (best_acc: 5.803e-01 -> 5.825e-01, test_acc: 5.917e-01, test_nll: 1.464e+00)
[2023-02-15 08:08:37] [Epoch   169/  200] trn/loss 1.373e+00, trn/lr 5.998e-02, trn/scale 1.014e-01, val/acc 5.867e-01, val/nll 1.477e+00 (best_acc: 5.825e-01 -> 5.867e-01, test_acc: 5.908e-01, test_nll: 1.451e+00)
[2023-02-15 08:08:46] [Epoch   170/  200] trn/loss 1.359e+00, trn/lr 5.631e-02, trn/scale 1.014e-01, val/acc 5.968e-01, val/nll 1.437e+00 (best_acc: 5.867e-01 -> 5.968e-01, test_acc: 5.983e-01, test_nll: 1.417e+00)
[2023-02-15 08:08:55] [Epoch   171/  200] trn/loss 1.348e+00, trn/lr 5.274e-02, trn/scale 1.014e-01, val/acc 6.077e-01, val/nll 1.406e+00 (best_acc: 5.968e-01 -> 6.077e-01, test_acc: 6.058e-01, test_nll: 1.391e+00)
[2023-02-15 08:09:03] [Epoch   172/  200] trn/loss 1.326e+00, trn/lr 4.929e-02, trn/scale 1.014e-01, val/acc 5.803e-01, val/nll 1.489e+00
[2023-02-15 08:09:12] [Epoch   173/  200] trn/loss 1.313e+00, trn/lr 4.594e-02, trn/scale 1.014e-01, val/acc 6.121e-01, val/nll 1.375e+00 (best_acc: 6.077e-01 -> 6.121e-01, test_acc: 6.163e-01, test_nll: 1.364e+00)
[2023-02-15 08:09:21] [Epoch   174/  200] trn/loss 1.294e+00, trn/lr 4.271e-02, trn/scale 1.014e-01, val/acc 6.122e-01, val/nll 1.381e+00 (best_acc: 6.121e-01 -> 6.122e-01, test_acc: 6.188e-01, test_nll: 1.368e+00)
[2023-02-15 08:09:31] [Epoch   175/  200] trn/loss 1.279e+00, trn/lr 3.959e-02, trn/scale 1.014e-01, val/acc 6.152e-01, val/nll 1.357e+00 (best_acc: 6.122e-01 -> 6.152e-01, test_acc: 6.139e-01, test_nll: 1.345e+00)
[2023-02-15 08:09:39] [Epoch   176/  200] trn/loss 1.268e+00, trn/lr 3.659e-02, trn/scale 1.014e-01, val/acc 6.136e-01, val/nll 1.362e+00
[2023-02-15 08:09:48] [Epoch   177/  200] trn/loss 1.255e+00, trn/lr 3.369e-02, trn/scale 1.014e-01, val/acc 6.217e-01, val/nll 1.337e+00 (best_acc: 6.152e-01 -> 6.217e-01, test_acc: 6.234e-01, test_nll: 1.326e+00)
[2023-02-15 08:09:57] [Epoch   178/  200] trn/loss 1.238e+00, trn/lr 3.092e-02, trn/scale 1.014e-01, val/acc 6.304e-01, val/nll 1.313e+00 (best_acc: 6.217e-01 -> 6.304e-01, test_acc: 6.318e-01, test_nll: 1.303e+00)
[2023-02-15 08:10:05] [Epoch   179/  200] trn/loss 1.215e+00, trn/lr 2.826e-02, trn/scale 1.014e-01, val/acc 6.281e-01, val/nll 1.307e+00
[2023-02-15 08:10:13] [Epoch   180/  200] trn/loss 1.210e+00, trn/lr 2.571e-02, trn/scale 1.014e-01, val/acc 6.280e-01, val/nll 1.308e+00
[2023-02-15 08:10:23] [Epoch   181/  200] trn/loss 1.193e+00, trn/lr 2.329e-02, trn/scale 1.014e-01, val/acc 6.366e-01, val/nll 1.288e+00 (best_acc: 6.304e-01 -> 6.366e-01, test_acc: 6.395e-01, test_nll: 1.286e+00)
[2023-02-15 08:10:32] [Epoch   182/  200] trn/loss 1.182e+00, trn/lr 2.098e-02, trn/scale 1.014e-01, val/acc 6.489e-01, val/nll 1.252e+00 (best_acc: 6.366e-01 -> 6.489e-01, test_acc: 6.477e-01, test_nll: 1.247e+00)
[2023-02-15 08:10:40] [Epoch   183/  200] trn/loss 1.166e+00, trn/lr 1.878e-02, trn/scale 1.014e-01, val/acc 6.409e-01, val/nll 1.260e+00
[2023-02-15 08:10:49] [Epoch   184/  200] trn/loss 1.156e+00, trn/lr 1.671e-02, trn/scale 1.014e-01, val/acc 6.504e-01, val/nll 1.220e+00 (best_acc: 6.489e-01 -> 6.504e-01, test_acc: 6.551e-01, test_nll: 1.219e+00)
[2023-02-15 08:10:58] [Epoch   185/  200] trn/loss 1.142e+00, trn/lr 1.476e-02, trn/scale 1.014e-01, val/acc 6.524e-01, val/nll 1.229e+00 (best_acc: 6.504e-01 -> 6.524e-01, test_acc: 6.506e-01, test_nll: 1.232e+00)
[2023-02-15 08:11:07] [Epoch   186/  200] trn/loss 1.132e+00, trn/lr 1.292e-02, trn/scale 1.014e-01, val/acc 6.575e-01, val/nll 1.210e+00 (best_acc: 6.524e-01 -> 6.575e-01, test_acc: 6.582e-01, test_nll: 1.214e+00)
[2023-02-15 08:11:15] [Epoch   187/  200] trn/loss 1.126e+00, trn/lr 1.121e-02, trn/scale 1.014e-01, val/acc 6.548e-01, val/nll 1.219e+00
[2023-02-15 08:11:24] [Epoch   188/  200] trn/loss 1.113e+00, trn/lr 9.617e-03, trn/scale 1.014e-01, val/acc 6.571e-01, val/nll 1.202e+00
[2023-02-15 08:11:33] [Epoch   189/  200] trn/loss 1.104e+00, trn/lr 8.145e-03, trn/scale 1.014e-01, val/acc 6.585e-01, val/nll 1.190e+00 (best_acc: 6.575e-01 -> 6.585e-01, test_acc: 6.639e-01, test_nll: 1.193e+00)
[2023-02-15 08:11:42] [Epoch   190/  200] trn/loss 1.098e+00, trn/lr 6.794e-03, trn/scale 1.014e-01, val/acc 6.623e-01, val/nll 1.184e+00 (best_acc: 6.585e-01 -> 6.623e-01, test_acc: 6.642e-01, test_nll: 1.183e+00)
[2023-02-15 08:11:51] [Epoch   191/  200] trn/loss 1.089e+00, trn/lr 5.565e-03, trn/scale 1.014e-01, val/acc 6.646e-01, val/nll 1.185e+00 (best_acc: 6.623e-01 -> 6.646e-01, test_acc: 6.661e-01, test_nll: 1.185e+00)
[2023-02-15 08:12:00] [Epoch   192/  200] trn/loss 1.085e+00, trn/lr 4.458e-03, trn/scale 1.014e-01, val/acc 6.671e-01, val/nll 1.177e+00 (best_acc: 6.646e-01 -> 6.671e-01, test_acc: 6.654e-01, test_nll: 1.178e+00)
[2023-02-15 08:12:09] [Epoch   193/  200] trn/loss 1.073e+00, trn/lr 3.474e-03, trn/scale 1.014e-01, val/acc 6.646e-01, val/nll 1.177e+00
[2023-02-15 08:12:18] [Epoch   194/  200] trn/loss 1.073e+00, trn/lr 2.612e-03, trn/scale 1.014e-01, val/acc 6.678e-01, val/nll 1.170e+00 (best_acc: 6.671e-01 -> 6.678e-01, test_acc: 6.680e-01, test_nll: 1.172e+00)
[2023-02-15 08:12:26] [Epoch   195/  200] trn/loss 1.067e+00, trn/lr 1.872e-03, trn/scale 1.014e-01, val/acc 6.663e-01, val/nll 1.168e+00
[2023-02-15 08:12:34] [Epoch   196/  200] trn/loss 1.061e+00, trn/lr 1.255e-03, trn/scale 1.014e-01, val/acc 6.673e-01, val/nll 1.167e+00
[2023-02-15 08:12:43] [Epoch   197/  200] trn/loss 1.060e+00, trn/lr 7.619e-04, trn/scale 1.014e-01, val/acc 6.680e-01, val/nll 1.166e+00 (best_acc: 6.678e-01 -> 6.680e-01, test_acc: 6.701e-01, test_nll: 1.168e+00)
[2023-02-15 08:12:52] [Epoch   198/  200] trn/loss 1.056e+00, trn/lr 3.916e-04, trn/scale 1.014e-01, val/acc 6.681e-01, val/nll 1.165e+00 (best_acc: 6.680e-01 -> 6.681e-01, test_acc: 6.710e-01, test_nll: 1.167e+00)
[2023-02-15 08:13:01] [Epoch   199/  200] trn/loss 1.058e+00, trn/lr 1.445e-04, trn/scale 1.014e-01, val/acc 6.673e-01, val/nll 1.166e+00
[2023-02-15 08:13:09] [Epoch   200/  200] trn/loss 1.053e+00, trn/lr 2.075e-05, trn/scale 1.014e-01, val/acc 6.677e-01, val/nll 1.165e+00
