[2023-02-10 15:03:00] Environments:
------------  ------------------------------------------------------------
sys.platform  linux
Python        3.8.10 (default, Nov 14 2022, 12:59:47) [GCC 9.4.0]
JAX           0.4.2 @/home/giung/.local/lib/python3.8/site-packages/jax
jaxlib        0.4.2 @/home/giung/.local/lib/python3.8/site-packages/jaxlib
Flax          0.6.4 @/home/giung/.local/lib/python3.8/site-packages/flax
Optax         0.1.4 @/home/giung/.local/lib/python3.8/site-packages/optax
------------  ------------------------------------------------------------

[2023-02-10 15:03:00] Command line arguments:
- args.data_root          : ./data/
- args.data_name          : CIFAR10_x32
- args.data_augmentation  : standard
- args.data_proportional  : 1.0
- args.model_depth        : 20
- args.model_width        : 4
- args.model_style        : BN-ReLU
- args.optim_bs           : 256
- args.optim_ne           : 200
- args.optim_lr           : 0.1
- args.optim_b1           : 0.7
- args.optim_b2           : 0.999
- args.optim_eps          : 0.1
- args.optim_weight_decay : 0.003
- args.rho                : 0.03
- args.num_data_factor    : 1.0
- args.save               : /home/giung/giung2-dev/projects/sam/save/CIFAR10_x32/R20x4-BN-ReLU/BayesSAM/bs-0256_ne-0200_lr-0.10_b1-0.700_b2-0.999_wd-0.0030_eps-1e-1_rho-0.0300_factor-1.0_fp32/42
- args.seed               : 42
- args.precision          : fp32

[2023-02-10 15:03:06] Multiple local devices are detected:
[TpuDevice(id=0, process_index=0, coords=(0,0,0), core_on_chip=0), TpuDevice(id=1, process_index=0, coords=(0,0,0), core_on_chip=1), TpuDevice(id=2, process_index=0, coords=(1,0,0), core_on_chip=0), TpuDevice(id=3, process_index=0, coords=(1,0,0), core_on_chip=1), TpuDevice(id=4, process_index=0, coords=(0,1,0), core_on_chip=0), TpuDevice(id=5, process_index=0, coords=(0,1,0), core_on_chip=1), TpuDevice(id=6, process_index=0, coords=(1,1,0), core_on_chip=0), TpuDevice(id=7, process_index=0, coords=(1,1,0), core_on_chip=1)]

[2023-02-10 15:04:14] [Epoch     1/  200] trn/loss 2.185e+00, trn/lr 1.000e-01, trn/scale 9.324e-01, val/acc 3.134e-01, val/nll 1.846e+00 (best_acc: 0.000e+00 -> 3.134e-01, test_acc: 3.127e-01, test_nll: 1.851e+00)
[2023-02-10 15:04:23] [Epoch     2/  200] trn/loss 1.705e+00, trn/lr 9.999e-02, trn/scale 8.098e-01, val/acc 4.311e-01, val/nll 1.521e+00 (best_acc: 3.134e-01 -> 4.311e-01, test_acc: 4.352e-01, test_nll: 1.521e+00)
[2023-02-10 15:04:32] [Epoch     3/  200] trn/loss 1.486e+00, trn/lr 9.996e-02, trn/scale 7.054e-01, val/acc 5.107e-01, val/nll 1.341e+00 (best_acc: 4.311e-01 -> 5.107e-01, test_acc: 5.069e-01, test_nll: 1.351e+00)
[2023-02-10 15:04:42] [Epoch     4/  200] trn/loss 1.329e+00, trn/lr 9.992e-02, trn/scale 6.164e-01, val/acc 5.295e-01, val/nll 1.286e+00 (best_acc: 5.107e-01 -> 5.295e-01, test_acc: 5.278e-01, test_nll: 1.309e+00)
[2023-02-10 15:04:51] [Epoch     5/  200] trn/loss 1.181e+00, trn/lr 9.987e-02, trn/scale 5.406e-01, val/acc 5.914e-01, val/nll 1.122e+00 (best_acc: 5.295e-01 -> 5.914e-01, test_acc: 5.876e-01, test_nll: 1.130e+00)
[2023-02-10 15:05:00] [Epoch     6/  200] trn/loss 1.050e+00, trn/lr 9.981e-02, trn/scale 4.760e-01, val/acc 6.442e-01, val/nll 1.001e+00 (best_acc: 5.914e-01 -> 6.442e-01, test_acc: 6.359e-01, test_nll: 1.019e+00)
[2023-02-10 15:05:09] [Epoch     7/  200] trn/loss 9.470e-01, trn/lr 9.974e-02, trn/scale 4.209e-01, val/acc 6.782e-01, val/nll 9.179e-01 (best_acc: 6.442e-01 -> 6.782e-01, test_acc: 6.740e-01, test_nll: 9.304e-01)
[2023-02-10 15:05:17] [Epoch     8/  200] trn/loss 8.389e-01, trn/lr 9.965e-02, trn/scale 3.740e-01, val/acc 6.566e-01, val/nll 1.030e+00
[2023-02-10 15:05:27] [Epoch     9/  200] trn/loss 7.474e-01, trn/lr 9.955e-02, trn/scale 3.340e-01, val/acc 7.381e-01, val/nll 7.508e-01 (best_acc: 6.782e-01 -> 7.381e-01, test_acc: 7.352e-01, test_nll: 7.709e-01)
[2023-02-10 15:05:35] [Epoch    10/  200] trn/loss 6.928e-01, trn/lr 9.944e-02, trn/scale 3.000e-01, val/acc 6.940e-01, val/nll 8.575e-01
[2023-02-10 15:05:44] [Epoch    11/  200] trn/loss 6.418e-01, trn/lr 9.932e-02, trn/scale 2.709e-01, val/acc 7.713e-01, val/nll 6.632e-01 (best_acc: 7.381e-01 -> 7.713e-01, test_acc: 7.714e-01, test_nll: 6.710e-01)
[2023-02-10 15:05:53] [Epoch    12/  200] trn/loss 6.169e-01, trn/lr 9.919e-02, trn/scale 2.462e-01, val/acc 7.908e-01, val/nll 6.210e-01 (best_acc: 7.713e-01 -> 7.908e-01, test_acc: 7.886e-01, test_nll: 6.306e-01)
[2023-02-10 15:06:02] [Epoch    13/  200] trn/loss 5.883e-01, trn/lr 9.904e-02, trn/scale 2.252e-01, val/acc 7.960e-01, val/nll 6.142e-01 (best_acc: 7.908e-01 -> 7.960e-01, test_acc: 7.896e-01, test_nll: 6.208e-01)
[2023-02-10 15:06:11] [Epoch    14/  200] trn/loss 5.681e-01, trn/lr 9.888e-02, trn/scale 2.072e-01, val/acc 7.795e-01, val/nll 6.398e-01
[2023-02-10 15:06:19] [Epoch    15/  200] trn/loss 5.533e-01, trn/lr 9.871e-02, trn/scale 1.919e-01, val/acc 7.718e-01, val/nll 6.698e-01
[2023-02-10 15:06:27] [Epoch    16/  200] trn/loss 5.439e-01, trn/lr 9.853e-02, trn/scale 1.789e-01, val/acc 7.853e-01, val/nll 6.353e-01
[2023-02-10 15:06:36] [Epoch    17/  200] trn/loss 5.339e-01, trn/lr 9.833e-02, trn/scale 1.678e-01, val/acc 8.031e-01, val/nll 5.901e-01 (best_acc: 7.960e-01 -> 8.031e-01, test_acc: 7.985e-01, test_nll: 6.054e-01)
[2023-02-10 15:06:44] [Epoch    18/  200] trn/loss 5.297e-01, trn/lr 9.812e-02, trn/scale 1.584e-01, val/acc 7.613e-01, val/nll 6.655e-01
[2023-02-10 15:06:54] [Epoch    19/  200] trn/loss 5.288e-01, trn/lr 9.790e-02, trn/scale 1.503e-01, val/acc 8.076e-01, val/nll 5.910e-01 (best_acc: 8.031e-01 -> 8.076e-01, test_acc: 8.054e-01, test_nll: 5.985e-01)
[2023-02-10 15:07:02] [Epoch    20/  200] trn/loss 5.250e-01, trn/lr 9.767e-02, trn/scale 1.435e-01, val/acc 7.969e-01, val/nll 6.072e-01
[2023-02-10 15:07:10] [Epoch    21/  200] trn/loss 5.169e-01, trn/lr 9.743e-02, trn/scale 1.376e-01, val/acc 7.732e-01, val/nll 6.638e-01
[2023-02-10 15:07:18] [Epoch    22/  200] trn/loss 5.126e-01, trn/lr 9.718e-02, trn/scale 1.327e-01, val/acc 7.587e-01, val/nll 7.339e-01
[2023-02-10 15:07:27] [Epoch    23/  200] trn/loss 5.157e-01, trn/lr 9.691e-02, trn/scale 1.284e-01, val/acc 7.491e-01, val/nll 7.992e-01
[2023-02-10 15:07:35] [Epoch    24/  200] trn/loss 5.069e-01, trn/lr 9.663e-02, trn/scale 1.248e-01, val/acc 7.393e-01, val/nll 7.795e-01
[2023-02-10 15:07:43] [Epoch    25/  200] trn/loss 5.034e-01, trn/lr 9.634e-02, trn/scale 1.218e-01, val/acc 7.642e-01, val/nll 7.195e-01
[2023-02-10 15:07:52] [Epoch    26/  200] trn/loss 5.056e-01, trn/lr 9.604e-02, trn/scale 1.191e-01, val/acc 8.159e-01, val/nll 5.486e-01 (best_acc: 8.076e-01 -> 8.159e-01, test_acc: 8.180e-01, test_nll: 5.532e-01)
[2023-02-10 15:08:01] [Epoch    27/  200] trn/loss 4.945e-01, trn/lr 9.573e-02, trn/scale 1.169e-01, val/acc 7.806e-01, val/nll 6.340e-01
[2023-02-10 15:08:09] [Epoch    28/  200] trn/loss 4.968e-01, trn/lr 9.541e-02, trn/scale 1.150e-01, val/acc 7.900e-01, val/nll 6.051e-01
[2023-02-10 15:08:17] [Epoch    29/  200] trn/loss 4.977e-01, trn/lr 9.507e-02, trn/scale 1.134e-01, val/acc 7.603e-01, val/nll 6.803e-01
[2023-02-10 15:08:25] [Epoch    30/  200] trn/loss 4.881e-01, trn/lr 9.473e-02, trn/scale 1.120e-01, val/acc 7.424e-01, val/nll 7.125e-01
[2023-02-10 15:08:35] [Epoch    31/  200] trn/loss 4.856e-01, trn/lr 9.437e-02, trn/scale 1.108e-01, val/acc 8.342e-01, val/nll 4.995e-01 (best_acc: 8.159e-01 -> 8.342e-01, test_acc: 8.340e-01, test_nll: 5.089e-01)
[2023-02-10 15:08:43] [Epoch    32/  200] trn/loss 4.813e-01, trn/lr 9.400e-02, trn/scale 1.098e-01, val/acc 8.259e-01, val/nll 5.155e-01
[2023-02-10 15:08:51] [Epoch    33/  200] trn/loss 4.797e-01, trn/lr 9.363e-02, trn/scale 1.090e-01, val/acc 7.680e-01, val/nll 6.521e-01
[2023-02-10 15:08:59] [Epoch    34/  200] trn/loss 4.819e-01, trn/lr 9.324e-02, trn/scale 1.083e-01, val/acc 8.116e-01, val/nll 5.696e-01
[2023-02-10 15:09:08] [Epoch    35/  200] trn/loss 4.808e-01, trn/lr 9.284e-02, trn/scale 1.076e-01, val/acc 7.262e-01, val/nll 7.958e-01
[2023-02-10 15:09:16] [Epoch    36/  200] trn/loss 4.835e-01, trn/lr 9.243e-02, trn/scale 1.071e-01, val/acc 8.261e-01, val/nll 5.136e-01
[2023-02-10 15:09:24] [Epoch    37/  200] trn/loss 4.714e-01, trn/lr 9.201e-02, trn/scale 1.067e-01, val/acc 7.289e-01, val/nll 7.738e-01
[2023-02-10 15:09:32] [Epoch    38/  200] trn/loss 4.776e-01, trn/lr 9.157e-02, trn/scale 1.063e-01, val/acc 8.315e-01, val/nll 5.090e-01
[2023-02-10 15:09:41] [Epoch    39/  200] trn/loss 4.684e-01, trn/lr 9.113e-02, trn/scale 1.060e-01, val/acc 8.108e-01, val/nll 5.569e-01
[2023-02-10 15:09:49] [Epoch    40/  200] trn/loss 4.699e-01, trn/lr 9.068e-02, trn/scale 1.057e-01, val/acc 8.022e-01, val/nll 5.642e-01
[2023-02-10 15:09:57] [Epoch    41/  200] trn/loss 4.635e-01, trn/lr 9.022e-02, trn/scale 1.055e-01, val/acc 7.973e-01, val/nll 5.899e-01
[2023-02-10 15:10:05] [Epoch    42/  200] trn/loss 4.620e-01, trn/lr 8.975e-02, trn/scale 1.053e-01, val/acc 7.097e-01, val/nll 8.243e-01
[2023-02-10 15:10:14] [Epoch    43/  200] trn/loss 4.582e-01, trn/lr 8.927e-02, trn/scale 1.051e-01, val/acc 7.594e-01, val/nll 7.131e-01
[2023-02-10 15:10:22] [Epoch    44/  200] trn/loss 4.695e-01, trn/lr 8.878e-02, trn/scale 1.049e-01, val/acc 8.127e-01, val/nll 5.440e-01
[2023-02-10 15:10:30] [Epoch    45/  200] trn/loss 4.543e-01, trn/lr 8.828e-02, trn/scale 1.048e-01, val/acc 7.802e-01, val/nll 6.717e-01
[2023-02-10 15:10:38] [Epoch    46/  200] trn/loss 4.537e-01, trn/lr 8.777e-02, trn/scale 1.047e-01, val/acc 8.106e-01, val/nll 5.487e-01
[2023-02-10 15:10:46] [Epoch    47/  200] trn/loss 4.525e-01, trn/lr 8.725e-02, trn/scale 1.046e-01, val/acc 7.605e-01, val/nll 6.927e-01
[2023-02-10 15:10:56] [Epoch    48/  200] trn/loss 4.523e-01, trn/lr 8.672e-02, trn/scale 1.046e-01, val/acc 8.374e-01, val/nll 4.951e-01 (best_acc: 8.342e-01 -> 8.374e-01, test_acc: 8.354e-01, test_nll: 5.048e-01)
[2023-02-10 15:11:04] [Epoch    49/  200] trn/loss 4.454e-01, trn/lr 8.618e-02, trn/scale 1.045e-01, val/acc 8.221e-01, val/nll 5.427e-01
[2023-02-10 15:11:12] [Epoch    50/  200] trn/loss 4.424e-01, trn/lr 8.563e-02, trn/scale 1.044e-01, val/acc 7.419e-01, val/nll 7.238e-01
[2023-02-10 15:11:20] [Epoch    51/  200] trn/loss 4.389e-01, trn/lr 8.508e-02, trn/scale 1.044e-01, val/acc 8.105e-01, val/nll 5.740e-01
[2023-02-10 15:11:28] [Epoch    52/  200] trn/loss 4.430e-01, trn/lr 8.451e-02, trn/scale 1.044e-01, val/acc 7.798e-01, val/nll 6.430e-01
[2023-02-10 15:11:37] [Epoch    53/  200] trn/loss 4.356e-01, trn/lr 8.394e-02, trn/scale 1.043e-01, val/acc 8.011e-01, val/nll 5.757e-01
[2023-02-10 15:11:46] [Epoch    54/  200] trn/loss 4.357e-01, trn/lr 8.336e-02, trn/scale 1.043e-01, val/acc 8.561e-01, val/nll 4.483e-01 (best_acc: 8.374e-01 -> 8.561e-01, test_acc: 8.451e-01, test_nll: 4.585e-01)
[2023-02-10 15:11:54] [Epoch    55/  200] trn/loss 4.321e-01, trn/lr 8.277e-02, trn/scale 1.043e-01, val/acc 8.383e-01, val/nll 4.705e-01
[2023-02-10 15:12:02] [Epoch    56/  200] trn/loss 4.250e-01, trn/lr 8.217e-02, trn/scale 1.043e-01, val/acc 8.379e-01, val/nll 4.979e-01
[2023-02-10 15:12:11] [Epoch    57/  200] trn/loss 4.280e-01, trn/lr 8.157e-02, trn/scale 1.042e-01, val/acc 8.175e-01, val/nll 5.457e-01
[2023-02-10 15:12:19] [Epoch    58/  200] trn/loss 4.235e-01, trn/lr 8.096e-02, trn/scale 1.042e-01, val/acc 8.027e-01, val/nll 5.593e-01
[2023-02-10 15:12:28] [Epoch    59/  200] trn/loss 4.247e-01, trn/lr 8.034e-02, trn/scale 1.042e-01, val/acc 8.583e-01, val/nll 4.324e-01 (best_acc: 8.561e-01 -> 8.583e-01, test_acc: 8.547e-01, test_nll: 4.416e-01)
[2023-02-10 15:12:36] [Epoch    60/  200] trn/loss 4.189e-01, trn/lr 7.971e-02, trn/scale 1.042e-01, val/acc 8.025e-01, val/nll 5.830e-01
[2023-02-10 15:12:44] [Epoch    61/  200] trn/loss 4.163e-01, trn/lr 7.907e-02, trn/scale 1.042e-01, val/acc 8.472e-01, val/nll 4.558e-01
[2023-02-10 15:12:53] [Epoch    62/  200] trn/loss 4.174e-01, trn/lr 7.843e-02, trn/scale 1.042e-01, val/acc 8.143e-01, val/nll 5.453e-01
[2023-02-10 15:13:01] [Epoch    63/  200] trn/loss 4.156e-01, trn/lr 7.778e-02, trn/scale 1.042e-01, val/acc 8.461e-01, val/nll 4.741e-01
[2023-02-10 15:13:09] [Epoch    64/  200] trn/loss 4.133e-01, trn/lr 7.712e-02, trn/scale 1.042e-01, val/acc 8.479e-01, val/nll 4.576e-01
[2023-02-10 15:13:17] [Epoch    65/  200] trn/loss 4.097e-01, trn/lr 7.646e-02, trn/scale 1.042e-01, val/acc 8.441e-01, val/nll 4.777e-01
[2023-02-10 15:13:25] [Epoch    66/  200] trn/loss 4.069e-01, trn/lr 7.579e-02, trn/scale 1.042e-01, val/acc 8.406e-01, val/nll 4.692e-01
[2023-02-10 15:13:34] [Epoch    67/  200] trn/loss 4.068e-01, trn/lr 7.512e-02, trn/scale 1.042e-01, val/acc 8.185e-01, val/nll 5.346e-01
[2023-02-10 15:13:43] [Epoch    68/  200] trn/loss 4.002e-01, trn/lr 7.443e-02, trn/scale 1.042e-01, val/acc 8.608e-01, val/nll 4.282e-01 (best_acc: 8.583e-01 -> 8.608e-01, test_acc: 8.569e-01, test_nll: 4.407e-01)
[2023-02-10 15:13:51] [Epoch    69/  200] trn/loss 3.986e-01, trn/lr 7.374e-02, trn/scale 1.042e-01, val/acc 8.605e-01, val/nll 4.247e-01
[2023-02-10 15:13:59] [Epoch    70/  200] trn/loss 3.973e-01, trn/lr 7.305e-02, trn/scale 1.042e-01, val/acc 8.246e-01, val/nll 5.234e-01
[2023-02-10 15:14:08] [Epoch    71/  200] trn/loss 3.946e-01, trn/lr 7.235e-02, trn/scale 1.042e-01, val/acc 8.819e-01, val/nll 3.715e-01 (best_acc: 8.608e-01 -> 8.819e-01, test_acc: 8.781e-01, test_nll: 3.785e-01)
[2023-02-10 15:14:17] [Epoch    72/  200] trn/loss 3.923e-01, trn/lr 7.165e-02, trn/scale 1.042e-01, val/acc 8.361e-01, val/nll 4.671e-01
[2023-02-10 15:14:25] [Epoch    73/  200] trn/loss 3.952e-01, trn/lr 7.093e-02, trn/scale 1.042e-01, val/acc 8.564e-01, val/nll 4.542e-01
[2023-02-10 15:14:33] [Epoch    74/  200] trn/loss 3.858e-01, trn/lr 7.022e-02, trn/scale 1.042e-01, val/acc 8.627e-01, val/nll 3.979e-01
[2023-02-10 15:14:41] [Epoch    75/  200] trn/loss 3.811e-01, trn/lr 6.950e-02, trn/scale 1.042e-01, val/acc 8.627e-01, val/nll 3.982e-01
[2023-02-10 15:14:49] [Epoch    76/  200] trn/loss 3.818e-01, trn/lr 6.877e-02, trn/scale 1.042e-01, val/acc 8.666e-01, val/nll 4.093e-01
[2023-02-10 15:14:58] [Epoch    77/  200] trn/loss 3.741e-01, trn/lr 6.804e-02, trn/scale 1.042e-01, val/acc 8.689e-01, val/nll 4.117e-01
[2023-02-10 15:15:06] [Epoch    78/  200] trn/loss 3.738e-01, trn/lr 6.731e-02, trn/scale 1.042e-01, val/acc 8.528e-01, val/nll 4.503e-01
[2023-02-10 15:15:15] [Epoch    79/  200] trn/loss 3.691e-01, trn/lr 6.657e-02, trn/scale 1.042e-01, val/acc 8.895e-01, val/nll 3.368e-01 (best_acc: 8.819e-01 -> 8.895e-01, test_acc: 8.866e-01, test_nll: 3.460e-01)
[2023-02-10 15:15:23] [Epoch    80/  200] trn/loss 3.660e-01, trn/lr 6.583e-02, trn/scale 1.042e-01, val/acc 8.315e-01, val/nll 4.993e-01
[2023-02-10 15:15:32] [Epoch    81/  200] trn/loss 3.620e-01, trn/lr 6.508e-02, trn/scale 1.042e-01, val/acc 8.628e-01, val/nll 4.018e-01
[2023-02-10 15:15:40] [Epoch    82/  200] trn/loss 3.634e-01, trn/lr 6.433e-02, trn/scale 1.042e-01, val/acc 8.373e-01, val/nll 4.848e-01
[2023-02-10 15:15:48] [Epoch    83/  200] trn/loss 3.588e-01, trn/lr 6.357e-02, trn/scale 1.042e-01, val/acc 7.945e-01, val/nll 6.183e-01
[2023-02-10 15:15:56] [Epoch    84/  200] trn/loss 3.545e-01, trn/lr 6.282e-02, trn/scale 1.042e-01, val/acc 8.197e-01, val/nll 5.201e-01
[2023-02-10 15:16:04] [Epoch    85/  200] trn/loss 3.540e-01, trn/lr 6.206e-02, trn/scale 1.043e-01, val/acc 8.399e-01, val/nll 4.781e-01
[2023-02-10 15:16:14] [Epoch    86/  200] trn/loss 3.511e-01, trn/lr 6.129e-02, trn/scale 1.043e-01, val/acc 8.913e-01, val/nll 3.380e-01 (best_acc: 8.895e-01 -> 8.913e-01, test_acc: 8.843e-01, test_nll: 3.498e-01)
[2023-02-10 15:16:22] [Epoch    87/  200] trn/loss 3.495e-01, trn/lr 6.053e-02, trn/scale 1.043e-01, val/acc 8.796e-01, val/nll 3.595e-01
[2023-02-10 15:16:30] [Epoch    88/  200] trn/loss 3.426e-01, trn/lr 5.976e-02, trn/scale 1.043e-01, val/acc 8.611e-01, val/nll 4.125e-01
[2023-02-10 15:16:38] [Epoch    89/  200] trn/loss 3.432e-01, trn/lr 5.899e-02, trn/scale 1.043e-01, val/acc 8.747e-01, val/nll 3.825e-01
[2023-02-10 15:16:46] [Epoch    90/  200] trn/loss 3.370e-01, trn/lr 5.821e-02, trn/scale 1.043e-01, val/acc 8.879e-01, val/nll 3.498e-01
[2023-02-10 15:16:54] [Epoch    91/  200] trn/loss 3.363e-01, trn/lr 5.744e-02, trn/scale 1.043e-01, val/acc 8.665e-01, val/nll 4.084e-01
[2023-02-10 15:17:03] [Epoch    92/  200] trn/loss 3.290e-01, trn/lr 5.666e-02, trn/scale 1.043e-01, val/acc 8.837e-01, val/nll 3.451e-01
[2023-02-10 15:17:11] [Epoch    93/  200] trn/loss 3.308e-01, trn/lr 5.588e-02, trn/scale 1.043e-01, val/acc 8.558e-01, val/nll 4.330e-01
[2023-02-10 15:17:20] [Epoch    94/  200] trn/loss 3.226e-01, trn/lr 5.510e-02, trn/scale 1.043e-01, val/acc 8.914e-01, val/nll 3.259e-01 (best_acc: 8.913e-01 -> 8.914e-01, test_acc: 8.897e-01, test_nll: 3.298e-01)
[2023-02-10 15:17:28] [Epoch    95/  200] trn/loss 3.230e-01, trn/lr 5.432e-02, trn/scale 1.043e-01, val/acc 8.861e-01, val/nll 3.489e-01
[2023-02-10 15:17:37] [Epoch    96/  200] trn/loss 3.235e-01, trn/lr 5.353e-02, trn/scale 1.043e-01, val/acc 8.954e-01, val/nll 3.284e-01 (best_acc: 8.914e-01 -> 8.954e-01, test_acc: 8.910e-01, test_nll: 3.333e-01)
[2023-02-10 15:17:46] [Epoch    97/  200] trn/loss 3.186e-01, trn/lr 5.275e-02, trn/scale 1.043e-01, val/acc 8.689e-01, val/nll 3.899e-01
[2023-02-10 15:17:54] [Epoch    98/  200] trn/loss 3.137e-01, trn/lr 5.197e-02, trn/scale 1.043e-01, val/acc 8.811e-01, val/nll 3.608e-01
[2023-02-10 15:18:02] [Epoch    99/  200] trn/loss 3.173e-01, trn/lr 5.118e-02, trn/scale 1.044e-01, val/acc 8.931e-01, val/nll 3.428e-01
[2023-02-10 15:18:10] [Epoch   100/  200] trn/loss 3.086e-01, trn/lr 5.040e-02, trn/scale 1.044e-01, val/acc 8.344e-01, val/nll 4.867e-01
[2023-02-10 15:18:18] [Epoch   101/  200] trn/loss 3.090e-01, trn/lr 4.961e-02, trn/scale 1.044e-01, val/acc 8.763e-01, val/nll 3.685e-01
[2023-02-10 15:18:27] [Epoch   102/  200] trn/loss 3.013e-01, trn/lr 4.882e-02, trn/scale 1.044e-01, val/acc 8.837e-01, val/nll 3.681e-01
[2023-02-10 15:18:36] [Epoch   103/  200] trn/loss 2.948e-01, trn/lr 4.804e-02, trn/scale 1.044e-01, val/acc 9.017e-01, val/nll 3.109e-01 (best_acc: 8.954e-01 -> 9.017e-01, test_acc: 8.968e-01, test_nll: 3.247e-01)
[2023-02-10 15:18:44] [Epoch   104/  200] trn/loss 2.990e-01, trn/lr 4.725e-02, trn/scale 1.044e-01, val/acc 8.866e-01, val/nll 3.400e-01
[2023-02-10 15:18:52] [Epoch   105/  200] trn/loss 2.884e-01, trn/lr 4.647e-02, trn/scale 1.044e-01, val/acc 8.883e-01, val/nll 3.383e-01
[2023-02-10 15:19:00] [Epoch   106/  200] trn/loss 2.897e-01, trn/lr 4.569e-02, trn/scale 1.044e-01, val/acc 8.990e-01, val/nll 3.016e-01
[2023-02-10 15:19:09] [Epoch   107/  200] trn/loss 2.845e-01, trn/lr 4.491e-02, trn/scale 1.044e-01, val/acc 8.742e-01, val/nll 3.694e-01
[2023-02-10 15:19:17] [Epoch   108/  200] trn/loss 2.842e-01, trn/lr 4.413e-02, trn/scale 1.044e-01, val/acc 8.959e-01, val/nll 3.187e-01
[2023-02-10 15:19:26] [Epoch   109/  200] trn/loss 2.780e-01, trn/lr 4.335e-02, trn/scale 1.045e-01, val/acc 9.027e-01, val/nll 2.949e-01 (best_acc: 9.017e-01 -> 9.027e-01, test_acc: 9.006e-01, test_nll: 3.050e-01)
[2023-02-10 15:19:34] [Epoch   110/  200] trn/loss 2.772e-01, trn/lr 4.257e-02, trn/scale 1.045e-01, val/acc 8.985e-01, val/nll 3.164e-01
[2023-02-10 15:19:44] [Epoch   111/  200] trn/loss 2.733e-01, trn/lr 4.179e-02, trn/scale 1.045e-01, val/acc 9.087e-01, val/nll 2.822e-01 (best_acc: 9.027e-01 -> 9.087e-01, test_acc: 9.031e-01, test_nll: 2.933e-01)
[2023-02-10 15:19:52] [Epoch   112/  200] trn/loss 2.662e-01, trn/lr 4.102e-02, trn/scale 1.045e-01, val/acc 8.657e-01, val/nll 3.913e-01
[2023-02-10 15:20:00] [Epoch   113/  200] trn/loss 2.620e-01, trn/lr 4.025e-02, trn/scale 1.045e-01, val/acc 8.748e-01, val/nll 3.754e-01
[2023-02-10 15:20:08] [Epoch   114/  200] trn/loss 2.588e-01, trn/lr 3.948e-02, trn/scale 1.045e-01, val/acc 9.053e-01, val/nll 2.818e-01
[2023-02-10 15:20:16] [Epoch   115/  200] trn/loss 2.596e-01, trn/lr 3.871e-02, trn/scale 1.045e-01, val/acc 9.039e-01, val/nll 2.863e-01
[2023-02-10 15:20:25] [Epoch   116/  200] trn/loss 2.509e-01, trn/lr 3.795e-02, trn/scale 1.046e-01, val/acc 9.006e-01, val/nll 2.960e-01
[2023-02-10 15:20:33] [Epoch   117/  200] trn/loss 2.489e-01, trn/lr 3.719e-02, trn/scale 1.046e-01, val/acc 9.056e-01, val/nll 2.870e-01
[2023-02-10 15:20:41] [Epoch   118/  200] trn/loss 2.446e-01, trn/lr 3.643e-02, trn/scale 1.046e-01, val/acc 9.028e-01, val/nll 3.007e-01
[2023-02-10 15:20:50] [Epoch   119/  200] trn/loss 2.416e-01, trn/lr 3.568e-02, trn/scale 1.046e-01, val/acc 9.131e-01, val/nll 2.636e-01 (best_acc: 9.087e-01 -> 9.131e-01, test_acc: 9.077e-01, test_nll: 2.778e-01)
[2023-02-10 15:20:59] [Epoch   120/  200] trn/loss 2.387e-01, trn/lr 3.493e-02, trn/scale 1.046e-01, val/acc 9.134e-01, val/nll 2.628e-01 (best_acc: 9.131e-01 -> 9.134e-01, test_acc: 9.138e-01, test_nll: 2.676e-01)
[2023-02-10 15:21:08] [Epoch   121/  200] trn/loss 2.353e-01, trn/lr 3.418e-02, trn/scale 1.046e-01, val/acc 8.896e-01, val/nll 3.299e-01
[2023-02-10 15:21:16] [Epoch   122/  200] trn/loss 2.323e-01, trn/lr 3.344e-02, trn/scale 1.047e-01, val/acc 9.132e-01, val/nll 2.626e-01
[2023-02-10 15:21:24] [Epoch   123/  200] trn/loss 2.259e-01, trn/lr 3.270e-02, trn/scale 1.047e-01, val/acc 8.965e-01, val/nll 3.091e-01
[2023-02-10 15:21:32] [Epoch   124/  200] trn/loss 2.231e-01, trn/lr 3.196e-02, trn/scale 1.047e-01, val/acc 8.927e-01, val/nll 3.163e-01
[2023-02-10 15:21:40] [Epoch   125/  200] trn/loss 2.228e-01, trn/lr 3.123e-02, trn/scale 1.047e-01, val/acc 8.857e-01, val/nll 3.418e-01
[2023-02-10 15:21:50] [Epoch   126/  200] trn/loss 2.147e-01, trn/lr 3.051e-02, trn/scale 1.047e-01, val/acc 9.137e-01, val/nll 2.586e-01 (best_acc: 9.134e-01 -> 9.137e-01, test_acc: 9.135e-01, test_nll: 2.683e-01)
[2023-02-10 15:21:59] [Epoch   127/  200] trn/loss 2.116e-01, trn/lr 2.979e-02, trn/scale 1.048e-01, val/acc 9.189e-01, val/nll 2.428e-01 (best_acc: 9.137e-01 -> 9.189e-01, test_acc: 9.163e-01, test_nll: 2.551e-01)
[2023-02-10 15:22:07] [Epoch   128/  200] trn/loss 2.094e-01, trn/lr 2.907e-02, trn/scale 1.048e-01, val/acc 9.059e-01, val/nll 2.762e-01
[2023-02-10 15:22:16] [Epoch   129/  200] trn/loss 2.076e-01, trn/lr 2.836e-02, trn/scale 1.048e-01, val/acc 9.192e-01, val/nll 2.460e-01 (best_acc: 9.189e-01 -> 9.192e-01, test_acc: 9.136e-01, test_nll: 2.619e-01)
[2023-02-10 15:22:26] [Epoch   130/  200] trn/loss 2.058e-01, trn/lr 2.765e-02, trn/scale 1.048e-01, val/acc 9.242e-01, val/nll 2.277e-01 (best_acc: 9.192e-01 -> 9.242e-01, test_acc: 9.213e-01, test_nll: 2.420e-01)
[2023-02-10 15:22:34] [Epoch   131/  200] trn/loss 1.966e-01, trn/lr 2.695e-02, trn/scale 1.048e-01, val/acc 9.112e-01, val/nll 2.686e-01
[2023-02-10 15:22:42] [Epoch   132/  200] trn/loss 1.947e-01, trn/lr 2.626e-02, trn/scale 1.049e-01, val/acc 9.108e-01, val/nll 2.636e-01
[2023-02-10 15:22:51] [Epoch   133/  200] trn/loss 1.882e-01, trn/lr 2.557e-02, trn/scale 1.049e-01, val/acc 9.284e-01, val/nll 2.224e-01 (best_acc: 9.242e-01 -> 9.284e-01, test_acc: 9.226e-01, test_nll: 2.347e-01)
[2023-02-10 15:23:00] [Epoch   134/  200] trn/loss 1.862e-01, trn/lr 2.489e-02, trn/scale 1.049e-01, val/acc 9.241e-01, val/nll 2.300e-01
[2023-02-10 15:23:08] [Epoch   135/  200] trn/loss 1.850e-01, trn/lr 2.421e-02, trn/scale 1.050e-01, val/acc 9.175e-01, val/nll 2.382e-01
[2023-02-10 15:23:16] [Epoch   136/  200] trn/loss 1.767e-01, trn/lr 2.354e-02, trn/scale 1.050e-01, val/acc 9.040e-01, val/nll 2.819e-01
[2023-02-10 15:23:25] [Epoch   137/  200] trn/loss 1.763e-01, trn/lr 2.288e-02, trn/scale 1.050e-01, val/acc 9.300e-01, val/nll 2.038e-01 (best_acc: 9.284e-01 -> 9.300e-01, test_acc: 9.302e-01, test_nll: 2.133e-01)
[2023-02-10 15:23:33] [Epoch   138/  200] trn/loss 1.721e-01, trn/lr 2.222e-02, trn/scale 1.050e-01, val/acc 9.125e-01, val/nll 2.531e-01
[2023-02-10 15:23:42] [Epoch   139/  200] trn/loss 1.673e-01, trn/lr 2.157e-02, trn/scale 1.051e-01, val/acc 9.273e-01, val/nll 2.163e-01
[2023-02-10 15:23:50] [Epoch   140/  200] trn/loss 1.620e-01, trn/lr 2.093e-02, trn/scale 1.051e-01, val/acc 9.274e-01, val/nll 2.175e-01
[2023-02-10 15:23:58] [Epoch   141/  200] trn/loss 1.600e-01, trn/lr 2.030e-02, trn/scale 1.051e-01, val/acc 9.208e-01, val/nll 2.351e-01
[2023-02-10 15:24:06] [Epoch   142/  200] trn/loss 1.526e-01, trn/lr 1.967e-02, trn/scale 1.052e-01, val/acc 9.170e-01, val/nll 2.378e-01
[2023-02-10 15:24:15] [Epoch   143/  200] trn/loss 1.459e-01, trn/lr 1.905e-02, trn/scale 1.052e-01, val/acc 9.320e-01, val/nll 2.055e-01 (best_acc: 9.300e-01 -> 9.320e-01, test_acc: 9.257e-01, test_nll: 2.228e-01)
[2023-02-10 15:24:24] [Epoch   144/  200] trn/loss 1.501e-01, trn/lr 1.843e-02, trn/scale 1.053e-01, val/acc 9.146e-01, val/nll 2.449e-01
[2023-02-10 15:24:32] [Epoch   145/  200] trn/loss 1.445e-01, trn/lr 1.783e-02, trn/scale 1.053e-01, val/acc 9.229e-01, val/nll 2.268e-01
[2023-02-10 15:24:40] [Epoch   146/  200] trn/loss 1.387e-01, trn/lr 1.723e-02, trn/scale 1.053e-01, val/acc 9.314e-01, val/nll 2.048e-01
[2023-02-10 15:24:48] [Epoch   147/  200] trn/loss 1.358e-01, trn/lr 1.664e-02, trn/scale 1.054e-01, val/acc 9.280e-01, val/nll 2.073e-01
[2023-02-10 15:24:58] [Epoch   148/  200] trn/loss 1.325e-01, trn/lr 1.606e-02, trn/scale 1.054e-01, val/acc 9.388e-01, val/nll 1.825e-01 (best_acc: 9.320e-01 -> 9.388e-01, test_acc: 9.402e-01, test_nll: 1.853e-01)
[2023-02-10 15:25:06] [Epoch   149/  200] trn/loss 1.272e-01, trn/lr 1.549e-02, trn/scale 1.055e-01, val/acc 9.333e-01, val/nll 1.885e-01
[2023-02-10 15:25:15] [Epoch   150/  200] trn/loss 1.238e-01, trn/lr 1.493e-02, trn/scale 1.055e-01, val/acc 9.406e-01, val/nll 1.794e-01 (best_acc: 9.388e-01 -> 9.406e-01, test_acc: 9.374e-01, test_nll: 1.815e-01)
[2023-02-10 15:25:23] [Epoch   151/  200] trn/loss 1.216e-01, trn/lr 1.437e-02, trn/scale 1.056e-01, val/acc 9.353e-01, val/nll 1.855e-01
[2023-02-10 15:25:32] [Epoch   152/  200] trn/loss 1.166e-01, trn/lr 1.382e-02, trn/scale 1.056e-01, val/acc 9.375e-01, val/nll 1.838e-01
[2023-02-10 15:25:40] [Epoch   153/  200] trn/loss 1.136e-01, trn/lr 1.329e-02, trn/scale 1.057e-01, val/acc 9.345e-01, val/nll 1.899e-01
[2023-02-10 15:25:48] [Epoch   154/  200] trn/loss 1.102e-01, trn/lr 1.276e-02, trn/scale 1.057e-01, val/acc 9.313e-01, val/nll 2.093e-01
[2023-02-10 15:25:56] [Epoch   155/  200] trn/loss 1.054e-01, trn/lr 1.224e-02, trn/scale 1.058e-01, val/acc 9.378e-01, val/nll 1.858e-01
[2023-02-10 15:26:04] [Epoch   156/  200] trn/loss 1.022e-01, trn/lr 1.173e-02, trn/scale 1.059e-01, val/acc 9.365e-01, val/nll 1.837e-01
[2023-02-10 15:26:13] [Epoch   157/  200] trn/loss 1.000e-01, trn/lr 1.123e-02, trn/scale 1.059e-01, val/acc 9.393e-01, val/nll 1.829e-01
[2023-02-10 15:26:22] [Epoch   158/  200] trn/loss 9.773e-02, trn/lr 1.074e-02, trn/scale 1.060e-01, val/acc 9.449e-01, val/nll 1.702e-01 (best_acc: 9.406e-01 -> 9.449e-01, test_acc: 9.413e-01, test_nll: 1.779e-01)
[2023-02-10 15:26:30] [Epoch   159/  200] trn/loss 9.018e-02, trn/lr 1.025e-02, trn/scale 1.061e-01, val/acc 9.403e-01, val/nll 1.760e-01
[2023-02-10 15:26:38] [Epoch   160/  200] trn/loss 9.044e-02, trn/lr 9.783e-03, trn/scale 1.061e-01, val/acc 9.382e-01, val/nll 1.856e-01
[2023-02-10 15:26:46] [Epoch   161/  200] trn/loss 8.721e-02, trn/lr 9.321e-03, trn/scale 1.062e-01, val/acc 9.376e-01, val/nll 1.841e-01
[2023-02-10 15:26:55] [Epoch   162/  200] trn/loss 8.112e-02, trn/lr 8.870e-03, trn/scale 1.063e-01, val/acc 9.417e-01, val/nll 1.700e-01
[2023-02-10 15:27:03] [Epoch   163/  200] trn/loss 8.127e-02, trn/lr 8.428e-03, trn/scale 1.064e-01, val/acc 9.420e-01, val/nll 1.700e-01
[2023-02-10 15:27:12] [Epoch   164/  200] trn/loss 7.694e-02, trn/lr 7.997e-03, trn/scale 1.064e-01, val/acc 9.452e-01, val/nll 1.701e-01 (best_acc: 9.449e-01 -> 9.452e-01, test_acc: 9.437e-01, test_nll: 1.722e-01)
[2023-02-10 15:27:20] [Epoch   165/  200] trn/loss 7.278e-02, trn/lr 7.576e-03, trn/scale 1.065e-01, val/acc 9.447e-01, val/nll 1.660e-01
[2023-02-10 15:27:28] [Epoch   166/  200] trn/loss 7.158e-02, trn/lr 7.166e-03, trn/scale 1.066e-01, val/acc 9.346e-01, val/nll 1.981e-01
[2023-02-10 15:27:37] [Epoch   167/  200] trn/loss 6.768e-02, trn/lr 6.766e-03, trn/scale 1.067e-01, val/acc 9.468e-01, val/nll 1.645e-01 (best_acc: 9.452e-01 -> 9.468e-01, test_acc: 9.446e-01, test_nll: 1.698e-01)
[2023-02-10 15:27:46] [Epoch   168/  200] trn/loss 6.380e-02, trn/lr 6.377e-03, trn/scale 1.067e-01, val/acc 9.426e-01, val/nll 1.730e-01
[2023-02-10 15:27:54] [Epoch   169/  200] trn/loss 6.190e-02, trn/lr 5.998e-03, trn/scale 1.068e-01, val/acc 9.413e-01, val/nll 1.750e-01
[2023-02-10 15:28:02] [Epoch   170/  200] trn/loss 5.737e-02, trn/lr 5.631e-03, trn/scale 1.069e-01, val/acc 9.407e-01, val/nll 1.794e-01
[2023-02-10 15:28:11] [Epoch   171/  200] trn/loss 5.294e-02, trn/lr 5.274e-03, trn/scale 1.070e-01, val/acc 9.470e-01, val/nll 1.653e-01 (best_acc: 9.468e-01 -> 9.470e-01, test_acc: 9.461e-01, test_nll: 1.658e-01)
[2023-02-10 15:28:21] [Epoch   172/  200] trn/loss 5.092e-02, trn/lr 4.929e-03, trn/scale 1.070e-01, val/acc 9.493e-01, val/nll 1.586e-01 (best_acc: 9.470e-01 -> 9.493e-01, test_acc: 9.466e-01, test_nll: 1.608e-01)
[2023-02-10 15:28:29] [Epoch   173/  200] trn/loss 4.686e-02, trn/lr 4.594e-03, trn/scale 1.071e-01, val/acc 9.456e-01, val/nll 1.734e-01
[2023-02-10 15:28:37] [Epoch   174/  200] trn/loss 4.420e-02, trn/lr 4.271e-03, trn/scale 1.071e-01, val/acc 9.452e-01, val/nll 1.714e-01
[2023-02-10 15:28:46] [Epoch   175/  200] trn/loss 4.043e-02, trn/lr 3.959e-03, trn/scale 1.072e-01, val/acc 9.515e-01, val/nll 1.531e-01 (best_acc: 9.493e-01 -> 9.515e-01, test_acc: 9.516e-01, test_nll: 1.542e-01)
[2023-02-10 15:28:55] [Epoch   176/  200] trn/loss 3.406e-02, trn/lr 3.659e-03, trn/scale 1.072e-01, val/acc 9.499e-01, val/nll 1.587e-01
[2023-02-10 15:29:03] [Epoch   177/  200] trn/loss 3.287e-02, trn/lr 3.369e-03, trn/scale 1.073e-01, val/acc 9.511e-01, val/nll 1.586e-01
[2023-02-10 15:29:11] [Epoch   178/  200] trn/loss 2.906e-02, trn/lr 3.092e-03, trn/scale 1.073e-01, val/acc 9.500e-01, val/nll 1.613e-01
[2023-02-10 15:29:20] [Epoch   179/  200] trn/loss 2.957e-02, trn/lr 2.826e-03, trn/scale 1.073e-01, val/acc 9.534e-01, val/nll 1.512e-01 (best_acc: 9.515e-01 -> 9.534e-01, test_acc: 9.532e-01, test_nll: 1.543e-01)
[2023-02-10 15:29:29] [Epoch   180/  200] trn/loss 2.546e-02, trn/lr 2.571e-03, trn/scale 1.073e-01, val/acc 9.542e-01, val/nll 1.523e-01 (best_acc: 9.534e-01 -> 9.542e-01, test_acc: 9.537e-01, test_nll: 1.558e-01)
[2023-02-10 15:29:38] [Epoch   181/  200] trn/loss 2.242e-02, trn/lr 2.329e-03, trn/scale 1.073e-01, val/acc 9.542e-01, val/nll 1.490e-01
[2023-02-10 15:29:47] [Epoch   182/  200] trn/loss 2.113e-02, trn/lr 2.098e-03, trn/scale 1.074e-01, val/acc 9.550e-01, val/nll 1.478e-01 (best_acc: 9.542e-01 -> 9.550e-01, test_acc: 9.539e-01, test_nll: 1.503e-01)
[2023-02-10 15:29:55] [Epoch   183/  200] trn/loss 2.014e-02, trn/lr 1.878e-03, trn/scale 1.074e-01, val/acc 9.529e-01, val/nll 1.528e-01
[2023-02-10 15:30:03] [Epoch   184/  200] trn/loss 1.887e-02, trn/lr 1.671e-03, trn/scale 1.074e-01, val/acc 9.537e-01, val/nll 1.492e-01
[2023-02-10 15:30:12] [Epoch   185/  200] trn/loss 1.691e-02, trn/lr 1.476e-03, trn/scale 1.073e-01, val/acc 9.555e-01, val/nll 1.467e-01 (best_acc: 9.550e-01 -> 9.555e-01, test_acc: 9.553e-01, test_nll: 1.491e-01)
[2023-02-10 15:30:22] [Epoch   186/  200] trn/loss 1.612e-02, trn/lr 1.292e-03, trn/scale 1.073e-01, val/acc 9.581e-01, val/nll 1.428e-01 (best_acc: 9.555e-01 -> 9.581e-01, test_acc: 9.545e-01, test_nll: 1.462e-01)
[2023-02-10 15:30:30] [Epoch   187/  200] trn/loss 1.549e-02, trn/lr 1.121e-03, trn/scale 1.073e-01, val/acc 9.549e-01, val/nll 1.477e-01
[2023-02-10 15:30:38] [Epoch   188/  200] trn/loss 1.437e-02, trn/lr 9.617e-04, trn/scale 1.073e-01, val/acc 9.566e-01, val/nll 1.462e-01
[2023-02-10 15:30:46] [Epoch   189/  200] trn/loss 1.397e-02, trn/lr 8.145e-04, trn/scale 1.073e-01, val/acc 9.558e-01, val/nll 1.463e-01
[2023-02-10 15:30:54] [Epoch   190/  200] trn/loss 1.372e-02, trn/lr 6.794e-04, trn/scale 1.073e-01, val/acc 9.570e-01, val/nll 1.472e-01
[2023-02-10 15:31:03] [Epoch   191/  200] trn/loss 1.329e-02, trn/lr 5.565e-04, trn/scale 1.073e-01, val/acc 9.571e-01, val/nll 1.458e-01
[2023-02-10 15:31:11] [Epoch   192/  200] trn/loss 1.348e-02, trn/lr 4.458e-04, trn/scale 1.073e-01, val/acc 9.571e-01, val/nll 1.473e-01
[2023-02-10 15:31:19] [Epoch   193/  200] trn/loss 1.259e-02, trn/lr 3.474e-04, trn/scale 1.073e-01, val/acc 9.576e-01, val/nll 1.450e-01
[2023-02-10 15:31:27] [Epoch   194/  200] trn/loss 1.265e-02, trn/lr 2.612e-04, trn/scale 1.073e-01, val/acc 9.570e-01, val/nll 1.470e-01
[2023-02-10 15:31:36] [Epoch   195/  200] trn/loss 1.243e-02, trn/lr 1.872e-04, trn/scale 1.073e-01, val/acc 9.574e-01, val/nll 1.473e-01
[2023-02-10 15:31:44] [Epoch   196/  200] trn/loss 1.287e-02, trn/lr 1.255e-04, trn/scale 1.073e-01, val/acc 9.579e-01, val/nll 1.461e-01
[2023-02-10 15:31:52] [Epoch   197/  200] trn/loss 1.248e-02, trn/lr 7.619e-05, trn/scale 1.073e-01, val/acc 9.575e-01, val/nll 1.466e-01
[2023-02-10 15:32:00] [Epoch   198/  200] trn/loss 1.317e-02, trn/lr 3.916e-05, trn/scale 1.073e-01, val/acc 9.575e-01, val/nll 1.462e-01
[2023-02-10 15:32:08] [Epoch   199/  200] trn/loss 1.246e-02, trn/lr 1.445e-05, trn/scale 1.072e-01, val/acc 9.567e-01, val/nll 1.474e-01
[2023-02-10 15:32:17] [Epoch   200/  200] trn/loss 1.230e-02, trn/lr 2.075e-06, trn/scale 1.072e-01, val/acc 9.570e-01, val/nll 1.469e-01
