[2023-02-08 12:45:46] Environments:
------------  ------------------------------------------------------------
sys.platform  linux
Python        3.8.10 (default, Nov 14 2022, 12:59:47) [GCC 9.4.0]
JAX           0.4.2 @/home/giung/.local/lib/python3.8/site-packages/jax
jaxlib        0.4.2 @/home/giung/.local/lib/python3.8/site-packages/jaxlib
Flax          0.6.4 @/home/giung/.local/lib/python3.8/site-packages/flax
Optax         0.1.4 @/home/giung/.local/lib/python3.8/site-packages/optax
------------  ------------------------------------------------------------

[2023-02-08 12:45:46] Command line arguments:
- args.data_root          : ./data/
- args.data_name          : CIFAR10_x32
- args.data_augmentation  : standard
- args.data_proportional  : 1.0
- args.model_depth        : 20
- args.model_width        : 4
- args.model_style        : BN-ReLU
- args.optim_bs           : 256
- args.optim_ne           : 200
- args.optim_lr           : 0.001
- args.optim_b1           : 0.7
- args.optim_b2           : 0.999
- args.optim_eps          : 1e-08
- args.optim_weight_decay : 0.001
- args.rho                : 0.0
- args.save               : /home/giung/giung2-dev/projects/sam/save/CIFAR10_x32/R20x4-BN-ReLU/Adam/bs-0256_ne-0200_lr-0.0010_b1-0.7000_b2-0.9990_wd-0.0010_rho-0.0000_fp32/42
- args.seed               : 42
- args.precision          : fp32

[2023-02-08 12:45:52] Multiple local devices are detected:
[TpuDevice(id=0, process_index=0, coords=(0,0,0), core_on_chip=0), TpuDevice(id=1, process_index=0, coords=(0,0,0), core_on_chip=1), TpuDevice(id=2, process_index=0, coords=(1,0,0), core_on_chip=0), TpuDevice(id=3, process_index=0, coords=(1,0,0), core_on_chip=1), TpuDevice(id=4, process_index=0, coords=(0,1,0), core_on_chip=0), TpuDevice(id=5, process_index=0, coords=(0,1,0), core_on_chip=1), TpuDevice(id=6, process_index=0, coords=(1,1,0), core_on_chip=0), TpuDevice(id=7, process_index=0, coords=(1,1,0), core_on_chip=1)]

[2023-02-08 12:46:52] [Epoch     1/  200] trn/loss 1.473e+00, trn/lr 1.000e-03, val/acc 5.035e-01, val/nll 1.462e+00 (best_acc: 0.000e+00 -> 5.035e-01, test_acc: 5.058e-01, test_nll: 1.486e+00)
[2023-02-08 12:47:01] [Epoch     2/  200] trn/loss 1.013e+00, trn/lr 9.999e-04, val/acc 6.027e-01, val/nll 1.173e+00 (best_acc: 5.035e-01 -> 6.027e-01, test_acc: 6.006e-01, test_nll: 1.194e+00)
[2023-02-08 12:47:09] [Epoch     3/  200] trn/loss 8.162e-01, trn/lr 9.996e-04, val/acc 6.417e-01, val/nll 9.996e-01 (best_acc: 6.027e-01 -> 6.417e-01, test_acc: 6.343e-01, test_nll: 1.038e+00)
[2023-02-08 12:47:18] [Epoch     4/  200] trn/loss 7.128e-01, trn/lr 9.992e-04, val/acc 7.326e-01, val/nll 7.793e-01 (best_acc: 6.417e-01 -> 7.326e-01, test_acc: 7.284e-01, test_nll: 7.830e-01)
[2023-02-08 12:47:25] [Epoch     5/  200] trn/loss 6.535e-01, trn/lr 9.987e-04, val/acc 7.322e-01, val/nll 7.773e-01
[2023-02-08 12:47:33] [Epoch     6/  200] trn/loss 6.088e-01, trn/lr 9.981e-04, val/acc 7.662e-01, val/nll 6.891e-01 (best_acc: 7.326e-01 -> 7.662e-01, test_acc: 7.615e-01, test_nll: 6.993e-01)
[2023-02-08 12:47:40] [Epoch     7/  200] trn/loss 5.792e-01, trn/lr 9.974e-04, val/acc 6.770e-01, val/nll 1.062e+00
[2023-02-08 12:47:48] [Epoch     8/  200] trn/loss 5.461e-01, trn/lr 9.965e-04, val/acc 7.104e-01, val/nll 9.862e-01
[2023-02-08 12:47:55] [Epoch     9/  200] trn/loss 5.210e-01, trn/lr 9.955e-04, val/acc 7.179e-01, val/nll 8.984e-01
[2023-02-08 12:48:02] [Epoch    10/  200] trn/loss 5.015e-01, trn/lr 9.944e-04, val/acc 7.563e-01, val/nll 7.104e-01
[2023-02-08 12:48:09] [Epoch    11/  200] trn/loss 4.860e-01, trn/lr 9.932e-04, val/acc 7.662e-01, val/nll 7.410e-01
[2023-02-08 12:48:17] [Epoch    12/  200] trn/loss 4.719e-01, trn/lr 9.919e-04, val/acc 7.355e-01, val/nll 8.217e-01
[2023-02-08 12:48:25] [Epoch    13/  200] trn/loss 4.549e-01, trn/lr 9.904e-04, val/acc 8.072e-01, val/nll 5.585e-01 (best_acc: 7.662e-01 -> 8.072e-01, test_acc: 8.060e-01, test_nll: 5.755e-01)
[2023-02-08 12:48:32] [Epoch    14/  200] trn/loss 4.449e-01, trn/lr 9.888e-04, val/acc 7.782e-01, val/nll 6.649e-01
[2023-02-08 12:48:39] [Epoch    15/  200] trn/loss 4.302e-01, trn/lr 9.871e-04, val/acc 8.001e-01, val/nll 6.025e-01
[2023-02-08 12:48:47] [Epoch    16/  200] trn/loss 4.215e-01, trn/lr 9.853e-04, val/acc 8.028e-01, val/nll 6.182e-01
[2023-02-08 12:48:55] [Epoch    17/  200] trn/loss 4.044e-01, trn/lr 9.833e-04, val/acc 8.088e-01, val/nll 6.163e-01 (best_acc: 8.072e-01 -> 8.088e-01, test_acc: 7.985e-01, test_nll: 6.471e-01)
[2023-02-08 12:49:02] [Epoch    18/  200] trn/loss 3.999e-01, trn/lr 9.812e-04, val/acc 7.718e-01, val/nll 7.046e-01
[2023-02-08 12:49:10] [Epoch    19/  200] trn/loss 3.858e-01, trn/lr 9.790e-04, val/acc 8.485e-01, val/nll 4.632e-01 (best_acc: 8.088e-01 -> 8.485e-01, test_acc: 8.388e-01, test_nll: 4.802e-01)
[2023-02-08 12:49:18] [Epoch    20/  200] trn/loss 3.806e-01, trn/lr 9.767e-04, val/acc 7.966e-01, val/nll 6.237e-01
[2023-02-08 12:49:25] [Epoch    21/  200] trn/loss 3.686e-01, trn/lr 9.743e-04, val/acc 7.965e-01, val/nll 6.635e-01
[2023-02-08 12:49:32] [Epoch    22/  200] trn/loss 3.662e-01, trn/lr 9.718e-04, val/acc 8.319e-01, val/nll 5.058e-01
[2023-02-08 12:49:40] [Epoch    23/  200] trn/loss 3.529e-01, trn/lr 9.691e-04, val/acc 8.486e-01, val/nll 4.673e-01 (best_acc: 8.485e-01 -> 8.486e-01, test_acc: 8.392e-01, test_nll: 4.848e-01)
[2023-02-08 12:49:48] [Epoch    24/  200] trn/loss 3.477e-01, trn/lr 9.663e-04, val/acc 8.137e-01, val/nll 6.057e-01
[2023-02-08 12:49:55] [Epoch    25/  200] trn/loss 3.468e-01, trn/lr 9.634e-04, val/acc 8.363e-01, val/nll 5.062e-01
[2023-02-08 12:50:03] [Epoch    26/  200] trn/loss 3.352e-01, trn/lr 9.604e-04, val/acc 8.490e-01, val/nll 4.618e-01 (best_acc: 8.486e-01 -> 8.490e-01, test_acc: 8.472e-01, test_nll: 4.700e-01)
[2023-02-08 12:50:10] [Epoch    27/  200] trn/loss 3.245e-01, trn/lr 9.573e-04, val/acc 8.274e-01, val/nll 5.432e-01
[2023-02-08 12:50:18] [Epoch    28/  200] trn/loss 3.271e-01, trn/lr 9.541e-04, val/acc 8.419e-01, val/nll 4.969e-01
[2023-02-08 12:50:26] [Epoch    29/  200] trn/loss 3.209e-01, trn/lr 9.507e-04, val/acc 8.537e-01, val/nll 4.581e-01 (best_acc: 8.490e-01 -> 8.537e-01, test_acc: 8.483e-01, test_nll: 4.777e-01)
[2023-02-08 12:50:34] [Epoch    30/  200] trn/loss 3.099e-01, trn/lr 9.473e-04, val/acc 8.554e-01, val/nll 4.399e-01 (best_acc: 8.537e-01 -> 8.554e-01, test_acc: 8.495e-01, test_nll: 4.526e-01)
[2023-02-08 12:50:43] [Epoch    31/  200] trn/loss 3.074e-01, trn/lr 9.437e-04, val/acc 8.691e-01, val/nll 3.844e-01 (best_acc: 8.554e-01 -> 8.691e-01, test_acc: 8.691e-01, test_nll: 3.838e-01)
[2023-02-08 12:50:50] [Epoch    32/  200] trn/loss 3.012e-01, trn/lr 9.400e-04, val/acc 8.361e-01, val/nll 5.093e-01
[2023-02-08 12:50:57] [Epoch    33/  200] trn/loss 2.989e-01, trn/lr 9.363e-04, val/acc 8.551e-01, val/nll 4.429e-01
[2023-02-08 12:51:04] [Epoch    34/  200] trn/loss 2.942e-01, trn/lr 9.324e-04, val/acc 8.642e-01, val/nll 4.068e-01
[2023-02-08 12:51:12] [Epoch    35/  200] trn/loss 2.908e-01, trn/lr 9.284e-04, val/acc 8.706e-01, val/nll 3.902e-01 (best_acc: 8.691e-01 -> 8.706e-01, test_acc: 8.740e-01, test_nll: 3.928e-01)
[2023-02-08 12:51:20] [Epoch    36/  200] trn/loss 2.933e-01, trn/lr 9.243e-04, val/acc 8.408e-01, val/nll 5.288e-01
[2023-02-08 12:51:27] [Epoch    37/  200] trn/loss 2.817e-01, trn/lr 9.201e-04, val/acc 8.291e-01, val/nll 5.657e-01
[2023-02-08 12:51:34] [Epoch    38/  200] trn/loss 2.797e-01, trn/lr 9.157e-04, val/acc 8.558e-01, val/nll 4.722e-01
[2023-02-08 12:51:42] [Epoch    39/  200] trn/loss 2.788e-01, trn/lr 9.113e-04, val/acc 8.752e-01, val/nll 3.756e-01 (best_acc: 8.706e-01 -> 8.752e-01, test_acc: 8.797e-01, test_nll: 3.797e-01)
[2023-02-08 12:51:50] [Epoch    40/  200] trn/loss 2.768e-01, trn/lr 9.068e-04, val/acc 8.325e-01, val/nll 5.473e-01
[2023-02-08 12:51:57] [Epoch    41/  200] trn/loss 2.685e-01, trn/lr 9.022e-04, val/acc 8.498e-01, val/nll 4.693e-01
[2023-02-08 12:52:04] [Epoch    42/  200] trn/loss 2.686e-01, trn/lr 8.975e-04, val/acc 8.708e-01, val/nll 4.026e-01
[2023-02-08 12:52:11] [Epoch    43/  200] trn/loss 2.597e-01, trn/lr 8.927e-04, val/acc 8.330e-01, val/nll 5.687e-01
[2023-02-08 12:52:19] [Epoch    44/  200] trn/loss 2.617e-01, trn/lr 8.878e-04, val/acc 8.750e-01, val/nll 4.032e-01
[2023-02-08 12:52:26] [Epoch    45/  200] trn/loss 2.554e-01, trn/lr 8.828e-04, val/acc 8.665e-01, val/nll 4.197e-01
[2023-02-08 12:52:33] [Epoch    46/  200] trn/loss 2.525e-01, trn/lr 8.777e-04, val/acc 8.437e-01, val/nll 4.870e-01
[2023-02-08 12:52:40] [Epoch    47/  200] trn/loss 2.514e-01, trn/lr 8.725e-04, val/acc 8.741e-01, val/nll 4.054e-01
[2023-02-08 12:52:47] [Epoch    48/  200] trn/loss 2.486e-01, trn/lr 8.672e-04, val/acc 8.428e-01, val/nll 5.111e-01
[2023-02-08 12:52:55] [Epoch    49/  200] trn/loss 2.485e-01, trn/lr 8.618e-04, val/acc 8.626e-01, val/nll 4.591e-01
[2023-02-08 12:53:02] [Epoch    50/  200] trn/loss 2.455e-01, trn/lr 8.563e-04, val/acc 8.702e-01, val/nll 4.082e-01
[2023-02-08 12:53:09] [Epoch    51/  200] trn/loss 2.355e-01, trn/lr 8.508e-04, val/acc 8.169e-01, val/nll 5.844e-01
[2023-02-08 12:53:16] [Epoch    52/  200] trn/loss 2.356e-01, trn/lr 8.451e-04, val/acc 8.721e-01, val/nll 4.060e-01
[2023-02-08 12:53:24] [Epoch    53/  200] trn/loss 2.375e-01, trn/lr 8.394e-04, val/acc 8.752e-01, val/nll 3.781e-01
[2023-02-08 12:53:31] [Epoch    54/  200] trn/loss 2.272e-01, trn/lr 8.336e-04, val/acc 8.708e-01, val/nll 3.992e-01
[2023-02-08 12:53:39] [Epoch    55/  200] trn/loss 2.312e-01, trn/lr 8.277e-04, val/acc 8.817e-01, val/nll 3.754e-01 (best_acc: 8.752e-01 -> 8.817e-01, test_acc: 8.752e-01, test_nll: 3.918e-01)
[2023-02-08 12:53:46] [Epoch    56/  200] trn/loss 2.247e-01, trn/lr 8.217e-04, val/acc 8.688e-01, val/nll 4.117e-01
[2023-02-08 12:53:54] [Epoch    57/  200] trn/loss 2.229e-01, trn/lr 8.157e-04, val/acc 8.717e-01, val/nll 4.025e-01
[2023-02-08 12:54:01] [Epoch    58/  200] trn/loss 2.154e-01, trn/lr 8.096e-04, val/acc 8.635e-01, val/nll 4.481e-01
[2023-02-08 12:54:08] [Epoch    59/  200] trn/loss 2.145e-01, trn/lr 8.034e-04, val/acc 8.764e-01, val/nll 3.966e-01
[2023-02-08 12:54:15] [Epoch    60/  200] trn/loss 2.173e-01, trn/lr 7.971e-04, val/acc 8.683e-01, val/nll 4.409e-01
[2023-02-08 12:54:24] [Epoch    61/  200] trn/loss 2.094e-01, trn/lr 7.907e-04, val/acc 8.919e-01, val/nll 3.399e-01 (best_acc: 8.817e-01 -> 8.919e-01, test_acc: 8.924e-01, test_nll: 3.518e-01)
[2023-02-08 12:54:32] [Epoch    62/  200] trn/loss 2.143e-01, trn/lr 7.843e-04, val/acc 8.921e-01, val/nll 3.351e-01 (best_acc: 8.919e-01 -> 8.921e-01, test_acc: 8.930e-01, test_nll: 3.404e-01)
[2023-02-08 12:54:39] [Epoch    63/  200] trn/loss 2.080e-01, trn/lr 7.778e-04, val/acc 8.842e-01, val/nll 3.709e-01
[2023-02-08 12:54:46] [Epoch    64/  200] trn/loss 2.043e-01, trn/lr 7.712e-04, val/acc 8.478e-01, val/nll 4.790e-01
[2023-02-08 12:54:54] [Epoch    65/  200] trn/loss 2.026e-01, trn/lr 7.646e-04, val/acc 8.565e-01, val/nll 4.608e-01
[2023-02-08 12:55:01] [Epoch    66/  200] trn/loss 1.999e-01, trn/lr 7.579e-04, val/acc 8.843e-01, val/nll 3.902e-01
[2023-02-08 12:55:09] [Epoch    67/  200] trn/loss 2.002e-01, trn/lr 7.512e-04, val/acc 8.939e-01, val/nll 3.434e-01 (best_acc: 8.921e-01 -> 8.939e-01, test_acc: 8.836e-01, test_nll: 3.637e-01)
[2023-02-08 12:55:16] [Epoch    68/  200] trn/loss 1.999e-01, trn/lr 7.443e-04, val/acc 8.852e-01, val/nll 3.580e-01
[2023-02-08 12:55:25] [Epoch    69/  200] trn/loss 1.917e-01, trn/lr 7.374e-04, val/acc 8.993e-01, val/nll 3.132e-01 (best_acc: 8.939e-01 -> 8.993e-01, test_acc: 8.930e-01, test_nll: 3.306e-01)
[2023-02-08 12:55:32] [Epoch    70/  200] trn/loss 1.909e-01, trn/lr 7.305e-04, val/acc 8.888e-01, val/nll 3.579e-01
[2023-02-08 12:55:39] [Epoch    71/  200] trn/loss 1.919e-01, trn/lr 7.235e-04, val/acc 8.853e-01, val/nll 3.612e-01
[2023-02-08 12:55:46] [Epoch    72/  200] trn/loss 1.896e-01, trn/lr 7.165e-04, val/acc 8.848e-01, val/nll 3.715e-01
[2023-02-08 12:55:54] [Epoch    73/  200] trn/loss 1.864e-01, trn/lr 7.094e-04, val/acc 8.830e-01, val/nll 3.954e-01
[2023-02-08 12:56:01] [Epoch    74/  200] trn/loss 1.817e-01, trn/lr 7.022e-04, val/acc 8.890e-01, val/nll 3.661e-01
[2023-02-08 12:56:08] [Epoch    75/  200] trn/loss 1.766e-01, trn/lr 6.950e-04, val/acc 8.845e-01, val/nll 3.876e-01
[2023-02-08 12:56:15] [Epoch    76/  200] trn/loss 1.748e-01, trn/lr 6.877e-04, val/acc 8.775e-01, val/nll 4.062e-01
[2023-02-08 12:56:23] [Epoch    77/  200] trn/loss 1.719e-01, trn/lr 6.804e-04, val/acc 8.923e-01, val/nll 3.555e-01
[2023-02-08 12:56:30] [Epoch    78/  200] trn/loss 1.767e-01, trn/lr 6.731e-04, val/acc 8.960e-01, val/nll 3.391e-01
[2023-02-08 12:56:38] [Epoch    79/  200] trn/loss 1.676e-01, trn/lr 6.657e-04, val/acc 9.027e-01, val/nll 3.037e-01 (best_acc: 8.993e-01 -> 9.027e-01, test_acc: 9.074e-01, test_nll: 3.051e-01)
[2023-02-08 12:56:45] [Epoch    80/  200] trn/loss 1.678e-01, trn/lr 6.583e-04, val/acc 8.662e-01, val/nll 4.631e-01
[2023-02-08 12:56:53] [Epoch    81/  200] trn/loss 1.674e-01, trn/lr 6.508e-04, val/acc 8.595e-01, val/nll 4.678e-01
[2023-02-08 12:57:00] [Epoch    82/  200] trn/loss 1.605e-01, trn/lr 6.433e-04, val/acc 8.566e-01, val/nll 4.796e-01
[2023-02-08 12:57:07] [Epoch    83/  200] trn/loss 1.604e-01, trn/lr 6.357e-04, val/acc 9.012e-01, val/nll 3.171e-01
[2023-02-08 12:57:14] [Epoch    84/  200] trn/loss 1.574e-01, trn/lr 6.282e-04, val/acc 8.955e-01, val/nll 3.326e-01
[2023-02-08 12:57:22] [Epoch    85/  200] trn/loss 1.609e-01, trn/lr 6.206e-04, val/acc 8.936e-01, val/nll 3.613e-01
[2023-02-08 12:57:29] [Epoch    86/  200] trn/loss 1.503e-01, trn/lr 6.129e-04, val/acc 8.942e-01, val/nll 3.442e-01
[2023-02-08 12:57:36] [Epoch    87/  200] trn/loss 1.482e-01, trn/lr 6.053e-04, val/acc 8.832e-01, val/nll 3.920e-01
[2023-02-08 12:57:43] [Epoch    88/  200] trn/loss 1.513e-01, trn/lr 5.976e-04, val/acc 8.877e-01, val/nll 3.773e-01
[2023-02-08 12:57:50] [Epoch    89/  200] trn/loss 1.511e-01, trn/lr 5.899e-04, val/acc 8.977e-01, val/nll 3.403e-01
[2023-02-08 12:57:58] [Epoch    90/  200] trn/loss 1.440e-01, trn/lr 5.821e-04, val/acc 8.993e-01, val/nll 3.321e-01
[2023-02-08 12:58:05] [Epoch    91/  200] trn/loss 1.397e-01, trn/lr 5.744e-04, val/acc 8.998e-01, val/nll 3.338e-01
[2023-02-08 12:58:12] [Epoch    92/  200] trn/loss 1.387e-01, trn/lr 5.666e-04, val/acc 8.925e-01, val/nll 3.641e-01
[2023-02-08 12:58:19] [Epoch    93/  200] trn/loss 1.403e-01, trn/lr 5.588e-04, val/acc 8.962e-01, val/nll 3.441e-01
[2023-02-08 12:58:27] [Epoch    94/  200] trn/loss 1.344e-01, trn/lr 5.510e-04, val/acc 8.937e-01, val/nll 3.752e-01
[2023-02-08 12:58:34] [Epoch    95/  200] trn/loss 1.348e-01, trn/lr 5.432e-04, val/acc 8.940e-01, val/nll 3.724e-01
[2023-02-08 12:58:41] [Epoch    96/  200] trn/loss 1.403e-01, trn/lr 5.353e-04, val/acc 8.886e-01, val/nll 3.675e-01
[2023-02-08 12:58:48] [Epoch    97/  200] trn/loss 1.272e-01, trn/lr 5.275e-04, val/acc 9.007e-01, val/nll 3.361e-01
[2023-02-08 12:58:56] [Epoch    98/  200] trn/loss 1.283e-01, trn/lr 5.197e-04, val/acc 8.884e-01, val/nll 3.882e-01
[2023-02-08 12:59:03] [Epoch    99/  200] trn/loss 1.270e-01, trn/lr 5.118e-04, val/acc 8.988e-01, val/nll 3.463e-01
[2023-02-08 12:59:10] [Epoch   100/  200] trn/loss 1.244e-01, trn/lr 5.040e-04, val/acc 8.950e-01, val/nll 3.478e-01
[2023-02-08 12:59:18] [Epoch   101/  200] trn/loss 1.214e-01, trn/lr 4.961e-04, val/acc 9.012e-01, val/nll 3.432e-01
[2023-02-08 12:59:26] [Epoch   102/  200] trn/loss 1.155e-01, trn/lr 4.882e-04, val/acc 9.086e-01, val/nll 3.132e-01 (best_acc: 9.027e-01 -> 9.086e-01, test_acc: 9.027e-01, test_nll: 3.348e-01)
[2023-02-08 12:59:33] [Epoch   103/  200] trn/loss 1.185e-01, trn/lr 4.804e-04, val/acc 8.893e-01, val/nll 3.717e-01
[2023-02-08 12:59:40] [Epoch   104/  200] trn/loss 1.158e-01, trn/lr 4.725e-04, val/acc 9.049e-01, val/nll 3.261e-01
[2023-02-08 12:59:48] [Epoch   105/  200] trn/loss 1.139e-01, trn/lr 4.647e-04, val/acc 9.073e-01, val/nll 3.110e-01
[2023-02-08 12:59:55] [Epoch   106/  200] trn/loss 1.111e-01, trn/lr 4.569e-04, val/acc 9.030e-01, val/nll 3.389e-01
[2023-02-08 13:00:03] [Epoch   107/  200] trn/loss 1.078e-01, trn/lr 4.491e-04, val/acc 9.105e-01, val/nll 3.042e-01 (best_acc: 9.086e-01 -> 9.105e-01, test_acc: 9.096e-01, test_nll: 3.087e-01)
[2023-02-08 13:00:10] [Epoch   108/  200] trn/loss 1.082e-01, trn/lr 4.413e-04, val/acc 9.029e-01, val/nll 3.405e-01
[2023-02-08 13:00:18] [Epoch   109/  200] trn/loss 1.061e-01, trn/lr 4.335e-04, val/acc 8.986e-01, val/nll 3.647e-01
[2023-02-08 13:00:26] [Epoch   110/  200] trn/loss 1.022e-01, trn/lr 4.257e-04, val/acc 9.116e-01, val/nll 3.207e-01 (best_acc: 9.105e-01 -> 9.116e-01, test_acc: 9.072e-01, test_nll: 3.325e-01)
[2023-02-08 13:00:33] [Epoch   111/  200] trn/loss 9.688e-02, trn/lr 4.179e-04, val/acc 9.053e-01, val/nll 3.429e-01
[2023-02-08 13:00:40] [Epoch   112/  200] trn/loss 1.000e-01, trn/lr 4.102e-04, val/acc 9.100e-01, val/nll 3.256e-01
[2023-02-08 13:00:48] [Epoch   113/  200] trn/loss 9.316e-02, trn/lr 4.025e-04, val/acc 9.044e-01, val/nll 3.544e-01
[2023-02-08 13:00:55] [Epoch   114/  200] trn/loss 9.397e-02, trn/lr 3.948e-04, val/acc 9.058e-01, val/nll 3.514e-01
[2023-02-08 13:01:03] [Epoch   115/  200] trn/loss 9.225e-02, trn/lr 3.871e-04, val/acc 9.149e-01, val/nll 3.091e-01 (best_acc: 9.116e-01 -> 9.149e-01, test_acc: 9.127e-01, test_nll: 3.222e-01)
[2023-02-08 13:01:10] [Epoch   116/  200] trn/loss 8.752e-02, trn/lr 3.795e-04, val/acc 9.045e-01, val/nll 3.313e-01
[2023-02-08 13:01:18] [Epoch   117/  200] trn/loss 8.655e-02, trn/lr 3.719e-04, val/acc 9.101e-01, val/nll 3.249e-01
[2023-02-08 13:01:25] [Epoch   118/  200] trn/loss 8.069e-02, trn/lr 3.643e-04, val/acc 9.090e-01, val/nll 3.430e-01
[2023-02-08 13:01:32] [Epoch   119/  200] trn/loss 7.947e-02, trn/lr 3.568e-04, val/acc 9.113e-01, val/nll 3.250e-01
[2023-02-08 13:01:39] [Epoch   120/  200] trn/loss 8.234e-02, trn/lr 3.493e-04, val/acc 9.138e-01, val/nll 3.229e-01
[2023-02-08 13:01:46] [Epoch   121/  200] trn/loss 7.979e-02, trn/lr 3.418e-04, val/acc 9.063e-01, val/nll 3.509e-01
[2023-02-08 13:01:54] [Epoch   122/  200] trn/loss 8.036e-02, trn/lr 3.344e-04, val/acc 9.123e-01, val/nll 3.223e-01
[2023-02-08 13:02:02] [Epoch   123/  200] trn/loss 7.846e-02, trn/lr 3.270e-04, val/acc 9.157e-01, val/nll 3.115e-01 (best_acc: 9.149e-01 -> 9.157e-01, test_acc: 9.133e-01, test_nll: 3.162e-01)
[2023-02-08 13:02:09] [Epoch   124/  200] trn/loss 6.752e-02, trn/lr 3.196e-04, val/acc 9.079e-01, val/nll 3.610e-01
[2023-02-08 13:02:17] [Epoch   125/  200] trn/loss 7.228e-02, trn/lr 3.123e-04, val/acc 9.173e-01, val/nll 3.001e-01 (best_acc: 9.157e-01 -> 9.173e-01, test_acc: 9.147e-01, test_nll: 3.078e-01)
[2023-02-08 13:02:25] [Epoch   126/  200] trn/loss 6.902e-02, trn/lr 3.051e-04, val/acc 9.095e-01, val/nll 3.543e-01
[2023-02-08 13:02:32] [Epoch   127/  200] trn/loss 6.788e-02, trn/lr 2.979e-04, val/acc 9.162e-01, val/nll 3.094e-01
[2023-02-08 13:02:40] [Epoch   128/  200] trn/loss 6.477e-02, trn/lr 2.907e-04, val/acc 9.176e-01, val/nll 3.048e-01 (best_acc: 9.173e-01 -> 9.176e-01, test_acc: 9.152e-01, test_nll: 3.200e-01)
[2023-02-08 13:02:47] [Epoch   129/  200] trn/loss 6.584e-02, trn/lr 2.836e-04, val/acc 9.157e-01, val/nll 3.217e-01
[2023-02-08 13:02:54] [Epoch   130/  200] trn/loss 6.230e-02, trn/lr 2.765e-04, val/acc 9.125e-01, val/nll 3.250e-01
[2023-02-08 13:03:02] [Epoch   131/  200] trn/loss 6.092e-02, trn/lr 2.695e-04, val/acc 9.158e-01, val/nll 3.188e-01
[2023-02-08 13:03:09] [Epoch   132/  200] trn/loss 5.825e-02, trn/lr 2.626e-04, val/acc 9.145e-01, val/nll 3.216e-01
[2023-02-08 13:03:17] [Epoch   133/  200] trn/loss 5.276e-02, trn/lr 2.557e-04, val/acc 9.184e-01, val/nll 3.165e-01 (best_acc: 9.176e-01 -> 9.184e-01, test_acc: 9.153e-01, test_nll: 3.290e-01)
[2023-02-08 13:03:24] [Epoch   134/  200] trn/loss 5.208e-02, trn/lr 2.489e-04, val/acc 9.140e-01, val/nll 3.316e-01
[2023-02-08 13:03:32] [Epoch   135/  200] trn/loss 5.518e-02, trn/lr 2.421e-04, val/acc 9.061e-01, val/nll 3.613e-01
[2023-02-08 13:03:40] [Epoch   136/  200] trn/loss 5.238e-02, trn/lr 2.354e-04, val/acc 9.230e-01, val/nll 2.965e-01 (best_acc: 9.184e-01 -> 9.230e-01, test_acc: 9.169e-01, test_nll: 3.286e-01)
[2023-02-08 13:03:47] [Epoch   137/  200] trn/loss 4.708e-02, trn/lr 2.288e-04, val/acc 9.147e-01, val/nll 3.339e-01
[2023-02-08 13:03:54] [Epoch   138/  200] trn/loss 4.665e-02, trn/lr 2.222e-04, val/acc 9.144e-01, val/nll 3.338e-01
[2023-02-08 13:04:01] [Epoch   139/  200] trn/loss 4.547e-02, trn/lr 2.157e-04, val/acc 9.212e-01, val/nll 2.998e-01
[2023-02-08 13:04:09] [Epoch   140/  200] trn/loss 4.624e-02, trn/lr 2.093e-04, val/acc 9.063e-01, val/nll 3.800e-01
[2023-02-08 13:04:16] [Epoch   141/  200] trn/loss 4.371e-02, trn/lr 2.030e-04, val/acc 9.156e-01, val/nll 3.147e-01
[2023-02-08 13:04:23] [Epoch   142/  200] trn/loss 3.910e-02, trn/lr 1.967e-04, val/acc 9.188e-01, val/nll 3.297e-01
[2023-02-08 13:04:30] [Epoch   143/  200] trn/loss 3.971e-02, trn/lr 1.905e-04, val/acc 9.195e-01, val/nll 3.236e-01
[2023-02-08 13:04:39] [Epoch   144/  200] trn/loss 3.842e-02, trn/lr 1.843e-04, val/acc 9.268e-01, val/nll 2.924e-01 (best_acc: 9.230e-01 -> 9.268e-01, test_acc: 9.218e-01, test_nll: 3.064e-01)
[2023-02-08 13:04:46] [Epoch   145/  200] trn/loss 3.493e-02, trn/lr 1.783e-04, val/acc 9.223e-01, val/nll 3.099e-01
[2023-02-08 13:04:53] [Epoch   146/  200] trn/loss 3.220e-02, trn/lr 1.723e-04, val/acc 9.235e-01, val/nll 3.021e-01
[2023-02-08 13:05:00] [Epoch   147/  200] trn/loss 3.493e-02, trn/lr 1.664e-04, val/acc 9.191e-01, val/nll 3.307e-01
[2023-02-08 13:05:08] [Epoch   148/  200] trn/loss 3.244e-02, trn/lr 1.606e-04, val/acc 9.220e-01, val/nll 3.192e-01
[2023-02-08 13:05:15] [Epoch   149/  200] trn/loss 2.879e-02, trn/lr 1.549e-04, val/acc 9.220e-01, val/nll 3.203e-01
[2023-02-08 13:05:22] [Epoch   150/  200] trn/loss 3.193e-02, trn/lr 1.493e-04, val/acc 9.196e-01, val/nll 3.311e-01
[2023-02-08 13:05:29] [Epoch   151/  200] trn/loss 3.215e-02, trn/lr 1.437e-04, val/acc 9.243e-01, val/nll 2.972e-01
[2023-02-08 13:05:36] [Epoch   152/  200] trn/loss 2.475e-02, trn/lr 1.382e-04, val/acc 9.242e-01, val/nll 2.975e-01
[2023-02-08 13:05:44] [Epoch   153/  200] trn/loss 2.770e-02, trn/lr 1.329e-04, val/acc 9.247e-01, val/nll 3.031e-01
[2023-02-08 13:05:51] [Epoch   154/  200] trn/loss 2.350e-02, trn/lr 1.276e-04, val/acc 9.229e-01, val/nll 3.225e-01
[2023-02-08 13:05:58] [Epoch   155/  200] trn/loss 2.445e-02, trn/lr 1.224e-04, val/acc 9.268e-01, val/nll 3.005e-01
[2023-02-08 13:06:05] [Epoch   156/  200] trn/loss 2.244e-02, trn/lr 1.173e-04, val/acc 9.250e-01, val/nll 3.089e-01
[2023-02-08 13:06:14] [Epoch   157/  200] trn/loss 2.208e-02, trn/lr 1.123e-04, val/acc 9.272e-01, val/nll 3.091e-01 (best_acc: 9.268e-01 -> 9.272e-01, test_acc: 9.247e-01, test_nll: 3.142e-01)
[2023-02-08 13:06:21] [Epoch   158/  200] trn/loss 2.066e-02, trn/lr 1.074e-04, val/acc 9.230e-01, val/nll 3.238e-01
[2023-02-08 13:06:28] [Epoch   159/  200] trn/loss 1.824e-02, trn/lr 1.025e-04, val/acc 9.261e-01, val/nll 3.028e-01
[2023-02-08 13:06:35] [Epoch   160/  200] trn/loss 1.893e-02, trn/lr 9.783e-05, val/acc 9.270e-01, val/nll 3.054e-01
[2023-02-08 13:06:44] [Epoch   161/  200] trn/loss 1.825e-02, trn/lr 9.321e-05, val/acc 9.284e-01, val/nll 3.030e-01 (best_acc: 9.272e-01 -> 9.284e-01, test_acc: 9.242e-01, test_nll: 3.105e-01)
[2023-02-08 13:06:51] [Epoch   162/  200] trn/loss 1.709e-02, trn/lr 8.870e-05, val/acc 9.259e-01, val/nll 3.069e-01
[2023-02-08 13:06:59] [Epoch   163/  200] trn/loss 1.703e-02, trn/lr 8.428e-05, val/acc 9.289e-01, val/nll 3.012e-01 (best_acc: 9.284e-01 -> 9.289e-01, test_acc: 9.226e-01, test_nll: 3.175e-01)
[2023-02-08 13:07:06] [Epoch   164/  200] trn/loss 1.577e-02, trn/lr 7.997e-05, val/acc 9.260e-01, val/nll 3.100e-01
[2023-02-08 13:07:15] [Epoch   165/  200] trn/loss 1.474e-02, trn/lr 7.576e-05, val/acc 9.296e-01, val/nll 2.905e-01 (best_acc: 9.289e-01 -> 9.296e-01, test_acc: 9.250e-01, test_nll: 3.115e-01)
[2023-02-08 13:07:22] [Epoch   166/  200] trn/loss 1.349e-02, trn/lr 7.166e-05, val/acc 9.288e-01, val/nll 3.002e-01
[2023-02-08 13:07:30] [Epoch   167/  200] trn/loss 1.199e-02, trn/lr 6.766e-05, val/acc 9.306e-01, val/nll 2.943e-01 (best_acc: 9.296e-01 -> 9.306e-01, test_acc: 9.288e-01, test_nll: 3.066e-01)
[2023-02-08 13:07:38] [Epoch   168/  200] trn/loss 1.234e-02, trn/lr 6.377e-05, val/acc 9.301e-01, val/nll 2.938e-01
[2023-02-08 13:07:45] [Epoch   169/  200] trn/loss 1.232e-02, trn/lr 5.998e-05, val/acc 9.284e-01, val/nll 3.048e-01
[2023-02-08 13:07:52] [Epoch   170/  200] trn/loss 1.345e-02, trn/lr 5.631e-05, val/acc 9.298e-01, val/nll 2.904e-01
[2023-02-08 13:08:00] [Epoch   171/  200] trn/loss 1.051e-02, trn/lr 5.274e-05, val/acc 9.325e-01, val/nll 2.888e-01 (best_acc: 9.306e-01 -> 9.325e-01, test_acc: 9.288e-01, test_nll: 3.111e-01)
[2023-02-08 13:08:08] [Epoch   172/  200] trn/loss 1.087e-02, trn/lr 4.929e-05, val/acc 9.282e-01, val/nll 2.976e-01
[2023-02-08 13:08:15] [Epoch   173/  200] trn/loss 1.023e-02, trn/lr 4.594e-05, val/acc 9.314e-01, val/nll 2.873e-01
[2023-02-08 13:08:22] [Epoch   174/  200] trn/loss 1.102e-02, trn/lr 4.271e-05, val/acc 9.298e-01, val/nll 2.926e-01
[2023-02-08 13:08:30] [Epoch   175/  200] trn/loss 9.885e-03, trn/lr 3.959e-05, val/acc 9.326e-01, val/nll 2.871e-01 (best_acc: 9.325e-01 -> 9.326e-01, test_acc: 9.287e-01, test_nll: 3.010e-01)
[2023-02-08 13:08:38] [Epoch   176/  200] trn/loss 9.533e-03, trn/lr 3.659e-05, val/acc 9.314e-01, val/nll 2.862e-01
[2023-02-08 13:08:45] [Epoch   177/  200] trn/loss 8.982e-03, trn/lr 3.369e-05, val/acc 9.306e-01, val/nll 2.893e-01
[2023-02-08 13:08:52] [Epoch   178/  200] trn/loss 8.643e-03, trn/lr 3.092e-05, val/acc 9.314e-01, val/nll 2.856e-01
[2023-02-08 13:08:59] [Epoch   179/  200] trn/loss 8.606e-03, trn/lr 2.826e-05, val/acc 9.314e-01, val/nll 2.896e-01
[2023-02-08 13:09:06] [Epoch   180/  200] trn/loss 8.526e-03, trn/lr 2.571e-05, val/acc 9.324e-01, val/nll 2.872e-01
[2023-02-08 13:09:14] [Epoch   181/  200] trn/loss 8.099e-03, trn/lr 2.329e-05, val/acc 9.303e-01, val/nll 2.945e-01
[2023-02-08 13:09:21] [Epoch   182/  200] trn/loss 7.925e-03, trn/lr 2.098e-05, val/acc 9.298e-01, val/nll 2.881e-01
[2023-02-08 13:09:28] [Epoch   183/  200] trn/loss 7.894e-03, trn/lr 1.878e-05, val/acc 9.295e-01, val/nll 2.903e-01
[2023-02-08 13:09:35] [Epoch   184/  200] trn/loss 7.615e-03, trn/lr 1.671e-05, val/acc 9.300e-01, val/nll 2.903e-01
[2023-02-08 13:09:43] [Epoch   185/  200] trn/loss 7.303e-03, trn/lr 1.476e-05, val/acc 9.311e-01, val/nll 2.882e-01
[2023-02-08 13:09:50] [Epoch   186/  200] trn/loss 7.074e-03, trn/lr 1.292e-05, val/acc 9.300e-01, val/nll 2.874e-01
[2023-02-08 13:09:57] [Epoch   187/  200] trn/loss 6.961e-03, trn/lr 1.121e-05, val/acc 9.315e-01, val/nll 2.839e-01
[2023-02-08 13:10:04] [Epoch   188/  200] trn/loss 6.674e-03, trn/lr 9.617e-06, val/acc 9.320e-01, val/nll 2.830e-01
[2023-02-08 13:10:12] [Epoch   189/  200] trn/loss 6.937e-03, trn/lr 8.145e-06, val/acc 9.313e-01, val/nll 2.850e-01
[2023-02-08 13:10:19] [Epoch   190/  200] trn/loss 7.029e-03, trn/lr 6.794e-06, val/acc 9.316e-01, val/nll 2.838e-01
[2023-02-08 13:10:26] [Epoch   191/  200] trn/loss 6.960e-03, trn/lr 5.565e-06, val/acc 9.325e-01, val/nll 2.806e-01
[2023-02-08 13:10:33] [Epoch   192/  200] trn/loss 6.976e-03, trn/lr 4.458e-06, val/acc 9.324e-01, val/nll 2.816e-01
[2023-02-08 13:10:40] [Epoch   193/  200] trn/loss 6.775e-03, trn/lr 3.474e-06, val/acc 9.325e-01, val/nll 2.806e-01
[2023-02-08 13:10:49] [Epoch   194/  200] trn/loss 6.967e-03, trn/lr 2.612e-06, val/acc 9.333e-01, val/nll 2.807e-01 (best_acc: 9.326e-01 -> 9.333e-01, test_acc: 9.311e-01, test_nll: 2.923e-01)
[2023-02-08 13:10:56] [Epoch   195/  200] trn/loss 6.263e-03, trn/lr 1.872e-06, val/acc 9.326e-01, val/nll 2.819e-01
[2023-02-08 13:11:03] [Epoch   196/  200] trn/loss 6.381e-03, trn/lr 1.255e-06, val/acc 9.332e-01, val/nll 2.808e-01
[2023-02-08 13:11:10] [Epoch   197/  200] trn/loss 6.508e-03, trn/lr 7.619e-07, val/acc 9.324e-01, val/nll 2.820e-01
[2023-02-08 13:11:17] [Epoch   198/  200] trn/loss 6.580e-03, trn/lr 3.916e-07, val/acc 9.322e-01, val/nll 2.804e-01
[2023-02-08 13:11:25] [Epoch   199/  200] trn/loss 6.345e-03, trn/lr 1.445e-07, val/acc 9.317e-01, val/nll 2.811e-01
[2023-02-08 13:11:32] [Epoch   200/  200] trn/loss 6.184e-03, trn/lr 2.075e-08, val/acc 9.316e-01, val/nll 2.814e-01
