[2023-02-15 15:42:47] Environments:
------------  --------------------------------------------------------------------------------
sys.platform  linux
Python        3.10.8 (main, Nov 24 2022, 14:13:03) [GCC 11.2.0]
JAX           0.4.1 @/mnt/home/giung/.conda/envs/jax-vessl/lib/python3.10/site-packages/jax
jaxlib        0.4.1 @/mnt/home/giung/.conda/envs/jax-vessl/lib/python3.10/site-packages/jaxlib
Flax          0.6.3 @/mnt/home/giung/.conda/envs/jax-vessl/lib/python3.10/site-packages/flax
Optax         0.1.4 @/mnt/home/giung/.conda/envs/jax-vessl/lib/python3.10/site-packages/optax
------------  --------------------------------------------------------------------------------

[2023-02-15 15:42:47] Command line arguments:
- args.data_root           : ./data/
- args.data_name           : CIFAR10_x32
- args.data_augmentation   : standard
- args.data_proportional   : 1.0
- args.model_depth         : 20
- args.model_width         : 1
- args.model_style         : BN-ReLU
- args.optim_bs            : 256
- args.optim_ne            : 500
- args.optim_lr            : 0.3
- args.optim_momentum      : 0.9
- args.optim_weight_decay  : 0.001
- args.ensemble_size       : 4
- args.stddev              : 0.01
- args.kl_annealing_factor : 1.0
- args.kl_annealing_epochs : 0.75
- args.save                : /mnt/home/giung/giung2-dev/projects/bnn-vi/save/CIFAR10_x32/R20x1-BN-ReLU/NormalRankOneBNN/bs-0256_ne-0500_lr-0.30_mo-0.90_wd-0.0010_ens-4_std-0.0100_fp32/42
- args.seed                : 42
- args.precision           : fp32

[2023-02-15 15:43:29] [Epoch     1/  500] trn/loss 1.817e+00, trn/kl 5.345e+04, trn/lr 3.000e-01, trn/kl_scale 3.235e-08, val/acc 3.542e-01, val/nll 1.682e+00 (best_acc: 0.000e+00 -> 3.542e-01, test_acc: 3.448e-01, test_nll: 1.688e+00)
[2023-02-15 15:43:37] [Epoch     2/  500] trn/loss 1.429e+00, trn/kl 3.441e+05, trn/lr 3.000e-01, trn/kl_scale 9.745e-08, val/acc 4.038e-01, val/nll 1.620e+00 (best_acc: 3.542e-01 -> 4.038e-01, test_acc: 3.968e-01, test_nll: 1.639e+00)
[2023-02-15 15:43:44] [Epoch     3/  500] trn/loss 1.389e+00, trn/kl 1.547e+06, trn/lr 3.000e-01, trn/kl_scale 1.626e-07, val/acc 3.888e-01, val/nll 1.754e+00
[2023-02-15 15:43:52] [Epoch     4/  500] trn/loss 1.539e+00, trn/kl 3.442e+06, trn/lr 3.000e-01, trn/kl_scale 2.277e-07, val/acc 4.825e-01, val/nll 1.396e+00 (best_acc: 4.038e-01 -> 4.825e-01, test_acc: 4.852e-01, test_nll: 1.404e+00)
[2023-02-15 15:43:59] [Epoch     5/  500] trn/loss 1.624e+00, trn/kl 4.915e+06, trn/lr 2.999e-01, trn/kl_scale 2.928e-07, val/acc 3.705e-01, val/nll 1.882e+00
[2023-02-15 15:44:06] [Epoch     6/  500] trn/loss 1.675e+00, trn/kl 5.506e+06, trn/lr 2.999e-01, trn/kl_scale 3.579e-07, val/acc 4.326e-01, val/nll 1.567e+00
[2023-02-15 15:44:14] [Epoch     7/  500] trn/loss 1.666e+00, trn/kl 5.487e+06, trn/lr 2.999e-01, trn/kl_scale 4.230e-07, val/acc 5.111e-01, val/nll 1.413e+00 (best_acc: 4.825e-01 -> 5.111e-01, test_acc: 5.008e-01, test_nll: 1.417e+00)
[2023-02-15 15:44:21] [Epoch     8/  500] trn/loss 1.623e+00, trn/kl 5.215e+06, trn/lr 2.998e-01, trn/kl_scale 4.881e-07, val/acc 4.559e-01, val/nll 1.523e+00
[2023-02-15 15:44:28] [Epoch     9/  500] trn/loss 1.573e+00, trn/kl 4.884e+06, trn/lr 2.998e-01, trn/kl_scale 5.532e-07, val/acc 5.115e-01, val/nll 1.366e+00 (best_acc: 5.111e-01 -> 5.115e-01, test_acc: 4.989e-01, test_nll: 1.378e+00)
[2023-02-15 15:44:36] [Epoch    10/  500] trn/loss 1.536e+00, trn/kl 4.570e+06, trn/lr 2.997e-01, trn/kl_scale 6.183e-07, val/acc 4.726e-01, val/nll 1.439e+00
[2023-02-15 15:44:43] [Epoch    11/  500] trn/loss 1.513e+00, trn/kl 4.286e+06, trn/lr 2.997e-01, trn/kl_scale 6.834e-07, val/acc 5.455e-01, val/nll 1.273e+00 (best_acc: 5.115e-01 -> 5.455e-01, test_acc: 5.401e-01, test_nll: 1.282e+00)
[2023-02-15 15:44:50] [Epoch    12/  500] trn/loss 1.494e+00, trn/kl 4.037e+06, trn/lr 2.996e-01, trn/kl_scale 7.485e-07, val/acc 5.233e-01, val/nll 1.328e+00
[2023-02-15 15:44:57] [Epoch    13/  500] trn/loss 1.450e+00, trn/kl 3.816e+06, trn/lr 2.995e-01, trn/kl_scale 8.136e-07, val/acc 5.396e-01, val/nll 1.255e+00
[2023-02-15 15:45:05] [Epoch    14/  500] trn/loss 1.426e+00, trn/kl 3.624e+06, trn/lr 2.995e-01, trn/kl_scale 8.787e-07, val/acc 5.284e-01, val/nll 1.258e+00
[2023-02-15 15:45:12] [Epoch    15/  500] trn/loss 1.395e+00, trn/kl 3.455e+06, trn/lr 2.994e-01, trn/kl_scale 9.438e-07, val/acc 5.398e-01, val/nll 1.237e+00
[2023-02-15 15:45:19] [Epoch    16/  500] trn/loss 1.369e+00, trn/kl 3.300e+06, trn/lr 2.993e-01, trn/kl_scale 1.009e-06, val/acc 3.480e-01, val/nll 2.340e+00
[2023-02-15 15:45:26] [Epoch    17/  500] trn/loss 1.326e+00, trn/kl 3.161e+06, trn/lr 2.992e-01, trn/kl_scale 1.074e-06, val/acc 4.794e-01, val/nll 1.585e+00
[2023-02-15 15:45:33] [Epoch    18/  500] trn/loss 1.315e+00, trn/kl 3.036e+06, trn/lr 2.991e-01, trn/kl_scale 1.139e-06, val/acc 4.834e-01, val/nll 1.556e+00
[2023-02-15 15:45:40] [Epoch    19/  500] trn/loss 1.281e+00, trn/kl 2.921e+06, trn/lr 2.990e-01, trn/kl_scale 1.204e-06, val/acc 4.282e-01, val/nll 1.955e+00
[2023-02-15 15:45:48] [Epoch    20/  500] trn/loss 1.262e+00, trn/kl 2.817e+06, trn/lr 2.989e-01, trn/kl_scale 1.269e-06, val/acc 6.002e-01, val/nll 1.157e+00 (best_acc: 5.455e-01 -> 6.002e-01, test_acc: 5.968e-01, test_nll: 1.168e+00)
[2023-02-15 15:45:55] [Epoch    21/  500] trn/loss 1.229e+00, trn/kl 2.719e+06, trn/lr 2.988e-01, trn/kl_scale 1.334e-06, val/acc 5.313e-01, val/nll 1.292e+00
[2023-02-15 15:46:02] [Epoch    22/  500] trn/loss 1.234e+00, trn/kl 2.631e+06, trn/lr 2.986e-01, trn/kl_scale 1.400e-06, val/acc 6.294e-01, val/nll 1.061e+00 (best_acc: 6.002e-01 -> 6.294e-01, test_acc: 6.391e-01, test_nll: 1.069e+00)
[2023-02-15 15:46:10] [Epoch    23/  500] trn/loss 1.212e+00, trn/kl 2.549e+06, trn/lr 2.985e-01, trn/kl_scale 1.465e-06, val/acc 5.645e-01, val/nll 1.225e+00
[2023-02-15 15:46:17] [Epoch    24/  500] trn/loss 1.189e+00, trn/kl 2.471e+06, trn/lr 2.984e-01, trn/kl_scale 1.530e-06, val/acc 5.691e-01, val/nll 1.274e+00
[2023-02-15 15:46:24] [Epoch    25/  500] trn/loss 1.151e+00, trn/kl 2.398e+06, trn/lr 2.982e-01, trn/kl_scale 1.595e-06, val/acc 6.183e-01, val/nll 1.096e+00
[2023-02-15 15:46:31] [Epoch    26/  500] trn/loss 1.136e+00, trn/kl 2.332e+06, trn/lr 2.981e-01, trn/kl_scale 1.660e-06, val/acc 5.413e-01, val/nll 1.350e+00
[2023-02-15 15:46:38] [Epoch    27/  500] trn/loss 1.126e+00, trn/kl 2.270e+06, trn/lr 2.979e-01, trn/kl_scale 1.725e-06, val/acc 6.269e-01, val/nll 1.123e+00
[2023-02-15 15:46:45] [Epoch    28/  500] trn/loss 1.111e+00, trn/kl 2.209e+06, trn/lr 2.978e-01, trn/kl_scale 1.790e-06, val/acc 4.941e-01, val/nll 1.490e+00
[2023-02-15 15:46:53] [Epoch    29/  500] trn/loss 1.102e+00, trn/kl 2.154e+06, trn/lr 2.976e-01, trn/kl_scale 1.855e-06, val/acc 6.607e-01, val/nll 9.718e-01 (best_acc: 6.294e-01 -> 6.607e-01, test_acc: 6.487e-01, test_nll: 9.969e-01)
[2023-02-15 15:47:00] [Epoch    30/  500] trn/loss 1.086e+00, trn/kl 2.101e+06, trn/lr 2.974e-01, trn/kl_scale 1.920e-06, val/acc 6.610e-01, val/nll 9.521e-01 (best_acc: 6.607e-01 -> 6.610e-01, test_acc: 6.591e-01, test_nll: 9.679e-01)
[2023-02-15 15:47:07] [Epoch    31/  500] trn/loss 1.068e+00, trn/kl 2.051e+06, trn/lr 2.973e-01, trn/kl_scale 1.985e-06, val/acc 6.100e-01, val/nll 1.116e+00
[2023-02-15 15:47:15] [Epoch    32/  500] trn/loss 1.055e+00, trn/kl 2.004e+06, trn/lr 2.971e-01, trn/kl_scale 2.051e-06, val/acc 6.907e-01, val/nll 8.876e-01 (best_acc: 6.610e-01 -> 6.907e-01, test_acc: 6.942e-01, test_nll: 8.925e-01)
[2023-02-15 15:47:22] [Epoch    33/  500] trn/loss 1.059e+00, trn/kl 1.960e+06, trn/lr 2.969e-01, trn/kl_scale 2.116e-06, val/acc 6.853e-01, val/nll 8.911e-01
[2023-02-15 15:47:29] [Epoch    34/  500] trn/loss 1.032e+00, trn/kl 1.917e+06, trn/lr 2.967e-01, trn/kl_scale 2.181e-06, val/acc 5.576e-01, val/nll 1.380e+00
[2023-02-15 15:47:36] [Epoch    35/  500] trn/loss 1.042e+00, trn/kl 1.877e+06, trn/lr 2.965e-01, trn/kl_scale 2.246e-06, val/acc 5.504e-01, val/nll 1.388e+00
[2023-02-15 15:47:43] [Epoch    36/  500] trn/loss 1.033e+00, trn/kl 1.838e+06, trn/lr 2.963e-01, trn/kl_scale 2.311e-06, val/acc 5.980e-01, val/nll 1.174e+00
[2023-02-15 15:47:50] [Epoch    37/  500] trn/loss 1.020e+00, trn/kl 1.803e+06, trn/lr 2.961e-01, trn/kl_scale 2.376e-06, val/acc 5.393e-01, val/nll 1.412e+00
[2023-02-15 15:47:58] [Epoch    38/  500] trn/loss 1.018e+00, trn/kl 1.767e+06, trn/lr 2.959e-01, trn/kl_scale 2.441e-06, val/acc 6.740e-01, val/nll 9.653e-01
[2023-02-15 15:48:05] [Epoch    39/  500] trn/loss 9.885e-01, trn/kl 1.733e+06, trn/lr 2.956e-01, trn/kl_scale 2.506e-06, val/acc 6.225e-01, val/nll 1.115e+00
[2023-02-15 15:48:12] [Epoch    40/  500] trn/loss 1.013e+00, trn/kl 1.701e+06, trn/lr 2.954e-01, trn/kl_scale 2.571e-06, val/acc 5.623e-01, val/nll 1.246e+00
[2023-02-15 15:48:19] [Epoch    41/  500] trn/loss 1.005e+00, trn/kl 1.669e+06, trn/lr 2.952e-01, trn/kl_scale 2.637e-06, val/acc 7.176e-01, val/nll 8.353e-01 (best_acc: 6.907e-01 -> 7.176e-01, test_acc: 7.178e-01, test_nll: 8.380e-01)
[2023-02-15 15:48:27] [Epoch    42/  500] trn/loss 9.799e-01, trn/kl 1.641e+06, trn/lr 2.949e-01, trn/kl_scale 2.702e-06, val/acc 6.698e-01, val/nll 9.450e-01
[2023-02-15 15:48:34] [Epoch    43/  500] trn/loss 9.702e-01, trn/kl 1.612e+06, trn/lr 2.947e-01, trn/kl_scale 2.767e-06, val/acc 5.664e-01, val/nll 1.333e+00
[2023-02-15 15:48:41] [Epoch    44/  500] trn/loss 9.869e-01, trn/kl 1.584e+06, trn/lr 2.944e-01, trn/kl_scale 2.832e-06, val/acc 7.020e-01, val/nll 8.403e-01
[2023-02-15 15:48:48] [Epoch    45/  500] trn/loss 9.768e-01, trn/kl 1.559e+06, trn/lr 2.942e-01, trn/kl_scale 2.897e-06, val/acc 6.803e-01, val/nll 9.259e-01
[2023-02-15 15:48:55] [Epoch    46/  500] trn/loss 9.706e-01, trn/kl 1.533e+06, trn/lr 2.939e-01, trn/kl_scale 2.962e-06, val/acc 6.525e-01, val/nll 9.907e-01
[2023-02-15 15:49:02] [Epoch    47/  500] trn/loss 9.653e-01, trn/kl 1.508e+06, trn/lr 2.936e-01, trn/kl_scale 3.027e-06, val/acc 6.691e-01, val/nll 9.525e-01
[2023-02-15 15:49:09] [Epoch    48/  500] trn/loss 9.626e-01, trn/kl 1.486e+06, trn/lr 2.934e-01, trn/kl_scale 3.092e-06, val/acc 6.565e-01, val/nll 9.969e-01
[2023-02-15 15:49:16] [Epoch    49/  500] trn/loss 9.494e-01, trn/kl 1.462e+06, trn/lr 2.931e-01, trn/kl_scale 3.157e-06, val/acc 6.219e-01, val/nll 1.111e+00
[2023-02-15 15:49:23] [Epoch    50/  500] trn/loss 9.477e-01, trn/kl 1.441e+06, trn/lr 2.928e-01, trn/kl_scale 3.222e-06, val/acc 6.680e-01, val/nll 9.369e-01
[2023-02-15 15:49:30] [Epoch    51/  500] trn/loss 9.397e-01, trn/kl 1.420e+06, trn/lr 2.925e-01, trn/kl_scale 3.288e-06, val/acc 6.314e-01, val/nll 1.087e+00
[2023-02-15 15:49:38] [Epoch    52/  500] trn/loss 9.361e-01, trn/kl 1.399e+06, trn/lr 2.922e-01, trn/kl_scale 3.353e-06, val/acc 4.679e-01, val/nll 2.052e+00
[2023-02-15 15:49:45] [Epoch    53/  500] trn/loss 9.297e-01, trn/kl 1.379e+06, trn/lr 2.919e-01, trn/kl_scale 3.418e-06, val/acc 6.021e-01, val/nll 1.291e+00
[2023-02-15 15:49:52] [Epoch    54/  500] trn/loss 9.263e-01, trn/kl 1.359e+06, trn/lr 2.916e-01, trn/kl_scale 3.483e-06, val/acc 5.972e-01, val/nll 1.240e+00
[2023-02-15 15:49:59] [Epoch    55/  500] trn/loss 9.216e-01, trn/kl 1.341e+06, trn/lr 2.913e-01, trn/kl_scale 3.548e-06, val/acc 6.747e-01, val/nll 9.536e-01
[2023-02-15 15:50:06] [Epoch    56/  500] trn/loss 9.259e-01, trn/kl 1.322e+06, trn/lr 2.910e-01, trn/kl_scale 3.613e-06, val/acc 6.694e-01, val/nll 9.564e-01
[2023-02-15 15:50:13] [Epoch    57/  500] trn/loss 9.184e-01, trn/kl 1.305e+06, trn/lr 2.906e-01, trn/kl_scale 3.678e-06, val/acc 6.820e-01, val/nll 9.494e-01
[2023-02-15 15:50:20] [Epoch    58/  500] trn/loss 9.123e-01, trn/kl 1.288e+06, trn/lr 2.903e-01, trn/kl_scale 3.743e-06, val/acc 7.037e-01, val/nll 8.939e-01
[2023-02-15 15:50:27] [Epoch    59/  500] trn/loss 9.116e-01, trn/kl 1.271e+06, trn/lr 2.900e-01, trn/kl_scale 3.808e-06, val/acc 5.726e-01, val/nll 1.409e+00
[2023-02-15 15:50:34] [Epoch    60/  500] trn/loss 9.004e-01, trn/kl 1.255e+06, trn/lr 2.896e-01, trn/kl_scale 3.873e-06, val/acc 6.366e-01, val/nll 1.064e+00
[2023-02-15 15:50:42] [Epoch    61/  500] trn/loss 9.010e-01, trn/kl 1.239e+06, trn/lr 2.893e-01, trn/kl_scale 3.939e-06, val/acc 6.581e-01, val/nll 1.068e+00
[2023-02-15 15:50:49] [Epoch    62/  500] trn/loss 9.169e-01, trn/kl 1.223e+06, trn/lr 2.889e-01, trn/kl_scale 4.004e-06, val/acc 6.951e-01, val/nll 8.950e-01
[2023-02-15 15:50:56] [Epoch    63/  500] trn/loss 9.114e-01, trn/kl 1.209e+06, trn/lr 2.886e-01, trn/kl_scale 4.069e-06, val/acc 7.252e-01, val/nll 8.012e-01 (best_acc: 7.176e-01 -> 7.252e-01, test_acc: 7.228e-01, test_nll: 8.100e-01)
[2023-02-15 15:51:03] [Epoch    64/  500] trn/loss 9.016e-01, trn/kl 1.194e+06, trn/lr 2.882e-01, trn/kl_scale 4.134e-06, val/acc 6.873e-01, val/nll 8.963e-01
[2023-02-15 15:51:10] [Epoch    65/  500] trn/loss 8.885e-01, trn/kl 1.181e+06, trn/lr 2.879e-01, trn/kl_scale 4.199e-06, val/acc 4.333e-01, val/nll 2.229e+00
[2023-02-15 15:51:17] [Epoch    66/  500] trn/loss 8.969e-01, trn/kl 1.166e+06, trn/lr 2.875e-01, trn/kl_scale 4.264e-06, val/acc 6.977e-01, val/nll 8.800e-01
[2023-02-15 15:51:25] [Epoch    67/  500] trn/loss 8.942e-01, trn/kl 1.153e+06, trn/lr 2.871e-01, trn/kl_scale 4.329e-06, val/acc 6.319e-01, val/nll 1.077e+00
[2023-02-15 15:51:32] [Epoch    68/  500] trn/loss 8.741e-01, trn/kl 1.140e+06, trn/lr 2.867e-01, trn/kl_scale 4.394e-06, val/acc 5.982e-01, val/nll 1.210e+00
[2023-02-15 15:51:39] [Epoch    69/  500] trn/loss 8.776e-01, trn/kl 1.127e+06, trn/lr 2.863e-01, trn/kl_scale 4.459e-06, val/acc 6.267e-01, val/nll 1.136e+00
[2023-02-15 15:51:46] [Epoch    70/  500] trn/loss 8.823e-01, trn/kl 1.115e+06, trn/lr 2.859e-01, trn/kl_scale 4.525e-06, val/acc 6.726e-01, val/nll 9.679e-01
[2023-02-15 15:51:53] [Epoch    71/  500] trn/loss 8.776e-01, trn/kl 1.103e+06, trn/lr 2.855e-01, trn/kl_scale 4.590e-06, val/acc 6.532e-01, val/nll 1.018e+00
[2023-02-15 15:52:00] [Epoch    72/  500] trn/loss 8.789e-01, trn/kl 1.091e+06, trn/lr 2.851e-01, trn/kl_scale 4.655e-06, val/acc 6.407e-01, val/nll 1.093e+00
[2023-02-15 15:52:07] [Epoch    73/  500] trn/loss 8.812e-01, trn/kl 1.079e+06, trn/lr 2.847e-01, trn/kl_scale 4.720e-06, val/acc 6.287e-01, val/nll 1.123e+00
[2023-02-15 15:52:14] [Epoch    74/  500] trn/loss 8.693e-01, trn/kl 1.068e+06, trn/lr 2.843e-01, trn/kl_scale 4.785e-06, val/acc 7.032e-01, val/nll 8.675e-01
[2023-02-15 15:52:21] [Epoch    75/  500] trn/loss 8.670e-01, trn/kl 1.057e+06, trn/lr 2.839e-01, trn/kl_scale 4.850e-06, val/acc 6.981e-01, val/nll 8.911e-01
[2023-02-15 15:52:29] [Epoch    76/  500] trn/loss 8.599e-01, trn/kl 1.046e+06, trn/lr 2.834e-01, trn/kl_scale 4.915e-06, val/acc 5.928e-01, val/nll 1.356e+00
[2023-02-15 15:52:36] [Epoch    77/  500] trn/loss 8.552e-01, trn/kl 1.035e+06, trn/lr 2.830e-01, trn/kl_scale 4.980e-06, val/acc 6.538e-01, val/nll 1.051e+00
[2023-02-15 15:52:43] [Epoch    78/  500] trn/loss 8.544e-01, trn/kl 1.025e+06, trn/lr 2.826e-01, trn/kl_scale 5.045e-06, val/acc 6.508e-01, val/nll 1.047e+00
[2023-02-15 15:52:50] [Epoch    79/  500] trn/loss 8.586e-01, trn/kl 1.015e+06, trn/lr 2.821e-01, trn/kl_scale 5.110e-06, val/acc 6.067e-01, val/nll 1.303e+00
[2023-02-15 15:52:57] [Epoch    80/  500] trn/loss 8.437e-01, trn/kl 1.005e+06, trn/lr 2.817e-01, trn/kl_scale 5.176e-06, val/acc 5.398e-01, val/nll 1.574e+00
[2023-02-15 15:53:04] [Epoch    81/  500] trn/loss 8.530e-01, trn/kl 9.954e+05, trn/lr 2.812e-01, trn/kl_scale 5.241e-06, val/acc 5.881e-01, val/nll 1.361e+00
[2023-02-15 15:53:11] [Epoch    82/  500] trn/loss 8.575e-01, trn/kl 9.858e+05, trn/lr 2.808e-01, trn/kl_scale 5.306e-06, val/acc 6.879e-01, val/nll 8.840e-01
[2023-02-15 15:53:18] [Epoch    83/  500] trn/loss 8.362e-01, trn/kl 9.762e+05, trn/lr 2.803e-01, trn/kl_scale 5.371e-06, val/acc 6.639e-01, val/nll 1.011e+00
[2023-02-15 15:53:25] [Epoch    84/  500] trn/loss 8.528e-01, trn/kl 9.674e+05, trn/lr 2.798e-01, trn/kl_scale 5.436e-06, val/acc 7.153e-01, val/nll 8.282e-01
[2023-02-15 15:53:32] [Epoch    85/  500] trn/loss 8.380e-01, trn/kl 9.583e+05, trn/lr 2.794e-01, trn/kl_scale 5.501e-06, val/acc 6.279e-01, val/nll 1.110e+00
[2023-02-15 15:53:39] [Epoch    86/  500] trn/loss 8.493e-01, trn/kl 9.498e+05, trn/lr 2.789e-01, trn/kl_scale 5.566e-06, val/acc 7.232e-01, val/nll 8.075e-01
[2023-02-15 15:53:47] [Epoch    87/  500] trn/loss 8.335e-01, trn/kl 9.412e+05, trn/lr 2.784e-01, trn/kl_scale 5.631e-06, val/acc 6.789e-01, val/nll 9.472e-01
[2023-02-15 15:53:54] [Epoch    88/  500] trn/loss 8.408e-01, trn/kl 9.328e+05, trn/lr 2.779e-01, trn/kl_scale 5.696e-06, val/acc 7.413e-01, val/nll 7.624e-01 (best_acc: 7.252e-01 -> 7.413e-01, test_acc: 7.429e-01, test_nll: 7.655e-01)
[2023-02-15 15:54:01] [Epoch    89/  500] trn/loss 8.301e-01, trn/kl 9.246e+05, trn/lr 2.774e-01, trn/kl_scale 5.762e-06, val/acc 6.883e-01, val/nll 9.631e-01
[2023-02-15 15:54:08] [Epoch    90/  500] trn/loss 8.333e-01, trn/kl 9.165e+05, trn/lr 2.769e-01, trn/kl_scale 5.827e-06, val/acc 6.121e-01, val/nll 1.188e+00
[2023-02-15 15:54:15] [Epoch    91/  500] trn/loss 8.242e-01, trn/kl 9.086e+05, trn/lr 2.764e-01, trn/kl_scale 5.892e-06, val/acc 6.946e-01, val/nll 8.590e-01
[2023-02-15 15:54:22] [Epoch    92/  500] trn/loss 8.387e-01, trn/kl 9.011e+05, trn/lr 2.759e-01, trn/kl_scale 5.957e-06, val/acc 7.079e-01, val/nll 8.645e-01
[2023-02-15 15:54:30] [Epoch    93/  500] trn/loss 8.322e-01, trn/kl 8.931e+05, trn/lr 2.754e-01, trn/kl_scale 6.022e-06, val/acc 6.866e-01, val/nll 9.046e-01
[2023-02-15 15:54:37] [Epoch    94/  500] trn/loss 8.176e-01, trn/kl 8.859e+05, trn/lr 2.749e-01, trn/kl_scale 6.087e-06, val/acc 6.544e-01, val/nll 1.123e+00
[2023-02-15 15:54:44] [Epoch    95/  500] trn/loss 8.291e-01, trn/kl 8.785e+05, trn/lr 2.743e-01, trn/kl_scale 6.152e-06, val/acc 6.942e-01, val/nll 8.912e-01
[2023-02-15 15:54:51] [Epoch    96/  500] trn/loss 8.269e-01, trn/kl 8.711e+05, trn/lr 2.738e-01, trn/kl_scale 6.217e-06, val/acc 6.410e-01, val/nll 1.077e+00
[2023-02-15 15:54:58] [Epoch    97/  500] trn/loss 8.201e-01, trn/kl 8.641e+05, trn/lr 2.733e-01, trn/kl_scale 6.282e-06, val/acc 6.744e-01, val/nll 1.007e+00
[2023-02-15 15:55:05] [Epoch    98/  500] trn/loss 8.108e-01, trn/kl 8.571e+05, trn/lr 2.727e-01, trn/kl_scale 6.347e-06, val/acc 6.845e-01, val/nll 9.351e-01
[2023-02-15 15:55:12] [Epoch    99/  500] trn/loss 8.208e-01, trn/kl 8.503e+05, trn/lr 2.722e-01, trn/kl_scale 6.413e-06, val/acc 7.194e-01, val/nll 8.174e-01
[2023-02-15 15:55:19] [Epoch   100/  500] trn/loss 8.100e-01, trn/kl 8.433e+05, trn/lr 2.716e-01, trn/kl_scale 6.478e-06, val/acc 6.778e-01, val/nll 9.496e-01
[2023-02-15 15:55:26] [Epoch   101/  500] trn/loss 8.216e-01, trn/kl 8.370e+05, trn/lr 2.711e-01, trn/kl_scale 6.543e-06, val/acc 6.296e-01, val/nll 1.217e+00
[2023-02-15 15:55:33] [Epoch   102/  500] trn/loss 8.160e-01, trn/kl 8.304e+05, trn/lr 2.705e-01, trn/kl_scale 6.608e-06, val/acc 7.053e-01, val/nll 8.680e-01
[2023-02-15 15:55:41] [Epoch   103/  500] trn/loss 8.123e-01, trn/kl 8.242e+05, trn/lr 2.700e-01, trn/kl_scale 6.673e-06, val/acc 7.077e-01, val/nll 8.501e-01
[2023-02-15 15:55:48] [Epoch   104/  500] trn/loss 8.134e-01, trn/kl 8.179e+05, trn/lr 2.694e-01, trn/kl_scale 6.738e-06, val/acc 7.194e-01, val/nll 8.215e-01
[2023-02-15 15:55:55] [Epoch   105/  500] trn/loss 8.008e-01, trn/kl 8.117e+05, trn/lr 2.688e-01, trn/kl_scale 6.803e-06, val/acc 7.107e-01, val/nll 8.847e-01
[2023-02-15 15:56:02] [Epoch   106/  500] trn/loss 8.072e-01, trn/kl 8.053e+05, trn/lr 2.682e-01, trn/kl_scale 6.868e-06, val/acc 6.910e-01, val/nll 8.915e-01
[2023-02-15 15:56:09] [Epoch   107/  500] trn/loss 8.032e-01, trn/kl 7.994e+05, trn/lr 2.677e-01, trn/kl_scale 6.933e-06, val/acc 7.096e-01, val/nll 8.535e-01
[2023-02-15 15:56:16] [Epoch   108/  500] trn/loss 8.109e-01, trn/kl 7.937e+05, trn/lr 2.671e-01, trn/kl_scale 6.998e-06, val/acc 6.743e-01, val/nll 9.473e-01
[2023-02-15 15:56:23] [Epoch   109/  500] trn/loss 7.978e-01, trn/kl 7.877e+05, trn/lr 2.665e-01, trn/kl_scale 7.064e-06, val/acc 7.090e-01, val/nll 8.504e-01
[2023-02-15 15:56:30] [Epoch   110/  500] trn/loss 7.970e-01, trn/kl 7.820e+05, trn/lr 2.659e-01, trn/kl_scale 7.129e-06, val/acc 5.143e-01, val/nll 1.746e+00
[2023-02-15 15:56:37] [Epoch   111/  500] trn/loss 7.980e-01, trn/kl 7.764e+05, trn/lr 2.653e-01, trn/kl_scale 7.194e-06, val/acc 6.569e-01, val/nll 1.047e+00
[2023-02-15 15:56:44] [Epoch   112/  500] trn/loss 7.961e-01, trn/kl 7.707e+05, trn/lr 2.647e-01, trn/kl_scale 7.259e-06, val/acc 6.092e-01, val/nll 1.290e+00
[2023-02-15 15:56:51] [Epoch   113/  500] trn/loss 7.943e-01, trn/kl 7.655e+05, trn/lr 2.641e-01, trn/kl_scale 7.324e-06, val/acc 6.468e-01, val/nll 1.092e+00
[2023-02-15 15:56:58] [Epoch   114/  500] trn/loss 7.986e-01, trn/kl 7.601e+05, trn/lr 2.634e-01, trn/kl_scale 7.389e-06, val/acc 6.664e-01, val/nll 1.024e+00
[2023-02-15 15:57:06] [Epoch   115/  500] trn/loss 7.935e-01, trn/kl 7.549e+05, trn/lr 2.628e-01, trn/kl_scale 7.454e-06, val/acc 6.493e-01, val/nll 1.001e+00
[2023-02-15 15:57:13] [Epoch   116/  500] trn/loss 7.962e-01, trn/kl 7.497e+05, trn/lr 2.622e-01, trn/kl_scale 7.519e-06, val/acc 6.400e-01, val/nll 1.190e+00
[2023-02-15 15:57:20] [Epoch   117/  500] trn/loss 7.862e-01, trn/kl 7.444e+05, trn/lr 2.616e-01, trn/kl_scale 7.584e-06, val/acc 6.402e-01, val/nll 1.153e+00
[2023-02-15 15:57:27] [Epoch   118/  500] trn/loss 7.851e-01, trn/kl 7.395e+05, trn/lr 2.609e-01, trn/kl_scale 7.650e-06, val/acc 7.220e-01, val/nll 8.123e-01
[2023-02-15 15:57:34] [Epoch   119/  500] trn/loss 7.850e-01, trn/kl 7.346e+05, trn/lr 2.603e-01, trn/kl_scale 7.715e-06, val/acc 6.780e-01, val/nll 1.004e+00
[2023-02-15 15:57:41] [Epoch   120/  500] trn/loss 7.900e-01, trn/kl 7.294e+05, trn/lr 2.597e-01, trn/kl_scale 7.780e-06, val/acc 6.362e-01, val/nll 1.182e+00
[2023-02-15 15:57:48] [Epoch   121/  500] trn/loss 7.818e-01, trn/kl 7.248e+05, trn/lr 2.590e-01, trn/kl_scale 7.845e-06, val/acc 6.872e-01, val/nll 1.001e+00
[2023-02-15 15:57:55] [Epoch   122/  500] trn/loss 7.865e-01, trn/kl 7.198e+05, trn/lr 2.584e-01, trn/kl_scale 7.910e-06, val/acc 6.747e-01, val/nll 1.024e+00
[2023-02-15 15:58:02] [Epoch   123/  500] trn/loss 7.867e-01, trn/kl 7.153e+05, trn/lr 2.577e-01, trn/kl_scale 7.975e-06, val/acc 6.473e-01, val/nll 1.009e+00
[2023-02-15 15:58:09] [Epoch   124/  500] trn/loss 7.806e-01, trn/kl 7.107e+05, trn/lr 2.571e-01, trn/kl_scale 8.040e-06, val/acc 6.299e-01, val/nll 1.142e+00
[2023-02-15 15:58:17] [Epoch   125/  500] trn/loss 7.875e-01, trn/kl 7.060e+05, trn/lr 2.564e-01, trn/kl_scale 8.105e-06, val/acc 7.390e-01, val/nll 7.480e-01
[2023-02-15 15:58:24] [Epoch   126/  500] trn/loss 7.739e-01, trn/kl 7.015e+05, trn/lr 2.557e-01, trn/kl_scale 8.170e-06, val/acc 6.393e-01, val/nll 1.116e+00
[2023-02-15 15:58:31] [Epoch   127/  500] trn/loss 7.718e-01, trn/kl 6.970e+05, trn/lr 2.551e-01, trn/kl_scale 8.235e-06, val/acc 7.134e-01, val/nll 8.488e-01
[2023-02-15 15:58:38] [Epoch   128/  500] trn/loss 7.795e-01, trn/kl 6.926e+05, trn/lr 2.544e-01, trn/kl_scale 8.301e-06, val/acc 6.624e-01, val/nll 1.036e+00
[2023-02-15 15:58:45] [Epoch   129/  500] trn/loss 7.748e-01, trn/kl 6.884e+05, trn/lr 2.537e-01, trn/kl_scale 8.366e-06, val/acc 7.062e-01, val/nll 8.850e-01
[2023-02-15 15:58:52] [Epoch   130/  500] trn/loss 7.712e-01, trn/kl 6.842e+05, trn/lr 2.530e-01, trn/kl_scale 8.431e-06, val/acc 6.689e-01, val/nll 1.003e+00
[2023-02-15 15:58:59] [Epoch   131/  500] trn/loss 7.732e-01, trn/kl 6.801e+05, trn/lr 2.523e-01, trn/kl_scale 8.496e-06, val/acc 6.171e-01, val/nll 1.240e+00
[2023-02-15 15:59:06] [Epoch   132/  500] trn/loss 7.626e-01, trn/kl 6.758e+05, trn/lr 2.516e-01, trn/kl_scale 8.561e-06, val/acc 6.791e-01, val/nll 9.844e-01
[2023-02-15 15:59:13] [Epoch   133/  500] trn/loss 7.660e-01, trn/kl 6.717e+05, trn/lr 2.510e-01, trn/kl_scale 8.626e-06, val/acc 6.968e-01, val/nll 8.715e-01
[2023-02-15 15:59:20] [Epoch   134/  500] trn/loss 7.651e-01, trn/kl 6.677e+05, trn/lr 2.503e-01, trn/kl_scale 8.691e-06, val/acc 6.365e-01, val/nll 1.198e+00
[2023-02-15 15:59:27] [Epoch   135/  500] trn/loss 7.699e-01, trn/kl 6.636e+05, trn/lr 2.496e-01, trn/kl_scale 8.756e-06, val/acc 5.780e-01, val/nll 1.376e+00
[2023-02-15 15:59:35] [Epoch   136/  500] trn/loss 7.636e-01, trn/kl 6.596e+05, trn/lr 2.488e-01, trn/kl_scale 8.821e-06, val/acc 5.494e-01, val/nll 1.628e+00
[2023-02-15 15:59:42] [Epoch   137/  500] trn/loss 7.551e-01, trn/kl 6.559e+05, trn/lr 2.481e-01, trn/kl_scale 8.887e-06, val/acc 7.398e-01, val/nll 7.563e-01
[2023-02-15 15:59:49] [Epoch   138/  500] trn/loss 7.588e-01, trn/kl 6.518e+05, trn/lr 2.474e-01, trn/kl_scale 8.952e-06, val/acc 5.767e-01, val/nll 1.415e+00
[2023-02-15 15:59:56] [Epoch   139/  500] trn/loss 7.619e-01, trn/kl 6.481e+05, trn/lr 2.467e-01, trn/kl_scale 9.017e-06, val/acc 6.925e-01, val/nll 9.693e-01
[2023-02-15 16:00:03] [Epoch   140/  500] trn/loss 7.593e-01, trn/kl 6.442e+05, trn/lr 2.460e-01, trn/kl_scale 9.082e-06, val/acc 6.862e-01, val/nll 9.790e-01
[2023-02-15 16:00:10] [Epoch   141/  500] trn/loss 7.508e-01, trn/kl 6.406e+05, trn/lr 2.453e-01, trn/kl_scale 9.147e-06, val/acc 6.676e-01, val/nll 9.776e-01
[2023-02-15 16:00:17] [Epoch   142/  500] trn/loss 7.524e-01, trn/kl 6.371e+05, trn/lr 2.445e-01, trn/kl_scale 9.212e-06, val/acc 5.402e-01, val/nll 1.598e+00
[2023-02-15 16:00:24] [Epoch   143/  500] trn/loss 7.550e-01, trn/kl 6.333e+05, trn/lr 2.438e-01, trn/kl_scale 9.277e-06, val/acc 5.223e-01, val/nll 1.693e+00
[2023-02-15 16:00:31] [Epoch   144/  500] trn/loss 7.587e-01, trn/kl 6.299e+05, trn/lr 2.431e-01, trn/kl_scale 9.342e-06, val/acc 6.752e-01, val/nll 1.017e+00
[2023-02-15 16:00:38] [Epoch   145/  500] trn/loss 7.587e-01, trn/kl 6.263e+05, trn/lr 2.423e-01, trn/kl_scale 9.407e-06, val/acc 6.865e-01, val/nll 9.213e-01
[2023-02-15 16:00:46] [Epoch   146/  500] trn/loss 7.564e-01, trn/kl 6.228e+05, trn/lr 2.416e-01, trn/kl_scale 9.472e-06, val/acc 7.041e-01, val/nll 9.267e-01
[2023-02-15 16:00:53] [Epoch   147/  500] trn/loss 7.427e-01, trn/kl 6.194e+05, trn/lr 2.408e-01, trn/kl_scale 9.538e-06, val/acc 6.400e-01, val/nll 1.083e+00
[2023-02-15 16:01:00] [Epoch   148/  500] trn/loss 7.448e-01, trn/kl 6.160e+05, trn/lr 2.401e-01, trn/kl_scale 9.603e-06, val/acc 7.051e-01, val/nll 8.998e-01
[2023-02-15 16:01:07] [Epoch   149/  500] trn/loss 7.486e-01, trn/kl 6.126e+05, trn/lr 2.393e-01, trn/kl_scale 9.668e-06, val/acc 7.094e-01, val/nll 8.699e-01
[2023-02-15 16:01:14] [Epoch   150/  500] trn/loss 7.362e-01, trn/kl 6.094e+05, trn/lr 2.386e-01, trn/kl_scale 9.733e-06, val/acc 6.242e-01, val/nll 1.275e+00
[2023-02-15 16:01:21] [Epoch   151/  500] trn/loss 7.434e-01, trn/kl 6.061e+05, trn/lr 2.378e-01, trn/kl_scale 9.798e-06, val/acc 7.154e-01, val/nll 9.064e-01
[2023-02-15 16:01:28] [Epoch   152/  500] trn/loss 7.340e-01, trn/kl 6.028e+05, trn/lr 2.370e-01, trn/kl_scale 9.863e-06, val/acc 6.650e-01, val/nll 1.009e+00
[2023-02-15 16:01:35] [Epoch   153/  500] trn/loss 7.441e-01, trn/kl 5.995e+05, trn/lr 2.363e-01, trn/kl_scale 9.928e-06, val/acc 6.636e-01, val/nll 1.075e+00
[2023-02-15 16:01:42] [Epoch   154/  500] trn/loss 7.378e-01, trn/kl 5.964e+05, trn/lr 2.355e-01, trn/kl_scale 9.993e-06, val/acc 6.587e-01, val/nll 1.048e+00
[2023-02-15 16:01:50] [Epoch   155/  500] trn/loss 7.382e-01, trn/kl 5.932e+05, trn/lr 2.347e-01, trn/kl_scale 1.006e-05, val/acc 6.737e-01, val/nll 9.820e-01
[2023-02-15 16:01:57] [Epoch   156/  500] trn/loss 7.341e-01, trn/kl 5.901e+05, trn/lr 2.339e-01, trn/kl_scale 1.012e-05, val/acc 7.129e-01, val/nll 8.602e-01
[2023-02-15 16:02:04] [Epoch   157/  500] trn/loss 7.380e-01, trn/kl 5.869e+05, trn/lr 2.331e-01, trn/kl_scale 1.019e-05, val/acc 7.012e-01, val/nll 8.748e-01
[2023-02-15 16:02:11] [Epoch   158/  500] trn/loss 7.324e-01, trn/kl 5.840e+05, trn/lr 2.324e-01, trn/kl_scale 1.025e-05, val/acc 7.092e-01, val/nll 8.813e-01
[2023-02-15 16:02:18] [Epoch   159/  500] trn/loss 7.329e-01, trn/kl 5.810e+05, trn/lr 2.316e-01, trn/kl_scale 1.032e-05, val/acc 6.598e-01, val/nll 1.195e+00
[2023-02-15 16:02:25] [Epoch   160/  500] trn/loss 7.357e-01, trn/kl 5.781e+05, trn/lr 2.308e-01, trn/kl_scale 1.038e-05, val/acc 6.730e-01, val/nll 1.029e+00
[2023-02-15 16:02:33] [Epoch   161/  500] trn/loss 7.318e-01, trn/kl 5.753e+05, trn/lr 2.300e-01, trn/kl_scale 1.045e-05, val/acc 7.647e-01, val/nll 6.866e-01 (best_acc: 7.413e-01 -> 7.647e-01, test_acc: 7.612e-01, test_nll: 6.985e-01)
[2023-02-15 16:02:40] [Epoch   162/  500] trn/loss 7.305e-01, trn/kl 5.724e+05, trn/lr 2.292e-01, trn/kl_scale 1.051e-05, val/acc 6.921e-01, val/nll 9.087e-01
[2023-02-15 16:02:47] [Epoch   163/  500] trn/loss 7.296e-01, trn/kl 5.694e+05, trn/lr 2.284e-01, trn/kl_scale 1.058e-05, val/acc 6.404e-01, val/nll 1.162e+00
[2023-02-15 16:02:54] [Epoch   164/  500] trn/loss 7.300e-01, trn/kl 5.666e+05, trn/lr 2.276e-01, trn/kl_scale 1.064e-05, val/acc 6.897e-01, val/nll 9.816e-01
[2023-02-15 16:03:01] [Epoch   165/  500] trn/loss 7.241e-01, trn/kl 5.638e+05, trn/lr 2.268e-01, trn/kl_scale 1.071e-05, val/acc 7.488e-01, val/nll 7.269e-01
[2023-02-15 16:03:09] [Epoch   166/  500] trn/loss 7.227e-01, trn/kl 5.610e+05, trn/lr 2.260e-01, trn/kl_scale 1.077e-05, val/acc 7.689e-01, val/nll 6.794e-01 (best_acc: 7.647e-01 -> 7.689e-01, test_acc: 7.603e-01, test_nll: 7.007e-01)
[2023-02-15 16:03:16] [Epoch   167/  500] trn/loss 7.299e-01, trn/kl 5.583e+05, trn/lr 2.251e-01, trn/kl_scale 1.084e-05, val/acc 6.221e-01, val/nll 1.232e+00
[2023-02-15 16:03:23] [Epoch   168/  500] trn/loss 7.234e-01, trn/kl 5.558e+05, trn/lr 2.243e-01, trn/kl_scale 1.090e-05, val/acc 7.555e-01, val/nll 7.270e-01
[2023-02-15 16:03:30] [Epoch   169/  500] trn/loss 7.174e-01, trn/kl 5.528e+05, trn/lr 2.235e-01, trn/kl_scale 1.097e-05, val/acc 6.017e-01, val/nll 1.383e+00
[2023-02-15 16:03:37] [Epoch   170/  500] trn/loss 7.155e-01, trn/kl 5.502e+05, trn/lr 2.227e-01, trn/kl_scale 1.103e-05, val/acc 7.758e-01, val/nll 6.545e-01 (best_acc: 7.689e-01 -> 7.758e-01, test_acc: 7.781e-01, test_nll: 6.598e-01)
[2023-02-15 16:03:44] [Epoch   171/  500] trn/loss 7.141e-01, trn/kl 5.475e+05, trn/lr 2.219e-01, trn/kl_scale 1.110e-05, val/acc 6.311e-01, val/nll 1.212e+00
[2023-02-15 16:03:51] [Epoch   172/  500] trn/loss 7.188e-01, trn/kl 5.449e+05, trn/lr 2.210e-01, trn/kl_scale 1.117e-05, val/acc 7.251e-01, val/nll 8.251e-01
[2023-02-15 16:03:59] [Epoch   173/  500] trn/loss 7.192e-01, trn/kl 5.423e+05, trn/lr 2.202e-01, trn/kl_scale 1.123e-05, val/acc 7.260e-01, val/nll 8.215e-01
[2023-02-15 16:04:06] [Epoch   174/  500] trn/loss 7.177e-01, trn/kl 5.398e+05, trn/lr 2.194e-01, trn/kl_scale 1.130e-05, val/acc 7.127e-01, val/nll 8.139e-01
[2023-02-15 16:04:13] [Epoch   175/  500] trn/loss 7.085e-01, trn/kl 5.371e+05, trn/lr 2.185e-01, trn/kl_scale 1.136e-05, val/acc 7.405e-01, val/nll 7.935e-01
[2023-02-15 16:04:20] [Epoch   176/  500] trn/loss 7.096e-01, trn/kl 5.347e+05, trn/lr 2.177e-01, trn/kl_scale 1.143e-05, val/acc 7.003e-01, val/nll 8.944e-01
[2023-02-15 16:04:27] [Epoch   177/  500] trn/loss 7.105e-01, trn/kl 5.323e+05, trn/lr 2.168e-01, trn/kl_scale 1.149e-05, val/acc 7.134e-01, val/nll 8.544e-01
[2023-02-15 16:04:34] [Epoch   178/  500] trn/loss 7.032e-01, trn/kl 5.298e+05, trn/lr 2.160e-01, trn/kl_scale 1.156e-05, val/acc 6.705e-01, val/nll 1.011e+00
[2023-02-15 16:04:41] [Epoch   179/  500] trn/loss 7.175e-01, trn/kl 5.273e+05, trn/lr 2.151e-01, trn/kl_scale 1.162e-05, val/acc 7.565e-01, val/nll 7.130e-01
[2023-02-15 16:04:48] [Epoch   180/  500] trn/loss 7.036e-01, trn/kl 5.250e+05, trn/lr 2.143e-01, trn/kl_scale 1.169e-05, val/acc 6.827e-01, val/nll 9.502e-01
[2023-02-15 16:04:55] [Epoch   181/  500] trn/loss 7.106e-01, trn/kl 5.226e+05, trn/lr 2.134e-01, trn/kl_scale 1.175e-05, val/acc 5.738e-01, val/nll 1.571e+00
[2023-02-15 16:05:02] [Epoch   182/  500] trn/loss 7.041e-01, trn/kl 5.202e+05, trn/lr 2.126e-01, trn/kl_scale 1.182e-05, val/acc 6.321e-01, val/nll 1.098e+00
[2023-02-15 16:05:09] [Epoch   183/  500] trn/loss 7.054e-01, trn/kl 5.178e+05, trn/lr 2.117e-01, trn/kl_scale 1.188e-05, val/acc 6.097e-01, val/nll 1.289e+00
[2023-02-15 16:05:17] [Epoch   184/  500] trn/loss 7.026e-01, trn/kl 5.155e+05, trn/lr 2.109e-01, trn/kl_scale 1.195e-05, val/acc 7.189e-01, val/nll 8.547e-01
[2023-02-15 16:05:24] [Epoch   185/  500] trn/loss 7.023e-01, trn/kl 5.131e+05, trn/lr 2.100e-01, trn/kl_scale 1.201e-05, val/acc 7.375e-01, val/nll 8.011e-01
[2023-02-15 16:05:31] [Epoch   186/  500] trn/loss 6.956e-01, trn/kl 5.109e+05, trn/lr 2.091e-01, trn/kl_scale 1.208e-05, val/acc 6.809e-01, val/nll 1.002e+00
[2023-02-15 16:05:38] [Epoch   187/  500] trn/loss 6.963e-01, trn/kl 5.087e+05, trn/lr 2.083e-01, trn/kl_scale 1.214e-05, val/acc 6.435e-01, val/nll 1.134e+00
[2023-02-15 16:05:45] [Epoch   188/  500] trn/loss 6.980e-01, trn/kl 5.065e+05, trn/lr 2.074e-01, trn/kl_scale 1.221e-05, val/acc 7.514e-01, val/nll 7.515e-01
[2023-02-15 16:05:52] [Epoch   189/  500] trn/loss 7.084e-01, trn/kl 5.043e+05, trn/lr 2.065e-01, trn/kl_scale 1.227e-05, val/acc 7.445e-01, val/nll 7.878e-01
[2023-02-15 16:05:59] [Epoch   190/  500] trn/loss 6.977e-01, trn/kl 5.021e+05, trn/lr 2.057e-01, trn/kl_scale 1.234e-05, val/acc 7.090e-01, val/nll 8.553e-01
[2023-02-15 16:06:06] [Epoch   191/  500] trn/loss 6.911e-01, trn/kl 4.999e+05, trn/lr 2.048e-01, trn/kl_scale 1.240e-05, val/acc 7.372e-01, val/nll 7.777e-01
[2023-02-15 16:06:13] [Epoch   192/  500] trn/loss 6.952e-01, trn/kl 4.978e+05, trn/lr 2.039e-01, trn/kl_scale 1.247e-05, val/acc 7.333e-01, val/nll 8.062e-01
[2023-02-15 16:06:20] [Epoch   193/  500] trn/loss 6.953e-01, trn/kl 4.957e+05, trn/lr 2.030e-01, trn/kl_scale 1.253e-05, val/acc 7.344e-01, val/nll 7.782e-01
[2023-02-15 16:06:27] [Epoch   194/  500] trn/loss 7.018e-01, trn/kl 4.936e+05, trn/lr 2.021e-01, trn/kl_scale 1.260e-05, val/acc 6.215e-01, val/nll 1.219e+00
[2023-02-15 16:06:34] [Epoch   195/  500] trn/loss 6.940e-01, trn/kl 4.914e+05, trn/lr 2.013e-01, trn/kl_scale 1.266e-05, val/acc 6.189e-01, val/nll 1.233e+00
[2023-02-15 16:06:42] [Epoch   196/  500] trn/loss 6.848e-01, trn/kl 4.893e+05, trn/lr 2.004e-01, trn/kl_scale 1.273e-05, val/acc 7.556e-01, val/nll 7.062e-01
[2023-02-15 16:06:49] [Epoch   197/  500] trn/loss 6.818e-01, trn/kl 4.874e+05, trn/lr 1.995e-01, trn/kl_scale 1.279e-05, val/acc 7.321e-01, val/nll 8.026e-01
[2023-02-15 16:06:56] [Epoch   198/  500] trn/loss 6.871e-01, trn/kl 4.853e+05, trn/lr 1.986e-01, trn/kl_scale 1.286e-05, val/acc 6.635e-01, val/nll 1.097e+00
[2023-02-15 16:07:03] [Epoch   199/  500] trn/loss 6.951e-01, trn/kl 4.832e+05, trn/lr 1.977e-01, trn/kl_scale 1.292e-05, val/acc 6.561e-01, val/nll 1.064e+00
[2023-02-15 16:07:10] [Epoch   200/  500] trn/loss 6.882e-01, trn/kl 4.813e+05, trn/lr 1.968e-01, trn/kl_scale 1.299e-05, val/acc 6.403e-01, val/nll 1.228e+00
[2023-02-15 16:07:17] [Epoch   201/  500] trn/loss 6.849e-01, trn/kl 4.794e+05, trn/lr 1.959e-01, trn/kl_scale 1.305e-05, val/acc 7.088e-01, val/nll 8.676e-01
[2023-02-15 16:07:24] [Epoch   202/  500] trn/loss 6.838e-01, trn/kl 4.773e+05, trn/lr 1.950e-01, trn/kl_scale 1.312e-05, val/acc 7.277e-01, val/nll 7.748e-01
[2023-02-15 16:07:31] [Epoch   203/  500] trn/loss 6.779e-01, trn/kl 4.753e+05, trn/lr 1.941e-01, trn/kl_scale 1.318e-05, val/acc 7.696e-01, val/nll 6.592e-01
[2023-02-15 16:07:38] [Epoch   204/  500] trn/loss 6.847e-01, trn/kl 4.735e+05, trn/lr 1.932e-01, trn/kl_scale 1.325e-05, val/acc 7.518e-01, val/nll 7.445e-01
[2023-02-15 16:07:45] [Epoch   205/  500] trn/loss 6.778e-01, trn/kl 4.715e+05, trn/lr 1.923e-01, trn/kl_scale 1.331e-05, val/acc 6.910e-01, val/nll 9.341e-01
[2023-02-15 16:07:52] [Epoch   206/  500] trn/loss 6.709e-01, trn/kl 4.696e+05, trn/lr 1.914e-01, trn/kl_scale 1.338e-05, val/acc 5.542e-01, val/nll 1.452e+00
[2023-02-15 16:08:00] [Epoch   207/  500] trn/loss 6.754e-01, trn/kl 4.677e+05, trn/lr 1.905e-01, trn/kl_scale 1.344e-05, val/acc 6.811e-01, val/nll 9.539e-01
[2023-02-15 16:08:07] [Epoch   208/  500] trn/loss 6.699e-01, trn/kl 4.659e+05, trn/lr 1.896e-01, trn/kl_scale 1.351e-05, val/acc 7.260e-01, val/nll 7.990e-01
[2023-02-15 16:08:14] [Epoch   209/  500] trn/loss 6.738e-01, trn/kl 4.640e+05, trn/lr 1.887e-01, trn/kl_scale 1.357e-05, val/acc 6.721e-01, val/nll 1.029e+00
[2023-02-15 16:08:21] [Epoch   210/  500] trn/loss 6.708e-01, trn/kl 4.623e+05, trn/lr 1.878e-01, trn/kl_scale 1.364e-05, val/acc 6.890e-01, val/nll 1.047e+00
[2023-02-15 16:08:28] [Epoch   211/  500] trn/loss 6.776e-01, trn/kl 4.604e+05, trn/lr 1.868e-01, trn/kl_scale 1.370e-05, val/acc 7.132e-01, val/nll 8.485e-01
[2023-02-15 16:08:35] [Epoch   212/  500] trn/loss 6.724e-01, trn/kl 4.586e+05, trn/lr 1.859e-01, trn/kl_scale 1.377e-05, val/acc 7.850e-01, val/nll 6.238e-01 (best_acc: 7.758e-01 -> 7.850e-01, test_acc: 7.791e-01, test_nll: 6.412e-01)
[2023-02-15 16:08:43] [Epoch   213/  500] trn/loss 6.656e-01, trn/kl 4.568e+05, trn/lr 1.850e-01, trn/kl_scale 1.383e-05, val/acc 7.073e-01, val/nll 9.135e-01
[2023-02-15 16:08:50] [Epoch   214/  500] trn/loss 6.636e-01, trn/kl 4.550e+05, trn/lr 1.841e-01, trn/kl_scale 1.390e-05, val/acc 7.456e-01, val/nll 7.602e-01
[2023-02-15 16:08:57] [Epoch   215/  500] trn/loss 6.665e-01, trn/kl 4.533e+05, trn/lr 1.832e-01, trn/kl_scale 1.396e-05, val/acc 6.635e-01, val/nll 1.011e+00
[2023-02-15 16:09:04] [Epoch   216/  500] trn/loss 6.610e-01, trn/kl 4.516e+05, trn/lr 1.823e-01, trn/kl_scale 1.403e-05, val/acc 7.129e-01, val/nll 8.408e-01
[2023-02-15 16:09:11] [Epoch   217/  500] trn/loss 6.559e-01, trn/kl 4.498e+05, trn/lr 1.813e-01, trn/kl_scale 1.409e-05, val/acc 5.546e-01, val/nll 1.475e+00
[2023-02-15 16:09:18] [Epoch   218/  500] trn/loss 6.600e-01, trn/kl 4.481e+05, trn/lr 1.804e-01, trn/kl_scale 1.416e-05, val/acc 7.256e-01, val/nll 8.398e-01
[2023-02-15 16:09:25] [Epoch   219/  500] trn/loss 6.563e-01, trn/kl 4.465e+05, trn/lr 1.795e-01, trn/kl_scale 1.423e-05, val/acc 7.123e-01, val/nll 8.555e-01
[2023-02-15 16:09:32] [Epoch   220/  500] trn/loss 6.575e-01, trn/kl 4.447e+05, trn/lr 1.786e-01, trn/kl_scale 1.429e-05, val/acc 6.813e-01, val/nll 1.031e+00
[2023-02-15 16:09:39] [Epoch   221/  500] trn/loss 6.543e-01, trn/kl 4.430e+05, trn/lr 1.776e-01, trn/kl_scale 1.436e-05, val/acc 7.519e-01, val/nll 7.201e-01
[2023-02-15 16:09:46] [Epoch   222/  500] trn/loss 6.516e-01, trn/kl 4.414e+05, trn/lr 1.767e-01, trn/kl_scale 1.442e-05, val/acc 6.549e-01, val/nll 1.141e+00
[2023-02-15 16:09:53] [Epoch   223/  500] trn/loss 6.601e-01, trn/kl 4.398e+05, trn/lr 1.758e-01, trn/kl_scale 1.449e-05, val/acc 7.451e-01, val/nll 7.588e-01
[2023-02-15 16:10:00] [Epoch   224/  500] trn/loss 6.581e-01, trn/kl 4.381e+05, trn/lr 1.749e-01, trn/kl_scale 1.455e-05, val/acc 6.367e-01, val/nll 1.245e+00
[2023-02-15 16:10:07] [Epoch   225/  500] trn/loss 6.519e-01, trn/kl 4.365e+05, trn/lr 1.739e-01, trn/kl_scale 1.462e-05, val/acc 7.566e-01, val/nll 6.962e-01
[2023-02-15 16:10:15] [Epoch   226/  500] trn/loss 6.455e-01, trn/kl 4.349e+05, trn/lr 1.730e-01, trn/kl_scale 1.468e-05, val/acc 7.625e-01, val/nll 6.953e-01
[2023-02-15 16:10:22] [Epoch   227/  500] trn/loss 6.482e-01, trn/kl 4.332e+05, trn/lr 1.721e-01, trn/kl_scale 1.475e-05, val/acc 7.561e-01, val/nll 7.226e-01
[2023-02-15 16:10:29] [Epoch   228/  500] trn/loss 6.420e-01, trn/kl 4.316e+05, trn/lr 1.711e-01, trn/kl_scale 1.481e-05, val/acc 7.552e-01, val/nll 7.094e-01
[2023-02-15 16:10:36] [Epoch   229/  500] trn/loss 6.572e-01, trn/kl 4.301e+05, trn/lr 1.702e-01, trn/kl_scale 1.488e-05, val/acc 7.670e-01, val/nll 6.744e-01
[2023-02-15 16:10:43] [Epoch   230/  500] trn/loss 6.377e-01, trn/kl 4.285e+05, trn/lr 1.693e-01, trn/kl_scale 1.494e-05, val/acc 7.222e-01, val/nll 8.025e-01
[2023-02-15 16:10:50] [Epoch   231/  500] trn/loss 6.418e-01, trn/kl 4.270e+05, trn/lr 1.683e-01, trn/kl_scale 1.501e-05, val/acc 6.709e-01, val/nll 1.171e+00
[2023-02-15 16:10:57] [Epoch   232/  500] trn/loss 6.387e-01, trn/kl 4.255e+05, trn/lr 1.674e-01, trn/kl_scale 1.507e-05, val/acc 7.379e-01, val/nll 7.941e-01
[2023-02-15 16:11:04] [Epoch   233/  500] trn/loss 6.415e-01, trn/kl 4.239e+05, trn/lr 1.665e-01, trn/kl_scale 1.514e-05, val/acc 7.340e-01, val/nll 8.066e-01
[2023-02-15 16:11:11] [Epoch   234/  500] trn/loss 6.378e-01, trn/kl 4.224e+05, trn/lr 1.655e-01, trn/kl_scale 1.520e-05, val/acc 6.958e-01, val/nll 9.793e-01
[2023-02-15 16:11:18] [Epoch   235/  500] trn/loss 6.380e-01, trn/kl 4.209e+05, trn/lr 1.646e-01, trn/kl_scale 1.527e-05, val/acc 7.360e-01, val/nll 8.075e-01
[2023-02-15 16:11:25] [Epoch   236/  500] trn/loss 6.431e-01, trn/kl 4.195e+05, trn/lr 1.636e-01, trn/kl_scale 1.533e-05, val/acc 7.111e-01, val/nll 8.523e-01
[2023-02-15 16:11:32] [Epoch   237/  500] trn/loss 6.414e-01, trn/kl 4.180e+05, trn/lr 1.627e-01, trn/kl_scale 1.540e-05, val/acc 7.598e-01, val/nll 7.281e-01
[2023-02-15 16:11:39] [Epoch   238/  500] trn/loss 6.244e-01, trn/kl 4.165e+05, trn/lr 1.618e-01, trn/kl_scale 1.546e-05, val/acc 6.363e-01, val/nll 1.336e+00
[2023-02-15 16:11:46] [Epoch   239/  500] trn/loss 6.347e-01, trn/kl 4.150e+05, trn/lr 1.608e-01, trn/kl_scale 1.553e-05, val/acc 6.909e-01, val/nll 9.731e-01
[2023-02-15 16:11:54] [Epoch   240/  500] trn/loss 6.412e-01, trn/kl 4.135e+05, trn/lr 1.599e-01, trn/kl_scale 1.559e-05, val/acc 7.326e-01, val/nll 7.946e-01
[2023-02-15 16:12:01] [Epoch   241/  500] trn/loss 6.241e-01, trn/kl 4.121e+05, trn/lr 1.590e-01, trn/kl_scale 1.566e-05, val/acc 7.347e-01, val/nll 7.786e-01
[2023-02-15 16:12:08] [Epoch   242/  500] trn/loss 6.270e-01, trn/kl 4.107e+05, trn/lr 1.580e-01, trn/kl_scale 1.572e-05, val/acc 7.562e-01, val/nll 7.230e-01
[2023-02-15 16:12:15] [Epoch   243/  500] trn/loss 6.173e-01, trn/kl 4.093e+05, trn/lr 1.571e-01, trn/kl_scale 1.579e-05, val/acc 7.605e-01, val/nll 7.024e-01
[2023-02-15 16:12:22] [Epoch   244/  500] trn/loss 6.235e-01, trn/kl 4.079e+05, trn/lr 1.561e-01, trn/kl_scale 1.585e-05, val/acc 7.175e-01, val/nll 8.768e-01
[2023-02-15 16:12:29] [Epoch   245/  500] trn/loss 6.256e-01, trn/kl 4.066e+05, trn/lr 1.552e-01, trn/kl_scale 1.592e-05, val/acc 7.496e-01, val/nll 7.576e-01
[2023-02-15 16:12:36] [Epoch   246/  500] trn/loss 6.225e-01, trn/kl 4.052e+05, trn/lr 1.542e-01, trn/kl_scale 1.598e-05, val/acc 7.408e-01, val/nll 7.838e-01
[2023-02-15 16:12:43] [Epoch   247/  500] trn/loss 6.174e-01, trn/kl 4.037e+05, trn/lr 1.533e-01, trn/kl_scale 1.605e-05, val/acc 7.544e-01, val/nll 7.144e-01
[2023-02-15 16:12:50] [Epoch   248/  500] trn/loss 6.313e-01, trn/kl 4.024e+05, trn/lr 1.524e-01, trn/kl_scale 1.611e-05, val/acc 7.183e-01, val/nll 8.729e-01
[2023-02-15 16:12:57] [Epoch   249/  500] trn/loss 6.197e-01, trn/kl 4.011e+05, trn/lr 1.514e-01, trn/kl_scale 1.618e-05, val/acc 7.585e-01, val/nll 7.214e-01
[2023-02-15 16:13:04] [Epoch   250/  500] trn/loss 6.196e-01, trn/kl 3.997e+05, trn/lr 1.505e-01, trn/kl_scale 1.624e-05, val/acc 7.353e-01, val/nll 8.096e-01
[2023-02-15 16:13:11] [Epoch   251/  500] trn/loss 6.147e-01, trn/kl 3.983e+05, trn/lr 1.495e-01, trn/kl_scale 1.631e-05, val/acc 7.747e-01, val/nll 6.568e-01
[2023-02-15 16:13:18] [Epoch   252/  500] trn/loss 6.091e-01, trn/kl 3.971e+05, trn/lr 1.486e-01, trn/kl_scale 1.637e-05, val/acc 7.729e-01, val/nll 6.904e-01
[2023-02-15 16:13:25] [Epoch   253/  500] trn/loss 6.129e-01, trn/kl 3.958e+05, trn/lr 1.476e-01, trn/kl_scale 1.644e-05, val/acc 7.337e-01, val/nll 7.965e-01
[2023-02-15 16:13:32] [Epoch   254/  500] trn/loss 6.181e-01, trn/kl 3.945e+05, trn/lr 1.467e-01, trn/kl_scale 1.650e-05, val/acc 7.502e-01, val/nll 7.429e-01
[2023-02-15 16:13:39] [Epoch   255/  500] trn/loss 6.155e-01, trn/kl 3.931e+05, trn/lr 1.458e-01, trn/kl_scale 1.657e-05, val/acc 7.610e-01, val/nll 7.133e-01
[2023-02-15 16:13:47] [Epoch   256/  500] trn/loss 6.082e-01, trn/kl 3.918e+05, trn/lr 1.448e-01, trn/kl_scale 1.663e-05, val/acc 7.772e-01, val/nll 6.442e-01
[2023-02-15 16:13:54] [Epoch   257/  500] trn/loss 6.066e-01, trn/kl 3.906e+05, trn/lr 1.439e-01, trn/kl_scale 1.670e-05, val/acc 7.513e-01, val/nll 7.509e-01
[2023-02-15 16:14:01] [Epoch   258/  500] trn/loss 6.048e-01, trn/kl 3.893e+05, trn/lr 1.429e-01, trn/kl_scale 1.676e-05, val/acc 7.733e-01, val/nll 6.751e-01
[2023-02-15 16:14:08] [Epoch   259/  500] trn/loss 6.070e-01, trn/kl 3.880e+05, trn/lr 1.420e-01, trn/kl_scale 1.683e-05, val/acc 7.558e-01, val/nll 7.376e-01
[2023-02-15 16:14:15] [Epoch   260/  500] trn/loss 6.056e-01, trn/kl 3.868e+05, trn/lr 1.411e-01, trn/kl_scale 1.689e-05, val/acc 7.896e-01, val/nll 6.442e-01 (best_acc: 7.850e-01 -> 7.896e-01, test_acc: 7.819e-01, test_nll: 6.602e-01)
[2023-02-15 16:14:22] [Epoch   261/  500] trn/loss 6.012e-01, trn/kl 3.856e+05, trn/lr 1.401e-01, trn/kl_scale 1.696e-05, val/acc 7.696e-01, val/nll 6.924e-01
[2023-02-15 16:14:29] [Epoch   262/  500] trn/loss 5.966e-01, trn/kl 3.844e+05, trn/lr 1.392e-01, trn/kl_scale 1.702e-05, val/acc 7.763e-01, val/nll 6.656e-01
[2023-02-15 16:14:36] [Epoch   263/  500] trn/loss 6.032e-01, trn/kl 3.831e+05, trn/lr 1.382e-01, trn/kl_scale 1.709e-05, val/acc 7.096e-01, val/nll 8.684e-01
[2023-02-15 16:14:44] [Epoch   264/  500] trn/loss 5.959e-01, trn/kl 3.819e+05, trn/lr 1.373e-01, trn/kl_scale 1.715e-05, val/acc 7.612e-01, val/nll 7.427e-01
[2023-02-15 16:14:51] [Epoch   265/  500] trn/loss 5.992e-01, trn/kl 3.807e+05, trn/lr 1.364e-01, trn/kl_scale 1.722e-05, val/acc 7.719e-01, val/nll 6.648e-01
[2023-02-15 16:14:58] [Epoch   266/  500] trn/loss 5.985e-01, trn/kl 3.794e+05, trn/lr 1.354e-01, trn/kl_scale 1.728e-05, val/acc 6.992e-01, val/nll 1.044e+00
[2023-02-15 16:15:05] [Epoch   267/  500] trn/loss 5.944e-01, trn/kl 3.783e+05, trn/lr 1.345e-01, trn/kl_scale 1.735e-05, val/acc 7.569e-01, val/nll 7.276e-01
[2023-02-15 16:15:12] [Epoch   268/  500] trn/loss 5.926e-01, trn/kl 3.771e+05, trn/lr 1.335e-01, trn/kl_scale 1.742e-05, val/acc 7.388e-01, val/nll 7.892e-01
[2023-02-15 16:15:19] [Epoch   269/  500] trn/loss 5.874e-01, trn/kl 3.759e+05, trn/lr 1.326e-01, trn/kl_scale 1.748e-05, val/acc 7.848e-01, val/nll 6.488e-01
[2023-02-15 16:15:26] [Epoch   270/  500] trn/loss 5.887e-01, trn/kl 3.747e+05, trn/lr 1.317e-01, trn/kl_scale 1.755e-05, val/acc 7.242e-01, val/nll 8.487e-01
[2023-02-15 16:15:33] [Epoch   271/  500] trn/loss 5.964e-01, trn/kl 3.736e+05, trn/lr 1.307e-01, trn/kl_scale 1.761e-05, val/acc 6.417e-01, val/nll 1.189e+00
[2023-02-15 16:15:40] [Epoch   272/  500] trn/loss 5.861e-01, trn/kl 3.724e+05, trn/lr 1.298e-01, trn/kl_scale 1.768e-05, val/acc 7.501e-01, val/nll 7.499e-01
[2023-02-15 16:15:47] [Epoch   273/  500] trn/loss 5.902e-01, trn/kl 3.713e+05, trn/lr 1.289e-01, trn/kl_scale 1.774e-05, val/acc 7.310e-01, val/nll 8.250e-01
[2023-02-15 16:15:54] [Epoch   274/  500] trn/loss 5.885e-01, trn/kl 3.702e+05, trn/lr 1.279e-01, trn/kl_scale 1.781e-05, val/acc 7.814e-01, val/nll 6.410e-01
[2023-02-15 16:16:01] [Epoch   275/  500] trn/loss 5.789e-01, trn/kl 3.690e+05, trn/lr 1.270e-01, trn/kl_scale 1.787e-05, val/acc 7.302e-01, val/nll 8.250e-01
[2023-02-15 16:16:08] [Epoch   276/  500] trn/loss 5.790e-01, trn/kl 3.679e+05, trn/lr 1.261e-01, trn/kl_scale 1.794e-05, val/acc 7.269e-01, val/nll 8.041e-01
[2023-02-15 16:16:15] [Epoch   277/  500] trn/loss 5.862e-01, trn/kl 3.668e+05, trn/lr 1.251e-01, trn/kl_scale 1.800e-05, val/acc 7.508e-01, val/nll 7.534e-01
[2023-02-15 16:16:22] [Epoch   278/  500] trn/loss 5.758e-01, trn/kl 3.656e+05, trn/lr 1.242e-01, trn/kl_scale 1.807e-05, val/acc 7.465e-01, val/nll 7.689e-01
[2023-02-15 16:16:29] [Epoch   279/  500] trn/loss 5.762e-01, trn/kl 3.645e+05, trn/lr 1.233e-01, trn/kl_scale 1.813e-05, val/acc 7.781e-01, val/nll 6.343e-01
[2023-02-15 16:16:37] [Epoch   280/  500] trn/loss 5.766e-01, trn/kl 3.635e+05, trn/lr 1.224e-01, trn/kl_scale 1.820e-05, val/acc 6.702e-01, val/nll 1.076e+00
[2023-02-15 16:16:44] [Epoch   281/  500] trn/loss 5.682e-01, trn/kl 3.624e+05, trn/lr 1.214e-01, trn/kl_scale 1.826e-05, val/acc 7.508e-01, val/nll 7.279e-01
[2023-02-15 16:16:51] [Epoch   282/  500] trn/loss 5.715e-01, trn/kl 3.612e+05, trn/lr 1.205e-01, trn/kl_scale 1.833e-05, val/acc 7.395e-01, val/nll 7.879e-01
[2023-02-15 16:16:58] [Epoch   283/  500] trn/loss 5.692e-01, trn/kl 3.602e+05, trn/lr 1.196e-01, trn/kl_scale 1.839e-05, val/acc 7.273e-01, val/nll 8.765e-01
[2023-02-15 16:17:05] [Epoch   284/  500] trn/loss 5.761e-01, trn/kl 3.591e+05, trn/lr 1.187e-01, trn/kl_scale 1.846e-05, val/acc 7.881e-01, val/nll 6.317e-01
[2023-02-15 16:17:12] [Epoch   285/  500] trn/loss 5.659e-01, trn/kl 3.581e+05, trn/lr 1.177e-01, trn/kl_scale 1.852e-05, val/acc 7.827e-01, val/nll 6.401e-01
[2023-02-15 16:17:19] [Epoch   286/  500] trn/loss 5.672e-01, trn/kl 3.570e+05, trn/lr 1.168e-01, trn/kl_scale 1.859e-05, val/acc 7.053e-01, val/nll 9.189e-01
[2023-02-15 16:17:26] [Epoch   287/  500] trn/loss 5.663e-01, trn/kl 3.560e+05, trn/lr 1.159e-01, trn/kl_scale 1.865e-05, val/acc 7.593e-01, val/nll 6.975e-01
[2023-02-15 16:17:33] [Epoch   288/  500] trn/loss 5.622e-01, trn/kl 3.549e+05, trn/lr 1.150e-01, trn/kl_scale 1.872e-05, val/acc 7.407e-01, val/nll 7.612e-01
[2023-02-15 16:17:40] [Epoch   289/  500] trn/loss 5.658e-01, trn/kl 3.539e+05, trn/lr 1.141e-01, trn/kl_scale 1.878e-05, val/acc 7.783e-01, val/nll 6.372e-01
[2023-02-15 16:17:48] [Epoch   290/  500] trn/loss 5.580e-01, trn/kl 3.529e+05, trn/lr 1.132e-01, trn/kl_scale 1.885e-05, val/acc 8.046e-01, val/nll 5.601e-01 (best_acc: 7.896e-01 -> 8.046e-01, test_acc: 8.047e-01, test_nll: 5.770e-01)
[2023-02-15 16:17:55] [Epoch   291/  500] trn/loss 5.550e-01, trn/kl 3.518e+05, trn/lr 1.122e-01, trn/kl_scale 1.891e-05, val/acc 7.533e-01, val/nll 7.305e-01
[2023-02-15 16:18:02] [Epoch   292/  500] trn/loss 5.603e-01, trn/kl 3.508e+05, trn/lr 1.113e-01, trn/kl_scale 1.898e-05, val/acc 7.597e-01, val/nll 7.362e-01
[2023-02-15 16:18:09] [Epoch   293/  500] trn/loss 5.570e-01, trn/kl 3.498e+05, trn/lr 1.104e-01, trn/kl_scale 1.904e-05, val/acc 7.758e-01, val/nll 6.552e-01
[2023-02-15 16:18:16] [Epoch   294/  500] trn/loss 5.529e-01, trn/kl 3.488e+05, trn/lr 1.095e-01, trn/kl_scale 1.911e-05, val/acc 7.733e-01, val/nll 6.744e-01
[2023-02-15 16:18:23] [Epoch   295/  500] trn/loss 5.526e-01, trn/kl 3.478e+05, trn/lr 1.086e-01, trn/kl_scale 1.917e-05, val/acc 7.824e-01, val/nll 6.569e-01
[2023-02-15 16:18:30] [Epoch   296/  500] trn/loss 5.491e-01, trn/kl 3.468e+05, trn/lr 1.077e-01, trn/kl_scale 1.924e-05, val/acc 7.338e-01, val/nll 8.427e-01
[2023-02-15 16:18:37] [Epoch   297/  500] trn/loss 5.471e-01, trn/kl 3.459e+05, trn/lr 1.068e-01, trn/kl_scale 1.930e-05, val/acc 7.469e-01, val/nll 7.892e-01
[2023-02-15 16:18:44] [Epoch   298/  500] trn/loss 5.501e-01, trn/kl 3.449e+05, trn/lr 1.059e-01, trn/kl_scale 1.937e-05, val/acc 7.746e-01, val/nll 6.742e-01
[2023-02-15 16:18:52] [Epoch   299/  500] trn/loss 5.468e-01, trn/kl 3.439e+05, trn/lr 1.050e-01, trn/kl_scale 1.943e-05, val/acc 8.187e-01, val/nll 5.308e-01 (best_acc: 8.046e-01 -> 8.187e-01, test_acc: 8.174e-01, test_nll: 5.465e-01)
[2023-02-15 16:18:59] [Epoch   300/  500] trn/loss 5.467e-01, trn/kl 3.429e+05, trn/lr 1.041e-01, trn/kl_scale 1.950e-05, val/acc 7.896e-01, val/nll 6.289e-01
[2023-02-15 16:19:06] [Epoch   301/  500] trn/loss 5.473e-01, trn/kl 3.420e+05, trn/lr 1.032e-01, trn/kl_scale 1.956e-05, val/acc 8.079e-01, val/nll 5.785e-01
[2023-02-15 16:19:13] [Epoch   302/  500] trn/loss 5.398e-01, trn/kl 3.410e+05, trn/lr 1.023e-01, trn/kl_scale 1.963e-05, val/acc 7.885e-01, val/nll 6.406e-01
[2023-02-15 16:19:20] [Epoch   303/  500] trn/loss 5.436e-01, trn/kl 3.401e+05, trn/lr 1.014e-01, trn/kl_scale 1.969e-05, val/acc 7.545e-01, val/nll 7.351e-01
[2023-02-15 16:19:27] [Epoch   304/  500] trn/loss 5.371e-01, trn/kl 3.391e+05, trn/lr 1.005e-01, trn/kl_scale 1.976e-05, val/acc 7.534e-01, val/nll 7.816e-01
[2023-02-15 16:19:34] [Epoch   305/  500] trn/loss 5.385e-01, trn/kl 3.382e+05, trn/lr 9.964e-02, trn/kl_scale 1.982e-05, val/acc 8.029e-01, val/nll 5.757e-01
[2023-02-15 16:19:41] [Epoch   306/  500] trn/loss 5.384e-01, trn/kl 3.373e+05, trn/lr 9.875e-02, trn/kl_scale 1.989e-05, val/acc 7.846e-01, val/nll 6.671e-01
[2023-02-15 16:19:48] [Epoch   307/  500] trn/loss 5.311e-01, trn/kl 3.363e+05, trn/lr 9.786e-02, trn/kl_scale 1.995e-05, val/acc 7.920e-01, val/nll 6.331e-01
[2023-02-15 16:19:55] [Epoch   308/  500] trn/loss 5.310e-01, trn/kl 3.354e+05, trn/lr 9.698e-02, trn/kl_scale 2.002e-05, val/acc 7.483e-01, val/nll 7.623e-01
[2023-02-15 16:20:02] [Epoch   309/  500] trn/loss 5.267e-01, trn/kl 3.345e+05, trn/lr 9.610e-02, trn/kl_scale 2.008e-05, val/acc 7.440e-01, val/nll 7.925e-01
[2023-02-15 16:20:09] [Epoch   310/  500] trn/loss 5.324e-01, trn/kl 3.336e+05, trn/lr 9.522e-02, trn/kl_scale 2.015e-05, val/acc 8.017e-01, val/nll 5.787e-01
[2023-02-15 16:20:16] [Epoch   311/  500] trn/loss 5.343e-01, trn/kl 3.327e+05, trn/lr 9.435e-02, trn/kl_scale 2.021e-05, val/acc 7.649e-01, val/nll 6.881e-01
[2023-02-15 16:20:23] [Epoch   312/  500] trn/loss 5.232e-01, trn/kl 3.318e+05, trn/lr 9.347e-02, trn/kl_scale 2.028e-05, val/acc 7.775e-01, val/nll 6.714e-01
[2023-02-15 16:20:31] [Epoch   313/  500] trn/loss 5.264e-01, trn/kl 3.309e+05, trn/lr 9.260e-02, trn/kl_scale 2.034e-05, val/acc 8.040e-01, val/nll 5.789e-01
[2023-02-15 16:20:38] [Epoch   314/  500] trn/loss 5.159e-01, trn/kl 3.300e+05, trn/lr 9.173e-02, trn/kl_scale 2.041e-05, val/acc 8.002e-01, val/nll 5.955e-01
[2023-02-15 16:20:45] [Epoch   315/  500] trn/loss 5.265e-01, trn/kl 3.291e+05, trn/lr 9.086e-02, trn/kl_scale 2.048e-05, val/acc 7.844e-01, val/nll 6.869e-01
[2023-02-15 16:20:52] [Epoch   316/  500] trn/loss 5.231e-01, trn/kl 3.282e+05, trn/lr 9.000e-02, trn/kl_scale 2.054e-05, val/acc 7.497e-01, val/nll 8.056e-01
[2023-02-15 16:20:59] [Epoch   317/  500] trn/loss 5.204e-01, trn/kl 3.273e+05, trn/lr 8.914e-02, trn/kl_scale 2.061e-05, val/acc 7.902e-01, val/nll 6.365e-01
[2023-02-15 16:21:06] [Epoch   318/  500] trn/loss 5.218e-01, trn/kl 3.265e+05, trn/lr 8.828e-02, trn/kl_scale 2.067e-05, val/acc 8.212e-01, val/nll 5.086e-01 (best_acc: 8.187e-01 -> 8.212e-01, test_acc: 8.270e-01, test_nll: 5.173e-01)
[2023-02-15 16:21:13] [Epoch   319/  500] trn/loss 5.117e-01, trn/kl 3.256e+05, trn/lr 8.742e-02, trn/kl_scale 2.074e-05, val/acc 8.017e-01, val/nll 5.948e-01
[2023-02-15 16:21:20] [Epoch   320/  500] trn/loss 5.181e-01, trn/kl 3.248e+05, trn/lr 8.656e-02, trn/kl_scale 2.080e-05, val/acc 7.785e-01, val/nll 6.632e-01
[2023-02-15 16:21:28] [Epoch   321/  500] trn/loss 5.082e-01, trn/kl 3.239e+05, trn/lr 8.571e-02, trn/kl_scale 2.087e-05, val/acc 8.152e-01, val/nll 5.515e-01
[2023-02-15 16:21:35] [Epoch   322/  500] trn/loss 5.117e-01, trn/kl 3.231e+05, trn/lr 8.486e-02, trn/kl_scale 2.093e-05, val/acc 8.066e-01, val/nll 5.603e-01
[2023-02-15 16:21:42] [Epoch   323/  500] trn/loss 5.094e-01, trn/kl 3.222e+05, trn/lr 8.401e-02, trn/kl_scale 2.100e-05, val/acc 7.551e-01, val/nll 7.196e-01
[2023-02-15 16:21:49] [Epoch   324/  500] trn/loss 5.060e-01, trn/kl 3.214e+05, trn/lr 8.317e-02, trn/kl_scale 2.106e-05, val/acc 7.906e-01, val/nll 6.408e-01
[2023-02-15 16:21:56] [Epoch   325/  500] trn/loss 5.015e-01, trn/kl 3.206e+05, trn/lr 8.232e-02, trn/kl_scale 2.113e-05, val/acc 8.050e-01, val/nll 5.851e-01
[2023-02-15 16:22:03] [Epoch   326/  500] trn/loss 5.014e-01, trn/kl 3.197e+05, trn/lr 8.148e-02, trn/kl_scale 2.119e-05, val/acc 8.254e-01, val/nll 5.199e-01 (best_acc: 8.212e-01 -> 8.254e-01, test_acc: 8.232e-01, test_nll: 5.253e-01)
[2023-02-15 16:22:10] [Epoch   327/  500] trn/loss 4.986e-01, trn/kl 3.189e+05, trn/lr 8.065e-02, trn/kl_scale 2.126e-05, val/acc 7.666e-01, val/nll 6.740e-01
[2023-02-15 16:22:17] [Epoch   328/  500] trn/loss 5.030e-01, trn/kl 3.181e+05, trn/lr 7.981e-02, trn/kl_scale 2.132e-05, val/acc 8.059e-01, val/nll 5.725e-01
[2023-02-15 16:22:24] [Epoch   329/  500] trn/loss 5.032e-01, trn/kl 3.173e+05, trn/lr 7.898e-02, trn/kl_scale 2.139e-05, val/acc 7.890e-01, val/nll 6.280e-01
[2023-02-15 16:22:31] [Epoch   330/  500] trn/loss 4.992e-01, trn/kl 3.165e+05, trn/lr 7.815e-02, trn/kl_scale 2.145e-05, val/acc 8.008e-01, val/nll 5.806e-01
[2023-02-15 16:22:39] [Epoch   331/  500] trn/loss 4.961e-01, trn/kl 3.157e+05, trn/lr 7.733e-02, trn/kl_scale 2.152e-05, val/acc 8.116e-01, val/nll 5.494e-01
[2023-02-15 16:22:46] [Epoch   332/  500] trn/loss 4.925e-01, trn/kl 3.148e+05, trn/lr 7.650e-02, trn/kl_scale 2.158e-05, val/acc 8.248e-01, val/nll 5.095e-01
[2023-02-15 16:22:53] [Epoch   333/  500] trn/loss 4.922e-01, trn/kl 3.140e+05, trn/lr 7.568e-02, trn/kl_scale 2.165e-05, val/acc 7.480e-01, val/nll 7.505e-01
[2023-02-15 16:23:00] [Epoch   334/  500] trn/loss 4.869e-01, trn/kl 3.133e+05, trn/lr 7.487e-02, trn/kl_scale 2.171e-05, val/acc 7.931e-01, val/nll 6.088e-01
[2023-02-15 16:23:07] [Epoch   335/  500] trn/loss 4.914e-01, trn/kl 3.125e+05, trn/lr 7.405e-02, trn/kl_scale 2.178e-05, val/acc 8.174e-01, val/nll 5.453e-01
[2023-02-15 16:23:14] [Epoch   336/  500] trn/loss 4.877e-01, trn/kl 3.117e+05, trn/lr 7.324e-02, trn/kl_scale 2.184e-05, val/acc 7.708e-01, val/nll 7.005e-01
[2023-02-15 16:23:21] [Epoch   337/  500] trn/loss 4.833e-01, trn/kl 3.109e+05, trn/lr 7.243e-02, trn/kl_scale 2.191e-05, val/acc 8.072e-01, val/nll 5.620e-01
[2023-02-15 16:23:28] [Epoch   338/  500] trn/loss 4.868e-01, trn/kl 3.101e+05, trn/lr 7.163e-02, trn/kl_scale 2.197e-05, val/acc 7.962e-01, val/nll 6.043e-01
[2023-02-15 16:23:35] [Epoch   339/  500] trn/loss 4.762e-01, trn/kl 3.094e+05, trn/lr 7.083e-02, trn/kl_scale 2.204e-05, val/acc 8.231e-01, val/nll 5.282e-01
[2023-02-15 16:23:42] [Epoch   340/  500] trn/loss 4.783e-01, trn/kl 3.086e+05, trn/lr 7.003e-02, trn/kl_scale 2.210e-05, val/acc 8.181e-01, val/nll 5.261e-01
[2023-02-15 16:23:49] [Epoch   341/  500] trn/loss 4.807e-01, trn/kl 3.079e+05, trn/lr 6.923e-02, trn/kl_scale 2.217e-05, val/acc 7.833e-01, val/nll 6.709e-01
[2023-02-15 16:23:56] [Epoch   342/  500] trn/loss 4.788e-01, trn/kl 3.071e+05, trn/lr 6.844e-02, trn/kl_scale 2.223e-05, val/acc 7.832e-01, val/nll 6.673e-01
[2023-02-15 16:24:03] [Epoch   343/  500] trn/loss 4.726e-01, trn/kl 3.063e+05, trn/lr 6.765e-02, trn/kl_scale 2.230e-05, val/acc 8.180e-01, val/nll 5.445e-01
[2023-02-15 16:24:11] [Epoch   344/  500] trn/loss 4.719e-01, trn/kl 3.056e+05, trn/lr 6.686e-02, trn/kl_scale 2.236e-05, val/acc 8.290e-01, val/nll 5.129e-01 (best_acc: 8.254e-01 -> 8.290e-01, test_acc: 8.209e-01, test_nll: 5.342e-01)
[2023-02-15 16:24:18] [Epoch   345/  500] trn/loss 4.716e-01, trn/kl 3.048e+05, trn/lr 6.608e-02, trn/kl_scale 2.243e-05, val/acc 8.264e-01, val/nll 5.108e-01
[2023-02-15 16:24:25] [Epoch   346/  500] trn/loss 4.713e-01, trn/kl 3.041e+05, trn/lr 6.530e-02, trn/kl_scale 2.249e-05, val/acc 8.277e-01, val/nll 5.165e-01
[2023-02-15 16:24:32] [Epoch   347/  500] trn/loss 4.636e-01, trn/kl 3.034e+05, trn/lr 6.452e-02, trn/kl_scale 2.256e-05, val/acc 8.223e-01, val/nll 5.206e-01
[2023-02-15 16:24:39] [Epoch   348/  500] trn/loss 4.643e-01, trn/kl 3.026e+05, trn/lr 6.375e-02, trn/kl_scale 2.262e-05, val/acc 8.020e-01, val/nll 6.013e-01
[2023-02-15 16:24:46] [Epoch   349/  500] trn/loss 4.650e-01, trn/kl 3.019e+05, trn/lr 6.298e-02, trn/kl_scale 2.269e-05, val/acc 8.215e-01, val/nll 5.368e-01
[2023-02-15 16:24:53] [Epoch   350/  500] trn/loss 4.654e-01, trn/kl 3.011e+05, trn/lr 6.222e-02, trn/kl_scale 2.275e-05, val/acc 8.045e-01, val/nll 5.783e-01
[2023-02-15 16:25:00] [Epoch   351/  500] trn/loss 4.546e-01, trn/kl 3.004e+05, trn/lr 6.145e-02, trn/kl_scale 2.282e-05, val/acc 7.798e-01, val/nll 6.544e-01
[2023-02-15 16:25:07] [Epoch   352/  500] trn/loss 4.645e-01, trn/kl 2.997e+05, trn/lr 6.069e-02, trn/kl_scale 2.288e-05, val/acc 8.199e-01, val/nll 5.320e-01
[2023-02-15 16:25:14] [Epoch   353/  500] trn/loss 4.537e-01, trn/kl 2.990e+05, trn/lr 5.994e-02, trn/kl_scale 2.295e-05, val/acc 8.138e-01, val/nll 5.560e-01
[2023-02-15 16:25:22] [Epoch   354/  500] trn/loss 4.608e-01, trn/kl 2.983e+05, trn/lr 5.919e-02, trn/kl_scale 2.301e-05, val/acc 8.355e-01, val/nll 4.950e-01 (best_acc: 8.290e-01 -> 8.355e-01, test_acc: 8.311e-01, test_nll: 5.075e-01)
[2023-02-15 16:25:29] [Epoch   355/  500] trn/loss 4.535e-01, trn/kl 2.976e+05, trn/lr 5.844e-02, trn/kl_scale 2.308e-05, val/acc 8.117e-01, val/nll 5.755e-01
[2023-02-15 16:25:36] [Epoch   356/  500] trn/loss 4.553e-01, trn/kl 2.969e+05, trn/lr 5.769e-02, trn/kl_scale 2.314e-05, val/acc 8.418e-01, val/nll 4.756e-01 (best_acc: 8.355e-01 -> 8.418e-01, test_acc: 8.383e-01, test_nll: 4.810e-01)
[2023-02-15 16:25:43] [Epoch   357/  500] trn/loss 4.467e-01, trn/kl 2.962e+05, trn/lr 5.695e-02, trn/kl_scale 2.321e-05, val/acc 8.006e-01, val/nll 6.064e-01
[2023-02-15 16:25:50] [Epoch   358/  500] trn/loss 4.513e-01, trn/kl 2.955e+05, trn/lr 5.622e-02, trn/kl_scale 2.327e-05, val/acc 8.236e-01, val/nll 5.330e-01
[2023-02-15 16:25:57] [Epoch   359/  500] trn/loss 4.468e-01, trn/kl 2.948e+05, trn/lr 5.548e-02, trn/kl_scale 2.334e-05, val/acc 8.325e-01, val/nll 5.009e-01
[2023-02-15 16:26:05] [Epoch   360/  500] trn/loss 4.465e-01, trn/kl 2.941e+05, trn/lr 5.475e-02, trn/kl_scale 2.340e-05, val/acc 8.361e-01, val/nll 4.831e-01
[2023-02-15 16:26:12] [Epoch   361/  500] trn/loss 4.380e-01, trn/kl 2.934e+05, trn/lr 5.403e-02, trn/kl_scale 2.347e-05, val/acc 8.429e-01, val/nll 4.598e-01 (best_acc: 8.418e-01 -> 8.429e-01, test_acc: 8.356e-01, test_nll: 4.842e-01)
[2023-02-15 16:26:19] [Epoch   362/  500] trn/loss 4.392e-01, trn/kl 2.928e+05, trn/lr 5.330e-02, trn/kl_scale 2.353e-05, val/acc 8.128e-01, val/nll 5.508e-01
[2023-02-15 16:26:26] [Epoch   363/  500] trn/loss 4.369e-01, trn/kl 2.921e+05, trn/lr 5.259e-02, trn/kl_scale 2.360e-05, val/acc 8.398e-01, val/nll 4.800e-01
[2023-02-15 16:26:33] [Epoch   364/  500] trn/loss 4.321e-01, trn/kl 2.914e+05, trn/lr 5.187e-02, trn/kl_scale 2.367e-05, val/acc 8.160e-01, val/nll 5.675e-01
[2023-02-15 16:26:40] [Epoch   365/  500] trn/loss 4.312e-01, trn/kl 2.907e+05, trn/lr 5.116e-02, trn/kl_scale 2.373e-05, val/acc 8.305e-01, val/nll 5.118e-01
[2023-02-15 16:26:47] [Epoch   366/  500] trn/loss 4.321e-01, trn/kl 2.901e+05, trn/lr 5.045e-02, trn/kl_scale 2.380e-05, val/acc 8.149e-01, val/nll 5.437e-01
[2023-02-15 16:26:54] [Epoch   367/  500] trn/loss 4.353e-01, trn/kl 2.894e+05, trn/lr 4.975e-02, trn/kl_scale 2.386e-05, val/acc 8.173e-01, val/nll 5.570e-01
[2023-02-15 16:27:01] [Epoch   368/  500] trn/loss 4.292e-01, trn/kl 2.887e+05, trn/lr 4.905e-02, trn/kl_scale 2.393e-05, val/acc 8.162e-01, val/nll 5.438e-01
[2023-02-15 16:27:09] [Epoch   369/  500] trn/loss 4.283e-01, trn/kl 2.881e+05, trn/lr 4.836e-02, trn/kl_scale 2.399e-05, val/acc 8.254e-01, val/nll 5.264e-01
[2023-02-15 16:27:16] [Epoch   370/  500] trn/loss 4.231e-01, trn/kl 2.874e+05, trn/lr 4.766e-02, trn/kl_scale 2.406e-05, val/acc 8.302e-01, val/nll 5.198e-01
[2023-02-15 16:27:23] [Epoch   371/  500] trn/loss 4.205e-01, trn/kl 2.868e+05, trn/lr 4.698e-02, trn/kl_scale 2.412e-05, val/acc 8.198e-01, val/nll 5.341e-01
[2023-02-15 16:27:30] [Epoch   372/  500] trn/loss 4.226e-01, trn/kl 2.861e+05, trn/lr 4.629e-02, trn/kl_scale 2.419e-05, val/acc 8.437e-01, val/nll 4.689e-01 (best_acc: 8.429e-01 -> 8.437e-01, test_acc: 8.378e-01, test_nll: 4.805e-01)
[2023-02-15 16:27:37] [Epoch   373/  500] trn/loss 4.250e-01, trn/kl 2.855e+05, trn/lr 4.562e-02, trn/kl_scale 2.425e-05, val/acc 8.429e-01, val/nll 4.621e-01
[2023-02-15 16:27:44] [Epoch   374/  500] trn/loss 4.159e-01, trn/kl 2.849e+05, trn/lr 4.494e-02, trn/kl_scale 2.432e-05, val/acc 8.174e-01, val/nll 5.515e-01
[2023-02-15 16:27:52] [Epoch   375/  500] trn/loss 4.091e-01, trn/kl 2.842e+05, trn/lr 4.427e-02, trn/kl_scale 2.438e-05, val/acc 8.498e-01, val/nll 4.568e-01 (best_acc: 8.437e-01 -> 8.498e-01, test_acc: 8.469e-01, test_nll: 4.750e-01)
[2023-02-15 16:27:59] [Epoch   376/  500] trn/loss 4.186e-01, trn/kl 2.836e+05, trn/lr 4.360e-02, trn/kl_scale 2.441e-05, val/acc 8.305e-01, val/nll 4.973e-01
[2023-02-15 16:28:06] [Epoch   377/  500] trn/loss 4.088e-01, trn/kl 2.832e+05, trn/lr 4.294e-02, trn/kl_scale 2.441e-05, val/acc 8.340e-01, val/nll 4.911e-01
[2023-02-15 16:28:13] [Epoch   378/  500] trn/loss 4.045e-01, trn/kl 2.829e+05, trn/lr 4.228e-02, trn/kl_scale 2.441e-05, val/acc 8.248e-01, val/nll 5.178e-01
[2023-02-15 16:28:20] [Epoch   379/  500] trn/loss 4.082e-01, trn/kl 2.827e+05, trn/lr 4.163e-02, trn/kl_scale 2.441e-05, val/acc 8.283e-01, val/nll 4.941e-01
[2023-02-15 16:28:28] [Epoch   380/  500] trn/loss 4.000e-01, trn/kl 2.825e+05, trn/lr 4.098e-02, trn/kl_scale 2.441e-05, val/acc 8.614e-01, val/nll 4.054e-01 (best_acc: 8.498e-01 -> 8.614e-01, test_acc: 8.565e-01, test_nll: 4.279e-01)
[2023-02-15 16:28:35] [Epoch   381/  500] trn/loss 4.093e-01, trn/kl 2.824e+05, trn/lr 4.033e-02, trn/kl_scale 2.441e-05, val/acc 8.382e-01, val/nll 4.598e-01
[2023-02-15 16:28:42] [Epoch   382/  500] trn/loss 3.937e-01, trn/kl 2.824e+05, trn/lr 3.969e-02, trn/kl_scale 2.441e-05, val/acc 8.427e-01, val/nll 4.824e-01
[2023-02-15 16:28:49] [Epoch   383/  500] trn/loss 3.969e-01, trn/kl 2.823e+05, trn/lr 3.906e-02, trn/kl_scale 2.441e-05, val/acc 8.440e-01, val/nll 4.682e-01
[2023-02-15 16:28:56] [Epoch   384/  500] trn/loss 3.932e-01, trn/kl 2.823e+05, trn/lr 3.843e-02, trn/kl_scale 2.441e-05, val/acc 8.260e-01, val/nll 5.139e-01
[2023-02-15 16:29:03] [Epoch   385/  500] trn/loss 3.945e-01, trn/kl 2.822e+05, trn/lr 3.780e-02, trn/kl_scale 2.441e-05, val/acc 8.284e-01, val/nll 5.245e-01
[2023-02-15 16:29:10] [Epoch   386/  500] trn/loss 3.922e-01, trn/kl 2.822e+05, trn/lr 3.717e-02, trn/kl_scale 2.441e-05, val/acc 8.405e-01, val/nll 4.749e-01
[2023-02-15 16:29:17] [Epoch   387/  500] trn/loss 3.950e-01, trn/kl 2.822e+05, trn/lr 3.656e-02, trn/kl_scale 2.441e-05, val/acc 7.959e-01, val/nll 6.512e-01
[2023-02-15 16:29:24] [Epoch   388/  500] trn/loss 3.840e-01, trn/kl 2.822e+05, trn/lr 3.594e-02, trn/kl_scale 2.441e-05, val/acc 8.179e-01, val/nll 5.707e-01
[2023-02-15 16:29:31] [Epoch   389/  500] trn/loss 3.866e-01, trn/kl 2.822e+05, trn/lr 3.533e-02, trn/kl_scale 2.441e-05, val/acc 8.483e-01, val/nll 4.525e-01
[2023-02-15 16:29:38] [Epoch   390/  500] trn/loss 3.854e-01, trn/kl 2.822e+05, trn/lr 3.473e-02, trn/kl_scale 2.441e-05, val/acc 8.522e-01, val/nll 4.512e-01
[2023-02-15 16:29:45] [Epoch   391/  500] trn/loss 3.810e-01, trn/kl 2.822e+05, trn/lr 3.413e-02, trn/kl_scale 2.441e-05, val/acc 8.445e-01, val/nll 4.689e-01
[2023-02-15 16:29:52] [Epoch   392/  500] trn/loss 3.784e-01, trn/kl 2.822e+05, trn/lr 3.353e-02, trn/kl_scale 2.441e-05, val/acc 8.565e-01, val/nll 4.206e-01
[2023-02-15 16:29:59] [Epoch   393/  500] trn/loss 3.763e-01, trn/kl 2.822e+05, trn/lr 3.294e-02, trn/kl_scale 2.441e-05, val/acc 8.583e-01, val/nll 4.146e-01
[2023-02-15 16:30:06] [Epoch   394/  500] trn/loss 3.741e-01, trn/kl 2.822e+05, trn/lr 3.235e-02, trn/kl_scale 2.441e-05, val/acc 8.363e-01, val/nll 4.917e-01
[2023-02-15 16:30:13] [Epoch   395/  500] trn/loss 3.733e-01, trn/kl 2.822e+05, trn/lr 3.177e-02, trn/kl_scale 2.441e-05, val/acc 8.439e-01, val/nll 4.685e-01
[2023-02-15 16:30:20] [Epoch   396/  500] trn/loss 3.749e-01, trn/kl 2.822e+05, trn/lr 3.119e-02, trn/kl_scale 2.441e-05, val/acc 8.346e-01, val/nll 5.080e-01
[2023-02-15 16:30:27] [Epoch   397/  500] trn/loss 3.730e-01, trn/kl 2.822e+05, trn/lr 3.062e-02, trn/kl_scale 2.441e-05, val/acc 8.403e-01, val/nll 4.634e-01
[2023-02-15 16:30:34] [Epoch   398/  500] trn/loss 3.652e-01, trn/kl 2.822e+05, trn/lr 3.005e-02, trn/kl_scale 2.441e-05, val/acc 8.303e-01, val/nll 5.130e-01
[2023-02-15 16:30:41] [Epoch   399/  500] trn/loss 3.623e-01, trn/kl 2.822e+05, trn/lr 2.949e-02, trn/kl_scale 2.441e-05, val/acc 8.444e-01, val/nll 4.686e-01
[2023-02-15 16:30:49] [Epoch   400/  500] trn/loss 3.656e-01, trn/kl 2.822e+05, trn/lr 2.893e-02, trn/kl_scale 2.441e-05, val/acc 8.496e-01, val/nll 4.508e-01
[2023-02-15 16:30:56] [Epoch   401/  500] trn/loss 3.648e-01, trn/kl 2.822e+05, trn/lr 2.837e-02, trn/kl_scale 2.441e-05, val/acc 8.613e-01, val/nll 4.100e-01
[2023-02-15 16:31:03] [Epoch   402/  500] trn/loss 3.619e-01, trn/kl 2.822e+05, trn/lr 2.782e-02, trn/kl_scale 2.441e-05, val/acc 8.418e-01, val/nll 4.911e-01
[2023-02-15 16:31:10] [Epoch   403/  500] trn/loss 3.593e-01, trn/kl 2.822e+05, trn/lr 2.728e-02, trn/kl_scale 2.441e-05, val/acc 8.248e-01, val/nll 5.290e-01
[2023-02-15 16:31:17] [Epoch   404/  500] trn/loss 3.595e-01, trn/kl 2.822e+05, trn/lr 2.674e-02, trn/kl_scale 2.441e-05, val/acc 8.415e-01, val/nll 4.690e-01
[2023-02-15 16:31:24] [Epoch   405/  500] trn/loss 3.525e-01, trn/kl 2.822e+05, trn/lr 2.621e-02, trn/kl_scale 2.441e-05, val/acc 8.517e-01, val/nll 4.512e-01
[2023-02-15 16:31:31] [Epoch   406/  500] trn/loss 3.471e-01, trn/kl 2.822e+05, trn/lr 2.568e-02, trn/kl_scale 2.441e-05, val/acc 8.665e-01, val/nll 3.942e-01 (best_acc: 8.614e-01 -> 8.665e-01, test_acc: 8.647e-01, test_nll: 4.094e-01)
[2023-02-15 16:31:38] [Epoch   407/  500] trn/loss 3.520e-01, trn/kl 2.822e+05, trn/lr 2.515e-02, trn/kl_scale 2.441e-05, val/acc 8.460e-01, val/nll 4.562e-01
[2023-02-15 16:31:45] [Epoch   408/  500] trn/loss 3.493e-01, trn/kl 2.822e+05, trn/lr 2.463e-02, trn/kl_scale 2.441e-05, val/acc 8.499e-01, val/nll 4.447e-01
[2023-02-15 16:31:52] [Epoch   409/  500] trn/loss 3.431e-01, trn/kl 2.822e+05, trn/lr 2.412e-02, trn/kl_scale 2.441e-05, val/acc 8.559e-01, val/nll 4.226e-01
[2023-02-15 16:32:00] [Epoch   410/  500] trn/loss 3.433e-01, trn/kl 2.822e+05, trn/lr 2.361e-02, trn/kl_scale 2.441e-05, val/acc 8.625e-01, val/nll 4.006e-01
[2023-02-15 16:32:07] [Epoch   411/  500] trn/loss 3.408e-01, trn/kl 2.822e+05, trn/lr 2.310e-02, trn/kl_scale 2.441e-05, val/acc 8.306e-01, val/nll 5.182e-01
[2023-02-15 16:32:14] [Epoch   412/  500] trn/loss 3.430e-01, trn/kl 2.822e+05, trn/lr 2.260e-02, trn/kl_scale 2.441e-05, val/acc 8.671e-01, val/nll 3.846e-01 (best_acc: 8.665e-01 -> 8.671e-01, test_acc: 8.634e-01, test_nll: 3.940e-01)
[2023-02-15 16:32:21] [Epoch   413/  500] trn/loss 3.342e-01, trn/kl 2.822e+05, trn/lr 2.211e-02, trn/kl_scale 2.441e-05, val/acc 8.574e-01, val/nll 4.380e-01
[2023-02-15 16:32:28] [Epoch   414/  500] trn/loss 3.385e-01, trn/kl 2.822e+05, trn/lr 2.162e-02, trn/kl_scale 2.441e-05, val/acc 8.646e-01, val/nll 4.011e-01
[2023-02-15 16:32:35] [Epoch   415/  500] trn/loss 3.331e-01, trn/kl 2.822e+05, trn/lr 2.113e-02, trn/kl_scale 2.441e-05, val/acc 8.456e-01, val/nll 4.758e-01
[2023-02-15 16:32:43] [Epoch   416/  500] trn/loss 3.290e-01, trn/kl 2.822e+05, trn/lr 2.065e-02, trn/kl_scale 2.441e-05, val/acc 8.728e-01, val/nll 3.746e-01 (best_acc: 8.671e-01 -> 8.728e-01, test_acc: 8.731e-01, test_nll: 3.959e-01)
[2023-02-15 16:32:50] [Epoch   417/  500] trn/loss 3.265e-01, trn/kl 2.822e+05, trn/lr 2.018e-02, trn/kl_scale 2.441e-05, val/acc 8.699e-01, val/nll 3.974e-01
[2023-02-15 16:32:57] [Epoch   418/  500] trn/loss 3.229e-01, trn/kl 2.822e+05, trn/lr 1.971e-02, trn/kl_scale 2.441e-05, val/acc 8.629e-01, val/nll 4.108e-01
[2023-02-15 16:33:04] [Epoch   419/  500] trn/loss 3.209e-01, trn/kl 2.822e+05, trn/lr 1.924e-02, trn/kl_scale 2.441e-05, val/acc 8.600e-01, val/nll 4.112e-01
[2023-02-15 16:33:11] [Epoch   420/  500] trn/loss 3.173e-01, trn/kl 2.822e+05, trn/lr 1.878e-02, trn/kl_scale 2.441e-05, val/acc 8.394e-01, val/nll 4.930e-01
[2023-02-15 16:33:18] [Epoch   421/  500] trn/loss 3.162e-01, trn/kl 2.822e+05, trn/lr 1.833e-02, trn/kl_scale 2.441e-05, val/acc 8.704e-01, val/nll 3.781e-01
[2023-02-15 16:33:25] [Epoch   422/  500] trn/loss 3.122e-01, trn/kl 2.822e+05, trn/lr 1.788e-02, trn/kl_scale 2.441e-05, val/acc 8.708e-01, val/nll 3.879e-01
[2023-02-15 16:33:32] [Epoch   423/  500] trn/loss 3.159e-01, trn/kl 2.822e+05, trn/lr 1.744e-02, trn/kl_scale 2.441e-05, val/acc 8.710e-01, val/nll 3.939e-01
[2023-02-15 16:33:39] [Epoch   424/  500] trn/loss 3.146e-01, trn/kl 2.822e+05, trn/lr 1.700e-02, trn/kl_scale 2.441e-05, val/acc 8.680e-01, val/nll 4.022e-01
[2023-02-15 16:33:46] [Epoch   425/  500] trn/loss 3.065e-01, trn/kl 2.821e+05, trn/lr 1.657e-02, trn/kl_scale 2.441e-05, val/acc 8.691e-01, val/nll 3.988e-01
[2023-02-15 16:33:53] [Epoch   426/  500] trn/loss 3.035e-01, trn/kl 2.821e+05, trn/lr 1.614e-02, trn/kl_scale 2.441e-05, val/acc 8.623e-01, val/nll 4.224e-01
[2023-02-15 16:34:01] [Epoch   427/  500] trn/loss 2.990e-01, trn/kl 2.821e+05, trn/lr 1.571e-02, trn/kl_scale 2.441e-05, val/acc 8.825e-01, val/nll 3.590e-01 (best_acc: 8.728e-01 -> 8.825e-01, test_acc: 8.782e-01, test_nll: 3.698e-01)
[2023-02-15 16:34:08] [Epoch   428/  500] trn/loss 2.967e-01, trn/kl 2.821e+05, trn/lr 1.530e-02, trn/kl_scale 2.441e-05, val/acc 8.691e-01, val/nll 3.978e-01
[2023-02-15 16:34:15] [Epoch   429/  500] trn/loss 2.993e-01, trn/kl 2.821e+05, trn/lr 1.489e-02, trn/kl_scale 2.441e-05, val/acc 8.634e-01, val/nll 4.034e-01
[2023-02-15 16:34:22] [Epoch   430/  500] trn/loss 2.927e-01, trn/kl 2.821e+05, trn/lr 1.448e-02, trn/kl_scale 2.441e-05, val/acc 8.559e-01, val/nll 4.442e-01
[2023-02-15 16:34:29] [Epoch   431/  500] trn/loss 2.931e-01, trn/kl 2.821e+05, trn/lr 1.408e-02, trn/kl_scale 2.441e-05, val/acc 8.824e-01, val/nll 3.553e-01
[2023-02-15 16:34:36] [Epoch   432/  500] trn/loss 2.876e-01, trn/kl 2.821e+05, trn/lr 1.368e-02, trn/kl_scale 2.441e-05, val/acc 8.740e-01, val/nll 3.759e-01
[2023-02-15 16:34:43] [Epoch   433/  500] trn/loss 2.840e-01, trn/kl 2.821e+05, trn/lr 1.329e-02, trn/kl_scale 2.441e-05, val/acc 8.720e-01, val/nll 3.845e-01
[2023-02-15 16:34:50] [Epoch   434/  500] trn/loss 2.874e-01, trn/kl 2.821e+05, trn/lr 1.291e-02, trn/kl_scale 2.441e-05, val/acc 8.750e-01, val/nll 3.780e-01
[2023-02-15 16:34:57] [Epoch   435/  500] trn/loss 2.849e-01, trn/kl 2.821e+05, trn/lr 1.253e-02, trn/kl_scale 2.441e-05, val/acc 8.712e-01, val/nll 3.948e-01
[2023-02-15 16:35:05] [Epoch   436/  500] trn/loss 2.836e-01, trn/kl 2.821e+05, trn/lr 1.215e-02, trn/kl_scale 2.441e-05, val/acc 8.842e-01, val/nll 3.417e-01 (best_acc: 8.825e-01 -> 8.842e-01, test_acc: 8.820e-01, test_nll: 3.614e-01)
[2023-02-15 16:35:12] [Epoch   437/  500] trn/loss 2.792e-01, trn/kl 2.821e+05, trn/lr 1.178e-02, trn/kl_scale 2.441e-05, val/acc 8.866e-01, val/nll 3.366e-01 (best_acc: 8.842e-01 -> 8.866e-01, test_acc: 8.852e-01, test_nll: 3.490e-01)
[2023-02-15 16:35:20] [Epoch   438/  500] trn/loss 2.751e-01, trn/kl 2.821e+05, trn/lr 1.142e-02, trn/kl_scale 2.441e-05, val/acc 8.790e-01, val/nll 3.602e-01
[2023-02-15 16:35:27] [Epoch   439/  500] trn/loss 2.748e-01, trn/kl 2.821e+05, trn/lr 1.106e-02, trn/kl_scale 2.441e-05, val/acc 8.829e-01, val/nll 3.586e-01
[2023-02-15 16:35:34] [Epoch   440/  500] trn/loss 2.683e-01, trn/kl 2.821e+05, trn/lr 1.071e-02, trn/kl_scale 2.441e-05, val/acc 8.809e-01, val/nll 3.562e-01
[2023-02-15 16:35:41] [Epoch   441/  500] trn/loss 2.754e-01, trn/kl 2.821e+05, trn/lr 1.036e-02, trn/kl_scale 2.441e-05, val/acc 8.805e-01, val/nll 3.577e-01
[2023-02-15 16:35:48] [Epoch   442/  500] trn/loss 2.622e-01, trn/kl 2.821e+05, trn/lr 1.002e-02, trn/kl_scale 2.441e-05, val/acc 8.805e-01, val/nll 3.522e-01
[2023-02-15 16:35:55] [Epoch   443/  500] trn/loss 2.626e-01, trn/kl 2.821e+05, trn/lr 9.685e-03, trn/kl_scale 2.441e-05, val/acc 8.858e-01, val/nll 3.428e-01
[2023-02-15 16:36:02] [Epoch   444/  500] trn/loss 2.581e-01, trn/kl 2.821e+05, trn/lr 9.354e-03, trn/kl_scale 2.441e-05, val/acc 8.846e-01, val/nll 3.418e-01
[2023-02-15 16:36:09] [Epoch   445/  500] trn/loss 2.501e-01, trn/kl 2.821e+05, trn/lr 9.029e-03, trn/kl_scale 2.441e-05, val/acc 8.792e-01, val/nll 3.658e-01
[2023-02-15 16:36:16] [Epoch   446/  500] trn/loss 2.531e-01, trn/kl 2.821e+05, trn/lr 8.710e-03, trn/kl_scale 2.441e-05, val/acc 8.729e-01, val/nll 3.747e-01
[2023-02-15 16:36:23] [Epoch   447/  500] trn/loss 2.536e-01, trn/kl 2.821e+05, trn/lr 8.396e-03, trn/kl_scale 2.441e-05, val/acc 8.825e-01, val/nll 3.406e-01
[2023-02-15 16:36:30] [Epoch   448/  500] trn/loss 2.478e-01, trn/kl 2.821e+05, trn/lr 8.088e-03, trn/kl_scale 2.441e-05, val/acc 8.802e-01, val/nll 3.560e-01
[2023-02-15 16:36:38] [Epoch   449/  500] trn/loss 2.420e-01, trn/kl 2.821e+05, trn/lr 7.786e-03, trn/kl_scale 2.441e-05, val/acc 8.889e-01, val/nll 3.371e-01 (best_acc: 8.866e-01 -> 8.889e-01, test_acc: 8.821e-01, test_nll: 3.620e-01)
[2023-02-15 16:36:45] [Epoch   450/  500] trn/loss 2.423e-01, trn/kl 2.821e+05, trn/lr 7.489e-03, trn/kl_scale 2.441e-05, val/acc 8.863e-01, val/nll 3.520e-01
[2023-02-15 16:36:52] [Epoch   451/  500] trn/loss 2.429e-01, trn/kl 2.821e+05, trn/lr 7.198e-03, trn/kl_scale 2.441e-05, val/acc 8.864e-01, val/nll 3.405e-01
[2023-02-15 16:36:59] [Epoch   452/  500] trn/loss 2.371e-01, trn/kl 2.821e+05, trn/lr 6.912e-03, trn/kl_scale 2.441e-05, val/acc 8.944e-01, val/nll 3.322e-01 (best_acc: 8.889e-01 -> 8.944e-01, test_acc: 8.844e-01, test_nll: 3.543e-01)
[2023-02-15 16:37:06] [Epoch   453/  500] trn/loss 2.392e-01, trn/kl 2.821e+05, trn/lr 6.632e-03, trn/kl_scale 2.441e-05, val/acc 8.862e-01, val/nll 3.439e-01
[2023-02-15 16:37:13] [Epoch   454/  500] trn/loss 2.294e-01, trn/kl 2.821e+05, trn/lr 6.358e-03, trn/kl_scale 2.441e-05, val/acc 8.856e-01, val/nll 3.635e-01
[2023-02-15 16:37:20] [Epoch   455/  500] trn/loss 2.288e-01, trn/kl 2.821e+05, trn/lr 6.089e-03, trn/kl_scale 2.441e-05, val/acc 8.933e-01, val/nll 3.268e-01
[2023-02-15 16:37:27] [Epoch   456/  500] trn/loss 2.283e-01, trn/kl 2.821e+05, trn/lr 5.826e-03, trn/kl_scale 2.441e-05, val/acc 8.882e-01, val/nll 3.408e-01
[2023-02-15 16:37:34] [Epoch   457/  500] trn/loss 2.206e-01, trn/kl 2.821e+05, trn/lr 5.569e-03, trn/kl_scale 2.441e-05, val/acc 8.867e-01, val/nll 3.479e-01
[2023-02-15 16:37:41] [Epoch   458/  500] trn/loss 2.204e-01, trn/kl 2.821e+05, trn/lr 5.317e-03, trn/kl_scale 2.441e-05, val/acc 8.898e-01, val/nll 3.420e-01
[2023-02-15 16:37:48] [Epoch   459/  500] trn/loss 2.207e-01, trn/kl 2.821e+05, trn/lr 5.072e-03, trn/kl_scale 2.441e-05, val/acc 8.894e-01, val/nll 3.352e-01
[2023-02-15 16:37:56] [Epoch   460/  500] trn/loss 2.156e-01, trn/kl 2.821e+05, trn/lr 4.831e-03, trn/kl_scale 2.441e-05, val/acc 8.948e-01, val/nll 3.255e-01 (best_acc: 8.944e-01 -> 8.948e-01, test_acc: 8.904e-01, test_nll: 3.417e-01)
[2023-02-15 16:38:03] [Epoch   461/  500] trn/loss 2.132e-01, trn/kl 2.821e+05, trn/lr 4.597e-03, trn/kl_scale 2.441e-05, val/acc 8.963e-01, val/nll 3.243e-01 (best_acc: 8.948e-01 -> 8.963e-01, test_acc: 8.918e-01, test_nll: 3.443e-01)
[2023-02-15 16:38:11] [Epoch   462/  500] trn/loss 2.075e-01, trn/kl 2.821e+05, trn/lr 4.368e-03, trn/kl_scale 2.441e-05, val/acc 8.975e-01, val/nll 3.258e-01 (best_acc: 8.963e-01 -> 8.975e-01, test_acc: 8.909e-01, test_nll: 3.372e-01)
[2023-02-15 16:38:18] [Epoch   463/  500] trn/loss 2.092e-01, trn/kl 2.821e+05, trn/lr 4.145e-03, trn/kl_scale 2.441e-05, val/acc 8.933e-01, val/nll 3.243e-01
[2023-02-15 16:38:25] [Epoch   464/  500] trn/loss 2.049e-01, trn/kl 2.821e+05, trn/lr 3.928e-03, trn/kl_scale 2.441e-05, val/acc 8.957e-01, val/nll 3.203e-01
[2023-02-15 16:38:32] [Epoch   465/  500] trn/loss 2.040e-01, trn/kl 2.821e+05, trn/lr 3.717e-03, trn/kl_scale 2.441e-05, val/acc 8.904e-01, val/nll 3.376e-01
[2023-02-15 16:38:39] [Epoch   466/  500] trn/loss 2.036e-01, trn/kl 2.821e+05, trn/lr 3.511e-03, trn/kl_scale 2.441e-05, val/acc 8.920e-01, val/nll 3.316e-01
[2023-02-15 16:38:46] [Epoch   467/  500] trn/loss 1.999e-01, trn/kl 2.821e+05, trn/lr 3.311e-03, trn/kl_scale 2.441e-05, val/acc 8.959e-01, val/nll 3.155e-01
[2023-02-15 16:38:53] [Epoch   468/  500] trn/loss 1.971e-01, trn/kl 2.821e+05, trn/lr 3.117e-03, trn/kl_scale 2.441e-05, val/acc 8.966e-01, val/nll 3.150e-01
[2023-02-15 16:39:01] [Epoch   469/  500] trn/loss 1.958e-01, trn/kl 2.821e+05, trn/lr 2.929e-03, trn/kl_scale 2.441e-05, val/acc 8.983e-01, val/nll 3.133e-01 (best_acc: 8.975e-01 -> 8.983e-01, test_acc: 8.916e-01, test_nll: 3.390e-01)
[2023-02-15 16:39:08] [Epoch   470/  500] trn/loss 1.910e-01, trn/kl 2.821e+05, trn/lr 2.747e-03, trn/kl_scale 2.441e-05, val/acc 8.972e-01, val/nll 3.190e-01
[2023-02-15 16:39:15] [Epoch   471/  500] trn/loss 1.915e-01, trn/kl 2.821e+05, trn/lr 2.570e-03, trn/kl_scale 2.441e-05, val/acc 8.986e-01, val/nll 3.087e-01 (best_acc: 8.983e-01 -> 8.986e-01, test_acc: 8.947e-01, test_nll: 3.340e-01)
[2023-02-15 16:39:23] [Epoch   472/  500] trn/loss 1.875e-01, trn/kl 2.821e+05, trn/lr 2.399e-03, trn/kl_scale 2.441e-05, val/acc 9.017e-01, val/nll 2.998e-01 (best_acc: 8.986e-01 -> 9.017e-01, test_acc: 8.964e-01, test_nll: 3.247e-01)
[2023-02-15 16:39:30] [Epoch   473/  500] trn/loss 1.846e-01, trn/kl 2.821e+05, trn/lr 2.234e-03, trn/kl_scale 2.441e-05, val/acc 9.011e-01, val/nll 3.066e-01
[2023-02-15 16:39:37] [Epoch   474/  500] trn/loss 1.794e-01, trn/kl 2.821e+05, trn/lr 2.075e-03, trn/kl_scale 2.441e-05, val/acc 8.998e-01, val/nll 3.080e-01
[2023-02-15 16:39:44] [Epoch   475/  500] trn/loss 1.784e-01, trn/kl 2.821e+05, trn/lr 1.922e-03, trn/kl_scale 2.441e-05, val/acc 9.009e-01, val/nll 3.098e-01
[2023-02-15 16:39:51] [Epoch   476/  500] trn/loss 1.820e-01, trn/kl 2.821e+05, trn/lr 1.774e-03, trn/kl_scale 2.441e-05, val/acc 9.031e-01, val/nll 3.057e-01 (best_acc: 9.017e-01 -> 9.031e-01, test_acc: 8.984e-01, test_nll: 3.247e-01)
[2023-02-15 16:39:58] [Epoch   477/  500] trn/loss 1.790e-01, trn/kl 2.821e+05, trn/lr 1.633e-03, trn/kl_scale 2.441e-05, val/acc 9.018e-01, val/nll 3.043e-01
[2023-02-15 16:40:05] [Epoch   478/  500] trn/loss 1.751e-01, trn/kl 2.821e+05, trn/lr 1.497e-03, trn/kl_scale 2.441e-05, val/acc 9.017e-01, val/nll 3.012e-01
[2023-02-15 16:40:12] [Epoch   479/  500] trn/loss 1.753e-01, trn/kl 2.821e+05, trn/lr 1.367e-03, trn/kl_scale 2.441e-05, val/acc 9.023e-01, val/nll 3.001e-01
[2023-02-15 16:40:20] [Epoch   480/  500] trn/loss 1.698e-01, trn/kl 2.821e+05, trn/lr 1.243e-03, trn/kl_scale 2.441e-05, val/acc 9.024e-01, val/nll 3.057e-01
[2023-02-15 16:40:27] [Epoch   481/  500] trn/loss 1.708e-01, trn/kl 2.821e+05, trn/lr 1.125e-03, trn/kl_scale 2.441e-05, val/acc 9.027e-01, val/nll 2.988e-01
[2023-02-15 16:40:34] [Epoch   482/  500] trn/loss 1.682e-01, trn/kl 2.821e+05, trn/lr 1.013e-03, trn/kl_scale 2.441e-05, val/acc 9.029e-01, val/nll 3.024e-01
[2023-02-15 16:40:41] [Epoch   483/  500] trn/loss 1.696e-01, trn/kl 2.821e+05, trn/lr 9.064e-04, trn/kl_scale 2.441e-05, val/acc 9.035e-01, val/nll 2.983e-01 (best_acc: 9.031e-01 -> 9.035e-01, test_acc: 8.973e-01, test_nll: 3.243e-01)
[2023-02-15 16:40:49] [Epoch   484/  500] trn/loss 1.664e-01, trn/kl 2.821e+05, trn/lr 8.059e-04, trn/kl_scale 2.441e-05, val/acc 9.037e-01, val/nll 2.984e-01 (best_acc: 9.035e-01 -> 9.037e-01, test_acc: 8.979e-01, test_nll: 3.207e-01)
[2023-02-15 16:40:56] [Epoch   485/  500] trn/loss 1.676e-01, trn/kl 2.821e+05, trn/lr 7.113e-04, trn/kl_scale 2.441e-05, val/acc 9.035e-01, val/nll 2.994e-01
[2023-02-15 16:41:03] [Epoch   486/  500] trn/loss 1.671e-01, trn/kl 2.821e+05, trn/lr 6.226e-04, trn/kl_scale 2.441e-05, val/acc 9.030e-01, val/nll 3.013e-01
[2023-02-15 16:41:10] [Epoch   487/  500] trn/loss 1.634e-01, trn/kl 2.821e+05, trn/lr 5.398e-04, trn/kl_scale 2.441e-05, val/acc 9.035e-01, val/nll 2.985e-01
[2023-02-15 16:41:17] [Epoch   488/  500] trn/loss 1.654e-01, trn/kl 2.821e+05, trn/lr 4.629e-04, trn/kl_scale 2.441e-05, val/acc 9.033e-01, val/nll 2.982e-01
[2023-02-15 16:41:24] [Epoch   489/  500] trn/loss 1.604e-01, trn/kl 2.821e+05, trn/lr 3.919e-04, trn/kl_scale 2.441e-05, val/acc 9.040e-01, val/nll 2.989e-01 (best_acc: 9.037e-01 -> 9.040e-01, test_acc: 9.004e-01, test_nll: 3.223e-01)
[2023-02-15 16:41:32] [Epoch   490/  500] trn/loss 1.603e-01, trn/kl 2.821e+05, trn/lr 3.268e-04, trn/kl_scale 2.441e-05, val/acc 9.041e-01, val/nll 2.968e-01 (best_acc: 9.040e-01 -> 9.041e-01, test_acc: 9.003e-01, test_nll: 3.193e-01)
[2023-02-15 16:41:39] [Epoch   491/  500] trn/loss 1.597e-01, trn/kl 2.821e+05, trn/lr 2.676e-04, trn/kl_scale 2.441e-05, val/acc 9.041e-01, val/nll 2.968e-01
[2023-02-15 16:41:46] [Epoch   492/  500] trn/loss 1.584e-01, trn/kl 2.821e+05, trn/lr 2.143e-04, trn/kl_scale 2.441e-05, val/acc 9.048e-01, val/nll 2.999e-01 (best_acc: 9.041e-01 -> 9.048e-01, test_acc: 8.985e-01, test_nll: 3.237e-01)
[2023-02-15 16:41:53] [Epoch   493/  500] trn/loss 1.596e-01, trn/kl 2.821e+05, trn/lr 1.669e-04, trn/kl_scale 2.441e-05, val/acc 9.046e-01, val/nll 2.965e-01
[2023-02-15 16:42:01] [Epoch   494/  500] trn/loss 1.575e-01, trn/kl 2.821e+05, trn/lr 1.254e-04, trn/kl_scale 2.441e-05, val/acc 9.032e-01, val/nll 2.982e-01
[2023-02-15 16:42:08] [Epoch   495/  500] trn/loss 1.557e-01, trn/kl 2.821e+05, trn/lr 8.991e-05, trn/kl_scale 2.441e-05, val/acc 9.033e-01, val/nll 2.959e-01
[2023-02-15 16:42:15] [Epoch   496/  500] trn/loss 1.586e-01, trn/kl 2.821e+05, trn/lr 6.028e-05, trn/kl_scale 2.441e-05, val/acc 9.052e-01, val/nll 2.954e-01 (best_acc: 9.048e-01 -> 9.052e-01, test_acc: 8.983e-01, test_nll: 3.188e-01)
[2023-02-15 16:42:22] [Epoch   497/  500] trn/loss 1.558e-01, trn/kl 2.821e+05, trn/lr 3.658e-05, trn/kl_scale 2.441e-05, val/acc 9.038e-01, val/nll 2.985e-01
[2023-02-15 16:42:29] [Epoch   498/  500] trn/loss 1.575e-01, trn/kl 2.821e+05, trn/lr 1.880e-05, trn/kl_scale 2.441e-05, val/acc 9.038e-01, val/nll 2.983e-01
[2023-02-15 16:42:37] [Epoch   499/  500] trn/loss 1.565e-01, trn/kl 2.821e+05, trn/lr 6.936e-06, trn/kl_scale 2.441e-05, val/acc 9.053e-01, val/nll 2.968e-01 (best_acc: 9.052e-01 -> 9.053e-01, test_acc: 8.990e-01, test_nll: 3.210e-01)
[2023-02-15 16:42:44] [Epoch   500/  500] trn/loss 1.561e-01, trn/kl 2.821e+05, trn/lr 9.964e-07, trn/kl_scale 2.441e-05, val/acc 9.040e-01, val/nll 2.973e-01
