[2023-02-16 13:27:54] Environments:
------------  ------------------------------------------------------------
sys.platform  linux
Python        3.8.10 (default, Nov 14 2022, 12:59:47) [GCC 9.4.0]
JAX           0.4.2 @/home/giung/.local/lib/python3.8/site-packages/jax
jaxlib        0.4.2 @/home/giung/.local/lib/python3.8/site-packages/jaxlib
Flax          0.6.4 @/home/giung/.local/lib/python3.8/site-packages/flax
Optax         0.1.4 @/home/giung/.local/lib/python3.8/site-packages/optax
------------  ------------------------------------------------------------

[2023-02-16 13:27:54] Command line arguments:
- args.data_root          : ./data/
- args.data_name          : CIFAR10_x32
- args.data_augmentation  : standard
- args.data_proportional  : 1.0
- args.model_depth        : 20
- args.model_width        : 4
- args.model_style        : BN-ReLU
- args.optim_bs           : 256
- args.optim_ne           : 200
- args.optim_lr           : 0.3
- args.optim_b1           : 0.9
- args.optim_b2           : 0.999
- args.optim_eps          : 0.1
- args.optim_weight_decay : 0.0001
- args.rho                : 0.03
- args.num_data_factor    : 4.0
- args.save               : /home/giung/giung2-dev/projects/sam/save/CIFAR10_x32/R20x4-BN-ReLU/BayesSAM/bs-0256_ne-0200_lr-0.30_b1-0.900_b2-0.999_wd-0.0001_eps-1e-1_rho-0.0300_factor-4.0_fp32/42
- args.seed               : 42
- args.precision          : fp32

[2023-02-16 13:28:08] Multiple local devices are detected:
[TpuDevice(id=0, process_index=0, coords=(0,0,0), core_on_chip=0), TpuDevice(id=1, process_index=0, coords=(0,0,0), core_on_chip=1), TpuDevice(id=2, process_index=0, coords=(1,0,0), core_on_chip=0), TpuDevice(id=3, process_index=0, coords=(1,0,0), core_on_chip=1), TpuDevice(id=4, process_index=0, coords=(0,1,0), core_on_chip=0), TpuDevice(id=5, process_index=0, coords=(0,1,0), core_on_chip=1), TpuDevice(id=6, process_index=0, coords=(1,1,0), core_on_chip=0), TpuDevice(id=7, process_index=0, coords=(1,1,0), core_on_chip=1)]

[2023-02-16 13:29:18] [Epoch     1/  200] trn/loss 2.026e+00, trn/lr 3.000e-01, trn/scale 9.322e-01, val/acc 3.997e-01, val/nll 1.606e+00 (best_acc: 0.000e+00 -> 3.997e-01, test_acc: 3.975e-01, test_nll: 1.604e+00)
[2023-02-16 13:29:27] [Epoch     2/  200] trn/loss 1.546e+00, trn/lr 3.000e-01, trn/scale 8.092e-01, val/acc 4.715e-01, val/nll 1.470e+00 (best_acc: 3.997e-01 -> 4.715e-01, test_acc: 4.677e-01, test_nll: 1.481e+00)
[2023-02-16 13:29:36] [Epoch     3/  200] trn/loss 1.331e+00, trn/lr 2.999e-01, trn/scale 7.044e-01, val/acc 5.175e-01, val/nll 1.430e+00 (best_acc: 4.715e-01 -> 5.175e-01, test_acc: 5.197e-01, test_nll: 1.414e+00)
[2023-02-16 13:29:45] [Epoch     4/  200] trn/loss 1.120e+00, trn/lr 2.998e-01, trn/scale 6.151e-01, val/acc 5.971e-01, val/nll 1.113e+00 (best_acc: 5.175e-01 -> 5.971e-01, test_acc: 5.954e-01, test_nll: 1.114e+00)
[2023-02-16 13:29:55] [Epoch     5/  200] trn/loss 9.559e-01, trn/lr 2.996e-01, trn/scale 5.390e-01, val/acc 6.497e-01, val/nll 1.019e+00 (best_acc: 5.971e-01 -> 6.497e-01, test_acc: 6.440e-01, test_nll: 1.051e+00)
[2023-02-16 13:30:04] [Epoch     6/  200] trn/loss 8.395e-01, trn/lr 2.994e-01, trn/scale 4.742e-01, val/acc 7.066e-01, val/nll 8.418e-01 (best_acc: 6.497e-01 -> 7.066e-01, test_acc: 6.989e-01, test_nll: 8.596e-01)
[2023-02-16 13:30:13] [Epoch     7/  200] trn/loss 7.332e-01, trn/lr 2.992e-01, trn/scale 4.189e-01, val/acc 7.176e-01, val/nll 8.747e-01 (best_acc: 7.066e-01 -> 7.176e-01, test_acc: 7.047e-01, test_nll: 8.903e-01)
[2023-02-16 13:30:23] [Epoch     8/  200] trn/loss 6.588e-01, trn/lr 2.990e-01, trn/scale 3.719e-01, val/acc 7.265e-01, val/nll 8.745e-01 (best_acc: 7.176e-01 -> 7.265e-01, test_acc: 7.224e-01, test_nll: 8.802e-01)
[2023-02-16 13:30:32] [Epoch     9/  200] trn/loss 5.835e-01, trn/lr 2.987e-01, trn/scale 3.318e-01, val/acc 7.952e-01, val/nll 5.865e-01 (best_acc: 7.265e-01 -> 7.952e-01, test_acc: 7.970e-01, test_nll: 5.937e-01)
[2023-02-16 13:30:40] [Epoch    10/  200] trn/loss 5.410e-01, trn/lr 2.983e-01, trn/scale 2.976e-01, val/acc 7.571e-01, val/nll 6.833e-01
[2023-02-16 13:30:49] [Epoch    11/  200] trn/loss 4.998e-01, trn/lr 2.980e-01, trn/scale 2.684e-01, val/acc 8.111e-01, val/nll 5.513e-01 (best_acc: 7.952e-01 -> 8.111e-01, test_acc: 8.052e-01, test_nll: 5.769e-01)
[2023-02-16 13:30:57] [Epoch    12/  200] trn/loss 4.623e-01, trn/lr 2.976e-01, trn/scale 2.436e-01, val/acc 7.850e-01, val/nll 6.526e-01
[2023-02-16 13:31:06] [Epoch    13/  200] trn/loss 4.351e-01, trn/lr 2.971e-01, trn/scale 2.225e-01, val/acc 8.187e-01, val/nll 5.401e-01 (best_acc: 8.111e-01 -> 8.187e-01, test_acc: 8.172e-01, test_nll: 5.531e-01)
[2023-02-16 13:31:16] [Epoch    14/  200] trn/loss 4.143e-01, trn/lr 2.966e-01, trn/scale 2.045e-01, val/acc 8.219e-01, val/nll 5.334e-01 (best_acc: 8.187e-01 -> 8.219e-01, test_acc: 8.203e-01, test_nll: 5.529e-01)
[2023-02-16 13:31:24] [Epoch    15/  200] trn/loss 3.797e-01, trn/lr 2.961e-01, trn/scale 1.891e-01, val/acc 8.170e-01, val/nll 5.455e-01
[2023-02-16 13:31:32] [Epoch    16/  200] trn/loss 3.650e-01, trn/lr 2.956e-01, trn/scale 1.760e-01, val/acc 8.200e-01, val/nll 5.656e-01
[2023-02-16 13:31:41] [Epoch    17/  200] trn/loss 3.407e-01, trn/lr 2.950e-01, trn/scale 1.649e-01, val/acc 8.473e-01, val/nll 4.545e-01 (best_acc: 8.219e-01 -> 8.473e-01, test_acc: 8.466e-01, test_nll: 4.676e-01)
[2023-02-16 13:31:49] [Epoch    18/  200] trn/loss 3.247e-01, trn/lr 2.944e-01, trn/scale 1.554e-01, val/acc 8.008e-01, val/nll 5.815e-01
[2023-02-16 13:31:59] [Epoch    19/  200] trn/loss 3.064e-01, trn/lr 2.937e-01, trn/scale 1.473e-01, val/acc 8.683e-01, val/nll 3.965e-01 (best_acc: 8.473e-01 -> 8.683e-01, test_acc: 8.675e-01, test_nll: 4.078e-01)
[2023-02-16 13:32:08] [Epoch    20/  200] trn/loss 2.894e-01, trn/lr 2.930e-01, trn/scale 1.404e-01, val/acc 8.733e-01, val/nll 3.669e-01 (best_acc: 8.683e-01 -> 8.733e-01, test_acc: 8.731e-01, test_nll: 3.780e-01)
[2023-02-16 13:32:16] [Epoch    21/  200] trn/loss 2.728e-01, trn/lr 2.923e-01, trn/scale 1.345e-01, val/acc 8.692e-01, val/nll 3.844e-01
[2023-02-16 13:32:25] [Epoch    22/  200] trn/loss 2.636e-01, trn/lr 2.915e-01, trn/scale 1.295e-01, val/acc 8.805e-01, val/nll 3.616e-01 (best_acc: 8.733e-01 -> 8.805e-01, test_acc: 8.746e-01, test_nll: 3.710e-01)
[2023-02-16 13:32:34] [Epoch    23/  200] trn/loss 2.492e-01, trn/lr 2.907e-01, trn/scale 1.252e-01, val/acc 8.857e-01, val/nll 3.472e-01 (best_acc: 8.805e-01 -> 8.857e-01, test_acc: 8.791e-01, test_nll: 3.565e-01)
[2023-02-16 13:32:44] [Epoch    24/  200] trn/loss 2.408e-01, trn/lr 2.899e-01, trn/scale 1.216e-01, val/acc 8.899e-01, val/nll 3.342e-01 (best_acc: 8.857e-01 -> 8.899e-01, test_acc: 8.845e-01, test_nll: 3.541e-01)
[2023-02-16 13:32:53] [Epoch    25/  200] trn/loss 2.312e-01, trn/lr 2.890e-01, trn/scale 1.185e-01, val/acc 8.902e-01, val/nll 3.372e-01 (best_acc: 8.899e-01 -> 8.902e-01, test_acc: 8.795e-01, test_nll: 3.466e-01)
[2023-02-16 13:33:01] [Epoch    26/  200] trn/loss 2.161e-01, trn/lr 2.881e-01, trn/scale 1.158e-01, val/acc 8.535e-01, val/nll 4.440e-01
[2023-02-16 13:33:09] [Epoch    27/  200] trn/loss 2.129e-01, trn/lr 2.872e-01, trn/scale 1.136e-01, val/acc 8.777e-01, val/nll 3.605e-01
[2023-02-16 13:33:18] [Epoch    28/  200] trn/loss 2.004e-01, trn/lr 2.862e-01, trn/scale 1.117e-01, val/acc 8.885e-01, val/nll 3.292e-01
[2023-02-16 13:33:27] [Epoch    29/  200] trn/loss 1.946e-01, trn/lr 2.852e-01, trn/scale 1.100e-01, val/acc 9.054e-01, val/nll 2.888e-01 (best_acc: 8.902e-01 -> 9.054e-01, test_acc: 8.945e-01, test_nll: 3.079e-01)
[2023-02-16 13:33:35] [Epoch    30/  200] trn/loss 1.859e-01, trn/lr 2.842e-01, trn/scale 1.086e-01, val/acc 8.823e-01, val/nll 3.540e-01
[2023-02-16 13:33:43] [Epoch    31/  200] trn/loss 1.824e-01, trn/lr 2.831e-01, trn/scale 1.074e-01, val/acc 9.023e-01, val/nll 2.940e-01
[2023-02-16 13:33:51] [Epoch    32/  200] trn/loss 1.750e-01, trn/lr 2.820e-01, trn/scale 1.064e-01, val/acc 8.878e-01, val/nll 3.265e-01
[2023-02-16 13:33:59] [Epoch    33/  200] trn/loss 1.675e-01, trn/lr 2.809e-01, trn/scale 1.056e-01, val/acc 8.954e-01, val/nll 3.172e-01
[2023-02-16 13:34:08] [Epoch    34/  200] trn/loss 1.581e-01, trn/lr 2.797e-01, trn/scale 1.048e-01, val/acc 9.020e-01, val/nll 2.993e-01
[2023-02-16 13:34:16] [Epoch    35/  200] trn/loss 1.553e-01, trn/lr 2.785e-01, trn/scale 1.042e-01, val/acc 8.551e-01, val/nll 4.614e-01
[2023-02-16 13:34:24] [Epoch    36/  200] trn/loss 1.539e-01, trn/lr 2.773e-01, trn/scale 1.037e-01, val/acc 8.877e-01, val/nll 3.364e-01
[2023-02-16 13:34:32] [Epoch    37/  200] trn/loss 1.465e-01, trn/lr 2.760e-01, trn/scale 1.032e-01, val/acc 8.892e-01, val/nll 3.241e-01
[2023-02-16 13:34:41] [Epoch    38/  200] trn/loss 1.431e-01, trn/lr 2.747e-01, trn/scale 1.028e-01, val/acc 8.763e-01, val/nll 3.773e-01
[2023-02-16 13:34:49] [Epoch    39/  200] trn/loss 1.391e-01, trn/lr 2.734e-01, trn/scale 1.025e-01, val/acc 8.890e-01, val/nll 3.380e-01
[2023-02-16 13:34:57] [Epoch    40/  200] trn/loss 1.313e-01, trn/lr 2.720e-01, trn/scale 1.022e-01, val/acc 8.759e-01, val/nll 3.853e-01
[2023-02-16 13:35:05] [Epoch    41/  200] trn/loss 1.279e-01, trn/lr 2.707e-01, trn/scale 1.020e-01, val/acc 8.925e-01, val/nll 3.290e-01
[2023-02-16 13:35:13] [Epoch    42/  200] trn/loss 1.266e-01, trn/lr 2.692e-01, trn/scale 1.018e-01, val/acc 8.942e-01, val/nll 3.216e-01
[2023-02-16 13:35:22] [Epoch    43/  200] trn/loss 1.209e-01, trn/lr 2.678e-01, trn/scale 1.016e-01, val/acc 9.076e-01, val/nll 2.870e-01 (best_acc: 9.054e-01 -> 9.076e-01, test_acc: 9.019e-01, test_nll: 2.977e-01)
[2023-02-16 13:35:31] [Epoch    44/  200] trn/loss 1.143e-01, trn/lr 2.663e-01, trn/scale 1.014e-01, val/acc 9.015e-01, val/nll 3.065e-01
[2023-02-16 13:35:39] [Epoch    45/  200] trn/loss 1.185e-01, trn/lr 2.648e-01, trn/scale 1.013e-01, val/acc 8.967e-01, val/nll 3.248e-01
[2023-02-16 13:35:47] [Epoch    46/  200] trn/loss 1.124e-01, trn/lr 2.633e-01, trn/scale 1.012e-01, val/acc 9.051e-01, val/nll 2.878e-01
[2023-02-16 13:35:55] [Epoch    47/  200] trn/loss 1.106e-01, trn/lr 2.617e-01, trn/scale 1.011e-01, val/acc 8.905e-01, val/nll 3.441e-01
[2023-02-16 13:36:03] [Epoch    48/  200] trn/loss 1.052e-01, trn/lr 2.602e-01, trn/scale 1.010e-01, val/acc 8.935e-01, val/nll 3.469e-01
[2023-02-16 13:36:12] [Epoch    49/  200] trn/loss 1.055e-01, trn/lr 2.585e-01, trn/scale 1.009e-01, val/acc 9.133e-01, val/nll 2.638e-01 (best_acc: 9.076e-01 -> 9.133e-01, test_acc: 9.097e-01, test_nll: 2.690e-01)
[2023-02-16 13:36:21] [Epoch    50/  200] trn/loss 1.048e-01, trn/lr 2.569e-01, trn/scale 1.009e-01, val/acc 8.831e-01, val/nll 3.715e-01
[2023-02-16 13:36:29] [Epoch    51/  200] trn/loss 9.981e-02, trn/lr 2.552e-01, trn/scale 1.008e-01, val/acc 9.044e-01, val/nll 2.885e-01
[2023-02-16 13:36:37] [Epoch    52/  200] trn/loss 1.004e-01, trn/lr 2.535e-01, trn/scale 1.008e-01, val/acc 9.093e-01, val/nll 2.757e-01
[2023-02-16 13:36:45] [Epoch    53/  200] trn/loss 9.561e-02, trn/lr 2.518e-01, trn/scale 1.008e-01, val/acc 8.951e-01, val/nll 3.341e-01
[2023-02-16 13:36:53] [Epoch    54/  200] trn/loss 9.282e-02, trn/lr 2.501e-01, trn/scale 1.007e-01, val/acc 9.018e-01, val/nll 3.046e-01
[2023-02-16 13:37:01] [Epoch    55/  200] trn/loss 8.764e-02, trn/lr 2.483e-01, trn/scale 1.007e-01, val/acc 9.082e-01, val/nll 2.975e-01
[2023-02-16 13:37:10] [Epoch    56/  200] trn/loss 8.434e-02, trn/lr 2.465e-01, trn/scale 1.007e-01, val/acc 9.015e-01, val/nll 3.247e-01
[2023-02-16 13:37:18] [Epoch    57/  200] trn/loss 8.136e-02, trn/lr 2.447e-01, trn/scale 1.007e-01, val/acc 9.086e-01, val/nll 2.735e-01
[2023-02-16 13:37:26] [Epoch    58/  200] trn/loss 8.585e-02, trn/lr 2.429e-01, trn/scale 1.006e-01, val/acc 9.013e-01, val/nll 2.989e-01
[2023-02-16 13:37:34] [Epoch    59/  200] trn/loss 7.989e-02, trn/lr 2.410e-01, trn/scale 1.006e-01, val/acc 9.043e-01, val/nll 3.045e-01
[2023-02-16 13:37:42] [Epoch    60/  200] trn/loss 8.381e-02, trn/lr 2.391e-01, trn/scale 1.006e-01, val/acc 9.124e-01, val/nll 2.666e-01
[2023-02-16 13:37:52] [Epoch    61/  200] trn/loss 7.854e-02, trn/lr 2.372e-01, trn/scale 1.006e-01, val/acc 9.189e-01, val/nll 2.522e-01 (best_acc: 9.133e-01 -> 9.189e-01, test_acc: 9.197e-01, test_nll: 2.520e-01)
[2023-02-16 13:38:00] [Epoch    62/  200] trn/loss 7.715e-02, trn/lr 2.353e-01, trn/scale 1.006e-01, val/acc 8.884e-01, val/nll 3.697e-01
[2023-02-16 13:38:08] [Epoch    63/  200] trn/loss 7.648e-02, trn/lr 2.333e-01, trn/scale 1.006e-01, val/acc 9.152e-01, val/nll 2.647e-01
[2023-02-16 13:38:16] [Epoch    64/  200] trn/loss 7.517e-02, trn/lr 2.314e-01, trn/scale 1.006e-01, val/acc 8.917e-01, val/nll 3.564e-01
[2023-02-16 13:38:24] [Epoch    65/  200] trn/loss 7.087e-02, trn/lr 2.294e-01, trn/scale 1.006e-01, val/acc 9.152e-01, val/nll 2.625e-01
[2023-02-16 13:38:33] [Epoch    66/  200] trn/loss 7.034e-02, trn/lr 2.274e-01, trn/scale 1.006e-01, val/acc 9.166e-01, val/nll 2.633e-01
[2023-02-16 13:38:41] [Epoch    67/  200] trn/loss 6.832e-02, trn/lr 2.253e-01, trn/scale 1.006e-01, val/acc 9.167e-01, val/nll 2.681e-01
[2023-02-16 13:38:49] [Epoch    68/  200] trn/loss 6.890e-02, trn/lr 2.233e-01, trn/scale 1.006e-01, val/acc 9.091e-01, val/nll 2.948e-01
[2023-02-16 13:38:57] [Epoch    69/  200] trn/loss 6.171e-02, trn/lr 2.212e-01, trn/scale 1.005e-01, val/acc 9.050e-01, val/nll 3.130e-01
[2023-02-16 13:39:05] [Epoch    70/  200] trn/loss 6.332e-02, trn/lr 2.192e-01, trn/scale 1.005e-01, val/acc 9.092e-01, val/nll 2.932e-01
[2023-02-16 13:39:13] [Epoch    71/  200] trn/loss 6.495e-02, trn/lr 2.171e-01, trn/scale 1.005e-01, val/acc 9.106e-01, val/nll 2.751e-01
[2023-02-16 13:39:22] [Epoch    72/  200] trn/loss 5.999e-02, trn/lr 2.149e-01, trn/scale 1.005e-01, val/acc 9.010e-01, val/nll 3.256e-01
[2023-02-16 13:39:30] [Epoch    73/  200] trn/loss 5.792e-02, trn/lr 2.128e-01, trn/scale 1.005e-01, val/acc 9.177e-01, val/nll 2.664e-01
[2023-02-16 13:39:38] [Epoch    74/  200] trn/loss 5.770e-02, trn/lr 2.107e-01, trn/scale 1.005e-01, val/acc 9.071e-01, val/nll 2.958e-01
[2023-02-16 13:39:47] [Epoch    75/  200] trn/loss 5.604e-02, trn/lr 2.085e-01, trn/scale 1.005e-01, val/acc 9.206e-01, val/nll 2.577e-01 (best_acc: 9.189e-01 -> 9.206e-01, test_acc: 9.107e-01, test_nll: 2.769e-01)
[2023-02-16 13:39:56] [Epoch    76/  200] trn/loss 5.504e-02, trn/lr 2.063e-01, trn/scale 1.005e-01, val/acc 9.165e-01, val/nll 2.599e-01
[2023-02-16 13:40:04] [Epoch    77/  200] trn/loss 5.053e-02, trn/lr 2.041e-01, trn/scale 1.005e-01, val/acc 9.160e-01, val/nll 2.794e-01
[2023-02-16 13:40:12] [Epoch    78/  200] trn/loss 5.523e-02, trn/lr 2.019e-01, trn/scale 1.005e-01, val/acc 8.963e-01, val/nll 3.647e-01
[2023-02-16 13:40:20] [Epoch    79/  200] trn/loss 5.477e-02, trn/lr 1.997e-01, trn/scale 1.005e-01, val/acc 9.169e-01, val/nll 2.530e-01
[2023-02-16 13:40:28] [Epoch    80/  200] trn/loss 4.943e-02, trn/lr 1.975e-01, trn/scale 1.005e-01, val/acc 9.185e-01, val/nll 2.625e-01
[2023-02-16 13:40:38] [Epoch    81/  200] trn/loss 4.871e-02, trn/lr 1.952e-01, trn/scale 1.005e-01, val/acc 9.232e-01, val/nll 2.493e-01 (best_acc: 9.206e-01 -> 9.232e-01, test_acc: 9.170e-01, test_nll: 2.661e-01)
[2023-02-16 13:40:46] [Epoch    82/  200] trn/loss 5.115e-02, trn/lr 1.930e-01, trn/scale 1.005e-01, val/acc 9.198e-01, val/nll 2.540e-01
[2023-02-16 13:40:55] [Epoch    83/  200] trn/loss 4.250e-02, trn/lr 1.907e-01, trn/scale 1.005e-01, val/acc 9.282e-01, val/nll 2.313e-01 (best_acc: 9.232e-01 -> 9.282e-01, test_acc: 9.244e-01, test_nll: 2.475e-01)
[2023-02-16 13:41:03] [Epoch    84/  200] trn/loss 4.448e-02, trn/lr 1.885e-01, trn/scale 1.005e-01, val/acc 9.171e-01, val/nll 2.533e-01
[2023-02-16 13:41:11] [Epoch    85/  200] trn/loss 4.394e-02, trn/lr 1.862e-01, trn/scale 1.005e-01, val/acc 9.157e-01, val/nll 2.849e-01
[2023-02-16 13:41:20] [Epoch    86/  200] trn/loss 4.258e-02, trn/lr 1.839e-01, trn/scale 1.005e-01, val/acc 9.227e-01, val/nll 2.522e-01
[2023-02-16 13:41:28] [Epoch    87/  200] trn/loss 4.390e-02, trn/lr 1.816e-01, trn/scale 1.005e-01, val/acc 9.258e-01, val/nll 2.415e-01
[2023-02-16 13:41:36] [Epoch    88/  200] trn/loss 4.290e-02, trn/lr 1.793e-01, trn/scale 1.005e-01, val/acc 9.143e-01, val/nll 2.833e-01
[2023-02-16 13:41:44] [Epoch    89/  200] trn/loss 4.362e-02, trn/lr 1.770e-01, trn/scale 1.005e-01, val/acc 9.241e-01, val/nll 2.313e-01
[2023-02-16 13:41:53] [Epoch    90/  200] trn/loss 4.024e-02, trn/lr 1.746e-01, trn/scale 1.005e-01, val/acc 9.218e-01, val/nll 2.298e-01
[2023-02-16 13:42:01] [Epoch    91/  200] trn/loss 3.794e-02, trn/lr 1.723e-01, trn/scale 1.005e-01, val/acc 9.082e-01, val/nll 3.048e-01
[2023-02-16 13:42:09] [Epoch    92/  200] trn/loss 3.633e-02, trn/lr 1.700e-01, trn/scale 1.005e-01, val/acc 9.251e-01, val/nll 2.426e-01
[2023-02-16 13:42:17] [Epoch    93/  200] trn/loss 3.783e-02, trn/lr 1.676e-01, trn/scale 1.005e-01, val/acc 9.220e-01, val/nll 2.593e-01
[2023-02-16 13:42:25] [Epoch    94/  200] trn/loss 3.612e-02, trn/lr 1.653e-01, trn/scale 1.005e-01, val/acc 9.252e-01, val/nll 2.301e-01
[2023-02-16 13:42:33] [Epoch    95/  200] trn/loss 3.495e-02, trn/lr 1.630e-01, trn/scale 1.005e-01, val/acc 9.281e-01, val/nll 2.276e-01
[2023-02-16 13:42:42] [Epoch    96/  200] trn/loss 3.364e-02, trn/lr 1.606e-01, trn/scale 1.005e-01, val/acc 9.253e-01, val/nll 2.424e-01
[2023-02-16 13:42:50] [Epoch    97/  200] trn/loss 3.171e-02, trn/lr 1.582e-01, trn/scale 1.005e-01, val/acc 9.243e-01, val/nll 2.444e-01
[2023-02-16 13:42:58] [Epoch    98/  200] trn/loss 3.414e-02, trn/lr 1.559e-01, trn/scale 1.005e-01, val/acc 9.229e-01, val/nll 2.586e-01
[2023-02-16 13:43:07] [Epoch    99/  200] trn/loss 3.402e-02, trn/lr 1.535e-01, trn/scale 1.005e-01, val/acc 9.299e-01, val/nll 2.368e-01 (best_acc: 9.282e-01 -> 9.299e-01, test_acc: 9.242e-01, test_nll: 2.500e-01)
[2023-02-16 13:43:15] [Epoch   100/  200] trn/loss 3.059e-02, trn/lr 1.512e-01, trn/scale 1.005e-01, val/acc 9.267e-01, val/nll 2.383e-01
[2023-02-16 13:43:25] [Epoch   101/  200] trn/loss 2.956e-02, trn/lr 1.488e-01, trn/scale 1.005e-01, val/acc 9.302e-01, val/nll 2.178e-01 (best_acc: 9.299e-01 -> 9.302e-01, test_acc: 9.302e-01, test_nll: 2.281e-01)
[2023-02-16 13:43:34] [Epoch   102/  200] trn/loss 2.812e-02, trn/lr 1.465e-01, trn/scale 1.005e-01, val/acc 9.315e-01, val/nll 2.324e-01 (best_acc: 9.302e-01 -> 9.315e-01, test_acc: 9.252e-01, test_nll: 2.401e-01)
[2023-02-16 13:43:42] [Epoch   103/  200] trn/loss 2.506e-02, trn/lr 1.441e-01, trn/scale 1.005e-01, val/acc 9.292e-01, val/nll 2.217e-01
[2023-02-16 13:43:50] [Epoch   104/  200] trn/loss 2.829e-02, trn/lr 1.418e-01, trn/scale 1.005e-01, val/acc 9.191e-01, val/nll 2.759e-01
[2023-02-16 13:43:59] [Epoch   105/  200] trn/loss 2.638e-02, trn/lr 1.394e-01, trn/scale 1.005e-01, val/acc 9.269e-01, val/nll 2.464e-01
[2023-02-16 13:44:07] [Epoch   106/  200] trn/loss 2.484e-02, trn/lr 1.371e-01, trn/scale 1.004e-01, val/acc 9.241e-01, val/nll 2.440e-01
[2023-02-16 13:44:16] [Epoch   107/  200] trn/loss 2.447e-02, trn/lr 1.347e-01, trn/scale 1.004e-01, val/acc 9.319e-01, val/nll 2.205e-01 (best_acc: 9.315e-01 -> 9.319e-01, test_acc: 9.299e-01, test_nll: 2.317e-01)
[2023-02-16 13:44:24] [Epoch   108/  200] trn/loss 2.287e-02, trn/lr 1.324e-01, trn/scale 1.004e-01, val/acc 9.278e-01, val/nll 2.586e-01
[2023-02-16 13:44:32] [Epoch   109/  200] trn/loss 2.269e-02, trn/lr 1.300e-01, trn/scale 1.004e-01, val/acc 9.295e-01, val/nll 2.334e-01
[2023-02-16 13:44:40] [Epoch   110/  200] trn/loss 2.389e-02, trn/lr 1.277e-01, trn/scale 1.004e-01, val/acc 9.279e-01, val/nll 2.445e-01
[2023-02-16 13:44:50] [Epoch   111/  200] trn/loss 2.173e-02, trn/lr 1.254e-01, trn/scale 1.004e-01, val/acc 9.327e-01, val/nll 2.182e-01 (best_acc: 9.319e-01 -> 9.327e-01, test_acc: 9.315e-01, test_nll: 2.239e-01)
[2023-02-16 13:44:58] [Epoch   112/  200] trn/loss 2.176e-02, trn/lr 1.231e-01, trn/scale 1.004e-01, val/acc 9.288e-01, val/nll 2.319e-01
[2023-02-16 13:45:06] [Epoch   113/  200] trn/loss 1.920e-02, trn/lr 1.207e-01, trn/scale 1.004e-01, val/acc 9.304e-01, val/nll 2.348e-01
[2023-02-16 13:45:14] [Epoch   114/  200] trn/loss 1.829e-02, trn/lr 1.184e-01, trn/scale 1.004e-01, val/acc 9.314e-01, val/nll 2.227e-01
[2023-02-16 13:45:22] [Epoch   115/  200] trn/loss 1.776e-02, trn/lr 1.161e-01, trn/scale 1.004e-01, val/acc 9.323e-01, val/nll 2.267e-01
[2023-02-16 13:45:32] [Epoch   116/  200] trn/loss 1.611e-02, trn/lr 1.138e-01, trn/scale 1.004e-01, val/acc 9.367e-01, val/nll 2.123e-01 (best_acc: 9.327e-01 -> 9.367e-01, test_acc: 9.333e-01, test_nll: 2.185e-01)
[2023-02-16 13:45:40] [Epoch   117/  200] trn/loss 1.590e-02, trn/lr 1.116e-01, trn/scale 1.004e-01, val/acc 9.302e-01, val/nll 2.281e-01
[2023-02-16 13:45:48] [Epoch   118/  200] trn/loss 1.406e-02, trn/lr 1.093e-01, trn/scale 1.004e-01, val/acc 9.333e-01, val/nll 2.212e-01
[2023-02-16 13:45:56] [Epoch   119/  200] trn/loss 1.623e-02, trn/lr 1.070e-01, trn/scale 1.004e-01, val/acc 9.347e-01, val/nll 2.248e-01
[2023-02-16 13:46:04] [Epoch   120/  200] trn/loss 1.505e-02, trn/lr 1.048e-01, trn/scale 1.004e-01, val/acc 9.365e-01, val/nll 2.102e-01
[2023-02-16 13:46:13] [Epoch   121/  200] trn/loss 1.252e-02, trn/lr 1.025e-01, trn/scale 1.004e-01, val/acc 9.331e-01, val/nll 2.399e-01
[2023-02-16 13:46:22] [Epoch   122/  200] trn/loss 1.490e-02, trn/lr 1.003e-01, trn/scale 1.004e-01, val/acc 9.389e-01, val/nll 1.986e-01 (best_acc: 9.367e-01 -> 9.389e-01, test_acc: 9.360e-01, test_nll: 2.176e-01)
[2023-02-16 13:46:30] [Epoch   123/  200] trn/loss 1.238e-02, trn/lr 9.809e-02, trn/scale 1.004e-01, val/acc 9.350e-01, val/nll 2.119e-01
[2023-02-16 13:46:39] [Epoch   124/  200] trn/loss 1.109e-02, trn/lr 9.589e-02, trn/scale 1.004e-01, val/acc 9.394e-01, val/nll 1.989e-01 (best_acc: 9.389e-01 -> 9.394e-01, test_acc: 9.366e-01, test_nll: 2.093e-01)
[2023-02-16 13:46:48] [Epoch   125/  200] trn/loss 1.209e-02, trn/lr 9.370e-02, trn/scale 1.004e-01, val/acc 9.425e-01, val/nll 1.964e-01 (best_acc: 9.394e-01 -> 9.425e-01, test_acc: 9.349e-01, test_nll: 2.181e-01)
[2023-02-16 13:46:57] [Epoch   126/  200] trn/loss 1.137e-02, trn/lr 9.152e-02, trn/scale 1.004e-01, val/acc 9.383e-01, val/nll 2.027e-01
[2023-02-16 13:47:05] [Epoch   127/  200] trn/loss 1.105e-02, trn/lr 8.936e-02, trn/scale 1.004e-01, val/acc 9.395e-01, val/nll 2.048e-01
[2023-02-16 13:47:13] [Epoch   128/  200] trn/loss 1.303e-02, trn/lr 8.721e-02, trn/scale 1.004e-01, val/acc 9.299e-01, val/nll 2.414e-01
[2023-02-16 13:47:21] [Epoch   129/  200] trn/loss 1.157e-02, trn/lr 8.508e-02, trn/scale 1.004e-01, val/acc 9.372e-01, val/nll 2.129e-01
[2023-02-16 13:47:30] [Epoch   130/  200] trn/loss 8.289e-03, trn/lr 8.296e-02, trn/scale 1.004e-01, val/acc 9.459e-01, val/nll 1.873e-01 (best_acc: 9.425e-01 -> 9.459e-01, test_acc: 9.428e-01, test_nll: 1.968e-01)
[2023-02-16 13:47:39] [Epoch   131/  200] trn/loss 7.402e-03, trn/lr 8.086e-02, trn/scale 1.004e-01, val/acc 9.446e-01, val/nll 1.883e-01
[2023-02-16 13:47:47] [Epoch   132/  200] trn/loss 7.395e-03, trn/lr 7.878e-02, trn/scale 1.003e-01, val/acc 9.423e-01, val/nll 1.917e-01
[2023-02-16 13:47:56] [Epoch   133/  200] trn/loss 6.197e-03, trn/lr 7.671e-02, trn/scale 1.003e-01, val/acc 9.470e-01, val/nll 1.930e-01 (best_acc: 9.459e-01 -> 9.470e-01, test_acc: 9.419e-01, test_nll: 2.036e-01)
[2023-02-16 13:48:04] [Epoch   134/  200] trn/loss 6.521e-03, trn/lr 7.467e-02, trn/scale 1.003e-01, val/acc 9.429e-01, val/nll 1.897e-01
[2023-02-16 13:48:12] [Epoch   135/  200] trn/loss 7.207e-03, trn/lr 7.264e-02, trn/scale 1.003e-01, val/acc 9.442e-01, val/nll 1.913e-01
[2023-02-16 13:48:20] [Epoch   136/  200] trn/loss 6.303e-03, trn/lr 7.063e-02, trn/scale 1.003e-01, val/acc 9.406e-01, val/nll 2.013e-01
[2023-02-16 13:48:29] [Epoch   137/  200] trn/loss 7.147e-03, trn/lr 6.864e-02, trn/scale 1.003e-01, val/acc 9.431e-01, val/nll 1.937e-01
[2023-02-16 13:48:37] [Epoch   138/  200] trn/loss 6.595e-03, trn/lr 6.667e-02, trn/scale 1.003e-01, val/acc 9.440e-01, val/nll 1.901e-01
[2023-02-16 13:48:45] [Epoch   139/  200] trn/loss 5.247e-03, trn/lr 6.472e-02, trn/scale 1.003e-01, val/acc 9.468e-01, val/nll 1.805e-01
[2023-02-16 13:48:53] [Epoch   140/  200] trn/loss 5.140e-03, trn/lr 6.279e-02, trn/scale 1.003e-01, val/acc 9.451e-01, val/nll 1.975e-01
[2023-02-16 13:49:01] [Epoch   141/  200] trn/loss 5.050e-03, trn/lr 6.089e-02, trn/scale 1.003e-01, val/acc 9.463e-01, val/nll 1.820e-01
[2023-02-16 13:49:11] [Epoch   142/  200] trn/loss 4.555e-03, trn/lr 5.900e-02, trn/scale 1.003e-01, val/acc 9.471e-01, val/nll 1.902e-01 (best_acc: 9.470e-01 -> 9.471e-01, test_acc: 9.434e-01, test_nll: 1.947e-01)
[2023-02-16 13:49:19] [Epoch   143/  200] trn/loss 4.733e-03, trn/lr 5.714e-02, trn/scale 1.003e-01, val/acc 9.437e-01, val/nll 1.870e-01
[2023-02-16 13:49:28] [Epoch   144/  200] trn/loss 4.538e-03, trn/lr 5.530e-02, trn/scale 1.003e-01, val/acc 9.473e-01, val/nll 1.815e-01 (best_acc: 9.471e-01 -> 9.473e-01, test_acc: 9.451e-01, test_nll: 1.880e-01)
[2023-02-16 13:49:36] [Epoch   145/  200] trn/loss 4.388e-03, trn/lr 5.349e-02, trn/scale 1.003e-01, val/acc 9.459e-01, val/nll 1.874e-01
[2023-02-16 13:49:44] [Epoch   146/  200] trn/loss 3.680e-03, trn/lr 5.170e-02, trn/scale 1.003e-01, val/acc 9.455e-01, val/nll 1.862e-01
[2023-02-16 13:49:53] [Epoch   147/  200] trn/loss 3.558e-03, trn/lr 4.993e-02, trn/scale 1.003e-01, val/acc 9.439e-01, val/nll 1.923e-01
[2023-02-16 13:50:01] [Epoch   148/  200] trn/loss 3.477e-03, trn/lr 4.819e-02, trn/scale 1.003e-01, val/acc 9.460e-01, val/nll 1.835e-01
[2023-02-16 13:50:09] [Epoch   149/  200] trn/loss 3.579e-03, trn/lr 4.647e-02, trn/scale 1.003e-01, val/acc 9.462e-01, val/nll 1.831e-01
[2023-02-16 13:50:18] [Epoch   150/  200] trn/loss 3.102e-03, trn/lr 4.478e-02, trn/scale 1.003e-01, val/acc 9.487e-01, val/nll 1.765e-01 (best_acc: 9.473e-01 -> 9.487e-01, test_acc: 9.461e-01, test_nll: 1.872e-01)
[2023-02-16 13:50:27] [Epoch   151/  200] trn/loss 2.703e-03, trn/lr 4.311e-02, trn/scale 1.003e-01, val/acc 9.478e-01, val/nll 1.810e-01
[2023-02-16 13:50:36] [Epoch   152/  200] trn/loss 2.441e-03, trn/lr 4.147e-02, trn/scale 1.003e-01, val/acc 9.499e-01, val/nll 1.772e-01 (best_acc: 9.487e-01 -> 9.499e-01, test_acc: 9.483e-01, test_nll: 1.846e-01)
[2023-02-16 13:50:44] [Epoch   153/  200] trn/loss 2.470e-03, trn/lr 3.986e-02, trn/scale 1.003e-01, val/acc 9.492e-01, val/nll 1.785e-01
[2023-02-16 13:50:53] [Epoch   154/  200] trn/loss 2.490e-03, trn/lr 3.827e-02, trn/scale 1.002e-01, val/acc 9.512e-01, val/nll 1.774e-01 (best_acc: 9.499e-01 -> 9.512e-01, test_acc: 9.497e-01, test_nll: 1.758e-01)
[2023-02-16 13:51:01] [Epoch   155/  200] trn/loss 2.175e-03, trn/lr 3.671e-02, trn/scale 1.002e-01, val/acc 9.497e-01, val/nll 1.804e-01
[2023-02-16 13:51:11] [Epoch   156/  200] trn/loss 1.926e-03, trn/lr 3.518e-02, trn/scale 1.002e-01, val/acc 9.514e-01, val/nll 1.763e-01 (best_acc: 9.512e-01 -> 9.514e-01, test_acc: 9.490e-01, test_nll: 1.810e-01)
[2023-02-16 13:51:19] [Epoch   157/  200] trn/loss 1.994e-03, trn/lr 3.368e-02, trn/scale 1.002e-01, val/acc 9.461e-01, val/nll 1.860e-01
[2023-02-16 13:51:27] [Epoch   158/  200] trn/loss 1.744e-03, trn/lr 3.221e-02, trn/scale 1.002e-01, val/acc 9.498e-01, val/nll 1.729e-01
[2023-02-16 13:51:35] [Epoch   159/  200] trn/loss 1.710e-03, trn/lr 3.076e-02, trn/scale 1.002e-01, val/acc 9.513e-01, val/nll 1.748e-01
[2023-02-16 13:51:43] [Epoch   160/  200] trn/loss 1.613e-03, trn/lr 2.935e-02, trn/scale 1.002e-01, val/acc 9.507e-01, val/nll 1.744e-01
[2023-02-16 13:51:53] [Epoch   161/  200] trn/loss 1.573e-03, trn/lr 2.796e-02, trn/scale 1.002e-01, val/acc 9.520e-01, val/nll 1.727e-01 (best_acc: 9.514e-01 -> 9.520e-01, test_acc: 9.505e-01, test_nll: 1.768e-01)
[2023-02-16 13:52:02] [Epoch   162/  200] trn/loss 1.553e-03, trn/lr 2.661e-02, trn/scale 1.002e-01, val/acc 9.528e-01, val/nll 1.686e-01 (best_acc: 9.520e-01 -> 9.528e-01, test_acc: 9.494e-01, test_nll: 1.736e-01)
[2023-02-16 13:52:10] [Epoch   163/  200] trn/loss 1.376e-03, trn/lr 2.528e-02, trn/scale 1.002e-01, val/acc 9.522e-01, val/nll 1.760e-01
[2023-02-16 13:52:18] [Epoch   164/  200] trn/loss 1.336e-03, trn/lr 2.399e-02, trn/scale 1.002e-01, val/acc 9.510e-01, val/nll 1.779e-01
[2023-02-16 13:52:26] [Epoch   165/  200] trn/loss 1.515e-03, trn/lr 2.273e-02, trn/scale 1.002e-01, val/acc 9.514e-01, val/nll 1.782e-01
[2023-02-16 13:52:34] [Epoch   166/  200] trn/loss 1.331e-03, trn/lr 2.150e-02, trn/scale 1.002e-01, val/acc 9.518e-01, val/nll 1.714e-01
[2023-02-16 13:52:42] [Epoch   167/  200] trn/loss 1.247e-03, trn/lr 2.030e-02, trn/scale 1.002e-01, val/acc 9.518e-01, val/nll 1.720e-01
[2023-02-16 13:52:52] [Epoch   168/  200] trn/loss 1.201e-03, trn/lr 1.913e-02, trn/scale 1.002e-01, val/acc 9.529e-01, val/nll 1.707e-01 (best_acc: 9.528e-01 -> 9.529e-01, test_acc: 9.518e-01, test_nll: 1.702e-01)
[2023-02-16 13:53:00] [Epoch   169/  200] trn/loss 1.123e-03, trn/lr 1.800e-02, trn/scale 1.002e-01, val/acc 9.517e-01, val/nll 1.720e-01
[2023-02-16 13:53:08] [Epoch   170/  200] trn/loss 1.094e-03, trn/lr 1.689e-02, trn/scale 1.002e-01, val/acc 9.508e-01, val/nll 1.730e-01
[2023-02-16 13:53:16] [Epoch   171/  200] trn/loss 1.115e-03, trn/lr 1.582e-02, trn/scale 1.002e-01, val/acc 9.519e-01, val/nll 1.711e-01
[2023-02-16 13:53:24] [Epoch   172/  200] trn/loss 1.072e-03, trn/lr 1.479e-02, trn/scale 1.002e-01, val/acc 9.520e-01, val/nll 1.695e-01
[2023-02-16 13:53:33] [Epoch   173/  200] trn/loss 1.001e-03, trn/lr 1.378e-02, trn/scale 1.002e-01, val/acc 9.522e-01, val/nll 1.694e-01
[2023-02-16 13:53:41] [Epoch   174/  200] trn/loss 1.049e-03, trn/lr 1.281e-02, trn/scale 1.002e-01, val/acc 9.518e-01, val/nll 1.699e-01
[2023-02-16 13:53:49] [Epoch   175/  200] trn/loss 1.001e-03, trn/lr 1.188e-02, trn/scale 1.002e-01, val/acc 9.524e-01, val/nll 1.683e-01
[2023-02-16 13:53:57] [Epoch   176/  200] trn/loss 1.024e-03, trn/lr 1.098e-02, trn/scale 1.002e-01, val/acc 9.522e-01, val/nll 1.700e-01
[2023-02-16 13:54:05] [Epoch   177/  200] trn/loss 9.517e-04, trn/lr 1.011e-02, trn/scale 1.002e-01, val/acc 9.515e-01, val/nll 1.702e-01
[2023-02-16 13:54:15] [Epoch   178/  200] trn/loss 1.025e-03, trn/lr 9.275e-03, trn/scale 1.002e-01, val/acc 9.530e-01, val/nll 1.701e-01 (best_acc: 9.529e-01 -> 9.530e-01, test_acc: 9.514e-01, test_nll: 1.699e-01)
[2023-02-16 13:54:23] [Epoch   179/  200] trn/loss 9.690e-04, trn/lr 8.477e-03, trn/scale 1.002e-01, val/acc 9.525e-01, val/nll 1.692e-01
[2023-02-16 13:54:32] [Epoch   180/  200] trn/loss 9.617e-04, trn/lr 7.714e-03, trn/scale 1.002e-01, val/acc 9.531e-01, val/nll 1.676e-01 (best_acc: 9.530e-01 -> 9.531e-01, test_acc: 9.518e-01, test_nll: 1.691e-01)
[2023-02-16 13:54:41] [Epoch   181/  200] trn/loss 9.090e-04, trn/lr 6.986e-03, trn/scale 1.002e-01, val/acc 9.537e-01, val/nll 1.682e-01 (best_acc: 9.531e-01 -> 9.537e-01, test_acc: 9.528e-01, test_nll: 1.694e-01)
[2023-02-16 13:54:49] [Epoch   182/  200] trn/loss 8.892e-04, trn/lr 6.293e-03, trn/scale 1.002e-01, val/acc 9.528e-01, val/nll 1.697e-01
[2023-02-16 13:54:58] [Epoch   183/  200] trn/loss 9.131e-04, trn/lr 5.635e-03, trn/scale 1.002e-01, val/acc 9.527e-01, val/nll 1.702e-01
[2023-02-16 13:55:06] [Epoch   184/  200] trn/loss 9.557e-04, trn/lr 5.013e-03, trn/scale 1.002e-01, val/acc 9.532e-01, val/nll 1.692e-01
[2023-02-16 13:55:14] [Epoch   185/  200] trn/loss 8.420e-04, trn/lr 4.427e-03, trn/scale 1.002e-01, val/acc 9.535e-01, val/nll 1.695e-01
[2023-02-16 13:55:22] [Epoch   186/  200] trn/loss 8.539e-04, trn/lr 3.877e-03, trn/scale 1.002e-01, val/acc 9.537e-01, val/nll 1.693e-01
[2023-02-16 13:55:30] [Epoch   187/  200] trn/loss 8.628e-04, trn/lr 3.363e-03, trn/scale 1.002e-01, val/acc 9.533e-01, val/nll 1.690e-01
[2023-02-16 13:55:38] [Epoch   188/  200] trn/loss 8.385e-04, trn/lr 2.885e-03, trn/scale 1.002e-01, val/acc 9.530e-01, val/nll 1.692e-01
[2023-02-16 13:55:47] [Epoch   189/  200] trn/loss 8.186e-04, trn/lr 2.444e-03, trn/scale 1.002e-01, val/acc 9.539e-01, val/nll 1.687e-01 (best_acc: 9.537e-01 -> 9.539e-01, test_acc: 9.524e-01, test_nll: 1.689e-01)
[2023-02-16 13:55:56] [Epoch   190/  200] trn/loss 8.406e-04, trn/lr 2.038e-03, trn/scale 1.002e-01, val/acc 9.533e-01, val/nll 1.691e-01
[2023-02-16 13:56:04] [Epoch   191/  200] trn/loss 8.195e-04, trn/lr 1.670e-03, trn/scale 1.002e-01, val/acc 9.535e-01, val/nll 1.681e-01
[2023-02-16 13:56:12] [Epoch   192/  200] trn/loss 8.235e-04, trn/lr 1.338e-03, trn/scale 1.002e-01, val/acc 9.534e-01, val/nll 1.684e-01
[2023-02-16 13:56:21] [Epoch   193/  200] trn/loss 8.446e-04, trn/lr 1.042e-03, trn/scale 1.002e-01, val/acc 9.544e-01, val/nll 1.684e-01 (best_acc: 9.539e-01 -> 9.544e-01, test_acc: 9.526e-01, test_nll: 1.687e-01)
[2023-02-16 13:56:29] [Epoch   194/  200] trn/loss 8.609e-04, trn/lr 7.835e-04, trn/scale 1.002e-01, val/acc 9.531e-01, val/nll 1.682e-01
[2023-02-16 13:56:38] [Epoch   195/  200] trn/loss 7.979e-04, trn/lr 5.616e-04, trn/scale 1.002e-01, val/acc 9.532e-01, val/nll 1.686e-01
[2023-02-16 13:56:46] [Epoch   196/  200] trn/loss 8.223e-04, trn/lr 3.766e-04, trn/scale 1.002e-01, val/acc 9.531e-01, val/nll 1.684e-01
[2023-02-16 13:56:54] [Epoch   197/  200] trn/loss 8.623e-04, trn/lr 2.286e-04, trn/scale 1.002e-01, val/acc 9.530e-01, val/nll 1.687e-01
[2023-02-16 13:57:02] [Epoch   198/  200] trn/loss 8.391e-04, trn/lr 1.175e-04, trn/scale 1.002e-01, val/acc 9.530e-01, val/nll 1.686e-01
[2023-02-16 13:57:10] [Epoch   199/  200] trn/loss 8.523e-04, trn/lr 4.335e-05, trn/scale 1.002e-01, val/acc 9.532e-01, val/nll 1.684e-01
[2023-02-16 13:57:19] [Epoch   200/  200] trn/loss 8.388e-04, trn/lr 6.226e-06, trn/scale 1.002e-01, val/acc 9.532e-01, val/nll 1.687e-01
