[2023-02-03 19:15:26] Environments:
------------  -------------------------------------------------------------------------------
sys.platform  linux
Python        3.10.8 (main, Nov 24 2022, 14:13:03) [GCC 11.2.0]
JAX           0.4.1 @/mnt/home/giung/.conda/envs/jax-siml/lib/python3.10/site-packages/jax
jaxlib        0.4.1 @/mnt/home/giung/.conda/envs/jax-siml/lib/python3.10/site-packages/jaxlib
Flax          0.6.3 @/mnt/home/giung/.conda/envs/jax-siml/lib/python3.10/site-packages/flax
Optax         0.1.4 @/mnt/home/giung/.conda/envs/jax-siml/lib/python3.10/site-packages/optax
------------  -------------------------------------------------------------------------------

[2023-02-03 19:15:26] Command line arguments:
- args.data_root          : ./data/
- args.data_name          : CIFAR100_x32
- args.data_augmentation  : standard
- args.data_proportional  : 1.0
- args.model_depth        : 44
- args.model_width        : 1
- args.model_style        : BN-ReLU
- args.optim_bs           : 256
- args.optim_ne           : 200
- args.optim_lr           : 0.03
- args.optim_momentum     : 0.9
- args.optim_weight_decay : 0.0003
- args.save               : /mnt/home/giung/giung2-dev/projects/residual-networks/save/CIFAR100_x32/R44-BN-ReLU/bs-0256_ne-0200_lr-0.03_mo-0.90_wd-0.0003_fp32/42
- args.seed               : 42
- args.precision          : fp32

[2023-02-03 19:15:59] [Epoch     1/  200] trn/loss 4.603e+00, trn/lr 3.000e-02, val/acc 4.900e-02, val/nll 4.301e+00 (best_acc: 0.000e+00 -> 4.900e-02, test_acc: 5.370e-02, test_nll: 4.291e+00)
[2023-02-03 19:16:04] [Epoch     2/  200] trn/loss 4.031e+00, trn/lr 3.000e-02, val/acc 9.281e-02, val/nll 3.918e+00 (best_acc: 4.900e-02 -> 9.281e-02, test_acc: 9.370e-02, test_nll: 3.913e+00)
[2023-02-03 19:16:08] [Epoch     3/  200] trn/loss 3.747e+00, trn/lr 2.999e-02, val/acc 1.265e-01, val/nll 3.704e+00 (best_acc: 9.281e-02 -> 1.265e-01, test_acc: 1.361e-01, test_nll: 3.668e+00)
[2023-02-03 19:16:12] [Epoch     4/  200] trn/loss 3.497e+00, trn/lr 2.998e-02, val/acc 1.803e-01, val/nll 3.384e+00 (best_acc: 1.265e-01 -> 1.803e-01, test_acc: 1.859e-01, test_nll: 3.370e+00)
[2023-02-03 19:16:17] [Epoch     5/  200] trn/loss 3.265e+00, trn/lr 2.996e-02, val/acc 1.910e-01, val/nll 3.409e+00 (best_acc: 1.803e-01 -> 1.910e-01, test_acc: 1.947e-01, test_nll: 3.377e+00)
[2023-02-03 19:16:21] [Epoch     6/  200] trn/loss 3.055e+00, trn/lr 2.994e-02, val/acc 2.303e-01, val/nll 3.111e+00 (best_acc: 1.910e-01 -> 2.303e-01, test_acc: 2.434e-01, test_nll: 3.070e+00)
[2023-02-03 19:16:26] [Epoch     7/  200] trn/loss 2.853e+00, trn/lr 2.992e-02, val/acc 2.748e-01, val/nll 2.925e+00 (best_acc: 2.303e-01 -> 2.748e-01, test_acc: 2.781e-01, test_nll: 2.886e+00)
[2023-02-03 19:16:30] [Epoch     8/  200] trn/loss 2.706e+00, trn/lr 2.990e-02, val/acc 2.637e-01, val/nll 2.978e+00
[2023-02-03 19:16:34] [Epoch     9/  200] trn/loss 2.544e+00, trn/lr 2.987e-02, val/acc 2.993e-01, val/nll 2.862e+00 (best_acc: 2.748e-01 -> 2.993e-01, test_acc: 3.083e-01, test_nll: 2.812e+00)
[2023-02-03 19:16:39] [Epoch    10/  200] trn/loss 2.412e+00, trn/lr 2.983e-02, val/acc 3.332e-01, val/nll 2.559e+00 (best_acc: 2.993e-01 -> 3.332e-01, test_acc: 3.374e-01, test_nll: 2.528e+00)
[2023-02-03 19:16:43] [Epoch    11/  200] trn/loss 2.296e+00, trn/lr 2.980e-02, val/acc 3.640e-01, val/nll 2.453e+00 (best_acc: 3.332e-01 -> 3.640e-01, test_acc: 3.698e-01, test_nll: 2.402e+00)
[2023-02-03 19:16:48] [Epoch    12/  200] trn/loss 2.196e+00, trn/lr 2.976e-02, val/acc 3.735e-01, val/nll 2.392e+00 (best_acc: 3.640e-01 -> 3.735e-01, test_acc: 3.887e-01, test_nll: 2.344e+00)
[2023-02-03 19:16:52] [Epoch    13/  200] trn/loss 2.100e+00, trn/lr 2.971e-02, val/acc 3.959e-01, val/nll 2.323e+00 (best_acc: 3.735e-01 -> 3.959e-01, test_acc: 3.928e-01, test_nll: 2.311e+00)
[2023-02-03 19:16:57] [Epoch    14/  200] trn/loss 2.011e+00, trn/lr 2.966e-02, val/acc 4.106e-01, val/nll 2.278e+00 (best_acc: 3.959e-01 -> 4.106e-01, test_acc: 4.157e-01, test_nll: 2.247e+00)
[2023-02-03 19:17:01] [Epoch    15/  200] trn/loss 1.941e+00, trn/lr 2.961e-02, val/acc 3.756e-01, val/nll 2.539e+00
[2023-02-03 19:17:05] [Epoch    16/  200] trn/loss 1.865e+00, trn/lr 2.956e-02, val/acc 4.034e-01, val/nll 2.318e+00
[2023-02-03 19:17:09] [Epoch    17/  200] trn/loss 1.805e+00, trn/lr 2.950e-02, val/acc 4.281e-01, val/nll 2.149e+00 (best_acc: 4.106e-01 -> 4.281e-01, test_acc: 4.406e-01, test_nll: 2.126e+00)
[2023-02-03 19:17:14] [Epoch    18/  200] trn/loss 1.747e+00, trn/lr 2.944e-02, val/acc 4.388e-01, val/nll 2.143e+00 (best_acc: 4.281e-01 -> 4.388e-01, test_acc: 4.450e-01, test_nll: 2.107e+00)
[2023-02-03 19:17:18] [Epoch    19/  200] trn/loss 1.685e+00, trn/lr 2.937e-02, val/acc 4.530e-01, val/nll 2.101e+00 (best_acc: 4.388e-01 -> 4.530e-01, test_acc: 4.559e-01, test_nll: 2.083e+00)
[2023-02-03 19:17:22] [Epoch    20/  200] trn/loss 1.646e+00, trn/lr 2.930e-02, val/acc 4.507e-01, val/nll 2.121e+00
[2023-02-03 19:17:27] [Epoch    21/  200] trn/loss 1.585e+00, trn/lr 2.923e-02, val/acc 4.838e-01, val/nll 1.908e+00 (best_acc: 4.530e-01 -> 4.838e-01, test_acc: 4.892e-01, test_nll: 1.897e+00)
[2023-02-03 19:17:31] [Epoch    22/  200] trn/loss 1.546e+00, trn/lr 2.915e-02, val/acc 4.735e-01, val/nll 1.972e+00
[2023-02-03 19:17:36] [Epoch    23/  200] trn/loss 1.502e+00, trn/lr 2.907e-02, val/acc 5.006e-01, val/nll 1.899e+00 (best_acc: 4.838e-01 -> 5.006e-01, test_acc: 4.981e-01, test_nll: 1.903e+00)
[2023-02-03 19:17:40] [Epoch    24/  200] trn/loss 1.467e+00, trn/lr 2.899e-02, val/acc 4.642e-01, val/nll 2.065e+00
[2023-02-03 19:17:44] [Epoch    25/  200] trn/loss 1.436e+00, trn/lr 2.890e-02, val/acc 4.940e-01, val/nll 1.913e+00
[2023-02-03 19:17:48] [Epoch    26/  200] trn/loss 1.389e+00, trn/lr 2.881e-02, val/acc 4.881e-01, val/nll 1.964e+00
[2023-02-03 19:17:52] [Epoch    27/  200] trn/loss 1.358e+00, trn/lr 2.872e-02, val/acc 5.095e-01, val/nll 1.888e+00 (best_acc: 5.006e-01 -> 5.095e-01, test_acc: 5.117e-01, test_nll: 1.874e+00)
[2023-02-03 19:17:57] [Epoch    28/  200] trn/loss 1.332e+00, trn/lr 2.862e-02, val/acc 4.792e-01, val/nll 2.088e+00
[2023-02-03 19:18:01] [Epoch    29/  200] trn/loss 1.304e+00, trn/lr 2.852e-02, val/acc 5.079e-01, val/nll 1.897e+00
[2023-02-03 19:18:05] [Epoch    30/  200] trn/loss 1.279e+00, trn/lr 2.842e-02, val/acc 5.177e-01, val/nll 1.870e+00 (best_acc: 5.095e-01 -> 5.177e-01, test_acc: 5.158e-01, test_nll: 1.877e+00)
[2023-02-03 19:18:09] [Epoch    31/  200] trn/loss 1.247e+00, trn/lr 2.831e-02, val/acc 5.040e-01, val/nll 1.921e+00
[2023-02-03 19:18:14] [Epoch    32/  200] trn/loss 1.217e+00, trn/lr 2.820e-02, val/acc 5.281e-01, val/nll 1.761e+00 (best_acc: 5.177e-01 -> 5.281e-01, test_acc: 5.317e-01, test_nll: 1.760e+00)
[2023-02-03 19:18:18] [Epoch    33/  200] trn/loss 1.193e+00, trn/lr 2.809e-02, val/acc 4.997e-01, val/nll 2.054e+00
[2023-02-03 19:18:22] [Epoch    34/  200] trn/loss 1.168e+00, trn/lr 2.797e-02, val/acc 4.872e-01, val/nll 2.032e+00
[2023-02-03 19:18:27] [Epoch    35/  200] trn/loss 1.157e+00, trn/lr 2.785e-02, val/acc 5.289e-01, val/nll 1.806e+00 (best_acc: 5.281e-01 -> 5.289e-01, test_acc: 5.283e-01, test_nll: 1.815e+00)
[2023-02-03 19:18:31] [Epoch    36/  200] trn/loss 1.135e+00, trn/lr 2.773e-02, val/acc 5.142e-01, val/nll 1.902e+00
[2023-02-03 19:18:35] [Epoch    37/  200] trn/loss 1.106e+00, trn/lr 2.760e-02, val/acc 5.209e-01, val/nll 1.843e+00
[2023-02-03 19:18:39] [Epoch    38/  200] trn/loss 1.093e+00, trn/lr 2.747e-02, val/acc 5.144e-01, val/nll 1.993e+00
[2023-02-03 19:18:44] [Epoch    39/  200] trn/loss 1.070e+00, trn/lr 2.734e-02, val/acc 5.425e-01, val/nll 1.764e+00 (best_acc: 5.289e-01 -> 5.425e-01, test_acc: 5.482e-01, test_nll: 1.762e+00)
[2023-02-03 19:18:48] [Epoch    40/  200] trn/loss 1.053e+00, trn/lr 2.720e-02, val/acc 5.227e-01, val/nll 1.891e+00
[2023-02-03 19:18:52] [Epoch    41/  200] trn/loss 1.028e+00, trn/lr 2.707e-02, val/acc 5.105e-01, val/nll 1.968e+00
[2023-02-03 19:18:56] [Epoch    42/  200] trn/loss 1.007e+00, trn/lr 2.692e-02, val/acc 5.025e-01, val/nll 2.134e+00
[2023-02-03 19:19:00] [Epoch    43/  200] trn/loss 9.990e-01, trn/lr 2.678e-02, val/acc 5.503e-01, val/nll 1.797e+00 (best_acc: 5.425e-01 -> 5.503e-01, test_acc: 5.425e-01, test_nll: 1.823e+00)
[2023-02-03 19:19:05] [Epoch    44/  200] trn/loss 9.735e-01, trn/lr 2.663e-02, val/acc 5.441e-01, val/nll 1.814e+00
[2023-02-03 19:19:09] [Epoch    45/  200] trn/loss 9.597e-01, trn/lr 2.648e-02, val/acc 5.629e-01, val/nll 1.730e+00 (best_acc: 5.503e-01 -> 5.629e-01, test_acc: 5.675e-01, test_nll: 1.742e+00)
[2023-02-03 19:19:13] [Epoch    46/  200] trn/loss 9.452e-01, trn/lr 2.633e-02, val/acc 5.261e-01, val/nll 1.895e+00
[2023-02-03 19:19:17] [Epoch    47/  200] trn/loss 9.330e-01, trn/lr 2.617e-02, val/acc 5.541e-01, val/nll 1.754e+00
[2023-02-03 19:19:22] [Epoch    48/  200] trn/loss 9.209e-01, trn/lr 2.602e-02, val/acc 5.541e-01, val/nll 1.810e+00
[2023-02-03 19:19:26] [Epoch    49/  200] trn/loss 8.986e-01, trn/lr 2.585e-02, val/acc 5.471e-01, val/nll 1.866e+00
[2023-02-03 19:19:30] [Epoch    50/  200] trn/loss 8.811e-01, trn/lr 2.569e-02, val/acc 5.358e-01, val/nll 1.932e+00
[2023-02-03 19:19:34] [Epoch    51/  200] trn/loss 8.754e-01, trn/lr 2.552e-02, val/acc 5.456e-01, val/nll 1.796e+00
[2023-02-03 19:19:38] [Epoch    52/  200] trn/loss 8.564e-01, trn/lr 2.535e-02, val/acc 5.614e-01, val/nll 1.741e+00
[2023-02-03 19:19:42] [Epoch    53/  200] trn/loss 8.409e-01, trn/lr 2.518e-02, val/acc 5.617e-01, val/nll 1.765e+00
[2023-02-03 19:19:47] [Epoch    54/  200] trn/loss 8.235e-01, trn/lr 2.501e-02, val/acc 5.430e-01, val/nll 1.948e+00
[2023-02-03 19:19:51] [Epoch    55/  200] trn/loss 8.145e-01, trn/lr 2.483e-02, val/acc 5.326e-01, val/nll 1.942e+00
[2023-02-03 19:19:55] [Epoch    56/  200] trn/loss 8.109e-01, trn/lr 2.465e-02, val/acc 5.235e-01, val/nll 2.021e+00
[2023-02-03 19:19:59] [Epoch    57/  200] trn/loss 7.980e-01, trn/lr 2.447e-02, val/acc 5.548e-01, val/nll 1.811e+00
[2023-02-03 19:20:03] [Epoch    58/  200] trn/loss 7.847e-01, trn/lr 2.429e-02, val/acc 5.670e-01, val/nll 1.748e+00 (best_acc: 5.629e-01 -> 5.670e-01, test_acc: 5.649e-01, test_nll: 1.768e+00)
[2023-02-03 19:20:08] [Epoch    59/  200] trn/loss 7.688e-01, trn/lr 2.410e-02, val/acc 5.773e-01, val/nll 1.784e+00 (best_acc: 5.670e-01 -> 5.773e-01, test_acc: 5.702e-01, test_nll: 1.778e+00)
[2023-02-03 19:20:12] [Epoch    60/  200] trn/loss 7.725e-01, trn/lr 2.391e-02, val/acc 5.633e-01, val/nll 1.904e+00
[2023-02-03 19:20:16] [Epoch    61/  200] trn/loss 7.558e-01, trn/lr 2.372e-02, val/acc 5.616e-01, val/nll 1.826e+00
[2023-02-03 19:20:20] [Epoch    62/  200] trn/loss 7.416e-01, trn/lr 2.353e-02, val/acc 5.463e-01, val/nll 1.899e+00
[2023-02-03 19:20:24] [Epoch    63/  200] trn/loss 7.312e-01, trn/lr 2.333e-02, val/acc 5.622e-01, val/nll 1.846e+00
[2023-02-03 19:20:29] [Epoch    64/  200] trn/loss 7.015e-01, trn/lr 2.314e-02, val/acc 5.616e-01, val/nll 1.840e+00
[2023-02-03 19:20:33] [Epoch    65/  200] trn/loss 7.135e-01, trn/lr 2.294e-02, val/acc 5.752e-01, val/nll 1.713e+00
[2023-02-03 19:20:37] [Epoch    66/  200] trn/loss 7.009e-01, trn/lr 2.274e-02, val/acc 5.535e-01, val/nll 1.904e+00
[2023-02-03 19:20:41] [Epoch    67/  200] trn/loss 6.835e-01, trn/lr 2.253e-02, val/acc 5.466e-01, val/nll 1.985e+00
[2023-02-03 19:20:45] [Epoch    68/  200] trn/loss 6.786e-01, trn/lr 2.233e-02, val/acc 5.696e-01, val/nll 1.773e+00
[2023-02-03 19:20:49] [Epoch    69/  200] trn/loss 6.654e-01, trn/lr 2.212e-02, val/acc 5.768e-01, val/nll 1.807e+00
[2023-02-03 19:20:53] [Epoch    70/  200] trn/loss 6.617e-01, trn/lr 2.192e-02, val/acc 5.600e-01, val/nll 1.888e+00
[2023-02-03 19:20:58] [Epoch    71/  200] trn/loss 6.579e-01, trn/lr 2.171e-02, val/acc 5.841e-01, val/nll 1.778e+00 (best_acc: 5.773e-01 -> 5.841e-01, test_acc: 5.886e-01, test_nll: 1.744e+00)
[2023-02-03 19:21:02] [Epoch    72/  200] trn/loss 6.438e-01, trn/lr 2.149e-02, val/acc 5.642e-01, val/nll 1.855e+00
[2023-02-03 19:21:06] [Epoch    73/  200] trn/loss 6.324e-01, trn/lr 2.128e-02, val/acc 5.592e-01, val/nll 1.878e+00
[2023-02-03 19:21:10] [Epoch    74/  200] trn/loss 6.166e-01, trn/lr 2.107e-02, val/acc 5.758e-01, val/nll 1.849e+00
[2023-02-03 19:21:15] [Epoch    75/  200] trn/loss 6.052e-01, trn/lr 2.085e-02, val/acc 5.781e-01, val/nll 1.876e+00
[2023-02-03 19:21:19] [Epoch    76/  200] trn/loss 5.996e-01, trn/lr 2.063e-02, val/acc 5.774e-01, val/nll 1.824e+00
[2023-02-03 19:21:23] [Epoch    77/  200] trn/loss 5.877e-01, trn/lr 2.041e-02, val/acc 5.869e-01, val/nll 1.794e+00 (best_acc: 5.841e-01 -> 5.869e-01, test_acc: 5.887e-01, test_nll: 1.776e+00)
[2023-02-03 19:21:27] [Epoch    78/  200] trn/loss 5.796e-01, trn/lr 2.019e-02, val/acc 5.749e-01, val/nll 1.811e+00
[2023-02-03 19:21:31] [Epoch    79/  200] trn/loss 5.808e-01, trn/lr 1.997e-02, val/acc 5.698e-01, val/nll 1.883e+00
[2023-02-03 19:21:36] [Epoch    80/  200] trn/loss 5.559e-01, trn/lr 1.975e-02, val/acc 5.799e-01, val/nll 1.844e+00
[2023-02-03 19:21:40] [Epoch    81/  200] trn/loss 5.629e-01, trn/lr 1.952e-02, val/acc 5.825e-01, val/nll 1.805e+00
[2023-02-03 19:21:44] [Epoch    82/  200] trn/loss 5.483e-01, trn/lr 1.930e-02, val/acc 5.846e-01, val/nll 1.854e+00
[2023-02-03 19:21:48] [Epoch    83/  200] trn/loss 5.318e-01, trn/lr 1.907e-02, val/acc 5.815e-01, val/nll 1.777e+00
[2023-02-03 19:21:53] [Epoch    84/  200] trn/loss 5.365e-01, trn/lr 1.885e-02, val/acc 5.923e-01, val/nll 1.763e+00 (best_acc: 5.869e-01 -> 5.923e-01, test_acc: 5.962e-01, test_nll: 1.764e+00)
[2023-02-03 19:21:57] [Epoch    85/  200] trn/loss 5.203e-01, trn/lr 1.862e-02, val/acc 5.917e-01, val/nll 1.792e+00
[2023-02-03 19:22:01] [Epoch    86/  200] trn/loss 5.149e-01, trn/lr 1.839e-02, val/acc 5.813e-01, val/nll 1.884e+00
[2023-02-03 19:22:05] [Epoch    87/  200] trn/loss 5.042e-01, trn/lr 1.816e-02, val/acc 5.835e-01, val/nll 1.817e+00
[2023-02-03 19:22:09] [Epoch    88/  200] trn/loss 4.826e-01, trn/lr 1.793e-02, val/acc 5.756e-01, val/nll 1.960e+00
[2023-02-03 19:22:13] [Epoch    89/  200] trn/loss 4.881e-01, trn/lr 1.770e-02, val/acc 5.844e-01, val/nll 1.911e+00
[2023-02-03 19:22:17] [Epoch    90/  200] trn/loss 4.772e-01, trn/lr 1.746e-02, val/acc 5.872e-01, val/nll 1.868e+00
[2023-02-03 19:22:22] [Epoch    91/  200] trn/loss 4.634e-01, trn/lr 1.723e-02, val/acc 5.603e-01, val/nll 2.072e+00
[2023-02-03 19:22:26] [Epoch    92/  200] trn/loss 4.628e-01, trn/lr 1.700e-02, val/acc 5.855e-01, val/nll 1.912e+00
[2023-02-03 19:22:30] [Epoch    93/  200] trn/loss 4.646e-01, trn/lr 1.676e-02, val/acc 5.658e-01, val/nll 2.064e+00
[2023-02-03 19:22:34] [Epoch    94/  200] trn/loss 4.475e-01, trn/lr 1.653e-02, val/acc 5.784e-01, val/nll 1.917e+00
[2023-02-03 19:22:38] [Epoch    95/  200] trn/loss 4.401e-01, trn/lr 1.630e-02, val/acc 5.835e-01, val/nll 1.936e+00
[2023-02-03 19:22:42] [Epoch    96/  200] trn/loss 4.367e-01, trn/lr 1.606e-02, val/acc 5.796e-01, val/nll 1.925e+00
[2023-02-03 19:22:47] [Epoch    97/  200] trn/loss 4.209e-01, trn/lr 1.582e-02, val/acc 5.930e-01, val/nll 1.815e+00 (best_acc: 5.923e-01 -> 5.930e-01, test_acc: 5.959e-01, test_nll: 1.835e+00)
[2023-02-03 19:22:51] [Epoch    98/  200] trn/loss 4.122e-01, trn/lr 1.559e-02, val/acc 5.725e-01, val/nll 1.997e+00
[2023-02-03 19:22:55] [Epoch    99/  200] trn/loss 4.021e-01, trn/lr 1.535e-02, val/acc 5.656e-01, val/nll 1.987e+00
[2023-02-03 19:22:59] [Epoch   100/  200] trn/loss 3.955e-01, trn/lr 1.512e-02, val/acc 6.002e-01, val/nll 1.885e+00 (best_acc: 5.930e-01 -> 6.002e-01, test_acc: 5.971e-01, test_nll: 1.860e+00)
[2023-02-03 19:23:04] [Epoch   101/  200] trn/loss 3.819e-01, trn/lr 1.488e-02, val/acc 5.916e-01, val/nll 1.951e+00
[2023-02-03 19:23:08] [Epoch   102/  200] trn/loss 3.842e-01, trn/lr 1.465e-02, val/acc 5.747e-01, val/nll 2.109e+00
[2023-02-03 19:23:12] [Epoch   103/  200] trn/loss 3.717e-01, trn/lr 1.441e-02, val/acc 5.968e-01, val/nll 1.890e+00
[2023-02-03 19:23:16] [Epoch   104/  200] trn/loss 3.596e-01, trn/lr 1.418e-02, val/acc 5.981e-01, val/nll 1.887e+00
[2023-02-03 19:23:20] [Epoch   105/  200] trn/loss 3.524e-01, trn/lr 1.394e-02, val/acc 5.938e-01, val/nll 1.868e+00
[2023-02-03 19:23:24] [Epoch   106/  200] trn/loss 3.546e-01, trn/lr 1.371e-02, val/acc 5.940e-01, val/nll 1.929e+00
[2023-02-03 19:23:28] [Epoch   107/  200] trn/loss 3.457e-01, trn/lr 1.347e-02, val/acc 5.713e-01, val/nll 2.042e+00
[2023-02-03 19:23:33] [Epoch   108/  200] trn/loss 3.294e-01, trn/lr 1.324e-02, val/acc 6.010e-01, val/nll 1.921e+00 (best_acc: 6.002e-01 -> 6.010e-01, test_acc: 6.070e-01, test_nll: 1.898e+00)
[2023-02-03 19:23:37] [Epoch   109/  200] trn/loss 3.208e-01, trn/lr 1.300e-02, val/acc 6.049e-01, val/nll 1.862e+00 (best_acc: 6.010e-01 -> 6.049e-01, test_acc: 6.163e-01, test_nll: 1.844e+00)
[2023-02-03 19:23:41] [Epoch   110/  200] trn/loss 3.122e-01, trn/lr 1.277e-02, val/acc 5.673e-01, val/nll 2.219e+00
[2023-02-03 19:23:46] [Epoch   111/  200] trn/loss 3.192e-01, trn/lr 1.254e-02, val/acc 6.029e-01, val/nll 1.956e+00
[2023-02-03 19:23:50] [Epoch   112/  200] trn/loss 3.075e-01, trn/lr 1.231e-02, val/acc 5.981e-01, val/nll 1.974e+00
[2023-02-03 19:23:54] [Epoch   113/  200] trn/loss 2.967e-01, trn/lr 1.207e-02, val/acc 6.018e-01, val/nll 1.918e+00
[2023-02-03 19:23:58] [Epoch   114/  200] trn/loss 2.938e-01, trn/lr 1.184e-02, val/acc 6.062e-01, val/nll 1.890e+00 (best_acc: 6.049e-01 -> 6.062e-01, test_acc: 6.137e-01, test_nll: 1.886e+00)
[2023-02-03 19:24:03] [Epoch   115/  200] trn/loss 2.813e-01, trn/lr 1.161e-02, val/acc 6.095e-01, val/nll 1.901e+00 (best_acc: 6.062e-01 -> 6.095e-01, test_acc: 6.128e-01, test_nll: 1.913e+00)
[2023-02-03 19:24:07] [Epoch   116/  200] trn/loss 2.801e-01, trn/lr 1.138e-02, val/acc 5.937e-01, val/nll 1.972e+00
[2023-02-03 19:24:11] [Epoch   117/  200] trn/loss 2.677e-01, trn/lr 1.116e-02, val/acc 6.083e-01, val/nll 1.951e+00
[2023-02-03 19:24:15] [Epoch   118/  200] trn/loss 2.647e-01, trn/lr 1.093e-02, val/acc 6.178e-01, val/nll 1.831e+00 (best_acc: 6.095e-01 -> 6.178e-01, test_acc: 6.177e-01, test_nll: 1.868e+00)
[2023-02-03 19:24:20] [Epoch   119/  200] trn/loss 2.459e-01, trn/lr 1.070e-02, val/acc 5.917e-01, val/nll 1.980e+00
[2023-02-03 19:24:24] [Epoch   120/  200] trn/loss 2.451e-01, trn/lr 1.048e-02, val/acc 5.983e-01, val/nll 1.962e+00
[2023-02-03 19:24:28] [Epoch   121/  200] trn/loss 2.339e-01, trn/lr 1.025e-02, val/acc 6.105e-01, val/nll 1.923e+00
[2023-02-03 19:24:32] [Epoch   122/  200] trn/loss 2.337e-01, trn/lr 1.003e-02, val/acc 6.074e-01, val/nll 1.903e+00
[2023-02-03 19:24:36] [Epoch   123/  200] trn/loss 2.320e-01, trn/lr 9.809e-03, val/acc 6.117e-01, val/nll 1.876e+00
[2023-02-03 19:24:40] [Epoch   124/  200] trn/loss 2.078e-01, trn/lr 9.589e-03, val/acc 6.169e-01, val/nll 1.897e+00
[2023-02-03 19:24:44] [Epoch   125/  200] trn/loss 2.079e-01, trn/lr 9.370e-03, val/acc 6.092e-01, val/nll 1.955e+00
[2023-02-03 19:24:48] [Epoch   126/  200] trn/loss 2.072e-01, trn/lr 9.152e-03, val/acc 6.046e-01, val/nll 1.951e+00
[2023-02-03 19:24:53] [Epoch   127/  200] trn/loss 1.946e-01, trn/lr 8.936e-03, val/acc 6.020e-01, val/nll 2.009e+00
[2023-02-03 19:24:57] [Epoch   128/  200] trn/loss 1.936e-01, trn/lr 8.721e-03, val/acc 6.088e-01, val/nll 1.921e+00
[2023-02-03 19:25:01] [Epoch   129/  200] trn/loss 1.886e-01, trn/lr 8.508e-03, val/acc 6.110e-01, val/nll 1.971e+00
[2023-02-03 19:25:05] [Epoch   130/  200] trn/loss 1.795e-01, trn/lr 8.296e-03, val/acc 6.220e-01, val/nll 1.896e+00 (best_acc: 6.178e-01 -> 6.220e-01, test_acc: 6.256e-01, test_nll: 1.909e+00)
[2023-02-03 19:25:10] [Epoch   131/  200] trn/loss 1.726e-01, trn/lr 8.086e-03, val/acc 6.223e-01, val/nll 1.848e+00 (best_acc: 6.220e-01 -> 6.223e-01, test_acc: 6.341e-01, test_nll: 1.863e+00)
[2023-02-03 19:25:14] [Epoch   132/  200] trn/loss 1.688e-01, trn/lr 7.878e-03, val/acc 6.160e-01, val/nll 1.958e+00
[2023-02-03 19:25:18] [Epoch   133/  200] trn/loss 1.618e-01, trn/lr 7.671e-03, val/acc 6.174e-01, val/nll 1.875e+00
[2023-02-03 19:25:22] [Epoch   134/  200] trn/loss 1.546e-01, trn/lr 7.467e-03, val/acc 6.232e-01, val/nll 1.899e+00 (best_acc: 6.223e-01 -> 6.232e-01, test_acc: 6.260e-01, test_nll: 1.902e+00)
[2023-02-03 19:25:27] [Epoch   135/  200] trn/loss 1.477e-01, trn/lr 7.264e-03, val/acc 6.246e-01, val/nll 1.928e+00 (best_acc: 6.232e-01 -> 6.246e-01, test_acc: 6.239e-01, test_nll: 1.933e+00)
[2023-02-03 19:25:31] [Epoch   136/  200] trn/loss 1.443e-01, trn/lr 7.063e-03, val/acc 6.187e-01, val/nll 1.942e+00
[2023-02-03 19:25:35] [Epoch   137/  200] trn/loss 1.359e-01, trn/lr 6.864e-03, val/acc 6.240e-01, val/nll 1.943e+00
[2023-02-03 19:25:40] [Epoch   138/  200] trn/loss 1.361e-01, trn/lr 6.667e-03, val/acc 6.249e-01, val/nll 1.892e+00 (best_acc: 6.246e-01 -> 6.249e-01, test_acc: 6.331e-01, test_nll: 1.898e+00)
[2023-02-03 19:25:44] [Epoch   139/  200] trn/loss 1.286e-01, trn/lr 6.472e-03, val/acc 6.228e-01, val/nll 1.900e+00
[2023-02-03 19:25:48] [Epoch   140/  200] trn/loss 1.215e-01, trn/lr 6.279e-03, val/acc 6.314e-01, val/nll 1.898e+00 (best_acc: 6.249e-01 -> 6.314e-01, test_acc: 6.329e-01, test_nll: 1.925e+00)
[2023-02-03 19:25:52] [Epoch   141/  200] trn/loss 1.201e-01, trn/lr 6.089e-03, val/acc 6.257e-01, val/nll 1.949e+00
[2023-02-03 19:25:56] [Epoch   142/  200] trn/loss 1.121e-01, trn/lr 5.900e-03, val/acc 6.284e-01, val/nll 1.909e+00
[2023-02-03 19:26:01] [Epoch   143/  200] trn/loss 1.159e-01, trn/lr 5.714e-03, val/acc 6.231e-01, val/nll 2.001e+00
[2023-02-03 19:26:05] [Epoch   144/  200] trn/loss 1.050e-01, trn/lr 5.530e-03, val/acc 6.354e-01, val/nll 1.897e+00 (best_acc: 6.314e-01 -> 6.354e-01, test_acc: 6.316e-01, test_nll: 1.930e+00)
[2023-02-03 19:26:09] [Epoch   145/  200] trn/loss 1.014e-01, trn/lr 5.349e-03, val/acc 6.306e-01, val/nll 1.897e+00
[2023-02-03 19:26:13] [Epoch   146/  200] trn/loss 9.985e-02, trn/lr 5.170e-03, val/acc 6.265e-01, val/nll 1.912e+00
[2023-02-03 19:26:17] [Epoch   147/  200] trn/loss 9.424e-02, trn/lr 4.993e-03, val/acc 6.346e-01, val/nll 1.905e+00
[2023-02-03 19:26:22] [Epoch   148/  200] trn/loss 9.213e-02, trn/lr 4.819e-03, val/acc 6.294e-01, val/nll 1.917e+00
[2023-02-03 19:26:26] [Epoch   149/  200] trn/loss 8.837e-02, trn/lr 4.647e-03, val/acc 6.313e-01, val/nll 1.938e+00
[2023-02-03 19:26:30] [Epoch   150/  200] trn/loss 8.515e-02, trn/lr 4.478e-03, val/acc 6.337e-01, val/nll 1.923e+00
[2023-02-03 19:26:34] [Epoch   151/  200] trn/loss 8.345e-02, trn/lr 4.311e-03, val/acc 6.364e-01, val/nll 1.927e+00 (best_acc: 6.354e-01 -> 6.364e-01, test_acc: 6.368e-01, test_nll: 1.933e+00)
[2023-02-03 19:26:38] [Epoch   152/  200] trn/loss 8.319e-02, trn/lr 4.147e-03, val/acc 6.351e-01, val/nll 1.922e+00
[2023-02-03 19:26:43] [Epoch   153/  200] trn/loss 7.953e-02, trn/lr 3.986e-03, val/acc 6.388e-01, val/nll 1.889e+00 (best_acc: 6.364e-01 -> 6.388e-01, test_acc: 6.424e-01, test_nll: 1.911e+00)
[2023-02-03 19:26:47] [Epoch   154/  200] trn/loss 7.553e-02, trn/lr 3.827e-03, val/acc 6.327e-01, val/nll 1.911e+00
[2023-02-03 19:26:51] [Epoch   155/  200] trn/loss 7.410e-02, trn/lr 3.671e-03, val/acc 6.369e-01, val/nll 1.914e+00
[2023-02-03 19:26:55] [Epoch   156/  200] trn/loss 7.285e-02, trn/lr 3.518e-03, val/acc 6.361e-01, val/nll 1.903e+00
[2023-02-03 19:26:59] [Epoch   157/  200] trn/loss 6.991e-02, trn/lr 3.368e-03, val/acc 6.372e-01, val/nll 1.922e+00
[2023-02-03 19:27:04] [Epoch   158/  200] trn/loss 6.877e-02, trn/lr 3.221e-03, val/acc 6.320e-01, val/nll 1.909e+00
[2023-02-03 19:27:08] [Epoch   159/  200] trn/loss 6.674e-02, trn/lr 3.076e-03, val/acc 6.373e-01, val/nll 1.918e+00
[2023-02-03 19:27:12] [Epoch   160/  200] trn/loss 6.500e-02, trn/lr 2.935e-03, val/acc 6.372e-01, val/nll 1.926e+00
[2023-02-03 19:27:16] [Epoch   161/  200] trn/loss 6.332e-02, trn/lr 2.796e-03, val/acc 6.298e-01, val/nll 1.932e+00
[2023-02-03 19:27:20] [Epoch   162/  200] trn/loss 6.184e-02, trn/lr 2.661e-03, val/acc 6.361e-01, val/nll 1.923e+00
[2023-02-03 19:27:24] [Epoch   163/  200] trn/loss 5.990e-02, trn/lr 2.528e-03, val/acc 6.364e-01, val/nll 1.915e+00
[2023-02-03 19:27:29] [Epoch   164/  200] trn/loss 5.766e-02, trn/lr 2.399e-03, val/acc 6.394e-01, val/nll 1.918e+00 (best_acc: 6.388e-01 -> 6.394e-01, test_acc: 6.416e-01, test_nll: 1.926e+00)
[2023-02-03 19:27:33] [Epoch   165/  200] trn/loss 5.690e-02, trn/lr 2.273e-03, val/acc 6.373e-01, val/nll 1.938e+00
[2023-02-03 19:27:37] [Epoch   166/  200] trn/loss 5.603e-02, trn/lr 2.150e-03, val/acc 6.369e-01, val/nll 1.919e+00
[2023-02-03 19:27:41] [Epoch   167/  200] trn/loss 5.652e-02, trn/lr 2.030e-03, val/acc 6.373e-01, val/nll 1.934e+00
[2023-02-03 19:27:45] [Epoch   168/  200] trn/loss 5.412e-02, trn/lr 1.913e-03, val/acc 6.400e-01, val/nll 1.925e+00 (best_acc: 6.394e-01 -> 6.400e-01, test_acc: 6.419e-01, test_nll: 1.933e+00)
[2023-02-03 19:27:50] [Epoch   169/  200] trn/loss 5.431e-02, trn/lr 1.800e-03, val/acc 6.387e-01, val/nll 1.913e+00
[2023-02-03 19:27:54] [Epoch   170/  200] trn/loss 5.289e-02, trn/lr 1.689e-03, val/acc 6.374e-01, val/nll 1.933e+00
[2023-02-03 19:27:58] [Epoch   171/  200] trn/loss 5.150e-02, trn/lr 1.582e-03, val/acc 6.387e-01, val/nll 1.924e+00
[2023-02-03 19:28:02] [Epoch   172/  200] trn/loss 4.994e-02, trn/lr 1.479e-03, val/acc 6.375e-01, val/nll 1.923e+00
[2023-02-03 19:28:06] [Epoch   173/  200] trn/loss 4.972e-02, trn/lr 1.378e-03, val/acc 6.366e-01, val/nll 1.920e+00
[2023-02-03 19:28:10] [Epoch   174/  200] trn/loss 4.785e-02, trn/lr 1.281e-03, val/acc 6.390e-01, val/nll 1.910e+00
[2023-02-03 19:28:14] [Epoch   175/  200] trn/loss 4.715e-02, trn/lr 1.188e-03, val/acc 6.373e-01, val/nll 1.922e+00
[2023-02-03 19:28:18] [Epoch   176/  200] trn/loss 4.874e-02, trn/lr 1.098e-03, val/acc 6.390e-01, val/nll 1.922e+00
[2023-02-03 19:28:23] [Epoch   177/  200] trn/loss 4.737e-02, trn/lr 1.011e-03, val/acc 6.382e-01, val/nll 1.923e+00
[2023-02-03 19:28:27] [Epoch   178/  200] trn/loss 4.633e-02, trn/lr 9.275e-04, val/acc 6.381e-01, val/nll 1.913e+00
[2023-02-03 19:28:31] [Epoch   179/  200] trn/loss 4.630e-02, trn/lr 8.477e-04, val/acc 6.392e-01, val/nll 1.914e+00
[2023-02-03 19:28:35] [Epoch   180/  200] trn/loss 4.525e-02, trn/lr 7.714e-04, val/acc 6.382e-01, val/nll 1.923e+00
[2023-02-03 19:28:39] [Epoch   181/  200] trn/loss 4.503e-02, trn/lr 6.986e-04, val/acc 6.385e-01, val/nll 1.923e+00
[2023-02-03 19:28:43] [Epoch   182/  200] trn/loss 4.447e-02, trn/lr 6.293e-04, val/acc 6.392e-01, val/nll 1.926e+00
[2023-02-03 19:28:47] [Epoch   183/  200] trn/loss 4.399e-02, trn/lr 5.635e-04, val/acc 6.381e-01, val/nll 1.922e+00
[2023-02-03 19:28:52] [Epoch   184/  200] trn/loss 4.355e-02, trn/lr 5.013e-04, val/acc 6.398e-01, val/nll 1.923e+00
[2023-02-03 19:28:56] [Epoch   185/  200] trn/loss 4.503e-02, trn/lr 4.427e-04, val/acc 6.376e-01, val/nll 1.921e+00
[2023-02-03 19:29:00] [Epoch   186/  200] trn/loss 4.424e-02, trn/lr 3.877e-04, val/acc 6.396e-01, val/nll 1.924e+00
[2023-02-03 19:29:04] [Epoch   187/  200] trn/loss 4.305e-02, trn/lr 3.363e-04, val/acc 6.387e-01, val/nll 1.923e+00
[2023-02-03 19:29:08] [Epoch   188/  200] trn/loss 4.376e-02, trn/lr 2.885e-04, val/acc 6.397e-01, val/nll 1.926e+00
[2023-02-03 19:29:12] [Epoch   189/  200] trn/loss 4.352e-02, trn/lr 2.444e-04, val/acc 6.404e-01, val/nll 1.914e+00 (best_acc: 6.400e-01 -> 6.404e-01, test_acc: 6.449e-01, test_nll: 1.929e+00)
[2023-02-03 19:29:17] [Epoch   190/  200] trn/loss 4.355e-02, trn/lr 2.038e-04, val/acc 6.392e-01, val/nll 1.926e+00
[2023-02-03 19:29:21] [Epoch   191/  200] trn/loss 4.258e-02, trn/lr 1.670e-04, val/acc 6.384e-01, val/nll 1.925e+00
[2023-02-03 19:29:25] [Epoch   192/  200] trn/loss 4.191e-02, trn/lr 1.338e-04, val/acc 6.386e-01, val/nll 1.918e+00
[2023-02-03 19:29:29] [Epoch   193/  200] trn/loss 4.221e-02, trn/lr 1.042e-04, val/acc 6.392e-01, val/nll 1.922e+00
[2023-02-03 19:29:33] [Epoch   194/  200] trn/loss 4.242e-02, trn/lr 7.835e-05, val/acc 6.375e-01, val/nll 1.923e+00
[2023-02-03 19:29:37] [Epoch   195/  200] trn/loss 4.344e-02, trn/lr 5.616e-05, val/acc 6.389e-01, val/nll 1.921e+00
[2023-02-03 19:29:41] [Epoch   196/  200] trn/loss 4.142e-02, trn/lr 3.766e-05, val/acc 6.399e-01, val/nll 1.920e+00
[2023-02-03 19:29:46] [Epoch   197/  200] trn/loss 4.227e-02, trn/lr 2.286e-05, val/acc 6.398e-01, val/nll 1.922e+00
[2023-02-03 19:29:50] [Epoch   198/  200] trn/loss 4.153e-02, trn/lr 1.175e-05, val/acc 6.374e-01, val/nll 1.926e+00
[2023-02-03 19:29:54] [Epoch   199/  200] trn/loss 4.336e-02, trn/lr 4.335e-06, val/acc 6.383e-01, val/nll 1.917e+00
[2023-02-03 19:29:58] [Epoch   200/  200] trn/loss 4.277e-02, trn/lr 6.226e-07, val/acc 6.379e-01, val/nll 1.923e+00
