[2023-02-15 04:56:11] Environments:
------------  ------------------------------------------------------------
sys.platform  linux
Python        3.8.10 (default, Nov 14 2022, 12:59:47) [GCC 9.4.0]
JAX           0.4.2 @/home/giung/.local/lib/python3.8/site-packages/jax
jaxlib        0.4.2 @/home/giung/.local/lib/python3.8/site-packages/jaxlib
Flax          0.6.4 @/home/giung/.local/lib/python3.8/site-packages/flax
Optax         0.1.4 @/home/giung/.local/lib/python3.8/site-packages/optax
------------  ------------------------------------------------------------

[2023-02-15 04:56:11] Command line arguments:
- args.data_root          : ./data/
- args.data_name          : CIFAR100_x32
- args.data_augmentation  : standard
- args.data_proportional  : 1.0
- args.model_depth        : 20
- args.model_width        : 4
- args.model_style        : BN-ReLU
- args.optim_bs           : 256
- args.optim_ne           : 200
- args.optim_lr           : 0.3
- args.optim_b1           : 0.97
- args.optim_b2           : 0.999
- args.optim_eps          : 0.1
- args.optim_weight_decay : 0.0003
- args.rho                : 0.3
- args.num_data_factor    : 4.0
- args.save               : /home/giung/giung2-dev/projects/sam/save/CIFAR100_x32/R20x4-BN-ReLU/BayesSAM/bs-0256_ne-0200_lr-0.30_b1-0.970_b2-0.999_wd-0.0003_eps-1e-1_rho-0.3000_factor-4.0_fp32/42
- args.seed               : 42
- args.precision          : fp32

[2023-02-15 04:56:17] Multiple local devices are detected:
[TpuDevice(id=0, process_index=0, coords=(0,0,0), core_on_chip=0), TpuDevice(id=1, process_index=0, coords=(0,0,0), core_on_chip=1), TpuDevice(id=2, process_index=0, coords=(1,0,0), core_on_chip=0), TpuDevice(id=3, process_index=0, coords=(1,0,0), core_on_chip=1), TpuDevice(id=4, process_index=0, coords=(0,1,0), core_on_chip=0), TpuDevice(id=5, process_index=0, coords=(0,1,0), core_on_chip=1), TpuDevice(id=6, process_index=0, coords=(1,1,0), core_on_chip=0), TpuDevice(id=7, process_index=0, coords=(1,1,0), core_on_chip=1)]

[2023-02-15 04:57:27] [Epoch     1/  200] trn/loss 4.827e+00, trn/lr 3.000e-01, trn/scale 9.322e-01, val/acc 3.662e-02, val/nll 4.494e+00 (best_acc: 0.000e+00 -> 3.662e-02, test_acc: 3.320e-02, test_nll: 4.496e+00)
[2023-02-15 04:57:37] [Epoch     2/  200] trn/loss 4.335e+00, trn/lr 3.000e-01, trn/scale 8.092e-01, val/acc 5.542e-02, val/nll 4.212e+00 (best_acc: 3.662e-02 -> 5.542e-02, test_acc: 5.820e-02, test_nll: 4.195e+00)
[2023-02-15 04:57:46] [Epoch     3/  200] trn/loss 4.120e+00, trn/lr 2.999e-01, trn/scale 7.045e-01, val/acc 8.816e-02, val/nll 3.941e+00 (best_acc: 5.542e-02 -> 8.816e-02, test_acc: 9.290e-02, test_nll: 3.926e+00)
[2023-02-15 04:57:55] [Epoch     4/  200] trn/loss 3.877e+00, trn/lr 2.998e-01, trn/scale 6.151e-01, val/acc 1.143e-01, val/nll 3.778e+00 (best_acc: 8.816e-02 -> 1.143e-01, test_acc: 1.214e-01, test_nll: 3.754e+00)
[2023-02-15 04:58:04] [Epoch     5/  200] trn/loss 3.737e+00, trn/lr 2.996e-01, trn/scale 5.390e-01, val/acc 1.407e-01, val/nll 3.625e+00 (best_acc: 1.143e-01 -> 1.407e-01, test_acc: 1.503e-01, test_nll: 3.601e+00)
[2023-02-15 04:58:13] [Epoch     6/  200] trn/loss 3.619e+00, trn/lr 2.994e-01, trn/scale 4.742e-01, val/acc 1.606e-01, val/nll 3.527e+00 (best_acc: 1.407e-01 -> 1.606e-01, test_acc: 1.623e-01, test_nll: 3.508e+00)
[2023-02-15 04:58:22] [Epoch     7/  200] trn/loss 3.498e+00, trn/lr 2.992e-01, trn/scale 4.189e-01, val/acc 1.753e-01, val/nll 3.415e+00 (best_acc: 1.606e-01 -> 1.753e-01, test_acc: 1.780e-01, test_nll: 3.393e+00)
[2023-02-15 04:58:32] [Epoch     8/  200] trn/loss 3.367e+00, trn/lr 2.990e-01, trn/scale 3.718e-01, val/acc 1.954e-01, val/nll 3.266e+00 (best_acc: 1.753e-01 -> 1.954e-01, test_acc: 2.036e-01, test_nll: 3.243e+00)
[2023-02-15 04:58:41] [Epoch     9/  200] trn/loss 3.224e+00, trn/lr 2.987e-01, trn/scale 3.317e-01, val/acc 2.312e-01, val/nll 3.092e+00 (best_acc: 1.954e-01 -> 2.312e-01, test_acc: 2.391e-01, test_nll: 3.061e+00)
[2023-02-15 04:58:50] [Epoch    10/  200] trn/loss 3.066e+00, trn/lr 2.983e-01, trn/scale 2.975e-01, val/acc 2.545e-01, val/nll 2.961e+00 (best_acc: 2.312e-01 -> 2.545e-01, test_acc: 2.602e-01, test_nll: 2.925e+00)
[2023-02-15 04:58:59] [Epoch    11/  200] trn/loss 2.917e+00, trn/lr 2.980e-01, trn/scale 2.684e-01, val/acc 2.800e-01, val/nll 2.850e+00 (best_acc: 2.545e-01 -> 2.800e-01, test_acc: 2.889e-01, test_nll: 2.815e+00)
[2023-02-15 04:59:08] [Epoch    12/  200] trn/loss 2.793e+00, trn/lr 2.976e-01, trn/scale 2.436e-01, val/acc 2.969e-01, val/nll 2.762e+00 (best_acc: 2.800e-01 -> 2.969e-01, test_acc: 3.048e-01, test_nll: 2.716e+00)
[2023-02-15 04:59:17] [Epoch    13/  200] trn/loss 2.665e+00, trn/lr 2.971e-01, trn/scale 2.225e-01, val/acc 3.329e-01, val/nll 2.590e+00 (best_acc: 2.969e-01 -> 3.329e-01, test_acc: 3.381e-01, test_nll: 2.558e+00)
[2023-02-15 04:59:27] [Epoch    14/  200] trn/loss 2.536e+00, trn/lr 2.966e-01, trn/scale 2.045e-01, val/acc 3.646e-01, val/nll 2.430e+00 (best_acc: 3.329e-01 -> 3.646e-01, test_acc: 3.703e-01, test_nll: 2.395e+00)
[2023-02-15 04:59:36] [Epoch    15/  200] trn/loss 2.416e+00, trn/lr 2.961e-01, trn/scale 1.891e-01, val/acc 3.720e-01, val/nll 2.385e+00 (best_acc: 3.646e-01 -> 3.720e-01, test_acc: 3.804e-01, test_nll: 2.351e+00)
[2023-02-15 04:59:45] [Epoch    16/  200] trn/loss 2.305e+00, trn/lr 2.956e-01, trn/scale 1.760e-01, val/acc 3.957e-01, val/nll 2.262e+00 (best_acc: 3.720e-01 -> 3.957e-01, test_acc: 4.089e-01, test_nll: 2.230e+00)
[2023-02-15 04:59:54] [Epoch    17/  200] trn/loss 2.199e+00, trn/lr 2.950e-01, trn/scale 1.649e-01, val/acc 4.298e-01, val/nll 2.105e+00 (best_acc: 3.957e-01 -> 4.298e-01, test_acc: 4.409e-01, test_nll: 2.075e+00)
[2023-02-15 05:00:03] [Epoch    18/  200] trn/loss 2.095e+00, trn/lr 2.944e-01, trn/scale 1.554e-01, val/acc 4.628e-01, val/nll 2.002e+00 (best_acc: 4.298e-01 -> 4.628e-01, test_acc: 4.740e-01, test_nll: 1.963e+00)
[2023-02-15 05:00:12] [Epoch    19/  200] trn/loss 1.998e+00, trn/lr 2.937e-01, trn/scale 1.473e-01, val/acc 4.665e-01, val/nll 1.944e+00 (best_acc: 4.628e-01 -> 4.665e-01, test_acc: 4.834e-01, test_nll: 1.913e+00)
[2023-02-15 05:00:22] [Epoch    20/  200] trn/loss 1.924e+00, trn/lr 2.930e-01, trn/scale 1.404e-01, val/acc 4.836e-01, val/nll 1.873e+00 (best_acc: 4.665e-01 -> 4.836e-01, test_acc: 4.965e-01, test_nll: 1.842e+00)
[2023-02-15 05:00:31] [Epoch    21/  200] trn/loss 1.853e+00, trn/lr 2.923e-01, trn/scale 1.345e-01, val/acc 5.014e-01, val/nll 1.823e+00 (best_acc: 4.836e-01 -> 5.014e-01, test_acc: 5.097e-01, test_nll: 1.799e+00)
[2023-02-15 05:00:39] [Epoch    22/  200] trn/loss 1.785e+00, trn/lr 2.915e-01, trn/scale 1.295e-01, val/acc 4.972e-01, val/nll 1.848e+00
[2023-02-15 05:00:48] [Epoch    23/  200] trn/loss 1.730e+00, trn/lr 2.907e-01, trn/scale 1.253e-01, val/acc 5.343e-01, val/nll 1.665e+00 (best_acc: 5.014e-01 -> 5.343e-01, test_acc: 5.409e-01, test_nll: 1.641e+00)
[2023-02-15 05:00:57] [Epoch    24/  200] trn/loss 1.681e+00, trn/lr 2.899e-01, trn/scale 1.216e-01, val/acc 5.421e-01, val/nll 1.659e+00 (best_acc: 5.343e-01 -> 5.421e-01, test_acc: 5.507e-01, test_nll: 1.628e+00)
[2023-02-15 05:01:05] [Epoch    25/  200] trn/loss 1.629e+00, trn/lr 2.890e-01, trn/scale 1.185e-01, val/acc 5.413e-01, val/nll 1.666e+00
[2023-02-15 05:01:15] [Epoch    26/  200] trn/loss 1.596e+00, trn/lr 2.881e-01, trn/scale 1.159e-01, val/acc 5.485e-01, val/nll 1.625e+00 (best_acc: 5.421e-01 -> 5.485e-01, test_acc: 5.567e-01, test_nll: 1.595e+00)
[2023-02-15 05:01:24] [Epoch    27/  200] trn/loss 1.556e+00, trn/lr 2.872e-01, trn/scale 1.137e-01, val/acc 5.707e-01, val/nll 1.532e+00 (best_acc: 5.485e-01 -> 5.707e-01, test_acc: 5.794e-01, test_nll: 1.509e+00)
[2023-02-15 05:01:32] [Epoch    28/  200] trn/loss 1.522e+00, trn/lr 2.862e-01, trn/scale 1.117e-01, val/acc 5.497e-01, val/nll 1.601e+00
[2023-02-15 05:01:41] [Epoch    29/  200] trn/loss 1.498e+00, trn/lr 2.852e-01, trn/scale 1.101e-01, val/acc 5.791e-01, val/nll 1.524e+00 (best_acc: 5.707e-01 -> 5.791e-01, test_acc: 5.841e-01, test_nll: 1.515e+00)
[2023-02-15 05:01:50] [Epoch    30/  200] trn/loss 1.468e+00, trn/lr 2.842e-01, trn/scale 1.087e-01, val/acc 5.905e-01, val/nll 1.493e+00 (best_acc: 5.791e-01 -> 5.905e-01, test_acc: 6.000e-01, test_nll: 1.473e+00)
[2023-02-15 05:01:58] [Epoch    31/  200] trn/loss 1.440e+00, trn/lr 2.831e-01, trn/scale 1.075e-01, val/acc 5.885e-01, val/nll 1.468e+00
[2023-02-15 05:02:08] [Epoch    32/  200] trn/loss 1.401e+00, trn/lr 2.820e-01, trn/scale 1.065e-01, val/acc 5.944e-01, val/nll 1.468e+00 (best_acc: 5.905e-01 -> 5.944e-01, test_acc: 6.023e-01, test_nll: 1.448e+00)
[2023-02-15 05:02:17] [Epoch    33/  200] trn/loss 1.391e+00, trn/lr 2.809e-01, trn/scale 1.057e-01, val/acc 5.992e-01, val/nll 1.462e+00 (best_acc: 5.944e-01 -> 5.992e-01, test_acc: 5.994e-01, test_nll: 1.447e+00)
[2023-02-15 05:02:26] [Epoch    34/  200] trn/loss 1.359e+00, trn/lr 2.797e-01, trn/scale 1.050e-01, val/acc 6.181e-01, val/nll 1.370e+00 (best_acc: 5.992e-01 -> 6.181e-01, test_acc: 6.154e-01, test_nll: 1.376e+00)
[2023-02-15 05:02:34] [Epoch    35/  200] trn/loss 1.338e+00, trn/lr 2.785e-01, trn/scale 1.043e-01, val/acc 5.815e-01, val/nll 1.469e+00
[2023-02-15 05:02:42] [Epoch    36/  200] trn/loss 1.328e+00, trn/lr 2.773e-01, trn/scale 1.038e-01, val/acc 6.167e-01, val/nll 1.380e+00
[2023-02-15 05:02:52] [Epoch    37/  200] trn/loss 1.314e+00, trn/lr 2.760e-01, trn/scale 1.033e-01, val/acc 6.192e-01, val/nll 1.359e+00 (best_acc: 6.181e-01 -> 6.192e-01, test_acc: 6.205e-01, test_nll: 1.347e+00)
[2023-02-15 05:03:00] [Epoch    38/  200] trn/loss 1.283e+00, trn/lr 2.747e-01, trn/scale 1.030e-01, val/acc 6.114e-01, val/nll 1.385e+00
[2023-02-15 05:03:09] [Epoch    39/  200] trn/loss 1.283e+00, trn/lr 2.734e-01, trn/scale 1.026e-01, val/acc 6.254e-01, val/nll 1.330e+00 (best_acc: 6.192e-01 -> 6.254e-01, test_acc: 6.279e-01, test_nll: 1.321e+00)
[2023-02-15 05:03:18] [Epoch    40/  200] trn/loss 1.261e+00, trn/lr 2.720e-01, trn/scale 1.024e-01, val/acc 6.366e-01, val/nll 1.304e+00 (best_acc: 6.254e-01 -> 6.366e-01, test_acc: 6.359e-01, test_nll: 1.290e+00)
[2023-02-15 05:03:26] [Epoch    41/  200] trn/loss 1.242e+00, trn/lr 2.707e-01, trn/scale 1.021e-01, val/acc 6.275e-01, val/nll 1.310e+00
[2023-02-15 05:03:34] [Epoch    42/  200] trn/loss 1.230e+00, trn/lr 2.692e-01, trn/scale 1.019e-01, val/acc 6.256e-01, val/nll 1.312e+00
[2023-02-15 05:03:43] [Epoch    43/  200] trn/loss 1.217e+00, trn/lr 2.678e-01, trn/scale 1.017e-01, val/acc 6.384e-01, val/nll 1.282e+00 (best_acc: 6.366e-01 -> 6.384e-01, test_acc: 6.437e-01, test_nll: 1.275e+00)
[2023-02-15 05:03:53] [Epoch    44/  200] trn/loss 1.192e+00, trn/lr 2.663e-01, trn/scale 1.016e-01, val/acc 6.569e-01, val/nll 1.237e+00 (best_acc: 6.384e-01 -> 6.569e-01, test_acc: 6.574e-01, test_nll: 1.227e+00)
[2023-02-15 05:04:01] [Epoch    45/  200] trn/loss 1.175e+00, trn/lr 2.648e-01, trn/scale 1.015e-01, val/acc 6.429e-01, val/nll 1.262e+00
[2023-02-15 05:04:09] [Epoch    46/  200] trn/loss 1.167e+00, trn/lr 2.633e-01, trn/scale 1.014e-01, val/acc 6.436e-01, val/nll 1.278e+00
[2023-02-15 05:04:17] [Epoch    47/  200] trn/loss 1.171e+00, trn/lr 2.617e-01, trn/scale 1.013e-01, val/acc 6.537e-01, val/nll 1.234e+00
[2023-02-15 05:04:26] [Epoch    48/  200] trn/loss 1.149e+00, trn/lr 2.602e-01, trn/scale 1.012e-01, val/acc 6.597e-01, val/nll 1.216e+00 (best_acc: 6.569e-01 -> 6.597e-01, test_acc: 6.576e-01, test_nll: 1.210e+00)
[2023-02-15 05:04:34] [Epoch    49/  200] trn/loss 1.143e+00, trn/lr 2.585e-01, trn/scale 1.011e-01, val/acc 6.544e-01, val/nll 1.244e+00
[2023-02-15 05:04:44] [Epoch    50/  200] trn/loss 1.135e+00, trn/lr 2.569e-01, trn/scale 1.011e-01, val/acc 6.602e-01, val/nll 1.228e+00 (best_acc: 6.597e-01 -> 6.602e-01, test_acc: 6.536e-01, test_nll: 1.231e+00)
[2023-02-15 05:04:52] [Epoch    51/  200] trn/loss 1.130e+00, trn/lr 2.552e-01, trn/scale 1.010e-01, val/acc 6.559e-01, val/nll 1.228e+00
[2023-02-15 05:05:00] [Epoch    52/  200] trn/loss 1.118e+00, trn/lr 2.535e-01, trn/scale 1.010e-01, val/acc 6.501e-01, val/nll 1.215e+00
[2023-02-15 05:05:08] [Epoch    53/  200] trn/loss 1.106e+00, trn/lr 2.518e-01, trn/scale 1.010e-01, val/acc 6.527e-01, val/nll 1.245e+00
[2023-02-15 05:05:17] [Epoch    54/  200] trn/loss 1.089e+00, trn/lr 2.501e-01, trn/scale 1.009e-01, val/acc 6.662e-01, val/nll 1.192e+00 (best_acc: 6.602e-01 -> 6.662e-01, test_acc: 6.588e-01, test_nll: 1.184e+00)
[2023-02-15 05:05:27] [Epoch    55/  200] trn/loss 1.080e+00, trn/lr 2.483e-01, trn/scale 1.009e-01, val/acc 6.674e-01, val/nll 1.188e+00 (best_acc: 6.662e-01 -> 6.674e-01, test_acc: 6.692e-01, test_nll: 1.183e+00)
[2023-02-15 05:05:35] [Epoch    56/  200] trn/loss 1.075e+00, trn/lr 2.465e-01, trn/scale 1.009e-01, val/acc 6.600e-01, val/nll 1.188e+00
[2023-02-15 05:05:43] [Epoch    57/  200] trn/loss 1.069e+00, trn/lr 2.447e-01, trn/scale 1.009e-01, val/acc 6.655e-01, val/nll 1.174e+00
[2023-02-15 05:05:52] [Epoch    58/  200] trn/loss 1.060e+00, trn/lr 2.429e-01, trn/scale 1.009e-01, val/acc 6.704e-01, val/nll 1.172e+00 (best_acc: 6.674e-01 -> 6.704e-01, test_acc: 6.767e-01, test_nll: 1.162e+00)
[2023-02-15 05:06:01] [Epoch    59/  200] trn/loss 1.052e+00, trn/lr 2.410e-01, trn/scale 1.008e-01, val/acc 6.787e-01, val/nll 1.164e+00 (best_acc: 6.704e-01 -> 6.787e-01, test_acc: 6.753e-01, test_nll: 1.154e+00)
[2023-02-15 05:06:09] [Epoch    60/  200] trn/loss 1.040e+00, trn/lr 2.391e-01, trn/scale 1.008e-01, val/acc 6.739e-01, val/nll 1.163e+00
[2023-02-15 05:06:18] [Epoch    61/  200] trn/loss 1.035e+00, trn/lr 2.372e-01, trn/scale 1.008e-01, val/acc 6.760e-01, val/nll 1.180e+00
[2023-02-15 05:06:26] [Epoch    62/  200] trn/loss 1.023e+00, trn/lr 2.353e-01, trn/scale 1.008e-01, val/acc 6.752e-01, val/nll 1.149e+00
[2023-02-15 05:06:34] [Epoch    63/  200] trn/loss 1.016e+00, trn/lr 2.333e-01, trn/scale 1.008e-01, val/acc 6.733e-01, val/nll 1.163e+00
[2023-02-15 05:06:42] [Epoch    64/  200] trn/loss 1.010e+00, trn/lr 2.314e-01, trn/scale 1.008e-01, val/acc 6.648e-01, val/nll 1.194e+00
[2023-02-15 05:06:51] [Epoch    65/  200] trn/loss 1.002e+00, trn/lr 2.294e-01, trn/scale 1.008e-01, val/acc 6.792e-01, val/nll 1.133e+00 (best_acc: 6.787e-01 -> 6.792e-01, test_acc: 6.734e-01, test_nll: 1.139e+00)
[2023-02-15 05:07:00] [Epoch    66/  200] trn/loss 9.955e-01, trn/lr 2.274e-01, trn/scale 1.008e-01, val/acc 6.801e-01, val/nll 1.125e+00 (best_acc: 6.792e-01 -> 6.801e-01, test_acc: 6.850e-01, test_nll: 1.115e+00)
[2023-02-15 05:07:10] [Epoch    67/  200] trn/loss 9.895e-01, trn/lr 2.253e-01, trn/scale 1.008e-01, val/acc 6.803e-01, val/nll 1.147e+00 (best_acc: 6.801e-01 -> 6.803e-01, test_acc: 6.744e-01, test_nll: 1.147e+00)
[2023-02-15 05:07:19] [Epoch    68/  200] trn/loss 9.833e-01, trn/lr 2.233e-01, trn/scale 1.008e-01, val/acc 6.846e-01, val/nll 1.115e+00 (best_acc: 6.803e-01 -> 6.846e-01, test_acc: 6.843e-01, test_nll: 1.113e+00)
[2023-02-15 05:07:28] [Epoch    69/  200] trn/loss 9.840e-01, trn/lr 2.212e-01, trn/scale 1.008e-01, val/acc 6.852e-01, val/nll 1.111e+00 (best_acc: 6.846e-01 -> 6.852e-01, test_acc: 6.836e-01, test_nll: 1.118e+00)
[2023-02-15 05:07:37] [Epoch    70/  200] trn/loss 9.737e-01, trn/lr 2.192e-01, trn/scale 1.008e-01, val/acc 6.900e-01, val/nll 1.089e+00 (best_acc: 6.852e-01 -> 6.900e-01, test_acc: 6.906e-01, test_nll: 1.093e+00)
[2023-02-15 05:07:45] [Epoch    71/  200] trn/loss 9.679e-01, trn/lr 2.171e-01, trn/scale 1.008e-01, val/acc 6.879e-01, val/nll 1.103e+00
[2023-02-15 05:07:55] [Epoch    72/  200] trn/loss 9.537e-01, trn/lr 2.149e-01, trn/scale 1.008e-01, val/acc 6.941e-01, val/nll 1.083e+00 (best_acc: 6.900e-01 -> 6.941e-01, test_acc: 6.866e-01, test_nll: 1.088e+00)
[2023-02-15 05:08:03] [Epoch    73/  200] trn/loss 9.511e-01, trn/lr 2.128e-01, trn/scale 1.008e-01, val/acc 6.866e-01, val/nll 1.116e+00
[2023-02-15 05:08:11] [Epoch    74/  200] trn/loss 9.435e-01, trn/lr 2.107e-01, trn/scale 1.008e-01, val/acc 6.837e-01, val/nll 1.137e+00
[2023-02-15 05:08:20] [Epoch    75/  200] trn/loss 9.474e-01, trn/lr 2.085e-01, trn/scale 1.008e-01, val/acc 6.998e-01, val/nll 1.080e+00 (best_acc: 6.941e-01 -> 6.998e-01, test_acc: 6.978e-01, test_nll: 1.076e+00)
[2023-02-15 05:08:28] [Epoch    76/  200] trn/loss 9.318e-01, trn/lr 2.063e-01, trn/scale 1.008e-01, val/acc 6.919e-01, val/nll 1.101e+00
[2023-02-15 05:08:38] [Epoch    77/  200] trn/loss 9.249e-01, trn/lr 2.041e-01, trn/scale 1.008e-01, val/acc 7.062e-01, val/nll 1.054e+00 (best_acc: 6.998e-01 -> 7.062e-01, test_acc: 7.018e-01, test_nll: 1.050e+00)
[2023-02-15 05:08:46] [Epoch    78/  200] trn/loss 9.237e-01, trn/lr 2.019e-01, trn/scale 1.008e-01, val/acc 6.969e-01, val/nll 1.075e+00
[2023-02-15 05:08:54] [Epoch    79/  200] trn/loss 9.218e-01, trn/lr 1.997e-01, trn/scale 1.008e-01, val/acc 6.929e-01, val/nll 1.101e+00
[2023-02-15 05:09:02] [Epoch    80/  200] trn/loss 9.074e-01, trn/lr 1.975e-01, trn/scale 1.008e-01, val/acc 7.010e-01, val/nll 1.047e+00
[2023-02-15 05:09:11] [Epoch    81/  200] trn/loss 9.028e-01, trn/lr 1.952e-01, trn/scale 1.008e-01, val/acc 6.968e-01, val/nll 1.082e+00
[2023-02-15 05:09:19] [Epoch    82/  200] trn/loss 9.060e-01, trn/lr 1.930e-01, trn/scale 1.008e-01, val/acc 6.934e-01, val/nll 1.089e+00
[2023-02-15 05:09:28] [Epoch    83/  200] trn/loss 8.995e-01, trn/lr 1.907e-01, trn/scale 1.008e-01, val/acc 7.073e-01, val/nll 1.045e+00 (best_acc: 7.062e-01 -> 7.073e-01, test_acc: 7.067e-01, test_nll: 1.044e+00)
[2023-02-15 05:09:36] [Epoch    84/  200] trn/loss 8.830e-01, trn/lr 1.885e-01, trn/scale 1.008e-01, val/acc 7.025e-01, val/nll 1.077e+00
[2023-02-15 05:09:45] [Epoch    85/  200] trn/loss 8.771e-01, trn/lr 1.862e-01, trn/scale 1.008e-01, val/acc 7.075e-01, val/nll 1.053e+00 (best_acc: 7.073e-01 -> 7.075e-01, test_acc: 7.049e-01, test_nll: 1.041e+00)
[2023-02-15 05:09:54] [Epoch    86/  200] trn/loss 8.691e-01, trn/lr 1.839e-01, trn/scale 1.008e-01, val/acc 7.095e-01, val/nll 1.036e+00 (best_acc: 7.075e-01 -> 7.095e-01, test_acc: 7.083e-01, test_nll: 1.034e+00)
[2023-02-15 05:10:03] [Epoch    87/  200] trn/loss 8.627e-01, trn/lr 1.816e-01, trn/scale 1.008e-01, val/acc 7.134e-01, val/nll 1.010e+00 (best_acc: 7.095e-01 -> 7.134e-01, test_acc: 7.146e-01, test_nll: 1.012e+00)
[2023-02-15 05:10:12] [Epoch    88/  200] trn/loss 8.598e-01, trn/lr 1.793e-01, trn/scale 1.008e-01, val/acc 7.063e-01, val/nll 1.023e+00
[2023-02-15 05:10:20] [Epoch    89/  200] trn/loss 8.652e-01, trn/lr 1.770e-01, trn/scale 1.008e-01, val/acc 7.086e-01, val/nll 1.017e+00
[2023-02-15 05:10:29] [Epoch    90/  200] trn/loss 8.523e-01, trn/lr 1.746e-01, trn/scale 1.008e-01, val/acc 7.158e-01, val/nll 1.010e+00 (best_acc: 7.134e-01 -> 7.158e-01, test_acc: 7.134e-01, test_nll: 1.000e+00)
[2023-02-15 05:10:37] [Epoch    91/  200] trn/loss 8.518e-01, trn/lr 1.723e-01, trn/scale 1.008e-01, val/acc 7.119e-01, val/nll 1.029e+00
[2023-02-15 05:10:46] [Epoch    92/  200] trn/loss 8.414e-01, trn/lr 1.700e-01, trn/scale 1.008e-01, val/acc 7.117e-01, val/nll 1.011e+00
[2023-02-15 05:10:54] [Epoch    93/  200] trn/loss 8.335e-01, trn/lr 1.676e-01, trn/scale 1.008e-01, val/acc 7.136e-01, val/nll 1.017e+00
[2023-02-15 05:11:02] [Epoch    94/  200] trn/loss 8.278e-01, trn/lr 1.653e-01, trn/scale 1.008e-01, val/acc 7.125e-01, val/nll 1.009e+00
[2023-02-15 05:11:11] [Epoch    95/  200] trn/loss 8.173e-01, trn/lr 1.630e-01, trn/scale 1.008e-01, val/acc 7.232e-01, val/nll 9.820e-01 (best_acc: 7.158e-01 -> 7.232e-01, test_acc: 7.203e-01, test_nll: 9.841e-01)
[2023-02-15 05:11:19] [Epoch    96/  200] trn/loss 8.177e-01, trn/lr 1.606e-01, trn/scale 1.008e-01, val/acc 7.175e-01, val/nll 1.004e+00
[2023-02-15 05:11:28] [Epoch    97/  200] trn/loss 8.216e-01, trn/lr 1.582e-01, trn/scale 1.008e-01, val/acc 7.216e-01, val/nll 9.838e-01
[2023-02-15 05:11:36] [Epoch    98/  200] trn/loss 8.010e-01, trn/lr 1.559e-01, trn/scale 1.008e-01, val/acc 7.156e-01, val/nll 1.002e+00
[2023-02-15 05:11:44] [Epoch    99/  200] trn/loss 8.027e-01, trn/lr 1.535e-01, trn/scale 1.008e-01, val/acc 7.171e-01, val/nll 1.002e+00
[2023-02-15 05:11:53] [Epoch   100/  200] trn/loss 8.019e-01, trn/lr 1.512e-01, trn/scale 1.008e-01, val/acc 7.253e-01, val/nll 9.698e-01 (best_acc: 7.232e-01 -> 7.253e-01, test_acc: 7.254e-01, test_nll: 9.693e-01)
[2023-02-15 05:12:02] [Epoch   101/  200] trn/loss 7.970e-01, trn/lr 1.488e-01, trn/scale 1.008e-01, val/acc 7.288e-01, val/nll 9.635e-01 (best_acc: 7.253e-01 -> 7.288e-01, test_acc: 7.229e-01, test_nll: 9.655e-01)
[2023-02-15 05:12:10] [Epoch   102/  200] trn/loss 7.860e-01, trn/lr 1.465e-01, trn/scale 1.008e-01, val/acc 7.250e-01, val/nll 9.803e-01
[2023-02-15 05:12:19] [Epoch   103/  200] trn/loss 7.776e-01, trn/lr 1.441e-01, trn/scale 1.008e-01, val/acc 7.287e-01, val/nll 9.770e-01
[2023-02-15 05:12:28] [Epoch   104/  200] trn/loss 7.789e-01, trn/lr 1.418e-01, trn/scale 1.008e-01, val/acc 7.348e-01, val/nll 9.693e-01 (best_acc: 7.288e-01 -> 7.348e-01, test_acc: 7.272e-01, test_nll: 9.688e-01)
[2023-02-15 05:12:37] [Epoch   105/  200] trn/loss 7.653e-01, trn/lr 1.394e-01, trn/scale 1.008e-01, val/acc 7.351e-01, val/nll 9.448e-01 (best_acc: 7.348e-01 -> 7.351e-01, test_acc: 7.338e-01, test_nll: 9.380e-01)
[2023-02-15 05:12:45] [Epoch   106/  200] trn/loss 7.572e-01, trn/lr 1.371e-01, trn/scale 1.008e-01, val/acc 7.296e-01, val/nll 9.586e-01
[2023-02-15 05:12:53] [Epoch   107/  200] trn/loss 7.558e-01, trn/lr 1.347e-01, trn/scale 1.008e-01, val/acc 7.334e-01, val/nll 9.496e-01
[2023-02-15 05:13:02] [Epoch   108/  200] trn/loss 7.556e-01, trn/lr 1.324e-01, trn/scale 1.008e-01, val/acc 7.291e-01, val/nll 9.607e-01
[2023-02-15 05:13:11] [Epoch   109/  200] trn/loss 7.530e-01, trn/lr 1.300e-01, trn/scale 1.008e-01, val/acc 7.425e-01, val/nll 9.299e-01 (best_acc: 7.351e-01 -> 7.425e-01, test_acc: 7.334e-01, test_nll: 9.302e-01)
[2023-02-15 05:13:19] [Epoch   110/  200] trn/loss 7.361e-01, trn/lr 1.277e-01, trn/scale 1.008e-01, val/acc 7.340e-01, val/nll 9.515e-01
[2023-02-15 05:13:27] [Epoch   111/  200] trn/loss 7.372e-01, trn/lr 1.254e-01, trn/scale 1.008e-01, val/acc 7.406e-01, val/nll 9.209e-01
[2023-02-15 05:13:35] [Epoch   112/  200] trn/loss 7.336e-01, trn/lr 1.231e-01, trn/scale 1.008e-01, val/acc 7.351e-01, val/nll 9.515e-01
[2023-02-15 05:13:44] [Epoch   113/  200] trn/loss 7.316e-01, trn/lr 1.207e-01, trn/scale 1.008e-01, val/acc 7.421e-01, val/nll 9.124e-01
[2023-02-15 05:13:52] [Epoch   114/  200] trn/loss 7.274e-01, trn/lr 1.184e-01, trn/scale 1.008e-01, val/acc 7.384e-01, val/nll 9.324e-01
[2023-02-15 05:14:00] [Epoch   115/  200] trn/loss 7.198e-01, trn/lr 1.161e-01, trn/scale 1.008e-01, val/acc 7.327e-01, val/nll 9.336e-01
[2023-02-15 05:14:08] [Epoch   116/  200] trn/loss 7.158e-01, trn/lr 1.138e-01, trn/scale 1.008e-01, val/acc 7.390e-01, val/nll 9.257e-01
[2023-02-15 05:14:16] [Epoch   117/  200] trn/loss 7.083e-01, trn/lr 1.116e-01, trn/scale 1.008e-01, val/acc 7.418e-01, val/nll 9.212e-01
[2023-02-15 05:14:25] [Epoch   118/  200] trn/loss 7.054e-01, trn/lr 1.093e-01, trn/scale 1.008e-01, val/acc 7.514e-01, val/nll 8.981e-01 (best_acc: 7.425e-01 -> 7.514e-01, test_acc: 7.461e-01, test_nll: 9.028e-01)
[2023-02-15 05:14:34] [Epoch   119/  200] trn/loss 7.022e-01, trn/lr 1.070e-01, trn/scale 1.008e-01, val/acc 7.447e-01, val/nll 9.185e-01
[2023-02-15 05:14:42] [Epoch   120/  200] trn/loss 6.901e-01, trn/lr 1.048e-01, trn/scale 1.008e-01, val/acc 7.477e-01, val/nll 9.026e-01
[2023-02-15 05:14:50] [Epoch   121/  200] trn/loss 6.887e-01, trn/lr 1.025e-01, trn/scale 1.008e-01, val/acc 7.426e-01, val/nll 9.127e-01
[2023-02-15 05:14:58] [Epoch   122/  200] trn/loss 6.818e-01, trn/lr 1.003e-01, trn/scale 1.008e-01, val/acc 7.491e-01, val/nll 8.981e-01
[2023-02-15 05:15:06] [Epoch   123/  200] trn/loss 6.810e-01, trn/lr 9.809e-02, trn/scale 1.008e-01, val/acc 7.509e-01, val/nll 8.916e-01
[2023-02-15 05:15:15] [Epoch   124/  200] trn/loss 6.654e-01, trn/lr 9.589e-02, trn/scale 1.008e-01, val/acc 7.527e-01, val/nll 8.811e-01 (best_acc: 7.514e-01 -> 7.527e-01, test_acc: 7.498e-01, test_nll: 8.771e-01)
[2023-02-15 05:15:24] [Epoch   125/  200] trn/loss 6.613e-01, trn/lr 9.370e-02, trn/scale 1.008e-01, val/acc 7.525e-01, val/nll 8.814e-01
[2023-02-15 05:15:32] [Epoch   126/  200] trn/loss 6.597e-01, trn/lr 9.152e-02, trn/scale 1.008e-01, val/acc 7.429e-01, val/nll 8.989e-01
[2023-02-15 05:15:40] [Epoch   127/  200] trn/loss 6.560e-01, trn/lr 8.936e-02, trn/scale 1.008e-01, val/acc 7.518e-01, val/nll 8.782e-01
[2023-02-15 05:15:48] [Epoch   128/  200] trn/loss 6.460e-01, trn/lr 8.721e-02, trn/scale 1.008e-01, val/acc 7.498e-01, val/nll 8.831e-01
[2023-02-15 05:15:56] [Epoch   129/  200] trn/loss 6.471e-01, trn/lr 8.508e-02, trn/scale 1.008e-01, val/acc 7.480e-01, val/nll 8.937e-01
[2023-02-15 05:16:05] [Epoch   130/  200] trn/loss 6.382e-01, trn/lr 8.296e-02, trn/scale 1.008e-01, val/acc 7.511e-01, val/nll 8.909e-01
[2023-02-15 05:16:14] [Epoch   131/  200] trn/loss 6.307e-01, trn/lr 8.086e-02, trn/scale 1.008e-01, val/acc 7.594e-01, val/nll 8.624e-01 (best_acc: 7.527e-01 -> 7.594e-01, test_acc: 7.568e-01, test_nll: 8.581e-01)
[2023-02-15 05:16:22] [Epoch   132/  200] trn/loss 6.325e-01, trn/lr 7.878e-02, trn/scale 1.008e-01, val/acc 7.553e-01, val/nll 8.690e-01
[2023-02-15 05:16:31] [Epoch   133/  200] trn/loss 6.233e-01, trn/lr 7.671e-02, trn/scale 1.008e-01, val/acc 7.608e-01, val/nll 8.586e-01 (best_acc: 7.594e-01 -> 7.608e-01, test_acc: 7.549e-01, test_nll: 8.580e-01)
[2023-02-15 05:16:39] [Epoch   134/  200] trn/loss 6.184e-01, trn/lr 7.467e-02, trn/scale 1.008e-01, val/acc 7.571e-01, val/nll 8.651e-01
[2023-02-15 05:16:48] [Epoch   135/  200] trn/loss 6.125e-01, trn/lr 7.264e-02, trn/scale 1.008e-01, val/acc 7.638e-01, val/nll 8.455e-01 (best_acc: 7.608e-01 -> 7.638e-01, test_acc: 7.558e-01, test_nll: 8.443e-01)
[2023-02-15 05:16:57] [Epoch   136/  200] trn/loss 6.062e-01, trn/lr 7.063e-02, trn/scale 1.008e-01, val/acc 7.634e-01, val/nll 8.448e-01
[2023-02-15 05:17:05] [Epoch   137/  200] trn/loss 6.006e-01, trn/lr 6.864e-02, trn/scale 1.008e-01, val/acc 7.575e-01, val/nll 8.637e-01
[2023-02-15 05:17:13] [Epoch   138/  200] trn/loss 5.982e-01, trn/lr 6.667e-02, trn/scale 1.008e-01, val/acc 7.604e-01, val/nll 8.489e-01
[2023-02-15 05:17:21] [Epoch   139/  200] trn/loss 5.965e-01, trn/lr 6.472e-02, trn/scale 1.008e-01, val/acc 7.594e-01, val/nll 8.464e-01
[2023-02-15 05:17:29] [Epoch   140/  200] trn/loss 5.886e-01, trn/lr 6.279e-02, trn/scale 1.008e-01, val/acc 7.582e-01, val/nll 8.475e-01
[2023-02-15 05:17:37] [Epoch   141/  200] trn/loss 5.848e-01, trn/lr 6.089e-02, trn/scale 1.008e-01, val/acc 7.566e-01, val/nll 8.429e-01
[2023-02-15 05:17:46] [Epoch   142/  200] trn/loss 5.765e-01, trn/lr 5.900e-02, trn/scale 1.008e-01, val/acc 7.632e-01, val/nll 8.380e-01
[2023-02-15 05:17:55] [Epoch   143/  200] trn/loss 5.754e-01, trn/lr 5.714e-02, trn/scale 1.008e-01, val/acc 7.652e-01, val/nll 8.328e-01 (best_acc: 7.638e-01 -> 7.652e-01, test_acc: 7.652e-01, test_nll: 8.292e-01)
[2023-02-15 05:18:03] [Epoch   144/  200] trn/loss 5.668e-01, trn/lr 5.530e-02, trn/scale 1.008e-01, val/acc 7.621e-01, val/nll 8.284e-01
[2023-02-15 05:18:12] [Epoch   145/  200] trn/loss 5.686e-01, trn/lr 5.349e-02, trn/scale 1.008e-01, val/acc 7.667e-01, val/nll 8.346e-01 (best_acc: 7.652e-01 -> 7.667e-01, test_acc: 7.633e-01, test_nll: 8.367e-01)
[2023-02-15 05:18:20] [Epoch   146/  200] trn/loss 5.618e-01, trn/lr 5.170e-02, trn/scale 1.008e-01, val/acc 7.652e-01, val/nll 8.296e-01
[2023-02-15 05:18:29] [Epoch   147/  200] trn/loss 5.567e-01, trn/lr 4.993e-02, trn/scale 1.008e-01, val/acc 7.656e-01, val/nll 8.276e-01
[2023-02-15 05:18:38] [Epoch   148/  200] trn/loss 5.545e-01, trn/lr 4.819e-02, trn/scale 1.008e-01, val/acc 7.673e-01, val/nll 8.233e-01 (best_acc: 7.667e-01 -> 7.673e-01, test_acc: 7.673e-01, test_nll: 8.208e-01)
[2023-02-15 05:18:46] [Epoch   149/  200] trn/loss 5.473e-01, trn/lr 4.647e-02, trn/scale 1.008e-01, val/acc 7.658e-01, val/nll 8.235e-01
[2023-02-15 05:18:54] [Epoch   150/  200] trn/loss 5.460e-01, trn/lr 4.478e-02, trn/scale 1.008e-01, val/acc 7.664e-01, val/nll 8.167e-01
[2023-02-15 05:19:03] [Epoch   151/  200] trn/loss 5.418e-01, trn/lr 4.311e-02, trn/scale 1.008e-01, val/acc 7.708e-01, val/nll 8.184e-01 (best_acc: 7.673e-01 -> 7.708e-01, test_acc: 7.687e-01, test_nll: 8.182e-01)
[2023-02-15 05:19:11] [Epoch   152/  200] trn/loss 5.380e-01, trn/lr 4.147e-02, trn/scale 1.008e-01, val/acc 7.697e-01, val/nll 8.103e-01
[2023-02-15 05:19:20] [Epoch   153/  200] trn/loss 5.304e-01, trn/lr 3.986e-02, trn/scale 1.008e-01, val/acc 7.697e-01, val/nll 8.090e-01
[2023-02-15 05:19:28] [Epoch   154/  200] trn/loss 5.284e-01, trn/lr 3.827e-02, trn/scale 1.008e-01, val/acc 7.660e-01, val/nll 8.080e-01
[2023-02-15 05:19:37] [Epoch   155/  200] trn/loss 5.219e-01, trn/lr 3.671e-02, trn/scale 1.008e-01, val/acc 7.731e-01, val/nll 8.165e-01 (best_acc: 7.708e-01 -> 7.731e-01, test_acc: 7.687e-01, test_nll: 8.142e-01)
[2023-02-15 05:19:45] [Epoch   156/  200] trn/loss 5.207e-01, trn/lr 3.518e-02, trn/scale 1.008e-01, val/acc 7.708e-01, val/nll 8.053e-01
[2023-02-15 05:19:54] [Epoch   157/  200] trn/loss 5.184e-01, trn/lr 3.368e-02, trn/scale 1.008e-01, val/acc 7.736e-01, val/nll 8.035e-01 (best_acc: 7.731e-01 -> 7.736e-01, test_acc: 7.703e-01, test_nll: 8.054e-01)
[2023-02-15 05:20:04] [Epoch   158/  200] trn/loss 5.124e-01, trn/lr 3.221e-02, trn/scale 1.008e-01, val/acc 7.742e-01, val/nll 7.938e-01 (best_acc: 7.736e-01 -> 7.742e-01, test_acc: 7.723e-01, test_nll: 7.956e-01)
[2023-02-15 05:20:12] [Epoch   159/  200] trn/loss 5.104e-01, trn/lr 3.076e-02, trn/scale 1.008e-01, val/acc 7.733e-01, val/nll 7.998e-01
[2023-02-15 05:20:21] [Epoch   160/  200] trn/loss 5.064e-01, trn/lr 2.935e-02, trn/scale 1.008e-01, val/acc 7.764e-01, val/nll 7.923e-01 (best_acc: 7.742e-01 -> 7.764e-01, test_acc: 7.737e-01, test_nll: 7.907e-01)
[2023-02-15 05:20:29] [Epoch   161/  200] trn/loss 5.027e-01, trn/lr 2.796e-02, trn/scale 1.008e-01, val/acc 7.735e-01, val/nll 7.971e-01
[2023-02-15 05:20:38] [Epoch   162/  200] trn/loss 4.966e-01, trn/lr 2.661e-02, trn/scale 1.008e-01, val/acc 7.785e-01, val/nll 7.902e-01 (best_acc: 7.764e-01 -> 7.785e-01, test_acc: 7.754e-01, test_nll: 7.884e-01)
[2023-02-15 05:20:47] [Epoch   163/  200] trn/loss 4.992e-01, trn/lr 2.528e-02, trn/scale 1.008e-01, val/acc 7.723e-01, val/nll 7.945e-01
[2023-02-15 05:20:55] [Epoch   164/  200] trn/loss 4.923e-01, trn/lr 2.399e-02, trn/scale 1.008e-01, val/acc 7.768e-01, val/nll 7.895e-01
[2023-02-15 05:21:03] [Epoch   165/  200] trn/loss 4.883e-01, trn/lr 2.273e-02, trn/scale 1.008e-01, val/acc 7.765e-01, val/nll 7.854e-01
[2023-02-15 05:21:11] [Epoch   166/  200] trn/loss 4.858e-01, trn/lr 2.150e-02, trn/scale 1.008e-01, val/acc 7.763e-01, val/nll 7.859e-01
[2023-02-15 05:21:19] [Epoch   167/  200] trn/loss 4.813e-01, trn/lr 2.030e-02, trn/scale 1.008e-01, val/acc 7.761e-01, val/nll 7.874e-01
[2023-02-15 05:21:28] [Epoch   168/  200] trn/loss 4.785e-01, trn/lr 1.913e-02, trn/scale 1.008e-01, val/acc 7.780e-01, val/nll 7.813e-01
[2023-02-15 05:21:36] [Epoch   169/  200] trn/loss 4.769e-01, trn/lr 1.800e-02, trn/scale 1.008e-01, val/acc 7.772e-01, val/nll 7.837e-01
[2023-02-15 05:21:44] [Epoch   170/  200] trn/loss 4.741e-01, trn/lr 1.689e-02, trn/scale 1.008e-01, val/acc 7.781e-01, val/nll 7.816e-01
[2023-02-15 05:21:53] [Epoch   171/  200] trn/loss 4.704e-01, trn/lr 1.582e-02, trn/scale 1.008e-01, val/acc 7.798e-01, val/nll 7.752e-01 (best_acc: 7.785e-01 -> 7.798e-01, test_acc: 7.786e-01, test_nll: 7.777e-01)
[2023-02-15 05:22:01] [Epoch   172/  200] trn/loss 4.685e-01, trn/lr 1.479e-02, trn/scale 1.008e-01, val/acc 7.787e-01, val/nll 7.737e-01
[2023-02-15 05:22:10] [Epoch   173/  200] trn/loss 4.658e-01, trn/lr 1.378e-02, trn/scale 1.008e-01, val/acc 7.783e-01, val/nll 7.743e-01
[2023-02-15 05:22:19] [Epoch   174/  200] trn/loss 4.621e-01, trn/lr 1.281e-02, trn/scale 1.008e-01, val/acc 7.800e-01, val/nll 7.733e-01 (best_acc: 7.798e-01 -> 7.800e-01, test_acc: 7.805e-01, test_nll: 7.765e-01)
[2023-02-15 05:22:27] [Epoch   175/  200] trn/loss 4.631e-01, trn/lr 1.188e-02, trn/scale 1.008e-01, val/acc 7.790e-01, val/nll 7.725e-01
[2023-02-15 05:22:35] [Epoch   176/  200] trn/loss 4.602e-01, trn/lr 1.098e-02, trn/scale 1.008e-01, val/acc 7.789e-01, val/nll 7.727e-01
[2023-02-15 05:22:44] [Epoch   177/  200] trn/loss 4.593e-01, trn/lr 1.011e-02, trn/scale 1.008e-01, val/acc 7.810e-01, val/nll 7.712e-01 (best_acc: 7.800e-01 -> 7.810e-01, test_acc: 7.803e-01, test_nll: 7.734e-01)
[2023-02-15 05:22:53] [Epoch   178/  200] trn/loss 4.559e-01, trn/lr 9.275e-03, trn/scale 1.008e-01, val/acc 7.782e-01, val/nll 7.721e-01
[2023-02-15 05:23:01] [Epoch   179/  200] trn/loss 4.523e-01, trn/lr 8.477e-03, trn/scale 1.008e-01, val/acc 7.804e-01, val/nll 7.709e-01
[2023-02-15 05:23:10] [Epoch   180/  200] trn/loss 4.504e-01, trn/lr 7.714e-03, trn/scale 1.008e-01, val/acc 7.816e-01, val/nll 7.686e-01 (best_acc: 7.810e-01 -> 7.816e-01, test_acc: 7.809e-01, test_nll: 7.712e-01)
[2023-02-15 05:23:18] [Epoch   181/  200] trn/loss 4.499e-01, trn/lr 6.986e-03, trn/scale 1.008e-01, val/acc 7.804e-01, val/nll 7.675e-01
[2023-02-15 05:23:27] [Epoch   182/  200] trn/loss 4.492e-01, trn/lr 6.293e-03, trn/scale 1.008e-01, val/acc 7.821e-01, val/nll 7.677e-01 (best_acc: 7.816e-01 -> 7.821e-01, test_acc: 7.807e-01, test_nll: 7.705e-01)
[2023-02-15 05:23:37] [Epoch   183/  200] trn/loss 4.463e-01, trn/lr 5.635e-03, trn/scale 1.008e-01, val/acc 7.829e-01, val/nll 7.662e-01 (best_acc: 7.821e-01 -> 7.829e-01, test_acc: 7.813e-01, test_nll: 7.693e-01)
[2023-02-15 05:23:45] [Epoch   184/  200] trn/loss 4.459e-01, trn/lr 5.013e-03, trn/scale 1.008e-01, val/acc 7.824e-01, val/nll 7.655e-01
[2023-02-15 05:23:53] [Epoch   185/  200] trn/loss 4.424e-01, trn/lr 4.427e-03, trn/scale 1.008e-01, val/acc 7.815e-01, val/nll 7.648e-01
[2023-02-15 05:24:01] [Epoch   186/  200] trn/loss 4.430e-01, trn/lr 3.877e-03, trn/scale 1.008e-01, val/acc 7.823e-01, val/nll 7.658e-01
[2023-02-15 05:24:09] [Epoch   187/  200] trn/loss 4.425e-01, trn/lr 3.363e-03, trn/scale 1.008e-01, val/acc 7.812e-01, val/nll 7.653e-01
[2023-02-15 05:24:18] [Epoch   188/  200] trn/loss 4.417e-01, trn/lr 2.885e-03, trn/scale 1.008e-01, val/acc 7.820e-01, val/nll 7.659e-01
[2023-02-15 05:24:26] [Epoch   189/  200] trn/loss 4.416e-01, trn/lr 2.444e-03, trn/scale 1.008e-01, val/acc 7.810e-01, val/nll 7.635e-01
[2023-02-15 05:24:34] [Epoch   190/  200] trn/loss 4.402e-01, trn/lr 2.038e-03, trn/scale 1.008e-01, val/acc 7.810e-01, val/nll 7.617e-01
[2023-02-15 05:24:42] [Epoch   191/  200] trn/loss 4.396e-01, trn/lr 1.670e-03, trn/scale 1.008e-01, val/acc 7.814e-01, val/nll 7.640e-01
[2023-02-15 05:24:51] [Epoch   192/  200] trn/loss 4.402e-01, trn/lr 1.338e-03, trn/scale 1.008e-01, val/acc 7.832e-01, val/nll 7.633e-01 (best_acc: 7.829e-01 -> 7.832e-01, test_acc: 7.825e-01, test_nll: 7.657e-01)
[2023-02-15 05:24:59] [Epoch   193/  200] trn/loss 4.378e-01, trn/lr 1.042e-03, trn/scale 1.008e-01, val/acc 7.819e-01, val/nll 7.645e-01
[2023-02-15 05:25:07] [Epoch   194/  200] trn/loss 4.381e-01, trn/lr 7.835e-04, trn/scale 1.008e-01, val/acc 7.825e-01, val/nll 7.618e-01
[2023-02-15 05:25:16] [Epoch   195/  200] trn/loss 4.386e-01, trn/lr 5.616e-04, trn/scale 1.008e-01, val/acc 7.813e-01, val/nll 7.630e-01
[2023-02-15 05:25:24] [Epoch   196/  200] trn/loss 4.383e-01, trn/lr 3.766e-04, trn/scale 1.008e-01, val/acc 7.817e-01, val/nll 7.622e-01
[2023-02-15 05:25:32] [Epoch   197/  200] trn/loss 4.382e-01, trn/lr 2.286e-04, trn/scale 1.008e-01, val/acc 7.815e-01, val/nll 7.635e-01
[2023-02-15 05:25:40] [Epoch   198/  200] trn/loss 4.373e-01, trn/lr 1.175e-04, trn/scale 1.008e-01, val/acc 7.821e-01, val/nll 7.630e-01
[2023-02-15 05:25:49] [Epoch   199/  200] trn/loss 4.376e-01, trn/lr 4.335e-05, trn/scale 1.008e-01, val/acc 7.825e-01, val/nll 7.634e-01
[2023-02-15 05:25:57] [Epoch   200/  200] trn/loss 4.369e-01, trn/lr 6.226e-06, trn/scale 1.008e-01, val/acc 7.820e-01, val/nll 7.632e-01
