[2023-02-04 03:46:58] Environments:
------------  --------------------------------------------------------------------------------
sys.platform  linux
Python        3.10.8 (main, Nov 24 2022, 14:13:03) [GCC 11.2.0]
JAX           0.4.1 @/mnt/home/giung/.conda/envs/jax-vessl/lib/python3.10/site-packages/jax
jaxlib        0.4.1 @/mnt/home/giung/.conda/envs/jax-vessl/lib/python3.10/site-packages/jaxlib
Flax          0.6.3 @/mnt/home/giung/.conda/envs/jax-vessl/lib/python3.10/site-packages/flax
Optax         0.1.4 @/mnt/home/giung/.conda/envs/jax-vessl/lib/python3.10/site-packages/optax
------------  --------------------------------------------------------------------------------

[2023-02-04 03:46:58] Command line arguments:
- args.data_root          : ./data/
- args.data_name          : CIFAR100_x32
- args.data_augmentation  : standard
- args.data_proportional  : 1.0
- args.model_depth        : 20
- args.model_width        : 4
- args.model_style        : BN-ReLU
- args.optim_bs           : 256
- args.optim_ne           : 500
- args.optim_lr           : 0.03
- args.optim_momentum     : 0.99
- args.optim_weight_decay : 0.0001
- args.save               : /mnt/home/giung/giung2-dev/projects/residual-networks/save/CIFAR100_x32/R20x4-BN-ReLU/bs-0256_ne-0500_lr-0.03_mo-0.99_wd-0.0001_fp32/42
- args.seed               : 42
- args.precision          : fp32

[2023-02-04 03:47:38] [Epoch     1/  500] trn/loss 4.462e+00, trn/lr 3.000e-02, val/acc 5.055e-02, val/nll 8.047e+00 (best_acc: 0.000e+00 -> 5.055e-02, test_acc: 5.330e-02, test_nll: 7.821e+00)
[2023-02-04 03:47:52] [Epoch     2/  500] trn/loss 4.019e+00, trn/lr 3.000e-02, val/acc 9.635e-02, val/nll 3.917e+00 (best_acc: 5.055e-02 -> 9.635e-02, test_acc: 9.770e-02, test_nll: 3.905e+00)
[2023-02-04 03:48:07] [Epoch     3/  500] trn/loss 3.762e+00, trn/lr 3.000e-02, val/acc 1.306e-01, val/nll 3.677e+00 (best_acc: 9.635e-02 -> 1.306e-01, test_acc: 1.299e-01, test_nll: 3.672e+00)
[2023-02-04 03:48:22] [Epoch     4/  500] trn/loss 3.588e+00, trn/lr 3.000e-02, val/acc 1.472e-01, val/nll 3.535e+00 (best_acc: 1.306e-01 -> 1.472e-01, test_acc: 1.580e-01, test_nll: 3.520e+00)
[2023-02-04 03:48:36] [Epoch     5/  500] trn/loss 3.421e+00, trn/lr 2.999e-02, val/acc 1.874e-01, val/nll 3.377e+00 (best_acc: 1.472e-01 -> 1.874e-01, test_acc: 1.866e-01, test_nll: 3.377e+00)
[2023-02-04 03:48:51] [Epoch     6/  500] trn/loss 3.214e+00, trn/lr 2.999e-02, val/acc 2.208e-01, val/nll 3.242e+00 (best_acc: 1.874e-01 -> 2.208e-01, test_acc: 2.253e-01, test_nll: 3.206e+00)
[2023-02-04 03:49:06] [Epoch     7/  500] trn/loss 2.998e+00, trn/lr 2.999e-02, val/acc 2.538e-01, val/nll 3.053e+00 (best_acc: 2.208e-01 -> 2.538e-01, test_acc: 2.559e-01, test_nll: 3.017e+00)
[2023-02-04 03:49:21] [Epoch     8/  500] trn/loss 2.781e+00, trn/lr 2.998e-02, val/acc 2.906e-01, val/nll 2.858e+00 (best_acc: 2.538e-01 -> 2.906e-01, test_acc: 2.958e-01, test_nll: 2.798e+00)
[2023-02-04 03:49:35] [Epoch     9/  500] trn/loss 2.585e+00, trn/lr 2.998e-02, val/acc 3.138e-01, val/nll 2.725e+00 (best_acc: 2.906e-01 -> 3.138e-01, test_acc: 3.249e-01, test_nll: 2.657e+00)
[2023-02-04 03:49:50] [Epoch    10/  500] trn/loss 2.385e+00, trn/lr 2.997e-02, val/acc 3.604e-01, val/nll 2.496e+00 (best_acc: 3.138e-01 -> 3.604e-01, test_acc: 3.764e-01, test_nll: 2.425e+00)
[2023-02-04 03:50:05] [Epoch    11/  500] trn/loss 2.178e+00, trn/lr 2.997e-02, val/acc 3.973e-01, val/nll 2.341e+00 (best_acc: 3.604e-01 -> 3.973e-01, test_acc: 4.132e-01, test_nll: 2.300e+00)
[2023-02-04 03:50:19] [Epoch    12/  500] trn/loss 2.003e+00, trn/lr 2.996e-02, val/acc 4.146e-01, val/nll 2.242e+00 (best_acc: 3.973e-01 -> 4.146e-01, test_acc: 4.369e-01, test_nll: 2.193e+00)
[2023-02-04 03:50:34] [Epoch    13/  500] trn/loss 1.864e+00, trn/lr 2.995e-02, val/acc 4.497e-01, val/nll 2.111e+00 (best_acc: 4.146e-01 -> 4.497e-01, test_acc: 4.552e-01, test_nll: 2.095e+00)
[2023-02-04 03:50:47] [Epoch    14/  500] trn/loss 1.726e+00, trn/lr 2.995e-02, val/acc 4.413e-01, val/nll 2.192e+00
[2023-02-04 03:51:02] [Epoch    15/  500] trn/loss 1.624e+00, trn/lr 2.994e-02, val/acc 4.773e-01, val/nll 2.001e+00 (best_acc: 4.497e-01 -> 4.773e-01, test_acc: 4.908e-01, test_nll: 1.973e+00)
[2023-02-04 03:51:17] [Epoch    16/  500] trn/loss 1.530e+00, trn/lr 2.993e-02, val/acc 5.093e-01, val/nll 1.849e+00 (best_acc: 4.773e-01 -> 5.093e-01, test_acc: 5.126e-01, test_nll: 1.832e+00)
[2023-02-04 03:51:31] [Epoch    17/  500] trn/loss 1.433e+00, trn/lr 2.992e-02, val/acc 5.254e-01, val/nll 1.785e+00 (best_acc: 5.093e-01 -> 5.254e-01, test_acc: 5.336e-01, test_nll: 1.762e+00)
[2023-02-04 03:51:46] [Epoch    18/  500] trn/loss 1.347e+00, trn/lr 2.991e-02, val/acc 5.438e-01, val/nll 1.716e+00 (best_acc: 5.254e-01 -> 5.438e-01, test_acc: 5.524e-01, test_nll: 1.674e+00)
[2023-02-04 03:52:01] [Epoch    19/  500] trn/loss 1.258e+00, trn/lr 2.990e-02, val/acc 5.504e-01, val/nll 1.705e+00 (best_acc: 5.438e-01 -> 5.504e-01, test_acc: 5.521e-01, test_nll: 1.691e+00)
[2023-02-04 03:52:14] [Epoch    20/  500] trn/loss 1.200e+00, trn/lr 2.989e-02, val/acc 5.460e-01, val/nll 1.735e+00
[2023-02-04 03:52:28] [Epoch    21/  500] trn/loss 1.145e+00, trn/lr 2.988e-02, val/acc 5.399e-01, val/nll 1.746e+00
[2023-02-04 03:52:42] [Epoch    22/  500] trn/loss 1.082e+00, trn/lr 2.986e-02, val/acc 5.628e-01, val/nll 1.663e+00 (best_acc: 5.504e-01 -> 5.628e-01, test_acc: 5.679e-01, test_nll: 1.638e+00)
[2023-02-04 03:52:57] [Epoch    23/  500] trn/loss 1.030e+00, trn/lr 2.985e-02, val/acc 5.739e-01, val/nll 1.637e+00 (best_acc: 5.628e-01 -> 5.739e-01, test_acc: 5.846e-01, test_nll: 1.591e+00)
[2023-02-04 03:53:12] [Epoch    24/  500] trn/loss 9.659e-01, trn/lr 2.984e-02, val/acc 5.800e-01, val/nll 1.617e+00 (best_acc: 5.739e-01 -> 5.800e-01, test_acc: 5.870e-01, test_nll: 1.590e+00)
[2023-02-04 03:53:26] [Epoch    25/  500] trn/loss 9.137e-01, trn/lr 2.982e-02, val/acc 5.980e-01, val/nll 1.562e+00 (best_acc: 5.800e-01 -> 5.980e-01, test_acc: 6.050e-01, test_nll: 1.539e+00)
[2023-02-04 03:53:40] [Epoch    26/  500] trn/loss 8.803e-01, trn/lr 2.981e-02, val/acc 5.740e-01, val/nll 1.689e+00
[2023-02-04 03:53:53] [Epoch    27/  500] trn/loss 8.711e-01, trn/lr 2.979e-02, val/acc 5.877e-01, val/nll 1.662e+00
[2023-02-04 03:54:07] [Epoch    28/  500] trn/loss 8.307e-01, trn/lr 2.978e-02, val/acc 5.892e-01, val/nll 1.648e+00
[2023-02-04 03:54:20] [Epoch    29/  500] trn/loss 7.916e-01, trn/lr 2.976e-02, val/acc 5.892e-01, val/nll 1.701e+00
[2023-02-04 03:54:33] [Epoch    30/  500] trn/loss 7.352e-01, trn/lr 2.974e-02, val/acc 5.977e-01, val/nll 1.666e+00
[2023-02-04 03:54:48] [Epoch    31/  500] trn/loss 7.024e-01, trn/lr 2.973e-02, val/acc 6.145e-01, val/nll 1.546e+00 (best_acc: 5.980e-01 -> 6.145e-01, test_acc: 6.158e-01, test_nll: 1.564e+00)
[2023-02-04 03:55:01] [Epoch    32/  500] trn/loss 6.583e-01, trn/lr 2.971e-02, val/acc 5.808e-01, val/nll 1.822e+00
[2023-02-04 03:55:16] [Epoch    33/  500] trn/loss 6.535e-01, trn/lr 2.969e-02, val/acc 6.157e-01, val/nll 1.596e+00 (best_acc: 6.145e-01 -> 6.157e-01, test_acc: 6.218e-01, test_nll: 1.570e+00)
[2023-02-04 03:55:29] [Epoch    34/  500] trn/loss 6.423e-01, trn/lr 2.967e-02, val/acc 5.944e-01, val/nll 1.679e+00
[2023-02-04 03:55:43] [Epoch    35/  500] trn/loss 6.340e-01, trn/lr 2.965e-02, val/acc 6.112e-01, val/nll 1.662e+00
[2023-02-04 03:55:56] [Epoch    36/  500] trn/loss 5.942e-01, trn/lr 2.963e-02, val/acc 6.063e-01, val/nll 1.662e+00
[2023-02-04 03:56:10] [Epoch    37/  500] trn/loss 5.682e-01, trn/lr 2.961e-02, val/acc 6.058e-01, val/nll 1.674e+00
[2023-02-04 03:56:23] [Epoch    38/  500] trn/loss 5.841e-01, trn/lr 2.959e-02, val/acc 6.083e-01, val/nll 1.717e+00
[2023-02-04 03:56:37] [Epoch    39/  500] trn/loss 5.602e-01, trn/lr 2.956e-02, val/acc 6.119e-01, val/nll 1.663e+00
[2023-02-04 03:56:50] [Epoch    40/  500] trn/loss 5.268e-01, trn/lr 2.954e-02, val/acc 6.004e-01, val/nll 1.837e+00
[2023-02-04 03:57:05] [Epoch    41/  500] trn/loss 5.220e-01, trn/lr 2.952e-02, val/acc 6.169e-01, val/nll 1.687e+00 (best_acc: 6.157e-01 -> 6.169e-01, test_acc: 6.173e-01, test_nll: 1.706e+00)
[2023-02-04 03:57:18] [Epoch    42/  500] trn/loss 4.842e-01, trn/lr 2.949e-02, val/acc 6.150e-01, val/nll 1.689e+00
[2023-02-04 03:57:33] [Epoch    43/  500] trn/loss 4.809e-01, trn/lr 2.947e-02, val/acc 6.171e-01, val/nll 1.692e+00 (best_acc: 6.169e-01 -> 6.171e-01, test_acc: 6.224e-01, test_nll: 1.695e+00)
[2023-02-04 03:57:47] [Epoch    44/  500] trn/loss 4.809e-01, trn/lr 2.944e-02, val/acc 6.093e-01, val/nll 1.831e+00
[2023-02-04 03:58:01] [Epoch    45/  500] trn/loss 4.669e-01, trn/lr 2.942e-02, val/acc 6.179e-01, val/nll 1.782e+00 (best_acc: 6.171e-01 -> 6.179e-01, test_acc: 6.205e-01, test_nll: 1.740e+00)
[2023-02-04 03:58:16] [Epoch    46/  500] trn/loss 4.436e-01, trn/lr 2.939e-02, val/acc 6.259e-01, val/nll 1.703e+00 (best_acc: 6.179e-01 -> 6.259e-01, test_acc: 6.320e-01, test_nll: 1.684e+00)
[2023-02-04 03:58:29] [Epoch    47/  500] trn/loss 4.462e-01, trn/lr 2.936e-02, val/acc 6.225e-01, val/nll 1.720e+00
[2023-02-04 03:58:43] [Epoch    48/  500] trn/loss 4.412e-01, trn/lr 2.934e-02, val/acc 6.147e-01, val/nll 1.770e+00
[2023-02-04 03:58:56] [Epoch    49/  500] trn/loss 4.452e-01, trn/lr 2.931e-02, val/acc 6.129e-01, val/nll 1.757e+00
[2023-02-04 03:59:10] [Epoch    50/  500] trn/loss 4.495e-01, trn/lr 2.928e-02, val/acc 6.198e-01, val/nll 1.727e+00
[2023-02-04 03:59:23] [Epoch    51/  500] trn/loss 4.204e-01, trn/lr 2.925e-02, val/acc 6.233e-01, val/nll 1.718e+00
[2023-02-04 03:59:36] [Epoch    52/  500] trn/loss 4.021e-01, trn/lr 2.922e-02, val/acc 6.257e-01, val/nll 1.723e+00
[2023-02-04 03:59:50] [Epoch    53/  500] trn/loss 3.874e-01, trn/lr 2.919e-02, val/acc 6.216e-01, val/nll 1.846e+00
[2023-02-04 04:00:05] [Epoch    54/  500] trn/loss 3.884e-01, trn/lr 2.916e-02, val/acc 6.263e-01, val/nll 1.685e+00 (best_acc: 6.259e-01 -> 6.263e-01, test_acc: 6.356e-01, test_nll: 1.638e+00)
[2023-02-04 04:00:18] [Epoch    55/  500] trn/loss 3.672e-01, trn/lr 2.913e-02, val/acc 6.216e-01, val/nll 1.828e+00
[2023-02-04 04:00:31] [Epoch    56/  500] trn/loss 3.767e-01, trn/lr 2.910e-02, val/acc 6.211e-01, val/nll 1.810e+00
[2023-02-04 04:00:46] [Epoch    57/  500] trn/loss 3.763e-01, trn/lr 2.906e-02, val/acc 6.331e-01, val/nll 1.738e+00 (best_acc: 6.263e-01 -> 6.331e-01, test_acc: 6.393e-01, test_nll: 1.701e+00)
[2023-02-04 04:01:00] [Epoch    58/  500] trn/loss 3.754e-01, trn/lr 2.903e-02, val/acc 6.256e-01, val/nll 1.795e+00
[2023-02-04 04:01:13] [Epoch    59/  500] trn/loss 3.574e-01, trn/lr 2.900e-02, val/acc 6.274e-01, val/nll 1.829e+00
[2023-02-04 04:01:26] [Epoch    60/  500] trn/loss 3.646e-01, trn/lr 2.896e-02, val/acc 6.196e-01, val/nll 1.875e+00
[2023-02-04 04:01:40] [Epoch    61/  500] trn/loss 3.699e-01, trn/lr 2.893e-02, val/acc 6.208e-01, val/nll 1.855e+00
[2023-02-04 04:01:53] [Epoch    62/  500] trn/loss 3.634e-01, trn/lr 2.889e-02, val/acc 6.292e-01, val/nll 1.808e+00
[2023-02-04 04:02:08] [Epoch    63/  500] trn/loss 3.423e-01, trn/lr 2.886e-02, val/acc 6.347e-01, val/nll 1.776e+00 (best_acc: 6.331e-01 -> 6.347e-01, test_acc: 6.378e-01, test_nll: 1.782e+00)
[2023-02-04 04:02:21] [Epoch    64/  500] trn/loss 3.516e-01, trn/lr 2.882e-02, val/acc 6.270e-01, val/nll 1.737e+00
[2023-02-04 04:02:35] [Epoch    65/  500] trn/loss 3.583e-01, trn/lr 2.879e-02, val/acc 6.216e-01, val/nll 1.812e+00
[2023-02-04 04:02:48] [Epoch    66/  500] trn/loss 3.552e-01, trn/lr 2.875e-02, val/acc 6.272e-01, val/nll 1.811e+00
[2023-02-04 04:03:02] [Epoch    67/  500] trn/loss 3.374e-01, trn/lr 2.871e-02, val/acc 6.320e-01, val/nll 1.803e+00
[2023-02-04 04:03:15] [Epoch    68/  500] trn/loss 3.444e-01, trn/lr 2.867e-02, val/acc 6.118e-01, val/nll 2.014e+00
[2023-02-04 04:03:29] [Epoch    69/  500] trn/loss 3.486e-01, trn/lr 2.863e-02, val/acc 6.221e-01, val/nll 1.852e+00
[2023-02-04 04:03:42] [Epoch    70/  500] trn/loss 3.502e-01, trn/lr 2.859e-02, val/acc 6.163e-01, val/nll 1.891e+00
[2023-02-04 04:03:57] [Epoch    71/  500] trn/loss 3.298e-01, trn/lr 2.855e-02, val/acc 6.360e-01, val/nll 1.727e+00 (best_acc: 6.347e-01 -> 6.360e-01, test_acc: 6.362e-01, test_nll: 1.728e+00)
[2023-02-04 04:04:11] [Epoch    72/  500] trn/loss 3.091e-01, trn/lr 2.851e-02, val/acc 6.330e-01, val/nll 1.765e+00
[2023-02-04 04:04:24] [Epoch    73/  500] trn/loss 3.200e-01, trn/lr 2.847e-02, val/acc 6.241e-01, val/nll 1.885e+00
[2023-02-04 04:04:37] [Epoch    74/  500] trn/loss 3.170e-01, trn/lr 2.843e-02, val/acc 6.125e-01, val/nll 1.987e+00
[2023-02-04 04:04:51] [Epoch    75/  500] trn/loss 3.274e-01, trn/lr 2.839e-02, val/acc 6.211e-01, val/nll 1.763e+00
[2023-02-04 04:05:06] [Epoch    76/  500] trn/loss 3.120e-01, trn/lr 2.834e-02, val/acc 6.393e-01, val/nll 1.744e+00 (best_acc: 6.360e-01 -> 6.393e-01, test_acc: 6.436e-01, test_nll: 1.763e+00)
[2023-02-04 04:05:19] [Epoch    77/  500] trn/loss 3.391e-01, trn/lr 2.830e-02, val/acc 6.317e-01, val/nll 1.798e+00
[2023-02-04 04:05:32] [Epoch    78/  500] trn/loss 3.526e-01, trn/lr 2.826e-02, val/acc 6.153e-01, val/nll 1.920e+00
[2023-02-04 04:05:46] [Epoch    79/  500] trn/loss 3.361e-01, trn/lr 2.821e-02, val/acc 6.048e-01, val/nll 1.959e+00
[2023-02-04 04:05:59] [Epoch    80/  500] trn/loss 3.319e-01, trn/lr 2.817e-02, val/acc 6.280e-01, val/nll 1.769e+00
[2023-02-04 04:06:13] [Epoch    81/  500] trn/loss 3.161e-01, trn/lr 2.812e-02, val/acc 6.314e-01, val/nll 1.785e+00
[2023-02-04 04:06:26] [Epoch    82/  500] trn/loss 2.984e-01, trn/lr 2.808e-02, val/acc 6.195e-01, val/nll 1.910e+00
[2023-02-04 04:06:39] [Epoch    83/  500] trn/loss 3.124e-01, trn/lr 2.803e-02, val/acc 6.290e-01, val/nll 1.805e+00
[2023-02-04 04:06:53] [Epoch    84/  500] trn/loss 3.072e-01, trn/lr 2.798e-02, val/acc 6.337e-01, val/nll 1.782e+00
[2023-02-04 04:07:06] [Epoch    85/  500] trn/loss 2.908e-01, trn/lr 2.794e-02, val/acc 6.324e-01, val/nll 1.779e+00
[2023-02-04 04:07:20] [Epoch    86/  500] trn/loss 3.062e-01, trn/lr 2.789e-02, val/acc 6.223e-01, val/nll 1.813e+00
[2023-02-04 04:07:33] [Epoch    87/  500] trn/loss 3.072e-01, trn/lr 2.784e-02, val/acc 6.243e-01, val/nll 1.842e+00
[2023-02-04 04:07:47] [Epoch    88/  500] trn/loss 2.948e-01, trn/lr 2.779e-02, val/acc 6.280e-01, val/nll 1.810e+00
[2023-02-04 04:08:00] [Epoch    89/  500] trn/loss 3.004e-01, trn/lr 2.774e-02, val/acc 6.288e-01, val/nll 1.873e+00
[2023-02-04 04:08:15] [Epoch    90/  500] trn/loss 2.872e-01, trn/lr 2.769e-02, val/acc 6.404e-01, val/nll 1.744e+00 (best_acc: 6.393e-01 -> 6.404e-01, test_acc: 6.428e-01, test_nll: 1.703e+00)
[2023-02-04 04:08:28] [Epoch    91/  500] trn/loss 2.785e-01, trn/lr 2.764e-02, val/acc 6.372e-01, val/nll 1.792e+00
[2023-02-04 04:08:41] [Epoch    92/  500] trn/loss 2.849e-01, trn/lr 2.759e-02, val/acc 6.354e-01, val/nll 1.786e+00
[2023-02-04 04:08:56] [Epoch    93/  500] trn/loss 2.920e-01, trn/lr 2.754e-02, val/acc 6.456e-01, val/nll 1.781e+00 (best_acc: 6.404e-01 -> 6.456e-01, test_acc: 6.484e-01, test_nll: 1.785e+00)
[2023-02-04 04:09:10] [Epoch    94/  500] trn/loss 2.859e-01, trn/lr 2.749e-02, val/acc 6.375e-01, val/nll 1.839e+00
[2023-02-04 04:09:24] [Epoch    95/  500] trn/loss 2.791e-01, trn/lr 2.743e-02, val/acc 6.465e-01, val/nll 1.717e+00 (best_acc: 6.456e-01 -> 6.465e-01, test_acc: 6.458e-01, test_nll: 1.734e+00)
[2023-02-04 04:09:38] [Epoch    96/  500] trn/loss 2.841e-01, trn/lr 2.738e-02, val/acc 6.325e-01, val/nll 1.807e+00
[2023-02-04 04:09:51] [Epoch    97/  500] trn/loss 2.916e-01, trn/lr 2.733e-02, val/acc 6.309e-01, val/nll 1.777e+00
[2023-02-04 04:10:04] [Epoch    98/  500] trn/loss 2.884e-01, trn/lr 2.727e-02, val/acc 6.321e-01, val/nll 1.836e+00
[2023-02-04 04:10:18] [Epoch    99/  500] trn/loss 2.929e-01, trn/lr 2.722e-02, val/acc 6.311e-01, val/nll 1.864e+00
[2023-02-04 04:10:31] [Epoch   100/  500] trn/loss 3.062e-01, trn/lr 2.716e-02, val/acc 6.327e-01, val/nll 1.835e+00
[2023-02-04 04:10:45] [Epoch   101/  500] trn/loss 2.724e-01, trn/lr 2.711e-02, val/acc 6.397e-01, val/nll 1.770e+00
[2023-02-04 04:10:58] [Epoch   102/  500] trn/loss 2.501e-01, trn/lr 2.705e-02, val/acc 6.417e-01, val/nll 1.833e+00
[2023-02-04 04:11:11] [Epoch   103/  500] trn/loss 2.655e-01, trn/lr 2.700e-02, val/acc 6.319e-01, val/nll 1.799e+00
[2023-02-04 04:11:25] [Epoch   104/  500] trn/loss 2.775e-01, trn/lr 2.694e-02, val/acc 6.415e-01, val/nll 1.717e+00
[2023-02-04 04:11:38] [Epoch   105/  500] trn/loss 2.583e-01, trn/lr 2.688e-02, val/acc 6.263e-01, val/nll 1.891e+00
[2023-02-04 04:11:52] [Epoch   106/  500] trn/loss 2.625e-01, trn/lr 2.682e-02, val/acc 6.381e-01, val/nll 1.803e+00
[2023-02-04 04:12:05] [Epoch   107/  500] trn/loss 2.614e-01, trn/lr 2.677e-02, val/acc 6.357e-01, val/nll 1.815e+00
[2023-02-04 04:12:19] [Epoch   108/  500] trn/loss 2.613e-01, trn/lr 2.671e-02, val/acc 6.395e-01, val/nll 1.856e+00
[2023-02-04 04:12:32] [Epoch   109/  500] trn/loss 2.735e-01, trn/lr 2.665e-02, val/acc 6.412e-01, val/nll 1.788e+00
[2023-02-04 04:12:45] [Epoch   110/  500] trn/loss 2.745e-01, trn/lr 2.659e-02, val/acc 6.343e-01, val/nll 1.788e+00
[2023-02-04 04:12:59] [Epoch   111/  500] trn/loss 2.722e-01, trn/lr 2.653e-02, val/acc 6.301e-01, val/nll 1.833e+00
[2023-02-04 04:13:12] [Epoch   112/  500] trn/loss 2.598e-01, trn/lr 2.647e-02, val/acc 6.347e-01, val/nll 1.824e+00
[2023-02-04 04:13:26] [Epoch   113/  500] trn/loss 2.514e-01, trn/lr 2.641e-02, val/acc 6.393e-01, val/nll 1.836e+00
[2023-02-04 04:13:39] [Epoch   114/  500] trn/loss 2.485e-01, trn/lr 2.634e-02, val/acc 6.229e-01, val/nll 1.908e+00
[2023-02-04 04:13:52] [Epoch   115/  500] trn/loss 2.459e-01, trn/lr 2.628e-02, val/acc 6.226e-01, val/nll 2.017e+00
[2023-02-04 04:14:06] [Epoch   116/  500] trn/loss 2.791e-01, trn/lr 2.622e-02, val/acc 6.332e-01, val/nll 1.887e+00
[2023-02-04 04:14:19] [Epoch   117/  500] trn/loss 2.785e-01, trn/lr 2.616e-02, val/acc 6.291e-01, val/nll 1.831e+00
[2023-02-04 04:14:33] [Epoch   118/  500] trn/loss 2.660e-01, trn/lr 2.609e-02, val/acc 6.421e-01, val/nll 1.785e+00
[2023-02-04 04:14:47] [Epoch   119/  500] trn/loss 2.418e-01, trn/lr 2.603e-02, val/acc 6.472e-01, val/nll 1.735e+00 (best_acc: 6.465e-01 -> 6.472e-01, test_acc: 6.556e-01, test_nll: 1.714e+00)
[2023-02-04 04:15:01] [Epoch   120/  500] trn/loss 2.268e-01, trn/lr 2.597e-02, val/acc 6.393e-01, val/nll 1.835e+00
[2023-02-04 04:15:14] [Epoch   121/  500] trn/loss 2.395e-01, trn/lr 2.590e-02, val/acc 6.377e-01, val/nll 1.768e+00
[2023-02-04 04:15:28] [Epoch   122/  500] trn/loss 2.498e-01, trn/lr 2.584e-02, val/acc 6.390e-01, val/nll 1.891e+00
[2023-02-04 04:15:41] [Epoch   123/  500] trn/loss 2.542e-01, trn/lr 2.577e-02, val/acc 6.340e-01, val/nll 1.832e+00
[2023-02-04 04:15:54] [Epoch   124/  500] trn/loss 2.529e-01, trn/lr 2.571e-02, val/acc 6.313e-01, val/nll 1.885e+00
[2023-02-04 04:16:08] [Epoch   125/  500] trn/loss 2.459e-01, trn/lr 2.564e-02, val/acc 6.325e-01, val/nll 1.826e+00
[2023-02-04 04:16:22] [Epoch   126/  500] trn/loss 2.580e-01, trn/lr 2.557e-02, val/acc 6.519e-01, val/nll 1.732e+00 (best_acc: 6.472e-01 -> 6.519e-01, test_acc: 6.437e-01, test_nll: 1.766e+00)
[2023-02-04 04:16:36] [Epoch   127/  500] trn/loss 2.592e-01, trn/lr 2.551e-02, val/acc 6.388e-01, val/nll 1.858e+00
[2023-02-04 04:16:49] [Epoch   128/  500] trn/loss 2.493e-01, trn/lr 2.544e-02, val/acc 6.287e-01, val/nll 1.873e+00
[2023-02-04 04:17:03] [Epoch   129/  500] trn/loss 2.507e-01, trn/lr 2.537e-02, val/acc 6.390e-01, val/nll 1.805e+00
[2023-02-04 04:17:16] [Epoch   130/  500] trn/loss 2.337e-01, trn/lr 2.530e-02, val/acc 6.497e-01, val/nll 1.759e+00
[2023-02-04 04:17:29] [Epoch   131/  500] trn/loss 2.207e-01, trn/lr 2.523e-02, val/acc 6.400e-01, val/nll 1.787e+00
[2023-02-04 04:17:43] [Epoch   132/  500] trn/loss 2.189e-01, trn/lr 2.516e-02, val/acc 6.479e-01, val/nll 1.779e+00
[2023-02-04 04:17:57] [Epoch   133/  500] trn/loss 2.245e-01, trn/lr 2.510e-02, val/acc 6.560e-01, val/nll 1.723e+00 (best_acc: 6.519e-01 -> 6.560e-01, test_acc: 6.606e-01, test_nll: 1.737e+00)
[2023-02-04 04:18:11] [Epoch   134/  500] trn/loss 2.395e-01, trn/lr 2.503e-02, val/acc 6.298e-01, val/nll 1.885e+00
[2023-02-04 04:18:24] [Epoch   135/  500] trn/loss 2.402e-01, trn/lr 2.496e-02, val/acc 6.541e-01, val/nll 1.768e+00
[2023-02-04 04:18:38] [Epoch   136/  500] trn/loss 2.232e-01, trn/lr 2.488e-02, val/acc 6.397e-01, val/nll 1.864e+00
[2023-02-04 04:18:51] [Epoch   137/  500] trn/loss 2.297e-01, trn/lr 2.481e-02, val/acc 6.405e-01, val/nll 1.853e+00
[2023-02-04 04:19:05] [Epoch   138/  500] trn/loss 2.276e-01, trn/lr 2.474e-02, val/acc 6.537e-01, val/nll 1.742e+00
[2023-02-04 04:19:18] [Epoch   139/  500] trn/loss 2.210e-01, trn/lr 2.467e-02, val/acc 6.481e-01, val/nll 1.815e+00
[2023-02-04 04:19:31] [Epoch   140/  500] trn/loss 2.134e-01, trn/lr 2.460e-02, val/acc 6.488e-01, val/nll 1.758e+00
[2023-02-04 04:19:45] [Epoch   141/  500] trn/loss 2.230e-01, trn/lr 2.453e-02, val/acc 6.424e-01, val/nll 1.812e+00
[2023-02-04 04:19:58] [Epoch   142/  500] trn/loss 2.203e-01, trn/lr 2.445e-02, val/acc 6.335e-01, val/nll 1.893e+00
[2023-02-04 04:20:12] [Epoch   143/  500] trn/loss 2.315e-01, trn/lr 2.438e-02, val/acc 6.485e-01, val/nll 1.745e+00
[2023-02-04 04:20:25] [Epoch   144/  500] trn/loss 2.295e-01, trn/lr 2.431e-02, val/acc 6.421e-01, val/nll 1.801e+00
[2023-02-04 04:20:38] [Epoch   145/  500] trn/loss 2.372e-01, trn/lr 2.423e-02, val/acc 6.517e-01, val/nll 1.742e+00
[2023-02-04 04:20:52] [Epoch   146/  500] trn/loss 2.285e-01, trn/lr 2.416e-02, val/acc 6.454e-01, val/nll 1.840e+00
[2023-02-04 04:21:05] [Epoch   147/  500] trn/loss 2.271e-01, trn/lr 2.408e-02, val/acc 6.530e-01, val/nll 1.777e+00
[2023-02-04 04:21:19] [Epoch   148/  500] trn/loss 2.215e-01, trn/lr 2.401e-02, val/acc 6.522e-01, val/nll 1.747e+00
[2023-02-04 04:21:32] [Epoch   149/  500] trn/loss 2.092e-01, trn/lr 2.393e-02, val/acc 6.515e-01, val/nll 1.711e+00
[2023-02-04 04:21:45] [Epoch   150/  500] trn/loss 2.071e-01, trn/lr 2.386e-02, val/acc 6.507e-01, val/nll 1.809e+00
[2023-02-04 04:21:59] [Epoch   151/  500] trn/loss 2.144e-01, trn/lr 2.378e-02, val/acc 6.458e-01, val/nll 1.839e+00
[2023-02-04 04:22:12] [Epoch   152/  500] trn/loss 2.144e-01, trn/lr 2.370e-02, val/acc 6.454e-01, val/nll 1.780e+00
[2023-02-04 04:22:26] [Epoch   153/  500] trn/loss 2.176e-01, trn/lr 2.363e-02, val/acc 6.531e-01, val/nll 1.741e+00
[2023-02-04 04:22:39] [Epoch   154/  500] trn/loss 2.121e-01, trn/lr 2.355e-02, val/acc 6.512e-01, val/nll 1.784e+00
[2023-02-04 04:22:52] [Epoch   155/  500] trn/loss 2.123e-01, trn/lr 2.347e-02, val/acc 6.460e-01, val/nll 1.812e+00
[2023-02-04 04:23:06] [Epoch   156/  500] trn/loss 2.063e-01, trn/lr 2.339e-02, val/acc 6.480e-01, val/nll 1.804e+00
[2023-02-04 04:23:20] [Epoch   157/  500] trn/loss 1.988e-01, trn/lr 2.331e-02, val/acc 6.668e-01, val/nll 1.761e+00 (best_acc: 6.560e-01 -> 6.668e-01, test_acc: 6.619e-01, test_nll: 1.777e+00)
[2023-02-04 04:23:34] [Epoch   158/  500] trn/loss 1.966e-01, trn/lr 2.324e-02, val/acc 6.591e-01, val/nll 1.754e+00
[2023-02-04 04:23:47] [Epoch   159/  500] trn/loss 1.901e-01, trn/lr 2.316e-02, val/acc 6.567e-01, val/nll 1.714e+00
[2023-02-04 04:24:01] [Epoch   160/  500] trn/loss 1.777e-01, trn/lr 2.308e-02, val/acc 6.510e-01, val/nll 1.804e+00
[2023-02-04 04:24:14] [Epoch   161/  500] trn/loss 1.876e-01, trn/lr 2.300e-02, val/acc 6.636e-01, val/nll 1.698e+00
[2023-02-04 04:24:28] [Epoch   162/  500] trn/loss 1.976e-01, trn/lr 2.292e-02, val/acc 6.510e-01, val/nll 1.763e+00
[2023-02-04 04:24:41] [Epoch   163/  500] trn/loss 2.033e-01, trn/lr 2.284e-02, val/acc 6.531e-01, val/nll 1.740e+00
[2023-02-04 04:24:54] [Epoch   164/  500] trn/loss 2.082e-01, trn/lr 2.276e-02, val/acc 6.416e-01, val/nll 1.900e+00
[2023-02-04 04:25:08] [Epoch   165/  500] trn/loss 2.229e-01, trn/lr 2.268e-02, val/acc 6.524e-01, val/nll 1.796e+00
[2023-02-04 04:25:21] [Epoch   166/  500] trn/loss 2.163e-01, trn/lr 2.260e-02, val/acc 6.545e-01, val/nll 1.722e+00
[2023-02-04 04:25:35] [Epoch   167/  500] trn/loss 2.097e-01, trn/lr 2.251e-02, val/acc 6.512e-01, val/nll 1.788e+00
[2023-02-04 04:25:48] [Epoch   168/  500] trn/loss 2.027e-01, trn/lr 2.243e-02, val/acc 6.465e-01, val/nll 1.770e+00
[2023-02-04 04:26:01] [Epoch   169/  500] trn/loss 1.863e-01, trn/lr 2.235e-02, val/acc 6.513e-01, val/nll 1.839e+00
[2023-02-04 04:26:15] [Epoch   170/  500] trn/loss 1.922e-01, trn/lr 2.227e-02, val/acc 6.574e-01, val/nll 1.736e+00
[2023-02-04 04:26:28] [Epoch   171/  500] trn/loss 1.793e-01, trn/lr 2.219e-02, val/acc 6.501e-01, val/nll 1.802e+00
[2023-02-04 04:26:42] [Epoch   172/  500] trn/loss 1.868e-01, trn/lr 2.210e-02, val/acc 6.494e-01, val/nll 1.796e+00
[2023-02-04 04:26:55] [Epoch   173/  500] trn/loss 1.844e-01, trn/lr 2.202e-02, val/acc 6.648e-01, val/nll 1.698e+00
[2023-02-04 04:27:08] [Epoch   174/  500] trn/loss 1.937e-01, trn/lr 2.194e-02, val/acc 6.489e-01, val/nll 1.780e+00
[2023-02-04 04:27:22] [Epoch   175/  500] trn/loss 2.080e-01, trn/lr 2.185e-02, val/acc 6.498e-01, val/nll 1.794e+00
[2023-02-04 04:27:35] [Epoch   176/  500] trn/loss 2.016e-01, trn/lr 2.177e-02, val/acc 6.469e-01, val/nll 1.799e+00
[2023-02-04 04:27:49] [Epoch   177/  500] trn/loss 1.870e-01, trn/lr 2.168e-02, val/acc 6.504e-01, val/nll 1.817e+00
[2023-02-04 04:28:02] [Epoch   178/  500] trn/loss 1.803e-01, trn/lr 2.160e-02, val/acc 6.532e-01, val/nll 1.750e+00
[2023-02-04 04:28:15] [Epoch   179/  500] trn/loss 1.659e-01, trn/lr 2.151e-02, val/acc 6.647e-01, val/nll 1.755e+00
[2023-02-04 04:28:29] [Epoch   180/  500] trn/loss 1.667e-01, trn/lr 2.143e-02, val/acc 6.573e-01, val/nll 1.740e+00
[2023-02-04 04:28:42] [Epoch   181/  500] trn/loss 1.650e-01, trn/lr 2.134e-02, val/acc 6.608e-01, val/nll 1.747e+00
[2023-02-04 04:28:56] [Epoch   182/  500] trn/loss 1.655e-01, trn/lr 2.126e-02, val/acc 6.473e-01, val/nll 1.841e+00
[2023-02-04 04:29:09] [Epoch   183/  500] trn/loss 1.754e-01, trn/lr 2.117e-02, val/acc 6.541e-01, val/nll 1.787e+00
[2023-02-04 04:29:22] [Epoch   184/  500] trn/loss 1.708e-01, trn/lr 2.109e-02, val/acc 6.562e-01, val/nll 1.789e+00
[2023-02-04 04:29:36] [Epoch   185/  500] trn/loss 1.801e-01, trn/lr 2.100e-02, val/acc 6.482e-01, val/nll 1.840e+00
[2023-02-04 04:29:49] [Epoch   186/  500] trn/loss 1.801e-01, trn/lr 2.091e-02, val/acc 6.573e-01, val/nll 1.751e+00
[2023-02-04 04:30:03] [Epoch   187/  500] trn/loss 1.720e-01, trn/lr 2.083e-02, val/acc 6.504e-01, val/nll 1.786e+00
[2023-02-04 04:30:16] [Epoch   188/  500] trn/loss 1.817e-01, trn/lr 2.074e-02, val/acc 6.545e-01, val/nll 1.738e+00
[2023-02-04 04:30:29] [Epoch   189/  500] trn/loss 1.752e-01, trn/lr 2.065e-02, val/acc 6.521e-01, val/nll 1.857e+00
[2023-02-04 04:30:43] [Epoch   190/  500] trn/loss 1.752e-01, trn/lr 2.057e-02, val/acc 6.668e-01, val/nll 1.698e+00
[2023-02-04 04:30:56] [Epoch   191/  500] trn/loss 1.636e-01, trn/lr 2.048e-02, val/acc 6.554e-01, val/nll 1.787e+00
[2023-02-04 04:31:10] [Epoch   192/  500] trn/loss 1.546e-01, trn/lr 2.039e-02, val/acc 6.590e-01, val/nll 1.760e+00
[2023-02-04 04:31:23] [Epoch   193/  500] trn/loss 1.515e-01, trn/lr 2.030e-02, val/acc 6.636e-01, val/nll 1.753e+00
[2023-02-04 04:31:36] [Epoch   194/  500] trn/loss 1.583e-01, trn/lr 2.021e-02, val/acc 6.601e-01, val/nll 1.753e+00
[2023-02-04 04:31:50] [Epoch   195/  500] trn/loss 1.722e-01, trn/lr 2.013e-02, val/acc 6.533e-01, val/nll 1.832e+00
[2023-02-04 04:32:03] [Epoch   196/  500] trn/loss 1.718e-01, trn/lr 2.004e-02, val/acc 6.544e-01, val/nll 1.739e+00
[2023-02-04 04:32:17] [Epoch   197/  500] trn/loss 1.666e-01, trn/lr 1.995e-02, val/acc 6.540e-01, val/nll 1.785e+00
[2023-02-04 04:32:30] [Epoch   198/  500] trn/loss 1.675e-01, trn/lr 1.986e-02, val/acc 6.475e-01, val/nll 1.828e+00
[2023-02-04 04:32:43] [Epoch   199/  500] trn/loss 1.634e-01, trn/lr 1.977e-02, val/acc 6.550e-01, val/nll 1.765e+00
[2023-02-04 04:32:57] [Epoch   200/  500] trn/loss 1.630e-01, trn/lr 1.968e-02, val/acc 6.585e-01, val/nll 1.782e+00
[2023-02-04 04:33:10] [Epoch   201/  500] trn/loss 1.646e-01, trn/lr 1.959e-02, val/acc 6.472e-01, val/nll 1.787e+00
[2023-02-04 04:33:24] [Epoch   202/  500] trn/loss 1.518e-01, trn/lr 1.950e-02, val/acc 6.569e-01, val/nll 1.772e+00
[2023-02-04 04:33:37] [Epoch   203/  500] trn/loss 1.540e-01, trn/lr 1.941e-02, val/acc 6.567e-01, val/nll 1.778e+00
[2023-02-04 04:33:51] [Epoch   204/  500] trn/loss 1.519e-01, trn/lr 1.932e-02, val/acc 6.574e-01, val/nll 1.753e+00
[2023-02-04 04:34:04] [Epoch   205/  500] trn/loss 1.530e-01, trn/lr 1.923e-02, val/acc 6.631e-01, val/nll 1.765e+00
[2023-02-04 04:34:17] [Epoch   206/  500] trn/loss 1.491e-01, trn/lr 1.914e-02, val/acc 6.537e-01, val/nll 1.806e+00
[2023-02-04 04:34:31] [Epoch   207/  500] trn/loss 1.520e-01, trn/lr 1.905e-02, val/acc 6.623e-01, val/nll 1.779e+00
[2023-02-04 04:34:44] [Epoch   208/  500] trn/loss 1.562e-01, trn/lr 1.896e-02, val/acc 6.497e-01, val/nll 1.850e+00
[2023-02-04 04:34:59] [Epoch   209/  500] trn/loss 1.418e-01, trn/lr 1.887e-02, val/acc 6.677e-01, val/nll 1.728e+00 (best_acc: 6.668e-01 -> 6.677e-01, test_acc: 6.672e-01, test_nll: 1.714e+00)
[2023-02-04 04:35:12] [Epoch   210/  500] trn/loss 1.394e-01, trn/lr 1.878e-02, val/acc 6.598e-01, val/nll 1.744e+00
[2023-02-04 04:35:26] [Epoch   211/  500] trn/loss 1.382e-01, trn/lr 1.868e-02, val/acc 6.604e-01, val/nll 1.760e+00
[2023-02-04 04:35:39] [Epoch   212/  500] trn/loss 1.396e-01, trn/lr 1.859e-02, val/acc 6.626e-01, val/nll 1.753e+00
[2023-02-04 04:35:52] [Epoch   213/  500] trn/loss 1.359e-01, trn/lr 1.850e-02, val/acc 6.540e-01, val/nll 1.788e+00
[2023-02-04 04:36:06] [Epoch   214/  500] trn/loss 1.376e-01, trn/lr 1.841e-02, val/acc 6.671e-01, val/nll 1.691e+00
[2023-02-04 04:36:21] [Epoch   215/  500] trn/loss 1.389e-01, trn/lr 1.832e-02, val/acc 6.713e-01, val/nll 1.650e+00 (best_acc: 6.677e-01 -> 6.713e-01, test_acc: 6.683e-01, test_nll: 1.674e+00)
[2023-02-04 04:36:34] [Epoch   216/  500] trn/loss 1.382e-01, trn/lr 1.823e-02, val/acc 6.600e-01, val/nll 1.769e+00
[2023-02-04 04:36:47] [Epoch   217/  500] trn/loss 1.463e-01, trn/lr 1.813e-02, val/acc 6.613e-01, val/nll 1.685e+00
[2023-02-04 04:37:01] [Epoch   218/  500] trn/loss 1.412e-01, trn/lr 1.804e-02, val/acc 6.615e-01, val/nll 1.736e+00
[2023-02-04 04:37:14] [Epoch   219/  500] trn/loss 1.341e-01, trn/lr 1.795e-02, val/acc 6.698e-01, val/nll 1.699e+00
[2023-02-04 04:37:28] [Epoch   220/  500] trn/loss 1.378e-01, trn/lr 1.786e-02, val/acc 6.539e-01, val/nll 1.813e+00
[2023-02-04 04:37:41] [Epoch   221/  500] trn/loss 1.370e-01, trn/lr 1.776e-02, val/acc 6.621e-01, val/nll 1.775e+00
[2023-02-04 04:37:54] [Epoch   222/  500] trn/loss 1.357e-01, trn/lr 1.767e-02, val/acc 6.637e-01, val/nll 1.711e+00
[2023-02-04 04:38:08] [Epoch   223/  500] trn/loss 1.372e-01, trn/lr 1.758e-02, val/acc 6.615e-01, val/nll 1.792e+00
[2023-02-04 04:38:21] [Epoch   224/  500] trn/loss 1.304e-01, trn/lr 1.749e-02, val/acc 6.489e-01, val/nll 1.862e+00
[2023-02-04 04:38:35] [Epoch   225/  500] trn/loss 1.259e-01, trn/lr 1.739e-02, val/acc 6.617e-01, val/nll 1.770e+00
[2023-02-04 04:38:48] [Epoch   226/  500] trn/loss 1.154e-01, trn/lr 1.730e-02, val/acc 6.708e-01, val/nll 1.710e+00
[2023-02-04 04:39:03] [Epoch   227/  500] trn/loss 1.126e-01, trn/lr 1.721e-02, val/acc 6.715e-01, val/nll 1.719e+00 (best_acc: 6.713e-01 -> 6.715e-01, test_acc: 6.786e-01, test_nll: 1.712e+00)
[2023-02-04 04:39:16] [Epoch   228/  500] trn/loss 1.087e-01, trn/lr 1.711e-02, val/acc 6.691e-01, val/nll 1.728e+00
[2023-02-04 04:39:29] [Epoch   229/  500] trn/loss 1.102e-01, trn/lr 1.702e-02, val/acc 6.616e-01, val/nll 1.768e+00
[2023-02-04 04:39:43] [Epoch   230/  500] trn/loss 1.146e-01, trn/lr 1.693e-02, val/acc 6.564e-01, val/nll 1.751e+00
[2023-02-04 04:39:56] [Epoch   231/  500] trn/loss 1.221e-01, trn/lr 1.683e-02, val/acc 6.554e-01, val/nll 1.788e+00
[2023-02-04 04:40:10] [Epoch   232/  500] trn/loss 1.193e-01, trn/lr 1.674e-02, val/acc 6.597e-01, val/nll 1.815e+00
[2023-02-04 04:40:23] [Epoch   233/  500] trn/loss 1.321e-01, trn/lr 1.665e-02, val/acc 6.624e-01, val/nll 1.802e+00
[2023-02-04 04:40:37] [Epoch   234/  500] trn/loss 1.461e-01, trn/lr 1.655e-02, val/acc 6.564e-01, val/nll 1.755e+00
[2023-02-04 04:40:50] [Epoch   235/  500] trn/loss 1.430e-01, trn/lr 1.646e-02, val/acc 6.594e-01, val/nll 1.717e+00
[2023-02-04 04:41:03] [Epoch   236/  500] trn/loss 1.382e-01, trn/lr 1.636e-02, val/acc 6.574e-01, val/nll 1.736e+00
[2023-02-04 04:41:17] [Epoch   237/  500] trn/loss 1.293e-01, trn/lr 1.627e-02, val/acc 6.615e-01, val/nll 1.790e+00
[2023-02-04 04:41:30] [Epoch   238/  500] trn/loss 1.163e-01, trn/lr 1.618e-02, val/acc 6.615e-01, val/nll 1.761e+00
[2023-02-04 04:41:44] [Epoch   239/  500] trn/loss 1.135e-01, trn/lr 1.608e-02, val/acc 6.642e-01, val/nll 1.778e+00
[2023-02-04 04:41:57] [Epoch   240/  500] trn/loss 1.133e-01, trn/lr 1.599e-02, val/acc 6.687e-01, val/nll 1.738e+00
[2023-02-04 04:42:12] [Epoch   241/  500] trn/loss 1.086e-01, trn/lr 1.590e-02, val/acc 6.729e-01, val/nll 1.719e+00 (best_acc: 6.715e-01 -> 6.729e-01, test_acc: 6.701e-01, test_nll: 1.735e+00)
[2023-02-04 04:42:26] [Epoch   242/  500] trn/loss 1.108e-01, trn/lr 1.580e-02, val/acc 6.733e-01, val/nll 1.692e+00 (best_acc: 6.729e-01 -> 6.733e-01, test_acc: 6.713e-01, test_nll: 1.698e+00)
[2023-02-04 04:42:40] [Epoch   243/  500] trn/loss 1.077e-01, trn/lr 1.571e-02, val/acc 6.726e-01, val/nll 1.727e+00
[2023-02-04 04:42:54] [Epoch   244/  500] trn/loss 9.845e-02, trn/lr 1.561e-02, val/acc 6.741e-01, val/nll 1.677e+00 (best_acc: 6.733e-01 -> 6.741e-01, test_acc: 6.710e-01, test_nll: 1.692e+00)
[2023-02-04 04:43:09] [Epoch   245/  500] trn/loss 9.300e-02, trn/lr 1.552e-02, val/acc 6.778e-01, val/nll 1.671e+00 (best_acc: 6.741e-01 -> 6.778e-01, test_acc: 6.746e-01, test_nll: 1.695e+00)
[2023-02-04 04:43:22] [Epoch   246/  500] trn/loss 9.054e-02, trn/lr 1.542e-02, val/acc 6.729e-01, val/nll 1.727e+00
[2023-02-04 04:43:36] [Epoch   247/  500] trn/loss 9.037e-02, trn/lr 1.533e-02, val/acc 6.700e-01, val/nll 1.725e+00
[2023-02-04 04:43:51] [Epoch   248/  500] trn/loss 8.897e-02, trn/lr 1.524e-02, val/acc 6.780e-01, val/nll 1.649e+00 (best_acc: 6.778e-01 -> 6.780e-01, test_acc: 6.769e-01, test_nll: 1.658e+00)
[2023-02-04 04:44:04] [Epoch   249/  500] trn/loss 8.807e-02, trn/lr 1.514e-02, val/acc 6.716e-01, val/nll 1.680e+00
[2023-02-04 04:44:17] [Epoch   250/  500] trn/loss 9.392e-02, trn/lr 1.505e-02, val/acc 6.710e-01, val/nll 1.703e+00
[2023-02-04 04:44:31] [Epoch   251/  500] trn/loss 9.872e-02, trn/lr 1.495e-02, val/acc 6.688e-01, val/nll 1.668e+00
[2023-02-04 04:44:45] [Epoch   252/  500] trn/loss 1.014e-01, trn/lr 1.486e-02, val/acc 6.812e-01, val/nll 1.669e+00 (best_acc: 6.780e-01 -> 6.812e-01, test_acc: 6.759e-01, test_nll: 1.694e+00)
[2023-02-04 04:44:59] [Epoch   253/  500] trn/loss 9.987e-02, trn/lr 1.476e-02, val/acc 6.606e-01, val/nll 1.840e+00
[2023-02-04 04:45:12] [Epoch   254/  500] trn/loss 9.807e-02, trn/lr 1.467e-02, val/acc 6.784e-01, val/nll 1.683e+00
[2023-02-04 04:45:26] [Epoch   255/  500] trn/loss 9.108e-02, trn/lr 1.458e-02, val/acc 6.701e-01, val/nll 1.742e+00
[2023-02-04 04:45:39] [Epoch   256/  500] trn/loss 9.929e-02, trn/lr 1.448e-02, val/acc 6.711e-01, val/nll 1.742e+00
[2023-02-04 04:45:52] [Epoch   257/  500] trn/loss 1.041e-01, trn/lr 1.439e-02, val/acc 6.648e-01, val/nll 1.768e+00
[2023-02-04 04:46:06] [Epoch   258/  500] trn/loss 1.075e-01, trn/lr 1.429e-02, val/acc 6.601e-01, val/nll 1.801e+00
[2023-02-04 04:46:19] [Epoch   259/  500] trn/loss 1.072e-01, trn/lr 1.420e-02, val/acc 6.726e-01, val/nll 1.700e+00
[2023-02-04 04:46:33] [Epoch   260/  500] trn/loss 1.040e-01, trn/lr 1.411e-02, val/acc 6.726e-01, val/nll 1.683e+00
[2023-02-04 04:46:46] [Epoch   261/  500] trn/loss 1.086e-01, trn/lr 1.401e-02, val/acc 6.674e-01, val/nll 1.763e+00
[2023-02-04 04:46:59] [Epoch   262/  500] trn/loss 9.933e-02, trn/lr 1.392e-02, val/acc 6.627e-01, val/nll 1.810e+00
[2023-02-04 04:47:13] [Epoch   263/  500] trn/loss 1.010e-01, trn/lr 1.382e-02, val/acc 6.648e-01, val/nll 1.760e+00
[2023-02-04 04:47:26] [Epoch   264/  500] trn/loss 9.650e-02, trn/lr 1.373e-02, val/acc 6.644e-01, val/nll 1.740e+00
[2023-02-04 04:47:40] [Epoch   265/  500] trn/loss 8.920e-02, trn/lr 1.364e-02, val/acc 6.758e-01, val/nll 1.667e+00
[2023-02-04 04:47:53] [Epoch   266/  500] trn/loss 8.424e-02, trn/lr 1.354e-02, val/acc 6.780e-01, val/nll 1.671e+00
[2023-02-04 04:48:08] [Epoch   267/  500] trn/loss 8.091e-02, trn/lr 1.345e-02, val/acc 6.852e-01, val/nll 1.656e+00 (best_acc: 6.812e-01 -> 6.852e-01, test_acc: 6.833e-01, test_nll: 1.673e+00)
[2023-02-04 04:48:21] [Epoch   268/  500] trn/loss 7.378e-02, trn/lr 1.335e-02, val/acc 6.843e-01, val/nll 1.648e+00
[2023-02-04 04:48:36] [Epoch   269/  500] trn/loss 6.721e-02, trn/lr 1.326e-02, val/acc 6.869e-01, val/nll 1.607e+00 (best_acc: 6.852e-01 -> 6.869e-01, test_acc: 6.816e-01, test_nll: 1.665e+00)
[2023-02-04 04:48:49] [Epoch   270/  500] trn/loss 6.791e-02, trn/lr 1.317e-02, val/acc 6.812e-01, val/nll 1.635e+00
[2023-02-04 04:49:03] [Epoch   271/  500] trn/loss 6.633e-02, trn/lr 1.307e-02, val/acc 6.773e-01, val/nll 1.679e+00
[2023-02-04 04:49:16] [Epoch   272/  500] trn/loss 6.253e-02, trn/lr 1.298e-02, val/acc 6.761e-01, val/nll 1.684e+00
[2023-02-04 04:49:29] [Epoch   273/  500] trn/loss 5.958e-02, trn/lr 1.289e-02, val/acc 6.852e-01, val/nll 1.618e+00
[2023-02-04 04:49:44] [Epoch   274/  500] trn/loss 5.350e-02, trn/lr 1.279e-02, val/acc 6.912e-01, val/nll 1.614e+00 (best_acc: 6.869e-01 -> 6.912e-01, test_acc: 6.890e-01, test_nll: 1.627e+00)
[2023-02-04 04:49:57] [Epoch   275/  500] trn/loss 4.966e-02, trn/lr 1.270e-02, val/acc 6.863e-01, val/nll 1.626e+00
[2023-02-04 04:50:11] [Epoch   276/  500] trn/loss 5.112e-02, trn/lr 1.261e-02, val/acc 6.876e-01, val/nll 1.634e+00
[2023-02-04 04:50:24] [Epoch   277/  500] trn/loss 5.100e-02, trn/lr 1.251e-02, val/acc 6.896e-01, val/nll 1.555e+00
[2023-02-04 04:50:38] [Epoch   278/  500] trn/loss 5.502e-02, trn/lr 1.242e-02, val/acc 6.847e-01, val/nll 1.650e+00
[2023-02-04 04:50:51] [Epoch   279/  500] trn/loss 5.073e-02, trn/lr 1.233e-02, val/acc 6.903e-01, val/nll 1.589e+00
[2023-02-04 04:51:04] [Epoch   280/  500] trn/loss 4.828e-02, trn/lr 1.224e-02, val/acc 6.884e-01, val/nll 1.601e+00
[2023-02-04 04:51:18] [Epoch   281/  500] trn/loss 4.900e-02, trn/lr 1.214e-02, val/acc 6.893e-01, val/nll 1.614e+00
[2023-02-04 04:51:31] [Epoch   282/  500] trn/loss 5.547e-02, trn/lr 1.205e-02, val/acc 6.864e-01, val/nll 1.633e+00
[2023-02-04 04:51:45] [Epoch   283/  500] trn/loss 5.565e-02, trn/lr 1.196e-02, val/acc 6.853e-01, val/nll 1.567e+00
[2023-02-04 04:51:58] [Epoch   284/  500] trn/loss 5.094e-02, trn/lr 1.187e-02, val/acc 6.875e-01, val/nll 1.627e+00
[2023-02-04 04:52:11] [Epoch   285/  500] trn/loss 5.099e-02, trn/lr 1.177e-02, val/acc 6.865e-01, val/nll 1.645e+00
[2023-02-04 04:52:25] [Epoch   286/  500] trn/loss 5.664e-02, trn/lr 1.168e-02, val/acc 6.788e-01, val/nll 1.640e+00
[2023-02-04 04:52:38] [Epoch   287/  500] trn/loss 6.743e-02, trn/lr 1.159e-02, val/acc 6.723e-01, val/nll 1.672e+00
[2023-02-04 04:52:52] [Epoch   288/  500] trn/loss 7.074e-02, trn/lr 1.150e-02, val/acc 6.736e-01, val/nll 1.694e+00
[2023-02-04 04:53:05] [Epoch   289/  500] trn/loss 7.321e-02, trn/lr 1.141e-02, val/acc 6.821e-01, val/nll 1.612e+00
[2023-02-04 04:53:18] [Epoch   290/  500] trn/loss 8.101e-02, trn/lr 1.132e-02, val/acc 6.660e-01, val/nll 1.732e+00
[2023-02-04 04:53:32] [Epoch   291/  500] trn/loss 8.991e-02, trn/lr 1.122e-02, val/acc 6.675e-01, val/nll 1.742e+00
[2023-02-04 04:53:45] [Epoch   292/  500] trn/loss 8.556e-02, trn/lr 1.113e-02, val/acc 6.701e-01, val/nll 1.702e+00
[2023-02-04 04:53:59] [Epoch   293/  500] trn/loss 8.967e-02, trn/lr 1.104e-02, val/acc 6.707e-01, val/nll 1.779e+00
[2023-02-04 04:54:12] [Epoch   294/  500] trn/loss 8.804e-02, trn/lr 1.095e-02, val/acc 6.731e-01, val/nll 1.706e+00
[2023-02-04 04:54:25] [Epoch   295/  500] trn/loss 8.609e-02, trn/lr 1.086e-02, val/acc 6.588e-01, val/nll 1.772e+00
[2023-02-04 04:54:39] [Epoch   296/  500] trn/loss 8.343e-02, trn/lr 1.077e-02, val/acc 6.731e-01, val/nll 1.723e+00
[2023-02-04 04:54:52] [Epoch   297/  500] trn/loss 7.833e-02, trn/lr 1.068e-02, val/acc 6.716e-01, val/nll 1.660e+00
[2023-02-04 04:55:06] [Epoch   298/  500] trn/loss 7.111e-02, trn/lr 1.059e-02, val/acc 6.677e-01, val/nll 1.729e+00
[2023-02-04 04:55:19] [Epoch   299/  500] trn/loss 6.752e-02, trn/lr 1.050e-02, val/acc 6.802e-01, val/nll 1.650e+00
[2023-02-04 04:55:32] [Epoch   300/  500] trn/loss 6.635e-02, trn/lr 1.041e-02, val/acc 6.690e-01, val/nll 1.717e+00
[2023-02-04 04:55:46] [Epoch   301/  500] trn/loss 6.510e-02, trn/lr 1.032e-02, val/acc 6.862e-01, val/nll 1.611e+00
[2023-02-04 04:55:59] [Epoch   302/  500] trn/loss 5.763e-02, trn/lr 1.023e-02, val/acc 6.866e-01, val/nll 1.619e+00
[2023-02-04 04:56:14] [Epoch   303/  500] trn/loss 4.860e-02, trn/lr 1.014e-02, val/acc 6.919e-01, val/nll 1.585e+00 (best_acc: 6.912e-01 -> 6.919e-01, test_acc: 6.954e-01, test_nll: 1.580e+00)
[2023-02-04 04:56:27] [Epoch   304/  500] trn/loss 4.341e-02, trn/lr 1.005e-02, val/acc 6.861e-01, val/nll 1.643e+00
[2023-02-04 04:56:42] [Epoch   305/  500] trn/loss 4.141e-02, trn/lr 9.964e-03, val/acc 6.971e-01, val/nll 1.559e+00 (best_acc: 6.919e-01 -> 6.971e-01, test_acc: 6.980e-01, test_nll: 1.562e+00)
[2023-02-04 04:56:56] [Epoch   306/  500] trn/loss 3.805e-02, trn/lr 9.875e-03, val/acc 6.948e-01, val/nll 1.602e+00
[2023-02-04 04:57:10] [Epoch   307/  500] trn/loss 3.281e-02, trn/lr 9.786e-03, val/acc 6.997e-01, val/nll 1.541e+00 (best_acc: 6.971e-01 -> 6.997e-01, test_acc: 7.047e-01, test_nll: 1.561e+00)
[2023-02-04 04:57:25] [Epoch   308/  500] trn/loss 2.717e-02, trn/lr 9.698e-03, val/acc 7.007e-01, val/nll 1.530e+00 (best_acc: 6.997e-01 -> 7.007e-01, test_acc: 7.061e-01, test_nll: 1.526e+00)
[2023-02-04 04:57:40] [Epoch   309/  500] trn/loss 2.176e-02, trn/lr 9.610e-03, val/acc 7.022e-01, val/nll 1.524e+00 (best_acc: 7.007e-01 -> 7.022e-01, test_acc: 7.027e-01, test_nll: 1.540e+00)
[2023-02-04 04:57:54] [Epoch   310/  500] trn/loss 1.769e-02, trn/lr 9.522e-03, val/acc 7.086e-01, val/nll 1.461e+00 (best_acc: 7.022e-01 -> 7.086e-01, test_acc: 7.104e-01, test_nll: 1.497e+00)
[2023-02-04 04:58:09] [Epoch   311/  500] trn/loss 1.463e-02, trn/lr 9.435e-03, val/acc 7.116e-01, val/nll 1.482e+00 (best_acc: 7.086e-01 -> 7.116e-01, test_acc: 7.139e-01, test_nll: 1.471e+00)
[2023-02-04 04:58:24] [Epoch   312/  500] trn/loss 1.253e-02, trn/lr 9.347e-03, val/acc 7.127e-01, val/nll 1.431e+00 (best_acc: 7.116e-01 -> 7.127e-01, test_acc: 7.168e-01, test_nll: 1.444e+00)
[2023-02-04 04:58:38] [Epoch   313/  500] trn/loss 1.052e-02, trn/lr 9.260e-03, val/acc 7.194e-01, val/nll 1.413e+00 (best_acc: 7.127e-01 -> 7.194e-01, test_acc: 7.188e-01, test_nll: 1.440e+00)
[2023-02-04 04:58:53] [Epoch   314/  500] trn/loss 8.970e-03, trn/lr 9.173e-03, val/acc 7.201e-01, val/nll 1.411e+00 (best_acc: 7.194e-01 -> 7.201e-01, test_acc: 7.135e-01, test_nll: 1.426e+00)
[2023-02-04 04:59:08] [Epoch   315/  500] trn/loss 7.250e-03, trn/lr 9.086e-03, val/acc 7.237e-01, val/nll 1.356e+00 (best_acc: 7.201e-01 -> 7.237e-01, test_acc: 7.245e-01, test_nll: 1.360e+00)
[2023-02-04 04:59:21] [Epoch   316/  500] trn/loss 6.966e-03, trn/lr 9.000e-03, val/acc 7.222e-01, val/nll 1.349e+00
[2023-02-04 04:59:36] [Epoch   317/  500] trn/loss 6.790e-03, trn/lr 8.914e-03, val/acc 7.248e-01, val/nll 1.327e+00 (best_acc: 7.237e-01 -> 7.248e-01, test_acc: 7.246e-01, test_nll: 1.322e+00)
[2023-02-04 04:59:49] [Epoch   318/  500] trn/loss 6.684e-03, trn/lr 8.828e-03, val/acc 7.241e-01, val/nll 1.338e+00
[2023-02-04 05:00:04] [Epoch   319/  500] trn/loss 5.709e-03, trn/lr 8.742e-03, val/acc 7.273e-01, val/nll 1.293e+00 (best_acc: 7.248e-01 -> 7.273e-01, test_acc: 7.269e-01, test_nll: 1.285e+00)
[2023-02-04 05:00:19] [Epoch   320/  500] trn/loss 4.822e-03, trn/lr 8.656e-03, val/acc 7.293e-01, val/nll 1.270e+00 (best_acc: 7.273e-01 -> 7.293e-01, test_acc: 7.285e-01, test_nll: 1.271e+00)
[2023-02-04 05:00:33] [Epoch   321/  500] trn/loss 4.509e-03, trn/lr 8.571e-03, val/acc 7.329e-01, val/nll 1.250e+00 (best_acc: 7.293e-01 -> 7.329e-01, test_acc: 7.311e-01, test_nll: 1.251e+00)
[2023-02-04 05:00:48] [Epoch   322/  500] trn/loss 4.116e-03, trn/lr 8.486e-03, val/acc 7.348e-01, val/nll 1.237e+00 (best_acc: 7.329e-01 -> 7.348e-01, test_acc: 7.341e-01, test_nll: 1.236e+00)
[2023-02-04 05:01:02] [Epoch   323/  500] trn/loss 3.595e-03, trn/lr 8.401e-03, val/acc 7.350e-01, val/nll 1.222e+00 (best_acc: 7.348e-01 -> 7.350e-01, test_acc: 7.346e-01, test_nll: 1.220e+00)
[2023-02-04 05:01:16] [Epoch   324/  500] trn/loss 3.392e-03, trn/lr 8.317e-03, val/acc 7.342e-01, val/nll 1.204e+00
[2023-02-04 05:01:31] [Epoch   325/  500] trn/loss 3.111e-03, trn/lr 8.232e-03, val/acc 7.412e-01, val/nll 1.183e+00 (best_acc: 7.350e-01 -> 7.412e-01, test_acc: 7.362e-01, test_nll: 1.186e+00)
[2023-02-04 05:01:44] [Epoch   326/  500] trn/loss 3.147e-03, trn/lr 8.148e-03, val/acc 7.393e-01, val/nll 1.173e+00
[2023-02-04 05:01:57] [Epoch   327/  500] trn/loss 3.629e-03, trn/lr 8.065e-03, val/acc 7.377e-01, val/nll 1.171e+00
[2023-02-04 05:02:11] [Epoch   328/  500] trn/loss 3.415e-03, trn/lr 7.981e-03, val/acc 7.396e-01, val/nll 1.154e+00
[2023-02-04 05:02:25] [Epoch   329/  500] trn/loss 3.439e-03, trn/lr 7.898e-03, val/acc 7.426e-01, val/nll 1.148e+00 (best_acc: 7.412e-01 -> 7.426e-01, test_acc: 7.398e-01, test_nll: 1.154e+00)
[2023-02-04 05:02:39] [Epoch   330/  500] trn/loss 3.587e-03, trn/lr 7.815e-03, val/acc 7.408e-01, val/nll 1.143e+00
[2023-02-04 05:02:53] [Epoch   331/  500] trn/loss 3.363e-03, trn/lr 7.733e-03, val/acc 7.433e-01, val/nll 1.132e+00 (best_acc: 7.426e-01 -> 7.433e-01, test_acc: 7.388e-01, test_nll: 1.133e+00)
[2023-02-04 05:03:07] [Epoch   332/  500] trn/loss 3.575e-03, trn/lr 7.650e-03, val/acc 7.415e-01, val/nll 1.125e+00
[2023-02-04 05:03:20] [Epoch   333/  500] trn/loss 3.536e-03, trn/lr 7.568e-03, val/acc 7.398e-01, val/nll 1.126e+00
[2023-02-04 05:03:34] [Epoch   334/  500] trn/loss 3.623e-03, trn/lr 7.487e-03, val/acc 7.416e-01, val/nll 1.119e+00
[2023-02-04 05:03:47] [Epoch   335/  500] trn/loss 3.829e-03, trn/lr 7.405e-03, val/acc 7.409e-01, val/nll 1.112e+00
[2023-02-04 05:04:00] [Epoch   336/  500] trn/loss 3.687e-03, trn/lr 7.324e-03, val/acc 7.408e-01, val/nll 1.105e+00
[2023-02-04 05:04:14] [Epoch   337/  500] trn/loss 3.633e-03, trn/lr 7.243e-03, val/acc 7.413e-01, val/nll 1.112e+00
[2023-02-04 05:04:27] [Epoch   338/  500] trn/loss 3.876e-03, trn/lr 7.163e-03, val/acc 7.423e-01, val/nll 1.108e+00
[2023-02-04 05:04:41] [Epoch   339/  500] trn/loss 4.094e-03, trn/lr 7.083e-03, val/acc 7.406e-01, val/nll 1.102e+00
[2023-02-04 05:04:54] [Epoch   340/  500] trn/loss 3.720e-03, trn/lr 7.003e-03, val/acc 7.404e-01, val/nll 1.103e+00
[2023-02-04 05:05:09] [Epoch   341/  500] trn/loss 3.969e-03, trn/lr 6.923e-03, val/acc 7.434e-01, val/nll 1.093e+00 (best_acc: 7.433e-01 -> 7.434e-01, test_acc: 7.426e-01, test_nll: 1.095e+00)
[2023-02-04 05:05:22] [Epoch   342/  500] trn/loss 3.885e-03, trn/lr 6.844e-03, val/acc 7.430e-01, val/nll 1.092e+00
[2023-02-04 05:05:36] [Epoch   343/  500] trn/loss 3.779e-03, trn/lr 6.765e-03, val/acc 7.418e-01, val/nll 1.097e+00
[2023-02-04 05:05:49] [Epoch   344/  500] trn/loss 3.637e-03, trn/lr 6.686e-03, val/acc 7.421e-01, val/nll 1.092e+00
[2023-02-04 05:06:02] [Epoch   345/  500] trn/loss 3.755e-03, trn/lr 6.608e-03, val/acc 7.412e-01, val/nll 1.095e+00
[2023-02-04 05:06:16] [Epoch   346/  500] trn/loss 4.187e-03, trn/lr 6.530e-03, val/acc 7.404e-01, val/nll 1.094e+00
[2023-02-04 05:06:29] [Epoch   347/  500] trn/loss 4.687e-03, trn/lr 6.452e-03, val/acc 7.417e-01, val/nll 1.096e+00
[2023-02-04 05:06:43] [Epoch   348/  500] trn/loss 4.092e-03, trn/lr 6.375e-03, val/acc 7.412e-01, val/nll 1.095e+00
[2023-02-04 05:06:56] [Epoch   349/  500] trn/loss 3.953e-03, trn/lr 6.298e-03, val/acc 7.414e-01, val/nll 1.106e+00
[2023-02-04 05:07:09] [Epoch   350/  500] trn/loss 3.853e-03, trn/lr 6.222e-03, val/acc 7.428e-01, val/nll 1.095e+00
[2023-02-04 05:07:23] [Epoch   351/  500] trn/loss 3.750e-03, trn/lr 6.145e-03, val/acc 7.418e-01, val/nll 1.093e+00
[2023-02-04 05:07:36] [Epoch   352/  500] trn/loss 3.954e-03, trn/lr 6.069e-03, val/acc 7.424e-01, val/nll 1.088e+00
[2023-02-04 05:07:50] [Epoch   353/  500] trn/loss 3.812e-03, trn/lr 5.994e-03, val/acc 7.428e-01, val/nll 1.092e+00
[2023-02-04 05:08:03] [Epoch   354/  500] trn/loss 3.752e-03, trn/lr 5.919e-03, val/acc 7.381e-01, val/nll 1.095e+00
[2023-02-04 05:08:16] [Epoch   355/  500] trn/loss 3.878e-03, trn/lr 5.844e-03, val/acc 7.417e-01, val/nll 1.089e+00
[2023-02-04 05:08:30] [Epoch   356/  500] trn/loss 3.738e-03, trn/lr 5.769e-03, val/acc 7.389e-01, val/nll 1.090e+00
[2023-02-04 05:08:43] [Epoch   357/  500] trn/loss 3.903e-03, trn/lr 5.695e-03, val/acc 7.430e-01, val/nll 1.088e+00
[2023-02-04 05:08:57] [Epoch   358/  500] trn/loss 4.114e-03, trn/lr 5.622e-03, val/acc 7.396e-01, val/nll 1.094e+00
[2023-02-04 05:09:10] [Epoch   359/  500] trn/loss 4.312e-03, trn/lr 5.548e-03, val/acc 7.375e-01, val/nll 1.101e+00
[2023-02-04 05:09:24] [Epoch   360/  500] trn/loss 4.614e-03, trn/lr 5.475e-03, val/acc 7.398e-01, val/nll 1.096e+00
[2023-02-04 05:09:37] [Epoch   361/  500] trn/loss 4.205e-03, trn/lr 5.403e-03, val/acc 7.376e-01, val/nll 1.100e+00
[2023-02-04 05:09:50] [Epoch   362/  500] trn/loss 4.083e-03, trn/lr 5.330e-03, val/acc 7.382e-01, val/nll 1.104e+00
[2023-02-04 05:10:04] [Epoch   363/  500] trn/loss 3.863e-03, trn/lr 5.259e-03, val/acc 7.416e-01, val/nll 1.101e+00
[2023-02-04 05:10:17] [Epoch   364/  500] trn/loss 3.830e-03, trn/lr 5.187e-03, val/acc 7.409e-01, val/nll 1.106e+00
[2023-02-04 05:10:31] [Epoch   365/  500] trn/loss 3.740e-03, trn/lr 5.116e-03, val/acc 7.418e-01, val/nll 1.101e+00
[2023-02-04 05:10:44] [Epoch   366/  500] trn/loss 3.736e-03, trn/lr 5.045e-03, val/acc 7.415e-01, val/nll 1.105e+00
[2023-02-04 05:10:57] [Epoch   367/  500] trn/loss 3.668e-03, trn/lr 4.975e-03, val/acc 7.404e-01, val/nll 1.094e+00
[2023-02-04 05:11:11] [Epoch   368/  500] trn/loss 3.858e-03, trn/lr 4.905e-03, val/acc 7.400e-01, val/nll 1.104e+00
[2023-02-04 05:11:24] [Epoch   369/  500] trn/loss 3.752e-03, trn/lr 4.836e-03, val/acc 7.387e-01, val/nll 1.097e+00
[2023-02-04 05:11:38] [Epoch   370/  500] trn/loss 3.350e-03, trn/lr 4.766e-03, val/acc 7.430e-01, val/nll 1.094e+00
[2023-02-04 05:11:51] [Epoch   371/  500] trn/loss 3.393e-03, trn/lr 4.698e-03, val/acc 7.412e-01, val/nll 1.096e+00
[2023-02-04 05:12:04] [Epoch   372/  500] trn/loss 3.417e-03, trn/lr 4.629e-03, val/acc 7.420e-01, val/nll 1.096e+00
[2023-02-04 05:12:18] [Epoch   373/  500] trn/loss 3.376e-03, trn/lr 4.562e-03, val/acc 7.392e-01, val/nll 1.102e+00
[2023-02-04 05:12:31] [Epoch   374/  500] trn/loss 3.554e-03, trn/lr 4.494e-03, val/acc 7.407e-01, val/nll 1.100e+00
[2023-02-04 05:12:45] [Epoch   375/  500] trn/loss 3.376e-03, trn/lr 4.427e-03, val/acc 7.394e-01, val/nll 1.110e+00
[2023-02-04 05:12:58] [Epoch   376/  500] trn/loss 3.544e-03, trn/lr 4.360e-03, val/acc 7.388e-01, val/nll 1.108e+00
[2023-02-04 05:13:11] [Epoch   377/  500] trn/loss 3.640e-03, trn/lr 4.294e-03, val/acc 7.364e-01, val/nll 1.103e+00
[2023-02-04 05:13:25] [Epoch   378/  500] trn/loss 3.754e-03, trn/lr 4.228e-03, val/acc 7.383e-01, val/nll 1.113e+00
[2023-02-04 05:13:38] [Epoch   379/  500] trn/loss 3.477e-03, trn/lr 4.163e-03, val/acc 7.390e-01, val/nll 1.103e+00
[2023-02-04 05:13:52] [Epoch   380/  500] trn/loss 3.391e-03, trn/lr 4.098e-03, val/acc 7.399e-01, val/nll 1.104e+00
[2023-02-04 05:14:05] [Epoch   381/  500] trn/loss 3.423e-03, trn/lr 4.033e-03, val/acc 7.365e-01, val/nll 1.119e+00
[2023-02-04 05:14:18] [Epoch   382/  500] trn/loss 3.394e-03, trn/lr 3.969e-03, val/acc 7.408e-01, val/nll 1.109e+00
[2023-02-04 05:14:32] [Epoch   383/  500] trn/loss 3.452e-03, trn/lr 3.906e-03, val/acc 7.374e-01, val/nll 1.116e+00
[2023-02-04 05:14:45] [Epoch   384/  500] trn/loss 3.418e-03, trn/lr 3.843e-03, val/acc 7.392e-01, val/nll 1.107e+00
[2023-02-04 05:14:59] [Epoch   385/  500] trn/loss 3.312e-03, trn/lr 3.780e-03, val/acc 7.424e-01, val/nll 1.105e+00
[2023-02-04 05:15:12] [Epoch   386/  500] trn/loss 3.078e-03, trn/lr 3.717e-03, val/acc 7.390e-01, val/nll 1.110e+00
[2023-02-04 05:15:25] [Epoch   387/  500] trn/loss 3.077e-03, trn/lr 3.656e-03, val/acc 7.390e-01, val/nll 1.111e+00
[2023-02-04 05:15:39] [Epoch   388/  500] trn/loss 3.063e-03, trn/lr 3.594e-03, val/acc 7.392e-01, val/nll 1.117e+00
[2023-02-04 05:15:52] [Epoch   389/  500] trn/loss 3.014e-03, trn/lr 3.533e-03, val/acc 7.386e-01, val/nll 1.111e+00
[2023-02-04 05:16:06] [Epoch   390/  500] trn/loss 2.934e-03, trn/lr 3.473e-03, val/acc 7.393e-01, val/nll 1.102e+00
[2023-02-04 05:16:19] [Epoch   391/  500] trn/loss 2.865e-03, trn/lr 3.413e-03, val/acc 7.386e-01, val/nll 1.111e+00
[2023-02-04 05:16:32] [Epoch   392/  500] trn/loss 2.927e-03, trn/lr 3.353e-03, val/acc 7.409e-01, val/nll 1.107e+00
[2023-02-04 05:16:46] [Epoch   393/  500] trn/loss 3.018e-03, trn/lr 3.294e-03, val/acc 7.384e-01, val/nll 1.112e+00
[2023-02-04 05:16:59] [Epoch   394/  500] trn/loss 2.909e-03, trn/lr 3.235e-03, val/acc 7.406e-01, val/nll 1.115e+00
[2023-02-04 05:17:12] [Epoch   395/  500] trn/loss 3.075e-03, trn/lr 3.177e-03, val/acc 7.373e-01, val/nll 1.117e+00
[2023-02-04 05:17:26] [Epoch   396/  500] trn/loss 3.044e-03, trn/lr 3.119e-03, val/acc 7.398e-01, val/nll 1.114e+00
[2023-02-04 05:17:39] [Epoch   397/  500] trn/loss 2.909e-03, trn/lr 3.062e-03, val/acc 7.358e-01, val/nll 1.117e+00
[2023-02-04 05:17:53] [Epoch   398/  500] trn/loss 2.908e-03, trn/lr 3.005e-03, val/acc 7.361e-01, val/nll 1.113e+00
[2023-02-04 05:18:06] [Epoch   399/  500] trn/loss 2.940e-03, trn/lr 2.949e-03, val/acc 7.379e-01, val/nll 1.118e+00
[2023-02-04 05:18:19] [Epoch   400/  500] trn/loss 2.884e-03, trn/lr 2.893e-03, val/acc 7.387e-01, val/nll 1.121e+00
[2023-02-04 05:18:33] [Epoch   401/  500] trn/loss 2.940e-03, trn/lr 2.837e-03, val/acc 7.344e-01, val/nll 1.114e+00
[2023-02-04 05:18:46] [Epoch   402/  500] trn/loss 2.905e-03, trn/lr 2.782e-03, val/acc 7.365e-01, val/nll 1.123e+00
[2023-02-04 05:19:00] [Epoch   403/  500] trn/loss 2.936e-03, trn/lr 2.728e-03, val/acc 7.364e-01, val/nll 1.131e+00
[2023-02-04 05:19:13] [Epoch   404/  500] trn/loss 3.429e-03, trn/lr 2.674e-03, val/acc 7.320e-01, val/nll 1.140e+00
[2023-02-04 05:19:26] [Epoch   405/  500] trn/loss 3.531e-03, trn/lr 2.621e-03, val/acc 7.340e-01, val/nll 1.127e+00
[2023-02-04 05:19:40] [Epoch   406/  500] trn/loss 3.822e-03, trn/lr 2.568e-03, val/acc 7.387e-01, val/nll 1.120e+00
[2023-02-04 05:19:53] [Epoch   407/  500] trn/loss 3.413e-03, trn/lr 2.515e-03, val/acc 7.367e-01, val/nll 1.126e+00
[2023-02-04 05:20:07] [Epoch   408/  500] trn/loss 3.165e-03, trn/lr 2.463e-03, val/acc 7.363e-01, val/nll 1.125e+00
[2023-02-04 05:20:20] [Epoch   409/  500] trn/loss 3.039e-03, trn/lr 2.412e-03, val/acc 7.361e-01, val/nll 1.122e+00
[2023-02-04 05:20:34] [Epoch   410/  500] trn/loss 3.090e-03, trn/lr 2.361e-03, val/acc 7.352e-01, val/nll 1.135e+00
[2023-02-04 05:20:47] [Epoch   411/  500] trn/loss 2.962e-03, trn/lr 2.310e-03, val/acc 7.376e-01, val/nll 1.126e+00
[2023-02-04 05:21:00] [Epoch   412/  500] trn/loss 3.009e-03, trn/lr 2.260e-03, val/acc 7.360e-01, val/nll 1.125e+00
[2023-02-04 05:21:14] [Epoch   413/  500] trn/loss 2.846e-03, trn/lr 2.211e-03, val/acc 7.351e-01, val/nll 1.126e+00
[2023-02-04 05:21:27] [Epoch   414/  500] trn/loss 2.858e-03, trn/lr 2.162e-03, val/acc 7.364e-01, val/nll 1.124e+00
[2023-02-04 05:21:40] [Epoch   415/  500] trn/loss 2.889e-03, trn/lr 2.113e-03, val/acc 7.369e-01, val/nll 1.123e+00
[2023-02-04 05:21:54] [Epoch   416/  500] trn/loss 2.605e-03, trn/lr 2.065e-03, val/acc 7.382e-01, val/nll 1.123e+00
[2023-02-04 05:22:07] [Epoch   417/  500] trn/loss 2.574e-03, trn/lr 2.018e-03, val/acc 7.362e-01, val/nll 1.123e+00
[2023-02-04 05:22:21] [Epoch   418/  500] trn/loss 2.618e-03, trn/lr 1.971e-03, val/acc 7.363e-01, val/nll 1.126e+00
[2023-02-04 05:22:34] [Epoch   419/  500] trn/loss 2.574e-03, trn/lr 1.924e-03, val/acc 7.382e-01, val/nll 1.128e+00
[2023-02-04 05:22:47] [Epoch   420/  500] trn/loss 2.563e-03, trn/lr 1.878e-03, val/acc 7.368e-01, val/nll 1.123e+00
[2023-02-04 05:23:01] [Epoch   421/  500] trn/loss 2.516e-03, trn/lr 1.833e-03, val/acc 7.371e-01, val/nll 1.126e+00
[2023-02-04 05:23:14] [Epoch   422/  500] trn/loss 2.604e-03, trn/lr 1.788e-03, val/acc 7.361e-01, val/nll 1.128e+00
[2023-02-04 05:23:28] [Epoch   423/  500] trn/loss 2.532e-03, trn/lr 1.744e-03, val/acc 7.364e-01, val/nll 1.125e+00
[2023-02-04 05:23:41] [Epoch   424/  500] trn/loss 2.403e-03, trn/lr 1.700e-03, val/acc 7.374e-01, val/nll 1.125e+00
[2023-02-04 05:23:55] [Epoch   425/  500] trn/loss 2.423e-03, trn/lr 1.657e-03, val/acc 7.363e-01, val/nll 1.127e+00
[2023-02-04 05:24:08] [Epoch   426/  500] trn/loss 2.470e-03, trn/lr 1.614e-03, val/acc 7.369e-01, val/nll 1.129e+00
[2023-02-04 05:24:21] [Epoch   427/  500] trn/loss 2.436e-03, trn/lr 1.571e-03, val/acc 7.368e-01, val/nll 1.129e+00
[2023-02-04 05:24:35] [Epoch   428/  500] trn/loss 2.454e-03, trn/lr 1.530e-03, val/acc 7.379e-01, val/nll 1.128e+00
[2023-02-04 05:24:48] [Epoch   429/  500] trn/loss 2.381e-03, trn/lr 1.489e-03, val/acc 7.340e-01, val/nll 1.126e+00
[2023-02-04 05:25:02] [Epoch   430/  500] trn/loss 2.422e-03, trn/lr 1.448e-03, val/acc 7.367e-01, val/nll 1.132e+00
[2023-02-04 05:25:15] [Epoch   431/  500] trn/loss 2.409e-03, trn/lr 1.408e-03, val/acc 7.352e-01, val/nll 1.128e+00
[2023-02-04 05:25:28] [Epoch   432/  500] trn/loss 2.313e-03, trn/lr 1.368e-03, val/acc 7.347e-01, val/nll 1.130e+00
[2023-02-04 05:25:42] [Epoch   433/  500] trn/loss 2.305e-03, trn/lr 1.329e-03, val/acc 7.346e-01, val/nll 1.134e+00
[2023-02-04 05:25:55] [Epoch   434/  500] trn/loss 2.298e-03, trn/lr 1.291e-03, val/acc 7.332e-01, val/nll 1.132e+00
[2023-02-04 05:26:08] [Epoch   435/  500] trn/loss 2.348e-03, trn/lr 1.253e-03, val/acc 7.368e-01, val/nll 1.134e+00
[2023-02-04 05:26:22] [Epoch   436/  500] trn/loss 2.400e-03, trn/lr 1.215e-03, val/acc 7.366e-01, val/nll 1.128e+00
[2023-02-04 05:26:35] [Epoch   437/  500] trn/loss 2.351e-03, trn/lr 1.178e-03, val/acc 7.363e-01, val/nll 1.132e+00
[2023-02-04 05:26:49] [Epoch   438/  500] trn/loss 2.316e-03, trn/lr 1.142e-03, val/acc 7.351e-01, val/nll 1.135e+00
[2023-02-04 05:27:02] [Epoch   439/  500] trn/loss 2.311e-03, trn/lr 1.106e-03, val/acc 7.344e-01, val/nll 1.134e+00
[2023-02-04 05:27:15] [Epoch   440/  500] trn/loss 2.267e-03, trn/lr 1.071e-03, val/acc 7.357e-01, val/nll 1.130e+00
[2023-02-04 05:27:29] [Epoch   441/  500] trn/loss 2.285e-03, trn/lr 1.036e-03, val/acc 7.354e-01, val/nll 1.132e+00
[2023-02-04 05:27:42] [Epoch   442/  500] trn/loss 2.201e-03, trn/lr 1.002e-03, val/acc 7.376e-01, val/nll 1.134e+00
[2023-02-04 05:27:56] [Epoch   443/  500] trn/loss 2.300e-03, trn/lr 9.685e-04, val/acc 7.354e-01, val/nll 1.134e+00
[2023-02-04 05:28:09] [Epoch   444/  500] trn/loss 2.248e-03, trn/lr 9.354e-04, val/acc 7.362e-01, val/nll 1.134e+00
[2023-02-04 05:28:22] [Epoch   445/  500] trn/loss 2.276e-03, trn/lr 9.029e-04, val/acc 7.364e-01, val/nll 1.132e+00
[2023-02-04 05:28:36] [Epoch   446/  500] trn/loss 2.279e-03, trn/lr 8.710e-04, val/acc 7.365e-01, val/nll 1.131e+00
[2023-02-04 05:28:49] [Epoch   447/  500] trn/loss 2.281e-03, trn/lr 8.396e-04, val/acc 7.358e-01, val/nll 1.133e+00
[2023-02-04 05:29:03] [Epoch   448/  500] trn/loss 2.229e-03, trn/lr 8.088e-04, val/acc 7.348e-01, val/nll 1.134e+00
[2023-02-04 05:29:16] [Epoch   449/  500] trn/loss 2.321e-03, trn/lr 7.786e-04, val/acc 7.337e-01, val/nll 1.136e+00
[2023-02-04 05:29:29] [Epoch   450/  500] trn/loss 2.244e-03, trn/lr 7.489e-04, val/acc 7.372e-01, val/nll 1.136e+00
[2023-02-04 05:29:43] [Epoch   451/  500] trn/loss 2.292e-03, trn/lr 7.198e-04, val/acc 7.360e-01, val/nll 1.138e+00
[2023-02-04 05:29:56] [Epoch   452/  500] trn/loss 2.268e-03, trn/lr 6.912e-04, val/acc 7.365e-01, val/nll 1.137e+00
[2023-02-04 05:30:09] [Epoch   453/  500] trn/loss 2.243e-03, trn/lr 6.632e-04, val/acc 7.374e-01, val/nll 1.137e+00
[2023-02-04 05:30:23] [Epoch   454/  500] trn/loss 2.204e-03, trn/lr 6.358e-04, val/acc 7.367e-01, val/nll 1.136e+00
[2023-02-04 05:30:36] [Epoch   455/  500] trn/loss 2.203e-03, trn/lr 6.089e-04, val/acc 7.348e-01, val/nll 1.134e+00
[2023-02-04 05:30:50] [Epoch   456/  500] trn/loss 2.261e-03, trn/lr 5.826e-04, val/acc 7.373e-01, val/nll 1.138e+00
[2023-02-04 05:31:03] [Epoch   457/  500] trn/loss 2.262e-03, trn/lr 5.569e-04, val/acc 7.376e-01, val/nll 1.135e+00
[2023-02-04 05:31:16] [Epoch   458/  500] trn/loss 2.236e-03, trn/lr 5.317e-04, val/acc 7.367e-01, val/nll 1.135e+00
[2023-02-04 05:31:30] [Epoch   459/  500] trn/loss 2.194e-03, trn/lr 5.072e-04, val/acc 7.342e-01, val/nll 1.135e+00
[2023-02-04 05:31:43] [Epoch   460/  500] trn/loss 2.224e-03, trn/lr 4.831e-04, val/acc 7.347e-01, val/nll 1.136e+00
[2023-02-04 05:31:57] [Epoch   461/  500] trn/loss 2.160e-03, trn/lr 4.597e-04, val/acc 7.350e-01, val/nll 1.136e+00
[2023-02-04 05:32:10] [Epoch   462/  500] trn/loss 2.227e-03, trn/lr 4.368e-04, val/acc 7.351e-01, val/nll 1.138e+00
[2023-02-04 05:32:23] [Epoch   463/  500] trn/loss 2.197e-03, trn/lr 4.145e-04, val/acc 7.341e-01, val/nll 1.134e+00
[2023-02-04 05:32:37] [Epoch   464/  500] trn/loss 2.220e-03, trn/lr 3.928e-04, val/acc 7.336e-01, val/nll 1.133e+00
[2023-02-04 05:32:50] [Epoch   465/  500] trn/loss 2.210e-03, trn/lr 3.717e-04, val/acc 7.346e-01, val/nll 1.134e+00
[2023-02-04 05:33:04] [Epoch   466/  500] trn/loss 2.189e-03, trn/lr 3.511e-04, val/acc 7.353e-01, val/nll 1.134e+00
[2023-02-04 05:33:17] [Epoch   467/  500] trn/loss 2.198e-03, trn/lr 3.311e-04, val/acc 7.341e-01, val/nll 1.134e+00
[2023-02-04 05:33:30] [Epoch   468/  500] trn/loss 2.119e-03, trn/lr 3.117e-04, val/acc 7.358e-01, val/nll 1.135e+00
[2023-02-04 05:33:44] [Epoch   469/  500] trn/loss 2.158e-03, trn/lr 2.929e-04, val/acc 7.342e-01, val/nll 1.138e+00
[2023-02-04 05:33:57] [Epoch   470/  500] trn/loss 2.186e-03, trn/lr 2.747e-04, val/acc 7.358e-01, val/nll 1.135e+00
[2023-02-04 05:34:11] [Epoch   471/  500] trn/loss 2.176e-03, trn/lr 2.570e-04, val/acc 7.336e-01, val/nll 1.136e+00
[2023-02-04 05:34:24] [Epoch   472/  500] trn/loss 2.151e-03, trn/lr 2.399e-04, val/acc 7.361e-01, val/nll 1.135e+00
[2023-02-04 05:34:37] [Epoch   473/  500] trn/loss 2.144e-03, trn/lr 2.234e-04, val/acc 7.358e-01, val/nll 1.136e+00
[2023-02-04 05:34:51] [Epoch   474/  500] trn/loss 2.214e-03, trn/lr 2.075e-04, val/acc 7.361e-01, val/nll 1.135e+00
[2023-02-04 05:35:04] [Epoch   475/  500] trn/loss 2.124e-03, trn/lr 1.922e-04, val/acc 7.348e-01, val/nll 1.137e+00
[2023-02-04 05:35:18] [Epoch   476/  500] trn/loss 2.225e-03, trn/lr 1.774e-04, val/acc 7.350e-01, val/nll 1.136e+00
[2023-02-04 05:35:31] [Epoch   477/  500] trn/loss 2.114e-03, trn/lr 1.633e-04, val/acc 7.351e-01, val/nll 1.139e+00
[2023-02-04 05:35:44] [Epoch   478/  500] trn/loss 2.247e-03, trn/lr 1.497e-04, val/acc 7.351e-01, val/nll 1.138e+00
[2023-02-04 05:35:58] [Epoch   479/  500] trn/loss 2.181e-03, trn/lr 1.367e-04, val/acc 7.345e-01, val/nll 1.136e+00
[2023-02-04 05:36:11] [Epoch   480/  500] trn/loss 2.181e-03, trn/lr 1.243e-04, val/acc 7.354e-01, val/nll 1.134e+00
[2023-02-04 05:36:24] [Epoch   481/  500] trn/loss 2.211e-03, trn/lr 1.125e-04, val/acc 7.341e-01, val/nll 1.136e+00
[2023-02-04 05:36:38] [Epoch   482/  500] trn/loss 2.187e-03, trn/lr 1.013e-04, val/acc 7.345e-01, val/nll 1.137e+00
[2023-02-04 05:36:51] [Epoch   483/  500] trn/loss 2.114e-03, trn/lr 9.064e-05, val/acc 7.340e-01, val/nll 1.136e+00
[2023-02-04 05:37:05] [Epoch   484/  500] trn/loss 2.163e-03, trn/lr 8.059e-05, val/acc 7.358e-01, val/nll 1.135e+00
[2023-02-04 05:37:18] [Epoch   485/  500] trn/loss 2.141e-03, trn/lr 7.113e-05, val/acc 7.341e-01, val/nll 1.136e+00
[2023-02-04 05:37:31] [Epoch   486/  500] trn/loss 2.161e-03, trn/lr 6.226e-05, val/acc 7.348e-01, val/nll 1.137e+00
[2023-02-04 05:37:45] [Epoch   487/  500] trn/loss 2.165e-03, trn/lr 5.398e-05, val/acc 7.352e-01, val/nll 1.134e+00
[2023-02-04 05:37:58] [Epoch   488/  500] trn/loss 2.166e-03, trn/lr 4.629e-05, val/acc 7.342e-01, val/nll 1.136e+00
[2023-02-04 05:38:12] [Epoch   489/  500] trn/loss 2.150e-03, trn/lr 3.919e-05, val/acc 7.332e-01, val/nll 1.135e+00
[2023-02-04 05:38:25] [Epoch   490/  500] trn/loss 2.161e-03, trn/lr 3.268e-05, val/acc 7.357e-01, val/nll 1.137e+00
[2023-02-04 05:38:38] [Epoch   491/  500] trn/loss 2.155e-03, trn/lr 2.676e-05, val/acc 7.346e-01, val/nll 1.136e+00
[2023-02-04 05:38:52] [Epoch   492/  500] trn/loss 2.158e-03, trn/lr 2.143e-05, val/acc 7.360e-01, val/nll 1.136e+00
[2023-02-04 05:39:05] [Epoch   493/  500] trn/loss 2.176e-03, trn/lr 1.669e-05, val/acc 7.344e-01, val/nll 1.139e+00
[2023-02-04 05:39:19] [Epoch   494/  500] trn/loss 2.180e-03, trn/lr 1.254e-05, val/acc 7.342e-01, val/nll 1.138e+00
[2023-02-04 05:39:32] [Epoch   495/  500] trn/loss 2.100e-03, trn/lr 8.991e-06, val/acc 7.342e-01, val/nll 1.137e+00
[2023-02-04 05:39:45] [Epoch   496/  500] trn/loss 2.091e-03, trn/lr 6.028e-06, val/acc 7.345e-01, val/nll 1.135e+00
[2023-02-04 05:39:59] [Epoch   497/  500] trn/loss 2.140e-03, trn/lr 3.658e-06, val/acc 7.348e-01, val/nll 1.135e+00
[2023-02-04 05:40:12] [Epoch   498/  500] trn/loss 2.138e-03, trn/lr 1.880e-06, val/acc 7.348e-01, val/nll 1.138e+00
[2023-02-04 05:40:26] [Epoch   499/  500] trn/loss 2.194e-03, trn/lr 6.936e-07, val/acc 7.354e-01, val/nll 1.134e+00
[2023-02-04 05:40:39] [Epoch   500/  500] trn/loss 2.131e-03, trn/lr 9.964e-08, val/acc 7.350e-01, val/nll 1.135e+00
