[2023-04-07 02:43:17] Environments:
------------  --------------------------------------------------------------------------------
sys.platform  linux
Python        3.10.8 (main, Nov 24 2022, 14:13:03) [GCC 11.2.0]
JAX           0.4.1 @/mnt/home/giung/.conda/envs/jax-vessl/lib/python3.10/site-packages/jax
jaxlib        0.4.1 @/mnt/home/giung/.conda/envs/jax-vessl/lib/python3.10/site-packages/jaxlib
Flax          0.6.3 @/mnt/home/giung/.conda/envs/jax-vessl/lib/python3.10/site-packages/flax
Optax         0.1.4 @/mnt/home/giung/.conda/envs/jax-vessl/lib/python3.10/site-packages/optax
------------  --------------------------------------------------------------------------------

[2023-04-07 02:43:17] Command line arguments:
- args.data_root          : ./data/
- args.data_name          : CIFAR10_x32
- args.data_augmentation  : standard
- args.data_proportional  : 1.0
- args.model_name         : FlaxPreResNet
- args.model_depth        : 28
- args.model_width        : 10
- args.model_style        : BN-ReLU
- args.optim_bs           : 256
- args.optim_ne           : 200
- args.optim_lr           : 0.03
- args.optim_momentum     : 0.7
- args.optim_weight_decay : 0.0003
- args.save               : /mnt/home/giung/giung2-dev/projects/residual-networks/save/CIFAR10_x32/WRN28x10-BN-ReLU/bs-0256_ne-0200_lr-0.03_mo-0.70_wd-0.0003_fp32/42
- args.seed               : 42
- args.precision          : fp32

[2023-04-07 02:45:34] [Epoch     1/  200] trn/loss 1.753e+00, trn/lr 3.000e-02, val/acc 4.228e-01, val/nll 1.583e+00 (best_acc: 0.000e+00 -> 4.228e-01, test_acc: 4.172e-01, test_nll: 1.590e+00)
[2023-04-07 02:47:08] [Epoch     2/  200] trn/loss 1.412e+00, trn/lr 3.000e-02, val/acc 5.377e-01, val/nll 1.293e+00 (best_acc: 4.228e-01 -> 5.377e-01, test_acc: 5.287e-01, test_nll: 1.305e+00)
[2023-04-07 02:48:41] [Epoch     3/  200] trn/loss 1.221e+00, trn/lr 2.999e-02, val/acc 5.868e-01, val/nll 1.183e+00 (best_acc: 5.377e-01 -> 5.868e-01, test_acc: 5.815e-01, test_nll: 1.198e+00)
[2023-04-07 02:50:14] [Epoch     4/  200] trn/loss 1.068e+00, trn/lr 2.998e-02, val/acc 6.372e-01, val/nll 1.030e+00 (best_acc: 5.868e-01 -> 6.372e-01, test_acc: 6.326e-01, test_nll: 1.051e+00)
[2023-04-07 02:51:36] [Epoch     5/  200] trn/loss 9.607e-01, trn/lr 2.996e-02, val/acc 6.220e-01, val/nll 1.087e+00
[2023-04-07 02:53:20] [Epoch     6/  200] trn/loss 8.719e-01, trn/lr 2.994e-02, val/acc 6.488e-01, val/nll 1.009e+00 (best_acc: 6.372e-01 -> 6.488e-01, test_acc: 6.366e-01, test_nll: 1.025e+00)
[2023-04-07 02:54:54] [Epoch     7/  200] trn/loss 8.078e-01, trn/lr 2.992e-02, val/acc 7.045e-01, val/nll 8.331e-01 (best_acc: 6.488e-01 -> 7.045e-01, test_acc: 6.918e-01, test_nll: 8.655e-01)
[2023-04-07 02:56:16] [Epoch     8/  200] trn/loss 7.405e-01, trn/lr 2.990e-02, val/acc 6.893e-01, val/nll 9.444e-01
[2023-04-07 02:57:38] [Epoch     9/  200] trn/loss 6.864e-01, trn/lr 2.987e-02, val/acc 6.975e-01, val/nll 8.736e-01
[2023-04-07 02:59:12] [Epoch    10/  200] trn/loss 6.395e-01, trn/lr 2.983e-02, val/acc 7.480e-01, val/nll 7.398e-01 (best_acc: 7.045e-01 -> 7.480e-01, test_acc: 7.387e-01, test_nll: 7.720e-01)
[2023-04-07 03:00:45] [Epoch    11/  200] trn/loss 5.913e-01, trn/lr 2.980e-02, val/acc 7.502e-01, val/nll 7.358e-01 (best_acc: 7.480e-01 -> 7.502e-01, test_acc: 7.483e-01, test_nll: 7.517e-01)
[2023-04-07 03:02:07] [Epoch    12/  200] trn/loss 5.593e-01, trn/lr 2.976e-02, val/acc 7.250e-01, val/nll 8.971e-01
[2023-04-07 03:03:41] [Epoch    13/  200] trn/loss 5.192e-01, trn/lr 2.971e-02, val/acc 7.646e-01, val/nll 7.673e-01 (best_acc: 7.502e-01 -> 7.646e-01, test_acc: 7.642e-01, test_nll: 7.701e-01)
[2023-04-07 03:05:15] [Epoch    14/  200] trn/loss 4.893e-01, trn/lr 2.966e-02, val/acc 7.728e-01, val/nll 6.805e-01 (best_acc: 7.646e-01 -> 7.728e-01, test_acc: 7.722e-01, test_nll: 7.107e-01)
[2023-04-07 03:06:37] [Epoch    15/  200] trn/loss 4.543e-01, trn/lr 2.961e-02, val/acc 7.358e-01, val/nll 8.492e-01
[2023-04-07 03:08:10] [Epoch    16/  200] trn/loss 4.288e-01, trn/lr 2.956e-02, val/acc 8.063e-01, val/nll 6.097e-01 (best_acc: 7.728e-01 -> 8.063e-01, test_acc: 8.051e-01, test_nll: 6.165e-01)
[2023-04-07 03:09:32] [Epoch    17/  200] trn/loss 4.058e-01, trn/lr 2.950e-02, val/acc 7.878e-01, val/nll 7.167e-01
[2023-04-07 03:10:53] [Epoch    18/  200] trn/loss 3.841e-01, trn/lr 2.944e-02, val/acc 8.028e-01, val/nll 6.162e-01
[2023-04-07 03:12:35] [Epoch    19/  200] trn/loss 3.635e-01, trn/lr 2.937e-02, val/acc 8.136e-01, val/nll 5.647e-01 (best_acc: 8.063e-01 -> 8.136e-01, test_acc: 8.136e-01, test_nll: 5.775e-01)
[2023-04-07 03:14:12] [Epoch    20/  200] trn/loss 3.420e-01, trn/lr 2.930e-02, val/acc 8.213e-01, val/nll 5.969e-01 (best_acc: 8.136e-01 -> 8.213e-01, test_acc: 8.185e-01, test_nll: 6.137e-01)
[2023-04-07 03:15:34] [Epoch    21/  200] trn/loss 3.241e-01, trn/lr 2.923e-02, val/acc 8.196e-01, val/nll 5.905e-01
[2023-04-07 03:16:56] [Epoch    22/  200] trn/loss 3.126e-01, trn/lr 2.915e-02, val/acc 7.783e-01, val/nll 8.079e-01
[2023-04-07 03:18:17] [Epoch    23/  200] trn/loss 2.912e-01, trn/lr 2.907e-02, val/acc 7.946e-01, val/nll 7.475e-01
[2023-04-07 03:19:39] [Epoch    24/  200] trn/loss 2.770e-01, trn/lr 2.899e-02, val/acc 7.638e-01, val/nll 1.005e+00
[2023-04-07 03:21:01] [Epoch    25/  200] trn/loss 2.639e-01, trn/lr 2.890e-02, val/acc 8.069e-01, val/nll 6.932e-01
[2023-04-07 03:22:23] [Epoch    26/  200] trn/loss 2.514e-01, trn/lr 2.881e-02, val/acc 8.154e-01, val/nll 6.415e-01
[2023-04-07 03:23:44] [Epoch    27/  200] trn/loss 2.301e-01, trn/lr 2.872e-02, val/acc 7.857e-01, val/nll 8.464e-01
[2023-04-07 03:25:06] [Epoch    28/  200] trn/loss 2.231e-01, trn/lr 2.862e-02, val/acc 8.027e-01, val/nll 7.164e-01
[2023-04-07 03:27:13] [Epoch    29/  200] trn/loss 2.142e-01, trn/lr 2.852e-02, val/acc 8.619e-01, val/nll 4.685e-01 (best_acc: 8.213e-01 -> 8.619e-01, test_acc: 8.544e-01, test_nll: 5.045e-01)
[2023-04-07 03:28:34] [Epoch    30/  200] trn/loss 1.970e-01, trn/lr 2.842e-02, val/acc 8.020e-01, val/nll 7.101e-01
[2023-04-07 03:29:56] [Epoch    31/  200] trn/loss 1.888e-01, trn/lr 2.831e-02, val/acc 8.135e-01, val/nll 6.952e-01
[2023-04-07 03:31:18] [Epoch    32/  200] trn/loss 1.764e-01, trn/lr 2.820e-02, val/acc 8.534e-01, val/nll 5.106e-01
[2023-04-07 03:32:39] [Epoch    33/  200] trn/loss 1.670e-01, trn/lr 2.809e-02, val/acc 8.280e-01, val/nll 6.577e-01
[2023-04-07 03:34:01] [Epoch    34/  200] trn/loss 1.648e-01, trn/lr 2.797e-02, val/acc 7.960e-01, val/nll 7.789e-01
[2023-04-07 03:35:23] [Epoch    35/  200] trn/loss 1.563e-01, trn/lr 2.785e-02, val/acc 8.433e-01, val/nll 6.004e-01
[2023-04-07 03:36:44] [Epoch    36/  200] trn/loss 1.425e-01, trn/lr 2.773e-02, val/acc 8.369e-01, val/nll 7.053e-01
[2023-04-07 03:38:06] [Epoch    37/  200] trn/loss 1.369e-01, trn/lr 2.760e-02, val/acc 7.933e-01, val/nll 9.724e-01
[2023-04-07 03:39:28] [Epoch    38/  200] trn/loss 1.252e-01, trn/lr 2.747e-02, val/acc 8.555e-01, val/nll 5.957e-01
[2023-04-07 03:40:49] [Epoch    39/  200] trn/loss 1.302e-01, trn/lr 2.734e-02, val/acc 8.501e-01, val/nll 5.898e-01
[2023-04-07 03:42:11] [Epoch    40/  200] trn/loss 1.142e-01, trn/lr 2.720e-02, val/acc 8.504e-01, val/nll 5.899e-01
[2023-04-07 03:43:32] [Epoch    41/  200] trn/loss 1.124e-01, trn/lr 2.707e-02, val/acc 8.479e-01, val/nll 5.809e-01
[2023-04-07 03:44:54] [Epoch    42/  200] trn/loss 1.082e-01, trn/lr 2.692e-02, val/acc 7.982e-01, val/nll 9.440e-01
[2023-04-07 03:46:29] [Epoch    43/  200] trn/loss 1.042e-01, trn/lr 2.678e-02, val/acc 8.635e-01, val/nll 6.073e-01 (best_acc: 8.619e-01 -> 8.635e-01, test_acc: 8.551e-01, test_nll: 6.506e-01)
[2023-04-07 03:48:02] [Epoch    44/  200] trn/loss 9.198e-02, trn/lr 2.663e-02, val/acc 8.716e-01, val/nll 5.023e-01 (best_acc: 8.635e-01 -> 8.716e-01, test_acc: 8.673e-01, test_nll: 5.339e-01)
[2023-04-07 03:49:24] [Epoch    45/  200] trn/loss 8.659e-02, trn/lr 2.648e-02, val/acc 8.383e-01, val/nll 7.483e-01
[2023-04-07 03:50:45] [Epoch    46/  200] trn/loss 9.050e-02, trn/lr 2.633e-02, val/acc 8.527e-01, val/nll 6.566e-01
[2023-04-07 03:52:07] [Epoch    47/  200] trn/loss 8.173e-02, trn/lr 2.617e-02, val/acc 7.635e-01, val/nll 1.344e+00
[2023-04-07 03:53:29] [Epoch    48/  200] trn/loss 7.355e-02, trn/lr 2.602e-02, val/acc 7.847e-01, val/nll 1.239e+00
[2023-04-07 03:54:50] [Epoch    49/  200] trn/loss 8.013e-02, trn/lr 2.585e-02, val/acc 8.558e-01, val/nll 6.618e-01
[2023-04-07 03:56:12] [Epoch    50/  200] trn/loss 6.271e-02, trn/lr 2.569e-02, val/acc 8.625e-01, val/nll 5.549e-01
[2023-04-07 03:57:34] [Epoch    51/  200] trn/loss 6.028e-02, trn/lr 2.552e-02, val/acc 8.472e-01, val/nll 7.779e-01
[2023-04-07 03:58:55] [Epoch    52/  200] trn/loss 6.525e-02, trn/lr 2.535e-02, val/acc 8.556e-01, val/nll 6.898e-01
[2023-04-07 04:00:17] [Epoch    53/  200] trn/loss 5.846e-02, trn/lr 2.518e-02, val/acc 8.632e-01, val/nll 6.130e-01
[2023-04-07 04:01:39] [Epoch    54/  200] trn/loss 5.662e-02, trn/lr 2.501e-02, val/acc 8.410e-01, val/nll 8.042e-01
[2023-04-07 04:03:00] [Epoch    55/  200] trn/loss 5.371e-02, trn/lr 2.483e-02, val/acc 8.711e-01, val/nll 6.126e-01
[2023-04-07 04:04:34] [Epoch    56/  200] trn/loss 4.559e-02, trn/lr 2.465e-02, val/acc 8.787e-01, val/nll 5.578e-01 (best_acc: 8.716e-01 -> 8.787e-01, test_acc: 8.714e-01, test_nll: 6.019e-01)
[2023-04-07 04:05:56] [Epoch    57/  200] trn/loss 5.015e-02, trn/lr 2.447e-02, val/acc 8.593e-01, val/nll 6.534e-01
[2023-04-07 04:07:18] [Epoch    58/  200] trn/loss 4.260e-02, trn/lr 2.429e-02, val/acc 8.639e-01, val/nll 6.240e-01
[2023-04-07 04:08:39] [Epoch    59/  200] trn/loss 3.995e-02, trn/lr 2.410e-02, val/acc 8.588e-01, val/nll 6.829e-01
[2023-04-07 04:10:01] [Epoch    60/  200] trn/loss 3.860e-02, trn/lr 2.391e-02, val/acc 8.577e-01, val/nll 6.872e-01
[2023-04-07 04:11:23] [Epoch    61/  200] trn/loss 3.408e-02, trn/lr 2.372e-02, val/acc 8.772e-01, val/nll 6.346e-01
[2023-04-07 04:12:44] [Epoch    62/  200] trn/loss 4.003e-02, trn/lr 2.353e-02, val/acc 8.781e-01, val/nll 5.909e-01
[2023-04-07 04:14:06] [Epoch    63/  200] trn/loss 3.662e-02, trn/lr 2.333e-02, val/acc 8.768e-01, val/nll 5.359e-01
[2023-04-07 04:15:40] [Epoch    64/  200] trn/loss 3.010e-02, trn/lr 2.314e-02, val/acc 8.872e-01, val/nll 5.420e-01 (best_acc: 8.787e-01 -> 8.872e-01, test_acc: 8.793e-01, test_nll: 5.975e-01)
[2023-04-07 04:17:02] [Epoch    65/  200] trn/loss 3.130e-02, trn/lr 2.294e-02, val/acc 8.804e-01, val/nll 5.630e-01
[2023-04-07 04:18:24] [Epoch    66/  200] trn/loss 2.974e-02, trn/lr 2.274e-02, val/acc 8.697e-01, val/nll 6.348e-01
[2023-04-07 04:19:45] [Epoch    67/  200] trn/loss 3.059e-02, trn/lr 2.253e-02, val/acc 8.762e-01, val/nll 6.104e-01
[2023-04-07 04:21:07] [Epoch    68/  200] trn/loss 3.405e-02, trn/lr 2.233e-02, val/acc 8.519e-01, val/nll 7.604e-01
[2023-04-07 04:22:40] [Epoch    69/  200] trn/loss 2.701e-02, trn/lr 2.212e-02, val/acc 8.876e-01, val/nll 5.587e-01 (best_acc: 8.872e-01 -> 8.876e-01, test_acc: 8.781e-01, test_nll: 6.154e-01)
[2023-04-07 04:24:02] [Epoch    70/  200] trn/loss 2.324e-02, trn/lr 2.192e-02, val/acc 8.784e-01, val/nll 6.251e-01
[2023-04-07 04:25:24] [Epoch    71/  200] trn/loss 1.795e-02, trn/lr 2.171e-02, val/acc 8.820e-01, val/nll 5.899e-01
[2023-04-07 04:26:45] [Epoch    72/  200] trn/loss 1.954e-02, trn/lr 2.149e-02, val/acc 8.829e-01, val/nll 5.560e-01
[2023-04-07 04:28:18] [Epoch    73/  200] trn/loss 2.061e-02, trn/lr 2.128e-02, val/acc 8.914e-01, val/nll 5.258e-01 (best_acc: 8.876e-01 -> 8.914e-01, test_acc: 8.874e-01, test_nll: 5.773e-01)
[2023-04-07 04:29:40] [Epoch    74/  200] trn/loss 2.030e-02, trn/lr 2.107e-02, val/acc 8.872e-01, val/nll 5.375e-01
[2023-04-07 04:31:02] [Epoch    75/  200] trn/loss 1.483e-02, trn/lr 2.085e-02, val/acc 8.723e-01, val/nll 6.588e-01
[2023-04-07 04:32:35] [Epoch    76/  200] trn/loss 1.869e-02, trn/lr 2.063e-02, val/acc 8.967e-01, val/nll 5.131e-01 (best_acc: 8.914e-01 -> 8.967e-01, test_acc: 8.936e-01, test_nll: 5.520e-01)
[2023-04-07 04:33:57] [Epoch    77/  200] trn/loss 1.422e-02, trn/lr 2.041e-02, val/acc 8.610e-01, val/nll 7.264e-01
[2023-04-07 04:35:18] [Epoch    78/  200] trn/loss 1.688e-02, trn/lr 2.019e-02, val/acc 8.717e-01, val/nll 7.333e-01
[2023-04-07 04:36:40] [Epoch    79/  200] trn/loss 1.202e-02, trn/lr 1.997e-02, val/acc 8.612e-01, val/nll 8.693e-01
[2023-04-07 04:38:01] [Epoch    80/  200] trn/loss 1.339e-02, trn/lr 1.975e-02, val/acc 8.789e-01, val/nll 6.255e-01
[2023-04-07 04:39:23] [Epoch    81/  200] trn/loss 1.310e-02, trn/lr 1.952e-02, val/acc 8.582e-01, val/nll 7.511e-01
[2023-04-07 04:40:56] [Epoch    82/  200] trn/loss 8.424e-03, trn/lr 1.930e-02, val/acc 8.994e-01, val/nll 4.832e-01 (best_acc: 8.967e-01 -> 8.994e-01, test_acc: 8.953e-01, test_nll: 5.062e-01)
[2023-04-07 04:42:18] [Epoch    83/  200] trn/loss 8.669e-03, trn/lr 1.907e-02, val/acc 8.936e-01, val/nll 5.563e-01
[2023-04-07 04:43:51] [Epoch    84/  200] trn/loss 7.500e-03, trn/lr 1.885e-02, val/acc 9.020e-01, val/nll 4.951e-01 (best_acc: 8.994e-01 -> 9.020e-01, test_acc: 8.971e-01, test_nll: 5.274e-01)
[2023-04-07 04:45:13] [Epoch    85/  200] trn/loss 7.790e-03, trn/lr 1.862e-02, val/acc 8.867e-01, val/nll 6.166e-01
[2023-04-07 04:46:34] [Epoch    86/  200] trn/loss 6.075e-03, trn/lr 1.839e-02, val/acc 9.004e-01, val/nll 5.083e-01
[2023-04-07 04:47:56] [Epoch    87/  200] trn/loss 5.209e-03, trn/lr 1.816e-02, val/acc 9.007e-01, val/nll 5.241e-01
[2023-04-07 04:49:18] [Epoch    88/  200] trn/loss 6.166e-03, trn/lr 1.793e-02, val/acc 8.988e-01, val/nll 5.330e-01
[2023-04-07 04:50:39] [Epoch    89/  200] trn/loss 5.908e-03, trn/lr 1.770e-02, val/acc 8.962e-01, val/nll 5.357e-01
[2023-04-07 04:52:13] [Epoch    90/  200] trn/loss 5.723e-03, trn/lr 1.746e-02, val/acc 9.050e-01, val/nll 5.017e-01 (best_acc: 9.020e-01 -> 9.050e-01, test_acc: 8.996e-01, test_nll: 5.386e-01)
[2023-04-07 04:53:35] [Epoch    91/  200] trn/loss 6.006e-03, trn/lr 1.723e-02, val/acc 8.957e-01, val/nll 5.658e-01
[2023-04-07 04:54:56] [Epoch    92/  200] trn/loss 4.602e-03, trn/lr 1.700e-02, val/acc 9.030e-01, val/nll 4.932e-01
[2023-04-07 04:56:18] [Epoch    93/  200] trn/loss 3.574e-03, trn/lr 1.676e-02, val/acc 9.000e-01, val/nll 5.210e-01
[2023-04-07 04:57:52] [Epoch    94/  200] trn/loss 4.260e-03, trn/lr 1.653e-02, val/acc 9.059e-01, val/nll 4.736e-01 (best_acc: 9.050e-01 -> 9.059e-01, test_acc: 9.002e-01, test_nll: 5.032e-01)
[2023-04-07 04:59:13] [Epoch    95/  200] trn/loss 5.226e-03, trn/lr 1.630e-02, val/acc 8.983e-01, val/nll 5.386e-01
[2023-04-07 05:00:35] [Epoch    96/  200] trn/loss 4.743e-03, trn/lr 1.606e-02, val/acc 9.028e-01, val/nll 5.021e-01
[2023-04-07 05:01:56] [Epoch    97/  200] trn/loss 5.097e-03, trn/lr 1.582e-02, val/acc 9.021e-01, val/nll 5.105e-01
[2023-04-07 05:03:30] [Epoch    98/  200] trn/loss 3.663e-03, trn/lr 1.559e-02, val/acc 9.065e-01, val/nll 4.995e-01 (best_acc: 9.059e-01 -> 9.065e-01, test_acc: 9.019e-01, test_nll: 5.197e-01)
[2023-04-07 05:04:51] [Epoch    99/  200] trn/loss 2.664e-03, trn/lr 1.535e-02, val/acc 9.060e-01, val/nll 4.861e-01
[2023-04-07 05:06:13] [Epoch   100/  200] trn/loss 2.615e-03, trn/lr 1.512e-02, val/acc 9.064e-01, val/nll 4.737e-01
[2023-04-07 05:07:46] [Epoch   101/  200] trn/loss 2.760e-03, trn/lr 1.488e-02, val/acc 9.083e-01, val/nll 4.721e-01 (best_acc: 9.065e-01 -> 9.083e-01, test_acc: 9.023e-01, test_nll: 5.051e-01)
[2023-04-07 05:09:20] [Epoch   102/  200] trn/loss 2.098e-03, trn/lr 1.465e-02, val/acc 9.098e-01, val/nll 4.650e-01 (best_acc: 9.083e-01 -> 9.098e-01, test_acc: 9.054e-01, test_nll: 4.918e-01)
[2023-04-07 05:10:42] [Epoch   103/  200] trn/loss 2.116e-03, trn/lr 1.441e-02, val/acc 9.076e-01, val/nll 4.888e-01
[2023-04-07 05:12:03] [Epoch   104/  200] trn/loss 1.503e-03, trn/lr 1.418e-02, val/acc 9.079e-01, val/nll 4.682e-01
[2023-04-07 05:13:25] [Epoch   105/  200] trn/loss 1.566e-03, trn/lr 1.394e-02, val/acc 9.090e-01, val/nll 4.748e-01
[2023-04-07 05:14:59] [Epoch   106/  200] trn/loss 1.956e-03, trn/lr 1.371e-02, val/acc 9.110e-01, val/nll 4.692e-01 (best_acc: 9.098e-01 -> 9.110e-01, test_acc: 9.045e-01, test_nll: 4.789e-01)
[2023-04-07 05:16:21] [Epoch   107/  200] trn/loss 1.374e-03, trn/lr 1.347e-02, val/acc 9.110e-01, val/nll 4.635e-01
[2023-04-07 05:17:43] [Epoch   108/  200] trn/loss 1.566e-03, trn/lr 1.324e-02, val/acc 9.076e-01, val/nll 4.758e-01
[2023-04-07 05:19:04] [Epoch   109/  200] trn/loss 1.692e-03, trn/lr 1.300e-02, val/acc 9.102e-01, val/nll 4.663e-01
[2023-04-07 05:20:38] [Epoch   110/  200] trn/loss 1.104e-03, trn/lr 1.277e-02, val/acc 9.113e-01, val/nll 4.622e-01 (best_acc: 9.110e-01 -> 9.113e-01, test_acc: 9.094e-01, test_nll: 4.728e-01)
[2023-04-07 05:21:59] [Epoch   111/  200] trn/loss 1.129e-03, trn/lr 1.254e-02, val/acc 9.102e-01, val/nll 4.745e-01
[2023-04-07 05:23:21] [Epoch   112/  200] trn/loss 1.151e-03, trn/lr 1.231e-02, val/acc 9.107e-01, val/nll 4.701e-01
[2023-04-07 05:24:42] [Epoch   113/  200] trn/loss 1.163e-03, trn/lr 1.207e-02, val/acc 9.101e-01, val/nll 4.653e-01
[2023-04-07 05:26:04] [Epoch   114/  200] trn/loss 9.990e-04, trn/lr 1.184e-02, val/acc 9.110e-01, val/nll 4.609e-01
[2023-04-07 05:27:26] [Epoch   115/  200] trn/loss 9.873e-04, trn/lr 1.161e-02, val/acc 9.090e-01, val/nll 4.711e-01
[2023-04-07 05:28:47] [Epoch   116/  200] trn/loss 1.064e-03, trn/lr 1.138e-02, val/acc 9.087e-01, val/nll 4.789e-01
[2023-04-07 05:30:09] [Epoch   117/  200] trn/loss 8.803e-04, trn/lr 1.116e-02, val/acc 9.105e-01, val/nll 4.633e-01
[2023-04-07 05:31:31] [Epoch   118/  200] trn/loss 9.688e-04, trn/lr 1.093e-02, val/acc 9.094e-01, val/nll 4.699e-01
[2023-04-07 05:33:05] [Epoch   119/  200] trn/loss 8.015e-04, trn/lr 1.070e-02, val/acc 9.119e-01, val/nll 4.608e-01 (best_acc: 9.113e-01 -> 9.119e-01, test_acc: 9.093e-01, test_nll: 4.686e-01)
[2023-04-07 05:34:26] [Epoch   120/  200] trn/loss 8.945e-04, trn/lr 1.048e-02, val/acc 9.095e-01, val/nll 4.642e-01
[2023-04-07 05:35:48] [Epoch   121/  200] trn/loss 8.040e-04, trn/lr 1.025e-02, val/acc 9.117e-01, val/nll 4.629e-01
[2023-04-07 05:37:22] [Epoch   122/  200] trn/loss 8.126e-04, trn/lr 1.003e-02, val/acc 9.122e-01, val/nll 4.624e-01 (best_acc: 9.119e-01 -> 9.122e-01, test_acc: 9.093e-01, test_nll: 4.735e-01)
[2023-04-07 05:38:44] [Epoch   123/  200] trn/loss 8.351e-04, trn/lr 9.809e-03, val/acc 9.118e-01, val/nll 4.576e-01
[2023-04-07 05:40:05] [Epoch   124/  200] trn/loss 7.996e-04, trn/lr 9.589e-03, val/acc 9.117e-01, val/nll 4.598e-01
[2023-04-07 05:41:27] [Epoch   125/  200] trn/loss 7.440e-04, trn/lr 9.370e-03, val/acc 9.122e-01, val/nll 4.558e-01
[2023-04-07 05:42:49] [Epoch   126/  200] trn/loss 7.480e-04, trn/lr 9.152e-03, val/acc 9.112e-01, val/nll 4.557e-01
[2023-04-07 05:44:23] [Epoch   127/  200] trn/loss 7.125e-04, trn/lr 8.936e-03, val/acc 9.123e-01, val/nll 4.561e-01 (best_acc: 9.122e-01 -> 9.123e-01, test_acc: 9.077e-01, test_nll: 4.694e-01)
[2023-04-07 05:45:44] [Epoch   128/  200] trn/loss 8.301e-04, trn/lr 8.721e-03, val/acc 9.113e-01, val/nll 4.577e-01
[2023-04-07 05:47:06] [Epoch   129/  200] trn/loss 6.933e-04, trn/lr 8.508e-03, val/acc 9.115e-01, val/nll 4.599e-01
[2023-04-07 05:48:28] [Epoch   130/  200] trn/loss 6.858e-04, trn/lr 8.296e-03, val/acc 9.119e-01, val/nll 4.538e-01
[2023-04-07 05:50:02] [Epoch   131/  200] trn/loss 7.195e-04, trn/lr 8.086e-03, val/acc 9.126e-01, val/nll 4.563e-01 (best_acc: 9.123e-01 -> 9.126e-01, test_acc: 9.090e-01, test_nll: 4.686e-01)
[2023-04-07 05:51:24] [Epoch   132/  200] trn/loss 7.036e-04, trn/lr 7.878e-03, val/acc 9.124e-01, val/nll 4.572e-01
[2023-04-07 05:52:45] [Epoch   133/  200] trn/loss 6.892e-04, trn/lr 7.671e-03, val/acc 9.124e-01, val/nll 4.509e-01
[2023-04-07 05:54:07] [Epoch   134/  200] trn/loss 6.878e-04, trn/lr 7.467e-03, val/acc 9.105e-01, val/nll 4.566e-01
[2023-04-07 05:55:29] [Epoch   135/  200] trn/loss 7.387e-04, trn/lr 7.264e-03, val/acc 9.108e-01, val/nll 4.524e-01
[2023-04-07 05:56:50] [Epoch   136/  200] trn/loss 7.691e-04, trn/lr 7.063e-03, val/acc 9.115e-01, val/nll 4.530e-01
[2023-04-07 05:58:12] [Epoch   137/  200] trn/loss 7.276e-04, trn/lr 6.864e-03, val/acc 9.123e-01, val/nll 4.466e-01
[2023-04-07 05:59:34] [Epoch   138/  200] trn/loss 7.768e-04, trn/lr 6.667e-03, val/acc 9.102e-01, val/nll 4.554e-01
[2023-04-07 06:00:55] [Epoch   139/  200] trn/loss 7.237e-04, trn/lr 6.472e-03, val/acc 9.117e-01, val/nll 4.506e-01
[2023-04-07 06:02:17] [Epoch   140/  200] trn/loss 6.595e-04, trn/lr 6.279e-03, val/acc 9.113e-01, val/nll 4.509e-01
[2023-04-07 06:03:39] [Epoch   141/  200] trn/loss 6.451e-04, trn/lr 6.089e-03, val/acc 9.110e-01, val/nll 4.478e-01
[2023-04-07 06:05:00] [Epoch   142/  200] trn/loss 6.229e-04, trn/lr 5.900e-03, val/acc 9.114e-01, val/nll 4.527e-01
[2023-04-07 06:06:22] [Epoch   143/  200] trn/loss 5.965e-04, trn/lr 5.714e-03, val/acc 9.123e-01, val/nll 4.490e-01
[2023-04-07 06:07:44] [Epoch   144/  200] trn/loss 6.576e-04, trn/lr 5.530e-03, val/acc 9.115e-01, val/nll 4.535e-01
[2023-04-07 06:09:19] [Epoch   145/  200] trn/loss 6.207e-04, trn/lr 5.349e-03, val/acc 9.128e-01, val/nll 4.511e-01 (best_acc: 9.126e-01 -> 9.128e-01, test_acc: 9.080e-01, test_nll: 4.630e-01)
[2023-04-07 06:10:40] [Epoch   146/  200] trn/loss 6.767e-04, trn/lr 5.170e-03, val/acc 9.114e-01, val/nll 4.511e-01
[2023-04-07 06:12:02] [Epoch   147/  200] trn/loss 6.750e-04, trn/lr 4.993e-03, val/acc 9.122e-01, val/nll 4.503e-01
[2023-04-07 06:13:24] [Epoch   148/  200] trn/loss 6.852e-04, trn/lr 4.819e-03, val/acc 9.115e-01, val/nll 4.489e-01
[2023-04-07 06:14:45] [Epoch   149/  200] trn/loss 6.430e-04, trn/lr 4.647e-03, val/acc 9.108e-01, val/nll 4.484e-01
[2023-04-07 06:16:07] [Epoch   150/  200] trn/loss 6.175e-04, trn/lr 4.478e-03, val/acc 9.115e-01, val/nll 4.519e-01
[2023-04-07 06:17:29] [Epoch   151/  200] trn/loss 6.820e-04, trn/lr 4.311e-03, val/acc 9.117e-01, val/nll 4.502e-01
[2023-04-07 06:18:50] [Epoch   152/  200] trn/loss 5.921e-04, trn/lr 4.147e-03, val/acc 9.112e-01, val/nll 4.485e-01
[2023-04-07 06:20:12] [Epoch   153/  200] trn/loss 5.958e-04, trn/lr 3.986e-03, val/acc 9.123e-01, val/nll 4.489e-01
[2023-04-07 06:21:33] [Epoch   154/  200] trn/loss 6.924e-04, trn/lr 3.827e-03, val/acc 9.119e-01, val/nll 4.479e-01
[2023-04-07 06:22:55] [Epoch   155/  200] trn/loss 6.643e-04, trn/lr 3.671e-03, val/acc 9.128e-01, val/nll 4.484e-01
[2023-04-07 06:24:17] [Epoch   156/  200] trn/loss 6.717e-04, trn/lr 3.518e-03, val/acc 9.128e-01, val/nll 4.442e-01
[2023-04-07 06:25:38] [Epoch   157/  200] trn/loss 6.762e-04, trn/lr 3.368e-03, val/acc 9.128e-01, val/nll 4.451e-01
[2023-04-07 06:27:00] [Epoch   158/  200] trn/loss 6.353e-04, trn/lr 3.221e-03, val/acc 9.124e-01, val/nll 4.487e-01
[2023-04-07 06:28:22] [Epoch   159/  200] trn/loss 5.810e-04, trn/lr 3.076e-03, val/acc 9.119e-01, val/nll 4.502e-01
[2023-04-07 06:29:44] [Epoch   160/  200] trn/loss 6.196e-04, trn/lr 2.935e-03, val/acc 9.118e-01, val/nll 4.493e-01
[2023-04-07 06:31:05] [Epoch   161/  200] trn/loss 6.438e-04, trn/lr 2.796e-03, val/acc 9.121e-01, val/nll 4.468e-01
[2023-04-07 06:32:27] [Epoch   162/  200] trn/loss 6.523e-04, trn/lr 2.661e-03, val/acc 9.122e-01, val/nll 4.523e-01
[2023-04-07 06:33:49] [Epoch   163/  200] trn/loss 6.656e-04, trn/lr 2.528e-03, val/acc 9.117e-01, val/nll 4.511e-01
[2023-04-07 06:35:11] [Epoch   164/  200] trn/loss 6.137e-04, trn/lr 2.399e-03, val/acc 9.113e-01, val/nll 4.502e-01
[2023-04-07 06:36:32] [Epoch   165/  200] trn/loss 5.745e-04, trn/lr 2.273e-03, val/acc 9.119e-01, val/nll 4.493e-01
[2023-04-07 06:37:54] [Epoch   166/  200] trn/loss 5.505e-04, trn/lr 2.150e-03, val/acc 9.119e-01, val/nll 4.451e-01
[2023-04-07 06:39:15] [Epoch   167/  200] trn/loss 5.992e-04, trn/lr 2.030e-03, val/acc 9.116e-01, val/nll 4.484e-01
[2023-04-07 06:40:37] [Epoch   168/  200] trn/loss 5.449e-04, trn/lr 1.913e-03, val/acc 9.112e-01, val/nll 4.516e-01
[2023-04-07 06:41:59] [Epoch   169/  200] trn/loss 5.738e-04, trn/lr 1.800e-03, val/acc 9.107e-01, val/nll 4.497e-01
[2023-04-07 06:43:20] [Epoch   170/  200] trn/loss 5.626e-04, trn/lr 1.689e-03, val/acc 9.118e-01, val/nll 4.452e-01
[2023-04-07 06:44:42] [Epoch   171/  200] trn/loss 6.068e-04, trn/lr 1.582e-03, val/acc 9.115e-01, val/nll 4.498e-01
[2023-04-07 06:46:03] [Epoch   172/  200] trn/loss 6.233e-04, trn/lr 1.479e-03, val/acc 9.123e-01, val/nll 4.481e-01
[2023-04-07 06:47:25] [Epoch   173/  200] trn/loss 5.736e-04, trn/lr 1.378e-03, val/acc 9.126e-01, val/nll 4.457e-01
[2023-04-07 06:48:47] [Epoch   174/  200] trn/loss 6.145e-04, trn/lr 1.281e-03, val/acc 9.122e-01, val/nll 4.497e-01
[2023-04-07 06:50:09] [Epoch   175/  200] trn/loss 5.795e-04, trn/lr 1.188e-03, val/acc 9.111e-01, val/nll 4.459e-01
[2023-04-07 06:51:31] [Epoch   176/  200] trn/loss 5.554e-04, trn/lr 1.098e-03, val/acc 9.114e-01, val/nll 4.480e-01
[2023-04-07 06:52:53] [Epoch   177/  200] trn/loss 5.904e-04, trn/lr 1.011e-03, val/acc 9.124e-01, val/nll 4.476e-01
[2023-04-07 06:54:27] [Epoch   178/  200] trn/loss 5.994e-04, trn/lr 9.275e-04, val/acc 9.131e-01, val/nll 4.453e-01 (best_acc: 9.128e-01 -> 9.131e-01, test_acc: 9.088e-01, test_nll: 4.577e-01)
[2023-04-07 06:55:49] [Epoch   179/  200] trn/loss 6.151e-04, trn/lr 8.477e-04, val/acc 9.121e-01, val/nll 4.514e-01
[2023-04-07 06:57:11] [Epoch   180/  200] trn/loss 6.042e-04, trn/lr 7.714e-04, val/acc 9.124e-01, val/nll 4.442e-01
[2023-04-07 06:58:33] [Epoch   181/  200] trn/loss 6.002e-04, trn/lr 6.986e-04, val/acc 9.103e-01, val/nll 4.486e-01
[2023-04-07 06:59:54] [Epoch   182/  200] trn/loss 5.403e-04, trn/lr 6.293e-04, val/acc 9.102e-01, val/nll 4.493e-01
[2023-04-07 07:01:16] [Epoch   183/  200] trn/loss 5.805e-04, trn/lr 5.635e-04, val/acc 9.123e-01, val/nll 4.466e-01
[2023-04-07 07:02:38] [Epoch   184/  200] trn/loss 5.670e-04, trn/lr 5.013e-04, val/acc 9.110e-01, val/nll 4.488e-01
[2023-04-07 07:03:59] [Epoch   185/  200] trn/loss 5.866e-04, trn/lr 4.427e-04, val/acc 9.114e-01, val/nll 4.479e-01
[2023-04-07 07:05:21] [Epoch   186/  200] trn/loss 5.664e-04, trn/lr 3.877e-04, val/acc 9.123e-01, val/nll 4.447e-01
[2023-04-07 07:06:43] [Epoch   187/  200] trn/loss 5.922e-04, trn/lr 3.363e-04, val/acc 9.107e-01, val/nll 4.483e-01
[2023-04-07 07:08:04] [Epoch   188/  200] trn/loss 5.817e-04, trn/lr 2.885e-04, val/acc 9.113e-01, val/nll 4.452e-01
[2023-04-07 07:09:26] [Epoch   189/  200] trn/loss 5.788e-04, trn/lr 2.444e-04, val/acc 9.119e-01, val/nll 4.449e-01
[2023-04-07 07:10:48] [Epoch   190/  200] trn/loss 6.029e-04, trn/lr 2.038e-04, val/acc 9.124e-01, val/nll 4.465e-01
[2023-04-07 07:12:10] [Epoch   191/  200] trn/loss 5.521e-04, trn/lr 1.670e-04, val/acc 9.116e-01, val/nll 4.464e-01
[2023-04-07 07:13:31] [Epoch   192/  200] trn/loss 5.756e-04, trn/lr 1.338e-04, val/acc 9.114e-01, val/nll 4.466e-01
[2023-04-07 07:14:53] [Epoch   193/  200] trn/loss 5.681e-04, trn/lr 1.042e-04, val/acc 9.114e-01, val/nll 4.459e-01
[2023-04-07 07:16:15] [Epoch   194/  200] trn/loss 5.971e-04, trn/lr 7.835e-05, val/acc 9.119e-01, val/nll 4.453e-01
[2023-04-07 07:17:37] [Epoch   195/  200] trn/loss 5.906e-04, trn/lr 5.616e-05, val/acc 9.118e-01, val/nll 4.468e-01
[2023-04-07 07:18:58] [Epoch   196/  200] trn/loss 5.471e-04, trn/lr 3.766e-05, val/acc 9.111e-01, val/nll 4.486e-01
[2023-04-07 07:20:20] [Epoch   197/  200] trn/loss 5.257e-04, trn/lr 2.286e-05, val/acc 9.112e-01, val/nll 4.492e-01
[2023-04-07 07:21:42] [Epoch   198/  200] trn/loss 6.009e-04, trn/lr 1.175e-05, val/acc 9.114e-01, val/nll 4.483e-01
[2023-04-07 07:23:03] [Epoch   199/  200] trn/loss 5.644e-04, trn/lr 4.335e-06, val/acc 9.107e-01, val/nll 4.475e-01
[2023-04-07 07:24:25] [Epoch   200/  200] trn/loss 6.044e-04, trn/lr 6.226e-07, val/acc 9.122e-01, val/nll 4.486e-01
