[2023-02-03 01:05:04] Environments:
------------  -------------------------------------------------------------------------------
sys.platform  linux
Python        3.10.8 (main, Nov 24 2022, 14:13:03) [GCC 11.2.0]
JAX           0.4.1 @/mnt/home/giung/.conda/envs/jax-siml/lib/python3.10/site-packages/jax
jaxlib        0.4.1 @/mnt/home/giung/.conda/envs/jax-siml/lib/python3.10/site-packages/jaxlib
Flax          0.6.3 @/mnt/home/giung/.conda/envs/jax-siml/lib/python3.10/site-packages/flax
Optax         0.1.4 @/mnt/home/giung/.conda/envs/jax-siml/lib/python3.10/site-packages/optax
------------  -------------------------------------------------------------------------------

[2023-02-03 01:05:04] Command line arguments:
- args.data_root          : ./data/
- args.data_name          : CIFAR100_x32
- args.data_augmentation  : standard
- args.data_proportional  : 1.0
- args.model_depth        : 20
- args.model_width        : 1
- args.model_style        : BN-ReLU
- args.optim_bs           : 256
- args.optim_ne           : 200
- args.optim_lr           : 0.3
- args.optim_momentum     : 0.9
- args.optim_weight_decay : 0.0003
- args.save               : /mnt/home/giung/giung2-dev/projects/residual-networks/save/CIFAR100_x32/R20-BN-ReLU/bs-0256_ne-0200_lr-0.30_mo-0.90_wd-0.0003_fp32/42
- args.seed               : 42
- args.precision          : fp32

[2023-02-03 01:05:25] [Epoch     1/  200] trn/loss 4.215e+00, trn/lr 3.000e-01, val/acc 8.883e-02, val/nll 3.885e+00 (best_acc: 0.000e+00 -> 8.883e-02, test_acc: 9.130e-02, test_nll: 3.877e+00)
[2023-02-03 01:05:27] [Epoch     2/  200] trn/loss 3.717e+00, trn/lr 3.000e-01, val/acc 1.377e-01, val/nll 3.611e+00 (best_acc: 8.883e-02 -> 1.377e-01, test_acc: 1.441e-01, test_nll: 3.586e+00)
[2023-02-03 01:05:29] [Epoch     3/  200] trn/loss 3.390e+00, trn/lr 2.999e-01, val/acc 1.706e-01, val/nll 3.456e+00 (best_acc: 1.377e-01 -> 1.706e-01, test_acc: 1.910e-01, test_nll: 3.395e+00)
[2023-02-03 01:05:31] [Epoch     4/  200] trn/loss 3.113e+00, trn/lr 2.998e-01, val/acc 2.241e-01, val/nll 3.145e+00 (best_acc: 1.706e-01 -> 2.241e-01, test_acc: 2.328e-01, test_nll: 3.122e+00)
[2023-02-03 01:05:33] [Epoch     5/  200] trn/loss 2.865e+00, trn/lr 2.996e-01, val/acc 2.654e-01, val/nll 2.975e+00 (best_acc: 2.241e-01 -> 2.654e-01, test_acc: 2.731e-01, test_nll: 2.938e+00)
[2023-02-03 01:05:35] [Epoch     6/  200] trn/loss 2.646e+00, trn/lr 2.994e-01, val/acc 2.779e-01, val/nll 2.992e+00 (best_acc: 2.654e-01 -> 2.779e-01, test_acc: 2.869e-01, test_nll: 2.951e+00)
[2023-02-03 01:05:37] [Epoch     7/  200] trn/loss 2.455e+00, trn/lr 2.992e-01, val/acc 2.819e-01, val/nll 2.922e+00 (best_acc: 2.779e-01 -> 2.819e-01, test_acc: 2.866e-01, test_nll: 2.892e+00)
[2023-02-03 01:05:40] [Epoch     8/  200] trn/loss 2.343e+00, trn/lr 2.990e-01, val/acc 3.050e-01, val/nll 2.879e+00 (best_acc: 2.819e-01 -> 3.050e-01, test_acc: 3.099e-01, test_nll: 2.853e+00)
[2023-02-03 01:05:42] [Epoch     9/  200] trn/loss 2.222e+00, trn/lr 2.987e-01, val/acc 3.399e-01, val/nll 2.687e+00 (best_acc: 3.050e-01 -> 3.399e-01, test_acc: 3.560e-01, test_nll: 2.598e+00)
[2023-02-03 01:05:44] [Epoch    10/  200] trn/loss 2.112e+00, trn/lr 2.983e-01, val/acc 3.468e-01, val/nll 2.592e+00 (best_acc: 3.399e-01 -> 3.468e-01, test_acc: 3.596e-01, test_nll: 2.534e+00)
[2023-02-03 01:05:46] [Epoch    11/  200] trn/loss 2.031e+00, trn/lr 2.980e-01, val/acc 3.008e-01, val/nll 2.972e+00
[2023-02-03 01:05:48] [Epoch    12/  200] trn/loss 1.961e+00, trn/lr 2.976e-01, val/acc 4.015e-01, val/nll 2.353e+00 (best_acc: 3.468e-01 -> 4.015e-01, test_acc: 4.180e-01, test_nll: 2.308e+00)
[2023-02-03 01:05:50] [Epoch    13/  200] trn/loss 1.919e+00, trn/lr 2.971e-01, val/acc 4.156e-01, val/nll 2.287e+00 (best_acc: 4.015e-01 -> 4.156e-01, test_acc: 4.217e-01, test_nll: 2.252e+00)
[2023-02-03 01:05:52] [Epoch    14/  200] trn/loss 1.871e+00, trn/lr 2.966e-01, val/acc 4.101e-01, val/nll 2.246e+00
[2023-02-03 01:05:54] [Epoch    15/  200] trn/loss 1.828e+00, trn/lr 2.961e-01, val/acc 3.562e-01, val/nll 2.827e+00
[2023-02-03 01:05:56] [Epoch    16/  200] trn/loss 1.810e+00, trn/lr 2.956e-01, val/acc 4.187e-01, val/nll 2.281e+00 (best_acc: 4.156e-01 -> 4.187e-01, test_acc: 4.227e-01, test_nll: 2.264e+00)
[2023-02-03 01:05:58] [Epoch    17/  200] trn/loss 1.773e+00, trn/lr 2.950e-01, val/acc 3.713e-01, val/nll 2.520e+00
[2023-02-03 01:06:00] [Epoch    18/  200] trn/loss 1.741e+00, trn/lr 2.944e-01, val/acc 4.040e-01, val/nll 2.361e+00
[2023-02-03 01:06:01] [Epoch    19/  200] trn/loss 1.726e+00, trn/lr 2.937e-01, val/acc 4.110e-01, val/nll 2.277e+00
[2023-02-03 01:06:03] [Epoch    20/  200] trn/loss 1.710e+00, trn/lr 2.930e-01, val/acc 3.700e-01, val/nll 2.878e+00
[2023-02-03 01:06:05] [Epoch    21/  200] trn/loss 1.676e+00, trn/lr 2.923e-01, val/acc 4.158e-01, val/nll 2.250e+00
[2023-02-03 01:06:07] [Epoch    22/  200] trn/loss 1.668e+00, trn/lr 2.915e-01, val/acc 4.350e-01, val/nll 2.154e+00 (best_acc: 4.187e-01 -> 4.350e-01, test_acc: 4.429e-01, test_nll: 2.114e+00)
[2023-02-03 01:06:09] [Epoch    23/  200] trn/loss 1.649e+00, trn/lr 2.907e-01, val/acc 4.301e-01, val/nll 2.189e+00
[2023-02-03 01:06:11] [Epoch    24/  200] trn/loss 1.645e+00, trn/lr 2.899e-01, val/acc 3.902e-01, val/nll 2.598e+00
[2023-02-03 01:06:13] [Epoch    25/  200] trn/loss 1.623e+00, trn/lr 2.890e-01, val/acc 4.649e-01, val/nll 2.026e+00 (best_acc: 4.350e-01 -> 4.649e-01, test_acc: 4.767e-01, test_nll: 2.017e+00)
[2023-02-03 01:06:15] [Epoch    26/  200] trn/loss 1.612e+00, trn/lr 2.881e-01, val/acc 4.549e-01, val/nll 2.030e+00
[2023-02-03 01:06:17] [Epoch    27/  200] trn/loss 1.599e+00, trn/lr 2.872e-01, val/acc 4.539e-01, val/nll 2.084e+00
[2023-02-03 01:06:19] [Epoch    28/  200] trn/loss 1.587e+00, trn/lr 2.862e-01, val/acc 4.416e-01, val/nll 2.178e+00
[2023-02-03 01:06:21] [Epoch    29/  200] trn/loss 1.585e+00, trn/lr 2.852e-01, val/acc 4.565e-01, val/nll 2.152e+00
[2023-02-03 01:06:23] [Epoch    30/  200] trn/loss 1.578e+00, trn/lr 2.842e-01, val/acc 3.392e-01, val/nll 3.077e+00
[2023-02-03 01:06:25] [Epoch    31/  200] trn/loss 1.567e+00, trn/lr 2.831e-01, val/acc 4.273e-01, val/nll 2.400e+00
[2023-02-03 01:06:27] [Epoch    32/  200] trn/loss 1.556e+00, trn/lr 2.820e-01, val/acc 4.517e-01, val/nll 2.209e+00
[2023-02-03 01:06:29] [Epoch    33/  200] trn/loss 1.544e+00, trn/lr 2.809e-01, val/acc 4.431e-01, val/nll 2.234e+00
[2023-02-03 01:06:31] [Epoch    34/  200] trn/loss 1.544e+00, trn/lr 2.797e-01, val/acc 4.105e-01, val/nll 2.467e+00
[2023-02-03 01:06:33] [Epoch    35/  200] trn/loss 1.552e+00, trn/lr 2.785e-01, val/acc 4.506e-01, val/nll 2.093e+00
[2023-02-03 01:06:35] [Epoch    36/  200] trn/loss 1.537e+00, trn/lr 2.773e-01, val/acc 4.677e-01, val/nll 2.137e+00 (best_acc: 4.649e-01 -> 4.677e-01, test_acc: 4.780e-01, test_nll: 2.126e+00)
[2023-02-03 01:06:37] [Epoch    37/  200] trn/loss 1.526e+00, trn/lr 2.760e-01, val/acc 3.997e-01, val/nll 2.640e+00
[2023-02-03 01:06:39] [Epoch    38/  200] trn/loss 1.520e+00, trn/lr 2.747e-01, val/acc 4.570e-01, val/nll 2.095e+00
[2023-02-03 01:06:41] [Epoch    39/  200] trn/loss 1.509e+00, trn/lr 2.734e-01, val/acc 4.605e-01, val/nll 2.133e+00
[2023-02-03 01:06:42] [Epoch    40/  200] trn/loss 1.502e+00, trn/lr 2.720e-01, val/acc 4.072e-01, val/nll 2.489e+00
[2023-02-03 01:06:44] [Epoch    41/  200] trn/loss 1.496e+00, trn/lr 2.707e-01, val/acc 4.071e-01, val/nll 2.557e+00
[2023-02-03 01:06:46] [Epoch    42/  200] trn/loss 1.494e+00, trn/lr 2.692e-01, val/acc 4.831e-01, val/nll 1.980e+00 (best_acc: 4.677e-01 -> 4.831e-01, test_acc: 4.826e-01, test_nll: 1.951e+00)
[2023-02-03 01:06:48] [Epoch    43/  200] trn/loss 1.510e+00, trn/lr 2.678e-01, val/acc 4.677e-01, val/nll 2.077e+00
[2023-02-03 01:06:50] [Epoch    44/  200] trn/loss 1.473e+00, trn/lr 2.663e-01, val/acc 4.596e-01, val/nll 2.196e+00
[2023-02-03 01:06:52] [Epoch    45/  200] trn/loss 1.473e+00, trn/lr 2.648e-01, val/acc 3.980e-01, val/nll 2.596e+00
[2023-02-03 01:06:54] [Epoch    46/  200] trn/loss 1.466e+00, trn/lr 2.633e-01, val/acc 4.354e-01, val/nll 2.310e+00
[2023-02-03 01:06:56] [Epoch    47/  200] trn/loss 1.465e+00, trn/lr 2.617e-01, val/acc 4.527e-01, val/nll 2.065e+00
[2023-02-03 01:06:58] [Epoch    48/  200] trn/loss 1.462e+00, trn/lr 2.602e-01, val/acc 4.490e-01, val/nll 2.195e+00
[2023-02-03 01:07:00] [Epoch    49/  200] trn/loss 1.445e+00, trn/lr 2.585e-01, val/acc 4.025e-01, val/nll 2.523e+00
[2023-02-03 01:07:02] [Epoch    50/  200] trn/loss 1.446e+00, trn/lr 2.569e-01, val/acc 4.749e-01, val/nll 2.013e+00
[2023-02-03 01:07:04] [Epoch    51/  200] trn/loss 1.434e+00, trn/lr 2.552e-01, val/acc 4.201e-01, val/nll 2.344e+00
[2023-02-03 01:07:06] [Epoch    52/  200] trn/loss 1.431e+00, trn/lr 2.535e-01, val/acc 4.833e-01, val/nll 1.936e+00 (best_acc: 4.831e-01 -> 4.833e-01, test_acc: 4.930e-01, test_nll: 1.908e+00)
[2023-02-03 01:07:08] [Epoch    53/  200] trn/loss 1.440e+00, trn/lr 2.518e-01, val/acc 4.485e-01, val/nll 2.163e+00
[2023-02-03 01:07:10] [Epoch    54/  200] trn/loss 1.423e+00, trn/lr 2.501e-01, val/acc 4.752e-01, val/nll 1.976e+00
[2023-02-03 01:07:12] [Epoch    55/  200] trn/loss 1.415e+00, trn/lr 2.483e-01, val/acc 3.975e-01, val/nll 2.521e+00
[2023-02-03 01:07:14] [Epoch    56/  200] trn/loss 1.412e+00, trn/lr 2.465e-01, val/acc 4.858e-01, val/nll 1.910e+00 (best_acc: 4.833e-01 -> 4.858e-01, test_acc: 4.959e-01, test_nll: 1.899e+00)
[2023-02-03 01:07:16] [Epoch    57/  200] trn/loss 1.402e+00, trn/lr 2.447e-01, val/acc 4.902e-01, val/nll 1.977e+00 (best_acc: 4.858e-01 -> 4.902e-01, test_acc: 4.845e-01, test_nll: 1.974e+00)
[2023-02-03 01:07:18] [Epoch    58/  200] trn/loss 1.398e+00, trn/lr 2.429e-01, val/acc 4.645e-01, val/nll 2.120e+00
[2023-02-03 01:07:20] [Epoch    59/  200] trn/loss 1.387e+00, trn/lr 2.410e-01, val/acc 4.965e-01, val/nll 1.942e+00 (best_acc: 4.902e-01 -> 4.965e-01, test_acc: 4.934e-01, test_nll: 1.955e+00)
[2023-02-03 01:07:22] [Epoch    60/  200] trn/loss 1.394e+00, trn/lr 2.391e-01, val/acc 4.555e-01, val/nll 2.169e+00
[2023-02-03 01:07:24] [Epoch    61/  200] trn/loss 1.390e+00, trn/lr 2.372e-01, val/acc 4.931e-01, val/nll 1.930e+00
[2023-02-03 01:07:26] [Epoch    62/  200] trn/loss 1.400e+00, trn/lr 2.353e-01, val/acc 4.799e-01, val/nll 1.987e+00
[2023-02-03 01:07:28] [Epoch    63/  200] trn/loss 1.379e+00, trn/lr 2.333e-01, val/acc 4.487e-01, val/nll 2.181e+00
[2023-02-03 01:07:29] [Epoch    64/  200] trn/loss 1.374e+00, trn/lr 2.314e-01, val/acc 4.556e-01, val/nll 2.085e+00
[2023-02-03 01:07:31] [Epoch    65/  200] trn/loss 1.354e+00, trn/lr 2.294e-01, val/acc 4.912e-01, val/nll 1.945e+00
[2023-02-03 01:07:33] [Epoch    66/  200] trn/loss 1.360e+00, trn/lr 2.274e-01, val/acc 4.809e-01, val/nll 2.052e+00
[2023-02-03 01:07:35] [Epoch    67/  200] trn/loss 1.351e+00, trn/lr 2.253e-01, val/acc 4.726e-01, val/nll 2.089e+00
[2023-02-03 01:07:37] [Epoch    68/  200] trn/loss 1.339e+00, trn/lr 2.233e-01, val/acc 5.191e-01, val/nll 1.786e+00 (best_acc: 4.965e-01 -> 5.191e-01, test_acc: 5.143e-01, test_nll: 1.770e+00)
[2023-02-03 01:07:39] [Epoch    69/  200] trn/loss 1.342e+00, trn/lr 2.212e-01, val/acc 4.906e-01, val/nll 1.955e+00
[2023-02-03 01:07:41] [Epoch    70/  200] trn/loss 1.337e+00, trn/lr 2.192e-01, val/acc 5.145e-01, val/nll 1.840e+00
[2023-02-03 01:07:43] [Epoch    71/  200] trn/loss 1.343e+00, trn/lr 2.171e-01, val/acc 4.958e-01, val/nll 1.873e+00
[2023-02-03 01:07:45] [Epoch    72/  200] trn/loss 1.322e+00, trn/lr 2.149e-01, val/acc 4.050e-01, val/nll 2.511e+00
[2023-02-03 01:07:47] [Epoch    73/  200] trn/loss 1.320e+00, trn/lr 2.128e-01, val/acc 4.843e-01, val/nll 2.026e+00
[2023-02-03 01:07:49] [Epoch    74/  200] trn/loss 1.315e+00, trn/lr 2.107e-01, val/acc 5.021e-01, val/nll 1.887e+00
[2023-02-03 01:07:51] [Epoch    75/  200] trn/loss 1.325e+00, trn/lr 2.085e-01, val/acc 5.191e-01, val/nll 1.797e+00
[2023-02-03 01:07:53] [Epoch    76/  200] trn/loss 1.301e+00, trn/lr 2.063e-01, val/acc 4.983e-01, val/nll 1.964e+00
[2023-02-03 01:07:55] [Epoch    77/  200] trn/loss 1.304e+00, trn/lr 2.041e-01, val/acc 5.128e-01, val/nll 1.868e+00
[2023-02-03 01:07:57] [Epoch    78/  200] trn/loss 1.297e+00, trn/lr 2.019e-01, val/acc 5.065e-01, val/nll 1.944e+00
[2023-02-03 01:07:59] [Epoch    79/  200] trn/loss 1.281e+00, trn/lr 1.997e-01, val/acc 4.923e-01, val/nll 2.025e+00
[2023-02-03 01:08:01] [Epoch    80/  200] trn/loss 1.284e+00, trn/lr 1.975e-01, val/acc 4.433e-01, val/nll 2.287e+00
[2023-02-03 01:08:02] [Epoch    81/  200] trn/loss 1.277e+00, trn/lr 1.952e-01, val/acc 4.842e-01, val/nll 2.077e+00
[2023-02-03 01:08:04] [Epoch    82/  200] trn/loss 1.282e+00, trn/lr 1.930e-01, val/acc 4.073e-01, val/nll 2.811e+00
[2023-02-03 01:08:06] [Epoch    83/  200] trn/loss 1.265e+00, trn/lr 1.907e-01, val/acc 4.644e-01, val/nll 2.055e+00
[2023-02-03 01:08:08] [Epoch    84/  200] trn/loss 1.263e+00, trn/lr 1.885e-01, val/acc 4.854e-01, val/nll 1.974e+00
[2023-02-03 01:08:10] [Epoch    85/  200] trn/loss 1.249e+00, trn/lr 1.862e-01, val/acc 5.178e-01, val/nll 1.872e+00
[2023-02-03 01:08:12] [Epoch    86/  200] trn/loss 1.248e+00, trn/lr 1.839e-01, val/acc 4.838e-01, val/nll 2.095e+00
[2023-02-03 01:08:14] [Epoch    87/  200] trn/loss 1.239e+00, trn/lr 1.816e-01, val/acc 4.883e-01, val/nll 2.078e+00
[2023-02-03 01:08:16] [Epoch    88/  200] trn/loss 1.226e+00, trn/lr 1.793e-01, val/acc 5.034e-01, val/nll 1.938e+00
[2023-02-03 01:08:18] [Epoch    89/  200] trn/loss 1.229e+00, trn/lr 1.770e-01, val/acc 4.994e-01, val/nll 1.942e+00
[2023-02-03 01:08:20] [Epoch    90/  200] trn/loss 1.224e+00, trn/lr 1.746e-01, val/acc 5.481e-01, val/nll 1.685e+00 (best_acc: 5.191e-01 -> 5.481e-01, test_acc: 5.575e-01, test_nll: 1.659e+00)
[2023-02-03 01:08:22] [Epoch    91/  200] trn/loss 1.212e+00, trn/lr 1.723e-01, val/acc 4.967e-01, val/nll 1.980e+00
[2023-02-03 01:08:24] [Epoch    92/  200] trn/loss 1.208e+00, trn/lr 1.700e-01, val/acc 4.991e-01, val/nll 2.000e+00
[2023-02-03 01:08:26] [Epoch    93/  200] trn/loss 1.206e+00, trn/lr 1.676e-01, val/acc 5.147e-01, val/nll 1.853e+00
[2023-02-03 01:08:28] [Epoch    94/  200] trn/loss 1.189e+00, trn/lr 1.653e-01, val/acc 5.189e-01, val/nll 1.908e+00
[2023-02-03 01:08:30] [Epoch    95/  200] trn/loss 1.197e+00, trn/lr 1.630e-01, val/acc 5.227e-01, val/nll 1.825e+00
[2023-02-03 01:08:32] [Epoch    96/  200] trn/loss 1.182e+00, trn/lr 1.606e-01, val/acc 5.076e-01, val/nll 1.939e+00
[2023-02-03 01:08:33] [Epoch    97/  200] trn/loss 1.186e+00, trn/lr 1.582e-01, val/acc 5.437e-01, val/nll 1.752e+00
[2023-02-03 01:08:35] [Epoch    98/  200] trn/loss 1.173e+00, trn/lr 1.559e-01, val/acc 5.200e-01, val/nll 1.808e+00
[2023-02-03 01:08:37] [Epoch    99/  200] trn/loss 1.169e+00, trn/lr 1.535e-01, val/acc 5.333e-01, val/nll 1.776e+00
[2023-02-03 01:08:39] [Epoch   100/  200] trn/loss 1.158e+00, trn/lr 1.512e-01, val/acc 5.466e-01, val/nll 1.716e+00
[2023-02-03 01:08:41] [Epoch   101/  200] trn/loss 1.160e+00, trn/lr 1.488e-01, val/acc 5.305e-01, val/nll 1.858e+00
[2023-02-03 01:08:43] [Epoch   102/  200] trn/loss 1.150e+00, trn/lr 1.465e-01, val/acc 5.029e-01, val/nll 1.904e+00
[2023-02-03 01:08:45] [Epoch   103/  200] trn/loss 1.136e+00, trn/lr 1.441e-01, val/acc 5.362e-01, val/nll 1.781e+00
[2023-02-03 01:08:47] [Epoch   104/  200] trn/loss 1.128e+00, trn/lr 1.418e-01, val/acc 5.352e-01, val/nll 1.776e+00
[2023-02-03 01:08:49] [Epoch   105/  200] trn/loss 1.117e+00, trn/lr 1.394e-01, val/acc 4.934e-01, val/nll 2.110e+00
[2023-02-03 01:08:51] [Epoch   106/  200] trn/loss 1.119e+00, trn/lr 1.371e-01, val/acc 5.355e-01, val/nll 1.745e+00
[2023-02-03 01:08:53] [Epoch   107/  200] trn/loss 1.102e+00, trn/lr 1.347e-01, val/acc 5.366e-01, val/nll 1.763e+00
[2023-02-03 01:08:55] [Epoch   108/  200] trn/loss 1.099e+00, trn/lr 1.324e-01, val/acc 5.431e-01, val/nll 1.773e+00
[2023-02-03 01:08:57] [Epoch   109/  200] trn/loss 1.094e+00, trn/lr 1.300e-01, val/acc 5.102e-01, val/nll 2.089e+00
[2023-02-03 01:08:59] [Epoch   110/  200] trn/loss 1.083e+00, trn/lr 1.277e-01, val/acc 5.085e-01, val/nll 1.945e+00
[2023-02-03 01:09:01] [Epoch   111/  200] trn/loss 1.072e+00, trn/lr 1.254e-01, val/acc 5.450e-01, val/nll 1.706e+00
[2023-02-03 01:09:02] [Epoch   112/  200] trn/loss 1.077e+00, trn/lr 1.231e-01, val/acc 5.459e-01, val/nll 1.771e+00
[2023-02-03 01:09:04] [Epoch   113/  200] trn/loss 1.062e+00, trn/lr 1.207e-01, val/acc 5.210e-01, val/nll 1.974e+00
[2023-02-03 01:09:06] [Epoch   114/  200] trn/loss 1.056e+00, trn/lr 1.184e-01, val/acc 5.128e-01, val/nll 2.018e+00
[2023-02-03 01:09:08] [Epoch   115/  200] trn/loss 1.044e+00, trn/lr 1.161e-01, val/acc 5.559e-01, val/nll 1.718e+00 (best_acc: 5.481e-01 -> 5.559e-01, test_acc: 5.602e-01, test_nll: 1.729e+00)
[2023-02-03 01:09:10] [Epoch   116/  200] trn/loss 1.042e+00, trn/lr 1.138e-01, val/acc 5.494e-01, val/nll 1.748e+00
[2023-02-03 01:09:12] [Epoch   117/  200] trn/loss 1.044e+00, trn/lr 1.116e-01, val/acc 5.426e-01, val/nll 1.772e+00
[2023-02-03 01:09:14] [Epoch   118/  200] trn/loss 1.018e+00, trn/lr 1.093e-01, val/acc 5.475e-01, val/nll 1.796e+00
[2023-02-03 01:09:16] [Epoch   119/  200] trn/loss 1.014e+00, trn/lr 1.070e-01, val/acc 5.592e-01, val/nll 1.688e+00 (best_acc: 5.559e-01 -> 5.592e-01, test_acc: 5.663e-01, test_nll: 1.662e+00)
[2023-02-03 01:09:18] [Epoch   120/  200] trn/loss 1.001e+00, trn/lr 1.048e-01, val/acc 5.345e-01, val/nll 1.874e+00
[2023-02-03 01:09:20] [Epoch   121/  200] trn/loss 9.869e-01, trn/lr 1.025e-01, val/acc 5.450e-01, val/nll 1.802e+00
[2023-02-03 01:09:22] [Epoch   122/  200] trn/loss 9.876e-01, trn/lr 1.003e-01, val/acc 5.372e-01, val/nll 1.865e+00
[2023-02-03 01:09:24] [Epoch   123/  200] trn/loss 9.842e-01, trn/lr 9.809e-02, val/acc 5.700e-01, val/nll 1.609e+00 (best_acc: 5.592e-01 -> 5.700e-01, test_acc: 5.830e-01, test_nll: 1.579e+00)
[2023-02-03 01:09:26] [Epoch   124/  200] trn/loss 9.643e-01, trn/lr 9.589e-02, val/acc 5.652e-01, val/nll 1.660e+00
[2023-02-03 01:09:28] [Epoch   125/  200] trn/loss 9.631e-01, trn/lr 9.370e-02, val/acc 5.572e-01, val/nll 1.710e+00
[2023-02-03 01:09:30] [Epoch   126/  200] trn/loss 9.454e-01, trn/lr 9.152e-02, val/acc 5.727e-01, val/nll 1.652e+00 (best_acc: 5.700e-01 -> 5.727e-01, test_acc: 5.811e-01, test_nll: 1.613e+00)
[2023-02-03 01:09:32] [Epoch   127/  200] trn/loss 9.463e-01, trn/lr 8.936e-02, val/acc 5.723e-01, val/nll 1.614e+00
[2023-02-03 01:09:34] [Epoch   128/  200] trn/loss 9.367e-01, trn/lr 8.721e-02, val/acc 5.663e-01, val/nll 1.705e+00
[2023-02-03 01:09:36] [Epoch   129/  200] trn/loss 9.262e-01, trn/lr 8.508e-02, val/acc 5.790e-01, val/nll 1.601e+00 (best_acc: 5.727e-01 -> 5.790e-01, test_acc: 5.846e-01, test_nll: 1.582e+00)
[2023-02-03 01:09:38] [Epoch   130/  200] trn/loss 9.185e-01, trn/lr 8.296e-02, val/acc 5.573e-01, val/nll 1.755e+00
[2023-02-03 01:09:40] [Epoch   131/  200] trn/loss 9.058e-01, trn/lr 8.086e-02, val/acc 5.689e-01, val/nll 1.842e+00
[2023-02-03 01:09:42] [Epoch   132/  200] trn/loss 9.015e-01, trn/lr 7.878e-02, val/acc 5.765e-01, val/nll 1.689e+00
[2023-02-03 01:09:44] [Epoch   133/  200] trn/loss 8.933e-01, trn/lr 7.671e-02, val/acc 5.873e-01, val/nll 1.608e+00 (best_acc: 5.790e-01 -> 5.873e-01, test_acc: 5.946e-01, test_nll: 1.597e+00)
[2023-02-03 01:09:46] [Epoch   134/  200] trn/loss 8.724e-01, trn/lr 7.467e-02, val/acc 5.564e-01, val/nll 1.726e+00
[2023-02-03 01:09:48] [Epoch   135/  200] trn/loss 8.572e-01, trn/lr 7.264e-02, val/acc 5.895e-01, val/nll 1.606e+00 (best_acc: 5.873e-01 -> 5.895e-01, test_acc: 5.862e-01, test_nll: 1.613e+00)
[2023-02-03 01:09:50] [Epoch   136/  200] trn/loss 8.548e-01, trn/lr 7.063e-02, val/acc 5.842e-01, val/nll 1.626e+00
[2023-02-03 01:09:52] [Epoch   137/  200] trn/loss 8.436e-01, trn/lr 6.864e-02, val/acc 5.656e-01, val/nll 1.770e+00
[2023-02-03 01:09:54] [Epoch   138/  200] trn/loss 8.396e-01, trn/lr 6.667e-02, val/acc 6.051e-01, val/nll 1.503e+00 (best_acc: 5.895e-01 -> 6.051e-01, test_acc: 6.081e-01, test_nll: 1.477e+00)
[2023-02-03 01:09:56] [Epoch   139/  200] trn/loss 8.243e-01, trn/lr 6.472e-02, val/acc 5.900e-01, val/nll 1.600e+00
[2023-02-03 01:09:58] [Epoch   140/  200] trn/loss 8.175e-01, trn/lr 6.279e-02, val/acc 5.744e-01, val/nll 1.660e+00
[2023-02-03 01:10:00] [Epoch   141/  200] trn/loss 8.050e-01, trn/lr 6.089e-02, val/acc 5.949e-01, val/nll 1.559e+00
[2023-02-03 01:10:02] [Epoch   142/  200] trn/loss 7.899e-01, trn/lr 5.900e-02, val/acc 5.768e-01, val/nll 1.643e+00
[2023-02-03 01:10:04] [Epoch   143/  200] trn/loss 7.889e-01, trn/lr 5.714e-02, val/acc 5.962e-01, val/nll 1.513e+00
[2023-02-03 01:10:06] [Epoch   144/  200] trn/loss 7.706e-01, trn/lr 5.530e-02, val/acc 5.793e-01, val/nll 1.671e+00
[2023-02-03 01:10:08] [Epoch   145/  200] trn/loss 7.569e-01, trn/lr 5.349e-02, val/acc 5.990e-01, val/nll 1.570e+00
[2023-02-03 01:10:10] [Epoch   146/  200] trn/loss 7.539e-01, trn/lr 5.170e-02, val/acc 6.210e-01, val/nll 1.469e+00 (best_acc: 6.051e-01 -> 6.210e-01, test_acc: 6.209e-01, test_nll: 1.439e+00)
[2023-02-03 01:10:12] [Epoch   147/  200] trn/loss 7.280e-01, trn/lr 4.993e-02, val/acc 5.789e-01, val/nll 1.699e+00
[2023-02-03 01:10:14] [Epoch   148/  200] trn/loss 7.304e-01, trn/lr 4.819e-02, val/acc 6.122e-01, val/nll 1.485e+00
[2023-02-03 01:10:16] [Epoch   149/  200] trn/loss 7.138e-01, trn/lr 4.647e-02, val/acc 5.857e-01, val/nll 1.670e+00
[2023-02-03 01:10:17] [Epoch   150/  200] trn/loss 6.942e-01, trn/lr 4.478e-02, val/acc 6.153e-01, val/nll 1.504e+00
[2023-02-03 01:10:20] [Epoch   151/  200] trn/loss 6.890e-01, trn/lr 4.311e-02, val/acc 6.244e-01, val/nll 1.483e+00 (best_acc: 6.210e-01 -> 6.244e-01, test_acc: 6.147e-01, test_nll: 1.493e+00)
[2023-02-03 01:10:21] [Epoch   152/  200] trn/loss 6.760e-01, trn/lr 4.147e-02, val/acc 6.033e-01, val/nll 1.571e+00
[2023-02-03 01:10:23] [Epoch   153/  200] trn/loss 6.591e-01, trn/lr 3.986e-02, val/acc 6.148e-01, val/nll 1.499e+00
[2023-02-03 01:10:25] [Epoch   154/  200] trn/loss 6.543e-01, trn/lr 3.827e-02, val/acc 6.082e-01, val/nll 1.539e+00
[2023-02-03 01:10:27] [Epoch   155/  200] trn/loss 6.369e-01, trn/lr 3.671e-02, val/acc 6.040e-01, val/nll 1.567e+00
[2023-02-03 01:10:29] [Epoch   156/  200] trn/loss 6.345e-01, trn/lr 3.518e-02, val/acc 6.198e-01, val/nll 1.520e+00
[2023-02-03 01:10:31] [Epoch   157/  200] trn/loss 6.168e-01, trn/lr 3.368e-02, val/acc 6.340e-01, val/nll 1.461e+00 (best_acc: 6.244e-01 -> 6.340e-01, test_acc: 6.325e-01, test_nll: 1.462e+00)
[2023-02-03 01:10:33] [Epoch   158/  200] trn/loss 6.033e-01, trn/lr 3.221e-02, val/acc 6.246e-01, val/nll 1.512e+00
[2023-02-03 01:10:35] [Epoch   159/  200] trn/loss 5.922e-01, trn/lr 3.076e-02, val/acc 6.282e-01, val/nll 1.451e+00
[2023-02-03 01:10:37] [Epoch   160/  200] trn/loss 5.858e-01, trn/lr 2.935e-02, val/acc 6.306e-01, val/nll 1.436e+00
[2023-02-03 01:10:39] [Epoch   161/  200] trn/loss 5.687e-01, trn/lr 2.796e-02, val/acc 6.280e-01, val/nll 1.501e+00
[2023-02-03 01:10:41] [Epoch   162/  200] trn/loss 5.539e-01, trn/lr 2.661e-02, val/acc 6.305e-01, val/nll 1.426e+00
[2023-02-03 01:10:43] [Epoch   163/  200] trn/loss 5.441e-01, trn/lr 2.528e-02, val/acc 6.280e-01, val/nll 1.470e+00
[2023-02-03 01:10:45] [Epoch   164/  200] trn/loss 5.262e-01, trn/lr 2.399e-02, val/acc 6.264e-01, val/nll 1.484e+00
[2023-02-03 01:10:47] [Epoch   165/  200] trn/loss 5.257e-01, trn/lr 2.273e-02, val/acc 6.290e-01, val/nll 1.473e+00
[2023-02-03 01:10:49] [Epoch   166/  200] trn/loss 5.053e-01, trn/lr 2.150e-02, val/acc 6.356e-01, val/nll 1.481e+00 (best_acc: 6.340e-01 -> 6.356e-01, test_acc: 6.415e-01, test_nll: 1.477e+00)
[2023-02-03 01:10:51] [Epoch   167/  200] trn/loss 4.903e-01, trn/lr 2.030e-02, val/acc 6.350e-01, val/nll 1.436e+00
[2023-02-03 01:10:53] [Epoch   168/  200] trn/loss 4.792e-01, trn/lr 1.913e-02, val/acc 6.377e-01, val/nll 1.435e+00 (best_acc: 6.356e-01 -> 6.377e-01, test_acc: 6.395e-01, test_nll: 1.447e+00)
[2023-02-03 01:10:55] [Epoch   169/  200] trn/loss 4.686e-01, trn/lr 1.800e-02, val/acc 6.385e-01, val/nll 1.454e+00 (best_acc: 6.377e-01 -> 6.385e-01, test_acc: 6.449e-01, test_nll: 1.436e+00)
[2023-02-03 01:10:57] [Epoch   170/  200] trn/loss 4.594e-01, trn/lr 1.689e-02, val/acc 6.361e-01, val/nll 1.488e+00
[2023-02-03 01:10:59] [Epoch   171/  200] trn/loss 4.440e-01, trn/lr 1.582e-02, val/acc 6.403e-01, val/nll 1.454e+00 (best_acc: 6.385e-01 -> 6.403e-01, test_acc: 6.385e-01, test_nll: 1.477e+00)
[2023-02-03 01:11:01] [Epoch   172/  200] trn/loss 4.323e-01, trn/lr 1.479e-02, val/acc 6.445e-01, val/nll 1.408e+00 (best_acc: 6.403e-01 -> 6.445e-01, test_acc: 6.527e-01, test_nll: 1.392e+00)
[2023-02-03 01:11:03] [Epoch   173/  200] trn/loss 4.211e-01, trn/lr 1.378e-02, val/acc 6.424e-01, val/nll 1.439e+00
[2023-02-03 01:11:05] [Epoch   174/  200] trn/loss 4.103e-01, trn/lr 1.281e-02, val/acc 6.489e-01, val/nll 1.434e+00 (best_acc: 6.445e-01 -> 6.489e-01, test_acc: 6.465e-01, test_nll: 1.430e+00)
[2023-02-03 01:11:07] [Epoch   175/  200] trn/loss 3.935e-01, trn/lr 1.188e-02, val/acc 6.404e-01, val/nll 1.476e+00
[2023-02-03 01:11:09] [Epoch   176/  200] trn/loss 3.862e-01, trn/lr 1.098e-02, val/acc 6.466e-01, val/nll 1.430e+00
[2023-02-03 01:11:11] [Epoch   177/  200] trn/loss 3.831e-01, trn/lr 1.011e-02, val/acc 6.518e-01, val/nll 1.420e+00 (best_acc: 6.489e-01 -> 6.518e-01, test_acc: 6.552e-01, test_nll: 1.417e+00)
[2023-02-03 01:11:13] [Epoch   178/  200] trn/loss 3.701e-01, trn/lr 9.275e-03, val/acc 6.541e-01, val/nll 1.411e+00 (best_acc: 6.518e-01 -> 6.541e-01, test_acc: 6.631e-01, test_nll: 1.407e+00)
[2023-02-03 01:11:15] [Epoch   179/  200] trn/loss 3.539e-01, trn/lr 8.477e-03, val/acc 6.514e-01, val/nll 1.414e+00
[2023-02-03 01:11:17] [Epoch   180/  200] trn/loss 3.519e-01, trn/lr 7.714e-03, val/acc 6.489e-01, val/nll 1.417e+00
[2023-02-03 01:11:19] [Epoch   181/  200] trn/loss 3.435e-01, trn/lr 6.986e-03, val/acc 6.535e-01, val/nll 1.413e+00
[2023-02-03 01:11:21] [Epoch   182/  200] trn/loss 3.373e-01, trn/lr 6.293e-03, val/acc 6.531e-01, val/nll 1.444e+00
[2023-02-03 01:11:23] [Epoch   183/  200] trn/loss 3.257e-01, trn/lr 5.635e-03, val/acc 6.581e-01, val/nll 1.409e+00 (best_acc: 6.541e-01 -> 6.581e-01, test_acc: 6.579e-01, test_nll: 1.407e+00)
[2023-02-03 01:11:25] [Epoch   184/  200] trn/loss 3.149e-01, trn/lr 5.013e-03, val/acc 6.569e-01, val/nll 1.406e+00
[2023-02-03 01:11:27] [Epoch   185/  200] trn/loss 3.137e-01, trn/lr 4.427e-03, val/acc 6.535e-01, val/nll 1.415e+00
[2023-02-03 01:11:29] [Epoch   186/  200] trn/loss 3.116e-01, trn/lr 3.877e-03, val/acc 6.588e-01, val/nll 1.408e+00 (best_acc: 6.581e-01 -> 6.588e-01, test_acc: 6.585e-01, test_nll: 1.405e+00)
[2023-02-03 01:11:31] [Epoch   187/  200] trn/loss 3.025e-01, trn/lr 3.363e-03, val/acc 6.583e-01, val/nll 1.417e+00
[2023-02-03 01:11:33] [Epoch   188/  200] trn/loss 3.002e-01, trn/lr 2.885e-03, val/acc 6.581e-01, val/nll 1.408e+00
[2023-02-03 01:11:34] [Epoch   189/  200] trn/loss 2.926e-01, trn/lr 2.444e-03, val/acc 6.572e-01, val/nll 1.411e+00
[2023-02-03 01:11:36] [Epoch   190/  200] trn/loss 2.914e-01, trn/lr 2.038e-03, val/acc 6.552e-01, val/nll 1.412e+00
[2023-02-03 01:11:38] [Epoch   191/  200] trn/loss 2.856e-01, trn/lr 1.670e-03, val/acc 6.537e-01, val/nll 1.406e+00
[2023-02-03 01:11:40] [Epoch   192/  200] trn/loss 2.832e-01, trn/lr 1.338e-03, val/acc 6.566e-01, val/nll 1.416e+00
[2023-02-03 01:11:42] [Epoch   193/  200] trn/loss 2.834e-01, trn/lr 1.042e-03, val/acc 6.558e-01, val/nll 1.408e+00
[2023-02-03 01:11:44] [Epoch   194/  200] trn/loss 2.808e-01, trn/lr 7.835e-04, val/acc 6.544e-01, val/nll 1.412e+00
[2023-02-03 01:11:46] [Epoch   195/  200] trn/loss 2.776e-01, trn/lr 5.616e-04, val/acc 6.573e-01, val/nll 1.408e+00
[2023-02-03 01:11:48] [Epoch   196/  200] trn/loss 2.759e-01, trn/lr 3.766e-04, val/acc 6.563e-01, val/nll 1.411e+00
[2023-02-03 01:11:50] [Epoch   197/  200] trn/loss 2.747e-01, trn/lr 2.286e-04, val/acc 6.574e-01, val/nll 1.404e+00
[2023-02-03 01:11:52] [Epoch   198/  200] trn/loss 2.764e-01, trn/lr 1.175e-04, val/acc 6.567e-01, val/nll 1.407e+00
[2023-02-03 01:11:54] [Epoch   199/  200] trn/loss 2.771e-01, trn/lr 4.335e-05, val/acc 6.582e-01, val/nll 1.407e+00
[2023-02-03 01:11:56] [Epoch   200/  200] trn/loss 2.741e-01, trn/lr 6.226e-06, val/acc 6.561e-01, val/nll 1.407e+00
