[2023-02-16 17:57:56] Environments:
------------  ------------------------------------------------------------
sys.platform  linux
Python        3.8.10 (default, Nov 14 2022, 12:59:47) [GCC 9.4.0]
JAX           0.4.2 @/home/giung/.local/lib/python3.8/site-packages/jax
jaxlib        0.4.2 @/home/giung/.local/lib/python3.8/site-packages/jaxlib
Flax          0.6.4 @/home/giung/.local/lib/python3.8/site-packages/flax
Optax         0.1.4 @/home/giung/.local/lib/python3.8/site-packages/optax
------------  ------------------------------------------------------------

[2023-02-16 17:57:56] Command line arguments:
- args.data_root          : ./data/
- args.data_name          : CIFAR10_x32
- args.data_augmentation  : standard
- args.data_proportional  : 1.0
- args.model_depth        : 20
- args.model_width        : 4
- args.model_style        : BN-ReLU
- args.optim_bs           : 256
- args.optim_ne           : 200
- args.optim_lr           : 0.1
- args.optim_b1           : 0.9
- args.optim_b2           : 0.999
- args.optim_eps          : 0.1
- args.optim_weight_decay : 0.001
- args.rho                : 0.01
- args.num_data_factor    : 4.0
- args.save               : /home/giung/giung2-dev/projects/sam/save/CIFAR10_x32/R20x4-BN-ReLU/BayesSAM/bs-0256_ne-0200_lr-0.10_b1-0.900_b2-0.999_wd-0.0010_eps-1e-1_rho-0.0100_factor-4.0_fp32/42
- args.seed               : 42
- args.precision          : fp32

[2023-02-16 17:58:02] Multiple local devices are detected:
[TpuDevice(id=0, process_index=0, coords=(0,0,0), core_on_chip=0), TpuDevice(id=1, process_index=0, coords=(0,0,0), core_on_chip=1), TpuDevice(id=2, process_index=0, coords=(1,0,0), core_on_chip=0), TpuDevice(id=3, process_index=0, coords=(1,0,0), core_on_chip=1), TpuDevice(id=4, process_index=0, coords=(0,1,0), core_on_chip=0), TpuDevice(id=5, process_index=0, coords=(0,1,0), core_on_chip=1), TpuDevice(id=6, process_index=0, coords=(1,1,0), core_on_chip=0), TpuDevice(id=7, process_index=0, coords=(1,1,0), core_on_chip=1)]

[2023-02-16 17:59:12] [Epoch     1/  200] trn/loss 2.185e+00, trn/lr 1.000e-01, trn/scale 9.322e-01, val/acc 3.146e-01, val/nll 1.837e+00 (best_acc: 0.000e+00 -> 3.146e-01, test_acc: 3.226e-01, test_nll: 1.835e+00)
[2023-02-16 17:59:21] [Epoch     2/  200] trn/loss 1.681e+00, trn/lr 9.999e-02, trn/scale 8.094e-01, val/acc 4.421e-01, val/nll 1.529e+00 (best_acc: 3.146e-01 -> 4.421e-01, test_acc: 4.407e-01, test_nll: 1.522e+00)
[2023-02-16 17:59:31] [Epoch     3/  200] trn/loss 1.438e+00, trn/lr 9.996e-02, trn/scale 7.048e-01, val/acc 5.289e-01, val/nll 1.309e+00 (best_acc: 4.421e-01 -> 5.289e-01, test_acc: 5.278e-01, test_nll: 1.324e+00)
[2023-02-16 17:59:40] [Epoch     4/  200] trn/loss 1.282e+00, trn/lr 9.992e-02, trn/scale 6.156e-01, val/acc 5.653e-01, val/nll 1.188e+00 (best_acc: 5.289e-01 -> 5.653e-01, test_acc: 5.602e-01, test_nll: 1.207e+00)
[2023-02-16 17:59:49] [Epoch     5/  200] trn/loss 1.136e+00, trn/lr 9.987e-02, trn/scale 5.396e-01, val/acc 5.986e-01, val/nll 1.118e+00 (best_acc: 5.653e-01 -> 5.986e-01, test_acc: 5.915e-01, test_nll: 1.144e+00)
[2023-02-16 17:59:59] [Epoch     6/  200] trn/loss 1.020e+00, trn/lr 9.981e-02, trn/scale 4.749e-01, val/acc 6.428e-01, val/nll 9.969e-01 (best_acc: 5.986e-01 -> 6.428e-01, test_acc: 6.432e-01, test_nll: 1.015e+00)
[2023-02-16 18:00:08] [Epoch     7/  200] trn/loss 9.002e-01, trn/lr 9.974e-02, trn/scale 4.197e-01, val/acc 7.031e-01, val/nll 8.489e-01 (best_acc: 6.428e-01 -> 7.031e-01, test_acc: 6.994e-01, test_nll: 8.570e-01)
[2023-02-16 18:00:16] [Epoch     8/  200] trn/loss 8.025e-01, trn/lr 9.965e-02, trn/scale 3.727e-01, val/acc 6.885e-01, val/nll 9.615e-01
[2023-02-16 18:00:25] [Epoch     9/  200] trn/loss 7.165e-01, trn/lr 9.955e-02, trn/scale 3.326e-01, val/acc 7.353e-01, val/nll 7.703e-01 (best_acc: 7.031e-01 -> 7.353e-01, test_acc: 7.322e-01, test_nll: 7.792e-01)
[2023-02-16 18:00:33] [Epoch    10/  200] trn/loss 6.550e-01, trn/lr 9.944e-02, trn/scale 2.985e-01, val/acc 6.919e-01, val/nll 8.919e-01
[2023-02-16 18:00:43] [Epoch    11/  200] trn/loss 5.980e-01, trn/lr 9.932e-02, trn/scale 2.694e-01, val/acc 7.897e-01, val/nll 6.222e-01 (best_acc: 7.353e-01 -> 7.897e-01, test_acc: 7.810e-01, test_nll: 6.282e-01)
[2023-02-16 18:00:51] [Epoch    12/  200] trn/loss 5.609e-01, trn/lr 9.919e-02, trn/scale 2.447e-01, val/acc 7.831e-01, val/nll 6.378e-01
[2023-02-16 18:00:59] [Epoch    13/  200] trn/loss 5.180e-01, trn/lr 9.904e-02, trn/scale 2.236e-01, val/acc 7.571e-01, val/nll 7.131e-01
[2023-02-16 18:01:08] [Epoch    14/  200] trn/loss 5.032e-01, trn/lr 9.888e-02, trn/scale 2.056e-01, val/acc 7.764e-01, val/nll 7.139e-01
[2023-02-16 18:01:16] [Epoch    15/  200] trn/loss 4.645e-01, trn/lr 9.871e-02, trn/scale 1.902e-01, val/acc 7.879e-01, val/nll 6.312e-01
[2023-02-16 18:01:25] [Epoch    16/  200] trn/loss 4.484e-01, trn/lr 9.853e-02, trn/scale 1.772e-01, val/acc 8.095e-01, val/nll 5.612e-01 (best_acc: 7.897e-01 -> 8.095e-01, test_acc: 8.106e-01, test_nll: 5.765e-01)
[2023-02-16 18:01:34] [Epoch    17/  200] trn/loss 4.257e-01, trn/lr 9.833e-02, trn/scale 1.661e-01, val/acc 8.289e-01, val/nll 5.098e-01 (best_acc: 8.095e-01 -> 8.289e-01, test_acc: 8.197e-01, test_nll: 5.264e-01)
[2023-02-16 18:01:43] [Epoch    18/  200] trn/loss 4.114e-01, trn/lr 9.812e-02, trn/scale 1.566e-01, val/acc 8.106e-01, val/nll 5.595e-01
[2023-02-16 18:01:52] [Epoch    19/  200] trn/loss 4.001e-01, trn/lr 9.790e-02, trn/scale 1.485e-01, val/acc 8.487e-01, val/nll 4.479e-01 (best_acc: 8.289e-01 -> 8.487e-01, test_acc: 8.435e-01, test_nll: 4.591e-01)
[2023-02-16 18:02:00] [Epoch    20/  200] trn/loss 3.836e-01, trn/lr 9.767e-02, trn/scale 1.416e-01, val/acc 8.268e-01, val/nll 5.043e-01
[2023-02-16 18:02:08] [Epoch    21/  200] trn/loss 3.732e-01, trn/lr 9.743e-02, trn/scale 1.358e-01, val/acc 8.407e-01, val/nll 4.747e-01
[2023-02-16 18:02:18] [Epoch    22/  200] trn/loss 3.705e-01, trn/lr 9.718e-02, trn/scale 1.308e-01, val/acc 8.669e-01, val/nll 4.077e-01 (best_acc: 8.487e-01 -> 8.669e-01, test_acc: 8.566e-01, test_nll: 4.192e-01)
[2023-02-16 18:02:26] [Epoch    23/  200] trn/loss 3.604e-01, trn/lr 9.691e-02, trn/scale 1.265e-01, val/acc 8.114e-01, val/nll 5.639e-01
[2023-02-16 18:02:34] [Epoch    24/  200] trn/loss 3.536e-01, trn/lr 9.663e-02, trn/scale 1.229e-01, val/acc 8.546e-01, val/nll 4.307e-01
[2023-02-16 18:02:43] [Epoch    25/  200] trn/loss 3.492e-01, trn/lr 9.634e-02, trn/scale 1.198e-01, val/acc 8.695e-01, val/nll 3.853e-01 (best_acc: 8.669e-01 -> 8.695e-01, test_acc: 8.647e-01, test_nll: 3.975e-01)
[2023-02-16 18:02:52] [Epoch    26/  200] trn/loss 3.408e-01, trn/lr 9.604e-02, trn/scale 1.172e-01, val/acc 8.355e-01, val/nll 5.050e-01
[2023-02-16 18:03:00] [Epoch    27/  200] trn/loss 3.378e-01, trn/lr 9.573e-02, trn/scale 1.149e-01, val/acc 8.425e-01, val/nll 4.563e-01
[2023-02-16 18:03:08] [Epoch    28/  200] trn/loss 3.289e-01, trn/lr 9.541e-02, trn/scale 1.130e-01, val/acc 8.503e-01, val/nll 4.482e-01
[2023-02-16 18:03:16] [Epoch    29/  200] trn/loss 3.292e-01, trn/lr 9.507e-02, trn/scale 1.114e-01, val/acc 8.558e-01, val/nll 4.293e-01
[2023-02-16 18:03:25] [Epoch    30/  200] trn/loss 3.169e-01, trn/lr 9.473e-02, trn/scale 1.100e-01, val/acc 8.353e-01, val/nll 4.740e-01
[2023-02-16 18:03:33] [Epoch    31/  200] trn/loss 3.202e-01, trn/lr 9.437e-02, trn/scale 1.088e-01, val/acc 8.389e-01, val/nll 4.741e-01
[2023-02-16 18:03:41] [Epoch    32/  200] trn/loss 3.131e-01, trn/lr 9.400e-02, trn/scale 1.078e-01, val/acc 8.406e-01, val/nll 4.782e-01
[2023-02-16 18:03:49] [Epoch    33/  200] trn/loss 3.051e-01, trn/lr 9.363e-02, trn/scale 1.070e-01, val/acc 8.439e-01, val/nll 4.480e-01
[2023-02-16 18:03:59] [Epoch    34/  200] trn/loss 2.995e-01, trn/lr 9.324e-02, trn/scale 1.062e-01, val/acc 8.725e-01, val/nll 3.658e-01 (best_acc: 8.695e-01 -> 8.725e-01, test_acc: 8.687e-01, test_nll: 3.864e-01)
[2023-02-16 18:04:07] [Epoch    35/  200] trn/loss 2.943e-01, trn/lr 9.284e-02, trn/scale 1.056e-01, val/acc 8.555e-01, val/nll 4.292e-01
[2023-02-16 18:04:15] [Epoch    36/  200] trn/loss 2.910e-01, trn/lr 9.243e-02, trn/scale 1.051e-01, val/acc 8.355e-01, val/nll 5.025e-01
[2023-02-16 18:04:23] [Epoch    37/  200] trn/loss 2.876e-01, trn/lr 9.201e-02, trn/scale 1.046e-01, val/acc 8.712e-01, val/nll 3.781e-01
[2023-02-16 18:04:32] [Epoch    38/  200] trn/loss 2.854e-01, trn/lr 9.157e-02, trn/scale 1.042e-01, val/acc 8.281e-01, val/nll 5.165e-01
[2023-02-16 18:04:40] [Epoch    39/  200] trn/loss 2.791e-01, trn/lr 9.113e-02, trn/scale 1.039e-01, val/acc 8.499e-01, val/nll 4.346e-01
[2023-02-16 18:04:48] [Epoch    40/  200] trn/loss 2.786e-01, trn/lr 9.068e-02, trn/scale 1.036e-01, val/acc 8.540e-01, val/nll 4.393e-01
[2023-02-16 18:04:57] [Epoch    41/  200] trn/loss 2.674e-01, trn/lr 9.022e-02, trn/scale 1.034e-01, val/acc 8.895e-01, val/nll 3.272e-01 (best_acc: 8.725e-01 -> 8.895e-01, test_acc: 8.849e-01, test_nll: 3.423e-01)
[2023-02-16 18:05:06] [Epoch    42/  200] trn/loss 2.632e-01, trn/lr 8.975e-02, trn/scale 1.032e-01, val/acc 8.860e-01, val/nll 3.376e-01
[2023-02-16 18:05:14] [Epoch    43/  200] trn/loss 2.569e-01, trn/lr 8.927e-02, trn/scale 1.030e-01, val/acc 8.396e-01, val/nll 4.983e-01
[2023-02-16 18:05:22] [Epoch    44/  200] trn/loss 2.629e-01, trn/lr 8.878e-02, trn/scale 1.029e-01, val/acc 8.692e-01, val/nll 3.931e-01
[2023-02-16 18:05:30] [Epoch    45/  200] trn/loss 2.583e-01, trn/lr 8.828e-02, trn/scale 1.027e-01, val/acc 8.857e-01, val/nll 3.386e-01
[2023-02-16 18:05:39] [Epoch    46/  200] trn/loss 2.537e-01, trn/lr 8.777e-02, trn/scale 1.026e-01, val/acc 8.815e-01, val/nll 3.548e-01
[2023-02-16 18:05:47] [Epoch    47/  200] trn/loss 2.492e-01, trn/lr 8.725e-02, trn/scale 1.025e-01, val/acc 8.881e-01, val/nll 3.299e-01
[2023-02-16 18:05:56] [Epoch    48/  200] trn/loss 2.517e-01, trn/lr 8.672e-02, trn/scale 1.025e-01, val/acc 8.954e-01, val/nll 3.059e-01 (best_acc: 8.895e-01 -> 8.954e-01, test_acc: 8.912e-01, test_nll: 3.151e-01)
[2023-02-16 18:06:04] [Epoch    49/  200] trn/loss 2.474e-01, trn/lr 8.618e-02, trn/scale 1.024e-01, val/acc 8.769e-01, val/nll 3.589e-01
[2023-02-16 18:06:12] [Epoch    50/  200] trn/loss 2.395e-01, trn/lr 8.563e-02, trn/scale 1.023e-01, val/acc 8.811e-01, val/nll 3.482e-01
[2023-02-16 18:06:21] [Epoch    51/  200] trn/loss 2.380e-01, trn/lr 8.508e-02, trn/scale 1.023e-01, val/acc 8.843e-01, val/nll 3.363e-01
[2023-02-16 18:06:29] [Epoch    52/  200] trn/loss 2.294e-01, trn/lr 8.451e-02, trn/scale 1.022e-01, val/acc 8.862e-01, val/nll 3.293e-01
[2023-02-16 18:06:37] [Epoch    53/  200] trn/loss 2.345e-01, trn/lr 8.394e-02, trn/scale 1.022e-01, val/acc 8.855e-01, val/nll 3.486e-01
[2023-02-16 18:06:45] [Epoch    54/  200] trn/loss 2.317e-01, trn/lr 8.336e-02, trn/scale 1.022e-01, val/acc 8.501e-01, val/nll 4.394e-01
[2023-02-16 18:06:54] [Epoch    55/  200] trn/loss 2.258e-01, trn/lr 8.277e-02, trn/scale 1.022e-01, val/acc 8.765e-01, val/nll 3.682e-01
[2023-02-16 18:07:02] [Epoch    56/  200] trn/loss 2.258e-01, trn/lr 8.217e-02, trn/scale 1.021e-01, val/acc 8.686e-01, val/nll 3.871e-01
[2023-02-16 18:07:10] [Epoch    57/  200] trn/loss 2.199e-01, trn/lr 8.157e-02, trn/scale 1.021e-01, val/acc 8.688e-01, val/nll 3.846e-01
[2023-02-16 18:07:18] [Epoch    58/  200] trn/loss 2.152e-01, trn/lr 8.096e-02, trn/scale 1.021e-01, val/acc 8.941e-01, val/nll 3.160e-01
[2023-02-16 18:07:27] [Epoch    59/  200] trn/loss 2.199e-01, trn/lr 8.034e-02, trn/scale 1.021e-01, val/acc 8.902e-01, val/nll 3.495e-01
[2023-02-16 18:07:35] [Epoch    60/  200] trn/loss 2.160e-01, trn/lr 7.971e-02, trn/scale 1.021e-01, val/acc 8.688e-01, val/nll 4.004e-01
[2023-02-16 18:07:43] [Epoch    61/  200] trn/loss 2.160e-01, trn/lr 7.907e-02, trn/scale 1.021e-01, val/acc 8.735e-01, val/nll 3.765e-01
[2023-02-16 18:07:51] [Epoch    62/  200] trn/loss 2.103e-01, trn/lr 7.843e-02, trn/scale 1.021e-01, val/acc 8.933e-01, val/nll 3.243e-01
[2023-02-16 18:08:00] [Epoch    63/  200] trn/loss 2.038e-01, trn/lr 7.778e-02, trn/scale 1.021e-01, val/acc 8.942e-01, val/nll 3.101e-01
[2023-02-16 18:08:08] [Epoch    64/  200] trn/loss 2.058e-01, trn/lr 7.712e-02, trn/scale 1.021e-01, val/acc 8.923e-01, val/nll 3.149e-01
[2023-02-16 18:08:16] [Epoch    65/  200] trn/loss 1.987e-01, trn/lr 7.646e-02, trn/scale 1.020e-01, val/acc 8.739e-01, val/nll 3.726e-01
[2023-02-16 18:08:24] [Epoch    66/  200] trn/loss 2.010e-01, trn/lr 7.579e-02, trn/scale 1.020e-01, val/acc 8.928e-01, val/nll 3.191e-01
[2023-02-16 18:08:33] [Epoch    67/  200] trn/loss 1.981e-01, trn/lr 7.512e-02, trn/scale 1.020e-01, val/acc 8.906e-01, val/nll 3.229e-01
[2023-02-16 18:08:41] [Epoch    68/  200] trn/loss 1.905e-01, trn/lr 7.443e-02, trn/scale 1.020e-01, val/acc 8.897e-01, val/nll 3.227e-01
[2023-02-16 18:08:49] [Epoch    69/  200] trn/loss 1.870e-01, trn/lr 7.374e-02, trn/scale 1.020e-01, val/acc 8.940e-01, val/nll 3.174e-01
[2023-02-16 18:08:57] [Epoch    70/  200] trn/loss 1.893e-01, trn/lr 7.305e-02, trn/scale 1.020e-01, val/acc 8.595e-01, val/nll 4.256e-01
[2023-02-16 18:09:07] [Epoch    71/  200] trn/loss 1.872e-01, trn/lr 7.235e-02, trn/scale 1.020e-01, val/acc 9.088e-01, val/nll 2.614e-01 (best_acc: 8.954e-01 -> 9.088e-01, test_acc: 9.054e-01, test_nll: 2.761e-01)
[2023-02-16 18:09:15] [Epoch    72/  200] trn/loss 1.856e-01, trn/lr 7.165e-02, trn/scale 1.020e-01, val/acc 8.963e-01, val/nll 3.097e-01
[2023-02-16 18:09:23] [Epoch    73/  200] trn/loss 1.889e-01, trn/lr 7.093e-02, trn/scale 1.020e-01, val/acc 8.965e-01, val/nll 2.987e-01
[2023-02-16 18:09:33] [Epoch    74/  200] trn/loss 1.731e-01, trn/lr 7.022e-02, trn/scale 1.020e-01, val/acc 9.162e-01, val/nll 2.427e-01 (best_acc: 9.088e-01 -> 9.162e-01, test_acc: 9.116e-01, test_nll: 2.591e-01)
[2023-02-16 18:09:41] [Epoch    75/  200] trn/loss 1.737e-01, trn/lr 6.950e-02, trn/scale 1.020e-01, val/acc 8.861e-01, val/nll 3.339e-01
[2023-02-16 18:09:49] [Epoch    76/  200] trn/loss 1.727e-01, trn/lr 6.877e-02, trn/scale 1.020e-01, val/acc 8.983e-01, val/nll 3.067e-01
[2023-02-16 18:09:57] [Epoch    77/  200] trn/loss 1.687e-01, trn/lr 6.804e-02, trn/scale 1.020e-01, val/acc 9.013e-01, val/nll 2.933e-01
[2023-02-16 18:10:06] [Epoch    78/  200] trn/loss 1.672e-01, trn/lr 6.731e-02, trn/scale 1.020e-01, val/acc 8.914e-01, val/nll 3.249e-01
[2023-02-16 18:10:14] [Epoch    79/  200] trn/loss 1.677e-01, trn/lr 6.657e-02, trn/scale 1.020e-01, val/acc 8.912e-01, val/nll 3.299e-01
[2023-02-16 18:10:22] [Epoch    80/  200] trn/loss 1.625e-01, trn/lr 6.583e-02, trn/scale 1.020e-01, val/acc 8.941e-01, val/nll 3.280e-01
[2023-02-16 18:10:30] [Epoch    81/  200] trn/loss 1.614e-01, trn/lr 6.508e-02, trn/scale 1.020e-01, val/acc 8.991e-01, val/nll 3.034e-01
[2023-02-16 18:10:38] [Epoch    82/  200] trn/loss 1.588e-01, trn/lr 6.433e-02, trn/scale 1.020e-01, val/acc 9.094e-01, val/nll 2.754e-01
[2023-02-16 18:10:47] [Epoch    83/  200] trn/loss 1.503e-01, trn/lr 6.357e-02, trn/scale 1.020e-01, val/acc 9.117e-01, val/nll 2.674e-01
[2023-02-16 18:10:55] [Epoch    84/  200] trn/loss 1.544e-01, trn/lr 6.282e-02, trn/scale 1.020e-01, val/acc 9.091e-01, val/nll 2.685e-01
[2023-02-16 18:11:03] [Epoch    85/  200] trn/loss 1.454e-01, trn/lr 6.206e-02, trn/scale 1.020e-01, val/acc 9.003e-01, val/nll 2.996e-01
[2023-02-16 18:11:12] [Epoch    86/  200] trn/loss 1.493e-01, trn/lr 6.129e-02, trn/scale 1.020e-01, val/acc 9.187e-01, val/nll 2.416e-01 (best_acc: 9.162e-01 -> 9.187e-01, test_acc: 9.111e-01, test_nll: 2.550e-01)
[2023-02-16 18:11:21] [Epoch    87/  200] trn/loss 1.430e-01, trn/lr 6.053e-02, trn/scale 1.020e-01, val/acc 9.123e-01, val/nll 2.582e-01
[2023-02-16 18:11:30] [Epoch    88/  200] trn/loss 1.466e-01, trn/lr 5.976e-02, trn/scale 1.020e-01, val/acc 9.204e-01, val/nll 2.406e-01 (best_acc: 9.187e-01 -> 9.204e-01, test_acc: 9.138e-01, test_nll: 2.471e-01)
[2023-02-16 18:11:38] [Epoch    89/  200] trn/loss 1.409e-01, trn/lr 5.899e-02, trn/scale 1.020e-01, val/acc 9.087e-01, val/nll 2.681e-01
[2023-02-16 18:11:47] [Epoch    90/  200] trn/loss 1.370e-01, trn/lr 5.821e-02, trn/scale 1.020e-01, val/acc 9.221e-01, val/nll 2.346e-01 (best_acc: 9.204e-01 -> 9.221e-01, test_acc: 9.147e-01, test_nll: 2.493e-01)
[2023-02-16 18:11:56] [Epoch    91/  200] trn/loss 1.344e-01, trn/lr 5.744e-02, trn/scale 1.020e-01, val/acc 9.149e-01, val/nll 2.488e-01
[2023-02-16 18:12:04] [Epoch    92/  200] trn/loss 1.335e-01, trn/lr 5.666e-02, trn/scale 1.020e-01, val/acc 8.909e-01, val/nll 3.311e-01
[2023-02-16 18:12:12] [Epoch    93/  200] trn/loss 1.291e-01, trn/lr 5.588e-02, trn/scale 1.020e-01, val/acc 9.187e-01, val/nll 2.447e-01
[2023-02-16 18:12:20] [Epoch    94/  200] trn/loss 1.257e-01, trn/lr 5.510e-02, trn/scale 1.020e-01, val/acc 9.085e-01, val/nll 2.728e-01
[2023-02-16 18:12:29] [Epoch    95/  200] trn/loss 1.255e-01, trn/lr 5.432e-02, trn/scale 1.020e-01, val/acc 9.052e-01, val/nll 2.877e-01
[2023-02-16 18:12:37] [Epoch    96/  200] trn/loss 1.201e-01, trn/lr 5.353e-02, trn/scale 1.020e-01, val/acc 9.198e-01, val/nll 2.393e-01
[2023-02-16 18:12:46] [Epoch    97/  200] trn/loss 1.214e-01, trn/lr 5.275e-02, trn/scale 1.020e-01, val/acc 9.226e-01, val/nll 2.286e-01 (best_acc: 9.221e-01 -> 9.226e-01, test_acc: 9.202e-01, test_nll: 2.361e-01)
[2023-02-16 18:12:55] [Epoch    98/  200] trn/loss 1.211e-01, trn/lr 5.197e-02, trn/scale 1.020e-01, val/acc 9.275e-01, val/nll 2.213e-01 (best_acc: 9.226e-01 -> 9.275e-01, test_acc: 9.210e-01, test_nll: 2.335e-01)
[2023-02-16 18:13:04] [Epoch    99/  200] trn/loss 1.226e-01, trn/lr 5.118e-02, trn/scale 1.020e-01, val/acc 9.147e-01, val/nll 2.518e-01
[2023-02-16 18:13:12] [Epoch   100/  200] trn/loss 1.112e-01, trn/lr 5.040e-02, trn/scale 1.020e-01, val/acc 9.132e-01, val/nll 2.547e-01
[2023-02-16 18:13:20] [Epoch   101/  200] trn/loss 1.106e-01, trn/lr 4.961e-02, trn/scale 1.020e-01, val/acc 8.972e-01, val/nll 3.027e-01
[2023-02-16 18:13:28] [Epoch   102/  200] trn/loss 1.087e-01, trn/lr 4.882e-02, trn/scale 1.020e-01, val/acc 9.268e-01, val/nll 2.209e-01
[2023-02-16 18:13:37] [Epoch   103/  200] trn/loss 1.077e-01, trn/lr 4.804e-02, trn/scale 1.020e-01, val/acc 9.226e-01, val/nll 2.263e-01
[2023-02-16 18:13:45] [Epoch   104/  200] trn/loss 1.054e-01, trn/lr 4.725e-02, trn/scale 1.020e-01, val/acc 9.153e-01, val/nll 2.509e-01
[2023-02-16 18:13:54] [Epoch   105/  200] trn/loss 1.045e-01, trn/lr 4.647e-02, trn/scale 1.020e-01, val/acc 9.294e-01, val/nll 2.157e-01 (best_acc: 9.275e-01 -> 9.294e-01, test_acc: 9.266e-01, test_nll: 2.261e-01)
[2023-02-16 18:14:03] [Epoch   106/  200] trn/loss 9.724e-02, trn/lr 4.569e-02, trn/scale 1.020e-01, val/acc 9.324e-01, val/nll 2.036e-01 (best_acc: 9.294e-01 -> 9.324e-01, test_acc: 9.249e-01, test_nll: 2.170e-01)
[2023-02-16 18:14:11] [Epoch   107/  200] trn/loss 9.535e-02, trn/lr 4.491e-02, trn/scale 1.020e-01, val/acc 9.302e-01, val/nll 1.997e-01
[2023-02-16 18:14:20] [Epoch   108/  200] trn/loss 9.640e-02, trn/lr 4.413e-02, trn/scale 1.020e-01, val/acc 9.147e-01, val/nll 2.636e-01
[2023-02-16 18:14:28] [Epoch   109/  200] trn/loss 9.322e-02, trn/lr 4.335e-02, trn/scale 1.020e-01, val/acc 9.183e-01, val/nll 2.469e-01
[2023-02-16 18:14:36] [Epoch   110/  200] trn/loss 9.429e-02, trn/lr 4.257e-02, trn/scale 1.020e-01, val/acc 9.221e-01, val/nll 2.333e-01
[2023-02-16 18:14:44] [Epoch   111/  200] trn/loss 8.775e-02, trn/lr 4.179e-02, trn/scale 1.020e-01, val/acc 9.269e-01, val/nll 2.191e-01
[2023-02-16 18:14:53] [Epoch   112/  200] trn/loss 8.492e-02, trn/lr 4.102e-02, trn/scale 1.020e-01, val/acc 9.270e-01, val/nll 2.197e-01
[2023-02-16 18:15:01] [Epoch   113/  200] trn/loss 8.317e-02, trn/lr 4.025e-02, trn/scale 1.020e-01, val/acc 9.169e-01, val/nll 2.420e-01
[2023-02-16 18:15:09] [Epoch   114/  200] trn/loss 8.099e-02, trn/lr 3.948e-02, trn/scale 1.020e-01, val/acc 9.292e-01, val/nll 2.153e-01
[2023-02-16 18:15:17] [Epoch   115/  200] trn/loss 8.211e-02, trn/lr 3.871e-02, trn/scale 1.020e-01, val/acc 9.223e-01, val/nll 2.295e-01
[2023-02-16 18:15:26] [Epoch   116/  200] trn/loss 7.604e-02, trn/lr 3.795e-02, trn/scale 1.020e-01, val/acc 9.238e-01, val/nll 2.164e-01
[2023-02-16 18:15:34] [Epoch   117/  200] trn/loss 7.785e-02, trn/lr 3.719e-02, trn/scale 1.020e-01, val/acc 9.282e-01, val/nll 2.216e-01
[2023-02-16 18:15:43] [Epoch   118/  200] trn/loss 7.256e-02, trn/lr 3.643e-02, trn/scale 1.020e-01, val/acc 9.333e-01, val/nll 2.046e-01 (best_acc: 9.324e-01 -> 9.333e-01, test_acc: 9.307e-01, test_nll: 2.013e-01)
[2023-02-16 18:15:51] [Epoch   119/  200] trn/loss 7.238e-02, trn/lr 3.568e-02, trn/scale 1.020e-01, val/acc 9.277e-01, val/nll 2.122e-01
[2023-02-16 18:16:00] [Epoch   120/  200] trn/loss 6.663e-02, trn/lr 3.493e-02, trn/scale 1.020e-01, val/acc 9.242e-01, val/nll 2.293e-01
[2023-02-16 18:16:08] [Epoch   121/  200] trn/loss 6.421e-02, trn/lr 3.418e-02, trn/scale 1.020e-01, val/acc 9.302e-01, val/nll 2.126e-01
[2023-02-16 18:16:16] [Epoch   122/  200] trn/loss 6.314e-02, trn/lr 3.344e-02, trn/scale 1.020e-01, val/acc 9.300e-01, val/nll 2.098e-01
[2023-02-16 18:16:24] [Epoch   123/  200] trn/loss 6.249e-02, trn/lr 3.270e-02, trn/scale 1.021e-01, val/acc 9.321e-01, val/nll 2.087e-01
[2023-02-16 18:16:32] [Epoch   124/  200] trn/loss 5.747e-02, trn/lr 3.196e-02, trn/scale 1.021e-01, val/acc 9.311e-01, val/nll 2.072e-01
[2023-02-16 18:16:41] [Epoch   125/  200] trn/loss 5.708e-02, trn/lr 3.123e-02, trn/scale 1.021e-01, val/acc 9.327e-01, val/nll 2.077e-01
[2023-02-16 18:16:50] [Epoch   126/  200] trn/loss 5.680e-02, trn/lr 3.051e-02, trn/scale 1.021e-01, val/acc 9.344e-01, val/nll 2.035e-01 (best_acc: 9.333e-01 -> 9.344e-01, test_acc: 9.311e-01, test_nll: 2.061e-01)
[2023-02-16 18:16:59] [Epoch   127/  200] trn/loss 5.410e-02, trn/lr 2.979e-02, trn/scale 1.021e-01, val/acc 9.383e-01, val/nll 1.784e-01 (best_acc: 9.344e-01 -> 9.383e-01, test_acc: 9.377e-01, test_nll: 1.875e-01)
[2023-02-16 18:17:08] [Epoch   128/  200] trn/loss 5.176e-02, trn/lr 2.907e-02, trn/scale 1.021e-01, val/acc 9.394e-01, val/nll 1.822e-01 (best_acc: 9.383e-01 -> 9.394e-01, test_acc: 9.361e-01, test_nll: 1.924e-01)
[2023-02-16 18:17:18] [Epoch   129/  200] trn/loss 4.893e-02, trn/lr 2.836e-02, trn/scale 1.021e-01, val/acc 9.402e-01, val/nll 1.861e-01 (best_acc: 9.394e-01 -> 9.402e-01, test_acc: 9.377e-01, test_nll: 1.879e-01)
[2023-02-16 18:17:26] [Epoch   130/  200] trn/loss 4.847e-02, trn/lr 2.765e-02, trn/scale 1.021e-01, val/acc 9.254e-01, val/nll 2.214e-01
[2023-02-16 18:17:35] [Epoch   131/  200] trn/loss 4.558e-02, trn/lr 2.695e-02, trn/scale 1.021e-01, val/acc 9.430e-01, val/nll 1.776e-01 (best_acc: 9.402e-01 -> 9.430e-01, test_acc: 9.385e-01, test_nll: 1.929e-01)
[2023-02-16 18:17:43] [Epoch   132/  200] trn/loss 4.299e-02, trn/lr 2.626e-02, trn/scale 1.021e-01, val/acc 9.394e-01, val/nll 1.867e-01
[2023-02-16 18:17:52] [Epoch   133/  200] trn/loss 4.350e-02, trn/lr 2.557e-02, trn/scale 1.021e-01, val/acc 9.406e-01, val/nll 1.831e-01
[2023-02-16 18:18:00] [Epoch   134/  200] trn/loss 4.001e-02, trn/lr 2.489e-02, trn/scale 1.021e-01, val/acc 9.338e-01, val/nll 1.969e-01
[2023-02-16 18:18:08] [Epoch   135/  200] trn/loss 3.804e-02, trn/lr 2.421e-02, trn/scale 1.021e-01, val/acc 9.336e-01, val/nll 1.958e-01
[2023-02-16 18:18:16] [Epoch   136/  200] trn/loss 3.618e-02, trn/lr 2.354e-02, trn/scale 1.021e-01, val/acc 9.392e-01, val/nll 1.815e-01
[2023-02-16 18:18:25] [Epoch   137/  200] trn/loss 3.639e-02, trn/lr 2.288e-02, trn/scale 1.021e-01, val/acc 9.456e-01, val/nll 1.662e-01 (best_acc: 9.430e-01 -> 9.456e-01, test_acc: 9.418e-01, test_nll: 1.777e-01)
[2023-02-16 18:18:34] [Epoch   138/  200] trn/loss 3.446e-02, trn/lr 2.222e-02, trn/scale 1.021e-01, val/acc 9.372e-01, val/nll 1.891e-01
[2023-02-16 18:18:42] [Epoch   139/  200] trn/loss 2.944e-02, trn/lr 2.157e-02, trn/scale 1.021e-01, val/acc 9.310e-01, val/nll 2.161e-01
[2023-02-16 18:18:50] [Epoch   140/  200] trn/loss 2.867e-02, trn/lr 2.093e-02, trn/scale 1.021e-01, val/acc 9.352e-01, val/nll 1.993e-01
[2023-02-16 18:18:58] [Epoch   141/  200] trn/loss 2.852e-02, trn/lr 2.030e-02, trn/scale 1.021e-01, val/acc 9.427e-01, val/nll 1.746e-01
[2023-02-16 18:19:06] [Epoch   142/  200] trn/loss 2.838e-02, trn/lr 1.967e-02, trn/scale 1.021e-01, val/acc 9.445e-01, val/nll 1.678e-01
[2023-02-16 18:19:15] [Epoch   143/  200] trn/loss 2.636e-02, trn/lr 1.905e-02, trn/scale 1.021e-01, val/acc 9.438e-01, val/nll 1.781e-01
[2023-02-16 18:19:23] [Epoch   144/  200] trn/loss 2.497e-02, trn/lr 1.843e-02, trn/scale 1.021e-01, val/acc 9.409e-01, val/nll 1.758e-01
[2023-02-16 18:19:32] [Epoch   145/  200] trn/loss 2.313e-02, trn/lr 1.783e-02, trn/scale 1.021e-01, val/acc 9.465e-01, val/nll 1.684e-01 (best_acc: 9.456e-01 -> 9.465e-01, test_acc: 9.404e-01, test_nll: 1.833e-01)
[2023-02-16 18:19:40] [Epoch   146/  200] trn/loss 2.298e-02, trn/lr 1.723e-02, trn/scale 1.021e-01, val/acc 9.450e-01, val/nll 1.706e-01
[2023-02-16 18:19:49] [Epoch   147/  200] trn/loss 2.110e-02, trn/lr 1.664e-02, trn/scale 1.021e-01, val/acc 9.488e-01, val/nll 1.600e-01 (best_acc: 9.465e-01 -> 9.488e-01, test_acc: 9.469e-01, test_nll: 1.618e-01)
[2023-02-16 18:19:58] [Epoch   148/  200] trn/loss 2.021e-02, trn/lr 1.606e-02, trn/scale 1.021e-01, val/acc 9.473e-01, val/nll 1.683e-01
[2023-02-16 18:20:07] [Epoch   149/  200] trn/loss 1.972e-02, trn/lr 1.549e-02, trn/scale 1.021e-01, val/acc 9.489e-01, val/nll 1.556e-01 (best_acc: 9.488e-01 -> 9.489e-01, test_acc: 9.459e-01, test_nll: 1.640e-01)
[2023-02-16 18:20:15] [Epoch   150/  200] trn/loss 1.912e-02, trn/lr 1.493e-02, trn/scale 1.021e-01, val/acc 9.467e-01, val/nll 1.723e-01
[2023-02-16 18:20:23] [Epoch   151/  200] trn/loss 1.636e-02, trn/lr 1.437e-02, trn/scale 1.021e-01, val/acc 9.485e-01, val/nll 1.579e-01
[2023-02-16 18:20:32] [Epoch   152/  200] trn/loss 1.408e-02, trn/lr 1.382e-02, trn/scale 1.021e-01, val/acc 9.473e-01, val/nll 1.646e-01
[2023-02-16 18:20:41] [Epoch   153/  200] trn/loss 1.515e-02, trn/lr 1.329e-02, trn/scale 1.021e-01, val/acc 9.514e-01, val/nll 1.559e-01 (best_acc: 9.489e-01 -> 9.514e-01, test_acc: 9.483e-01, test_nll: 1.591e-01)
[2023-02-16 18:20:49] [Epoch   154/  200] trn/loss 1.426e-02, trn/lr 1.276e-02, trn/scale 1.021e-01, val/acc 9.490e-01, val/nll 1.621e-01
[2023-02-16 18:20:57] [Epoch   155/  200] trn/loss 1.420e-02, trn/lr 1.224e-02, trn/scale 1.021e-01, val/acc 9.507e-01, val/nll 1.576e-01
[2023-02-16 18:21:05] [Epoch   156/  200] trn/loss 1.248e-02, trn/lr 1.173e-02, trn/scale 1.021e-01, val/acc 9.498e-01, val/nll 1.534e-01
[2023-02-16 18:21:15] [Epoch   157/  200] trn/loss 1.169e-02, trn/lr 1.123e-02, trn/scale 1.021e-01, val/acc 9.537e-01, val/nll 1.491e-01 (best_acc: 9.514e-01 -> 9.537e-01, test_acc: 9.502e-01, test_nll: 1.606e-01)
[2023-02-16 18:21:23] [Epoch   158/  200] trn/loss 1.212e-02, trn/lr 1.074e-02, trn/scale 1.021e-01, val/acc 9.524e-01, val/nll 1.549e-01
[2023-02-16 18:21:32] [Epoch   159/  200] trn/loss 1.029e-02, trn/lr 1.025e-02, trn/scale 1.021e-01, val/acc 9.538e-01, val/nll 1.499e-01 (best_acc: 9.537e-01 -> 9.538e-01, test_acc: 9.511e-01, test_nll: 1.561e-01)
[2023-02-16 18:21:40] [Epoch   160/  200] trn/loss 1.039e-02, trn/lr 9.783e-03, trn/scale 1.021e-01, val/acc 9.529e-01, val/nll 1.519e-01
[2023-02-16 18:21:49] [Epoch   161/  200] trn/loss 9.428e-03, trn/lr 9.321e-03, trn/scale 1.021e-01, val/acc 9.520e-01, val/nll 1.564e-01
[2023-02-16 18:21:58] [Epoch   162/  200] trn/loss 8.210e-03, trn/lr 8.870e-03, trn/scale 1.021e-01, val/acc 9.548e-01, val/nll 1.443e-01 (best_acc: 9.538e-01 -> 9.548e-01, test_acc: 9.517e-01, test_nll: 1.583e-01)
[2023-02-16 18:22:07] [Epoch   163/  200] trn/loss 7.767e-03, trn/lr 8.428e-03, trn/scale 1.022e-01, val/acc 9.573e-01, val/nll 1.375e-01 (best_acc: 9.548e-01 -> 9.573e-01, test_acc: 9.534e-01, test_nll: 1.487e-01)
[2023-02-16 18:22:15] [Epoch   164/  200] trn/loss 7.241e-03, trn/lr 7.997e-03, trn/scale 1.022e-01, val/acc 9.523e-01, val/nll 1.520e-01
[2023-02-16 18:22:23] [Epoch   165/  200] trn/loss 7.141e-03, trn/lr 7.576e-03, trn/scale 1.022e-01, val/acc 9.541e-01, val/nll 1.427e-01
[2023-02-16 18:22:31] [Epoch   166/  200] trn/loss 6.875e-03, trn/lr 7.166e-03, trn/scale 1.022e-01, val/acc 9.552e-01, val/nll 1.433e-01
[2023-02-16 18:22:40] [Epoch   167/  200] trn/loss 6.621e-03, trn/lr 6.766e-03, trn/scale 1.022e-01, val/acc 9.548e-01, val/nll 1.465e-01
[2023-02-16 18:22:48] [Epoch   168/  200] trn/loss 6.262e-03, trn/lr 6.377e-03, trn/scale 1.022e-01, val/acc 9.560e-01, val/nll 1.396e-01
[2023-02-16 18:22:56] [Epoch   169/  200] trn/loss 5.897e-03, trn/lr 5.998e-03, trn/scale 1.022e-01, val/acc 9.560e-01, val/nll 1.370e-01
[2023-02-16 18:23:05] [Epoch   170/  200] trn/loss 5.670e-03, trn/lr 5.631e-03, trn/scale 1.022e-01, val/acc 9.587e-01, val/nll 1.352e-01 (best_acc: 9.573e-01 -> 9.587e-01, test_acc: 9.546e-01, test_nll: 1.441e-01)
[2023-02-16 18:23:14] [Epoch   171/  200] trn/loss 5.088e-03, trn/lr 5.274e-03, trn/scale 1.022e-01, val/acc 9.571e-01, val/nll 1.419e-01
[2023-02-16 18:23:22] [Epoch   172/  200] trn/loss 4.984e-03, trn/lr 4.929e-03, trn/scale 1.022e-01, val/acc 9.572e-01, val/nll 1.350e-01
[2023-02-16 18:23:30] [Epoch   173/  200] trn/loss 4.784e-03, trn/lr 4.594e-03, trn/scale 1.022e-01, val/acc 9.583e-01, val/nll 1.359e-01
[2023-02-16 18:23:38] [Epoch   174/  200] trn/loss 4.795e-03, trn/lr 4.271e-03, trn/scale 1.022e-01, val/acc 9.576e-01, val/nll 1.363e-01
[2023-02-16 18:23:48] [Epoch   175/  200] trn/loss 4.536e-03, trn/lr 3.959e-03, trn/scale 1.023e-01, val/acc 9.597e-01, val/nll 1.308e-01 (best_acc: 9.587e-01 -> 9.597e-01, test_acc: 9.550e-01, test_nll: 1.412e-01)
[2023-02-16 18:23:56] [Epoch   176/  200] trn/loss 4.294e-03, trn/lr 3.659e-03, trn/scale 1.023e-01, val/acc 9.585e-01, val/nll 1.328e-01
[2023-02-16 18:24:05] [Epoch   177/  200] trn/loss 4.235e-03, trn/lr 3.369e-03, trn/scale 1.023e-01, val/acc 9.602e-01, val/nll 1.309e-01 (best_acc: 9.597e-01 -> 9.602e-01, test_acc: 9.569e-01, test_nll: 1.400e-01)
[2023-02-16 18:24:14] [Epoch   178/  200] trn/loss 4.097e-03, trn/lr 3.092e-03, trn/scale 1.023e-01, val/acc 9.606e-01, val/nll 1.301e-01 (best_acc: 9.602e-01 -> 9.606e-01, test_acc: 9.587e-01, test_nll: 1.420e-01)
[2023-02-16 18:24:23] [Epoch   179/  200] trn/loss 4.007e-03, trn/lr 2.826e-03, trn/scale 1.023e-01, val/acc 9.601e-01, val/nll 1.318e-01
[2023-02-16 18:24:31] [Epoch   180/  200] trn/loss 3.821e-03, trn/lr 2.571e-03, trn/scale 1.023e-01, val/acc 9.602e-01, val/nll 1.290e-01
[2023-02-16 18:24:39] [Epoch   181/  200] trn/loss 3.684e-03, trn/lr 2.329e-03, trn/scale 1.023e-01, val/acc 9.601e-01, val/nll 1.287e-01
[2023-02-16 18:24:48] [Epoch   182/  200] trn/loss 3.650e-03, trn/lr 2.098e-03, trn/scale 1.023e-01, val/acc 9.610e-01, val/nll 1.297e-01 (best_acc: 9.606e-01 -> 9.610e-01, test_acc: 9.585e-01, test_nll: 1.406e-01)
[2023-02-16 18:24:57] [Epoch   183/  200] trn/loss 3.554e-03, trn/lr 1.878e-03, trn/scale 1.023e-01, val/acc 9.605e-01, val/nll 1.274e-01
[2023-02-16 18:25:05] [Epoch   184/  200] trn/loss 3.604e-03, trn/lr 1.671e-03, trn/scale 1.023e-01, val/acc 9.603e-01, val/nll 1.269e-01
[2023-02-16 18:25:14] [Epoch   185/  200] trn/loss 3.368e-03, trn/lr 1.476e-03, trn/scale 1.024e-01, val/acc 9.612e-01, val/nll 1.268e-01 (best_acc: 9.610e-01 -> 9.612e-01, test_acc: 9.583e-01, test_nll: 1.395e-01)
[2023-02-16 18:25:23] [Epoch   186/  200] trn/loss 3.410e-03, trn/lr 1.292e-03, trn/scale 1.024e-01, val/acc 9.622e-01, val/nll 1.274e-01 (best_acc: 9.612e-01 -> 9.622e-01, test_acc: 9.585e-01, test_nll: 1.385e-01)
[2023-02-16 18:25:32] [Epoch   187/  200] trn/loss 3.461e-03, trn/lr 1.121e-03, trn/scale 1.024e-01, val/acc 9.612e-01, val/nll 1.271e-01
[2023-02-16 18:25:40] [Epoch   188/  200] trn/loss 3.309e-03, trn/lr 9.617e-04, trn/scale 1.024e-01, val/acc 9.613e-01, val/nll 1.269e-01
[2023-02-16 18:25:48] [Epoch   189/  200] trn/loss 3.319e-03, trn/lr 8.145e-04, trn/scale 1.024e-01, val/acc 9.621e-01, val/nll 1.261e-01
[2023-02-16 18:25:56] [Epoch   190/  200] trn/loss 3.296e-03, trn/lr 6.794e-04, trn/scale 1.024e-01, val/acc 9.616e-01, val/nll 1.254e-01
[2023-02-16 18:26:06] [Epoch   191/  200] trn/loss 3.284e-03, trn/lr 5.565e-04, trn/scale 1.024e-01, val/acc 9.623e-01, val/nll 1.259e-01 (best_acc: 9.622e-01 -> 9.623e-01, test_acc: 9.594e-01, test_nll: 1.394e-01)
[2023-02-16 18:26:14] [Epoch   192/  200] trn/loss 3.334e-03, trn/lr 4.458e-04, trn/scale 1.024e-01, val/acc 9.619e-01, val/nll 1.264e-01
[2023-02-16 18:26:23] [Epoch   193/  200] trn/loss 3.247e-03, trn/lr 3.474e-04, trn/scale 1.024e-01, val/acc 9.626e-01, val/nll 1.258e-01 (best_acc: 9.623e-01 -> 9.626e-01, test_acc: 9.599e-01, test_nll: 1.379e-01)
[2023-02-16 18:26:31] [Epoch   194/  200] trn/loss 3.260e-03, trn/lr 2.612e-04, trn/scale 1.024e-01, val/acc 9.625e-01, val/nll 1.260e-01
[2023-02-16 18:26:39] [Epoch   195/  200] trn/loss 3.185e-03, trn/lr 1.872e-04, trn/scale 1.024e-01, val/acc 9.625e-01, val/nll 1.258e-01
[2023-02-16 18:26:49] [Epoch   196/  200] trn/loss 3.174e-03, trn/lr 1.255e-04, trn/scale 1.024e-01, val/acc 9.628e-01, val/nll 1.258e-01 (best_acc: 9.626e-01 -> 9.628e-01, test_acc: 9.597e-01, test_nll: 1.377e-01)
[2023-02-16 18:26:57] [Epoch   197/  200] trn/loss 3.192e-03, trn/lr 7.619e-05, trn/scale 1.024e-01, val/acc 9.625e-01, val/nll 1.260e-01
[2023-02-16 18:27:05] [Epoch   198/  200] trn/loss 3.313e-03, trn/lr 3.916e-05, trn/scale 1.024e-01, val/acc 9.627e-01, val/nll 1.262e-01
[2023-02-16 18:27:13] [Epoch   199/  200] trn/loss 3.210e-03, trn/lr 1.445e-05, trn/scale 1.024e-01, val/acc 9.622e-01, val/nll 1.264e-01
[2023-02-16 18:27:22] [Epoch   200/  200] trn/loss 3.246e-03, trn/lr 2.075e-06, trn/scale 1.024e-01, val/acc 9.623e-01, val/nll 1.264e-01
