[2023-02-10 16:41:47] Environments:
------------  ------------------------------------------------------------
sys.platform  linux
Python        3.8.10 (default, Nov 14 2022, 12:59:47) [GCC 9.4.0]
JAX           0.4.2 @/home/giung/.local/lib/python3.8/site-packages/jax
jaxlib        0.4.2 @/home/giung/.local/lib/python3.8/site-packages/jaxlib
Flax          0.6.4 @/home/giung/.local/lib/python3.8/site-packages/flax
Optax         0.1.4 @/home/giung/.local/lib/python3.8/site-packages/optax
------------  ------------------------------------------------------------

[2023-02-10 16:41:47] Command line arguments:
- args.data_root          : ./data/
- args.data_name          : CIFAR10_x32
- args.data_augmentation  : standard
- args.data_proportional  : 1.0
- args.model_depth        : 20
- args.model_width        : 4
- args.model_style        : BN-ReLU
- args.optim_bs           : 256
- args.optim_ne           : 200
- args.optim_lr           : 0.01
- args.optim_b1           : 0.9
- args.optim_b2           : 0.999
- args.optim_eps          : 0.1
- args.optim_weight_decay : 0.0001
- args.rho                : 0.1
- args.num_data_factor    : 1.0
- args.save               : /home/giung/giung2-dev/projects/sam/save/CIFAR10_x32/R20x4-BN-ReLU/BayesSAM/bs-0256_ne-0200_lr-0.01_b1-0.900_b2-0.999_wd-0.0001_eps-1e-1_rho-0.1000_factor-1.0_fp32/42
- args.seed               : 42
- args.precision          : fp32

[2023-02-10 16:42:02] Multiple local devices are detected:
[TpuDevice(id=0, process_index=0, coords=(0,0,0), core_on_chip=0), TpuDevice(id=1, process_index=0, coords=(0,0,0), core_on_chip=1), TpuDevice(id=2, process_index=0, coords=(1,0,0), core_on_chip=0), TpuDevice(id=3, process_index=0, coords=(1,0,0), core_on_chip=1), TpuDevice(id=4, process_index=0, coords=(0,1,0), core_on_chip=0), TpuDevice(id=5, process_index=0, coords=(0,1,0), core_on_chip=1), TpuDevice(id=6, process_index=0, coords=(1,1,0), core_on_chip=0), TpuDevice(id=7, process_index=0, coords=(1,1,0), core_on_chip=1)]

[2023-02-10 16:43:13] [Epoch     1/  200] trn/loss 2.541e+00, trn/lr 1.000e-02, trn/scale 9.322e-01, val/acc 1.614e-01, val/nll 2.222e+00 (best_acc: 0.000e+00 -> 1.614e-01, test_acc: 1.647e-01, test_nll: 2.216e+00)
[2023-02-10 16:43:22] [Epoch     2/  200] trn/loss 2.149e+00, trn/lr 9.999e-03, trn/scale 8.092e-01, val/acc 2.313e-01, val/nll 2.060e+00 (best_acc: 1.614e-01 -> 2.313e-01, test_acc: 2.356e-01, test_nll: 2.054e+00)
[2023-02-10 16:43:32] [Epoch     3/  200] trn/loss 1.995e+00, trn/lr 9.996e-03, trn/scale 7.045e-01, val/acc 2.857e-01, val/nll 1.910e+00 (best_acc: 2.313e-01 -> 2.857e-01, test_acc: 2.926e-01, test_nll: 1.910e+00)
[2023-02-10 16:43:41] [Epoch     4/  200] trn/loss 1.887e+00, trn/lr 9.992e-03, trn/scale 6.152e-01, val/acc 3.128e-01, val/nll 1.835e+00 (best_acc: 2.857e-01 -> 3.128e-01, test_acc: 3.174e-01, test_nll: 1.836e+00)
[2023-02-10 16:43:50] [Epoch     5/  200] trn/loss 1.806e+00, trn/lr 9.987e-03, trn/scale 5.391e-01, val/acc 3.421e-01, val/nll 1.730e+00 (best_acc: 3.128e-01 -> 3.421e-01, test_acc: 3.476e-01, test_nll: 1.728e+00)
[2023-02-10 16:44:00] [Epoch     6/  200] trn/loss 1.745e+00, trn/lr 9.981e-03, trn/scale 4.743e-01, val/acc 3.618e-01, val/nll 1.707e+00 (best_acc: 3.421e-01 -> 3.618e-01, test_acc: 3.635e-01, test_nll: 1.703e+00)
[2023-02-10 16:44:09] [Epoch     7/  200] trn/loss 1.723e+00, trn/lr 9.974e-03, trn/scale 4.191e-01, val/acc 3.716e-01, val/nll 1.670e+00 (best_acc: 3.618e-01 -> 3.716e-01, test_acc: 3.709e-01, test_nll: 1.670e+00)
[2023-02-10 16:44:18] [Epoch     8/  200] trn/loss 1.703e+00, trn/lr 9.965e-03, trn/scale 3.720e-01, val/acc 3.924e-01, val/nll 1.637e+00 (best_acc: 3.716e-01 -> 3.924e-01, test_acc: 3.954e-01, test_nll: 1.635e+00)
[2023-02-10 16:44:27] [Epoch     9/  200] trn/loss 1.666e+00, trn/lr 9.955e-03, trn/scale 3.319e-01, val/acc 4.102e-01, val/nll 1.583e+00 (best_acc: 3.924e-01 -> 4.102e-01, test_acc: 4.121e-01, test_nll: 1.580e+00)
[2023-02-10 16:44:37] [Epoch    10/  200] trn/loss 1.634e+00, trn/lr 9.944e-03, trn/scale 2.977e-01, val/acc 4.146e-01, val/nll 1.557e+00 (best_acc: 4.102e-01 -> 4.146e-01, test_acc: 4.187e-01, test_nll: 1.553e+00)
[2023-02-10 16:44:46] [Epoch    11/  200] trn/loss 1.599e+00, trn/lr 9.932e-03, trn/scale 2.685e-01, val/acc 4.384e-01, val/nll 1.524e+00 (best_acc: 4.146e-01 -> 4.384e-01, test_acc: 4.446e-01, test_nll: 1.516e+00)
[2023-02-10 16:44:55] [Epoch    12/  200] trn/loss 1.571e+00, trn/lr 9.919e-03, trn/scale 2.437e-01, val/acc 4.457e-01, val/nll 1.507e+00 (best_acc: 4.384e-01 -> 4.457e-01, test_acc: 4.474e-01, test_nll: 1.500e+00)
[2023-02-10 16:45:04] [Epoch    13/  200] trn/loss 1.540e+00, trn/lr 9.904e-03, trn/scale 2.225e-01, val/acc 4.645e-01, val/nll 1.457e+00 (best_acc: 4.457e-01 -> 4.645e-01, test_acc: 4.657e-01, test_nll: 1.453e+00)
[2023-02-10 16:45:14] [Epoch    14/  200] trn/loss 1.515e+00, trn/lr 9.888e-03, trn/scale 2.045e-01, val/acc 4.782e-01, val/nll 1.433e+00 (best_acc: 4.645e-01 -> 4.782e-01, test_acc: 4.815e-01, test_nll: 1.426e+00)
[2023-02-10 16:45:23] [Epoch    15/  200] trn/loss 1.478e+00, trn/lr 9.871e-03, trn/scale 1.891e-01, val/acc 4.857e-01, val/nll 1.400e+00 (best_acc: 4.782e-01 -> 4.857e-01, test_acc: 4.875e-01, test_nll: 1.395e+00)
[2023-02-10 16:45:32] [Epoch    16/  200] trn/loss 1.447e+00, trn/lr 9.853e-03, trn/scale 1.760e-01, val/acc 4.989e-01, val/nll 1.362e+00 (best_acc: 4.857e-01 -> 4.989e-01, test_acc: 4.947e-01, test_nll: 1.362e+00)
[2023-02-10 16:45:41] [Epoch    17/  200] trn/loss 1.419e+00, trn/lr 9.833e-03, trn/scale 1.649e-01, val/acc 5.164e-01, val/nll 1.329e+00 (best_acc: 4.989e-01 -> 5.164e-01, test_acc: 5.163e-01, test_nll: 1.330e+00)
[2023-02-10 16:45:50] [Epoch    18/  200] trn/loss 1.388e+00, trn/lr 9.812e-03, trn/scale 1.554e-01, val/acc 5.127e-01, val/nll 1.311e+00
[2023-02-10 16:45:59] [Epoch    19/  200] trn/loss 1.360e+00, trn/lr 9.790e-03, trn/scale 1.473e-01, val/acc 5.288e-01, val/nll 1.278e+00 (best_acc: 5.164e-01 -> 5.288e-01, test_acc: 5.305e-01, test_nll: 1.275e+00)
[2023-02-10 16:46:08] [Epoch    20/  200] trn/loss 1.331e+00, trn/lr 9.767e-03, trn/scale 1.404e-01, val/acc 5.420e-01, val/nll 1.244e+00 (best_acc: 5.288e-01 -> 5.420e-01, test_acc: 5.456e-01, test_nll: 1.244e+00)
[2023-02-10 16:46:17] [Epoch    21/  200] trn/loss 1.302e+00, trn/lr 9.743e-03, trn/scale 1.345e-01, val/acc 5.598e-01, val/nll 1.210e+00 (best_acc: 5.420e-01 -> 5.598e-01, test_acc: 5.576e-01, test_nll: 1.215e+00)
[2023-02-10 16:46:26] [Epoch    22/  200] trn/loss 1.270e+00, trn/lr 9.718e-03, trn/scale 1.295e-01, val/acc 5.634e-01, val/nll 1.191e+00 (best_acc: 5.598e-01 -> 5.634e-01, test_acc: 5.683e-01, test_nll: 1.195e+00)
[2023-02-10 16:46:36] [Epoch    23/  200] trn/loss 1.247e+00, trn/lr 9.691e-03, trn/scale 1.252e-01, val/acc 5.751e-01, val/nll 1.155e+00 (best_acc: 5.634e-01 -> 5.751e-01, test_acc: 5.760e-01, test_nll: 1.162e+00)
[2023-02-10 16:46:45] [Epoch    24/  200] trn/loss 1.220e+00, trn/lr 9.663e-03, trn/scale 1.216e-01, val/acc 5.815e-01, val/nll 1.134e+00 (best_acc: 5.751e-01 -> 5.815e-01, test_acc: 5.838e-01, test_nll: 1.141e+00)
[2023-02-10 16:46:54] [Epoch    25/  200] trn/loss 1.189e+00, trn/lr 9.634e-03, trn/scale 1.185e-01, val/acc 5.933e-01, val/nll 1.109e+00 (best_acc: 5.815e-01 -> 5.933e-01, test_acc: 5.966e-01, test_nll: 1.117e+00)
[2023-02-10 16:47:03] [Epoch    26/  200] trn/loss 1.168e+00, trn/lr 9.604e-03, trn/scale 1.158e-01, val/acc 5.993e-01, val/nll 1.096e+00 (best_acc: 5.933e-01 -> 5.993e-01, test_acc: 5.981e-01, test_nll: 1.104e+00)
[2023-02-10 16:47:12] [Epoch    27/  200] trn/loss 1.146e+00, trn/lr 9.573e-03, trn/scale 1.136e-01, val/acc 6.134e-01, val/nll 1.061e+00 (best_acc: 5.993e-01 -> 6.134e-01, test_acc: 6.081e-01, test_nll: 1.073e+00)
[2023-02-10 16:47:21] [Epoch    28/  200] trn/loss 1.122e+00, trn/lr 9.541e-03, trn/scale 1.117e-01, val/acc 6.112e-01, val/nll 1.053e+00
[2023-02-10 16:47:30] [Epoch    29/  200] trn/loss 1.102e+00, trn/lr 9.507e-03, trn/scale 1.100e-01, val/acc 6.235e-01, val/nll 1.026e+00 (best_acc: 6.134e-01 -> 6.235e-01, test_acc: 6.233e-01, test_nll: 1.038e+00)
[2023-02-10 16:47:39] [Epoch    30/  200] trn/loss 1.083e+00, trn/lr 9.473e-03, trn/scale 1.086e-01, val/acc 6.343e-01, val/nll 1.010e+00 (best_acc: 6.235e-01 -> 6.343e-01, test_acc: 6.272e-01, test_nll: 1.019e+00)
[2023-02-10 16:47:48] [Epoch    31/  200] trn/loss 1.063e+00, trn/lr 9.437e-03, trn/scale 1.075e-01, val/acc 6.364e-01, val/nll 9.883e-01 (best_acc: 6.343e-01 -> 6.364e-01, test_acc: 6.372e-01, test_nll: 1.001e+00)
[2023-02-10 16:47:58] [Epoch    32/  200] trn/loss 1.042e+00, trn/lr 9.400e-03, trn/scale 1.064e-01, val/acc 6.465e-01, val/nll 9.700e-01 (best_acc: 6.364e-01 -> 6.465e-01, test_acc: 6.458e-01, test_nll: 9.824e-01)
[2023-02-10 16:48:07] [Epoch    33/  200] trn/loss 1.030e+00, trn/lr 9.363e-03, trn/scale 1.056e-01, val/acc 6.517e-01, val/nll 9.556e-01 (best_acc: 6.465e-01 -> 6.517e-01, test_acc: 6.470e-01, test_nll: 9.696e-01)
[2023-02-10 16:48:16] [Epoch    34/  200] trn/loss 1.011e+00, trn/lr 9.324e-03, trn/scale 1.048e-01, val/acc 6.580e-01, val/nll 9.431e-01 (best_acc: 6.517e-01 -> 6.580e-01, test_acc: 6.546e-01, test_nll: 9.559e-01)
[2023-02-10 16:48:24] [Epoch    35/  200] trn/loss 9.961e-01, trn/lr 9.284e-03, trn/scale 1.042e-01, val/acc 6.555e-01, val/nll 9.380e-01
[2023-02-10 16:48:34] [Epoch    36/  200] trn/loss 9.820e-01, trn/lr 9.243e-03, trn/scale 1.037e-01, val/acc 6.681e-01, val/nll 9.187e-01 (best_acc: 6.580e-01 -> 6.681e-01, test_acc: 6.662e-01, test_nll: 9.273e-01)
[2023-02-10 16:48:43] [Epoch    37/  200] trn/loss 9.684e-01, trn/lr 9.201e-03, trn/scale 1.032e-01, val/acc 6.718e-01, val/nll 9.043e-01 (best_acc: 6.681e-01 -> 6.718e-01, test_acc: 6.704e-01, test_nll: 9.163e-01)
[2023-02-10 16:48:52] [Epoch    38/  200] trn/loss 9.509e-01, trn/lr 9.157e-03, trn/scale 1.028e-01, val/acc 6.770e-01, val/nll 8.851e-01 (best_acc: 6.718e-01 -> 6.770e-01, test_acc: 6.736e-01, test_nll: 8.976e-01)
[2023-02-10 16:49:01] [Epoch    39/  200] trn/loss 9.408e-01, trn/lr 9.113e-03, trn/scale 1.025e-01, val/acc 6.811e-01, val/nll 8.836e-01 (best_acc: 6.770e-01 -> 6.811e-01, test_acc: 6.783e-01, test_nll: 8.933e-01)
[2023-02-10 16:49:10] [Epoch    40/  200] trn/loss 9.285e-01, trn/lr 9.068e-03, trn/scale 1.022e-01, val/acc 6.830e-01, val/nll 8.644e-01 (best_acc: 6.811e-01 -> 6.830e-01, test_acc: 6.824e-01, test_nll: 8.783e-01)
[2023-02-10 16:49:20] [Epoch    41/  200] trn/loss 9.124e-01, trn/lr 9.022e-03, trn/scale 1.020e-01, val/acc 6.927e-01, val/nll 8.465e-01 (best_acc: 6.830e-01 -> 6.927e-01, test_acc: 6.922e-01, test_nll: 8.585e-01)
[2023-02-10 16:49:29] [Epoch    42/  200] trn/loss 9.025e-01, trn/lr 8.975e-03, trn/scale 1.018e-01, val/acc 6.976e-01, val/nll 8.359e-01 (best_acc: 6.927e-01 -> 6.976e-01, test_acc: 6.952e-01, test_nll: 8.484e-01)
[2023-02-10 16:49:38] [Epoch    43/  200] trn/loss 8.911e-01, trn/lr 8.927e-03, trn/scale 1.016e-01, val/acc 7.038e-01, val/nll 8.187e-01 (best_acc: 6.976e-01 -> 7.038e-01, test_acc: 7.008e-01, test_nll: 8.341e-01)
[2023-02-10 16:49:46] [Epoch    44/  200] trn/loss 8.781e-01, trn/lr 8.878e-03, trn/scale 1.015e-01, val/acc 7.014e-01, val/nll 8.177e-01
[2023-02-10 16:49:55] [Epoch    45/  200] trn/loss 8.681e-01, trn/lr 8.828e-03, trn/scale 1.013e-01, val/acc 7.060e-01, val/nll 8.111e-01 (best_acc: 7.038e-01 -> 7.060e-01, test_acc: 7.028e-01, test_nll: 8.284e-01)
[2023-02-10 16:50:04] [Epoch    46/  200] trn/loss 8.537e-01, trn/lr 8.777e-03, trn/scale 1.012e-01, val/acc 7.149e-01, val/nll 7.953e-01 (best_acc: 7.060e-01 -> 7.149e-01, test_acc: 7.107e-01, test_nll: 8.088e-01)
[2023-02-10 16:50:14] [Epoch    47/  200] trn/loss 8.409e-01, trn/lr 8.725e-03, trn/scale 1.011e-01, val/acc 7.153e-01, val/nll 7.921e-01 (best_acc: 7.149e-01 -> 7.153e-01, test_acc: 7.146e-01, test_nll: 8.047e-01)
[2023-02-10 16:50:22] [Epoch    48/  200] trn/loss 8.354e-01, trn/lr 8.672e-03, trn/scale 1.011e-01, val/acc 7.125e-01, val/nll 7.968e-01
[2023-02-10 16:50:31] [Epoch    49/  200] trn/loss 8.231e-01, trn/lr 8.618e-03, trn/scale 1.010e-01, val/acc 7.211e-01, val/nll 7.760e-01 (best_acc: 7.153e-01 -> 7.211e-01, test_acc: 7.173e-01, test_nll: 7.905e-01)
[2023-02-10 16:50:40] [Epoch    50/  200] trn/loss 8.098e-01, trn/lr 8.563e-03, trn/scale 1.009e-01, val/acc 7.293e-01, val/nll 7.544e-01 (best_acc: 7.211e-01 -> 7.293e-01, test_acc: 7.266e-01, test_nll: 7.683e-01)
[2023-02-10 16:50:49] [Epoch    51/  200] trn/loss 8.015e-01, trn/lr 8.508e-03, trn/scale 1.009e-01, val/acc 7.275e-01, val/nll 7.555e-01
[2023-02-10 16:50:58] [Epoch    52/  200] trn/loss 7.908e-01, trn/lr 8.451e-03, trn/scale 1.009e-01, val/acc 7.315e-01, val/nll 7.497e-01 (best_acc: 7.293e-01 -> 7.315e-01, test_acc: 7.308e-01, test_nll: 7.639e-01)
[2023-02-10 16:51:07] [Epoch    53/  200] trn/loss 7.871e-01, trn/lr 8.394e-03, trn/scale 1.008e-01, val/acc 7.385e-01, val/nll 7.339e-01 (best_acc: 7.315e-01 -> 7.385e-01, test_acc: 7.362e-01, test_nll: 7.472e-01)
[2023-02-10 16:51:16] [Epoch    54/  200] trn/loss 7.731e-01, trn/lr 8.336e-03, trn/scale 1.008e-01, val/acc 7.392e-01, val/nll 7.268e-01 (best_acc: 7.385e-01 -> 7.392e-01, test_acc: 7.402e-01, test_nll: 7.400e-01)
[2023-02-10 16:51:25] [Epoch    55/  200] trn/loss 7.644e-01, trn/lr 8.277e-03, trn/scale 1.008e-01, val/acc 7.431e-01, val/nll 7.137e-01 (best_acc: 7.392e-01 -> 7.431e-01, test_acc: 7.444e-01, test_nll: 7.271e-01)
[2023-02-10 16:51:35] [Epoch    56/  200] trn/loss 7.524e-01, trn/lr 8.217e-03, trn/scale 1.007e-01, val/acc 7.448e-01, val/nll 7.137e-01 (best_acc: 7.431e-01 -> 7.448e-01, test_acc: 7.415e-01, test_nll: 7.289e-01)
[2023-02-10 16:51:44] [Epoch    57/  200] trn/loss 7.417e-01, trn/lr 8.157e-03, trn/scale 1.007e-01, val/acc 7.530e-01, val/nll 6.946e-01 (best_acc: 7.448e-01 -> 7.530e-01, test_acc: 7.518e-01, test_nll: 7.082e-01)
[2023-02-10 16:51:53] [Epoch    58/  200] trn/loss 7.360e-01, trn/lr 8.096e-03, trn/scale 1.007e-01, val/acc 7.559e-01, val/nll 6.871e-01 (best_acc: 7.530e-01 -> 7.559e-01, test_acc: 7.576e-01, test_nll: 6.978e-01)
[2023-02-10 16:52:02] [Epoch    59/  200] trn/loss 7.285e-01, trn/lr 8.034e-03, trn/scale 1.007e-01, val/acc 7.567e-01, val/nll 6.810e-01 (best_acc: 7.559e-01 -> 7.567e-01, test_acc: 7.607e-01, test_nll: 6.915e-01)
[2023-02-10 16:52:11] [Epoch    60/  200] trn/loss 7.187e-01, trn/lr 7.971e-03, trn/scale 1.007e-01, val/acc 7.624e-01, val/nll 6.746e-01 (best_acc: 7.567e-01 -> 7.624e-01, test_acc: 7.585e-01, test_nll: 6.899e-01)
[2023-02-10 16:52:20] [Epoch    61/  200] trn/loss 7.077e-01, trn/lr 7.907e-03, trn/scale 1.007e-01, val/acc 7.631e-01, val/nll 6.605e-01 (best_acc: 7.624e-01 -> 7.631e-01, test_acc: 7.637e-01, test_nll: 6.728e-01)
[2023-02-10 16:52:29] [Epoch    62/  200] trn/loss 6.982e-01, trn/lr 7.843e-03, trn/scale 1.007e-01, val/acc 7.658e-01, val/nll 6.569e-01 (best_acc: 7.631e-01 -> 7.658e-01, test_acc: 7.658e-01, test_nll: 6.708e-01)
[2023-02-10 16:52:38] [Epoch    63/  200] trn/loss 6.945e-01, trn/lr 7.778e-03, trn/scale 1.007e-01, val/acc 7.697e-01, val/nll 6.479e-01 (best_acc: 7.658e-01 -> 7.697e-01, test_acc: 7.701e-01, test_nll: 6.590e-01)
[2023-02-10 16:52:48] [Epoch    64/  200] trn/loss 6.817e-01, trn/lr 7.712e-03, trn/scale 1.007e-01, val/acc 7.705e-01, val/nll 6.465e-01 (best_acc: 7.697e-01 -> 7.705e-01, test_acc: 7.708e-01, test_nll: 6.574e-01)
[2023-02-10 16:52:57] [Epoch    65/  200] trn/loss 6.726e-01, trn/lr 7.646e-03, trn/scale 1.007e-01, val/acc 7.748e-01, val/nll 6.374e-01 (best_acc: 7.705e-01 -> 7.748e-01, test_acc: 7.752e-01, test_nll: 6.487e-01)
[2023-02-10 16:53:06] [Epoch    66/  200] trn/loss 6.682e-01, trn/lr 7.579e-03, trn/scale 1.007e-01, val/acc 7.768e-01, val/nll 6.324e-01 (best_acc: 7.748e-01 -> 7.768e-01, test_acc: 7.694e-01, test_nll: 6.449e-01)
[2023-02-10 16:53:15] [Epoch    67/  200] trn/loss 6.582e-01, trn/lr 7.512e-03, trn/scale 1.006e-01, val/acc 7.826e-01, val/nll 6.203e-01 (best_acc: 7.768e-01 -> 7.826e-01, test_acc: 7.793e-01, test_nll: 6.313e-01)
[2023-02-10 16:53:24] [Epoch    68/  200] trn/loss 6.488e-01, trn/lr 7.443e-03, trn/scale 1.006e-01, val/acc 7.788e-01, val/nll 6.206e-01
[2023-02-10 16:53:33] [Epoch    69/  200] trn/loss 6.470e-01, trn/lr 7.374e-03, trn/scale 1.006e-01, val/acc 7.837e-01, val/nll 6.098e-01 (best_acc: 7.826e-01 -> 7.837e-01, test_acc: 7.850e-01, test_nll: 6.173e-01)
[2023-02-10 16:53:42] [Epoch    70/  200] trn/loss 6.376e-01, trn/lr 7.305e-03, trn/scale 1.006e-01, val/acc 7.872e-01, val/nll 6.059e-01 (best_acc: 7.837e-01 -> 7.872e-01, test_acc: 7.874e-01, test_nll: 6.115e-01)
[2023-02-10 16:53:51] [Epoch    71/  200] trn/loss 6.332e-01, trn/lr 7.235e-03, trn/scale 1.006e-01, val/acc 7.908e-01, val/nll 5.989e-01 (best_acc: 7.872e-01 -> 7.908e-01, test_acc: 7.903e-01, test_nll: 6.049e-01)
[2023-02-10 16:54:00] [Epoch    72/  200] trn/loss 6.271e-01, trn/lr 7.165e-03, trn/scale 1.006e-01, val/acc 7.949e-01, val/nll 5.928e-01 (best_acc: 7.908e-01 -> 7.949e-01, test_acc: 7.882e-01, test_nll: 6.032e-01)
[2023-02-10 16:54:08] [Epoch    73/  200] trn/loss 6.242e-01, trn/lr 7.093e-03, trn/scale 1.006e-01, val/acc 7.942e-01, val/nll 5.909e-01
[2023-02-10 16:54:18] [Epoch    74/  200] trn/loss 6.135e-01, trn/lr 7.022e-03, trn/scale 1.006e-01, val/acc 7.961e-01, val/nll 5.820e-01 (best_acc: 7.949e-01 -> 7.961e-01, test_acc: 7.934e-01, test_nll: 5.899e-01)
[2023-02-10 16:54:27] [Epoch    75/  200] trn/loss 6.067e-01, trn/lr 6.950e-03, trn/scale 1.006e-01, val/acc 7.971e-01, val/nll 5.786e-01 (best_acc: 7.961e-01 -> 7.971e-01, test_acc: 7.958e-01, test_nll: 5.839e-01)
[2023-02-10 16:54:36] [Epoch    76/  200] trn/loss 6.042e-01, trn/lr 6.877e-03, trn/scale 1.006e-01, val/acc 7.994e-01, val/nll 5.750e-01 (best_acc: 7.971e-01 -> 7.994e-01, test_acc: 7.971e-01, test_nll: 5.813e-01)
[2023-02-10 16:54:45] [Epoch    77/  200] trn/loss 5.926e-01, trn/lr 6.804e-03, trn/scale 1.006e-01, val/acc 8.004e-01, val/nll 5.680e-01 (best_acc: 7.994e-01 -> 8.004e-01, test_acc: 7.985e-01, test_nll: 5.726e-01)
[2023-02-10 16:54:54] [Epoch    78/  200] trn/loss 5.926e-01, trn/lr 6.731e-03, trn/scale 1.006e-01, val/acc 8.022e-01, val/nll 5.625e-01 (best_acc: 8.004e-01 -> 8.022e-01, test_acc: 8.025e-01, test_nll: 5.681e-01)
[2023-02-10 16:55:04] [Epoch    79/  200] trn/loss 5.854e-01, trn/lr 6.657e-03, trn/scale 1.006e-01, val/acc 8.039e-01, val/nll 5.581e-01 (best_acc: 8.022e-01 -> 8.039e-01, test_acc: 8.041e-01, test_nll: 5.633e-01)
[2023-02-10 16:55:13] [Epoch    80/  200] trn/loss 5.800e-01, trn/lr 6.583e-03, trn/scale 1.006e-01, val/acc 8.067e-01, val/nll 5.554e-01 (best_acc: 8.039e-01 -> 8.067e-01, test_acc: 8.045e-01, test_nll: 5.615e-01)
[2023-02-10 16:55:22] [Epoch    81/  200] trn/loss 5.716e-01, trn/lr 6.508e-03, trn/scale 1.006e-01, val/acc 8.073e-01, val/nll 5.478e-01 (best_acc: 8.067e-01 -> 8.073e-01, test_acc: 8.066e-01, test_nll: 5.530e-01)
[2023-02-10 16:55:31] [Epoch    82/  200] trn/loss 5.676e-01, trn/lr 6.433e-03, trn/scale 1.006e-01, val/acc 8.079e-01, val/nll 5.451e-01 (best_acc: 8.073e-01 -> 8.079e-01, test_acc: 8.078e-01, test_nll: 5.496e-01)
[2023-02-10 16:55:40] [Epoch    83/  200] trn/loss 5.669e-01, trn/lr 6.357e-03, trn/scale 1.006e-01, val/acc 8.088e-01, val/nll 5.398e-01 (best_acc: 8.079e-01 -> 8.088e-01, test_acc: 8.087e-01, test_nll: 5.453e-01)
[2023-02-10 16:55:49] [Epoch    84/  200] trn/loss 5.626e-01, trn/lr 6.282e-03, trn/scale 1.006e-01, val/acc 8.116e-01, val/nll 5.374e-01 (best_acc: 8.088e-01 -> 8.116e-01, test_acc: 8.105e-01, test_nll: 5.435e-01)
[2023-02-10 16:55:59] [Epoch    85/  200] trn/loss 5.615e-01, trn/lr 6.206e-03, trn/scale 1.006e-01, val/acc 8.117e-01, val/nll 5.360e-01 (best_acc: 8.116e-01 -> 8.117e-01, test_acc: 8.121e-01, test_nll: 5.403e-01)
[2023-02-10 16:56:08] [Epoch    86/  200] trn/loss 5.522e-01, trn/lr 6.129e-03, trn/scale 1.006e-01, val/acc 8.127e-01, val/nll 5.289e-01 (best_acc: 8.117e-01 -> 8.127e-01, test_acc: 8.147e-01, test_nll: 5.342e-01)
[2023-02-10 16:56:17] [Epoch    87/  200] trn/loss 5.508e-01, trn/lr 6.053e-03, trn/scale 1.006e-01, val/acc 8.168e-01, val/nll 5.278e-01 (best_acc: 8.127e-01 -> 8.168e-01, test_acc: 8.131e-01, test_nll: 5.328e-01)
[2023-02-10 16:56:26] [Epoch    88/  200] trn/loss 5.443e-01, trn/lr 5.976e-03, trn/scale 1.006e-01, val/acc 8.170e-01, val/nll 5.219e-01 (best_acc: 8.168e-01 -> 8.170e-01, test_acc: 8.158e-01, test_nll: 5.282e-01)
[2023-02-10 16:56:35] [Epoch    89/  200] trn/loss 5.463e-01, trn/lr 5.899e-03, trn/scale 1.006e-01, val/acc 8.184e-01, val/nll 5.220e-01 (best_acc: 8.170e-01 -> 8.184e-01, test_acc: 8.177e-01, test_nll: 5.274e-01)
[2023-02-10 16:56:44] [Epoch    90/  200] trn/loss 5.412e-01, trn/lr 5.821e-03, trn/scale 1.006e-01, val/acc 8.178e-01, val/nll 5.189e-01
[2023-02-10 16:56:53] [Epoch    91/  200] trn/loss 5.329e-01, trn/lr 5.744e-03, trn/scale 1.006e-01, val/acc 8.213e-01, val/nll 5.145e-01 (best_acc: 8.184e-01 -> 8.213e-01, test_acc: 8.181e-01, test_nll: 5.199e-01)
[2023-02-10 16:57:01] [Epoch    92/  200] trn/loss 5.262e-01, trn/lr 5.666e-03, trn/scale 1.006e-01, val/acc 8.207e-01, val/nll 5.082e-01
[2023-02-10 16:57:09] [Epoch    93/  200] trn/loss 5.264e-01, trn/lr 5.588e-03, trn/scale 1.006e-01, val/acc 8.207e-01, val/nll 5.097e-01
[2023-02-10 16:57:18] [Epoch    94/  200] trn/loss 5.209e-01, trn/lr 5.510e-03, trn/scale 1.006e-01, val/acc 8.231e-01, val/nll 5.074e-01 (best_acc: 8.213e-01 -> 8.231e-01, test_acc: 8.232e-01, test_nll: 5.129e-01)
[2023-02-10 16:57:27] [Epoch    95/  200] trn/loss 5.198e-01, trn/lr 5.432e-03, trn/scale 1.006e-01, val/acc 8.240e-01, val/nll 5.061e-01 (best_acc: 8.231e-01 -> 8.240e-01, test_acc: 8.238e-01, test_nll: 5.114e-01)
[2023-02-10 16:57:37] [Epoch    96/  200] trn/loss 5.162e-01, trn/lr 5.353e-03, trn/scale 1.006e-01, val/acc 8.259e-01, val/nll 5.013e-01 (best_acc: 8.240e-01 -> 8.259e-01, test_acc: 8.270e-01, test_nll: 5.042e-01)
[2023-02-10 16:57:46] [Epoch    97/  200] trn/loss 5.106e-01, trn/lr 5.275e-03, trn/scale 1.006e-01, val/acc 8.279e-01, val/nll 4.980e-01 (best_acc: 8.259e-01 -> 8.279e-01, test_acc: 8.284e-01, test_nll: 5.014e-01)
[2023-02-10 16:57:54] [Epoch    98/  200] trn/loss 5.102e-01, trn/lr 5.197e-03, trn/scale 1.006e-01, val/acc 8.274e-01, val/nll 4.943e-01
[2023-02-10 16:58:02] [Epoch    99/  200] trn/loss 5.079e-01, trn/lr 5.118e-03, trn/scale 1.006e-01, val/acc 8.278e-01, val/nll 4.943e-01
[2023-02-10 16:58:11] [Epoch   100/  200] trn/loss 5.053e-01, trn/lr 5.040e-03, trn/scale 1.006e-01, val/acc 8.270e-01, val/nll 4.921e-01
[2023-02-10 16:58:20] [Epoch   101/  200] trn/loss 5.037e-01, trn/lr 4.961e-03, trn/scale 1.006e-01, val/acc 8.290e-01, val/nll 4.891e-01 (best_acc: 8.279e-01 -> 8.290e-01, test_acc: 8.315e-01, test_nll: 4.939e-01)
[2023-02-10 16:58:29] [Epoch   102/  200] trn/loss 4.993e-01, trn/lr 4.882e-03, trn/scale 1.006e-01, val/acc 8.310e-01, val/nll 4.839e-01 (best_acc: 8.290e-01 -> 8.310e-01, test_acc: 8.315e-01, test_nll: 4.890e-01)
[2023-02-10 16:58:38] [Epoch   103/  200] trn/loss 4.918e-01, trn/lr 4.804e-03, trn/scale 1.006e-01, val/acc 8.321e-01, val/nll 4.832e-01 (best_acc: 8.310e-01 -> 8.321e-01, test_acc: 8.353e-01, test_nll: 4.878e-01)
[2023-02-10 16:58:46] [Epoch   104/  200] trn/loss 4.956e-01, trn/lr 4.725e-03, trn/scale 1.006e-01, val/acc 8.312e-01, val/nll 4.855e-01
[2023-02-10 16:58:56] [Epoch   105/  200] trn/loss 4.912e-01, trn/lr 4.647e-03, trn/scale 1.006e-01, val/acc 8.340e-01, val/nll 4.785e-01 (best_acc: 8.321e-01 -> 8.340e-01, test_acc: 8.356e-01, test_nll: 4.824e-01)
[2023-02-10 16:59:05] [Epoch   106/  200] trn/loss 4.873e-01, trn/lr 4.569e-03, trn/scale 1.006e-01, val/acc 8.342e-01, val/nll 4.780e-01 (best_acc: 8.340e-01 -> 8.342e-01, test_acc: 8.351e-01, test_nll: 4.821e-01)
[2023-02-10 16:59:14] [Epoch   107/  200] trn/loss 4.876e-01, trn/lr 4.491e-03, trn/scale 1.006e-01, val/acc 8.347e-01, val/nll 4.754e-01 (best_acc: 8.342e-01 -> 8.347e-01, test_acc: 8.363e-01, test_nll: 4.800e-01)
[2023-02-10 16:59:22] [Epoch   108/  200] trn/loss 4.844e-01, trn/lr 4.413e-03, trn/scale 1.006e-01, val/acc 8.345e-01, val/nll 4.736e-01
[2023-02-10 16:59:32] [Epoch   109/  200] trn/loss 4.793e-01, trn/lr 4.335e-03, trn/scale 1.006e-01, val/acc 8.356e-01, val/nll 4.721e-01 (best_acc: 8.347e-01 -> 8.356e-01, test_acc: 8.374e-01, test_nll: 4.758e-01)
[2023-02-10 16:59:41] [Epoch   110/  200] trn/loss 4.787e-01, trn/lr 4.257e-03, trn/scale 1.006e-01, val/acc 8.365e-01, val/nll 4.702e-01 (best_acc: 8.356e-01 -> 8.365e-01, test_acc: 8.377e-01, test_nll: 4.764e-01)
[2023-02-10 16:59:50] [Epoch   111/  200] trn/loss 4.744e-01, trn/lr 4.179e-03, trn/scale 1.006e-01, val/acc 8.366e-01, val/nll 4.697e-01 (best_acc: 8.365e-01 -> 8.366e-01, test_acc: 8.362e-01, test_nll: 4.755e-01)
[2023-02-10 16:59:59] [Epoch   112/  200] trn/loss 4.748e-01, trn/lr 4.102e-03, trn/scale 1.006e-01, val/acc 8.396e-01, val/nll 4.664e-01 (best_acc: 8.366e-01 -> 8.396e-01, test_acc: 8.389e-01, test_nll: 4.706e-01)
[2023-02-10 17:00:07] [Epoch   113/  200] trn/loss 4.720e-01, trn/lr 4.025e-03, trn/scale 1.006e-01, val/acc 8.387e-01, val/nll 4.661e-01
[2023-02-10 17:00:16] [Epoch   114/  200] trn/loss 4.676e-01, trn/lr 3.948e-03, trn/scale 1.006e-01, val/acc 8.390e-01, val/nll 4.631e-01
[2023-02-10 17:00:24] [Epoch   115/  200] trn/loss 4.694e-01, trn/lr 3.871e-03, trn/scale 1.006e-01, val/acc 8.388e-01, val/nll 4.640e-01
[2023-02-10 17:00:33] [Epoch   116/  200] trn/loss 4.642e-01, trn/lr 3.795e-03, trn/scale 1.006e-01, val/acc 8.413e-01, val/nll 4.595e-01 (best_acc: 8.396e-01 -> 8.413e-01, test_acc: 8.412e-01, test_nll: 4.652e-01)
[2023-02-10 17:00:41] [Epoch   117/  200] trn/loss 4.609e-01, trn/lr 3.719e-03, trn/scale 1.006e-01, val/acc 8.410e-01, val/nll 4.629e-01
[2023-02-10 17:00:51] [Epoch   118/  200] trn/loss 4.649e-01, trn/lr 3.643e-03, trn/scale 1.006e-01, val/acc 8.426e-01, val/nll 4.599e-01 (best_acc: 8.413e-01 -> 8.426e-01, test_acc: 8.422e-01, test_nll: 4.646e-01)
[2023-02-10 17:00:59] [Epoch   119/  200] trn/loss 4.620e-01, trn/lr 3.568e-03, trn/scale 1.006e-01, val/acc 8.408e-01, val/nll 4.585e-01
[2023-02-10 17:01:07] [Epoch   120/  200] trn/loss 4.590e-01, trn/lr 3.493e-03, trn/scale 1.006e-01, val/acc 8.417e-01, val/nll 4.578e-01
[2023-02-10 17:01:15] [Epoch   121/  200] trn/loss 4.588e-01, trn/lr 3.418e-03, trn/scale 1.006e-01, val/acc 8.426e-01, val/nll 4.548e-01
[2023-02-10 17:01:24] [Epoch   122/  200] trn/loss 4.549e-01, trn/lr 3.344e-03, trn/scale 1.006e-01, val/acc 8.438e-01, val/nll 4.549e-01 (best_acc: 8.426e-01 -> 8.438e-01, test_acc: 8.453e-01, test_nll: 4.588e-01)
[2023-02-10 17:01:33] [Epoch   123/  200] trn/loss 4.552e-01, trn/lr 3.270e-03, trn/scale 1.006e-01, val/acc 8.444e-01, val/nll 4.521e-01 (best_acc: 8.438e-01 -> 8.444e-01, test_acc: 8.454e-01, test_nll: 4.560e-01)
[2023-02-10 17:01:42] [Epoch   124/  200] trn/loss 4.511e-01, trn/lr 3.196e-03, trn/scale 1.006e-01, val/acc 8.437e-01, val/nll 4.506e-01
[2023-02-10 17:01:51] [Epoch   125/  200] trn/loss 4.531e-01, trn/lr 3.123e-03, trn/scale 1.006e-01, val/acc 8.446e-01, val/nll 4.492e-01 (best_acc: 8.444e-01 -> 8.446e-01, test_acc: 8.473e-01, test_nll: 4.517e-01)
[2023-02-10 17:02:00] [Epoch   126/  200] trn/loss 4.501e-01, trn/lr 3.051e-03, trn/scale 1.006e-01, val/acc 8.451e-01, val/nll 4.483e-01 (best_acc: 8.446e-01 -> 8.451e-01, test_acc: 8.470e-01, test_nll: 4.514e-01)
[2023-02-10 17:02:09] [Epoch   127/  200] trn/loss 4.472e-01, trn/lr 2.979e-03, trn/scale 1.006e-01, val/acc 8.452e-01, val/nll 4.489e-01 (best_acc: 8.451e-01 -> 8.452e-01, test_acc: 8.453e-01, test_nll: 4.532e-01)
[2023-02-10 17:02:18] [Epoch   128/  200] trn/loss 4.476e-01, trn/lr 2.907e-03, trn/scale 1.006e-01, val/acc 8.470e-01, val/nll 4.473e-01 (best_acc: 8.452e-01 -> 8.470e-01, test_acc: 8.475e-01, test_nll: 4.518e-01)
[2023-02-10 17:02:26] [Epoch   129/  200] trn/loss 4.475e-01, trn/lr 2.836e-03, trn/scale 1.006e-01, val/acc 8.463e-01, val/nll 4.466e-01
[2023-02-10 17:02:35] [Epoch   130/  200] trn/loss 4.439e-01, trn/lr 2.765e-03, trn/scale 1.006e-01, val/acc 8.478e-01, val/nll 4.429e-01 (best_acc: 8.470e-01 -> 8.478e-01, test_acc: 8.475e-01, test_nll: 4.470e-01)
[2023-02-10 17:02:45] [Epoch   131/  200] trn/loss 4.407e-01, trn/lr 2.695e-03, trn/scale 1.006e-01, val/acc 8.490e-01, val/nll 4.413e-01 (best_acc: 8.478e-01 -> 8.490e-01, test_acc: 8.490e-01, test_nll: 4.456e-01)
[2023-02-10 17:02:53] [Epoch   132/  200] trn/loss 4.416e-01, trn/lr 2.626e-03, trn/scale 1.006e-01, val/acc 8.483e-01, val/nll 4.402e-01
[2023-02-10 17:03:01] [Epoch   133/  200] trn/loss 4.412e-01, trn/lr 2.557e-03, trn/scale 1.006e-01, val/acc 8.473e-01, val/nll 4.394e-01
[2023-02-10 17:03:09] [Epoch   134/  200] trn/loss 4.386e-01, trn/lr 2.489e-03, trn/scale 1.006e-01, val/acc 8.471e-01, val/nll 4.409e-01
[2023-02-10 17:03:17] [Epoch   135/  200] trn/loss 4.367e-01, trn/lr 2.421e-03, trn/scale 1.006e-01, val/acc 8.487e-01, val/nll 4.409e-01
[2023-02-10 17:03:26] [Epoch   136/  200] trn/loss 4.369e-01, trn/lr 2.354e-03, trn/scale 1.006e-01, val/acc 8.492e-01, val/nll 4.396e-01 (best_acc: 8.490e-01 -> 8.492e-01, test_acc: 8.490e-01, test_nll: 4.441e-01)
[2023-02-10 17:03:35] [Epoch   137/  200] trn/loss 4.358e-01, trn/lr 2.288e-03, trn/scale 1.006e-01, val/acc 8.494e-01, val/nll 4.377e-01 (best_acc: 8.492e-01 -> 8.494e-01, test_acc: 8.505e-01, test_nll: 4.412e-01)
[2023-02-10 17:03:44] [Epoch   138/  200] trn/loss 4.348e-01, trn/lr 2.222e-03, trn/scale 1.006e-01, val/acc 8.488e-01, val/nll 4.363e-01
[2023-02-10 17:03:53] [Epoch   139/  200] trn/loss 4.337e-01, trn/lr 2.157e-03, trn/scale 1.006e-01, val/acc 8.506e-01, val/nll 4.329e-01 (best_acc: 8.494e-01 -> 8.506e-01, test_acc: 8.517e-01, test_nll: 4.368e-01)
[2023-02-10 17:04:02] [Epoch   140/  200] trn/loss 4.308e-01, trn/lr 2.093e-03, trn/scale 1.006e-01, val/acc 8.513e-01, val/nll 4.324e-01 (best_acc: 8.506e-01 -> 8.513e-01, test_acc: 8.514e-01, test_nll: 4.375e-01)
[2023-02-10 17:04:10] [Epoch   141/  200] trn/loss 4.287e-01, trn/lr 2.030e-03, trn/scale 1.006e-01, val/acc 8.506e-01, val/nll 4.336e-01
[2023-02-10 17:04:18] [Epoch   142/  200] trn/loss 4.284e-01, trn/lr 1.967e-03, trn/scale 1.006e-01, val/acc 8.497e-01, val/nll 4.352e-01
[2023-02-10 17:04:26] [Epoch   143/  200] trn/loss 4.252e-01, trn/lr 1.905e-03, trn/scale 1.006e-01, val/acc 8.506e-01, val/nll 4.316e-01
[2023-02-10 17:04:36] [Epoch   144/  200] trn/loss 4.284e-01, trn/lr 1.843e-03, trn/scale 1.006e-01, val/acc 8.528e-01, val/nll 4.305e-01 (best_acc: 8.513e-01 -> 8.528e-01, test_acc: 8.528e-01, test_nll: 4.355e-01)
[2023-02-10 17:04:44] [Epoch   145/  200] trn/loss 4.285e-01, trn/lr 1.783e-03, trn/scale 1.006e-01, val/acc 8.520e-01, val/nll 4.311e-01
[2023-02-10 17:04:52] [Epoch   146/  200] trn/loss 4.243e-01, trn/lr 1.723e-03, trn/scale 1.006e-01, val/acc 8.517e-01, val/nll 4.303e-01
[2023-02-10 17:05:01] [Epoch   147/  200] trn/loss 4.228e-01, trn/lr 1.664e-03, trn/scale 1.006e-01, val/acc 8.531e-01, val/nll 4.292e-01 (best_acc: 8.528e-01 -> 8.531e-01, test_acc: 8.549e-01, test_nll: 4.340e-01)
[2023-02-10 17:05:09] [Epoch   148/  200] trn/loss 4.241e-01, trn/lr 1.606e-03, trn/scale 1.006e-01, val/acc 8.528e-01, val/nll 4.293e-01
[2023-02-10 17:05:17] [Epoch   149/  200] trn/loss 4.251e-01, trn/lr 1.549e-03, trn/scale 1.006e-01, val/acc 8.530e-01, val/nll 4.277e-01
[2023-02-10 17:05:26] [Epoch   150/  200] trn/loss 4.235e-01, trn/lr 1.493e-03, trn/scale 1.006e-01, val/acc 8.529e-01, val/nll 4.275e-01
[2023-02-10 17:05:35] [Epoch   151/  200] trn/loss 4.236e-01, trn/lr 1.437e-03, trn/scale 1.006e-01, val/acc 8.533e-01, val/nll 4.274e-01 (best_acc: 8.531e-01 -> 8.533e-01, test_acc: 8.546e-01, test_nll: 4.317e-01)
[2023-02-10 17:05:43] [Epoch   152/  200] trn/loss 4.199e-01, trn/lr 1.382e-03, trn/scale 1.006e-01, val/acc 8.532e-01, val/nll 4.277e-01
[2023-02-10 17:05:51] [Epoch   153/  200] trn/loss 4.209e-01, trn/lr 1.329e-03, trn/scale 1.006e-01, val/acc 8.517e-01, val/nll 4.272e-01
[2023-02-10 17:06:00] [Epoch   154/  200] trn/loss 4.185e-01, trn/lr 1.276e-03, trn/scale 1.006e-01, val/acc 8.538e-01, val/nll 4.264e-01 (best_acc: 8.533e-01 -> 8.538e-01, test_acc: 8.556e-01, test_nll: 4.311e-01)
[2023-02-10 17:06:09] [Epoch   155/  200] trn/loss 4.200e-01, trn/lr 1.224e-03, trn/scale 1.006e-01, val/acc 8.548e-01, val/nll 4.252e-01 (best_acc: 8.538e-01 -> 8.548e-01, test_acc: 8.554e-01, test_nll: 4.298e-01)
[2023-02-10 17:06:17] [Epoch   156/  200] trn/loss 4.167e-01, trn/lr 1.173e-03, trn/scale 1.006e-01, val/acc 8.545e-01, val/nll 4.236e-01
[2023-02-10 17:06:25] [Epoch   157/  200] trn/loss 4.197e-01, trn/lr 1.123e-03, trn/scale 1.006e-01, val/acc 8.544e-01, val/nll 4.246e-01
[2023-02-10 17:06:34] [Epoch   158/  200] trn/loss 4.173e-01, trn/lr 1.074e-03, trn/scale 1.006e-01, val/acc 8.541e-01, val/nll 4.237e-01
[2023-02-10 17:06:42] [Epoch   159/  200] trn/loss 4.190e-01, trn/lr 1.025e-03, trn/scale 1.006e-01, val/acc 8.546e-01, val/nll 4.241e-01
[2023-02-10 17:06:51] [Epoch   160/  200] trn/loss 4.188e-01, trn/lr 9.783e-04, trn/scale 1.006e-01, val/acc 8.552e-01, val/nll 4.240e-01 (best_acc: 8.548e-01 -> 8.552e-01, test_acc: 8.555e-01, test_nll: 4.285e-01)
[2023-02-10 17:07:00] [Epoch   161/  200] trn/loss 4.188e-01, trn/lr 9.321e-04, trn/scale 1.006e-01, val/acc 8.564e-01, val/nll 4.228e-01 (best_acc: 8.552e-01 -> 8.564e-01, test_acc: 8.570e-01, test_nll: 4.274e-01)
[2023-02-10 17:07:08] [Epoch   162/  200] trn/loss 4.160e-01, trn/lr 8.870e-04, trn/scale 1.006e-01, val/acc 8.555e-01, val/nll 4.229e-01
[2023-02-10 17:07:17] [Epoch   163/  200] trn/loss 4.170e-01, trn/lr 8.428e-04, trn/scale 1.006e-01, val/acc 8.539e-01, val/nll 4.231e-01
[2023-02-10 17:07:25] [Epoch   164/  200] trn/loss 4.151e-01, trn/lr 7.997e-04, trn/scale 1.006e-01, val/acc 8.552e-01, val/nll 4.225e-01
[2023-02-10 17:07:33] [Epoch   165/  200] trn/loss 4.167e-01, trn/lr 7.576e-04, trn/scale 1.006e-01, val/acc 8.562e-01, val/nll 4.235e-01
[2023-02-10 17:07:41] [Epoch   166/  200] trn/loss 4.138e-01, trn/lr 7.166e-04, trn/scale 1.006e-01, val/acc 8.554e-01, val/nll 4.232e-01
[2023-02-10 17:07:49] [Epoch   167/  200] trn/loss 4.154e-01, trn/lr 6.766e-04, trn/scale 1.006e-01, val/acc 8.552e-01, val/nll 4.225e-01
[2023-02-10 17:07:57] [Epoch   168/  200] trn/loss 4.120e-01, trn/lr 6.377e-04, trn/scale 1.006e-01, val/acc 8.545e-01, val/nll 4.228e-01
[2023-02-10 17:08:06] [Epoch   169/  200] trn/loss 4.152e-01, trn/lr 5.998e-04, trn/scale 1.006e-01, val/acc 8.559e-01, val/nll 4.214e-01
[2023-02-10 17:08:15] [Epoch   170/  200] trn/loss 4.133e-01, trn/lr 5.631e-04, trn/scale 1.006e-01, val/acc 8.567e-01, val/nll 4.203e-01 (best_acc: 8.564e-01 -> 8.567e-01, test_acc: 8.574e-01, test_nll: 4.252e-01)
[2023-02-10 17:08:23] [Epoch   171/  200] trn/loss 4.121e-01, trn/lr 5.274e-04, trn/scale 1.006e-01, val/acc 8.558e-01, val/nll 4.230e-01
[2023-02-10 17:08:31] [Epoch   172/  200] trn/loss 4.159e-01, trn/lr 4.929e-04, trn/scale 1.006e-01, val/acc 8.555e-01, val/nll 4.199e-01
[2023-02-10 17:08:39] [Epoch   173/  200] trn/loss 4.150e-01, trn/lr 4.594e-04, trn/scale 1.006e-01, val/acc 8.564e-01, val/nll 4.218e-01
[2023-02-10 17:08:48] [Epoch   174/  200] trn/loss 4.139e-01, trn/lr 4.271e-04, trn/scale 1.006e-01, val/acc 8.571e-01, val/nll 4.204e-01 (best_acc: 8.567e-01 -> 8.571e-01, test_acc: 8.566e-01, test_nll: 4.252e-01)
[2023-02-10 17:08:57] [Epoch   175/  200] trn/loss 4.125e-01, trn/lr 3.959e-04, trn/scale 1.006e-01, val/acc 8.554e-01, val/nll 4.208e-01
[2023-02-10 17:09:05] [Epoch   176/  200] trn/loss 4.114e-01, trn/lr 3.659e-04, trn/scale 1.006e-01, val/acc 8.552e-01, val/nll 4.217e-01
[2023-02-10 17:09:13] [Epoch   177/  200] trn/loss 4.120e-01, trn/lr 3.369e-04, trn/scale 1.006e-01, val/acc 8.569e-01, val/nll 4.196e-01
[2023-02-10 17:09:21] [Epoch   178/  200] trn/loss 4.126e-01, trn/lr 3.092e-04, trn/scale 1.006e-01, val/acc 8.558e-01, val/nll 4.206e-01
[2023-02-10 17:09:29] [Epoch   179/  200] trn/loss 4.136e-01, trn/lr 2.826e-04, trn/scale 1.006e-01, val/acc 8.564e-01, val/nll 4.180e-01
[2023-02-10 17:09:37] [Epoch   180/  200] trn/loss 4.131e-01, trn/lr 2.571e-04, trn/scale 1.006e-01, val/acc 8.562e-01, val/nll 4.198e-01
[2023-02-10 17:09:46] [Epoch   181/  200] trn/loss 4.103e-01, trn/lr 2.329e-04, trn/scale 1.006e-01, val/acc 8.563e-01, val/nll 4.205e-01
[2023-02-10 17:09:54] [Epoch   182/  200] trn/loss 4.118e-01, trn/lr 2.098e-04, trn/scale 1.006e-01, val/acc 8.555e-01, val/nll 4.201e-01
[2023-02-10 17:10:02] [Epoch   183/  200] trn/loss 4.106e-01, trn/lr 1.878e-04, trn/scale 1.006e-01, val/acc 8.566e-01, val/nll 4.202e-01
[2023-02-10 17:10:10] [Epoch   184/  200] trn/loss 4.128e-01, trn/lr 1.671e-04, trn/scale 1.006e-01, val/acc 8.554e-01, val/nll 4.204e-01
[2023-02-10 17:10:18] [Epoch   185/  200] trn/loss 4.096e-01, trn/lr 1.476e-04, trn/scale 1.006e-01, val/acc 8.563e-01, val/nll 4.194e-01
[2023-02-10 17:10:28] [Epoch   186/  200] trn/loss 4.080e-01, trn/lr 1.292e-04, trn/scale 1.006e-01, val/acc 8.575e-01, val/nll 4.190e-01 (best_acc: 8.571e-01 -> 8.575e-01, test_acc: 8.573e-01, test_nll: 4.242e-01)
[2023-02-10 17:10:36] [Epoch   187/  200] trn/loss 4.116e-01, trn/lr 1.121e-04, trn/scale 1.006e-01, val/acc 8.569e-01, val/nll 4.195e-01
[2023-02-10 17:10:44] [Epoch   188/  200] trn/loss 4.073e-01, trn/lr 9.617e-05, trn/scale 1.006e-01, val/acc 8.566e-01, val/nll 4.187e-01
[2023-02-10 17:10:52] [Epoch   189/  200] trn/loss 4.100e-01, trn/lr 8.145e-05, trn/scale 1.006e-01, val/acc 8.573e-01, val/nll 4.182e-01
[2023-02-10 17:11:00] [Epoch   190/  200] trn/loss 4.089e-01, trn/lr 6.794e-05, trn/scale 1.006e-01, val/acc 8.563e-01, val/nll 4.202e-01
[2023-02-10 17:11:08] [Epoch   191/  200] trn/loss 4.090e-01, trn/lr 5.565e-05, trn/scale 1.006e-01, val/acc 8.570e-01, val/nll 4.195e-01
[2023-02-10 17:11:17] [Epoch   192/  200] trn/loss 4.131e-01, trn/lr 4.458e-05, trn/scale 1.006e-01, val/acc 8.565e-01, val/nll 4.190e-01
[2023-02-10 17:11:25] [Epoch   193/  200] trn/loss 4.110e-01, trn/lr 3.474e-05, trn/scale 1.006e-01, val/acc 8.572e-01, val/nll 4.191e-01
[2023-02-10 17:11:33] [Epoch   194/  200] trn/loss 4.098e-01, trn/lr 2.612e-05, trn/scale 1.006e-01, val/acc 8.565e-01, val/nll 4.197e-01
[2023-02-10 17:11:41] [Epoch   195/  200] trn/loss 4.081e-01, trn/lr 1.872e-05, trn/scale 1.006e-01, val/acc 8.560e-01, val/nll 4.195e-01
[2023-02-10 17:11:49] [Epoch   196/  200] trn/loss 4.092e-01, trn/lr 1.255e-05, trn/scale 1.006e-01, val/acc 8.566e-01, val/nll 4.186e-01
[2023-02-10 17:11:57] [Epoch   197/  200] trn/loss 4.091e-01, trn/lr 7.619e-06, trn/scale 1.006e-01, val/acc 8.574e-01, val/nll 4.191e-01
[2023-02-10 17:12:06] [Epoch   198/  200] trn/loss 4.117e-01, trn/lr 3.916e-06, trn/scale 1.006e-01, val/acc 8.566e-01, val/nll 4.195e-01
[2023-02-10 17:12:14] [Epoch   199/  200] trn/loss 4.106e-01, trn/lr 1.445e-06, trn/scale 1.006e-01, val/acc 8.564e-01, val/nll 4.187e-01
[2023-02-10 17:12:22] [Epoch   200/  200] trn/loss 4.117e-01, trn/lr 2.075e-07, trn/scale 1.006e-01, val/acc 8.570e-01, val/nll 4.191e-01
