[2023-02-20 15:33:26] Environments:
------------  ------------------------------------------------------------
sys.platform  linux
Python        3.8.10 (default, Nov 14 2022, 12:59:47) [GCC 9.4.0]
JAX           0.4.2 @/home/giung/.local/lib/python3.8/site-packages/jax
jaxlib        0.4.2 @/home/giung/.local/lib/python3.8/site-packages/jaxlib
Flax          0.6.4 @/home/giung/.local/lib/python3.8/site-packages/flax
Optax         0.1.4 @/home/giung/.local/lib/python3.8/site-packages/optax
------------  ------------------------------------------------------------

[2023-02-20 15:33:26] Command line arguments:
- args.data_root          : ./data/
- args.data_name          : CIFAR10_x32
- args.data_augmentation  : standard
- args.data_proportional  : 1.0
- args.model_depth        : 20
- args.model_width        : 4
- args.model_style        : BN-ReLU
- args.optim_bs           : 256
- args.optim_ne           : 200
- args.optim_lr           : 0.01
- args.optim_momentum     : 0.97
- args.optim_weight_decay : 0.001
- args.rho                : 1.0
- args.save               : /home/giung/giung2-dev/projects/sam/save/CIFAR10_x32/R20x4-BN-ReLU/ASAM/bs-0256_ne-0200_lr-0.01_mo-0.97_wd-0.0010_rho-1.0000_fp32/42
- args.seed               : 42
- args.precision          : fp32

[2023-02-20 15:33:33] Multiple local devices are detected:
[TpuDevice(id=0, process_index=0, coords=(0,0,0), core_on_chip=0), TpuDevice(id=1, process_index=0, coords=(0,0,0), core_on_chip=1), TpuDevice(id=2, process_index=0, coords=(1,0,0), core_on_chip=0), TpuDevice(id=3, process_index=0, coords=(1,0,0), core_on_chip=1), TpuDevice(id=4, process_index=0, coords=(0,1,0), core_on_chip=0), TpuDevice(id=5, process_index=0, coords=(0,1,0), core_on_chip=1), TpuDevice(id=6, process_index=0, coords=(1,1,0), core_on_chip=0), TpuDevice(id=7, process_index=0, coords=(1,1,0), core_on_chip=1)]

[2023-02-20 15:34:36] [Epoch     1/  200] trn/loss 2.442e+00, trn/lr 1.000e-02, val/acc 1.588e-01, val/nll 2.292e+00 (best_acc: 0.000e+00 -> 1.588e-01, test_acc: 1.641e-01, test_nll: 2.289e+00)
[2023-02-20 15:34:44] [Epoch     2/  200] trn/loss 2.250e+00, trn/lr 9.999e-03, val/acc 1.877e-01, val/nll 2.193e+00 (best_acc: 1.588e-01 -> 1.877e-01, test_acc: 1.943e-01, test_nll: 2.191e+00)
[2023-02-20 15:34:52] [Epoch     3/  200] trn/loss 2.160e+00, trn/lr 9.996e-03, val/acc 1.904e-01, val/nll 2.114e+00 (best_acc: 1.877e-01 -> 1.904e-01, test_acc: 1.985e-01, test_nll: 2.117e+00)
[2023-02-20 15:35:00] [Epoch     4/  200] trn/loss 2.110e+00, trn/lr 9.992e-03, val/acc 2.103e-01, val/nll 2.057e+00 (best_acc: 1.904e-01 -> 2.103e-01, test_acc: 2.031e-01, test_nll: 2.066e+00)
[2023-02-20 15:35:08] [Epoch     5/  200] trn/loss 2.041e+00, trn/lr 9.987e-03, val/acc 2.357e-01, val/nll 1.963e+00 (best_acc: 2.103e-01 -> 2.357e-01, test_acc: 2.332e-01, test_nll: 1.978e+00)
[2023-02-20 15:35:16] [Epoch     6/  200] trn/loss 1.970e+00, trn/lr 9.981e-03, val/acc 2.385e-01, val/nll 1.914e+00 (best_acc: 2.357e-01 -> 2.385e-01, test_acc: 2.398e-01, test_nll: 1.923e+00)
[2023-02-20 15:35:24] [Epoch     7/  200] trn/loss 1.892e+00, trn/lr 9.974e-03, val/acc 2.900e-01, val/nll 1.812e+00 (best_acc: 2.385e-01 -> 2.900e-01, test_acc: 2.892e-01, test_nll: 1.823e+00)
[2023-02-20 15:35:32] [Epoch     8/  200] trn/loss 1.821e+00, trn/lr 9.965e-03, val/acc 3.175e-01, val/nll 1.750e+00 (best_acc: 2.900e-01 -> 3.175e-01, test_acc: 3.130e-01, test_nll: 1.761e+00)
[2023-02-20 15:35:40] [Epoch     9/  200] trn/loss 1.737e+00, trn/lr 9.955e-03, val/acc 3.598e-01, val/nll 1.645e+00 (best_acc: 3.175e-01 -> 3.598e-01, test_acc: 3.522e-01, test_nll: 1.661e+00)
[2023-02-20 15:35:48] [Epoch    10/  200] trn/loss 1.659e+00, trn/lr 9.944e-03, val/acc 3.942e-01, val/nll 1.561e+00 (best_acc: 3.598e-01 -> 3.942e-01, test_acc: 3.899e-01, test_nll: 1.566e+00)
[2023-02-20 15:35:56] [Epoch    11/  200] trn/loss 1.578e+00, trn/lr 9.932e-03, val/acc 4.051e-01, val/nll 1.512e+00 (best_acc: 3.942e-01 -> 4.051e-01, test_acc: 4.128e-01, test_nll: 1.506e+00)
[2023-02-20 15:36:04] [Epoch    12/  200] trn/loss 1.498e+00, trn/lr 9.919e-03, val/acc 4.567e-01, val/nll 1.409e+00 (best_acc: 4.051e-01 -> 4.567e-01, test_acc: 4.629e-01, test_nll: 1.411e+00)
[2023-02-20 15:36:12] [Epoch    13/  200] trn/loss 1.382e+00, trn/lr 9.904e-03, val/acc 5.334e-01, val/nll 1.264e+00 (best_acc: 4.567e-01 -> 5.334e-01, test_acc: 5.238e-01, test_nll: 1.279e+00)
[2023-02-20 15:36:20] [Epoch    14/  200] trn/loss 1.256e+00, trn/lr 9.888e-03, val/acc 5.332e-01, val/nll 1.279e+00
[2023-02-20 15:36:28] [Epoch    15/  200] trn/loss 1.145e+00, trn/lr 9.871e-03, val/acc 6.111e-01, val/nll 1.057e+00 (best_acc: 5.334e-01 -> 6.111e-01, test_acc: 6.100e-01, test_nll: 1.072e+00)
[2023-02-20 15:36:36] [Epoch    16/  200] trn/loss 1.038e+00, trn/lr 9.853e-03, val/acc 6.381e-01, val/nll 9.867e-01 (best_acc: 6.111e-01 -> 6.381e-01, test_acc: 6.343e-01, test_nll: 1.002e+00)
[2023-02-20 15:36:43] [Epoch    17/  200] trn/loss 9.724e-01, trn/lr 9.833e-03, val/acc 6.221e-01, val/nll 1.073e+00
[2023-02-20 15:36:51] [Epoch    18/  200] trn/loss 9.088e-01, trn/lr 9.812e-03, val/acc 6.789e-01, val/nll 8.831e-01 (best_acc: 6.381e-01 -> 6.789e-01, test_acc: 6.784e-01, test_nll: 8.926e-01)
[2023-02-20 15:36:59] [Epoch    19/  200] trn/loss 8.311e-01, trn/lr 9.790e-03, val/acc 7.175e-01, val/nll 7.698e-01 (best_acc: 6.789e-01 -> 7.175e-01, test_acc: 7.163e-01, test_nll: 7.817e-01)
[2023-02-20 15:37:07] [Epoch    20/  200] trn/loss 7.626e-01, trn/lr 9.767e-03, val/acc 7.437e-01, val/nll 7.346e-01 (best_acc: 7.175e-01 -> 7.437e-01, test_acc: 7.415e-01, test_nll: 7.449e-01)
[2023-02-20 15:37:15] [Epoch    21/  200] trn/loss 7.161e-01, trn/lr 9.743e-03, val/acc 7.541e-01, val/nll 7.070e-01 (best_acc: 7.437e-01 -> 7.541e-01, test_acc: 7.475e-01, test_nll: 7.252e-01)
[2023-02-20 15:37:23] [Epoch    22/  200] trn/loss 6.596e-01, trn/lr 9.718e-03, val/acc 7.645e-01, val/nll 6.615e-01 (best_acc: 7.541e-01 -> 7.645e-01, test_acc: 7.600e-01, test_nll: 6.690e-01)
[2023-02-20 15:37:30] [Epoch    23/  200] trn/loss 6.042e-01, trn/lr 9.691e-03, val/acc 7.926e-01, val/nll 6.053e-01 (best_acc: 7.645e-01 -> 7.926e-01, test_acc: 7.897e-01, test_nll: 6.171e-01)
[2023-02-20 15:37:38] [Epoch    24/  200] trn/loss 5.578e-01, trn/lr 9.663e-03, val/acc 7.777e-01, val/nll 6.680e-01
[2023-02-20 15:37:46] [Epoch    25/  200] trn/loss 5.221e-01, trn/lr 9.634e-03, val/acc 8.011e-01, val/nll 5.610e-01 (best_acc: 7.926e-01 -> 8.011e-01, test_acc: 7.975e-01, test_nll: 5.817e-01)
[2023-02-20 15:37:53] [Epoch    26/  200] trn/loss 5.061e-01, trn/lr 9.604e-03, val/acc 7.622e-01, val/nll 6.981e-01
[2023-02-20 15:38:01] [Epoch    27/  200] trn/loss 4.772e-01, trn/lr 9.573e-03, val/acc 8.301e-01, val/nll 4.958e-01 (best_acc: 8.011e-01 -> 8.301e-01, test_acc: 8.301e-01, test_nll: 5.012e-01)
[2023-02-20 15:38:09] [Epoch    28/  200] trn/loss 4.433e-01, trn/lr 9.541e-03, val/acc 8.351e-01, val/nll 4.798e-01 (best_acc: 8.301e-01 -> 8.351e-01, test_acc: 8.346e-01, test_nll: 4.965e-01)
[2023-02-20 15:38:17] [Epoch    29/  200] trn/loss 4.308e-01, trn/lr 9.507e-03, val/acc 8.488e-01, val/nll 4.413e-01 (best_acc: 8.351e-01 -> 8.488e-01, test_acc: 8.444e-01, test_nll: 4.531e-01)
[2023-02-20 15:38:24] [Epoch    30/  200] trn/loss 4.038e-01, trn/lr 9.473e-03, val/acc 8.218e-01, val/nll 5.430e-01
[2023-02-20 15:38:32] [Epoch    31/  200] trn/loss 3.979e-01, trn/lr 9.437e-03, val/acc 8.603e-01, val/nll 4.149e-01 (best_acc: 8.488e-01 -> 8.603e-01, test_acc: 8.588e-01, test_nll: 4.205e-01)
[2023-02-20 15:38:40] [Epoch    32/  200] trn/loss 3.701e-01, trn/lr 9.400e-03, val/acc 8.751e-01, val/nll 3.690e-01 (best_acc: 8.603e-01 -> 8.751e-01, test_acc: 8.712e-01, test_nll: 3.829e-01)
[2023-02-20 15:38:47] [Epoch    33/  200] trn/loss 3.550e-01, trn/lr 9.363e-03, val/acc 8.593e-01, val/nll 4.333e-01
[2023-02-20 15:38:54] [Epoch    34/  200] trn/loss 3.428e-01, trn/lr 9.324e-03, val/acc 8.730e-01, val/nll 3.688e-01
[2023-02-20 15:39:02] [Epoch    35/  200] trn/loss 3.441e-01, trn/lr 9.284e-03, val/acc 8.647e-01, val/nll 4.101e-01
[2023-02-20 15:39:09] [Epoch    36/  200] trn/loss 3.379e-01, trn/lr 9.243e-03, val/acc 8.701e-01, val/nll 3.880e-01
[2023-02-20 15:39:17] [Epoch    37/  200] trn/loss 3.118e-01, trn/lr 9.201e-03, val/acc 8.912e-01, val/nll 3.274e-01 (best_acc: 8.751e-01 -> 8.912e-01, test_acc: 8.885e-01, test_nll: 3.310e-01)
[2023-02-20 15:39:24] [Epoch    38/  200] trn/loss 3.015e-01, trn/lr 9.157e-03, val/acc 8.793e-01, val/nll 3.635e-01
[2023-02-20 15:39:31] [Epoch    39/  200] trn/loss 2.995e-01, trn/lr 9.113e-03, val/acc 8.864e-01, val/nll 3.462e-01
[2023-02-20 15:39:39] [Epoch    40/  200] trn/loss 2.869e-01, trn/lr 9.068e-03, val/acc 8.945e-01, val/nll 3.204e-01 (best_acc: 8.912e-01 -> 8.945e-01, test_acc: 8.934e-01, test_nll: 3.232e-01)
[2023-02-20 15:39:46] [Epoch    41/  200] trn/loss 2.769e-01, trn/lr 9.022e-03, val/acc 8.789e-01, val/nll 3.426e-01
[2023-02-20 15:39:54] [Epoch    42/  200] trn/loss 2.624e-01, trn/lr 8.975e-03, val/acc 8.986e-01, val/nll 3.060e-01 (best_acc: 8.945e-01 -> 8.986e-01, test_acc: 8.972e-01, test_nll: 3.104e-01)
[2023-02-20 15:40:01] [Epoch    43/  200] trn/loss 2.588e-01, trn/lr 8.927e-03, val/acc 8.604e-01, val/nll 4.029e-01
[2023-02-20 15:40:09] [Epoch    44/  200] trn/loss 2.588e-01, trn/lr 8.878e-03, val/acc 8.997e-01, val/nll 3.053e-01 (best_acc: 8.986e-01 -> 8.997e-01, test_acc: 8.988e-01, test_nll: 3.104e-01)
[2023-02-20 15:40:17] [Epoch    45/  200] trn/loss 2.452e-01, trn/lr 8.828e-03, val/acc 8.803e-01, val/nll 3.562e-01
[2023-02-20 15:40:24] [Epoch    46/  200] trn/loss 2.439e-01, trn/lr 8.777e-03, val/acc 8.902e-01, val/nll 3.264e-01
[2023-02-20 15:40:31] [Epoch    47/  200] trn/loss 2.384e-01, trn/lr 8.725e-03, val/acc 8.810e-01, val/nll 3.402e-01
[2023-02-20 15:40:38] [Epoch    48/  200] trn/loss 2.334e-01, trn/lr 8.672e-03, val/acc 8.944e-01, val/nll 3.178e-01
[2023-02-20 15:40:46] [Epoch    49/  200] trn/loss 2.288e-01, trn/lr 8.618e-03, val/acc 8.954e-01, val/nll 2.994e-01
[2023-02-20 15:40:54] [Epoch    50/  200] trn/loss 2.220e-01, trn/lr 8.563e-03, val/acc 9.072e-01, val/nll 2.757e-01 (best_acc: 8.997e-01 -> 9.072e-01, test_acc: 9.021e-01, test_nll: 2.843e-01)
[2023-02-20 15:41:01] [Epoch    51/  200] trn/loss 2.117e-01, trn/lr 8.508e-03, val/acc 9.048e-01, val/nll 2.796e-01
[2023-02-20 15:41:08] [Epoch    52/  200] trn/loss 2.086e-01, trn/lr 8.451e-03, val/acc 9.071e-01, val/nll 2.732e-01
[2023-02-20 15:41:15] [Epoch    53/  200] trn/loss 2.016e-01, trn/lr 8.394e-03, val/acc 8.958e-01, val/nll 3.096e-01
[2023-02-20 15:41:23] [Epoch    54/  200] trn/loss 2.032e-01, trn/lr 8.336e-03, val/acc 9.081e-01, val/nll 2.763e-01 (best_acc: 9.072e-01 -> 9.081e-01, test_acc: 9.054e-01, test_nll: 2.832e-01)
[2023-02-20 15:41:31] [Epoch    55/  200] trn/loss 1.949e-01, trn/lr 8.277e-03, val/acc 9.144e-01, val/nll 2.592e-01 (best_acc: 9.081e-01 -> 9.144e-01, test_acc: 9.069e-01, test_nll: 2.767e-01)
[2023-02-20 15:41:38] [Epoch    56/  200] trn/loss 1.898e-01, trn/lr 8.217e-03, val/acc 9.117e-01, val/nll 2.581e-01
[2023-02-20 15:41:46] [Epoch    57/  200] trn/loss 1.817e-01, trn/lr 8.157e-03, val/acc 9.174e-01, val/nll 2.480e-01 (best_acc: 9.144e-01 -> 9.174e-01, test_acc: 9.154e-01, test_nll: 2.592e-01)
[2023-02-20 15:41:54] [Epoch    58/  200] trn/loss 1.802e-01, trn/lr 8.096e-03, val/acc 8.909e-01, val/nll 3.220e-01
[2023-02-20 15:42:01] [Epoch    59/  200] trn/loss 1.820e-01, trn/lr 8.034e-03, val/acc 9.166e-01, val/nll 2.572e-01
[2023-02-20 15:42:08] [Epoch    60/  200] trn/loss 1.752e-01, trn/lr 7.971e-03, val/acc 8.907e-01, val/nll 3.102e-01
[2023-02-20 15:42:16] [Epoch    61/  200] trn/loss 1.720e-01, trn/lr 7.907e-03, val/acc 9.179e-01, val/nll 2.518e-01 (best_acc: 9.174e-01 -> 9.179e-01, test_acc: 9.109e-01, test_nll: 2.680e-01)
[2023-02-20 15:42:23] [Epoch    62/  200] trn/loss 1.655e-01, trn/lr 7.843e-03, val/acc 9.143e-01, val/nll 2.545e-01
[2023-02-20 15:42:30] [Epoch    63/  200] trn/loss 1.636e-01, trn/lr 7.778e-03, val/acc 9.152e-01, val/nll 2.594e-01
[2023-02-20 15:42:38] [Epoch    64/  200] trn/loss 1.589e-01, trn/lr 7.712e-03, val/acc 9.166e-01, val/nll 2.411e-01
[2023-02-20 15:42:46] [Epoch    65/  200] trn/loss 1.576e-01, trn/lr 7.646e-03, val/acc 9.194e-01, val/nll 2.365e-01 (best_acc: 9.179e-01 -> 9.194e-01, test_acc: 9.157e-01, test_nll: 2.481e-01)
[2023-02-20 15:42:53] [Epoch    66/  200] trn/loss 1.578e-01, trn/lr 7.579e-03, val/acc 9.190e-01, val/nll 2.391e-01
[2023-02-20 15:43:00] [Epoch    67/  200] trn/loss 1.466e-01, trn/lr 7.512e-03, val/acc 9.155e-01, val/nll 2.523e-01
[2023-02-20 15:43:08] [Epoch    68/  200] trn/loss 1.450e-01, trn/lr 7.443e-03, val/acc 9.246e-01, val/nll 2.279e-01 (best_acc: 9.194e-01 -> 9.246e-01, test_acc: 9.209e-01, test_nll: 2.414e-01)
[2023-02-20 15:43:15] [Epoch    69/  200] trn/loss 1.379e-01, trn/lr 7.374e-03, val/acc 9.199e-01, val/nll 2.360e-01
[2023-02-20 15:43:23] [Epoch    70/  200] trn/loss 1.342e-01, trn/lr 7.305e-03, val/acc 9.223e-01, val/nll 2.321e-01
[2023-02-20 15:43:30] [Epoch    71/  200] trn/loss 1.382e-01, trn/lr 7.235e-03, val/acc 9.145e-01, val/nll 2.602e-01
[2023-02-20 15:43:38] [Epoch    72/  200] trn/loss 1.384e-01, trn/lr 7.165e-03, val/acc 9.248e-01, val/nll 2.258e-01 (best_acc: 9.246e-01 -> 9.248e-01, test_acc: 9.192e-01, test_nll: 2.403e-01)
[2023-02-20 15:43:45] [Epoch    73/  200] trn/loss 1.356e-01, trn/lr 7.093e-03, val/acc 9.187e-01, val/nll 2.382e-01
[2023-02-20 15:43:53] [Epoch    74/  200] trn/loss 1.311e-01, trn/lr 7.022e-03, val/acc 9.281e-01, val/nll 2.189e-01 (best_acc: 9.248e-01 -> 9.281e-01, test_acc: 9.245e-01, test_nll: 2.285e-01)
[2023-02-20 15:44:01] [Epoch    75/  200] trn/loss 1.251e-01, trn/lr 6.950e-03, val/acc 9.308e-01, val/nll 2.042e-01 (best_acc: 9.281e-01 -> 9.308e-01, test_acc: 9.306e-01, test_nll: 2.121e-01)
[2023-02-20 15:44:09] [Epoch    76/  200] trn/loss 1.184e-01, trn/lr 6.877e-03, val/acc 9.345e-01, val/nll 1.959e-01 (best_acc: 9.308e-01 -> 9.345e-01, test_acc: 9.326e-01, test_nll: 2.040e-01)
[2023-02-20 15:44:16] [Epoch    77/  200] trn/loss 1.163e-01, trn/lr 6.804e-03, val/acc 9.118e-01, val/nll 2.493e-01
[2023-02-20 15:44:23] [Epoch    78/  200] trn/loss 1.190e-01, trn/lr 6.731e-03, val/acc 9.340e-01, val/nll 2.013e-01
[2023-02-20 15:44:31] [Epoch    79/  200] trn/loss 1.166e-01, trn/lr 6.657e-03, val/acc 9.251e-01, val/nll 2.213e-01
[2023-02-20 15:44:38] [Epoch    80/  200] trn/loss 1.109e-01, trn/lr 6.583e-03, val/acc 9.186e-01, val/nll 2.391e-01
[2023-02-20 15:44:45] [Epoch    81/  200] trn/loss 1.089e-01, trn/lr 6.508e-03, val/acc 9.227e-01, val/nll 2.241e-01
[2023-02-20 15:44:52] [Epoch    82/  200] trn/loss 1.074e-01, trn/lr 6.433e-03, val/acc 9.319e-01, val/nll 2.014e-01
[2023-02-20 15:44:59] [Epoch    83/  200] trn/loss 1.047e-01, trn/lr 6.357e-03, val/acc 9.323e-01, val/nll 2.064e-01
[2023-02-20 15:45:06] [Epoch    84/  200] trn/loss 1.041e-01, trn/lr 6.282e-03, val/acc 9.236e-01, val/nll 2.251e-01
[2023-02-20 15:45:14] [Epoch    85/  200] trn/loss 1.030e-01, trn/lr 6.206e-03, val/acc 9.260e-01, val/nll 2.204e-01
[2023-02-20 15:45:22] [Epoch    86/  200] trn/loss 9.525e-02, trn/lr 6.129e-03, val/acc 9.373e-01, val/nll 1.856e-01 (best_acc: 9.345e-01 -> 9.373e-01, test_acc: 9.326e-01, test_nll: 2.006e-01)
[2023-02-20 15:45:29] [Epoch    87/  200] trn/loss 9.387e-02, trn/lr 6.053e-03, val/acc 9.233e-01, val/nll 2.379e-01
[2023-02-20 15:45:36] [Epoch    88/  200] trn/loss 9.676e-02, trn/lr 5.976e-03, val/acc 9.263e-01, val/nll 2.130e-01
[2023-02-20 15:45:43] [Epoch    89/  200] trn/loss 9.458e-02, trn/lr 5.899e-03, val/acc 9.342e-01, val/nll 1.988e-01
[2023-02-20 15:45:51] [Epoch    90/  200] trn/loss 1.026e-01, trn/lr 5.821e-03, val/acc 9.192e-01, val/nll 2.325e-01
[2023-02-20 15:45:58] [Epoch    91/  200] trn/loss 9.593e-02, trn/lr 5.744e-03, val/acc 9.080e-01, val/nll 2.803e-01
[2023-02-20 15:46:05] [Epoch    92/  200] trn/loss 8.922e-02, trn/lr 5.666e-03, val/acc 9.288e-01, val/nll 2.147e-01
[2023-02-20 15:46:13] [Epoch    93/  200] trn/loss 8.351e-02, trn/lr 5.588e-03, val/acc 9.395e-01, val/nll 1.864e-01 (best_acc: 9.373e-01 -> 9.395e-01, test_acc: 9.369e-01, test_nll: 1.977e-01)
[2023-02-20 15:46:20] [Epoch    94/  200] trn/loss 7.873e-02, trn/lr 5.510e-03, val/acc 9.351e-01, val/nll 1.880e-01
[2023-02-20 15:46:27] [Epoch    95/  200] trn/loss 7.782e-02, trn/lr 5.432e-03, val/acc 9.354e-01, val/nll 1.941e-01
[2023-02-20 15:46:35] [Epoch    96/  200] trn/loss 7.822e-02, trn/lr 5.353e-03, val/acc 9.300e-01, val/nll 2.054e-01
[2023-02-20 15:46:42] [Epoch    97/  200] trn/loss 7.715e-02, trn/lr 5.275e-03, val/acc 9.330e-01, val/nll 2.019e-01
[2023-02-20 15:46:49] [Epoch    98/  200] trn/loss 7.527e-02, trn/lr 5.197e-03, val/acc 9.304e-01, val/nll 2.023e-01
[2023-02-20 15:46:56] [Epoch    99/  200] trn/loss 7.811e-02, trn/lr 5.118e-03, val/acc 9.296e-01, val/nll 2.041e-01
[2023-02-20 15:47:03] [Epoch   100/  200] trn/loss 7.583e-02, trn/lr 5.040e-03, val/acc 9.271e-01, val/nll 2.140e-01
[2023-02-20 15:47:11] [Epoch   101/  200] trn/loss 7.298e-02, trn/lr 4.961e-03, val/acc 9.369e-01, val/nll 1.885e-01
[2023-02-20 15:47:18] [Epoch   102/  200] trn/loss 7.146e-02, trn/lr 4.882e-03, val/acc 9.360e-01, val/nll 1.940e-01
[2023-02-20 15:47:25] [Epoch   103/  200] trn/loss 6.698e-02, trn/lr 4.804e-03, val/acc 9.348e-01, val/nll 1.933e-01
[2023-02-20 15:47:33] [Epoch   104/  200] trn/loss 6.462e-02, trn/lr 4.725e-03, val/acc 9.398e-01, val/nll 1.794e-01 (best_acc: 9.395e-01 -> 9.398e-01, test_acc: 9.377e-01, test_nll: 1.865e-01)
[2023-02-20 15:47:40] [Epoch   105/  200] trn/loss 6.238e-02, trn/lr 4.647e-03, val/acc 9.381e-01, val/nll 1.881e-01
[2023-02-20 15:47:48] [Epoch   106/  200] trn/loss 5.950e-02, trn/lr 4.569e-03, val/acc 9.410e-01, val/nll 1.816e-01 (best_acc: 9.398e-01 -> 9.410e-01, test_acc: 9.377e-01, test_nll: 1.856e-01)
[2023-02-20 15:47:55] [Epoch   107/  200] trn/loss 5.758e-02, trn/lr 4.491e-03, val/acc 9.361e-01, val/nll 1.956e-01
[2023-02-20 15:48:03] [Epoch   108/  200] trn/loss 5.580e-02, trn/lr 4.413e-03, val/acc 9.392e-01, val/nll 1.801e-01
[2023-02-20 15:48:10] [Epoch   109/  200] trn/loss 5.447e-02, trn/lr 4.335e-03, val/acc 9.390e-01, val/nll 1.821e-01
[2023-02-20 15:48:17] [Epoch   110/  200] trn/loss 5.258e-02, trn/lr 4.257e-03, val/acc 9.390e-01, val/nll 1.832e-01
[2023-02-20 15:48:24] [Epoch   111/  200] trn/loss 5.464e-02, trn/lr 4.179e-03, val/acc 9.321e-01, val/nll 2.061e-01
[2023-02-20 15:48:31] [Epoch   112/  200] trn/loss 5.214e-02, trn/lr 4.102e-03, val/acc 9.364e-01, val/nll 1.863e-01
[2023-02-20 15:48:39] [Epoch   113/  200] trn/loss 5.024e-02, trn/lr 4.025e-03, val/acc 9.427e-01, val/nll 1.711e-01 (best_acc: 9.410e-01 -> 9.427e-01, test_acc: 9.397e-01, test_nll: 1.829e-01)
[2023-02-20 15:48:47] [Epoch   114/  200] trn/loss 4.691e-02, trn/lr 3.948e-03, val/acc 9.384e-01, val/nll 1.801e-01
[2023-02-20 15:48:54] [Epoch   115/  200] trn/loss 4.437e-02, trn/lr 3.871e-03, val/acc 9.338e-01, val/nll 1.902e-01
[2023-02-20 15:49:01] [Epoch   116/  200] trn/loss 4.455e-02, trn/lr 3.795e-03, val/acc 9.281e-01, val/nll 2.090e-01
[2023-02-20 15:49:08] [Epoch   117/  200] trn/loss 4.534e-02, trn/lr 3.719e-03, val/acc 9.375e-01, val/nll 1.810e-01
[2023-02-20 15:49:16] [Epoch   118/  200] trn/loss 4.410e-02, trn/lr 3.643e-03, val/acc 9.471e-01, val/nll 1.682e-01 (best_acc: 9.427e-01 -> 9.471e-01, test_acc: 9.441e-01, test_nll: 1.745e-01)
[2023-02-20 15:49:23] [Epoch   119/  200] trn/loss 4.043e-02, trn/lr 3.568e-03, val/acc 9.447e-01, val/nll 1.648e-01
[2023-02-20 15:49:31] [Epoch   120/  200] trn/loss 3.919e-02, trn/lr 3.493e-03, val/acc 9.446e-01, val/nll 1.648e-01
[2023-02-20 15:49:38] [Epoch   121/  200] trn/loss 3.752e-02, trn/lr 3.418e-03, val/acc 9.388e-01, val/nll 1.834e-01
[2023-02-20 15:49:45] [Epoch   122/  200] trn/loss 3.775e-02, trn/lr 3.344e-03, val/acc 9.430e-01, val/nll 1.756e-01
[2023-02-20 15:49:52] [Epoch   123/  200] trn/loss 3.716e-02, trn/lr 3.270e-03, val/acc 9.434e-01, val/nll 1.705e-01
[2023-02-20 15:49:59] [Epoch   124/  200] trn/loss 3.424e-02, trn/lr 3.196e-03, val/acc 9.431e-01, val/nll 1.667e-01
[2023-02-20 15:50:07] [Epoch   125/  200] trn/loss 3.624e-02, trn/lr 3.123e-03, val/acc 9.462e-01, val/nll 1.643e-01
[2023-02-20 15:50:14] [Epoch   126/  200] trn/loss 3.162e-02, trn/lr 3.051e-03, val/acc 9.425e-01, val/nll 1.698e-01
[2023-02-20 15:50:21] [Epoch   127/  200] trn/loss 3.317e-02, trn/lr 2.979e-03, val/acc 9.397e-01, val/nll 1.777e-01
[2023-02-20 15:50:28] [Epoch   128/  200] trn/loss 3.304e-02, trn/lr 2.907e-03, val/acc 9.412e-01, val/nll 1.797e-01
[2023-02-20 15:50:35] [Epoch   129/  200] trn/loss 3.227e-02, trn/lr 2.836e-03, val/acc 9.436e-01, val/nll 1.715e-01
[2023-02-20 15:50:43] [Epoch   130/  200] trn/loss 2.905e-02, trn/lr 2.765e-03, val/acc 9.407e-01, val/nll 1.812e-01
[2023-02-20 15:50:50] [Epoch   131/  200] trn/loss 2.676e-02, trn/lr 2.695e-03, val/acc 9.461e-01, val/nll 1.618e-01
[2023-02-20 15:50:57] [Epoch   132/  200] trn/loss 2.799e-02, trn/lr 2.626e-03, val/acc 9.448e-01, val/nll 1.721e-01
[2023-02-20 15:51:04] [Epoch   133/  200] trn/loss 2.666e-02, trn/lr 2.557e-03, val/acc 9.471e-01, val/nll 1.593e-01
[2023-02-20 15:51:12] [Epoch   134/  200] trn/loss 2.485e-02, trn/lr 2.489e-03, val/acc 9.485e-01, val/nll 1.523e-01 (best_acc: 9.471e-01 -> 9.485e-01, test_acc: 9.494e-01, test_nll: 1.626e-01)
[2023-02-20 15:51:20] [Epoch   135/  200] trn/loss 2.426e-02, trn/lr 2.421e-03, val/acc 9.425e-01, val/nll 1.691e-01
[2023-02-20 15:51:27] [Epoch   136/  200] trn/loss 2.259e-02, trn/lr 2.354e-03, val/acc 9.461e-01, val/nll 1.618e-01
[2023-02-20 15:51:35] [Epoch   137/  200] trn/loss 2.201e-02, trn/lr 2.288e-03, val/acc 9.510e-01, val/nll 1.562e-01 (best_acc: 9.485e-01 -> 9.510e-01, test_acc: 9.468e-01, test_nll: 1.678e-01)
[2023-02-20 15:51:42] [Epoch   138/  200] trn/loss 2.102e-02, trn/lr 2.222e-03, val/acc 9.500e-01, val/nll 1.551e-01
[2023-02-20 15:51:49] [Epoch   139/  200] trn/loss 2.113e-02, trn/lr 2.157e-03, val/acc 9.483e-01, val/nll 1.664e-01
[2023-02-20 15:51:56] [Epoch   140/  200] trn/loss 2.015e-02, trn/lr 2.093e-03, val/acc 9.472e-01, val/nll 1.643e-01
[2023-02-20 15:52:04] [Epoch   141/  200] trn/loss 1.942e-02, trn/lr 2.030e-03, val/acc 9.517e-01, val/nll 1.564e-01 (best_acc: 9.510e-01 -> 9.517e-01, test_acc: 9.504e-01, test_nll: 1.616e-01)
[2023-02-20 15:52:12] [Epoch   142/  200] trn/loss 1.842e-02, trn/lr 1.967e-03, val/acc 9.429e-01, val/nll 1.830e-01
[2023-02-20 15:52:19] [Epoch   143/  200] trn/loss 1.786e-02, trn/lr 1.905e-03, val/acc 9.481e-01, val/nll 1.605e-01
[2023-02-20 15:52:27] [Epoch   144/  200] trn/loss 1.819e-02, trn/lr 1.843e-03, val/acc 9.520e-01, val/nll 1.528e-01 (best_acc: 9.517e-01 -> 9.520e-01, test_acc: 9.492e-01, test_nll: 1.638e-01)
[2023-02-20 15:52:35] [Epoch   145/  200] trn/loss 1.704e-02, trn/lr 1.783e-03, val/acc 9.523e-01, val/nll 1.538e-01 (best_acc: 9.520e-01 -> 9.523e-01, test_acc: 9.517e-01, test_nll: 1.635e-01)
[2023-02-20 15:52:42] [Epoch   146/  200] trn/loss 1.587e-02, trn/lr 1.723e-03, val/acc 9.499e-01, val/nll 1.548e-01
[2023-02-20 15:52:49] [Epoch   147/  200] trn/loss 1.510e-02, trn/lr 1.664e-03, val/acc 9.507e-01, val/nll 1.594e-01
[2023-02-20 15:52:56] [Epoch   148/  200] trn/loss 1.470e-02, trn/lr 1.606e-03, val/acc 9.477e-01, val/nll 1.676e-01
[2023-02-20 15:53:04] [Epoch   149/  200] trn/loss 1.410e-02, trn/lr 1.549e-03, val/acc 9.512e-01, val/nll 1.532e-01
[2023-02-20 15:53:11] [Epoch   150/  200] trn/loss 1.364e-02, trn/lr 1.493e-03, val/acc 9.494e-01, val/nll 1.595e-01
[2023-02-20 15:53:19] [Epoch   151/  200] trn/loss 1.281e-02, trn/lr 1.437e-03, val/acc 9.541e-01, val/nll 1.454e-01 (best_acc: 9.523e-01 -> 9.541e-01, test_acc: 9.552e-01, test_nll: 1.546e-01)
[2023-02-20 15:53:26] [Epoch   152/  200] trn/loss 1.209e-02, trn/lr 1.382e-03, val/acc 9.507e-01, val/nll 1.546e-01
[2023-02-20 15:53:33] [Epoch   153/  200] trn/loss 1.247e-02, trn/lr 1.329e-03, val/acc 9.518e-01, val/nll 1.547e-01
[2023-02-20 15:53:40] [Epoch   154/  200] trn/loss 1.162e-02, trn/lr 1.276e-03, val/acc 9.508e-01, val/nll 1.600e-01
[2023-02-20 15:53:48] [Epoch   155/  200] trn/loss 1.123e-02, trn/lr 1.224e-03, val/acc 9.521e-01, val/nll 1.570e-01
[2023-02-20 15:53:55] [Epoch   156/  200] trn/loss 1.055e-02, trn/lr 1.173e-03, val/acc 9.510e-01, val/nll 1.556e-01
[2023-02-20 15:54:02] [Epoch   157/  200] trn/loss 1.055e-02, trn/lr 1.123e-03, val/acc 9.508e-01, val/nll 1.621e-01
[2023-02-20 15:54:09] [Epoch   158/  200] trn/loss 1.063e-02, trn/lr 1.074e-03, val/acc 9.522e-01, val/nll 1.530e-01
[2023-02-20 15:54:16] [Epoch   159/  200] trn/loss 9.924e-03, trn/lr 1.025e-03, val/acc 9.533e-01, val/nll 1.524e-01
[2023-02-20 15:54:24] [Epoch   160/  200] trn/loss 9.535e-03, trn/lr 9.783e-04, val/acc 9.541e-01, val/nll 1.521e-01
[2023-02-20 15:54:31] [Epoch   161/  200] trn/loss 9.016e-03, trn/lr 9.321e-04, val/acc 9.523e-01, val/nll 1.523e-01
[2023-02-20 15:54:38] [Epoch   162/  200] trn/loss 8.384e-03, trn/lr 8.870e-04, val/acc 9.533e-01, val/nll 1.513e-01
[2023-02-20 15:54:46] [Epoch   163/  200] trn/loss 8.465e-03, trn/lr 8.428e-04, val/acc 9.560e-01, val/nll 1.519e-01 (best_acc: 9.541e-01 -> 9.560e-01, test_acc: 9.532e-01, test_nll: 1.612e-01)
[2023-02-20 15:54:53] [Epoch   164/  200] trn/loss 8.739e-03, trn/lr 7.997e-04, val/acc 9.545e-01, val/nll 1.565e-01
[2023-02-20 15:55:00] [Epoch   165/  200] trn/loss 7.652e-03, trn/lr 7.576e-04, val/acc 9.530e-01, val/nll 1.563e-01
[2023-02-20 15:55:08] [Epoch   166/  200] trn/loss 7.824e-03, trn/lr 7.166e-04, val/acc 9.534e-01, val/nll 1.510e-01
[2023-02-20 15:55:15] [Epoch   167/  200] trn/loss 7.344e-03, trn/lr 6.766e-04, val/acc 9.548e-01, val/nll 1.480e-01
[2023-02-20 15:55:22] [Epoch   168/  200] trn/loss 7.485e-03, trn/lr 6.377e-04, val/acc 9.539e-01, val/nll 1.530e-01
[2023-02-20 15:55:29] [Epoch   169/  200] trn/loss 6.980e-03, trn/lr 5.998e-04, val/acc 9.554e-01, val/nll 1.520e-01
[2023-02-20 15:55:36] [Epoch   170/  200] trn/loss 7.046e-03, trn/lr 5.631e-04, val/acc 9.554e-01, val/nll 1.523e-01
[2023-02-20 15:55:44] [Epoch   171/  200] trn/loss 6.875e-03, trn/lr 5.274e-04, val/acc 9.554e-01, val/nll 1.529e-01
[2023-02-20 15:55:52] [Epoch   172/  200] trn/loss 6.498e-03, trn/lr 4.929e-04, val/acc 9.567e-01, val/nll 1.491e-01 (best_acc: 9.560e-01 -> 9.567e-01, test_acc: 9.559e-01, test_nll: 1.563e-01)
[2023-02-20 15:55:59] [Epoch   173/  200] trn/loss 6.676e-03, trn/lr 4.594e-04, val/acc 9.564e-01, val/nll 1.470e-01
[2023-02-20 15:56:06] [Epoch   174/  200] trn/loss 6.335e-03, trn/lr 4.271e-04, val/acc 9.556e-01, val/nll 1.482e-01
[2023-02-20 15:56:14] [Epoch   175/  200] trn/loss 6.272e-03, trn/lr 3.959e-04, val/acc 9.576e-01, val/nll 1.459e-01 (best_acc: 9.567e-01 -> 9.576e-01, test_acc: 9.570e-01, test_nll: 1.546e-01)
[2023-02-20 15:56:22] [Epoch   176/  200] trn/loss 6.058e-03, trn/lr 3.659e-04, val/acc 9.577e-01, val/nll 1.431e-01 (best_acc: 9.576e-01 -> 9.577e-01, test_acc: 9.560e-01, test_nll: 1.544e-01)
[2023-02-20 15:56:29] [Epoch   177/  200] trn/loss 6.170e-03, trn/lr 3.369e-04, val/acc 9.562e-01, val/nll 1.494e-01
[2023-02-20 15:56:37] [Epoch   178/  200] trn/loss 5.699e-03, trn/lr 3.092e-04, val/acc 9.553e-01, val/nll 1.481e-01
[2023-02-20 15:56:44] [Epoch   179/  200] trn/loss 5.594e-03, trn/lr 2.826e-04, val/acc 9.565e-01, val/nll 1.507e-01
[2023-02-20 15:56:51] [Epoch   180/  200] trn/loss 5.917e-03, trn/lr 2.571e-04, val/acc 9.564e-01, val/nll 1.479e-01
[2023-02-20 15:56:58] [Epoch   181/  200] trn/loss 5.331e-03, trn/lr 2.329e-04, val/acc 9.561e-01, val/nll 1.477e-01
[2023-02-20 15:57:06] [Epoch   182/  200] trn/loss 5.305e-03, trn/lr 2.098e-04, val/acc 9.565e-01, val/nll 1.490e-01
[2023-02-20 15:57:13] [Epoch   183/  200] trn/loss 5.509e-03, trn/lr 1.878e-04, val/acc 9.569e-01, val/nll 1.479e-01
[2023-02-20 15:57:20] [Epoch   184/  200] trn/loss 5.340e-03, trn/lr 1.671e-04, val/acc 9.571e-01, val/nll 1.474e-01
[2023-02-20 15:57:27] [Epoch   185/  200] trn/loss 5.388e-03, trn/lr 1.476e-04, val/acc 9.570e-01, val/nll 1.497e-01
[2023-02-20 15:57:34] [Epoch   186/  200] trn/loss 5.036e-03, trn/lr 1.292e-04, val/acc 9.565e-01, val/nll 1.488e-01
[2023-02-20 15:57:42] [Epoch   187/  200] trn/loss 5.106e-03, trn/lr 1.121e-04, val/acc 9.572e-01, val/nll 1.459e-01
[2023-02-20 15:57:49] [Epoch   188/  200] trn/loss 5.048e-03, trn/lr 9.617e-05, val/acc 9.576e-01, val/nll 1.471e-01
[2023-02-20 15:57:56] [Epoch   189/  200] trn/loss 5.462e-03, trn/lr 8.145e-05, val/acc 9.570e-01, val/nll 1.480e-01
[2023-02-20 15:58:03] [Epoch   190/  200] trn/loss 5.022e-03, trn/lr 6.794e-05, val/acc 9.575e-01, val/nll 1.467e-01
[2023-02-20 15:58:10] [Epoch   191/  200] trn/loss 5.315e-03, trn/lr 5.565e-05, val/acc 9.570e-01, val/nll 1.465e-01
[2023-02-20 15:58:18] [Epoch   192/  200] trn/loss 5.373e-03, trn/lr 4.458e-05, val/acc 9.572e-01, val/nll 1.461e-01
[2023-02-20 15:58:25] [Epoch   193/  200] trn/loss 4.974e-03, trn/lr 3.474e-05, val/acc 9.572e-01, val/nll 1.462e-01
[2023-02-20 15:58:33] [Epoch   194/  200] trn/loss 5.096e-03, trn/lr 2.612e-05, val/acc 9.581e-01, val/nll 1.470e-01 (best_acc: 9.577e-01 -> 9.581e-01, test_acc: 9.568e-01, test_nll: 1.529e-01)
[2023-02-20 15:58:40] [Epoch   195/  200] trn/loss 4.905e-03, trn/lr 1.872e-05, val/acc 9.574e-01, val/nll 1.465e-01
[2023-02-20 15:58:47] [Epoch   196/  200] trn/loss 5.219e-03, trn/lr 1.255e-05, val/acc 9.581e-01, val/nll 1.467e-01
[2023-02-20 15:58:54] [Epoch   197/  200] trn/loss 5.077e-03, trn/lr 7.619e-06, val/acc 9.576e-01, val/nll 1.467e-01
[2023-02-20 15:59:02] [Epoch   198/  200] trn/loss 5.182e-03, trn/lr 3.916e-06, val/acc 9.574e-01, val/nll 1.468e-01
[2023-02-20 15:59:09] [Epoch   199/  200] trn/loss 5.007e-03, trn/lr 1.445e-06, val/acc 9.572e-01, val/nll 1.475e-01
[2023-02-20 15:59:16] [Epoch   200/  200] trn/loss 4.875e-03, trn/lr 2.075e-07, val/acc 9.570e-01, val/nll 1.474e-01
