[2023-02-03 16:32:47] Environments:
------------  -------------------------------------------------------------------------------
sys.platform  linux
Python        3.10.8 (main, Nov 24 2022, 14:13:03) [GCC 11.2.0]
JAX           0.4.1 @/mnt/home/giung/.conda/envs/jax-siml/lib/python3.10/site-packages/jax
jaxlib        0.4.1 @/mnt/home/giung/.conda/envs/jax-siml/lib/python3.10/site-packages/jaxlib
Flax          0.6.3 @/mnt/home/giung/.conda/envs/jax-siml/lib/python3.10/site-packages/flax
Optax         0.1.4 @/mnt/home/giung/.conda/envs/jax-siml/lib/python3.10/site-packages/optax
------------  -------------------------------------------------------------------------------

[2023-02-03 16:32:47] Command line arguments:
- args.data_root          : ./data/
- args.data_name          : CIFAR10_x32
- args.data_augmentation  : standard
- args.data_proportional  : 1.0
- args.model_depth        : 32
- args.model_width        : 1
- args.model_style        : BN-ReLU
- args.optim_bs           : 256
- args.optim_ne           : 500
- args.optim_lr           : 0.01
- args.optim_momentum     : 0.99
- args.optim_weight_decay : 0.003
- args.save               : /mnt/home/giung/giung2-dev/projects/residual-networks/save/CIFAR10_x32/R32-BN-ReLU/bs-0256_ne-0500_lr-0.01_mo-0.99_wd-0.0030_fp32/42
- args.seed               : 42
- args.precision          : fp32

[2023-02-03 16:33:13] [Epoch     1/  500] trn/loss 2.331e+00, trn/lr 1.000e-02, val/acc 2.222e-01, val/nll 2.052e+00 (best_acc: 0.000e+00 -> 2.222e-01, test_acc: 2.223e-01, test_nll: 2.058e+00)
[2023-02-03 16:33:16] [Epoch     2/  500] trn/loss 1.928e+00, trn/lr 1.000e-02, val/acc 2.176e-01, val/nll 1.984e+00
[2023-02-03 16:33:20] [Epoch     3/  500] trn/loss 1.787e+00, trn/lr 9.999e-03, val/acc 2.819e-01, val/nll 1.885e+00 (best_acc: 2.222e-01 -> 2.819e-01, test_acc: 2.757e-01, test_nll: 1.891e+00)
[2023-02-03 16:33:23] [Epoch     4/  500] trn/loss 1.687e+00, trn/lr 9.999e-03, val/acc 3.308e-01, val/nll 1.748e+00 (best_acc: 2.819e-01 -> 3.308e-01, test_acc: 3.212e-01, test_nll: 1.760e+00)
[2023-02-03 16:33:26] [Epoch     5/  500] trn/loss 1.609e+00, trn/lr 9.998e-03, val/acc 3.914e-01, val/nll 1.606e+00 (best_acc: 3.308e-01 -> 3.914e-01, test_acc: 3.920e-01, test_nll: 1.597e+00)
[2023-02-03 16:33:29] [Epoch     6/  500] trn/loss 1.498e+00, trn/lr 9.997e-03, val/acc 4.162e-01, val/nll 1.586e+00 (best_acc: 3.914e-01 -> 4.162e-01, test_acc: 4.139e-01, test_nll: 1.574e+00)
[2023-02-03 16:33:33] [Epoch     7/  500] trn/loss 1.379e+00, trn/lr 9.996e-03, val/acc 4.310e-01, val/nll 1.585e+00 (best_acc: 4.162e-01 -> 4.310e-01, test_acc: 4.251e-01, test_nll: 1.576e+00)
[2023-02-03 16:33:36] [Epoch     8/  500] trn/loss 1.266e+00, trn/lr 9.994e-03, val/acc 5.347e-01, val/nll 1.262e+00 (best_acc: 4.310e-01 -> 5.347e-01, test_acc: 5.331e-01, test_nll: 1.273e+00)
[2023-02-03 16:33:39] [Epoch     9/  500] trn/loss 1.167e+00, trn/lr 9.993e-03, val/acc 5.574e-01, val/nll 1.221e+00 (best_acc: 5.347e-01 -> 5.574e-01, test_acc: 5.562e-01, test_nll: 1.221e+00)
[2023-02-03 16:33:42] [Epoch    10/  500] trn/loss 1.094e+00, trn/lr 9.991e-03, val/acc 5.987e-01, val/nll 1.158e+00 (best_acc: 5.574e-01 -> 5.987e-01, test_acc: 5.830e-01, test_nll: 1.186e+00)
[2023-02-03 16:33:45] [Epoch    11/  500] trn/loss 1.053e+00, trn/lr 9.989e-03, val/acc 5.967e-01, val/nll 1.153e+00
[2023-02-03 16:33:48] [Epoch    12/  500] trn/loss 1.007e+00, trn/lr 9.987e-03, val/acc 5.879e-01, val/nll 1.231e+00
[2023-02-03 16:33:51] [Epoch    13/  500] trn/loss 9.497e-01, trn/lr 9.985e-03, val/acc 5.157e-01, val/nll 1.573e+00
[2023-02-03 16:33:54] [Epoch    14/  500] trn/loss 9.191e-01, trn/lr 9.982e-03, val/acc 6.242e-01, val/nll 1.081e+00 (best_acc: 5.987e-01 -> 6.242e-01, test_acc: 6.109e-01, test_nll: 1.114e+00)
[2023-02-03 16:33:57] [Epoch    15/  500] trn/loss 8.802e-01, trn/lr 9.979e-03, val/acc 4.731e-01, val/nll 1.994e+00
[2023-02-03 16:34:01] [Epoch    16/  500] trn/loss 8.469e-01, trn/lr 9.976e-03, val/acc 5.991e-01, val/nll 1.193e+00
[2023-02-03 16:34:04] [Epoch    17/  500] trn/loss 8.371e-01, trn/lr 9.973e-03, val/acc 6.624e-01, val/nll 1.010e+00 (best_acc: 6.242e-01 -> 6.624e-01, test_acc: 6.549e-01, test_nll: 1.014e+00)
[2023-02-03 16:34:07] [Epoch    18/  500] trn/loss 8.022e-01, trn/lr 9.970e-03, val/acc 6.866e-01, val/nll 9.206e-01 (best_acc: 6.624e-01 -> 6.866e-01, test_acc: 6.820e-01, test_nll: 9.456e-01)
[2023-02-03 16:34:10] [Epoch    19/  500] trn/loss 8.084e-01, trn/lr 9.966e-03, val/acc 4.491e-01, val/nll 1.656e+00
[2023-02-03 16:34:13] [Epoch    20/  500] trn/loss 8.008e-01, trn/lr 9.963e-03, val/acc 6.204e-01, val/nll 1.175e+00
[2023-02-03 16:34:16] [Epoch    21/  500] trn/loss 7.836e-01, trn/lr 9.959e-03, val/acc 6.740e-01, val/nll 9.607e-01
[2023-02-03 16:34:19] [Epoch    22/  500] trn/loss 7.968e-01, trn/lr 9.954e-03, val/acc 5.390e-01, val/nll 1.522e+00
[2023-02-03 16:34:22] [Epoch    23/  500] trn/loss 7.897e-01, trn/lr 9.950e-03, val/acc 5.939e-01, val/nll 1.156e+00
[2023-02-03 16:34:25] [Epoch    24/  500] trn/loss 7.637e-01, trn/lr 9.946e-03, val/acc 7.199e-01, val/nll 8.120e-01 (best_acc: 6.866e-01 -> 7.199e-01, test_acc: 7.114e-01, test_nll: 8.353e-01)
[2023-02-03 16:34:28] [Epoch    25/  500] trn/loss 7.566e-01, trn/lr 9.941e-03, val/acc 6.415e-01, val/nll 1.108e+00
[2023-02-03 16:34:31] [Epoch    26/  500] trn/loss 7.563e-01, trn/lr 9.936e-03, val/acc 6.796e-01, val/nll 9.510e-01
[2023-02-03 16:34:34] [Epoch    27/  500] trn/loss 7.703e-01, trn/lr 9.931e-03, val/acc 6.625e-01, val/nll 9.918e-01
[2023-02-03 16:34:37] [Epoch    28/  500] trn/loss 7.590e-01, trn/lr 9.926e-03, val/acc 6.268e-01, val/nll 1.134e+00
[2023-02-03 16:34:40] [Epoch    29/  500] trn/loss 7.576e-01, trn/lr 9.920e-03, val/acc 6.787e-01, val/nll 9.654e-01
[2023-02-03 16:34:43] [Epoch    30/  500] trn/loss 7.531e-01, trn/lr 9.914e-03, val/acc 6.493e-01, val/nll 1.144e+00
[2023-02-03 16:34:47] [Epoch    31/  500] trn/loss 7.533e-01, trn/lr 9.908e-03, val/acc 6.452e-01, val/nll 1.070e+00
[2023-02-03 16:34:50] [Epoch    32/  500] trn/loss 7.484e-01, trn/lr 9.902e-03, val/acc 6.069e-01, val/nll 1.244e+00
[2023-02-03 16:34:53] [Epoch    33/  500] trn/loss 7.422e-01, trn/lr 9.896e-03, val/acc 6.381e-01, val/nll 1.155e+00
[2023-02-03 16:34:56] [Epoch    34/  500] trn/loss 7.657e-01, trn/lr 9.890e-03, val/acc 6.897e-01, val/nll 8.971e-01
[2023-02-03 16:34:59] [Epoch    35/  500] trn/loss 7.338e-01, trn/lr 9.883e-03, val/acc 6.713e-01, val/nll 9.765e-01
[2023-02-03 16:35:02] [Epoch    36/  500] trn/loss 7.494e-01, trn/lr 9.876e-03, val/acc 6.997e-01, val/nll 8.915e-01
[2023-02-03 16:35:05] [Epoch    37/  500] trn/loss 7.454e-01, trn/lr 9.869e-03, val/acc 6.037e-01, val/nll 1.324e+00
[2023-02-03 16:35:08] [Epoch    38/  500] trn/loss 7.383e-01, trn/lr 9.862e-03, val/acc 6.913e-01, val/nll 9.143e-01
[2023-02-03 16:35:11] [Epoch    39/  500] trn/loss 7.312e-01, trn/lr 9.854e-03, val/acc 6.284e-01, val/nll 1.085e+00
[2023-02-03 16:35:14] [Epoch    40/  500] trn/loss 7.383e-01, trn/lr 9.847e-03, val/acc 5.961e-01, val/nll 1.376e+00
[2023-02-03 16:35:17] [Epoch    41/  500] trn/loss 7.457e-01, trn/lr 9.839e-03, val/acc 6.169e-01, val/nll 1.153e+00
[2023-02-03 16:35:20] [Epoch    42/  500] trn/loss 7.390e-01, trn/lr 9.831e-03, val/acc 5.812e-01, val/nll 1.423e+00
[2023-02-03 16:35:23] [Epoch    43/  500] trn/loss 7.261e-01, trn/lr 9.823e-03, val/acc 5.817e-01, val/nll 1.341e+00
[2023-02-03 16:35:26] [Epoch    44/  500] trn/loss 7.393e-01, trn/lr 9.814e-03, val/acc 6.999e-01, val/nll 9.383e-01
[2023-02-03 16:35:29] [Epoch    45/  500] trn/loss 7.301e-01, trn/lr 9.806e-03, val/acc 6.456e-01, val/nll 1.095e+00
[2023-02-03 16:35:32] [Epoch    46/  500] trn/loss 7.171e-01, trn/lr 9.797e-03, val/acc 6.136e-01, val/nll 1.214e+00
[2023-02-03 16:35:35] [Epoch    47/  500] trn/loss 7.464e-01, trn/lr 9.788e-03, val/acc 6.999e-01, val/nll 9.389e-01
[2023-02-03 16:35:38] [Epoch    48/  500] trn/loss 7.553e-01, trn/lr 9.779e-03, val/acc 6.456e-01, val/nll 1.172e+00
[2023-02-03 16:35:41] [Epoch    49/  500] trn/loss 7.317e-01, trn/lr 9.770e-03, val/acc 7.049e-01, val/nll 8.827e-01
[2023-02-03 16:35:44] [Epoch    50/  500] trn/loss 7.220e-01, trn/lr 9.760e-03, val/acc 7.269e-01, val/nll 7.997e-01 (best_acc: 7.199e-01 -> 7.269e-01, test_acc: 7.205e-01, test_nll: 8.089e-01)
[2023-02-03 16:35:47] [Epoch    51/  500] trn/loss 7.186e-01, trn/lr 9.750e-03, val/acc 6.854e-01, val/nll 9.617e-01
[2023-02-03 16:35:50] [Epoch    52/  500] trn/loss 7.197e-01, trn/lr 9.741e-03, val/acc 6.644e-01, val/nll 1.103e+00
[2023-02-03 16:35:53] [Epoch    53/  500] trn/loss 7.356e-01, trn/lr 9.730e-03, val/acc 6.754e-01, val/nll 1.029e+00
[2023-02-03 16:35:56] [Epoch    54/  500] trn/loss 7.297e-01, trn/lr 9.720e-03, val/acc 6.476e-01, val/nll 1.113e+00
[2023-02-03 16:35:59] [Epoch    55/  500] trn/loss 7.261e-01, trn/lr 9.710e-03, val/acc 6.293e-01, val/nll 1.160e+00
[2023-02-03 16:36:02] [Epoch    56/  500] trn/loss 7.526e-01, trn/lr 9.699e-03, val/acc 6.684e-01, val/nll 1.011e+00
[2023-02-03 16:36:05] [Epoch    57/  500] trn/loss 7.425e-01, trn/lr 9.688e-03, val/acc 6.915e-01, val/nll 9.353e-01
[2023-02-03 16:36:08] [Epoch    58/  500] trn/loss 7.158e-01, trn/lr 9.677e-03, val/acc 6.162e-01, val/nll 1.213e+00
[2023-02-03 16:36:11] [Epoch    59/  500] trn/loss 7.285e-01, trn/lr 9.666e-03, val/acc 5.468e-01, val/nll 1.579e+00
[2023-02-03 16:36:14] [Epoch    60/  500] trn/loss 7.264e-01, trn/lr 9.655e-03, val/acc 6.903e-01, val/nll 9.636e-01
[2023-02-03 16:36:17] [Epoch    61/  500] trn/loss 7.336e-01, trn/lr 9.643e-03, val/acc 6.820e-01, val/nll 9.576e-01
[2023-02-03 16:36:20] [Epoch    62/  500] trn/loss 7.329e-01, trn/lr 9.631e-03, val/acc 6.512e-01, val/nll 1.057e+00
[2023-02-03 16:36:23] [Epoch    63/  500] trn/loss 7.276e-01, trn/lr 9.619e-03, val/acc 6.790e-01, val/nll 9.949e-01
[2023-02-03 16:36:26] [Epoch    64/  500] trn/loss 7.181e-01, trn/lr 9.607e-03, val/acc 6.827e-01, val/nll 1.000e+00
[2023-02-03 16:36:29] [Epoch    65/  500] trn/loss 7.266e-01, trn/lr 9.595e-03, val/acc 6.921e-01, val/nll 9.110e-01
[2023-02-03 16:36:32] [Epoch    66/  500] trn/loss 7.283e-01, trn/lr 9.583e-03, val/acc 6.048e-01, val/nll 1.294e+00
[2023-02-03 16:36:35] [Epoch    67/  500] trn/loss 7.138e-01, trn/lr 9.570e-03, val/acc 6.915e-01, val/nll 9.089e-01
[2023-02-03 16:36:38] [Epoch    68/  500] trn/loss 7.116e-01, trn/lr 9.557e-03, val/acc 6.542e-01, val/nll 1.133e+00
[2023-02-03 16:36:41] [Epoch    69/  500] trn/loss 7.206e-01, trn/lr 9.544e-03, val/acc 7.225e-01, val/nll 8.080e-01
[2023-02-03 16:36:45] [Epoch    70/  500] trn/loss 7.193e-01, trn/lr 9.531e-03, val/acc 6.363e-01, val/nll 1.074e+00
[2023-02-03 16:36:48] [Epoch    71/  500] trn/loss 7.120e-01, trn/lr 9.517e-03, val/acc 7.274e-01, val/nll 7.992e-01 (best_acc: 7.269e-01 -> 7.274e-01, test_acc: 7.227e-01, test_nll: 8.096e-01)
[2023-02-03 16:36:51] [Epoch    72/  500] trn/loss 7.359e-01, trn/lr 9.504e-03, val/acc 6.485e-01, val/nll 1.085e+00
[2023-02-03 16:36:54] [Epoch    73/  500] trn/loss 7.250e-01, trn/lr 9.490e-03, val/acc 6.813e-01, val/nll 1.012e+00
[2023-02-03 16:36:57] [Epoch    74/  500] trn/loss 7.072e-01, trn/lr 9.476e-03, val/acc 6.192e-01, val/nll 1.266e+00
[2023-02-03 16:37:00] [Epoch    75/  500] trn/loss 7.105e-01, trn/lr 9.462e-03, val/acc 6.600e-01, val/nll 1.033e+00
[2023-02-03 16:37:03] [Epoch    76/  500] trn/loss 7.345e-01, trn/lr 9.448e-03, val/acc 6.555e-01, val/nll 1.000e+00
[2023-02-03 16:37:06] [Epoch    77/  500] trn/loss 7.156e-01, trn/lr 9.433e-03, val/acc 5.485e-01, val/nll 1.378e+00
[2023-02-03 16:37:09] [Epoch    78/  500] trn/loss 7.221e-01, trn/lr 9.419e-03, val/acc 6.717e-01, val/nll 1.001e+00
[2023-02-03 16:37:12] [Epoch    79/  500] trn/loss 7.223e-01, trn/lr 9.404e-03, val/acc 7.134e-01, val/nll 8.620e-01
[2023-02-03 16:37:15] [Epoch    80/  500] trn/loss 7.323e-01, trn/lr 9.389e-03, val/acc 7.061e-01, val/nll 8.956e-01
[2023-02-03 16:37:18] [Epoch    81/  500] trn/loss 7.249e-01, trn/lr 9.374e-03, val/acc 6.844e-01, val/nll 9.558e-01
[2023-02-03 16:37:21] [Epoch    82/  500] trn/loss 7.191e-01, trn/lr 9.359e-03, val/acc 6.760e-01, val/nll 9.976e-01
[2023-02-03 16:37:24] [Epoch    83/  500] trn/loss 7.070e-01, trn/lr 9.343e-03, val/acc 7.207e-01, val/nll 8.281e-01
[2023-02-03 16:37:27] [Epoch    84/  500] trn/loss 7.350e-01, trn/lr 9.328e-03, val/acc 6.623e-01, val/nll 1.024e+00
[2023-02-03 16:37:30] [Epoch    85/  500] trn/loss 7.174e-01, trn/lr 9.312e-03, val/acc 7.287e-01, val/nll 8.043e-01 (best_acc: 7.274e-01 -> 7.287e-01, test_acc: 7.211e-01, test_nll: 8.371e-01)
[2023-02-03 16:37:33] [Epoch    86/  500] trn/loss 7.047e-01, trn/lr 9.296e-03, val/acc 5.759e-01, val/nll 1.378e+00
[2023-02-03 16:37:36] [Epoch    87/  500] trn/loss 7.083e-01, trn/lr 9.280e-03, val/acc 6.854e-01, val/nll 9.560e-01
[2023-02-03 16:37:39] [Epoch    88/  500] trn/loss 7.168e-01, trn/lr 9.263e-03, val/acc 7.129e-01, val/nll 8.273e-01
[2023-02-03 16:37:42] [Epoch    89/  500] trn/loss 7.265e-01, trn/lr 9.247e-03, val/acc 7.160e-01, val/nll 8.563e-01
[2023-02-03 16:37:45] [Epoch    90/  500] trn/loss 7.227e-01, trn/lr 9.230e-03, val/acc 6.990e-01, val/nll 8.863e-01
[2023-02-03 16:37:48] [Epoch    91/  500] trn/loss 7.242e-01, trn/lr 9.213e-03, val/acc 6.823e-01, val/nll 9.885e-01
[2023-02-03 16:37:51] [Epoch    92/  500] trn/loss 7.124e-01, trn/lr 9.196e-03, val/acc 6.513e-01, val/nll 1.135e+00
[2023-02-03 16:37:54] [Epoch    93/  500] trn/loss 7.115e-01, trn/lr 9.179e-03, val/acc 5.799e-01, val/nll 1.459e+00
[2023-02-03 16:37:57] [Epoch    94/  500] trn/loss 7.098e-01, trn/lr 9.162e-03, val/acc 7.202e-01, val/nll 8.314e-01
[2023-02-03 16:38:00] [Epoch    95/  500] trn/loss 7.154e-01, trn/lr 9.144e-03, val/acc 6.921e-01, val/nll 9.328e-01
[2023-02-03 16:38:03] [Epoch    96/  500] trn/loss 7.067e-01, trn/lr 9.127e-03, val/acc 7.185e-01, val/nll 8.279e-01
[2023-02-03 16:38:06] [Epoch    97/  500] trn/loss 7.100e-01, trn/lr 9.109e-03, val/acc 6.989e-01, val/nll 8.927e-01
[2023-02-03 16:38:09] [Epoch    98/  500] trn/loss 7.065e-01, trn/lr 9.091e-03, val/acc 6.594e-01, val/nll 1.050e+00
[2023-02-03 16:38:12] [Epoch    99/  500] trn/loss 7.205e-01, trn/lr 9.073e-03, val/acc 6.835e-01, val/nll 9.696e-01
[2023-02-03 16:38:15] [Epoch   100/  500] trn/loss 7.262e-01, trn/lr 9.054e-03, val/acc 7.020e-01, val/nll 8.765e-01
[2023-02-03 16:38:18] [Epoch   101/  500] trn/loss 6.951e-01, trn/lr 9.036e-03, val/acc 6.877e-01, val/nll 9.415e-01
[2023-02-03 16:38:21] [Epoch   102/  500] trn/loss 6.986e-01, trn/lr 9.017e-03, val/acc 7.053e-01, val/nll 8.508e-01
[2023-02-03 16:38:24] [Epoch   103/  500] trn/loss 7.284e-01, trn/lr 8.998e-03, val/acc 6.712e-01, val/nll 1.043e+00
[2023-02-03 16:38:27] [Epoch   104/  500] trn/loss 7.245e-01, trn/lr 8.980e-03, val/acc 7.076e-01, val/nll 8.471e-01
[2023-02-03 16:38:30] [Epoch   105/  500] trn/loss 7.237e-01, trn/lr 8.960e-03, val/acc 6.899e-01, val/nll 9.319e-01
[2023-02-03 16:38:33] [Epoch   106/  500] trn/loss 7.239e-01, trn/lr 8.941e-03, val/acc 6.606e-01, val/nll 1.037e+00
[2023-02-03 16:38:37] [Epoch   107/  500] trn/loss 7.147e-01, trn/lr 8.922e-03, val/acc 7.553e-01, val/nll 7.157e-01 (best_acc: 7.287e-01 -> 7.553e-01, test_acc: 7.489e-01, test_nll: 7.463e-01)
[2023-02-03 16:38:40] [Epoch   108/  500] trn/loss 7.100e-01, trn/lr 8.902e-03, val/acc 7.022e-01, val/nll 9.131e-01
[2023-02-03 16:38:43] [Epoch   109/  500] trn/loss 7.134e-01, trn/lr 8.882e-03, val/acc 7.374e-01, val/nll 7.815e-01
[2023-02-03 16:38:46] [Epoch   110/  500] trn/loss 7.113e-01, trn/lr 8.863e-03, val/acc 7.134e-01, val/nll 8.453e-01
[2023-02-03 16:38:49] [Epoch   111/  500] trn/loss 7.087e-01, trn/lr 8.843e-03, val/acc 6.350e-01, val/nll 1.264e+00
[2023-02-03 16:38:52] [Epoch   112/  500] trn/loss 7.023e-01, trn/lr 8.822e-03, val/acc 6.338e-01, val/nll 1.105e+00
[2023-02-03 16:38:55] [Epoch   113/  500] trn/loss 7.206e-01, trn/lr 8.802e-03, val/acc 5.622e-01, val/nll 1.452e+00
[2023-02-03 16:38:58] [Epoch   114/  500] trn/loss 7.184e-01, trn/lr 8.782e-03, val/acc 7.059e-01, val/nll 9.179e-01
[2023-02-03 16:39:01] [Epoch   115/  500] trn/loss 7.112e-01, trn/lr 8.761e-03, val/acc 6.918e-01, val/nll 9.309e-01
[2023-02-03 16:39:04] [Epoch   116/  500] trn/loss 6.989e-01, trn/lr 8.740e-03, val/acc 7.487e-01, val/nll 7.400e-01
[2023-02-03 16:39:07] [Epoch   117/  500] trn/loss 7.059e-01, trn/lr 8.719e-03, val/acc 5.721e-01, val/nll 1.300e+00
[2023-02-03 16:39:10] [Epoch   118/  500] trn/loss 7.071e-01, trn/lr 8.698e-03, val/acc 7.166e-01, val/nll 8.841e-01
[2023-02-03 16:39:13] [Epoch   119/  500] trn/loss 7.019e-01, trn/lr 8.677e-03, val/acc 6.919e-01, val/nll 9.537e-01
[2023-02-03 16:39:16] [Epoch   120/  500] trn/loss 6.870e-01, trn/lr 8.656e-03, val/acc 6.400e-01, val/nll 1.130e+00
[2023-02-03 16:39:19] [Epoch   121/  500] trn/loss 6.877e-01, trn/lr 8.634e-03, val/acc 6.902e-01, val/nll 9.261e-01
[2023-02-03 16:39:22] [Epoch   122/  500] trn/loss 7.091e-01, trn/lr 8.612e-03, val/acc 7.252e-01, val/nll 8.414e-01
[2023-02-03 16:39:25] [Epoch   123/  500] trn/loss 7.027e-01, trn/lr 8.591e-03, val/acc 6.905e-01, val/nll 9.460e-01
[2023-02-03 16:39:28] [Epoch   124/  500] trn/loss 6.875e-01, trn/lr 8.569e-03, val/acc 5.406e-01, val/nll 1.787e+00
[2023-02-03 16:39:31] [Epoch   125/  500] trn/loss 6.984e-01, trn/lr 8.547e-03, val/acc 6.701e-01, val/nll 1.020e+00
[2023-02-03 16:39:34] [Epoch   126/  500] trn/loss 7.047e-01, trn/lr 8.524e-03, val/acc 6.754e-01, val/nll 9.801e-01
[2023-02-03 16:39:37] [Epoch   127/  500] trn/loss 6.969e-01, trn/lr 8.502e-03, val/acc 7.013e-01, val/nll 9.339e-01
[2023-02-03 16:39:40] [Epoch   128/  500] trn/loss 7.023e-01, trn/lr 8.480e-03, val/acc 6.817e-01, val/nll 9.497e-01
[2023-02-03 16:39:43] [Epoch   129/  500] trn/loss 6.967e-01, trn/lr 8.457e-03, val/acc 7.294e-01, val/nll 8.103e-01
[2023-02-03 16:39:46] [Epoch   130/  500] trn/loss 6.925e-01, trn/lr 8.434e-03, val/acc 6.515e-01, val/nll 1.106e+00
[2023-02-03 16:39:49] [Epoch   131/  500] trn/loss 7.069e-01, trn/lr 8.411e-03, val/acc 6.935e-01, val/nll 9.256e-01
[2023-02-03 16:39:52] [Epoch   132/  500] trn/loss 6.903e-01, trn/lr 8.388e-03, val/acc 7.256e-01, val/nll 8.263e-01
[2023-02-03 16:39:55] [Epoch   133/  500] trn/loss 6.899e-01, trn/lr 8.365e-03, val/acc 6.831e-01, val/nll 9.706e-01
[2023-02-03 16:39:58] [Epoch   134/  500] trn/loss 6.939e-01, trn/lr 8.342e-03, val/acc 7.262e-01, val/nll 8.008e-01
[2023-02-03 16:40:01] [Epoch   135/  500] trn/loss 6.912e-01, trn/lr 8.318e-03, val/acc 7.479e-01, val/nll 7.345e-01
[2023-02-03 16:40:04] [Epoch   136/  500] trn/loss 6.865e-01, trn/lr 8.295e-03, val/acc 5.741e-01, val/nll 1.474e+00
[2023-02-03 16:40:07] [Epoch   137/  500] trn/loss 6.968e-01, trn/lr 8.271e-03, val/acc 7.206e-01, val/nll 8.145e-01
[2023-02-03 16:40:10] [Epoch   138/  500] trn/loss 6.859e-01, trn/lr 8.247e-03, val/acc 7.066e-01, val/nll 8.922e-01
[2023-02-03 16:40:13] [Epoch   139/  500] trn/loss 7.023e-01, trn/lr 8.223e-03, val/acc 7.090e-01, val/nll 8.588e-01
[2023-02-03 16:40:16] [Epoch   140/  500] trn/loss 6.858e-01, trn/lr 8.199e-03, val/acc 5.614e-01, val/nll 1.530e+00
[2023-02-03 16:40:19] [Epoch   141/  500] trn/loss 6.932e-01, trn/lr 8.175e-03, val/acc 6.821e-01, val/nll 9.568e-01
[2023-02-03 16:40:22] [Epoch   142/  500] trn/loss 6.725e-01, trn/lr 8.151e-03, val/acc 5.905e-01, val/nll 1.240e+00
[2023-02-03 16:40:25] [Epoch   143/  500] trn/loss 7.017e-01, trn/lr 8.126e-03, val/acc 6.976e-01, val/nll 8.979e-01
[2023-02-03 16:40:28] [Epoch   144/  500] trn/loss 6.942e-01, trn/lr 8.102e-03, val/acc 7.256e-01, val/nll 8.141e-01
[2023-02-03 16:40:31] [Epoch   145/  500] trn/loss 6.735e-01, trn/lr 8.077e-03, val/acc 6.946e-01, val/nll 9.412e-01
[2023-02-03 16:40:34] [Epoch   146/  500] trn/loss 6.816e-01, trn/lr 8.052e-03, val/acc 7.044e-01, val/nll 8.890e-01
[2023-02-03 16:40:37] [Epoch   147/  500] trn/loss 6.755e-01, trn/lr 8.027e-03, val/acc 6.082e-01, val/nll 1.266e+00
[2023-02-03 16:40:40] [Epoch   148/  500] trn/loss 6.798e-01, trn/lr 8.002e-03, val/acc 7.293e-01, val/nll 8.064e-01
[2023-02-03 16:40:43] [Epoch   149/  500] trn/loss 6.947e-01, trn/lr 7.977e-03, val/acc 6.541e-01, val/nll 1.099e+00
[2023-02-03 16:40:46] [Epoch   150/  500] trn/loss 6.938e-01, trn/lr 7.952e-03, val/acc 7.507e-01, val/nll 7.530e-01
[2023-02-03 16:40:49] [Epoch   151/  500] trn/loss 6.781e-01, trn/lr 7.926e-03, val/acc 7.101e-01, val/nll 8.767e-01
[2023-02-03 16:40:52] [Epoch   152/  500] trn/loss 6.767e-01, trn/lr 7.901e-03, val/acc 6.584e-01, val/nll 1.059e+00
[2023-02-03 16:40:55] [Epoch   153/  500] trn/loss 6.785e-01, trn/lr 7.875e-03, val/acc 6.790e-01, val/nll 9.798e-01
[2023-02-03 16:40:58] [Epoch   154/  500] trn/loss 6.813e-01, trn/lr 7.849e-03, val/acc 7.446e-01, val/nll 7.765e-01
[2023-02-03 16:41:01] [Epoch   155/  500] trn/loss 6.802e-01, trn/lr 7.823e-03, val/acc 5.996e-01, val/nll 1.253e+00
[2023-02-03 16:41:04] [Epoch   156/  500] trn/loss 6.848e-01, trn/lr 7.797e-03, val/acc 6.649e-01, val/nll 1.125e+00
[2023-02-03 16:41:07] [Epoch   157/  500] trn/loss 6.857e-01, trn/lr 7.771e-03, val/acc 7.054e-01, val/nll 8.691e-01
[2023-02-03 16:41:10] [Epoch   158/  500] trn/loss 6.735e-01, trn/lr 7.745e-03, val/acc 6.774e-01, val/nll 9.533e-01
[2023-02-03 16:41:13] [Epoch   159/  500] trn/loss 6.818e-01, trn/lr 7.719e-03, val/acc 7.414e-01, val/nll 7.741e-01
[2023-02-03 16:41:16] [Epoch   160/  500] trn/loss 6.726e-01, trn/lr 7.692e-03, val/acc 7.608e-01, val/nll 7.285e-01 (best_acc: 7.553e-01 -> 7.608e-01, test_acc: 7.548e-01, test_nll: 7.447e-01)
[2023-02-03 16:41:19] [Epoch   161/  500] trn/loss 6.792e-01, trn/lr 7.666e-03, val/acc 7.389e-01, val/nll 7.539e-01
[2023-02-03 16:41:22] [Epoch   162/  500] trn/loss 6.727e-01, trn/lr 7.639e-03, val/acc 7.369e-01, val/nll 7.857e-01
[2023-02-03 16:41:25] [Epoch   163/  500] trn/loss 6.705e-01, trn/lr 7.613e-03, val/acc 7.202e-01, val/nll 8.303e-01
[2023-02-03 16:41:28] [Epoch   164/  500] trn/loss 6.884e-01, trn/lr 7.586e-03, val/acc 6.875e-01, val/nll 9.711e-01
[2023-02-03 16:41:31] [Epoch   165/  500] trn/loss 6.731e-01, trn/lr 7.559e-03, val/acc 6.750e-01, val/nll 9.757e-01
[2023-02-03 16:41:34] [Epoch   166/  500] trn/loss 6.775e-01, trn/lr 7.532e-03, val/acc 7.581e-01, val/nll 7.090e-01
[2023-02-03 16:41:37] [Epoch   167/  500] trn/loss 6.685e-01, trn/lr 7.505e-03, val/acc 6.771e-01, val/nll 1.017e+00
[2023-02-03 16:41:40] [Epoch   168/  500] trn/loss 6.630e-01, trn/lr 7.477e-03, val/acc 7.337e-01, val/nll 7.854e-01
[2023-02-03 16:41:43] [Epoch   169/  500] trn/loss 6.793e-01, trn/lr 7.450e-03, val/acc 7.360e-01, val/nll 7.962e-01
[2023-02-03 16:41:46] [Epoch   170/  500] trn/loss 6.705e-01, trn/lr 7.423e-03, val/acc 7.369e-01, val/nll 7.757e-01
[2023-02-03 16:41:49] [Epoch   171/  500] trn/loss 6.592e-01, trn/lr 7.395e-03, val/acc 7.283e-01, val/nll 8.087e-01
[2023-02-03 16:41:52] [Epoch   172/  500] trn/loss 6.582e-01, trn/lr 7.367e-03, val/acc 7.062e-01, val/nll 8.745e-01
[2023-02-03 16:41:55] [Epoch   173/  500] trn/loss 6.613e-01, trn/lr 7.340e-03, val/acc 6.319e-01, val/nll 1.145e+00
[2023-02-03 16:41:58] [Epoch   174/  500] trn/loss 6.755e-01, trn/lr 7.312e-03, val/acc 6.037e-01, val/nll 1.352e+00
[2023-02-03 16:42:01] [Epoch   175/  500] trn/loss 6.827e-01, trn/lr 7.284e-03, val/acc 6.385e-01, val/nll 1.183e+00
[2023-02-03 16:42:04] [Epoch   176/  500] trn/loss 6.649e-01, trn/lr 7.256e-03, val/acc 6.584e-01, val/nll 1.077e+00
[2023-02-03 16:42:07] [Epoch   177/  500] trn/loss 6.648e-01, trn/lr 7.228e-03, val/acc 7.414e-01, val/nll 7.440e-01
[2023-02-03 16:42:10] [Epoch   178/  500] trn/loss 6.462e-01, trn/lr 7.200e-03, val/acc 7.052e-01, val/nll 8.665e-01
[2023-02-03 16:42:13] [Epoch   179/  500] trn/loss 6.685e-01, trn/lr 7.172e-03, val/acc 6.889e-01, val/nll 1.002e+00
[2023-02-03 16:42:16] [Epoch   180/  500] trn/loss 6.636e-01, trn/lr 7.143e-03, val/acc 6.209e-01, val/nll 1.278e+00
[2023-02-03 16:42:19] [Epoch   181/  500] trn/loss 6.579e-01, trn/lr 7.115e-03, val/acc 7.465e-01, val/nll 7.664e-01
[2023-02-03 16:42:22] [Epoch   182/  500] trn/loss 6.370e-01, trn/lr 7.086e-03, val/acc 7.563e-01, val/nll 7.164e-01
[2023-02-03 16:42:25] [Epoch   183/  500] trn/loss 6.613e-01, trn/lr 7.058e-03, val/acc 7.226e-01, val/nll 7.920e-01
[2023-02-03 16:42:28] [Epoch   184/  500] trn/loss 6.587e-01, trn/lr 7.029e-03, val/acc 7.295e-01, val/nll 7.997e-01
[2023-02-03 16:42:31] [Epoch   185/  500] trn/loss 6.552e-01, trn/lr 7.000e-03, val/acc 7.210e-01, val/nll 8.548e-01
[2023-02-03 16:42:34] [Epoch   186/  500] trn/loss 6.533e-01, trn/lr 6.971e-03, val/acc 6.955e-01, val/nll 9.013e-01
[2023-02-03 16:42:37] [Epoch   187/  500] trn/loss 6.574e-01, trn/lr 6.942e-03, val/acc 7.081e-01, val/nll 9.004e-01
[2023-02-03 16:42:40] [Epoch   188/  500] trn/loss 6.516e-01, trn/lr 6.914e-03, val/acc 7.303e-01, val/nll 7.725e-01
[2023-02-03 16:42:43] [Epoch   189/  500] trn/loss 6.510e-01, trn/lr 6.884e-03, val/acc 7.395e-01, val/nll 7.830e-01
[2023-02-03 16:42:46] [Epoch   190/  500] trn/loss 6.546e-01, trn/lr 6.855e-03, val/acc 7.374e-01, val/nll 7.905e-01
[2023-02-03 16:42:49] [Epoch   191/  500] trn/loss 6.416e-01, trn/lr 6.826e-03, val/acc 7.346e-01, val/nll 7.868e-01
[2023-02-03 16:42:52] [Epoch   192/  500] trn/loss 6.318e-01, trn/lr 6.797e-03, val/acc 7.409e-01, val/nll 7.472e-01
[2023-02-03 16:42:55] [Epoch   193/  500] trn/loss 6.439e-01, trn/lr 6.767e-03, val/acc 7.590e-01, val/nll 7.168e-01
[2023-02-03 16:42:58] [Epoch   194/  500] trn/loss 6.552e-01, trn/lr 6.738e-03, val/acc 7.424e-01, val/nll 7.387e-01
[2023-02-03 16:43:01] [Epoch   195/  500] trn/loss 6.626e-01, trn/lr 6.709e-03, val/acc 7.233e-01, val/nll 8.145e-01
[2023-02-03 16:43:04] [Epoch   196/  500] trn/loss 6.404e-01, trn/lr 6.679e-03, val/acc 7.244e-01, val/nll 8.414e-01
[2023-02-03 16:43:07] [Epoch   197/  500] trn/loss 6.353e-01, trn/lr 6.649e-03, val/acc 7.215e-01, val/nll 8.415e-01
[2023-02-03 16:43:10] [Epoch   198/  500] trn/loss 6.424e-01, trn/lr 6.620e-03, val/acc 7.144e-01, val/nll 8.540e-01
[2023-02-03 16:43:13] [Epoch   199/  500] trn/loss 6.506e-01, trn/lr 6.590e-03, val/acc 7.081e-01, val/nll 9.007e-01
[2023-02-03 16:43:16] [Epoch   200/  500] trn/loss 6.411e-01, trn/lr 6.560e-03, val/acc 7.405e-01, val/nll 7.615e-01
[2023-02-03 16:43:19] [Epoch   201/  500] trn/loss 6.407e-01, trn/lr 6.530e-03, val/acc 6.969e-01, val/nll 9.204e-01
[2023-02-03 16:43:22] [Epoch   202/  500] trn/loss 6.495e-01, trn/lr 6.500e-03, val/acc 6.555e-01, val/nll 1.053e+00
[2023-02-03 16:43:25] [Epoch   203/  500] trn/loss 6.464e-01, trn/lr 6.470e-03, val/acc 7.322e-01, val/nll 8.100e-01
[2023-02-03 16:43:28] [Epoch   204/  500] trn/loss 6.411e-01, trn/lr 6.440e-03, val/acc 7.509e-01, val/nll 7.284e-01
[2023-02-03 16:43:31] [Epoch   205/  500] trn/loss 6.155e-01, trn/lr 6.410e-03, val/acc 7.804e-01, val/nll 6.439e-01 (best_acc: 7.608e-01 -> 7.804e-01, test_acc: 7.740e-01, test_nll: 6.638e-01)
[2023-02-03 16:43:34] [Epoch   206/  500] trn/loss 6.210e-01, trn/lr 6.380e-03, val/acc 7.588e-01, val/nll 7.035e-01
[2023-02-03 16:43:37] [Epoch   207/  500] trn/loss 6.349e-01, trn/lr 6.350e-03, val/acc 7.372e-01, val/nll 7.779e-01
[2023-02-03 16:43:40] [Epoch   208/  500] trn/loss 6.450e-01, trn/lr 6.319e-03, val/acc 7.482e-01, val/nll 7.420e-01
[2023-02-03 16:43:43] [Epoch   209/  500] trn/loss 6.375e-01, trn/lr 6.289e-03, val/acc 5.959e-01, val/nll 1.324e+00
[2023-02-03 16:43:46] [Epoch   210/  500] trn/loss 6.384e-01, trn/lr 6.259e-03, val/acc 7.467e-01, val/nll 7.551e-01
[2023-02-03 16:43:49] [Epoch   211/  500] trn/loss 6.416e-01, trn/lr 6.228e-03, val/acc 7.288e-01, val/nll 8.398e-01
[2023-02-03 16:43:52] [Epoch   212/  500] trn/loss 6.254e-01, trn/lr 6.198e-03, val/acc 6.228e-01, val/nll 1.198e+00
[2023-02-03 16:43:55] [Epoch   213/  500] trn/loss 6.375e-01, trn/lr 6.167e-03, val/acc 7.610e-01, val/nll 6.928e-01
[2023-02-03 16:43:58] [Epoch   214/  500] trn/loss 6.284e-01, trn/lr 6.137e-03, val/acc 7.441e-01, val/nll 7.670e-01
[2023-02-03 16:44:01] [Epoch   215/  500] trn/loss 6.276e-01, trn/lr 6.106e-03, val/acc 6.867e-01, val/nll 9.939e-01
[2023-02-03 16:44:04] [Epoch   216/  500] trn/loss 6.342e-01, trn/lr 6.075e-03, val/acc 7.287e-01, val/nll 7.983e-01
[2023-02-03 16:44:07] [Epoch   217/  500] trn/loss 6.151e-01, trn/lr 6.045e-03, val/acc 7.288e-01, val/nll 7.933e-01
[2023-02-03 16:44:10] [Epoch   218/  500] trn/loss 6.274e-01, trn/lr 6.014e-03, val/acc 7.237e-01, val/nll 8.276e-01
[2023-02-03 16:44:13] [Epoch   219/  500] trn/loss 6.329e-01, trn/lr 5.983e-03, val/acc 7.007e-01, val/nll 8.975e-01
[2023-02-03 16:44:16] [Epoch   220/  500] trn/loss 6.219e-01, trn/lr 5.952e-03, val/acc 7.542e-01, val/nll 7.215e-01
[2023-02-03 16:44:19] [Epoch   221/  500] trn/loss 6.325e-01, trn/lr 5.922e-03, val/acc 7.336e-01, val/nll 8.231e-01
[2023-02-03 16:44:22] [Epoch   222/  500] trn/loss 6.192e-01, trn/lr 5.891e-03, val/acc 7.278e-01, val/nll 8.353e-01
[2023-02-03 16:44:25] [Epoch   223/  500] trn/loss 6.229e-01, trn/lr 5.860e-03, val/acc 7.147e-01, val/nll 8.603e-01
[2023-02-03 16:44:28] [Epoch   224/  500] trn/loss 6.157e-01, trn/lr 5.829e-03, val/acc 7.542e-01, val/nll 7.353e-01
[2023-02-03 16:44:31] [Epoch   225/  500] trn/loss 6.203e-01, trn/lr 5.798e-03, val/acc 7.563e-01, val/nll 7.077e-01
[2023-02-03 16:44:34] [Epoch   226/  500] trn/loss 6.103e-01, trn/lr 5.767e-03, val/acc 7.387e-01, val/nll 7.971e-01
[2023-02-03 16:44:37] [Epoch   227/  500] trn/loss 6.118e-01, trn/lr 5.736e-03, val/acc 7.585e-01, val/nll 7.201e-01
[2023-02-03 16:44:40] [Epoch   228/  500] trn/loss 6.070e-01, trn/lr 5.705e-03, val/acc 7.618e-01, val/nll 7.292e-01
[2023-02-03 16:44:43] [Epoch   229/  500] trn/loss 6.134e-01, trn/lr 5.673e-03, val/acc 7.617e-01, val/nll 7.005e-01
[2023-02-03 16:44:46] [Epoch   230/  500] trn/loss 6.051e-01, trn/lr 5.642e-03, val/acc 7.480e-01, val/nll 7.692e-01
[2023-02-03 16:44:49] [Epoch   231/  500] trn/loss 6.030e-01, trn/lr 5.611e-03, val/acc 7.159e-01, val/nll 8.512e-01
[2023-02-03 16:44:52] [Epoch   232/  500] trn/loss 5.981e-01, trn/lr 5.580e-03, val/acc 7.625e-01, val/nll 7.055e-01
[2023-02-03 16:44:55] [Epoch   233/  500] trn/loss 6.029e-01, trn/lr 5.549e-03, val/acc 6.923e-01, val/nll 9.406e-01
[2023-02-03 16:44:58] [Epoch   234/  500] trn/loss 6.289e-01, trn/lr 5.518e-03, val/acc 7.216e-01, val/nll 8.324e-01
[2023-02-03 16:45:01] [Epoch   235/  500] trn/loss 5.958e-01, trn/lr 5.486e-03, val/acc 7.616e-01, val/nll 7.063e-01
[2023-02-03 16:45:04] [Epoch   236/  500] trn/loss 6.056e-01, trn/lr 5.455e-03, val/acc 7.638e-01, val/nll 7.189e-01
[2023-02-03 16:45:07] [Epoch   237/  500] trn/loss 6.035e-01, trn/lr 5.424e-03, val/acc 7.647e-01, val/nll 6.936e-01
[2023-02-03 16:45:10] [Epoch   238/  500] trn/loss 6.085e-01, trn/lr 5.392e-03, val/acc 7.616e-01, val/nll 7.031e-01
[2023-02-03 16:45:13] [Epoch   239/  500] trn/loss 6.100e-01, trn/lr 5.361e-03, val/acc 7.571e-01, val/nll 7.052e-01
[2023-02-03 16:45:16] [Epoch   240/  500] trn/loss 6.026e-01, trn/lr 5.330e-03, val/acc 7.696e-01, val/nll 6.722e-01
[2023-02-03 16:45:19] [Epoch   241/  500] trn/loss 6.097e-01, trn/lr 5.298e-03, val/acc 7.548e-01, val/nll 7.140e-01
[2023-02-03 16:45:22] [Epoch   242/  500] trn/loss 6.016e-01, trn/lr 5.267e-03, val/acc 6.783e-01, val/nll 1.017e+00
[2023-02-03 16:45:25] [Epoch   243/  500] trn/loss 5.973e-01, trn/lr 5.236e-03, val/acc 7.497e-01, val/nll 7.151e-01
[2023-02-03 16:45:28] [Epoch   244/  500] trn/loss 5.981e-01, trn/lr 5.204e-03, val/acc 7.772e-01, val/nll 6.471e-01
[2023-02-03 16:45:31] [Epoch   245/  500] trn/loss 6.012e-01, trn/lr 5.173e-03, val/acc 7.790e-01, val/nll 6.387e-01
[2023-02-03 16:45:34] [Epoch   246/  500] trn/loss 5.911e-01, trn/lr 5.141e-03, val/acc 7.594e-01, val/nll 7.305e-01
[2023-02-03 16:45:37] [Epoch   247/  500] trn/loss 5.998e-01, trn/lr 5.110e-03, val/acc 7.404e-01, val/nll 7.722e-01
[2023-02-03 16:45:40] [Epoch   248/  500] trn/loss 6.038e-01, trn/lr 5.079e-03, val/acc 7.717e-01, val/nll 6.907e-01
[2023-02-03 16:45:43] [Epoch   249/  500] trn/loss 5.948e-01, trn/lr 5.047e-03, val/acc 7.479e-01, val/nll 7.481e-01
[2023-02-03 16:45:46] [Epoch   250/  500] trn/loss 5.977e-01, trn/lr 5.016e-03, val/acc 7.565e-01, val/nll 7.697e-01
[2023-02-03 16:45:49] [Epoch   251/  500] trn/loss 5.748e-01, trn/lr 4.984e-03, val/acc 7.400e-01, val/nll 8.165e-01
[2023-02-03 16:45:52] [Epoch   252/  500] trn/loss 5.771e-01, trn/lr 4.953e-03, val/acc 7.394e-01, val/nll 8.081e-01
[2023-02-03 16:45:55] [Epoch   253/  500] trn/loss 5.934e-01, trn/lr 4.922e-03, val/acc 7.694e-01, val/nll 6.741e-01
[2023-02-03 16:45:58] [Epoch   254/  500] trn/loss 5.890e-01, trn/lr 4.890e-03, val/acc 7.586e-01, val/nll 7.200e-01
[2023-02-03 16:46:01] [Epoch   255/  500] trn/loss 5.795e-01, trn/lr 4.859e-03, val/acc 7.584e-01, val/nll 7.176e-01
[2023-02-03 16:46:04] [Epoch   256/  500] trn/loss 5.838e-01, trn/lr 4.827e-03, val/acc 7.348e-01, val/nll 8.040e-01
[2023-02-03 16:46:07] [Epoch   257/  500] trn/loss 5.870e-01, trn/lr 4.796e-03, val/acc 7.851e-01, val/nll 6.312e-01 (best_acc: 7.804e-01 -> 7.851e-01, test_acc: 7.870e-01, test_nll: 6.322e-01)
[2023-02-03 16:46:10] [Epoch   258/  500] trn/loss 5.683e-01, trn/lr 4.765e-03, val/acc 7.585e-01, val/nll 7.132e-01
[2023-02-03 16:46:13] [Epoch   259/  500] trn/loss 5.663e-01, trn/lr 4.733e-03, val/acc 7.866e-01, val/nll 6.300e-01 (best_acc: 7.851e-01 -> 7.866e-01, test_acc: 7.814e-01, test_nll: 6.380e-01)
[2023-02-03 16:46:16] [Epoch   260/  500] trn/loss 5.710e-01, trn/lr 4.702e-03, val/acc 7.692e-01, val/nll 6.822e-01
[2023-02-03 16:46:19] [Epoch   261/  500] trn/loss 5.677e-01, trn/lr 4.670e-03, val/acc 7.845e-01, val/nll 6.390e-01
[2023-02-03 16:46:22] [Epoch   262/  500] trn/loss 5.832e-01, trn/lr 4.639e-03, val/acc 7.763e-01, val/nll 6.634e-01
[2023-02-03 16:46:25] [Epoch   263/  500] trn/loss 5.801e-01, trn/lr 4.608e-03, val/acc 7.838e-01, val/nll 6.386e-01
[2023-02-03 16:46:28] [Epoch   264/  500] trn/loss 5.681e-01, trn/lr 4.576e-03, val/acc 7.595e-01, val/nll 7.213e-01
[2023-02-03 16:46:31] [Epoch   265/  500] trn/loss 5.713e-01, trn/lr 4.545e-03, val/acc 7.065e-01, val/nll 8.908e-01
[2023-02-03 16:46:34] [Epoch   266/  500] trn/loss 5.753e-01, trn/lr 4.514e-03, val/acc 7.954e-01, val/nll 6.167e-01 (best_acc: 7.866e-01 -> 7.954e-01, test_acc: 7.895e-01, test_nll: 6.261e-01)
[2023-02-03 16:46:37] [Epoch   267/  500] trn/loss 5.747e-01, trn/lr 4.483e-03, val/acc 7.570e-01, val/nll 7.082e-01
[2023-02-03 16:46:40] [Epoch   268/  500] trn/loss 5.485e-01, trn/lr 4.451e-03, val/acc 7.722e-01, val/nll 6.756e-01
[2023-02-03 16:46:43] [Epoch   269/  500] trn/loss 5.528e-01, trn/lr 4.420e-03, val/acc 7.448e-01, val/nll 7.609e-01
[2023-02-03 16:46:46] [Epoch   270/  500] trn/loss 5.625e-01, trn/lr 4.389e-03, val/acc 7.834e-01, val/nll 6.321e-01
[2023-02-03 16:46:49] [Epoch   271/  500] trn/loss 5.548e-01, trn/lr 4.358e-03, val/acc 7.325e-01, val/nll 8.145e-01
[2023-02-03 16:46:52] [Epoch   272/  500] trn/loss 5.638e-01, trn/lr 4.327e-03, val/acc 7.824e-01, val/nll 6.716e-01
[2023-02-03 16:46:55] [Epoch   273/  500] trn/loss 5.630e-01, trn/lr 4.296e-03, val/acc 7.972e-01, val/nll 6.047e-01 (best_acc: 7.954e-01 -> 7.972e-01, test_acc: 7.940e-01, test_nll: 6.148e-01)
[2023-02-03 16:46:58] [Epoch   274/  500] trn/loss 5.561e-01, trn/lr 4.265e-03, val/acc 7.938e-01, val/nll 6.194e-01
[2023-02-03 16:47:01] [Epoch   275/  500] trn/loss 5.478e-01, trn/lr 4.233e-03, val/acc 7.805e-01, val/nll 6.488e-01
[2023-02-03 16:47:04] [Epoch   276/  500] trn/loss 5.522e-01, trn/lr 4.202e-03, val/acc 7.752e-01, val/nll 6.722e-01
[2023-02-03 16:47:07] [Epoch   277/  500] trn/loss 5.491e-01, trn/lr 4.171e-03, val/acc 7.857e-01, val/nll 6.060e-01
[2023-02-03 16:47:10] [Epoch   278/  500] trn/loss 5.487e-01, trn/lr 4.140e-03, val/acc 7.616e-01, val/nll 7.283e-01
[2023-02-03 16:47:13] [Epoch   279/  500] trn/loss 5.382e-01, trn/lr 4.110e-03, val/acc 7.833e-01, val/nll 6.274e-01
[2023-02-03 16:47:16] [Epoch   280/  500] trn/loss 5.514e-01, trn/lr 4.079e-03, val/acc 7.842e-01, val/nll 6.237e-01
[2023-02-03 16:47:19] [Epoch   281/  500] trn/loss 5.594e-01, trn/lr 4.048e-03, val/acc 7.795e-01, val/nll 6.580e-01
[2023-02-03 16:47:22] [Epoch   282/  500] trn/loss 5.469e-01, trn/lr 4.017e-03, val/acc 7.425e-01, val/nll 7.900e-01
[2023-02-03 16:47:25] [Epoch   283/  500] trn/loss 5.444e-01, trn/lr 3.986e-03, val/acc 7.796e-01, val/nll 6.422e-01
[2023-02-03 16:47:28] [Epoch   284/  500] trn/loss 5.442e-01, trn/lr 3.955e-03, val/acc 7.496e-01, val/nll 7.704e-01
[2023-02-03 16:47:31] [Epoch   285/  500] trn/loss 5.505e-01, trn/lr 3.925e-03, val/acc 7.707e-01, val/nll 6.929e-01
[2023-02-03 16:47:34] [Epoch   286/  500] trn/loss 5.585e-01, trn/lr 3.894e-03, val/acc 8.060e-01, val/nll 5.833e-01 (best_acc: 7.972e-01 -> 8.060e-01, test_acc: 7.904e-01, test_nll: 6.097e-01)
[2023-02-03 16:47:37] [Epoch   287/  500] trn/loss 5.383e-01, trn/lr 3.863e-03, val/acc 7.623e-01, val/nll 7.028e-01
[2023-02-03 16:47:40] [Epoch   288/  500] trn/loss 5.472e-01, trn/lr 3.833e-03, val/acc 7.294e-01, val/nll 7.879e-01
[2023-02-03 16:47:43] [Epoch   289/  500] trn/loss 5.515e-01, trn/lr 3.802e-03, val/acc 7.618e-01, val/nll 7.048e-01
[2023-02-03 16:47:46] [Epoch   290/  500] trn/loss 5.366e-01, trn/lr 3.772e-03, val/acc 8.009e-01, val/nll 5.891e-01
[2023-02-03 16:47:49] [Epoch   291/  500] trn/loss 5.244e-01, trn/lr 3.741e-03, val/acc 7.862e-01, val/nll 6.644e-01
[2023-02-03 16:47:52] [Epoch   292/  500] trn/loss 5.389e-01, trn/lr 3.711e-03, val/acc 7.829e-01, val/nll 6.346e-01
[2023-02-03 16:47:56] [Epoch   293/  500] trn/loss 5.301e-01, trn/lr 3.681e-03, val/acc 8.080e-01, val/nll 5.625e-01 (best_acc: 8.060e-01 -> 8.080e-01, test_acc: 8.001e-01, test_nll: 5.906e-01)
[2023-02-03 16:47:59] [Epoch   294/  500] trn/loss 5.192e-01, trn/lr 3.650e-03, val/acc 7.917e-01, val/nll 6.139e-01
[2023-02-03 16:48:02] [Epoch   295/  500] trn/loss 5.245e-01, trn/lr 3.620e-03, val/acc 7.490e-01, val/nll 7.378e-01
[2023-02-03 16:48:05] [Epoch   296/  500] trn/loss 5.166e-01, trn/lr 3.590e-03, val/acc 7.667e-01, val/nll 7.042e-01
[2023-02-03 16:48:08] [Epoch   297/  500] trn/loss 5.419e-01, trn/lr 3.560e-03, val/acc 7.446e-01, val/nll 7.756e-01
[2023-02-03 16:48:11] [Epoch   298/  500] trn/loss 5.389e-01, trn/lr 3.530e-03, val/acc 7.739e-01, val/nll 6.511e-01
[2023-02-03 16:48:14] [Epoch   299/  500] trn/loss 5.169e-01, trn/lr 3.500e-03, val/acc 7.238e-01, val/nll 8.761e-01
[2023-02-03 16:48:17] [Epoch   300/  500] trn/loss 5.076e-01, trn/lr 3.470e-03, val/acc 8.054e-01, val/nll 5.755e-01
[2023-02-03 16:48:20] [Epoch   301/  500] trn/loss 5.141e-01, trn/lr 3.440e-03, val/acc 7.809e-01, val/nll 6.567e-01
[2023-02-03 16:48:23] [Epoch   302/  500] trn/loss 5.174e-01, trn/lr 3.410e-03, val/acc 7.907e-01, val/nll 6.334e-01
[2023-02-03 16:48:26] [Epoch   303/  500] trn/loss 5.157e-01, trn/lr 3.381e-03, val/acc 8.186e-01, val/nll 5.466e-01 (best_acc: 8.080e-01 -> 8.186e-01, test_acc: 8.123e-01, test_nll: 5.693e-01)
[2023-02-03 16:48:29] [Epoch   304/  500] trn/loss 5.168e-01, trn/lr 3.351e-03, val/acc 7.773e-01, val/nll 6.740e-01
[2023-02-03 16:48:32] [Epoch   305/  500] trn/loss 5.127e-01, trn/lr 3.321e-03, val/acc 7.982e-01, val/nll 6.037e-01
[2023-02-03 16:48:35] [Epoch   306/  500] trn/loss 5.193e-01, trn/lr 3.292e-03, val/acc 8.032e-01, val/nll 5.771e-01
[2023-02-03 16:48:38] [Epoch   307/  500] trn/loss 5.008e-01, trn/lr 3.262e-03, val/acc 7.835e-01, val/nll 6.405e-01
[2023-02-03 16:48:41] [Epoch   308/  500] trn/loss 5.091e-01, trn/lr 3.233e-03, val/acc 8.008e-01, val/nll 5.877e-01
[2023-02-03 16:48:44] [Epoch   309/  500] trn/loss 5.094e-01, trn/lr 3.203e-03, val/acc 8.077e-01, val/nll 5.684e-01
[2023-02-03 16:48:47] [Epoch   310/  500] trn/loss 5.151e-01, trn/lr 3.174e-03, val/acc 7.860e-01, val/nll 6.400e-01
[2023-02-03 16:48:50] [Epoch   311/  500] trn/loss 5.030e-01, trn/lr 3.145e-03, val/acc 8.079e-01, val/nll 5.643e-01
[2023-02-03 16:48:53] [Epoch   312/  500] trn/loss 4.944e-01, trn/lr 3.116e-03, val/acc 8.127e-01, val/nll 5.495e-01
[2023-02-03 16:48:56] [Epoch   313/  500] trn/loss 5.048e-01, trn/lr 3.087e-03, val/acc 7.804e-01, val/nll 6.849e-01
[2023-02-03 16:48:59] [Epoch   314/  500] trn/loss 5.141e-01, trn/lr 3.058e-03, val/acc 8.107e-01, val/nll 5.685e-01
[2023-02-03 16:49:02] [Epoch   315/  500] trn/loss 5.129e-01, trn/lr 3.029e-03, val/acc 8.102e-01, val/nll 5.573e-01
[2023-02-03 16:49:05] [Epoch   316/  500] trn/loss 4.964e-01, trn/lr 3.000e-03, val/acc 7.919e-01, val/nll 6.177e-01
[2023-02-03 16:49:08] [Epoch   317/  500] trn/loss 5.092e-01, trn/lr 2.971e-03, val/acc 8.032e-01, val/nll 5.811e-01
[2023-02-03 16:49:11] [Epoch   318/  500] trn/loss 5.006e-01, trn/lr 2.943e-03, val/acc 7.656e-01, val/nll 6.883e-01
[2023-02-03 16:49:14] [Epoch   319/  500] trn/loss 4.905e-01, trn/lr 2.914e-03, val/acc 8.198e-01, val/nll 5.265e-01 (best_acc: 8.186e-01 -> 8.198e-01, test_acc: 8.215e-01, test_nll: 5.318e-01)
[2023-02-03 16:49:17] [Epoch   320/  500] trn/loss 4.847e-01, trn/lr 2.885e-03, val/acc 7.834e-01, val/nll 6.498e-01
[2023-02-03 16:49:20] [Epoch   321/  500] trn/loss 5.004e-01, trn/lr 2.857e-03, val/acc 7.765e-01, val/nll 6.568e-01
[2023-02-03 16:49:23] [Epoch   322/  500] trn/loss 4.829e-01, trn/lr 2.829e-03, val/acc 7.957e-01, val/nll 6.429e-01
[2023-02-03 16:49:26] [Epoch   323/  500] trn/loss 4.807e-01, trn/lr 2.800e-03, val/acc 7.963e-01, val/nll 6.013e-01
[2023-02-03 16:49:29] [Epoch   324/  500] trn/loss 4.847e-01, trn/lr 2.772e-03, val/acc 8.031e-01, val/nll 5.876e-01
[2023-02-03 16:49:32] [Epoch   325/  500] trn/loss 4.954e-01, trn/lr 2.744e-03, val/acc 8.066e-01, val/nll 5.706e-01
[2023-02-03 16:49:35] [Epoch   326/  500] trn/loss 4.819e-01, trn/lr 2.716e-03, val/acc 8.050e-01, val/nll 5.778e-01
[2023-02-03 16:49:38] [Epoch   327/  500] trn/loss 4.796e-01, trn/lr 2.688e-03, val/acc 8.027e-01, val/nll 5.794e-01
[2023-02-03 16:49:41] [Epoch   328/  500] trn/loss 4.801e-01, trn/lr 2.660e-03, val/acc 8.285e-01, val/nll 5.076e-01 (best_acc: 8.198e-01 -> 8.285e-01, test_acc: 8.239e-01, test_nll: 5.156e-01)
[2023-02-03 16:49:44] [Epoch   329/  500] trn/loss 4.781e-01, trn/lr 2.633e-03, val/acc 7.982e-01, val/nll 6.089e-01
[2023-02-03 16:49:47] [Epoch   330/  500] trn/loss 4.743e-01, trn/lr 2.605e-03, val/acc 8.199e-01, val/nll 5.284e-01
[2023-02-03 16:49:50] [Epoch   331/  500] trn/loss 4.670e-01, trn/lr 2.578e-03, val/acc 8.105e-01, val/nll 5.559e-01
[2023-02-03 16:49:53] [Epoch   332/  500] trn/loss 4.668e-01, trn/lr 2.550e-03, val/acc 8.101e-01, val/nll 5.762e-01
[2023-02-03 16:49:56] [Epoch   333/  500] trn/loss 4.733e-01, trn/lr 2.523e-03, val/acc 7.708e-01, val/nll 7.036e-01
[2023-02-03 16:49:59] [Epoch   334/  500] trn/loss 4.766e-01, trn/lr 2.496e-03, val/acc 8.251e-01, val/nll 5.098e-01
[2023-02-03 16:50:02] [Epoch   335/  500] trn/loss 4.736e-01, trn/lr 2.468e-03, val/acc 8.195e-01, val/nll 5.312e-01
[2023-02-03 16:50:05] [Epoch   336/  500] trn/loss 4.643e-01, trn/lr 2.441e-03, val/acc 8.272e-01, val/nll 5.178e-01
[2023-02-03 16:50:08] [Epoch   337/  500] trn/loss 4.652e-01, trn/lr 2.414e-03, val/acc 8.113e-01, val/nll 5.525e-01
[2023-02-03 16:50:11] [Epoch   338/  500] trn/loss 4.697e-01, trn/lr 2.388e-03, val/acc 8.378e-01, val/nll 4.938e-01 (best_acc: 8.285e-01 -> 8.378e-01, test_acc: 8.304e-01, test_nll: 5.026e-01)
[2023-02-03 16:50:14] [Epoch   339/  500] trn/loss 4.556e-01, trn/lr 2.361e-03, val/acc 8.115e-01, val/nll 5.599e-01
[2023-02-03 16:50:17] [Epoch   340/  500] trn/loss 4.552e-01, trn/lr 2.334e-03, val/acc 8.163e-01, val/nll 5.691e-01
[2023-02-03 16:50:20] [Epoch   341/  500] trn/loss 4.560e-01, trn/lr 2.308e-03, val/acc 8.042e-01, val/nll 6.072e-01
[2023-02-03 16:50:23] [Epoch   342/  500] trn/loss 4.561e-01, trn/lr 2.281e-03, val/acc 7.886e-01, val/nll 6.341e-01
[2023-02-03 16:50:26] [Epoch   343/  500] trn/loss 4.525e-01, trn/lr 2.255e-03, val/acc 8.336e-01, val/nll 5.039e-01
[2023-02-03 16:50:29] [Epoch   344/  500] trn/loss 4.539e-01, trn/lr 2.229e-03, val/acc 8.299e-01, val/nll 5.135e-01
[2023-02-03 16:50:32] [Epoch   345/  500] trn/loss 4.483e-01, trn/lr 2.203e-03, val/acc 8.289e-01, val/nll 5.232e-01
[2023-02-03 16:50:35] [Epoch   346/  500] trn/loss 4.441e-01, trn/lr 2.177e-03, val/acc 8.035e-01, val/nll 5.819e-01
[2023-02-03 16:50:38] [Epoch   347/  500] trn/loss 4.337e-01, trn/lr 2.151e-03, val/acc 8.326e-01, val/nll 5.087e-01
[2023-02-03 16:50:41] [Epoch   348/  500] trn/loss 4.381e-01, trn/lr 2.125e-03, val/acc 8.270e-01, val/nll 5.096e-01
[2023-02-03 16:50:44] [Epoch   349/  500] trn/loss 4.408e-01, trn/lr 2.099e-03, val/acc 8.105e-01, val/nll 5.641e-01
[2023-02-03 16:50:47] [Epoch   350/  500] trn/loss 4.536e-01, trn/lr 2.074e-03, val/acc 7.926e-01, val/nll 6.192e-01
[2023-02-03 16:50:50] [Epoch   351/  500] trn/loss 4.421e-01, trn/lr 2.048e-03, val/acc 8.342e-01, val/nll 4.891e-01
[2023-02-03 16:50:53] [Epoch   352/  500] trn/loss 4.333e-01, trn/lr 2.023e-03, val/acc 8.272e-01, val/nll 5.178e-01
[2023-02-03 16:50:56] [Epoch   353/  500] trn/loss 4.363e-01, trn/lr 1.998e-03, val/acc 8.216e-01, val/nll 5.348e-01
[2023-02-03 16:50:59] [Epoch   354/  500] trn/loss 4.441e-01, trn/lr 1.973e-03, val/acc 8.216e-01, val/nll 5.273e-01
[2023-02-03 16:51:02] [Epoch   355/  500] trn/loss 4.421e-01, trn/lr 1.948e-03, val/acc 8.281e-01, val/nll 5.151e-01
[2023-02-03 16:51:05] [Epoch   356/  500] trn/loss 4.330e-01, trn/lr 1.923e-03, val/acc 8.124e-01, val/nll 5.614e-01
[2023-02-03 16:51:08] [Epoch   357/  500] trn/loss 4.273e-01, trn/lr 1.898e-03, val/acc 8.425e-01, val/nll 4.687e-01 (best_acc: 8.378e-01 -> 8.425e-01, test_acc: 8.331e-01, test_nll: 4.874e-01)
[2023-02-03 16:51:11] [Epoch   358/  500] trn/loss 4.256e-01, trn/lr 1.874e-03, val/acc 8.371e-01, val/nll 4.852e-01
[2023-02-03 16:51:14] [Epoch   359/  500] trn/loss 4.203e-01, trn/lr 1.849e-03, val/acc 8.283e-01, val/nll 5.194e-01
[2023-02-03 16:51:17] [Epoch   360/  500] trn/loss 4.178e-01, trn/lr 1.825e-03, val/acc 8.373e-01, val/nll 4.733e-01
[2023-02-03 16:51:20] [Epoch   361/  500] trn/loss 4.159e-01, trn/lr 1.801e-03, val/acc 8.316e-01, val/nll 4.998e-01
[2023-02-03 16:51:23] [Epoch   362/  500] trn/loss 4.208e-01, trn/lr 1.777e-03, val/acc 8.314e-01, val/nll 5.098e-01
[2023-02-03 16:51:26] [Epoch   363/  500] trn/loss 4.238e-01, trn/lr 1.753e-03, val/acc 8.184e-01, val/nll 5.497e-01
[2023-02-03 16:51:29] [Epoch   364/  500] trn/loss 4.196e-01, trn/lr 1.729e-03, val/acc 8.387e-01, val/nll 4.859e-01
[2023-02-03 16:51:32] [Epoch   365/  500] trn/loss 4.246e-01, trn/lr 1.705e-03, val/acc 8.356e-01, val/nll 4.965e-01
[2023-02-03 16:51:35] [Epoch   366/  500] trn/loss 4.144e-01, trn/lr 1.682e-03, val/acc 8.405e-01, val/nll 4.728e-01
[2023-02-03 16:51:38] [Epoch   367/  500] trn/loss 4.087e-01, trn/lr 1.658e-03, val/acc 8.326e-01, val/nll 5.048e-01
[2023-02-03 16:51:41] [Epoch   368/  500] trn/loss 4.003e-01, trn/lr 1.635e-03, val/acc 8.314e-01, val/nll 5.064e-01
[2023-02-03 16:51:44] [Epoch   369/  500] trn/loss 4.005e-01, trn/lr 1.612e-03, val/acc 8.235e-01, val/nll 5.289e-01
[2023-02-03 16:51:47] [Epoch   370/  500] trn/loss 4.059e-01, trn/lr 1.589e-03, val/acc 8.206e-01, val/nll 5.413e-01
[2023-02-03 16:51:50] [Epoch   371/  500] trn/loss 3.968e-01, trn/lr 1.566e-03, val/acc 8.105e-01, val/nll 5.603e-01
[2023-02-03 16:51:53] [Epoch   372/  500] trn/loss 4.119e-01, trn/lr 1.543e-03, val/acc 8.409e-01, val/nll 4.815e-01
[2023-02-03 16:51:57] [Epoch   373/  500] trn/loss 3.951e-01, trn/lr 1.521e-03, val/acc 8.524e-01, val/nll 4.385e-01 (best_acc: 8.425e-01 -> 8.524e-01, test_acc: 8.481e-01, test_nll: 4.421e-01)
[2023-02-03 16:52:00] [Epoch   374/  500] trn/loss 3.885e-01, trn/lr 1.498e-03, val/acc 8.373e-01, val/nll 4.914e-01
[2023-02-03 16:52:03] [Epoch   375/  500] trn/loss 3.999e-01, trn/lr 1.476e-03, val/acc 8.414e-01, val/nll 4.650e-01
[2023-02-03 16:52:06] [Epoch   376/  500] trn/loss 3.956e-01, trn/lr 1.453e-03, val/acc 8.337e-01, val/nll 4.938e-01
[2023-02-03 16:52:09] [Epoch   377/  500] trn/loss 3.836e-01, trn/lr 1.431e-03, val/acc 8.500e-01, val/nll 4.478e-01
[2023-02-03 16:52:12] [Epoch   378/  500] trn/loss 3.827e-01, trn/lr 1.409e-03, val/acc 8.304e-01, val/nll 5.295e-01
[2023-02-03 16:52:15] [Epoch   379/  500] trn/loss 3.773e-01, trn/lr 1.388e-03, val/acc 8.415e-01, val/nll 4.769e-01
[2023-02-03 16:52:18] [Epoch   380/  500] trn/loss 3.712e-01, trn/lr 1.366e-03, val/acc 8.360e-01, val/nll 5.034e-01
[2023-02-03 16:52:21] [Epoch   381/  500] trn/loss 3.842e-01, trn/lr 1.344e-03, val/acc 8.512e-01, val/nll 4.535e-01
[2023-02-03 16:52:24] [Epoch   382/  500] trn/loss 3.798e-01, trn/lr 1.323e-03, val/acc 8.369e-01, val/nll 4.688e-01
[2023-02-03 16:52:27] [Epoch   383/  500] trn/loss 3.749e-01, trn/lr 1.302e-03, val/acc 8.303e-01, val/nll 5.152e-01
[2023-02-03 16:52:30] [Epoch   384/  500] trn/loss 3.701e-01, trn/lr 1.281e-03, val/acc 8.369e-01, val/nll 4.826e-01
[2023-02-03 16:52:33] [Epoch   385/  500] trn/loss 3.827e-01, trn/lr 1.260e-03, val/acc 8.207e-01, val/nll 5.450e-01
[2023-02-03 16:52:35] [Epoch   386/  500] trn/loss 3.679e-01, trn/lr 1.239e-03, val/acc 8.429e-01, val/nll 4.680e-01
[2023-02-03 16:52:38] [Epoch   387/  500] trn/loss 3.701e-01, trn/lr 1.219e-03, val/acc 8.441e-01, val/nll 4.594e-01
[2023-02-03 16:52:42] [Epoch   388/  500] trn/loss 3.609e-01, trn/lr 1.198e-03, val/acc 8.539e-01, val/nll 4.406e-01 (best_acc: 8.524e-01 -> 8.539e-01, test_acc: 8.514e-01, test_nll: 4.564e-01)
[2023-02-03 16:52:45] [Epoch   389/  500] trn/loss 3.585e-01, trn/lr 1.178e-03, val/acc 8.503e-01, val/nll 4.420e-01
[2023-02-03 16:52:48] [Epoch   390/  500] trn/loss 3.653e-01, trn/lr 1.158e-03, val/acc 8.330e-01, val/nll 5.178e-01
[2023-02-03 16:52:51] [Epoch   391/  500] trn/loss 3.697e-01, trn/lr 1.138e-03, val/acc 8.430e-01, val/nll 4.836e-01
[2023-02-03 16:52:54] [Epoch   392/  500] trn/loss 3.564e-01, trn/lr 1.118e-03, val/acc 8.395e-01, val/nll 4.875e-01
[2023-02-03 16:52:57] [Epoch   393/  500] trn/loss 3.486e-01, trn/lr 1.098e-03, val/acc 8.572e-01, val/nll 4.355e-01 (best_acc: 8.539e-01 -> 8.572e-01, test_acc: 8.534e-01, test_nll: 4.456e-01)
[2023-02-03 16:53:00] [Epoch   394/  500] trn/loss 3.384e-01, trn/lr 1.078e-03, val/acc 8.439e-01, val/nll 4.737e-01
[2023-02-03 16:53:03] [Epoch   395/  500] trn/loss 3.385e-01, trn/lr 1.059e-03, val/acc 8.475e-01, val/nll 4.626e-01
[2023-02-03 16:53:06] [Epoch   396/  500] trn/loss 3.443e-01, trn/lr 1.040e-03, val/acc 8.503e-01, val/nll 4.394e-01
[2023-02-03 16:53:09] [Epoch   397/  500] trn/loss 3.444e-01, trn/lr 1.021e-03, val/acc 8.395e-01, val/nll 4.802e-01
[2023-02-03 16:53:12] [Epoch   398/  500] trn/loss 3.405e-01, trn/lr 1.002e-03, val/acc 8.605e-01, val/nll 4.143e-01 (best_acc: 8.572e-01 -> 8.605e-01, test_acc: 8.588e-01, test_nll: 4.214e-01)
[2023-02-03 16:53:15] [Epoch   399/  500] trn/loss 3.325e-01, trn/lr 9.829e-04, val/acc 8.590e-01, val/nll 4.286e-01
[2023-02-03 16:53:18] [Epoch   400/  500] trn/loss 3.406e-01, trn/lr 9.642e-04, val/acc 8.485e-01, val/nll 4.520e-01
[2023-02-03 16:53:21] [Epoch   401/  500] trn/loss 3.396e-01, trn/lr 9.458e-04, val/acc 8.535e-01, val/nll 4.412e-01
[2023-02-03 16:53:24] [Epoch   402/  500] trn/loss 3.364e-01, trn/lr 9.275e-04, val/acc 8.457e-01, val/nll 4.690e-01
[2023-02-03 16:53:27] [Epoch   403/  500] trn/loss 3.274e-01, trn/lr 9.093e-04, val/acc 8.607e-01, val/nll 4.315e-01 (best_acc: 8.605e-01 -> 8.607e-01, test_acc: 8.509e-01, test_nll: 4.572e-01)
[2023-02-03 16:53:31] [Epoch   404/  500] trn/loss 3.234e-01, trn/lr 8.913e-04, val/acc 8.640e-01, val/nll 4.054e-01 (best_acc: 8.607e-01 -> 8.640e-01, test_acc: 8.533e-01, test_nll: 4.407e-01)
[2023-02-03 16:53:34] [Epoch   405/  500] trn/loss 3.162e-01, trn/lr 8.735e-04, val/acc 8.585e-01, val/nll 4.316e-01
[2023-02-03 16:53:37] [Epoch   406/  500] trn/loss 3.278e-01, trn/lr 8.559e-04, val/acc 8.625e-01, val/nll 4.204e-01
[2023-02-03 16:53:40] [Epoch   407/  500] trn/loss 3.290e-01, trn/lr 8.384e-04, val/acc 8.458e-01, val/nll 4.495e-01
[2023-02-03 16:53:43] [Epoch   408/  500] trn/loss 3.262e-01, trn/lr 8.210e-04, val/acc 8.564e-01, val/nll 4.291e-01
[2023-02-03 16:53:46] [Epoch   409/  500] trn/loss 3.114e-01, trn/lr 8.039e-04, val/acc 8.680e-01, val/nll 3.990e-01 (best_acc: 8.640e-01 -> 8.680e-01, test_acc: 8.567e-01, test_nll: 4.269e-01)
[2023-02-03 16:53:49] [Epoch   410/  500] trn/loss 3.070e-01, trn/lr 7.869e-04, val/acc 8.632e-01, val/nll 4.221e-01
[2023-02-03 16:53:52] [Epoch   411/  500] trn/loss 3.039e-01, trn/lr 7.700e-04, val/acc 8.501e-01, val/nll 4.645e-01
[2023-02-03 16:53:55] [Epoch   412/  500] trn/loss 3.080e-01, trn/lr 7.534e-04, val/acc 8.603e-01, val/nll 4.388e-01
[2023-02-03 16:53:58] [Epoch   413/  500] trn/loss 3.034e-01, trn/lr 7.369e-04, val/acc 8.710e-01, val/nll 3.946e-01 (best_acc: 8.680e-01 -> 8.710e-01, test_acc: 8.611e-01, test_nll: 4.213e-01)
[2023-02-03 16:54:01] [Epoch   414/  500] trn/loss 3.045e-01, trn/lr 7.205e-04, val/acc 8.549e-01, val/nll 4.450e-01
[2023-02-03 16:54:04] [Epoch   415/  500] trn/loss 2.986e-01, trn/lr 7.044e-04, val/acc 8.716e-01, val/nll 3.942e-01 (best_acc: 8.710e-01 -> 8.716e-01, test_acc: 8.660e-01, test_nll: 4.038e-01)
[2023-02-03 16:54:07] [Epoch   416/  500] trn/loss 2.954e-01, trn/lr 6.884e-04, val/acc 8.626e-01, val/nll 4.344e-01
[2023-02-03 16:54:10] [Epoch   417/  500] trn/loss 2.937e-01, trn/lr 6.725e-04, val/acc 8.659e-01, val/nll 4.011e-01
[2023-02-03 16:54:13] [Epoch   418/  500] trn/loss 2.934e-01, trn/lr 6.569e-04, val/acc 8.763e-01, val/nll 3.787e-01 (best_acc: 8.716e-01 -> 8.763e-01, test_acc: 8.652e-01, test_nll: 4.037e-01)
[2023-02-03 16:54:16] [Epoch   419/  500] trn/loss 2.856e-01, trn/lr 6.414e-04, val/acc 8.592e-01, val/nll 4.280e-01
[2023-02-03 16:54:19] [Epoch   420/  500] trn/loss 2.910e-01, trn/lr 6.261e-04, val/acc 8.726e-01, val/nll 3.913e-01
[2023-02-03 16:54:22] [Epoch   421/  500] trn/loss 2.854e-01, trn/lr 6.110e-04, val/acc 8.544e-01, val/nll 4.499e-01
[2023-02-03 16:54:25] [Epoch   422/  500] trn/loss 2.828e-01, trn/lr 5.960e-04, val/acc 8.563e-01, val/nll 4.455e-01
[2023-02-03 16:54:29] [Epoch   423/  500] trn/loss 2.776e-01, trn/lr 5.812e-04, val/acc 8.773e-01, val/nll 3.833e-01 (best_acc: 8.763e-01 -> 8.773e-01, test_acc: 8.665e-01, test_nll: 4.125e-01)
[2023-02-03 16:54:32] [Epoch   424/  500] trn/loss 2.694e-01, trn/lr 5.666e-04, val/acc 8.657e-01, val/nll 4.160e-01
[2023-02-03 16:54:35] [Epoch   425/  500] trn/loss 2.692e-01, trn/lr 5.522e-04, val/acc 8.720e-01, val/nll 3.911e-01
[2023-02-03 16:54:38] [Epoch   426/  500] trn/loss 2.643e-01, trn/lr 5.379e-04, val/acc 8.664e-01, val/nll 4.056e-01
[2023-02-03 16:54:41] [Epoch   427/  500] trn/loss 2.590e-01, trn/lr 5.238e-04, val/acc 8.742e-01, val/nll 3.848e-01
[2023-02-03 16:54:44] [Epoch   428/  500] trn/loss 2.620e-01, trn/lr 5.099e-04, val/acc 8.679e-01, val/nll 3.990e-01
[2023-02-03 16:54:47] [Epoch   429/  500] trn/loss 2.555e-01, trn/lr 4.962e-04, val/acc 8.621e-01, val/nll 4.338e-01
[2023-02-03 16:54:49] [Epoch   430/  500] trn/loss 2.595e-01, trn/lr 4.826e-04, val/acc 8.771e-01, val/nll 3.798e-01
[2023-02-03 16:54:53] [Epoch   431/  500] trn/loss 2.596e-01, trn/lr 4.692e-04, val/acc 8.782e-01, val/nll 3.820e-01 (best_acc: 8.773e-01 -> 8.782e-01, test_acc: 8.657e-01, test_nll: 4.137e-01)
[2023-02-03 16:54:56] [Epoch   432/  500] trn/loss 2.508e-01, trn/lr 4.561e-04, val/acc 8.801e-01, val/nll 3.640e-01 (best_acc: 8.782e-01 -> 8.801e-01, test_acc: 8.725e-01, test_nll: 3.862e-01)
[2023-02-03 16:54:59] [Epoch   433/  500] trn/loss 2.475e-01, trn/lr 4.430e-04, val/acc 8.748e-01, val/nll 3.776e-01
[2023-02-03 16:55:02] [Epoch   434/  500] trn/loss 2.470e-01, trn/lr 4.302e-04, val/acc 8.712e-01, val/nll 3.845e-01
[2023-02-03 16:55:05] [Epoch   435/  500] trn/loss 2.439e-01, trn/lr 4.175e-04, val/acc 8.781e-01, val/nll 3.668e-01
[2023-02-03 16:55:08] [Epoch   436/  500] trn/loss 2.354e-01, trn/lr 4.051e-04, val/acc 8.782e-01, val/nll 3.652e-01
[2023-02-03 16:55:11] [Epoch   437/  500] trn/loss 2.329e-01, trn/lr 3.928e-04, val/acc 8.800e-01, val/nll 3.715e-01
[2023-02-03 16:55:14] [Epoch   438/  500] trn/loss 2.380e-01, trn/lr 3.806e-04, val/acc 8.777e-01, val/nll 3.729e-01
[2023-02-03 16:55:17] [Epoch   439/  500] trn/loss 2.312e-01, trn/lr 3.687e-04, val/acc 8.648e-01, val/nll 4.125e-01
[2023-02-03 16:55:20] [Epoch   440/  500] trn/loss 2.241e-01, trn/lr 3.570e-04, val/acc 8.800e-01, val/nll 3.687e-01
[2023-02-03 16:55:23] [Epoch   441/  500] trn/loss 2.208e-01, trn/lr 3.454e-04, val/acc 8.803e-01, val/nll 3.713e-01 (best_acc: 8.801e-01 -> 8.803e-01, test_acc: 8.711e-01, test_nll: 3.977e-01)
[2023-02-03 16:55:26] [Epoch   442/  500] trn/loss 2.202e-01, trn/lr 3.340e-04, val/acc 8.799e-01, val/nll 3.684e-01
[2023-02-03 16:55:29] [Epoch   443/  500] trn/loss 2.222e-01, trn/lr 3.228e-04, val/acc 8.758e-01, val/nll 3.968e-01
[2023-02-03 16:55:32] [Epoch   444/  500] trn/loss 2.210e-01, trn/lr 3.118e-04, val/acc 8.788e-01, val/nll 3.760e-01
[2023-02-03 16:55:35] [Epoch   445/  500] trn/loss 2.150e-01, trn/lr 3.010e-04, val/acc 8.787e-01, val/nll 3.786e-01
[2023-02-03 16:55:38] [Epoch   446/  500] trn/loss 2.127e-01, trn/lr 2.903e-04, val/acc 8.848e-01, val/nll 3.682e-01 (best_acc: 8.803e-01 -> 8.848e-01, test_acc: 8.723e-01, test_nll: 3.968e-01)
[2023-02-03 16:55:41] [Epoch   447/  500] trn/loss 2.096e-01, trn/lr 2.799e-04, val/acc 8.824e-01, val/nll 3.672e-01
[2023-02-03 16:55:44] [Epoch   448/  500] trn/loss 1.987e-01, trn/lr 2.696e-04, val/acc 8.866e-01, val/nll 3.573e-01 (best_acc: 8.848e-01 -> 8.866e-01, test_acc: 8.809e-01, test_nll: 3.805e-01)
[2023-02-03 16:55:47] [Epoch   449/  500] trn/loss 2.011e-01, trn/lr 2.595e-04, val/acc 8.770e-01, val/nll 3.754e-01
[2023-02-03 16:55:51] [Epoch   450/  500] trn/loss 1.929e-01, trn/lr 2.496e-04, val/acc 8.893e-01, val/nll 3.445e-01 (best_acc: 8.866e-01 -> 8.893e-01, test_acc: 8.830e-01, test_nll: 3.661e-01)
[2023-02-03 16:55:54] [Epoch   451/  500] trn/loss 1.917e-01, trn/lr 2.399e-04, val/acc 8.879e-01, val/nll 3.519e-01
[2023-02-03 16:55:57] [Epoch   452/  500] trn/loss 1.886e-01, trn/lr 2.304e-04, val/acc 8.879e-01, val/nll 3.587e-01
[2023-02-03 16:56:00] [Epoch   453/  500] trn/loss 1.881e-01, trn/lr 2.211e-04, val/acc 8.832e-01, val/nll 3.570e-01
[2023-02-03 16:56:03] [Epoch   454/  500] trn/loss 1.816e-01, trn/lr 2.119e-04, val/acc 8.857e-01, val/nll 3.611e-01
[2023-02-03 16:56:06] [Epoch   455/  500] trn/loss 1.769e-01, trn/lr 2.030e-04, val/acc 8.888e-01, val/nll 3.482e-01
[2023-02-03 16:56:09] [Epoch   456/  500] trn/loss 1.778e-01, trn/lr 1.942e-04, val/acc 8.875e-01, val/nll 3.462e-01
[2023-02-03 16:56:12] [Epoch   457/  500] trn/loss 1.686e-01, trn/lr 1.856e-04, val/acc 8.871e-01, val/nll 3.654e-01
[2023-02-03 16:56:15] [Epoch   458/  500] trn/loss 1.713e-01, trn/lr 1.772e-04, val/acc 8.871e-01, val/nll 3.641e-01
[2023-02-03 16:56:18] [Epoch   459/  500] trn/loss 1.717e-01, trn/lr 1.691e-04, val/acc 8.886e-01, val/nll 3.535e-01
[2023-02-03 16:56:21] [Epoch   460/  500] trn/loss 1.627e-01, trn/lr 1.610e-04, val/acc 8.910e-01, val/nll 3.454e-01 (best_acc: 8.893e-01 -> 8.910e-01, test_acc: 8.847e-01, test_nll: 3.714e-01)
[2023-02-03 16:56:24] [Epoch   461/  500] trn/loss 1.600e-01, trn/lr 1.532e-04, val/acc 8.858e-01, val/nll 3.673e-01
[2023-02-03 16:56:27] [Epoch   462/  500] trn/loss 1.544e-01, trn/lr 1.456e-04, val/acc 8.854e-01, val/nll 3.579e-01
[2023-02-03 16:56:30] [Epoch   463/  500] trn/loss 1.545e-01, trn/lr 1.382e-04, val/acc 8.924e-01, val/nll 3.424e-01 (best_acc: 8.910e-01 -> 8.924e-01, test_acc: 8.867e-01, test_nll: 3.683e-01)
[2023-02-03 16:56:33] [Epoch   464/  500] trn/loss 1.546e-01, trn/lr 1.309e-04, val/acc 8.888e-01, val/nll 3.569e-01
[2023-02-03 16:56:36] [Epoch   465/  500] trn/loss 1.492e-01, trn/lr 1.239e-04, val/acc 8.874e-01, val/nll 3.619e-01
[2023-02-03 16:56:39] [Epoch   466/  500] trn/loss 1.475e-01, trn/lr 1.170e-04, val/acc 8.869e-01, val/nll 3.550e-01
[2023-02-03 16:56:42] [Epoch   467/  500] trn/loss 1.409e-01, trn/lr 1.104e-04, val/acc 8.916e-01, val/nll 3.437e-01
[2023-02-03 16:56:45] [Epoch   468/  500] trn/loss 1.421e-01, trn/lr 1.039e-04, val/acc 8.948e-01, val/nll 3.431e-01 (best_acc: 8.924e-01 -> 8.948e-01, test_acc: 8.860e-01, test_nll: 3.690e-01)
[2023-02-03 16:56:48] [Epoch   469/  500] trn/loss 1.368e-01, trn/lr 9.764e-05, val/acc 8.893e-01, val/nll 3.547e-01
[2023-02-03 16:56:51] [Epoch   470/  500] trn/loss 1.333e-01, trn/lr 9.156e-05, val/acc 8.935e-01, val/nll 3.530e-01
[2023-02-03 16:56:54] [Epoch   471/  500] trn/loss 1.295e-01, trn/lr 8.567e-05, val/acc 8.969e-01, val/nll 3.362e-01 (best_acc: 8.948e-01 -> 8.969e-01, test_acc: 8.890e-01, test_nll: 3.644e-01)
[2023-02-03 16:56:58] [Epoch   472/  500] trn/loss 1.245e-01, trn/lr 7.998e-05, val/acc 8.973e-01, val/nll 3.412e-01 (best_acc: 8.969e-01 -> 8.973e-01, test_acc: 8.905e-01, test_nll: 3.670e-01)
[2023-02-03 16:57:01] [Epoch   473/  500] trn/loss 1.217e-01, trn/lr 7.448e-05, val/acc 8.956e-01, val/nll 3.427e-01
[2023-02-03 16:57:04] [Epoch   474/  500] trn/loss 1.185e-01, trn/lr 6.917e-05, val/acc 8.956e-01, val/nll 3.394e-01
[2023-02-03 16:57:07] [Epoch   475/  500] trn/loss 1.179e-01, trn/lr 6.406e-05, val/acc 8.956e-01, val/nll 3.420e-01
[2023-02-03 16:57:09] [Epoch   476/  500] trn/loss 1.172e-01, trn/lr 5.915e-05, val/acc 8.946e-01, val/nll 3.467e-01
[2023-02-03 16:57:13] [Epoch   477/  500] trn/loss 1.126e-01, trn/lr 5.443e-05, val/acc 8.975e-01, val/nll 3.397e-01 (best_acc: 8.973e-01 -> 8.975e-01, test_acc: 8.928e-01, test_nll: 3.648e-01)
[2023-02-03 16:57:16] [Epoch   478/  500] trn/loss 1.122e-01, trn/lr 4.990e-05, val/acc 8.988e-01, val/nll 3.403e-01 (best_acc: 8.975e-01 -> 8.988e-01, test_acc: 8.908e-01, test_nll: 3.645e-01)
[2023-02-03 16:57:19] [Epoch   479/  500] trn/loss 1.069e-01, trn/lr 4.557e-05, val/acc 8.991e-01, val/nll 3.402e-01 (best_acc: 8.988e-01 -> 8.991e-01, test_acc: 8.930e-01, test_nll: 3.694e-01)
[2023-02-03 16:57:22] [Epoch   480/  500] trn/loss 1.062e-01, trn/lr 4.144e-05, val/acc 8.989e-01, val/nll 3.332e-01
[2023-02-03 16:57:25] [Epoch   481/  500] trn/loss 1.042e-01, trn/lr 3.750e-05, val/acc 8.999e-01, val/nll 3.378e-01 (best_acc: 8.991e-01 -> 8.999e-01, test_acc: 8.918e-01, test_nll: 3.688e-01)
[2023-02-03 16:57:29] [Epoch   482/  500] trn/loss 1.029e-01, trn/lr 3.376e-05, val/acc 9.018e-01, val/nll 3.351e-01 (best_acc: 8.999e-01 -> 9.018e-01, test_acc: 8.948e-01, test_nll: 3.653e-01)
[2023-02-03 16:57:32] [Epoch   483/  500] trn/loss 1.012e-01, trn/lr 3.021e-05, val/acc 9.010e-01, val/nll 3.388e-01
[2023-02-03 16:57:35] [Epoch   484/  500] trn/loss 9.748e-02, trn/lr 2.686e-05, val/acc 8.993e-01, val/nll 3.361e-01
[2023-02-03 16:57:38] [Epoch   485/  500] trn/loss 9.757e-02, trn/lr 2.371e-05, val/acc 9.009e-01, val/nll 3.348e-01
[2023-02-03 16:57:41] [Epoch   486/  500] trn/loss 9.776e-02, trn/lr 2.075e-05, val/acc 9.007e-01, val/nll 3.374e-01
[2023-02-03 16:57:44] [Epoch   487/  500] trn/loss 9.018e-02, trn/lr 1.799e-05, val/acc 9.017e-01, val/nll 3.372e-01
[2023-02-03 16:57:47] [Epoch   488/  500] trn/loss 9.494e-02, trn/lr 1.543e-05, val/acc 9.017e-01, val/nll 3.367e-01
[2023-02-03 16:57:50] [Epoch   489/  500] trn/loss 9.195e-02, trn/lr 1.306e-05, val/acc 9.011e-01, val/nll 3.392e-01
[2023-02-03 16:57:53] [Epoch   490/  500] trn/loss 9.134e-02, trn/lr 1.089e-05, val/acc 9.011e-01, val/nll 3.376e-01
[2023-02-03 16:57:56] [Epoch   491/  500] trn/loss 8.898e-02, trn/lr 8.919e-06, val/acc 9.024e-01, val/nll 3.364e-01 (best_acc: 9.018e-01 -> 9.024e-01, test_acc: 8.938e-01, test_nll: 3.666e-01)
[2023-02-03 16:57:59] [Epoch   492/  500] trn/loss 8.964e-02, trn/lr 7.143e-06, val/acc 8.997e-01, val/nll 3.362e-01
[2023-02-03 16:58:02] [Epoch   493/  500] trn/loss 8.855e-02, trn/lr 5.563e-06, val/acc 9.013e-01, val/nll 3.352e-01
[2023-02-03 16:58:05] [Epoch   494/  500] trn/loss 8.894e-02, trn/lr 4.182e-06, val/acc 9.011e-01, val/nll 3.366e-01
[2023-02-03 16:58:08] [Epoch   495/  500] trn/loss 8.885e-02, trn/lr 2.997e-06, val/acc 9.018e-01, val/nll 3.380e-01
[2023-02-03 16:58:11] [Epoch   496/  500] trn/loss 8.835e-02, trn/lr 2.009e-06, val/acc 9.025e-01, val/nll 3.375e-01 (best_acc: 9.024e-01 -> 9.025e-01, test_acc: 8.935e-01, test_nll: 3.701e-01)
[2023-02-03 16:58:14] [Epoch   497/  500] trn/loss 8.630e-02, trn/lr 1.219e-06, val/acc 9.013e-01, val/nll 3.374e-01
[2023-02-03 16:58:17] [Epoch   498/  500] trn/loss 8.437e-02, trn/lr 6.266e-07, val/acc 9.015e-01, val/nll 3.377e-01
[2023-02-03 16:58:20] [Epoch   499/  500] trn/loss 8.741e-02, trn/lr 2.312e-07, val/acc 9.013e-01, val/nll 3.356e-01
[2023-02-03 16:58:23] [Epoch   500/  500] trn/loss 8.509e-02, trn/lr 3.321e-08, val/acc 9.019e-01, val/nll 3.349e-01
