[2023-05-31 00:43:07] Environments:
------------  ---------------------------------------------------------------------------------
sys.platform  linux
Python        3.10.10 (main, Mar 21 2023, 18:45:11) [GCC 11.2.0]
JAX           0.4.8 @/mnt/home/giung/.conda/envs/jax-cuda11/lib/python3.10/site-packages/jax
jaxlib        0.4.7 @/mnt/home/giung/.conda/envs/jax-cuda11/lib/python3.10/site-packages/jaxlib
Flax          0.6.8 @/mnt/home/giung/.conda/envs/jax-cuda11/lib/python3.10/site-packages/flax
Optax         0.1.4 @/mnt/home/giung/.conda/envs/jax-cuda11/lib/python3.10/site-packages/optax
------------  ---------------------------------------------------------------------------------

[2023-05-31 00:43:07] Command line arguments:
- args.data_root             : ./data/
- args.data_name             : CIFAR10_x32
- args.resnet_depth          : 18
- args.resnet_width          : 1
- args.batch_size            : 256
- args.num_workers           : 32
- args.prefetch_factor       : 2
- args.optim_ni              : 48000
- args.optim_lr              : 0.1
- args.optim_momentum        : 0.9
- args.optim_weight_decay    : 0.003
- args.optim_label_smoothing : 0.0
- args.optim_global_clipping : None
- args.save                  : ./save/CIFAR10_x32/resnet_18x1-iter_48k-wd_0.0030-fp16/42/
- args.seed                  : 42
- args.mixed_precision       : True

[2023-05-31 00:43:14] images.shape: (1, 256, 32, 32, 3), output.shape: (1, 256, 512)
[2023-05-31 00:43:15] The number of trainable parameters: 11173952
[2023-05-31 00:43:54] [Iter    1000/  48000] trn/loss 1.850e+00, trn/negative_log_likelihood 1.850e+00, trn/w_norm 1.011e+02, trn/g_norm 9.587e-01, trn/lr 1.041e-02, trn/dyn_scale 6.554e+04, val/acc 4.361e-01, val/nll 1.581e+00, val/best_acc 4.361e-01 (best_acc: 0.000e+00 -> 4.361e-01), tst/acc 4.308e-01, tst/nll 1.581e+00
[2023-05-31 00:44:22] [Iter    2000/  48000] trn/loss 1.030e+00, trn/negative_log_likelihood 1.030e+00, trn/w_norm 5.670e+01, trn/g_norm 1.834e+00, trn/lr 3.124e-02, trn/dyn_scale 6.554e+04, val/acc 6.125e-01, val/nll 1.108e+00, val/best_acc 6.125e-01 (best_acc: 4.361e-01 -> 6.125e-01), tst/acc 6.223e-01, tst/nll 1.100e+00
[2023-05-31 00:44:49] [Iter    3000/  48000] trn/loss 6.143e-01, trn/negative_log_likelihood 6.143e-01, trn/w_norm 2.362e+01, trn/g_norm 1.904e+00, trn/lr 5.207e-02, trn/dyn_scale 6.554e+04, val/acc 5.986e-01, val/nll 1.397e+00, val/best_acc 6.125e-01
[2023-05-31 00:45:17] [Iter    4000/  48000] trn/loss 5.751e-01, trn/negative_log_likelihood 5.751e-01, trn/w_norm 1.887e+01, trn/g_norm 1.815e+00, trn/lr 7.291e-02, trn/dyn_scale 6.554e+04, val/acc 6.231e-01, val/nll 1.216e+00, val/best_acc 6.231e-01 (best_acc: 6.125e-01 -> 6.231e-01), tst/acc 6.193e-01, tst/nll 1.197e+00
[2023-05-31 00:45:45] [Iter    5000/  48000] trn/loss 6.012e-01, trn/negative_log_likelihood 6.012e-01, trn/w_norm 1.992e+01, trn/g_norm 1.698e+00, trn/lr 9.332e-02, trn/dyn_scale 6.554e+04, val/acc 6.402e-01, val/nll 1.212e+00, val/best_acc 6.402e-01 (best_acc: 6.231e-01 -> 6.402e-01), tst/acc 6.356e-01, tst/nll 1.241e+00
[2023-05-31 00:46:12] [Iter    6000/  48000] trn/loss 6.049e-01, trn/negative_log_likelihood 6.049e-01, trn/w_norm 2.014e+01, trn/g_norm 1.651e+00, trn/lr 9.992e-02, trn/dyn_scale 6.554e+04, val/acc 6.400e-01, val/nll 1.147e+00, val/best_acc 6.402e-01
[2023-05-31 00:46:39] [Iter    7000/  48000] trn/loss 5.969e-01, trn/negative_log_likelihood 5.969e-01, trn/w_norm 2.012e+01, trn/g_norm 1.650e+00, trn/lr 9.961e-02, trn/dyn_scale 6.554e+04, val/acc 5.664e-01, val/nll 1.539e+00, val/best_acc 6.402e-01
[2023-05-31 00:47:06] [Iter    8000/  48000] trn/loss 5.911e-01, trn/negative_log_likelihood 5.911e-01, trn/w_norm 2.016e+01, trn/g_norm 1.643e+00, trn/lr 9.903e-02, trn/dyn_scale 6.554e+04, val/acc 6.781e-01, val/nll 9.909e-01, val/best_acc 6.781e-01 (best_acc: 6.402e-01 -> 6.781e-01), tst/acc 6.708e-01, tst/nll 9.915e-01
[2023-05-31 00:47:34] [Iter    9000/  48000] trn/loss 5.847e-01, trn/negative_log_likelihood 5.847e-01, trn/w_norm 2.006e+01, trn/g_norm 1.650e+00, trn/lr 9.819e-02, trn/dyn_scale 6.554e+04, val/acc 5.545e-01, val/nll 1.541e+00, val/best_acc 6.781e-01
[2023-05-31 00:48:01] [Iter   10000/  48000] trn/loss 5.792e-01, trn/negative_log_likelihood 5.792e-01, trn/w_norm 2.001e+01, trn/g_norm 1.651e+00, trn/lr 9.710e-02, trn/dyn_scale 6.554e+04, val/acc 6.408e-01, val/nll 1.191e+00, val/best_acc 6.781e-01
[2023-05-31 00:48:26] [Iter   11000/  48000] trn/loss 5.832e-01, trn/negative_log_likelihood 5.832e-01, trn/w_norm 2.004e+01, trn/g_norm 1.656e+00, trn/lr 9.576e-02, trn/dyn_scale 6.554e+04, val/acc 6.560e-01, val/nll 1.118e+00, val/best_acc 6.781e-01
[2023-05-31 00:48:54] [Iter   12000/  48000] trn/loss 5.751e-01, trn/negative_log_likelihood 5.751e-01, trn/w_norm 1.995e+01, trn/g_norm 1.666e+00, trn/lr 9.417e-02, trn/dyn_scale 6.554e+04, val/acc 6.831e-01, val/nll 9.925e-01, val/best_acc 6.831e-01 (best_acc: 6.781e-01 -> 6.831e-01), tst/acc 6.806e-01, tst/nll 9.965e-01
[2023-05-31 00:49:20] [Iter   13000/  48000] trn/loss 5.667e-01, trn/negative_log_likelihood 5.667e-01, trn/w_norm 1.985e+01, trn/g_norm 1.668e+00, trn/lr 9.236e-02, trn/dyn_scale 6.554e+04, val/acc 7.473e-01, val/nll 7.786e-01, val/best_acc 7.473e-01 (best_acc: 6.831e-01 -> 7.473e-01), tst/acc 7.486e-01, tst/nll 7.891e-01
[2023-05-31 00:49:44] [Iter   14000/  48000] trn/loss 5.634e-01, trn/negative_log_likelihood 5.634e-01, trn/w_norm 1.979e+01, trn/g_norm 1.679e+00, trn/lr 9.031e-02, trn/dyn_scale 6.554e+04, val/acc 5.252e-01, val/nll 1.638e+00, val/best_acc 7.473e-01
[2023-05-31 00:50:10] [Iter   15000/  48000] trn/loss 5.577e-01, trn/negative_log_likelihood 5.577e-01, trn/w_norm 1.964e+01, trn/g_norm 1.681e+00, trn/lr 8.806e-02, trn/dyn_scale 6.554e+04, val/acc 6.231e-01, val/nll 1.168e+00, val/best_acc 7.473e-01
[2023-05-31 00:50:35] [Iter   16000/  48000] trn/loss 5.462e-01, trn/negative_log_likelihood 5.462e-01, trn/w_norm 1.962e+01, trn/g_norm 1.698e+00, trn/lr 8.560e-02, trn/dyn_scale 6.554e+04, val/acc 6.101e-01, val/nll 1.319e+00, val/best_acc 7.473e-01
[2023-05-31 00:51:00] [Iter   17000/  48000] trn/loss 5.389e-01, trn/negative_log_likelihood 5.389e-01, trn/w_norm 1.954e+01, trn/g_norm 1.713e+00, trn/lr 8.296e-02, trn/dyn_scale 6.554e+04, val/acc 5.409e-01, val/nll 1.494e+00, val/best_acc 7.473e-01
[2023-05-31 00:51:26] [Iter   18000/  48000] trn/loss 5.286e-01, trn/negative_log_likelihood 5.286e-01, trn/w_norm 1.938e+01, trn/g_norm 1.724e+00, trn/lr 8.014e-02, trn/dyn_scale 6.554e+04, val/acc 7.351e-01, val/nll 8.099e-01, val/best_acc 7.473e-01
[2023-05-31 00:51:53] [Iter   19000/  48000] trn/loss 5.207e-01, trn/negative_log_likelihood 5.207e-01, trn/w_norm 1.924e+01, trn/g_norm 1.743e+00, trn/lr 7.717e-02, trn/dyn_scale 6.554e+04, val/acc 5.664e-01, val/nll 1.503e+00, val/best_acc 7.473e-01
[2023-05-31 00:52:19] [Iter   20000/  48000] trn/loss 5.117e-01, trn/negative_log_likelihood 5.117e-01, trn/w_norm 1.917e+01, trn/g_norm 1.768e+00, trn/lr 7.405e-02, trn/dyn_scale 6.554e+04, val/acc 6.561e-01, val/nll 1.075e+00, val/best_acc 7.473e-01
[2023-05-31 00:52:47] [Iter   21000/  48000] trn/loss 4.982e-01, trn/negative_log_likelihood 4.982e-01, trn/w_norm 1.904e+01, trn/g_norm 1.782e+00, trn/lr 7.080e-02, trn/dyn_scale 6.554e+04, val/acc 5.228e-01, val/nll 2.023e+00, val/best_acc 7.473e-01
[2023-05-31 00:53:15] [Iter   22000/  48000] trn/loss 4.865e-01, trn/negative_log_likelihood 4.865e-01, trn/w_norm 1.888e+01, trn/g_norm 1.808e+00, trn/lr 6.744e-02, trn/dyn_scale 6.554e+04, val/acc 7.575e-01, val/nll 7.652e-01, val/best_acc 7.575e-01 (best_acc: 7.473e-01 -> 7.575e-01), tst/acc 7.532e-01, tst/nll 7.765e-01
[2023-05-31 00:53:42] [Iter   23000/  48000] trn/loss 4.719e-01, trn/negative_log_likelihood 4.719e-01, trn/w_norm 1.875e+01, trn/g_norm 1.834e+00, trn/lr 6.399e-02, trn/dyn_scale 6.554e+04, val/acc 6.656e-01, val/nll 1.167e+00, val/best_acc 7.575e-01
[2023-05-31 00:54:10] [Iter   24000/  48000] trn/loss 4.601e-01, trn/negative_log_likelihood 4.601e-01, trn/w_norm 1.861e+01, trn/g_norm 1.863e+00, trn/lr 6.047e-02, trn/dyn_scale 6.554e+04, val/acc 7.382e-01, val/nll 7.560e-01, val/best_acc 7.575e-01
[2023-05-31 00:54:37] [Iter   25000/  48000] trn/loss 4.443e-01, trn/negative_log_likelihood 4.443e-01, trn/w_norm 1.846e+01, trn/g_norm 1.900e+00, trn/lr 5.689e-02, trn/dyn_scale 6.554e+04, val/acc 6.237e-01, val/nll 1.276e+00, val/best_acc 7.575e-01
[2023-05-31 00:55:04] [Iter   26000/  48000] trn/loss 4.327e-01, trn/negative_log_likelihood 4.327e-01, trn/w_norm 1.830e+01, trn/g_norm 1.935e+00, trn/lr 5.327e-02, trn/dyn_scale 6.554e+04, val/acc 6.654e-01, val/nll 1.080e+00, val/best_acc 7.575e-01
[2023-05-31 00:55:31] [Iter   27000/  48000] trn/loss 4.134e-01, trn/negative_log_likelihood 4.134e-01, trn/w_norm 1.815e+01, trn/g_norm 1.981e+00, trn/lr 4.964e-02, trn/dyn_scale 6.554e+04, val/acc 7.886e-01, val/nll 6.382e-01, val/best_acc 7.886e-01 (best_acc: 7.575e-01 -> 7.886e-01), tst/acc 7.815e-01, tst/nll 6.561e-01
[2023-05-31 00:55:57] [Iter   28000/  48000] trn/loss 4.016e-01, trn/negative_log_likelihood 4.016e-01, trn/w_norm 1.793e+01, trn/g_norm 2.014e+00, trn/lr 4.601e-02, trn/dyn_scale 6.554e+04, val/acc 7.592e-01, val/nll 7.415e-01, val/best_acc 7.886e-01
[2023-05-31 00:56:24] [Iter   29000/  48000] trn/loss 3.788e-01, trn/negative_log_likelihood 3.788e-01, trn/w_norm 1.773e+01, trn/g_norm 2.067e+00, trn/lr 4.240e-02, trn/dyn_scale 6.554e+04, val/acc 8.202e-01, val/nll 5.523e-01, val/best_acc 8.202e-01 (best_acc: 7.886e-01 -> 8.202e-01), tst/acc 8.223e-01, tst/nll 5.522e-01
[2023-05-31 00:56:51] [Iter   30000/  48000] trn/loss 3.625e-01, trn/negative_log_likelihood 3.625e-01, trn/w_norm 1.753e+01, trn/g_norm 2.122e+00, trn/lr 3.883e-02, trn/dyn_scale 6.554e+04, val/acc 7.444e-01, val/nll 8.209e-01, val/best_acc 8.202e-01
[2023-05-31 00:57:18] [Iter   31000/  48000] trn/loss 3.420e-01, trn/negative_log_likelihood 3.420e-01, trn/w_norm 1.726e+01, trn/g_norm 2.174e+00, trn/lr 3.532e-02, trn/dyn_scale 6.554e+04, val/acc 8.270e-01, val/nll 5.302e-01, val/best_acc 8.270e-01 (best_acc: 8.202e-01 -> 8.270e-01), tst/acc 8.227e-01, tst/nll 5.532e-01
[2023-05-31 00:57:44] [Iter   32000/  48000] trn/loss 3.222e-01, trn/negative_log_likelihood 3.222e-01, trn/w_norm 1.703e+01, trn/g_norm 2.250e+00, trn/lr 3.188e-02, trn/dyn_scale 6.554e+04, val/acc 8.140e-01, val/nll 6.202e-01, val/best_acc 8.270e-01
[2023-05-31 00:58:11] [Iter   33000/  48000] trn/loss 2.990e-01, trn/negative_log_likelihood 2.990e-01, trn/w_norm 1.680e+01, trn/g_norm 2.305e+00, trn/lr 2.855e-02, trn/dyn_scale 6.554e+04, val/acc 7.942e-01, val/nll 6.355e-01, val/best_acc 8.270e-01
[2023-05-31 00:58:37] [Iter   34000/  48000] trn/loss 2.770e-01, trn/negative_log_likelihood 2.770e-01, trn/w_norm 1.649e+01, trn/g_norm 2.400e+00, trn/lr 2.532e-02, trn/dyn_scale 6.554e+04, val/acc 8.419e-01, val/nll 4.899e-01, val/best_acc 8.419e-01 (best_acc: 8.270e-01 -> 8.419e-01), tst/acc 8.349e-01, tst/nll 5.302e-01
[2023-05-31 00:59:02] [Iter   35000/  48000] trn/loss 2.566e-01, trn/negative_log_likelihood 2.566e-01, trn/w_norm 1.622e+01, trn/g_norm 2.492e+00, trn/lr 2.223e-02, trn/dyn_scale 6.554e+04, val/acc 8.248e-01, val/nll 5.508e-01, val/best_acc 8.419e-01
[2023-05-31 00:59:27] [Iter   36000/  48000] trn/loss 2.310e-01, trn/negative_log_likelihood 2.310e-01, trn/w_norm 1.594e+01, trn/g_norm 2.591e+00, trn/lr 1.928e-02, trn/dyn_scale 6.554e+04, val/acc 8.384e-01, val/nll 5.152e-01, val/best_acc 8.419e-01
[2023-05-31 00:59:54] [Iter   37000/  48000] trn/loss 2.050e-01, trn/negative_log_likelihood 2.050e-01, trn/w_norm 1.562e+01, trn/g_norm 2.694e+00, trn/lr 1.650e-02, trn/dyn_scale 6.554e+04, val/acc 8.908e-01, val/nll 3.323e-01, val/best_acc 8.908e-01 (best_acc: 8.419e-01 -> 8.908e-01), tst/acc 8.829e-01, tst/nll 3.527e-01
[2023-05-31 01:00:21] [Iter   38000/  48000] trn/loss 1.800e-01, trn/negative_log_likelihood 1.800e-01, trn/w_norm 1.526e+01, trn/g_norm 2.822e+00, trn/lr 1.389e-02, trn/dyn_scale 6.554e+04, val/acc 8.616e-01, val/nll 4.453e-01, val/best_acc 8.908e-01
[2023-05-31 01:00:48] [Iter   39000/  48000] trn/loss 1.531e-01, trn/negative_log_likelihood 1.531e-01, trn/w_norm 1.489e+01, trn/g_norm 2.940e+00, trn/lr 1.147e-02, trn/dyn_scale 6.554e+04, val/acc 9.069e-01, val/nll 3.090e-01, val/best_acc 9.069e-01 (best_acc: 8.908e-01 -> 9.069e-01), tst/acc 8.968e-01, tst/nll 3.291e-01
[2023-05-31 01:01:15] [Iter   40000/  48000] trn/loss 1.235e-01, trn/negative_log_likelihood 1.235e-01, trn/w_norm 1.444e+01, trn/g_norm 3.055e+00, trn/lr 9.262e-03, trn/dyn_scale 6.554e+04, val/acc 8.976e-01, val/nll 3.131e-01, val/best_acc 9.069e-01
[2023-05-31 01:01:42] [Iter   41000/  48000] trn/loss 9.710e-02, trn/negative_log_likelihood 9.710e-02, trn/w_norm 1.394e+01, trn/g_norm 3.121e+00, trn/lr 7.265e-03, trn/dyn_scale 6.554e+04, val/acc 9.092e-01, val/nll 2.954e-01, val/best_acc 9.092e-01 (best_acc: 9.069e-01 -> 9.092e-01), tst/acc 9.074e-01, tst/nll 3.130e-01
[2023-05-31 01:02:09] [Iter   42000/  48000] trn/loss 6.919e-02, trn/negative_log_likelihood 6.919e-02, trn/w_norm 1.339e+01, trn/g_norm 3.101e+00, trn/lr 5.493e-03, trn/dyn_scale 6.554e+04, val/acc 9.187e-01, val/nll 2.741e-01, val/best_acc 9.187e-01 (best_acc: 9.092e-01 -> 9.187e-01), tst/acc 9.190e-01, tst/nll 2.717e-01
[2023-05-31 01:02:35] [Iter   43000/  48000] trn/loss 4.350e-02, trn/negative_log_likelihood 4.350e-02, trn/w_norm 1.279e+01, trn/g_norm 2.806e+00, trn/lr 3.957e-03, trn/dyn_scale 6.554e+04, val/acc 9.287e-01, val/nll 2.629e-01, val/best_acc 9.287e-01 (best_acc: 9.187e-01 -> 9.287e-01), tst/acc 9.241e-01, tst/nll 2.757e-01
[2023-05-31 01:03:00] [Iter   44000/  48000] trn/loss 2.370e-02, trn/negative_log_likelihood 2.370e-02, trn/w_norm 1.221e+01, trn/g_norm 2.190e+00, trn/lr 2.665e-03, trn/dyn_scale 6.554e+04, val/acc 9.341e-01, val/nll 2.388e-01, val/best_acc 9.341e-01 (best_acc: 9.287e-01 -> 9.341e-01), tst/acc 9.320e-01, tst/nll 2.590e-01
[2023-05-31 01:03:26] [Iter   45000/  48000] trn/loss 1.268e-02, trn/negative_log_likelihood 1.268e-02, trn/w_norm 1.173e+01, trn/g_norm 1.334e+00, trn/lr 1.622e-03, trn/dyn_scale 6.554e+04, val/acc 9.355e-01, val/nll 2.362e-01, val/best_acc 9.355e-01 (best_acc: 9.341e-01 -> 9.355e-01), tst/acc 9.345e-01, tst/nll 2.418e-01
[2023-05-31 01:03:52] [Iter   46000/  48000] trn/loss 9.130e-03, trn/negative_log_likelihood 9.130e-03, trn/w_norm 1.144e+01, trn/g_norm 8.161e-01, trn/lr 8.352e-04, trn/dyn_scale 6.554e+04, val/acc 9.390e-01, val/nll 2.248e-01, val/best_acc 9.390e-01 (best_acc: 9.355e-01 -> 9.390e-01), tst/acc 9.389e-01, tst/nll 2.313e-01
[2023-05-31 01:04:18] [Iter   47000/  48000] trn/loss 7.897e-03, trn/negative_log_likelihood 7.897e-03, trn/w_norm 1.130e+01, trn/g_norm 5.700e-01, trn/lr 3.083e-04, trn/dyn_scale 6.554e+04, val/acc 9.397e-01, val/nll 2.227e-01, val/best_acc 9.397e-01 (best_acc: 9.390e-01 -> 9.397e-01), tst/acc 9.386e-01, tst/nll 2.299e-01
[2023-05-31 01:04:45] [Iter   48000/  48000] trn/loss 7.718e-03, trn/negative_log_likelihood 7.718e-03, trn/w_norm 1.126e+01, trn/g_norm 5.228e-01, trn/lr 4.413e-05, trn/dyn_scale 6.554e+04, val/acc 9.395e-01, val/nll 2.223e-01, val/best_acc 9.397e-01
