[2023-02-03 01:44:29] Environments:
------------  -------------------------------------------------------------------------------
sys.platform  linux
Python        3.10.8 (main, Nov 24 2022, 14:13:03) [GCC 11.2.0]
JAX           0.4.1 @/mnt/home/giung/.conda/envs/jax-siml/lib/python3.10/site-packages/jax
jaxlib        0.4.1 @/mnt/home/giung/.conda/envs/jax-siml/lib/python3.10/site-packages/jaxlib
Flax          0.6.3 @/mnt/home/giung/.conda/envs/jax-siml/lib/python3.10/site-packages/flax
Optax         0.1.4 @/mnt/home/giung/.conda/envs/jax-siml/lib/python3.10/site-packages/optax
------------  -------------------------------------------------------------------------------

[2023-02-03 01:44:29] Command line arguments:
- args.data_root          : ./data/
- args.data_name          : CIFAR10_x32
- args.data_augmentation  : standard
- args.data_proportional  : 1.0
- args.model_depth        : 20
- args.model_width        : 1
- args.model_style        : BN-ReLU
- args.optim_bs           : 256
- args.optim_ne           : 200
- args.optim_lr           : 0.1
- args.optim_momentum     : 0.99
- args.optim_weight_decay : 0.0001
- args.save               : /mnt/home/giung/giung2-dev/projects/residual-networks/save/CIFAR10_x32/R20-BN-ReLU/bs-0256_ne-0200_lr-0.10_mo-0.99_wd-0.0001_fp32/42
- args.seed               : 42
- args.precision          : fp32

[2023-02-03 01:44:50] [Epoch     1/  200] trn/loss 2.098e+00, trn/lr 1.000e-01, val/acc 2.271e-01, val/nll 2.168e+00 (best_acc: 0.000e+00 -> 2.271e-01, test_acc: 2.348e-01, test_nll: 2.182e+00)
[2023-02-03 01:44:52] [Epoch     2/  200] trn/loss 1.835e+00, trn/lr 9.999e-02, val/acc 2.791e-01, val/nll 1.866e+00 (best_acc: 2.271e-01 -> 2.791e-01, test_acc: 2.870e-01, test_nll: 1.865e+00)
[2023-02-03 01:44:54] [Epoch     3/  200] trn/loss 1.756e+00, trn/lr 9.996e-02, val/acc 3.330e-01, val/nll 1.773e+00 (best_acc: 2.791e-01 -> 3.330e-01, test_acc: 3.350e-01, test_nll: 1.778e+00)
[2023-02-03 01:44:56] [Epoch     4/  200] trn/loss 1.673e+00, trn/lr 9.992e-02, val/acc 3.330e-01, val/nll 1.752e+00
[2023-02-03 01:44:58] [Epoch     5/  200] trn/loss 1.576e+00, trn/lr 9.987e-02, val/acc 3.103e-01, val/nll 2.175e+00
[2023-02-03 01:45:00] [Epoch     6/  200] trn/loss 1.505e+00, trn/lr 9.981e-02, val/acc 4.176e-01, val/nll 1.634e+00 (best_acc: 3.330e-01 -> 4.176e-01, test_acc: 4.210e-01, test_nll: 1.645e+00)
[2023-02-03 01:45:02] [Epoch     7/  200] trn/loss 1.379e+00, trn/lr 9.974e-02, val/acc 5.210e-01, val/nll 1.361e+00 (best_acc: 4.176e-01 -> 5.210e-01, test_acc: 5.134e-01, test_nll: 1.373e+00)
[2023-02-03 01:45:04] [Epoch     8/  200] trn/loss 1.274e+00, trn/lr 9.965e-02, val/acc 4.358e-01, val/nll 1.699e+00
[2023-02-03 01:45:06] [Epoch     9/  200] trn/loss 1.187e+00, trn/lr 9.955e-02, val/acc 5.725e-01, val/nll 1.230e+00 (best_acc: 5.210e-01 -> 5.725e-01, test_acc: 5.697e-01, test_nll: 1.237e+00)
[2023-02-03 01:45:08] [Epoch    10/  200] trn/loss 1.128e+00, trn/lr 9.944e-02, val/acc 5.833e-01, val/nll 1.208e+00 (best_acc: 5.725e-01 -> 5.833e-01, test_acc: 5.865e-01, test_nll: 1.202e+00)
[2023-02-03 01:45:11] [Epoch    11/  200] trn/loss 1.069e+00, trn/lr 9.932e-02, val/acc 6.210e-01, val/nll 1.072e+00 (best_acc: 5.833e-01 -> 6.210e-01, test_acc: 6.235e-01, test_nll: 1.079e+00)
[2023-02-03 01:45:13] [Epoch    12/  200] trn/loss 1.006e+00, trn/lr 9.919e-02, val/acc 6.530e-01, val/nll 1.002e+00 (best_acc: 6.210e-01 -> 6.530e-01, test_acc: 6.407e-01, test_nll: 1.031e+00)
[2023-02-03 01:45:14] [Epoch    13/  200] trn/loss 9.329e-01, trn/lr 9.904e-02, val/acc 6.299e-01, val/nll 1.097e+00
[2023-02-03 01:45:17] [Epoch    14/  200] trn/loss 8.739e-01, trn/lr 9.888e-02, val/acc 6.610e-01, val/nll 1.099e+00 (best_acc: 6.530e-01 -> 6.610e-01, test_acc: 6.525e-01, test_nll: 1.093e+00)
[2023-02-03 01:45:18] [Epoch    15/  200] trn/loss 8.545e-01, trn/lr 9.871e-02, val/acc 6.095e-01, val/nll 1.108e+00
[2023-02-03 01:45:21] [Epoch    16/  200] trn/loss 8.149e-01, trn/lr 9.853e-02, val/acc 7.147e-01, val/nll 8.372e-01 (best_acc: 6.610e-01 -> 7.147e-01, test_acc: 7.042e-01, test_nll: 8.612e-01)
[2023-02-03 01:45:23] [Epoch    17/  200] trn/loss 7.661e-01, trn/lr 9.833e-02, val/acc 7.271e-01, val/nll 7.958e-01 (best_acc: 7.147e-01 -> 7.271e-01, test_acc: 7.259e-01, test_nll: 7.999e-01)
[2023-02-03 01:45:25] [Epoch    18/  200] trn/loss 7.548e-01, trn/lr 9.812e-02, val/acc 7.208e-01, val/nll 8.047e-01
[2023-02-03 01:45:27] [Epoch    19/  200] trn/loss 7.134e-01, trn/lr 9.790e-02, val/acc 7.477e-01, val/nll 7.428e-01 (best_acc: 7.271e-01 -> 7.477e-01, test_acc: 7.380e-01, test_nll: 7.510e-01)
[2023-02-03 01:45:28] [Epoch    20/  200] trn/loss 7.002e-01, trn/lr 9.767e-02, val/acc 7.165e-01, val/nll 8.440e-01
[2023-02-03 01:45:30] [Epoch    21/  200] trn/loss 6.824e-01, trn/lr 9.743e-02, val/acc 6.496e-01, val/nll 1.137e+00
[2023-02-03 01:45:32] [Epoch    22/  200] trn/loss 6.923e-01, trn/lr 9.718e-02, val/acc 7.150e-01, val/nll 8.741e-01
[2023-02-03 01:45:34] [Epoch    23/  200] trn/loss 6.720e-01, trn/lr 9.691e-02, val/acc 7.304e-01, val/nll 7.910e-01
[2023-02-03 01:45:36] [Epoch    24/  200] trn/loss 6.383e-01, trn/lr 9.663e-02, val/acc 7.508e-01, val/nll 7.529e-01 (best_acc: 7.477e-01 -> 7.508e-01, test_acc: 7.498e-01, test_nll: 7.529e-01)
[2023-02-03 01:45:38] [Epoch    25/  200] trn/loss 6.256e-01, trn/lr 9.634e-02, val/acc 7.346e-01, val/nll 8.446e-01
[2023-02-03 01:45:40] [Epoch    26/  200] trn/loss 6.486e-01, trn/lr 9.604e-02, val/acc 7.361e-01, val/nll 7.891e-01
[2023-02-03 01:45:42] [Epoch    27/  200] trn/loss 6.472e-01, trn/lr 9.573e-02, val/acc 7.799e-01, val/nll 6.591e-01 (best_acc: 7.508e-01 -> 7.799e-01, test_acc: 7.775e-01, test_nll: 6.653e-01)
[2023-02-03 01:45:44] [Epoch    28/  200] trn/loss 6.218e-01, trn/lr 9.541e-02, val/acc 7.364e-01, val/nll 8.350e-01
[2023-02-03 01:45:46] [Epoch    29/  200] trn/loss 6.201e-01, trn/lr 9.507e-02, val/acc 7.554e-01, val/nll 7.408e-01
[2023-02-03 01:45:48] [Epoch    30/  200] trn/loss 6.024e-01, trn/lr 9.473e-02, val/acc 7.742e-01, val/nll 6.698e-01
[2023-02-03 01:45:50] [Epoch    31/  200] trn/loss 5.888e-01, trn/lr 9.437e-02, val/acc 7.735e-01, val/nll 6.648e-01
[2023-02-03 01:45:52] [Epoch    32/  200] trn/loss 5.785e-01, trn/lr 9.400e-02, val/acc 7.375e-01, val/nll 8.123e-01
[2023-02-03 01:45:54] [Epoch    33/  200] trn/loss 5.863e-01, trn/lr 9.363e-02, val/acc 7.486e-01, val/nll 7.805e-01
[2023-02-03 01:45:56] [Epoch    34/  200] trn/loss 5.845e-01, trn/lr 9.324e-02, val/acc 7.512e-01, val/nll 7.704e-01
[2023-02-03 01:45:58] [Epoch    35/  200] trn/loss 6.027e-01, trn/lr 9.284e-02, val/acc 7.595e-01, val/nll 7.436e-01
[2023-02-03 01:45:59] [Epoch    36/  200] trn/loss 6.074e-01, trn/lr 9.243e-02, val/acc 7.769e-01, val/nll 6.705e-01
[2023-02-03 01:46:02] [Epoch    37/  200] trn/loss 5.727e-01, trn/lr 9.201e-02, val/acc 7.933e-01, val/nll 6.195e-01 (best_acc: 7.799e-01 -> 7.933e-01, test_acc: 7.820e-01, test_nll: 6.388e-01)
[2023-02-03 01:46:04] [Epoch    38/  200] trn/loss 5.702e-01, trn/lr 9.157e-02, val/acc 7.874e-01, val/nll 6.394e-01
[2023-02-03 01:46:05] [Epoch    39/  200] trn/loss 5.880e-01, trn/lr 9.113e-02, val/acc 7.327e-01, val/nll 8.859e-01
[2023-02-03 01:46:07] [Epoch    40/  200] trn/loss 5.837e-01, trn/lr 9.068e-02, val/acc 7.824e-01, val/nll 6.590e-01
[2023-02-03 01:46:09] [Epoch    41/  200] trn/loss 5.626e-01, trn/lr 9.022e-02, val/acc 7.540e-01, val/nll 7.193e-01
[2023-02-03 01:46:11] [Epoch    42/  200] trn/loss 5.458e-01, trn/lr 8.975e-02, val/acc 7.929e-01, val/nll 6.031e-01
[2023-02-03 01:46:13] [Epoch    43/  200] trn/loss 5.521e-01, trn/lr 8.927e-02, val/acc 7.726e-01, val/nll 6.864e-01
[2023-02-03 01:46:15] [Epoch    44/  200] trn/loss 5.523e-01, trn/lr 8.878e-02, val/acc 7.522e-01, val/nll 7.728e-01
[2023-02-03 01:46:17] [Epoch    45/  200] trn/loss 5.585e-01, trn/lr 8.828e-02, val/acc 7.790e-01, val/nll 6.664e-01
[2023-02-03 01:46:19] [Epoch    46/  200] trn/loss 5.619e-01, trn/lr 8.777e-02, val/acc 7.247e-01, val/nll 8.565e-01
[2023-02-03 01:46:21] [Epoch    47/  200] trn/loss 5.584e-01, trn/lr 8.725e-02, val/acc 8.082e-01, val/nll 5.749e-01 (best_acc: 7.933e-01 -> 8.082e-01, test_acc: 8.060e-01, test_nll: 5.881e-01)
[2023-02-03 01:46:23] [Epoch    48/  200] trn/loss 5.420e-01, trn/lr 8.672e-02, val/acc 7.670e-01, val/nll 7.237e-01
[2023-02-03 01:46:25] [Epoch    49/  200] trn/loss 5.338e-01, trn/lr 8.618e-02, val/acc 7.878e-01, val/nll 6.317e-01
[2023-02-03 01:46:27] [Epoch    50/  200] trn/loss 5.492e-01, trn/lr 8.563e-02, val/acc 7.936e-01, val/nll 6.202e-01
[2023-02-03 01:46:29] [Epoch    51/  200] trn/loss 5.290e-01, trn/lr 8.508e-02, val/acc 7.810e-01, val/nll 6.781e-01
[2023-02-03 01:46:31] [Epoch    52/  200] trn/loss 5.294e-01, trn/lr 8.451e-02, val/acc 7.743e-01, val/nll 6.921e-01
[2023-02-03 01:46:33] [Epoch    53/  200] trn/loss 5.033e-01, trn/lr 8.394e-02, val/acc 8.128e-01, val/nll 5.528e-01 (best_acc: 8.082e-01 -> 8.128e-01, test_acc: 8.063e-01, test_nll: 5.627e-01)
[2023-02-03 01:46:34] [Epoch    54/  200] trn/loss 5.315e-01, trn/lr 8.336e-02, val/acc 7.847e-01, val/nll 6.757e-01
[2023-02-03 01:46:36] [Epoch    55/  200] trn/loss 5.334e-01, trn/lr 8.277e-02, val/acc 7.667e-01, val/nll 7.350e-01
[2023-02-03 01:46:38] [Epoch    56/  200] trn/loss 5.450e-01, trn/lr 8.217e-02, val/acc 7.767e-01, val/nll 6.813e-01
[2023-02-03 01:46:40] [Epoch    57/  200] trn/loss 5.202e-01, trn/lr 8.157e-02, val/acc 7.825e-01, val/nll 6.832e-01
[2023-02-03 01:46:42] [Epoch    58/  200] trn/loss 5.184e-01, trn/lr 8.096e-02, val/acc 7.851e-01, val/nll 6.620e-01
[2023-02-03 01:46:44] [Epoch    59/  200] trn/loss 5.191e-01, trn/lr 8.034e-02, val/acc 8.166e-01, val/nll 5.485e-01 (best_acc: 8.128e-01 -> 8.166e-01, test_acc: 8.177e-01, test_nll: 5.506e-01)
[2023-02-03 01:46:46] [Epoch    60/  200] trn/loss 5.116e-01, trn/lr 7.971e-02, val/acc 7.885e-01, val/nll 6.606e-01
[2023-02-03 01:46:48] [Epoch    61/  200] trn/loss 4.965e-01, trn/lr 7.907e-02, val/acc 7.636e-01, val/nll 7.251e-01
[2023-02-03 01:46:50] [Epoch    62/  200] trn/loss 5.126e-01, trn/lr 7.843e-02, val/acc 7.904e-01, val/nll 6.340e-01
[2023-02-03 01:46:52] [Epoch    63/  200] trn/loss 4.980e-01, trn/lr 7.778e-02, val/acc 8.160e-01, val/nll 5.501e-01
[2023-02-03 01:46:54] [Epoch    64/  200] trn/loss 4.875e-01, trn/lr 7.712e-02, val/acc 8.004e-01, val/nll 6.078e-01
[2023-02-03 01:46:56] [Epoch    65/  200] trn/loss 5.013e-01, trn/lr 7.646e-02, val/acc 7.771e-01, val/nll 6.904e-01
[2023-02-03 01:46:58] [Epoch    66/  200] trn/loss 4.993e-01, trn/lr 7.579e-02, val/acc 8.053e-01, val/nll 5.874e-01
[2023-02-03 01:47:00] [Epoch    67/  200] trn/loss 4.766e-01, trn/lr 7.512e-02, val/acc 8.086e-01, val/nll 6.015e-01
[2023-02-03 01:47:02] [Epoch    68/  200] trn/loss 4.709e-01, trn/lr 7.443e-02, val/acc 7.983e-01, val/nll 6.096e-01
[2023-02-03 01:47:04] [Epoch    69/  200] trn/loss 4.841e-01, trn/lr 7.374e-02, val/acc 8.295e-01, val/nll 5.202e-01 (best_acc: 8.166e-01 -> 8.295e-01, test_acc: 8.272e-01, test_nll: 5.397e-01)
[2023-02-03 01:47:06] [Epoch    70/  200] trn/loss 4.807e-01, trn/lr 7.305e-02, val/acc 7.899e-01, val/nll 6.600e-01
[2023-02-03 01:47:08] [Epoch    71/  200] trn/loss 4.662e-01, trn/lr 7.235e-02, val/acc 8.019e-01, val/nll 5.892e-01
[2023-02-03 01:47:10] [Epoch    72/  200] trn/loss 4.841e-01, trn/lr 7.165e-02, val/acc 7.825e-01, val/nll 6.791e-01
[2023-02-03 01:47:11] [Epoch    73/  200] trn/loss 4.862e-01, trn/lr 7.093e-02, val/acc 7.809e-01, val/nll 7.034e-01
[2023-02-03 01:47:13] [Epoch    74/  200] trn/loss 4.666e-01, trn/lr 7.022e-02, val/acc 7.496e-01, val/nll 8.685e-01
[2023-02-03 01:47:15] [Epoch    75/  200] trn/loss 4.574e-01, trn/lr 6.950e-02, val/acc 8.157e-01, val/nll 5.415e-01
[2023-02-03 01:47:17] [Epoch    76/  200] trn/loss 4.619e-01, trn/lr 6.877e-02, val/acc 8.123e-01, val/nll 5.606e-01
[2023-02-03 01:47:19] [Epoch    77/  200] trn/loss 4.710e-01, trn/lr 6.804e-02, val/acc 7.940e-01, val/nll 6.719e-01
[2023-02-03 01:47:21] [Epoch    78/  200] trn/loss 4.835e-01, trn/lr 6.731e-02, val/acc 8.075e-01, val/nll 6.117e-01
[2023-02-03 01:47:23] [Epoch    79/  200] trn/loss 4.537e-01, trn/lr 6.657e-02, val/acc 7.827e-01, val/nll 7.037e-01
[2023-02-03 01:47:25] [Epoch    80/  200] trn/loss 4.530e-01, trn/lr 6.583e-02, val/acc 8.029e-01, val/nll 6.063e-01
[2023-02-03 01:47:27] [Epoch    81/  200] trn/loss 4.335e-01, trn/lr 6.508e-02, val/acc 8.366e-01, val/nll 4.847e-01 (best_acc: 8.295e-01 -> 8.366e-01, test_acc: 8.325e-01, test_nll: 4.940e-01)
[2023-02-03 01:47:29] [Epoch    82/  200] trn/loss 4.344e-01, trn/lr 6.433e-02, val/acc 7.986e-01, val/nll 5.910e-01
[2023-02-03 01:47:31] [Epoch    83/  200] trn/loss 4.344e-01, trn/lr 6.357e-02, val/acc 8.018e-01, val/nll 6.279e-01
[2023-02-03 01:47:33] [Epoch    84/  200] trn/loss 4.475e-01, trn/lr 6.282e-02, val/acc 8.092e-01, val/nll 5.827e-01
[2023-02-03 01:47:35] [Epoch    85/  200] trn/loss 4.409e-01, trn/lr 6.206e-02, val/acc 8.204e-01, val/nll 5.480e-01
[2023-02-03 01:47:37] [Epoch    86/  200] trn/loss 4.504e-01, trn/lr 6.129e-02, val/acc 7.987e-01, val/nll 6.074e-01
[2023-02-03 01:47:39] [Epoch    87/  200] trn/loss 4.709e-01, trn/lr 6.053e-02, val/acc 7.856e-01, val/nll 6.854e-01
[2023-02-03 01:47:41] [Epoch    88/  200] trn/loss 4.471e-01, trn/lr 5.976e-02, val/acc 8.321e-01, val/nll 5.217e-01
[2023-02-03 01:47:42] [Epoch    89/  200] trn/loss 4.206e-01, trn/lr 5.899e-02, val/acc 8.237e-01, val/nll 5.367e-01
[2023-02-03 01:47:44] [Epoch    90/  200] trn/loss 4.252e-01, trn/lr 5.821e-02, val/acc 7.982e-01, val/nll 6.094e-01
[2023-02-03 01:47:46] [Epoch    91/  200] trn/loss 4.337e-01, trn/lr 5.744e-02, val/acc 8.246e-01, val/nll 5.577e-01
[2023-02-03 01:47:48] [Epoch    92/  200] trn/loss 4.283e-01, trn/lr 5.666e-02, val/acc 7.962e-01, val/nll 6.603e-01
[2023-02-03 01:47:50] [Epoch    93/  200] trn/loss 4.349e-01, trn/lr 5.588e-02, val/acc 8.348e-01, val/nll 4.895e-01
[2023-02-03 01:47:52] [Epoch    94/  200] trn/loss 4.073e-01, trn/lr 5.510e-02, val/acc 8.326e-01, val/nll 5.003e-01
[2023-02-03 01:47:54] [Epoch    95/  200] trn/loss 4.052e-01, trn/lr 5.432e-02, val/acc 8.132e-01, val/nll 5.775e-01
[2023-02-03 01:47:56] [Epoch    96/  200] trn/loss 4.279e-01, trn/lr 5.353e-02, val/acc 8.213e-01, val/nll 5.457e-01
[2023-02-03 01:47:58] [Epoch    97/  200] trn/loss 4.045e-01, trn/lr 5.275e-02, val/acc 8.357e-01, val/nll 4.860e-01
[2023-02-03 01:48:00] [Epoch    98/  200] trn/loss 3.899e-01, trn/lr 5.197e-02, val/acc 8.502e-01, val/nll 4.525e-01 (best_acc: 8.366e-01 -> 8.502e-01, test_acc: 8.458e-01, test_nll: 4.711e-01)
[2023-02-03 01:48:02] [Epoch    99/  200] trn/loss 3.890e-01, trn/lr 5.118e-02, val/acc 8.321e-01, val/nll 5.197e-01
[2023-02-03 01:48:04] [Epoch   100/  200] trn/loss 3.984e-01, trn/lr 5.040e-02, val/acc 8.410e-01, val/nll 4.911e-01
[2023-02-03 01:48:06] [Epoch   101/  200] trn/loss 3.935e-01, trn/lr 4.961e-02, val/acc 8.340e-01, val/nll 5.104e-01
[2023-02-03 01:48:08] [Epoch   102/  200] trn/loss 3.914e-01, trn/lr 4.882e-02, val/acc 7.835e-01, val/nll 6.926e-01
[2023-02-03 01:48:09] [Epoch   103/  200] trn/loss 3.942e-01, trn/lr 4.804e-02, val/acc 8.256e-01, val/nll 5.139e-01
[2023-02-03 01:48:11] [Epoch   104/  200] trn/loss 3.760e-01, trn/lr 4.725e-02, val/acc 8.425e-01, val/nll 4.741e-01
[2023-02-03 01:48:13] [Epoch   105/  200] trn/loss 3.790e-01, trn/lr 4.647e-02, val/acc 8.347e-01, val/nll 4.863e-01
[2023-02-03 01:48:15] [Epoch   106/  200] trn/loss 3.815e-01, trn/lr 4.569e-02, val/acc 8.418e-01, val/nll 4.792e-01
[2023-02-03 01:48:17] [Epoch   107/  200] trn/loss 3.623e-01, trn/lr 4.491e-02, val/acc 8.374e-01, val/nll 5.052e-01
[2023-02-03 01:48:19] [Epoch   108/  200] trn/loss 3.737e-01, trn/lr 4.413e-02, val/acc 8.445e-01, val/nll 4.768e-01
[2023-02-03 01:48:21] [Epoch   109/  200] trn/loss 3.724e-01, trn/lr 4.335e-02, val/acc 8.327e-01, val/nll 5.193e-01
[2023-02-03 01:48:23] [Epoch   110/  200] trn/loss 3.522e-01, trn/lr 4.257e-02, val/acc 8.560e-01, val/nll 4.325e-01 (best_acc: 8.502e-01 -> 8.560e-01, test_acc: 8.481e-01, test_nll: 4.586e-01)
[2023-02-03 01:48:25] [Epoch   111/  200] trn/loss 3.639e-01, trn/lr 4.179e-02, val/acc 8.162e-01, val/nll 6.138e-01
[2023-02-03 01:48:27] [Epoch   112/  200] trn/loss 3.631e-01, trn/lr 4.102e-02, val/acc 8.335e-01, val/nll 5.112e-01
[2023-02-03 01:48:29] [Epoch   113/  200] trn/loss 3.701e-01, trn/lr 4.025e-02, val/acc 8.426e-01, val/nll 4.841e-01
[2023-02-03 01:48:31] [Epoch   114/  200] trn/loss 3.583e-01, trn/lr 3.948e-02, val/acc 8.520e-01, val/nll 4.632e-01
[2023-02-03 01:48:33] [Epoch   115/  200] trn/loss 3.521e-01, trn/lr 3.871e-02, val/acc 8.571e-01, val/nll 4.288e-01 (best_acc: 8.560e-01 -> 8.571e-01, test_acc: 8.544e-01, test_nll: 4.467e-01)
[2023-02-03 01:48:35] [Epoch   116/  200] trn/loss 3.351e-01, trn/lr 3.795e-02, val/acc 8.491e-01, val/nll 4.665e-01
[2023-02-03 01:48:37] [Epoch   117/  200] trn/loss 3.343e-01, trn/lr 3.719e-02, val/acc 8.398e-01, val/nll 5.212e-01
[2023-02-03 01:48:39] [Epoch   118/  200] trn/loss 3.356e-01, trn/lr 3.643e-02, val/acc 8.544e-01, val/nll 4.382e-01
[2023-02-03 01:48:41] [Epoch   119/  200] trn/loss 3.272e-01, trn/lr 3.568e-02, val/acc 8.525e-01, val/nll 4.647e-01
[2023-02-03 01:48:42] [Epoch   120/  200] trn/loss 3.338e-01, trn/lr 3.493e-02, val/acc 8.426e-01, val/nll 4.844e-01
[2023-02-03 01:48:44] [Epoch   121/  200] trn/loss 3.264e-01, trn/lr 3.418e-02, val/acc 8.470e-01, val/nll 4.782e-01
[2023-02-03 01:48:46] [Epoch   122/  200] trn/loss 3.214e-01, trn/lr 3.344e-02, val/acc 8.455e-01, val/nll 4.787e-01
[2023-02-03 01:48:48] [Epoch   123/  200] trn/loss 3.291e-01, trn/lr 3.270e-02, val/acc 8.539e-01, val/nll 4.493e-01
[2023-02-03 01:48:50] [Epoch   124/  200] trn/loss 3.229e-01, trn/lr 3.196e-02, val/acc 8.312e-01, val/nll 5.164e-01
[2023-02-03 01:48:52] [Epoch   125/  200] trn/loss 3.064e-01, trn/lr 3.123e-02, val/acc 8.563e-01, val/nll 4.559e-01
[2023-02-03 01:48:54] [Epoch   126/  200] trn/loss 3.140e-01, trn/lr 3.051e-02, val/acc 8.606e-01, val/nll 4.305e-01 (best_acc: 8.571e-01 -> 8.606e-01, test_acc: 8.589e-01, test_nll: 4.503e-01)
[2023-02-03 01:48:56] [Epoch   127/  200] trn/loss 3.134e-01, trn/lr 2.979e-02, val/acc 8.476e-01, val/nll 4.948e-01
[2023-02-03 01:48:58] [Epoch   128/  200] trn/loss 3.006e-01, trn/lr 2.907e-02, val/acc 8.673e-01, val/nll 4.004e-01 (best_acc: 8.606e-01 -> 8.673e-01, test_acc: 8.677e-01, test_nll: 4.030e-01)
[2023-02-03 01:49:00] [Epoch   129/  200] trn/loss 2.914e-01, trn/lr 2.836e-02, val/acc 8.689e-01, val/nll 4.084e-01 (best_acc: 8.673e-01 -> 8.689e-01, test_acc: 8.691e-01, test_nll: 4.076e-01)
[2023-02-03 01:49:02] [Epoch   130/  200] trn/loss 2.891e-01, trn/lr 2.765e-02, val/acc 8.617e-01, val/nll 4.370e-01
[2023-02-03 01:49:04] [Epoch   131/  200] trn/loss 2.837e-01, trn/lr 2.695e-02, val/acc 8.646e-01, val/nll 4.178e-01
[2023-02-03 01:49:06] [Epoch   132/  200] trn/loss 2.867e-01, trn/lr 2.626e-02, val/acc 8.592e-01, val/nll 4.432e-01
[2023-02-03 01:49:08] [Epoch   133/  200] trn/loss 2.866e-01, trn/lr 2.557e-02, val/acc 8.717e-01, val/nll 4.061e-01 (best_acc: 8.689e-01 -> 8.717e-01, test_acc: 8.634e-01, test_nll: 4.163e-01)
[2023-02-03 01:49:10] [Epoch   134/  200] trn/loss 2.802e-01, trn/lr 2.489e-02, val/acc 8.590e-01, val/nll 4.449e-01
[2023-02-03 01:49:12] [Epoch   135/  200] trn/loss 2.859e-01, trn/lr 2.421e-02, val/acc 8.695e-01, val/nll 4.137e-01
[2023-02-03 01:49:14] [Epoch   136/  200] trn/loss 2.813e-01, trn/lr 2.354e-02, val/acc 8.574e-01, val/nll 4.430e-01
[2023-02-03 01:49:16] [Epoch   137/  200] trn/loss 2.800e-01, trn/lr 2.288e-02, val/acc 8.663e-01, val/nll 4.158e-01
[2023-02-03 01:49:17] [Epoch   138/  200] trn/loss 2.659e-01, trn/lr 2.222e-02, val/acc 8.643e-01, val/nll 4.316e-01
[2023-02-03 01:49:19] [Epoch   139/  200] trn/loss 2.562e-01, trn/lr 2.157e-02, val/acc 8.713e-01, val/nll 4.027e-01
[2023-02-03 01:49:21] [Epoch   140/  200] trn/loss 2.509e-01, trn/lr 2.093e-02, val/acc 8.666e-01, val/nll 4.278e-01
[2023-02-03 01:49:23] [Epoch   141/  200] trn/loss 2.553e-01, trn/lr 2.030e-02, val/acc 8.706e-01, val/nll 4.031e-01
[2023-02-03 01:49:25] [Epoch   142/  200] trn/loss 2.513e-01, trn/lr 1.967e-02, val/acc 8.665e-01, val/nll 4.124e-01
[2023-02-03 01:49:27] [Epoch   143/  200] trn/loss 2.357e-01, trn/lr 1.905e-02, val/acc 8.757e-01, val/nll 3.988e-01 (best_acc: 8.717e-01 -> 8.757e-01, test_acc: 8.707e-01, test_nll: 4.359e-01)
[2023-02-03 01:49:29] [Epoch   144/  200] trn/loss 2.393e-01, trn/lr 1.843e-02, val/acc 8.670e-01, val/nll 4.187e-01
[2023-02-03 01:49:31] [Epoch   145/  200] trn/loss 2.395e-01, trn/lr 1.783e-02, val/acc 8.771e-01, val/nll 3.871e-01 (best_acc: 8.757e-01 -> 8.771e-01, test_acc: 8.752e-01, test_nll: 4.009e-01)
[2023-02-03 01:49:33] [Epoch   146/  200] trn/loss 2.241e-01, trn/lr 1.723e-02, val/acc 8.847e-01, val/nll 3.682e-01 (best_acc: 8.771e-01 -> 8.847e-01, test_acc: 8.742e-01, test_nll: 3.968e-01)
[2023-02-03 01:49:35] [Epoch   147/  200] trn/loss 2.193e-01, trn/lr 1.664e-02, val/acc 8.738e-01, val/nll 4.148e-01
[2023-02-03 01:49:37] [Epoch   148/  200] trn/loss 2.133e-01, trn/lr 1.606e-02, val/acc 8.777e-01, val/nll 3.848e-01
[2023-02-03 01:49:39] [Epoch   149/  200] trn/loss 2.192e-01, trn/lr 1.549e-02, val/acc 8.847e-01, val/nll 3.710e-01
[2023-02-03 01:49:41] [Epoch   150/  200] trn/loss 2.227e-01, trn/lr 1.493e-02, val/acc 8.814e-01, val/nll 3.781e-01
[2023-02-03 01:49:43] [Epoch   151/  200] trn/loss 2.173e-01, trn/lr 1.437e-02, val/acc 8.909e-01, val/nll 3.558e-01 (best_acc: 8.847e-01 -> 8.909e-01, test_acc: 8.841e-01, test_nll: 3.646e-01)
[2023-02-03 01:49:45] [Epoch   152/  200] trn/loss 1.978e-01, trn/lr 1.382e-02, val/acc 8.808e-01, val/nll 3.934e-01
[2023-02-03 01:49:47] [Epoch   153/  200] trn/loss 2.005e-01, trn/lr 1.329e-02, val/acc 8.762e-01, val/nll 4.107e-01
[2023-02-03 01:49:49] [Epoch   154/  200] trn/loss 1.961e-01, trn/lr 1.276e-02, val/acc 8.846e-01, val/nll 3.819e-01
[2023-02-03 01:49:51] [Epoch   155/  200] trn/loss 1.851e-01, trn/lr 1.224e-02, val/acc 8.826e-01, val/nll 3.828e-01
[2023-02-03 01:49:53] [Epoch   156/  200] trn/loss 1.896e-01, trn/lr 1.173e-02, val/acc 8.820e-01, val/nll 3.786e-01
[2023-02-03 01:49:54] [Epoch   157/  200] trn/loss 1.893e-01, trn/lr 1.123e-02, val/acc 8.813e-01, val/nll 3.833e-01
[2023-02-03 01:49:56] [Epoch   158/  200] trn/loss 1.763e-01, trn/lr 1.074e-02, val/acc 8.846e-01, val/nll 3.697e-01
[2023-02-03 01:49:58] [Epoch   159/  200] trn/loss 1.699e-01, trn/lr 1.025e-02, val/acc 8.899e-01, val/nll 3.551e-01
[2023-02-03 01:50:00] [Epoch   160/  200] trn/loss 1.629e-01, trn/lr 9.783e-03, val/acc 8.936e-01, val/nll 3.507e-01 (best_acc: 8.909e-01 -> 8.936e-01, test_acc: 8.862e-01, test_nll: 3.860e-01)
[2023-02-03 01:50:02] [Epoch   161/  200] trn/loss 1.658e-01, trn/lr 9.321e-03, val/acc 8.869e-01, val/nll 3.645e-01
[2023-02-03 01:50:04] [Epoch   162/  200] trn/loss 1.671e-01, trn/lr 8.870e-03, val/acc 8.929e-01, val/nll 3.480e-01
[2023-02-03 01:50:06] [Epoch   163/  200] trn/loss 1.626e-01, trn/lr 8.428e-03, val/acc 8.898e-01, val/nll 3.670e-01
[2023-02-03 01:50:08] [Epoch   164/  200] trn/loss 1.475e-01, trn/lr 7.997e-03, val/acc 8.959e-01, val/nll 3.372e-01 (best_acc: 8.936e-01 -> 8.959e-01, test_acc: 8.911e-01, test_nll: 3.578e-01)
[2023-02-03 01:50:10] [Epoch   165/  200] trn/loss 1.384e-01, trn/lr 7.576e-03, val/acc 8.928e-01, val/nll 3.692e-01
[2023-02-03 01:50:12] [Epoch   166/  200] trn/loss 1.354e-01, trn/lr 7.166e-03, val/acc 8.948e-01, val/nll 3.651e-01
[2023-02-03 01:50:14] [Epoch   167/  200] trn/loss 1.292e-01, trn/lr 6.766e-03, val/acc 8.961e-01, val/nll 3.508e-01 (best_acc: 8.959e-01 -> 8.961e-01, test_acc: 8.916e-01, test_nll: 3.711e-01)
[2023-02-03 01:50:16] [Epoch   168/  200] trn/loss 1.256e-01, trn/lr 6.377e-03, val/acc 9.018e-01, val/nll 3.477e-01 (best_acc: 8.961e-01 -> 9.018e-01, test_acc: 8.967e-01, test_nll: 3.641e-01)
[2023-02-03 01:50:18] [Epoch   169/  200] trn/loss 1.265e-01, trn/lr 5.998e-03, val/acc 9.008e-01, val/nll 3.487e-01
[2023-02-03 01:50:20] [Epoch   170/  200] trn/loss 1.229e-01, trn/lr 5.631e-03, val/acc 8.968e-01, val/nll 3.553e-01
[2023-02-03 01:50:22] [Epoch   171/  200] trn/loss 1.167e-01, trn/lr 5.274e-03, val/acc 8.981e-01, val/nll 3.544e-01
[2023-02-03 01:50:24] [Epoch   172/  200] trn/loss 1.139e-01, trn/lr 4.929e-03, val/acc 8.989e-01, val/nll 3.737e-01
[2023-02-03 01:50:26] [Epoch   173/  200] trn/loss 1.056e-01, trn/lr 4.594e-03, val/acc 9.008e-01, val/nll 3.574e-01
[2023-02-03 01:50:28] [Epoch   174/  200] trn/loss 1.028e-01, trn/lr 4.271e-03, val/acc 8.976e-01, val/nll 3.868e-01
[2023-02-03 01:50:30] [Epoch   175/  200] trn/loss 9.699e-02, trn/lr 3.959e-03, val/acc 8.990e-01, val/nll 3.720e-01
[2023-02-03 01:50:31] [Epoch   176/  200] trn/loss 9.107e-02, trn/lr 3.659e-03, val/acc 9.001e-01, val/nll 3.551e-01
[2023-02-03 01:50:33] [Epoch   177/  200] trn/loss 8.788e-02, trn/lr 3.369e-03, val/acc 9.006e-01, val/nll 3.700e-01
[2023-02-03 01:50:35] [Epoch   178/  200] trn/loss 8.442e-02, trn/lr 3.092e-03, val/acc 9.040e-01, val/nll 3.569e-01 (best_acc: 9.018e-01 -> 9.040e-01, test_acc: 9.007e-01, test_nll: 3.830e-01)
[2023-02-03 01:50:37] [Epoch   179/  200] trn/loss 8.318e-02, trn/lr 2.826e-03, val/acc 9.030e-01, val/nll 3.567e-01
[2023-02-03 01:50:39] [Epoch   180/  200] trn/loss 7.851e-02, trn/lr 2.571e-03, val/acc 9.043e-01, val/nll 3.572e-01 (best_acc: 9.040e-01 -> 9.043e-01, test_acc: 8.983e-01, test_nll: 3.872e-01)
[2023-02-03 01:50:41] [Epoch   181/  200] trn/loss 7.160e-02, trn/lr 2.329e-03, val/acc 9.065e-01, val/nll 3.594e-01 (best_acc: 9.043e-01 -> 9.065e-01, test_acc: 9.009e-01, test_nll: 3.843e-01)
[2023-02-03 01:50:43] [Epoch   182/  200] trn/loss 6.806e-02, trn/lr 2.098e-03, val/acc 9.022e-01, val/nll 3.614e-01
[2023-02-03 01:50:45] [Epoch   183/  200] trn/loss 6.722e-02, trn/lr 1.878e-03, val/acc 9.061e-01, val/nll 3.555e-01
[2023-02-03 01:50:47] [Epoch   184/  200] trn/loss 6.266e-02, trn/lr 1.671e-03, val/acc 9.066e-01, val/nll 3.626e-01 (best_acc: 9.065e-01 -> 9.066e-01, test_acc: 9.029e-01, test_nll: 3.851e-01)
[2023-02-03 01:50:49] [Epoch   185/  200] trn/loss 6.113e-02, trn/lr 1.476e-03, val/acc 9.074e-01, val/nll 3.588e-01 (best_acc: 9.066e-01 -> 9.074e-01, test_acc: 9.025e-01, test_nll: 3.913e-01)
[2023-02-03 01:50:51] [Epoch   186/  200] trn/loss 5.967e-02, trn/lr 1.292e-03, val/acc 9.070e-01, val/nll 3.619e-01
[2023-02-03 01:50:53] [Epoch   187/  200] trn/loss 5.852e-02, trn/lr 1.121e-03, val/acc 9.077e-01, val/nll 3.579e-01 (best_acc: 9.074e-01 -> 9.077e-01, test_acc: 9.025e-01, test_nll: 3.868e-01)
[2023-02-03 01:50:55] [Epoch   188/  200] trn/loss 5.431e-02, trn/lr 9.617e-04, val/acc 9.066e-01, val/nll 3.601e-01
[2023-02-03 01:50:57] [Epoch   189/  200] trn/loss 5.279e-02, trn/lr 8.145e-04, val/acc 9.092e-01, val/nll 3.573e-01 (best_acc: 9.077e-01 -> 9.092e-01, test_acc: 9.020e-01, test_nll: 3.891e-01)
[2023-02-03 01:50:59] [Epoch   190/  200] trn/loss 5.291e-02, trn/lr 6.794e-04, val/acc 9.084e-01, val/nll 3.598e-01
[2023-02-03 01:51:01] [Epoch   191/  200] trn/loss 5.001e-02, trn/lr 5.565e-04, val/acc 9.073e-01, val/nll 3.588e-01
[2023-02-03 01:51:03] [Epoch   192/  200] trn/loss 4.918e-02, trn/lr 4.458e-04, val/acc 9.086e-01, val/nll 3.638e-01
[2023-02-03 01:51:05] [Epoch   193/  200] trn/loss 5.179e-02, trn/lr 3.474e-04, val/acc 9.096e-01, val/nll 3.592e-01 (best_acc: 9.092e-01 -> 9.096e-01, test_acc: 9.028e-01, test_nll: 3.909e-01)
[2023-02-03 01:51:07] [Epoch   194/  200] trn/loss 4.812e-02, trn/lr 2.612e-04, val/acc 9.103e-01, val/nll 3.577e-01 (best_acc: 9.096e-01 -> 9.103e-01, test_acc: 9.024e-01, test_nll: 3.914e-01)
[2023-02-03 01:51:09] [Epoch   195/  200] trn/loss 4.685e-02, trn/lr 1.872e-04, val/acc 9.097e-01, val/nll 3.593e-01
[2023-02-03 01:51:11] [Epoch   196/  200] trn/loss 4.572e-02, trn/lr 1.255e-04, val/acc 9.092e-01, val/nll 3.597e-01
[2023-02-03 01:51:13] [Epoch   197/  200] trn/loss 4.576e-02, trn/lr 7.619e-05, val/acc 9.079e-01, val/nll 3.597e-01
[2023-02-03 01:51:15] [Epoch   198/  200] trn/loss 4.766e-02, trn/lr 3.916e-05, val/acc 9.097e-01, val/nll 3.583e-01
[2023-02-03 01:51:17] [Epoch   199/  200] trn/loss 4.565e-02, trn/lr 1.445e-05, val/acc 9.098e-01, val/nll 3.590e-01
[2023-02-03 01:51:19] [Epoch   200/  200] trn/loss 4.788e-02, trn/lr 2.075e-06, val/acc 9.088e-01, val/nll 3.622e-01
