[2023-02-21 18:56:57] Environments:
------------  ------------------------------------------------------------
sys.platform  linux
Python        3.8.10 (default, Nov 14 2022, 12:59:47) [GCC 9.4.0]
JAX           0.4.2 @/home/giung/.local/lib/python3.8/site-packages/jax
jaxlib        0.4.2 @/home/giung/.local/lib/python3.8/site-packages/jaxlib
Flax          0.6.4 @/home/giung/.local/lib/python3.8/site-packages/flax
Optax         0.1.4 @/home/giung/.local/lib/python3.8/site-packages/optax
------------  ------------------------------------------------------------

[2023-02-21 18:56:57] Command line arguments:
- args.data_root          : ./data/
- args.data_name          : CIFAR100_x32
- args.data_augmentation  : standard
- args.data_proportional  : 1.0
- args.model_depth        : 20
- args.model_width        : 4
- args.model_style        : BN-ReLU
- args.optim_bs           : 256
- args.optim_ne           : 200
- args.optim_lr           : 0.03
- args.optim_momentum     : 0.97
- args.optim_weight_decay : 0.003
- args.rho                : 0.3
- args.save               : /home/giung/giung2-dev/projects/sam/save/CIFAR100_x32/R20x4-BN-ReLU/ASAM/bs-0256_ne-0200_lr-0.03_mo-0.97_wd-0.0030_rho-0.3000_fp32/42
- args.seed               : 42
- args.precision          : fp32

[2023-02-21 18:57:03] Multiple local devices are detected:
[TpuDevice(id=0, process_index=0, coords=(0,0,0), core_on_chip=0), TpuDevice(id=1, process_index=0, coords=(0,0,0), core_on_chip=1), TpuDevice(id=2, process_index=0, coords=(1,0,0), core_on_chip=0), TpuDevice(id=3, process_index=0, coords=(1,0,0), core_on_chip=1), TpuDevice(id=4, process_index=0, coords=(0,1,0), core_on_chip=0), TpuDevice(id=5, process_index=0, coords=(0,1,0), core_on_chip=1), TpuDevice(id=6, process_index=0, coords=(1,1,0), core_on_chip=0), TpuDevice(id=7, process_index=0, coords=(1,1,0), core_on_chip=1)]

[2023-02-21 18:58:05] [Epoch     1/  200] trn/loss 4.530e+00, trn/lr 3.000e-02, val/acc 5.044e-02, val/nll 4.181e+00 (best_acc: 0.000e+00 -> 5.044e-02, test_acc: 5.270e-02, test_nll: 4.174e+00)
[2023-02-21 18:58:13] [Epoch     2/  200] trn/loss 3.997e+00, trn/lr 3.000e-02, val/acc 9.524e-02, val/nll 3.926e+00 (best_acc: 5.044e-02 -> 9.524e-02, test_acc: 9.640e-02, test_nll: 3.919e+00)
[2023-02-21 18:58:21] [Epoch     3/  200] trn/loss 3.809e+00, trn/lr 2.999e-02, val/acc 9.701e-02, val/nll 3.802e+00 (best_acc: 9.524e-02 -> 9.701e-02, test_acc: 1.033e-01, test_nll: 3.774e+00)
[2023-02-21 18:58:29] [Epoch     4/  200] trn/loss 3.669e+00, trn/lr 2.998e-02, val/acc 1.122e-01, val/nll 3.755e+00 (best_acc: 9.701e-02 -> 1.122e-01, test_acc: 1.183e-01, test_nll: 3.730e+00)
[2023-02-21 18:58:38] [Epoch     5/  200] trn/loss 3.508e+00, trn/lr 2.996e-02, val/acc 1.492e-01, val/nll 3.543e+00 (best_acc: 1.122e-01 -> 1.492e-01, test_acc: 1.504e-01, test_nll: 3.514e+00)
[2023-02-21 18:58:46] [Epoch     6/  200] trn/loss 3.238e+00, trn/lr 2.994e-02, val/acc 2.145e-01, val/nll 3.187e+00 (best_acc: 1.492e-01 -> 2.145e-01, test_acc: 2.139e-01, test_nll: 3.158e+00)
[2023-02-21 18:58:54] [Epoch     7/  200] trn/loss 2.966e+00, trn/lr 2.992e-02, val/acc 2.331e-01, val/nll 3.048e+00 (best_acc: 2.145e-01 -> 2.331e-01, test_acc: 2.356e-01, test_nll: 3.010e+00)
[2023-02-21 18:59:02] [Epoch     8/  200] trn/loss 2.770e+00, trn/lr 2.990e-02, val/acc 2.562e-01, val/nll 2.964e+00 (best_acc: 2.331e-01 -> 2.562e-01, test_acc: 2.574e-01, test_nll: 2.913e+00)
[2023-02-21 18:59:10] [Epoch     9/  200] trn/loss 2.595e+00, trn/lr 2.987e-02, val/acc 2.698e-01, val/nll 2.890e+00 (best_acc: 2.562e-01 -> 2.698e-01, test_acc: 2.730e-01, test_nll: 2.858e+00)
[2023-02-21 18:59:18] [Epoch    10/  200] trn/loss 2.491e+00, trn/lr 2.983e-02, val/acc 2.954e-01, val/nll 2.719e+00 (best_acc: 2.698e-01 -> 2.954e-01, test_acc: 3.032e-01, test_nll: 2.685e+00)
[2023-02-21 18:59:26] [Epoch    11/  200] trn/loss 2.385e+00, trn/lr 2.980e-02, val/acc 3.352e-01, val/nll 2.504e+00 (best_acc: 2.954e-01 -> 3.352e-01, test_acc: 3.379e-01, test_nll: 2.490e+00)
[2023-02-21 18:59:34] [Epoch    12/  200] trn/loss 2.306e+00, trn/lr 2.976e-02, val/acc 3.383e-01, val/nll 2.534e+00 (best_acc: 3.352e-01 -> 3.383e-01, test_acc: 3.417e-01, test_nll: 2.519e+00)
[2023-02-21 18:59:41] [Epoch    13/  200] trn/loss 2.241e+00, trn/lr 2.971e-02, val/acc 3.275e-01, val/nll 2.561e+00
[2023-02-21 18:59:49] [Epoch    14/  200] trn/loss 2.211e+00, trn/lr 2.966e-02, val/acc 3.668e-01, val/nll 2.425e+00 (best_acc: 3.383e-01 -> 3.668e-01, test_acc: 3.708e-01, test_nll: 2.397e+00)
[2023-02-21 18:59:56] [Epoch    15/  200] trn/loss 2.156e+00, trn/lr 2.961e-02, val/acc 3.420e-01, val/nll 2.510e+00
[2023-02-21 19:00:03] [Epoch    16/  200] trn/loss 2.118e+00, trn/lr 2.956e-02, val/acc 3.660e-01, val/nll 2.429e+00
[2023-02-21 19:00:11] [Epoch    17/  200] trn/loss 2.088e+00, trn/lr 2.950e-02, val/acc 3.902e-01, val/nll 2.313e+00 (best_acc: 3.668e-01 -> 3.902e-01, test_acc: 3.934e-01, test_nll: 2.279e+00)
[2023-02-21 19:00:19] [Epoch    18/  200] trn/loss 2.059e+00, trn/lr 2.944e-02, val/acc 4.023e-01, val/nll 2.285e+00 (best_acc: 3.902e-01 -> 4.023e-01, test_acc: 4.074e-01, test_nll: 2.239e+00)
[2023-02-21 19:00:27] [Epoch    19/  200] trn/loss 2.034e+00, trn/lr 2.937e-02, val/acc 4.153e-01, val/nll 2.168e+00 (best_acc: 4.023e-01 -> 4.153e-01, test_acc: 4.250e-01, test_nll: 2.129e+00)
[2023-02-21 19:00:34] [Epoch    20/  200] trn/loss 2.017e+00, trn/lr 2.930e-02, val/acc 3.615e-01, val/nll 2.449e+00
[2023-02-21 19:00:41] [Epoch    21/  200] trn/loss 1.979e+00, trn/lr 2.923e-02, val/acc 3.923e-01, val/nll 2.325e+00
[2023-02-21 19:00:49] [Epoch    22/  200] trn/loss 1.967e+00, trn/lr 2.915e-02, val/acc 3.416e-01, val/nll 2.662e+00
[2023-02-21 19:00:56] [Epoch    23/  200] trn/loss 1.976e+00, trn/lr 2.907e-02, val/acc 3.764e-01, val/nll 2.386e+00
[2023-02-21 19:01:03] [Epoch    24/  200] trn/loss 1.934e+00, trn/lr 2.899e-02, val/acc 3.983e-01, val/nll 2.378e+00
[2023-02-21 19:01:10] [Epoch    25/  200] trn/loss 1.926e+00, trn/lr 2.890e-02, val/acc 3.348e-01, val/nll 2.889e+00
[2023-02-21 19:01:18] [Epoch    26/  200] trn/loss 1.917e+00, trn/lr 2.881e-02, val/acc 4.384e-01, val/nll 2.117e+00 (best_acc: 4.153e-01 -> 4.384e-01, test_acc: 4.424e-01, test_nll: 2.103e+00)
[2023-02-21 19:01:25] [Epoch    27/  200] trn/loss 1.906e+00, trn/lr 2.872e-02, val/acc 4.108e-01, val/nll 2.255e+00
[2023-02-21 19:01:32] [Epoch    28/  200] trn/loss 1.891e+00, trn/lr 2.862e-02, val/acc 3.856e-01, val/nll 2.419e+00
[2023-02-21 19:01:40] [Epoch    29/  200] trn/loss 1.883e+00, trn/lr 2.852e-02, val/acc 4.447e-01, val/nll 2.083e+00 (best_acc: 4.384e-01 -> 4.447e-01, test_acc: 4.489e-01, test_nll: 2.053e+00)
[2023-02-21 19:01:48] [Epoch    30/  200] trn/loss 1.866e+00, trn/lr 2.842e-02, val/acc 3.671e-01, val/nll 2.571e+00
[2023-02-21 19:01:56] [Epoch    31/  200] trn/loss 1.891e+00, trn/lr 2.831e-02, val/acc 4.613e-01, val/nll 1.993e+00 (best_acc: 4.447e-01 -> 4.613e-01, test_acc: 4.668e-01, test_nll: 1.954e+00)
[2023-02-21 19:02:03] [Epoch    32/  200] trn/loss 1.887e+00, trn/lr 2.820e-02, val/acc 4.003e-01, val/nll 2.310e+00
[2023-02-21 19:02:11] [Epoch    33/  200] trn/loss 1.844e+00, trn/lr 2.809e-02, val/acc 4.640e-01, val/nll 1.978e+00 (best_acc: 4.613e-01 -> 4.640e-01, test_acc: 4.672e-01, test_nll: 1.953e+00)
[2023-02-21 19:02:18] [Epoch    34/  200] trn/loss 1.845e+00, trn/lr 2.797e-02, val/acc 4.072e-01, val/nll 2.248e+00
[2023-02-21 19:02:25] [Epoch    35/  200] trn/loss 1.840e+00, trn/lr 2.785e-02, val/acc 4.433e-01, val/nll 2.041e+00
[2023-02-21 19:02:32] [Epoch    36/  200] trn/loss 1.832e+00, trn/lr 2.773e-02, val/acc 4.408e-01, val/nll 2.140e+00
[2023-02-21 19:02:40] [Epoch    37/  200] trn/loss 1.827e+00, trn/lr 2.760e-02, val/acc 3.919e-01, val/nll 2.435e+00
[2023-02-21 19:02:47] [Epoch    38/  200] trn/loss 1.828e+00, trn/lr 2.747e-02, val/acc 3.938e-01, val/nll 2.406e+00
[2023-02-21 19:02:54] [Epoch    39/  200] trn/loss 1.797e+00, trn/lr 2.734e-02, val/acc 4.265e-01, val/nll 2.159e+00
[2023-02-21 19:03:01] [Epoch    40/  200] trn/loss 1.826e+00, trn/lr 2.720e-02, val/acc 4.173e-01, val/nll 2.247e+00
[2023-02-21 19:03:08] [Epoch    41/  200] trn/loss 1.799e+00, trn/lr 2.707e-02, val/acc 4.591e-01, val/nll 1.979e+00
[2023-02-21 19:03:16] [Epoch    42/  200] trn/loss 1.782e+00, trn/lr 2.692e-02, val/acc 4.166e-01, val/nll 2.186e+00
[2023-02-21 19:03:23] [Epoch    43/  200] trn/loss 1.776e+00, trn/lr 2.678e-02, val/acc 4.606e-01, val/nll 1.999e+00
[2023-02-21 19:03:30] [Epoch    44/  200] trn/loss 1.782e+00, trn/lr 2.663e-02, val/acc 4.532e-01, val/nll 2.100e+00
[2023-02-21 19:03:38] [Epoch    45/  200] trn/loss 1.771e+00, trn/lr 2.648e-02, val/acc 4.728e-01, val/nll 1.977e+00 (best_acc: 4.640e-01 -> 4.728e-01, test_acc: 4.775e-01, test_nll: 1.948e+00)
[2023-02-21 19:03:46] [Epoch    46/  200] trn/loss 1.760e+00, trn/lr 2.633e-02, val/acc 4.866e-01, val/nll 1.904e+00 (best_acc: 4.728e-01 -> 4.866e-01, test_acc: 4.938e-01, test_nll: 1.867e+00)
[2023-02-21 19:03:54] [Epoch    47/  200] trn/loss 1.763e+00, trn/lr 2.617e-02, val/acc 5.032e-01, val/nll 1.810e+00 (best_acc: 4.866e-01 -> 5.032e-01, test_acc: 5.188e-01, test_nll: 1.770e+00)
[2023-02-21 19:04:01] [Epoch    48/  200] trn/loss 1.753e+00, trn/lr 2.602e-02, val/acc 3.616e-01, val/nll 2.662e+00
[2023-02-21 19:04:08] [Epoch    49/  200] trn/loss 1.745e+00, trn/lr 2.585e-02, val/acc 4.749e-01, val/nll 1.952e+00
[2023-02-21 19:04:16] [Epoch    50/  200] trn/loss 1.752e+00, trn/lr 2.569e-02, val/acc 4.548e-01, val/nll 2.058e+00
[2023-02-21 19:04:23] [Epoch    51/  200] trn/loss 1.730e+00, trn/lr 2.552e-02, val/acc 4.238e-01, val/nll 2.200e+00
[2023-02-21 19:04:30] [Epoch    52/  200] trn/loss 1.720e+00, trn/lr 2.535e-02, val/acc 4.384e-01, val/nll 2.126e+00
[2023-02-21 19:04:37] [Epoch    53/  200] trn/loss 1.717e+00, trn/lr 2.518e-02, val/acc 4.511e-01, val/nll 2.065e+00
[2023-02-21 19:04:44] [Epoch    54/  200] trn/loss 1.718e+00, trn/lr 2.501e-02, val/acc 4.129e-01, val/nll 2.222e+00
[2023-02-21 19:04:52] [Epoch    55/  200] trn/loss 1.714e+00, trn/lr 2.483e-02, val/acc 4.400e-01, val/nll 2.169e+00
[2023-02-21 19:04:59] [Epoch    56/  200] trn/loss 1.707e+00, trn/lr 2.465e-02, val/acc 4.781e-01, val/nll 1.912e+00
[2023-02-21 19:05:06] [Epoch    57/  200] trn/loss 1.699e+00, trn/lr 2.447e-02, val/acc 4.499e-01, val/nll 2.038e+00
[2023-02-21 19:05:13] [Epoch    58/  200] trn/loss 1.698e+00, trn/lr 2.429e-02, val/acc 4.622e-01, val/nll 2.041e+00
[2023-02-21 19:05:20] [Epoch    59/  200] trn/loss 1.675e+00, trn/lr 2.410e-02, val/acc 4.528e-01, val/nll 2.035e+00
[2023-02-21 19:05:28] [Epoch    60/  200] trn/loss 1.661e+00, trn/lr 2.391e-02, val/acc 4.789e-01, val/nll 1.896e+00
[2023-02-21 19:05:35] [Epoch    61/  200] trn/loss 1.693e+00, trn/lr 2.372e-02, val/acc 4.449e-01, val/nll 2.105e+00
[2023-02-21 19:05:42] [Epoch    62/  200] trn/loss 1.670e+00, trn/lr 2.353e-02, val/acc 4.616e-01, val/nll 2.022e+00
[2023-02-21 19:05:49] [Epoch    63/  200] trn/loss 1.668e+00, trn/lr 2.333e-02, val/acc 4.597e-01, val/nll 2.036e+00
[2023-02-21 19:05:56] [Epoch    64/  200] trn/loss 1.649e+00, trn/lr 2.314e-02, val/acc 4.991e-01, val/nll 1.825e+00
[2023-02-21 19:06:03] [Epoch    65/  200] trn/loss 1.663e+00, trn/lr 2.294e-02, val/acc 4.602e-01, val/nll 2.011e+00
[2023-02-21 19:06:11] [Epoch    66/  200] trn/loss 1.655e+00, trn/lr 2.274e-02, val/acc 4.678e-01, val/nll 1.992e+00
[2023-02-21 19:06:19] [Epoch    67/  200] trn/loss 1.627e+00, trn/lr 2.253e-02, val/acc 5.188e-01, val/nll 1.773e+00 (best_acc: 5.032e-01 -> 5.188e-01, test_acc: 5.260e-01, test_nll: 1.736e+00)
[2023-02-21 19:06:26] [Epoch    68/  200] trn/loss 1.622e+00, trn/lr 2.233e-02, val/acc 4.935e-01, val/nll 1.889e+00
[2023-02-21 19:06:33] [Epoch    69/  200] trn/loss 1.622e+00, trn/lr 2.212e-02, val/acc 4.733e-01, val/nll 1.963e+00
[2023-02-21 19:06:40] [Epoch    70/  200] trn/loss 1.613e+00, trn/lr 2.192e-02, val/acc 4.750e-01, val/nll 1.984e+00
[2023-02-21 19:06:48] [Epoch    71/  200] trn/loss 1.628e+00, trn/lr 2.171e-02, val/acc 4.848e-01, val/nll 1.891e+00
[2023-02-21 19:06:55] [Epoch    72/  200] trn/loss 1.604e+00, trn/lr 2.149e-02, val/acc 4.442e-01, val/nll 2.104e+00
[2023-02-21 19:07:02] [Epoch    73/  200] trn/loss 1.591e+00, trn/lr 2.128e-02, val/acc 4.623e-01, val/nll 2.043e+00
[2023-02-21 19:07:09] [Epoch    74/  200] trn/loss 1.584e+00, trn/lr 2.107e-02, val/acc 4.650e-01, val/nll 1.971e+00
[2023-02-21 19:07:16] [Epoch    75/  200] trn/loss 1.587e+00, trn/lr 2.085e-02, val/acc 5.112e-01, val/nll 1.804e+00
[2023-02-21 19:07:24] [Epoch    76/  200] trn/loss 1.582e+00, trn/lr 2.063e-02, val/acc 5.363e-01, val/nll 1.708e+00 (best_acc: 5.188e-01 -> 5.363e-01, test_acc: 5.383e-01, test_nll: 1.699e+00)
[2023-02-21 19:07:32] [Epoch    77/  200] trn/loss 1.570e+00, trn/lr 2.041e-02, val/acc 5.105e-01, val/nll 1.827e+00
[2023-02-21 19:07:39] [Epoch    78/  200] trn/loss 1.557e+00, trn/lr 2.019e-02, val/acc 5.040e-01, val/nll 1.811e+00
[2023-02-21 19:07:46] [Epoch    79/  200] trn/loss 1.557e+00, trn/lr 1.997e-02, val/acc 4.494e-01, val/nll 2.139e+00
[2023-02-21 19:07:53] [Epoch    80/  200] trn/loss 1.544e+00, trn/lr 1.975e-02, val/acc 4.664e-01, val/nll 1.994e+00
[2023-02-21 19:08:00] [Epoch    81/  200] trn/loss 1.550e+00, trn/lr 1.952e-02, val/acc 5.215e-01, val/nll 1.759e+00
[2023-02-21 19:08:08] [Epoch    82/  200] trn/loss 1.530e+00, trn/lr 1.930e-02, val/acc 5.104e-01, val/nll 1.796e+00
[2023-02-21 19:08:15] [Epoch    83/  200] trn/loss 1.534e+00, trn/lr 1.907e-02, val/acc 5.155e-01, val/nll 1.721e+00
[2023-02-21 19:08:22] [Epoch    84/  200] trn/loss 1.508e+00, trn/lr 1.885e-02, val/acc 4.885e-01, val/nll 1.896e+00
[2023-02-21 19:08:30] [Epoch    85/  200] trn/loss 1.514e+00, trn/lr 1.862e-02, val/acc 5.382e-01, val/nll 1.661e+00 (best_acc: 5.363e-01 -> 5.382e-01, test_acc: 5.456e-01, test_nll: 1.639e+00)
[2023-02-21 19:08:37] [Epoch    86/  200] trn/loss 1.507e+00, trn/lr 1.839e-02, val/acc 5.055e-01, val/nll 1.837e+00
[2023-02-21 19:08:45] [Epoch    87/  200] trn/loss 1.496e+00, trn/lr 1.816e-02, val/acc 5.389e-01, val/nll 1.691e+00 (best_acc: 5.382e-01 -> 5.389e-01, test_acc: 5.422e-01, test_nll: 1.666e+00)
[2023-02-21 19:08:52] [Epoch    88/  200] trn/loss 1.488e+00, trn/lr 1.793e-02, val/acc 5.382e-01, val/nll 1.683e+00
[2023-02-21 19:08:59] [Epoch    89/  200] trn/loss 1.475e+00, trn/lr 1.770e-02, val/acc 5.177e-01, val/nll 1.754e+00
[2023-02-21 19:09:07] [Epoch    90/  200] trn/loss 1.466e+00, trn/lr 1.746e-02, val/acc 5.598e-01, val/nll 1.593e+00 (best_acc: 5.389e-01 -> 5.598e-01, test_acc: 5.644e-01, test_nll: 1.563e+00)
[2023-02-21 19:09:15] [Epoch    91/  200] trn/loss 1.453e+00, trn/lr 1.723e-02, val/acc 5.444e-01, val/nll 1.680e+00
[2023-02-21 19:09:22] [Epoch    92/  200] trn/loss 1.458e+00, trn/lr 1.700e-02, val/acc 5.463e-01, val/nll 1.675e+00
[2023-02-21 19:09:29] [Epoch    93/  200] trn/loss 1.451e+00, trn/lr 1.676e-02, val/acc 5.166e-01, val/nll 1.785e+00
[2023-02-21 19:09:37] [Epoch    94/  200] trn/loss 1.429e+00, trn/lr 1.653e-02, val/acc 5.603e-01, val/nll 1.596e+00 (best_acc: 5.598e-01 -> 5.603e-01, test_acc: 5.652e-01, test_nll: 1.584e+00)
[2023-02-21 19:09:44] [Epoch    95/  200] trn/loss 1.425e+00, trn/lr 1.630e-02, val/acc 5.445e-01, val/nll 1.631e+00
[2023-02-21 19:09:51] [Epoch    96/  200] trn/loss 1.412e+00, trn/lr 1.606e-02, val/acc 5.501e-01, val/nll 1.640e+00
[2023-02-21 19:09:59] [Epoch    97/  200] trn/loss 1.403e+00, trn/lr 1.582e-02, val/acc 5.314e-01, val/nll 1.720e+00
[2023-02-21 19:10:06] [Epoch    98/  200] trn/loss 1.401e+00, trn/lr 1.559e-02, val/acc 5.343e-01, val/nll 1.740e+00
[2023-02-21 19:10:14] [Epoch    99/  200] trn/loss 1.392e+00, trn/lr 1.535e-02, val/acc 5.624e-01, val/nll 1.580e+00 (best_acc: 5.603e-01 -> 5.624e-01, test_acc: 5.745e-01, test_nll: 1.553e+00)
[2023-02-21 19:10:21] [Epoch   100/  200] trn/loss 1.381e+00, trn/lr 1.512e-02, val/acc 5.518e-01, val/nll 1.686e+00
[2023-02-21 19:10:28] [Epoch   101/  200] trn/loss 1.376e+00, trn/lr 1.488e-02, val/acc 5.499e-01, val/nll 1.671e+00
[2023-02-21 19:10:35] [Epoch   102/  200] trn/loss 1.363e+00, trn/lr 1.465e-02, val/acc 5.614e-01, val/nll 1.627e+00
[2023-02-21 19:10:44] [Epoch   103/  200] trn/loss 1.341e+00, trn/lr 1.441e-02, val/acc 5.717e-01, val/nll 1.573e+00 (best_acc: 5.624e-01 -> 5.717e-01, test_acc: 5.767e-01, test_nll: 1.546e+00)
[2023-02-21 19:10:51] [Epoch   104/  200] trn/loss 1.333e+00, trn/lr 1.418e-02, val/acc 5.665e-01, val/nll 1.572e+00
[2023-02-21 19:10:58] [Epoch   105/  200] trn/loss 1.330e+00, trn/lr 1.394e-02, val/acc 5.576e-01, val/nll 1.605e+00
[2023-02-21 19:11:06] [Epoch   106/  200] trn/loss 1.324e+00, trn/lr 1.371e-02, val/acc 5.885e-01, val/nll 1.471e+00 (best_acc: 5.717e-01 -> 5.885e-01, test_acc: 5.921e-01, test_nll: 1.468e+00)
[2023-02-21 19:11:13] [Epoch   107/  200] trn/loss 1.296e+00, trn/lr 1.347e-02, val/acc 5.581e-01, val/nll 1.630e+00
[2023-02-21 19:11:20] [Epoch   108/  200] trn/loss 1.306e+00, trn/lr 1.324e-02, val/acc 5.616e-01, val/nll 1.637e+00
[2023-02-21 19:11:28] [Epoch   109/  200] trn/loss 1.292e+00, trn/lr 1.300e-02, val/acc 5.960e-01, val/nll 1.456e+00 (best_acc: 5.885e-01 -> 5.960e-01, test_acc: 6.013e-01, test_nll: 1.426e+00)
[2023-02-21 19:11:36] [Epoch   110/  200] trn/loss 1.263e+00, trn/lr 1.277e-02, val/acc 5.702e-01, val/nll 1.596e+00
[2023-02-21 19:11:43] [Epoch   111/  200] trn/loss 1.262e+00, trn/lr 1.254e-02, val/acc 5.869e-01, val/nll 1.509e+00
[2023-02-21 19:11:50] [Epoch   112/  200] trn/loss 1.250e+00, trn/lr 1.231e-02, val/acc 5.904e-01, val/nll 1.456e+00
[2023-02-21 19:11:57] [Epoch   113/  200] trn/loss 1.244e+00, trn/lr 1.207e-02, val/acc 5.738e-01, val/nll 1.570e+00
[2023-02-21 19:12:04] [Epoch   114/  200] trn/loss 1.230e+00, trn/lr 1.184e-02, val/acc 5.762e-01, val/nll 1.521e+00
[2023-02-21 19:12:12] [Epoch   115/  200] trn/loss 1.233e+00, trn/lr 1.161e-02, val/acc 5.924e-01, val/nll 1.465e+00
[2023-02-21 19:12:19] [Epoch   116/  200] trn/loss 1.218e+00, trn/lr 1.138e-02, val/acc 5.989e-01, val/nll 1.448e+00 (best_acc: 5.960e-01 -> 5.989e-01, test_acc: 5.972e-01, test_nll: 1.443e+00)
[2023-02-21 19:12:27] [Epoch   117/  200] trn/loss 1.215e+00, trn/lr 1.116e-02, val/acc 5.961e-01, val/nll 1.463e+00
[2023-02-21 19:12:35] [Epoch   118/  200] trn/loss 1.198e+00, trn/lr 1.093e-02, val/acc 6.082e-01, val/nll 1.387e+00 (best_acc: 5.989e-01 -> 6.082e-01, test_acc: 6.202e-01, test_nll: 1.354e+00)
[2023-02-21 19:12:43] [Epoch   119/  200] trn/loss 1.169e+00, trn/lr 1.070e-02, val/acc 6.160e-01, val/nll 1.384e+00 (best_acc: 6.082e-01 -> 6.160e-01, test_acc: 6.174e-01, test_nll: 1.377e+00)
[2023-02-21 19:12:50] [Epoch   120/  200] trn/loss 1.153e+00, trn/lr 1.048e-02, val/acc 5.994e-01, val/nll 1.459e+00
[2023-02-21 19:12:57] [Epoch   121/  200] trn/loss 1.148e+00, trn/lr 1.025e-02, val/acc 6.097e-01, val/nll 1.409e+00
[2023-02-21 19:13:04] [Epoch   122/  200] trn/loss 1.146e+00, trn/lr 1.003e-02, val/acc 6.059e-01, val/nll 1.397e+00
[2023-02-21 19:13:12] [Epoch   123/  200] trn/loss 1.135e+00, trn/lr 9.809e-03, val/acc 6.218e-01, val/nll 1.348e+00 (best_acc: 6.160e-01 -> 6.218e-01, test_acc: 6.265e-01, test_nll: 1.329e+00)
[2023-02-21 19:13:19] [Epoch   124/  200] trn/loss 1.118e+00, trn/lr 9.589e-03, val/acc 6.142e-01, val/nll 1.370e+00
[2023-02-21 19:13:27] [Epoch   125/  200] trn/loss 1.102e+00, trn/lr 9.370e-03, val/acc 6.208e-01, val/nll 1.351e+00
[2023-02-21 19:13:34] [Epoch   126/  200] trn/loss 1.078e+00, trn/lr 9.152e-03, val/acc 6.123e-01, val/nll 1.429e+00
[2023-02-21 19:13:41] [Epoch   127/  200] trn/loss 1.080e+00, trn/lr 8.936e-03, val/acc 6.056e-01, val/nll 1.462e+00
[2023-02-21 19:13:48] [Epoch   128/  200] trn/loss 1.049e+00, trn/lr 8.721e-03, val/acc 6.106e-01, val/nll 1.407e+00
[2023-02-21 19:13:56] [Epoch   129/  200] trn/loss 1.051e+00, trn/lr 8.508e-03, val/acc 6.242e-01, val/nll 1.357e+00 (best_acc: 6.218e-01 -> 6.242e-01, test_acc: 6.252e-01, test_nll: 1.353e+00)
[2023-02-21 19:14:04] [Epoch   130/  200] trn/loss 1.029e+00, trn/lr 8.296e-03, val/acc 6.562e-01, val/nll 1.214e+00 (best_acc: 6.242e-01 -> 6.562e-01, test_acc: 6.568e-01, test_nll: 1.220e+00)
[2023-02-21 19:14:11] [Epoch   131/  200] trn/loss 1.017e+00, trn/lr 8.086e-03, val/acc 6.369e-01, val/nll 1.303e+00
[2023-02-21 19:14:18] [Epoch   132/  200] trn/loss 1.021e+00, trn/lr 7.878e-03, val/acc 6.368e-01, val/nll 1.310e+00
[2023-02-21 19:14:26] [Epoch   133/  200] trn/loss 1.002e+00, trn/lr 7.671e-03, val/acc 6.441e-01, val/nll 1.258e+00
[2023-02-21 19:14:33] [Epoch   134/  200] trn/loss 9.740e-01, trn/lr 7.467e-03, val/acc 6.376e-01, val/nll 1.288e+00
[2023-02-21 19:14:40] [Epoch   135/  200] trn/loss 9.575e-01, trn/lr 7.264e-03, val/acc 6.513e-01, val/nll 1.233e+00
[2023-02-21 19:14:47] [Epoch   136/  200] trn/loss 9.433e-01, trn/lr 7.063e-03, val/acc 6.523e-01, val/nll 1.275e+00
[2023-02-21 19:14:55] [Epoch   137/  200] trn/loss 9.292e-01, trn/lr 6.864e-03, val/acc 6.565e-01, val/nll 1.249e+00 (best_acc: 6.562e-01 -> 6.565e-01, test_acc: 6.589e-01, test_nll: 1.218e+00)
[2023-02-21 19:15:02] [Epoch   138/  200] trn/loss 9.250e-01, trn/lr 6.667e-03, val/acc 6.468e-01, val/nll 1.252e+00
[2023-02-21 19:15:10] [Epoch   139/  200] trn/loss 9.110e-01, trn/lr 6.472e-03, val/acc 6.544e-01, val/nll 1.223e+00
[2023-02-21 19:15:18] [Epoch   140/  200] trn/loss 8.936e-01, trn/lr 6.279e-03, val/acc 6.716e-01, val/nll 1.184e+00 (best_acc: 6.565e-01 -> 6.716e-01, test_acc: 6.699e-01, test_nll: 1.170e+00)
[2023-02-21 19:15:25] [Epoch   141/  200] trn/loss 8.566e-01, trn/lr 6.089e-03, val/acc 6.629e-01, val/nll 1.195e+00
[2023-02-21 19:15:32] [Epoch   142/  200] trn/loss 8.540e-01, trn/lr 5.900e-03, val/acc 6.445e-01, val/nll 1.283e+00
[2023-02-21 19:15:39] [Epoch   143/  200] trn/loss 8.489e-01, trn/lr 5.714e-03, val/acc 6.603e-01, val/nll 1.217e+00
[2023-02-21 19:15:46] [Epoch   144/  200] trn/loss 8.126e-01, trn/lr 5.530e-03, val/acc 6.707e-01, val/nll 1.156e+00
[2023-02-21 19:15:54] [Epoch   145/  200] trn/loss 8.150e-01, trn/lr 5.349e-03, val/acc 6.752e-01, val/nll 1.159e+00 (best_acc: 6.716e-01 -> 6.752e-01, test_acc: 6.834e-01, test_nll: 1.126e+00)
[2023-02-21 19:16:01] [Epoch   146/  200] trn/loss 8.015e-01, trn/lr 5.170e-03, val/acc 6.656e-01, val/nll 1.211e+00
[2023-02-21 19:16:09] [Epoch   147/  200] trn/loss 7.661e-01, trn/lr 4.993e-03, val/acc 6.608e-01, val/nll 1.205e+00
[2023-02-21 19:16:17] [Epoch   148/  200] trn/loss 7.672e-01, trn/lr 4.819e-03, val/acc 6.912e-01, val/nll 1.086e+00 (best_acc: 6.752e-01 -> 6.912e-01, test_acc: 6.995e-01, test_nll: 1.071e+00)
[2023-02-21 19:16:24] [Epoch   149/  200] trn/loss 7.385e-01, trn/lr 4.647e-03, val/acc 6.796e-01, val/nll 1.138e+00
[2023-02-21 19:16:32] [Epoch   150/  200] trn/loss 7.290e-01, trn/lr 4.478e-03, val/acc 6.923e-01, val/nll 1.093e+00 (best_acc: 6.912e-01 -> 6.923e-01, test_acc: 6.923e-01, test_nll: 1.086e+00)
[2023-02-21 19:16:39] [Epoch   151/  200] trn/loss 7.098e-01, trn/lr 4.311e-03, val/acc 6.875e-01, val/nll 1.112e+00
[2023-02-21 19:16:46] [Epoch   152/  200] trn/loss 6.910e-01, trn/lr 4.147e-03, val/acc 6.889e-01, val/nll 1.094e+00
[2023-02-21 19:16:54] [Epoch   153/  200] trn/loss 6.644e-01, trn/lr 3.986e-03, val/acc 7.011e-01, val/nll 1.078e+00 (best_acc: 6.923e-01 -> 7.011e-01, test_acc: 6.981e-01, test_nll: 1.076e+00)
[2023-02-21 19:17:01] [Epoch   154/  200] trn/loss 6.510e-01, trn/lr 3.827e-03, val/acc 6.985e-01, val/nll 1.089e+00
[2023-02-21 19:17:08] [Epoch   155/  200] trn/loss 6.393e-01, trn/lr 3.671e-03, val/acc 6.795e-01, val/nll 1.151e+00
[2023-02-21 19:17:16] [Epoch   156/  200] trn/loss 6.208e-01, trn/lr 3.518e-03, val/acc 7.004e-01, val/nll 1.062e+00
[2023-02-21 19:17:23] [Epoch   157/  200] trn/loss 6.012e-01, trn/lr 3.368e-03, val/acc 6.996e-01, val/nll 1.076e+00
[2023-02-21 19:17:31] [Epoch   158/  200] trn/loss 5.837e-01, trn/lr 3.221e-03, val/acc 7.052e-01, val/nll 1.041e+00 (best_acc: 7.011e-01 -> 7.052e-01, test_acc: 7.076e-01, test_nll: 1.034e+00)
[2023-02-21 19:17:39] [Epoch   159/  200] trn/loss 5.681e-01, trn/lr 3.076e-03, val/acc 7.126e-01, val/nll 1.021e+00 (best_acc: 7.052e-01 -> 7.126e-01, test_acc: 7.120e-01, test_nll: 1.022e+00)
[2023-02-21 19:17:47] [Epoch   160/  200] trn/loss 5.445e-01, trn/lr 2.935e-03, val/acc 7.143e-01, val/nll 1.030e+00 (best_acc: 7.126e-01 -> 7.143e-01, test_acc: 7.092e-01, test_nll: 1.026e+00)
[2023-02-21 19:17:55] [Epoch   161/  200] trn/loss 5.259e-01, trn/lr 2.796e-03, val/acc 7.153e-01, val/nll 1.005e+00 (best_acc: 7.143e-01 -> 7.153e-01, test_acc: 7.157e-01, test_nll: 9.950e-01)
[2023-02-21 19:18:03] [Epoch   162/  200] trn/loss 5.049e-01, trn/lr 2.661e-03, val/acc 7.204e-01, val/nll 1.000e+00 (best_acc: 7.153e-01 -> 7.204e-01, test_acc: 7.154e-01, test_nll: 9.986e-01)
[2023-02-21 19:18:10] [Epoch   163/  200] trn/loss 5.026e-01, trn/lr 2.528e-03, val/acc 7.041e-01, val/nll 1.049e+00
[2023-02-21 19:18:17] [Epoch   164/  200] trn/loss 4.722e-01, trn/lr 2.399e-03, val/acc 7.184e-01, val/nll 1.009e+00
[2023-02-21 19:18:24] [Epoch   165/  200] trn/loss 4.452e-01, trn/lr 2.273e-03, val/acc 7.170e-01, val/nll 1.001e+00
[2023-02-21 19:18:32] [Epoch   166/  200] trn/loss 4.315e-01, trn/lr 2.150e-03, val/acc 7.237e-01, val/nll 9.963e-01 (best_acc: 7.204e-01 -> 7.237e-01, test_acc: 7.283e-01, test_nll: 9.794e-01)
[2023-02-21 19:18:40] [Epoch   167/  200] trn/loss 4.156e-01, trn/lr 2.030e-03, val/acc 7.310e-01, val/nll 9.722e-01 (best_acc: 7.237e-01 -> 7.310e-01, test_acc: 7.315e-01, test_nll: 9.720e-01)
[2023-02-21 19:18:47] [Epoch   168/  200] trn/loss 3.925e-01, trn/lr 1.913e-03, val/acc 7.262e-01, val/nll 9.786e-01
[2023-02-21 19:18:55] [Epoch   169/  200] trn/loss 3.763e-01, trn/lr 1.800e-03, val/acc 7.394e-01, val/nll 9.355e-01 (best_acc: 7.310e-01 -> 7.394e-01, test_acc: 7.407e-01, test_nll: 9.383e-01)
[2023-02-21 19:19:03] [Epoch   170/  200] trn/loss 3.572e-01, trn/lr 1.689e-03, val/acc 7.362e-01, val/nll 9.356e-01
[2023-02-21 19:19:10] [Epoch   171/  200] trn/loss 3.355e-01, trn/lr 1.582e-03, val/acc 7.305e-01, val/nll 9.531e-01
[2023-02-21 19:19:17] [Epoch   172/  200] trn/loss 3.205e-01, trn/lr 1.479e-03, val/acc 7.319e-01, val/nll 9.538e-01
[2023-02-21 19:19:24] [Epoch   173/  200] trn/loss 3.041e-01, trn/lr 1.378e-03, val/acc 7.269e-01, val/nll 9.640e-01
[2023-02-21 19:19:31] [Epoch   174/  200] trn/loss 2.908e-01, trn/lr 1.281e-03, val/acc 7.322e-01, val/nll 9.513e-01
[2023-02-21 19:19:39] [Epoch   175/  200] trn/loss 2.761e-01, trn/lr 1.188e-03, val/acc 7.387e-01, val/nll 9.266e-01
[2023-02-21 19:19:46] [Epoch   176/  200] trn/loss 2.573e-01, trn/lr 1.098e-03, val/acc 7.427e-01, val/nll 9.230e-01 (best_acc: 7.394e-01 -> 7.427e-01, test_acc: 7.475e-01, test_nll: 9.122e-01)
[2023-02-21 19:19:54] [Epoch   177/  200] trn/loss 2.442e-01, trn/lr 1.011e-03, val/acc 7.452e-01, val/nll 9.089e-01 (best_acc: 7.427e-01 -> 7.452e-01, test_acc: 7.559e-01, test_nll: 8.875e-01)
[2023-02-21 19:20:02] [Epoch   178/  200] trn/loss 2.316e-01, trn/lr 9.275e-04, val/acc 7.452e-01, val/nll 9.123e-01
[2023-02-21 19:20:10] [Epoch   179/  200] trn/loss 2.178e-01, trn/lr 8.477e-04, val/acc 7.514e-01, val/nll 8.984e-01 (best_acc: 7.452e-01 -> 7.514e-01, test_acc: 7.532e-01, test_nll: 8.884e-01)
[2023-02-21 19:20:18] [Epoch   180/  200] trn/loss 2.032e-01, trn/lr 7.714e-04, val/acc 7.518e-01, val/nll 8.998e-01 (best_acc: 7.514e-01 -> 7.518e-01, test_acc: 7.573e-01, test_nll: 8.904e-01)
[2023-02-21 19:20:26] [Epoch   181/  200] trn/loss 1.908e-01, trn/lr 6.986e-04, val/acc 7.563e-01, val/nll 8.795e-01 (best_acc: 7.518e-01 -> 7.563e-01, test_acc: 7.557e-01, test_nll: 8.755e-01)
[2023-02-21 19:20:33] [Epoch   182/  200] trn/loss 1.837e-01, trn/lr 6.293e-04, val/acc 7.549e-01, val/nll 8.864e-01
[2023-02-21 19:20:40] [Epoch   183/  200] trn/loss 1.739e-01, trn/lr 5.635e-04, val/acc 7.549e-01, val/nll 8.729e-01
[2023-02-21 19:20:48] [Epoch   184/  200] trn/loss 1.612e-01, trn/lr 5.013e-04, val/acc 7.601e-01, val/nll 8.789e-01 (best_acc: 7.563e-01 -> 7.601e-01, test_acc: 7.633e-01, test_nll: 8.680e-01)
[2023-02-21 19:20:56] [Epoch   185/  200] trn/loss 1.537e-01, trn/lr 4.427e-04, val/acc 7.629e-01, val/nll 8.627e-01 (best_acc: 7.601e-01 -> 7.629e-01, test_acc: 7.618e-01, test_nll: 8.558e-01)
[2023-02-21 19:21:03] [Epoch   186/  200] trn/loss 1.446e-01, trn/lr 3.877e-04, val/acc 7.583e-01, val/nll 8.687e-01
[2023-02-21 19:21:11] [Epoch   187/  200] trn/loss 1.401e-01, trn/lr 3.363e-04, val/acc 7.639e-01, val/nll 8.570e-01 (best_acc: 7.629e-01 -> 7.639e-01, test_acc: 7.642e-01, test_nll: 8.525e-01)
[2023-02-21 19:21:19] [Epoch   188/  200] trn/loss 1.337e-01, trn/lr 2.885e-04, val/acc 7.658e-01, val/nll 8.496e-01 (best_acc: 7.639e-01 -> 7.658e-01, test_acc: 7.697e-01, test_nll: 8.424e-01)
[2023-02-21 19:21:27] [Epoch   189/  200] trn/loss 1.290e-01, trn/lr 2.444e-04, val/acc 7.681e-01, val/nll 8.420e-01 (best_acc: 7.658e-01 -> 7.681e-01, test_acc: 7.688e-01, test_nll: 8.412e-01)
[2023-02-21 19:21:34] [Epoch   190/  200] trn/loss 1.244e-01, trn/lr 2.038e-04, val/acc 7.673e-01, val/nll 8.471e-01
[2023-02-21 19:21:42] [Epoch   191/  200] trn/loss 1.196e-01, trn/lr 1.670e-04, val/acc 7.691e-01, val/nll 8.447e-01 (best_acc: 7.681e-01 -> 7.691e-01, test_acc: 7.684e-01, test_nll: 8.403e-01)
[2023-02-21 19:21:49] [Epoch   192/  200] trn/loss 1.173e-01, trn/lr 1.338e-04, val/acc 7.687e-01, val/nll 8.396e-01
[2023-02-21 19:21:57] [Epoch   193/  200] trn/loss 1.144e-01, trn/lr 1.042e-04, val/acc 7.695e-01, val/nll 8.385e-01 (best_acc: 7.691e-01 -> 7.695e-01, test_acc: 7.701e-01, test_nll: 8.348e-01)
[2023-02-21 19:22:05] [Epoch   194/  200] trn/loss 1.133e-01, trn/lr 7.835e-05, val/acc 7.710e-01, val/nll 8.335e-01 (best_acc: 7.695e-01 -> 7.710e-01, test_acc: 7.714e-01, test_nll: 8.331e-01)
[2023-02-21 19:22:13] [Epoch   195/  200] trn/loss 1.109e-01, trn/lr 5.616e-05, val/acc 7.719e-01, val/nll 8.343e-01 (best_acc: 7.710e-01 -> 7.719e-01, test_acc: 7.700e-01, test_nll: 8.320e-01)
[2023-02-21 19:22:20] [Epoch   196/  200] trn/loss 1.079e-01, trn/lr 3.766e-05, val/acc 7.717e-01, val/nll 8.334e-01
[2023-02-21 19:22:27] [Epoch   197/  200] trn/loss 1.078e-01, trn/lr 2.286e-05, val/acc 7.713e-01, val/nll 8.324e-01
[2023-02-21 19:22:35] [Epoch   198/  200] trn/loss 1.064e-01, trn/lr 1.175e-05, val/acc 7.717e-01, val/nll 8.330e-01
[2023-02-21 19:22:42] [Epoch   199/  200] trn/loss 1.071e-01, trn/lr 4.335e-06, val/acc 7.707e-01, val/nll 8.327e-01
[2023-02-21 19:22:49] [Epoch   200/  200] trn/loss 1.058e-01, trn/lr 6.226e-07, val/acc 7.717e-01, val/nll 8.324e-01
