[2023-02-16 09:05:04] Environments:
------------  --------------------------------------------------------------------------------
sys.platform  linux
Python        3.10.8 (main, Nov 24 2022, 14:13:03) [GCC 11.2.0]
JAX           0.4.1 @/mnt/home/giung/.conda/envs/jax-vessl/lib/python3.10/site-packages/jax
jaxlib        0.4.1 @/mnt/home/giung/.conda/envs/jax-vessl/lib/python3.10/site-packages/jaxlib
Flax          0.6.3 @/mnt/home/giung/.conda/envs/jax-vessl/lib/python3.10/site-packages/flax
Optax         0.1.4 @/mnt/home/giung/.conda/envs/jax-vessl/lib/python3.10/site-packages/optax
------------  --------------------------------------------------------------------------------

[2023-02-16 09:05:04] Command line arguments:
- args.data_root          : ./data/
- args.data_name          : CIFAR100_x32
- args.data_augmentation  : standard
- args.data_proportional  : 1.0
- args.model_depth        : 20
- args.model_width        : 1
- args.model_style        : BN-ReLU
- args.optim_bs           : 256
- args.optim_ne           : 500
- args.optim_lr           : 0.3
- args.optim_momentum     : 0.9
- args.optim_weight_decay : 0.0003
- args.drop_rate          : 0.03
- args.save               : /mnt/home/giung/giung2-dev/projects/bnn-vi/save/CIFAR100_x32/R20x1-BN-ReLU/Dropout/bs-0256_ne-0500_lr-0.30_mo-0.90_wd-0.0003_drop-0.03_fp32/42
- args.seed               : 42
- args.precision          : fp32

[2023-02-16 09:05:31] [Epoch     1/  500] trn/loss 4.440e+00, trn/lr 3.000e-01, val/acc 5.100e-02, val/nll 4.212e+00 (best_acc: 0.000e+00 -> 5.100e-02, test_acc: 5.670e-02, test_nll: 4.206e+00)
[2023-02-16 09:05:35] [Epoch     2/  500] trn/loss 4.013e+00, trn/lr 3.000e-01, val/acc 1.064e-01, val/nll 3.758e+00 (best_acc: 5.100e-02 -> 1.064e-01, test_acc: 1.182e-01, test_nll: 3.747e+00)
[2023-02-16 09:05:39] [Epoch     3/  500] trn/loss 3.717e+00, trn/lr 3.000e-01, val/acc 1.447e-01, val/nll 3.576e+00 (best_acc: 1.064e-01 -> 1.447e-01, test_acc: 1.514e-01, test_nll: 3.542e+00)
[2023-02-16 09:05:42] [Epoch     4/  500] trn/loss 3.486e+00, trn/lr 3.000e-01, val/acc 1.831e-01, val/nll 3.344e+00 (best_acc: 1.447e-01 -> 1.831e-01, test_acc: 1.904e-01, test_nll: 3.323e+00)
[2023-02-16 09:05:46] [Epoch     5/  500] trn/loss 3.283e+00, trn/lr 2.999e-01, val/acc 2.029e-01, val/nll 3.289e+00 (best_acc: 1.831e-01 -> 2.029e-01, test_acc: 2.070e-01, test_nll: 3.239e+00)
[2023-02-16 09:05:50] [Epoch     6/  500] trn/loss 3.118e+00, trn/lr 2.999e-01, val/acc 2.449e-01, val/nll 3.071e+00 (best_acc: 2.029e-01 -> 2.449e-01, test_acc: 2.508e-01, test_nll: 3.026e+00)
[2023-02-16 09:05:53] [Epoch     7/  500] trn/loss 2.924e+00, trn/lr 2.999e-01, val/acc 2.895e-01, val/nll 2.869e+00 (best_acc: 2.449e-01 -> 2.895e-01, test_acc: 2.890e-01, test_nll: 2.823e+00)
[2023-02-16 09:05:57] [Epoch     8/  500] trn/loss 2.769e+00, trn/lr 2.998e-01, val/acc 2.944e-01, val/nll 2.826e+00 (best_acc: 2.895e-01 -> 2.944e-01, test_acc: 3.031e-01, test_nll: 2.757e+00)
[2023-02-16 09:06:01] [Epoch     9/  500] trn/loss 2.633e+00, trn/lr 2.998e-01, val/acc 3.285e-01, val/nll 2.603e+00 (best_acc: 2.944e-01 -> 3.285e-01, test_acc: 3.340e-01, test_nll: 2.555e+00)
[2023-02-16 09:06:04] [Epoch    10/  500] trn/loss 2.536e+00, trn/lr 2.997e-01, val/acc 3.259e-01, val/nll 2.670e+00
[2023-02-16 09:06:08] [Epoch    11/  500] trn/loss 2.437e+00, trn/lr 2.997e-01, val/acc 3.581e-01, val/nll 2.470e+00 (best_acc: 3.285e-01 -> 3.581e-01, test_acc: 3.675e-01, test_nll: 2.433e+00)
[2023-02-16 09:06:12] [Epoch    12/  500] trn/loss 2.364e+00, trn/lr 2.996e-01, val/acc 3.834e-01, val/nll 2.342e+00 (best_acc: 3.581e-01 -> 3.834e-01, test_acc: 3.957e-01, test_nll: 2.298e+00)
[2023-02-16 09:06:15] [Epoch    13/  500] trn/loss 2.311e+00, trn/lr 2.995e-01, val/acc 3.899e-01, val/nll 2.420e+00 (best_acc: 3.834e-01 -> 3.899e-01, test_acc: 3.912e-01, test_nll: 2.366e+00)
[2023-02-16 09:06:19] [Epoch    14/  500] trn/loss 2.249e+00, trn/lr 2.995e-01, val/acc 4.283e-01, val/nll 2.146e+00 (best_acc: 3.899e-01 -> 4.283e-01, test_acc: 4.294e-01, test_nll: 2.108e+00)
[2023-02-16 09:06:23] [Epoch    15/  500] trn/loss 2.209e+00, trn/lr 2.994e-01, val/acc 4.021e-01, val/nll 2.258e+00
[2023-02-16 09:06:26] [Epoch    16/  500] trn/loss 2.190e+00, trn/lr 2.993e-01, val/acc 4.079e-01, val/nll 2.227e+00
[2023-02-16 09:06:30] [Epoch    17/  500] trn/loss 2.140e+00, trn/lr 2.992e-01, val/acc 3.900e-01, val/nll 2.308e+00
[2023-02-16 09:06:33] [Epoch    18/  500] trn/loss 2.127e+00, trn/lr 2.991e-01, val/acc 4.304e-01, val/nll 2.138e+00 (best_acc: 4.283e-01 -> 4.304e-01, test_acc: 4.430e-01, test_nll: 2.094e+00)
[2023-02-16 09:06:37] [Epoch    19/  500] trn/loss 2.106e+00, trn/lr 2.990e-01, val/acc 4.184e-01, val/nll 2.201e+00
[2023-02-16 09:06:40] [Epoch    20/  500] trn/loss 2.092e+00, trn/lr 2.989e-01, val/acc 4.512e-01, val/nll 2.089e+00 (best_acc: 4.304e-01 -> 4.512e-01, test_acc: 4.534e-01, test_nll: 2.052e+00)
[2023-02-16 09:06:44] [Epoch    21/  500] trn/loss 2.061e+00, trn/lr 2.988e-01, val/acc 4.041e-01, val/nll 2.281e+00
[2023-02-16 09:06:47] [Epoch    22/  500] trn/loss 2.043e+00, trn/lr 2.986e-01, val/acc 4.388e-01, val/nll 2.092e+00
[2023-02-16 09:06:51] [Epoch    23/  500] trn/loss 2.019e+00, trn/lr 2.985e-01, val/acc 4.539e-01, val/nll 2.069e+00 (best_acc: 4.512e-01 -> 4.539e-01, test_acc: 4.636e-01, test_nll: 2.024e+00)
[2023-02-16 09:06:55] [Epoch    24/  500] trn/loss 2.015e+00, trn/lr 2.984e-01, val/acc 4.408e-01, val/nll 2.165e+00
[2023-02-16 09:06:58] [Epoch    25/  500] trn/loss 2.009e+00, trn/lr 2.982e-01, val/acc 4.374e-01, val/nll 2.119e+00
[2023-02-16 09:07:02] [Epoch    26/  500] trn/loss 1.992e+00, trn/lr 2.981e-01, val/acc 4.513e-01, val/nll 2.049e+00
[2023-02-16 09:07:05] [Epoch    27/  500] trn/loss 1.978e+00, trn/lr 2.979e-01, val/acc 4.351e-01, val/nll 2.156e+00
[2023-02-16 09:07:09] [Epoch    28/  500] trn/loss 1.963e+00, trn/lr 2.978e-01, val/acc 4.523e-01, val/nll 2.089e+00
[2023-02-16 09:07:12] [Epoch    29/  500] trn/loss 1.967e+00, trn/lr 2.976e-01, val/acc 4.454e-01, val/nll 2.112e+00
[2023-02-16 09:07:16] [Epoch    30/  500] trn/loss 1.956e+00, trn/lr 2.974e-01, val/acc 4.611e-01, val/nll 2.009e+00 (best_acc: 4.539e-01 -> 4.611e-01, test_acc: 4.741e-01, test_nll: 1.960e+00)
[2023-02-16 09:07:19] [Epoch    31/  500] trn/loss 1.953e+00, trn/lr 2.973e-01, val/acc 4.504e-01, val/nll 2.035e+00
[2023-02-16 09:07:23] [Epoch    32/  500] trn/loss 1.943e+00, trn/lr 2.971e-01, val/acc 4.816e-01, val/nll 1.904e+00 (best_acc: 4.611e-01 -> 4.816e-01, test_acc: 4.797e-01, test_nll: 1.891e+00)
[2023-02-16 09:07:26] [Epoch    33/  500] trn/loss 1.929e+00, trn/lr 2.969e-01, val/acc 4.519e-01, val/nll 2.037e+00
[2023-02-16 09:07:30] [Epoch    34/  500] trn/loss 1.931e+00, trn/lr 2.967e-01, val/acc 4.375e-01, val/nll 2.134e+00
[2023-02-16 09:07:33] [Epoch    35/  500] trn/loss 1.920e+00, trn/lr 2.965e-01, val/acc 4.730e-01, val/nll 1.985e+00
[2023-02-16 09:07:37] [Epoch    36/  500] trn/loss 1.919e+00, trn/lr 2.963e-01, val/acc 4.603e-01, val/nll 1.992e+00
[2023-02-16 09:07:40] [Epoch    37/  500] trn/loss 1.912e+00, trn/lr 2.961e-01, val/acc 4.781e-01, val/nll 1.909e+00
[2023-02-16 09:07:44] [Epoch    38/  500] trn/loss 1.896e+00, trn/lr 2.959e-01, val/acc 4.685e-01, val/nll 1.970e+00
[2023-02-16 09:07:47] [Epoch    39/  500] trn/loss 1.890e+00, trn/lr 2.956e-01, val/acc 4.461e-01, val/nll 2.058e+00
[2023-02-16 09:07:51] [Epoch    40/  500] trn/loss 1.903e+00, trn/lr 2.954e-01, val/acc 4.645e-01, val/nll 2.000e+00
[2023-02-16 09:07:54] [Epoch    41/  500] trn/loss 1.891e+00, trn/lr 2.952e-01, val/acc 4.535e-01, val/nll 2.066e+00
[2023-02-16 09:07:58] [Epoch    42/  500] trn/loss 1.891e+00, trn/lr 2.949e-01, val/acc 4.754e-01, val/nll 1.956e+00
[2023-02-16 09:08:01] [Epoch    43/  500] trn/loss 1.883e+00, trn/lr 2.947e-01, val/acc 4.623e-01, val/nll 2.018e+00
[2023-02-16 09:08:05] [Epoch    44/  500] trn/loss 1.875e+00, trn/lr 2.944e-01, val/acc 4.674e-01, val/nll 2.013e+00
[2023-02-16 09:08:08] [Epoch    45/  500] trn/loss 1.877e+00, trn/lr 2.942e-01, val/acc 4.876e-01, val/nll 1.914e+00 (best_acc: 4.816e-01 -> 4.876e-01, test_acc: 4.842e-01, test_nll: 1.916e+00)
[2023-02-16 09:08:12] [Epoch    46/  500] trn/loss 1.872e+00, trn/lr 2.939e-01, val/acc 5.010e-01, val/nll 1.828e+00 (best_acc: 4.876e-01 -> 5.010e-01, test_acc: 5.006e-01, test_nll: 1.821e+00)
[2023-02-16 09:08:16] [Epoch    47/  500] trn/loss 1.869e+00, trn/lr 2.936e-01, val/acc 4.982e-01, val/nll 1.850e+00
[2023-02-16 09:08:19] [Epoch    48/  500] trn/loss 1.858e+00, trn/lr 2.934e-01, val/acc 4.779e-01, val/nll 1.953e+00
[2023-02-16 09:08:23] [Epoch    49/  500] trn/loss 1.865e+00, trn/lr 2.931e-01, val/acc 4.688e-01, val/nll 1.982e+00
[2023-02-16 09:08:26] [Epoch    50/  500] trn/loss 1.857e+00, trn/lr 2.928e-01, val/acc 4.827e-01, val/nll 1.930e+00
[2023-02-16 09:08:30] [Epoch    51/  500] trn/loss 1.850e+00, trn/lr 2.925e-01, val/acc 4.695e-01, val/nll 2.003e+00
[2023-02-16 09:08:33] [Epoch    52/  500] trn/loss 1.854e+00, trn/lr 2.922e-01, val/acc 4.676e-01, val/nll 2.012e+00
[2023-02-16 09:08:37] [Epoch    53/  500] trn/loss 1.848e+00, trn/lr 2.919e-01, val/acc 4.783e-01, val/nll 1.956e+00
[2023-02-16 09:08:40] [Epoch    54/  500] trn/loss 1.845e+00, trn/lr 2.916e-01, val/acc 4.623e-01, val/nll 2.044e+00
[2023-02-16 09:08:44] [Epoch    55/  500] trn/loss 1.838e+00, trn/lr 2.913e-01, val/acc 4.915e-01, val/nll 1.870e+00
[2023-02-16 09:08:47] [Epoch    56/  500] trn/loss 1.856e+00, trn/lr 2.910e-01, val/acc 4.709e-01, val/nll 1.985e+00
[2023-02-16 09:08:51] [Epoch    57/  500] trn/loss 1.834e+00, trn/lr 2.906e-01, val/acc 4.748e-01, val/nll 1.992e+00
[2023-02-16 09:08:54] [Epoch    58/  500] trn/loss 1.838e+00, trn/lr 2.903e-01, val/acc 4.740e-01, val/nll 1.957e+00
[2023-02-16 09:08:57] [Epoch    59/  500] trn/loss 1.828e+00, trn/lr 2.900e-01, val/acc 4.746e-01, val/nll 1.979e+00
[2023-02-16 09:09:01] [Epoch    60/  500] trn/loss 1.836e+00, trn/lr 2.896e-01, val/acc 4.758e-01, val/nll 2.042e+00
[2023-02-16 09:09:04] [Epoch    61/  500] trn/loss 1.829e+00, trn/lr 2.893e-01, val/acc 4.614e-01, val/nll 1.986e+00
[2023-02-16 09:09:08] [Epoch    62/  500] trn/loss 1.836e+00, trn/lr 2.889e-01, val/acc 4.621e-01, val/nll 2.037e+00
[2023-02-16 09:09:11] [Epoch    63/  500] trn/loss 1.838e+00, trn/lr 2.886e-01, val/acc 4.939e-01, val/nll 1.874e+00
[2023-02-16 09:09:15] [Epoch    64/  500] trn/loss 1.821e+00, trn/lr 2.882e-01, val/acc 4.782e-01, val/nll 1.928e+00
[2023-02-16 09:09:18] [Epoch    65/  500] trn/loss 1.816e+00, trn/lr 2.879e-01, val/acc 4.987e-01, val/nll 1.822e+00
[2023-02-16 09:09:22] [Epoch    66/  500] trn/loss 1.808e+00, trn/lr 2.875e-01, val/acc 4.679e-01, val/nll 1.976e+00
[2023-02-16 09:09:25] [Epoch    67/  500] trn/loss 1.827e+00, trn/lr 2.871e-01, val/acc 4.975e-01, val/nll 1.834e+00
[2023-02-16 09:09:29] [Epoch    68/  500] trn/loss 1.811e+00, trn/lr 2.867e-01, val/acc 4.793e-01, val/nll 1.944e+00
[2023-02-16 09:09:32] [Epoch    69/  500] trn/loss 1.816e+00, trn/lr 2.863e-01, val/acc 5.061e-01, val/nll 1.832e+00 (best_acc: 5.010e-01 -> 5.061e-01, test_acc: 5.104e-01, test_nll: 1.821e+00)
[2023-02-16 09:09:36] [Epoch    70/  500] trn/loss 1.801e+00, trn/lr 2.859e-01, val/acc 4.806e-01, val/nll 1.945e+00
[2023-02-16 09:09:39] [Epoch    71/  500] trn/loss 1.821e+00, trn/lr 2.855e-01, val/acc 4.472e-01, val/nll 2.084e+00
[2023-02-16 09:09:43] [Epoch    72/  500] trn/loss 1.808e+00, trn/lr 2.851e-01, val/acc 5.020e-01, val/nll 1.830e+00
[2023-02-16 09:09:46] [Epoch    73/  500] trn/loss 1.812e+00, trn/lr 2.847e-01, val/acc 4.819e-01, val/nll 1.963e+00
[2023-02-16 09:09:50] [Epoch    74/  500] trn/loss 1.797e+00, trn/lr 2.843e-01, val/acc 4.634e-01, val/nll 2.016e+00
[2023-02-16 09:09:53] [Epoch    75/  500] trn/loss 1.807e+00, trn/lr 2.839e-01, val/acc 4.790e-01, val/nll 1.948e+00
[2023-02-16 09:09:57] [Epoch    76/  500] trn/loss 1.791e+00, trn/lr 2.834e-01, val/acc 4.551e-01, val/nll 2.078e+00
[2023-02-16 09:10:00] [Epoch    77/  500] trn/loss 1.799e+00, trn/lr 2.830e-01, val/acc 4.975e-01, val/nll 1.814e+00
[2023-02-16 09:10:04] [Epoch    78/  500] trn/loss 1.803e+00, trn/lr 2.826e-01, val/acc 5.028e-01, val/nll 1.855e+00
[2023-02-16 09:10:07] [Epoch    79/  500] trn/loss 1.801e+00, trn/lr 2.821e-01, val/acc 4.662e-01, val/nll 2.039e+00
[2023-02-16 09:10:11] [Epoch    80/  500] trn/loss 1.792e+00, trn/lr 2.817e-01, val/acc 4.683e-01, val/nll 2.026e+00
[2023-02-16 09:10:14] [Epoch    81/  500] trn/loss 1.798e+00, trn/lr 2.812e-01, val/acc 4.727e-01, val/nll 1.989e+00
[2023-02-16 09:10:18] [Epoch    82/  500] trn/loss 1.778e+00, trn/lr 2.808e-01, val/acc 4.862e-01, val/nll 1.911e+00
[2023-02-16 09:10:21] [Epoch    83/  500] trn/loss 1.786e+00, trn/lr 2.803e-01, val/acc 4.910e-01, val/nll 1.899e+00
[2023-02-16 09:10:25] [Epoch    84/  500] trn/loss 1.801e+00, trn/lr 2.798e-01, val/acc 4.704e-01, val/nll 1.992e+00
[2023-02-16 09:10:28] [Epoch    85/  500] trn/loss 1.786e+00, trn/lr 2.794e-01, val/acc 4.948e-01, val/nll 1.859e+00
[2023-02-16 09:10:32] [Epoch    86/  500] trn/loss 1.783e+00, trn/lr 2.789e-01, val/acc 4.961e-01, val/nll 1.864e+00
[2023-02-16 09:10:35] [Epoch    87/  500] trn/loss 1.783e+00, trn/lr 2.784e-01, val/acc 4.791e-01, val/nll 1.913e+00
[2023-02-16 09:10:39] [Epoch    88/  500] trn/loss 1.787e+00, trn/lr 2.779e-01, val/acc 5.046e-01, val/nll 1.837e+00
[2023-02-16 09:10:42] [Epoch    89/  500] trn/loss 1.783e+00, trn/lr 2.774e-01, val/acc 4.866e-01, val/nll 1.897e+00
[2023-02-16 09:10:46] [Epoch    90/  500] trn/loss 1.773e+00, trn/lr 2.769e-01, val/acc 4.793e-01, val/nll 1.995e+00
[2023-02-16 09:10:49] [Epoch    91/  500] trn/loss 1.773e+00, trn/lr 2.764e-01, val/acc 5.010e-01, val/nll 1.833e+00
[2023-02-16 09:10:53] [Epoch    92/  500] trn/loss 1.782e+00, trn/lr 2.759e-01, val/acc 5.029e-01, val/nll 1.834e+00
[2023-02-16 09:10:56] [Epoch    93/  500] trn/loss 1.772e+00, trn/lr 2.754e-01, val/acc 4.910e-01, val/nll 1.890e+00
[2023-02-16 09:11:00] [Epoch    94/  500] trn/loss 1.770e+00, trn/lr 2.749e-01, val/acc 4.833e-01, val/nll 1.914e+00
[2023-02-16 09:11:03] [Epoch    95/  500] trn/loss 1.775e+00, trn/lr 2.743e-01, val/acc 5.144e-01, val/nll 1.770e+00 (best_acc: 5.061e-01 -> 5.144e-01, test_acc: 5.230e-01, test_nll: 1.736e+00)
[2023-02-16 09:11:07] [Epoch    96/  500] trn/loss 1.772e+00, trn/lr 2.738e-01, val/acc 4.923e-01, val/nll 1.852e+00
[2023-02-16 09:11:10] [Epoch    97/  500] trn/loss 1.775e+00, trn/lr 2.733e-01, val/acc 4.968e-01, val/nll 1.876e+00
[2023-02-16 09:11:14] [Epoch    98/  500] trn/loss 1.770e+00, trn/lr 2.727e-01, val/acc 4.426e-01, val/nll 2.066e+00
[2023-02-16 09:11:18] [Epoch    99/  500] trn/loss 1.760e+00, trn/lr 2.722e-01, val/acc 5.272e-01, val/nll 1.705e+00 (best_acc: 5.144e-01 -> 5.272e-01, test_acc: 5.264e-01, test_nll: 1.696e+00)
[2023-02-16 09:11:21] [Epoch   100/  500] trn/loss 1.770e+00, trn/lr 2.716e-01, val/acc 5.083e-01, val/nll 1.804e+00
[2023-02-16 09:11:25] [Epoch   101/  500] trn/loss 1.751e+00, trn/lr 2.711e-01, val/acc 4.874e-01, val/nll 1.931e+00
[2023-02-16 09:11:28] [Epoch   102/  500] trn/loss 1.774e+00, trn/lr 2.705e-01, val/acc 4.787e-01, val/nll 1.943e+00
[2023-02-16 09:11:31] [Epoch   103/  500] trn/loss 1.758e+00, trn/lr 2.700e-01, val/acc 5.064e-01, val/nll 1.771e+00
[2023-02-16 09:11:35] [Epoch   104/  500] trn/loss 1.763e+00, trn/lr 2.694e-01, val/acc 4.729e-01, val/nll 1.995e+00
[2023-02-16 09:11:38] [Epoch   105/  500] trn/loss 1.755e+00, trn/lr 2.688e-01, val/acc 5.001e-01, val/nll 1.822e+00
[2023-02-16 09:11:42] [Epoch   106/  500] trn/loss 1.763e+00, trn/lr 2.682e-01, val/acc 4.904e-01, val/nll 1.945e+00
[2023-02-16 09:11:45] [Epoch   107/  500] trn/loss 1.751e+00, trn/lr 2.677e-01, val/acc 4.802e-01, val/nll 1.955e+00
[2023-02-16 09:11:49] [Epoch   108/  500] trn/loss 1.756e+00, trn/lr 2.671e-01, val/acc 5.166e-01, val/nll 1.758e+00
[2023-02-16 09:11:52] [Epoch   109/  500] trn/loss 1.764e+00, trn/lr 2.665e-01, val/acc 5.046e-01, val/nll 1.812e+00
[2023-02-16 09:11:56] [Epoch   110/  500] trn/loss 1.766e+00, trn/lr 2.659e-01, val/acc 4.673e-01, val/nll 2.100e+00
[2023-02-16 09:11:59] [Epoch   111/  500] trn/loss 1.743e+00, trn/lr 2.653e-01, val/acc 5.163e-01, val/nll 1.776e+00
[2023-02-16 09:12:03] [Epoch   112/  500] trn/loss 1.740e+00, trn/lr 2.647e-01, val/acc 4.963e-01, val/nll 1.906e+00
[2023-02-16 09:12:06] [Epoch   113/  500] trn/loss 1.755e+00, trn/lr 2.641e-01, val/acc 4.594e-01, val/nll 2.074e+00
[2023-02-16 09:12:10] [Epoch   114/  500] trn/loss 1.756e+00, trn/lr 2.634e-01, val/acc 4.758e-01, val/nll 1.972e+00
[2023-02-16 09:12:13] [Epoch   115/  500] trn/loss 1.744e+00, trn/lr 2.628e-01, val/acc 4.950e-01, val/nll 1.960e+00
[2023-02-16 09:12:17] [Epoch   116/  500] trn/loss 1.739e+00, trn/lr 2.622e-01, val/acc 5.119e-01, val/nll 1.772e+00
[2023-02-16 09:12:20] [Epoch   117/  500] trn/loss 1.746e+00, trn/lr 2.616e-01, val/acc 5.054e-01, val/nll 1.801e+00
[2023-02-16 09:12:24] [Epoch   118/  500] trn/loss 1.739e+00, trn/lr 2.609e-01, val/acc 4.978e-01, val/nll 1.867e+00
[2023-02-16 09:12:27] [Epoch   119/  500] trn/loss 1.748e+00, trn/lr 2.603e-01, val/acc 5.223e-01, val/nll 1.713e+00
[2023-02-16 09:12:31] [Epoch   120/  500] trn/loss 1.731e+00, trn/lr 2.597e-01, val/acc 4.986e-01, val/nll 1.829e+00
[2023-02-16 09:12:34] [Epoch   121/  500] trn/loss 1.733e+00, trn/lr 2.590e-01, val/acc 5.112e-01, val/nll 1.779e+00
[2023-02-16 09:12:38] [Epoch   122/  500] trn/loss 1.734e+00, trn/lr 2.584e-01, val/acc 5.133e-01, val/nll 1.812e+00
[2023-02-16 09:12:41] [Epoch   123/  500] trn/loss 1.736e+00, trn/lr 2.577e-01, val/acc 4.951e-01, val/nll 1.828e+00
[2023-02-16 09:12:45] [Epoch   124/  500] trn/loss 1.727e+00, trn/lr 2.571e-01, val/acc 4.955e-01, val/nll 1.876e+00
[2023-02-16 09:12:48] [Epoch   125/  500] trn/loss 1.743e+00, trn/lr 2.564e-01, val/acc 4.626e-01, val/nll 2.047e+00
[2023-02-16 09:12:52] [Epoch   126/  500] trn/loss 1.728e+00, trn/lr 2.557e-01, val/acc 4.947e-01, val/nll 1.908e+00
[2023-02-16 09:12:55] [Epoch   127/  500] trn/loss 1.727e+00, trn/lr 2.551e-01, val/acc 4.980e-01, val/nll 1.901e+00
[2023-02-16 09:12:59] [Epoch   128/  500] trn/loss 1.722e+00, trn/lr 2.544e-01, val/acc 5.238e-01, val/nll 1.766e+00
[2023-02-16 09:13:03] [Epoch   129/  500] trn/loss 1.730e+00, trn/lr 2.537e-01, val/acc 5.240e-01, val/nll 1.763e+00
[2023-02-16 09:13:07] [Epoch   130/  500] trn/loss 1.724e+00, trn/lr 2.530e-01, val/acc 4.844e-01, val/nll 1.896e+00
[2023-02-16 09:13:10] [Epoch   131/  500] trn/loss 1.728e+00, trn/lr 2.523e-01, val/acc 5.070e-01, val/nll 1.856e+00
[2023-02-16 09:13:14] [Epoch   132/  500] trn/loss 1.716e+00, trn/lr 2.516e-01, val/acc 5.034e-01, val/nll 1.851e+00
[2023-02-16 09:13:18] [Epoch   133/  500] trn/loss 1.729e+00, trn/lr 2.510e-01, val/acc 5.008e-01, val/nll 1.847e+00
[2023-02-16 09:13:21] [Epoch   134/  500] trn/loss 1.720e+00, trn/lr 2.503e-01, val/acc 4.987e-01, val/nll 1.838e+00
[2023-02-16 09:13:24] [Epoch   135/  500] trn/loss 1.710e+00, trn/lr 2.496e-01, val/acc 5.027e-01, val/nll 1.832e+00
[2023-02-16 09:13:28] [Epoch   136/  500] trn/loss 1.709e+00, trn/lr 2.488e-01, val/acc 5.050e-01, val/nll 1.816e+00
[2023-02-16 09:13:31] [Epoch   137/  500] trn/loss 1.714e+00, trn/lr 2.481e-01, val/acc 4.907e-01, val/nll 1.918e+00
[2023-02-16 09:13:35] [Epoch   138/  500] trn/loss 1.709e+00, trn/lr 2.474e-01, val/acc 5.285e-01, val/nll 1.711e+00 (best_acc: 5.272e-01 -> 5.285e-01, test_acc: 5.340e-01, test_nll: 1.700e+00)
[2023-02-16 09:13:38] [Epoch   139/  500] trn/loss 1.708e+00, trn/lr 2.467e-01, val/acc 5.027e-01, val/nll 1.838e+00
[2023-02-16 09:13:42] [Epoch   140/  500] trn/loss 1.716e+00, trn/lr 2.460e-01, val/acc 4.903e-01, val/nll 1.900e+00
[2023-02-16 09:13:45] [Epoch   141/  500] trn/loss 1.709e+00, trn/lr 2.453e-01, val/acc 5.066e-01, val/nll 1.796e+00
[2023-02-16 09:13:49] [Epoch   142/  500] trn/loss 1.707e+00, trn/lr 2.445e-01, val/acc 4.919e-01, val/nll 1.892e+00
[2023-02-16 09:13:52] [Epoch   143/  500] trn/loss 1.708e+00, trn/lr 2.438e-01, val/acc 5.241e-01, val/nll 1.751e+00
[2023-02-16 09:13:56] [Epoch   144/  500] trn/loss 1.701e+00, trn/lr 2.431e-01, val/acc 4.789e-01, val/nll 1.989e+00
[2023-02-16 09:13:59] [Epoch   145/  500] trn/loss 1.717e+00, trn/lr 2.423e-01, val/acc 5.066e-01, val/nll 1.844e+00
[2023-02-16 09:14:02] [Epoch   146/  500] trn/loss 1.706e+00, trn/lr 2.416e-01, val/acc 5.240e-01, val/nll 1.761e+00
[2023-02-16 09:14:06] [Epoch   147/  500] trn/loss 1.693e+00, trn/lr 2.408e-01, val/acc 5.045e-01, val/nll 1.825e+00
[2023-02-16 09:14:09] [Epoch   148/  500] trn/loss 1.705e+00, trn/lr 2.401e-01, val/acc 5.243e-01, val/nll 1.772e+00
[2023-02-16 09:14:13] [Epoch   149/  500] trn/loss 1.699e+00, trn/lr 2.393e-01, val/acc 4.972e-01, val/nll 1.856e+00
[2023-02-16 09:14:16] [Epoch   150/  500] trn/loss 1.701e+00, trn/lr 2.386e-01, val/acc 5.184e-01, val/nll 1.792e+00
[2023-02-16 09:14:19] [Epoch   151/  500] trn/loss 1.695e+00, trn/lr 2.378e-01, val/acc 5.210e-01, val/nll 1.778e+00
[2023-02-16 09:14:23] [Epoch   152/  500] trn/loss 1.683e+00, trn/lr 2.370e-01, val/acc 4.591e-01, val/nll 2.129e+00
[2023-02-16 09:14:26] [Epoch   153/  500] trn/loss 1.683e+00, trn/lr 2.363e-01, val/acc 5.010e-01, val/nll 1.835e+00
[2023-02-16 09:14:30] [Epoch   154/  500] trn/loss 1.685e+00, trn/lr 2.355e-01, val/acc 4.845e-01, val/nll 1.936e+00
[2023-02-16 09:14:33] [Epoch   155/  500] trn/loss 1.681e+00, trn/lr 2.347e-01, val/acc 4.862e-01, val/nll 1.946e+00
[2023-02-16 09:14:36] [Epoch   156/  500] trn/loss 1.688e+00, trn/lr 2.339e-01, val/acc 5.249e-01, val/nll 1.704e+00
[2023-02-16 09:14:40] [Epoch   157/  500] trn/loss 1.687e+00, trn/lr 2.331e-01, val/acc 4.767e-01, val/nll 1.975e+00
[2023-02-16 09:14:43] [Epoch   158/  500] trn/loss 1.693e+00, trn/lr 2.324e-01, val/acc 5.067e-01, val/nll 1.837e+00
[2023-02-16 09:14:47] [Epoch   159/  500] trn/loss 1.687e+00, trn/lr 2.316e-01, val/acc 5.269e-01, val/nll 1.747e+00
[2023-02-16 09:14:50] [Epoch   160/  500] trn/loss 1.675e+00, trn/lr 2.308e-01, val/acc 5.158e-01, val/nll 1.797e+00
[2023-02-16 09:14:54] [Epoch   161/  500] trn/loss 1.692e+00, trn/lr 2.300e-01, val/acc 5.176e-01, val/nll 1.793e+00
[2023-02-16 09:14:57] [Epoch   162/  500] trn/loss 1.677e+00, trn/lr 2.292e-01, val/acc 5.229e-01, val/nll 1.737e+00
[2023-02-16 09:15:00] [Epoch   163/  500] trn/loss 1.680e+00, trn/lr 2.284e-01, val/acc 4.784e-01, val/nll 2.057e+00
[2023-02-16 09:15:04] [Epoch   164/  500] trn/loss 1.676e+00, trn/lr 2.276e-01, val/acc 4.933e-01, val/nll 1.872e+00
[2023-02-16 09:15:07] [Epoch   165/  500] trn/loss 1.679e+00, trn/lr 2.268e-01, val/acc 5.133e-01, val/nll 1.802e+00
[2023-02-16 09:15:11] [Epoch   166/  500] trn/loss 1.676e+00, trn/lr 2.260e-01, val/acc 5.142e-01, val/nll 1.793e+00
[2023-02-16 09:15:14] [Epoch   167/  500] trn/loss 1.671e+00, trn/lr 2.251e-01, val/acc 5.107e-01, val/nll 1.835e+00
[2023-02-16 09:15:17] [Epoch   168/  500] trn/loss 1.669e+00, trn/lr 2.243e-01, val/acc 5.084e-01, val/nll 1.818e+00
[2023-02-16 09:15:21] [Epoch   169/  500] trn/loss 1.676e+00, trn/lr 2.235e-01, val/acc 5.168e-01, val/nll 1.759e+00
[2023-02-16 09:15:24] [Epoch   170/  500] trn/loss 1.661e+00, trn/lr 2.227e-01, val/acc 5.303e-01, val/nll 1.712e+00 (best_acc: 5.285e-01 -> 5.303e-01, test_acc: 5.332e-01, test_nll: 1.690e+00)
[2023-02-16 09:15:28] [Epoch   171/  500] trn/loss 1.668e+00, trn/lr 2.219e-01, val/acc 5.343e-01, val/nll 1.715e+00 (best_acc: 5.303e-01 -> 5.343e-01, test_acc: 5.319e-01, test_nll: 1.721e+00)
[2023-02-16 09:15:32] [Epoch   172/  500] trn/loss 1.663e+00, trn/lr 2.210e-01, val/acc 5.256e-01, val/nll 1.744e+00
[2023-02-16 09:15:35] [Epoch   173/  500] trn/loss 1.658e+00, trn/lr 2.202e-01, val/acc 5.246e-01, val/nll 1.749e+00
[2023-02-16 09:15:38] [Epoch   174/  500] trn/loss 1.658e+00, trn/lr 2.194e-01, val/acc 5.121e-01, val/nll 1.779e+00
[2023-02-16 09:15:42] [Epoch   175/  500] trn/loss 1.651e+00, trn/lr 2.185e-01, val/acc 5.257e-01, val/nll 1.749e+00
[2023-02-16 09:15:45] [Epoch   176/  500] trn/loss 1.654e+00, trn/lr 2.177e-01, val/acc 4.998e-01, val/nll 1.928e+00
[2023-02-16 09:15:49] [Epoch   177/  500] trn/loss 1.660e+00, trn/lr 2.168e-01, val/acc 5.137e-01, val/nll 1.764e+00
[2023-02-16 09:15:52] [Epoch   178/  500] trn/loss 1.641e+00, trn/lr 2.160e-01, val/acc 5.308e-01, val/nll 1.711e+00
[2023-02-16 09:15:56] [Epoch   179/  500] trn/loss 1.657e+00, trn/lr 2.151e-01, val/acc 5.149e-01, val/nll 1.773e+00
[2023-02-16 09:15:59] [Epoch   180/  500] trn/loss 1.654e+00, trn/lr 2.143e-01, val/acc 5.437e-01, val/nll 1.674e+00 (best_acc: 5.343e-01 -> 5.437e-01, test_acc: 5.399e-01, test_nll: 1.678e+00)
[2023-02-16 09:16:03] [Epoch   181/  500] trn/loss 1.650e+00, trn/lr 2.134e-01, val/acc 5.372e-01, val/nll 1.666e+00
[2023-02-16 09:16:06] [Epoch   182/  500] trn/loss 1.653e+00, trn/lr 2.126e-01, val/acc 5.217e-01, val/nll 1.812e+00
[2023-02-16 09:16:09] [Epoch   183/  500] trn/loss 1.645e+00, trn/lr 2.117e-01, val/acc 5.142e-01, val/nll 1.809e+00
[2023-02-16 09:16:13] [Epoch   184/  500] trn/loss 1.644e+00, trn/lr 2.109e-01, val/acc 5.299e-01, val/nll 1.727e+00
[2023-02-16 09:16:16] [Epoch   185/  500] trn/loss 1.641e+00, trn/lr 2.100e-01, val/acc 5.217e-01, val/nll 1.750e+00
[2023-02-16 09:16:20] [Epoch   186/  500] trn/loss 1.633e+00, trn/lr 2.091e-01, val/acc 5.282e-01, val/nll 1.725e+00
[2023-02-16 09:16:23] [Epoch   187/  500] trn/loss 1.636e+00, trn/lr 2.083e-01, val/acc 5.042e-01, val/nll 1.893e+00
[2023-02-16 09:16:26] [Epoch   188/  500] trn/loss 1.630e+00, trn/lr 2.074e-01, val/acc 4.904e-01, val/nll 1.912e+00
[2023-02-16 09:16:30] [Epoch   189/  500] trn/loss 1.641e+00, trn/lr 2.065e-01, val/acc 5.343e-01, val/nll 1.691e+00
[2023-02-16 09:16:33] [Epoch   190/  500] trn/loss 1.630e+00, trn/lr 2.057e-01, val/acc 5.394e-01, val/nll 1.656e+00
[2023-02-16 09:16:37] [Epoch   191/  500] trn/loss 1.627e+00, trn/lr 2.048e-01, val/acc 5.241e-01, val/nll 1.743e+00
[2023-02-16 09:16:40] [Epoch   192/  500] trn/loss 1.627e+00, trn/lr 2.039e-01, val/acc 5.049e-01, val/nll 1.868e+00
[2023-02-16 09:16:43] [Epoch   193/  500] trn/loss 1.636e+00, trn/lr 2.030e-01, val/acc 5.298e-01, val/nll 1.732e+00
[2023-02-16 09:16:47] [Epoch   194/  500] trn/loss 1.628e+00, trn/lr 2.021e-01, val/acc 5.082e-01, val/nll 1.866e+00
[2023-02-16 09:16:50] [Epoch   195/  500] trn/loss 1.629e+00, trn/lr 2.013e-01, val/acc 5.341e-01, val/nll 1.682e+00
[2023-02-16 09:16:54] [Epoch   196/  500] trn/loss 1.631e+00, trn/lr 2.004e-01, val/acc 5.264e-01, val/nll 1.745e+00
[2023-02-16 09:16:57] [Epoch   197/  500] trn/loss 1.619e+00, trn/lr 1.995e-01, val/acc 5.201e-01, val/nll 1.772e+00
[2023-02-16 09:17:01] [Epoch   198/  500] trn/loss 1.616e+00, trn/lr 1.986e-01, val/acc 5.319e-01, val/nll 1.693e+00
[2023-02-16 09:17:04] [Epoch   199/  500] trn/loss 1.609e+00, trn/lr 1.977e-01, val/acc 5.345e-01, val/nll 1.720e+00
[2023-02-16 09:17:07] [Epoch   200/  500] trn/loss 1.625e+00, trn/lr 1.968e-01, val/acc 5.156e-01, val/nll 1.836e+00
[2023-02-16 09:17:11] [Epoch   201/  500] trn/loss 1.617e+00, trn/lr 1.959e-01, val/acc 5.100e-01, val/nll 1.792e+00
[2023-02-16 09:17:14] [Epoch   202/  500] trn/loss 1.609e+00, trn/lr 1.950e-01, val/acc 5.252e-01, val/nll 1.764e+00
[2023-02-16 09:17:18] [Epoch   203/  500] trn/loss 1.618e+00, trn/lr 1.941e-01, val/acc 5.160e-01, val/nll 1.806e+00
[2023-02-16 09:17:21] [Epoch   204/  500] trn/loss 1.601e+00, trn/lr 1.932e-01, val/acc 5.337e-01, val/nll 1.687e+00
[2023-02-16 09:17:24] [Epoch   205/  500] trn/loss 1.605e+00, trn/lr 1.923e-01, val/acc 5.230e-01, val/nll 1.740e+00
[2023-02-16 09:17:28] [Epoch   206/  500] trn/loss 1.602e+00, trn/lr 1.914e-01, val/acc 5.280e-01, val/nll 1.698e+00
[2023-02-16 09:17:31] [Epoch   207/  500] trn/loss 1.600e+00, trn/lr 1.905e-01, val/acc 5.468e-01, val/nll 1.653e+00 (best_acc: 5.437e-01 -> 5.468e-01, test_acc: 5.522e-01, test_nll: 1.623e+00)
[2023-02-16 09:17:35] [Epoch   208/  500] trn/loss 1.601e+00, trn/lr 1.896e-01, val/acc 5.409e-01, val/nll 1.690e+00
[2023-02-16 09:17:38] [Epoch   209/  500] trn/loss 1.605e+00, trn/lr 1.887e-01, val/acc 5.408e-01, val/nll 1.642e+00
[2023-02-16 09:17:42] [Epoch   210/  500] trn/loss 1.603e+00, trn/lr 1.878e-01, val/acc 5.419e-01, val/nll 1.676e+00
[2023-02-16 09:17:45] [Epoch   211/  500] trn/loss 1.603e+00, trn/lr 1.868e-01, val/acc 5.470e-01, val/nll 1.668e+00 (best_acc: 5.468e-01 -> 5.470e-01, test_acc: 5.456e-01, test_nll: 1.655e+00)
[2023-02-16 09:17:49] [Epoch   212/  500] trn/loss 1.595e+00, trn/lr 1.859e-01, val/acc 5.207e-01, val/nll 1.765e+00
[2023-02-16 09:17:52] [Epoch   213/  500] trn/loss 1.590e+00, trn/lr 1.850e-01, val/acc 5.162e-01, val/nll 1.803e+00
[2023-02-16 09:17:56] [Epoch   214/  500] trn/loss 1.590e+00, trn/lr 1.841e-01, val/acc 5.292e-01, val/nll 1.740e+00
[2023-02-16 09:17:59] [Epoch   215/  500] trn/loss 1.578e+00, trn/lr 1.832e-01, val/acc 5.452e-01, val/nll 1.670e+00
[2023-02-16 09:18:02] [Epoch   216/  500] trn/loss 1.592e+00, trn/lr 1.823e-01, val/acc 5.459e-01, val/nll 1.635e+00
[2023-02-16 09:18:06] [Epoch   217/  500] trn/loss 1.592e+00, trn/lr 1.813e-01, val/acc 5.352e-01, val/nll 1.686e+00
[2023-02-16 09:18:09] [Epoch   218/  500] trn/loss 1.588e+00, trn/lr 1.804e-01, val/acc 5.501e-01, val/nll 1.672e+00 (best_acc: 5.470e-01 -> 5.501e-01, test_acc: 5.527e-01, test_nll: 1.669e+00)
[2023-02-16 09:18:13] [Epoch   219/  500] trn/loss 1.580e+00, trn/lr 1.795e-01, val/acc 5.398e-01, val/nll 1.656e+00
[2023-02-16 09:18:16] [Epoch   220/  500] trn/loss 1.577e+00, trn/lr 1.786e-01, val/acc 5.461e-01, val/nll 1.627e+00
[2023-02-16 09:18:20] [Epoch   221/  500] trn/loss 1.576e+00, trn/lr 1.776e-01, val/acc 5.344e-01, val/nll 1.683e+00
[2023-02-16 09:18:23] [Epoch   222/  500] trn/loss 1.572e+00, trn/lr 1.767e-01, val/acc 5.367e-01, val/nll 1.669e+00
[2023-02-16 09:18:27] [Epoch   223/  500] trn/loss 1.566e+00, trn/lr 1.758e-01, val/acc 5.696e-01, val/nll 1.535e+00 (best_acc: 5.501e-01 -> 5.696e-01, test_acc: 5.749e-01, test_nll: 1.509e+00)
[2023-02-16 09:18:30] [Epoch   224/  500] trn/loss 1.562e+00, trn/lr 1.749e-01, val/acc 5.429e-01, val/nll 1.654e+00
[2023-02-16 09:18:34] [Epoch   225/  500] trn/loss 1.566e+00, trn/lr 1.739e-01, val/acc 5.284e-01, val/nll 1.742e+00
[2023-02-16 09:18:37] [Epoch   226/  500] trn/loss 1.564e+00, trn/lr 1.730e-01, val/acc 5.606e-01, val/nll 1.589e+00
[2023-02-16 09:18:41] [Epoch   227/  500] trn/loss 1.556e+00, trn/lr 1.721e-01, val/acc 5.164e-01, val/nll 1.801e+00
[2023-02-16 09:18:44] [Epoch   228/  500] trn/loss 1.566e+00, trn/lr 1.711e-01, val/acc 5.352e-01, val/nll 1.670e+00
[2023-02-16 09:18:47] [Epoch   229/  500] trn/loss 1.565e+00, trn/lr 1.702e-01, val/acc 5.519e-01, val/nll 1.628e+00
[2023-02-16 09:18:51] [Epoch   230/  500] trn/loss 1.560e+00, trn/lr 1.693e-01, val/acc 5.604e-01, val/nll 1.593e+00
[2023-02-16 09:18:54] [Epoch   231/  500] trn/loss 1.549e+00, trn/lr 1.683e-01, val/acc 5.455e-01, val/nll 1.682e+00
[2023-02-16 09:18:58] [Epoch   232/  500] trn/loss 1.550e+00, trn/lr 1.674e-01, val/acc 5.337e-01, val/nll 1.693e+00
[2023-02-16 09:19:01] [Epoch   233/  500] trn/loss 1.556e+00, trn/lr 1.665e-01, val/acc 5.485e-01, val/nll 1.649e+00
[2023-02-16 09:19:04] [Epoch   234/  500] trn/loss 1.554e+00, trn/lr 1.655e-01, val/acc 5.524e-01, val/nll 1.617e+00
[2023-02-16 09:19:08] [Epoch   235/  500] trn/loss 1.547e+00, trn/lr 1.646e-01, val/acc 5.601e-01, val/nll 1.593e+00
[2023-02-16 09:19:11] [Epoch   236/  500] trn/loss 1.542e+00, trn/lr 1.636e-01, val/acc 5.610e-01, val/nll 1.572e+00
[2023-02-16 09:19:15] [Epoch   237/  500] trn/loss 1.540e+00, trn/lr 1.627e-01, val/acc 5.510e-01, val/nll 1.626e+00
[2023-02-16 09:19:18] [Epoch   238/  500] trn/loss 1.539e+00, trn/lr 1.618e-01, val/acc 5.517e-01, val/nll 1.603e+00
[2023-02-16 09:19:22] [Epoch   239/  500] trn/loss 1.527e+00, trn/lr 1.608e-01, val/acc 5.499e-01, val/nll 1.630e+00
[2023-02-16 09:19:25] [Epoch   240/  500] trn/loss 1.539e+00, trn/lr 1.599e-01, val/acc 5.738e-01, val/nll 1.529e+00 (best_acc: 5.696e-01 -> 5.738e-01, test_acc: 5.776e-01, test_nll: 1.514e+00)
[2023-02-16 09:19:29] [Epoch   241/  500] trn/loss 1.534e+00, trn/lr 1.590e-01, val/acc 5.583e-01, val/nll 1.594e+00
[2023-02-16 09:19:32] [Epoch   242/  500] trn/loss 1.533e+00, trn/lr 1.580e-01, val/acc 5.440e-01, val/nll 1.680e+00
[2023-02-16 09:19:35] [Epoch   243/  500] trn/loss 1.534e+00, trn/lr 1.571e-01, val/acc 5.402e-01, val/nll 1.679e+00
[2023-02-16 09:19:39] [Epoch   244/  500] trn/loss 1.533e+00, trn/lr 1.561e-01, val/acc 5.521e-01, val/nll 1.633e+00
[2023-02-16 09:19:42] [Epoch   245/  500] trn/loss 1.526e+00, trn/lr 1.552e-01, val/acc 5.229e-01, val/nll 1.818e+00
[2023-02-16 09:19:46] [Epoch   246/  500] trn/loss 1.525e+00, trn/lr 1.542e-01, val/acc 5.479e-01, val/nll 1.621e+00
[2023-02-16 09:19:49] [Epoch   247/  500] trn/loss 1.512e+00, trn/lr 1.533e-01, val/acc 5.569e-01, val/nll 1.605e+00
[2023-02-16 09:19:52] [Epoch   248/  500] trn/loss 1.525e+00, trn/lr 1.524e-01, val/acc 5.649e-01, val/nll 1.564e+00
[2023-02-16 09:19:56] [Epoch   249/  500] trn/loss 1.519e+00, trn/lr 1.514e-01, val/acc 5.521e-01, val/nll 1.621e+00
[2023-02-16 09:19:59] [Epoch   250/  500] trn/loss 1.515e+00, trn/lr 1.505e-01, val/acc 5.476e-01, val/nll 1.648e+00
[2023-02-16 09:20:03] [Epoch   251/  500] trn/loss 1.516e+00, trn/lr 1.495e-01, val/acc 5.649e-01, val/nll 1.608e+00
[2023-02-16 09:20:06] [Epoch   252/  500] trn/loss 1.510e+00, trn/lr 1.486e-01, val/acc 5.529e-01, val/nll 1.617e+00
[2023-02-16 09:20:09] [Epoch   253/  500] trn/loss 1.522e+00, trn/lr 1.476e-01, val/acc 5.482e-01, val/nll 1.619e+00
[2023-02-16 09:20:13] [Epoch   254/  500] trn/loss 1.508e+00, trn/lr 1.467e-01, val/acc 5.463e-01, val/nll 1.646e+00
[2023-02-16 09:20:17] [Epoch   255/  500] trn/loss 1.508e+00, trn/lr 1.458e-01, val/acc 5.806e-01, val/nll 1.503e+00 (best_acc: 5.738e-01 -> 5.806e-01, test_acc: 5.819e-01, test_nll: 1.503e+00)
[2023-02-16 09:20:20] [Epoch   256/  500] trn/loss 1.496e+00, trn/lr 1.448e-01, val/acc 5.405e-01, val/nll 1.666e+00
[2023-02-16 09:20:23] [Epoch   257/  500] trn/loss 1.506e+00, trn/lr 1.439e-01, val/acc 5.680e-01, val/nll 1.572e+00
[2023-02-16 09:20:27] [Epoch   258/  500] trn/loss 1.497e+00, trn/lr 1.429e-01, val/acc 5.348e-01, val/nll 1.719e+00
[2023-02-16 09:20:30] [Epoch   259/  500] trn/loss 1.504e+00, trn/lr 1.420e-01, val/acc 5.539e-01, val/nll 1.594e+00
[2023-02-16 09:20:34] [Epoch   260/  500] trn/loss 1.503e+00, trn/lr 1.411e-01, val/acc 5.644e-01, val/nll 1.586e+00
[2023-02-16 09:20:37] [Epoch   261/  500] trn/loss 1.490e+00, trn/lr 1.401e-01, val/acc 5.519e-01, val/nll 1.635e+00
[2023-02-16 09:20:41] [Epoch   262/  500] trn/loss 1.498e+00, trn/lr 1.392e-01, val/acc 5.563e-01, val/nll 1.611e+00
[2023-02-16 09:20:44] [Epoch   263/  500] trn/loss 1.491e+00, trn/lr 1.382e-01, val/acc 5.696e-01, val/nll 1.551e+00
[2023-02-16 09:20:47] [Epoch   264/  500] trn/loss 1.484e+00, trn/lr 1.373e-01, val/acc 5.635e-01, val/nll 1.580e+00
[2023-02-16 09:20:51] [Epoch   265/  500] trn/loss 1.487e+00, trn/lr 1.364e-01, val/acc 5.618e-01, val/nll 1.601e+00
[2023-02-16 09:20:54] [Epoch   266/  500] trn/loss 1.488e+00, trn/lr 1.354e-01, val/acc 5.618e-01, val/nll 1.594e+00
[2023-02-16 09:20:58] [Epoch   267/  500] trn/loss 1.486e+00, trn/lr 1.345e-01, val/acc 5.397e-01, val/nll 1.653e+00
[2023-02-16 09:21:01] [Epoch   268/  500] trn/loss 1.471e+00, trn/lr 1.335e-01, val/acc 5.667e-01, val/nll 1.567e+00
[2023-02-16 09:21:04] [Epoch   269/  500] trn/loss 1.464e+00, trn/lr 1.326e-01, val/acc 5.531e-01, val/nll 1.619e+00
[2023-02-16 09:21:08] [Epoch   270/  500] trn/loss 1.476e+00, trn/lr 1.317e-01, val/acc 5.707e-01, val/nll 1.566e+00
[2023-02-16 09:21:11] [Epoch   271/  500] trn/loss 1.470e+00, trn/lr 1.307e-01, val/acc 5.725e-01, val/nll 1.529e+00
[2023-02-16 09:21:15] [Epoch   272/  500] trn/loss 1.460e+00, trn/lr 1.298e-01, val/acc 5.821e-01, val/nll 1.532e+00 (best_acc: 5.806e-01 -> 5.821e-01, test_acc: 5.763e-01, test_nll: 1.527e+00)
[2023-02-16 09:21:18] [Epoch   273/  500] trn/loss 1.463e+00, trn/lr 1.289e-01, val/acc 5.596e-01, val/nll 1.588e+00
[2023-02-16 09:21:22] [Epoch   274/  500] trn/loss 1.467e+00, trn/lr 1.279e-01, val/acc 5.812e-01, val/nll 1.496e+00
[2023-02-16 09:21:25] [Epoch   275/  500] trn/loss 1.459e+00, trn/lr 1.270e-01, val/acc 5.723e-01, val/nll 1.576e+00
[2023-02-16 09:21:29] [Epoch   276/  500] trn/loss 1.461e+00, trn/lr 1.261e-01, val/acc 5.690e-01, val/nll 1.567e+00
[2023-02-16 09:21:32] [Epoch   277/  500] trn/loss 1.453e+00, trn/lr 1.251e-01, val/acc 5.597e-01, val/nll 1.592e+00
[2023-02-16 09:21:35] [Epoch   278/  500] trn/loss 1.458e+00, trn/lr 1.242e-01, val/acc 5.775e-01, val/nll 1.507e+00
[2023-02-16 09:21:39] [Epoch   279/  500] trn/loss 1.444e+00, trn/lr 1.233e-01, val/acc 5.728e-01, val/nll 1.548e+00
[2023-02-16 09:21:42] [Epoch   280/  500] trn/loss 1.443e+00, trn/lr 1.224e-01, val/acc 5.677e-01, val/nll 1.549e+00
[2023-02-16 09:21:46] [Epoch   281/  500] trn/loss 1.450e+00, trn/lr 1.214e-01, val/acc 5.666e-01, val/nll 1.575e+00
[2023-02-16 09:21:49] [Epoch   282/  500] trn/loss 1.443e+00, trn/lr 1.205e-01, val/acc 5.773e-01, val/nll 1.533e+00
[2023-02-16 09:21:53] [Epoch   283/  500] trn/loss 1.436e+00, trn/lr 1.196e-01, val/acc 5.753e-01, val/nll 1.546e+00
[2023-02-16 09:21:56] [Epoch   284/  500] trn/loss 1.449e+00, trn/lr 1.187e-01, val/acc 5.479e-01, val/nll 1.663e+00
[2023-02-16 09:22:00] [Epoch   285/  500] trn/loss 1.438e+00, trn/lr 1.177e-01, val/acc 5.867e-01, val/nll 1.486e+00 (best_acc: 5.821e-01 -> 5.867e-01, test_acc: 5.924e-01, test_nll: 1.461e+00)
[2023-02-16 09:22:03] [Epoch   286/  500] trn/loss 1.426e+00, trn/lr 1.168e-01, val/acc 5.656e-01, val/nll 1.577e+00
[2023-02-16 09:22:06] [Epoch   287/  500] trn/loss 1.436e+00, trn/lr 1.159e-01, val/acc 5.513e-01, val/nll 1.613e+00
[2023-02-16 09:22:10] [Epoch   288/  500] trn/loss 1.433e+00, trn/lr 1.150e-01, val/acc 5.628e-01, val/nll 1.596e+00
[2023-02-16 09:22:13] [Epoch   289/  500] trn/loss 1.421e+00, trn/lr 1.141e-01, val/acc 5.556e-01, val/nll 1.654e+00
[2023-02-16 09:22:17] [Epoch   290/  500] trn/loss 1.426e+00, trn/lr 1.132e-01, val/acc 5.778e-01, val/nll 1.548e+00
[2023-02-16 09:22:20] [Epoch   291/  500] trn/loss 1.420e+00, trn/lr 1.122e-01, val/acc 5.826e-01, val/nll 1.496e+00
[2023-02-16 09:22:23] [Epoch   292/  500] trn/loss 1.423e+00, trn/lr 1.113e-01, val/acc 5.785e-01, val/nll 1.534e+00
[2023-02-16 09:22:27] [Epoch   293/  500] trn/loss 1.427e+00, trn/lr 1.104e-01, val/acc 5.704e-01, val/nll 1.585e+00
[2023-02-16 09:22:30] [Epoch   294/  500] trn/loss 1.415e+00, trn/lr 1.095e-01, val/acc 5.744e-01, val/nll 1.537e+00
[2023-02-16 09:22:34] [Epoch   295/  500] trn/loss 1.410e+00, trn/lr 1.086e-01, val/acc 5.838e-01, val/nll 1.505e+00
[2023-02-16 09:22:37] [Epoch   296/  500] trn/loss 1.404e+00, trn/lr 1.077e-01, val/acc 5.933e-01, val/nll 1.463e+00 (best_acc: 5.867e-01 -> 5.933e-01, test_acc: 5.950e-01, test_nll: 1.454e+00)
[2023-02-16 09:22:41] [Epoch   297/  500] trn/loss 1.415e+00, trn/lr 1.068e-01, val/acc 5.572e-01, val/nll 1.638e+00
[2023-02-16 09:22:44] [Epoch   298/  500] trn/loss 1.404e+00, trn/lr 1.059e-01, val/acc 5.850e-01, val/nll 1.469e+00
[2023-02-16 09:22:48] [Epoch   299/  500] trn/loss 1.389e+00, trn/lr 1.050e-01, val/acc 5.719e-01, val/nll 1.562e+00
[2023-02-16 09:22:51] [Epoch   300/  500] trn/loss 1.410e+00, trn/lr 1.041e-01, val/acc 5.898e-01, val/nll 1.464e+00
[2023-02-16 09:22:55] [Epoch   301/  500] trn/loss 1.407e+00, trn/lr 1.032e-01, val/acc 5.781e-01, val/nll 1.520e+00
[2023-02-16 09:22:58] [Epoch   302/  500] trn/loss 1.388e+00, trn/lr 1.023e-01, val/acc 5.875e-01, val/nll 1.487e+00
[2023-02-16 09:23:01] [Epoch   303/  500] trn/loss 1.386e+00, trn/lr 1.014e-01, val/acc 5.777e-01, val/nll 1.520e+00
[2023-02-16 09:23:05] [Epoch   304/  500] trn/loss 1.393e+00, trn/lr 1.005e-01, val/acc 5.970e-01, val/nll 1.424e+00 (best_acc: 5.933e-01 -> 5.970e-01, test_acc: 6.002e-01, test_nll: 1.424e+00)
[2023-02-16 09:23:08] [Epoch   305/  500] trn/loss 1.385e+00, trn/lr 9.964e-02, val/acc 5.833e-01, val/nll 1.487e+00
[2023-02-16 09:23:12] [Epoch   306/  500] trn/loss 1.388e+00, trn/lr 9.875e-02, val/acc 5.874e-01, val/nll 1.497e+00
[2023-02-16 09:23:15] [Epoch   307/  500] trn/loss 1.390e+00, trn/lr 9.786e-02, val/acc 5.988e-01, val/nll 1.435e+00 (best_acc: 5.970e-01 -> 5.988e-01, test_acc: 6.008e-01, test_nll: 1.415e+00)
[2023-02-16 09:23:19] [Epoch   308/  500] trn/loss 1.384e+00, trn/lr 9.698e-02, val/acc 5.671e-01, val/nll 1.585e+00
[2023-02-16 09:23:22] [Epoch   309/  500] trn/loss 1.376e+00, trn/lr 9.610e-02, val/acc 5.814e-01, val/nll 1.486e+00
[2023-02-16 09:23:26] [Epoch   310/  500] trn/loss 1.376e+00, trn/lr 9.522e-02, val/acc 5.873e-01, val/nll 1.504e+00
[2023-02-16 09:23:29] [Epoch   311/  500] trn/loss 1.372e+00, trn/lr 9.435e-02, val/acc 5.809e-01, val/nll 1.521e+00
[2023-02-16 09:23:33] [Epoch   312/  500] trn/loss 1.373e+00, trn/lr 9.347e-02, val/acc 5.771e-01, val/nll 1.515e+00
[2023-02-16 09:23:36] [Epoch   313/  500] trn/loss 1.368e+00, trn/lr 9.260e-02, val/acc 5.910e-01, val/nll 1.453e+00
[2023-02-16 09:23:39] [Epoch   314/  500] trn/loss 1.355e+00, trn/lr 9.173e-02, val/acc 5.902e-01, val/nll 1.467e+00
[2023-02-16 09:23:43] [Epoch   315/  500] trn/loss 1.358e+00, trn/lr 9.086e-02, val/acc 5.847e-01, val/nll 1.518e+00
[2023-02-16 09:23:46] [Epoch   316/  500] trn/loss 1.363e+00, trn/lr 9.000e-02, val/acc 5.969e-01, val/nll 1.446e+00
[2023-02-16 09:23:50] [Epoch   317/  500] trn/loss 1.359e+00, trn/lr 8.914e-02, val/acc 5.873e-01, val/nll 1.481e+00
[2023-02-16 09:23:53] [Epoch   318/  500] trn/loss 1.350e+00, trn/lr 8.828e-02, val/acc 5.834e-01, val/nll 1.538e+00
[2023-02-16 09:23:56] [Epoch   319/  500] trn/loss 1.343e+00, trn/lr 8.742e-02, val/acc 5.917e-01, val/nll 1.479e+00
[2023-02-16 09:24:00] [Epoch   320/  500] trn/loss 1.337e+00, trn/lr 8.656e-02, val/acc 5.931e-01, val/nll 1.454e+00
[2023-02-16 09:24:03] [Epoch   321/  500] trn/loss 1.345e+00, trn/lr 8.571e-02, val/acc 5.893e-01, val/nll 1.497e+00
[2023-02-16 09:24:07] [Epoch   322/  500] trn/loss 1.347e+00, trn/lr 8.486e-02, val/acc 5.965e-01, val/nll 1.470e+00
[2023-02-16 09:24:10] [Epoch   323/  500] trn/loss 1.327e+00, trn/lr 8.401e-02, val/acc 5.886e-01, val/nll 1.486e+00
[2023-02-16 09:24:14] [Epoch   324/  500] trn/loss 1.337e+00, trn/lr 8.317e-02, val/acc 6.045e-01, val/nll 1.407e+00 (best_acc: 5.988e-01 -> 6.045e-01, test_acc: 6.089e-01, test_nll: 1.405e+00)
[2023-02-16 09:24:17] [Epoch   325/  500] trn/loss 1.329e+00, trn/lr 8.232e-02, val/acc 5.967e-01, val/nll 1.439e+00
[2023-02-16 09:24:21] [Epoch   326/  500] trn/loss 1.323e+00, trn/lr 8.148e-02, val/acc 5.832e-01, val/nll 1.521e+00
[2023-02-16 09:24:24] [Epoch   327/  500] trn/loss 1.321e+00, trn/lr 8.065e-02, val/acc 5.866e-01, val/nll 1.509e+00
[2023-02-16 09:24:27] [Epoch   328/  500] trn/loss 1.325e+00, trn/lr 7.981e-02, val/acc 5.850e-01, val/nll 1.505e+00
[2023-02-16 09:24:31] [Epoch   329/  500] trn/loss 1.323e+00, trn/lr 7.898e-02, val/acc 6.105e-01, val/nll 1.417e+00 (best_acc: 6.045e-01 -> 6.105e-01, test_acc: 6.044e-01, test_nll: 1.417e+00)
[2023-02-16 09:24:35] [Epoch   330/  500] trn/loss 1.315e+00, trn/lr 7.815e-02, val/acc 6.181e-01, val/nll 1.365e+00 (best_acc: 6.105e-01 -> 6.181e-01, test_acc: 6.162e-01, test_nll: 1.356e+00)
[2023-02-16 09:24:38] [Epoch   331/  500] trn/loss 1.321e+00, trn/lr 7.733e-02, val/acc 6.102e-01, val/nll 1.378e+00
[2023-02-16 09:24:42] [Epoch   332/  500] trn/loss 1.311e+00, trn/lr 7.650e-02, val/acc 5.862e-01, val/nll 1.504e+00
[2023-02-16 09:24:45] [Epoch   333/  500] trn/loss 1.310e+00, trn/lr 7.568e-02, val/acc 6.061e-01, val/nll 1.422e+00
[2023-02-16 09:24:48] [Epoch   334/  500] trn/loss 1.311e+00, trn/lr 7.487e-02, val/acc 5.960e-01, val/nll 1.449e+00
[2023-02-16 09:24:52] [Epoch   335/  500] trn/loss 1.310e+00, trn/lr 7.405e-02, val/acc 6.061e-01, val/nll 1.424e+00
[2023-02-16 09:24:55] [Epoch   336/  500] trn/loss 1.286e+00, trn/lr 7.324e-02, val/acc 6.003e-01, val/nll 1.434e+00
[2023-02-16 09:24:59] [Epoch   337/  500] trn/loss 1.297e+00, trn/lr 7.243e-02, val/acc 6.158e-01, val/nll 1.379e+00
[2023-02-16 09:25:02] [Epoch   338/  500] trn/loss 1.285e+00, trn/lr 7.163e-02, val/acc 6.080e-01, val/nll 1.395e+00
[2023-02-16 09:25:06] [Epoch   339/  500] trn/loss 1.285e+00, trn/lr 7.083e-02, val/acc 6.067e-01, val/nll 1.420e+00
[2023-02-16 09:25:09] [Epoch   340/  500] trn/loss 1.284e+00, trn/lr 7.003e-02, val/acc 6.165e-01, val/nll 1.381e+00
[2023-02-16 09:25:12] [Epoch   341/  500] trn/loss 1.289e+00, trn/lr 6.923e-02, val/acc 6.092e-01, val/nll 1.396e+00
[2023-02-16 09:25:16] [Epoch   342/  500] trn/loss 1.284e+00, trn/lr 6.844e-02, val/acc 6.004e-01, val/nll 1.441e+00
[2023-02-16 09:25:19] [Epoch   343/  500] trn/loss 1.281e+00, trn/lr 6.765e-02, val/acc 6.035e-01, val/nll 1.420e+00
[2023-02-16 09:25:23] [Epoch   344/  500] trn/loss 1.276e+00, trn/lr 6.686e-02, val/acc 5.957e-01, val/nll 1.439e+00
[2023-02-16 09:25:26] [Epoch   345/  500] trn/loss 1.272e+00, trn/lr 6.608e-02, val/acc 5.921e-01, val/nll 1.478e+00
[2023-02-16 09:25:30] [Epoch   346/  500] trn/loss 1.275e+00, trn/lr 6.530e-02, val/acc 6.241e-01, val/nll 1.357e+00 (best_acc: 6.181e-01 -> 6.241e-01, test_acc: 6.188e-01, test_nll: 1.359e+00)
[2023-02-16 09:25:33] [Epoch   347/  500] trn/loss 1.264e+00, trn/lr 6.452e-02, val/acc 6.212e-01, val/nll 1.357e+00
[2023-02-16 09:25:37] [Epoch   348/  500] trn/loss 1.254e+00, trn/lr 6.375e-02, val/acc 6.070e-01, val/nll 1.475e+00
[2023-02-16 09:25:40] [Epoch   349/  500] trn/loss 1.259e+00, trn/lr 6.298e-02, val/acc 6.121e-01, val/nll 1.398e+00
[2023-02-16 09:25:43] [Epoch   350/  500] trn/loss 1.257e+00, trn/lr 6.222e-02, val/acc 6.093e-01, val/nll 1.410e+00
[2023-02-16 09:25:47] [Epoch   351/  500] trn/loss 1.260e+00, trn/lr 6.145e-02, val/acc 6.183e-01, val/nll 1.373e+00
[2023-02-16 09:25:50] [Epoch   352/  500] trn/loss 1.255e+00, trn/lr 6.069e-02, val/acc 6.191e-01, val/nll 1.357e+00
[2023-02-16 09:25:54] [Epoch   353/  500] trn/loss 1.247e+00, trn/lr 5.994e-02, val/acc 6.014e-01, val/nll 1.421e+00
[2023-02-16 09:25:57] [Epoch   354/  500] trn/loss 1.238e+00, trn/lr 5.919e-02, val/acc 6.150e-01, val/nll 1.382e+00
[2023-02-16 09:26:00] [Epoch   355/  500] trn/loss 1.245e+00, trn/lr 5.844e-02, val/acc 6.237e-01, val/nll 1.345e+00
[2023-02-16 09:26:04] [Epoch   356/  500] trn/loss 1.240e+00, trn/lr 5.769e-02, val/acc 6.187e-01, val/nll 1.372e+00
[2023-02-16 09:26:07] [Epoch   357/  500] trn/loss 1.237e+00, trn/lr 5.695e-02, val/acc 6.104e-01, val/nll 1.424e+00
[2023-02-16 09:26:11] [Epoch   358/  500] trn/loss 1.230e+00, trn/lr 5.622e-02, val/acc 6.177e-01, val/nll 1.392e+00
[2023-02-16 09:26:14] [Epoch   359/  500] trn/loss 1.229e+00, trn/lr 5.548e-02, val/acc 6.126e-01, val/nll 1.393e+00
[2023-02-16 09:26:18] [Epoch   360/  500] trn/loss 1.223e+00, trn/lr 5.475e-02, val/acc 6.115e-01, val/nll 1.387e+00
[2023-02-16 09:26:21] [Epoch   361/  500] trn/loss 1.222e+00, trn/lr 5.403e-02, val/acc 6.160e-01, val/nll 1.362e+00
[2023-02-16 09:26:25] [Epoch   362/  500] trn/loss 1.211e+00, trn/lr 5.330e-02, val/acc 6.261e-01, val/nll 1.324e+00 (best_acc: 6.241e-01 -> 6.261e-01, test_acc: 6.351e-01, test_nll: 1.315e+00)
[2023-02-16 09:26:28] [Epoch   363/  500] trn/loss 1.219e+00, trn/lr 5.259e-02, val/acc 6.173e-01, val/nll 1.379e+00
[2023-02-16 09:26:31] [Epoch   364/  500] trn/loss 1.213e+00, trn/lr 5.187e-02, val/acc 6.190e-01, val/nll 1.359e+00
[2023-02-16 09:26:35] [Epoch   365/  500] trn/loss 1.203e+00, trn/lr 5.116e-02, val/acc 6.253e-01, val/nll 1.335e+00
[2023-02-16 09:26:38] [Epoch   366/  500] trn/loss 1.202e+00, trn/lr 5.045e-02, val/acc 6.237e-01, val/nll 1.355e+00
[2023-02-16 09:26:42] [Epoch   367/  500] trn/loss 1.203e+00, trn/lr 4.975e-02, val/acc 6.201e-01, val/nll 1.372e+00
[2023-02-16 09:26:45] [Epoch   368/  500] trn/loss 1.196e+00, trn/lr 4.905e-02, val/acc 6.305e-01, val/nll 1.308e+00 (best_acc: 6.261e-01 -> 6.305e-01, test_acc: 6.297e-01, test_nll: 1.311e+00)
[2023-02-16 09:26:49] [Epoch   369/  500] trn/loss 1.197e+00, trn/lr 4.836e-02, val/acc 6.098e-01, val/nll 1.404e+00
[2023-02-16 09:26:52] [Epoch   370/  500] trn/loss 1.192e+00, trn/lr 4.766e-02, val/acc 6.159e-01, val/nll 1.370e+00
[2023-02-16 09:26:56] [Epoch   371/  500] trn/loss 1.187e+00, trn/lr 4.698e-02, val/acc 6.209e-01, val/nll 1.357e+00
[2023-02-16 09:26:59] [Epoch   372/  500] trn/loss 1.180e+00, trn/lr 4.629e-02, val/acc 6.293e-01, val/nll 1.345e+00
[2023-02-16 09:27:02] [Epoch   373/  500] trn/loss 1.183e+00, trn/lr 4.562e-02, val/acc 6.252e-01, val/nll 1.345e+00
[2023-02-16 09:27:06] [Epoch   374/  500] trn/loss 1.174e+00, trn/lr 4.494e-02, val/acc 6.310e-01, val/nll 1.329e+00 (best_acc: 6.305e-01 -> 6.310e-01, test_acc: 6.287e-01, test_nll: 1.321e+00)
[2023-02-16 09:27:10] [Epoch   375/  500] trn/loss 1.175e+00, trn/lr 4.427e-02, val/acc 6.317e-01, val/nll 1.322e+00 (best_acc: 6.310e-01 -> 6.317e-01, test_acc: 6.296e-01, test_nll: 1.320e+00)
[2023-02-16 09:27:13] [Epoch   376/  500] trn/loss 1.167e+00, trn/lr 4.360e-02, val/acc 6.227e-01, val/nll 1.351e+00
[2023-02-16 09:27:17] [Epoch   377/  500] trn/loss 1.166e+00, trn/lr 4.294e-02, val/acc 6.374e-01, val/nll 1.288e+00 (best_acc: 6.317e-01 -> 6.374e-01, test_acc: 6.317e-01, test_nll: 1.303e+00)
[2023-02-16 09:27:20] [Epoch   378/  500] trn/loss 1.163e+00, trn/lr 4.228e-02, val/acc 6.336e-01, val/nll 1.327e+00
[2023-02-16 09:27:24] [Epoch   379/  500] trn/loss 1.166e+00, trn/lr 4.163e-02, val/acc 6.383e-01, val/nll 1.281e+00 (best_acc: 6.374e-01 -> 6.383e-01, test_acc: 6.342e-01, test_nll: 1.278e+00)
[2023-02-16 09:27:27] [Epoch   380/  500] trn/loss 1.150e+00, trn/lr 4.098e-02, val/acc 6.348e-01, val/nll 1.315e+00
[2023-02-16 09:27:31] [Epoch   381/  500] trn/loss 1.151e+00, trn/lr 4.033e-02, val/acc 6.319e-01, val/nll 1.304e+00
[2023-02-16 09:27:34] [Epoch   382/  500] trn/loss 1.148e+00, trn/lr 3.969e-02, val/acc 6.419e-01, val/nll 1.271e+00 (best_acc: 6.383e-01 -> 6.419e-01, test_acc: 6.423e-01, test_nll: 1.274e+00)
[2023-02-16 09:27:38] [Epoch   383/  500] trn/loss 1.141e+00, trn/lr 3.906e-02, val/acc 6.317e-01, val/nll 1.307e+00
[2023-02-16 09:27:41] [Epoch   384/  500] trn/loss 1.137e+00, trn/lr 3.843e-02, val/acc 6.413e-01, val/nll 1.303e+00
[2023-02-16 09:27:44] [Epoch   385/  500] trn/loss 1.138e+00, trn/lr 3.780e-02, val/acc 6.334e-01, val/nll 1.318e+00
[2023-02-16 09:27:48] [Epoch   386/  500] trn/loss 1.128e+00, trn/lr 3.717e-02, val/acc 6.319e-01, val/nll 1.290e+00
[2023-02-16 09:27:51] [Epoch   387/  500] trn/loss 1.134e+00, trn/lr 3.656e-02, val/acc 6.395e-01, val/nll 1.295e+00
[2023-02-16 09:27:55] [Epoch   388/  500] trn/loss 1.130e+00, trn/lr 3.594e-02, val/acc 6.423e-01, val/nll 1.276e+00 (best_acc: 6.419e-01 -> 6.423e-01, test_acc: 6.421e-01, test_nll: 1.276e+00)
[2023-02-16 09:27:59] [Epoch   389/  500] trn/loss 1.126e+00, trn/lr 3.533e-02, val/acc 6.319e-01, val/nll 1.319e+00
[2023-02-16 09:28:02] [Epoch   390/  500] trn/loss 1.125e+00, trn/lr 3.473e-02, val/acc 6.379e-01, val/nll 1.299e+00
[2023-02-16 09:28:05] [Epoch   391/  500] trn/loss 1.118e+00, trn/lr 3.413e-02, val/acc 6.371e-01, val/nll 1.280e+00
[2023-02-16 09:28:09] [Epoch   392/  500] trn/loss 1.114e+00, trn/lr 3.353e-02, val/acc 6.385e-01, val/nll 1.290e+00
[2023-02-16 09:28:12] [Epoch   393/  500] trn/loss 1.113e+00, trn/lr 3.294e-02, val/acc 6.433e-01, val/nll 1.279e+00 (best_acc: 6.423e-01 -> 6.433e-01, test_acc: 6.440e-01, test_nll: 1.266e+00)
[2023-02-16 09:28:16] [Epoch   394/  500] trn/loss 1.108e+00, trn/lr 3.235e-02, val/acc 6.347e-01, val/nll 1.324e+00
[2023-02-16 09:28:19] [Epoch   395/  500] trn/loss 1.092e+00, trn/lr 3.177e-02, val/acc 6.433e-01, val/nll 1.274e+00
[2023-02-16 09:28:23] [Epoch   396/  500] trn/loss 1.095e+00, trn/lr 3.119e-02, val/acc 6.502e-01, val/nll 1.252e+00 (best_acc: 6.433e-01 -> 6.502e-01, test_acc: 6.494e-01, test_nll: 1.243e+00)
[2023-02-16 09:28:26] [Epoch   397/  500] trn/loss 1.090e+00, trn/lr 3.062e-02, val/acc 6.481e-01, val/nll 1.247e+00
[2023-02-16 09:28:30] [Epoch   398/  500] trn/loss 1.091e+00, trn/lr 3.005e-02, val/acc 6.434e-01, val/nll 1.261e+00
[2023-02-16 09:28:33] [Epoch   399/  500] trn/loss 1.088e+00, trn/lr 2.949e-02, val/acc 6.490e-01, val/nll 1.252e+00
[2023-02-16 09:28:37] [Epoch   400/  500] trn/loss 1.080e+00, trn/lr 2.893e-02, val/acc 6.333e-01, val/nll 1.313e+00
[2023-02-16 09:28:40] [Epoch   401/  500] trn/loss 1.077e+00, trn/lr 2.837e-02, val/acc 6.415e-01, val/nll 1.275e+00
[2023-02-16 09:28:44] [Epoch   402/  500] trn/loss 1.080e+00, trn/lr 2.782e-02, val/acc 6.517e-01, val/nll 1.233e+00 (best_acc: 6.502e-01 -> 6.517e-01, test_acc: 6.553e-01, test_nll: 1.239e+00)
[2023-02-16 09:28:47] [Epoch   403/  500] trn/loss 1.071e+00, trn/lr 2.728e-02, val/acc 6.475e-01, val/nll 1.256e+00
[2023-02-16 09:28:50] [Epoch   404/  500] trn/loss 1.068e+00, trn/lr 2.674e-02, val/acc 6.448e-01, val/nll 1.265e+00
[2023-02-16 09:28:54] [Epoch   405/  500] trn/loss 1.064e+00, trn/lr 2.621e-02, val/acc 6.430e-01, val/nll 1.269e+00
[2023-02-16 09:28:57] [Epoch   406/  500] trn/loss 1.056e+00, trn/lr 2.568e-02, val/acc 6.483e-01, val/nll 1.252e+00
[2023-02-16 09:29:01] [Epoch   407/  500] trn/loss 1.059e+00, trn/lr 2.515e-02, val/acc 6.448e-01, val/nll 1.259e+00
[2023-02-16 09:29:04] [Epoch   408/  500] trn/loss 1.053e+00, trn/lr 2.463e-02, val/acc 6.479e-01, val/nll 1.256e+00
[2023-02-16 09:29:07] [Epoch   409/  500] trn/loss 1.051e+00, trn/lr 2.412e-02, val/acc 6.410e-01, val/nll 1.286e+00
[2023-02-16 09:29:11] [Epoch   410/  500] trn/loss 1.045e+00, trn/lr 2.361e-02, val/acc 6.520e-01, val/nll 1.229e+00 (best_acc: 6.517e-01 -> 6.520e-01, test_acc: 6.565e-01, test_nll: 1.221e+00)
[2023-02-16 09:29:14] [Epoch   411/  500] trn/loss 1.047e+00, trn/lr 2.310e-02, val/acc 6.496e-01, val/nll 1.264e+00
[2023-02-16 09:29:18] [Epoch   412/  500] trn/loss 1.035e+00, trn/lr 2.260e-02, val/acc 6.576e-01, val/nll 1.225e+00 (best_acc: 6.520e-01 -> 6.576e-01, test_acc: 6.578e-01, test_nll: 1.215e+00)
[2023-02-16 09:29:22] [Epoch   413/  500] trn/loss 1.031e+00, trn/lr 2.211e-02, val/acc 6.527e-01, val/nll 1.227e+00
[2023-02-16 09:29:25] [Epoch   414/  500] trn/loss 1.028e+00, trn/lr 2.162e-02, val/acc 6.506e-01, val/nll 1.246e+00
[2023-02-16 09:29:28] [Epoch   415/  500] trn/loss 1.017e+00, trn/lr 2.113e-02, val/acc 6.555e-01, val/nll 1.229e+00
[2023-02-16 09:29:32] [Epoch   416/  500] trn/loss 1.026e+00, trn/lr 2.065e-02, val/acc 6.634e-01, val/nll 1.198e+00 (best_acc: 6.576e-01 -> 6.634e-01, test_acc: 6.629e-01, test_nll: 1.201e+00)
[2023-02-16 09:29:35] [Epoch   417/  500] trn/loss 1.014e+00, trn/lr 2.018e-02, val/acc 6.554e-01, val/nll 1.231e+00
[2023-02-16 09:29:39] [Epoch   418/  500] trn/loss 1.017e+00, trn/lr 1.971e-02, val/acc 6.563e-01, val/nll 1.225e+00
[2023-02-16 09:29:42] [Epoch   419/  500] trn/loss 1.012e+00, trn/lr 1.924e-02, val/acc 6.490e-01, val/nll 1.239e+00
[2023-02-16 09:29:46] [Epoch   420/  500] trn/loss 1.002e+00, trn/lr 1.878e-02, val/acc 6.554e-01, val/nll 1.218e+00
[2023-02-16 09:29:49] [Epoch   421/  500] trn/loss 9.986e-01, trn/lr 1.833e-02, val/acc 6.537e-01, val/nll 1.237e+00
[2023-02-16 09:29:53] [Epoch   422/  500] trn/loss 9.930e-01, trn/lr 1.788e-02, val/acc 6.615e-01, val/nll 1.213e+00
[2023-02-16 09:29:56] [Epoch   423/  500] trn/loss 9.879e-01, trn/lr 1.744e-02, val/acc 6.555e-01, val/nll 1.209e+00
[2023-02-16 09:29:59] [Epoch   424/  500] trn/loss 9.856e-01, trn/lr 1.700e-02, val/acc 6.572e-01, val/nll 1.220e+00
[2023-02-16 09:30:03] [Epoch   425/  500] trn/loss 9.679e-01, trn/lr 1.657e-02, val/acc 6.663e-01, val/nll 1.195e+00 (best_acc: 6.634e-01 -> 6.663e-01, test_acc: 6.658e-01, test_nll: 1.177e+00)
[2023-02-16 09:30:06] [Epoch   426/  500] trn/loss 9.770e-01, trn/lr 1.614e-02, val/acc 6.616e-01, val/nll 1.193e+00
[2023-02-16 09:30:10] [Epoch   427/  500] trn/loss 9.731e-01, trn/lr 1.571e-02, val/acc 6.559e-01, val/nll 1.211e+00
[2023-02-16 09:30:13] [Epoch   428/  500] trn/loss 9.694e-01, trn/lr 1.530e-02, val/acc 6.649e-01, val/nll 1.199e+00
[2023-02-16 09:30:17] [Epoch   429/  500] trn/loss 9.678e-01, trn/lr 1.489e-02, val/acc 6.571e-01, val/nll 1.217e+00
[2023-02-16 09:30:20] [Epoch   430/  500] trn/loss 9.612e-01, trn/lr 1.448e-02, val/acc 6.626e-01, val/nll 1.211e+00
[2023-02-16 09:30:24] [Epoch   431/  500] trn/loss 9.584e-01, trn/lr 1.408e-02, val/acc 6.633e-01, val/nll 1.185e+00
[2023-02-16 09:30:27] [Epoch   432/  500] trn/loss 9.548e-01, trn/lr 1.368e-02, val/acc 6.611e-01, val/nll 1.198e+00
[2023-02-16 09:30:31] [Epoch   433/  500] trn/loss 9.510e-01, trn/lr 1.329e-02, val/acc 6.698e-01, val/nll 1.175e+00 (best_acc: 6.663e-01 -> 6.698e-01, test_acc: 6.740e-01, test_nll: 1.160e+00)
[2023-02-16 09:30:34] [Epoch   434/  500] trn/loss 9.447e-01, trn/lr 1.291e-02, val/acc 6.660e-01, val/nll 1.195e+00
[2023-02-16 09:30:37] [Epoch   435/  500] trn/loss 9.451e-01, trn/lr 1.253e-02, val/acc 6.673e-01, val/nll 1.190e+00
[2023-02-16 09:30:41] [Epoch   436/  500] trn/loss 9.412e-01, trn/lr 1.215e-02, val/acc 6.664e-01, val/nll 1.184e+00
[2023-02-16 09:30:45] [Epoch   437/  500] trn/loss 9.314e-01, trn/lr 1.178e-02, val/acc 6.706e-01, val/nll 1.177e+00 (best_acc: 6.698e-01 -> 6.706e-01, test_acc: 6.703e-01, test_nll: 1.169e+00)
[2023-02-16 09:30:48] [Epoch   438/  500] trn/loss 9.257e-01, trn/lr 1.142e-02, val/acc 6.675e-01, val/nll 1.185e+00
[2023-02-16 09:30:51] [Epoch   439/  500] trn/loss 9.255e-01, trn/lr 1.106e-02, val/acc 6.698e-01, val/nll 1.173e+00
[2023-02-16 09:30:55] [Epoch   440/  500] trn/loss 9.230e-01, trn/lr 1.071e-02, val/acc 6.725e-01, val/nll 1.158e+00 (best_acc: 6.706e-01 -> 6.725e-01, test_acc: 6.733e-01, test_nll: 1.150e+00)
[2023-02-16 09:30:58] [Epoch   441/  500] trn/loss 9.168e-01, trn/lr 1.036e-02, val/acc 6.715e-01, val/nll 1.169e+00
[2023-02-16 09:31:02] [Epoch   442/  500] trn/loss 9.119e-01, trn/lr 1.002e-02, val/acc 6.710e-01, val/nll 1.163e+00
[2023-02-16 09:31:05] [Epoch   443/  500] trn/loss 9.053e-01, trn/lr 9.685e-03, val/acc 6.702e-01, val/nll 1.165e+00
[2023-02-16 09:31:09] [Epoch   444/  500] trn/loss 9.038e-01, trn/lr 9.354e-03, val/acc 6.761e-01, val/nll 1.160e+00 (best_acc: 6.725e-01 -> 6.761e-01, test_acc: 6.781e-01, test_nll: 1.163e+00)
[2023-02-16 09:31:12] [Epoch   445/  500] trn/loss 9.055e-01, trn/lr 9.029e-03, val/acc 6.684e-01, val/nll 1.178e+00
[2023-02-16 09:31:16] [Epoch   446/  500] trn/loss 8.949e-01, trn/lr 8.710e-03, val/acc 6.666e-01, val/nll 1.179e+00
[2023-02-16 09:31:19] [Epoch   447/  500] trn/loss 8.904e-01, trn/lr 8.396e-03, val/acc 6.738e-01, val/nll 1.165e+00
[2023-02-16 09:31:23] [Epoch   448/  500] trn/loss 8.897e-01, trn/lr 8.088e-03, val/acc 6.740e-01, val/nll 1.154e+00
[2023-02-16 09:31:26] [Epoch   449/  500] trn/loss 8.832e-01, trn/lr 7.786e-03, val/acc 6.798e-01, val/nll 1.155e+00 (best_acc: 6.761e-01 -> 6.798e-01, test_acc: 6.741e-01, test_nll: 1.145e+00)
[2023-02-16 09:31:30] [Epoch   450/  500] trn/loss 8.811e-01, trn/lr 7.489e-03, val/acc 6.774e-01, val/nll 1.158e+00
[2023-02-16 09:31:33] [Epoch   451/  500] trn/loss 8.823e-01, trn/lr 7.198e-03, val/acc 6.741e-01, val/nll 1.159e+00
[2023-02-16 09:31:37] [Epoch   452/  500] trn/loss 8.747e-01, trn/lr 6.912e-03, val/acc 6.708e-01, val/nll 1.171e+00
[2023-02-16 09:31:40] [Epoch   453/  500] trn/loss 8.706e-01, trn/lr 6.632e-03, val/acc 6.788e-01, val/nll 1.156e+00
[2023-02-16 09:31:43] [Epoch   454/  500] trn/loss 8.605e-01, trn/lr 6.358e-03, val/acc 6.743e-01, val/nll 1.156e+00
[2023-02-16 09:31:47] [Epoch   455/  500] trn/loss 8.594e-01, trn/lr 6.089e-03, val/acc 6.744e-01, val/nll 1.161e+00
[2023-02-16 09:31:50] [Epoch   456/  500] trn/loss 8.524e-01, trn/lr 5.826e-03, val/acc 6.780e-01, val/nll 1.156e+00
[2023-02-16 09:31:54] [Epoch   457/  500] trn/loss 8.552e-01, trn/lr 5.569e-03, val/acc 6.765e-01, val/nll 1.151e+00
[2023-02-16 09:31:57] [Epoch   458/  500] trn/loss 8.488e-01, trn/lr 5.317e-03, val/acc 6.761e-01, val/nll 1.152e+00
[2023-02-16 09:32:00] [Epoch   459/  500] trn/loss 8.501e-01, trn/lr 5.072e-03, val/acc 6.753e-01, val/nll 1.148e+00
[2023-02-16 09:32:04] [Epoch   460/  500] trn/loss 8.484e-01, trn/lr 4.831e-03, val/acc 6.773e-01, val/nll 1.145e+00
[2023-02-16 09:32:07] [Epoch   461/  500] trn/loss 8.400e-01, trn/lr 4.597e-03, val/acc 6.775e-01, val/nll 1.151e+00
[2023-02-16 09:32:11] [Epoch   462/  500] trn/loss 8.370e-01, trn/lr 4.368e-03, val/acc 6.808e-01, val/nll 1.137e+00 (best_acc: 6.798e-01 -> 6.808e-01, test_acc: 6.830e-01, test_nll: 1.125e+00)
[2023-02-16 09:32:14] [Epoch   463/  500] trn/loss 8.353e-01, trn/lr 4.145e-03, val/acc 6.771e-01, val/nll 1.147e+00
[2023-02-16 09:32:18] [Epoch   464/  500] trn/loss 8.287e-01, trn/lr 3.928e-03, val/acc 6.795e-01, val/nll 1.137e+00
[2023-02-16 09:32:21] [Epoch   465/  500] trn/loss 8.245e-01, trn/lr 3.717e-03, val/acc 6.791e-01, val/nll 1.133e+00
[2023-02-16 09:32:25] [Epoch   466/  500] trn/loss 8.244e-01, trn/lr 3.511e-03, val/acc 6.837e-01, val/nll 1.136e+00 (best_acc: 6.808e-01 -> 6.837e-01, test_acc: 6.812e-01, test_nll: 1.131e+00)
[2023-02-16 09:32:28] [Epoch   467/  500] trn/loss 8.164e-01, trn/lr 3.311e-03, val/acc 6.800e-01, val/nll 1.139e+00
[2023-02-16 09:32:32] [Epoch   468/  500] trn/loss 8.199e-01, trn/lr 3.117e-03, val/acc 6.842e-01, val/nll 1.131e+00 (best_acc: 6.837e-01 -> 6.842e-01, test_acc: 6.828e-01, test_nll: 1.124e+00)
[2023-02-16 09:32:35] [Epoch   469/  500] trn/loss 8.165e-01, trn/lr 2.929e-03, val/acc 6.814e-01, val/nll 1.137e+00
[2023-02-16 09:32:39] [Epoch   470/  500] trn/loss 8.128e-01, trn/lr 2.747e-03, val/acc 6.808e-01, val/nll 1.137e+00
[2023-02-16 09:32:42] [Epoch   471/  500] trn/loss 8.059e-01, trn/lr 2.570e-03, val/acc 6.815e-01, val/nll 1.129e+00
[2023-02-16 09:32:46] [Epoch   472/  500] trn/loss 8.154e-01, trn/lr 2.399e-03, val/acc 6.808e-01, val/nll 1.126e+00
[2023-02-16 09:32:49] [Epoch   473/  500] trn/loss 8.057e-01, trn/lr 2.234e-03, val/acc 6.834e-01, val/nll 1.127e+00
[2023-02-16 09:32:52] [Epoch   474/  500] trn/loss 7.964e-01, trn/lr 2.075e-03, val/acc 6.796e-01, val/nll 1.135e+00
[2023-02-16 09:32:56] [Epoch   475/  500] trn/loss 7.968e-01, trn/lr 1.922e-03, val/acc 6.827e-01, val/nll 1.130e+00
[2023-02-16 09:32:59] [Epoch   476/  500] trn/loss 7.974e-01, trn/lr 1.774e-03, val/acc 6.800e-01, val/nll 1.129e+00
[2023-02-16 09:33:03] [Epoch   477/  500] trn/loss 7.955e-01, trn/lr 1.633e-03, val/acc 6.780e-01, val/nll 1.130e+00
[2023-02-16 09:33:06] [Epoch   478/  500] trn/loss 7.906e-01, trn/lr 1.497e-03, val/acc 6.816e-01, val/nll 1.126e+00
[2023-02-16 09:33:09] [Epoch   479/  500] trn/loss 7.875e-01, trn/lr 1.367e-03, val/acc 6.809e-01, val/nll 1.127e+00
[2023-02-16 09:33:13] [Epoch   480/  500] trn/loss 7.945e-01, trn/lr 1.243e-03, val/acc 6.812e-01, val/nll 1.121e+00
[2023-02-16 09:33:16] [Epoch   481/  500] trn/loss 7.888e-01, trn/lr 1.125e-03, val/acc 6.819e-01, val/nll 1.126e+00
[2023-02-16 09:33:20] [Epoch   482/  500] trn/loss 7.814e-01, trn/lr 1.013e-03, val/acc 6.826e-01, val/nll 1.121e+00
[2023-02-16 09:33:23] [Epoch   483/  500] trn/loss 7.865e-01, trn/lr 9.064e-04, val/acc 6.840e-01, val/nll 1.123e+00
[2023-02-16 09:33:26] [Epoch   484/  500] trn/loss 7.801e-01, trn/lr 8.059e-04, val/acc 6.813e-01, val/nll 1.122e+00
[2023-02-16 09:33:30] [Epoch   485/  500] trn/loss 7.895e-01, trn/lr 7.113e-04, val/acc 6.836e-01, val/nll 1.117e+00
[2023-02-16 09:33:34] [Epoch   486/  500] trn/loss 7.794e-01, trn/lr 6.226e-04, val/acc 6.846e-01, val/nll 1.119e+00 (best_acc: 6.842e-01 -> 6.846e-01, test_acc: 6.895e-01, test_nll: 1.114e+00)
[2023-02-16 09:33:37] [Epoch   487/  500] trn/loss 7.747e-01, trn/lr 5.398e-04, val/acc 6.819e-01, val/nll 1.119e+00
[2023-02-16 09:33:40] [Epoch   488/  500] trn/loss 7.756e-01, trn/lr 4.629e-04, val/acc 6.825e-01, val/nll 1.118e+00
[2023-02-16 09:33:44] [Epoch   489/  500] trn/loss 7.810e-01, trn/lr 3.919e-04, val/acc 6.832e-01, val/nll 1.119e+00
[2023-02-16 09:33:47] [Epoch   490/  500] trn/loss 7.750e-01, trn/lr 3.268e-04, val/acc 6.832e-01, val/nll 1.121e+00
[2023-02-16 09:33:51] [Epoch   491/  500] trn/loss 7.811e-01, trn/lr 2.676e-04, val/acc 6.824e-01, val/nll 1.121e+00
[2023-02-16 09:33:54] [Epoch   492/  500] trn/loss 7.733e-01, trn/lr 2.143e-04, val/acc 6.842e-01, val/nll 1.119e+00
[2023-02-16 09:33:57] [Epoch   493/  500] trn/loss 7.752e-01, trn/lr 1.669e-04, val/acc 6.831e-01, val/nll 1.123e+00
[2023-02-16 09:34:01] [Epoch   494/  500] trn/loss 7.756e-01, trn/lr 1.254e-04, val/acc 6.838e-01, val/nll 1.121e+00
[2023-02-16 09:34:04] [Epoch   495/  500] trn/loss 7.709e-01, trn/lr 8.991e-05, val/acc 6.836e-01, val/nll 1.120e+00
[2023-02-16 09:34:08] [Epoch   496/  500] trn/loss 7.761e-01, trn/lr 6.028e-05, val/acc 6.840e-01, val/nll 1.121e+00
[2023-02-16 09:34:11] [Epoch   497/  500] trn/loss 7.737e-01, trn/lr 3.658e-05, val/acc 6.836e-01, val/nll 1.121e+00
[2023-02-16 09:34:14] [Epoch   498/  500] trn/loss 7.728e-01, trn/lr 1.880e-05, val/acc 6.836e-01, val/nll 1.118e+00
[2023-02-16 09:34:18] [Epoch   499/  500] trn/loss 7.715e-01, trn/lr 6.936e-06, val/acc 6.846e-01, val/nll 1.117e+00
[2023-02-16 09:34:21] [Epoch   500/  500] trn/loss 7.680e-01, trn/lr 9.964e-07, val/acc 6.838e-01, val/nll 1.121e+00
