[2023-02-17 23:03:12] Environments:
------------  ------------------------------------------------------------
sys.platform  linux
Python        3.8.10 (default, Nov 14 2022, 12:59:47) [GCC 9.4.0]
JAX           0.4.2 @/home/giung/.local/lib/python3.8/site-packages/jax
jaxlib        0.4.2 @/home/giung/.local/lib/python3.8/site-packages/jaxlib
Flax          0.6.4 @/home/giung/.local/lib/python3.8/site-packages/flax
Optax         0.1.4 @/home/giung/.local/lib/python3.8/site-packages/optax
------------  ------------------------------------------------------------

[2023-02-17 23:03:12] Command line arguments:
- args.data_root          : ./data/
- args.data_name          : CIFAR100_x32
- args.data_augmentation  : standard
- args.data_proportional  : 1.0
- args.model_depth        : 20
- args.model_width        : 4
- args.model_style        : BN-ReLU
- args.optim_bs           : 256
- args.optim_ne           : 200
- args.optim_lr           : 0.001
- args.optim_b1           : 0.97
- args.optim_b2           : 0.999
- args.optim_eps          : 1e-08
- args.optim_weight_decay : 0.0003
- args.rho                : 0.0
- args.save               : /home/giung/giung2-dev/projects/sam/save/CIFAR100_x32/R20x4-BN-ReLU/Adam/bs-0256_ne-0200_lr-0.0010_mo-0.97_wd-0.0003_rho-0.0000_fp32/42
- args.seed               : 42
- args.precision          : fp32

[2023-02-17 23:03:18] Multiple local devices are detected:
[TpuDevice(id=0, process_index=0, coords=(0,0,0), core_on_chip=0), TpuDevice(id=1, process_index=0, coords=(0,0,0), core_on_chip=1), TpuDevice(id=2, process_index=0, coords=(1,0,0), core_on_chip=0), TpuDevice(id=3, process_index=0, coords=(1,0,0), core_on_chip=1), TpuDevice(id=4, process_index=0, coords=(0,1,0), core_on_chip=0), TpuDevice(id=5, process_index=0, coords=(0,1,0), core_on_chip=1), TpuDevice(id=6, process_index=0, coords=(1,1,0), core_on_chip=0), TpuDevice(id=7, process_index=0, coords=(1,1,0), core_on_chip=1)]

[2023-02-17 23:04:18] [Epoch     1/  200] trn/loss 3.977e+00, trn/lr 1.000e-03, val/acc 1.388e-01, val/nll 3.684e+00 (best_acc: 0.000e+00 -> 1.388e-01, test_acc: 1.448e-01, test_nll: 3.656e+00)
[2023-02-17 23:04:27] [Epoch     2/  200] trn/loss 3.371e+00, trn/lr 9.999e-04, val/acc 1.881e-01, val/nll 3.503e+00 (best_acc: 1.388e-01 -> 1.881e-01, test_acc: 1.907e-01, test_nll: 3.470e+00)
[2023-02-17 23:04:35] [Epoch     3/  200] trn/loss 2.946e+00, trn/lr 9.996e-04, val/acc 2.692e-01, val/nll 2.983e+00 (best_acc: 1.881e-01 -> 2.692e-01, test_acc: 2.835e-01, test_nll: 2.940e+00)
[2023-02-17 23:04:43] [Epoch     4/  200] trn/loss 2.600e+00, trn/lr 9.992e-04, val/acc 3.204e-01, val/nll 2.752e+00 (best_acc: 2.692e-01 -> 3.204e-01, test_acc: 3.204e-01, test_nll: 2.729e+00)
[2023-02-17 23:04:52] [Epoch     5/  200] trn/loss 2.325e+00, trn/lr 9.987e-04, val/acc 3.562e-01, val/nll 2.546e+00 (best_acc: 3.204e-01 -> 3.562e-01, test_acc: 3.659e-01, test_nll: 2.527e+00)
[2023-02-17 23:05:00] [Epoch     6/  200] trn/loss 2.102e+00, trn/lr 9.981e-04, val/acc 4.222e-01, val/nll 2.236e+00 (best_acc: 3.562e-01 -> 4.222e-01, test_acc: 4.323e-01, test_nll: 2.197e+00)
[2023-02-17 23:05:08] [Epoch     7/  200] trn/loss 1.932e+00, trn/lr 9.974e-04, val/acc 4.629e-01, val/nll 2.018e+00 (best_acc: 4.222e-01 -> 4.629e-01, test_acc: 4.665e-01, test_nll: 1.998e+00)
[2023-02-17 23:05:15] [Epoch     8/  200] trn/loss 1.817e+00, trn/lr 9.965e-04, val/acc 4.504e-01, val/nll 2.127e+00
[2023-02-17 23:05:23] [Epoch     9/  200] trn/loss 1.701e+00, trn/lr 9.955e-04, val/acc 4.628e-01, val/nll 2.034e+00
[2023-02-17 23:05:31] [Epoch    10/  200] trn/loss 1.606e+00, trn/lr 9.944e-04, val/acc 4.775e-01, val/nll 2.030e+00 (best_acc: 4.629e-01 -> 4.775e-01, test_acc: 4.734e-01, test_nll: 2.035e+00)
[2023-02-17 23:05:39] [Epoch    11/  200] trn/loss 1.509e+00, trn/lr 9.932e-04, val/acc 5.098e-01, val/nll 1.858e+00 (best_acc: 4.775e-01 -> 5.098e-01, test_acc: 5.133e-01, test_nll: 1.835e+00)
[2023-02-17 23:05:47] [Epoch    12/  200] trn/loss 1.426e+00, trn/lr 9.919e-04, val/acc 5.142e-01, val/nll 1.809e+00 (best_acc: 5.098e-01 -> 5.142e-01, test_acc: 5.189e-01, test_nll: 1.792e+00)
[2023-02-17 23:05:56] [Epoch    13/  200] trn/loss 1.360e+00, trn/lr 9.904e-04, val/acc 5.197e-01, val/nll 1.830e+00 (best_acc: 5.142e-01 -> 5.197e-01, test_acc: 5.175e-01, test_nll: 1.826e+00)
[2023-02-17 23:06:04] [Epoch    14/  200] trn/loss 1.302e+00, trn/lr 9.888e-04, val/acc 5.431e-01, val/nll 1.684e+00 (best_acc: 5.197e-01 -> 5.431e-01, test_acc: 5.495e-01, test_nll: 1.679e+00)
[2023-02-17 23:06:12] [Epoch    15/  200] trn/loss 1.239e+00, trn/lr 9.871e-04, val/acc 5.614e-01, val/nll 1.600e+00 (best_acc: 5.431e-01 -> 5.614e-01, test_acc: 5.680e-01, test_nll: 1.591e+00)
[2023-02-17 23:06:19] [Epoch    16/  200] trn/loss 1.197e+00, trn/lr 9.853e-04, val/acc 5.602e-01, val/nll 1.668e+00
[2023-02-17 23:06:28] [Epoch    17/  200] trn/loss 1.157e+00, trn/lr 9.833e-04, val/acc 5.806e-01, val/nll 1.563e+00 (best_acc: 5.614e-01 -> 5.806e-01, test_acc: 5.793e-01, test_nll: 1.578e+00)
[2023-02-17 23:06:35] [Epoch    18/  200] trn/loss 1.097e+00, trn/lr 9.812e-04, val/acc 5.769e-01, val/nll 1.589e+00
[2023-02-17 23:06:43] [Epoch    19/  200] trn/loss 1.062e+00, trn/lr 9.790e-04, val/acc 6.054e-01, val/nll 1.447e+00 (best_acc: 5.806e-01 -> 6.054e-01, test_acc: 6.049e-01, test_nll: 1.451e+00)
[2023-02-17 23:06:50] [Epoch    20/  200] trn/loss 1.011e+00, trn/lr 9.767e-04, val/acc 5.628e-01, val/nll 1.667e+00
[2023-02-17 23:06:57] [Epoch    21/  200] trn/loss 9.800e-01, trn/lr 9.743e-04, val/acc 5.921e-01, val/nll 1.491e+00
[2023-02-17 23:07:05] [Epoch    22/  200] trn/loss 9.526e-01, trn/lr 9.718e-04, val/acc 5.757e-01, val/nll 1.625e+00
[2023-02-17 23:07:13] [Epoch    23/  200] trn/loss 9.170e-01, trn/lr 9.691e-04, val/acc 6.111e-01, val/nll 1.480e+00 (best_acc: 6.054e-01 -> 6.111e-01, test_acc: 6.112e-01, test_nll: 1.494e+00)
[2023-02-17 23:07:21] [Epoch    24/  200] trn/loss 8.821e-01, trn/lr 9.663e-04, val/acc 6.176e-01, val/nll 1.390e+00 (best_acc: 6.111e-01 -> 6.176e-01, test_acc: 6.190e-01, test_nll: 1.431e+00)
[2023-02-17 23:07:29] [Epoch    25/  200] trn/loss 8.557e-01, trn/lr 9.634e-04, val/acc 6.114e-01, val/nll 1.468e+00
[2023-02-17 23:07:37] [Epoch    26/  200] trn/loss 8.257e-01, trn/lr 9.604e-04, val/acc 6.223e-01, val/nll 1.416e+00 (best_acc: 6.176e-01 -> 6.223e-01, test_acc: 6.201e-01, test_nll: 1.439e+00)
[2023-02-17 23:07:45] [Epoch    27/  200] trn/loss 8.005e-01, trn/lr 9.573e-04, val/acc 6.260e-01, val/nll 1.455e+00 (best_acc: 6.223e-01 -> 6.260e-01, test_acc: 6.209e-01, test_nll: 1.504e+00)
[2023-02-17 23:07:52] [Epoch    28/  200] trn/loss 7.738e-01, trn/lr 9.541e-04, val/acc 6.004e-01, val/nll 1.664e+00
[2023-02-17 23:08:00] [Epoch    29/  200] trn/loss 7.532e-01, trn/lr 9.507e-04, val/acc 6.278e-01, val/nll 1.395e+00 (best_acc: 6.260e-01 -> 6.278e-01, test_acc: 6.360e-01, test_nll: 1.391e+00)
[2023-02-17 23:08:09] [Epoch    30/  200] trn/loss 7.130e-01, trn/lr 9.473e-04, val/acc 6.405e-01, val/nll 1.402e+00 (best_acc: 6.278e-01 -> 6.405e-01, test_acc: 6.407e-01, test_nll: 1.408e+00)
[2023-02-17 23:08:16] [Epoch    31/  200] trn/loss 7.047e-01, trn/lr 9.437e-04, val/acc 6.236e-01, val/nll 1.516e+00
[2023-02-17 23:08:23] [Epoch    32/  200] trn/loss 6.879e-01, trn/lr 9.400e-04, val/acc 6.383e-01, val/nll 1.408e+00
[2023-02-17 23:08:30] [Epoch    33/  200] trn/loss 6.668e-01, trn/lr 9.363e-04, val/acc 6.347e-01, val/nll 1.435e+00
[2023-02-17 23:08:39] [Epoch    34/  200] trn/loss 6.450e-01, trn/lr 9.324e-04, val/acc 6.444e-01, val/nll 1.395e+00 (best_acc: 6.405e-01 -> 6.444e-01, test_acc: 6.369e-01, test_nll: 1.427e+00)
[2023-02-17 23:08:46] [Epoch    35/  200] trn/loss 6.247e-01, trn/lr 9.284e-04, val/acc 6.271e-01, val/nll 1.483e+00
[2023-02-17 23:08:53] [Epoch    36/  200] trn/loss 6.351e-01, trn/lr 9.243e-04, val/acc 6.254e-01, val/nll 1.480e+00
[2023-02-17 23:09:00] [Epoch    37/  200] trn/loss 5.994e-01, trn/lr 9.201e-04, val/acc 6.325e-01, val/nll 1.507e+00
[2023-02-17 23:09:08] [Epoch    38/  200] trn/loss 5.784e-01, trn/lr 9.157e-04, val/acc 6.287e-01, val/nll 1.531e+00
[2023-02-17 23:09:15] [Epoch    39/  200] trn/loss 5.647e-01, trn/lr 9.113e-04, val/acc 6.332e-01, val/nll 1.485e+00
[2023-02-17 23:09:23] [Epoch    40/  200] trn/loss 5.556e-01, trn/lr 9.068e-04, val/acc 6.451e-01, val/nll 1.462e+00 (best_acc: 6.444e-01 -> 6.451e-01, test_acc: 6.441e-01, test_nll: 1.485e+00)
[2023-02-17 23:09:31] [Epoch    41/  200] trn/loss 5.507e-01, trn/lr 9.022e-04, val/acc 6.462e-01, val/nll 1.396e+00 (best_acc: 6.451e-01 -> 6.462e-01, test_acc: 6.528e-01, test_nll: 1.410e+00)
[2023-02-17 23:09:40] [Epoch    42/  200] trn/loss 5.218e-01, trn/lr 8.975e-04, val/acc 6.502e-01, val/nll 1.328e+00 (best_acc: 6.462e-01 -> 6.502e-01, test_acc: 6.546e-01, test_nll: 1.374e+00)
[2023-02-17 23:09:47] [Epoch    43/  200] trn/loss 5.039e-01, trn/lr 8.927e-04, val/acc 6.257e-01, val/nll 1.590e+00
[2023-02-17 23:09:55] [Epoch    44/  200] trn/loss 5.004e-01, trn/lr 8.878e-04, val/acc 6.550e-01, val/nll 1.434e+00 (best_acc: 6.502e-01 -> 6.550e-01, test_acc: 6.469e-01, test_nll: 1.491e+00)
[2023-02-17 23:10:03] [Epoch    45/  200] trn/loss 4.833e-01, trn/lr 8.828e-04, val/acc 6.552e-01, val/nll 1.428e+00 (best_acc: 6.550e-01 -> 6.552e-01, test_acc: 6.504e-01, test_nll: 1.478e+00)
[2023-02-17 23:10:11] [Epoch    46/  200] trn/loss 4.850e-01, trn/lr 8.777e-04, val/acc 6.418e-01, val/nll 1.503e+00
[2023-02-17 23:10:18] [Epoch    47/  200] trn/loss 4.729e-01, trn/lr 8.725e-04, val/acc 6.530e-01, val/nll 1.461e+00
[2023-02-17 23:10:25] [Epoch    48/  200] trn/loss 4.499e-01, trn/lr 8.672e-04, val/acc 6.470e-01, val/nll 1.510e+00
[2023-02-17 23:10:32] [Epoch    49/  200] trn/loss 4.441e-01, trn/lr 8.618e-04, val/acc 6.535e-01, val/nll 1.418e+00
[2023-02-17 23:10:40] [Epoch    50/  200] trn/loss 4.412e-01, trn/lr 8.563e-04, val/acc 6.493e-01, val/nll 1.484e+00
[2023-02-17 23:10:48] [Epoch    51/  200] trn/loss 4.291e-01, trn/lr 8.508e-04, val/acc 6.587e-01, val/nll 1.414e+00 (best_acc: 6.552e-01 -> 6.587e-01, test_acc: 6.608e-01, test_nll: 1.439e+00)
[2023-02-17 23:10:55] [Epoch    52/  200] trn/loss 4.258e-01, trn/lr 8.451e-04, val/acc 6.553e-01, val/nll 1.451e+00
[2023-02-17 23:11:02] [Epoch    53/  200] trn/loss 4.089e-01, trn/lr 8.394e-04, val/acc 6.549e-01, val/nll 1.481e+00
[2023-02-17 23:11:09] [Epoch    54/  200] trn/loss 4.082e-01, trn/lr 8.336e-04, val/acc 6.537e-01, val/nll 1.484e+00
[2023-02-17 23:11:18] [Epoch    55/  200] trn/loss 3.825e-01, trn/lr 8.277e-04, val/acc 6.702e-01, val/nll 1.410e+00 (best_acc: 6.587e-01 -> 6.702e-01, test_acc: 6.692e-01, test_nll: 1.452e+00)
[2023-02-17 23:11:25] [Epoch    56/  200] trn/loss 3.840e-01, trn/lr 8.217e-04, val/acc 6.567e-01, val/nll 1.515e+00
[2023-02-17 23:11:32] [Epoch    57/  200] trn/loss 3.842e-01, trn/lr 8.157e-04, val/acc 6.624e-01, val/nll 1.470e+00
[2023-02-17 23:11:39] [Epoch    58/  200] trn/loss 3.805e-01, trn/lr 8.096e-04, val/acc 6.621e-01, val/nll 1.431e+00
[2023-02-17 23:11:48] [Epoch    59/  200] trn/loss 3.678e-01, trn/lr 8.034e-04, val/acc 6.704e-01, val/nll 1.426e+00 (best_acc: 6.702e-01 -> 6.704e-01, test_acc: 6.681e-01, test_nll: 1.414e+00)
[2023-02-17 23:11:55] [Epoch    60/  200] trn/loss 3.516e-01, trn/lr 7.971e-04, val/acc 6.594e-01, val/nll 1.481e+00
[2023-02-17 23:12:02] [Epoch    61/  200] trn/loss 3.468e-01, trn/lr 7.907e-04, val/acc 6.575e-01, val/nll 1.510e+00
[2023-02-17 23:12:09] [Epoch    62/  200] trn/loss 3.475e-01, trn/lr 7.843e-04, val/acc 6.577e-01, val/nll 1.469e+00
[2023-02-17 23:12:16] [Epoch    63/  200] trn/loss 3.382e-01, trn/lr 7.778e-04, val/acc 6.556e-01, val/nll 1.524e+00
[2023-02-17 23:12:24] [Epoch    64/  200] trn/loss 3.189e-01, trn/lr 7.712e-04, val/acc 6.625e-01, val/nll 1.460e+00
[2023-02-17 23:12:31] [Epoch    65/  200] trn/loss 3.193e-01, trn/lr 7.646e-04, val/acc 6.515e-01, val/nll 1.523e+00
[2023-02-17 23:12:38] [Epoch    66/  200] trn/loss 3.079e-01, trn/lr 7.579e-04, val/acc 6.535e-01, val/nll 1.515e+00
[2023-02-17 23:12:45] [Epoch    67/  200] trn/loss 3.060e-01, trn/lr 7.512e-04, val/acc 6.606e-01, val/nll 1.524e+00
[2023-02-17 23:12:53] [Epoch    68/  200] trn/loss 3.100e-01, trn/lr 7.443e-04, val/acc 6.563e-01, val/nll 1.519e+00
[2023-02-17 23:13:00] [Epoch    69/  200] trn/loss 3.102e-01, trn/lr 7.374e-04, val/acc 6.514e-01, val/nll 1.560e+00
[2023-02-17 23:13:07] [Epoch    70/  200] trn/loss 3.036e-01, trn/lr 7.305e-04, val/acc 6.626e-01, val/nll 1.535e+00
[2023-02-17 23:13:15] [Epoch    71/  200] trn/loss 2.913e-01, trn/lr 7.235e-04, val/acc 6.709e-01, val/nll 1.514e+00 (best_acc: 6.704e-01 -> 6.709e-01, test_acc: 6.661e-01, test_nll: 1.540e+00)
[2023-02-17 23:13:22] [Epoch    72/  200] trn/loss 2.854e-01, trn/lr 7.165e-04, val/acc 6.640e-01, val/nll 1.532e+00
[2023-02-17 23:13:30] [Epoch    73/  200] trn/loss 2.783e-01, trn/lr 7.094e-04, val/acc 6.692e-01, val/nll 1.453e+00
[2023-02-17 23:13:37] [Epoch    74/  200] trn/loss 2.719e-01, trn/lr 7.022e-04, val/acc 6.579e-01, val/nll 1.524e+00
[2023-02-17 23:13:45] [Epoch    75/  200] trn/loss 2.844e-01, trn/lr 6.950e-04, val/acc 6.779e-01, val/nll 1.444e+00 (best_acc: 6.709e-01 -> 6.779e-01, test_acc: 6.748e-01, test_nll: 1.474e+00)
[2023-02-17 23:13:52] [Epoch    76/  200] trn/loss 2.607e-01, trn/lr 6.877e-04, val/acc 6.677e-01, val/nll 1.505e+00
[2023-02-17 23:14:00] [Epoch    77/  200] trn/loss 2.584e-01, trn/lr 6.804e-04, val/acc 6.591e-01, val/nll 1.583e+00
[2023-02-17 23:14:07] [Epoch    78/  200] trn/loss 2.544e-01, trn/lr 6.731e-04, val/acc 6.673e-01, val/nll 1.487e+00
[2023-02-17 23:14:14] [Epoch    79/  200] trn/loss 2.429e-01, trn/lr 6.657e-04, val/acc 6.681e-01, val/nll 1.525e+00
[2023-02-17 23:14:21] [Epoch    80/  200] trn/loss 2.539e-01, trn/lr 6.583e-04, val/acc 6.690e-01, val/nll 1.466e+00
[2023-02-17 23:14:29] [Epoch    81/  200] trn/loss 2.453e-01, trn/lr 6.508e-04, val/acc 6.662e-01, val/nll 1.551e+00
[2023-02-17 23:14:36] [Epoch    82/  200] trn/loss 2.316e-01, trn/lr 6.433e-04, val/acc 6.685e-01, val/nll 1.574e+00
[2023-02-17 23:14:43] [Epoch    83/  200] trn/loss 2.379e-01, trn/lr 6.357e-04, val/acc 6.595e-01, val/nll 1.622e+00
[2023-02-17 23:14:50] [Epoch    84/  200] trn/loss 2.218e-01, trn/lr 6.282e-04, val/acc 6.683e-01, val/nll 1.568e+00
[2023-02-17 23:14:57] [Epoch    85/  200] trn/loss 2.296e-01, trn/lr 6.206e-04, val/acc 6.708e-01, val/nll 1.520e+00
[2023-02-17 23:15:05] [Epoch    86/  200] trn/loss 2.234e-01, trn/lr 6.129e-04, val/acc 6.774e-01, val/nll 1.483e+00
[2023-02-17 23:15:12] [Epoch    87/  200] trn/loss 2.008e-01, trn/lr 6.053e-04, val/acc 6.694e-01, val/nll 1.569e+00
[2023-02-17 23:15:19] [Epoch    88/  200] trn/loss 2.035e-01, trn/lr 5.976e-04, val/acc 6.743e-01, val/nll 1.501e+00
[2023-02-17 23:15:27] [Epoch    89/  200] trn/loss 2.060e-01, trn/lr 5.899e-04, val/acc 6.548e-01, val/nll 1.629e+00
[2023-02-17 23:15:34] [Epoch    90/  200] trn/loss 2.063e-01, trn/lr 5.821e-04, val/acc 6.660e-01, val/nll 1.586e+00
[2023-02-17 23:15:41] [Epoch    91/  200] trn/loss 2.002e-01, trn/lr 5.744e-04, val/acc 6.687e-01, val/nll 1.517e+00
[2023-02-17 23:15:48] [Epoch    92/  200] trn/loss 1.959e-01, trn/lr 5.666e-04, val/acc 6.660e-01, val/nll 1.584e+00
[2023-02-17 23:15:56] [Epoch    93/  200] trn/loss 1.964e-01, trn/lr 5.588e-04, val/acc 6.763e-01, val/nll 1.516e+00
[2023-02-17 23:16:03] [Epoch    94/  200] trn/loss 1.851e-01, trn/lr 5.510e-04, val/acc 6.758e-01, val/nll 1.527e+00
[2023-02-17 23:16:10] [Epoch    95/  200] trn/loss 1.796e-01, trn/lr 5.432e-04, val/acc 6.753e-01, val/nll 1.534e+00
[2023-02-17 23:16:17] [Epoch    96/  200] trn/loss 1.681e-01, trn/lr 5.353e-04, val/acc 6.731e-01, val/nll 1.571e+00
[2023-02-17 23:16:24] [Epoch    97/  200] trn/loss 1.745e-01, trn/lr 5.275e-04, val/acc 6.676e-01, val/nll 1.612e+00
[2023-02-17 23:16:33] [Epoch    98/  200] trn/loss 1.654e-01, trn/lr 5.197e-04, val/acc 6.838e-01, val/nll 1.534e+00 (best_acc: 6.779e-01 -> 6.838e-01, test_acc: 6.808e-01, test_nll: 1.566e+00)
[2023-02-17 23:16:40] [Epoch    99/  200] trn/loss 1.667e-01, trn/lr 5.118e-04, val/acc 6.774e-01, val/nll 1.561e+00
[2023-02-17 23:16:47] [Epoch   100/  200] trn/loss 1.704e-01, trn/lr 5.040e-04, val/acc 6.799e-01, val/nll 1.534e+00
[2023-02-17 23:16:54] [Epoch   101/  200] trn/loss 1.643e-01, trn/lr 4.961e-04, val/acc 6.692e-01, val/nll 1.605e+00
[2023-02-17 23:17:03] [Epoch   102/  200] trn/loss 1.561e-01, trn/lr 4.882e-04, val/acc 6.881e-01, val/nll 1.501e+00 (best_acc: 6.838e-01 -> 6.881e-01, test_acc: 6.898e-01, test_nll: 1.501e+00)
[2023-02-17 23:17:10] [Epoch   103/  200] trn/loss 1.465e-01, trn/lr 4.804e-04, val/acc 6.827e-01, val/nll 1.529e+00
[2023-02-17 23:17:17] [Epoch   104/  200] trn/loss 1.484e-01, trn/lr 4.725e-04, val/acc 6.825e-01, val/nll 1.510e+00
[2023-02-17 23:17:24] [Epoch   105/  200] trn/loss 1.386e-01, trn/lr 4.647e-04, val/acc 6.831e-01, val/nll 1.479e+00
[2023-02-17 23:17:31] [Epoch   106/  200] trn/loss 1.358e-01, trn/lr 4.569e-04, val/acc 6.821e-01, val/nll 1.502e+00
[2023-02-17 23:17:39] [Epoch   107/  200] trn/loss 1.329e-01, trn/lr 4.491e-04, val/acc 6.802e-01, val/nll 1.536e+00
[2023-02-17 23:17:46] [Epoch   108/  200] trn/loss 1.338e-01, trn/lr 4.413e-04, val/acc 6.799e-01, val/nll 1.550e+00
[2023-02-17 23:17:53] [Epoch   109/  200] trn/loss 1.339e-01, trn/lr 4.335e-04, val/acc 6.760e-01, val/nll 1.512e+00
[2023-02-17 23:18:00] [Epoch   110/  200] trn/loss 1.326e-01, trn/lr 4.257e-04, val/acc 6.796e-01, val/nll 1.535e+00
[2023-02-17 23:18:08] [Epoch   111/  200] trn/loss 1.194e-01, trn/lr 4.179e-04, val/acc 6.868e-01, val/nll 1.535e+00
[2023-02-17 23:18:16] [Epoch   112/  200] trn/loss 1.232e-01, trn/lr 4.102e-04, val/acc 6.903e-01, val/nll 1.499e+00 (best_acc: 6.881e-01 -> 6.903e-01, test_acc: 6.846e-01, test_nll: 1.558e+00)
[2023-02-17 23:18:23] [Epoch   113/  200] trn/loss 1.197e-01, trn/lr 4.025e-04, val/acc 6.848e-01, val/nll 1.522e+00
[2023-02-17 23:18:31] [Epoch   114/  200] trn/loss 1.162e-01, trn/lr 3.948e-04, val/acc 6.923e-01, val/nll 1.523e+00 (best_acc: 6.903e-01 -> 6.923e-01, test_acc: 6.891e-01, test_nll: 1.560e+00)
[2023-02-17 23:18:39] [Epoch   115/  200] trn/loss 1.105e-01, trn/lr 3.871e-04, val/acc 6.861e-01, val/nll 1.497e+00
[2023-02-17 23:18:46] [Epoch   116/  200] trn/loss 1.029e-01, trn/lr 3.795e-04, val/acc 6.888e-01, val/nll 1.471e+00
[2023-02-17 23:18:53] [Epoch   117/  200] trn/loss 1.035e-01, trn/lr 3.719e-04, val/acc 6.898e-01, val/nll 1.490e+00
[2023-02-17 23:19:00] [Epoch   118/  200] trn/loss 1.067e-01, trn/lr 3.643e-04, val/acc 6.809e-01, val/nll 1.567e+00
[2023-02-17 23:19:08] [Epoch   119/  200] trn/loss 1.044e-01, trn/lr 3.568e-04, val/acc 6.852e-01, val/nll 1.526e+00
[2023-02-17 23:19:15] [Epoch   120/  200] trn/loss 1.015e-01, trn/lr 3.493e-04, val/acc 6.826e-01, val/nll 1.566e+00
[2023-02-17 23:19:22] [Epoch   121/  200] trn/loss 9.544e-02, trn/lr 3.418e-04, val/acc 6.906e-01, val/nll 1.517e+00
[2023-02-17 23:19:29] [Epoch   122/  200] trn/loss 9.325e-02, trn/lr 3.344e-04, val/acc 6.890e-01, val/nll 1.491e+00
[2023-02-17 23:19:37] [Epoch   123/  200] trn/loss 9.058e-02, trn/lr 3.270e-04, val/acc 6.868e-01, val/nll 1.517e+00
[2023-02-17 23:19:44] [Epoch   124/  200] trn/loss 8.273e-02, trn/lr 3.196e-04, val/acc 6.920e-01, val/nll 1.534e+00
[2023-02-17 23:19:51] [Epoch   125/  200] trn/loss 8.018e-02, trn/lr 3.123e-04, val/acc 6.852e-01, val/nll 1.528e+00
[2023-02-17 23:19:58] [Epoch   126/  200] trn/loss 7.990e-02, trn/lr 3.051e-04, val/acc 6.846e-01, val/nll 1.541e+00
[2023-02-17 23:20:05] [Epoch   127/  200] trn/loss 7.409e-02, trn/lr 2.979e-04, val/acc 6.895e-01, val/nll 1.522e+00
[2023-02-17 23:20:14] [Epoch   128/  200] trn/loss 7.374e-02, trn/lr 2.907e-04, val/acc 6.935e-01, val/nll 1.508e+00 (best_acc: 6.923e-01 -> 6.935e-01, test_acc: 6.971e-01, test_nll: 1.548e+00)
[2023-02-17 23:20:22] [Epoch   129/  200] trn/loss 7.276e-02, trn/lr 2.836e-04, val/acc 6.952e-01, val/nll 1.478e+00 (best_acc: 6.935e-01 -> 6.952e-01, test_acc: 6.991e-01, test_nll: 1.496e+00)
[2023-02-17 23:20:30] [Epoch   130/  200] trn/loss 6.716e-02, trn/lr 2.765e-04, val/acc 6.969e-01, val/nll 1.449e+00 (best_acc: 6.952e-01 -> 6.969e-01, test_acc: 6.984e-01, test_nll: 1.506e+00)
[2023-02-17 23:20:38] [Epoch   131/  200] trn/loss 6.679e-02, trn/lr 2.695e-04, val/acc 7.004e-01, val/nll 1.474e+00 (best_acc: 6.969e-01 -> 7.004e-01, test_acc: 6.970e-01, test_nll: 1.502e+00)
[2023-02-17 23:20:46] [Epoch   132/  200] trn/loss 6.499e-02, trn/lr 2.626e-04, val/acc 6.914e-01, val/nll 1.490e+00
[2023-02-17 23:20:53] [Epoch   133/  200] trn/loss 6.015e-02, trn/lr 2.557e-04, val/acc 6.940e-01, val/nll 1.435e+00
[2023-02-17 23:21:00] [Epoch   134/  200] trn/loss 6.157e-02, trn/lr 2.489e-04, val/acc 6.991e-01, val/nll 1.451e+00
[2023-02-17 23:21:07] [Epoch   135/  200] trn/loss 6.143e-02, trn/lr 2.421e-04, val/acc 6.955e-01, val/nll 1.468e+00
[2023-02-17 23:21:15] [Epoch   136/  200] trn/loss 5.717e-02, trn/lr 2.354e-04, val/acc 6.976e-01, val/nll 1.457e+00
[2023-02-17 23:21:23] [Epoch   137/  200] trn/loss 5.495e-02, trn/lr 2.288e-04, val/acc 7.046e-01, val/nll 1.427e+00 (best_acc: 7.004e-01 -> 7.046e-01, test_acc: 6.988e-01, test_nll: 1.491e+00)
[2023-02-17 23:21:30] [Epoch   138/  200] trn/loss 5.407e-02, trn/lr 2.222e-04, val/acc 7.029e-01, val/nll 1.437e+00
[2023-02-17 23:21:37] [Epoch   139/  200] trn/loss 5.147e-02, trn/lr 2.157e-04, val/acc 7.012e-01, val/nll 1.452e+00
[2023-02-17 23:21:46] [Epoch   140/  200] trn/loss 4.408e-02, trn/lr 2.093e-04, val/acc 7.059e-01, val/nll 1.443e+00 (best_acc: 7.046e-01 -> 7.059e-01, test_acc: 7.092e-01, test_nll: 1.466e+00)
[2023-02-17 23:21:53] [Epoch   141/  200] trn/loss 4.109e-02, trn/lr 2.030e-04, val/acc 7.033e-01, val/nll 1.450e+00
[2023-02-17 23:22:00] [Epoch   142/  200] trn/loss 4.187e-02, trn/lr 1.967e-04, val/acc 7.048e-01, val/nll 1.425e+00
[2023-02-17 23:22:07] [Epoch   143/  200] trn/loss 4.153e-02, trn/lr 1.905e-04, val/acc 7.006e-01, val/nll 1.463e+00
[2023-02-17 23:22:14] [Epoch   144/  200] trn/loss 3.860e-02, trn/lr 1.843e-04, val/acc 7.030e-01, val/nll 1.447e+00
[2023-02-17 23:22:22] [Epoch   145/  200] trn/loss 4.236e-02, trn/lr 1.783e-04, val/acc 7.006e-01, val/nll 1.464e+00
[2023-02-17 23:22:29] [Epoch   146/  200] trn/loss 4.424e-02, trn/lr 1.723e-04, val/acc 7.037e-01, val/nll 1.451e+00
[2023-02-17 23:22:36] [Epoch   147/  200] trn/loss 3.984e-02, trn/lr 1.664e-04, val/acc 7.059e-01, val/nll 1.422e+00
[2023-02-17 23:22:43] [Epoch   148/  200] trn/loss 3.689e-02, trn/lr 1.606e-04, val/acc 7.045e-01, val/nll 1.433e+00
[2023-02-17 23:22:50] [Epoch   149/  200] trn/loss 3.143e-02, trn/lr 1.549e-04, val/acc 7.058e-01, val/nll 1.422e+00
[2023-02-17 23:22:59] [Epoch   150/  200] trn/loss 2.864e-02, trn/lr 1.493e-04, val/acc 7.088e-01, val/nll 1.390e+00 (best_acc: 7.059e-01 -> 7.088e-01, test_acc: 7.088e-01, test_nll: 1.448e+00)
[2023-02-17 23:23:07] [Epoch   151/  200] trn/loss 2.912e-02, trn/lr 1.437e-04, val/acc 7.101e-01, val/nll 1.417e+00 (best_acc: 7.088e-01 -> 7.101e-01, test_acc: 7.100e-01, test_nll: 1.442e+00)
[2023-02-17 23:23:14] [Epoch   152/  200] trn/loss 2.731e-02, trn/lr 1.382e-04, val/acc 7.073e-01, val/nll 1.413e+00
[2023-02-17 23:23:21] [Epoch   153/  200] trn/loss 2.615e-02, trn/lr 1.329e-04, val/acc 7.098e-01, val/nll 1.389e+00
[2023-02-17 23:23:30] [Epoch   154/  200] trn/loss 2.262e-02, trn/lr 1.276e-04, val/acc 7.156e-01, val/nll 1.386e+00 (best_acc: 7.101e-01 -> 7.156e-01, test_acc: 7.109e-01, test_nll: 1.425e+00)
[2023-02-17 23:23:37] [Epoch   155/  200] trn/loss 2.335e-02, trn/lr 1.224e-04, val/acc 7.154e-01, val/nll 1.387e+00
[2023-02-17 23:23:44] [Epoch   156/  200] trn/loss 2.492e-02, trn/lr 1.173e-04, val/acc 7.088e-01, val/nll 1.424e+00
[2023-02-17 23:23:51] [Epoch   157/  200] trn/loss 2.517e-02, trn/lr 1.123e-04, val/acc 7.123e-01, val/nll 1.397e+00
[2023-02-17 23:23:58] [Epoch   158/  200] trn/loss 2.401e-02, trn/lr 1.074e-04, val/acc 7.122e-01, val/nll 1.373e+00
[2023-02-17 23:24:06] [Epoch   159/  200] trn/loss 2.352e-02, trn/lr 1.025e-04, val/acc 7.134e-01, val/nll 1.371e+00
[2023-02-17 23:24:14] [Epoch   160/  200] trn/loss 2.101e-02, trn/lr 9.783e-05, val/acc 7.185e-01, val/nll 1.357e+00 (best_acc: 7.156e-01 -> 7.185e-01, test_acc: 7.171e-01, test_nll: 1.396e+00)
[2023-02-17 23:24:21] [Epoch   161/  200] trn/loss 2.012e-02, trn/lr 9.321e-05, val/acc 7.149e-01, val/nll 1.359e+00
[2023-02-17 23:24:29] [Epoch   162/  200] trn/loss 1.844e-02, trn/lr 8.870e-05, val/acc 7.216e-01, val/nll 1.330e+00 (best_acc: 7.185e-01 -> 7.216e-01, test_acc: 7.174e-01, test_nll: 1.361e+00)
[2023-02-17 23:24:36] [Epoch   163/  200] trn/loss 1.577e-02, trn/lr 8.428e-05, val/acc 7.196e-01, val/nll 1.341e+00
[2023-02-17 23:24:43] [Epoch   164/  200] trn/loss 1.567e-02, trn/lr 7.997e-05, val/acc 7.213e-01, val/nll 1.336e+00
[2023-02-17 23:24:51] [Epoch   165/  200] trn/loss 1.420e-02, trn/lr 7.576e-05, val/acc 7.178e-01, val/nll 1.330e+00
[2023-02-17 23:24:59] [Epoch   166/  200] trn/loss 1.396e-02, trn/lr 7.166e-05, val/acc 7.243e-01, val/nll 1.332e+00 (best_acc: 7.216e-01 -> 7.243e-01, test_acc: 7.176e-01, test_nll: 1.361e+00)
[2023-02-17 23:25:06] [Epoch   167/  200] trn/loss 1.405e-02, trn/lr 6.766e-05, val/acc 7.204e-01, val/nll 1.322e+00
[2023-02-17 23:25:13] [Epoch   168/  200] trn/loss 1.398e-02, trn/lr 6.377e-05, val/acc 7.198e-01, val/nll 1.315e+00
[2023-02-17 23:25:21] [Epoch   169/  200] trn/loss 1.400e-02, trn/lr 5.998e-05, val/acc 7.229e-01, val/nll 1.313e+00
[2023-02-17 23:25:28] [Epoch   170/  200] trn/loss 1.266e-02, trn/lr 5.631e-05, val/acc 7.227e-01, val/nll 1.306e+00
[2023-02-17 23:25:35] [Epoch   171/  200] trn/loss 1.216e-02, trn/lr 5.274e-05, val/acc 7.173e-01, val/nll 1.312e+00
[2023-02-17 23:25:42] [Epoch   172/  200] trn/loss 1.153e-02, trn/lr 4.929e-05, val/acc 7.242e-01, val/nll 1.281e+00
[2023-02-17 23:25:50] [Epoch   173/  200] trn/loss 1.161e-02, trn/lr 4.594e-05, val/acc 7.253e-01, val/nll 1.282e+00 (best_acc: 7.243e-01 -> 7.253e-01, test_acc: 7.222e-01, test_nll: 1.326e+00)
[2023-02-17 23:25:58] [Epoch   174/  200] trn/loss 1.126e-02, trn/lr 4.271e-05, val/acc 7.240e-01, val/nll 1.291e+00
[2023-02-17 23:26:05] [Epoch   175/  200] trn/loss 1.087e-02, trn/lr 3.959e-05, val/acc 7.215e-01, val/nll 1.299e+00
[2023-02-17 23:26:13] [Epoch   176/  200] trn/loss 1.075e-02, trn/lr 3.659e-05, val/acc 7.258e-01, val/nll 1.276e+00 (best_acc: 7.253e-01 -> 7.258e-01, test_acc: 7.264e-01, test_nll: 1.304e+00)
[2023-02-17 23:26:20] [Epoch   177/  200] trn/loss 1.111e-02, trn/lr 3.369e-05, val/acc 7.254e-01, val/nll 1.287e+00
[2023-02-17 23:26:28] [Epoch   178/  200] trn/loss 9.911e-03, trn/lr 3.092e-05, val/acc 7.243e-01, val/nll 1.270e+00
[2023-02-17 23:26:36] [Epoch   179/  200] trn/loss 9.280e-03, trn/lr 2.826e-05, val/acc 7.277e-01, val/nll 1.277e+00 (best_acc: 7.258e-01 -> 7.277e-01, test_acc: 7.272e-01, test_nll: 1.299e+00)
[2023-02-17 23:26:43] [Epoch   180/  200] trn/loss 9.178e-03, trn/lr 2.571e-05, val/acc 7.260e-01, val/nll 1.269e+00
[2023-02-17 23:26:51] [Epoch   181/  200] trn/loss 8.915e-03, trn/lr 2.329e-05, val/acc 7.280e-01, val/nll 1.264e+00 (best_acc: 7.277e-01 -> 7.280e-01, test_acc: 7.283e-01, test_nll: 1.287e+00)
[2023-02-17 23:27:00] [Epoch   182/  200] trn/loss 8.916e-03, trn/lr 2.098e-05, val/acc 7.282e-01, val/nll 1.254e+00 (best_acc: 7.280e-01 -> 7.282e-01, test_acc: 7.281e-01, test_nll: 1.282e+00)
[2023-02-17 23:27:07] [Epoch   183/  200] trn/loss 8.567e-03, trn/lr 1.878e-05, val/acc 7.260e-01, val/nll 1.255e+00
[2023-02-17 23:27:15] [Epoch   184/  200] trn/loss 8.535e-03, trn/lr 1.671e-05, val/acc 7.287e-01, val/nll 1.254e+00 (best_acc: 7.282e-01 -> 7.287e-01, test_acc: 7.285e-01, test_nll: 1.288e+00)
[2023-02-17 23:27:23] [Epoch   185/  200] trn/loss 8.624e-03, trn/lr 1.476e-05, val/acc 7.293e-01, val/nll 1.248e+00 (best_acc: 7.287e-01 -> 7.293e-01, test_acc: 7.296e-01, test_nll: 1.279e+00)
[2023-02-17 23:27:31] [Epoch   186/  200] trn/loss 7.817e-03, trn/lr 1.292e-05, val/acc 7.287e-01, val/nll 1.248e+00
[2023-02-17 23:27:38] [Epoch   187/  200] trn/loss 8.372e-03, trn/lr 1.121e-05, val/acc 7.288e-01, val/nll 1.245e+00
[2023-02-17 23:27:46] [Epoch   188/  200] trn/loss 7.974e-03, trn/lr 9.617e-06, val/acc 7.295e-01, val/nll 1.243e+00 (best_acc: 7.293e-01 -> 7.295e-01, test_acc: 7.297e-01, test_nll: 1.272e+00)
[2023-02-17 23:27:55] [Epoch   189/  200] trn/loss 7.911e-03, trn/lr 8.145e-06, val/acc 7.329e-01, val/nll 1.237e+00 (best_acc: 7.295e-01 -> 7.329e-01, test_acc: 7.292e-01, test_nll: 1.270e+00)
[2023-02-17 23:28:03] [Epoch   190/  200] trn/loss 7.906e-03, trn/lr 6.794e-06, val/acc 7.335e-01, val/nll 1.239e+00 (best_acc: 7.329e-01 -> 7.335e-01, test_acc: 7.302e-01, test_nll: 1.271e+00)
[2023-02-17 23:28:10] [Epoch   191/  200] trn/loss 7.434e-03, trn/lr 5.565e-06, val/acc 7.321e-01, val/nll 1.236e+00
[2023-02-17 23:28:17] [Epoch   192/  200] trn/loss 7.752e-03, trn/lr 4.458e-06, val/acc 7.317e-01, val/nll 1.236e+00
[2023-02-17 23:28:24] [Epoch   193/  200] trn/loss 7.616e-03, trn/lr 3.474e-06, val/acc 7.321e-01, val/nll 1.238e+00
[2023-02-17 23:28:32] [Epoch   194/  200] trn/loss 7.667e-03, trn/lr 2.612e-06, val/acc 7.320e-01, val/nll 1.237e+00
[2023-02-17 23:28:39] [Epoch   195/  200] trn/loss 7.440e-03, trn/lr 1.872e-06, val/acc 7.332e-01, val/nll 1.234e+00
[2023-02-17 23:28:46] [Epoch   196/  200] trn/loss 7.281e-03, trn/lr 1.255e-06, val/acc 7.324e-01, val/nll 1.234e+00
[2023-02-17 23:28:53] [Epoch   197/  200] trn/loss 7.040e-03, trn/lr 7.619e-07, val/acc 7.322e-01, val/nll 1.234e+00
[2023-02-17 23:29:00] [Epoch   198/  200] trn/loss 7.035e-03, trn/lr 3.916e-07, val/acc 7.329e-01, val/nll 1.233e+00
[2023-02-17 23:29:08] [Epoch   199/  200] trn/loss 7.039e-03, trn/lr 1.445e-07, val/acc 7.317e-01, val/nll 1.234e+00
[2023-02-17 23:29:15] [Epoch   200/  200] trn/loss 7.429e-03, trn/lr 2.075e-08, val/acc 7.334e-01, val/nll 1.233e+00
