[2023-02-03 01:09:18] Environments:
------------  --------------------------------------------------------------------------------
sys.platform  linux
Python        3.10.8 (main, Nov 24 2022, 14:13:03) [GCC 11.2.0]
JAX           0.4.1 @/mnt/home/giung/.conda/envs/jax-vessl/lib/python3.10/site-packages/jax
jaxlib        0.4.1 @/mnt/home/giung/.conda/envs/jax-vessl/lib/python3.10/site-packages/jaxlib
Flax          0.6.3 @/mnt/home/giung/.conda/envs/jax-vessl/lib/python3.10/site-packages/flax
Optax         0.1.4 @/mnt/home/giung/.conda/envs/jax-vessl/lib/python3.10/site-packages/optax
------------  --------------------------------------------------------------------------------

[2023-02-03 01:09:18] Command line arguments:
- args.data_root          : ./data/
- args.data_name          : CIFAR10_x32
- args.data_augmentation  : standard
- args.data_proportional  : 1.0
- args.model_depth        : 20
- args.model_width        : 2
- args.model_style        : BN-ReLU
- args.optim_bs           : 256
- args.optim_ne           : 200
- args.optim_lr           : 0.3
- args.optim_momentum     : 0.9
- args.optim_weight_decay : 0.0001
- args.save               : /mnt/home/giung/giung2-dev/projects/residual-networks/save/CIFAR10_x32/R20x2-BN-ReLU/bs-0256_ne-0200_lr-0.30_mo-0.90_wd-0.0001_fp32/42
- args.seed               : 42
- args.precision          : fp32

[2023-02-03 01:09:54] [Epoch     1/  200] trn/loss 2.476e+00, trn/lr 3.000e-01, val/acc 2.076e-01, val/nll 2.093e+00 (best_acc: 0.000e+00 -> 2.076e-01, test_acc: 1.976e-01, test_nll: 2.104e+00)
[2023-02-03 01:10:01] [Epoch     2/  200] trn/loss 2.021e+00, trn/lr 3.000e-01, val/acc 2.511e-01, val/nll 1.902e+00 (best_acc: 2.076e-01 -> 2.511e-01, test_acc: 2.582e-01, test_nll: 1.895e+00)
[2023-02-03 01:10:08] [Epoch     3/  200] trn/loss 1.822e+00, trn/lr 2.999e-01, val/acc 3.323e-01, val/nll 1.751e+00 (best_acc: 2.511e-01 -> 3.323e-01, test_acc: 3.322e-01, test_nll: 1.750e+00)
[2023-02-03 01:10:15] [Epoch     4/  200] trn/loss 1.629e+00, trn/lr 2.998e-01, val/acc 4.197e-01, val/nll 1.620e+00 (best_acc: 3.323e-01 -> 4.197e-01, test_acc: 4.232e-01, test_nll: 1.626e+00)
[2023-02-03 01:10:22] [Epoch     5/  200] trn/loss 1.461e+00, trn/lr 2.996e-01, val/acc 4.879e-01, val/nll 1.368e+00 (best_acc: 4.197e-01 -> 4.879e-01, test_acc: 4.875e-01, test_nll: 1.377e+00)
[2023-02-03 01:10:29] [Epoch     6/  200] trn/loss 1.318e+00, trn/lr 2.994e-01, val/acc 5.386e-01, val/nll 1.297e+00 (best_acc: 4.879e-01 -> 5.386e-01, test_acc: 5.260e-01, test_nll: 1.322e+00)
[2023-02-03 01:10:36] [Epoch     7/  200] trn/loss 1.169e+00, trn/lr 2.992e-01, val/acc 6.030e-01, val/nll 1.124e+00 (best_acc: 5.386e-01 -> 6.030e-01, test_acc: 6.036e-01, test_nll: 1.125e+00)
[2023-02-03 01:10:43] [Epoch     8/  200] trn/loss 1.010e+00, trn/lr 2.990e-01, val/acc 5.894e-01, val/nll 1.193e+00
[2023-02-03 01:10:50] [Epoch     9/  200] trn/loss 8.853e-01, trn/lr 2.987e-01, val/acc 6.279e-01, val/nll 1.099e+00 (best_acc: 6.030e-01 -> 6.279e-01, test_acc: 6.299e-01, test_nll: 1.089e+00)
[2023-02-03 01:10:57] [Epoch    10/  200] trn/loss 7.911e-01, trn/lr 2.983e-01, val/acc 7.117e-01, val/nll 8.455e-01 (best_acc: 6.279e-01 -> 7.117e-01, test_acc: 7.060e-01, test_nll: 8.663e-01)
[2023-02-03 01:11:04] [Epoch    11/  200] trn/loss 6.989e-01, trn/lr 2.980e-01, val/acc 7.512e-01, val/nll 7.139e-01 (best_acc: 7.117e-01 -> 7.512e-01, test_acc: 7.468e-01, test_nll: 7.369e-01)
[2023-02-03 01:11:12] [Epoch    12/  200] trn/loss 6.360e-01, trn/lr 2.976e-01, val/acc 7.631e-01, val/nll 7.160e-01 (best_acc: 7.512e-01 -> 7.631e-01, test_acc: 7.583e-01, test_nll: 7.329e-01)
[2023-02-03 01:11:19] [Epoch    13/  200] trn/loss 5.837e-01, trn/lr 2.971e-01, val/acc 7.844e-01, val/nll 6.305e-01 (best_acc: 7.631e-01 -> 7.844e-01, test_acc: 7.857e-01, test_nll: 6.370e-01)
[2023-02-03 01:11:25] [Epoch    14/  200] trn/loss 5.487e-01, trn/lr 2.966e-01, val/acc 7.632e-01, val/nll 7.747e-01
[2023-02-03 01:11:32] [Epoch    15/  200] trn/loss 5.184e-01, trn/lr 2.961e-01, val/acc 7.778e-01, val/nll 6.597e-01
[2023-02-03 01:11:39] [Epoch    16/  200] trn/loss 4.906e-01, trn/lr 2.956e-01, val/acc 7.927e-01, val/nll 6.406e-01 (best_acc: 7.844e-01 -> 7.927e-01, test_acc: 7.875e-01, test_nll: 6.681e-01)
[2023-02-03 01:11:46] [Epoch    17/  200] trn/loss 4.629e-01, trn/lr 2.950e-01, val/acc 7.772e-01, val/nll 6.823e-01
[2023-02-03 01:11:53] [Epoch    18/  200] trn/loss 4.403e-01, trn/lr 2.944e-01, val/acc 8.154e-01, val/nll 5.556e-01 (best_acc: 7.927e-01 -> 8.154e-01, test_acc: 8.085e-01, test_nll: 5.695e-01)
[2023-02-03 01:12:00] [Epoch    19/  200] trn/loss 4.169e-01, trn/lr 2.937e-01, val/acc 8.062e-01, val/nll 6.152e-01
[2023-02-03 01:12:06] [Epoch    20/  200] trn/loss 4.044e-01, trn/lr 2.930e-01, val/acc 7.619e-01, val/nll 7.625e-01
[2023-02-03 01:12:13] [Epoch    21/  200] trn/loss 3.894e-01, trn/lr 2.923e-01, val/acc 8.171e-01, val/nll 5.966e-01 (best_acc: 8.154e-01 -> 8.171e-01, test_acc: 8.042e-01, test_nll: 6.287e-01)
[2023-02-03 01:12:20] [Epoch    22/  200] trn/loss 3.773e-01, trn/lr 2.915e-01, val/acc 8.361e-01, val/nll 5.176e-01 (best_acc: 8.171e-01 -> 8.361e-01, test_acc: 8.262e-01, test_nll: 5.409e-01)
[2023-02-03 01:12:27] [Epoch    23/  200] trn/loss 3.660e-01, trn/lr 2.907e-01, val/acc 7.799e-01, val/nll 7.481e-01
[2023-02-03 01:12:34] [Epoch    24/  200] trn/loss 3.520e-01, trn/lr 2.899e-01, val/acc 8.218e-01, val/nll 5.675e-01
[2023-02-03 01:12:40] [Epoch    25/  200] trn/loss 3.387e-01, trn/lr 2.890e-01, val/acc 8.300e-01, val/nll 5.642e-01
[2023-02-03 01:12:47] [Epoch    26/  200] trn/loss 3.320e-01, trn/lr 2.881e-01, val/acc 7.854e-01, val/nll 7.252e-01
[2023-02-03 01:12:54] [Epoch    27/  200] trn/loss 3.254e-01, trn/lr 2.872e-01, val/acc 8.038e-01, val/nll 6.372e-01
[2023-02-03 01:13:00] [Epoch    28/  200] trn/loss 3.072e-01, trn/lr 2.862e-01, val/acc 8.131e-01, val/nll 6.414e-01
[2023-02-03 01:13:07] [Epoch    29/  200] trn/loss 3.020e-01, trn/lr 2.852e-01, val/acc 8.492e-01, val/nll 4.878e-01 (best_acc: 8.361e-01 -> 8.492e-01, test_acc: 8.429e-01, test_nll: 4.981e-01)
[2023-02-03 01:13:14] [Epoch    30/  200] trn/loss 2.994e-01, trn/lr 2.842e-01, val/acc 8.428e-01, val/nll 5.110e-01
[2023-02-03 01:13:21] [Epoch    31/  200] trn/loss 2.964e-01, trn/lr 2.831e-01, val/acc 8.385e-01, val/nll 5.354e-01
[2023-02-03 01:13:27] [Epoch    32/  200] trn/loss 2.815e-01, trn/lr 2.820e-01, val/acc 8.288e-01, val/nll 5.832e-01
[2023-02-03 01:13:34] [Epoch    33/  200] trn/loss 2.764e-01, trn/lr 2.809e-01, val/acc 8.551e-01, val/nll 4.600e-01 (best_acc: 8.492e-01 -> 8.551e-01, test_acc: 8.471e-01, test_nll: 4.823e-01)
[2023-02-03 01:13:41] [Epoch    34/  200] trn/loss 2.644e-01, trn/lr 2.797e-01, val/acc 8.429e-01, val/nll 5.398e-01
[2023-02-03 01:13:48] [Epoch    35/  200] trn/loss 2.592e-01, trn/lr 2.785e-01, val/acc 8.517e-01, val/nll 5.066e-01
[2023-02-03 01:13:54] [Epoch    36/  200] trn/loss 2.671e-01, trn/lr 2.773e-01, val/acc 8.150e-01, val/nll 6.529e-01
[2023-02-03 01:14:01] [Epoch    37/  200] trn/loss 2.572e-01, trn/lr 2.760e-01, val/acc 8.272e-01, val/nll 6.088e-01
[2023-02-03 01:14:08] [Epoch    38/  200] trn/loss 2.503e-01, trn/lr 2.747e-01, val/acc 8.394e-01, val/nll 5.287e-01
[2023-02-03 01:14:14] [Epoch    39/  200] trn/loss 2.410e-01, trn/lr 2.734e-01, val/acc 8.463e-01, val/nll 4.996e-01
[2023-02-03 01:14:21] [Epoch    40/  200] trn/loss 2.406e-01, trn/lr 2.720e-01, val/acc 8.280e-01, val/nll 6.458e-01
[2023-02-03 01:14:28] [Epoch    41/  200] trn/loss 2.398e-01, trn/lr 2.707e-01, val/acc 8.532e-01, val/nll 4.766e-01
[2023-02-03 01:14:35] [Epoch    42/  200] trn/loss 2.271e-01, trn/lr 2.692e-01, val/acc 8.610e-01, val/nll 4.613e-01 (best_acc: 8.551e-01 -> 8.610e-01, test_acc: 8.536e-01, test_nll: 4.847e-01)
[2023-02-03 01:14:41] [Epoch    43/  200] trn/loss 2.259e-01, trn/lr 2.678e-01, val/acc 8.610e-01, val/nll 4.441e-01
[2023-02-03 01:14:48] [Epoch    44/  200] trn/loss 2.183e-01, trn/lr 2.663e-01, val/acc 8.263e-01, val/nll 5.765e-01
[2023-02-03 01:14:55] [Epoch    45/  200] trn/loss 2.158e-01, trn/lr 2.648e-01, val/acc 8.163e-01, val/nll 6.620e-01
[2023-02-03 01:15:01] [Epoch    46/  200] trn/loss 2.200e-01, trn/lr 2.633e-01, val/acc 8.440e-01, val/nll 5.346e-01
[2023-02-03 01:15:08] [Epoch    47/  200] trn/loss 2.074e-01, trn/lr 2.617e-01, val/acc 8.633e-01, val/nll 4.282e-01 (best_acc: 8.610e-01 -> 8.633e-01, test_acc: 8.626e-01, test_nll: 4.439e-01)
[2023-02-03 01:15:15] [Epoch    48/  200] trn/loss 2.097e-01, trn/lr 2.602e-01, val/acc 8.595e-01, val/nll 4.512e-01
[2023-02-03 01:15:22] [Epoch    49/  200] trn/loss 2.023e-01, trn/lr 2.585e-01, val/acc 8.436e-01, val/nll 5.677e-01
[2023-02-03 01:15:28] [Epoch    50/  200] trn/loss 2.038e-01, trn/lr 2.569e-01, val/acc 8.455e-01, val/nll 5.612e-01
[2023-02-03 01:15:35] [Epoch    51/  200] trn/loss 1.988e-01, trn/lr 2.552e-01, val/acc 8.538e-01, val/nll 4.920e-01
[2023-02-03 01:15:42] [Epoch    52/  200] trn/loss 1.950e-01, trn/lr 2.535e-01, val/acc 8.491e-01, val/nll 5.181e-01
[2023-02-03 01:15:48] [Epoch    53/  200] trn/loss 1.972e-01, trn/lr 2.518e-01, val/acc 8.408e-01, val/nll 5.726e-01
[2023-02-03 01:15:55] [Epoch    54/  200] trn/loss 1.875e-01, trn/lr 2.501e-01, val/acc 8.468e-01, val/nll 5.419e-01
[2023-02-03 01:16:02] [Epoch    55/  200] trn/loss 1.797e-01, trn/lr 2.483e-01, val/acc 8.581e-01, val/nll 4.885e-01
[2023-02-03 01:16:08] [Epoch    56/  200] trn/loss 1.848e-01, trn/lr 2.465e-01, val/acc 8.515e-01, val/nll 5.459e-01
[2023-02-03 01:16:15] [Epoch    57/  200] trn/loss 1.747e-01, trn/lr 2.447e-01, val/acc 8.535e-01, val/nll 5.208e-01
[2023-02-03 01:16:21] [Epoch    58/  200] trn/loss 1.803e-01, trn/lr 2.429e-01, val/acc 8.544e-01, val/nll 5.216e-01
[2023-02-03 01:16:28] [Epoch    59/  200] trn/loss 1.814e-01, trn/lr 2.410e-01, val/acc 8.562e-01, val/nll 5.235e-01
[2023-02-03 01:16:35] [Epoch    60/  200] trn/loss 1.717e-01, trn/lr 2.391e-01, val/acc 8.722e-01, val/nll 4.592e-01 (best_acc: 8.633e-01 -> 8.722e-01, test_acc: 8.654e-01, test_nll: 4.921e-01)
[2023-02-03 01:16:42] [Epoch    61/  200] trn/loss 1.704e-01, trn/lr 2.372e-01, val/acc 8.650e-01, val/nll 4.913e-01
[2023-02-03 01:16:49] [Epoch    62/  200] trn/loss 1.677e-01, trn/lr 2.353e-01, val/acc 8.628e-01, val/nll 4.882e-01
[2023-02-03 01:16:55] [Epoch    63/  200] trn/loss 1.700e-01, trn/lr 2.333e-01, val/acc 8.456e-01, val/nll 5.940e-01
[2023-02-03 01:17:02] [Epoch    64/  200] trn/loss 1.618e-01, trn/lr 2.314e-01, val/acc 8.765e-01, val/nll 4.297e-01 (best_acc: 8.722e-01 -> 8.765e-01, test_acc: 8.769e-01, test_nll: 4.414e-01)
[2023-02-03 01:17:09] [Epoch    65/  200] trn/loss 1.615e-01, trn/lr 2.294e-01, val/acc 8.543e-01, val/nll 5.397e-01
[2023-02-03 01:17:16] [Epoch    66/  200] trn/loss 1.583e-01, trn/lr 2.274e-01, val/acc 8.567e-01, val/nll 4.982e-01
[2023-02-03 01:17:22] [Epoch    67/  200] trn/loss 1.606e-01, trn/lr 2.253e-01, val/acc 8.680e-01, val/nll 4.763e-01
[2023-02-03 01:17:29] [Epoch    68/  200] trn/loss 1.472e-01, trn/lr 2.233e-01, val/acc 8.472e-01, val/nll 5.443e-01
[2023-02-03 01:17:36] [Epoch    69/  200] trn/loss 1.510e-01, trn/lr 2.212e-01, val/acc 8.565e-01, val/nll 5.021e-01
[2023-02-03 01:17:42] [Epoch    70/  200] trn/loss 1.484e-01, trn/lr 2.192e-01, val/acc 8.381e-01, val/nll 6.583e-01
[2023-02-03 01:17:49] [Epoch    71/  200] trn/loss 1.428e-01, trn/lr 2.171e-01, val/acc 8.777e-01, val/nll 4.382e-01 (best_acc: 8.765e-01 -> 8.777e-01, test_acc: 8.703e-01, test_nll: 4.451e-01)
[2023-02-03 01:17:56] [Epoch    72/  200] trn/loss 1.524e-01, trn/lr 2.149e-01, val/acc 8.405e-01, val/nll 5.794e-01
[2023-02-03 01:18:03] [Epoch    73/  200] trn/loss 1.386e-01, trn/lr 2.128e-01, val/acc 8.680e-01, val/nll 4.804e-01
[2023-02-03 01:18:10] [Epoch    74/  200] trn/loss 1.335e-01, trn/lr 2.107e-01, val/acc 8.784e-01, val/nll 4.479e-01 (best_acc: 8.777e-01 -> 8.784e-01, test_acc: 8.674e-01, test_nll: 4.678e-01)
[2023-02-03 01:18:16] [Epoch    75/  200] trn/loss 1.349e-01, trn/lr 2.085e-01, val/acc 8.747e-01, val/nll 4.945e-01
[2023-02-03 01:18:23] [Epoch    76/  200] trn/loss 1.351e-01, trn/lr 2.063e-01, val/acc 8.658e-01, val/nll 4.806e-01
[2023-02-03 01:18:30] [Epoch    77/  200] trn/loss 1.302e-01, trn/lr 2.041e-01, val/acc 8.736e-01, val/nll 4.522e-01
[2023-02-03 01:18:36] [Epoch    78/  200] trn/loss 1.313e-01, trn/lr 2.019e-01, val/acc 8.564e-01, val/nll 5.518e-01
[2023-02-03 01:18:43] [Epoch    79/  200] trn/loss 1.315e-01, trn/lr 1.997e-01, val/acc 8.819e-01, val/nll 4.501e-01 (best_acc: 8.784e-01 -> 8.819e-01, test_acc: 8.700e-01, test_nll: 4.968e-01)
[2023-02-03 01:18:50] [Epoch    80/  200] trn/loss 1.226e-01, trn/lr 1.975e-01, val/acc 8.663e-01, val/nll 5.168e-01
[2023-02-03 01:18:57] [Epoch    81/  200] trn/loss 1.194e-01, trn/lr 1.952e-01, val/acc 8.654e-01, val/nll 5.242e-01
[2023-02-03 01:19:04] [Epoch    82/  200] trn/loss 1.201e-01, trn/lr 1.930e-01, val/acc 8.899e-01, val/nll 3.959e-01 (best_acc: 8.819e-01 -> 8.899e-01, test_acc: 8.849e-01, test_nll: 4.209e-01)
[2023-02-03 01:19:10] [Epoch    83/  200] trn/loss 1.204e-01, trn/lr 1.907e-01, val/acc 8.667e-01, val/nll 5.195e-01
[2023-02-03 01:19:18] [Epoch    84/  200] trn/loss 1.293e-01, trn/lr 1.885e-01, val/acc 8.910e-01, val/nll 4.071e-01 (best_acc: 8.899e-01 -> 8.910e-01, test_acc: 8.813e-01, test_nll: 4.184e-01)
[2023-02-03 01:19:24] [Epoch    85/  200] trn/loss 1.115e-01, trn/lr 1.862e-01, val/acc 8.532e-01, val/nll 5.602e-01
[2023-02-03 01:19:31] [Epoch    86/  200] trn/loss 1.162e-01, trn/lr 1.839e-01, val/acc 8.688e-01, val/nll 5.120e-01
[2023-02-03 01:19:37] [Epoch    87/  200] trn/loss 1.131e-01, trn/lr 1.816e-01, val/acc 8.897e-01, val/nll 4.153e-01
[2023-02-03 01:19:44] [Epoch    88/  200] trn/loss 1.153e-01, trn/lr 1.793e-01, val/acc 8.529e-01, val/nll 5.976e-01
[2023-02-03 01:19:51] [Epoch    89/  200] trn/loss 1.093e-01, trn/lr 1.770e-01, val/acc 8.546e-01, val/nll 6.050e-01
[2023-02-03 01:19:57] [Epoch    90/  200] trn/loss 1.087e-01, trn/lr 1.746e-01, val/acc 8.840e-01, val/nll 4.322e-01
[2023-02-03 01:20:04] [Epoch    91/  200] trn/loss 1.056e-01, trn/lr 1.723e-01, val/acc 8.831e-01, val/nll 4.537e-01
[2023-02-03 01:20:11] [Epoch    92/  200] trn/loss 1.025e-01, trn/lr 1.700e-01, val/acc 8.660e-01, val/nll 5.590e-01
[2023-02-03 01:20:18] [Epoch    93/  200] trn/loss 1.024e-01, trn/lr 1.676e-01, val/acc 8.967e-01, val/nll 4.011e-01 (best_acc: 8.910e-01 -> 8.967e-01, test_acc: 8.920e-01, test_nll: 4.136e-01)
[2023-02-03 01:20:24] [Epoch    94/  200] trn/loss 9.317e-02, trn/lr 1.653e-01, val/acc 8.808e-01, val/nll 4.793e-01
[2023-02-03 01:20:31] [Epoch    95/  200] trn/loss 9.529e-02, trn/lr 1.630e-01, val/acc 8.638e-01, val/nll 5.264e-01
[2023-02-03 01:20:38] [Epoch    96/  200] trn/loss 9.575e-02, trn/lr 1.606e-01, val/acc 8.737e-01, val/nll 5.029e-01
[2023-02-03 01:20:44] [Epoch    97/  200] trn/loss 9.380e-02, trn/lr 1.582e-01, val/acc 8.754e-01, val/nll 4.475e-01
[2023-02-03 01:20:51] [Epoch    98/  200] trn/loss 8.658e-02, trn/lr 1.559e-01, val/acc 8.635e-01, val/nll 5.628e-01
[2023-02-03 01:20:58] [Epoch    99/  200] trn/loss 9.104e-02, trn/lr 1.535e-01, val/acc 8.831e-01, val/nll 4.838e-01
[2023-02-03 01:21:04] [Epoch   100/  200] trn/loss 7.637e-02, trn/lr 1.512e-01, val/acc 8.743e-01, val/nll 5.111e-01
[2023-02-03 01:21:11] [Epoch   101/  200] trn/loss 8.753e-02, trn/lr 1.488e-01, val/acc 8.513e-01, val/nll 6.081e-01
[2023-02-03 01:21:18] [Epoch   102/  200] trn/loss 8.663e-02, trn/lr 1.465e-01, val/acc 8.788e-01, val/nll 4.802e-01
[2023-02-03 01:21:24] [Epoch   103/  200] trn/loss 8.086e-02, trn/lr 1.441e-01, val/acc 8.952e-01, val/nll 4.208e-01
[2023-02-03 01:21:31] [Epoch   104/  200] trn/loss 7.960e-02, trn/lr 1.418e-01, val/acc 8.890e-01, val/nll 4.600e-01
[2023-02-03 01:21:37] [Epoch   105/  200] trn/loss 8.175e-02, trn/lr 1.394e-01, val/acc 8.803e-01, val/nll 4.938e-01
[2023-02-03 01:21:44] [Epoch   106/  200] trn/loss 7.385e-02, trn/lr 1.371e-01, val/acc 8.937e-01, val/nll 4.196e-01
[2023-02-03 01:21:51] [Epoch   107/  200] trn/loss 7.593e-02, trn/lr 1.347e-01, val/acc 8.760e-01, val/nll 4.754e-01
[2023-02-03 01:21:57] [Epoch   108/  200] trn/loss 7.858e-02, trn/lr 1.324e-01, val/acc 8.790e-01, val/nll 4.911e-01
[2023-02-03 01:22:04] [Epoch   109/  200] trn/loss 6.178e-02, trn/lr 1.300e-01, val/acc 8.801e-01, val/nll 4.960e-01
[2023-02-03 01:22:11] [Epoch   110/  200] trn/loss 6.554e-02, trn/lr 1.277e-01, val/acc 8.966e-01, val/nll 4.107e-01
[2023-02-03 01:22:17] [Epoch   111/  200] trn/loss 5.676e-02, trn/lr 1.254e-01, val/acc 8.952e-01, val/nll 4.252e-01
[2023-02-03 01:22:24] [Epoch   112/  200] trn/loss 5.888e-02, trn/lr 1.231e-01, val/acc 8.896e-01, val/nll 4.887e-01
[2023-02-03 01:22:31] [Epoch   113/  200] trn/loss 6.516e-02, trn/lr 1.207e-01, val/acc 8.890e-01, val/nll 4.454e-01
[2023-02-03 01:22:37] [Epoch   114/  200] trn/loss 6.648e-02, trn/lr 1.184e-01, val/acc 8.921e-01, val/nll 4.482e-01
[2023-02-03 01:22:44] [Epoch   115/  200] trn/loss 5.930e-02, trn/lr 1.161e-01, val/acc 8.985e-01, val/nll 4.091e-01 (best_acc: 8.967e-01 -> 8.985e-01, test_acc: 8.933e-01, test_nll: 4.178e-01)
[2023-02-03 01:22:51] [Epoch   116/  200] trn/loss 6.077e-02, trn/lr 1.138e-01, val/acc 8.894e-01, val/nll 4.715e-01
[2023-02-03 01:22:58] [Epoch   117/  200] trn/loss 5.642e-02, trn/lr 1.116e-01, val/acc 9.037e-01, val/nll 3.886e-01 (best_acc: 8.985e-01 -> 9.037e-01, test_acc: 8.930e-01, test_nll: 4.193e-01)
[2023-02-03 01:23:05] [Epoch   118/  200] trn/loss 5.030e-02, trn/lr 1.093e-01, val/acc 9.051e-01, val/nll 3.950e-01 (best_acc: 9.037e-01 -> 9.051e-01, test_acc: 9.004e-01, test_nll: 4.068e-01)
[2023-02-03 01:23:12] [Epoch   119/  200] trn/loss 4.855e-02, trn/lr 1.070e-01, val/acc 9.029e-01, val/nll 3.938e-01
[2023-02-03 01:23:19] [Epoch   120/  200] trn/loss 4.568e-02, trn/lr 1.048e-01, val/acc 9.053e-01, val/nll 3.976e-01 (best_acc: 9.051e-01 -> 9.053e-01, test_acc: 9.036e-01, test_nll: 4.110e-01)
[2023-02-03 01:23:26] [Epoch   121/  200] trn/loss 4.342e-02, trn/lr 1.025e-01, val/acc 8.985e-01, val/nll 4.388e-01
[2023-02-03 01:23:32] [Epoch   122/  200] trn/loss 4.205e-02, trn/lr 1.003e-01, val/acc 8.938e-01, val/nll 4.427e-01
[2023-02-03 01:23:39] [Epoch   123/  200] trn/loss 4.809e-02, trn/lr 9.809e-02, val/acc 8.958e-01, val/nll 4.431e-01
[2023-02-03 01:23:46] [Epoch   124/  200] trn/loss 4.142e-02, trn/lr 9.589e-02, val/acc 8.940e-01, val/nll 4.791e-01
[2023-02-03 01:23:52] [Epoch   125/  200] trn/loss 3.853e-02, trn/lr 9.370e-02, val/acc 9.040e-01, val/nll 4.565e-01
[2023-02-03 01:23:59] [Epoch   126/  200] trn/loss 3.565e-02, trn/lr 9.152e-02, val/acc 9.083e-01, val/nll 4.075e-01 (best_acc: 9.053e-01 -> 9.083e-01, test_acc: 9.040e-01, test_nll: 4.342e-01)
[2023-02-03 01:24:07] [Epoch   127/  200] trn/loss 2.990e-02, trn/lr 8.936e-02, val/acc 9.103e-01, val/nll 3.886e-01 (best_acc: 9.083e-01 -> 9.103e-01, test_acc: 9.054e-01, test_nll: 4.177e-01)
[2023-02-03 01:24:14] [Epoch   128/  200] trn/loss 3.233e-02, trn/lr 8.721e-02, val/acc 9.110e-01, val/nll 3.743e-01 (best_acc: 9.103e-01 -> 9.110e-01, test_acc: 9.067e-01, test_nll: 4.032e-01)
[2023-02-03 01:24:20] [Epoch   129/  200] trn/loss 2.925e-02, trn/lr 8.508e-02, val/acc 9.043e-01, val/nll 4.127e-01
[2023-02-03 01:24:27] [Epoch   130/  200] trn/loss 2.789e-02, trn/lr 8.296e-02, val/acc 9.045e-01, val/nll 4.344e-01
[2023-02-03 01:24:34] [Epoch   131/  200] trn/loss 2.639e-02, trn/lr 8.086e-02, val/acc 9.024e-01, val/nll 4.301e-01
[2023-02-03 01:24:40] [Epoch   132/  200] trn/loss 2.589e-02, trn/lr 7.878e-02, val/acc 9.066e-01, val/nll 4.288e-01
[2023-02-03 01:24:47] [Epoch   133/  200] trn/loss 2.670e-02, trn/lr 7.671e-02, val/acc 9.066e-01, val/nll 4.160e-01
[2023-02-03 01:24:53] [Epoch   134/  200] trn/loss 2.348e-02, trn/lr 7.467e-02, val/acc 9.013e-01, val/nll 4.402e-01
[2023-02-03 01:25:00] [Epoch   135/  200] trn/loss 2.367e-02, trn/lr 7.264e-02, val/acc 9.100e-01, val/nll 3.909e-01
[2023-02-03 01:25:07] [Epoch   136/  200] trn/loss 1.976e-02, trn/lr 7.063e-02, val/acc 9.116e-01, val/nll 4.004e-01 (best_acc: 9.110e-01 -> 9.116e-01, test_acc: 9.090e-01, test_nll: 4.126e-01)
[2023-02-03 01:25:14] [Epoch   137/  200] trn/loss 1.886e-02, trn/lr 6.864e-02, val/acc 9.114e-01, val/nll 3.949e-01
[2023-02-03 01:25:21] [Epoch   138/  200] trn/loss 1.662e-02, trn/lr 6.667e-02, val/acc 9.051e-01, val/nll 4.315e-01
[2023-02-03 01:25:28] [Epoch   139/  200] trn/loss 1.552e-02, trn/lr 6.472e-02, val/acc 9.149e-01, val/nll 3.834e-01 (best_acc: 9.116e-01 -> 9.149e-01, test_acc: 9.110e-01, test_nll: 3.961e-01)
[2023-02-03 01:25:35] [Epoch   140/  200] trn/loss 1.219e-02, trn/lr 6.279e-02, val/acc 9.167e-01, val/nll 3.809e-01 (best_acc: 9.149e-01 -> 9.167e-01, test_acc: 9.161e-01, test_nll: 3.886e-01)
[2023-02-03 01:25:42] [Epoch   141/  200] trn/loss 1.088e-02, trn/lr 6.089e-02, val/acc 9.210e-01, val/nll 3.601e-01 (best_acc: 9.167e-01 -> 9.210e-01, test_acc: 9.192e-01, test_nll: 3.602e-01)
[2023-02-03 01:25:49] [Epoch   142/  200] trn/loss 9.161e-03, trn/lr 5.900e-02, val/acc 9.194e-01, val/nll 3.716e-01
[2023-02-03 01:25:55] [Epoch   143/  200] trn/loss 1.024e-02, trn/lr 5.714e-02, val/acc 9.128e-01, val/nll 3.958e-01
[2023-02-03 01:26:02] [Epoch   144/  200] trn/loss 7.258e-03, trn/lr 5.530e-02, val/acc 9.198e-01, val/nll 3.576e-01
[2023-02-03 01:26:09] [Epoch   145/  200] trn/loss 6.831e-03, trn/lr 5.349e-02, val/acc 9.210e-01, val/nll 3.679e-01
[2023-02-03 01:26:15] [Epoch   146/  200] trn/loss 5.124e-03, trn/lr 5.170e-02, val/acc 9.209e-01, val/nll 3.679e-01
[2023-02-03 01:26:22] [Epoch   147/  200] trn/loss 5.643e-03, trn/lr 4.993e-02, val/acc 9.202e-01, val/nll 3.717e-01
[2023-02-03 01:26:29] [Epoch   148/  200] trn/loss 5.175e-03, trn/lr 4.819e-02, val/acc 9.222e-01, val/nll 3.616e-01 (best_acc: 9.210e-01 -> 9.222e-01, test_acc: 9.198e-01, test_nll: 3.712e-01)
[2023-02-03 01:26:36] [Epoch   149/  200] trn/loss 4.692e-03, trn/lr 4.647e-02, val/acc 9.210e-01, val/nll 3.563e-01
[2023-02-03 01:26:43] [Epoch   150/  200] trn/loss 4.634e-03, trn/lr 4.478e-02, val/acc 9.231e-01, val/nll 3.528e-01 (best_acc: 9.222e-01 -> 9.231e-01, test_acc: 9.203e-01, test_nll: 3.744e-01)
[2023-02-03 01:26:49] [Epoch   151/  200] trn/loss 3.776e-03, trn/lr 4.311e-02, val/acc 9.216e-01, val/nll 3.584e-01
[2023-02-03 01:26:56] [Epoch   152/  200] trn/loss 2.886e-03, trn/lr 4.147e-02, val/acc 9.233e-01, val/nll 3.519e-01 (best_acc: 9.231e-01 -> 9.233e-01, test_acc: 9.225e-01, test_nll: 3.570e-01)
[2023-02-03 01:27:04] [Epoch   153/  200] trn/loss 2.767e-03, trn/lr 3.986e-02, val/acc 9.236e-01, val/nll 3.572e-01 (best_acc: 9.233e-01 -> 9.236e-01, test_acc: 9.215e-01, test_nll: 3.617e-01)
[2023-02-03 01:27:11] [Epoch   154/  200] trn/loss 2.779e-03, trn/lr 3.827e-02, val/acc 9.241e-01, val/nll 3.565e-01 (best_acc: 9.236e-01 -> 9.241e-01, test_acc: 9.213e-01, test_nll: 3.607e-01)
[2023-02-03 01:27:17] [Epoch   155/  200] trn/loss 2.575e-03, trn/lr 3.671e-02, val/acc 9.239e-01, val/nll 3.407e-01
[2023-02-03 01:27:24] [Epoch   156/  200] trn/loss 2.453e-03, trn/lr 3.518e-02, val/acc 9.240e-01, val/nll 3.518e-01
[2023-02-03 01:27:31] [Epoch   157/  200] trn/loss 2.200e-03, trn/lr 3.368e-02, val/acc 9.250e-01, val/nll 3.498e-01 (best_acc: 9.241e-01 -> 9.250e-01, test_acc: 9.238e-01, test_nll: 3.499e-01)
[2023-02-03 01:27:38] [Epoch   158/  200] trn/loss 1.927e-03, trn/lr 3.221e-02, val/acc 9.261e-01, val/nll 3.479e-01 (best_acc: 9.250e-01 -> 9.261e-01, test_acc: 9.215e-01, test_nll: 3.504e-01)
[2023-02-03 01:27:45] [Epoch   159/  200] trn/loss 1.779e-03, trn/lr 3.076e-02, val/acc 9.246e-01, val/nll 3.480e-01
[2023-02-03 01:27:51] [Epoch   160/  200] trn/loss 1.938e-03, trn/lr 2.935e-02, val/acc 9.248e-01, val/nll 3.474e-01
[2023-02-03 01:27:58] [Epoch   161/  200] trn/loss 1.721e-03, trn/lr 2.796e-02, val/acc 9.257e-01, val/nll 3.398e-01
[2023-02-03 01:28:05] [Epoch   162/  200] trn/loss 1.694e-03, trn/lr 2.661e-02, val/acc 9.252e-01, val/nll 3.445e-01
[2023-02-03 01:28:11] [Epoch   163/  200] trn/loss 1.434e-03, trn/lr 2.528e-02, val/acc 9.237e-01, val/nll 3.462e-01
[2023-02-03 01:28:19] [Epoch   164/  200] trn/loss 1.379e-03, trn/lr 2.399e-02, val/acc 9.273e-01, val/nll 3.414e-01 (best_acc: 9.261e-01 -> 9.273e-01, test_acc: 9.233e-01, test_nll: 3.377e-01)
[2023-02-03 01:28:25] [Epoch   165/  200] trn/loss 1.433e-03, trn/lr 2.273e-02, val/acc 9.256e-01, val/nll 3.399e-01
[2023-02-03 01:28:32] [Epoch   166/  200] trn/loss 1.426e-03, trn/lr 2.150e-02, val/acc 9.259e-01, val/nll 3.403e-01
[2023-02-03 01:28:38] [Epoch   167/  200] trn/loss 1.455e-03, trn/lr 2.030e-02, val/acc 9.264e-01, val/nll 3.365e-01
[2023-02-03 01:28:45] [Epoch   168/  200] trn/loss 1.357e-03, trn/lr 1.913e-02, val/acc 9.263e-01, val/nll 3.387e-01
[2023-02-03 01:28:52] [Epoch   169/  200] trn/loss 1.345e-03, trn/lr 1.800e-02, val/acc 9.271e-01, val/nll 3.360e-01
[2023-02-03 01:28:58] [Epoch   170/  200] trn/loss 1.411e-03, trn/lr 1.689e-02, val/acc 9.272e-01, val/nll 3.348e-01
[2023-02-03 01:29:05] [Epoch   171/  200] trn/loss 1.314e-03, trn/lr 1.582e-02, val/acc 9.261e-01, val/nll 3.365e-01
[2023-02-03 01:29:12] [Epoch   172/  200] trn/loss 1.368e-03, trn/lr 1.479e-02, val/acc 9.264e-01, val/nll 3.343e-01
[2023-02-03 01:29:18] [Epoch   173/  200] trn/loss 1.157e-03, trn/lr 1.378e-02, val/acc 9.263e-01, val/nll 3.330e-01
[2023-02-03 01:29:25] [Epoch   174/  200] trn/loss 1.252e-03, trn/lr 1.281e-02, val/acc 9.262e-01, val/nll 3.329e-01
[2023-02-03 01:29:32] [Epoch   175/  200] trn/loss 1.266e-03, trn/lr 1.188e-02, val/acc 9.260e-01, val/nll 3.318e-01
[2023-02-03 01:29:38] [Epoch   176/  200] trn/loss 1.269e-03, trn/lr 1.098e-02, val/acc 9.258e-01, val/nll 3.285e-01
[2023-02-03 01:29:45] [Epoch   177/  200] trn/loss 1.200e-03, trn/lr 1.011e-02, val/acc 9.279e-01, val/nll 3.310e-01 (best_acc: 9.273e-01 -> 9.279e-01, test_acc: 9.237e-01, test_nll: 3.323e-01)
[2023-02-03 01:29:52] [Epoch   178/  200] trn/loss 1.185e-03, trn/lr 9.275e-03, val/acc 9.257e-01, val/nll 3.300e-01
[2023-02-03 01:29:59] [Epoch   179/  200] trn/loss 1.263e-03, trn/lr 8.477e-03, val/acc 9.267e-01, val/nll 3.319e-01
[2023-02-03 01:30:05] [Epoch   180/  200] trn/loss 1.268e-03, trn/lr 7.714e-03, val/acc 9.271e-01, val/nll 3.267e-01
[2023-02-03 01:30:12] [Epoch   181/  200] trn/loss 1.121e-03, trn/lr 6.986e-03, val/acc 9.267e-01, val/nll 3.305e-01
[2023-02-03 01:30:19] [Epoch   182/  200] trn/loss 1.073e-03, trn/lr 6.293e-03, val/acc 9.268e-01, val/nll 3.292e-01
[2023-02-03 01:30:25] [Epoch   183/  200] trn/loss 1.115e-03, trn/lr 5.635e-03, val/acc 9.265e-01, val/nll 3.286e-01
[2023-02-03 01:30:32] [Epoch   184/  200] trn/loss 1.128e-03, trn/lr 5.013e-03, val/acc 9.261e-01, val/nll 3.294e-01
[2023-02-03 01:30:39] [Epoch   185/  200] trn/loss 1.234e-03, trn/lr 4.427e-03, val/acc 9.265e-01, val/nll 3.292e-01
[2023-02-03 01:30:45] [Epoch   186/  200] trn/loss 1.139e-03, trn/lr 3.877e-03, val/acc 9.273e-01, val/nll 3.274e-01
[2023-02-03 01:30:52] [Epoch   187/  200] trn/loss 1.090e-03, trn/lr 3.363e-03, val/acc 9.273e-01, val/nll 3.270e-01
[2023-02-03 01:30:59] [Epoch   188/  200] trn/loss 1.160e-03, trn/lr 2.885e-03, val/acc 9.272e-01, val/nll 3.279e-01
[2023-02-03 01:31:05] [Epoch   189/  200] trn/loss 1.121e-03, trn/lr 2.444e-03, val/acc 9.278e-01, val/nll 3.271e-01
[2023-02-03 01:31:12] [Epoch   190/  200] trn/loss 1.019e-03, trn/lr 2.038e-03, val/acc 9.277e-01, val/nll 3.261e-01
[2023-02-03 01:31:20] [Epoch   191/  200] trn/loss 1.142e-03, trn/lr 1.670e-03, val/acc 9.282e-01, val/nll 3.260e-01 (best_acc: 9.279e-01 -> 9.282e-01, test_acc: 9.236e-01, test_nll: 3.243e-01)
[2023-02-03 01:31:26] [Epoch   192/  200] trn/loss 1.093e-03, trn/lr 1.338e-03, val/acc 9.273e-01, val/nll 3.259e-01
[2023-02-03 01:31:33] [Epoch   193/  200] trn/loss 1.156e-03, trn/lr 1.042e-03, val/acc 9.281e-01, val/nll 3.264e-01
[2023-02-03 01:31:40] [Epoch   194/  200] trn/loss 1.063e-03, trn/lr 7.835e-04, val/acc 9.264e-01, val/nll 3.278e-01
[2023-02-03 01:31:47] [Epoch   195/  200] trn/loss 1.158e-03, trn/lr 5.616e-04, val/acc 9.277e-01, val/nll 3.276e-01
[2023-02-03 01:31:54] [Epoch   196/  200] trn/loss 1.086e-03, trn/lr 3.766e-04, val/acc 9.272e-01, val/nll 3.287e-01
[2023-02-03 01:32:01] [Epoch   197/  200] trn/loss 1.078e-03, trn/lr 2.286e-04, val/acc 9.272e-01, val/nll 3.255e-01
[2023-02-03 01:32:08] [Epoch   198/  200] trn/loss 1.111e-03, trn/lr 1.175e-04, val/acc 9.272e-01, val/nll 3.261e-01
[2023-02-03 01:32:14] [Epoch   199/  200] trn/loss 1.067e-03, trn/lr 4.335e-05, val/acc 9.280e-01, val/nll 3.282e-01
[2023-02-03 01:32:21] [Epoch   200/  200] trn/loss 1.278e-03, trn/lr 6.226e-06, val/acc 9.271e-01, val/nll 3.303e-01
