[2023-02-03 16:13:32] Environments:
------------  -------------------------------------------------------------------------------
sys.platform  linux
Python        3.10.8 (main, Nov 24 2022, 14:13:03) [GCC 11.2.0]
JAX           0.4.1 @/mnt/home/giung/.conda/envs/jax-siml/lib/python3.10/site-packages/jax
jaxlib        0.4.1 @/mnt/home/giung/.conda/envs/jax-siml/lib/python3.10/site-packages/jaxlib
Flax          0.6.3 @/mnt/home/giung/.conda/envs/jax-siml/lib/python3.10/site-packages/flax
Optax         0.1.4 @/mnt/home/giung/.conda/envs/jax-siml/lib/python3.10/site-packages/optax
------------  -------------------------------------------------------------------------------

[2023-02-03 16:13:32] Command line arguments:
- args.data_root          : ./data/
- args.data_name          : CIFAR100_x32
- args.data_augmentation  : standard
- args.data_proportional  : 1.0
- args.model_depth        : 32
- args.model_width        : 1
- args.model_style        : BN-ReLU
- args.optim_bs           : 256
- args.optim_ne           : 500
- args.optim_lr           : 0.01
- args.optim_momentum     : 0.97
- args.optim_weight_decay : 0.003
- args.save               : /mnt/home/giung/giung2-dev/projects/residual-networks/save/CIFAR100_x32/R32-BN-ReLU/bs-0256_ne-0500_lr-0.01_mo-0.97_wd-0.0030_fp32/42
- args.seed               : 42
- args.precision          : fp32

[2023-02-03 16:13:57] [Epoch     1/  500] trn/loss 4.625e+00, trn/lr 1.000e-02, val/acc 3.153e-02, val/nll 4.454e+00 (best_acc: 0.000e+00 -> 3.153e-02, test_acc: 3.150e-02, test_nll: 4.434e+00)
[2023-02-03 16:14:01] [Epoch     2/  500] trn/loss 4.260e+00, trn/lr 1.000e-02, val/acc 4.535e-02, val/nll 4.362e+00 (best_acc: 3.153e-02 -> 4.535e-02, test_acc: 4.700e-02, test_nll: 4.365e+00)
[2023-02-03 16:14:04] [Epoch     3/  500] trn/loss 3.961e+00, trn/lr 9.999e-03, val/acc 9.126e-02, val/nll 3.854e+00 (best_acc: 4.535e-02 -> 9.126e-02, test_acc: 9.730e-02, test_nll: 3.836e+00)
[2023-02-03 16:14:07] [Epoch     4/  500] trn/loss 3.748e+00, trn/lr 9.999e-03, val/acc 1.189e-01, val/nll 3.685e+00 (best_acc: 9.126e-02 -> 1.189e-01, test_acc: 1.318e-01, test_nll: 3.666e+00)
[2023-02-03 16:14:11] [Epoch     5/  500] trn/loss 3.556e+00, trn/lr 9.998e-03, val/acc 1.435e-01, val/nll 3.538e+00 (best_acc: 1.189e-01 -> 1.435e-01, test_acc: 1.499e-01, test_nll: 3.516e+00)
[2023-02-03 16:14:14] [Epoch     6/  500] trn/loss 3.350e+00, trn/lr 9.997e-03, val/acc 1.718e-01, val/nll 3.430e+00 (best_acc: 1.435e-01 -> 1.718e-01, test_acc: 1.784e-01, test_nll: 3.390e+00)
[2023-02-03 16:14:17] [Epoch     7/  500] trn/loss 3.148e+00, trn/lr 9.996e-03, val/acc 2.127e-01, val/nll 3.137e+00 (best_acc: 1.718e-01 -> 2.127e-01, test_acc: 2.209e-01, test_nll: 3.103e+00)
[2023-02-03 16:14:20] [Epoch     8/  500] trn/loss 2.934e+00, trn/lr 9.994e-03, val/acc 2.074e-01, val/nll 3.250e+00
[2023-02-03 16:14:23] [Epoch     9/  500] trn/loss 2.766e+00, trn/lr 9.993e-03, val/acc 2.445e-01, val/nll 2.979e+00 (best_acc: 2.127e-01 -> 2.445e-01, test_acc: 2.443e-01, test_nll: 2.948e+00)
[2023-02-03 16:14:26] [Epoch    10/  500] trn/loss 2.628e+00, trn/lr 9.991e-03, val/acc 2.158e-01, val/nll 3.568e+00
[2023-02-03 16:14:30] [Epoch    11/  500] trn/loss 2.492e+00, trn/lr 9.989e-03, val/acc 2.977e-01, val/nll 2.685e+00 (best_acc: 2.445e-01 -> 2.977e-01, test_acc: 3.023e-01, test_nll: 2.671e+00)
[2023-02-03 16:14:33] [Epoch    12/  500] trn/loss 2.398e+00, trn/lr 9.987e-03, val/acc 3.074e-01, val/nll 2.695e+00 (best_acc: 2.977e-01 -> 3.074e-01, test_acc: 3.125e-01, test_nll: 2.646e+00)
[2023-02-03 16:14:36] [Epoch    13/  500] trn/loss 2.319e+00, trn/lr 9.985e-03, val/acc 3.180e-01, val/nll 2.690e+00 (best_acc: 3.074e-01 -> 3.180e-01, test_acc: 3.180e-01, test_nll: 2.663e+00)
[2023-02-03 16:14:39] [Epoch    14/  500] trn/loss 2.236e+00, trn/lr 9.982e-03, val/acc 3.055e-01, val/nll 2.755e+00
[2023-02-03 16:14:42] [Epoch    15/  500] trn/loss 2.168e+00, trn/lr 9.979e-03, val/acc 3.278e-01, val/nll 2.634e+00 (best_acc: 3.180e-01 -> 3.278e-01, test_acc: 3.307e-01, test_nll: 2.593e+00)
[2023-02-03 16:14:46] [Epoch    16/  500] trn/loss 2.122e+00, trn/lr 9.976e-03, val/acc 3.548e-01, val/nll 2.456e+00 (best_acc: 3.278e-01 -> 3.548e-01, test_acc: 3.597e-01, test_nll: 2.442e+00)
[2023-02-03 16:14:49] [Epoch    17/  500] trn/loss 2.076e+00, trn/lr 9.973e-03, val/acc 3.205e-01, val/nll 2.680e+00
[2023-02-03 16:14:52] [Epoch    18/  500] trn/loss 2.026e+00, trn/lr 9.970e-03, val/acc 3.570e-01, val/nll 2.608e+00 (best_acc: 3.548e-01 -> 3.570e-01, test_acc: 3.600e-01, test_nll: 2.560e+00)
[2023-02-03 16:14:55] [Epoch    19/  500] trn/loss 1.999e+00, trn/lr 9.966e-03, val/acc 3.681e-01, val/nll 2.389e+00 (best_acc: 3.570e-01 -> 3.681e-01, test_acc: 3.732e-01, test_nll: 2.351e+00)
[2023-02-03 16:14:58] [Epoch    20/  500] trn/loss 1.957e+00, trn/lr 9.963e-03, val/acc 3.931e-01, val/nll 2.261e+00 (best_acc: 3.681e-01 -> 3.931e-01, test_acc: 3.997e-01, test_nll: 2.225e+00)
[2023-02-03 16:15:01] [Epoch    21/  500] trn/loss 1.912e+00, trn/lr 9.959e-03, val/acc 3.858e-01, val/nll 2.334e+00
[2023-02-03 16:15:05] [Epoch    22/  500] trn/loss 1.884e+00, trn/lr 9.954e-03, val/acc 3.731e-01, val/nll 2.414e+00
[2023-02-03 16:15:08] [Epoch    23/  500] trn/loss 1.872e+00, trn/lr 9.950e-03, val/acc 3.585e-01, val/nll 2.456e+00
[2023-02-03 16:15:11] [Epoch    24/  500] trn/loss 1.861e+00, trn/lr 9.946e-03, val/acc 3.795e-01, val/nll 2.452e+00
[2023-02-03 16:15:14] [Epoch    25/  500] trn/loss 1.844e+00, trn/lr 9.941e-03, val/acc 4.184e-01, val/nll 2.193e+00 (best_acc: 3.931e-01 -> 4.184e-01, test_acc: 4.199e-01, test_nll: 2.176e+00)
[2023-02-03 16:15:17] [Epoch    26/  500] trn/loss 1.809e+00, trn/lr 9.936e-03, val/acc 3.762e-01, val/nll 2.462e+00
[2023-02-03 16:15:20] [Epoch    27/  500] trn/loss 1.793e+00, trn/lr 9.931e-03, val/acc 3.884e-01, val/nll 2.359e+00
[2023-02-03 16:15:23] [Epoch    28/  500] trn/loss 1.776e+00, trn/lr 9.926e-03, val/acc 4.206e-01, val/nll 2.156e+00 (best_acc: 4.184e-01 -> 4.206e-01, test_acc: 4.371e-01, test_nll: 2.110e+00)
[2023-02-03 16:15:26] [Epoch    29/  500] trn/loss 1.772e+00, trn/lr 9.920e-03, val/acc 3.835e-01, val/nll 2.500e+00
[2023-02-03 16:15:30] [Epoch    30/  500] trn/loss 1.750e+00, trn/lr 9.914e-03, val/acc 4.470e-01, val/nll 2.060e+00 (best_acc: 4.206e-01 -> 4.470e-01, test_acc: 4.577e-01, test_nll: 2.029e+00)
[2023-02-03 16:15:33] [Epoch    31/  500] trn/loss 1.751e+00, trn/lr 9.908e-03, val/acc 3.898e-01, val/nll 2.329e+00
[2023-02-03 16:15:36] [Epoch    32/  500] trn/loss 1.735e+00, trn/lr 9.902e-03, val/acc 3.742e-01, val/nll 2.531e+00
[2023-02-03 16:15:39] [Epoch    33/  500] trn/loss 1.725e+00, trn/lr 9.896e-03, val/acc 4.392e-01, val/nll 2.113e+00
[2023-02-03 16:15:42] [Epoch    34/  500] trn/loss 1.708e+00, trn/lr 9.890e-03, val/acc 4.186e-01, val/nll 2.201e+00
[2023-02-03 16:15:45] [Epoch    35/  500] trn/loss 1.713e+00, trn/lr 9.883e-03, val/acc 4.363e-01, val/nll 2.071e+00
[2023-02-03 16:15:48] [Epoch    36/  500] trn/loss 1.727e+00, trn/lr 9.876e-03, val/acc 3.775e-01, val/nll 2.531e+00
[2023-02-03 16:15:51] [Epoch    37/  500] trn/loss 1.689e+00, trn/lr 9.869e-03, val/acc 4.287e-01, val/nll 2.150e+00
[2023-02-03 16:15:54] [Epoch    38/  500] trn/loss 1.682e+00, trn/lr 9.862e-03, val/acc 3.913e-01, val/nll 2.374e+00
[2023-02-03 16:15:57] [Epoch    39/  500] trn/loss 1.690e+00, trn/lr 9.854e-03, val/acc 4.237e-01, val/nll 2.198e+00
[2023-02-03 16:16:00] [Epoch    40/  500] trn/loss 1.684e+00, trn/lr 9.847e-03, val/acc 3.768e-01, val/nll 2.480e+00
[2023-02-03 16:16:03] [Epoch    41/  500] trn/loss 1.660e+00, trn/lr 9.839e-03, val/acc 4.095e-01, val/nll 2.207e+00
[2023-02-03 16:16:06] [Epoch    42/  500] trn/loss 1.664e+00, trn/lr 9.831e-03, val/acc 4.555e-01, val/nll 1.985e+00 (best_acc: 4.470e-01 -> 4.555e-01, test_acc: 4.596e-01, test_nll: 1.980e+00)
[2023-02-03 16:16:09] [Epoch    43/  500] trn/loss 1.651e+00, trn/lr 9.823e-03, val/acc 4.667e-01, val/nll 1.945e+00 (best_acc: 4.555e-01 -> 4.667e-01, test_acc: 4.717e-01, test_nll: 1.930e+00)
[2023-02-03 16:16:12] [Epoch    44/  500] trn/loss 1.651e+00, trn/lr 9.814e-03, val/acc 4.282e-01, val/nll 2.160e+00
[2023-02-03 16:16:15] [Epoch    45/  500] trn/loss 1.650e+00, trn/lr 9.806e-03, val/acc 4.259e-01, val/nll 2.192e+00
[2023-02-03 16:16:19] [Epoch    46/  500] trn/loss 1.617e+00, trn/lr 9.797e-03, val/acc 4.095e-01, val/nll 2.244e+00
[2023-02-03 16:16:22] [Epoch    47/  500] trn/loss 1.640e+00, trn/lr 9.788e-03, val/acc 4.460e-01, val/nll 2.085e+00
[2023-02-03 16:16:25] [Epoch    48/  500] trn/loss 1.627e+00, trn/lr 9.779e-03, val/acc 4.593e-01, val/nll 2.026e+00
[2023-02-03 16:16:28] [Epoch    49/  500] trn/loss 1.637e+00, trn/lr 9.770e-03, val/acc 4.215e-01, val/nll 2.208e+00
[2023-02-03 16:16:31] [Epoch    50/  500] trn/loss 1.622e+00, trn/lr 9.760e-03, val/acc 4.534e-01, val/nll 2.046e+00
[2023-02-03 16:16:34] [Epoch    51/  500] trn/loss 1.628e+00, trn/lr 9.750e-03, val/acc 4.434e-01, val/nll 2.080e+00
[2023-02-03 16:16:37] [Epoch    52/  500] trn/loss 1.616e+00, trn/lr 9.741e-03, val/acc 4.028e-01, val/nll 2.404e+00
[2023-02-03 16:16:40] [Epoch    53/  500] trn/loss 1.605e+00, trn/lr 9.730e-03, val/acc 4.572e-01, val/nll 1.961e+00
[2023-02-03 16:16:43] [Epoch    54/  500] trn/loss 1.582e+00, trn/lr 9.720e-03, val/acc 4.355e-01, val/nll 2.158e+00
[2023-02-03 16:16:46] [Epoch    55/  500] trn/loss 1.589e+00, trn/lr 9.710e-03, val/acc 4.170e-01, val/nll 2.182e+00
[2023-02-03 16:16:49] [Epoch    56/  500] trn/loss 1.599e+00, trn/lr 9.699e-03, val/acc 3.594e-01, val/nll 2.844e+00
[2023-02-03 16:16:52] [Epoch    57/  500] trn/loss 1.574e+00, trn/lr 9.688e-03, val/acc 4.558e-01, val/nll 1.992e+00
[2023-02-03 16:16:55] [Epoch    58/  500] trn/loss 1.586e+00, trn/lr 9.677e-03, val/acc 4.657e-01, val/nll 1.957e+00
[2023-02-03 16:16:58] [Epoch    59/  500] trn/loss 1.589e+00, trn/lr 9.666e-03, val/acc 4.171e-01, val/nll 2.223e+00
[2023-02-03 16:17:01] [Epoch    60/  500] trn/loss 1.590e+00, trn/lr 9.655e-03, val/acc 3.962e-01, val/nll 2.431e+00
[2023-02-03 16:17:04] [Epoch    61/  500] trn/loss 1.580e+00, trn/lr 9.643e-03, val/acc 4.056e-01, val/nll 2.303e+00
[2023-02-03 16:17:07] [Epoch    62/  500] trn/loss 1.581e+00, trn/lr 9.631e-03, val/acc 4.343e-01, val/nll 2.227e+00
[2023-02-03 16:17:10] [Epoch    63/  500] trn/loss 1.556e+00, trn/lr 9.619e-03, val/acc 4.326e-01, val/nll 2.149e+00
[2023-02-03 16:17:13] [Epoch    64/  500] trn/loss 1.562e+00, trn/lr 9.607e-03, val/acc 4.800e-01, val/nll 1.927e+00 (best_acc: 4.667e-01 -> 4.800e-01, test_acc: 4.802e-01, test_nll: 1.926e+00)
[2023-02-03 16:17:16] [Epoch    65/  500] trn/loss 1.571e+00, trn/lr 9.595e-03, val/acc 3.957e-01, val/nll 2.488e+00
[2023-02-03 16:17:20] [Epoch    66/  500] trn/loss 1.572e+00, trn/lr 9.583e-03, val/acc 4.760e-01, val/nll 1.956e+00
[2023-02-03 16:17:23] [Epoch    67/  500] trn/loss 1.566e+00, trn/lr 9.570e-03, val/acc 4.492e-01, val/nll 2.111e+00
[2023-02-03 16:17:26] [Epoch    68/  500] trn/loss 1.549e+00, trn/lr 9.557e-03, val/acc 4.633e-01, val/nll 2.025e+00
[2023-02-03 16:17:29] [Epoch    69/  500] trn/loss 1.546e+00, trn/lr 9.544e-03, val/acc 4.360e-01, val/nll 2.206e+00
[2023-02-03 16:17:32] [Epoch    70/  500] trn/loss 1.561e+00, trn/lr 9.531e-03, val/acc 4.770e-01, val/nll 1.895e+00
[2023-02-03 16:17:35] [Epoch    71/  500] trn/loss 1.562e+00, trn/lr 9.517e-03, val/acc 3.967e-01, val/nll 2.399e+00
[2023-02-03 16:17:38] [Epoch    72/  500] trn/loss 1.550e+00, trn/lr 9.504e-03, val/acc 4.644e-01, val/nll 2.016e+00
[2023-02-03 16:17:41] [Epoch    73/  500] trn/loss 1.545e+00, trn/lr 9.490e-03, val/acc 4.137e-01, val/nll 2.249e+00
[2023-02-03 16:17:44] [Epoch    74/  500] trn/loss 1.536e+00, trn/lr 9.476e-03, val/acc 4.374e-01, val/nll 2.162e+00
[2023-02-03 16:17:47] [Epoch    75/  500] trn/loss 1.549e+00, trn/lr 9.462e-03, val/acc 4.482e-01, val/nll 2.094e+00
[2023-02-03 16:17:50] [Epoch    76/  500] trn/loss 1.534e+00, trn/lr 9.448e-03, val/acc 4.704e-01, val/nll 2.008e+00
[2023-02-03 16:17:53] [Epoch    77/  500] trn/loss 1.525e+00, trn/lr 9.433e-03, val/acc 4.680e-01, val/nll 1.965e+00
[2023-02-03 16:17:56] [Epoch    78/  500] trn/loss 1.523e+00, trn/lr 9.419e-03, val/acc 4.737e-01, val/nll 1.934e+00
[2023-02-03 16:17:59] [Epoch    79/  500] trn/loss 1.534e+00, trn/lr 9.404e-03, val/acc 4.788e-01, val/nll 1.926e+00
[2023-02-03 16:18:02] [Epoch    80/  500] trn/loss 1.540e+00, trn/lr 9.389e-03, val/acc 4.674e-01, val/nll 1.994e+00
[2023-02-03 16:18:05] [Epoch    81/  500] trn/loss 1.536e+00, trn/lr 9.374e-03, val/acc 4.679e-01, val/nll 1.973e+00
[2023-02-03 16:18:08] [Epoch    82/  500] trn/loss 1.534e+00, trn/lr 9.359e-03, val/acc 4.706e-01, val/nll 1.979e+00
[2023-02-03 16:18:11] [Epoch    83/  500] trn/loss 1.531e+00, trn/lr 9.343e-03, val/acc 3.809e-01, val/nll 2.649e+00
[2023-02-03 16:18:14] [Epoch    84/  500] trn/loss 1.520e+00, trn/lr 9.328e-03, val/acc 3.768e-01, val/nll 2.420e+00
[2023-02-03 16:18:17] [Epoch    85/  500] trn/loss 1.500e+00, trn/lr 9.312e-03, val/acc 4.421e-01, val/nll 2.169e+00
[2023-02-03 16:18:21] [Epoch    86/  500] trn/loss 1.501e+00, trn/lr 9.296e-03, val/acc 4.816e-01, val/nll 1.916e+00 (best_acc: 4.800e-01 -> 4.816e-01, test_acc: 4.881e-01, test_nll: 1.893e+00)
[2023-02-03 16:18:24] [Epoch    87/  500] trn/loss 1.524e+00, trn/lr 9.280e-03, val/acc 4.252e-01, val/nll 2.207e+00
[2023-02-03 16:18:27] [Epoch    88/  500] trn/loss 1.517e+00, trn/lr 9.263e-03, val/acc 4.812e-01, val/nll 1.939e+00
[2023-02-03 16:18:30] [Epoch    89/  500] trn/loss 1.518e+00, trn/lr 9.247e-03, val/acc 4.319e-01, val/nll 2.158e+00
[2023-02-03 16:18:33] [Epoch    90/  500] trn/loss 1.516e+00, trn/lr 9.230e-03, val/acc 4.654e-01, val/nll 1.982e+00
[2023-02-03 16:18:36] [Epoch    91/  500] trn/loss 1.516e+00, trn/lr 9.213e-03, val/acc 4.265e-01, val/nll 2.270e+00
[2023-02-03 16:18:39] [Epoch    92/  500] trn/loss 1.505e+00, trn/lr 9.196e-03, val/acc 4.683e-01, val/nll 2.010e+00
[2023-02-03 16:18:42] [Epoch    93/  500] trn/loss 1.495e+00, trn/lr 9.179e-03, val/acc 4.735e-01, val/nll 1.943e+00
[2023-02-03 16:18:45] [Epoch    94/  500] trn/loss 1.500e+00, trn/lr 9.162e-03, val/acc 4.969e-01, val/nll 1.866e+00 (best_acc: 4.816e-01 -> 4.969e-01, test_acc: 5.037e-01, test_nll: 1.858e+00)
[2023-02-03 16:18:48] [Epoch    95/  500] trn/loss 1.510e+00, trn/lr 9.144e-03, val/acc 4.452e-01, val/nll 2.134e+00
[2023-02-03 16:18:51] [Epoch    96/  500] trn/loss 1.496e+00, trn/lr 9.127e-03, val/acc 4.238e-01, val/nll 2.183e+00
[2023-02-03 16:18:54] [Epoch    97/  500] trn/loss 1.494e+00, trn/lr 9.109e-03, val/acc 4.049e-01, val/nll 2.305e+00
[2023-02-03 16:18:57] [Epoch    98/  500] trn/loss 1.501e+00, trn/lr 9.091e-03, val/acc 4.836e-01, val/nll 1.896e+00
[2023-02-03 16:19:00] [Epoch    99/  500] trn/loss 1.484e+00, trn/lr 9.073e-03, val/acc 4.774e-01, val/nll 1.939e+00
[2023-02-03 16:19:03] [Epoch   100/  500] trn/loss 1.504e+00, trn/lr 9.054e-03, val/acc 4.702e-01, val/nll 1.946e+00
[2023-02-03 16:19:06] [Epoch   101/  500] trn/loss 1.473e+00, trn/lr 9.036e-03, val/acc 4.060e-01, val/nll 2.388e+00
[2023-02-03 16:19:09] [Epoch   102/  500] trn/loss 1.483e+00, trn/lr 9.017e-03, val/acc 4.600e-01, val/nll 2.045e+00
[2023-02-03 16:19:12] [Epoch   103/  500] trn/loss 1.490e+00, trn/lr 8.998e-03, val/acc 4.659e-01, val/nll 2.040e+00
[2023-02-03 16:19:16] [Epoch   104/  500] trn/loss 1.493e+00, trn/lr 8.980e-03, val/acc 5.056e-01, val/nll 1.798e+00 (best_acc: 4.969e-01 -> 5.056e-01, test_acc: 5.123e-01, test_nll: 1.797e+00)
[2023-02-03 16:19:19] [Epoch   105/  500] trn/loss 1.479e+00, trn/lr 8.960e-03, val/acc 4.591e-01, val/nll 2.114e+00
[2023-02-03 16:19:22] [Epoch   106/  500] trn/loss 1.477e+00, trn/lr 8.941e-03, val/acc 4.871e-01, val/nll 1.887e+00
[2023-02-03 16:19:25] [Epoch   107/  500] trn/loss 1.473e+00, trn/lr 8.922e-03, val/acc 4.726e-01, val/nll 1.990e+00
[2023-02-03 16:19:28] [Epoch   108/  500] trn/loss 1.478e+00, trn/lr 8.902e-03, val/acc 4.653e-01, val/nll 1.989e+00
[2023-02-03 16:19:31] [Epoch   109/  500] trn/loss 1.464e+00, trn/lr 8.882e-03, val/acc 4.530e-01, val/nll 2.053e+00
[2023-02-03 16:19:34] [Epoch   110/  500] trn/loss 1.469e+00, trn/lr 8.863e-03, val/acc 4.600e-01, val/nll 2.049e+00
[2023-02-03 16:19:37] [Epoch   111/  500] trn/loss 1.462e+00, trn/lr 8.843e-03, val/acc 4.781e-01, val/nll 1.938e+00
[2023-02-03 16:19:40] [Epoch   112/  500] trn/loss 1.466e+00, trn/lr 8.822e-03, val/acc 4.517e-01, val/nll 2.136e+00
[2023-02-03 16:19:43] [Epoch   113/  500] trn/loss 1.467e+00, trn/lr 8.802e-03, val/acc 4.614e-01, val/nll 2.040e+00
[2023-02-03 16:19:46] [Epoch   114/  500] trn/loss 1.450e+00, trn/lr 8.782e-03, val/acc 4.725e-01, val/nll 1.985e+00
[2023-02-03 16:19:49] [Epoch   115/  500] trn/loss 1.468e+00, trn/lr 8.761e-03, val/acc 4.871e-01, val/nll 1.951e+00
[2023-02-03 16:19:52] [Epoch   116/  500] trn/loss 1.463e+00, trn/lr 8.740e-03, val/acc 4.892e-01, val/nll 1.885e+00
[2023-02-03 16:19:55] [Epoch   117/  500] trn/loss 1.452e+00, trn/lr 8.719e-03, val/acc 4.804e-01, val/nll 1.925e+00
[2023-02-03 16:19:58] [Epoch   118/  500] trn/loss 1.468e+00, trn/lr 8.698e-03, val/acc 4.938e-01, val/nll 1.886e+00
[2023-02-03 16:20:01] [Epoch   119/  500] trn/loss 1.453e+00, trn/lr 8.677e-03, val/acc 4.690e-01, val/nll 2.004e+00
[2023-02-03 16:20:04] [Epoch   120/  500] trn/loss 1.450e+00, trn/lr 8.656e-03, val/acc 4.396e-01, val/nll 2.237e+00
[2023-02-03 16:20:07] [Epoch   121/  500] trn/loss 1.442e+00, trn/lr 8.634e-03, val/acc 4.400e-01, val/nll 2.212e+00
[2023-02-03 16:20:10] [Epoch   122/  500] trn/loss 1.461e+00, trn/lr 8.612e-03, val/acc 4.990e-01, val/nll 1.828e+00
[2023-02-03 16:20:13] [Epoch   123/  500] trn/loss 1.457e+00, trn/lr 8.591e-03, val/acc 4.814e-01, val/nll 1.943e+00
[2023-02-03 16:20:16] [Epoch   124/  500] trn/loss 1.449e+00, trn/lr 8.569e-03, val/acc 4.902e-01, val/nll 1.869e+00
[2023-02-03 16:20:20] [Epoch   125/  500] trn/loss 1.446e+00, trn/lr 8.547e-03, val/acc 4.771e-01, val/nll 1.972e+00
[2023-02-03 16:20:23] [Epoch   126/  500] trn/loss 1.452e+00, trn/lr 8.524e-03, val/acc 4.848e-01, val/nll 1.928e+00
[2023-02-03 16:20:26] [Epoch   127/  500] trn/loss 1.451e+00, trn/lr 8.502e-03, val/acc 4.538e-01, val/nll 2.092e+00
[2023-02-03 16:20:29] [Epoch   128/  500] trn/loss 1.447e+00, trn/lr 8.480e-03, val/acc 4.292e-01, val/nll 2.285e+00
[2023-02-03 16:20:32] [Epoch   129/  500] trn/loss 1.434e+00, trn/lr 8.457e-03, val/acc 4.247e-01, val/nll 2.302e+00
[2023-02-03 16:20:35] [Epoch   130/  500] trn/loss 1.438e+00, trn/lr 8.434e-03, val/acc 5.019e-01, val/nll 1.796e+00
[2023-02-03 16:20:38] [Epoch   131/  500] trn/loss 1.443e+00, trn/lr 8.411e-03, val/acc 4.718e-01, val/nll 1.981e+00
[2023-02-03 16:20:41] [Epoch   132/  500] trn/loss 1.435e+00, trn/lr 8.388e-03, val/acc 4.084e-01, val/nll 2.411e+00
[2023-02-03 16:20:44] [Epoch   133/  500] trn/loss 1.435e+00, trn/lr 8.365e-03, val/acc 4.877e-01, val/nll 1.953e+00
[2023-02-03 16:20:47] [Epoch   134/  500] trn/loss 1.427e+00, trn/lr 8.342e-03, val/acc 4.493e-01, val/nll 2.145e+00
[2023-02-03 16:20:50] [Epoch   135/  500] trn/loss 1.432e+00, trn/lr 8.318e-03, val/acc 4.833e-01, val/nll 1.925e+00
[2023-02-03 16:20:53] [Epoch   136/  500] trn/loss 1.401e+00, trn/lr 8.295e-03, val/acc 4.804e-01, val/nll 1.988e+00
[2023-02-03 16:20:56] [Epoch   137/  500] trn/loss 1.421e+00, trn/lr 8.271e-03, val/acc 5.093e-01, val/nll 1.754e+00 (best_acc: 5.056e-01 -> 5.093e-01, test_acc: 5.232e-01, test_nll: 1.732e+00)
[2023-02-03 16:20:59] [Epoch   138/  500] trn/loss 1.428e+00, trn/lr 8.247e-03, val/acc 5.032e-01, val/nll 1.863e+00
[2023-02-03 16:21:02] [Epoch   139/  500] trn/loss 1.438e+00, trn/lr 8.223e-03, val/acc 4.708e-01, val/nll 2.008e+00
[2023-02-03 16:21:05] [Epoch   140/  500] trn/loss 1.407e+00, trn/lr 8.199e-03, val/acc 5.084e-01, val/nll 1.795e+00
[2023-02-03 16:21:08] [Epoch   141/  500] trn/loss 1.412e+00, trn/lr 8.175e-03, val/acc 4.808e-01, val/nll 1.972e+00
[2023-02-03 16:21:11] [Epoch   142/  500] trn/loss 1.422e+00, trn/lr 8.151e-03, val/acc 4.762e-01, val/nll 1.998e+00
[2023-02-03 16:21:14] [Epoch   143/  500] trn/loss 1.425e+00, trn/lr 8.126e-03, val/acc 4.921e-01, val/nll 1.884e+00
[2023-02-03 16:21:17] [Epoch   144/  500] trn/loss 1.420e+00, trn/lr 8.102e-03, val/acc 4.269e-01, val/nll 2.349e+00
[2023-02-03 16:21:20] [Epoch   145/  500] trn/loss 1.410e+00, trn/lr 8.077e-03, val/acc 4.688e-01, val/nll 2.045e+00
[2023-02-03 16:21:23] [Epoch   146/  500] trn/loss 1.407e+00, trn/lr 8.052e-03, val/acc 4.713e-01, val/nll 1.995e+00
[2023-02-03 16:21:26] [Epoch   147/  500] trn/loss 1.408e+00, trn/lr 8.027e-03, val/acc 5.069e-01, val/nll 1.792e+00
[2023-02-03 16:21:29] [Epoch   148/  500] trn/loss 1.393e+00, trn/lr 8.002e-03, val/acc 4.791e-01, val/nll 1.952e+00
[2023-02-03 16:21:32] [Epoch   149/  500] trn/loss 1.392e+00, trn/lr 7.977e-03, val/acc 4.673e-01, val/nll 2.016e+00
[2023-02-03 16:21:35] [Epoch   150/  500] trn/loss 1.400e+00, trn/lr 7.952e-03, val/acc 4.941e-01, val/nll 1.889e+00
[2023-02-03 16:21:38] [Epoch   151/  500] trn/loss 1.396e+00, trn/lr 7.926e-03, val/acc 4.934e-01, val/nll 1.862e+00
[2023-02-03 16:21:42] [Epoch   152/  500] trn/loss 1.398e+00, trn/lr 7.901e-03, val/acc 4.980e-01, val/nll 1.867e+00
[2023-02-03 16:21:45] [Epoch   153/  500] trn/loss 1.392e+00, trn/lr 7.875e-03, val/acc 4.798e-01, val/nll 1.955e+00
[2023-02-03 16:21:48] [Epoch   154/  500] trn/loss 1.389e+00, trn/lr 7.849e-03, val/acc 5.023e-01, val/nll 1.879e+00
[2023-02-03 16:21:51] [Epoch   155/  500] trn/loss 1.393e+00, trn/lr 7.823e-03, val/acc 4.382e-01, val/nll 2.185e+00
[2023-02-03 16:21:54] [Epoch   156/  500] trn/loss 1.406e+00, trn/lr 7.797e-03, val/acc 4.899e-01, val/nll 1.938e+00
[2023-02-03 16:21:57] [Epoch   157/  500] trn/loss 1.394e+00, trn/lr 7.771e-03, val/acc 5.015e-01, val/nll 1.846e+00
[2023-02-03 16:22:00] [Epoch   158/  500] trn/loss 1.392e+00, trn/lr 7.745e-03, val/acc 5.082e-01, val/nll 1.779e+00
[2023-02-03 16:22:03] [Epoch   159/  500] trn/loss 1.389e+00, trn/lr 7.719e-03, val/acc 4.454e-01, val/nll 2.156e+00
[2023-02-03 16:22:06] [Epoch   160/  500] trn/loss 1.394e+00, trn/lr 7.692e-03, val/acc 4.942e-01, val/nll 1.875e+00
[2023-02-03 16:22:09] [Epoch   161/  500] trn/loss 1.380e+00, trn/lr 7.666e-03, val/acc 4.468e-01, val/nll 2.177e+00
[2023-02-03 16:22:12] [Epoch   162/  500] trn/loss 1.365e+00, trn/lr 7.639e-03, val/acc 5.043e-01, val/nll 1.853e+00
[2023-02-03 16:22:15] [Epoch   163/  500] trn/loss 1.392e+00, trn/lr 7.613e-03, val/acc 4.739e-01, val/nll 1.980e+00
[2023-02-03 16:22:18] [Epoch   164/  500] trn/loss 1.373e+00, trn/lr 7.586e-03, val/acc 4.903e-01, val/nll 1.897e+00
[2023-02-03 16:22:21] [Epoch   165/  500] trn/loss 1.369e+00, trn/lr 7.559e-03, val/acc 4.949e-01, val/nll 1.921e+00
[2023-02-03 16:22:24] [Epoch   166/  500] trn/loss 1.373e+00, trn/lr 7.532e-03, val/acc 4.864e-01, val/nll 1.938e+00
[2023-02-03 16:22:27] [Epoch   167/  500] trn/loss 1.364e+00, trn/lr 7.505e-03, val/acc 5.226e-01, val/nll 1.746e+00 (best_acc: 5.093e-01 -> 5.226e-01, test_acc: 5.310e-01, test_nll: 1.729e+00)
[2023-02-03 16:22:30] [Epoch   168/  500] trn/loss 1.372e+00, trn/lr 7.477e-03, val/acc 5.032e-01, val/nll 1.867e+00
[2023-02-03 16:22:33] [Epoch   169/  500] trn/loss 1.365e+00, trn/lr 7.450e-03, val/acc 4.856e-01, val/nll 1.950e+00
[2023-02-03 16:22:36] [Epoch   170/  500] trn/loss 1.376e+00, trn/lr 7.423e-03, val/acc 4.934e-01, val/nll 1.906e+00
[2023-02-03 16:22:39] [Epoch   171/  500] trn/loss 1.357e+00, trn/lr 7.395e-03, val/acc 5.052e-01, val/nll 1.826e+00
[2023-02-03 16:22:43] [Epoch   172/  500] trn/loss 1.362e+00, trn/lr 7.367e-03, val/acc 5.299e-01, val/nll 1.702e+00 (best_acc: 5.226e-01 -> 5.299e-01, test_acc: 5.301e-01, test_nll: 1.680e+00)
[2023-02-03 16:22:46] [Epoch   173/  500] trn/loss 1.345e+00, trn/lr 7.340e-03, val/acc 5.010e-01, val/nll 1.843e+00
[2023-02-03 16:22:49] [Epoch   174/  500] trn/loss 1.360e+00, trn/lr 7.312e-03, val/acc 4.955e-01, val/nll 1.905e+00
[2023-02-03 16:22:52] [Epoch   175/  500] trn/loss 1.341e+00, trn/lr 7.284e-03, val/acc 5.040e-01, val/nll 1.845e+00
[2023-02-03 16:22:55] [Epoch   176/  500] trn/loss 1.367e+00, trn/lr 7.256e-03, val/acc 4.927e-01, val/nll 1.899e+00
[2023-02-03 16:22:58] [Epoch   177/  500] trn/loss 1.350e+00, trn/lr 7.228e-03, val/acc 5.101e-01, val/nll 1.816e+00
[2023-02-03 16:23:01] [Epoch   178/  500] trn/loss 1.346e+00, trn/lr 7.200e-03, val/acc 5.125e-01, val/nll 1.832e+00
[2023-02-03 16:23:04] [Epoch   179/  500] trn/loss 1.336e+00, trn/lr 7.172e-03, val/acc 4.819e-01, val/nll 1.975e+00
[2023-02-03 16:23:07] [Epoch   180/  500] trn/loss 1.356e+00, trn/lr 7.143e-03, val/acc 4.827e-01, val/nll 1.981e+00
[2023-02-03 16:23:10] [Epoch   181/  500] trn/loss 1.342e+00, trn/lr 7.115e-03, val/acc 5.218e-01, val/nll 1.747e+00
[2023-02-03 16:23:13] [Epoch   182/  500] trn/loss 1.339e+00, trn/lr 7.086e-03, val/acc 5.292e-01, val/nll 1.709e+00
[2023-02-03 16:23:16] [Epoch   183/  500] trn/loss 1.337e+00, trn/lr 7.058e-03, val/acc 4.767e-01, val/nll 1.940e+00
[2023-02-03 16:23:19] [Epoch   184/  500] trn/loss 1.328e+00, trn/lr 7.029e-03, val/acc 4.750e-01, val/nll 2.085e+00
[2023-02-03 16:23:22] [Epoch   185/  500] trn/loss 1.340e+00, trn/lr 7.000e-03, val/acc 4.361e-01, val/nll 2.295e+00
[2023-02-03 16:23:25] [Epoch   186/  500] trn/loss 1.327e+00, trn/lr 6.971e-03, val/acc 4.579e-01, val/nll 2.171e+00
[2023-02-03 16:23:28] [Epoch   187/  500] trn/loss 1.329e+00, trn/lr 6.942e-03, val/acc 4.909e-01, val/nll 1.896e+00
[2023-02-03 16:23:31] [Epoch   188/  500] trn/loss 1.332e+00, trn/lr 6.914e-03, val/acc 4.804e-01, val/nll 1.991e+00
[2023-02-03 16:23:34] [Epoch   189/  500] trn/loss 1.332e+00, trn/lr 6.884e-03, val/acc 5.388e-01, val/nll 1.678e+00 (best_acc: 5.299e-01 -> 5.388e-01, test_acc: 5.390e-01, test_nll: 1.691e+00)
[2023-02-03 16:23:37] [Epoch   190/  500] trn/loss 1.324e+00, trn/lr 6.855e-03, val/acc 5.169e-01, val/nll 1.799e+00
[2023-02-03 16:23:40] [Epoch   191/  500] trn/loss 1.324e+00, trn/lr 6.826e-03, val/acc 5.238e-01, val/nll 1.746e+00
[2023-02-03 16:23:44] [Epoch   192/  500] trn/loss 1.324e+00, trn/lr 6.797e-03, val/acc 4.637e-01, val/nll 2.092e+00
[2023-02-03 16:23:47] [Epoch   193/  500] trn/loss 1.318e+00, trn/lr 6.767e-03, val/acc 4.819e-01, val/nll 1.985e+00
[2023-02-03 16:23:50] [Epoch   194/  500] trn/loss 1.300e+00, trn/lr 6.738e-03, val/acc 5.058e-01, val/nll 1.825e+00
[2023-02-03 16:23:53] [Epoch   195/  500] trn/loss 1.317e+00, trn/lr 6.709e-03, val/acc 4.817e-01, val/nll 2.011e+00
[2023-02-03 16:23:56] [Epoch   196/  500] trn/loss 1.339e+00, trn/lr 6.679e-03, val/acc 4.986e-01, val/nll 1.884e+00
[2023-02-03 16:23:59] [Epoch   197/  500] trn/loss 1.313e+00, trn/lr 6.649e-03, val/acc 5.074e-01, val/nll 1.861e+00
[2023-02-03 16:24:02] [Epoch   198/  500] trn/loss 1.306e+00, trn/lr 6.620e-03, val/acc 4.912e-01, val/nll 1.911e+00
[2023-02-03 16:24:05] [Epoch   199/  500] trn/loss 1.326e+00, trn/lr 6.590e-03, val/acc 5.107e-01, val/nll 1.839e+00
[2023-02-03 16:24:08] [Epoch   200/  500] trn/loss 1.305e+00, trn/lr 6.560e-03, val/acc 5.079e-01, val/nll 1.821e+00
[2023-02-03 16:24:11] [Epoch   201/  500] trn/loss 1.305e+00, trn/lr 6.530e-03, val/acc 5.153e-01, val/nll 1.800e+00
[2023-02-03 16:24:14] [Epoch   202/  500] trn/loss 1.292e+00, trn/lr 6.500e-03, val/acc 4.967e-01, val/nll 1.940e+00
[2023-02-03 16:24:17] [Epoch   203/  500] trn/loss 1.300e+00, trn/lr 6.470e-03, val/acc 5.134e-01, val/nll 1.823e+00
[2023-02-03 16:24:20] [Epoch   204/  500] trn/loss 1.297e+00, trn/lr 6.440e-03, val/acc 5.192e-01, val/nll 1.764e+00
[2023-02-03 16:24:23] [Epoch   205/  500] trn/loss 1.291e+00, trn/lr 6.410e-03, val/acc 5.017e-01, val/nll 1.838e+00
[2023-02-03 16:24:26] [Epoch   206/  500] trn/loss 1.292e+00, trn/lr 6.380e-03, val/acc 5.305e-01, val/nll 1.747e+00
[2023-02-03 16:24:29] [Epoch   207/  500] trn/loss 1.277e+00, trn/lr 6.350e-03, val/acc 5.377e-01, val/nll 1.699e+00
[2023-02-03 16:24:32] [Epoch   208/  500] trn/loss 1.279e+00, trn/lr 6.319e-03, val/acc 5.199e-01, val/nll 1.788e+00
[2023-02-03 16:24:35] [Epoch   209/  500] trn/loss 1.288e+00, trn/lr 6.289e-03, val/acc 5.169e-01, val/nll 1.772e+00
[2023-02-03 16:24:38] [Epoch   210/  500] trn/loss 1.265e+00, trn/lr 6.259e-03, val/acc 5.039e-01, val/nll 1.892e+00
[2023-02-03 16:24:41] [Epoch   211/  500] trn/loss 1.274e+00, trn/lr 6.228e-03, val/acc 4.765e-01, val/nll 2.006e+00
[2023-02-03 16:24:44] [Epoch   212/  500] trn/loss 1.279e+00, trn/lr 6.198e-03, val/acc 5.531e-01, val/nll 1.628e+00 (best_acc: 5.388e-01 -> 5.531e-01, test_acc: 5.556e-01, test_nll: 1.625e+00)
[2023-02-03 16:24:47] [Epoch   213/  500] trn/loss 1.270e+00, trn/lr 6.167e-03, val/acc 5.364e-01, val/nll 1.718e+00
[2023-02-03 16:24:50] [Epoch   214/  500] trn/loss 1.273e+00, trn/lr 6.137e-03, val/acc 5.064e-01, val/nll 1.832e+00
[2023-02-03 16:24:53] [Epoch   215/  500] trn/loss 1.272e+00, trn/lr 6.106e-03, val/acc 5.278e-01, val/nll 1.758e+00
[2023-02-03 16:24:56] [Epoch   216/  500] trn/loss 1.272e+00, trn/lr 6.075e-03, val/acc 5.013e-01, val/nll 1.905e+00
[2023-02-03 16:24:59] [Epoch   217/  500] trn/loss 1.272e+00, trn/lr 6.045e-03, val/acc 5.160e-01, val/nll 1.774e+00
[2023-02-03 16:25:02] [Epoch   218/  500] trn/loss 1.283e+00, trn/lr 6.014e-03, val/acc 5.199e-01, val/nll 1.777e+00
[2023-02-03 16:25:05] [Epoch   219/  500] trn/loss 1.278e+00, trn/lr 5.983e-03, val/acc 5.394e-01, val/nll 1.712e+00
[2023-02-03 16:25:08] [Epoch   220/  500] trn/loss 1.254e+00, trn/lr 5.952e-03, val/acc 5.122e-01, val/nll 1.854e+00
[2023-02-03 16:25:11] [Epoch   221/  500] trn/loss 1.244e+00, trn/lr 5.922e-03, val/acc 5.265e-01, val/nll 1.744e+00
[2023-02-03 16:25:15] [Epoch   222/  500] trn/loss 1.257e+00, trn/lr 5.891e-03, val/acc 5.215e-01, val/nll 1.775e+00
[2023-02-03 16:25:18] [Epoch   223/  500] trn/loss 1.248e+00, trn/lr 5.860e-03, val/acc 5.208e-01, val/nll 1.752e+00
[2023-02-03 16:25:21] [Epoch   224/  500] trn/loss 1.248e+00, trn/lr 5.829e-03, val/acc 5.319e-01, val/nll 1.695e+00
[2023-02-03 16:25:24] [Epoch   225/  500] trn/loss 1.245e+00, trn/lr 5.798e-03, val/acc 5.076e-01, val/nll 1.808e+00
[2023-02-03 16:25:27] [Epoch   226/  500] trn/loss 1.247e+00, trn/lr 5.767e-03, val/acc 5.013e-01, val/nll 1.915e+00
[2023-02-03 16:25:30] [Epoch   227/  500] trn/loss 1.236e+00, trn/lr 5.736e-03, val/acc 5.343e-01, val/nll 1.757e+00
[2023-02-03 16:25:33] [Epoch   228/  500] trn/loss 1.239e+00, trn/lr 5.705e-03, val/acc 5.461e-01, val/nll 1.680e+00
[2023-02-03 16:25:36] [Epoch   229/  500] trn/loss 1.246e+00, trn/lr 5.673e-03, val/acc 5.092e-01, val/nll 1.821e+00
[2023-02-03 16:25:39] [Epoch   230/  500] trn/loss 1.244e+00, trn/lr 5.642e-03, val/acc 5.177e-01, val/nll 1.825e+00
[2023-02-03 16:25:42] [Epoch   231/  500] trn/loss 1.244e+00, trn/lr 5.611e-03, val/acc 5.145e-01, val/nll 1.753e+00
[2023-02-03 16:25:45] [Epoch   232/  500] trn/loss 1.246e+00, trn/lr 5.580e-03, val/acc 5.115e-01, val/nll 1.856e+00
[2023-02-03 16:25:48] [Epoch   233/  500] trn/loss 1.238e+00, trn/lr 5.549e-03, val/acc 5.456e-01, val/nll 1.678e+00
[2023-02-03 16:25:51] [Epoch   234/  500] trn/loss 1.220e+00, trn/lr 5.518e-03, val/acc 5.517e-01, val/nll 1.636e+00
[2023-02-03 16:25:54] [Epoch   235/  500] trn/loss 1.224e+00, trn/lr 5.486e-03, val/acc 5.549e-01, val/nll 1.628e+00 (best_acc: 5.531e-01 -> 5.549e-01, test_acc: 5.591e-01, test_nll: 1.607e+00)
[2023-02-03 16:25:57] [Epoch   236/  500] trn/loss 1.198e+00, trn/lr 5.455e-03, val/acc 5.118e-01, val/nll 1.849e+00
[2023-02-03 16:26:00] [Epoch   237/  500] trn/loss 1.224e+00, trn/lr 5.424e-03, val/acc 5.227e-01, val/nll 1.783e+00
[2023-02-03 16:26:03] [Epoch   238/  500] trn/loss 1.202e+00, trn/lr 5.392e-03, val/acc 5.456e-01, val/nll 1.711e+00
[2023-02-03 16:26:06] [Epoch   239/  500] trn/loss 1.215e+00, trn/lr 5.361e-03, val/acc 5.107e-01, val/nll 1.808e+00
[2023-02-03 16:26:09] [Epoch   240/  500] trn/loss 1.207e+00, trn/lr 5.330e-03, val/acc 5.154e-01, val/nll 1.793e+00
[2023-02-03 16:26:12] [Epoch   241/  500] trn/loss 1.209e+00, trn/lr 5.298e-03, val/acc 5.325e-01, val/nll 1.729e+00
[2023-02-03 16:26:16] [Epoch   242/  500] trn/loss 1.197e+00, trn/lr 5.267e-03, val/acc 5.595e-01, val/nll 1.578e+00 (best_acc: 5.549e-01 -> 5.595e-01, test_acc: 5.588e-01, test_nll: 1.580e+00)
[2023-02-03 16:26:19] [Epoch   243/  500] trn/loss 1.196e+00, trn/lr 5.236e-03, val/acc 5.576e-01, val/nll 1.633e+00
[2023-02-03 16:26:22] [Epoch   244/  500] trn/loss 1.194e+00, trn/lr 5.204e-03, val/acc 5.305e-01, val/nll 1.740e+00
[2023-02-03 16:26:25] [Epoch   245/  500] trn/loss 1.213e+00, trn/lr 5.173e-03, val/acc 5.481e-01, val/nll 1.683e+00
[2023-02-03 16:26:28] [Epoch   246/  500] trn/loss 1.179e+00, trn/lr 5.141e-03, val/acc 5.548e-01, val/nll 1.647e+00
[2023-02-03 16:26:31] [Epoch   247/  500] trn/loss 1.183e+00, trn/lr 5.110e-03, val/acc 5.596e-01, val/nll 1.597e+00 (best_acc: 5.595e-01 -> 5.596e-01, test_acc: 5.689e-01, test_nll: 1.565e+00)
[2023-02-03 16:26:34] [Epoch   248/  500] trn/loss 1.191e+00, trn/lr 5.079e-03, val/acc 5.198e-01, val/nll 1.814e+00
[2023-02-03 16:26:37] [Epoch   249/  500] trn/loss 1.190e+00, trn/lr 5.047e-03, val/acc 5.537e-01, val/nll 1.650e+00
[2023-02-03 16:26:40] [Epoch   250/  500] trn/loss 1.180e+00, trn/lr 5.016e-03, val/acc 5.129e-01, val/nll 1.864e+00
[2023-02-03 16:26:43] [Epoch   251/  500] trn/loss 1.194e+00, trn/lr 4.984e-03, val/acc 5.323e-01, val/nll 1.744e+00
[2023-02-03 16:26:46] [Epoch   252/  500] trn/loss 1.166e+00, trn/lr 4.953e-03, val/acc 5.447e-01, val/nll 1.653e+00
[2023-02-03 16:26:49] [Epoch   253/  500] trn/loss 1.177e+00, trn/lr 4.922e-03, val/acc 5.393e-01, val/nll 1.736e+00
[2023-02-03 16:26:52] [Epoch   254/  500] trn/loss 1.164e+00, trn/lr 4.890e-03, val/acc 5.375e-01, val/nll 1.756e+00
[2023-02-03 16:26:55] [Epoch   255/  500] trn/loss 1.155e+00, trn/lr 4.859e-03, val/acc 5.327e-01, val/nll 1.753e+00
[2023-02-03 16:26:58] [Epoch   256/  500] trn/loss 1.172e+00, trn/lr 4.827e-03, val/acc 5.302e-01, val/nll 1.771e+00
[2023-02-03 16:27:02] [Epoch   257/  500] trn/loss 1.156e+00, trn/lr 4.796e-03, val/acc 5.179e-01, val/nll 1.809e+00
[2023-02-03 16:27:05] [Epoch   258/  500] trn/loss 1.160e+00, trn/lr 4.765e-03, val/acc 5.191e-01, val/nll 1.812e+00
[2023-02-03 16:27:08] [Epoch   259/  500] trn/loss 1.160e+00, trn/lr 4.733e-03, val/acc 5.395e-01, val/nll 1.687e+00
[2023-02-03 16:27:11] [Epoch   260/  500] trn/loss 1.150e+00, trn/lr 4.702e-03, val/acc 5.299e-01, val/nll 1.772e+00
[2023-02-03 16:27:14] [Epoch   261/  500] trn/loss 1.149e+00, trn/lr 4.670e-03, val/acc 5.685e-01, val/nll 1.588e+00 (best_acc: 5.596e-01 -> 5.685e-01, test_acc: 5.670e-01, test_nll: 1.569e+00)
[2023-02-03 16:27:17] [Epoch   262/  500] trn/loss 1.159e+00, trn/lr 4.639e-03, val/acc 5.332e-01, val/nll 1.765e+00
[2023-02-03 16:27:20] [Epoch   263/  500] trn/loss 1.142e+00, trn/lr 4.608e-03, val/acc 5.350e-01, val/nll 1.707e+00
[2023-02-03 16:27:23] [Epoch   264/  500] trn/loss 1.146e+00, trn/lr 4.576e-03, val/acc 5.541e-01, val/nll 1.661e+00
[2023-02-03 16:27:26] [Epoch   265/  500] trn/loss 1.143e+00, trn/lr 4.545e-03, val/acc 5.218e-01, val/nll 1.794e+00
[2023-02-03 16:27:29] [Epoch   266/  500] trn/loss 1.130e+00, trn/lr 4.514e-03, val/acc 5.524e-01, val/nll 1.671e+00
[2023-02-03 16:27:32] [Epoch   267/  500] trn/loss 1.151e+00, trn/lr 4.483e-03, val/acc 5.235e-01, val/nll 1.820e+00
[2023-02-03 16:27:35] [Epoch   268/  500] trn/loss 1.144e+00, trn/lr 4.451e-03, val/acc 5.284e-01, val/nll 1.736e+00
[2023-02-03 16:27:38] [Epoch   269/  500] trn/loss 1.124e+00, trn/lr 4.420e-03, val/acc 5.208e-01, val/nll 1.787e+00
[2023-02-03 16:27:41] [Epoch   270/  500] trn/loss 1.118e+00, trn/lr 4.389e-03, val/acc 5.512e-01, val/nll 1.649e+00
[2023-02-03 16:27:44] [Epoch   271/  500] trn/loss 1.121e+00, trn/lr 4.358e-03, val/acc 5.285e-01, val/nll 1.763e+00
[2023-02-03 16:27:47] [Epoch   272/  500] trn/loss 1.128e+00, trn/lr 4.327e-03, val/acc 5.421e-01, val/nll 1.673e+00
[2023-02-03 16:27:50] [Epoch   273/  500] trn/loss 1.132e+00, trn/lr 4.296e-03, val/acc 5.457e-01, val/nll 1.721e+00
[2023-02-03 16:27:53] [Epoch   274/  500] trn/loss 1.123e+00, trn/lr 4.265e-03, val/acc 5.512e-01, val/nll 1.675e+00
[2023-02-03 16:27:56] [Epoch   275/  500] trn/loss 1.097e+00, trn/lr 4.233e-03, val/acc 5.280e-01, val/nll 1.754e+00
[2023-02-03 16:27:59] [Epoch   276/  500] trn/loss 1.106e+00, trn/lr 4.202e-03, val/acc 5.784e-01, val/nll 1.538e+00 (best_acc: 5.685e-01 -> 5.784e-01, test_acc: 5.817e-01, test_nll: 1.512e+00)
[2023-02-03 16:28:03] [Epoch   277/  500] trn/loss 1.098e+00, trn/lr 4.171e-03, val/acc 5.341e-01, val/nll 1.763e+00
[2023-02-03 16:28:06] [Epoch   278/  500] trn/loss 1.098e+00, trn/lr 4.140e-03, val/acc 5.594e-01, val/nll 1.591e+00
[2023-02-03 16:28:09] [Epoch   279/  500] trn/loss 1.103e+00, trn/lr 4.110e-03, val/acc 5.639e-01, val/nll 1.606e+00
[2023-02-03 16:28:12] [Epoch   280/  500] trn/loss 1.096e+00, trn/lr 4.079e-03, val/acc 5.494e-01, val/nll 1.666e+00
[2023-02-03 16:28:15] [Epoch   281/  500] trn/loss 1.081e+00, trn/lr 4.048e-03, val/acc 5.699e-01, val/nll 1.578e+00
[2023-02-03 16:28:18] [Epoch   282/  500] trn/loss 1.084e+00, trn/lr 4.017e-03, val/acc 5.337e-01, val/nll 1.740e+00
[2023-02-03 16:28:21] [Epoch   283/  500] trn/loss 1.084e+00, trn/lr 3.986e-03, val/acc 5.259e-01, val/nll 1.791e+00
[2023-02-03 16:28:24] [Epoch   284/  500] trn/loss 1.091e+00, trn/lr 3.955e-03, val/acc 5.519e-01, val/nll 1.653e+00
[2023-02-03 16:28:27] [Epoch   285/  500] trn/loss 1.077e+00, trn/lr 3.925e-03, val/acc 5.497e-01, val/nll 1.674e+00
[2023-02-03 16:28:30] [Epoch   286/  500] trn/loss 1.088e+00, trn/lr 3.894e-03, val/acc 5.658e-01, val/nll 1.574e+00
[2023-02-03 16:28:33] [Epoch   287/  500] trn/loss 1.078e+00, trn/lr 3.863e-03, val/acc 5.504e-01, val/nll 1.665e+00
[2023-02-03 16:28:36] [Epoch   288/  500] trn/loss 1.065e+00, trn/lr 3.833e-03, val/acc 5.567e-01, val/nll 1.631e+00
[2023-02-03 16:28:39] [Epoch   289/  500] trn/loss 1.058e+00, trn/lr 3.802e-03, val/acc 5.803e-01, val/nll 1.545e+00 (best_acc: 5.784e-01 -> 5.803e-01, test_acc: 5.837e-01, test_nll: 1.510e+00)
[2023-02-03 16:28:42] [Epoch   290/  500] trn/loss 1.081e+00, trn/lr 3.772e-03, val/acc 5.423e-01, val/nll 1.651e+00
[2023-02-03 16:28:46] [Epoch   291/  500] trn/loss 1.052e+00, trn/lr 3.741e-03, val/acc 5.090e-01, val/nll 1.897e+00
[2023-02-03 16:28:49] [Epoch   292/  500] trn/loss 1.067e+00, trn/lr 3.711e-03, val/acc 5.591e-01, val/nll 1.619e+00
[2023-02-03 16:28:52] [Epoch   293/  500] trn/loss 1.058e+00, trn/lr 3.681e-03, val/acc 5.684e-01, val/nll 1.542e+00
[2023-02-03 16:28:55] [Epoch   294/  500] trn/loss 1.053e+00, trn/lr 3.650e-03, val/acc 5.538e-01, val/nll 1.655e+00
[2023-02-03 16:28:58] [Epoch   295/  500] trn/loss 1.050e+00, trn/lr 3.620e-03, val/acc 5.493e-01, val/nll 1.667e+00
[2023-02-03 16:29:01] [Epoch   296/  500] trn/loss 1.037e+00, trn/lr 3.590e-03, val/acc 5.553e-01, val/nll 1.693e+00
[2023-02-03 16:29:04] [Epoch   297/  500] trn/loss 1.039e+00, trn/lr 3.560e-03, val/acc 5.624e-01, val/nll 1.605e+00
[2023-02-03 16:29:07] [Epoch   298/  500] trn/loss 1.061e+00, trn/lr 3.530e-03, val/acc 5.362e-01, val/nll 1.776e+00
[2023-02-03 16:29:10] [Epoch   299/  500] trn/loss 1.021e+00, trn/lr 3.500e-03, val/acc 5.811e-01, val/nll 1.521e+00 (best_acc: 5.803e-01 -> 5.811e-01, test_acc: 5.879e-01, test_nll: 1.492e+00)
[2023-02-03 16:29:13] [Epoch   300/  500] trn/loss 1.019e+00, trn/lr 3.470e-03, val/acc 5.523e-01, val/nll 1.671e+00
[2023-02-03 16:29:16] [Epoch   301/  500] trn/loss 1.033e+00, trn/lr 3.440e-03, val/acc 5.692e-01, val/nll 1.593e+00
[2023-02-03 16:29:19] [Epoch   302/  500] trn/loss 1.012e+00, trn/lr 3.410e-03, val/acc 5.540e-01, val/nll 1.640e+00
[2023-02-03 16:29:22] [Epoch   303/  500] trn/loss 1.020e+00, trn/lr 3.381e-03, val/acc 5.757e-01, val/nll 1.570e+00
[2023-02-03 16:29:25] [Epoch   304/  500] trn/loss 1.024e+00, trn/lr 3.351e-03, val/acc 5.674e-01, val/nll 1.613e+00
[2023-02-03 16:29:28] [Epoch   305/  500] trn/loss 1.008e+00, trn/lr 3.321e-03, val/acc 5.690e-01, val/nll 1.571e+00
[2023-02-03 16:29:31] [Epoch   306/  500] trn/loss 1.002e+00, trn/lr 3.292e-03, val/acc 5.793e-01, val/nll 1.531e+00
[2023-02-03 16:29:34] [Epoch   307/  500] trn/loss 1.017e+00, trn/lr 3.262e-03, val/acc 5.457e-01, val/nll 1.738e+00
[2023-02-03 16:29:37] [Epoch   308/  500] trn/loss 1.018e+00, trn/lr 3.233e-03, val/acc 5.667e-01, val/nll 1.566e+00
[2023-02-03 16:29:40] [Epoch   309/  500] trn/loss 9.810e-01, trn/lr 3.203e-03, val/acc 5.635e-01, val/nll 1.637e+00
[2023-02-03 16:29:43] [Epoch   310/  500] trn/loss 9.874e-01, trn/lr 3.174e-03, val/acc 5.542e-01, val/nll 1.647e+00
[2023-02-03 16:29:46] [Epoch   311/  500] trn/loss 9.961e-01, trn/lr 3.145e-03, val/acc 5.403e-01, val/nll 1.747e+00
[2023-02-03 16:29:50] [Epoch   312/  500] trn/loss 9.945e-01, trn/lr 3.116e-03, val/acc 5.961e-01, val/nll 1.462e+00 (best_acc: 5.811e-01 -> 5.961e-01, test_acc: 5.933e-01, test_nll: 1.466e+00)
[2023-02-03 16:29:53] [Epoch   313/  500] trn/loss 9.813e-01, trn/lr 3.087e-03, val/acc 5.470e-01, val/nll 1.719e+00
[2023-02-03 16:29:56] [Epoch   314/  500] trn/loss 9.937e-01, trn/lr 3.058e-03, val/acc 5.733e-01, val/nll 1.547e+00
[2023-02-03 16:29:59] [Epoch   315/  500] trn/loss 9.773e-01, trn/lr 3.029e-03, val/acc 5.664e-01, val/nll 1.618e+00
[2023-02-03 16:30:02] [Epoch   316/  500] trn/loss 9.802e-01, trn/lr 3.000e-03, val/acc 5.605e-01, val/nll 1.614e+00
[2023-02-03 16:30:05] [Epoch   317/  500] trn/loss 9.692e-01, trn/lr 2.971e-03, val/acc 5.642e-01, val/nll 1.618e+00
[2023-02-03 16:30:08] [Epoch   318/  500] trn/loss 9.732e-01, trn/lr 2.943e-03, val/acc 5.719e-01, val/nll 1.577e+00
[2023-02-03 16:30:11] [Epoch   319/  500] trn/loss 9.707e-01, trn/lr 2.914e-03, val/acc 5.882e-01, val/nll 1.517e+00
[2023-02-03 16:30:14] [Epoch   320/  500] trn/loss 9.524e-01, trn/lr 2.885e-03, val/acc 5.769e-01, val/nll 1.586e+00
[2023-02-03 16:30:17] [Epoch   321/  500] trn/loss 9.700e-01, trn/lr 2.857e-03, val/acc 5.716e-01, val/nll 1.578e+00
[2023-02-03 16:30:20] [Epoch   322/  500] trn/loss 9.496e-01, trn/lr 2.829e-03, val/acc 5.992e-01, val/nll 1.463e+00 (best_acc: 5.961e-01 -> 5.992e-01, test_acc: 5.978e-01, test_nll: 1.464e+00)
[2023-02-03 16:30:23] [Epoch   323/  500] trn/loss 9.336e-01, trn/lr 2.800e-03, val/acc 5.867e-01, val/nll 1.538e+00
[2023-02-03 16:30:26] [Epoch   324/  500] trn/loss 9.570e-01, trn/lr 2.772e-03, val/acc 5.785e-01, val/nll 1.572e+00
[2023-02-03 16:30:30] [Epoch   325/  500] trn/loss 9.344e-01, trn/lr 2.744e-03, val/acc 6.113e-01, val/nll 1.433e+00 (best_acc: 5.992e-01 -> 6.113e-01, test_acc: 6.117e-01, test_nll: 1.410e+00)
[2023-02-03 16:30:33] [Epoch   326/  500] trn/loss 9.391e-01, trn/lr 2.716e-03, val/acc 5.837e-01, val/nll 1.539e+00
[2023-02-03 16:30:36] [Epoch   327/  500] trn/loss 9.416e-01, trn/lr 2.688e-03, val/acc 5.791e-01, val/nll 1.567e+00
[2023-02-03 16:30:39] [Epoch   328/  500] trn/loss 9.405e-01, trn/lr 2.660e-03, val/acc 5.898e-01, val/nll 1.498e+00
[2023-02-03 16:30:42] [Epoch   329/  500] trn/loss 9.171e-01, trn/lr 2.633e-03, val/acc 5.841e-01, val/nll 1.514e+00
[2023-02-03 16:30:45] [Epoch   330/  500] trn/loss 9.300e-01, trn/lr 2.605e-03, val/acc 5.867e-01, val/nll 1.523e+00
[2023-02-03 16:30:48] [Epoch   331/  500] trn/loss 9.237e-01, trn/lr 2.578e-03, val/acc 5.711e-01, val/nll 1.548e+00
[2023-02-03 16:30:51] [Epoch   332/  500] trn/loss 9.143e-01, trn/lr 2.550e-03, val/acc 5.796e-01, val/nll 1.604e+00
[2023-02-03 16:30:54] [Epoch   333/  500] trn/loss 9.133e-01, trn/lr 2.523e-03, val/acc 5.728e-01, val/nll 1.576e+00
[2023-02-03 16:30:57] [Epoch   334/  500] trn/loss 9.206e-01, trn/lr 2.496e-03, val/acc 5.896e-01, val/nll 1.522e+00
[2023-02-03 16:31:00] [Epoch   335/  500] trn/loss 8.966e-01, trn/lr 2.468e-03, val/acc 5.785e-01, val/nll 1.553e+00
[2023-02-03 16:31:03] [Epoch   336/  500] trn/loss 8.928e-01, trn/lr 2.441e-03, val/acc 5.966e-01, val/nll 1.484e+00
[2023-02-03 16:31:06] [Epoch   337/  500] trn/loss 8.869e-01, trn/lr 2.414e-03, val/acc 5.934e-01, val/nll 1.510e+00
[2023-02-03 16:31:09] [Epoch   338/  500] trn/loss 8.900e-01, trn/lr 2.388e-03, val/acc 6.059e-01, val/nll 1.445e+00
[2023-02-03 16:31:12] [Epoch   339/  500] trn/loss 8.878e-01, trn/lr 2.361e-03, val/acc 5.909e-01, val/nll 1.488e+00
[2023-02-03 16:31:15] [Epoch   340/  500] trn/loss 8.743e-01, trn/lr 2.334e-03, val/acc 5.916e-01, val/nll 1.515e+00
[2023-02-03 16:31:18] [Epoch   341/  500] trn/loss 8.744e-01, trn/lr 2.308e-03, val/acc 6.074e-01, val/nll 1.438e+00
[2023-02-03 16:31:21] [Epoch   342/  500] trn/loss 8.664e-01, trn/lr 2.281e-03, val/acc 5.864e-01, val/nll 1.540e+00
[2023-02-03 16:31:24] [Epoch   343/  500] trn/loss 8.760e-01, trn/lr 2.255e-03, val/acc 6.019e-01, val/nll 1.468e+00
[2023-02-03 16:31:27] [Epoch   344/  500] trn/loss 8.689e-01, trn/lr 2.229e-03, val/acc 6.032e-01, val/nll 1.455e+00
[2023-02-03 16:31:30] [Epoch   345/  500] trn/loss 8.610e-01, trn/lr 2.203e-03, val/acc 5.806e-01, val/nll 1.543e+00
[2023-02-03 16:31:33] [Epoch   346/  500] trn/loss 8.608e-01, trn/lr 2.177e-03, val/acc 5.962e-01, val/nll 1.488e+00
[2023-02-03 16:31:36] [Epoch   347/  500] trn/loss 8.560e-01, trn/lr 2.151e-03, val/acc 5.887e-01, val/nll 1.500e+00
[2023-02-03 16:31:39] [Epoch   348/  500] trn/loss 8.532e-01, trn/lr 2.125e-03, val/acc 5.768e-01, val/nll 1.574e+00
[2023-02-03 16:31:42] [Epoch   349/  500] trn/loss 8.385e-01, trn/lr 2.099e-03, val/acc 5.858e-01, val/nll 1.548e+00
[2023-02-03 16:31:45] [Epoch   350/  500] trn/loss 8.391e-01, trn/lr 2.074e-03, val/acc 5.917e-01, val/nll 1.500e+00
[2023-02-03 16:31:49] [Epoch   351/  500] trn/loss 8.431e-01, trn/lr 2.048e-03, val/acc 6.027e-01, val/nll 1.501e+00
[2023-02-03 16:31:52] [Epoch   352/  500] trn/loss 8.168e-01, trn/lr 2.023e-03, val/acc 5.837e-01, val/nll 1.584e+00
[2023-02-03 16:31:55] [Epoch   353/  500] trn/loss 8.245e-01, trn/lr 1.998e-03, val/acc 5.680e-01, val/nll 1.616e+00
[2023-02-03 16:31:58] [Epoch   354/  500] trn/loss 8.248e-01, trn/lr 1.973e-03, val/acc 6.065e-01, val/nll 1.424e+00
[2023-02-03 16:32:01] [Epoch   355/  500] trn/loss 8.224e-01, trn/lr 1.948e-03, val/acc 6.029e-01, val/nll 1.467e+00
[2023-02-03 16:32:04] [Epoch   356/  500] trn/loss 8.110e-01, trn/lr 1.923e-03, val/acc 5.942e-01, val/nll 1.508e+00
[2023-02-03 16:32:07] [Epoch   357/  500] trn/loss 8.047e-01, trn/lr 1.898e-03, val/acc 5.752e-01, val/nll 1.585e+00
[2023-02-03 16:32:10] [Epoch   358/  500] trn/loss 8.116e-01, trn/lr 1.874e-03, val/acc 5.738e-01, val/nll 1.615e+00
[2023-02-03 16:32:13] [Epoch   359/  500] trn/loss 7.895e-01, trn/lr 1.849e-03, val/acc 5.979e-01, val/nll 1.535e+00
[2023-02-03 16:32:16] [Epoch   360/  500] trn/loss 7.892e-01, trn/lr 1.825e-03, val/acc 5.720e-01, val/nll 1.652e+00
[2023-02-03 16:32:19] [Epoch   361/  500] trn/loss 8.002e-01, trn/lr 1.801e-03, val/acc 5.890e-01, val/nll 1.548e+00
[2023-02-03 16:32:22] [Epoch   362/  500] trn/loss 7.909e-01, trn/lr 1.777e-03, val/acc 6.196e-01, val/nll 1.402e+00 (best_acc: 6.113e-01 -> 6.196e-01, test_acc: 6.191e-01, test_nll: 1.436e+00)
[2023-02-03 16:32:25] [Epoch   363/  500] trn/loss 7.777e-01, trn/lr 1.753e-03, val/acc 6.146e-01, val/nll 1.412e+00
[2023-02-03 16:32:28] [Epoch   364/  500] trn/loss 7.723e-01, trn/lr 1.729e-03, val/acc 5.999e-01, val/nll 1.486e+00
[2023-02-03 16:32:31] [Epoch   365/  500] trn/loss 7.641e-01, trn/lr 1.705e-03, val/acc 5.992e-01, val/nll 1.485e+00
[2023-02-03 16:32:34] [Epoch   366/  500] trn/loss 7.701e-01, trn/lr 1.682e-03, val/acc 6.039e-01, val/nll 1.462e+00
[2023-02-03 16:32:37] [Epoch   367/  500] trn/loss 7.670e-01, trn/lr 1.658e-03, val/acc 6.166e-01, val/nll 1.408e+00
[2023-02-03 16:32:41] [Epoch   368/  500] trn/loss 7.590e-01, trn/lr 1.635e-03, val/acc 6.233e-01, val/nll 1.399e+00 (best_acc: 6.196e-01 -> 6.233e-01, test_acc: 6.238e-01, test_nll: 1.399e+00)
[2023-02-03 16:32:44] [Epoch   369/  500] trn/loss 7.562e-01, trn/lr 1.612e-03, val/acc 5.663e-01, val/nll 1.666e+00
[2023-02-03 16:32:47] [Epoch   370/  500] trn/loss 7.443e-01, trn/lr 1.589e-03, val/acc 6.123e-01, val/nll 1.416e+00
[2023-02-03 16:32:50] [Epoch   371/  500] trn/loss 7.454e-01, trn/lr 1.566e-03, val/acc 6.153e-01, val/nll 1.440e+00
[2023-02-03 16:32:53] [Epoch   372/  500] trn/loss 7.374e-01, trn/lr 1.543e-03, val/acc 6.054e-01, val/nll 1.489e+00
[2023-02-03 16:32:56] [Epoch   373/  500] trn/loss 7.306e-01, trn/lr 1.521e-03, val/acc 6.178e-01, val/nll 1.416e+00
[2023-02-03 16:32:59] [Epoch   374/  500] trn/loss 7.275e-01, trn/lr 1.498e-03, val/acc 6.054e-01, val/nll 1.481e+00
[2023-02-03 16:33:02] [Epoch   375/  500] trn/loss 7.220e-01, trn/lr 1.476e-03, val/acc 6.081e-01, val/nll 1.442e+00
[2023-02-03 16:33:05] [Epoch   376/  500] trn/loss 7.132e-01, trn/lr 1.453e-03, val/acc 6.190e-01, val/nll 1.414e+00
[2023-02-03 16:33:08] [Epoch   377/  500] trn/loss 7.066e-01, trn/lr 1.431e-03, val/acc 6.196e-01, val/nll 1.433e+00
[2023-02-03 16:33:11] [Epoch   378/  500] trn/loss 6.980e-01, trn/lr 1.409e-03, val/acc 6.269e-01, val/nll 1.400e+00 (best_acc: 6.233e-01 -> 6.269e-01, test_acc: 6.299e-01, test_nll: 1.400e+00)
[2023-02-03 16:33:14] [Epoch   379/  500] trn/loss 7.017e-01, trn/lr 1.388e-03, val/acc 6.034e-01, val/nll 1.535e+00
[2023-02-03 16:33:17] [Epoch   380/  500] trn/loss 6.980e-01, trn/lr 1.366e-03, val/acc 6.044e-01, val/nll 1.485e+00
[2023-02-03 16:33:20] [Epoch   381/  500] trn/loss 6.948e-01, trn/lr 1.344e-03, val/acc 6.149e-01, val/nll 1.436e+00
[2023-02-03 16:33:23] [Epoch   382/  500] trn/loss 6.923e-01, trn/lr 1.323e-03, val/acc 6.007e-01, val/nll 1.503e+00
[2023-02-03 16:33:26] [Epoch   383/  500] trn/loss 6.752e-01, trn/lr 1.302e-03, val/acc 5.996e-01, val/nll 1.538e+00
[2023-02-03 16:33:29] [Epoch   384/  500] trn/loss 6.731e-01, trn/lr 1.281e-03, val/acc 6.088e-01, val/nll 1.479e+00
[2023-02-03 16:33:33] [Epoch   385/  500] trn/loss 6.665e-01, trn/lr 1.260e-03, val/acc 6.202e-01, val/nll 1.440e+00
[2023-02-03 16:33:36] [Epoch   386/  500] trn/loss 6.614e-01, trn/lr 1.239e-03, val/acc 6.205e-01, val/nll 1.436e+00
[2023-02-03 16:33:39] [Epoch   387/  500] trn/loss 6.644e-01, trn/lr 1.219e-03, val/acc 6.159e-01, val/nll 1.451e+00
[2023-02-03 16:33:42] [Epoch   388/  500] trn/loss 6.587e-01, trn/lr 1.198e-03, val/acc 6.259e-01, val/nll 1.389e+00
[2023-02-03 16:33:45] [Epoch   389/  500] trn/loss 6.449e-01, trn/lr 1.178e-03, val/acc 6.139e-01, val/nll 1.477e+00
[2023-02-03 16:33:48] [Epoch   390/  500] trn/loss 6.483e-01, trn/lr 1.158e-03, val/acc 6.221e-01, val/nll 1.402e+00
[2023-02-03 16:33:51] [Epoch   391/  500] trn/loss 6.484e-01, trn/lr 1.138e-03, val/acc 6.257e-01, val/nll 1.396e+00
[2023-02-03 16:33:54] [Epoch   392/  500] trn/loss 6.370e-01, trn/lr 1.118e-03, val/acc 6.244e-01, val/nll 1.413e+00
[2023-02-03 16:33:57] [Epoch   393/  500] trn/loss 6.350e-01, trn/lr 1.098e-03, val/acc 6.114e-01, val/nll 1.447e+00
[2023-02-03 16:34:00] [Epoch   394/  500] trn/loss 6.249e-01, trn/lr 1.078e-03, val/acc 6.235e-01, val/nll 1.424e+00
[2023-02-03 16:34:03] [Epoch   395/  500] trn/loss 6.248e-01, trn/lr 1.059e-03, val/acc 6.045e-01, val/nll 1.549e+00
[2023-02-03 16:34:06] [Epoch   396/  500] trn/loss 6.112e-01, trn/lr 1.040e-03, val/acc 6.275e-01, val/nll 1.371e+00 (best_acc: 6.269e-01 -> 6.275e-01, test_acc: 6.271e-01, test_nll: 1.370e+00)
[2023-02-03 16:34:09] [Epoch   397/  500] trn/loss 6.214e-01, trn/lr 1.021e-03, val/acc 6.400e-01, val/nll 1.345e+00 (best_acc: 6.275e-01 -> 6.400e-01, test_acc: 6.420e-01, test_nll: 1.340e+00)
[2023-02-03 16:34:13] [Epoch   398/  500] trn/loss 5.918e-01, trn/lr 1.002e-03, val/acc 6.278e-01, val/nll 1.400e+00
[2023-02-03 16:34:16] [Epoch   399/  500] trn/loss 5.964e-01, trn/lr 9.829e-04, val/acc 6.347e-01, val/nll 1.358e+00
[2023-02-03 16:34:19] [Epoch   400/  500] trn/loss 5.814e-01, trn/lr 9.642e-04, val/acc 6.119e-01, val/nll 1.465e+00
[2023-02-03 16:34:22] [Epoch   401/  500] trn/loss 5.872e-01, trn/lr 9.458e-04, val/acc 6.298e-01, val/nll 1.396e+00
[2023-02-03 16:34:25] [Epoch   402/  500] trn/loss 5.784e-01, trn/lr 9.275e-04, val/acc 6.145e-01, val/nll 1.470e+00
[2023-02-03 16:34:28] [Epoch   403/  500] trn/loss 5.786e-01, trn/lr 9.093e-04, val/acc 6.343e-01, val/nll 1.378e+00
[2023-02-03 16:34:31] [Epoch   404/  500] trn/loss 5.671e-01, trn/lr 8.913e-04, val/acc 6.253e-01, val/nll 1.425e+00
[2023-02-03 16:34:34] [Epoch   405/  500] trn/loss 5.556e-01, trn/lr 8.735e-04, val/acc 6.314e-01, val/nll 1.406e+00
[2023-02-03 16:34:37] [Epoch   406/  500] trn/loss 5.499e-01, trn/lr 8.559e-04, val/acc 6.423e-01, val/nll 1.357e+00 (best_acc: 6.400e-01 -> 6.423e-01, test_acc: 6.402e-01, test_nll: 1.356e+00)
[2023-02-03 16:34:40] [Epoch   407/  500] trn/loss 5.594e-01, trn/lr 8.384e-04, val/acc 6.357e-01, val/nll 1.373e+00
[2023-02-03 16:34:43] [Epoch   408/  500] trn/loss 5.439e-01, trn/lr 8.210e-04, val/acc 6.257e-01, val/nll 1.428e+00
[2023-02-03 16:34:46] [Epoch   409/  500] trn/loss 5.394e-01, trn/lr 8.039e-04, val/acc 6.450e-01, val/nll 1.339e+00 (best_acc: 6.423e-01 -> 6.450e-01, test_acc: 6.466e-01, test_nll: 1.326e+00)
[2023-02-03 16:34:49] [Epoch   410/  500] trn/loss 5.338e-01, trn/lr 7.869e-04, val/acc 6.375e-01, val/nll 1.351e+00
[2023-02-03 16:34:52] [Epoch   411/  500] trn/loss 5.200e-01, trn/lr 7.700e-04, val/acc 6.433e-01, val/nll 1.327e+00
[2023-02-03 16:34:55] [Epoch   412/  500] trn/loss 5.196e-01, trn/lr 7.534e-04, val/acc 6.345e-01, val/nll 1.386e+00
[2023-02-03 16:34:58] [Epoch   413/  500] trn/loss 5.134e-01, trn/lr 7.369e-04, val/acc 6.345e-01, val/nll 1.406e+00
[2023-02-03 16:35:02] [Epoch   414/  500] trn/loss 5.021e-01, trn/lr 7.205e-04, val/acc 6.378e-01, val/nll 1.418e+00
[2023-02-03 16:35:05] [Epoch   415/  500] trn/loss 5.050e-01, trn/lr 7.044e-04, val/acc 6.241e-01, val/nll 1.430e+00
[2023-02-03 16:35:08] [Epoch   416/  500] trn/loss 4.937e-01, trn/lr 6.884e-04, val/acc 6.429e-01, val/nll 1.353e+00
[2023-02-03 16:35:11] [Epoch   417/  500] trn/loss 4.904e-01, trn/lr 6.725e-04, val/acc 6.292e-01, val/nll 1.429e+00
[2023-02-03 16:35:14] [Epoch   418/  500] trn/loss 4.816e-01, trn/lr 6.569e-04, val/acc 6.410e-01, val/nll 1.364e+00
[2023-02-03 16:35:17] [Epoch   419/  500] trn/loss 4.797e-01, trn/lr 6.414e-04, val/acc 6.362e-01, val/nll 1.403e+00
[2023-02-03 16:35:20] [Epoch   420/  500] trn/loss 4.775e-01, trn/lr 6.261e-04, val/acc 6.427e-01, val/nll 1.355e+00
[2023-02-03 16:35:23] [Epoch   421/  500] trn/loss 4.609e-01, trn/lr 6.110e-04, val/acc 6.376e-01, val/nll 1.392e+00
[2023-02-03 16:35:26] [Epoch   422/  500] trn/loss 4.546e-01, trn/lr 5.960e-04, val/acc 6.404e-01, val/nll 1.362e+00
[2023-02-03 16:35:29] [Epoch   423/  500] trn/loss 4.484e-01, trn/lr 5.812e-04, val/acc 6.480e-01, val/nll 1.352e+00 (best_acc: 6.450e-01 -> 6.480e-01, test_acc: 6.512e-01, test_nll: 1.330e+00)
[2023-02-03 16:35:32] [Epoch   424/  500] trn/loss 4.464e-01, trn/lr 5.666e-04, val/acc 6.514e-01, val/nll 1.364e+00 (best_acc: 6.480e-01 -> 6.514e-01, test_acc: 6.514e-01, test_nll: 1.346e+00)
[2023-02-03 16:35:35] [Epoch   425/  500] trn/loss 4.354e-01, trn/lr 5.522e-04, val/acc 6.352e-01, val/nll 1.406e+00
[2023-02-03 16:35:39] [Epoch   426/  500] trn/loss 4.328e-01, trn/lr 5.379e-04, val/acc 6.551e-01, val/nll 1.302e+00 (best_acc: 6.514e-01 -> 6.551e-01, test_acc: 6.645e-01, test_nll: 1.278e+00)
[2023-02-03 16:35:42] [Epoch   427/  500] trn/loss 4.200e-01, trn/lr 5.238e-04, val/acc 6.510e-01, val/nll 1.353e+00
[2023-02-03 16:35:45] [Epoch   428/  500] trn/loss 4.190e-01, trn/lr 5.099e-04, val/acc 6.489e-01, val/nll 1.346e+00
[2023-02-03 16:35:48] [Epoch   429/  500] trn/loss 4.222e-01, trn/lr 4.962e-04, val/acc 6.508e-01, val/nll 1.344e+00
[2023-02-03 16:35:51] [Epoch   430/  500] trn/loss 4.145e-01, trn/lr 4.826e-04, val/acc 6.491e-01, val/nll 1.360e+00
[2023-02-03 16:35:54] [Epoch   431/  500] trn/loss 4.047e-01, trn/lr 4.692e-04, val/acc 6.509e-01, val/nll 1.362e+00
[2023-02-03 16:35:57] [Epoch   432/  500] trn/loss 3.917e-01, trn/lr 4.561e-04, val/acc 6.515e-01, val/nll 1.337e+00
[2023-02-03 16:36:00] [Epoch   433/  500] trn/loss 3.888e-01, trn/lr 4.430e-04, val/acc 6.494e-01, val/nll 1.372e+00
[2023-02-03 16:36:03] [Epoch   434/  500] trn/loss 3.863e-01, trn/lr 4.302e-04, val/acc 6.543e-01, val/nll 1.357e+00
[2023-02-03 16:36:06] [Epoch   435/  500] trn/loss 3.787e-01, trn/lr 4.175e-04, val/acc 6.430e-01, val/nll 1.383e+00
[2023-02-03 16:36:09] [Epoch   436/  500] trn/loss 3.790e-01, trn/lr 4.051e-04, val/acc 6.497e-01, val/nll 1.344e+00
[2023-02-03 16:36:12] [Epoch   437/  500] trn/loss 3.614e-01, trn/lr 3.928e-04, val/acc 6.539e-01, val/nll 1.333e+00
[2023-02-03 16:36:15] [Epoch   438/  500] trn/loss 3.605e-01, trn/lr 3.806e-04, val/acc 6.563e-01, val/nll 1.335e+00 (best_acc: 6.551e-01 -> 6.563e-01, test_acc: 6.598e-01, test_nll: 1.319e+00)
[2023-02-03 16:36:18] [Epoch   439/  500] trn/loss 3.507e-01, trn/lr 3.687e-04, val/acc 6.563e-01, val/nll 1.324e+00
[2023-02-03 16:36:21] [Epoch   440/  500] trn/loss 3.420e-01, trn/lr 3.570e-04, val/acc 6.542e-01, val/nll 1.362e+00
[2023-02-03 16:36:25] [Epoch   441/  500] trn/loss 3.432e-01, trn/lr 3.454e-04, val/acc 6.575e-01, val/nll 1.340e+00 (best_acc: 6.563e-01 -> 6.575e-01, test_acc: 6.585e-01, test_nll: 1.331e+00)
[2023-02-03 16:36:28] [Epoch   442/  500] trn/loss 3.350e-01, trn/lr 3.340e-04, val/acc 6.575e-01, val/nll 1.353e+00
[2023-02-03 16:36:31] [Epoch   443/  500] trn/loss 3.308e-01, trn/lr 3.228e-04, val/acc 6.527e-01, val/nll 1.360e+00
[2023-02-03 16:36:34] [Epoch   444/  500] trn/loss 3.243e-01, trn/lr 3.118e-04, val/acc 6.636e-01, val/nll 1.314e+00 (best_acc: 6.575e-01 -> 6.636e-01, test_acc: 6.635e-01, test_nll: 1.306e+00)
[2023-02-03 16:36:37] [Epoch   445/  500] trn/loss 3.169e-01, trn/lr 3.010e-04, val/acc 6.577e-01, val/nll 1.325e+00
[2023-02-03 16:36:40] [Epoch   446/  500] trn/loss 3.162e-01, trn/lr 2.903e-04, val/acc 6.594e-01, val/nll 1.353e+00
[2023-02-03 16:36:43] [Epoch   447/  500] trn/loss 3.044e-01, trn/lr 2.799e-04, val/acc 6.552e-01, val/nll 1.352e+00
[2023-02-03 16:36:46] [Epoch   448/  500] trn/loss 3.015e-01, trn/lr 2.696e-04, val/acc 6.611e-01, val/nll 1.330e+00
[2023-02-03 16:36:49] [Epoch   449/  500] trn/loss 2.956e-01, trn/lr 2.595e-04, val/acc 6.595e-01, val/nll 1.331e+00
[2023-02-03 16:36:52] [Epoch   450/  500] trn/loss 2.845e-01, trn/lr 2.496e-04, val/acc 6.656e-01, val/nll 1.320e+00 (best_acc: 6.636e-01 -> 6.656e-01, test_acc: 6.692e-01, test_nll: 1.309e+00)
[2023-02-03 16:36:56] [Epoch   451/  500] trn/loss 2.826e-01, trn/lr 2.399e-04, val/acc 6.659e-01, val/nll 1.323e+00 (best_acc: 6.656e-01 -> 6.659e-01, test_acc: 6.674e-01, test_nll: 1.317e+00)
[2023-02-03 16:36:59] [Epoch   452/  500] trn/loss 2.838e-01, trn/lr 2.304e-04, val/acc 6.623e-01, val/nll 1.333e+00
[2023-02-03 16:37:02] [Epoch   453/  500] trn/loss 2.741e-01, trn/lr 2.211e-04, val/acc 6.663e-01, val/nll 1.296e+00 (best_acc: 6.659e-01 -> 6.663e-01, test_acc: 6.756e-01, test_nll: 1.288e+00)
[2023-02-03 16:37:05] [Epoch   454/  500] trn/loss 2.658e-01, trn/lr 2.119e-04, val/acc 6.597e-01, val/nll 1.336e+00
[2023-02-03 16:37:08] [Epoch   455/  500] trn/loss 2.662e-01, trn/lr 2.030e-04, val/acc 6.665e-01, val/nll 1.313e+00 (best_acc: 6.663e-01 -> 6.665e-01, test_acc: 6.710e-01, test_nll: 1.318e+00)
[2023-02-03 16:37:11] [Epoch   456/  500] trn/loss 2.619e-01, trn/lr 1.942e-04, val/acc 6.621e-01, val/nll 1.315e+00
[2023-02-03 16:37:15] [Epoch   457/  500] trn/loss 2.553e-01, trn/lr 1.856e-04, val/acc 6.684e-01, val/nll 1.308e+00 (best_acc: 6.665e-01 -> 6.684e-01, test_acc: 6.705e-01, test_nll: 1.310e+00)
[2023-02-03 16:37:18] [Epoch   458/  500] trn/loss 2.499e-01, trn/lr 1.772e-04, val/acc 6.706e-01, val/nll 1.302e+00 (best_acc: 6.684e-01 -> 6.706e-01, test_acc: 6.700e-01, test_nll: 1.308e+00)
[2023-02-03 16:37:21] [Epoch   459/  500] trn/loss 2.438e-01, trn/lr 1.691e-04, val/acc 6.640e-01, val/nll 1.310e+00
[2023-02-03 16:37:24] [Epoch   460/  500] trn/loss 2.417e-01, trn/lr 1.610e-04, val/acc 6.713e-01, val/nll 1.307e+00 (best_acc: 6.706e-01 -> 6.713e-01, test_acc: 6.718e-01, test_nll: 1.290e+00)
[2023-02-03 16:37:27] [Epoch   461/  500] trn/loss 2.402e-01, trn/lr 1.532e-04, val/acc 6.636e-01, val/nll 1.324e+00
[2023-02-03 16:37:30] [Epoch   462/  500] trn/loss 2.352e-01, trn/lr 1.456e-04, val/acc 6.659e-01, val/nll 1.315e+00
[2023-02-03 16:37:33] [Epoch   463/  500] trn/loss 2.330e-01, trn/lr 1.382e-04, val/acc 6.707e-01, val/nll 1.316e+00
[2023-02-03 16:37:36] [Epoch   464/  500] trn/loss 2.285e-01, trn/lr 1.309e-04, val/acc 6.662e-01, val/nll 1.321e+00
[2023-02-03 16:37:39] [Epoch   465/  500] trn/loss 2.284e-01, trn/lr 1.239e-04, val/acc 6.709e-01, val/nll 1.311e+00
[2023-02-03 16:37:42] [Epoch   466/  500] trn/loss 2.203e-01, trn/lr 1.170e-04, val/acc 6.700e-01, val/nll 1.313e+00
[2023-02-03 16:37:45] [Epoch   467/  500] trn/loss 2.138e-01, trn/lr 1.104e-04, val/acc 6.699e-01, val/nll 1.310e+00
[2023-02-03 16:37:49] [Epoch   468/  500] trn/loss 2.117e-01, trn/lr 1.039e-04, val/acc 6.717e-01, val/nll 1.309e+00 (best_acc: 6.713e-01 -> 6.717e-01, test_acc: 6.711e-01, test_nll: 1.300e+00)
[2023-02-03 16:37:52] [Epoch   469/  500] trn/loss 2.104e-01, trn/lr 9.764e-05, val/acc 6.696e-01, val/nll 1.302e+00
[2023-02-03 16:37:55] [Epoch   470/  500] trn/loss 2.059e-01, trn/lr 9.156e-05, val/acc 6.690e-01, val/nll 1.314e+00
[2023-02-03 16:37:58] [Epoch   471/  500] trn/loss 2.053e-01, trn/lr 8.567e-05, val/acc 6.726e-01, val/nll 1.312e+00 (best_acc: 6.717e-01 -> 6.726e-01, test_acc: 6.718e-01, test_nll: 1.306e+00)
[2023-02-03 16:38:01] [Epoch   472/  500] trn/loss 2.034e-01, trn/lr 7.998e-05, val/acc 6.721e-01, val/nll 1.306e+00
[2023-02-03 16:38:04] [Epoch   473/  500] trn/loss 1.998e-01, trn/lr 7.448e-05, val/acc 6.731e-01, val/nll 1.306e+00 (best_acc: 6.726e-01 -> 6.731e-01, test_acc: 6.759e-01, test_nll: 1.304e+00)
[2023-02-03 16:38:08] [Epoch   474/  500] trn/loss 1.952e-01, trn/lr 6.917e-05, val/acc 6.754e-01, val/nll 1.308e+00 (best_acc: 6.731e-01 -> 6.754e-01, test_acc: 6.749e-01, test_nll: 1.300e+00)
[2023-02-03 16:38:11] [Epoch   475/  500] trn/loss 1.962e-01, trn/lr 6.406e-05, val/acc 6.764e-01, val/nll 1.310e+00 (best_acc: 6.754e-01 -> 6.764e-01, test_acc: 6.742e-01, test_nll: 1.302e+00)
[2023-02-03 16:38:14] [Epoch   476/  500] trn/loss 1.941e-01, trn/lr 5.915e-05, val/acc 6.706e-01, val/nll 1.311e+00
[2023-02-03 16:38:17] [Epoch   477/  500] trn/loss 1.938e-01, trn/lr 5.443e-05, val/acc 6.772e-01, val/nll 1.310e+00 (best_acc: 6.764e-01 -> 6.772e-01, test_acc: 6.723e-01, test_nll: 1.307e+00)
[2023-02-03 16:38:20] [Epoch   478/  500] trn/loss 1.908e-01, trn/lr 4.990e-05, val/acc 6.746e-01, val/nll 1.306e+00
[2023-02-03 16:38:23] [Epoch   479/  500] trn/loss 1.873e-01, trn/lr 4.557e-05, val/acc 6.747e-01, val/nll 1.308e+00
[2023-02-03 16:38:26] [Epoch   480/  500] trn/loss 1.850e-01, trn/lr 4.144e-05, val/acc 6.726e-01, val/nll 1.313e+00
[2023-02-03 16:38:29] [Epoch   481/  500] trn/loss 1.850e-01, trn/lr 3.750e-05, val/acc 6.713e-01, val/nll 1.315e+00
[2023-02-03 16:38:32] [Epoch   482/  500] trn/loss 1.826e-01, trn/lr 3.376e-05, val/acc 6.721e-01, val/nll 1.314e+00
[2023-02-03 16:38:35] [Epoch   483/  500] trn/loss 1.796e-01, trn/lr 3.021e-05, val/acc 6.759e-01, val/nll 1.305e+00
[2023-02-03 16:38:38] [Epoch   484/  500] trn/loss 1.832e-01, trn/lr 2.686e-05, val/acc 6.732e-01, val/nll 1.314e+00
[2023-02-03 16:38:41] [Epoch   485/  500] trn/loss 1.812e-01, trn/lr 2.371e-05, val/acc 6.741e-01, val/nll 1.313e+00
[2023-02-03 16:38:45] [Epoch   486/  500] trn/loss 1.749e-01, trn/lr 2.075e-05, val/acc 6.760e-01, val/nll 1.314e+00
[2023-02-03 16:38:48] [Epoch   487/  500] trn/loss 1.741e-01, trn/lr 1.799e-05, val/acc 6.744e-01, val/nll 1.307e+00
[2023-02-03 16:38:51] [Epoch   488/  500] trn/loss 1.765e-01, trn/lr 1.543e-05, val/acc 6.738e-01, val/nll 1.307e+00
[2023-02-03 16:38:54] [Epoch   489/  500] trn/loss 1.760e-01, trn/lr 1.306e-05, val/acc 6.747e-01, val/nll 1.307e+00
[2023-02-03 16:38:57] [Epoch   490/  500] trn/loss 1.757e-01, trn/lr 1.089e-05, val/acc 6.764e-01, val/nll 1.309e+00
[2023-02-03 16:39:00] [Epoch   491/  500] trn/loss 1.739e-01, trn/lr 8.919e-06, val/acc 6.769e-01, val/nll 1.307e+00
[2023-02-03 16:39:03] [Epoch   492/  500] trn/loss 1.740e-01, trn/lr 7.143e-06, val/acc 6.758e-01, val/nll 1.303e+00
[2023-02-03 16:39:06] [Epoch   493/  500] trn/loss 1.749e-01, trn/lr 5.563e-06, val/acc 6.743e-01, val/nll 1.311e+00
[2023-02-03 16:39:09] [Epoch   494/  500] trn/loss 1.769e-01, trn/lr 4.182e-06, val/acc 6.752e-01, val/nll 1.306e+00
[2023-02-03 16:39:12] [Epoch   495/  500] trn/loss 1.733e-01, trn/lr 2.997e-06, val/acc 6.759e-01, val/nll 1.307e+00
[2023-02-03 16:39:15] [Epoch   496/  500] trn/loss 1.741e-01, trn/lr 2.009e-06, val/acc 6.756e-01, val/nll 1.305e+00
[2023-02-03 16:39:18] [Epoch   497/  500] trn/loss 1.724e-01, trn/lr 1.219e-06, val/acc 6.753e-01, val/nll 1.307e+00
[2023-02-03 16:39:21] [Epoch   498/  500] trn/loss 1.729e-01, trn/lr 6.266e-07, val/acc 6.763e-01, val/nll 1.307e+00
[2023-02-03 16:39:24] [Epoch   499/  500] trn/loss 1.732e-01, trn/lr 2.312e-07, val/acc 6.762e-01, val/nll 1.304e+00
[2023-02-03 16:39:27] [Epoch   500/  500] trn/loss 1.723e-01, trn/lr 3.321e-08, val/acc 6.778e-01, val/nll 1.306e+00 (best_acc: 6.772e-01 -> 6.778e-01, test_acc: 6.758e-01, test_nll: 1.301e+00)
