[2023-05-31 00:43:35] Environments:
------------  ---------------------------------------------------------------------------------
sys.platform  linux
Python        3.10.10 (main, Mar 21 2023, 18:45:11) [GCC 11.2.0]
JAX           0.4.8 @/mnt/home/giung/.conda/envs/jax-cuda11/lib/python3.10/site-packages/jax
jaxlib        0.4.7 @/mnt/home/giung/.conda/envs/jax-cuda11/lib/python3.10/site-packages/jaxlib
Flax          0.6.8 @/mnt/home/giung/.conda/envs/jax-cuda11/lib/python3.10/site-packages/flax
Optax         0.1.4 @/mnt/home/giung/.conda/envs/jax-cuda11/lib/python3.10/site-packages/optax
------------  ---------------------------------------------------------------------------------

[2023-05-31 00:43:35] Command line arguments:
- args.data_root             : ./data/
- args.data_name             : CIFAR100_x32
- args.resnet_depth          : 18
- args.resnet_width          : 1
- args.batch_size            : 256
- args.num_workers           : 32
- args.prefetch_factor       : 2
- args.optim_ni              : 48000
- args.optim_lr              : 0.1
- args.optim_momentum        : 0.9
- args.optim_weight_decay    : 0.003
- args.optim_label_smoothing : 0.0
- args.optim_global_clipping : None
- args.save                  : ./save/CIFAR100_x32/resnet_18x1-iter_48k-wd_0.0030-fp16/42/
- args.seed                  : 42
- args.mixed_precision       : True

[2023-05-31 00:43:43] images.shape: (1, 256, 32, 32, 3), output.shape: (1, 256, 512)
[2023-05-31 00:43:43] The number of trainable parameters: 11220032
[2023-05-31 00:44:23] [Iter    1000/  48000] trn/loss 4.157e+00, trn/negative_log_likelihood 4.157e+00, trn/w_norm 1.012e+02, trn/g_norm 7.828e-01, trn/lr 1.041e-02, trn/dyn_scale 6.554e+04, val/acc 1.211e-01, val/nll 3.773e+00, val/best_acc 1.211e-01 (best_acc: 0.000e+00 -> 1.211e-01), tst/acc 1.208e-01, tst/nll 3.778e+00
[2023-05-31 00:44:51] [Iter    2000/  48000] trn/loss 3.227e+00, trn/negative_log_likelihood 3.227e+00, trn/w_norm 5.739e+01, trn/g_norm 1.783e+00, trn/lr 3.124e-02, trn/dyn_scale 6.554e+04, val/acc 2.361e-01, val/nll 3.005e+00, val/best_acc 2.361e-01 (best_acc: 1.211e-01 -> 2.361e-01), tst/acc 2.417e-01, tst/nll 2.999e+00
[2023-05-31 00:45:18] [Iter    3000/  48000] trn/loss 2.143e+00, trn/negative_log_likelihood 2.143e+00, trn/w_norm 2.858e+01, trn/g_norm 2.539e+00, trn/lr 5.207e-02, trn/dyn_scale 6.554e+04, val/acc 3.039e-01, val/nll 2.833e+00, val/best_acc 3.039e-01 (best_acc: 2.361e-01 -> 3.039e-01), tst/acc 3.019e-01, tst/nll 2.801e+00
[2023-05-31 00:45:45] [Iter    4000/  48000] trn/loss 1.833e+00, trn/negative_log_likelihood 1.833e+00, trn/w_norm 2.769e+01, trn/g_norm 2.536e+00, trn/lr 7.291e-02, trn/dyn_scale 6.554e+04, val/acc 4.032e-01, val/nll 2.270e+00, val/best_acc 4.032e-01 (best_acc: 3.039e-01 -> 4.032e-01), tst/acc 4.042e-01, tst/nll 2.285e+00
[2023-05-31 00:46:11] [Iter    5000/  48000] trn/loss 1.818e+00, trn/negative_log_likelihood 1.818e+00, trn/w_norm 2.993e+01, trn/g_norm 2.421e+00, trn/lr 9.332e-02, trn/dyn_scale 6.554e+04, val/acc 2.824e-01, val/nll 3.151e+00, val/best_acc 4.032e-01
[2023-05-31 00:46:38] [Iter    6000/  48000] trn/loss 1.811e+00, trn/negative_log_likelihood 1.811e+00, trn/w_norm 3.069e+01, trn/g_norm 2.373e+00, trn/lr 9.992e-02, trn/dyn_scale 6.554e+04, val/acc 2.623e-01, val/nll 3.454e+00, val/best_acc 4.032e-01
[2023-05-31 00:47:06] [Iter    7000/  48000] trn/loss 1.782e+00, trn/negative_log_likelihood 1.782e+00, trn/w_norm 3.094e+01, trn/g_norm 2.378e+00, trn/lr 9.961e-02, trn/dyn_scale 6.554e+04, val/acc 2.944e-01, val/nll 2.900e+00, val/best_acc 4.032e-01
[2023-05-31 00:47:32] [Iter    8000/  48000] trn/loss 1.766e+00, trn/negative_log_likelihood 1.766e+00, trn/w_norm 3.099e+01, trn/g_norm 2.378e+00, trn/lr 9.903e-02, trn/dyn_scale 6.554e+04, val/acc 3.357e-01, val/nll 2.846e+00, val/best_acc 4.032e-01
[2023-05-31 00:47:59] [Iter    9000/  48000] trn/loss 1.749e+00, trn/negative_log_likelihood 1.749e+00, trn/w_norm 3.107e+01, trn/g_norm 2.387e+00, trn/lr 9.819e-02, trn/dyn_scale 6.554e+04, val/acc 3.735e-01, val/nll 2.503e+00, val/best_acc 4.032e-01
[2023-05-31 00:48:27] [Iter   10000/  48000] trn/loss 1.741e+00, trn/negative_log_likelihood 1.741e+00, trn/w_norm 3.102e+01, trn/g_norm 2.392e+00, trn/lr 9.710e-02, trn/dyn_scale 6.554e+04, val/acc 4.146e-01, val/nll 2.273e+00, val/best_acc 4.146e-01 (best_acc: 4.032e-01 -> 4.146e-01), tst/acc 4.264e-01, tst/nll 2.245e+00
[2023-05-31 00:48:52] [Iter   11000/  48000] trn/loss 1.728e+00, trn/negative_log_likelihood 1.728e+00, trn/w_norm 3.097e+01, trn/g_norm 2.398e+00, trn/lr 9.576e-02, trn/dyn_scale 6.554e+04, val/acc 3.405e-01, val/nll 2.724e+00, val/best_acc 4.146e-01
[2023-05-31 00:49:19] [Iter   12000/  48000] trn/loss 1.714e+00, trn/negative_log_likelihood 1.714e+00, trn/w_norm 3.095e+01, trn/g_norm 2.417e+00, trn/lr 9.417e-02, trn/dyn_scale 6.554e+04, val/acc 3.837e-01, val/nll 2.445e+00, val/best_acc 4.146e-01
[2023-05-31 00:49:45] [Iter   13000/  48000] trn/loss 1.698e+00, trn/negative_log_likelihood 1.698e+00, trn/w_norm 3.085e+01, trn/g_norm 2.419e+00, trn/lr 9.236e-02, trn/dyn_scale 6.554e+04, val/acc 3.348e-01, val/nll 2.702e+00, val/best_acc 4.146e-01
[2023-05-31 00:50:12] [Iter   14000/  48000] trn/loss 1.682e+00, trn/negative_log_likelihood 1.682e+00, trn/w_norm 3.072e+01, trn/g_norm 2.436e+00, trn/lr 9.031e-02, trn/dyn_scale 6.554e+04, val/acc 2.688e-01, val/nll 3.318e+00, val/best_acc 4.146e-01
[2023-05-31 00:50:38] [Iter   15000/  48000] trn/loss 1.666e+00, trn/negative_log_likelihood 1.666e+00, trn/w_norm 3.071e+01, trn/g_norm 2.455e+00, trn/lr 8.806e-02, trn/dyn_scale 6.554e+04, val/acc 3.517e-01, val/nll 2.769e+00, val/best_acc 4.146e-01
[2023-05-31 00:51:05] [Iter   16000/  48000] trn/loss 1.644e+00, trn/negative_log_likelihood 1.644e+00, trn/w_norm 3.058e+01, trn/g_norm 2.479e+00, trn/lr 8.560e-02, trn/dyn_scale 6.554e+04, val/acc 4.070e-01, val/nll 2.327e+00, val/best_acc 4.146e-01
[2023-05-31 00:51:32] [Iter   17000/  48000] trn/loss 1.621e+00, trn/negative_log_likelihood 1.621e+00, trn/w_norm 3.051e+01, trn/g_norm 2.496e+00, trn/lr 8.296e-02, trn/dyn_scale 6.554e+04, val/acc 4.061e-01, val/nll 2.311e+00, val/best_acc 4.146e-01
[2023-05-31 00:51:59] [Iter   18000/  48000] trn/loss 1.600e+00, trn/negative_log_likelihood 1.600e+00, trn/w_norm 3.043e+01, trn/g_norm 2.533e+00, trn/lr 8.014e-02, trn/dyn_scale 6.554e+04, val/acc 4.260e-01, val/nll 2.256e+00, val/best_acc 4.260e-01 (best_acc: 4.146e-01 -> 4.260e-01), tst/acc 4.330e-01, tst/nll 2.221e+00
[2023-05-31 00:52:24] [Iter   19000/  48000] trn/loss 1.579e+00, trn/negative_log_likelihood 1.579e+00, trn/w_norm 3.031e+01, trn/g_norm 2.558e+00, trn/lr 7.717e-02, trn/dyn_scale 6.554e+04, val/acc 4.048e-01, val/nll 2.503e+00, val/best_acc 4.260e-01
[2023-05-31 00:52:51] [Iter   20000/  48000] trn/loss 1.552e+00, trn/negative_log_likelihood 1.552e+00, trn/w_norm 3.016e+01, trn/g_norm 2.589e+00, trn/lr 7.405e-02, trn/dyn_scale 6.554e+04, val/acc 3.624e-01, val/nll 2.655e+00, val/best_acc 4.260e-01
[2023-05-31 00:53:17] [Iter   21000/  48000] trn/loss 1.516e+00, trn/negative_log_likelihood 1.516e+00, trn/w_norm 3.010e+01, trn/g_norm 2.630e+00, trn/lr 7.080e-02, trn/dyn_scale 6.554e+04, val/acc 3.721e-01, val/nll 2.596e+00, val/best_acc 4.260e-01
[2023-05-31 00:53:42] [Iter   22000/  48000] trn/loss 1.483e+00, trn/negative_log_likelihood 1.483e+00, trn/w_norm 2.998e+01, trn/g_norm 2.674e+00, trn/lr 6.744e-02, trn/dyn_scale 6.554e+04, val/acc 3.645e-01, val/nll 2.569e+00, val/best_acc 4.260e-01
[2023-05-31 00:54:08] [Iter   23000/  48000] trn/loss 1.455e+00, trn/negative_log_likelihood 1.455e+00, trn/w_norm 2.985e+01, trn/g_norm 2.720e+00, trn/lr 6.399e-02, trn/dyn_scale 6.554e+04, val/acc 4.480e-01, val/nll 2.167e+00, val/best_acc 4.480e-01 (best_acc: 4.260e-01 -> 4.480e-01), tst/acc 4.540e-01, tst/nll 2.156e+00
[2023-05-31 00:54:35] [Iter   24000/  48000] trn/loss 1.416e+00, trn/negative_log_likelihood 1.416e+00, trn/w_norm 2.971e+01, trn/g_norm 2.777e+00, trn/lr 6.047e-02, trn/dyn_scale 6.554e+04, val/acc 3.937e-01, val/nll 2.401e+00, val/best_acc 4.480e-01
[2023-05-31 00:55:02] [Iter   25000/  48000] trn/loss 1.379e+00, trn/negative_log_likelihood 1.379e+00, trn/w_norm 2.959e+01, trn/g_norm 2.828e+00, trn/lr 5.689e-02, trn/dyn_scale 6.554e+04, val/acc 3.954e-01, val/nll 2.472e+00, val/best_acc 4.480e-01
[2023-05-31 00:55:29] [Iter   26000/  48000] trn/loss 1.337e+00, trn/negative_log_likelihood 1.337e+00, trn/w_norm 2.939e+01, trn/g_norm 2.883e+00, trn/lr 5.327e-02, trn/dyn_scale 6.554e+04, val/acc 4.513e-01, val/nll 2.128e+00, val/best_acc 4.513e-01 (best_acc: 4.480e-01 -> 4.513e-01), tst/acc 4.563e-01, tst/nll 2.098e+00
[2023-05-31 00:55:57] [Iter   27000/  48000] trn/loss 1.298e+00, trn/negative_log_likelihood 1.298e+00, trn/w_norm 2.919e+01, trn/g_norm 2.954e+00, trn/lr 4.964e-02, trn/dyn_scale 6.554e+04, val/acc 4.885e-01, val/nll 1.946e+00, val/best_acc 4.885e-01 (best_acc: 4.513e-01 -> 4.885e-01), tst/acc 4.993e-01, tst/nll 1.916e+00
[2023-05-31 00:56:23] [Iter   28000/  48000] trn/loss 1.250e+00, trn/negative_log_likelihood 1.250e+00, trn/w_norm 2.904e+01, trn/g_norm 3.029e+00, trn/lr 4.601e-02, trn/dyn_scale 6.554e+04, val/acc 5.376e-01, val/nll 1.714e+00, val/best_acc 5.376e-01 (best_acc: 4.885e-01 -> 5.376e-01), tst/acc 5.382e-01, tst/nll 1.691e+00
[2023-05-31 00:56:51] [Iter   29000/  48000] trn/loss 1.203e+00, trn/negative_log_likelihood 1.203e+00, trn/w_norm 2.882e+01, trn/g_norm 3.107e+00, trn/lr 4.240e-02, trn/dyn_scale 6.554e+04, val/acc 5.469e-01, val/nll 1.696e+00, val/best_acc 5.469e-01 (best_acc: 5.376e-01 -> 5.469e-01), tst/acc 5.497e-01, tst/nll 1.671e+00
[2023-05-31 00:57:17] [Iter   30000/  48000] trn/loss 1.150e+00, trn/negative_log_likelihood 1.150e+00, trn/w_norm 2.864e+01, trn/g_norm 3.203e+00, trn/lr 3.883e-02, trn/dyn_scale 6.554e+04, val/acc 5.083e-01, val/nll 1.933e+00, val/best_acc 5.469e-01
[2023-05-31 00:57:43] [Iter   31000/  48000] trn/loss 1.096e+00, trn/negative_log_likelihood 1.096e+00, trn/w_norm 2.839e+01, trn/g_norm 3.307e+00, trn/lr 3.532e-02, trn/dyn_scale 6.554e+04, val/acc 5.633e-01, val/nll 1.624e+00, val/best_acc 5.633e-01 (best_acc: 5.469e-01 -> 5.633e-01), tst/acc 5.711e-01, tst/nll 1.607e+00
[2023-05-31 00:58:10] [Iter   32000/  48000] trn/loss 1.039e+00, trn/negative_log_likelihood 1.039e+00, trn/w_norm 2.812e+01, trn/g_norm 3.417e+00, trn/lr 3.188e-02, trn/dyn_scale 6.554e+04, val/acc 5.219e-01, val/nll 1.795e+00, val/best_acc 5.633e-01
[2023-05-31 00:58:37] [Iter   33000/  48000] trn/loss 9.685e-01, trn/negative_log_likelihood 9.685e-01, trn/w_norm 2.787e+01, trn/g_norm 3.543e+00, trn/lr 2.855e-02, trn/dyn_scale 6.554e+04, val/acc 5.848e-01, val/nll 1.540e+00, val/best_acc 5.848e-01 (best_acc: 5.633e-01 -> 5.848e-01), tst/acc 5.786e-01, tst/nll 1.540e+00
[2023-05-31 00:59:02] [Iter   34000/  48000] trn/loss 9.061e-01, trn/negative_log_likelihood 9.061e-01, trn/w_norm 2.765e+01, trn/g_norm 3.693e+00, trn/lr 2.532e-02, trn/dyn_scale 6.554e+04, val/acc 5.581e-01, val/nll 1.717e+00, val/best_acc 5.848e-01
[2023-05-31 00:59:28] [Iter   35000/  48000] trn/loss 8.369e-01, trn/negative_log_likelihood 8.369e-01, trn/w_norm 2.734e+01, trn/g_norm 3.839e+00, trn/lr 2.223e-02, trn/dyn_scale 6.554e+04, val/acc 6.041e-01, val/nll 1.451e+00, val/best_acc 6.041e-01 (best_acc: 5.848e-01 -> 6.041e-01), tst/acc 6.017e-01, tst/nll 1.462e+00
[2023-05-31 00:59:53] [Iter   36000/  48000] trn/loss 7.604e-01, trn/negative_log_likelihood 7.604e-01, trn/w_norm 2.699e+01, trn/g_norm 4.014e+00, trn/lr 1.928e-02, trn/dyn_scale 6.554e+04, val/acc 5.885e-01, val/nll 1.525e+00, val/best_acc 6.041e-01
[2023-05-31 01:00:20] [Iter   37000/  48000] trn/loss 6.713e-01, trn/negative_log_likelihood 6.713e-01, trn/w_norm 2.664e+01, trn/g_norm 4.192e+00, trn/lr 1.650e-02, trn/dyn_scale 6.554e+04, val/acc 6.232e-01, val/nll 1.418e+00, val/best_acc 6.232e-01 (best_acc: 6.041e-01 -> 6.232e-01), tst/acc 6.399e-01, tst/nll 1.366e+00
[2023-05-31 01:00:47] [Iter   38000/  48000] trn/loss 5.892e-01, trn/negative_log_likelihood 5.892e-01, trn/w_norm 2.622e+01, trn/g_norm 4.379e+00, trn/lr 1.389e-02, trn/dyn_scale 6.554e+04, val/acc 6.332e-01, val/nll 1.419e+00, val/best_acc 6.332e-01 (best_acc: 6.232e-01 -> 6.332e-01), tst/acc 6.270e-01, tst/nll 1.415e+00
[2023-05-31 01:01:14] [Iter   39000/  48000] trn/loss 4.976e-01, trn/negative_log_likelihood 4.976e-01, trn/w_norm 2.571e+01, trn/g_norm 4.577e+00, trn/lr 1.147e-02, trn/dyn_scale 6.554e+04, val/acc 6.479e-01, val/nll 1.336e+00, val/best_acc 6.479e-01 (best_acc: 6.332e-01 -> 6.479e-01), tst/acc 6.509e-01, tst/nll 1.338e+00
[2023-05-31 01:01:42] [Iter   40000/  48000] trn/loss 4.042e-01, trn/negative_log_likelihood 4.042e-01, trn/w_norm 2.510e+01, trn/g_norm 4.722e+00, trn/lr 9.262e-03, trn/dyn_scale 6.554e+04, val/acc 6.580e-01, val/nll 1.336e+00, val/best_acc 6.580e-01 (best_acc: 6.479e-01 -> 6.580e-01), tst/acc 6.645e-01, tst/nll 1.300e+00
[2023-05-31 01:02:09] [Iter   41000/  48000] trn/loss 3.045e-01, trn/negative_log_likelihood 3.045e-01, trn/w_norm 2.435e+01, trn/g_norm 4.709e+00, trn/lr 7.265e-03, trn/dyn_scale 6.554e+04, val/acc 6.929e-01, val/nll 1.195e+00, val/best_acc 6.929e-01 (best_acc: 6.580e-01 -> 6.929e-01), tst/acc 6.976e-01, tst/nll 1.202e+00
[2023-05-31 01:02:35] [Iter   42000/  48000] trn/loss 2.076e-01, trn/negative_log_likelihood 2.076e-01, trn/w_norm 2.345e+01, trn/g_norm 4.420e+00, trn/lr 5.493e-03, trn/dyn_scale 6.554e+04, val/acc 6.977e-01, val/nll 1.197e+00, val/best_acc 6.977e-01 (best_acc: 6.929e-01 -> 6.977e-01), tst/acc 7.004e-01, tst/nll 1.183e+00
[2023-05-31 01:03:00] [Iter   43000/  48000] trn/loss 1.240e-01, trn/negative_log_likelihood 1.240e-01, trn/w_norm 2.241e+01, trn/g_norm 3.694e+00, trn/lr 3.957e-03, trn/dyn_scale 6.554e+04, val/acc 7.306e-01, val/nll 1.074e+00, val/best_acc 7.306e-01 (best_acc: 6.977e-01 -> 7.306e-01), tst/acc 7.289e-01, tst/nll 1.083e+00
[2023-05-31 01:03:26] [Iter   44000/  48000] trn/loss 7.391e-02, trn/negative_log_likelihood 7.391e-02, trn/w_norm 2.142e+01, trn/g_norm 2.753e+00, trn/lr 2.665e-03, trn/dyn_scale 6.554e+04, val/acc 7.437e-01, val/nll 1.039e+00, val/best_acc 7.437e-01 (best_acc: 7.306e-01 -> 7.437e-01), tst/acc 7.408e-01, tst/nll 1.038e+00
[2023-05-31 01:03:52] [Iter   45000/  48000] trn/loss 5.323e-02, trn/negative_log_likelihood 5.323e-02, trn/w_norm 2.070e+01, trn/g_norm 2.044e+00, trn/lr 1.622e-03, trn/dyn_scale 6.554e+04, val/acc 7.517e-01, val/nll 1.009e+00, val/best_acc 7.517e-01 (best_acc: 7.437e-01 -> 7.517e-01), tst/acc 7.495e-01, tst/nll 1.008e+00
[2023-05-31 01:04:18] [Iter   46000/  48000] trn/loss 4.546e-02, trn/negative_log_likelihood 4.546e-02, trn/w_norm 2.028e+01, trn/g_norm 1.683e+00, trn/lr 8.352e-04, trn/dyn_scale 6.554e+04, val/acc 7.530e-01, val/nll 1.004e+00, val/best_acc 7.530e-01 (best_acc: 7.517e-01 -> 7.530e-01), tst/acc 7.525e-01, tst/nll 1.005e+00
[2023-05-31 01:04:44] [Iter   47000/  48000] trn/loss 4.242e-02, trn/negative_log_likelihood 4.242e-02, trn/w_norm 2.008e+01, trn/g_norm 1.502e+00, trn/lr 3.083e-04, trn/dyn_scale 6.554e+04, val/acc 7.550e-01, val/nll 9.978e-01, val/best_acc 7.550e-01 (best_acc: 7.530e-01 -> 7.550e-01), tst/acc 7.539e-01, tst/nll 9.978e-01
[2023-05-31 01:05:10] [Iter   48000/  48000] trn/loss 4.107e-02, trn/negative_log_likelihood 4.107e-02, trn/w_norm 2.003e+01, trn/g_norm 1.430e+00, trn/lr 4.413e-05, trn/dyn_scale 6.554e+04, val/acc 7.530e-01, val/nll 9.972e-01, val/best_acc 7.550e-01
