[2023-02-15 21:52:44] Environments:
------------  --------------------------------------------------------------------------------
sys.platform  linux
Python        3.10.8 (main, Nov 24 2022, 14:13:03) [GCC 11.2.0]
JAX           0.4.1 @/mnt/home/giung/.conda/envs/jax-vessl/lib/python3.10/site-packages/jax
jaxlib        0.4.1 @/mnt/home/giung/.conda/envs/jax-vessl/lib/python3.10/site-packages/jaxlib
Flax          0.6.3 @/mnt/home/giung/.conda/envs/jax-vessl/lib/python3.10/site-packages/flax
Optax         0.1.4 @/mnt/home/giung/.conda/envs/jax-vessl/lib/python3.10/site-packages/optax
------------  --------------------------------------------------------------------------------

[2023-02-15 21:52:44] Command line arguments:
- args.data_root           : ./data/
- args.data_name           : CIFAR100_x32
- args.data_augmentation   : standard
- args.data_proportional   : 1.0
- args.model_depth         : 20
- args.model_width         : 1
- args.model_style         : BN-ReLU
- args.optim_bs            : 256
- args.optim_ne            : 500
- args.optim_lr            : 0.3
- args.optim_momentum      : 0.9
- args.optim_weight_decay  : 0.001
- args.ensemble_size       : 4
- args.stddev              : 0.01
- args.kl_annealing_factor : 1.0
- args.kl_annealing_epochs : 0.75
- args.save                : /mnt/home/giung/giung2-dev/projects/bnn-vi/save/CIFAR100_x32/R20x1-BN-ReLU/NormalRankOneBNN/bs-0256_ne-0500_lr-0.30_mo-0.90_wd-0.0010_ens-4_std-0.0100_fp32/42
- args.seed                : 42
- args.precision           : fp32

[2023-02-15 21:53:36] [Epoch     1/  500] trn/loss 4.328e+00, trn/kl 4.996e+04, trn/lr 3.000e-01, trn/kl_scale 3.235e-08, val/acc 6.250e-02, val/nll 4.045e+00 (best_acc: 0.000e+00 -> 6.250e-02, test_acc: 5.980e-02, test_nll: 4.038e+00)
[2023-02-15 21:53:49] [Epoch     2/  500] trn/loss 3.904e+00, trn/kl 3.644e+05, trn/lr 3.000e-01, trn/kl_scale 9.745e-08, val/acc 9.480e-02, val/nll 3.822e+00 (best_acc: 6.250e-02 -> 9.480e-02, test_acc: 1.001e-01, test_nll: 3.818e+00)
[2023-02-15 21:54:02] [Epoch     3/  500] trn/loss 3.806e+00, trn/kl 1.640e+06, trn/lr 3.000e-01, trn/kl_scale 1.626e-07, val/acc 1.067e-01, val/nll 3.814e+00 (best_acc: 9.480e-02 -> 1.067e-01, test_acc: 1.096e-01, test_nll: 3.784e+00)
[2023-02-15 21:54:15] [Epoch     4/  500] trn/loss 3.870e+00, trn/kl 3.647e+06, trn/lr 3.000e-01, trn/kl_scale 2.277e-07, val/acc 1.156e-01, val/nll 3.734e+00 (best_acc: 1.067e-01 -> 1.156e-01, test_acc: 1.130e-01, test_nll: 3.728e+00)
[2023-02-15 21:54:28] [Epoch     5/  500] trn/loss 3.933e+00, trn/kl 5.228e+06, trn/lr 2.999e-01, trn/kl_scale 2.928e-07, val/acc 1.181e-01, val/nll 3.664e+00 (best_acc: 1.156e-01 -> 1.181e-01, test_acc: 1.226e-01, test_nll: 3.650e+00)
[2023-02-15 21:54:40] [Epoch     6/  500] trn/loss 3.946e+00, trn/kl 5.859e+06, trn/lr 2.999e-01, trn/kl_scale 3.579e-07, val/acc 1.142e-01, val/nll 3.743e+00
[2023-02-15 21:54:53] [Epoch     7/  500] trn/loss 3.920e+00, trn/kl 5.834e+06, trn/lr 2.999e-01, trn/kl_scale 4.230e-07, val/acc 1.258e-01, val/nll 3.701e+00 (best_acc: 1.181e-01 -> 1.258e-01, test_acc: 1.314e-01, test_nll: 3.689e+00)
[2023-02-15 21:55:06] [Epoch     8/  500] trn/loss 3.893e+00, trn/kl 5.535e+06, trn/lr 2.998e-01, trn/kl_scale 4.881e-07, val/acc 1.295e-01, val/nll 3.650e+00 (best_acc: 1.258e-01 -> 1.295e-01, test_acc: 1.365e-01, test_nll: 3.632e+00)
[2023-02-15 21:55:18] [Epoch     9/  500] trn/loss 3.860e+00, trn/kl 5.177e+06, trn/lr 2.998e-01, trn/kl_scale 5.532e-07, val/acc 1.069e-01, val/nll 3.758e+00
[2023-02-15 21:55:31] [Epoch    10/  500] trn/loss 3.823e+00, trn/kl 4.835e+06, trn/lr 2.997e-01, trn/kl_scale 6.183e-07, val/acc 1.459e-01, val/nll 3.571e+00 (best_acc: 1.295e-01 -> 1.459e-01, test_acc: 1.487e-01, test_nll: 3.564e+00)
[2023-02-15 21:55:44] [Epoch    11/  500] trn/loss 3.781e+00, trn/kl 4.529e+06, trn/lr 2.997e-01, trn/kl_scale 6.834e-07, val/acc 1.283e-01, val/nll 3.770e+00
[2023-02-15 21:55:57] [Epoch    12/  500] trn/loss 3.746e+00, trn/kl 4.262e+06, trn/lr 2.996e-01, trn/kl_scale 7.485e-07, val/acc 1.532e-01, val/nll 3.510e+00 (best_acc: 1.459e-01 -> 1.532e-01, test_acc: 1.639e-01, test_nll: 3.502e+00)
[2023-02-15 21:56:09] [Epoch    13/  500] trn/loss 3.715e+00, trn/kl 4.026e+06, trn/lr 2.995e-01, trn/kl_scale 8.136e-07, val/acc 1.327e-01, val/nll 3.647e+00
[2023-02-15 21:56:22] [Epoch    14/  500] trn/loss 3.674e+00, trn/kl 3.819e+06, trn/lr 2.995e-01, trn/kl_scale 8.787e-07, val/acc 1.614e-01, val/nll 3.486e+00 (best_acc: 1.532e-01 -> 1.614e-01, test_acc: 1.620e-01, test_nll: 3.479e+00)
[2023-02-15 21:56:34] [Epoch    15/  500] trn/loss 3.646e+00, trn/kl 3.634e+06, trn/lr 2.994e-01, trn/kl_scale 9.438e-07, val/acc 1.483e-01, val/nll 3.616e+00
[2023-02-15 21:56:47] [Epoch    16/  500] trn/loss 3.610e+00, trn/kl 3.468e+06, trn/lr 2.993e-01, trn/kl_scale 1.009e-06, val/acc 1.830e-01, val/nll 3.415e+00 (best_acc: 1.614e-01 -> 1.830e-01, test_acc: 1.844e-01, test_nll: 3.397e+00)
[2023-02-15 21:57:00] [Epoch    17/  500] trn/loss 3.570e+00, trn/kl 3.323e+06, trn/lr 2.992e-01, trn/kl_scale 1.074e-06, val/acc 1.728e-01, val/nll 3.409e+00
[2023-02-15 21:57:12] [Epoch    18/  500] trn/loss 3.520e+00, trn/kl 3.186e+06, trn/lr 2.991e-01, trn/kl_scale 1.139e-06, val/acc 1.416e-01, val/nll 3.718e+00
[2023-02-15 21:57:24] [Epoch    19/  500] trn/loss 3.492e+00, trn/kl 3.062e+06, trn/lr 2.990e-01, trn/kl_scale 1.204e-06, val/acc 1.829e-01, val/nll 3.313e+00
[2023-02-15 21:57:37] [Epoch    20/  500] trn/loss 3.483e+00, trn/kl 2.949e+06, trn/lr 2.989e-01, trn/kl_scale 1.269e-06, val/acc 2.118e-01, val/nll 3.211e+00 (best_acc: 1.830e-01 -> 2.118e-01, test_acc: 2.166e-01, test_nll: 3.182e+00)
[2023-02-15 21:57:49] [Epoch    21/  500] trn/loss 3.446e+00, trn/kl 2.847e+06, trn/lr 2.988e-01, trn/kl_scale 1.334e-06, val/acc 1.480e-01, val/nll 3.627e+00
[2023-02-15 21:58:02] [Epoch    22/  500] trn/loss 3.406e+00, trn/kl 2.753e+06, trn/lr 2.986e-01, trn/kl_scale 1.400e-06, val/acc 2.116e-01, val/nll 3.224e+00
[2023-02-15 21:58:14] [Epoch    23/  500] trn/loss 3.383e+00, trn/kl 2.664e+06, trn/lr 2.985e-01, trn/kl_scale 1.465e-06, val/acc 1.851e-01, val/nll 3.286e+00
[2023-02-15 21:58:26] [Epoch    24/  500] trn/loss 3.353e+00, trn/kl 2.583e+06, trn/lr 2.984e-01, trn/kl_scale 1.530e-06, val/acc 1.988e-01, val/nll 3.213e+00
[2023-02-15 21:58:38] [Epoch    25/  500] trn/loss 3.322e+00, trn/kl 2.507e+06, trn/lr 2.982e-01, trn/kl_scale 1.595e-06, val/acc 1.967e-01, val/nll 3.297e+00
[2023-02-15 21:58:51] [Epoch    26/  500] trn/loss 3.307e+00, trn/kl 2.435e+06, trn/lr 2.981e-01, trn/kl_scale 1.660e-06, val/acc 2.426e-01, val/nll 3.031e+00 (best_acc: 2.118e-01 -> 2.426e-01, test_acc: 2.352e-01, test_nll: 3.016e+00)
[2023-02-15 21:59:04] [Epoch    27/  500] trn/loss 3.270e+00, trn/kl 2.368e+06, trn/lr 2.979e-01, trn/kl_scale 1.725e-06, val/acc 2.217e-01, val/nll 3.086e+00
[2023-02-15 21:59:16] [Epoch    28/  500] trn/loss 3.229e+00, trn/kl 2.304e+06, trn/lr 2.978e-01, trn/kl_scale 1.790e-06, val/acc 1.838e-01, val/nll 3.453e+00
[2023-02-15 21:59:28] [Epoch    29/  500] trn/loss 3.205e+00, trn/kl 2.247e+06, trn/lr 2.976e-01, trn/kl_scale 1.855e-06, val/acc 1.791e-01, val/nll 3.489e+00
[2023-02-15 21:59:40] [Epoch    30/  500] trn/loss 3.213e+00, trn/kl 2.191e+06, trn/lr 2.974e-01, trn/kl_scale 1.920e-06, val/acc 2.410e-01, val/nll 3.039e+00
[2023-02-15 21:59:53] [Epoch    31/  500] trn/loss 3.155e+00, trn/kl 2.138e+06, trn/lr 2.973e-01, trn/kl_scale 1.985e-06, val/acc 2.400e-01, val/nll 3.065e+00
[2023-02-15 22:00:05] [Epoch    32/  500] trn/loss 3.152e+00, trn/kl 2.091e+06, trn/lr 2.971e-01, trn/kl_scale 2.051e-06, val/acc 2.004e-01, val/nll 3.249e+00
[2023-02-15 22:00:17] [Epoch    33/  500] trn/loss 3.117e+00, trn/kl 2.043e+06, trn/lr 2.969e-01, trn/kl_scale 2.116e-06, val/acc 2.123e-01, val/nll 3.234e+00
[2023-02-15 22:00:29] [Epoch    34/  500] trn/loss 3.113e+00, trn/kl 1.998e+06, trn/lr 2.967e-01, trn/kl_scale 2.181e-06, val/acc 2.121e-01, val/nll 3.200e+00
[2023-02-15 22:00:42] [Epoch    35/  500] trn/loss 3.089e+00, trn/kl 1.955e+06, trn/lr 2.965e-01, trn/kl_scale 2.246e-06, val/acc 2.450e-01, val/nll 3.059e+00 (best_acc: 2.426e-01 -> 2.450e-01, test_acc: 2.420e-01, test_nll: 3.057e+00)
[2023-02-15 22:00:55] [Epoch    36/  500] trn/loss 3.077e+00, trn/kl 1.915e+06, trn/lr 2.963e-01, trn/kl_scale 2.311e-06, val/acc 2.717e-01, val/nll 2.947e+00 (best_acc: 2.450e-01 -> 2.717e-01, test_acc: 2.732e-01, test_nll: 2.922e+00)
[2023-02-15 22:01:08] [Epoch    37/  500] trn/loss 3.072e+00, trn/kl 1.875e+06, trn/lr 2.961e-01, trn/kl_scale 2.376e-06, val/acc 2.140e-01, val/nll 3.187e+00
[2023-02-15 22:01:20] [Epoch    38/  500] trn/loss 3.042e+00, trn/kl 1.839e+06, trn/lr 2.959e-01, trn/kl_scale 2.441e-06, val/acc 2.628e-01, val/nll 2.896e+00
[2023-02-15 22:01:32] [Epoch    39/  500] trn/loss 3.022e+00, trn/kl 1.804e+06, trn/lr 2.956e-01, trn/kl_scale 2.506e-06, val/acc 2.604e-01, val/nll 2.921e+00
[2023-02-15 22:01:44] [Epoch    40/  500] trn/loss 3.016e+00, trn/kl 1.770e+06, trn/lr 2.954e-01, trn/kl_scale 2.571e-06, val/acc 2.685e-01, val/nll 2.885e+00
[2023-02-15 22:01:57] [Epoch    41/  500] trn/loss 2.997e+00, trn/kl 1.739e+06, trn/lr 2.952e-01, trn/kl_scale 2.637e-06, val/acc 2.399e-01, val/nll 3.129e+00
[2023-02-15 22:02:09] [Epoch    42/  500] trn/loss 2.992e+00, trn/kl 1.708e+06, trn/lr 2.949e-01, trn/kl_scale 2.702e-06, val/acc 2.174e-01, val/nll 3.206e+00
[2023-02-15 22:02:22] [Epoch    43/  500] trn/loss 2.980e+00, trn/kl 1.677e+06, trn/lr 2.947e-01, trn/kl_scale 2.767e-06, val/acc 2.726e-01, val/nll 2.897e+00 (best_acc: 2.717e-01 -> 2.726e-01, test_acc: 2.815e-01, test_nll: 2.860e+00)
[2023-02-15 22:02:34] [Epoch    44/  500] trn/loss 2.952e+00, trn/kl 1.649e+06, trn/lr 2.944e-01, trn/kl_scale 2.832e-06, val/acc 2.673e-01, val/nll 2.906e+00
[2023-02-15 22:02:47] [Epoch    45/  500] trn/loss 2.942e+00, trn/kl 1.622e+06, trn/lr 2.942e-01, trn/kl_scale 2.897e-06, val/acc 2.914e-01, val/nll 2.818e+00 (best_acc: 2.726e-01 -> 2.914e-01, test_acc: 2.927e-01, test_nll: 2.802e+00)
[2023-02-15 22:02:59] [Epoch    46/  500] trn/loss 2.952e+00, trn/kl 1.596e+06, trn/lr 2.939e-01, trn/kl_scale 2.962e-06, val/acc 2.194e-01, val/nll 3.286e+00
[2023-02-15 22:03:12] [Epoch    47/  500] trn/loss 2.926e+00, trn/kl 1.570e+06, trn/lr 2.936e-01, trn/kl_scale 3.027e-06, val/acc 2.896e-01, val/nll 2.813e+00
[2023-02-15 22:03:24] [Epoch    48/  500] trn/loss 2.925e+00, trn/kl 1.546e+06, trn/lr 2.934e-01, trn/kl_scale 3.092e-06, val/acc 2.048e-01, val/nll 3.196e+00
[2023-02-15 22:03:36] [Epoch    49/  500] trn/loss 2.910e+00, trn/kl 1.521e+06, trn/lr 2.931e-01, trn/kl_scale 3.157e-06, val/acc 2.590e-01, val/nll 3.015e+00
[2023-02-15 22:03:48] [Epoch    50/  500] trn/loss 2.904e+00, trn/kl 1.499e+06, trn/lr 2.928e-01, trn/kl_scale 3.222e-06, val/acc 2.304e-01, val/nll 3.082e+00
[2023-02-15 22:04:01] [Epoch    51/  500] trn/loss 2.888e+00, trn/kl 1.476e+06, trn/lr 2.925e-01, trn/kl_scale 3.288e-06, val/acc 2.611e-01, val/nll 2.937e+00
[2023-02-15 22:04:13] [Epoch    52/  500] trn/loss 2.885e+00, trn/kl 1.455e+06, trn/lr 2.922e-01, trn/kl_scale 3.353e-06, val/acc 2.593e-01, val/nll 2.974e+00
[2023-02-15 22:04:25] [Epoch    53/  500] trn/loss 2.872e+00, trn/kl 1.434e+06, trn/lr 2.919e-01, trn/kl_scale 3.418e-06, val/acc 2.685e-01, val/nll 2.969e+00
[2023-02-15 22:04:38] [Epoch    54/  500] trn/loss 2.861e+00, trn/kl 1.414e+06, trn/lr 2.916e-01, trn/kl_scale 3.483e-06, val/acc 3.077e-01, val/nll 2.708e+00 (best_acc: 2.914e-01 -> 3.077e-01, test_acc: 3.153e-01, test_nll: 2.670e+00)
[2023-02-15 22:04:50] [Epoch    55/  500] trn/loss 2.841e+00, trn/kl 1.395e+06, trn/lr 2.913e-01, trn/kl_scale 3.548e-06, val/acc 2.637e-01, val/nll 2.990e+00
[2023-02-15 22:05:03] [Epoch    56/  500] trn/loss 2.848e+00, trn/kl 1.376e+06, trn/lr 2.910e-01, trn/kl_scale 3.613e-06, val/acc 2.805e-01, val/nll 2.856e+00
[2023-02-15 22:05:15] [Epoch    57/  500] trn/loss 2.838e+00, trn/kl 1.358e+06, trn/lr 2.906e-01, trn/kl_scale 3.678e-06, val/acc 2.733e-01, val/nll 2.906e+00
[2023-02-15 22:05:27] [Epoch    58/  500] trn/loss 2.840e+00, trn/kl 1.340e+06, trn/lr 2.903e-01, trn/kl_scale 3.743e-06, val/acc 2.624e-01, val/nll 2.926e+00
[2023-02-15 22:05:40] [Epoch    59/  500] trn/loss 2.822e+00, trn/kl 1.323e+06, trn/lr 2.900e-01, trn/kl_scale 3.808e-06, val/acc 2.572e-01, val/nll 2.957e+00
[2023-02-15 22:05:52] [Epoch    60/  500] trn/loss 2.823e+00, trn/kl 1.306e+06, trn/lr 2.896e-01, trn/kl_scale 3.873e-06, val/acc 2.871e-01, val/nll 2.909e+00
[2023-02-15 22:06:04] [Epoch    61/  500] trn/loss 2.801e+00, trn/kl 1.290e+06, trn/lr 2.893e-01, trn/kl_scale 3.939e-06, val/acc 2.465e-01, val/nll 3.134e+00
[2023-02-15 22:06:16] [Epoch    62/  500] trn/loss 2.815e+00, trn/kl 1.274e+06, trn/lr 2.889e-01, trn/kl_scale 4.004e-06, val/acc 2.623e-01, val/nll 2.890e+00
[2023-02-15 22:06:28] [Epoch    63/  500] trn/loss 2.801e+00, trn/kl 1.258e+06, trn/lr 2.886e-01, trn/kl_scale 4.069e-06, val/acc 2.763e-01, val/nll 2.900e+00
[2023-02-15 22:06:41] [Epoch    64/  500] trn/loss 2.790e+00, trn/kl 1.243e+06, trn/lr 2.882e-01, trn/kl_scale 4.134e-06, val/acc 2.972e-01, val/nll 2.762e+00
[2023-02-15 22:06:53] [Epoch    65/  500] trn/loss 2.780e+00, trn/kl 1.229e+06, trn/lr 2.879e-01, trn/kl_scale 4.199e-06, val/acc 3.035e-01, val/nll 2.696e+00
[2023-02-15 22:07:05] [Epoch    66/  500] trn/loss 2.775e+00, trn/kl 1.215e+06, trn/lr 2.875e-01, trn/kl_scale 4.264e-06, val/acc 2.789e-01, val/nll 2.910e+00
[2023-02-15 22:07:17] [Epoch    67/  500] trn/loss 2.783e+00, trn/kl 1.201e+06, trn/lr 2.871e-01, trn/kl_scale 4.329e-06, val/acc 2.997e-01, val/nll 2.752e+00
[2023-02-15 22:07:30] [Epoch    68/  500] trn/loss 2.777e+00, trn/kl 1.187e+06, trn/lr 2.867e-01, trn/kl_scale 4.394e-06, val/acc 2.601e-01, val/nll 2.966e+00
[2023-02-15 22:07:43] [Epoch    69/  500] trn/loss 2.762e+00, trn/kl 1.174e+06, trn/lr 2.863e-01, trn/kl_scale 4.459e-06, val/acc 3.164e-01, val/nll 2.670e+00 (best_acc: 3.077e-01 -> 3.164e-01, test_acc: 3.278e-01, test_nll: 2.628e+00)
[2023-02-15 22:07:55] [Epoch    70/  500] trn/loss 2.754e+00, trn/kl 1.162e+06, trn/lr 2.859e-01, trn/kl_scale 4.525e-06, val/acc 2.740e-01, val/nll 2.961e+00
[2023-02-15 22:08:07] [Epoch    71/  500] trn/loss 2.757e+00, trn/kl 1.149e+06, trn/lr 2.855e-01, trn/kl_scale 4.590e-06, val/acc 2.163e-01, val/nll 3.232e+00
[2023-02-15 22:08:19] [Epoch    72/  500] trn/loss 2.747e+00, trn/kl 1.136e+06, trn/lr 2.851e-01, trn/kl_scale 4.655e-06, val/acc 2.619e-01, val/nll 3.063e+00
[2023-02-15 22:08:32] [Epoch    73/  500] trn/loss 2.754e+00, trn/kl 1.124e+06, trn/lr 2.847e-01, trn/kl_scale 4.720e-06, val/acc 2.371e-01, val/nll 3.187e+00
[2023-02-15 22:08:44] [Epoch    74/  500] trn/loss 2.728e+00, trn/kl 1.112e+06, trn/lr 2.843e-01, trn/kl_scale 4.785e-06, val/acc 2.791e-01, val/nll 2.900e+00
[2023-02-15 22:08:57] [Epoch    75/  500] trn/loss 2.752e+00, trn/kl 1.101e+06, trn/lr 2.839e-01, trn/kl_scale 4.850e-06, val/acc 3.396e-01, val/nll 2.575e+00 (best_acc: 3.164e-01 -> 3.396e-01, test_acc: 3.387e-01, test_nll: 2.556e+00)
[2023-02-15 22:09:09] [Epoch    76/  500] trn/loss 2.730e+00, trn/kl 1.090e+06, trn/lr 2.834e-01, trn/kl_scale 4.915e-06, val/acc 2.761e-01, val/nll 2.869e+00
[2023-02-15 22:09:21] [Epoch    77/  500] trn/loss 2.721e+00, trn/kl 1.079e+06, trn/lr 2.830e-01, trn/kl_scale 4.980e-06, val/acc 3.022e-01, val/nll 2.712e+00
[2023-02-15 22:09:34] [Epoch    78/  500] trn/loss 2.713e+00, trn/kl 1.068e+06, trn/lr 2.826e-01, trn/kl_scale 5.045e-06, val/acc 2.544e-01, val/nll 3.012e+00
[2023-02-15 22:09:46] [Epoch    79/  500] trn/loss 2.704e+00, trn/kl 1.058e+06, trn/lr 2.821e-01, trn/kl_scale 5.110e-06, val/acc 2.607e-01, val/nll 3.005e+00
[2023-02-15 22:09:58] [Epoch    80/  500] trn/loss 2.708e+00, trn/kl 1.047e+06, trn/lr 2.817e-01, trn/kl_scale 5.176e-06, val/acc 2.304e-01, val/nll 3.275e+00
[2023-02-15 22:10:10] [Epoch    81/  500] trn/loss 2.711e+00, trn/kl 1.037e+06, trn/lr 2.812e-01, trn/kl_scale 5.241e-06, val/acc 2.779e-01, val/nll 2.861e+00
[2023-02-15 22:10:22] [Epoch    82/  500] trn/loss 2.701e+00, trn/kl 1.028e+06, trn/lr 2.808e-01, trn/kl_scale 5.306e-06, val/acc 2.826e-01, val/nll 2.854e+00
[2023-02-15 22:10:35] [Epoch    83/  500] trn/loss 2.685e+00, trn/kl 1.018e+06, trn/lr 2.803e-01, trn/kl_scale 5.371e-06, val/acc 2.322e-01, val/nll 3.146e+00
[2023-02-15 22:10:47] [Epoch    84/  500] trn/loss 2.705e+00, trn/kl 1.009e+06, trn/lr 2.798e-01, trn/kl_scale 5.436e-06, val/acc 2.221e-01, val/nll 3.230e+00
[2023-02-15 22:10:59] [Epoch    85/  500] trn/loss 2.679e+00, trn/kl 9.995e+05, trn/lr 2.794e-01, trn/kl_scale 5.501e-06, val/acc 2.561e-01, val/nll 2.919e+00
[2023-02-15 22:11:12] [Epoch    86/  500] trn/loss 2.680e+00, trn/kl 9.904e+05, trn/lr 2.789e-01, trn/kl_scale 5.566e-06, val/acc 3.033e-01, val/nll 2.739e+00
[2023-02-15 22:11:24] [Epoch    87/  500] trn/loss 2.679e+00, trn/kl 9.820e+05, trn/lr 2.784e-01, trn/kl_scale 5.631e-06, val/acc 3.154e-01, val/nll 2.681e+00
[2023-02-15 22:11:36] [Epoch    88/  500] trn/loss 2.676e+00, trn/kl 9.731e+05, trn/lr 2.779e-01, trn/kl_scale 5.696e-06, val/acc 2.248e-01, val/nll 3.357e+00
[2023-02-15 22:11:48] [Epoch    89/  500] trn/loss 2.679e+00, trn/kl 9.644e+05, trn/lr 2.774e-01, trn/kl_scale 5.762e-06, val/acc 2.912e-01, val/nll 2.833e+00
[2023-02-15 22:12:00] [Epoch    90/  500] trn/loss 2.650e+00, trn/kl 9.561e+05, trn/lr 2.769e-01, trn/kl_scale 5.827e-06, val/acc 3.152e-01, val/nll 2.727e+00
[2023-02-15 22:12:13] [Epoch    91/  500] trn/loss 2.658e+00, trn/kl 9.476e+05, trn/lr 2.764e-01, trn/kl_scale 5.892e-06, val/acc 3.199e-01, val/nll 2.661e+00
[2023-02-15 22:12:25] [Epoch    92/  500] trn/loss 2.645e+00, trn/kl 9.395e+05, trn/lr 2.759e-01, trn/kl_scale 5.957e-06, val/acc 3.004e-01, val/nll 2.749e+00
[2023-02-15 22:12:37] [Epoch    93/  500] trn/loss 2.653e+00, trn/kl 9.313e+05, trn/lr 2.754e-01, trn/kl_scale 6.022e-06, val/acc 2.517e-01, val/nll 3.020e+00
[2023-02-15 22:12:49] [Epoch    94/  500] trn/loss 2.638e+00, trn/kl 9.240e+05, trn/lr 2.749e-01, trn/kl_scale 6.087e-06, val/acc 2.800e-01, val/nll 2.883e+00
[2023-02-15 22:13:02] [Epoch    95/  500] trn/loss 2.637e+00, trn/kl 9.166e+05, trn/lr 2.743e-01, trn/kl_scale 6.152e-06, val/acc 3.149e-01, val/nll 2.686e+00
[2023-02-15 22:13:14] [Epoch    96/  500] trn/loss 2.638e+00, trn/kl 9.093e+05, trn/lr 2.738e-01, trn/kl_scale 6.217e-06, val/acc 2.909e-01, val/nll 2.851e+00
[2023-02-15 22:13:26] [Epoch    97/  500] trn/loss 2.625e+00, trn/kl 9.014e+05, trn/lr 2.733e-01, trn/kl_scale 6.282e-06, val/acc 2.804e-01, val/nll 2.870e+00
[2023-02-15 22:13:38] [Epoch    98/  500] trn/loss 2.629e+00, trn/kl 8.943e+05, trn/lr 2.727e-01, trn/kl_scale 6.347e-06, val/acc 2.788e-01, val/nll 2.860e+00
[2023-02-15 22:13:51] [Epoch    99/  500] trn/loss 2.619e+00, trn/kl 8.873e+05, trn/lr 2.722e-01, trn/kl_scale 6.413e-06, val/acc 3.201e-01, val/nll 2.659e+00
[2023-02-15 22:14:03] [Epoch   100/  500] trn/loss 2.632e+00, trn/kl 8.803e+05, trn/lr 2.716e-01, trn/kl_scale 6.478e-06, val/acc 2.390e-01, val/nll 3.126e+00
[2023-02-15 22:14:15] [Epoch   101/  500] trn/loss 2.615e+00, trn/kl 8.735e+05, trn/lr 2.711e-01, trn/kl_scale 6.543e-06, val/acc 2.586e-01, val/nll 3.108e+00
[2023-02-15 22:14:27] [Epoch   102/  500] trn/loss 2.608e+00, trn/kl 8.668e+05, trn/lr 2.705e-01, trn/kl_scale 6.608e-06, val/acc 3.369e-01, val/nll 2.549e+00
[2023-02-15 22:14:40] [Epoch   103/  500] trn/loss 2.612e+00, trn/kl 8.601e+05, trn/lr 2.700e-01, trn/kl_scale 6.673e-06, val/acc 3.302e-01, val/nll 2.567e+00
[2023-02-15 22:14:52] [Epoch   104/  500] trn/loss 2.613e+00, trn/kl 8.537e+05, trn/lr 2.694e-01, trn/kl_scale 6.738e-06, val/acc 2.938e-01, val/nll 2.793e+00
[2023-02-15 22:15:04] [Epoch   105/  500] trn/loss 2.603e+00, trn/kl 8.470e+05, trn/lr 2.688e-01, trn/kl_scale 6.803e-06, val/acc 3.039e-01, val/nll 2.715e+00
[2023-02-15 22:15:16] [Epoch   106/  500] trn/loss 2.601e+00, trn/kl 8.405e+05, trn/lr 2.682e-01, trn/kl_scale 6.868e-06, val/acc 3.394e-01, val/nll 2.544e+00
[2023-02-15 22:15:29] [Epoch   107/  500] trn/loss 2.599e+00, trn/kl 8.342e+05, trn/lr 2.677e-01, trn/kl_scale 6.933e-06, val/acc 3.275e-01, val/nll 2.570e+00
[2023-02-15 22:15:41] [Epoch   108/  500] trn/loss 2.599e+00, trn/kl 8.288e+05, trn/lr 2.671e-01, trn/kl_scale 6.998e-06, val/acc 2.856e-01, val/nll 2.790e+00
[2023-02-15 22:15:53] [Epoch   109/  500] trn/loss 2.604e+00, trn/kl 8.224e+05, trn/lr 2.665e-01, trn/kl_scale 7.064e-06, val/acc 3.034e-01, val/nll 2.708e+00
[2023-02-15 22:16:05] [Epoch   110/  500] trn/loss 2.595e+00, trn/kl 8.165e+05, trn/lr 2.659e-01, trn/kl_scale 7.129e-06, val/acc 2.434e-01, val/nll 3.226e+00
[2023-02-15 22:16:18] [Epoch   111/  500] trn/loss 2.592e+00, trn/kl 8.108e+05, trn/lr 2.653e-01, trn/kl_scale 7.194e-06, val/acc 2.519e-01, val/nll 3.078e+00
[2023-02-15 22:16:30] [Epoch   112/  500] trn/loss 2.578e+00, trn/kl 8.049e+05, trn/lr 2.647e-01, trn/kl_scale 7.259e-06, val/acc 3.043e-01, val/nll 2.734e+00
[2023-02-15 22:16:42] [Epoch   113/  500] trn/loss 2.578e+00, trn/kl 7.996e+05, trn/lr 2.641e-01, trn/kl_scale 7.324e-06, val/acc 3.174e-01, val/nll 2.635e+00
[2023-02-15 22:16:54] [Epoch   114/  500] trn/loss 2.578e+00, trn/kl 7.938e+05, trn/lr 2.634e-01, trn/kl_scale 7.389e-06, val/acc 3.140e-01, val/nll 2.627e+00
[2023-02-15 22:17:07] [Epoch   115/  500] trn/loss 2.562e+00, trn/kl 7.886e+05, trn/lr 2.628e-01, trn/kl_scale 7.454e-06, val/acc 2.748e-01, val/nll 2.949e+00
[2023-02-15 22:17:19] [Epoch   116/  500] trn/loss 2.561e+00, trn/kl 7.830e+05, trn/lr 2.622e-01, trn/kl_scale 7.519e-06, val/acc 3.168e-01, val/nll 2.701e+00
[2023-02-15 22:17:31] [Epoch   117/  500] trn/loss 2.570e+00, trn/kl 7.777e+05, trn/lr 2.616e-01, trn/kl_scale 7.584e-06, val/acc 3.311e-01, val/nll 2.649e+00
[2023-02-15 22:17:43] [Epoch   118/  500] trn/loss 2.547e+00, trn/kl 7.723e+05, trn/lr 2.609e-01, trn/kl_scale 7.650e-06, val/acc 2.844e-01, val/nll 2.836e+00
[2023-02-15 22:17:56] [Epoch   119/  500] trn/loss 2.560e+00, trn/kl 7.672e+05, trn/lr 2.603e-01, trn/kl_scale 7.715e-06, val/acc 3.362e-01, val/nll 2.591e+00
[2023-02-15 22:18:08] [Epoch   120/  500] trn/loss 2.559e+00, trn/kl 7.621e+05, trn/lr 2.597e-01, trn/kl_scale 7.780e-06, val/acc 2.947e-01, val/nll 2.736e+00
[2023-02-15 22:18:20] [Epoch   121/  500] trn/loss 2.550e+00, trn/kl 7.572e+05, trn/lr 2.590e-01, trn/kl_scale 7.845e-06, val/acc 2.517e-01, val/nll 3.014e+00
[2023-02-15 22:18:32] [Epoch   122/  500] trn/loss 2.539e+00, trn/kl 7.520e+05, trn/lr 2.584e-01, trn/kl_scale 7.910e-06, val/acc 2.789e-01, val/nll 3.038e+00
[2023-02-15 22:18:45] [Epoch   123/  500] trn/loss 2.548e+00, trn/kl 7.474e+05, trn/lr 2.577e-01, trn/kl_scale 7.975e-06, val/acc 2.704e-01, val/nll 2.870e+00
[2023-02-15 22:18:57] [Epoch   124/  500] trn/loss 2.535e+00, trn/kl 7.424e+05, trn/lr 2.571e-01, trn/kl_scale 8.040e-06, val/acc 2.874e-01, val/nll 2.980e+00
[2023-02-15 22:19:09] [Epoch   125/  500] trn/loss 2.545e+00, trn/kl 7.377e+05, trn/lr 2.564e-01, trn/kl_scale 8.105e-06, val/acc 2.729e-01, val/nll 2.988e+00
[2023-02-15 22:19:21] [Epoch   126/  500] trn/loss 2.531e+00, trn/kl 7.330e+05, trn/lr 2.557e-01, trn/kl_scale 8.170e-06, val/acc 3.392e-01, val/nll 2.482e+00
[2023-02-15 22:19:34] [Epoch   127/  500] trn/loss 2.522e+00, trn/kl 7.282e+05, trn/lr 2.551e-01, trn/kl_scale 8.235e-06, val/acc 2.931e-01, val/nll 2.771e+00
[2023-02-15 22:19:47] [Epoch   128/  500] trn/loss 2.529e+00, trn/kl 7.239e+05, trn/lr 2.544e-01, trn/kl_scale 8.301e-06, val/acc 3.414e-01, val/nll 2.522e+00 (best_acc: 3.396e-01 -> 3.414e-01, test_acc: 3.552e-01, test_nll: 2.470e+00)
[2023-02-15 22:19:59] [Epoch   129/  500] trn/loss 2.516e+00, trn/kl 7.194e+05, trn/lr 2.537e-01, trn/kl_scale 8.366e-06, val/acc 2.700e-01, val/nll 3.023e+00
[2023-02-15 22:20:11] [Epoch   130/  500] trn/loss 2.520e+00, trn/kl 7.152e+05, trn/lr 2.530e-01, trn/kl_scale 8.431e-06, val/acc 2.702e-01, val/nll 3.054e+00
[2023-02-15 22:20:23] [Epoch   131/  500] trn/loss 2.524e+00, trn/kl 7.109e+05, trn/lr 2.523e-01, trn/kl_scale 8.496e-06, val/acc 3.331e-01, val/nll 2.594e+00
[2023-02-15 22:20:36] [Epoch   132/  500] trn/loss 2.522e+00, trn/kl 7.066e+05, trn/lr 2.516e-01, trn/kl_scale 8.561e-06, val/acc 2.931e-01, val/nll 2.791e+00
[2023-02-15 22:20:48] [Epoch   133/  500] trn/loss 2.526e+00, trn/kl 7.021e+05, trn/lr 2.510e-01, trn/kl_scale 8.626e-06, val/acc 3.073e-01, val/nll 2.698e+00
[2023-02-15 22:21:00] [Epoch   134/  500] trn/loss 2.517e+00, trn/kl 6.980e+05, trn/lr 2.503e-01, trn/kl_scale 8.691e-06, val/acc 3.041e-01, val/nll 2.763e+00
[2023-02-15 22:21:13] [Epoch   135/  500] trn/loss 2.504e+00, trn/kl 6.940e+05, trn/lr 2.496e-01, trn/kl_scale 8.756e-06, val/acc 3.367e-01, val/nll 2.580e+00
[2023-02-15 22:21:25] [Epoch   136/  500] trn/loss 2.507e+00, trn/kl 6.894e+05, trn/lr 2.488e-01, trn/kl_scale 8.821e-06, val/acc 2.864e-01, val/nll 2.947e+00
[2023-02-15 22:21:37] [Epoch   137/  500] trn/loss 2.506e+00, trn/kl 6.856e+05, trn/lr 2.481e-01, trn/kl_scale 8.887e-06, val/acc 2.983e-01, val/nll 2.757e+00
[2023-02-15 22:21:49] [Epoch   138/  500] trn/loss 2.492e+00, trn/kl 6.814e+05, trn/lr 2.474e-01, trn/kl_scale 8.952e-06, val/acc 2.764e-01, val/nll 2.996e+00
[2023-02-15 22:22:02] [Epoch   139/  500] trn/loss 2.502e+00, trn/kl 6.778e+05, trn/lr 2.467e-01, trn/kl_scale 9.017e-06, val/acc 3.093e-01, val/nll 2.679e+00
[2023-02-15 22:22:14] [Epoch   140/  500] trn/loss 2.492e+00, trn/kl 6.739e+05, trn/lr 2.460e-01, trn/kl_scale 9.082e-06, val/acc 3.083e-01, val/nll 2.802e+00
[2023-02-15 22:22:26] [Epoch   141/  500] trn/loss 2.494e+00, trn/kl 6.698e+05, trn/lr 2.453e-01, trn/kl_scale 9.147e-06, val/acc 2.821e-01, val/nll 2.878e+00
[2023-02-15 22:22:38] [Epoch   142/  500] trn/loss 2.491e+00, trn/kl 6.662e+05, trn/lr 2.445e-01, trn/kl_scale 9.212e-06, val/acc 3.149e-01, val/nll 2.669e+00
[2023-02-15 22:22:50] [Epoch   143/  500] trn/loss 2.474e+00, trn/kl 6.622e+05, trn/lr 2.438e-01, trn/kl_scale 9.277e-06, val/acc 2.968e-01, val/nll 2.794e+00
[2023-02-15 22:23:03] [Epoch   144/  500] trn/loss 2.477e+00, trn/kl 6.586e+05, trn/lr 2.431e-01, trn/kl_scale 9.342e-06, val/acc 3.582e-01, val/nll 2.428e+00 (best_acc: 3.414e-01 -> 3.582e-01, test_acc: 3.630e-01, test_nll: 2.417e+00)
[2023-02-15 22:23:16] [Epoch   145/  500] trn/loss 2.480e+00, trn/kl 6.550e+05, trn/lr 2.423e-01, trn/kl_scale 9.407e-06, val/acc 3.125e-01, val/nll 2.759e+00
[2023-02-15 22:23:28] [Epoch   146/  500] trn/loss 2.476e+00, trn/kl 6.514e+05, trn/lr 2.416e-01, trn/kl_scale 9.472e-06, val/acc 3.132e-01, val/nll 2.695e+00
[2023-02-15 22:23:40] [Epoch   147/  500] trn/loss 2.483e+00, trn/kl 6.479e+05, trn/lr 2.408e-01, trn/kl_scale 9.538e-06, val/acc 3.116e-01, val/nll 2.690e+00
[2023-02-15 22:23:52] [Epoch   148/  500] trn/loss 2.471e+00, trn/kl 6.442e+05, trn/lr 2.401e-01, trn/kl_scale 9.603e-06, val/acc 3.283e-01, val/nll 2.594e+00
[2023-02-15 22:24:05] [Epoch   149/  500] trn/loss 2.469e+00, trn/kl 6.407e+05, trn/lr 2.393e-01, trn/kl_scale 9.668e-06, val/acc 2.892e-01, val/nll 2.934e+00
[2023-02-15 22:24:17] [Epoch   150/  500] trn/loss 2.469e+00, trn/kl 6.371e+05, trn/lr 2.386e-01, trn/kl_scale 9.733e-06, val/acc 2.787e-01, val/nll 2.945e+00
[2023-02-15 22:24:30] [Epoch   151/  500] trn/loss 2.460e+00, trn/kl 6.336e+05, trn/lr 2.378e-01, trn/kl_scale 9.798e-06, val/acc 3.796e-01, val/nll 2.383e+00 (best_acc: 3.582e-01 -> 3.796e-01, test_acc: 3.778e-01, test_nll: 2.367e+00)
[2023-02-15 22:24:42] [Epoch   152/  500] trn/loss 2.458e+00, trn/kl 6.305e+05, trn/lr 2.370e-01, trn/kl_scale 9.863e-06, val/acc 2.803e-01, val/nll 2.848e+00
[2023-02-15 22:24:54] [Epoch   153/  500] trn/loss 2.455e+00, trn/kl 6.271e+05, trn/lr 2.363e-01, trn/kl_scale 9.928e-06, val/acc 2.935e-01, val/nll 2.840e+00
[2023-02-15 22:25:07] [Epoch   154/  500] trn/loss 2.460e+00, trn/kl 6.239e+05, trn/lr 2.355e-01, trn/kl_scale 9.993e-06, val/acc 2.785e-01, val/nll 2.945e+00
[2023-02-15 22:25:19] [Epoch   155/  500] trn/loss 2.454e+00, trn/kl 6.206e+05, trn/lr 2.347e-01, trn/kl_scale 1.006e-05, val/acc 3.143e-01, val/nll 2.809e+00
[2023-02-15 22:25:31] [Epoch   156/  500] trn/loss 2.445e+00, trn/kl 6.174e+05, trn/lr 2.339e-01, trn/kl_scale 1.012e-05, val/acc 2.970e-01, val/nll 2.787e+00
[2023-02-15 22:25:43] [Epoch   157/  500] trn/loss 2.452e+00, trn/kl 6.142e+05, trn/lr 2.331e-01, trn/kl_scale 1.019e-05, val/acc 2.864e-01, val/nll 2.832e+00
[2023-02-15 22:25:56] [Epoch   158/  500] trn/loss 2.446e+00, trn/kl 6.111e+05, trn/lr 2.324e-01, trn/kl_scale 1.025e-05, val/acc 3.490e-01, val/nll 2.535e+00
[2023-02-15 22:26:08] [Epoch   159/  500] trn/loss 2.423e+00, trn/kl 6.080e+05, trn/lr 2.316e-01, trn/kl_scale 1.032e-05, val/acc 3.459e-01, val/nll 2.498e+00
[2023-02-15 22:26:20] [Epoch   160/  500] trn/loss 2.435e+00, trn/kl 6.050e+05, trn/lr 2.308e-01, trn/kl_scale 1.038e-05, val/acc 3.254e-01, val/nll 2.648e+00
[2023-02-15 22:26:32] [Epoch   161/  500] trn/loss 2.443e+00, trn/kl 6.018e+05, trn/lr 2.300e-01, trn/kl_scale 1.045e-05, val/acc 3.160e-01, val/nll 2.703e+00
[2023-02-15 22:26:45] [Epoch   162/  500] trn/loss 2.426e+00, trn/kl 5.988e+05, trn/lr 2.292e-01, trn/kl_scale 1.051e-05, val/acc 3.301e-01, val/nll 2.579e+00
[2023-02-15 22:26:57] [Epoch   163/  500] trn/loss 2.431e+00, trn/kl 5.958e+05, trn/lr 2.284e-01, trn/kl_scale 1.058e-05, val/acc 3.159e-01, val/nll 2.650e+00
[2023-02-15 22:27:09] [Epoch   164/  500] trn/loss 2.428e+00, trn/kl 5.929e+05, trn/lr 2.276e-01, trn/kl_scale 1.064e-05, val/acc 3.010e-01, val/nll 2.886e+00
[2023-02-15 22:27:21] [Epoch   165/  500] trn/loss 2.430e+00, trn/kl 5.900e+05, trn/lr 2.268e-01, trn/kl_scale 1.071e-05, val/acc 2.873e-01, val/nll 2.912e+00
[2023-02-15 22:27:33] [Epoch   166/  500] trn/loss 2.422e+00, trn/kl 5.869e+05, trn/lr 2.260e-01, trn/kl_scale 1.077e-05, val/acc 2.127e-01, val/nll 3.571e+00
[2023-02-15 22:27:46] [Epoch   167/  500] trn/loss 2.415e+00, trn/kl 5.842e+05, trn/lr 2.251e-01, trn/kl_scale 1.084e-05, val/acc 3.470e-01, val/nll 2.530e+00
[2023-02-15 22:27:58] [Epoch   168/  500] trn/loss 2.409e+00, trn/kl 5.814e+05, trn/lr 2.243e-01, trn/kl_scale 1.090e-05, val/acc 3.435e-01, val/nll 2.546e+00
[2023-02-15 22:28:10] [Epoch   169/  500] trn/loss 2.417e+00, trn/kl 5.783e+05, trn/lr 2.235e-01, trn/kl_scale 1.097e-05, val/acc 2.903e-01, val/nll 2.894e+00
[2023-02-15 22:28:22] [Epoch   170/  500] trn/loss 2.408e+00, trn/kl 5.758e+05, trn/lr 2.227e-01, trn/kl_scale 1.103e-05, val/acc 2.742e-01, val/nll 2.903e+00
[2023-02-15 22:28:35] [Epoch   171/  500] trn/loss 2.407e+00, trn/kl 5.731e+05, trn/lr 2.219e-01, trn/kl_scale 1.110e-05, val/acc 3.356e-01, val/nll 2.588e+00
[2023-02-15 22:28:47] [Epoch   172/  500] trn/loss 2.404e+00, trn/kl 5.703e+05, trn/lr 2.210e-01, trn/kl_scale 1.117e-05, val/acc 3.388e-01, val/nll 2.564e+00
[2023-02-15 22:28:59] [Epoch   173/  500] trn/loss 2.409e+00, trn/kl 5.676e+05, trn/lr 2.202e-01, trn/kl_scale 1.123e-05, val/acc 3.284e-01, val/nll 2.696e+00
[2023-02-15 22:29:11] [Epoch   174/  500] trn/loss 2.406e+00, trn/kl 5.650e+05, trn/lr 2.194e-01, trn/kl_scale 1.130e-05, val/acc 3.347e-01, val/nll 2.621e+00
[2023-02-15 22:29:24] [Epoch   175/  500] trn/loss 2.382e+00, trn/kl 5.623e+05, trn/lr 2.185e-01, trn/kl_scale 1.136e-05, val/acc 3.406e-01, val/nll 2.555e+00
[2023-02-15 22:29:36] [Epoch   176/  500] trn/loss 2.404e+00, trn/kl 5.597e+05, trn/lr 2.177e-01, trn/kl_scale 1.143e-05, val/acc 3.373e-01, val/nll 2.611e+00
[2023-02-15 22:29:48] [Epoch   177/  500] trn/loss 2.373e+00, trn/kl 5.571e+05, trn/lr 2.168e-01, trn/kl_scale 1.149e-05, val/acc 3.197e-01, val/nll 2.671e+00
[2023-02-15 22:30:00] [Epoch   178/  500] trn/loss 2.389e+00, trn/kl 5.547e+05, trn/lr 2.160e-01, trn/kl_scale 1.156e-05, val/acc 2.934e-01, val/nll 2.854e+00
[2023-02-15 22:30:13] [Epoch   179/  500] trn/loss 2.384e+00, trn/kl 5.520e+05, trn/lr 2.151e-01, trn/kl_scale 1.162e-05, val/acc 3.456e-01, val/nll 2.513e+00
[2023-02-15 22:30:25] [Epoch   180/  500] trn/loss 2.386e+00, trn/kl 5.495e+05, trn/lr 2.143e-01, trn/kl_scale 1.169e-05, val/acc 3.138e-01, val/nll 2.700e+00
[2023-02-15 22:30:37] [Epoch   181/  500] trn/loss 2.383e+00, trn/kl 5.470e+05, trn/lr 2.134e-01, trn/kl_scale 1.175e-05, val/acc 2.619e-01, val/nll 3.088e+00
[2023-02-15 22:30:49] [Epoch   182/  500] trn/loss 2.377e+00, trn/kl 5.444e+05, trn/lr 2.126e-01, trn/kl_scale 1.182e-05, val/acc 3.232e-01, val/nll 2.743e+00
[2023-02-15 22:31:02] [Epoch   183/  500] trn/loss 2.371e+00, trn/kl 5.419e+05, trn/lr 2.117e-01, trn/kl_scale 1.188e-05, val/acc 2.789e-01, val/nll 2.965e+00
[2023-02-15 22:31:14] [Epoch   184/  500] trn/loss 2.373e+00, trn/kl 5.396e+05, trn/lr 2.109e-01, trn/kl_scale 1.195e-05, val/acc 3.186e-01, val/nll 2.687e+00
[2023-02-15 22:31:26] [Epoch   185/  500] trn/loss 2.361e+00, trn/kl 5.373e+05, trn/lr 2.100e-01, trn/kl_scale 1.201e-05, val/acc 3.253e-01, val/nll 2.666e+00
[2023-02-15 22:31:38] [Epoch   186/  500] trn/loss 2.363e+00, trn/kl 5.349e+05, trn/lr 2.091e-01, trn/kl_scale 1.208e-05, val/acc 2.982e-01, val/nll 2.786e+00
[2023-02-15 22:31:51] [Epoch   187/  500] trn/loss 2.368e+00, trn/kl 5.325e+05, trn/lr 2.083e-01, trn/kl_scale 1.214e-05, val/acc 3.246e-01, val/nll 2.707e+00
[2023-02-15 22:32:03] [Epoch   188/  500] trn/loss 2.349e+00, trn/kl 5.302e+05, trn/lr 2.074e-01, trn/kl_scale 1.221e-05, val/acc 3.226e-01, val/nll 2.727e+00
[2023-02-15 22:32:15] [Epoch   189/  500] trn/loss 2.350e+00, trn/kl 5.280e+05, trn/lr 2.065e-01, trn/kl_scale 1.227e-05, val/acc 2.992e-01, val/nll 2.891e+00
[2023-02-15 22:32:27] [Epoch   190/  500] trn/loss 2.354e+00, trn/kl 5.256e+05, trn/lr 2.057e-01, trn/kl_scale 1.234e-05, val/acc 3.396e-01, val/nll 2.649e+00
[2023-02-15 22:32:40] [Epoch   191/  500] trn/loss 2.354e+00, trn/kl 5.233e+05, trn/lr 2.048e-01, trn/kl_scale 1.240e-05, val/acc 3.139e-01, val/nll 2.765e+00
[2023-02-15 22:32:52] [Epoch   192/  500] trn/loss 2.350e+00, trn/kl 5.210e+05, trn/lr 2.039e-01, trn/kl_scale 1.247e-05, val/acc 3.444e-01, val/nll 2.527e+00
[2023-02-15 22:33:04] [Epoch   193/  500] trn/loss 2.338e+00, trn/kl 5.189e+05, trn/lr 2.030e-01, trn/kl_scale 1.253e-05, val/acc 2.853e-01, val/nll 3.075e+00
[2023-02-15 22:33:16] [Epoch   194/  500] trn/loss 2.340e+00, trn/kl 5.167e+05, trn/lr 2.021e-01, trn/kl_scale 1.260e-05, val/acc 3.378e-01, val/nll 2.543e+00
[2023-02-15 22:33:28] [Epoch   195/  500] trn/loss 2.348e+00, trn/kl 5.146e+05, trn/lr 2.013e-01, trn/kl_scale 1.266e-05, val/acc 2.799e-01, val/nll 2.996e+00
[2023-02-15 22:33:41] [Epoch   196/  500] trn/loss 2.337e+00, trn/kl 5.123e+05, trn/lr 2.004e-01, trn/kl_scale 1.273e-05, val/acc 3.473e-01, val/nll 2.523e+00
[2023-02-15 22:33:53] [Epoch   197/  500] trn/loss 2.336e+00, trn/kl 5.103e+05, trn/lr 1.995e-01, trn/kl_scale 1.279e-05, val/acc 2.876e-01, val/nll 2.968e+00
[2023-02-15 22:34:05] [Epoch   198/  500] trn/loss 2.334e+00, trn/kl 5.082e+05, trn/lr 1.986e-01, trn/kl_scale 1.286e-05, val/acc 3.041e-01, val/nll 2.767e+00
[2023-02-15 22:34:17] [Epoch   199/  500] trn/loss 2.331e+00, trn/kl 5.061e+05, trn/lr 1.977e-01, trn/kl_scale 1.292e-05, val/acc 3.508e-01, val/nll 2.460e+00
[2023-02-15 22:34:30] [Epoch   200/  500] trn/loss 2.326e+00, trn/kl 5.040e+05, trn/lr 1.968e-01, trn/kl_scale 1.299e-05, val/acc 3.313e-01, val/nll 2.585e+00
[2023-02-15 22:34:42] [Epoch   201/  500] trn/loss 2.327e+00, trn/kl 5.018e+05, trn/lr 1.959e-01, trn/kl_scale 1.305e-05, val/acc 3.241e-01, val/nll 2.782e+00
[2023-02-15 22:34:54] [Epoch   202/  500] trn/loss 2.319e+00, trn/kl 4.998e+05, trn/lr 1.950e-01, trn/kl_scale 1.312e-05, val/acc 3.271e-01, val/nll 2.713e+00
[2023-02-15 22:35:06] [Epoch   203/  500] trn/loss 2.321e+00, trn/kl 4.978e+05, trn/lr 1.941e-01, trn/kl_scale 1.318e-05, val/acc 3.340e-01, val/nll 2.620e+00
[2023-02-15 22:35:19] [Epoch   204/  500] trn/loss 2.310e+00, trn/kl 4.959e+05, trn/lr 1.932e-01, trn/kl_scale 1.325e-05, val/acc 2.990e-01, val/nll 2.920e+00
[2023-02-15 22:35:31] [Epoch   205/  500] trn/loss 2.318e+00, trn/kl 4.938e+05, trn/lr 1.923e-01, trn/kl_scale 1.331e-05, val/acc 3.192e-01, val/nll 2.765e+00
[2023-02-15 22:35:44] [Epoch   206/  500] trn/loss 2.326e+00, trn/kl 4.918e+05, trn/lr 1.914e-01, trn/kl_scale 1.338e-05, val/acc 3.868e-01, val/nll 2.325e+00 (best_acc: 3.796e-01 -> 3.868e-01, test_acc: 3.971e-01, test_nll: 2.291e+00)
[2023-02-15 22:35:56] [Epoch   207/  500] trn/loss 2.301e+00, trn/kl 4.898e+05, trn/lr 1.905e-01, trn/kl_scale 1.344e-05, val/acc 3.287e-01, val/nll 2.717e+00
[2023-02-15 22:36:08] [Epoch   208/  500] trn/loss 2.304e+00, trn/kl 4.879e+05, trn/lr 1.896e-01, trn/kl_scale 1.351e-05, val/acc 3.535e-01, val/nll 2.601e+00
[2023-02-15 22:36:20] [Epoch   209/  500] trn/loss 2.300e+00, trn/kl 4.859e+05, trn/lr 1.887e-01, trn/kl_scale 1.357e-05, val/acc 3.296e-01, val/nll 2.706e+00
[2023-02-15 22:36:33] [Epoch   210/  500] trn/loss 2.297e+00, trn/kl 4.841e+05, trn/lr 1.878e-01, trn/kl_scale 1.364e-05, val/acc 3.469e-01, val/nll 2.541e+00
[2023-02-15 22:36:45] [Epoch   211/  500] trn/loss 2.290e+00, trn/kl 4.822e+05, trn/lr 1.868e-01, trn/kl_scale 1.370e-05, val/acc 2.931e-01, val/nll 2.883e+00
[2023-02-15 22:36:57] [Epoch   212/  500] trn/loss 2.285e+00, trn/kl 4.802e+05, trn/lr 1.859e-01, trn/kl_scale 1.377e-05, val/acc 3.342e-01, val/nll 2.595e+00
[2023-02-15 22:37:09] [Epoch   213/  500] trn/loss 2.286e+00, trn/kl 4.784e+05, trn/lr 1.850e-01, trn/kl_scale 1.383e-05, val/acc 2.907e-01, val/nll 2.867e+00
[2023-02-15 22:37:22] [Epoch   214/  500] trn/loss 2.277e+00, trn/kl 4.766e+05, trn/lr 1.841e-01, trn/kl_scale 1.390e-05, val/acc 3.728e-01, val/nll 2.387e+00
[2023-02-15 22:37:34] [Epoch   215/  500] trn/loss 2.280e+00, trn/kl 4.747e+05, trn/lr 1.832e-01, trn/kl_scale 1.396e-05, val/acc 3.740e-01, val/nll 2.446e+00
[2023-02-15 22:37:46] [Epoch   216/  500] trn/loss 2.277e+00, trn/kl 4.730e+05, trn/lr 1.823e-01, trn/kl_scale 1.403e-05, val/acc 3.513e-01, val/nll 2.504e+00
[2023-02-15 22:37:58] [Epoch   217/  500] trn/loss 2.278e+00, trn/kl 4.712e+05, trn/lr 1.813e-01, trn/kl_scale 1.409e-05, val/acc 3.580e-01, val/nll 2.454e+00
[2023-02-15 22:38:10] [Epoch   218/  500] trn/loss 2.280e+00, trn/kl 4.694e+05, trn/lr 1.804e-01, trn/kl_scale 1.416e-05, val/acc 3.636e-01, val/nll 2.480e+00
[2023-02-15 22:38:23] [Epoch   219/  500] trn/loss 2.280e+00, trn/kl 4.675e+05, trn/lr 1.795e-01, trn/kl_scale 1.423e-05, val/acc 3.627e-01, val/nll 2.451e+00
[2023-02-15 22:38:35] [Epoch   220/  500] trn/loss 2.277e+00, trn/kl 4.658e+05, trn/lr 1.786e-01, trn/kl_scale 1.429e-05, val/acc 3.222e-01, val/nll 2.586e+00
[2023-02-15 22:38:47] [Epoch   221/  500] trn/loss 2.271e+00, trn/kl 4.640e+05, trn/lr 1.776e-01, trn/kl_scale 1.436e-05, val/acc 3.341e-01, val/nll 2.593e+00
[2023-02-15 22:38:59] [Epoch   222/  500] trn/loss 2.261e+00, trn/kl 4.623e+05, trn/lr 1.767e-01, trn/kl_scale 1.442e-05, val/acc 3.571e-01, val/nll 2.483e+00
[2023-02-15 22:39:11] [Epoch   223/  500] trn/loss 2.263e+00, trn/kl 4.606e+05, trn/lr 1.758e-01, trn/kl_scale 1.449e-05, val/acc 3.692e-01, val/nll 2.434e+00
[2023-02-15 22:39:24] [Epoch   224/  500] trn/loss 2.261e+00, trn/kl 4.588e+05, trn/lr 1.749e-01, trn/kl_scale 1.455e-05, val/acc 3.555e-01, val/nll 2.601e+00
[2023-02-15 22:39:36] [Epoch   225/  500] trn/loss 2.253e+00, trn/kl 4.572e+05, trn/lr 1.739e-01, trn/kl_scale 1.462e-05, val/acc 3.279e-01, val/nll 2.681e+00
[2023-02-15 22:39:48] [Epoch   226/  500] trn/loss 2.257e+00, trn/kl 4.555e+05, trn/lr 1.730e-01, trn/kl_scale 1.468e-05, val/acc 3.611e-01, val/nll 2.527e+00
[2023-02-15 22:40:00] [Epoch   227/  500] trn/loss 2.240e+00, trn/kl 4.538e+05, trn/lr 1.721e-01, trn/kl_scale 1.475e-05, val/acc 3.834e-01, val/nll 2.391e+00
[2023-02-15 22:40:12] [Epoch   228/  500] trn/loss 2.247e+00, trn/kl 4.520e+05, trn/lr 1.711e-01, trn/kl_scale 1.481e-05, val/acc 3.710e-01, val/nll 2.473e+00
[2023-02-15 22:40:25] [Epoch   229/  500] trn/loss 2.250e+00, trn/kl 4.506e+05, trn/lr 1.702e-01, trn/kl_scale 1.488e-05, val/acc 3.192e-01, val/nll 2.777e+00
[2023-02-15 22:40:37] [Epoch   230/  500] trn/loss 2.237e+00, trn/kl 4.489e+05, trn/lr 1.693e-01, trn/kl_scale 1.494e-05, val/acc 3.249e-01, val/nll 2.637e+00
[2023-02-15 22:40:49] [Epoch   231/  500] trn/loss 2.244e+00, trn/kl 4.473e+05, trn/lr 1.683e-01, trn/kl_scale 1.501e-05, val/acc 3.652e-01, val/nll 2.428e+00
[2023-02-15 22:41:01] [Epoch   232/  500] trn/loss 2.235e+00, trn/kl 4.457e+05, trn/lr 1.674e-01, trn/kl_scale 1.507e-05, val/acc 3.575e-01, val/nll 2.552e+00
[2023-02-15 22:41:13] [Epoch   233/  500] trn/loss 2.225e+00, trn/kl 4.440e+05, trn/lr 1.665e-01, trn/kl_scale 1.514e-05, val/acc 3.563e-01, val/nll 2.544e+00
[2023-02-15 22:41:25] [Epoch   234/  500] trn/loss 2.229e+00, trn/kl 4.427e+05, trn/lr 1.655e-01, trn/kl_scale 1.520e-05, val/acc 3.816e-01, val/nll 2.360e+00
[2023-02-15 22:41:38] [Epoch   235/  500] trn/loss 2.220e+00, trn/kl 4.409e+05, trn/lr 1.646e-01, trn/kl_scale 1.527e-05, val/acc 3.386e-01, val/nll 2.614e+00
[2023-02-15 22:41:51] [Epoch   236/  500] trn/loss 2.226e+00, trn/kl 4.394e+05, trn/lr 1.636e-01, trn/kl_scale 1.533e-05, val/acc 3.961e-01, val/nll 2.274e+00 (best_acc: 3.868e-01 -> 3.961e-01, test_acc: 4.020e-01, test_nll: 2.255e+00)
[2023-02-15 22:42:03] [Epoch   237/  500] trn/loss 2.224e+00, trn/kl 4.378e+05, trn/lr 1.627e-01, trn/kl_scale 1.540e-05, val/acc 3.640e-01, val/nll 2.447e+00
[2023-02-15 22:42:15] [Epoch   238/  500] trn/loss 2.215e+00, trn/kl 4.363e+05, trn/lr 1.618e-01, trn/kl_scale 1.546e-05, val/acc 3.727e-01, val/nll 2.402e+00
[2023-02-15 22:42:27] [Epoch   239/  500] trn/loss 2.209e+00, trn/kl 4.348e+05, trn/lr 1.608e-01, trn/kl_scale 1.553e-05, val/acc 3.549e-01, val/nll 2.491e+00
[2023-02-15 22:42:39] [Epoch   240/  500] trn/loss 2.211e+00, trn/kl 4.332e+05, trn/lr 1.599e-01, trn/kl_scale 1.559e-05, val/acc 3.835e-01, val/nll 2.362e+00
[2023-02-15 22:42:51] [Epoch   241/  500] trn/loss 2.208e+00, trn/kl 4.318e+05, trn/lr 1.590e-01, trn/kl_scale 1.566e-05, val/acc 3.768e-01, val/nll 2.373e+00
[2023-02-15 22:43:04] [Epoch   242/  500] trn/loss 2.210e+00, trn/kl 4.303e+05, trn/lr 1.580e-01, trn/kl_scale 1.572e-05, val/acc 3.677e-01, val/nll 2.444e+00
[2023-02-15 22:43:16] [Epoch   243/  500] trn/loss 2.201e+00, trn/kl 4.289e+05, trn/lr 1.571e-01, trn/kl_scale 1.579e-05, val/acc 3.623e-01, val/nll 2.426e+00
[2023-02-15 22:43:28] [Epoch   244/  500] trn/loss 2.205e+00, trn/kl 4.274e+05, trn/lr 1.561e-01, trn/kl_scale 1.585e-05, val/acc 3.781e-01, val/nll 2.374e+00
[2023-02-15 22:43:40] [Epoch   245/  500] trn/loss 2.196e+00, trn/kl 4.260e+05, trn/lr 1.552e-01, trn/kl_scale 1.592e-05, val/acc 2.889e-01, val/nll 3.010e+00
[2023-02-15 22:43:52] [Epoch   246/  500] trn/loss 2.188e+00, trn/kl 4.244e+05, trn/lr 1.542e-01, trn/kl_scale 1.598e-05, val/acc 3.757e-01, val/nll 2.365e+00
[2023-02-15 22:44:05] [Epoch   247/  500] trn/loss 2.183e+00, trn/kl 4.229e+05, trn/lr 1.533e-01, trn/kl_scale 1.605e-05, val/acc 3.935e-01, val/nll 2.324e+00
[2023-02-15 22:44:17] [Epoch   248/  500] trn/loss 2.195e+00, trn/kl 4.216e+05, trn/lr 1.524e-01, trn/kl_scale 1.611e-05, val/acc 4.097e-01, val/nll 2.271e+00 (best_acc: 3.961e-01 -> 4.097e-01, test_acc: 4.110e-01, test_nll: 2.238e+00)
[2023-02-15 22:44:30] [Epoch   249/  500] trn/loss 2.190e+00, trn/kl 4.201e+05, trn/lr 1.514e-01, trn/kl_scale 1.618e-05, val/acc 3.322e-01, val/nll 2.697e+00
[2023-02-15 22:44:42] [Epoch   250/  500] trn/loss 2.182e+00, trn/kl 4.188e+05, trn/lr 1.505e-01, trn/kl_scale 1.624e-05, val/acc 3.590e-01, val/nll 2.488e+00
[2023-02-15 22:44:54] [Epoch   251/  500] trn/loss 2.173e+00, trn/kl 4.174e+05, trn/lr 1.495e-01, trn/kl_scale 1.631e-05, val/acc 3.697e-01, val/nll 2.476e+00
[2023-02-15 22:45:06] [Epoch   252/  500] trn/loss 2.167e+00, trn/kl 4.160e+05, trn/lr 1.486e-01, trn/kl_scale 1.637e-05, val/acc 2.888e-01, val/nll 3.041e+00
[2023-02-15 22:45:18] [Epoch   253/  500] trn/loss 2.185e+00, trn/kl 4.145e+05, trn/lr 1.476e-01, trn/kl_scale 1.644e-05, val/acc 3.480e-01, val/nll 2.531e+00
[2023-02-15 22:45:30] [Epoch   254/  500] trn/loss 2.167e+00, trn/kl 4.132e+05, trn/lr 1.467e-01, trn/kl_scale 1.650e-05, val/acc 3.778e-01, val/nll 2.337e+00
[2023-02-15 22:45:43] [Epoch   255/  500] trn/loss 2.177e+00, trn/kl 4.120e+05, trn/lr 1.458e-01, trn/kl_scale 1.657e-05, val/acc 3.704e-01, val/nll 2.443e+00
[2023-02-15 22:45:55] [Epoch   256/  500] trn/loss 2.159e+00, trn/kl 4.106e+05, trn/lr 1.448e-01, trn/kl_scale 1.663e-05, val/acc 3.337e-01, val/nll 2.654e+00
[2023-02-15 22:46:07] [Epoch   257/  500] trn/loss 2.163e+00, trn/kl 4.092e+05, trn/lr 1.439e-01, trn/kl_scale 1.670e-05, val/acc 3.179e-01, val/nll 2.857e+00
[2023-02-15 22:46:19] [Epoch   258/  500] trn/loss 2.165e+00, trn/kl 4.078e+05, trn/lr 1.429e-01, trn/kl_scale 1.676e-05, val/acc 3.524e-01, val/nll 2.532e+00
[2023-02-15 22:46:31] [Epoch   259/  500] trn/loss 2.158e+00, trn/kl 4.065e+05, trn/lr 1.420e-01, trn/kl_scale 1.683e-05, val/acc 3.509e-01, val/nll 2.498e+00
[2023-02-15 22:46:44] [Epoch   260/  500] trn/loss 2.148e+00, trn/kl 4.052e+05, trn/lr 1.411e-01, trn/kl_scale 1.689e-05, val/acc 4.198e-01, val/nll 2.211e+00 (best_acc: 4.097e-01 -> 4.198e-01, test_acc: 4.323e-01, test_nll: 2.164e+00)
[2023-02-15 22:46:56] [Epoch   261/  500] trn/loss 2.148e+00, trn/kl 4.039e+05, trn/lr 1.401e-01, trn/kl_scale 1.696e-05, val/acc 4.007e-01, val/nll 2.242e+00
[2023-02-15 22:47:09] [Epoch   262/  500] trn/loss 2.148e+00, trn/kl 4.026e+05, trn/lr 1.392e-01, trn/kl_scale 1.702e-05, val/acc 3.729e-01, val/nll 2.424e+00
[2023-02-15 22:47:21] [Epoch   263/  500] trn/loss 2.144e+00, trn/kl 4.014e+05, trn/lr 1.382e-01, trn/kl_scale 1.709e-05, val/acc 3.916e-01, val/nll 2.346e+00
[2023-02-15 22:47:33] [Epoch   264/  500] trn/loss 2.135e+00, trn/kl 4.000e+05, trn/lr 1.373e-01, trn/kl_scale 1.715e-05, val/acc 3.636e-01, val/nll 2.552e+00
[2023-02-15 22:47:45] [Epoch   265/  500] trn/loss 2.131e+00, trn/kl 3.988e+05, trn/lr 1.364e-01, trn/kl_scale 1.722e-05, val/acc 4.080e-01, val/nll 2.280e+00
[2023-02-15 22:47:57] [Epoch   266/  500] trn/loss 2.131e+00, trn/kl 3.975e+05, trn/lr 1.354e-01, trn/kl_scale 1.728e-05, val/acc 4.092e-01, val/nll 2.258e+00
[2023-02-15 22:48:09] [Epoch   267/  500] trn/loss 2.132e+00, trn/kl 3.963e+05, trn/lr 1.345e-01, trn/kl_scale 1.735e-05, val/acc 3.719e-01, val/nll 2.440e+00
[2023-02-15 22:48:22] [Epoch   268/  500] trn/loss 2.126e+00, trn/kl 3.950e+05, trn/lr 1.335e-01, trn/kl_scale 1.742e-05, val/acc 3.848e-01, val/nll 2.289e+00
[2023-02-15 22:48:34] [Epoch   269/  500] trn/loss 2.126e+00, trn/kl 3.939e+05, trn/lr 1.326e-01, trn/kl_scale 1.748e-05, val/acc 3.875e-01, val/nll 2.346e+00
[2023-02-15 22:48:46] [Epoch   270/  500] trn/loss 2.123e+00, trn/kl 3.927e+05, trn/lr 1.317e-01, trn/kl_scale 1.755e-05, val/acc 3.821e-01, val/nll 2.325e+00
[2023-02-15 22:48:58] [Epoch   271/  500] trn/loss 2.122e+00, trn/kl 3.914e+05, trn/lr 1.307e-01, trn/kl_scale 1.761e-05, val/acc 3.461e-01, val/nll 2.562e+00
[2023-02-15 22:49:10] [Epoch   272/  500] trn/loss 2.109e+00, trn/kl 3.902e+05, trn/lr 1.298e-01, trn/kl_scale 1.768e-05, val/acc 3.743e-01, val/nll 2.358e+00
[2023-02-15 22:49:22] [Epoch   273/  500] trn/loss 2.108e+00, trn/kl 3.890e+05, trn/lr 1.289e-01, trn/kl_scale 1.774e-05, val/acc 3.705e-01, val/nll 2.495e+00
[2023-02-15 22:49:35] [Epoch   274/  500] trn/loss 2.105e+00, trn/kl 3.878e+05, trn/lr 1.279e-01, trn/kl_scale 1.781e-05, val/acc 4.018e-01, val/nll 2.226e+00
[2023-02-15 22:49:47] [Epoch   275/  500] trn/loss 2.095e+00, trn/kl 3.866e+05, trn/lr 1.270e-01, trn/kl_scale 1.787e-05, val/acc 3.947e-01, val/nll 2.264e+00
[2023-02-15 22:49:59] [Epoch   276/  500] trn/loss 2.102e+00, trn/kl 3.854e+05, trn/lr 1.261e-01, trn/kl_scale 1.794e-05, val/acc 3.704e-01, val/nll 2.461e+00
[2023-02-15 22:50:11] [Epoch   277/  500] trn/loss 2.097e+00, trn/kl 3.842e+05, trn/lr 1.251e-01, trn/kl_scale 1.800e-05, val/acc 3.790e-01, val/nll 2.349e+00
[2023-02-15 22:50:23] [Epoch   278/  500] trn/loss 2.104e+00, trn/kl 3.831e+05, trn/lr 1.242e-01, trn/kl_scale 1.807e-05, val/acc 4.048e-01, val/nll 2.260e+00
[2023-02-15 22:50:36] [Epoch   279/  500] trn/loss 2.096e+00, trn/kl 3.819e+05, trn/lr 1.233e-01, trn/kl_scale 1.813e-05, val/acc 4.140e-01, val/nll 2.208e+00
[2023-02-15 22:50:48] [Epoch   280/  500] trn/loss 2.083e+00, trn/kl 3.808e+05, trn/lr 1.224e-01, trn/kl_scale 1.820e-05, val/acc 3.705e-01, val/nll 2.552e+00
[2023-02-15 22:51:00] [Epoch   281/  500] trn/loss 2.087e+00, trn/kl 3.797e+05, trn/lr 1.214e-01, trn/kl_scale 1.826e-05, val/acc 4.002e-01, val/nll 2.302e+00
[2023-02-15 22:51:13] [Epoch   282/  500] trn/loss 2.082e+00, trn/kl 3.785e+05, trn/lr 1.205e-01, trn/kl_scale 1.833e-05, val/acc 4.324e-01, val/nll 2.121e+00 (best_acc: 4.198e-01 -> 4.324e-01, test_acc: 4.325e-01, test_nll: 2.114e+00)
[2023-02-15 22:51:25] [Epoch   283/  500] trn/loss 2.086e+00, trn/kl 3.774e+05, trn/lr 1.196e-01, trn/kl_scale 1.839e-05, val/acc 3.787e-01, val/nll 2.404e+00
[2023-02-15 22:51:37] [Epoch   284/  500] trn/loss 2.075e+00, trn/kl 3.763e+05, trn/lr 1.187e-01, trn/kl_scale 1.846e-05, val/acc 3.563e-01, val/nll 2.485e+00
[2023-02-15 22:51:49] [Epoch   285/  500] trn/loss 2.075e+00, trn/kl 3.752e+05, trn/lr 1.177e-01, trn/kl_scale 1.852e-05, val/acc 3.663e-01, val/nll 2.441e+00
[2023-02-15 22:52:01] [Epoch   286/  500] trn/loss 2.058e+00, trn/kl 3.741e+05, trn/lr 1.168e-01, trn/kl_scale 1.859e-05, val/acc 4.178e-01, val/nll 2.183e+00
[2023-02-15 22:52:14] [Epoch   287/  500] trn/loss 2.067e+00, trn/kl 3.730e+05, trn/lr 1.159e-01, trn/kl_scale 1.865e-05, val/acc 3.604e-01, val/nll 2.557e+00
[2023-02-15 22:52:26] [Epoch   288/  500] trn/loss 2.061e+00, trn/kl 3.719e+05, trn/lr 1.150e-01, trn/kl_scale 1.872e-05, val/acc 3.438e-01, val/nll 2.604e+00
[2023-02-15 22:52:38] [Epoch   289/  500] trn/loss 2.060e+00, trn/kl 3.708e+05, trn/lr 1.141e-01, trn/kl_scale 1.878e-05, val/acc 3.997e-01, val/nll 2.301e+00
[2023-02-15 22:52:51] [Epoch   290/  500] trn/loss 2.053e+00, trn/kl 3.697e+05, trn/lr 1.132e-01, trn/kl_scale 1.885e-05, val/acc 4.336e-01, val/nll 2.099e+00 (best_acc: 4.324e-01 -> 4.336e-01, test_acc: 4.423e-01, test_nll: 2.073e+00)
[2023-02-15 22:53:03] [Epoch   291/  500] trn/loss 2.056e+00, trn/kl 3.686e+05, trn/lr 1.122e-01, trn/kl_scale 1.891e-05, val/acc 3.912e-01, val/nll 2.351e+00
[2023-02-15 22:53:15] [Epoch   292/  500] trn/loss 2.057e+00, trn/kl 3.676e+05, trn/lr 1.113e-01, trn/kl_scale 1.898e-05, val/acc 4.325e-01, val/nll 2.130e+00
[2023-02-15 22:53:28] [Epoch   293/  500] trn/loss 2.047e+00, trn/kl 3.665e+05, trn/lr 1.104e-01, trn/kl_scale 1.904e-05, val/acc 3.407e-01, val/nll 2.648e+00
[2023-02-15 22:53:40] [Epoch   294/  500] trn/loss 2.048e+00, trn/kl 3.654e+05, trn/lr 1.095e-01, trn/kl_scale 1.911e-05, val/acc 3.768e-01, val/nll 2.480e+00
[2023-02-15 22:53:52] [Epoch   295/  500] trn/loss 2.033e+00, trn/kl 3.644e+05, trn/lr 1.086e-01, trn/kl_scale 1.917e-05, val/acc 4.064e-01, val/nll 2.270e+00
[2023-02-15 22:54:04] [Epoch   296/  500] trn/loss 2.034e+00, trn/kl 3.634e+05, trn/lr 1.077e-01, trn/kl_scale 1.924e-05, val/acc 4.074e-01, val/nll 2.263e+00
[2023-02-15 22:54:17] [Epoch   297/  500] trn/loss 2.034e+00, trn/kl 3.623e+05, trn/lr 1.068e-01, trn/kl_scale 1.930e-05, val/acc 4.375e-01, val/nll 2.077e+00 (best_acc: 4.336e-01 -> 4.375e-01, test_acc: 4.537e-01, test_nll: 2.037e+00)
[2023-02-15 22:54:29] [Epoch   298/  500] trn/loss 2.028e+00, trn/kl 3.614e+05, trn/lr 1.059e-01, trn/kl_scale 1.937e-05, val/acc 4.195e-01, val/nll 2.219e+00
[2023-02-15 22:54:41] [Epoch   299/  500] trn/loss 2.017e+00, trn/kl 3.603e+05, trn/lr 1.050e-01, trn/kl_scale 1.943e-05, val/acc 4.272e-01, val/nll 2.152e+00
[2023-02-15 22:54:53] [Epoch   300/  500] trn/loss 2.020e+00, trn/kl 3.592e+05, trn/lr 1.041e-01, trn/kl_scale 1.950e-05, val/acc 4.107e-01, val/nll 2.221e+00
[2023-02-15 22:55:06] [Epoch   301/  500] trn/loss 2.017e+00, trn/kl 3.582e+05, trn/lr 1.032e-01, trn/kl_scale 1.956e-05, val/acc 4.424e-01, val/nll 2.102e+00 (best_acc: 4.375e-01 -> 4.424e-01, test_acc: 4.423e-01, test_nll: 2.085e+00)
[2023-02-15 22:55:19] [Epoch   302/  500] trn/loss 2.013e+00, trn/kl 3.572e+05, trn/lr 1.023e-01, trn/kl_scale 1.963e-05, val/acc 4.327e-01, val/nll 2.091e+00
[2023-02-15 22:55:31] [Epoch   303/  500] trn/loss 2.013e+00, trn/kl 3.562e+05, trn/lr 1.014e-01, trn/kl_scale 1.969e-05, val/acc 4.221e-01, val/nll 2.189e+00
[2023-02-15 22:55:43] [Epoch   304/  500] trn/loss 2.001e+00, trn/kl 3.553e+05, trn/lr 1.005e-01, trn/kl_scale 1.976e-05, val/acc 4.190e-01, val/nll 2.217e+00
[2023-02-15 22:55:55] [Epoch   305/  500] trn/loss 2.006e+00, trn/kl 3.543e+05, trn/lr 9.964e-02, trn/kl_scale 1.982e-05, val/acc 4.222e-01, val/nll 2.182e+00
[2023-02-15 22:56:07] [Epoch   306/  500] trn/loss 2.004e+00, trn/kl 3.533e+05, trn/lr 9.875e-02, trn/kl_scale 1.989e-05, val/acc 4.116e-01, val/nll 2.234e+00
[2023-02-15 22:56:20] [Epoch   307/  500] trn/loss 1.997e+00, trn/kl 3.524e+05, trn/lr 9.786e-02, trn/kl_scale 1.995e-05, val/acc 3.931e-01, val/nll 2.307e+00
[2023-02-15 22:56:32] [Epoch   308/  500] trn/loss 1.997e+00, trn/kl 3.514e+05, trn/lr 9.698e-02, trn/kl_scale 2.002e-05, val/acc 4.085e-01, val/nll 2.248e+00
[2023-02-15 22:56:44] [Epoch   309/  500] trn/loss 1.977e+00, trn/kl 3.504e+05, trn/lr 9.610e-02, trn/kl_scale 2.008e-05, val/acc 3.796e-01, val/nll 2.387e+00
[2023-02-15 22:56:56] [Epoch   310/  500] trn/loss 1.982e+00, trn/kl 3.495e+05, trn/lr 9.522e-02, trn/kl_scale 2.015e-05, val/acc 4.162e-01, val/nll 2.238e+00
[2023-02-15 22:57:08] [Epoch   311/  500] trn/loss 1.983e+00, trn/kl 3.485e+05, trn/lr 9.435e-02, trn/kl_scale 2.021e-05, val/acc 3.972e-01, val/nll 2.274e+00
[2023-02-15 22:57:20] [Epoch   312/  500] trn/loss 1.982e+00, trn/kl 3.476e+05, trn/lr 9.347e-02, trn/kl_scale 2.028e-05, val/acc 3.961e-01, val/nll 2.321e+00
[2023-02-15 22:57:33] [Epoch   313/  500] trn/loss 1.965e+00, trn/kl 3.467e+05, trn/lr 9.260e-02, trn/kl_scale 2.034e-05, val/acc 4.394e-01, val/nll 2.104e+00
[2023-02-15 22:57:45] [Epoch   314/  500] trn/loss 1.968e+00, trn/kl 3.457e+05, trn/lr 9.173e-02, trn/kl_scale 2.041e-05, val/acc 4.431e-01, val/nll 2.078e+00 (best_acc: 4.424e-01 -> 4.431e-01, test_acc: 4.499e-01, test_nll: 2.057e+00)
[2023-02-15 22:57:58] [Epoch   315/  500] trn/loss 1.965e+00, trn/kl 3.448e+05, trn/lr 9.086e-02, trn/kl_scale 2.048e-05, val/acc 4.434e-01, val/nll 2.080e+00 (best_acc: 4.431e-01 -> 4.434e-01, test_acc: 4.419e-01, test_nll: 2.079e+00)
[2023-02-15 22:58:10] [Epoch   316/  500] trn/loss 1.967e+00, trn/kl 3.438e+05, trn/lr 9.000e-02, trn/kl_scale 2.054e-05, val/acc 4.265e-01, val/nll 2.153e+00
[2023-02-15 22:58:23] [Epoch   317/  500] trn/loss 1.965e+00, trn/kl 3.430e+05, trn/lr 8.914e-02, trn/kl_scale 2.061e-05, val/acc 4.581e-01, val/nll 1.978e+00 (best_acc: 4.434e-01 -> 4.581e-01, test_acc: 4.665e-01, test_nll: 1.950e+00)
[2023-02-15 22:58:36] [Epoch   318/  500] trn/loss 1.972e+00, trn/kl 3.420e+05, trn/lr 8.828e-02, trn/kl_scale 2.067e-05, val/acc 4.114e-01, val/nll 2.287e+00
[2023-02-15 22:58:48] [Epoch   319/  500] trn/loss 1.952e+00, trn/kl 3.411e+05, trn/lr 8.742e-02, trn/kl_scale 2.074e-05, val/acc 4.284e-01, val/nll 2.146e+00
[2023-02-15 22:59:00] [Epoch   320/  500] trn/loss 1.952e+00, trn/kl 3.403e+05, trn/lr 8.656e-02, trn/kl_scale 2.080e-05, val/acc 4.247e-01, val/nll 2.222e+00
[2023-02-15 22:59:12] [Epoch   321/  500] trn/loss 1.944e+00, trn/kl 3.393e+05, trn/lr 8.571e-02, trn/kl_scale 2.087e-05, val/acc 4.055e-01, val/nll 2.290e+00
[2023-02-15 22:59:24] [Epoch   322/  500] trn/loss 1.945e+00, trn/kl 3.385e+05, trn/lr 8.486e-02, trn/kl_scale 2.093e-05, val/acc 4.343e-01, val/nll 2.113e+00
[2023-02-15 22:59:36] [Epoch   323/  500] trn/loss 1.943e+00, trn/kl 3.376e+05, trn/lr 8.401e-02, trn/kl_scale 2.100e-05, val/acc 4.314e-01, val/nll 2.152e+00
[2023-02-15 22:59:49] [Epoch   324/  500] trn/loss 1.944e+00, trn/kl 3.366e+05, trn/lr 8.317e-02, trn/kl_scale 2.106e-05, val/acc 3.971e-01, val/nll 2.416e+00
[2023-02-15 23:00:01] [Epoch   325/  500] trn/loss 1.936e+00, trn/kl 3.358e+05, trn/lr 8.232e-02, trn/kl_scale 2.113e-05, val/acc 4.636e-01, val/nll 1.975e+00 (best_acc: 4.581e-01 -> 4.636e-01, test_acc: 4.676e-01, test_nll: 1.949e+00)
[2023-02-15 23:00:14] [Epoch   326/  500] trn/loss 1.926e+00, trn/kl 3.349e+05, trn/lr 8.148e-02, trn/kl_scale 2.119e-05, val/acc 4.519e-01, val/nll 2.073e+00
[2023-02-15 23:00:26] [Epoch   327/  500] trn/loss 1.928e+00, trn/kl 3.341e+05, trn/lr 8.065e-02, trn/kl_scale 2.126e-05, val/acc 4.181e-01, val/nll 2.180e+00
[2023-02-15 23:00:38] [Epoch   328/  500] trn/loss 1.922e+00, trn/kl 3.332e+05, trn/lr 7.981e-02, trn/kl_scale 2.132e-05, val/acc 3.930e-01, val/nll 2.390e+00
[2023-02-15 23:00:50] [Epoch   329/  500] trn/loss 1.916e+00, trn/kl 3.324e+05, trn/lr 7.898e-02, trn/kl_scale 2.139e-05, val/acc 4.448e-01, val/nll 2.050e+00
[2023-02-15 23:01:02] [Epoch   330/  500] trn/loss 1.925e+00, trn/kl 3.315e+05, trn/lr 7.815e-02, trn/kl_scale 2.145e-05, val/acc 4.028e-01, val/nll 2.233e+00
[2023-02-15 23:01:15] [Epoch   331/  500] trn/loss 1.915e+00, trn/kl 3.307e+05, trn/lr 7.733e-02, trn/kl_scale 2.152e-05, val/acc 4.383e-01, val/nll 2.104e+00
[2023-02-15 23:01:27] [Epoch   332/  500] trn/loss 1.906e+00, trn/kl 3.298e+05, trn/lr 7.650e-02, trn/kl_scale 2.158e-05, val/acc 4.466e-01, val/nll 2.062e+00
[2023-02-15 23:01:39] [Epoch   333/  500] trn/loss 1.916e+00, trn/kl 3.290e+05, trn/lr 7.568e-02, trn/kl_scale 2.165e-05, val/acc 4.406e-01, val/nll 2.094e+00
[2023-02-15 23:01:51] [Epoch   334/  500] trn/loss 1.901e+00, trn/kl 3.282e+05, trn/lr 7.487e-02, trn/kl_scale 2.171e-05, val/acc 4.625e-01, val/nll 1.984e+00
[2023-02-15 23:02:03] [Epoch   335/  500] trn/loss 1.895e+00, trn/kl 3.274e+05, trn/lr 7.405e-02, trn/kl_scale 2.178e-05, val/acc 4.174e-01, val/nll 2.313e+00
[2023-02-15 23:02:15] [Epoch   336/  500] trn/loss 1.895e+00, trn/kl 3.265e+05, trn/lr 7.324e-02, trn/kl_scale 2.184e-05, val/acc 4.310e-01, val/nll 2.179e+00
[2023-02-15 23:02:28] [Epoch   337/  500] trn/loss 1.886e+00, trn/kl 3.257e+05, trn/lr 7.243e-02, trn/kl_scale 2.191e-05, val/acc 4.259e-01, val/nll 2.208e+00
[2023-02-15 23:02:40] [Epoch   338/  500] trn/loss 1.889e+00, trn/kl 3.249e+05, trn/lr 7.163e-02, trn/kl_scale 2.197e-05, val/acc 4.434e-01, val/nll 2.110e+00
[2023-02-15 23:02:52] [Epoch   339/  500] trn/loss 1.879e+00, trn/kl 3.241e+05, trn/lr 7.083e-02, trn/kl_scale 2.204e-05, val/acc 3.968e-01, val/nll 2.369e+00
[2023-02-15 23:03:04] [Epoch   340/  500] trn/loss 1.877e+00, trn/kl 3.233e+05, trn/lr 7.003e-02, trn/kl_scale 2.210e-05, val/acc 4.440e-01, val/nll 2.083e+00
[2023-02-15 23:03:16] [Epoch   341/  500] trn/loss 1.873e+00, trn/kl 3.225e+05, trn/lr 6.923e-02, trn/kl_scale 2.217e-05, val/acc 4.527e-01, val/nll 2.042e+00
[2023-02-15 23:03:29] [Epoch   342/  500] trn/loss 1.874e+00, trn/kl 3.217e+05, trn/lr 6.844e-02, trn/kl_scale 2.223e-05, val/acc 4.753e-01, val/nll 1.945e+00 (best_acc: 4.636e-01 -> 4.753e-01, test_acc: 4.800e-01, test_nll: 1.924e+00)
[2023-02-15 23:03:41] [Epoch   343/  500] trn/loss 1.875e+00, trn/kl 3.209e+05, trn/lr 6.765e-02, trn/kl_scale 2.230e-05, val/acc 4.530e-01, val/nll 2.052e+00
[2023-02-15 23:03:53] [Epoch   344/  500] trn/loss 1.872e+00, trn/kl 3.201e+05, trn/lr 6.686e-02, trn/kl_scale 2.236e-05, val/acc 4.676e-01, val/nll 1.976e+00
[2023-02-15 23:04:06] [Epoch   345/  500] trn/loss 1.856e+00, trn/kl 3.193e+05, trn/lr 6.608e-02, trn/kl_scale 2.243e-05, val/acc 4.518e-01, val/nll 2.060e+00
[2023-02-15 23:04:18] [Epoch   346/  500] trn/loss 1.852e+00, trn/kl 3.185e+05, trn/lr 6.530e-02, trn/kl_scale 2.249e-05, val/acc 4.744e-01, val/nll 1.969e+00
[2023-02-15 23:04:30] [Epoch   347/  500] trn/loss 1.849e+00, trn/kl 3.178e+05, trn/lr 6.452e-02, trn/kl_scale 2.256e-05, val/acc 4.612e-01, val/nll 2.004e+00
[2023-02-15 23:04:42] [Epoch   348/  500] trn/loss 1.851e+00, trn/kl 3.170e+05, trn/lr 6.375e-02, trn/kl_scale 2.262e-05, val/acc 4.496e-01, val/nll 2.115e+00
[2023-02-15 23:04:55] [Epoch   349/  500] trn/loss 1.846e+00, trn/kl 3.162e+05, trn/lr 6.298e-02, trn/kl_scale 2.269e-05, val/acc 4.899e-01, val/nll 1.864e+00 (best_acc: 4.753e-01 -> 4.899e-01, test_acc: 4.863e-01, test_nll: 1.859e+00)
[2023-02-15 23:05:07] [Epoch   350/  500] trn/loss 1.844e+00, trn/kl 3.154e+05, trn/lr 6.222e-02, trn/kl_scale 2.275e-05, val/acc 4.335e-01, val/nll 2.189e+00
[2023-02-15 23:05:19] [Epoch   351/  500] trn/loss 1.834e+00, trn/kl 3.147e+05, trn/lr 6.145e-02, trn/kl_scale 2.282e-05, val/acc 4.189e-01, val/nll 2.224e+00
[2023-02-15 23:05:32] [Epoch   352/  500] trn/loss 1.833e+00, trn/kl 3.139e+05, trn/lr 6.069e-02, trn/kl_scale 2.288e-05, val/acc 4.521e-01, val/nll 2.063e+00
[2023-02-15 23:05:44] [Epoch   353/  500] trn/loss 1.831e+00, trn/kl 3.132e+05, trn/lr 5.994e-02, trn/kl_scale 2.295e-05, val/acc 4.806e-01, val/nll 1.898e+00
[2023-02-15 23:05:56] [Epoch   354/  500] trn/loss 1.830e+00, trn/kl 3.124e+05, trn/lr 5.919e-02, trn/kl_scale 2.301e-05, val/acc 4.781e-01, val/nll 1.894e+00
[2023-02-15 23:06:08] [Epoch   355/  500] trn/loss 1.823e+00, trn/kl 3.117e+05, trn/lr 5.844e-02, trn/kl_scale 2.308e-05, val/acc 4.835e-01, val/nll 1.916e+00
[2023-02-15 23:06:20] [Epoch   356/  500] trn/loss 1.814e+00, trn/kl 3.110e+05, trn/lr 5.769e-02, trn/kl_scale 2.314e-05, val/acc 4.806e-01, val/nll 1.937e+00
[2023-02-15 23:06:32] [Epoch   357/  500] trn/loss 1.817e+00, trn/kl 3.102e+05, trn/lr 5.695e-02, trn/kl_scale 2.321e-05, val/acc 4.710e-01, val/nll 1.997e+00
[2023-02-15 23:06:45] [Epoch   358/  500] trn/loss 1.811e+00, trn/kl 3.095e+05, trn/lr 5.622e-02, trn/kl_scale 2.327e-05, val/acc 4.680e-01, val/nll 1.952e+00
[2023-02-15 23:06:57] [Epoch   359/  500] trn/loss 1.805e+00, trn/kl 3.088e+05, trn/lr 5.548e-02, trn/kl_scale 2.334e-05, val/acc 4.393e-01, val/nll 2.101e+00
[2023-02-15 23:07:09] [Epoch   360/  500] trn/loss 1.800e+00, trn/kl 3.081e+05, trn/lr 5.475e-02, trn/kl_scale 2.340e-05, val/acc 4.610e-01, val/nll 2.013e+00
[2023-02-15 23:07:21] [Epoch   361/  500] trn/loss 1.793e+00, trn/kl 3.073e+05, trn/lr 5.403e-02, trn/kl_scale 2.347e-05, val/acc 4.731e-01, val/nll 1.962e+00
[2023-02-15 23:07:33] [Epoch   362/  500] trn/loss 1.792e+00, trn/kl 3.066e+05, trn/lr 5.330e-02, trn/kl_scale 2.353e-05, val/acc 4.773e-01, val/nll 1.943e+00
[2023-02-15 23:07:46] [Epoch   363/  500] trn/loss 1.789e+00, trn/kl 3.059e+05, trn/lr 5.259e-02, trn/kl_scale 2.360e-05, val/acc 4.933e-01, val/nll 1.887e+00 (best_acc: 4.899e-01 -> 4.933e-01, test_acc: 4.943e-01, test_nll: 1.864e+00)
[2023-02-15 23:07:58] [Epoch   364/  500] trn/loss 1.790e+00, trn/kl 3.052e+05, trn/lr 5.187e-02, trn/kl_scale 2.367e-05, val/acc 4.791e-01, val/nll 1.936e+00
[2023-02-15 23:08:11] [Epoch   365/  500] trn/loss 1.783e+00, trn/kl 3.045e+05, trn/lr 5.116e-02, trn/kl_scale 2.373e-05, val/acc 4.742e-01, val/nll 1.908e+00
[2023-02-15 23:08:23] [Epoch   366/  500] trn/loss 1.771e+00, trn/kl 3.038e+05, trn/lr 5.045e-02, trn/kl_scale 2.380e-05, val/acc 4.969e-01, val/nll 1.852e+00 (best_acc: 4.933e-01 -> 4.969e-01, test_acc: 5.001e-01, test_nll: 1.843e+00)
[2023-02-15 23:08:36] [Epoch   367/  500] trn/loss 1.772e+00, trn/kl 3.031e+05, trn/lr 4.975e-02, trn/kl_scale 2.386e-05, val/acc 4.840e-01, val/nll 1.906e+00
[2023-02-15 23:08:48] [Epoch   368/  500] trn/loss 1.773e+00, trn/kl 3.024e+05, trn/lr 4.905e-02, trn/kl_scale 2.393e-05, val/acc 4.534e-01, val/nll 2.029e+00
[2023-02-15 23:09:00] [Epoch   369/  500] trn/loss 1.770e+00, trn/kl 3.017e+05, trn/lr 4.836e-02, trn/kl_scale 2.399e-05, val/acc 4.918e-01, val/nll 1.850e+00
[2023-02-15 23:09:12] [Epoch   370/  500] trn/loss 1.759e+00, trn/kl 3.011e+05, trn/lr 4.766e-02, trn/kl_scale 2.406e-05, val/acc 4.679e-01, val/nll 1.973e+00
[2023-02-15 23:09:24] [Epoch   371/  500] trn/loss 1.756e+00, trn/kl 3.004e+05, trn/lr 4.698e-02, trn/kl_scale 2.412e-05, val/acc 4.945e-01, val/nll 1.889e+00
[2023-02-15 23:09:36] [Epoch   372/  500] trn/loss 1.749e+00, trn/kl 2.997e+05, trn/lr 4.629e-02, trn/kl_scale 2.419e-05, val/acc 4.944e-01, val/nll 1.854e+00
[2023-02-15 23:09:49] [Epoch   373/  500] trn/loss 1.750e+00, trn/kl 2.990e+05, trn/lr 4.562e-02, trn/kl_scale 2.425e-05, val/acc 4.794e-01, val/nll 1.904e+00
[2023-02-15 23:10:01] [Epoch   374/  500] trn/loss 1.747e+00, trn/kl 2.984e+05, trn/lr 4.494e-02, trn/kl_scale 2.432e-05, val/acc 5.014e-01, val/nll 1.835e+00 (best_acc: 4.969e-01 -> 5.014e-01, test_acc: 4.961e-01, test_nll: 1.844e+00)
[2023-02-15 23:10:14] [Epoch   375/  500] trn/loss 1.743e+00, trn/kl 2.977e+05, trn/lr 4.427e-02, trn/kl_scale 2.438e-05, val/acc 4.874e-01, val/nll 1.887e+00
[2023-02-15 23:10:26] [Epoch   376/  500] trn/loss 1.732e+00, trn/kl 2.971e+05, trn/lr 4.360e-02, trn/kl_scale 2.441e-05, val/acc 4.788e-01, val/nll 1.936e+00
[2023-02-15 23:10:38] [Epoch   377/  500] trn/loss 1.733e+00, trn/kl 2.966e+05, trn/lr 4.294e-02, trn/kl_scale 2.441e-05, val/acc 4.894e-01, val/nll 1.855e+00
[2023-02-15 23:10:50] [Epoch   378/  500] trn/loss 1.732e+00, trn/kl 2.963e+05, trn/lr 4.228e-02, trn/kl_scale 2.441e-05, val/acc 4.803e-01, val/nll 1.921e+00
[2023-02-15 23:11:02] [Epoch   379/  500] trn/loss 1.725e+00, trn/kl 2.960e+05, trn/lr 4.163e-02, trn/kl_scale 2.441e-05, val/acc 4.771e-01, val/nll 1.976e+00
[2023-02-15 23:11:15] [Epoch   380/  500] trn/loss 1.721e+00, trn/kl 2.959e+05, trn/lr 4.098e-02, trn/kl_scale 2.441e-05, val/acc 4.793e-01, val/nll 1.977e+00
[2023-02-15 23:11:27] [Epoch   381/  500] trn/loss 1.723e+00, trn/kl 2.958e+05, trn/lr 4.033e-02, trn/kl_scale 2.441e-05, val/acc 4.753e-01, val/nll 1.938e+00
[2023-02-15 23:11:40] [Epoch   382/  500] trn/loss 1.724e+00, trn/kl 2.957e+05, trn/lr 3.969e-02, trn/kl_scale 2.441e-05, val/acc 5.159e-01, val/nll 1.793e+00 (best_acc: 5.014e-01 -> 5.159e-01, test_acc: 5.161e-01, test_nll: 1.772e+00)
[2023-02-15 23:11:52] [Epoch   383/  500] trn/loss 1.701e+00, trn/kl 2.956e+05, trn/lr 3.906e-02, trn/kl_scale 2.441e-05, val/acc 4.889e-01, val/nll 1.892e+00
[2023-02-15 23:12:04] [Epoch   384/  500] trn/loss 1.711e+00, trn/kl 2.956e+05, trn/lr 3.843e-02, trn/kl_scale 2.441e-05, val/acc 4.884e-01, val/nll 1.897e+00
[2023-02-15 23:12:16] [Epoch   385/  500] trn/loss 1.700e+00, trn/kl 2.955e+05, trn/lr 3.780e-02, trn/kl_scale 2.441e-05, val/acc 4.848e-01, val/nll 1.908e+00
[2023-02-15 23:12:28] [Epoch   386/  500] trn/loss 1.692e+00, trn/kl 2.955e+05, trn/lr 3.717e-02, trn/kl_scale 2.441e-05, val/acc 4.746e-01, val/nll 1.965e+00
[2023-02-15 23:12:41] [Epoch   387/  500] trn/loss 1.690e+00, trn/kl 2.955e+05, trn/lr 3.656e-02, trn/kl_scale 2.441e-05, val/acc 5.020e-01, val/nll 1.810e+00
[2023-02-15 23:12:53] [Epoch   388/  500] trn/loss 1.690e+00, trn/kl 2.955e+05, trn/lr 3.594e-02, trn/kl_scale 2.441e-05, val/acc 4.957e-01, val/nll 1.828e+00
[2023-02-15 23:13:05] [Epoch   389/  500] trn/loss 1.690e+00, trn/kl 2.955e+05, trn/lr 3.533e-02, trn/kl_scale 2.441e-05, val/acc 4.836e-01, val/nll 1.929e+00
[2023-02-15 23:13:18] [Epoch   390/  500] trn/loss 1.684e+00, trn/kl 2.955e+05, trn/lr 3.473e-02, trn/kl_scale 2.441e-05, val/acc 5.175e-01, val/nll 1.766e+00 (best_acc: 5.159e-01 -> 5.175e-01, test_acc: 5.139e-01, test_nll: 1.763e+00)
[2023-02-15 23:13:31] [Epoch   391/  500] trn/loss 1.687e+00, trn/kl 2.955e+05, trn/lr 3.413e-02, trn/kl_scale 2.441e-05, val/acc 5.258e-01, val/nll 1.705e+00 (best_acc: 5.175e-01 -> 5.258e-01, test_acc: 5.269e-01, test_nll: 1.685e+00)
[2023-02-15 23:13:43] [Epoch   392/  500] trn/loss 1.676e+00, trn/kl 2.955e+05, trn/lr 3.353e-02, trn/kl_scale 2.441e-05, val/acc 5.114e-01, val/nll 1.781e+00
[2023-02-15 23:13:56] [Epoch   393/  500] trn/loss 1.679e+00, trn/kl 2.954e+05, trn/lr 3.294e-02, trn/kl_scale 2.441e-05, val/acc 5.263e-01, val/nll 1.739e+00 (best_acc: 5.258e-01 -> 5.263e-01, test_acc: 5.176e-01, test_nll: 1.747e+00)
[2023-02-15 23:14:08] [Epoch   394/  500] trn/loss 1.669e+00, trn/kl 2.954e+05, trn/lr 3.235e-02, trn/kl_scale 2.441e-05, val/acc 4.913e-01, val/nll 1.862e+00
[2023-02-15 23:14:20] [Epoch   395/  500] trn/loss 1.663e+00, trn/kl 2.954e+05, trn/lr 3.177e-02, trn/kl_scale 2.441e-05, val/acc 5.069e-01, val/nll 1.817e+00
[2023-02-15 23:14:32] [Epoch   396/  500] trn/loss 1.656e+00, trn/kl 2.954e+05, trn/lr 3.119e-02, trn/kl_scale 2.441e-05, val/acc 5.071e-01, val/nll 1.825e+00
[2023-02-15 23:14:45] [Epoch   397/  500] trn/loss 1.657e+00, trn/kl 2.954e+05, trn/lr 3.062e-02, trn/kl_scale 2.441e-05, val/acc 4.889e-01, val/nll 1.905e+00
[2023-02-15 23:14:57] [Epoch   398/  500] trn/loss 1.652e+00, trn/kl 2.954e+05, trn/lr 3.005e-02, trn/kl_scale 2.441e-05, val/acc 5.196e-01, val/nll 1.769e+00
[2023-02-15 23:15:09] [Epoch   399/  500] trn/loss 1.642e+00, trn/kl 2.954e+05, trn/lr 2.949e-02, trn/kl_scale 2.441e-05, val/acc 5.194e-01, val/nll 1.752e+00
[2023-02-15 23:15:22] [Epoch   400/  500] trn/loss 1.644e+00, trn/kl 2.954e+05, trn/lr 2.893e-02, trn/kl_scale 2.441e-05, val/acc 5.287e-01, val/nll 1.694e+00 (best_acc: 5.263e-01 -> 5.287e-01, test_acc: 5.343e-01, test_nll: 1.688e+00)
[2023-02-15 23:15:34] [Epoch   401/  500] trn/loss 1.635e+00, trn/kl 2.953e+05, trn/lr 2.837e-02, trn/kl_scale 2.441e-05, val/acc 4.912e-01, val/nll 1.885e+00
[2023-02-15 23:15:46] [Epoch   402/  500] trn/loss 1.633e+00, trn/kl 2.953e+05, trn/lr 2.782e-02, trn/kl_scale 2.441e-05, val/acc 5.277e-01, val/nll 1.703e+00
[2023-02-15 23:15:58] [Epoch   403/  500] trn/loss 1.631e+00, trn/kl 2.953e+05, trn/lr 2.728e-02, trn/kl_scale 2.441e-05, val/acc 5.211e-01, val/nll 1.749e+00
[2023-02-15 23:16:11] [Epoch   404/  500] trn/loss 1.630e+00, trn/kl 2.953e+05, trn/lr 2.674e-02, trn/kl_scale 2.441e-05, val/acc 5.388e-01, val/nll 1.657e+00 (best_acc: 5.287e-01 -> 5.388e-01, test_acc: 5.391e-01, test_nll: 1.648e+00)
[2023-02-15 23:16:23] [Epoch   405/  500] trn/loss 1.619e+00, trn/kl 2.953e+05, trn/lr 2.621e-02, trn/kl_scale 2.441e-05, val/acc 5.167e-01, val/nll 1.736e+00
[2023-02-15 23:16:36] [Epoch   406/  500] trn/loss 1.616e+00, trn/kl 2.953e+05, trn/lr 2.568e-02, trn/kl_scale 2.441e-05, val/acc 5.223e-01, val/nll 1.735e+00
[2023-02-15 23:16:48] [Epoch   407/  500] trn/loss 1.608e+00, trn/kl 2.953e+05, trn/lr 2.515e-02, trn/kl_scale 2.441e-05, val/acc 5.148e-01, val/nll 1.765e+00
[2023-02-15 23:17:00] [Epoch   408/  500] trn/loss 1.606e+00, trn/kl 2.953e+05, trn/lr 2.463e-02, trn/kl_scale 2.441e-05, val/acc 5.271e-01, val/nll 1.723e+00
[2023-02-15 23:17:12] [Epoch   409/  500] trn/loss 1.605e+00, trn/kl 2.953e+05, trn/lr 2.412e-02, trn/kl_scale 2.441e-05, val/acc 5.240e-01, val/nll 1.740e+00
[2023-02-15 23:17:24] [Epoch   410/  500] trn/loss 1.599e+00, trn/kl 2.953e+05, trn/lr 2.361e-02, trn/kl_scale 2.441e-05, val/acc 5.301e-01, val/nll 1.703e+00
[2023-02-15 23:17:37] [Epoch   411/  500] trn/loss 1.600e+00, trn/kl 2.953e+05, trn/lr 2.310e-02, trn/kl_scale 2.441e-05, val/acc 5.122e-01, val/nll 1.797e+00
[2023-02-15 23:17:49] [Epoch   412/  500] trn/loss 1.589e+00, trn/kl 2.953e+05, trn/lr 2.260e-02, trn/kl_scale 2.441e-05, val/acc 5.406e-01, val/nll 1.659e+00 (best_acc: 5.388e-01 -> 5.406e-01, test_acc: 5.477e-01, test_nll: 1.632e+00)
[2023-02-15 23:18:02] [Epoch   413/  500] trn/loss 1.593e+00, trn/kl 2.953e+05, trn/lr 2.211e-02, trn/kl_scale 2.441e-05, val/acc 5.313e-01, val/nll 1.696e+00
[2023-02-15 23:18:14] [Epoch   414/  500] trn/loss 1.581e+00, trn/kl 2.953e+05, trn/lr 2.162e-02, trn/kl_scale 2.441e-05, val/acc 5.116e-01, val/nll 1.787e+00
[2023-02-15 23:18:26] [Epoch   415/  500] trn/loss 1.571e+00, trn/kl 2.952e+05, trn/lr 2.113e-02, trn/kl_scale 2.441e-05, val/acc 5.201e-01, val/nll 1.756e+00
[2023-02-15 23:18:38] [Epoch   416/  500] trn/loss 1.572e+00, trn/kl 2.952e+05, trn/lr 2.065e-02, trn/kl_scale 2.441e-05, val/acc 5.388e-01, val/nll 1.667e+00
[2023-02-15 23:18:50] [Epoch   417/  500] trn/loss 1.569e+00, trn/kl 2.952e+05, trn/lr 2.018e-02, trn/kl_scale 2.441e-05, val/acc 5.320e-01, val/nll 1.714e+00
[2023-02-15 23:19:02] [Epoch   418/  500] trn/loss 1.566e+00, trn/kl 2.952e+05, trn/lr 1.971e-02, trn/kl_scale 2.441e-05, val/acc 5.393e-01, val/nll 1.670e+00
[2023-02-15 23:19:15] [Epoch   419/  500] trn/loss 1.562e+00, trn/kl 2.952e+05, trn/lr 1.924e-02, trn/kl_scale 2.441e-05, val/acc 5.488e-01, val/nll 1.629e+00 (best_acc: 5.406e-01 -> 5.488e-01, test_acc: 5.507e-01, test_nll: 1.622e+00)
[2023-02-15 23:19:27] [Epoch   420/  500] trn/loss 1.551e+00, trn/kl 2.952e+05, trn/lr 1.878e-02, trn/kl_scale 2.441e-05, val/acc 5.408e-01, val/nll 1.669e+00
[2023-02-15 23:19:40] [Epoch   421/  500] trn/loss 1.545e+00, trn/kl 2.952e+05, trn/lr 1.833e-02, trn/kl_scale 2.441e-05, val/acc 5.136e-01, val/nll 1.785e+00
[2023-02-15 23:19:52] [Epoch   422/  500] trn/loss 1.542e+00, trn/kl 2.952e+05, trn/lr 1.788e-02, trn/kl_scale 2.441e-05, val/acc 5.351e-01, val/nll 1.680e+00
[2023-02-15 23:20:04] [Epoch   423/  500] trn/loss 1.541e+00, trn/kl 2.952e+05, trn/lr 1.744e-02, trn/kl_scale 2.441e-05, val/acc 5.292e-01, val/nll 1.714e+00
[2023-02-15 23:20:16] [Epoch   424/  500] trn/loss 1.531e+00, trn/kl 2.952e+05, trn/lr 1.700e-02, trn/kl_scale 2.441e-05, val/acc 5.402e-01, val/nll 1.691e+00
[2023-02-15 23:20:28] [Epoch   425/  500] trn/loss 1.530e+00, trn/kl 2.951e+05, trn/lr 1.657e-02, trn/kl_scale 2.441e-05, val/acc 5.364e-01, val/nll 1.687e+00
[2023-02-15 23:20:41] [Epoch   426/  500] trn/loss 1.526e+00, trn/kl 2.951e+05, trn/lr 1.614e-02, trn/kl_scale 2.441e-05, val/acc 5.560e-01, val/nll 1.611e+00 (best_acc: 5.488e-01 -> 5.560e-01, test_acc: 5.580e-01, test_nll: 1.593e+00)
[2023-02-15 23:20:53] [Epoch   427/  500] trn/loss 1.520e+00, trn/kl 2.951e+05, trn/lr 1.571e-02, trn/kl_scale 2.441e-05, val/acc 5.372e-01, val/nll 1.666e+00
[2023-02-15 23:21:06] [Epoch   428/  500] trn/loss 1.519e+00, trn/kl 2.951e+05, trn/lr 1.530e-02, trn/kl_scale 2.441e-05, val/acc 5.442e-01, val/nll 1.646e+00
[2023-02-15 23:21:18] [Epoch   429/  500] trn/loss 1.516e+00, trn/kl 2.951e+05, trn/lr 1.489e-02, trn/kl_scale 2.441e-05, val/acc 5.390e-01, val/nll 1.670e+00
[2023-02-15 23:21:30] [Epoch   430/  500] trn/loss 1.512e+00, trn/kl 2.951e+05, trn/lr 1.448e-02, trn/kl_scale 2.441e-05, val/acc 5.552e-01, val/nll 1.599e+00
[2023-02-15 23:21:42] [Epoch   431/  500] trn/loss 1.509e+00, trn/kl 2.951e+05, trn/lr 1.408e-02, trn/kl_scale 2.441e-05, val/acc 5.385e-01, val/nll 1.650e+00
[2023-02-15 23:21:54] [Epoch   432/  500] trn/loss 1.501e+00, trn/kl 2.951e+05, trn/lr 1.368e-02, trn/kl_scale 2.441e-05, val/acc 5.446e-01, val/nll 1.650e+00
[2023-02-15 23:22:07] [Epoch   433/  500] trn/loss 1.498e+00, trn/kl 2.951e+05, trn/lr 1.329e-02, trn/kl_scale 2.441e-05, val/acc 5.591e-01, val/nll 1.592e+00 (best_acc: 5.560e-01 -> 5.591e-01, test_acc: 5.576e-01, test_nll: 1.587e+00)
[2023-02-15 23:22:20] [Epoch   434/  500] trn/loss 1.493e+00, trn/kl 2.951e+05, trn/lr 1.291e-02, trn/kl_scale 2.441e-05, val/acc 5.598e-01, val/nll 1.576e+00 (best_acc: 5.591e-01 -> 5.598e-01, test_acc: 5.588e-01, test_nll: 1.584e+00)
[2023-02-15 23:22:32] [Epoch   435/  500] trn/loss 1.483e+00, trn/kl 2.950e+05, trn/lr 1.253e-02, trn/kl_scale 2.441e-05, val/acc 5.556e-01, val/nll 1.603e+00
[2023-02-15 23:22:44] [Epoch   436/  500] trn/loss 1.485e+00, trn/kl 2.950e+05, trn/lr 1.215e-02, trn/kl_scale 2.441e-05, val/acc 5.493e-01, val/nll 1.621e+00
[2023-02-15 23:22:57] [Epoch   437/  500] trn/loss 1.476e+00, trn/kl 2.950e+05, trn/lr 1.178e-02, trn/kl_scale 2.441e-05, val/acc 5.581e-01, val/nll 1.626e+00
[2023-02-15 23:23:09] [Epoch   438/  500] trn/loss 1.469e+00, trn/kl 2.950e+05, trn/lr 1.142e-02, trn/kl_scale 2.441e-05, val/acc 5.600e-01, val/nll 1.581e+00 (best_acc: 5.598e-01 -> 5.600e-01, test_acc: 5.614e-01, test_nll: 1.577e+00)
[2023-02-15 23:23:22] [Epoch   439/  500] trn/loss 1.469e+00, trn/kl 2.950e+05, trn/lr 1.106e-02, trn/kl_scale 2.441e-05, val/acc 5.610e-01, val/nll 1.588e+00 (best_acc: 5.600e-01 -> 5.610e-01, test_acc: 5.610e-01, test_nll: 1.583e+00)
[2023-02-15 23:23:35] [Epoch   440/  500] trn/loss 1.463e+00, trn/kl 2.950e+05, trn/lr 1.071e-02, trn/kl_scale 2.441e-05, val/acc 5.556e-01, val/nll 1.622e+00
[2023-02-15 23:23:47] [Epoch   441/  500] trn/loss 1.458e+00, trn/kl 2.950e+05, trn/lr 1.036e-02, trn/kl_scale 2.441e-05, val/acc 5.717e-01, val/nll 1.537e+00 (best_acc: 5.610e-01 -> 5.717e-01, test_acc: 5.712e-01, test_nll: 1.534e+00)
[2023-02-15 23:24:00] [Epoch   442/  500] trn/loss 1.451e+00, trn/kl 2.950e+05, trn/lr 1.002e-02, trn/kl_scale 2.441e-05, val/acc 5.650e-01, val/nll 1.580e+00
[2023-02-15 23:24:12] [Epoch   443/  500] trn/loss 1.452e+00, trn/kl 2.950e+05, trn/lr 9.685e-03, trn/kl_scale 2.441e-05, val/acc 5.513e-01, val/nll 1.671e+00
[2023-02-15 23:24:24] [Epoch   444/  500] trn/loss 1.446e+00, trn/kl 2.950e+05, trn/lr 9.354e-03, trn/kl_scale 2.441e-05, val/acc 5.595e-01, val/nll 1.590e+00
[2023-02-15 23:24:36] [Epoch   445/  500] trn/loss 1.434e+00, trn/kl 2.949e+05, trn/lr 9.029e-03, trn/kl_scale 2.441e-05, val/acc 5.695e-01, val/nll 1.542e+00
[2023-02-15 23:24:48] [Epoch   446/  500] trn/loss 1.431e+00, trn/kl 2.949e+05, trn/lr 8.710e-03, trn/kl_scale 2.441e-05, val/acc 5.674e-01, val/nll 1.555e+00
[2023-02-15 23:25:00] [Epoch   447/  500] trn/loss 1.427e+00, trn/kl 2.949e+05, trn/lr 8.396e-03, trn/kl_scale 2.441e-05, val/acc 5.696e-01, val/nll 1.554e+00
[2023-02-15 23:25:13] [Epoch   448/  500] trn/loss 1.418e+00, trn/kl 2.949e+05, trn/lr 8.088e-03, trn/kl_scale 2.441e-05, val/acc 5.749e-01, val/nll 1.519e+00 (best_acc: 5.717e-01 -> 5.749e-01, test_acc: 5.784e-01, test_nll: 1.514e+00)
[2023-02-15 23:25:25] [Epoch   449/  500] trn/loss 1.421e+00, trn/kl 2.949e+05, trn/lr 7.786e-03, trn/kl_scale 2.441e-05, val/acc 5.743e-01, val/nll 1.526e+00
[2023-02-15 23:25:38] [Epoch   450/  500] trn/loss 1.412e+00, trn/kl 2.949e+05, trn/lr 7.489e-03, trn/kl_scale 2.441e-05, val/acc 5.770e-01, val/nll 1.523e+00 (best_acc: 5.749e-01 -> 5.770e-01, test_acc: 5.730e-01, test_nll: 1.519e+00)
[2023-02-15 23:25:50] [Epoch   451/  500] trn/loss 1.411e+00, trn/kl 2.949e+05, trn/lr 7.198e-03, trn/kl_scale 2.441e-05, val/acc 5.761e-01, val/nll 1.516e+00
[2023-02-15 23:26:03] [Epoch   452/  500] trn/loss 1.403e+00, trn/kl 2.949e+05, trn/lr 6.912e-03, trn/kl_scale 2.441e-05, val/acc 5.833e-01, val/nll 1.499e+00 (best_acc: 5.770e-01 -> 5.833e-01, test_acc: 5.771e-01, test_nll: 1.504e+00)
[2023-02-15 23:26:15] [Epoch   453/  500] trn/loss 1.393e+00, trn/kl 2.949e+05, trn/lr 6.632e-03, trn/kl_scale 2.441e-05, val/acc 5.770e-01, val/nll 1.510e+00
[2023-02-15 23:26:28] [Epoch   454/  500] trn/loss 1.391e+00, trn/kl 2.949e+05, trn/lr 6.358e-03, trn/kl_scale 2.441e-05, val/acc 5.793e-01, val/nll 1.502e+00
[2023-02-15 23:26:40] [Epoch   455/  500] trn/loss 1.393e+00, trn/kl 2.949e+05, trn/lr 6.089e-03, trn/kl_scale 2.441e-05, val/acc 5.750e-01, val/nll 1.526e+00
[2023-02-15 23:26:53] [Epoch   456/  500] trn/loss 1.383e+00, trn/kl 2.949e+05, trn/lr 5.826e-03, trn/kl_scale 2.441e-05, val/acc 5.854e-01, val/nll 1.508e+00 (best_acc: 5.833e-01 -> 5.854e-01, test_acc: 5.763e-01, test_nll: 1.512e+00)
[2023-02-15 23:27:05] [Epoch   457/  500] trn/loss 1.379e+00, trn/kl 2.949e+05, trn/lr 5.569e-03, trn/kl_scale 2.441e-05, val/acc 5.785e-01, val/nll 1.506e+00
[2023-02-15 23:27:17] [Epoch   458/  500] trn/loss 1.377e+00, trn/kl 2.949e+05, trn/lr 5.317e-03, trn/kl_scale 2.441e-05, val/acc 5.781e-01, val/nll 1.500e+00
[2023-02-15 23:27:30] [Epoch   459/  500] trn/loss 1.366e+00, trn/kl 2.949e+05, trn/lr 5.072e-03, trn/kl_scale 2.441e-05, val/acc 5.882e-01, val/nll 1.481e+00 (best_acc: 5.854e-01 -> 5.882e-01, test_acc: 5.783e-01, test_nll: 1.490e+00)
[2023-02-15 23:27:42] [Epoch   460/  500] trn/loss 1.366e+00, trn/kl 2.948e+05, trn/lr 4.831e-03, trn/kl_scale 2.441e-05, val/acc 5.881e-01, val/nll 1.474e+00
[2023-02-15 23:27:54] [Epoch   461/  500] trn/loss 1.356e+00, trn/kl 2.948e+05, trn/lr 4.597e-03, trn/kl_scale 2.441e-05, val/acc 5.845e-01, val/nll 1.484e+00
[2023-02-15 23:28:07] [Epoch   462/  500] trn/loss 1.350e+00, trn/kl 2.948e+05, trn/lr 4.368e-03, trn/kl_scale 2.441e-05, val/acc 5.910e-01, val/nll 1.469e+00 (best_acc: 5.882e-01 -> 5.910e-01, test_acc: 5.875e-01, test_nll: 1.473e+00)
[2023-02-15 23:28:19] [Epoch   463/  500] trn/loss 1.350e+00, trn/kl 2.948e+05, trn/lr 4.145e-03, trn/kl_scale 2.441e-05, val/acc 5.814e-01, val/nll 1.496e+00
[2023-02-15 23:28:32] [Epoch   464/  500] trn/loss 1.344e+00, trn/kl 2.948e+05, trn/lr 3.928e-03, trn/kl_scale 2.441e-05, val/acc 5.887e-01, val/nll 1.460e+00
[2023-02-15 23:28:44] [Epoch   465/  500] trn/loss 1.341e+00, trn/kl 2.948e+05, trn/lr 3.717e-03, trn/kl_scale 2.441e-05, val/acc 5.956e-01, val/nll 1.461e+00 (best_acc: 5.910e-01 -> 5.956e-01, test_acc: 5.876e-01, test_nll: 1.465e+00)
[2023-02-15 23:28:57] [Epoch   466/  500] trn/loss 1.337e+00, trn/kl 2.948e+05, trn/lr 3.511e-03, trn/kl_scale 2.441e-05, val/acc 5.929e-01, val/nll 1.445e+00
[2023-02-15 23:29:09] [Epoch   467/  500] trn/loss 1.328e+00, trn/kl 2.948e+05, trn/lr 3.311e-03, trn/kl_scale 2.441e-05, val/acc 5.937e-01, val/nll 1.451e+00
[2023-02-15 23:29:21] [Epoch   468/  500] trn/loss 1.323e+00, trn/kl 2.948e+05, trn/lr 3.117e-03, trn/kl_scale 2.441e-05, val/acc 5.930e-01, val/nll 1.447e+00
[2023-02-15 23:29:33] [Epoch   469/  500] trn/loss 1.324e+00, trn/kl 2.948e+05, trn/lr 2.929e-03, trn/kl_scale 2.441e-05, val/acc 5.948e-01, val/nll 1.447e+00
[2023-02-15 23:29:46] [Epoch   470/  500] trn/loss 1.317e+00, trn/kl 2.948e+05, trn/lr 2.747e-03, trn/kl_scale 2.441e-05, val/acc 5.998e-01, val/nll 1.434e+00 (best_acc: 5.956e-01 -> 5.998e-01, test_acc: 5.935e-01, test_nll: 1.441e+00)
[2023-02-15 23:29:58] [Epoch   471/  500] trn/loss 1.311e+00, trn/kl 2.948e+05, trn/lr 2.570e-03, trn/kl_scale 2.441e-05, val/acc 5.920e-01, val/nll 1.443e+00
[2023-02-15 23:30:10] [Epoch   472/  500] trn/loss 1.304e+00, trn/kl 2.948e+05, trn/lr 2.399e-03, trn/kl_scale 2.441e-05, val/acc 5.983e-01, val/nll 1.437e+00
[2023-02-15 23:30:23] [Epoch   473/  500] trn/loss 1.307e+00, trn/kl 2.948e+05, trn/lr 2.234e-03, trn/kl_scale 2.441e-05, val/acc 5.947e-01, val/nll 1.436e+00
[2023-02-15 23:30:35] [Epoch   474/  500] trn/loss 1.295e+00, trn/kl 2.948e+05, trn/lr 2.075e-03, trn/kl_scale 2.441e-05, val/acc 5.946e-01, val/nll 1.431e+00
[2023-02-15 23:30:48] [Epoch   475/  500] trn/loss 1.295e+00, trn/kl 2.948e+05, trn/lr 1.922e-03, trn/kl_scale 2.441e-05, val/acc 6.000e-01, val/nll 1.435e+00 (best_acc: 5.998e-01 -> 6.000e-01, test_acc: 5.938e-01, test_nll: 1.439e+00)
[2023-02-15 23:31:01] [Epoch   476/  500] trn/loss 1.292e+00, trn/kl 2.948e+05, trn/lr 1.774e-03, trn/kl_scale 2.441e-05, val/acc 6.003e-01, val/nll 1.425e+00 (best_acc: 6.000e-01 -> 6.003e-01, test_acc: 5.989e-01, test_nll: 1.431e+00)
[2023-02-15 23:31:14] [Epoch   477/  500] trn/loss 1.286e+00, trn/kl 2.948e+05, trn/lr 1.633e-03, trn/kl_scale 2.441e-05, val/acc 6.024e-01, val/nll 1.427e+00 (best_acc: 6.003e-01 -> 6.024e-01, test_acc: 5.939e-01, test_nll: 1.437e+00)
[2023-02-15 23:31:27] [Epoch   478/  500] trn/loss 1.284e+00, trn/kl 2.948e+05, trn/lr 1.497e-03, trn/kl_scale 2.441e-05, val/acc 6.027e-01, val/nll 1.421e+00 (best_acc: 6.024e-01 -> 6.027e-01, test_acc: 5.976e-01, test_nll: 1.425e+00)
[2023-02-15 23:31:40] [Epoch   479/  500] trn/loss 1.279e+00, trn/kl 2.948e+05, trn/lr 1.367e-03, trn/kl_scale 2.441e-05, val/acc 6.020e-01, val/nll 1.425e+00
[2023-02-15 23:31:52] [Epoch   480/  500] trn/loss 1.280e+00, trn/kl 2.948e+05, trn/lr 1.243e-03, trn/kl_scale 2.441e-05, val/acc 6.010e-01, val/nll 1.418e+00
[2023-02-15 23:32:05] [Epoch   481/  500] trn/loss 1.271e+00, trn/kl 2.947e+05, trn/lr 1.125e-03, trn/kl_scale 2.441e-05, val/acc 6.052e-01, val/nll 1.415e+00 (best_acc: 6.027e-01 -> 6.052e-01, test_acc: 5.981e-01, test_nll: 1.420e+00)
[2023-02-15 23:32:17] [Epoch   482/  500] trn/loss 1.266e+00, trn/kl 2.947e+05, trn/lr 1.013e-03, trn/kl_scale 2.441e-05, val/acc 6.035e-01, val/nll 1.415e+00
[2023-02-15 23:32:29] [Epoch   483/  500] trn/loss 1.266e+00, trn/kl 2.947e+05, trn/lr 9.064e-04, trn/kl_scale 2.441e-05, val/acc 6.051e-01, val/nll 1.416e+00
[2023-02-15 23:32:41] [Epoch   484/  500] trn/loss 1.263e+00, trn/kl 2.947e+05, trn/lr 8.059e-04, trn/kl_scale 2.441e-05, val/acc 6.045e-01, val/nll 1.411e+00
[2023-02-15 23:32:54] [Epoch   485/  500] trn/loss 1.262e+00, trn/kl 2.947e+05, trn/lr 7.113e-04, trn/kl_scale 2.441e-05, val/acc 6.014e-01, val/nll 1.413e+00
[2023-02-15 23:33:06] [Epoch   486/  500] trn/loss 1.257e+00, trn/kl 2.947e+05, trn/lr 6.226e-04, trn/kl_scale 2.441e-05, val/acc 6.044e-01, val/nll 1.406e+00
[2023-02-15 23:33:18] [Epoch   487/  500] trn/loss 1.258e+00, trn/kl 2.947e+05, trn/lr 5.398e-04, trn/kl_scale 2.441e-05, val/acc 6.021e-01, val/nll 1.405e+00
[2023-02-15 23:33:30] [Epoch   488/  500] trn/loss 1.256e+00, trn/kl 2.947e+05, trn/lr 4.629e-04, trn/kl_scale 2.441e-05, val/acc 6.029e-01, val/nll 1.405e+00
[2023-02-15 23:33:42] [Epoch   489/  500] trn/loss 1.257e+00, trn/kl 2.947e+05, trn/lr 3.919e-04, trn/kl_scale 2.441e-05, val/acc 6.028e-01, val/nll 1.407e+00
[2023-02-15 23:33:54] [Epoch   490/  500] trn/loss 1.244e+00, trn/kl 2.947e+05, trn/lr 3.268e-04, trn/kl_scale 2.441e-05, val/acc 6.014e-01, val/nll 1.406e+00
[2023-02-15 23:34:07] [Epoch   491/  500] trn/loss 1.247e+00, trn/kl 2.947e+05, trn/lr 2.676e-04, trn/kl_scale 2.441e-05, val/acc 6.029e-01, val/nll 1.402e+00
[2023-02-15 23:34:19] [Epoch   492/  500] trn/loss 1.246e+00, trn/kl 2.947e+05, trn/lr 2.143e-04, trn/kl_scale 2.441e-05, val/acc 6.030e-01, val/nll 1.402e+00
[2023-02-15 23:34:31] [Epoch   493/  500] trn/loss 1.245e+00, trn/kl 2.947e+05, trn/lr 1.669e-04, trn/kl_scale 2.441e-05, val/acc 6.050e-01, val/nll 1.403e+00
[2023-02-15 23:34:43] [Epoch   494/  500] trn/loss 1.245e+00, trn/kl 2.947e+05, trn/lr 1.254e-04, trn/kl_scale 2.441e-05, val/acc 6.037e-01, val/nll 1.403e+00
[2023-02-15 23:34:56] [Epoch   495/  500] trn/loss 1.242e+00, trn/kl 2.947e+05, trn/lr 8.991e-05, trn/kl_scale 2.441e-05, val/acc 6.054e-01, val/nll 1.401e+00 (best_acc: 6.052e-01 -> 6.054e-01, test_acc: 6.007e-01, test_nll: 1.409e+00)
[2023-02-15 23:35:08] [Epoch   496/  500] trn/loss 1.245e+00, trn/kl 2.947e+05, trn/lr 6.028e-05, trn/kl_scale 2.441e-05, val/acc 6.040e-01, val/nll 1.404e+00
[2023-02-15 23:35:20] [Epoch   497/  500] trn/loss 1.240e+00, trn/kl 2.947e+05, trn/lr 3.658e-05, trn/kl_scale 2.441e-05, val/acc 6.045e-01, val/nll 1.403e+00
[2023-02-15 23:35:32] [Epoch   498/  500] trn/loss 1.247e+00, trn/kl 2.947e+05, trn/lr 1.880e-05, trn/kl_scale 2.441e-05, val/acc 6.048e-01, val/nll 1.402e+00
[2023-02-15 23:35:45] [Epoch   499/  500] trn/loss 1.242e+00, trn/kl 2.947e+05, trn/lr 6.936e-06, trn/kl_scale 2.441e-05, val/acc 6.048e-01, val/nll 1.401e+00
[2023-02-15 23:35:57] [Epoch   500/  500] trn/loss 1.241e+00, trn/kl 2.947e+05, trn/lr 9.964e-07, trn/kl_scale 2.441e-05, val/acc 6.027e-01, val/nll 1.403e+00
