[2023-02-16 08:34:54] Environments:
------------  --------------------------------------------------------------------------------
sys.platform  linux
Python        3.10.8 (main, Nov 24 2022, 14:13:03) [GCC 11.2.0]
JAX           0.4.1 @/mnt/home/giung/.conda/envs/jax-vessl/lib/python3.10/site-packages/jax
jaxlib        0.4.1 @/mnt/home/giung/.conda/envs/jax-vessl/lib/python3.10/site-packages/jaxlib
Flax          0.6.3 @/mnt/home/giung/.conda/envs/jax-vessl/lib/python3.10/site-packages/flax
Optax         0.1.4 @/mnt/home/giung/.conda/envs/jax-vessl/lib/python3.10/site-packages/optax
------------  --------------------------------------------------------------------------------

[2023-02-16 08:34:54] Command line arguments:
- args.data_root          : ./data/
- args.data_name          : CIFAR100_x32
- args.data_augmentation  : standard
- args.data_proportional  : 1.0
- args.model_depth        : 20
- args.model_width        : 1
- args.model_style        : BN-ReLU
- args.optim_bs           : 256
- args.optim_ne           : 500
- args.optim_lr           : 0.01
- args.optim_momentum     : 0.9
- args.optim_weight_decay : 0.003
- args.drop_rate          : 0.1
- args.save               : /mnt/home/giung/giung2-dev/projects/bnn-vi/save/CIFAR100_x32/R20x1-BN-ReLU/Dropout/bs-0256_ne-0500_lr-0.01_mo-0.90_wd-0.0030_drop-0.10_fp32/42
- args.seed               : 42
- args.precision          : fp32

[2023-02-16 08:35:21] [Epoch     1/  500] trn/loss 4.693e+00, trn/lr 1.000e-02, val/acc 2.235e-02, val/nll 4.536e+00 (best_acc: 0.000e+00 -> 2.235e-02, test_acc: 2.660e-02, test_nll: 4.529e+00)
[2023-02-16 08:35:25] [Epoch     2/  500] trn/loss 4.467e+00, trn/lr 1.000e-02, val/acc 3.086e-02, val/nll 4.476e+00 (best_acc: 2.235e-02 -> 3.086e-02, test_acc: 3.000e-02, test_nll: 4.467e+00)
[2023-02-16 08:35:28] [Epoch     3/  500] trn/loss 4.392e+00, trn/lr 9.999e-03, val/acc 3.982e-02, val/nll 4.397e+00 (best_acc: 3.086e-02 -> 3.982e-02, test_acc: 3.970e-02, test_nll: 4.386e+00)
[2023-02-16 08:35:32] [Epoch     4/  500] trn/loss 4.313e+00, trn/lr 9.999e-03, val/acc 4.148e-02, val/nll 4.333e+00 (best_acc: 3.982e-02 -> 4.148e-02, test_acc: 5.010e-02, test_nll: 4.320e+00)
[2023-02-16 08:35:35] [Epoch     5/  500] trn/loss 4.243e+00, trn/lr 9.998e-03, val/acc 5.653e-02, val/nll 4.221e+00 (best_acc: 4.148e-02 -> 5.653e-02, test_acc: 5.880e-02, test_nll: 4.215e+00)
[2023-02-16 08:35:39] [Epoch     6/  500] trn/loss 4.185e+00, trn/lr 9.997e-03, val/acc 6.692e-02, val/nll 4.110e+00 (best_acc: 5.653e-02 -> 6.692e-02, test_acc: 7.070e-02, test_nll: 4.110e+00)
[2023-02-16 08:35:43] [Epoch     7/  500] trn/loss 4.117e+00, trn/lr 9.996e-03, val/acc 7.334e-02, val/nll 4.073e+00 (best_acc: 6.692e-02 -> 7.334e-02, test_acc: 7.780e-02, test_nll: 4.070e+00)
[2023-02-16 08:35:46] [Epoch     8/  500] trn/loss 4.075e+00, trn/lr 9.994e-03, val/acc 7.965e-02, val/nll 4.004e+00 (best_acc: 7.334e-02 -> 7.965e-02, test_acc: 8.830e-02, test_nll: 4.001e+00)
[2023-02-16 08:35:50] [Epoch     9/  500] trn/loss 4.030e+00, trn/lr 9.993e-03, val/acc 9.015e-02, val/nll 3.968e+00 (best_acc: 7.965e-02 -> 9.015e-02, test_acc: 9.390e-02, test_nll: 3.963e+00)
[2023-02-16 08:35:54] [Epoch    10/  500] trn/loss 3.987e+00, trn/lr 9.991e-03, val/acc 9.170e-02, val/nll 3.925e+00 (best_acc: 9.015e-02 -> 9.170e-02, test_acc: 9.930e-02, test_nll: 3.916e+00)
[2023-02-16 08:35:57] [Epoch    11/  500] trn/loss 3.943e+00, trn/lr 9.989e-03, val/acc 9.414e-02, val/nll 3.891e+00 (best_acc: 9.170e-02 -> 9.414e-02, test_acc: 9.950e-02, test_nll: 3.888e+00)
[2023-02-16 08:36:01] [Epoch    12/  500] trn/loss 3.906e+00, trn/lr 9.987e-03, val/acc 1.092e-01, val/nll 3.798e+00 (best_acc: 9.414e-02 -> 1.092e-01, test_acc: 1.220e-01, test_nll: 3.789e+00)
[2023-02-16 08:36:05] [Epoch    13/  500] trn/loss 3.867e+00, trn/lr 9.985e-03, val/acc 1.111e-01, val/nll 3.807e+00 (best_acc: 1.092e-01 -> 1.111e-01, test_acc: 1.159e-01, test_nll: 3.804e+00)
[2023-02-16 08:36:08] [Epoch    14/  500] trn/loss 3.824e+00, trn/lr 9.982e-03, val/acc 1.288e-01, val/nll 3.688e+00 (best_acc: 1.111e-01 -> 1.288e-01, test_acc: 1.380e-01, test_nll: 3.677e+00)
[2023-02-16 08:36:12] [Epoch    15/  500] trn/loss 3.791e+00, trn/lr 9.979e-03, val/acc 1.367e-01, val/nll 3.664e+00 (best_acc: 1.288e-01 -> 1.367e-01, test_acc: 1.437e-01, test_nll: 3.652e+00)
[2023-02-16 08:36:16] [Epoch    16/  500] trn/loss 3.757e+00, trn/lr 9.976e-03, val/acc 1.394e-01, val/nll 3.654e+00 (best_acc: 1.367e-01 -> 1.394e-01, test_acc: 1.480e-01, test_nll: 3.643e+00)
[2023-02-16 08:36:19] [Epoch    17/  500] trn/loss 3.711e+00, trn/lr 9.973e-03, val/acc 1.541e-01, val/nll 3.551e+00 (best_acc: 1.394e-01 -> 1.541e-01, test_acc: 1.665e-01, test_nll: 3.540e+00)
[2023-02-16 08:36:23] [Epoch    18/  500] trn/loss 3.682e+00, trn/lr 9.970e-03, val/acc 1.509e-01, val/nll 3.551e+00
[2023-02-16 08:36:26] [Epoch    19/  500] trn/loss 3.646e+00, trn/lr 9.966e-03, val/acc 1.636e-01, val/nll 3.481e+00 (best_acc: 1.541e-01 -> 1.636e-01, test_acc: 1.795e-01, test_nll: 3.464e+00)
[2023-02-16 08:36:30] [Epoch    20/  500] trn/loss 3.607e+00, trn/lr 9.963e-03, val/acc 1.717e-01, val/nll 3.433e+00 (best_acc: 1.636e-01 -> 1.717e-01, test_acc: 1.838e-01, test_nll: 3.412e+00)
[2023-02-16 08:36:34] [Epoch    21/  500] trn/loss 3.569e+00, trn/lr 9.959e-03, val/acc 1.749e-01, val/nll 3.415e+00 (best_acc: 1.717e-01 -> 1.749e-01, test_acc: 1.896e-01, test_nll: 3.399e+00)
[2023-02-16 08:36:37] [Epoch    22/  500] trn/loss 3.526e+00, trn/lr 9.954e-03, val/acc 1.889e-01, val/nll 3.348e+00 (best_acc: 1.749e-01 -> 1.889e-01, test_acc: 1.975e-01, test_nll: 3.332e+00)
[2023-02-16 08:36:41] [Epoch    23/  500] trn/loss 3.485e+00, trn/lr 9.950e-03, val/acc 1.871e-01, val/nll 3.360e+00
[2023-02-16 08:36:44] [Epoch    24/  500] trn/loss 3.448e+00, trn/lr 9.946e-03, val/acc 2.052e-01, val/nll 3.254e+00 (best_acc: 1.889e-01 -> 2.052e-01, test_acc: 2.160e-01, test_nll: 3.231e+00)
[2023-02-16 08:36:48] [Epoch    25/  500] trn/loss 3.407e+00, trn/lr 9.941e-03, val/acc 2.136e-01, val/nll 3.220e+00 (best_acc: 2.052e-01 -> 2.136e-01, test_acc: 2.254e-01, test_nll: 3.192e+00)
[2023-02-16 08:36:51] [Epoch    26/  500] trn/loss 3.381e+00, trn/lr 9.936e-03, val/acc 2.240e-01, val/nll 3.160e+00 (best_acc: 2.136e-01 -> 2.240e-01, test_acc: 2.351e-01, test_nll: 3.127e+00)
[2023-02-16 08:36:55] [Epoch    27/  500] trn/loss 3.338e+00, trn/lr 9.931e-03, val/acc 2.417e-01, val/nll 3.071e+00 (best_acc: 2.240e-01 -> 2.417e-01, test_acc: 2.530e-01, test_nll: 3.042e+00)
[2023-02-16 08:36:59] [Epoch    28/  500] trn/loss 3.294e+00, trn/lr 9.926e-03, val/acc 2.247e-01, val/nll 3.110e+00
[2023-02-16 08:37:02] [Epoch    29/  500] trn/loss 3.250e+00, trn/lr 9.920e-03, val/acc 2.441e-01, val/nll 3.013e+00 (best_acc: 2.417e-01 -> 2.441e-01, test_acc: 2.469e-01, test_nll: 2.985e+00)
[2023-02-16 08:37:06] [Epoch    30/  500] trn/loss 3.223e+00, trn/lr 9.914e-03, val/acc 2.539e-01, val/nll 2.994e+00 (best_acc: 2.441e-01 -> 2.539e-01, test_acc: 2.637e-01, test_nll: 2.963e+00)
[2023-02-16 08:37:09] [Epoch    31/  500] trn/loss 3.191e+00, trn/lr 9.908e-03, val/acc 2.726e-01, val/nll 2.909e+00 (best_acc: 2.539e-01 -> 2.726e-01, test_acc: 2.804e-01, test_nll: 2.875e+00)
[2023-02-16 08:37:13] [Epoch    32/  500] trn/loss 3.154e+00, trn/lr 9.902e-03, val/acc 2.523e-01, val/nll 2.967e+00
[2023-02-16 08:37:16] [Epoch    33/  500] trn/loss 3.121e+00, trn/lr 9.896e-03, val/acc 2.771e-01, val/nll 2.848e+00 (best_acc: 2.726e-01 -> 2.771e-01, test_acc: 2.877e-01, test_nll: 2.822e+00)
[2023-02-16 08:37:20] [Epoch    34/  500] trn/loss 3.092e+00, trn/lr 9.890e-03, val/acc 2.929e-01, val/nll 2.811e+00 (best_acc: 2.771e-01 -> 2.929e-01, test_acc: 2.948e-01, test_nll: 2.772e+00)
[2023-02-16 08:37:24] [Epoch    35/  500] trn/loss 3.054e+00, trn/lr 9.883e-03, val/acc 2.670e-01, val/nll 2.899e+00
[2023-02-16 08:37:27] [Epoch    36/  500] trn/loss 3.021e+00, trn/lr 9.876e-03, val/acc 2.986e-01, val/nll 2.740e+00 (best_acc: 2.929e-01 -> 2.986e-01, test_acc: 3.037e-01, test_nll: 2.703e+00)
[2023-02-16 08:37:31] [Epoch    37/  500] trn/loss 2.989e+00, trn/lr 9.869e-03, val/acc 3.049e-01, val/nll 2.746e+00 (best_acc: 2.986e-01 -> 3.049e-01, test_acc: 3.077e-01, test_nll: 2.703e+00)
[2023-02-16 08:37:34] [Epoch    38/  500] trn/loss 2.972e+00, trn/lr 9.862e-03, val/acc 2.959e-01, val/nll 2.776e+00
[2023-02-16 08:37:38] [Epoch    39/  500] trn/loss 2.938e+00, trn/lr 9.854e-03, val/acc 3.184e-01, val/nll 2.623e+00 (best_acc: 3.049e-01 -> 3.184e-01, test_acc: 3.254e-01, test_nll: 2.581e+00)
[2023-02-16 08:37:41] [Epoch    40/  500] trn/loss 2.915e+00, trn/lr 9.847e-03, val/acc 3.132e-01, val/nll 2.661e+00
[2023-02-16 08:37:45] [Epoch    41/  500] trn/loss 2.890e+00, trn/lr 9.839e-03, val/acc 3.356e-01, val/nll 2.565e+00 (best_acc: 3.184e-01 -> 3.356e-01, test_acc: 3.481e-01, test_nll: 2.514e+00)
[2023-02-16 08:37:48] [Epoch    42/  500] trn/loss 2.863e+00, trn/lr 9.831e-03, val/acc 3.532e-01, val/nll 2.490e+00 (best_acc: 3.356e-01 -> 3.532e-01, test_acc: 3.534e-01, test_nll: 2.450e+00)
[2023-02-16 08:37:52] [Epoch    43/  500] trn/loss 2.837e+00, trn/lr 9.823e-03, val/acc 3.164e-01, val/nll 2.658e+00
[2023-02-16 08:37:56] [Epoch    44/  500] trn/loss 2.814e+00, trn/lr 9.814e-03, val/acc 3.583e-01, val/nll 2.449e+00 (best_acc: 3.532e-01 -> 3.583e-01, test_acc: 3.612e-01, test_nll: 2.409e+00)
[2023-02-16 08:37:59] [Epoch    45/  500] trn/loss 2.789e+00, trn/lr 9.806e-03, val/acc 3.650e-01, val/nll 2.438e+00 (best_acc: 3.583e-01 -> 3.650e-01, test_acc: 3.711e-01, test_nll: 2.402e+00)
[2023-02-16 08:38:03] [Epoch    46/  500] trn/loss 2.761e+00, trn/lr 9.797e-03, val/acc 3.615e-01, val/nll 2.447e+00
[2023-02-16 08:38:06] [Epoch    47/  500] trn/loss 2.747e+00, trn/lr 9.788e-03, val/acc 3.739e-01, val/nll 2.383e+00 (best_acc: 3.650e-01 -> 3.739e-01, test_acc: 3.813e-01, test_nll: 2.349e+00)
[2023-02-16 08:38:10] [Epoch    48/  500] trn/loss 2.726e+00, trn/lr 9.779e-03, val/acc 3.679e-01, val/nll 2.409e+00
[2023-02-16 08:38:13] [Epoch    49/  500] trn/loss 2.707e+00, trn/lr 9.770e-03, val/acc 3.621e-01, val/nll 2.408e+00
[2023-02-16 08:38:17] [Epoch    50/  500] trn/loss 2.692e+00, trn/lr 9.760e-03, val/acc 3.920e-01, val/nll 2.296e+00 (best_acc: 3.739e-01 -> 3.920e-01, test_acc: 3.979e-01, test_nll: 2.261e+00)
[2023-02-16 08:38:20] [Epoch    51/  500] trn/loss 2.679e+00, trn/lr 9.750e-03, val/acc 3.895e-01, val/nll 2.309e+00
[2023-02-16 08:38:24] [Epoch    52/  500] trn/loss 2.659e+00, trn/lr 9.741e-03, val/acc 3.954e-01, val/nll 2.272e+00 (best_acc: 3.920e-01 -> 3.954e-01, test_acc: 4.046e-01, test_nll: 2.220e+00)
[2023-02-16 08:38:27] [Epoch    53/  500] trn/loss 2.637e+00, trn/lr 9.730e-03, val/acc 3.871e-01, val/nll 2.318e+00
[2023-02-16 08:38:31] [Epoch    54/  500] trn/loss 2.622e+00, trn/lr 9.720e-03, val/acc 3.829e-01, val/nll 2.332e+00
[2023-02-16 08:38:34] [Epoch    55/  500] trn/loss 2.615e+00, trn/lr 9.710e-03, val/acc 4.014e-01, val/nll 2.248e+00 (best_acc: 3.954e-01 -> 4.014e-01, test_acc: 4.063e-01, test_nll: 2.214e+00)
[2023-02-16 08:38:38] [Epoch    56/  500] trn/loss 2.601e+00, trn/lr 9.699e-03, val/acc 4.033e-01, val/nll 2.263e+00 (best_acc: 4.014e-01 -> 4.033e-01, test_acc: 4.083e-01, test_nll: 2.228e+00)
[2023-02-16 08:38:42] [Epoch    57/  500] trn/loss 2.594e+00, trn/lr 9.688e-03, val/acc 4.040e-01, val/nll 2.248e+00 (best_acc: 4.033e-01 -> 4.040e-01, test_acc: 4.106e-01, test_nll: 2.203e+00)
[2023-02-16 08:38:45] [Epoch    58/  500] trn/loss 2.580e+00, trn/lr 9.677e-03, val/acc 3.949e-01, val/nll 2.261e+00
[2023-02-16 08:38:48] [Epoch    59/  500] trn/loss 2.569e+00, trn/lr 9.666e-03, val/acc 3.949e-01, val/nll 2.270e+00
[2023-02-16 08:38:52] [Epoch    60/  500] trn/loss 2.560e+00, trn/lr 9.655e-03, val/acc 4.173e-01, val/nll 2.200e+00 (best_acc: 4.040e-01 -> 4.173e-01, test_acc: 4.293e-01, test_nll: 2.160e+00)
[2023-02-16 08:38:56] [Epoch    61/  500] trn/loss 2.541e+00, trn/lr 9.643e-03, val/acc 4.073e-01, val/nll 2.211e+00
[2023-02-16 08:38:59] [Epoch    62/  500] trn/loss 2.540e+00, trn/lr 9.631e-03, val/acc 3.958e-01, val/nll 2.255e+00
[2023-02-16 08:39:02] [Epoch    63/  500] trn/loss 2.536e+00, trn/lr 9.619e-03, val/acc 4.106e-01, val/nll 2.183e+00
[2023-02-16 08:39:06] [Epoch    64/  500] trn/loss 2.518e+00, trn/lr 9.607e-03, val/acc 3.992e-01, val/nll 2.253e+00
[2023-02-16 08:39:09] [Epoch    65/  500] trn/loss 2.510e+00, trn/lr 9.595e-03, val/acc 4.171e-01, val/nll 2.192e+00
[2023-02-16 08:39:13] [Epoch    66/  500] trn/loss 2.502e+00, trn/lr 9.583e-03, val/acc 4.287e-01, val/nll 2.122e+00 (best_acc: 4.173e-01 -> 4.287e-01, test_acc: 4.442e-01, test_nll: 2.087e+00)
[2023-02-16 08:39:16] [Epoch    67/  500] trn/loss 2.496e+00, trn/lr 9.570e-03, val/acc 4.059e-01, val/nll 2.224e+00
[2023-02-16 08:39:20] [Epoch    68/  500] trn/loss 2.489e+00, trn/lr 9.557e-03, val/acc 4.207e-01, val/nll 2.177e+00
[2023-02-16 08:39:23] [Epoch    69/  500] trn/loss 2.489e+00, trn/lr 9.544e-03, val/acc 4.302e-01, val/nll 2.117e+00 (best_acc: 4.287e-01 -> 4.302e-01, test_acc: 4.306e-01, test_nll: 2.090e+00)
[2023-02-16 08:39:27] [Epoch    70/  500] trn/loss 2.474e+00, trn/lr 9.531e-03, val/acc 4.290e-01, val/nll 2.129e+00
[2023-02-16 08:39:30] [Epoch    71/  500] trn/loss 2.474e+00, trn/lr 9.517e-03, val/acc 4.330e-01, val/nll 2.111e+00 (best_acc: 4.302e-01 -> 4.330e-01, test_acc: 4.340e-01, test_nll: 2.087e+00)
[2023-02-16 08:39:34] [Epoch    72/  500] trn/loss 2.460e+00, trn/lr 9.504e-03, val/acc 4.316e-01, val/nll 2.103e+00
[2023-02-16 08:39:37] [Epoch    73/  500] trn/loss 2.457e+00, trn/lr 9.490e-03, val/acc 4.066e-01, val/nll 2.237e+00
[2023-02-16 08:39:41] [Epoch    74/  500] trn/loss 2.441e+00, trn/lr 9.476e-03, val/acc 4.338e-01, val/nll 2.117e+00 (best_acc: 4.330e-01 -> 4.338e-01, test_acc: 4.384e-01, test_nll: 2.091e+00)
[2023-02-16 08:39:44] [Epoch    75/  500] trn/loss 2.443e+00, trn/lr 9.462e-03, val/acc 4.457e-01, val/nll 2.050e+00 (best_acc: 4.338e-01 -> 4.457e-01, test_acc: 4.496e-01, test_nll: 2.024e+00)
[2023-02-16 08:39:48] [Epoch    76/  500] trn/loss 2.437e+00, trn/lr 9.448e-03, val/acc 4.469e-01, val/nll 2.083e+00 (best_acc: 4.457e-01 -> 4.469e-01, test_acc: 4.545e-01, test_nll: 2.059e+00)
[2023-02-16 08:39:52] [Epoch    77/  500] trn/loss 2.425e+00, trn/lr 9.433e-03, val/acc 4.544e-01, val/nll 2.038e+00 (best_acc: 4.469e-01 -> 4.544e-01, test_acc: 4.599e-01, test_nll: 2.009e+00)
[2023-02-16 08:39:55] [Epoch    78/  500] trn/loss 2.427e+00, trn/lr 9.419e-03, val/acc 4.502e-01, val/nll 2.029e+00
[2023-02-16 08:39:59] [Epoch    79/  500] trn/loss 2.425e+00, trn/lr 9.404e-03, val/acc 4.390e-01, val/nll 2.083e+00
[2023-02-16 08:40:02] [Epoch    80/  500] trn/loss 2.418e+00, trn/lr 9.389e-03, val/acc 4.451e-01, val/nll 2.074e+00
[2023-02-16 08:40:06] [Epoch    81/  500] trn/loss 2.412e+00, trn/lr 9.374e-03, val/acc 4.529e-01, val/nll 2.038e+00
[2023-02-16 08:40:09] [Epoch    82/  500] trn/loss 2.414e+00, trn/lr 9.359e-03, val/acc 4.482e-01, val/nll 2.057e+00
[2023-02-16 08:40:12] [Epoch    83/  500] trn/loss 2.410e+00, trn/lr 9.343e-03, val/acc 4.454e-01, val/nll 2.068e+00
[2023-02-16 08:40:16] [Epoch    84/  500] trn/loss 2.403e+00, trn/lr 9.328e-03, val/acc 4.366e-01, val/nll 2.113e+00
[2023-02-16 08:40:19] [Epoch    85/  500] trn/loss 2.398e+00, trn/lr 9.312e-03, val/acc 4.423e-01, val/nll 2.072e+00
[2023-02-16 08:40:23] [Epoch    86/  500] trn/loss 2.395e+00, trn/lr 9.296e-03, val/acc 4.405e-01, val/nll 2.086e+00
[2023-02-16 08:40:26] [Epoch    87/  500] trn/loss 2.395e+00, trn/lr 9.280e-03, val/acc 4.446e-01, val/nll 2.048e+00
[2023-02-16 08:40:29] [Epoch    88/  500] trn/loss 2.383e+00, trn/lr 9.263e-03, val/acc 4.347e-01, val/nll 2.079e+00
[2023-02-16 08:40:33] [Epoch    89/  500] trn/loss 2.374e+00, trn/lr 9.247e-03, val/acc 4.235e-01, val/nll 2.104e+00
[2023-02-16 08:40:36] [Epoch    90/  500] trn/loss 2.375e+00, trn/lr 9.230e-03, val/acc 4.517e-01, val/nll 2.014e+00
[2023-02-16 08:40:40] [Epoch    91/  500] trn/loss 2.375e+00, trn/lr 9.213e-03, val/acc 4.477e-01, val/nll 2.036e+00
[2023-02-16 08:40:43] [Epoch    92/  500] trn/loss 2.372e+00, trn/lr 9.196e-03, val/acc 4.613e-01, val/nll 1.990e+00 (best_acc: 4.544e-01 -> 4.613e-01, test_acc: 4.763e-01, test_nll: 1.960e+00)
[2023-02-16 08:40:47] [Epoch    93/  500] trn/loss 2.364e+00, trn/lr 9.179e-03, val/acc 4.583e-01, val/nll 1.992e+00
[2023-02-16 08:40:50] [Epoch    94/  500] trn/loss 2.359e+00, trn/lr 9.162e-03, val/acc 4.624e-01, val/nll 1.995e+00 (best_acc: 4.613e-01 -> 4.624e-01, test_acc: 4.669e-01, test_nll: 1.961e+00)
[2023-02-16 08:40:54] [Epoch    95/  500] trn/loss 2.362e+00, trn/lr 9.144e-03, val/acc 4.625e-01, val/nll 1.982e+00 (best_acc: 4.624e-01 -> 4.625e-01, test_acc: 4.721e-01, test_nll: 1.947e+00)
[2023-02-16 08:40:57] [Epoch    96/  500] trn/loss 2.359e+00, trn/lr 9.127e-03, val/acc 4.507e-01, val/nll 2.008e+00
[2023-02-16 08:41:01] [Epoch    97/  500] trn/loss 2.354e+00, trn/lr 9.109e-03, val/acc 4.637e-01, val/nll 1.982e+00 (best_acc: 4.625e-01 -> 4.637e-01, test_acc: 4.664e-01, test_nll: 1.959e+00)
[2023-02-16 08:41:04] [Epoch    98/  500] trn/loss 2.360e+00, trn/lr 9.091e-03, val/acc 4.585e-01, val/nll 2.004e+00
[2023-02-16 08:41:08] [Epoch    99/  500] trn/loss 2.353e+00, trn/lr 9.073e-03, val/acc 4.573e-01, val/nll 2.017e+00
[2023-02-16 08:41:11] [Epoch   100/  500] trn/loss 2.343e+00, trn/lr 9.054e-03, val/acc 4.393e-01, val/nll 2.100e+00
[2023-02-16 08:41:15] [Epoch   101/  500] trn/loss 2.337e+00, trn/lr 9.036e-03, val/acc 4.634e-01, val/nll 1.972e+00
[2023-02-16 08:41:18] [Epoch   102/  500] trn/loss 2.346e+00, trn/lr 9.017e-03, val/acc 4.520e-01, val/nll 2.029e+00
[2023-02-16 08:41:22] [Epoch   103/  500] trn/loss 2.341e+00, trn/lr 8.998e-03, val/acc 4.659e-01, val/nll 1.962e+00 (best_acc: 4.637e-01 -> 4.659e-01, test_acc: 4.776e-01, test_nll: 1.918e+00)
[2023-02-16 08:41:25] [Epoch   104/  500] trn/loss 2.328e+00, trn/lr 8.980e-03, val/acc 4.521e-01, val/nll 2.011e+00
[2023-02-16 08:41:29] [Epoch   105/  500] trn/loss 2.330e+00, trn/lr 8.960e-03, val/acc 4.613e-01, val/nll 1.999e+00
[2023-02-16 08:41:32] [Epoch   106/  500] trn/loss 2.336e+00, trn/lr 8.941e-03, val/acc 4.659e-01, val/nll 1.964e+00
[2023-02-16 08:41:35] [Epoch   107/  500] trn/loss 2.328e+00, trn/lr 8.922e-03, val/acc 4.604e-01, val/nll 2.017e+00
[2023-02-16 08:41:39] [Epoch   108/  500] trn/loss 2.325e+00, trn/lr 8.902e-03, val/acc 4.579e-01, val/nll 1.989e+00
[2023-02-16 08:41:42] [Epoch   109/  500] trn/loss 2.324e+00, trn/lr 8.882e-03, val/acc 4.563e-01, val/nll 2.019e+00
[2023-02-16 08:41:46] [Epoch   110/  500] trn/loss 2.323e+00, trn/lr 8.863e-03, val/acc 4.702e-01, val/nll 1.957e+00 (best_acc: 4.659e-01 -> 4.702e-01, test_acc: 4.793e-01, test_nll: 1.918e+00)
[2023-02-16 08:41:49] [Epoch   111/  500] trn/loss 2.322e+00, trn/lr 8.843e-03, val/acc 4.549e-01, val/nll 2.006e+00
[2023-02-16 08:41:53] [Epoch   112/  500] trn/loss 2.306e+00, trn/lr 8.822e-03, val/acc 4.737e-01, val/nll 1.936e+00 (best_acc: 4.702e-01 -> 4.737e-01, test_acc: 4.847e-01, test_nll: 1.901e+00)
[2023-02-16 08:41:57] [Epoch   113/  500] trn/loss 2.323e+00, trn/lr 8.802e-03, val/acc 4.720e-01, val/nll 1.947e+00
[2023-02-16 08:42:00] [Epoch   114/  500] trn/loss 2.319e+00, trn/lr 8.782e-03, val/acc 4.662e-01, val/nll 1.954e+00
[2023-02-16 08:42:04] [Epoch   115/  500] trn/loss 2.314e+00, trn/lr 8.761e-03, val/acc 4.709e-01, val/nll 1.937e+00
[2023-02-16 08:42:07] [Epoch   116/  500] trn/loss 2.308e+00, trn/lr 8.740e-03, val/acc 4.725e-01, val/nll 1.947e+00
[2023-02-16 08:42:11] [Epoch   117/  500] trn/loss 2.297e+00, trn/lr 8.719e-03, val/acc 4.561e-01, val/nll 1.995e+00
[2023-02-16 08:42:15] [Epoch   118/  500] trn/loss 2.307e+00, trn/lr 8.698e-03, val/acc 4.753e-01, val/nll 1.919e+00 (best_acc: 4.737e-01 -> 4.753e-01, test_acc: 4.852e-01, test_nll: 1.887e+00)
[2023-02-16 08:42:18] [Epoch   119/  500] trn/loss 2.301e+00, trn/lr 8.677e-03, val/acc 4.757e-01, val/nll 1.937e+00 (best_acc: 4.753e-01 -> 4.757e-01, test_acc: 4.840e-01, test_nll: 1.904e+00)
[2023-02-16 08:42:22] [Epoch   120/  500] trn/loss 2.298e+00, trn/lr 8.656e-03, val/acc 4.791e-01, val/nll 1.911e+00 (best_acc: 4.757e-01 -> 4.791e-01, test_acc: 4.898e-01, test_nll: 1.884e+00)
[2023-02-16 08:42:27] [Epoch   121/  500] trn/loss 2.301e+00, trn/lr 8.634e-03, val/acc 4.608e-01, val/nll 1.972e+00
[2023-02-16 08:42:30] [Epoch   122/  500] trn/loss 2.291e+00, trn/lr 8.612e-03, val/acc 4.667e-01, val/nll 1.941e+00
[2023-02-16 08:42:34] [Epoch   123/  500] trn/loss 2.296e+00, trn/lr 8.591e-03, val/acc 4.723e-01, val/nll 1.929e+00
[2023-02-16 08:42:38] [Epoch   124/  500] trn/loss 2.283e+00, trn/lr 8.569e-03, val/acc 4.688e-01, val/nll 1.969e+00
[2023-02-16 08:42:41] [Epoch   125/  500] trn/loss 2.292e+00, trn/lr 8.547e-03, val/acc 4.675e-01, val/nll 1.977e+00
[2023-02-16 08:42:45] [Epoch   126/  500] trn/loss 2.278e+00, trn/lr 8.524e-03, val/acc 4.702e-01, val/nll 1.964e+00
[2023-02-16 08:42:48] [Epoch   127/  500] trn/loss 2.293e+00, trn/lr 8.502e-03, val/acc 4.671e-01, val/nll 1.944e+00
[2023-02-16 08:42:52] [Epoch   128/  500] trn/loss 2.287e+00, trn/lr 8.480e-03, val/acc 4.771e-01, val/nll 1.924e+00
[2023-02-16 08:42:55] [Epoch   129/  500] trn/loss 2.277e+00, trn/lr 8.457e-03, val/acc 4.659e-01, val/nll 1.931e+00
[2023-02-16 08:42:59] [Epoch   130/  500] trn/loss 2.280e+00, trn/lr 8.434e-03, val/acc 4.660e-01, val/nll 1.953e+00
[2023-02-16 08:43:02] [Epoch   131/  500] trn/loss 2.280e+00, trn/lr 8.411e-03, val/acc 4.772e-01, val/nll 1.935e+00
[2023-02-16 08:43:05] [Epoch   132/  500] trn/loss 2.280e+00, trn/lr 8.388e-03, val/acc 4.717e-01, val/nll 1.933e+00
[2023-02-16 08:43:09] [Epoch   133/  500] trn/loss 2.267e+00, trn/lr 8.365e-03, val/acc 4.844e-01, val/nll 1.896e+00 (best_acc: 4.791e-01 -> 4.844e-01, test_acc: 4.926e-01, test_nll: 1.855e+00)
[2023-02-16 08:43:13] [Epoch   134/  500] trn/loss 2.281e+00, trn/lr 8.342e-03, val/acc 4.865e-01, val/nll 1.871e+00 (best_acc: 4.844e-01 -> 4.865e-01, test_acc: 4.951e-01, test_nll: 1.843e+00)
[2023-02-16 08:43:16] [Epoch   135/  500] trn/loss 2.272e+00, trn/lr 8.318e-03, val/acc 4.833e-01, val/nll 1.923e+00
[2023-02-16 08:43:20] [Epoch   136/  500] trn/loss 2.261e+00, trn/lr 8.295e-03, val/acc 4.673e-01, val/nll 1.949e+00
[2023-02-16 08:43:23] [Epoch   137/  500] trn/loss 2.264e+00, trn/lr 8.271e-03, val/acc 4.666e-01, val/nll 1.970e+00
[2023-02-16 08:43:27] [Epoch   138/  500] trn/loss 2.270e+00, trn/lr 8.247e-03, val/acc 4.671e-01, val/nll 1.971e+00
[2023-02-16 08:43:30] [Epoch   139/  500] trn/loss 2.258e+00, trn/lr 8.223e-03, val/acc 4.709e-01, val/nll 1.936e+00
[2023-02-16 08:43:34] [Epoch   140/  500] trn/loss 2.265e+00, trn/lr 8.199e-03, val/acc 4.774e-01, val/nll 1.910e+00
[2023-02-16 08:43:37] [Epoch   141/  500] trn/loss 2.257e+00, trn/lr 8.175e-03, val/acc 4.775e-01, val/nll 1.922e+00
[2023-02-16 08:43:41] [Epoch   142/  500] trn/loss 2.251e+00, trn/lr 8.151e-03, val/acc 4.812e-01, val/nll 1.903e+00
[2023-02-16 08:43:44] [Epoch   143/  500] trn/loss 2.265e+00, trn/lr 8.126e-03, val/acc 4.834e-01, val/nll 1.906e+00
[2023-02-16 08:43:48] [Epoch   144/  500] trn/loss 2.251e+00, trn/lr 8.102e-03, val/acc 4.772e-01, val/nll 1.913e+00
[2023-02-16 08:43:51] [Epoch   145/  500] trn/loss 2.258e+00, trn/lr 8.077e-03, val/acc 4.809e-01, val/nll 1.902e+00
[2023-02-16 08:43:55] [Epoch   146/  500] trn/loss 2.264e+00, trn/lr 8.052e-03, val/acc 4.794e-01, val/nll 1.913e+00
[2023-02-16 08:43:58] [Epoch   147/  500] trn/loss 2.254e+00, trn/lr 8.027e-03, val/acc 4.934e-01, val/nll 1.870e+00 (best_acc: 4.865e-01 -> 4.934e-01, test_acc: 5.041e-01, test_nll: 1.830e+00)
[2023-02-16 08:44:02] [Epoch   148/  500] trn/loss 2.258e+00, trn/lr 8.002e-03, val/acc 4.843e-01, val/nll 1.891e+00
[2023-02-16 08:44:05] [Epoch   149/  500] trn/loss 2.251e+00, trn/lr 7.977e-03, val/acc 4.778e-01, val/nll 1.908e+00
[2023-02-16 08:44:09] [Epoch   150/  500] trn/loss 2.247e+00, trn/lr 7.952e-03, val/acc 4.752e-01, val/nll 1.902e+00
[2023-02-16 08:44:12] [Epoch   151/  500] trn/loss 2.241e+00, trn/lr 7.926e-03, val/acc 4.894e-01, val/nll 1.880e+00
[2023-02-16 08:44:16] [Epoch   152/  500] trn/loss 2.236e+00, trn/lr 7.901e-03, val/acc 4.829e-01, val/nll 1.893e+00
[2023-02-16 08:44:19] [Epoch   153/  500] trn/loss 2.240e+00, trn/lr 7.875e-03, val/acc 4.821e-01, val/nll 1.906e+00
[2023-02-16 08:44:23] [Epoch   154/  500] trn/loss 2.243e+00, trn/lr 7.849e-03, val/acc 4.899e-01, val/nll 1.871e+00
[2023-02-16 08:44:26] [Epoch   155/  500] trn/loss 2.234e+00, trn/lr 7.823e-03, val/acc 4.865e-01, val/nll 1.895e+00
[2023-02-16 08:44:30] [Epoch   156/  500] trn/loss 2.241e+00, trn/lr 7.797e-03, val/acc 4.808e-01, val/nll 1.912e+00
[2023-02-16 08:44:33] [Epoch   157/  500] trn/loss 2.236e+00, trn/lr 7.771e-03, val/acc 4.914e-01, val/nll 1.870e+00
[2023-02-16 08:44:37] [Epoch   158/  500] trn/loss 2.239e+00, trn/lr 7.745e-03, val/acc 4.877e-01, val/nll 1.882e+00
[2023-02-16 08:44:40] [Epoch   159/  500] trn/loss 2.234e+00, trn/lr 7.719e-03, val/acc 4.735e-01, val/nll 1.918e+00
[2023-02-16 08:44:44] [Epoch   160/  500] trn/loss 2.234e+00, trn/lr 7.692e-03, val/acc 4.936e-01, val/nll 1.865e+00 (best_acc: 4.934e-01 -> 4.936e-01, test_acc: 5.020e-01, test_nll: 1.828e+00)
[2023-02-16 08:44:48] [Epoch   161/  500] trn/loss 2.233e+00, trn/lr 7.666e-03, val/acc 4.968e-01, val/nll 1.839e+00 (best_acc: 4.936e-01 -> 4.968e-01, test_acc: 5.059e-01, test_nll: 1.815e+00)
[2023-02-16 08:44:51] [Epoch   162/  500] trn/loss 2.230e+00, trn/lr 7.639e-03, val/acc 4.857e-01, val/nll 1.870e+00
[2023-02-16 08:44:55] [Epoch   163/  500] trn/loss 2.230e+00, trn/lr 7.613e-03, val/acc 4.909e-01, val/nll 1.878e+00
[2023-02-16 08:44:58] [Epoch   164/  500] trn/loss 2.223e+00, trn/lr 7.586e-03, val/acc 4.912e-01, val/nll 1.871e+00
[2023-02-16 08:45:02] [Epoch   165/  500] trn/loss 2.217e+00, trn/lr 7.559e-03, val/acc 5.021e-01, val/nll 1.837e+00 (best_acc: 4.968e-01 -> 5.021e-01, test_acc: 5.111e-01, test_nll: 1.801e+00)
[2023-02-16 08:45:05] [Epoch   166/  500] trn/loss 2.225e+00, trn/lr 7.532e-03, val/acc 4.957e-01, val/nll 1.850e+00
[2023-02-16 08:45:09] [Epoch   167/  500] trn/loss 2.226e+00, trn/lr 7.505e-03, val/acc 4.844e-01, val/nll 1.903e+00
[2023-02-16 08:45:12] [Epoch   168/  500] trn/loss 2.227e+00, trn/lr 7.477e-03, val/acc 4.944e-01, val/nll 1.841e+00
[2023-02-16 08:45:16] [Epoch   169/  500] trn/loss 2.226e+00, trn/lr 7.450e-03, val/acc 4.909e-01, val/nll 1.858e+00
[2023-02-16 08:45:19] [Epoch   170/  500] trn/loss 2.219e+00, trn/lr 7.423e-03, val/acc 4.961e-01, val/nll 1.855e+00
[2023-02-16 08:45:23] [Epoch   171/  500] trn/loss 2.221e+00, trn/lr 7.395e-03, val/acc 4.918e-01, val/nll 1.848e+00
[2023-02-16 08:45:26] [Epoch   172/  500] trn/loss 2.207e+00, trn/lr 7.367e-03, val/acc 4.865e-01, val/nll 1.877e+00
[2023-02-16 08:45:30] [Epoch   173/  500] trn/loss 2.215e+00, trn/lr 7.340e-03, val/acc 4.921e-01, val/nll 1.855e+00
[2023-02-16 08:45:33] [Epoch   174/  500] trn/loss 2.220e+00, trn/lr 7.312e-03, val/acc 4.857e-01, val/nll 1.898e+00
[2023-02-16 08:45:37] [Epoch   175/  500] trn/loss 2.212e+00, trn/lr 7.284e-03, val/acc 4.896e-01, val/nll 1.860e+00
[2023-02-16 08:45:40] [Epoch   176/  500] trn/loss 2.213e+00, trn/lr 7.256e-03, val/acc 4.944e-01, val/nll 1.834e+00
[2023-02-16 08:45:44] [Epoch   177/  500] trn/loss 2.213e+00, trn/lr 7.228e-03, val/acc 4.846e-01, val/nll 1.866e+00
[2023-02-16 08:45:47] [Epoch   178/  500] trn/loss 2.210e+00, trn/lr 7.200e-03, val/acc 4.958e-01, val/nll 1.828e+00
[2023-02-16 08:45:50] [Epoch   179/  500] trn/loss 2.205e+00, trn/lr 7.172e-03, val/acc 4.892e-01, val/nll 1.872e+00
[2023-02-16 08:45:54] [Epoch   180/  500] trn/loss 2.209e+00, trn/lr 7.143e-03, val/acc 4.988e-01, val/nll 1.848e+00
[2023-02-16 08:45:57] [Epoch   181/  500] trn/loss 2.208e+00, trn/lr 7.115e-03, val/acc 4.956e-01, val/nll 1.816e+00
[2023-02-16 08:46:01] [Epoch   182/  500] trn/loss 2.203e+00, trn/lr 7.086e-03, val/acc 4.940e-01, val/nll 1.836e+00
[2023-02-16 08:46:04] [Epoch   183/  500] trn/loss 2.199e+00, trn/lr 7.058e-03, val/acc 4.998e-01, val/nll 1.843e+00
[2023-02-16 08:46:08] [Epoch   184/  500] trn/loss 2.196e+00, trn/lr 7.029e-03, val/acc 4.928e-01, val/nll 1.842e+00
[2023-02-16 08:46:11] [Epoch   185/  500] trn/loss 2.197e+00, trn/lr 7.000e-03, val/acc 4.916e-01, val/nll 1.843e+00
[2023-02-16 08:46:15] [Epoch   186/  500] trn/loss 2.203e+00, trn/lr 6.971e-03, val/acc 4.959e-01, val/nll 1.838e+00
[2023-02-16 08:46:18] [Epoch   187/  500] trn/loss 2.192e+00, trn/lr 6.942e-03, val/acc 4.944e-01, val/nll 1.828e+00
[2023-02-16 08:46:22] [Epoch   188/  500] trn/loss 2.205e+00, trn/lr 6.914e-03, val/acc 5.069e-01, val/nll 1.807e+00 (best_acc: 5.021e-01 -> 5.069e-01, test_acc: 5.205e-01, test_nll: 1.770e+00)
[2023-02-16 08:46:26] [Epoch   189/  500] trn/loss 2.183e+00, trn/lr 6.884e-03, val/acc 4.912e-01, val/nll 1.881e+00
[2023-02-16 08:46:29] [Epoch   190/  500] trn/loss 2.189e+00, trn/lr 6.855e-03, val/acc 4.961e-01, val/nll 1.842e+00
[2023-02-16 08:46:33] [Epoch   191/  500] trn/loss 2.184e+00, trn/lr 6.826e-03, val/acc 5.058e-01, val/nll 1.792e+00
[2023-02-16 08:46:36] [Epoch   192/  500] trn/loss 2.190e+00, trn/lr 6.797e-03, val/acc 4.841e-01, val/nll 1.883e+00
[2023-02-16 08:46:40] [Epoch   193/  500] trn/loss 2.196e+00, trn/lr 6.767e-03, val/acc 4.979e-01, val/nll 1.824e+00
[2023-02-16 08:46:43] [Epoch   194/  500] trn/loss 2.191e+00, trn/lr 6.738e-03, val/acc 5.011e-01, val/nll 1.805e+00
[2023-02-16 08:46:47] [Epoch   195/  500] trn/loss 2.195e+00, trn/lr 6.709e-03, val/acc 4.958e-01, val/nll 1.836e+00
[2023-02-16 08:46:50] [Epoch   196/  500] trn/loss 2.195e+00, trn/lr 6.679e-03, val/acc 4.986e-01, val/nll 1.818e+00
[2023-02-16 08:46:54] [Epoch   197/  500] trn/loss 2.193e+00, trn/lr 6.649e-03, val/acc 5.056e-01, val/nll 1.803e+00
[2023-02-16 08:46:57] [Epoch   198/  500] trn/loss 2.182e+00, trn/lr 6.620e-03, val/acc 4.991e-01, val/nll 1.844e+00
[2023-02-16 08:47:01] [Epoch   199/  500] trn/loss 2.185e+00, trn/lr 6.590e-03, val/acc 4.968e-01, val/nll 1.848e+00
[2023-02-16 08:47:04] [Epoch   200/  500] trn/loss 2.182e+00, trn/lr 6.560e-03, val/acc 4.991e-01, val/nll 1.832e+00
[2023-02-16 08:47:07] [Epoch   201/  500] trn/loss 2.181e+00, trn/lr 6.530e-03, val/acc 4.889e-01, val/nll 1.861e+00
[2023-02-16 08:47:11] [Epoch   202/  500] trn/loss 2.182e+00, trn/lr 6.500e-03, val/acc 4.884e-01, val/nll 1.887e+00
[2023-02-16 08:47:14] [Epoch   203/  500] trn/loss 2.178e+00, trn/lr 6.470e-03, val/acc 5.055e-01, val/nll 1.806e+00
[2023-02-16 08:47:18] [Epoch   204/  500] trn/loss 2.183e+00, trn/lr 6.440e-03, val/acc 5.044e-01, val/nll 1.812e+00
[2023-02-16 08:47:21] [Epoch   205/  500] trn/loss 2.180e+00, trn/lr 6.410e-03, val/acc 5.030e-01, val/nll 1.838e+00
[2023-02-16 08:47:25] [Epoch   206/  500] trn/loss 2.181e+00, trn/lr 6.380e-03, val/acc 5.022e-01, val/nll 1.808e+00
[2023-02-16 08:47:28] [Epoch   207/  500] trn/loss 2.181e+00, trn/lr 6.350e-03, val/acc 5.049e-01, val/nll 1.814e+00
[2023-02-16 08:47:32] [Epoch   208/  500] trn/loss 2.169e+00, trn/lr 6.319e-03, val/acc 5.027e-01, val/nll 1.830e+00
[2023-02-16 08:47:35] [Epoch   209/  500] trn/loss 2.172e+00, trn/lr 6.289e-03, val/acc 4.946e-01, val/nll 1.838e+00
[2023-02-16 08:47:39] [Epoch   210/  500] trn/loss 2.165e+00, trn/lr 6.259e-03, val/acc 5.038e-01, val/nll 1.804e+00
[2023-02-16 08:47:42] [Epoch   211/  500] trn/loss 2.170e+00, trn/lr 6.228e-03, val/acc 5.014e-01, val/nll 1.818e+00
[2023-02-16 08:47:46] [Epoch   212/  500] trn/loss 2.169e+00, trn/lr 6.198e-03, val/acc 4.951e-01, val/nll 1.824e+00
[2023-02-16 08:47:49] [Epoch   213/  500] trn/loss 2.160e+00, trn/lr 6.167e-03, val/acc 5.010e-01, val/nll 1.809e+00
[2023-02-16 08:47:53] [Epoch   214/  500] trn/loss 2.168e+00, trn/lr 6.137e-03, val/acc 4.871e-01, val/nll 1.850e+00
[2023-02-16 08:47:56] [Epoch   215/  500] trn/loss 2.164e+00, trn/lr 6.106e-03, val/acc 5.164e-01, val/nll 1.770e+00 (best_acc: 5.069e-01 -> 5.164e-01, test_acc: 5.232e-01, test_nll: 1.740e+00)
[2023-02-16 08:48:00] [Epoch   216/  500] trn/loss 2.169e+00, trn/lr 6.075e-03, val/acc 5.009e-01, val/nll 1.824e+00
[2023-02-16 08:48:03] [Epoch   217/  500] trn/loss 2.157e+00, trn/lr 6.045e-03, val/acc 5.052e-01, val/nll 1.816e+00
[2023-02-16 08:48:07] [Epoch   218/  500] trn/loss 2.157e+00, trn/lr 6.014e-03, val/acc 5.118e-01, val/nll 1.763e+00
[2023-02-16 08:48:10] [Epoch   219/  500] trn/loss 2.160e+00, trn/lr 5.983e-03, val/acc 5.006e-01, val/nll 1.814e+00
[2023-02-16 08:48:14] [Epoch   220/  500] trn/loss 2.158e+00, trn/lr 5.952e-03, val/acc 5.123e-01, val/nll 1.780e+00
[2023-02-16 08:48:17] [Epoch   221/  500] trn/loss 2.148e+00, trn/lr 5.922e-03, val/acc 4.988e-01, val/nll 1.818e+00
[2023-02-16 08:48:21] [Epoch   222/  500] trn/loss 2.160e+00, trn/lr 5.891e-03, val/acc 4.955e-01, val/nll 1.850e+00
[2023-02-16 08:48:24] [Epoch   223/  500] trn/loss 2.149e+00, trn/lr 5.860e-03, val/acc 5.129e-01, val/nll 1.782e+00
[2023-02-16 08:48:28] [Epoch   224/  500] trn/loss 2.154e+00, trn/lr 5.829e-03, val/acc 5.082e-01, val/nll 1.782e+00
[2023-02-16 08:48:31] [Epoch   225/  500] trn/loss 2.153e+00, trn/lr 5.798e-03, val/acc 4.997e-01, val/nll 1.808e+00
[2023-02-16 08:48:35] [Epoch   226/  500] trn/loss 2.150e+00, trn/lr 5.767e-03, val/acc 5.082e-01, val/nll 1.777e+00
[2023-02-16 08:48:38] [Epoch   227/  500] trn/loss 2.145e+00, trn/lr 5.736e-03, val/acc 4.936e-01, val/nll 1.838e+00
[2023-02-16 08:48:42] [Epoch   228/  500] trn/loss 2.142e+00, trn/lr 5.705e-03, val/acc 5.046e-01, val/nll 1.793e+00
[2023-02-16 08:48:45] [Epoch   229/  500] trn/loss 2.146e+00, trn/lr 5.673e-03, val/acc 5.034e-01, val/nll 1.800e+00
[2023-02-16 08:48:48] [Epoch   230/  500] trn/loss 2.147e+00, trn/lr 5.642e-03, val/acc 5.079e-01, val/nll 1.805e+00
[2023-02-16 08:48:52] [Epoch   231/  500] trn/loss 2.143e+00, trn/lr 5.611e-03, val/acc 5.010e-01, val/nll 1.819e+00
[2023-02-16 08:48:55] [Epoch   232/  500] trn/loss 2.148e+00, trn/lr 5.580e-03, val/acc 5.138e-01, val/nll 1.767e+00
[2023-02-16 08:48:59] [Epoch   233/  500] trn/loss 2.147e+00, trn/lr 5.549e-03, val/acc 5.091e-01, val/nll 1.777e+00
[2023-02-16 08:49:03] [Epoch   234/  500] trn/loss 2.132e+00, trn/lr 5.518e-03, val/acc 5.252e-01, val/nll 1.742e+00 (best_acc: 5.164e-01 -> 5.252e-01, test_acc: 5.289e-01, test_nll: 1.717e+00)
[2023-02-16 08:49:06] [Epoch   235/  500] trn/loss 2.141e+00, trn/lr 5.486e-03, val/acc 5.192e-01, val/nll 1.773e+00
[2023-02-16 08:49:10] [Epoch   236/  500] trn/loss 2.130e+00, trn/lr 5.455e-03, val/acc 5.108e-01, val/nll 1.781e+00
[2023-02-16 08:49:13] [Epoch   237/  500] trn/loss 2.140e+00, trn/lr 5.424e-03, val/acc 5.146e-01, val/nll 1.773e+00
[2023-02-16 08:49:17] [Epoch   238/  500] trn/loss 2.141e+00, trn/lr 5.392e-03, val/acc 5.208e-01, val/nll 1.757e+00
[2023-02-16 08:49:20] [Epoch   239/  500] trn/loss 2.129e+00, trn/lr 5.361e-03, val/acc 5.136e-01, val/nll 1.768e+00
[2023-02-16 08:49:24] [Epoch   240/  500] trn/loss 2.136e+00, trn/lr 5.330e-03, val/acc 5.180e-01, val/nll 1.766e+00
[2023-02-16 08:49:27] [Epoch   241/  500] trn/loss 2.122e+00, trn/lr 5.298e-03, val/acc 5.212e-01, val/nll 1.753e+00
[2023-02-16 08:49:31] [Epoch   242/  500] trn/loss 2.125e+00, trn/lr 5.267e-03, val/acc 5.093e-01, val/nll 1.814e+00
[2023-02-16 08:49:34] [Epoch   243/  500] trn/loss 2.125e+00, trn/lr 5.236e-03, val/acc 5.176e-01, val/nll 1.752e+00
[2023-02-16 08:49:37] [Epoch   244/  500] trn/loss 2.130e+00, trn/lr 5.204e-03, val/acc 5.196e-01, val/nll 1.753e+00
[2023-02-16 08:49:41] [Epoch   245/  500] trn/loss 2.131e+00, trn/lr 5.173e-03, val/acc 5.146e-01, val/nll 1.766e+00
[2023-02-16 08:49:44] [Epoch   246/  500] trn/loss 2.126e+00, trn/lr 5.141e-03, val/acc 5.055e-01, val/nll 1.801e+00
[2023-02-16 08:49:48] [Epoch   247/  500] trn/loss 2.120e+00, trn/lr 5.110e-03, val/acc 5.082e-01, val/nll 1.765e+00
[2023-02-16 08:49:51] [Epoch   248/  500] trn/loss 2.119e+00, trn/lr 5.079e-03, val/acc 5.176e-01, val/nll 1.758e+00
[2023-02-16 08:49:55] [Epoch   249/  500] trn/loss 2.118e+00, trn/lr 5.047e-03, val/acc 5.192e-01, val/nll 1.735e+00
[2023-02-16 08:49:58] [Epoch   250/  500] trn/loss 2.119e+00, trn/lr 5.016e-03, val/acc 5.169e-01, val/nll 1.759e+00
[2023-02-16 08:50:02] [Epoch   251/  500] trn/loss 2.114e+00, trn/lr 4.984e-03, val/acc 5.150e-01, val/nll 1.745e+00
[2023-02-16 08:50:06] [Epoch   252/  500] trn/loss 2.112e+00, trn/lr 4.953e-03, val/acc 5.267e-01, val/nll 1.710e+00 (best_acc: 5.252e-01 -> 5.267e-01, test_acc: 5.362e-01, test_nll: 1.687e+00)
[2023-02-16 08:50:09] [Epoch   253/  500] trn/loss 2.122e+00, trn/lr 4.922e-03, val/acc 5.237e-01, val/nll 1.738e+00
[2023-02-16 08:50:12] [Epoch   254/  500] trn/loss 2.108e+00, trn/lr 4.890e-03, val/acc 5.194e-01, val/nll 1.737e+00
[2023-02-16 08:50:16] [Epoch   255/  500] trn/loss 2.115e+00, trn/lr 4.859e-03, val/acc 5.127e-01, val/nll 1.746e+00
[2023-02-16 08:50:19] [Epoch   256/  500] trn/loss 2.118e+00, trn/lr 4.827e-03, val/acc 5.136e-01, val/nll 1.782e+00
[2023-02-16 08:50:23] [Epoch   257/  500] trn/loss 2.106e+00, trn/lr 4.796e-03, val/acc 5.148e-01, val/nll 1.759e+00
[2023-02-16 08:50:26] [Epoch   258/  500] trn/loss 2.103e+00, trn/lr 4.765e-03, val/acc 5.208e-01, val/nll 1.732e+00
[2023-02-16 08:50:30] [Epoch   259/  500] trn/loss 2.110e+00, trn/lr 4.733e-03, val/acc 5.212e-01, val/nll 1.735e+00
[2023-02-16 08:50:33] [Epoch   260/  500] trn/loss 2.108e+00, trn/lr 4.702e-03, val/acc 5.176e-01, val/nll 1.750e+00
[2023-02-16 08:50:37] [Epoch   261/  500] trn/loss 2.101e+00, trn/lr 4.670e-03, val/acc 5.185e-01, val/nll 1.750e+00
[2023-02-16 08:50:40] [Epoch   262/  500] trn/loss 2.108e+00, trn/lr 4.639e-03, val/acc 5.160e-01, val/nll 1.780e+00
[2023-02-16 08:50:44] [Epoch   263/  500] trn/loss 2.100e+00, trn/lr 4.608e-03, val/acc 5.144e-01, val/nll 1.743e+00
[2023-02-16 08:50:47] [Epoch   264/  500] trn/loss 2.102e+00, trn/lr 4.576e-03, val/acc 5.180e-01, val/nll 1.753e+00
[2023-02-16 08:50:51] [Epoch   265/  500] trn/loss 2.107e+00, trn/lr 4.545e-03, val/acc 5.158e-01, val/nll 1.754e+00
[2023-02-16 08:50:54] [Epoch   266/  500] trn/loss 2.106e+00, trn/lr 4.514e-03, val/acc 5.241e-01, val/nll 1.727e+00
[2023-02-16 08:50:58] [Epoch   267/  500] trn/loss 2.106e+00, trn/lr 4.483e-03, val/acc 5.263e-01, val/nll 1.729e+00
[2023-02-16 08:51:01] [Epoch   268/  500] trn/loss 2.094e+00, trn/lr 4.451e-03, val/acc 5.263e-01, val/nll 1.742e+00
[2023-02-16 08:51:05] [Epoch   269/  500] trn/loss 2.090e+00, trn/lr 4.420e-03, val/acc 5.124e-01, val/nll 1.754e+00
[2023-02-16 08:51:08] [Epoch   270/  500] trn/loss 2.091e+00, trn/lr 4.389e-03, val/acc 5.062e-01, val/nll 1.779e+00
[2023-02-16 08:51:12] [Epoch   271/  500] trn/loss 2.092e+00, trn/lr 4.358e-03, val/acc 5.252e-01, val/nll 1.733e+00
[2023-02-16 08:51:15] [Epoch   272/  500] trn/loss 2.095e+00, trn/lr 4.327e-03, val/acc 5.256e-01, val/nll 1.708e+00
[2023-02-16 08:51:19] [Epoch   273/  500] trn/loss 2.091e+00, trn/lr 4.296e-03, val/acc 5.322e-01, val/nll 1.699e+00 (best_acc: 5.267e-01 -> 5.322e-01, test_acc: 5.405e-01, test_nll: 1.670e+00)
[2023-02-16 08:51:22] [Epoch   274/  500] trn/loss 2.083e+00, trn/lr 4.265e-03, val/acc 5.112e-01, val/nll 1.758e+00
[2023-02-16 08:51:26] [Epoch   275/  500] trn/loss 2.084e+00, trn/lr 4.233e-03, val/acc 5.269e-01, val/nll 1.724e+00
[2023-02-16 08:51:29] [Epoch   276/  500] trn/loss 2.080e+00, trn/lr 4.202e-03, val/acc 5.344e-01, val/nll 1.701e+00 (best_acc: 5.322e-01 -> 5.344e-01, test_acc: 5.391e-01, test_nll: 1.671e+00)
[2023-02-16 08:51:33] [Epoch   277/  500] trn/loss 2.092e+00, trn/lr 4.171e-03, val/acc 5.184e-01, val/nll 1.734e+00
[2023-02-16 08:51:36] [Epoch   278/  500] trn/loss 2.082e+00, trn/lr 4.140e-03, val/acc 5.163e-01, val/nll 1.756e+00
[2023-02-16 08:51:40] [Epoch   279/  500] trn/loss 2.082e+00, trn/lr 4.110e-03, val/acc 5.311e-01, val/nll 1.711e+00
[2023-02-16 08:51:43] [Epoch   280/  500] trn/loss 2.079e+00, trn/lr 4.079e-03, val/acc 5.160e-01, val/nll 1.746e+00
[2023-02-16 08:51:47] [Epoch   281/  500] trn/loss 2.074e+00, trn/lr 4.048e-03, val/acc 5.152e-01, val/nll 1.747e+00
[2023-02-16 08:51:50] [Epoch   282/  500] trn/loss 2.077e+00, trn/lr 4.017e-03, val/acc 5.331e-01, val/nll 1.702e+00
[2023-02-16 08:51:54] [Epoch   283/  500] trn/loss 2.071e+00, trn/lr 3.986e-03, val/acc 5.314e-01, val/nll 1.718e+00
[2023-02-16 08:51:57] [Epoch   284/  500] trn/loss 2.066e+00, trn/lr 3.955e-03, val/acc 5.267e-01, val/nll 1.712e+00
[2023-02-16 08:52:01] [Epoch   285/  500] trn/loss 2.085e+00, trn/lr 3.925e-03, val/acc 5.184e-01, val/nll 1.766e+00
[2023-02-16 08:52:04] [Epoch   286/  500] trn/loss 2.072e+00, trn/lr 3.894e-03, val/acc 5.236e-01, val/nll 1.726e+00
[2023-02-16 08:52:08] [Epoch   287/  500] trn/loss 2.071e+00, trn/lr 3.863e-03, val/acc 5.199e-01, val/nll 1.729e+00
[2023-02-16 08:52:11] [Epoch   288/  500] trn/loss 2.071e+00, trn/lr 3.833e-03, val/acc 5.176e-01, val/nll 1.735e+00
[2023-02-16 08:52:15] [Epoch   289/  500] trn/loss 2.067e+00, trn/lr 3.802e-03, val/acc 5.192e-01, val/nll 1.756e+00
[2023-02-16 08:52:18] [Epoch   290/  500] trn/loss 2.063e+00, trn/lr 3.772e-03, val/acc 5.241e-01, val/nll 1.724e+00
[2023-02-16 08:52:22] [Epoch   291/  500] trn/loss 2.067e+00, trn/lr 3.741e-03, val/acc 5.239e-01, val/nll 1.715e+00
[2023-02-16 08:52:25] [Epoch   292/  500] trn/loss 2.063e+00, trn/lr 3.711e-03, val/acc 5.343e-01, val/nll 1.677e+00
[2023-02-16 08:52:29] [Epoch   293/  500] trn/loss 2.062e+00, trn/lr 3.681e-03, val/acc 5.333e-01, val/nll 1.672e+00
[2023-02-16 08:52:32] [Epoch   294/  500] trn/loss 2.058e+00, trn/lr 3.650e-03, val/acc 5.353e-01, val/nll 1.680e+00 (best_acc: 5.344e-01 -> 5.353e-01, test_acc: 5.432e-01, test_nll: 1.648e+00)
[2023-02-16 08:52:36] [Epoch   295/  500] trn/loss 2.056e+00, trn/lr 3.620e-03, val/acc 5.279e-01, val/nll 1.696e+00
[2023-02-16 08:52:39] [Epoch   296/  500] trn/loss 2.050e+00, trn/lr 3.590e-03, val/acc 5.285e-01, val/nll 1.718e+00
[2023-02-16 08:52:43] [Epoch   297/  500] trn/loss 2.055e+00, trn/lr 3.560e-03, val/acc 5.288e-01, val/nll 1.707e+00
[2023-02-16 08:52:46] [Epoch   298/  500] trn/loss 2.048e+00, trn/lr 3.530e-03, val/acc 5.438e-01, val/nll 1.667e+00 (best_acc: 5.353e-01 -> 5.438e-01, test_acc: 5.446e-01, test_nll: 1.639e+00)
[2023-02-16 08:52:50] [Epoch   299/  500] trn/loss 2.048e+00, trn/lr 3.500e-03, val/acc 5.337e-01, val/nll 1.676e+00
[2023-02-16 08:52:53] [Epoch   300/  500] trn/loss 2.063e+00, trn/lr 3.470e-03, val/acc 5.315e-01, val/nll 1.692e+00
[2023-02-16 08:52:57] [Epoch   301/  500] trn/loss 2.056e+00, trn/lr 3.440e-03, val/acc 5.270e-01, val/nll 1.717e+00
[2023-02-16 08:53:00] [Epoch   302/  500] trn/loss 2.054e+00, trn/lr 3.410e-03, val/acc 5.368e-01, val/nll 1.680e+00
[2023-02-16 08:53:04] [Epoch   303/  500] trn/loss 2.048e+00, trn/lr 3.381e-03, val/acc 5.273e-01, val/nll 1.700e+00
[2023-02-16 08:53:07] [Epoch   304/  500] trn/loss 2.039e+00, trn/lr 3.351e-03, val/acc 5.202e-01, val/nll 1.749e+00
[2023-02-16 08:53:11] [Epoch   305/  500] trn/loss 2.048e+00, trn/lr 3.321e-03, val/acc 5.258e-01, val/nll 1.709e+00
[2023-02-16 08:53:14] [Epoch   306/  500] trn/loss 2.049e+00, trn/lr 3.292e-03, val/acc 5.332e-01, val/nll 1.689e+00
[2023-02-16 08:53:18] [Epoch   307/  500] trn/loss 2.046e+00, trn/lr 3.262e-03, val/acc 5.399e-01, val/nll 1.660e+00
[2023-02-16 08:53:21] [Epoch   308/  500] trn/loss 2.047e+00, trn/lr 3.233e-03, val/acc 5.385e-01, val/nll 1.680e+00
[2023-02-16 08:53:25] [Epoch   309/  500] trn/loss 2.043e+00, trn/lr 3.203e-03, val/acc 5.316e-01, val/nll 1.692e+00
[2023-02-16 08:53:28] [Epoch   310/  500] trn/loss 2.038e+00, trn/lr 3.174e-03, val/acc 5.341e-01, val/nll 1.700e+00
[2023-02-16 08:53:32] [Epoch   311/  500] trn/loss 2.038e+00, trn/lr 3.145e-03, val/acc 5.160e-01, val/nll 1.729e+00
[2023-02-16 08:53:35] [Epoch   312/  500] trn/loss 2.042e+00, trn/lr 3.116e-03, val/acc 5.312e-01, val/nll 1.700e+00
[2023-02-16 08:53:39] [Epoch   313/  500] trn/loss 2.037e+00, trn/lr 3.087e-03, val/acc 5.388e-01, val/nll 1.675e+00
[2023-02-16 08:53:42] [Epoch   314/  500] trn/loss 2.032e+00, trn/lr 3.058e-03, val/acc 5.324e-01, val/nll 1.693e+00
[2023-02-16 08:53:46] [Epoch   315/  500] trn/loss 2.028e+00, trn/lr 3.029e-03, val/acc 5.314e-01, val/nll 1.703e+00
[2023-02-16 08:53:49] [Epoch   316/  500] trn/loss 2.033e+00, trn/lr 3.000e-03, val/acc 5.334e-01, val/nll 1.710e+00
[2023-02-16 08:53:52] [Epoch   317/  500] trn/loss 2.032e+00, trn/lr 2.971e-03, val/acc 5.378e-01, val/nll 1.664e+00
[2023-02-16 08:53:56] [Epoch   318/  500] trn/loss 2.032e+00, trn/lr 2.943e-03, val/acc 5.338e-01, val/nll 1.683e+00
[2023-02-16 08:54:00] [Epoch   319/  500] trn/loss 2.022e+00, trn/lr 2.914e-03, val/acc 5.507e-01, val/nll 1.645e+00 (best_acc: 5.438e-01 -> 5.507e-01, test_acc: 5.563e-01, test_nll: 1.610e+00)
[2023-02-16 08:54:03] [Epoch   320/  500] trn/loss 2.021e+00, trn/lr 2.885e-03, val/acc 5.351e-01, val/nll 1.669e+00
[2023-02-16 08:54:07] [Epoch   321/  500] trn/loss 2.019e+00, trn/lr 2.857e-03, val/acc 5.434e-01, val/nll 1.647e+00
[2023-02-16 08:54:10] [Epoch   322/  500] trn/loss 2.020e+00, trn/lr 2.829e-03, val/acc 5.321e-01, val/nll 1.688e+00
[2023-02-16 08:54:14] [Epoch   323/  500] trn/loss 2.028e+00, trn/lr 2.800e-03, val/acc 5.383e-01, val/nll 1.688e+00
[2023-02-16 08:54:17] [Epoch   324/  500] trn/loss 2.015e+00, trn/lr 2.772e-03, val/acc 5.335e-01, val/nll 1.682e+00
[2023-02-16 08:54:21] [Epoch   325/  500] trn/loss 2.019e+00, trn/lr 2.744e-03, val/acc 5.429e-01, val/nll 1.663e+00
[2023-02-16 08:54:24] [Epoch   326/  500] trn/loss 2.014e+00, trn/lr 2.716e-03, val/acc 5.406e-01, val/nll 1.668e+00
[2023-02-16 08:54:28] [Epoch   327/  500] trn/loss 2.016e+00, trn/lr 2.688e-03, val/acc 5.395e-01, val/nll 1.664e+00
[2023-02-16 08:54:31] [Epoch   328/  500] trn/loss 2.011e+00, trn/lr 2.660e-03, val/acc 5.347e-01, val/nll 1.671e+00
[2023-02-16 08:54:35] [Epoch   329/  500] trn/loss 2.014e+00, trn/lr 2.633e-03, val/acc 5.441e-01, val/nll 1.647e+00
[2023-02-16 08:54:38] [Epoch   330/  500] trn/loss 2.008e+00, trn/lr 2.605e-03, val/acc 5.513e-01, val/nll 1.622e+00 (best_acc: 5.507e-01 -> 5.513e-01, test_acc: 5.598e-01, test_nll: 1.594e+00)
[2023-02-16 08:54:42] [Epoch   331/  500] trn/loss 2.003e+00, trn/lr 2.578e-03, val/acc 5.523e-01, val/nll 1.624e+00 (best_acc: 5.513e-01 -> 5.523e-01, test_acc: 5.625e-01, test_nll: 1.589e+00)
[2023-02-16 08:54:46] [Epoch   332/  500] trn/loss 2.006e+00, trn/lr 2.550e-03, val/acc 5.420e-01, val/nll 1.654e+00
[2023-02-16 08:54:49] [Epoch   333/  500] trn/loss 2.005e+00, trn/lr 2.523e-03, val/acc 5.427e-01, val/nll 1.651e+00
[2023-02-16 08:54:52] [Epoch   334/  500] trn/loss 2.005e+00, trn/lr 2.496e-03, val/acc 5.461e-01, val/nll 1.629e+00
[2023-02-16 08:54:56] [Epoch   335/  500] trn/loss 2.009e+00, trn/lr 2.468e-03, val/acc 5.415e-01, val/nll 1.655e+00
[2023-02-16 08:54:59] [Epoch   336/  500] trn/loss 2.000e+00, trn/lr 2.441e-03, val/acc 5.492e-01, val/nll 1.650e+00
[2023-02-16 08:55:03] [Epoch   337/  500] trn/loss 1.992e+00, trn/lr 2.414e-03, val/acc 5.459e-01, val/nll 1.638e+00
[2023-02-16 08:55:07] [Epoch   338/  500] trn/loss 1.998e+00, trn/lr 2.388e-03, val/acc 5.558e-01, val/nll 1.611e+00 (best_acc: 5.523e-01 -> 5.558e-01, test_acc: 5.576e-01, test_nll: 1.580e+00)
[2023-02-16 08:55:10] [Epoch   339/  500] trn/loss 1.996e+00, trn/lr 2.361e-03, val/acc 5.465e-01, val/nll 1.636e+00
[2023-02-16 08:55:14] [Epoch   340/  500] trn/loss 1.999e+00, trn/lr 2.334e-03, val/acc 5.455e-01, val/nll 1.645e+00
[2023-02-16 08:55:17] [Epoch   341/  500] trn/loss 1.992e+00, trn/lr 2.308e-03, val/acc 5.430e-01, val/nll 1.633e+00
[2023-02-16 08:55:21] [Epoch   342/  500] trn/loss 1.985e+00, trn/lr 2.281e-03, val/acc 5.493e-01, val/nll 1.628e+00
[2023-02-16 08:55:24] [Epoch   343/  500] trn/loss 1.986e+00, trn/lr 2.255e-03, val/acc 5.419e-01, val/nll 1.657e+00
[2023-02-16 08:55:27] [Epoch   344/  500] trn/loss 2.000e+00, trn/lr 2.229e-03, val/acc 5.493e-01, val/nll 1.619e+00
[2023-02-16 08:55:31] [Epoch   345/  500] trn/loss 1.981e+00, trn/lr 2.203e-03, val/acc 5.462e-01, val/nll 1.637e+00
[2023-02-16 08:55:34] [Epoch   346/  500] trn/loss 1.984e+00, trn/lr 2.177e-03, val/acc 5.521e-01, val/nll 1.636e+00
[2023-02-16 08:55:38] [Epoch   347/  500] trn/loss 1.985e+00, trn/lr 2.151e-03, val/acc 5.501e-01, val/nll 1.628e+00
[2023-02-16 08:55:41] [Epoch   348/  500] trn/loss 1.987e+00, trn/lr 2.125e-03, val/acc 5.461e-01, val/nll 1.630e+00
[2023-02-16 08:55:45] [Epoch   349/  500] trn/loss 1.983e+00, trn/lr 2.099e-03, val/acc 5.500e-01, val/nll 1.624e+00
[2023-02-16 08:55:48] [Epoch   350/  500] trn/loss 1.976e+00, trn/lr 2.074e-03, val/acc 5.537e-01, val/nll 1.604e+00
[2023-02-16 08:55:52] [Epoch   351/  500] trn/loss 1.981e+00, trn/lr 2.048e-03, val/acc 5.497e-01, val/nll 1.617e+00
[2023-02-16 08:55:55] [Epoch   352/  500] trn/loss 1.975e+00, trn/lr 2.023e-03, val/acc 5.506e-01, val/nll 1.613e+00
[2023-02-16 08:55:59] [Epoch   353/  500] trn/loss 1.976e+00, trn/lr 1.998e-03, val/acc 5.412e-01, val/nll 1.644e+00
[2023-02-16 08:56:02] [Epoch   354/  500] trn/loss 1.975e+00, trn/lr 1.973e-03, val/acc 5.445e-01, val/nll 1.639e+00
[2023-02-16 08:56:06] [Epoch   355/  500] trn/loss 1.974e+00, trn/lr 1.948e-03, val/acc 5.450e-01, val/nll 1.637e+00
[2023-02-16 08:56:09] [Epoch   356/  500] trn/loss 1.975e+00, trn/lr 1.923e-03, val/acc 5.493e-01, val/nll 1.609e+00
[2023-02-16 08:56:13] [Epoch   357/  500] trn/loss 1.958e+00, trn/lr 1.898e-03, val/acc 5.454e-01, val/nll 1.638e+00
[2023-02-16 08:56:16] [Epoch   358/  500] trn/loss 1.961e+00, trn/lr 1.874e-03, val/acc 5.519e-01, val/nll 1.609e+00
[2023-02-16 08:56:20] [Epoch   359/  500] trn/loss 1.960e+00, trn/lr 1.849e-03, val/acc 5.532e-01, val/nll 1.611e+00
[2023-02-16 08:56:23] [Epoch   360/  500] trn/loss 1.964e+00, trn/lr 1.825e-03, val/acc 5.483e-01, val/nll 1.624e+00
[2023-02-16 08:56:27] [Epoch   361/  500] trn/loss 1.952e+00, trn/lr 1.801e-03, val/acc 5.551e-01, val/nll 1.603e+00
[2023-02-16 08:56:30] [Epoch   362/  500] trn/loss 1.956e+00, trn/lr 1.777e-03, val/acc 5.541e-01, val/nll 1.613e+00
[2023-02-16 08:56:34] [Epoch   363/  500] trn/loss 1.946e+00, trn/lr 1.753e-03, val/acc 5.658e-01, val/nll 1.582e+00 (best_acc: 5.558e-01 -> 5.658e-01, test_acc: 5.712e-01, test_nll: 1.557e+00)
[2023-02-16 08:56:37] [Epoch   364/  500] trn/loss 1.959e+00, trn/lr 1.729e-03, val/acc 5.476e-01, val/nll 1.618e+00
[2023-02-16 08:56:41] [Epoch   365/  500] trn/loss 1.951e+00, trn/lr 1.705e-03, val/acc 5.543e-01, val/nll 1.605e+00
[2023-02-16 08:56:44] [Epoch   366/  500] trn/loss 1.948e+00, trn/lr 1.682e-03, val/acc 5.553e-01, val/nll 1.594e+00
[2023-02-16 08:56:48] [Epoch   367/  500] trn/loss 1.956e+00, trn/lr 1.658e-03, val/acc 5.511e-01, val/nll 1.613e+00
[2023-02-16 08:56:51] [Epoch   368/  500] trn/loss 1.954e+00, trn/lr 1.635e-03, val/acc 5.512e-01, val/nll 1.602e+00
[2023-02-16 08:56:55] [Epoch   369/  500] trn/loss 1.951e+00, trn/lr 1.612e-03, val/acc 5.517e-01, val/nll 1.614e+00
[2023-02-16 08:56:58] [Epoch   370/  500] trn/loss 1.947e+00, trn/lr 1.589e-03, val/acc 5.581e-01, val/nll 1.579e+00
[2023-02-16 08:57:02] [Epoch   371/  500] trn/loss 1.944e+00, trn/lr 1.566e-03, val/acc 5.585e-01, val/nll 1.578e+00
[2023-02-16 08:57:05] [Epoch   372/  500] trn/loss 1.947e+00, trn/lr 1.543e-03, val/acc 5.593e-01, val/nll 1.583e+00
[2023-02-16 08:57:09] [Epoch   373/  500] trn/loss 1.936e+00, trn/lr 1.521e-03, val/acc 5.574e-01, val/nll 1.595e+00
[2023-02-16 08:57:12] [Epoch   374/  500] trn/loss 1.937e+00, trn/lr 1.498e-03, val/acc 5.572e-01, val/nll 1.579e+00
[2023-02-16 08:57:16] [Epoch   375/  500] trn/loss 1.937e+00, trn/lr 1.476e-03, val/acc 5.562e-01, val/nll 1.597e+00
[2023-02-16 08:57:19] [Epoch   376/  500] trn/loss 1.937e+00, trn/lr 1.453e-03, val/acc 5.575e-01, val/nll 1.593e+00
[2023-02-16 08:57:23] [Epoch   377/  500] trn/loss 1.929e+00, trn/lr 1.431e-03, val/acc 5.643e-01, val/nll 1.569e+00
[2023-02-16 08:57:26] [Epoch   378/  500] trn/loss 1.936e+00, trn/lr 1.409e-03, val/acc 5.581e-01, val/nll 1.599e+00
[2023-02-16 08:57:30] [Epoch   379/  500] trn/loss 1.933e+00, trn/lr 1.388e-03, val/acc 5.610e-01, val/nll 1.571e+00
[2023-02-16 08:57:33] [Epoch   380/  500] trn/loss 1.923e+00, trn/lr 1.366e-03, val/acc 5.523e-01, val/nll 1.593e+00
[2023-02-16 08:57:36] [Epoch   381/  500] trn/loss 1.923e+00, trn/lr 1.344e-03, val/acc 5.548e-01, val/nll 1.586e+00
[2023-02-16 08:57:40] [Epoch   382/  500] trn/loss 1.923e+00, trn/lr 1.323e-03, val/acc 5.585e-01, val/nll 1.586e+00
[2023-02-16 08:57:43] [Epoch   383/  500] trn/loss 1.920e+00, trn/lr 1.302e-03, val/acc 5.610e-01, val/nll 1.574e+00
[2023-02-16 08:57:47] [Epoch   384/  500] trn/loss 1.913e+00, trn/lr 1.281e-03, val/acc 5.613e-01, val/nll 1.563e+00
[2023-02-16 08:57:50] [Epoch   385/  500] trn/loss 1.923e+00, trn/lr 1.260e-03, val/acc 5.629e-01, val/nll 1.566e+00
[2023-02-16 08:57:54] [Epoch   386/  500] trn/loss 1.911e+00, trn/lr 1.239e-03, val/acc 5.559e-01, val/nll 1.572e+00
[2023-02-16 08:57:58] [Epoch   387/  500] trn/loss 1.919e+00, trn/lr 1.219e-03, val/acc 5.666e-01, val/nll 1.565e+00 (best_acc: 5.658e-01 -> 5.666e-01, test_acc: 5.713e-01, test_nll: 1.533e+00)
[2023-02-16 08:58:01] [Epoch   388/  500] trn/loss 1.917e+00, trn/lr 1.198e-03, val/acc 5.611e-01, val/nll 1.566e+00
[2023-02-16 08:58:05] [Epoch   389/  500] trn/loss 1.914e+00, trn/lr 1.178e-03, val/acc 5.686e-01, val/nll 1.558e+00 (best_acc: 5.666e-01 -> 5.686e-01, test_acc: 5.728e-01, test_nll: 1.527e+00)
[2023-02-16 08:58:08] [Epoch   390/  500] trn/loss 1.912e+00, trn/lr 1.158e-03, val/acc 5.583e-01, val/nll 1.568e+00
[2023-02-16 08:58:12] [Epoch   391/  500] trn/loss 1.910e+00, trn/lr 1.138e-03, val/acc 5.605e-01, val/nll 1.561e+00
[2023-02-16 08:58:15] [Epoch   392/  500] trn/loss 1.913e+00, trn/lr 1.118e-03, val/acc 5.654e-01, val/nll 1.563e+00
[2023-02-16 08:58:19] [Epoch   393/  500] trn/loss 1.908e+00, trn/lr 1.098e-03, val/acc 5.621e-01, val/nll 1.567e+00
[2023-02-16 08:58:22] [Epoch   394/  500] trn/loss 1.906e+00, trn/lr 1.078e-03, val/acc 5.665e-01, val/nll 1.558e+00
[2023-02-16 08:58:26] [Epoch   395/  500] trn/loss 1.910e+00, trn/lr 1.059e-03, val/acc 5.618e-01, val/nll 1.564e+00
[2023-02-16 08:58:29] [Epoch   396/  500] trn/loss 1.905e+00, trn/lr 1.040e-03, val/acc 5.619e-01, val/nll 1.559e+00
[2023-02-16 08:58:33] [Epoch   397/  500] trn/loss 1.894e+00, trn/lr 1.021e-03, val/acc 5.608e-01, val/nll 1.555e+00
[2023-02-16 08:58:36] [Epoch   398/  500] trn/loss 1.901e+00, trn/lr 1.002e-03, val/acc 5.669e-01, val/nll 1.551e+00
[2023-02-16 08:58:40] [Epoch   399/  500] trn/loss 1.904e+00, trn/lr 9.829e-04, val/acc 5.666e-01, val/nll 1.549e+00
[2023-02-16 08:58:43] [Epoch   400/  500] trn/loss 1.894e+00, trn/lr 9.642e-04, val/acc 5.722e-01, val/nll 1.541e+00 (best_acc: 5.686e-01 -> 5.722e-01, test_acc: 5.775e-01, test_nll: 1.508e+00)
[2023-02-16 08:58:47] [Epoch   401/  500] trn/loss 1.892e+00, trn/lr 9.458e-04, val/acc 5.670e-01, val/nll 1.546e+00
[2023-02-16 08:58:50] [Epoch   402/  500] trn/loss 1.896e+00, trn/lr 9.275e-04, val/acc 5.691e-01, val/nll 1.545e+00
[2023-02-16 08:58:54] [Epoch   403/  500] trn/loss 1.888e+00, trn/lr 9.093e-04, val/acc 5.706e-01, val/nll 1.544e+00
[2023-02-16 08:58:57] [Epoch   404/  500] trn/loss 1.888e+00, trn/lr 8.913e-04, val/acc 5.728e-01, val/nll 1.532e+00 (best_acc: 5.722e-01 -> 5.728e-01, test_acc: 5.769e-01, test_nll: 1.503e+00)
[2023-02-16 08:59:01] [Epoch   405/  500] trn/loss 1.885e+00, trn/lr 8.735e-04, val/acc 5.689e-01, val/nll 1.547e+00
[2023-02-16 08:59:04] [Epoch   406/  500] trn/loss 1.889e+00, trn/lr 8.559e-04, val/acc 5.721e-01, val/nll 1.542e+00
[2023-02-16 08:59:08] [Epoch   407/  500] trn/loss 1.884e+00, trn/lr 8.384e-04, val/acc 5.683e-01, val/nll 1.559e+00
[2023-02-16 08:59:11] [Epoch   408/  500] trn/loss 1.880e+00, trn/lr 8.210e-04, val/acc 5.713e-01, val/nll 1.532e+00
[2023-02-16 08:59:15] [Epoch   409/  500] trn/loss 1.889e+00, trn/lr 8.039e-04, val/acc 5.742e-01, val/nll 1.537e+00 (best_acc: 5.728e-01 -> 5.742e-01, test_acc: 5.790e-01, test_nll: 1.506e+00)
[2023-02-16 08:59:19] [Epoch   410/  500] trn/loss 1.879e+00, trn/lr 7.869e-04, val/acc 5.681e-01, val/nll 1.539e+00
[2023-02-16 08:59:22] [Epoch   411/  500] trn/loss 1.879e+00, trn/lr 7.700e-04, val/acc 5.695e-01, val/nll 1.538e+00
[2023-02-16 08:59:26] [Epoch   412/  500] trn/loss 1.872e+00, trn/lr 7.534e-04, val/acc 5.699e-01, val/nll 1.532e+00
[2023-02-16 08:59:29] [Epoch   413/  500] trn/loss 1.871e+00, trn/lr 7.369e-04, val/acc 5.759e-01, val/nll 1.521e+00 (best_acc: 5.742e-01 -> 5.759e-01, test_acc: 5.805e-01, test_nll: 1.490e+00)
[2023-02-16 08:59:33] [Epoch   414/  500] trn/loss 1.875e+00, trn/lr 7.205e-04, val/acc 5.702e-01, val/nll 1.529e+00
[2023-02-16 08:59:36] [Epoch   415/  500] trn/loss 1.867e+00, trn/lr 7.044e-04, val/acc 5.725e-01, val/nll 1.531e+00
[2023-02-16 08:59:40] [Epoch   416/  500] trn/loss 1.871e+00, trn/lr 6.884e-04, val/acc 5.739e-01, val/nll 1.532e+00
[2023-02-16 08:59:43] [Epoch   417/  500] trn/loss 1.870e+00, trn/lr 6.725e-04, val/acc 5.758e-01, val/nll 1.518e+00
[2023-02-16 08:59:47] [Epoch   418/  500] trn/loss 1.860e+00, trn/lr 6.569e-04, val/acc 5.723e-01, val/nll 1.518e+00
[2023-02-16 08:59:50] [Epoch   419/  500] trn/loss 1.865e+00, trn/lr 6.414e-04, val/acc 5.701e-01, val/nll 1.526e+00
[2023-02-16 08:59:54] [Epoch   420/  500] trn/loss 1.862e+00, trn/lr 6.261e-04, val/acc 5.720e-01, val/nll 1.529e+00
[2023-02-16 08:59:57] [Epoch   421/  500] trn/loss 1.858e+00, trn/lr 6.110e-04, val/acc 5.744e-01, val/nll 1.524e+00
[2023-02-16 09:00:01] [Epoch   422/  500] trn/loss 1.856e+00, trn/lr 5.960e-04, val/acc 5.753e-01, val/nll 1.513e+00
[2023-02-16 09:00:04] [Epoch   423/  500] trn/loss 1.850e+00, trn/lr 5.812e-04, val/acc 5.732e-01, val/nll 1.527e+00
[2023-02-16 09:00:08] [Epoch   424/  500] trn/loss 1.858e+00, trn/lr 5.666e-04, val/acc 5.801e-01, val/nll 1.515e+00 (best_acc: 5.759e-01 -> 5.801e-01, test_acc: 5.814e-01, test_nll: 1.485e+00)
[2023-02-16 09:00:11] [Epoch   425/  500] trn/loss 1.849e+00, trn/lr 5.522e-04, val/acc 5.761e-01, val/nll 1.512e+00
[2023-02-16 09:00:15] [Epoch   426/  500] trn/loss 1.853e+00, trn/lr 5.379e-04, val/acc 5.761e-01, val/nll 1.518e+00
[2023-02-16 09:00:18] [Epoch   427/  500] trn/loss 1.853e+00, trn/lr 5.238e-04, val/acc 5.762e-01, val/nll 1.513e+00
[2023-02-16 09:00:22] [Epoch   428/  500] trn/loss 1.846e+00, trn/lr 5.099e-04, val/acc 5.751e-01, val/nll 1.515e+00
[2023-02-16 09:00:25] [Epoch   429/  500] trn/loss 1.845e+00, trn/lr 4.962e-04, val/acc 5.783e-01, val/nll 1.512e+00
[2023-02-16 09:00:29] [Epoch   430/  500] trn/loss 1.842e+00, trn/lr 4.826e-04, val/acc 5.749e-01, val/nll 1.518e+00
[2023-02-16 09:00:32] [Epoch   431/  500] trn/loss 1.842e+00, trn/lr 4.692e-04, val/acc 5.726e-01, val/nll 1.521e+00
[2023-02-16 09:00:36] [Epoch   432/  500] trn/loss 1.843e+00, trn/lr 4.561e-04, val/acc 5.795e-01, val/nll 1.500e+00
[2023-02-16 09:00:39] [Epoch   433/  500] trn/loss 1.839e+00, trn/lr 4.430e-04, val/acc 5.795e-01, val/nll 1.508e+00
[2023-02-16 09:00:43] [Epoch   434/  500] trn/loss 1.838e+00, trn/lr 4.302e-04, val/acc 5.792e-01, val/nll 1.502e+00
[2023-02-16 09:00:46] [Epoch   435/  500] trn/loss 1.833e+00, trn/lr 4.175e-04, val/acc 5.806e-01, val/nll 1.507e+00 (best_acc: 5.801e-01 -> 5.806e-01, test_acc: 5.855e-01, test_nll: 1.474e+00)
[2023-02-16 09:00:50] [Epoch   436/  500] trn/loss 1.845e+00, trn/lr 4.051e-04, val/acc 5.792e-01, val/nll 1.503e+00
[2023-02-16 09:00:53] [Epoch   437/  500] trn/loss 1.840e+00, trn/lr 3.928e-04, val/acc 5.761e-01, val/nll 1.510e+00
[2023-02-16 09:00:57] [Epoch   438/  500] trn/loss 1.830e+00, trn/lr 3.806e-04, val/acc 5.808e-01, val/nll 1.501e+00 (best_acc: 5.806e-01 -> 5.808e-01, test_acc: 5.883e-01, test_nll: 1.466e+00)
[2023-02-16 09:01:01] [Epoch   439/  500] trn/loss 1.832e+00, trn/lr 3.687e-04, val/acc 5.823e-01, val/nll 1.500e+00 (best_acc: 5.808e-01 -> 5.823e-01, test_acc: 5.896e-01, test_nll: 1.464e+00)
[2023-02-16 09:01:04] [Epoch   440/  500] trn/loss 1.829e+00, trn/lr 3.570e-04, val/acc 5.812e-01, val/nll 1.492e+00
[2023-02-16 09:01:08] [Epoch   441/  500] trn/loss 1.827e+00, trn/lr 3.454e-04, val/acc 5.832e-01, val/nll 1.490e+00 (best_acc: 5.823e-01 -> 5.832e-01, test_acc: 5.903e-01, test_nll: 1.460e+00)
[2023-02-16 09:01:11] [Epoch   442/  500] trn/loss 1.820e+00, trn/lr 3.340e-04, val/acc 5.826e-01, val/nll 1.495e+00
[2023-02-16 09:01:15] [Epoch   443/  500] trn/loss 1.824e+00, trn/lr 3.228e-04, val/acc 5.837e-01, val/nll 1.490e+00 (best_acc: 5.832e-01 -> 5.837e-01, test_acc: 5.917e-01, test_nll: 1.458e+00)
[2023-02-16 09:01:19] [Epoch   444/  500] trn/loss 1.821e+00, trn/lr 3.118e-04, val/acc 5.773e-01, val/nll 1.496e+00
[2023-02-16 09:01:22] [Epoch   445/  500] trn/loss 1.833e+00, trn/lr 3.010e-04, val/acc 5.815e-01, val/nll 1.492e+00
[2023-02-16 09:01:26] [Epoch   446/  500] trn/loss 1.819e+00, trn/lr 2.903e-04, val/acc 5.815e-01, val/nll 1.493e+00
[2023-02-16 09:01:29] [Epoch   447/  500] trn/loss 1.822e+00, trn/lr 2.799e-04, val/acc 5.814e-01, val/nll 1.491e+00
[2023-02-16 09:01:33] [Epoch   448/  500] trn/loss 1.828e+00, trn/lr 2.696e-04, val/acc 5.827e-01, val/nll 1.493e+00
[2023-02-16 09:01:36] [Epoch   449/  500] trn/loss 1.824e+00, trn/lr 2.595e-04, val/acc 5.811e-01, val/nll 1.493e+00
[2023-02-16 09:01:40] [Epoch   450/  500] trn/loss 1.813e+00, trn/lr 2.496e-04, val/acc 5.819e-01, val/nll 1.492e+00
[2023-02-16 09:01:43] [Epoch   451/  500] trn/loss 1.811e+00, trn/lr 2.399e-04, val/acc 5.801e-01, val/nll 1.491e+00
[2023-02-16 09:01:47] [Epoch   452/  500] trn/loss 1.812e+00, trn/lr 2.304e-04, val/acc 5.846e-01, val/nll 1.490e+00 (best_acc: 5.837e-01 -> 5.846e-01, test_acc: 5.911e-01, test_nll: 1.457e+00)
[2023-02-16 09:01:50] [Epoch   453/  500] trn/loss 1.817e+00, trn/lr 2.211e-04, val/acc 5.833e-01, val/nll 1.483e+00
[2023-02-16 09:01:54] [Epoch   454/  500] trn/loss 1.814e+00, trn/lr 2.119e-04, val/acc 5.841e-01, val/nll 1.483e+00
[2023-02-16 09:01:58] [Epoch   455/  500] trn/loss 1.808e+00, trn/lr 2.030e-04, val/acc 5.852e-01, val/nll 1.483e+00 (best_acc: 5.846e-01 -> 5.852e-01, test_acc: 5.942e-01, test_nll: 1.448e+00)
[2023-02-16 09:02:01] [Epoch   456/  500] trn/loss 1.808e+00, trn/lr 1.942e-04, val/acc 5.820e-01, val/nll 1.485e+00
[2023-02-16 09:02:04] [Epoch   457/  500] trn/loss 1.805e+00, trn/lr 1.856e-04, val/acc 5.826e-01, val/nll 1.480e+00
[2023-02-16 09:02:08] [Epoch   458/  500] trn/loss 1.807e+00, trn/lr 1.772e-04, val/acc 5.833e-01, val/nll 1.484e+00
[2023-02-16 09:02:12] [Epoch   459/  500] trn/loss 1.799e+00, trn/lr 1.691e-04, val/acc 5.866e-01, val/nll 1.479e+00 (best_acc: 5.852e-01 -> 5.866e-01, test_acc: 5.963e-01, test_nll: 1.446e+00)
[2023-02-16 09:02:15] [Epoch   460/  500] trn/loss 1.805e+00, trn/lr 1.610e-04, val/acc 5.858e-01, val/nll 1.477e+00
[2023-02-16 09:02:19] [Epoch   461/  500] trn/loss 1.800e+00, trn/lr 1.532e-04, val/acc 5.852e-01, val/nll 1.482e+00
[2023-02-16 09:02:22] [Epoch   462/  500] trn/loss 1.795e+00, trn/lr 1.456e-04, val/acc 5.873e-01, val/nll 1.479e+00 (best_acc: 5.866e-01 -> 5.873e-01, test_acc: 5.958e-01, test_nll: 1.445e+00)
[2023-02-16 09:02:26] [Epoch   463/  500] trn/loss 1.809e+00, trn/lr 1.382e-04, val/acc 5.826e-01, val/nll 1.483e+00
[2023-02-16 09:02:29] [Epoch   464/  500] trn/loss 1.797e+00, trn/lr 1.309e-04, val/acc 5.873e-01, val/nll 1.470e+00
[2023-02-16 09:02:33] [Epoch   465/  500] trn/loss 1.801e+00, trn/lr 1.239e-04, val/acc 5.857e-01, val/nll 1.476e+00
[2023-02-16 09:02:36] [Epoch   466/  500] trn/loss 1.801e+00, trn/lr 1.170e-04, val/acc 5.833e-01, val/nll 1.480e+00
[2023-02-16 09:02:40] [Epoch   467/  500] trn/loss 1.795e+00, trn/lr 1.104e-04, val/acc 5.902e-01, val/nll 1.477e+00 (best_acc: 5.873e-01 -> 5.902e-01, test_acc: 5.958e-01, test_nll: 1.441e+00)
[2023-02-16 09:02:43] [Epoch   468/  500] trn/loss 1.794e+00, trn/lr 1.039e-04, val/acc 5.884e-01, val/nll 1.470e+00
[2023-02-16 09:02:47] [Epoch   469/  500] trn/loss 1.791e+00, trn/lr 9.764e-05, val/acc 5.841e-01, val/nll 1.478e+00
[2023-02-16 09:02:50] [Epoch   470/  500] trn/loss 1.795e+00, trn/lr 9.156e-05, val/acc 5.847e-01, val/nll 1.476e+00
[2023-02-16 09:02:54] [Epoch   471/  500] trn/loss 1.792e+00, trn/lr 8.567e-05, val/acc 5.884e-01, val/nll 1.471e+00
[2023-02-16 09:02:57] [Epoch   472/  500] trn/loss 1.792e+00, trn/lr 7.998e-05, val/acc 5.871e-01, val/nll 1.474e+00
[2023-02-16 09:03:01] [Epoch   473/  500] trn/loss 1.786e+00, trn/lr 7.448e-05, val/acc 5.872e-01, val/nll 1.472e+00
[2023-02-16 09:03:04] [Epoch   474/  500] trn/loss 1.794e+00, trn/lr 6.917e-05, val/acc 5.854e-01, val/nll 1.473e+00
[2023-02-16 09:03:08] [Epoch   475/  500] trn/loss 1.798e+00, trn/lr 6.406e-05, val/acc 5.876e-01, val/nll 1.473e+00
[2023-02-16 09:03:11] [Epoch   476/  500] trn/loss 1.796e+00, trn/lr 5.915e-05, val/acc 5.889e-01, val/nll 1.472e+00
[2023-02-16 09:03:15] [Epoch   477/  500] trn/loss 1.798e+00, trn/lr 5.443e-05, val/acc 5.879e-01, val/nll 1.474e+00
[2023-02-16 09:03:18] [Epoch   478/  500] trn/loss 1.801e+00, trn/lr 4.990e-05, val/acc 5.856e-01, val/nll 1.474e+00
[2023-02-16 09:03:22] [Epoch   479/  500] trn/loss 1.793e+00, trn/lr 4.557e-05, val/acc 5.864e-01, val/nll 1.469e+00
[2023-02-16 09:03:25] [Epoch   480/  500] trn/loss 1.791e+00, trn/lr 4.144e-05, val/acc 5.878e-01, val/nll 1.473e+00
[2023-02-16 09:03:29] [Epoch   481/  500] trn/loss 1.783e+00, trn/lr 3.750e-05, val/acc 5.892e-01, val/nll 1.470e+00
[2023-02-16 09:03:32] [Epoch   482/  500] trn/loss 1.786e+00, trn/lr 3.376e-05, val/acc 5.897e-01, val/nll 1.471e+00
[2023-02-16 09:03:36] [Epoch   483/  500] trn/loss 1.790e+00, trn/lr 3.021e-05, val/acc 5.878e-01, val/nll 1.473e+00
[2023-02-16 09:03:39] [Epoch   484/  500] trn/loss 1.783e+00, trn/lr 2.686e-05, val/acc 5.867e-01, val/nll 1.469e+00
[2023-02-16 09:03:43] [Epoch   485/  500] trn/loss 1.788e+00, trn/lr 2.371e-05, val/acc 5.889e-01, val/nll 1.469e+00
[2023-02-16 09:03:46] [Epoch   486/  500] trn/loss 1.780e+00, trn/lr 2.075e-05, val/acc 5.872e-01, val/nll 1.469e+00
[2023-02-16 09:03:50] [Epoch   487/  500] trn/loss 1.784e+00, trn/lr 1.799e-05, val/acc 5.872e-01, val/nll 1.471e+00
[2023-02-16 09:03:53] [Epoch   488/  500] trn/loss 1.788e+00, trn/lr 1.543e-05, val/acc 5.893e-01, val/nll 1.469e+00
[2023-02-16 09:03:56] [Epoch   489/  500] trn/loss 1.784e+00, trn/lr 1.306e-05, val/acc 5.882e-01, val/nll 1.469e+00
[2023-02-16 09:04:00] [Epoch   490/  500] trn/loss 1.788e+00, trn/lr 1.089e-05, val/acc 5.865e-01, val/nll 1.473e+00
[2023-02-16 09:04:03] [Epoch   491/  500] trn/loss 1.794e+00, trn/lr 8.919e-06, val/acc 5.856e-01, val/nll 1.472e+00
[2023-02-16 09:04:07] [Epoch   492/  500] trn/loss 1.778e+00, trn/lr 7.143e-06, val/acc 5.879e-01, val/nll 1.469e+00
[2023-02-16 09:04:10] [Epoch   493/  500] trn/loss 1.785e+00, trn/lr 5.563e-06, val/acc 5.869e-01, val/nll 1.474e+00
[2023-02-16 09:04:14] [Epoch   494/  500] trn/loss 1.788e+00, trn/lr 4.182e-06, val/acc 5.878e-01, val/nll 1.469e+00
[2023-02-16 09:04:17] [Epoch   495/  500] trn/loss 1.787e+00, trn/lr 2.997e-06, val/acc 5.854e-01, val/nll 1.472e+00
[2023-02-16 09:04:21] [Epoch   496/  500] trn/loss 1.790e+00, trn/lr 2.009e-06, val/acc 5.874e-01, val/nll 1.476e+00
[2023-02-16 09:04:24] [Epoch   497/  500] trn/loss 1.786e+00, trn/lr 1.219e-06, val/acc 5.867e-01, val/nll 1.474e+00
[2023-02-16 09:04:28] [Epoch   498/  500] trn/loss 1.785e+00, trn/lr 6.266e-07, val/acc 5.883e-01, val/nll 1.472e+00
[2023-02-16 09:04:31] [Epoch   499/  500] trn/loss 1.791e+00, trn/lr 2.312e-07, val/acc 5.882e-01, val/nll 1.472e+00
[2023-02-16 09:04:35] [Epoch   500/  500] trn/loss 1.778e+00, trn/lr 3.321e-08, val/acc 5.857e-01, val/nll 1.474e+00
