[2023-02-20 10:56:39] Environments:
------------  ------------------------------------------------------------
sys.platform  linux
Python        3.8.10 (default, Nov 14 2022, 12:59:47) [GCC 9.4.0]
JAX           0.4.2 @/home/giung/.local/lib/python3.8/site-packages/jax
jaxlib        0.4.2 @/home/giung/.local/lib/python3.8/site-packages/jaxlib
Flax          0.6.4 @/home/giung/.local/lib/python3.8/site-packages/flax
Optax         0.1.4 @/home/giung/.local/lib/python3.8/site-packages/optax
------------  ------------------------------------------------------------

[2023-02-20 10:56:39] Command line arguments:
- args.data_root          : ./data/
- args.data_name          : CIFAR10_x32
- args.data_augmentation  : standard
- args.data_proportional  : 1.0
- args.model_depth        : 20
- args.model_width        : 4
- args.model_style        : BN-ReLU
- args.optim_bs           : 256
- args.optim_ne           : 200
- args.optim_lr           : 0.03
- args.optim_momentum     : 0.9
- args.optim_weight_decay : 0.0001
- args.rho                : 0.1
- args.save               : /home/giung/giung2-dev/projects/sam/save/CIFAR10_x32/R20x4-BN-ReLU/ASAM/bs-0256_ne-0200_lr-0.03_mo-0.90_wd-0.0001_rho-0.1000_fp32/42
- args.seed               : 42
- args.precision          : fp32

[2023-02-20 10:56:46] Multiple local devices are detected:
[TpuDevice(id=0, process_index=0, coords=(0,0,0), core_on_chip=0), TpuDevice(id=1, process_index=0, coords=(0,0,0), core_on_chip=1), TpuDevice(id=2, process_index=0, coords=(1,0,0), core_on_chip=0), TpuDevice(id=3, process_index=0, coords=(1,0,0), core_on_chip=1), TpuDevice(id=4, process_index=0, coords=(0,1,0), core_on_chip=0), TpuDevice(id=5, process_index=0, coords=(0,1,0), core_on_chip=1), TpuDevice(id=6, process_index=0, coords=(1,1,0), core_on_chip=0), TpuDevice(id=7, process_index=0, coords=(1,1,0), core_on_chip=1)]

[2023-02-20 10:57:47] [Epoch     1/  200] trn/loss 1.829e+00, trn/lr 3.000e-02, val/acc 4.715e-01, val/nll 1.480e+00 (best_acc: 0.000e+00 -> 4.715e-01, test_acc: 4.677e-01, test_nll: 1.469e+00)
[2023-02-20 10:57:55] [Epoch     2/  200] trn/loss 1.343e+00, trn/lr 3.000e-02, val/acc 5.500e-01, val/nll 1.241e+00 (best_acc: 4.715e-01 -> 5.500e-01, test_acc: 5.479e-01, test_nll: 1.256e+00)
[2023-02-20 10:58:03] [Epoch     3/  200] trn/loss 1.108e+00, trn/lr 2.999e-02, val/acc 6.236e-01, val/nll 1.065e+00 (best_acc: 5.500e-01 -> 6.236e-01, test_acc: 6.232e-01, test_nll: 1.065e+00)
[2023-02-20 10:58:11] [Epoch     4/  200] trn/loss 9.474e-01, trn/lr 2.998e-02, val/acc 6.487e-01, val/nll 1.023e+00 (best_acc: 6.236e-01 -> 6.487e-01, test_acc: 6.491e-01, test_nll: 1.013e+00)
[2023-02-20 10:58:19] [Epoch     5/  200] trn/loss 8.172e-01, trn/lr 2.996e-02, val/acc 7.395e-01, val/nll 7.650e-01 (best_acc: 6.487e-01 -> 7.395e-01, test_acc: 7.425e-01, test_nll: 7.701e-01)
[2023-02-20 10:58:27] [Epoch     6/  200] trn/loss 7.207e-01, trn/lr 2.994e-02, val/acc 7.551e-01, val/nll 7.308e-01 (best_acc: 7.395e-01 -> 7.551e-01, test_acc: 7.606e-01, test_nll: 7.276e-01)
[2023-02-20 10:58:35] [Epoch     7/  200] trn/loss 6.573e-01, trn/lr 2.992e-02, val/acc 7.694e-01, val/nll 6.805e-01 (best_acc: 7.551e-01 -> 7.694e-01, test_acc: 7.646e-01, test_nll: 6.993e-01)
[2023-02-20 10:58:43] [Epoch     8/  200] trn/loss 5.953e-01, trn/lr 2.990e-02, val/acc 7.709e-01, val/nll 6.909e-01 (best_acc: 7.694e-01 -> 7.709e-01, test_acc: 7.646e-01, test_nll: 6.967e-01)
[2023-02-20 10:58:51] [Epoch     9/  200] trn/loss 5.399e-01, trn/lr 2.987e-02, val/acc 7.811e-01, val/nll 6.320e-01 (best_acc: 7.709e-01 -> 7.811e-01, test_acc: 7.864e-01, test_nll: 6.333e-01)
[2023-02-20 10:58:58] [Epoch    10/  200] trn/loss 5.032e-01, trn/lr 2.983e-02, val/acc 7.810e-01, val/nll 7.061e-01
[2023-02-20 10:59:06] [Epoch    11/  200] trn/loss 4.578e-01, trn/lr 2.980e-02, val/acc 7.602e-01, val/nll 7.450e-01
[2023-02-20 10:59:14] [Epoch    12/  200] trn/loss 4.335e-01, trn/lr 2.976e-02, val/acc 8.043e-01, val/nll 6.162e-01 (best_acc: 7.811e-01 -> 8.043e-01, test_acc: 7.997e-01, test_nll: 6.176e-01)
[2023-02-20 10:59:22] [Epoch    13/  200] trn/loss 4.040e-01, trn/lr 2.971e-02, val/acc 8.108e-01, val/nll 6.062e-01 (best_acc: 8.043e-01 -> 8.108e-01, test_acc: 8.074e-01, test_nll: 6.199e-01)
[2023-02-20 10:59:30] [Epoch    14/  200] trn/loss 3.849e-01, trn/lr 2.966e-02, val/acc 8.127e-01, val/nll 6.336e-01 (best_acc: 8.108e-01 -> 8.127e-01, test_acc: 8.114e-01, test_nll: 6.536e-01)
[2023-02-20 10:59:37] [Epoch    15/  200] trn/loss 3.510e-01, trn/lr 2.961e-02, val/acc 8.033e-01, val/nll 6.168e-01
[2023-02-20 10:59:45] [Epoch    16/  200] trn/loss 3.363e-01, trn/lr 2.956e-02, val/acc 8.492e-01, val/nll 4.614e-01 (best_acc: 8.127e-01 -> 8.492e-01, test_acc: 8.477e-01, test_nll: 4.864e-01)
[2023-02-20 10:59:52] [Epoch    17/  200] trn/loss 3.150e-01, trn/lr 2.950e-02, val/acc 8.060e-01, val/nll 6.295e-01
[2023-02-20 11:00:00] [Epoch    18/  200] trn/loss 2.985e-01, trn/lr 2.944e-02, val/acc 8.723e-01, val/nll 3.837e-01 (best_acc: 8.492e-01 -> 8.723e-01, test_acc: 8.643e-01, test_nll: 4.052e-01)
[2023-02-20 11:00:07] [Epoch    19/  200] trn/loss 2.746e-01, trn/lr 2.937e-02, val/acc 8.338e-01, val/nll 5.689e-01
[2023-02-20 11:00:14] [Epoch    20/  200] trn/loss 2.628e-01, trn/lr 2.930e-02, val/acc 8.534e-01, val/nll 4.791e-01
[2023-02-20 11:00:21] [Epoch    21/  200] trn/loss 2.457e-01, trn/lr 2.923e-02, val/acc 8.591e-01, val/nll 4.688e-01
[2023-02-20 11:00:29] [Epoch    22/  200] trn/loss 2.367e-01, trn/lr 2.915e-02, val/acc 8.782e-01, val/nll 3.762e-01 (best_acc: 8.723e-01 -> 8.782e-01, test_acc: 8.727e-01, test_nll: 3.836e-01)
[2023-02-20 11:00:37] [Epoch    23/  200] trn/loss 2.230e-01, trn/lr 2.907e-02, val/acc 8.462e-01, val/nll 5.298e-01
[2023-02-20 11:00:44] [Epoch    24/  200] trn/loss 2.114e-01, trn/lr 2.899e-02, val/acc 8.670e-01, val/nll 4.455e-01
[2023-02-20 11:00:52] [Epoch    25/  200] trn/loss 2.001e-01, trn/lr 2.890e-02, val/acc 8.836e-01, val/nll 3.784e-01 (best_acc: 8.782e-01 -> 8.836e-01, test_acc: 8.800e-01, test_nll: 3.924e-01)
[2023-02-20 11:01:00] [Epoch    26/  200] trn/loss 1.916e-01, trn/lr 2.881e-02, val/acc 8.908e-01, val/nll 3.449e-01 (best_acc: 8.836e-01 -> 8.908e-01, test_acc: 8.836e-01, test_nll: 3.513e-01)
[2023-02-20 11:01:07] [Epoch    27/  200] trn/loss 1.796e-01, trn/lr 2.872e-02, val/acc 8.758e-01, val/nll 4.251e-01
[2023-02-20 11:01:14] [Epoch    28/  200] trn/loss 1.721e-01, trn/lr 2.862e-02, val/acc 8.648e-01, val/nll 4.696e-01
[2023-02-20 11:01:22] [Epoch    29/  200] trn/loss 1.623e-01, trn/lr 2.852e-02, val/acc 8.913e-01, val/nll 3.631e-01 (best_acc: 8.908e-01 -> 8.913e-01, test_acc: 8.858e-01, test_nll: 3.802e-01)
[2023-02-20 11:01:29] [Epoch    30/  200] trn/loss 1.505e-01, trn/lr 2.842e-02, val/acc 8.896e-01, val/nll 3.596e-01
[2023-02-20 11:01:37] [Epoch    31/  200] trn/loss 1.451e-01, trn/lr 2.831e-02, val/acc 8.737e-01, val/nll 4.223e-01
[2023-02-20 11:01:44] [Epoch    32/  200] trn/loss 1.367e-01, trn/lr 2.820e-02, val/acc 8.710e-01, val/nll 4.304e-01
[2023-02-20 11:01:51] [Epoch    33/  200] trn/loss 1.297e-01, trn/lr 2.809e-02, val/acc 8.679e-01, val/nll 4.660e-01
[2023-02-20 11:01:58] [Epoch    34/  200] trn/loss 1.251e-01, trn/lr 2.797e-02, val/acc 8.800e-01, val/nll 4.242e-01
[2023-02-20 11:02:05] [Epoch    35/  200] trn/loss 1.191e-01, trn/lr 2.785e-02, val/acc 8.729e-01, val/nll 4.456e-01
[2023-02-20 11:02:12] [Epoch    36/  200] trn/loss 1.141e-01, trn/lr 2.773e-02, val/acc 8.783e-01, val/nll 4.154e-01
[2023-02-20 11:02:20] [Epoch    37/  200] trn/loss 1.055e-01, trn/lr 2.760e-02, val/acc 8.894e-01, val/nll 3.958e-01
[2023-02-20 11:02:27] [Epoch    38/  200] trn/loss 9.886e-02, trn/lr 2.747e-02, val/acc 8.882e-01, val/nll 3.863e-01
[2023-02-20 11:02:35] [Epoch    39/  200] trn/loss 9.507e-02, trn/lr 2.734e-02, val/acc 9.006e-01, val/nll 3.616e-01 (best_acc: 8.913e-01 -> 9.006e-01, test_acc: 8.939e-01, test_nll: 3.872e-01)
[2023-02-20 11:02:43] [Epoch    40/  200] trn/loss 8.570e-02, trn/lr 2.720e-02, val/acc 9.027e-01, val/nll 3.485e-01 (best_acc: 9.006e-01 -> 9.027e-01, test_acc: 8.951e-01, test_nll: 3.768e-01)
[2023-02-20 11:02:50] [Epoch    41/  200] trn/loss 8.081e-02, trn/lr 2.707e-02, val/acc 8.765e-01, val/nll 4.541e-01
[2023-02-20 11:02:57] [Epoch    42/  200] trn/loss 8.039e-02, trn/lr 2.692e-02, val/acc 8.979e-01, val/nll 3.771e-01
[2023-02-20 11:03:04] [Epoch    43/  200] trn/loss 7.795e-02, trn/lr 2.678e-02, val/acc 8.970e-01, val/nll 3.718e-01
[2023-02-20 11:03:12] [Epoch    44/  200] trn/loss 7.140e-02, trn/lr 2.663e-02, val/acc 8.985e-01, val/nll 3.496e-01
[2023-02-20 11:03:19] [Epoch    45/  200] trn/loss 6.674e-02, trn/lr 2.648e-02, val/acc 8.972e-01, val/nll 4.005e-01
[2023-02-20 11:03:26] [Epoch    46/  200] trn/loss 6.239e-02, trn/lr 2.633e-02, val/acc 8.895e-01, val/nll 4.516e-01
[2023-02-20 11:03:33] [Epoch    47/  200] trn/loss 5.920e-02, trn/lr 2.617e-02, val/acc 8.985e-01, val/nll 4.017e-01
[2023-02-20 11:03:40] [Epoch    48/  200] trn/loss 6.377e-02, trn/lr 2.602e-02, val/acc 8.860e-01, val/nll 4.743e-01
[2023-02-20 11:03:48] [Epoch    49/  200] trn/loss 5.748e-02, trn/lr 2.585e-02, val/acc 9.037e-01, val/nll 3.654e-01 (best_acc: 9.027e-01 -> 9.037e-01, test_acc: 8.963e-01, test_nll: 3.964e-01)
[2023-02-20 11:03:56] [Epoch    50/  200] trn/loss 5.107e-02, trn/lr 2.569e-02, val/acc 9.014e-01, val/nll 3.790e-01
[2023-02-20 11:04:03] [Epoch    51/  200] trn/loss 5.455e-02, trn/lr 2.552e-02, val/acc 9.024e-01, val/nll 3.656e-01
[2023-02-20 11:04:10] [Epoch    52/  200] trn/loss 5.070e-02, trn/lr 2.535e-02, val/acc 9.028e-01, val/nll 3.933e-01
[2023-02-20 11:04:17] [Epoch    53/  200] trn/loss 4.710e-02, trn/lr 2.518e-02, val/acc 8.985e-01, val/nll 4.008e-01
[2023-02-20 11:04:24] [Epoch    54/  200] trn/loss 4.653e-02, trn/lr 2.501e-02, val/acc 8.968e-01, val/nll 4.187e-01
[2023-02-20 11:04:32] [Epoch    55/  200] trn/loss 4.095e-02, trn/lr 2.483e-02, val/acc 9.056e-01, val/nll 3.599e-01 (best_acc: 9.037e-01 -> 9.056e-01, test_acc: 9.007e-01, test_nll: 3.863e-01)
[2023-02-20 11:04:40] [Epoch    56/  200] trn/loss 4.041e-02, trn/lr 2.465e-02, val/acc 9.073e-01, val/nll 3.687e-01 (best_acc: 9.056e-01 -> 9.073e-01, test_acc: 9.001e-01, test_nll: 3.948e-01)
[2023-02-20 11:04:48] [Epoch    57/  200] trn/loss 3.814e-02, trn/lr 2.447e-02, val/acc 8.986e-01, val/nll 4.340e-01
[2023-02-20 11:04:55] [Epoch    58/  200] trn/loss 3.450e-02, trn/lr 2.429e-02, val/acc 9.110e-01, val/nll 3.862e-01 (best_acc: 9.073e-01 -> 9.110e-01, test_acc: 9.044e-01, test_nll: 4.002e-01)
[2023-02-20 11:05:03] [Epoch    59/  200] trn/loss 3.400e-02, trn/lr 2.410e-02, val/acc 9.102e-01, val/nll 3.692e-01
[2023-02-20 11:05:11] [Epoch    60/  200] trn/loss 3.558e-02, trn/lr 2.391e-02, val/acc 9.119e-01, val/nll 3.506e-01 (best_acc: 9.110e-01 -> 9.119e-01, test_acc: 9.096e-01, test_nll: 3.567e-01)
[2023-02-20 11:05:18] [Epoch    61/  200] trn/loss 3.363e-02, trn/lr 2.372e-02, val/acc 9.092e-01, val/nll 3.858e-01
[2023-02-20 11:05:26] [Epoch    62/  200] trn/loss 3.315e-02, trn/lr 2.353e-02, val/acc 9.125e-01, val/nll 3.560e-01 (best_acc: 9.119e-01 -> 9.125e-01, test_acc: 9.051e-01, test_nll: 3.884e-01)
[2023-02-20 11:05:33] [Epoch    63/  200] trn/loss 3.312e-02, trn/lr 2.333e-02, val/acc 9.096e-01, val/nll 3.617e-01
[2023-02-20 11:05:40] [Epoch    64/  200] trn/loss 2.899e-02, trn/lr 2.314e-02, val/acc 9.062e-01, val/nll 3.854e-01
[2023-02-20 11:05:48] [Epoch    65/  200] trn/loss 2.648e-02, trn/lr 2.294e-02, val/acc 9.156e-01, val/nll 3.479e-01 (best_acc: 9.125e-01 -> 9.156e-01, test_acc: 9.126e-01, test_nll: 3.533e-01)
[2023-02-20 11:05:55] [Epoch    66/  200] trn/loss 2.383e-02, trn/lr 2.274e-02, val/acc 9.077e-01, val/nll 4.093e-01
[2023-02-20 11:06:02] [Epoch    67/  200] trn/loss 2.651e-02, trn/lr 2.253e-02, val/acc 9.115e-01, val/nll 3.855e-01
[2023-02-20 11:06:10] [Epoch    68/  200] trn/loss 2.507e-02, trn/lr 2.233e-02, val/acc 9.090e-01, val/nll 3.748e-01
[2023-02-20 11:06:17] [Epoch    69/  200] trn/loss 2.273e-02, trn/lr 2.212e-02, val/acc 9.077e-01, val/nll 3.773e-01
[2023-02-20 11:06:24] [Epoch    70/  200] trn/loss 2.110e-02, trn/lr 2.192e-02, val/acc 9.117e-01, val/nll 3.745e-01
[2023-02-20 11:06:31] [Epoch    71/  200] trn/loss 2.430e-02, trn/lr 2.171e-02, val/acc 9.144e-01, val/nll 3.459e-01
[2023-02-20 11:06:38] [Epoch    72/  200] trn/loss 1.952e-02, trn/lr 2.149e-02, val/acc 9.139e-01, val/nll 3.645e-01
[2023-02-20 11:06:46] [Epoch    73/  200] trn/loss 2.112e-02, trn/lr 2.128e-02, val/acc 9.131e-01, val/nll 3.565e-01
[2023-02-20 11:06:53] [Epoch    74/  200] trn/loss 2.017e-02, trn/lr 2.107e-02, val/acc 9.132e-01, val/nll 3.707e-01
[2023-02-20 11:07:01] [Epoch    75/  200] trn/loss 1.830e-02, trn/lr 2.085e-02, val/acc 9.167e-01, val/nll 3.345e-01 (best_acc: 9.156e-01 -> 9.167e-01, test_acc: 9.136e-01, test_nll: 3.682e-01)
[2023-02-20 11:07:08] [Epoch    76/  200] trn/loss 1.641e-02, trn/lr 2.063e-02, val/acc 9.094e-01, val/nll 3.735e-01
[2023-02-20 11:07:15] [Epoch    77/  200] trn/loss 1.534e-02, trn/lr 2.041e-02, val/acc 9.086e-01, val/nll 4.001e-01
[2023-02-20 11:07:22] [Epoch    78/  200] trn/loss 1.696e-02, trn/lr 2.019e-02, val/acc 9.119e-01, val/nll 3.952e-01
[2023-02-20 11:07:29] [Epoch    79/  200] trn/loss 1.586e-02, trn/lr 1.997e-02, val/acc 9.163e-01, val/nll 3.577e-01
[2023-02-20 11:07:37] [Epoch    80/  200] trn/loss 1.455e-02, trn/lr 1.975e-02, val/acc 9.190e-01, val/nll 3.491e-01 (best_acc: 9.167e-01 -> 9.190e-01, test_acc: 9.155e-01, test_nll: 3.605e-01)
[2023-02-20 11:07:45] [Epoch    81/  200] trn/loss 1.482e-02, trn/lr 1.952e-02, val/acc 9.146e-01, val/nll 3.508e-01
[2023-02-20 11:07:52] [Epoch    82/  200] trn/loss 1.358e-02, trn/lr 1.930e-02, val/acc 9.171e-01, val/nll 3.536e-01
[2023-02-20 11:07:59] [Epoch    83/  200] trn/loss 1.417e-02, trn/lr 1.907e-02, val/acc 9.150e-01, val/nll 3.585e-01
[2023-02-20 11:08:06] [Epoch    84/  200] trn/loss 1.254e-02, trn/lr 1.885e-02, val/acc 9.111e-01, val/nll 3.747e-01
[2023-02-20 11:08:13] [Epoch    85/  200] trn/loss 1.294e-02, trn/lr 1.862e-02, val/acc 9.157e-01, val/nll 3.581e-01
[2023-02-20 11:08:21] [Epoch    86/  200] trn/loss 1.046e-02, trn/lr 1.839e-02, val/acc 9.209e-01, val/nll 3.382e-01 (best_acc: 9.190e-01 -> 9.209e-01, test_acc: 9.147e-01, test_nll: 3.657e-01)
[2023-02-20 11:08:28] [Epoch    87/  200] trn/loss 1.098e-02, trn/lr 1.816e-02, val/acc 9.159e-01, val/nll 3.872e-01
[2023-02-20 11:08:36] [Epoch    88/  200] trn/loss 1.010e-02, trn/lr 1.793e-02, val/acc 9.183e-01, val/nll 3.527e-01
[2023-02-20 11:08:43] [Epoch    89/  200] trn/loss 1.060e-02, trn/lr 1.770e-02, val/acc 9.207e-01, val/nll 3.366e-01
[2023-02-20 11:08:50] [Epoch    90/  200] trn/loss 1.067e-02, trn/lr 1.746e-02, val/acc 9.160e-01, val/nll 3.653e-01
[2023-02-20 11:08:58] [Epoch    91/  200] trn/loss 9.489e-03, trn/lr 1.723e-02, val/acc 9.222e-01, val/nll 3.304e-01 (best_acc: 9.209e-01 -> 9.222e-01, test_acc: 9.173e-01, test_nll: 3.487e-01)
[2023-02-20 11:09:06] [Epoch    92/  200] trn/loss 8.809e-03, trn/lr 1.700e-02, val/acc 9.228e-01, val/nll 3.426e-01 (best_acc: 9.222e-01 -> 9.228e-01, test_acc: 9.105e-01, test_nll: 3.691e-01)
[2023-02-20 11:09:13] [Epoch    93/  200] trn/loss 8.703e-03, trn/lr 1.676e-02, val/acc 9.200e-01, val/nll 3.429e-01
[2023-02-20 11:09:20] [Epoch    94/  200] trn/loss 9.007e-03, trn/lr 1.653e-02, val/acc 9.200e-01, val/nll 3.625e-01
[2023-02-20 11:09:27] [Epoch    95/  200] trn/loss 8.536e-03, trn/lr 1.630e-02, val/acc 9.223e-01, val/nll 3.357e-01
[2023-02-20 11:09:35] [Epoch    96/  200] trn/loss 7.815e-03, trn/lr 1.606e-02, val/acc 9.265e-01, val/nll 3.208e-01 (best_acc: 9.228e-01 -> 9.265e-01, test_acc: 9.184e-01, test_nll: 3.492e-01)
[2023-02-20 11:09:43] [Epoch    97/  200] trn/loss 7.852e-03, trn/lr 1.582e-02, val/acc 9.192e-01, val/nll 3.528e-01
[2023-02-20 11:09:50] [Epoch    98/  200] trn/loss 7.911e-03, trn/lr 1.559e-02, val/acc 9.216e-01, val/nll 3.374e-01
[2023-02-20 11:09:57] [Epoch    99/  200] trn/loss 6.577e-03, trn/lr 1.535e-02, val/acc 9.251e-01, val/nll 3.214e-01
[2023-02-20 11:10:04] [Epoch   100/  200] trn/loss 6.692e-03, trn/lr 1.512e-02, val/acc 9.220e-01, val/nll 3.438e-01
[2023-02-20 11:10:11] [Epoch   101/  200] trn/loss 7.671e-03, trn/lr 1.488e-02, val/acc 9.237e-01, val/nll 3.404e-01
[2023-02-20 11:10:19] [Epoch   102/  200] trn/loss 5.787e-03, trn/lr 1.465e-02, val/acc 9.262e-01, val/nll 3.205e-01
[2023-02-20 11:10:26] [Epoch   103/  200] trn/loss 5.383e-03, trn/lr 1.441e-02, val/acc 9.241e-01, val/nll 3.249e-01
[2023-02-20 11:10:33] [Epoch   104/  200] trn/loss 6.024e-03, trn/lr 1.418e-02, val/acc 9.250e-01, val/nll 3.280e-01
[2023-02-20 11:10:40] [Epoch   105/  200] trn/loss 5.583e-03, trn/lr 1.394e-02, val/acc 9.238e-01, val/nll 3.311e-01
[2023-02-20 11:10:48] [Epoch   106/  200] trn/loss 4.993e-03, trn/lr 1.371e-02, val/acc 9.278e-01, val/nll 3.116e-01 (best_acc: 9.265e-01 -> 9.278e-01, test_acc: 9.213e-01, test_nll: 3.404e-01)
[2023-02-20 11:10:55] [Epoch   107/  200] trn/loss 4.747e-03, trn/lr 1.347e-02, val/acc 9.252e-01, val/nll 3.205e-01
[2023-02-20 11:11:03] [Epoch   108/  200] trn/loss 5.668e-03, trn/lr 1.324e-02, val/acc 9.262e-01, val/nll 3.244e-01
[2023-02-20 11:11:10] [Epoch   109/  200] trn/loss 5.438e-03, trn/lr 1.300e-02, val/acc 9.281e-01, val/nll 3.178e-01 (best_acc: 9.278e-01 -> 9.281e-01, test_acc: 9.189e-01, test_nll: 3.436e-01)
[2023-02-20 11:11:18] [Epoch   110/  200] trn/loss 4.768e-03, trn/lr 1.277e-02, val/acc 9.249e-01, val/nll 3.152e-01
[2023-02-20 11:11:26] [Epoch   111/  200] trn/loss 4.586e-03, trn/lr 1.254e-02, val/acc 9.294e-01, val/nll 3.126e-01 (best_acc: 9.281e-01 -> 9.294e-01, test_acc: 9.203e-01, test_nll: 3.422e-01)
[2023-02-20 11:11:33] [Epoch   112/  200] trn/loss 4.111e-03, trn/lr 1.231e-02, val/acc 9.279e-01, val/nll 3.111e-01
[2023-02-20 11:11:40] [Epoch   113/  200] trn/loss 3.756e-03, trn/lr 1.207e-02, val/acc 9.270e-01, val/nll 3.152e-01
[2023-02-20 11:11:47] [Epoch   114/  200] trn/loss 3.846e-03, trn/lr 1.184e-02, val/acc 9.278e-01, val/nll 3.097e-01
[2023-02-20 11:11:54] [Epoch   115/  200] trn/loss 3.885e-03, trn/lr 1.161e-02, val/acc 9.287e-01, val/nll 3.082e-01
[2023-02-20 11:12:02] [Epoch   116/  200] trn/loss 3.329e-03, trn/lr 1.138e-02, val/acc 9.273e-01, val/nll 3.195e-01
[2023-02-20 11:12:09] [Epoch   117/  200] trn/loss 3.861e-03, trn/lr 1.116e-02, val/acc 9.274e-01, val/nll 3.159e-01
[2023-02-20 11:12:17] [Epoch   118/  200] trn/loss 3.486e-03, trn/lr 1.093e-02, val/acc 9.302e-01, val/nll 3.193e-01 (best_acc: 9.294e-01 -> 9.302e-01, test_acc: 9.228e-01, test_nll: 3.386e-01)
[2023-02-20 11:12:25] [Epoch   119/  200] trn/loss 3.251e-03, trn/lr 1.070e-02, val/acc 9.317e-01, val/nll 3.051e-01 (best_acc: 9.302e-01 -> 9.317e-01, test_acc: 9.221e-01, test_nll: 3.303e-01)
[2023-02-20 11:12:32] [Epoch   120/  200] trn/loss 3.373e-03, trn/lr 1.048e-02, val/acc 9.279e-01, val/nll 3.184e-01
[2023-02-20 11:12:39] [Epoch   121/  200] trn/loss 3.429e-03, trn/lr 1.025e-02, val/acc 9.278e-01, val/nll 3.087e-01
[2023-02-20 11:12:46] [Epoch   122/  200] trn/loss 3.124e-03, trn/lr 1.003e-02, val/acc 9.259e-01, val/nll 3.120e-01
[2023-02-20 11:12:53] [Epoch   123/  200] trn/loss 2.911e-03, trn/lr 9.809e-03, val/acc 9.274e-01, val/nll 3.111e-01
[2023-02-20 11:13:01] [Epoch   124/  200] trn/loss 2.623e-03, trn/lr 9.589e-03, val/acc 9.312e-01, val/nll 3.013e-01
[2023-02-20 11:13:08] [Epoch   125/  200] trn/loss 2.358e-03, trn/lr 9.370e-03, val/acc 9.316e-01, val/nll 3.029e-01
[2023-02-20 11:13:15] [Epoch   126/  200] trn/loss 2.629e-03, trn/lr 9.152e-03, val/acc 9.294e-01, val/nll 3.059e-01
[2023-02-20 11:13:22] [Epoch   127/  200] trn/loss 2.369e-03, trn/lr 8.936e-03, val/acc 9.312e-01, val/nll 2.971e-01
[2023-02-20 11:13:29] [Epoch   128/  200] trn/loss 2.468e-03, trn/lr 8.721e-03, val/acc 9.313e-01, val/nll 3.031e-01
[2023-02-20 11:13:37] [Epoch   129/  200] trn/loss 2.260e-03, trn/lr 8.508e-03, val/acc 9.313e-01, val/nll 3.010e-01
[2023-02-20 11:13:44] [Epoch   130/  200] trn/loss 2.180e-03, trn/lr 8.296e-03, val/acc 9.308e-01, val/nll 3.002e-01
[2023-02-20 11:13:51] [Epoch   131/  200] trn/loss 2.169e-03, trn/lr 8.086e-03, val/acc 9.306e-01, val/nll 2.958e-01
[2023-02-20 11:13:58] [Epoch   132/  200] trn/loss 2.042e-03, trn/lr 7.878e-03, val/acc 9.292e-01, val/nll 2.999e-01
[2023-02-20 11:14:05] [Epoch   133/  200] trn/loss 1.971e-03, trn/lr 7.671e-03, val/acc 9.305e-01, val/nll 2.979e-01
[2023-02-20 11:14:13] [Epoch   134/  200] trn/loss 1.799e-03, trn/lr 7.467e-03, val/acc 9.311e-01, val/nll 2.989e-01
[2023-02-20 11:14:21] [Epoch   135/  200] trn/loss 2.015e-03, trn/lr 7.264e-03, val/acc 9.323e-01, val/nll 3.025e-01 (best_acc: 9.317e-01 -> 9.323e-01, test_acc: 9.256e-01, test_nll: 3.249e-01)
[2023-02-20 11:14:28] [Epoch   136/  200] trn/loss 1.810e-03, trn/lr 7.063e-03, val/acc 9.322e-01, val/nll 2.987e-01
[2023-02-20 11:14:35] [Epoch   137/  200] trn/loss 2.000e-03, trn/lr 6.864e-03, val/acc 9.316e-01, val/nll 3.001e-01
[2023-02-20 11:14:43] [Epoch   138/  200] trn/loss 1.859e-03, trn/lr 6.667e-03, val/acc 9.329e-01, val/nll 3.006e-01 (best_acc: 9.323e-01 -> 9.329e-01, test_acc: 9.249e-01, test_nll: 3.213e-01)
[2023-02-20 11:14:50] [Epoch   139/  200] trn/loss 1.887e-03, trn/lr 6.472e-03, val/acc 9.319e-01, val/nll 3.001e-01
[2023-02-20 11:14:57] [Epoch   140/  200] trn/loss 1.541e-03, trn/lr 6.279e-03, val/acc 9.325e-01, val/nll 3.002e-01
[2023-02-20 11:15:05] [Epoch   141/  200] trn/loss 1.465e-03, trn/lr 6.089e-03, val/acc 9.342e-01, val/nll 2.955e-01 (best_acc: 9.329e-01 -> 9.342e-01, test_acc: 9.258e-01, test_nll: 3.175e-01)
[2023-02-20 11:15:12] [Epoch   142/  200] trn/loss 1.533e-03, trn/lr 5.900e-03, val/acc 9.336e-01, val/nll 2.998e-01
[2023-02-20 11:15:20] [Epoch   143/  200] trn/loss 1.524e-03, trn/lr 5.714e-03, val/acc 9.342e-01, val/nll 2.967e-01
[2023-02-20 11:15:28] [Epoch   144/  200] trn/loss 1.598e-03, trn/lr 5.530e-03, val/acc 9.356e-01, val/nll 2.895e-01 (best_acc: 9.342e-01 -> 9.356e-01, test_acc: 9.257e-01, test_nll: 3.192e-01)
[2023-02-20 11:15:35] [Epoch   145/  200] trn/loss 1.565e-03, trn/lr 5.349e-03, val/acc 9.341e-01, val/nll 2.919e-01
[2023-02-20 11:15:42] [Epoch   146/  200] trn/loss 1.524e-03, trn/lr 5.170e-03, val/acc 9.350e-01, val/nll 2.963e-01
[2023-02-20 11:15:49] [Epoch   147/  200] trn/loss 1.394e-03, trn/lr 4.993e-03, val/acc 9.344e-01, val/nll 2.951e-01
[2023-02-20 11:15:56] [Epoch   148/  200] trn/loss 1.343e-03, trn/lr 4.819e-03, val/acc 9.340e-01, val/nll 2.902e-01
[2023-02-20 11:16:04] [Epoch   149/  200] trn/loss 1.362e-03, trn/lr 4.647e-03, val/acc 9.346e-01, val/nll 2.891e-01
[2023-02-20 11:16:11] [Epoch   150/  200] trn/loss 1.261e-03, trn/lr 4.478e-03, val/acc 9.347e-01, val/nll 2.919e-01
[2023-02-20 11:16:18] [Epoch   151/  200] trn/loss 1.211e-03, trn/lr 4.311e-03, val/acc 9.337e-01, val/nll 2.933e-01
[2023-02-20 11:16:25] [Epoch   152/  200] trn/loss 1.208e-03, trn/lr 4.147e-03, val/acc 9.345e-01, val/nll 2.911e-01
[2023-02-20 11:16:32] [Epoch   153/  200] trn/loss 1.270e-03, trn/lr 3.986e-03, val/acc 9.350e-01, val/nll 2.877e-01
[2023-02-20 11:16:40] [Epoch   154/  200] trn/loss 1.079e-03, trn/lr 3.827e-03, val/acc 9.345e-01, val/nll 2.952e-01
[2023-02-20 11:16:47] [Epoch   155/  200] trn/loss 1.165e-03, trn/lr 3.671e-03, val/acc 9.344e-01, val/nll 2.935e-01
[2023-02-20 11:16:54] [Epoch   156/  200] trn/loss 1.138e-03, trn/lr 3.518e-03, val/acc 9.345e-01, val/nll 2.907e-01
[2023-02-20 11:17:01] [Epoch   157/  200] trn/loss 1.234e-03, trn/lr 3.368e-03, val/acc 9.351e-01, val/nll 2.918e-01
[2023-02-20 11:17:09] [Epoch   158/  200] trn/loss 1.047e-03, trn/lr 3.221e-03, val/acc 9.357e-01, val/nll 2.888e-01 (best_acc: 9.356e-01 -> 9.357e-01, test_acc: 9.270e-01, test_nll: 3.105e-01)
[2023-02-20 11:17:17] [Epoch   159/  200] trn/loss 1.123e-03, trn/lr 3.076e-03, val/acc 9.360e-01, val/nll 2.898e-01 (best_acc: 9.357e-01 -> 9.360e-01, test_acc: 9.259e-01, test_nll: 3.140e-01)
[2023-02-20 11:17:24] [Epoch   160/  200] trn/loss 1.107e-03, trn/lr 2.935e-03, val/acc 9.352e-01, val/nll 2.928e-01
[2023-02-20 11:17:31] [Epoch   161/  200] trn/loss 1.062e-03, trn/lr 2.796e-03, val/acc 9.356e-01, val/nll 2.900e-01
[2023-02-20 11:17:39] [Epoch   162/  200] trn/loss 1.010e-03, trn/lr 2.661e-03, val/acc 9.348e-01, val/nll 2.903e-01
[2023-02-20 11:17:46] [Epoch   163/  200] trn/loss 1.016e-03, trn/lr 2.528e-03, val/acc 9.346e-01, val/nll 2.881e-01
[2023-02-20 11:17:53] [Epoch   164/  200] trn/loss 1.080e-03, trn/lr 2.399e-03, val/acc 9.351e-01, val/nll 2.883e-01
[2023-02-20 11:18:00] [Epoch   165/  200] trn/loss 1.035e-03, trn/lr 2.273e-03, val/acc 9.357e-01, val/nll 2.880e-01
[2023-02-20 11:18:07] [Epoch   166/  200] trn/loss 1.011e-03, trn/lr 2.150e-03, val/acc 9.347e-01, val/nll 2.868e-01
[2023-02-20 11:18:15] [Epoch   167/  200] trn/loss 9.952e-04, trn/lr 2.030e-03, val/acc 9.358e-01, val/nll 2.874e-01
[2023-02-20 11:18:22] [Epoch   168/  200] trn/loss 1.015e-03, trn/lr 1.913e-03, val/acc 9.356e-01, val/nll 2.876e-01
[2023-02-20 11:18:30] [Epoch   169/  200] trn/loss 9.658e-04, trn/lr 1.800e-03, val/acc 9.361e-01, val/nll 2.894e-01 (best_acc: 9.360e-01 -> 9.361e-01, test_acc: 9.263e-01, test_nll: 3.134e-01)
[2023-02-20 11:18:38] [Epoch   170/  200] trn/loss 9.173e-04, trn/lr 1.689e-03, val/acc 9.366e-01, val/nll 2.886e-01 (best_acc: 9.361e-01 -> 9.366e-01, test_acc: 9.269e-01, test_nll: 3.113e-01)
[2023-02-20 11:18:45] [Epoch   171/  200] trn/loss 9.717e-04, trn/lr 1.582e-03, val/acc 9.346e-01, val/nll 2.869e-01
[2023-02-20 11:18:52] [Epoch   172/  200] trn/loss 9.125e-04, trn/lr 1.479e-03, val/acc 9.356e-01, val/nll 2.872e-01
[2023-02-20 11:18:59] [Epoch   173/  200] trn/loss 9.310e-04, trn/lr 1.378e-03, val/acc 9.355e-01, val/nll 2.872e-01
[2023-02-20 11:19:07] [Epoch   174/  200] trn/loss 9.623e-04, trn/lr 1.281e-03, val/acc 9.361e-01, val/nll 2.879e-01
[2023-02-20 11:19:14] [Epoch   175/  200] trn/loss 9.030e-04, trn/lr 1.188e-03, val/acc 9.357e-01, val/nll 2.861e-01
[2023-02-20 11:19:21] [Epoch   176/  200] trn/loss 1.031e-03, trn/lr 1.098e-03, val/acc 9.353e-01, val/nll 2.866e-01
[2023-02-20 11:19:28] [Epoch   177/  200] trn/loss 9.145e-04, trn/lr 1.011e-03, val/acc 9.353e-01, val/nll 2.857e-01
[2023-02-20 11:19:35] [Epoch   178/  200] trn/loss 9.147e-04, trn/lr 9.275e-04, val/acc 9.356e-01, val/nll 2.855e-01
[2023-02-20 11:19:43] [Epoch   179/  200] trn/loss 9.719e-04, trn/lr 8.477e-04, val/acc 9.355e-01, val/nll 2.868e-01
[2023-02-20 11:19:50] [Epoch   180/  200] trn/loss 8.940e-04, trn/lr 7.714e-04, val/acc 9.362e-01, val/nll 2.858e-01
[2023-02-20 11:19:57] [Epoch   181/  200] trn/loss 8.496e-04, trn/lr 6.986e-04, val/acc 9.354e-01, val/nll 2.877e-01
[2023-02-20 11:20:04] [Epoch   182/  200] trn/loss 9.231e-04, trn/lr 6.293e-04, val/acc 9.355e-01, val/nll 2.869e-01
[2023-02-20 11:20:11] [Epoch   183/  200] trn/loss 9.930e-04, trn/lr 5.635e-04, val/acc 9.350e-01, val/nll 2.879e-01
[2023-02-20 11:20:19] [Epoch   184/  200] trn/loss 9.255e-04, trn/lr 5.013e-04, val/acc 9.358e-01, val/nll 2.883e-01
[2023-02-20 11:20:26] [Epoch   185/  200] trn/loss 8.169e-04, trn/lr 4.427e-04, val/acc 9.362e-01, val/nll 2.879e-01
[2023-02-20 11:20:33] [Epoch   186/  200] trn/loss 8.102e-04, trn/lr 3.877e-04, val/acc 9.354e-01, val/nll 2.888e-01
[2023-02-20 11:20:40] [Epoch   187/  200] trn/loss 8.382e-04, trn/lr 3.363e-04, val/acc 9.355e-01, val/nll 2.878e-01
[2023-02-20 11:20:47] [Epoch   188/  200] trn/loss 8.590e-04, trn/lr 2.885e-04, val/acc 9.364e-01, val/nll 2.869e-01
[2023-02-20 11:20:54] [Epoch   189/  200] trn/loss 8.875e-04, trn/lr 2.444e-04, val/acc 9.362e-01, val/nll 2.860e-01
[2023-02-20 11:21:02] [Epoch   190/  200] trn/loss 8.953e-04, trn/lr 2.038e-04, val/acc 9.352e-01, val/nll 2.870e-01
[2023-02-20 11:21:09] [Epoch   191/  200] trn/loss 8.781e-04, trn/lr 1.670e-04, val/acc 9.363e-01, val/nll 2.863e-01
[2023-02-20 11:21:16] [Epoch   192/  200] trn/loss 9.224e-04, trn/lr 1.338e-04, val/acc 9.357e-01, val/nll 2.864e-01
[2023-02-20 11:21:23] [Epoch   193/  200] trn/loss 8.878e-04, trn/lr 1.042e-04, val/acc 9.361e-01, val/nll 2.860e-01
[2023-02-20 11:21:30] [Epoch   194/  200] trn/loss 8.945e-04, trn/lr 7.835e-05, val/acc 9.360e-01, val/nll 2.862e-01
[2023-02-20 11:21:38] [Epoch   195/  200] trn/loss 8.741e-04, trn/lr 5.616e-05, val/acc 9.361e-01, val/nll 2.868e-01
[2023-02-20 11:21:45] [Epoch   196/  200] trn/loss 8.402e-04, trn/lr 3.766e-05, val/acc 9.355e-01, val/nll 2.862e-01
[2023-02-20 11:21:52] [Epoch   197/  200] trn/loss 9.002e-04, trn/lr 2.286e-05, val/acc 9.351e-01, val/nll 2.868e-01
[2023-02-20 11:21:59] [Epoch   198/  200] trn/loss 8.365e-04, trn/lr 1.175e-05, val/acc 9.360e-01, val/nll 2.864e-01
[2023-02-20 11:22:06] [Epoch   199/  200] trn/loss 8.482e-04, trn/lr 4.335e-06, val/acc 9.360e-01, val/nll 2.867e-01
[2023-02-20 11:22:13] [Epoch   200/  200] trn/loss 8.797e-04, trn/lr 6.226e-07, val/acc 9.363e-01, val/nll 2.876e-01
