[2023-02-07 19:20:46] Environments:
------------  ------------------------------------------------------------
sys.platform  linux
Python        3.8.10 (default, Nov 14 2022, 12:59:47) [GCC 9.4.0]
JAX           0.4.2 @/home/giung/.local/lib/python3.8/site-packages/jax
jaxlib        0.4.2 @/home/giung/.local/lib/python3.8/site-packages/jaxlib
Flax          0.6.4 @/home/giung/.local/lib/python3.8/site-packages/flax
Optax         0.1.4 @/home/giung/.local/lib/python3.8/site-packages/optax
------------  ------------------------------------------------------------

[2023-02-07 19:20:46] Command line arguments:
- args.data_root          : ./data/
- args.data_name          : CIFAR10_x32
- args.data_augmentation  : standard
- args.data_proportional  : 1.0
- args.model_depth        : 20
- args.model_width        : 4
- args.model_style        : BN-ReLU
- args.optim_bs           : 256
- args.optim_ne           : 200
- args.optim_lr           : 0.1
- args.optim_momentum     : 0.99
- args.optim_weight_decay : 0.003
- args.rho                : 0.01
- args.save               : /home/giung/giung2-dev/projects/sam/save/CIFAR10_x32/R20x4-BN-ReLU/SAM/bs-0256_ne-0200_lr-0.10_mo-0.99_wd-0.0030_rho-0.0100_fp32/42
- args.seed               : 42
- args.precision          : fp32

[2023-02-07 19:20:51] Multiple local devices are detected:
[TpuDevice(id=0, process_index=0, coords=(0,0,0), core_on_chip=0), TpuDevice(id=1, process_index=0, coords=(0,0,0), core_on_chip=1), TpuDevice(id=2, process_index=0, coords=(1,0,0), core_on_chip=0), TpuDevice(id=3, process_index=0, coords=(1,0,0), core_on_chip=1), TpuDevice(id=4, process_index=0, coords=(0,1,0), core_on_chip=0), TpuDevice(id=5, process_index=0, coords=(0,1,0), core_on_chip=1), TpuDevice(id=6, process_index=0, coords=(1,1,0), core_on_chip=0), TpuDevice(id=7, process_index=0, coords=(1,1,0), core_on_chip=1)]

[2023-02-07 19:21:50] [Epoch     1/  200] trn/loss 2.546e+00, trn/lr 1.000e-01, val/acc 1.242e-01, val/nll 2.323e+00 (best_acc: 0.000e+00 -> 1.242e-01, test_acc: 1.245e-01, test_nll: 2.317e+00)
[2023-02-07 19:21:58] [Epoch     2/  200] trn/loss 1.960e+00, trn/lr 9.999e-02, val/acc 1.642e-01, val/nll 2.946e+00 (best_acc: 1.242e-01 -> 1.642e-01, test_acc: 1.682e-01, test_nll: 2.929e+00)
[2023-02-07 19:22:06] [Epoch     3/  200] trn/loss 1.757e+00, trn/lr 9.996e-02, val/acc 3.264e-01, val/nll 1.901e+00 (best_acc: 1.642e-01 -> 3.264e-01, test_acc: 3.369e-01, test_nll: 1.887e+00)
[2023-02-07 19:22:14] [Epoch     4/  200] trn/loss 1.612e+00, trn/lr 9.992e-02, val/acc 3.388e-01, val/nll 1.888e+00 (best_acc: 3.264e-01 -> 3.388e-01, test_acc: 3.424e-01, test_nll: 1.880e+00)
[2023-02-07 19:22:21] [Epoch     5/  200] trn/loss 1.515e+00, trn/lr 9.987e-02, val/acc 3.022e-01, val/nll 2.498e+00
[2023-02-07 19:22:29] [Epoch     6/  200] trn/loss 1.446e+00, trn/lr 9.981e-02, val/acc 2.575e-01, val/nll 3.148e+00
[2023-02-07 19:22:36] [Epoch     7/  200] trn/loss 1.448e+00, trn/lr 9.974e-02, val/acc 1.843e-01, val/nll 4.095e+00
[2023-02-07 19:22:43] [Epoch     8/  200] trn/loss 1.449e+00, trn/lr 9.965e-02, val/acc 2.638e-01, val/nll 2.351e+00
[2023-02-07 19:22:50] [Epoch     9/  200] trn/loss 1.454e+00, trn/lr 9.955e-02, val/acc 1.478e-01, val/nll 5.171e+00
[2023-02-07 19:22:57] [Epoch    10/  200] trn/loss 1.449e+00, trn/lr 9.944e-02, val/acc 2.600e-01, val/nll 3.541e+00
[2023-02-07 19:23:06] [Epoch    11/  200] trn/loss 1.431e+00, trn/lr 9.932e-02, val/acc 4.117e-01, val/nll 1.595e+00 (best_acc: 3.388e-01 -> 4.117e-01, test_acc: 4.088e-01, test_nll: 1.604e+00)
[2023-02-07 19:23:13] [Epoch    12/  200] trn/loss 1.455e+00, trn/lr 9.919e-02, val/acc 2.819e-01, val/nll 2.378e+00
[2023-02-07 19:23:20] [Epoch    13/  200] trn/loss 1.449e+00, trn/lr 9.904e-02, val/acc 4.039e-01, val/nll 1.713e+00
[2023-02-07 19:23:27] [Epoch    14/  200] trn/loss 1.472e+00, trn/lr 9.888e-02, val/acc 2.711e-01, val/nll 2.588e+00
[2023-02-07 19:23:34] [Epoch    15/  200] trn/loss 1.456e+00, trn/lr 9.871e-02, val/acc 1.662e-01, val/nll 4.057e+00
[2023-02-07 19:23:41] [Epoch    16/  200] trn/loss 1.457e+00, trn/lr 9.853e-02, val/acc 3.586e-01, val/nll 1.853e+00
[2023-02-07 19:23:49] [Epoch    17/  200] trn/loss 1.442e+00, trn/lr 9.833e-02, val/acc 4.087e-01, val/nll 1.679e+00
[2023-02-07 19:23:56] [Epoch    18/  200] trn/loss 1.413e+00, trn/lr 9.812e-02, val/acc 2.517e-01, val/nll 2.443e+00
[2023-02-07 19:24:03] [Epoch    19/  200] trn/loss 1.409e+00, trn/lr 9.790e-02, val/acc 3.596e-01, val/nll 2.070e+00
[2023-02-07 19:24:10] [Epoch    20/  200] trn/loss 1.437e+00, trn/lr 9.767e-02, val/acc 2.107e-01, val/nll 3.185e+00
[2023-02-07 19:24:17] [Epoch    21/  200] trn/loss 1.425e+00, trn/lr 9.743e-02, val/acc 3.972e-01, val/nll 1.726e+00
[2023-02-07 19:24:25] [Epoch    22/  200] trn/loss 1.439e+00, trn/lr 9.718e-02, val/acc 3.145e-01, val/nll 1.986e+00
[2023-02-07 19:24:32] [Epoch    23/  200] trn/loss 1.443e+00, trn/lr 9.691e-02, val/acc 2.324e-01, val/nll 2.203e+00
[2023-02-07 19:24:39] [Epoch    24/  200] trn/loss 1.462e+00, trn/lr 9.663e-02, val/acc 2.979e-01, val/nll 2.171e+00
[2023-02-07 19:24:46] [Epoch    25/  200] trn/loss 1.432e+00, trn/lr 9.634e-02, val/acc 2.499e-01, val/nll 2.728e+00
[2023-02-07 19:24:53] [Epoch    26/  200] trn/loss 1.423e+00, trn/lr 9.604e-02, val/acc 2.064e-01, val/nll 3.051e+00
[2023-02-07 19:25:01] [Epoch    27/  200] trn/loss 1.467e+00, trn/lr 9.573e-02, val/acc 2.053e-01, val/nll 2.664e+00
[2023-02-07 19:25:08] [Epoch    28/  200] trn/loss 1.461e+00, trn/lr 9.541e-02, val/acc 1.868e-01, val/nll 4.400e+00
[2023-02-07 19:25:15] [Epoch    29/  200] trn/loss 1.438e+00, trn/lr 9.507e-02, val/acc 2.192e-01, val/nll 2.627e+00
[2023-02-07 19:25:22] [Epoch    30/  200] trn/loss 1.448e+00, trn/lr 9.473e-02, val/acc 1.930e-01, val/nll 3.677e+00
[2023-02-07 19:25:29] [Epoch    31/  200] trn/loss 1.467e+00, trn/lr 9.437e-02, val/acc 2.365e-01, val/nll 2.759e+00
[2023-02-07 19:25:37] [Epoch    32/  200] trn/loss 1.431e+00, trn/lr 9.400e-02, val/acc 2.739e-01, val/nll 2.095e+00
[2023-02-07 19:25:44] [Epoch    33/  200] trn/loss 1.447e+00, trn/lr 9.363e-02, val/acc 3.251e-01, val/nll 2.326e+00
[2023-02-07 19:25:51] [Epoch    34/  200] trn/loss 1.431e+00, trn/lr 9.324e-02, val/acc 2.698e-01, val/nll 2.737e+00
[2023-02-07 19:25:58] [Epoch    35/  200] trn/loss 1.449e+00, trn/lr 9.284e-02, val/acc 2.399e-01, val/nll 3.198e+00
[2023-02-07 19:26:05] [Epoch    36/  200] trn/loss 1.474e+00, trn/lr 9.243e-02, val/acc 3.167e-01, val/nll 1.852e+00
[2023-02-07 19:26:13] [Epoch    37/  200] trn/loss 1.446e+00, trn/lr 9.201e-02, val/acc 3.064e-01, val/nll 1.978e+00
[2023-02-07 19:26:20] [Epoch    38/  200] trn/loss 1.425e+00, trn/lr 9.157e-02, val/acc 1.600e-01, val/nll 3.300e+00
[2023-02-07 19:26:27] [Epoch    39/  200] trn/loss 1.444e+00, trn/lr 9.113e-02, val/acc 2.177e-01, val/nll 3.541e+00
[2023-02-07 19:26:34] [Epoch    40/  200] trn/loss 1.458e+00, trn/lr 9.068e-02, val/acc 3.444e-01, val/nll 1.920e+00
[2023-02-07 19:26:41] [Epoch    41/  200] trn/loss 1.424e+00, trn/lr 9.022e-02, val/acc 2.740e-01, val/nll 2.898e+00
[2023-02-07 19:26:49] [Epoch    42/  200] trn/loss 1.426e+00, trn/lr 8.975e-02, val/acc 1.680e-01, val/nll 2.878e+00
[2023-02-07 19:26:56] [Epoch    43/  200] trn/loss 1.461e+00, trn/lr 8.927e-02, val/acc 1.908e-01, val/nll 2.791e+00
[2023-02-07 19:27:03] [Epoch    44/  200] trn/loss 1.471e+00, trn/lr 8.878e-02, val/acc 3.148e-01, val/nll 2.232e+00
[2023-02-07 19:27:10] [Epoch    45/  200] trn/loss 1.440e+00, trn/lr 8.828e-02, val/acc 3.283e-01, val/nll 2.127e+00
[2023-02-07 19:27:18] [Epoch    46/  200] trn/loss 1.409e+00, trn/lr 8.777e-02, val/acc 3.229e-01, val/nll 1.899e+00
[2023-02-07 19:27:25] [Epoch    47/  200] trn/loss 1.422e+00, trn/lr 8.725e-02, val/acc 2.043e-01, val/nll 2.842e+00
[2023-02-07 19:27:32] [Epoch    48/  200] trn/loss 1.436e+00, trn/lr 8.672e-02, val/acc 2.097e-01, val/nll 3.776e+00
[2023-02-07 19:27:39] [Epoch    49/  200] trn/loss 1.394e+00, trn/lr 8.618e-02, val/acc 2.779e-01, val/nll 2.540e+00
[2023-02-07 19:27:46] [Epoch    50/  200] trn/loss 1.400e+00, trn/lr 8.563e-02, val/acc 2.322e-01, val/nll 3.123e+00
[2023-02-07 19:27:54] [Epoch    51/  200] trn/loss 1.404e+00, trn/lr 8.508e-02, val/acc 1.731e-01, val/nll 2.797e+00
[2023-02-07 19:28:01] [Epoch    52/  200] trn/loss 1.417e+00, trn/lr 8.451e-02, val/acc 1.330e-01, val/nll 6.189e+00
[2023-02-07 19:28:08] [Epoch    53/  200] trn/loss 1.428e+00, trn/lr 8.394e-02, val/acc 3.808e-01, val/nll 1.851e+00
[2023-02-07 19:28:15] [Epoch    54/  200] trn/loss 1.425e+00, trn/lr 8.336e-02, val/acc 1.701e-01, val/nll 2.586e+00
[2023-02-07 19:28:22] [Epoch    55/  200] trn/loss 1.430e+00, trn/lr 8.277e-02, val/acc 2.116e-01, val/nll 3.539e+00
[2023-02-07 19:28:30] [Epoch    56/  200] trn/loss 1.419e+00, trn/lr 8.217e-02, val/acc 2.027e-01, val/nll 2.793e+00
[2023-02-07 19:28:37] [Epoch    57/  200] trn/loss 1.443e+00, trn/lr 8.157e-02, val/acc 2.314e-01, val/nll 2.433e+00
[2023-02-07 19:28:45] [Epoch    58/  200] trn/loss 1.439e+00, trn/lr 8.096e-02, val/acc 4.181e-01, val/nll 1.883e+00 (best_acc: 4.117e-01 -> 4.181e-01, test_acc: 4.094e-01, test_nll: 1.892e+00)
[2023-02-07 19:28:52] [Epoch    59/  200] trn/loss 1.408e+00, trn/lr 8.034e-02, val/acc 3.356e-01, val/nll 2.442e+00
[2023-02-07 19:28:59] [Epoch    60/  200] trn/loss 1.448e+00, trn/lr 7.971e-02, val/acc 2.754e-01, val/nll 2.875e+00
[2023-02-07 19:29:06] [Epoch    61/  200] trn/loss 1.432e+00, trn/lr 7.907e-02, val/acc 1.782e-01, val/nll 5.263e+00
[2023-02-07 19:29:14] [Epoch    62/  200] trn/loss 1.424e+00, trn/lr 7.843e-02, val/acc 3.107e-01, val/nll 3.368e+00
[2023-02-07 19:29:21] [Epoch    63/  200] trn/loss 1.434e+00, trn/lr 7.778e-02, val/acc 2.867e-01, val/nll 2.343e+00
[2023-02-07 19:29:28] [Epoch    64/  200] trn/loss 1.436e+00, trn/lr 7.712e-02, val/acc 3.045e-01, val/nll 2.862e+00
[2023-02-07 19:29:35] [Epoch    65/  200] trn/loss 1.424e+00, trn/lr 7.646e-02, val/acc 2.819e-01, val/nll 3.007e+00
[2023-02-07 19:29:42] [Epoch    66/  200] trn/loss 1.448e+00, trn/lr 7.579e-02, val/acc 3.332e-01, val/nll 2.042e+00
[2023-02-07 19:29:50] [Epoch    67/  200] trn/loss 1.427e+00, trn/lr 7.512e-02, val/acc 2.873e-01, val/nll 2.540e+00
[2023-02-07 19:29:57] [Epoch    68/  200] trn/loss 1.411e+00, trn/lr 7.443e-02, val/acc 3.976e-01, val/nll 1.703e+00
[2023-02-07 19:30:04] [Epoch    69/  200] trn/loss 1.391e+00, trn/lr 7.374e-02, val/acc 3.347e-01, val/nll 2.187e+00
[2023-02-07 19:30:11] [Epoch    70/  200] trn/loss 1.397e+00, trn/lr 7.305e-02, val/acc 3.679e-01, val/nll 1.790e+00
[2023-02-07 19:30:18] [Epoch    71/  200] trn/loss 1.415e+00, trn/lr 7.235e-02, val/acc 3.077e-01, val/nll 2.289e+00
[2023-02-07 19:30:26] [Epoch    72/  200] trn/loss 1.391e+00, trn/lr 7.165e-02, val/acc 2.985e-01, val/nll 3.583e+00
[2023-02-07 19:30:33] [Epoch    73/  200] trn/loss 1.397e+00, trn/lr 7.093e-02, val/acc 2.903e-01, val/nll 2.024e+00
[2023-02-07 19:30:41] [Epoch    74/  200] trn/loss 1.415e+00, trn/lr 7.022e-02, val/acc 4.451e-01, val/nll 1.550e+00 (best_acc: 4.181e-01 -> 4.451e-01, test_acc: 4.504e-01, test_nll: 1.554e+00)
[2023-02-07 19:30:48] [Epoch    75/  200] trn/loss 1.394e+00, trn/lr 6.950e-02, val/acc 1.909e-01, val/nll 3.789e+00
[2023-02-07 19:30:55] [Epoch    76/  200] trn/loss 1.389e+00, trn/lr 6.877e-02, val/acc 3.444e-01, val/nll 1.824e+00
[2023-02-07 19:31:03] [Epoch    77/  200] trn/loss 1.379e+00, trn/lr 6.804e-02, val/acc 3.127e-01, val/nll 2.878e+00
[2023-02-07 19:31:10] [Epoch    78/  200] trn/loss 1.390e+00, trn/lr 6.731e-02, val/acc 2.250e-01, val/nll 3.724e+00
[2023-02-07 19:31:17] [Epoch    79/  200] trn/loss 1.374e+00, trn/lr 6.657e-02, val/acc 3.260e-01, val/nll 1.800e+00
[2023-02-07 19:31:24] [Epoch    80/  200] trn/loss 1.382e+00, trn/lr 6.583e-02, val/acc 2.213e-01, val/nll 3.130e+00
[2023-02-07 19:31:31] [Epoch    81/  200] trn/loss 1.396e+00, trn/lr 6.508e-02, val/acc 3.791e-01, val/nll 2.086e+00
[2023-02-07 19:31:39] [Epoch    82/  200] trn/loss 1.371e+00, trn/lr 6.433e-02, val/acc 1.186e-01, val/nll 7.421e+00
[2023-02-07 19:31:46] [Epoch    83/  200] trn/loss 1.381e+00, trn/lr 6.357e-02, val/acc 1.751e-01, val/nll 4.087e+00
[2023-02-07 19:31:53] [Epoch    84/  200] trn/loss 1.370e+00, trn/lr 6.282e-02, val/acc 3.632e-01, val/nll 2.206e+00
[2023-02-07 19:32:00] [Epoch    85/  200] trn/loss 1.351e+00, trn/lr 6.206e-02, val/acc 2.135e-01, val/nll 3.338e+00
[2023-02-07 19:32:07] [Epoch    86/  200] trn/loss 1.370e+00, trn/lr 6.129e-02, val/acc 4.244e-01, val/nll 1.663e+00
[2023-02-07 19:32:15] [Epoch    87/  200] trn/loss 1.376e+00, trn/lr 6.053e-02, val/acc 3.084e-01, val/nll 2.250e+00
[2023-02-07 19:32:22] [Epoch    88/  200] trn/loss 1.368e+00, trn/lr 5.976e-02, val/acc 3.898e-01, val/nll 1.774e+00
[2023-02-07 19:32:29] [Epoch    89/  200] trn/loss 1.369e+00, trn/lr 5.899e-02, val/acc 3.315e-01, val/nll 2.170e+00
[2023-02-07 19:32:36] [Epoch    90/  200] trn/loss 1.361e+00, trn/lr 5.821e-02, val/acc 3.499e-01, val/nll 2.255e+00
[2023-02-07 19:32:43] [Epoch    91/  200] trn/loss 1.354e+00, trn/lr 5.744e-02, val/acc 3.890e-01, val/nll 1.950e+00
[2023-02-07 19:32:51] [Epoch    92/  200] trn/loss 1.359e+00, trn/lr 5.666e-02, val/acc 4.588e-01, val/nll 1.554e+00 (best_acc: 4.451e-01 -> 4.588e-01, test_acc: 4.558e-01, test_nll: 1.561e+00)
[2023-02-07 19:32:59] [Epoch    93/  200] trn/loss 1.380e+00, trn/lr 5.588e-02, val/acc 3.497e-01, val/nll 1.922e+00
[2023-02-07 19:33:06] [Epoch    94/  200] trn/loss 1.352e+00, trn/lr 5.510e-02, val/acc 4.287e-01, val/nll 1.661e+00
[2023-02-07 19:33:13] [Epoch    95/  200] trn/loss 1.338e+00, trn/lr 5.432e-02, val/acc 3.407e-01, val/nll 2.193e+00
[2023-02-07 19:33:20] [Epoch    96/  200] trn/loss 1.324e+00, trn/lr 5.353e-02, val/acc 2.551e-01, val/nll 5.024e+00
[2023-02-07 19:33:28] [Epoch    97/  200] trn/loss 1.346e+00, trn/lr 5.275e-02, val/acc 4.243e-01, val/nll 1.602e+00
[2023-02-07 19:33:35] [Epoch    98/  200] trn/loss 1.327e+00, trn/lr 5.197e-02, val/acc 2.843e-01, val/nll 3.357e+00
[2023-02-07 19:33:42] [Epoch    99/  200] trn/loss 1.342e+00, trn/lr 5.118e-02, val/acc 3.440e-01, val/nll 2.185e+00
[2023-02-07 19:33:49] [Epoch   100/  200] trn/loss 1.348e+00, trn/lr 5.040e-02, val/acc 2.605e-01, val/nll 2.626e+00
[2023-02-07 19:33:56] [Epoch   101/  200] trn/loss 1.334e+00, trn/lr 4.961e-02, val/acc 3.587e-01, val/nll 2.066e+00
[2023-02-07 19:34:04] [Epoch   102/  200] trn/loss 1.355e+00, trn/lr 4.882e-02, val/acc 3.783e-01, val/nll 1.936e+00
[2023-02-07 19:34:11] [Epoch   103/  200] trn/loss 1.338e+00, trn/lr 4.804e-02, val/acc 3.417e-01, val/nll 1.837e+00
[2023-02-07 19:34:18] [Epoch   104/  200] trn/loss 1.309e+00, trn/lr 4.725e-02, val/acc 2.144e-01, val/nll 3.841e+00
[2023-02-07 19:34:25] [Epoch   105/  200] trn/loss 1.320e+00, trn/lr 4.647e-02, val/acc 2.987e-01, val/nll 2.511e+00
[2023-02-07 19:34:32] [Epoch   106/  200] trn/loss 1.328e+00, trn/lr 4.569e-02, val/acc 3.176e-01, val/nll 2.597e+00
[2023-02-07 19:34:40] [Epoch   107/  200] trn/loss 1.303e+00, trn/lr 4.491e-02, val/acc 2.366e-01, val/nll 3.462e+00
[2023-02-07 19:34:47] [Epoch   108/  200] trn/loss 1.324e+00, trn/lr 4.413e-02, val/acc 2.819e-01, val/nll 3.079e+00
[2023-02-07 19:34:54] [Epoch   109/  200] trn/loss 1.309e+00, trn/lr 4.335e-02, val/acc 3.395e-01, val/nll 1.975e+00
[2023-02-07 19:35:01] [Epoch   110/  200] trn/loss 1.305e+00, trn/lr 4.257e-02, val/acc 2.397e-01, val/nll 2.627e+00
[2023-02-07 19:35:08] [Epoch   111/  200] trn/loss 1.289e+00, trn/lr 4.179e-02, val/acc 3.363e-01, val/nll 2.255e+00
[2023-02-07 19:35:16] [Epoch   112/  200] trn/loss 1.329e+00, trn/lr 4.102e-02, val/acc 3.628e-01, val/nll 1.992e+00
[2023-02-07 19:35:23] [Epoch   113/  200] trn/loss 1.303e+00, trn/lr 4.025e-02, val/acc 3.845e-01, val/nll 2.337e+00
[2023-02-07 19:35:30] [Epoch   114/  200] trn/loss 1.309e+00, trn/lr 3.948e-02, val/acc 3.671e-01, val/nll 1.799e+00
[2023-02-07 19:35:37] [Epoch   115/  200] trn/loss 1.283e+00, trn/lr 3.871e-02, val/acc 3.132e-01, val/nll 2.598e+00
[2023-02-07 19:35:44] [Epoch   116/  200] trn/loss 1.305e+00, trn/lr 3.795e-02, val/acc 2.740e-01, val/nll 4.161e+00
[2023-02-07 19:35:52] [Epoch   117/  200] trn/loss 1.294e+00, trn/lr 3.719e-02, val/acc 3.897e-01, val/nll 1.977e+00
[2023-02-07 19:35:59] [Epoch   118/  200] trn/loss 1.294e+00, trn/lr 3.643e-02, val/acc 3.200e-01, val/nll 2.279e+00
[2023-02-07 19:36:06] [Epoch   119/  200] trn/loss 1.265e+00, trn/lr 3.568e-02, val/acc 2.030e-01, val/nll 4.138e+00
[2023-02-07 19:36:14] [Epoch   120/  200] trn/loss 1.274e+00, trn/lr 3.493e-02, val/acc 5.183e-01, val/nll 1.396e+00 (best_acc: 4.588e-01 -> 5.183e-01, test_acc: 5.072e-01, test_nll: 1.406e+00)
[2023-02-07 19:36:21] [Epoch   121/  200] trn/loss 1.258e+00, trn/lr 3.418e-02, val/acc 3.985e-01, val/nll 1.892e+00
[2023-02-07 19:36:28] [Epoch   122/  200] trn/loss 1.266e+00, trn/lr 3.344e-02, val/acc 5.138e-01, val/nll 1.453e+00
[2023-02-07 19:36:36] [Epoch   123/  200] trn/loss 1.263e+00, trn/lr 3.270e-02, val/acc 3.377e-01, val/nll 2.320e+00
[2023-02-07 19:36:43] [Epoch   124/  200] trn/loss 1.229e+00, trn/lr 3.196e-02, val/acc 3.319e-01, val/nll 2.352e+00
[2023-02-07 19:36:50] [Epoch   125/  200] trn/loss 1.253e+00, trn/lr 3.123e-02, val/acc 3.053e-01, val/nll 3.187e+00
[2023-02-07 19:36:57] [Epoch   126/  200] trn/loss 1.225e+00, trn/lr 3.051e-02, val/acc 5.065e-01, val/nll 1.437e+00
[2023-02-07 19:37:05] [Epoch   127/  200] trn/loss 1.248e+00, trn/lr 2.979e-02, val/acc 5.440e-01, val/nll 1.264e+00 (best_acc: 5.183e-01 -> 5.440e-01, test_acc: 5.400e-01, test_nll: 1.286e+00)
[2023-02-07 19:37:13] [Epoch   128/  200] trn/loss 1.203e+00, trn/lr 2.907e-02, val/acc 5.532e-01, val/nll 1.246e+00 (best_acc: 5.440e-01 -> 5.532e-01, test_acc: 5.580e-01, test_nll: 1.256e+00)
[2023-02-07 19:37:21] [Epoch   129/  200] trn/loss 1.195e+00, trn/lr 2.836e-02, val/acc 4.774e-01, val/nll 1.491e+00
[2023-02-07 19:37:28] [Epoch   130/  200] trn/loss 1.192e+00, trn/lr 2.765e-02, val/acc 3.977e-01, val/nll 2.224e+00
[2023-02-07 19:37:35] [Epoch   131/  200] trn/loss 1.183e+00, trn/lr 2.695e-02, val/acc 4.436e-01, val/nll 1.975e+00
[2023-02-07 19:37:42] [Epoch   132/  200] trn/loss 1.171e+00, trn/lr 2.626e-02, val/acc 3.939e-01, val/nll 1.953e+00
[2023-02-07 19:37:49] [Epoch   133/  200] trn/loss 1.171e+00, trn/lr 2.557e-02, val/acc 4.048e-01, val/nll 1.739e+00
[2023-02-07 19:37:57] [Epoch   134/  200] trn/loss 1.157e+00, trn/lr 2.489e-02, val/acc 5.421e-01, val/nll 1.366e+00
[2023-02-07 19:38:04] [Epoch   135/  200] trn/loss 1.133e+00, trn/lr 2.421e-02, val/acc 4.794e-01, val/nll 1.518e+00
[2023-02-07 19:38:11] [Epoch   136/  200] trn/loss 1.123e+00, trn/lr 2.354e-02, val/acc 5.219e-01, val/nll 1.447e+00
[2023-02-07 19:38:18] [Epoch   137/  200] trn/loss 1.119e+00, trn/lr 2.288e-02, val/acc 5.168e-01, val/nll 1.490e+00
[2023-02-07 19:38:25] [Epoch   138/  200] trn/loss 1.110e+00, trn/lr 2.222e-02, val/acc 5.426e-01, val/nll 1.276e+00
[2023-02-07 19:38:33] [Epoch   139/  200] trn/loss 1.122e+00, trn/lr 2.157e-02, val/acc 3.446e-01, val/nll 2.102e+00
[2023-02-07 19:38:40] [Epoch   140/  200] trn/loss 1.117e+00, trn/lr 2.093e-02, val/acc 5.354e-01, val/nll 1.285e+00
[2023-02-07 19:38:47] [Epoch   141/  200] trn/loss 1.080e+00, trn/lr 2.030e-02, val/acc 5.525e-01, val/nll 1.332e+00
[2023-02-07 19:38:54] [Epoch   142/  200] trn/loss 1.072e+00, trn/lr 1.967e-02, val/acc 4.039e-01, val/nll 2.013e+00
[2023-02-07 19:39:01] [Epoch   143/  200] trn/loss 1.103e+00, trn/lr 1.905e-02, val/acc 5.429e-01, val/nll 1.452e+00
[2023-02-07 19:39:10] [Epoch   144/  200] trn/loss 1.078e+00, trn/lr 1.843e-02, val/acc 6.171e-01, val/nll 1.076e+00 (best_acc: 5.532e-01 -> 6.171e-01, test_acc: 6.190e-01, test_nll: 1.081e+00)
[2023-02-07 19:39:17] [Epoch   145/  200] trn/loss 1.051e+00, trn/lr 1.783e-02, val/acc 4.690e-01, val/nll 1.926e+00
[2023-02-07 19:39:24] [Epoch   146/  200] trn/loss 1.043e+00, trn/lr 1.723e-02, val/acc 5.743e-01, val/nll 1.238e+00
[2023-02-07 19:39:31] [Epoch   147/  200] trn/loss 1.037e+00, trn/lr 1.664e-02, val/acc 5.289e-01, val/nll 1.319e+00
[2023-02-07 19:39:38] [Epoch   148/  200] trn/loss 1.028e+00, trn/lr 1.606e-02, val/acc 6.014e-01, val/nll 1.213e+00
[2023-02-07 19:39:46] [Epoch   149/  200] trn/loss 1.035e+00, trn/lr 1.549e-02, val/acc 6.348e-01, val/nll 1.067e+00 (best_acc: 6.171e-01 -> 6.348e-01, test_acc: 6.286e-01, test_nll: 1.080e+00)
[2023-02-07 19:39:54] [Epoch   150/  200] trn/loss 9.980e-01, trn/lr 1.493e-02, val/acc 5.259e-01, val/nll 1.508e+00
[2023-02-07 19:40:01] [Epoch   151/  200] trn/loss 9.844e-01, trn/lr 1.437e-02, val/acc 6.222e-01, val/nll 1.098e+00
[2023-02-07 19:40:08] [Epoch   152/  200] trn/loss 9.930e-01, trn/lr 1.382e-02, val/acc 4.800e-01, val/nll 1.636e+00
[2023-02-07 19:40:15] [Epoch   153/  200] trn/loss 9.943e-01, trn/lr 1.329e-02, val/acc 5.879e-01, val/nll 1.255e+00
[2023-02-07 19:40:23] [Epoch   154/  200] trn/loss 9.621e-01, trn/lr 1.276e-02, val/acc 5.941e-01, val/nll 1.246e+00
[2023-02-07 19:40:30] [Epoch   155/  200] trn/loss 9.609e-01, trn/lr 1.224e-02, val/acc 6.029e-01, val/nll 1.098e+00
[2023-02-07 19:40:37] [Epoch   156/  200] trn/loss 9.408e-01, trn/lr 1.173e-02, val/acc 5.846e-01, val/nll 1.300e+00
[2023-02-07 19:40:45] [Epoch   157/  200] trn/loss 9.520e-01, trn/lr 1.123e-02, val/acc 6.417e-01, val/nll 1.041e+00 (best_acc: 6.348e-01 -> 6.417e-01, test_acc: 6.403e-01, test_nll: 1.058e+00)
[2023-02-07 19:40:52] [Epoch   158/  200] trn/loss 9.288e-01, trn/lr 1.074e-02, val/acc 5.994e-01, val/nll 1.271e+00
[2023-02-07 19:41:00] [Epoch   159/  200] trn/loss 9.265e-01, trn/lr 1.025e-02, val/acc 6.544e-01, val/nll 9.807e-01 (best_acc: 6.417e-01 -> 6.544e-01, test_acc: 6.531e-01, test_nll: 9.809e-01)
[2023-02-07 19:41:07] [Epoch   160/  200] trn/loss 9.070e-01, trn/lr 9.783e-03, val/acc 5.997e-01, val/nll 1.210e+00
[2023-02-07 19:41:15] [Epoch   161/  200] trn/loss 9.068e-01, trn/lr 9.321e-03, val/acc 6.348e-01, val/nll 1.018e+00
[2023-02-07 19:41:23] [Epoch   162/  200] trn/loss 8.788e-01, trn/lr 8.870e-03, val/acc 6.566e-01, val/nll 9.934e-01 (best_acc: 6.544e-01 -> 6.566e-01, test_acc: 6.505e-01, test_nll: 9.932e-01)
[2023-02-07 19:41:31] [Epoch   163/  200] trn/loss 8.834e-01, trn/lr 8.428e-03, val/acc 6.686e-01, val/nll 9.663e-01 (best_acc: 6.566e-01 -> 6.686e-01, test_acc: 6.624e-01, test_nll: 9.709e-01)
[2023-02-07 19:41:39] [Epoch   164/  200] trn/loss 8.860e-01, trn/lr 7.997e-03, val/acc 7.049e-01, val/nll 8.482e-01 (best_acc: 6.686e-01 -> 7.049e-01, test_acc: 6.987e-01, test_nll: 8.602e-01)
[2023-02-07 19:41:46] [Epoch   165/  200] trn/loss 8.612e-01, trn/lr 7.576e-03, val/acc 6.515e-01, val/nll 1.006e+00
[2023-02-07 19:41:53] [Epoch   166/  200] trn/loss 8.391e-01, trn/lr 7.166e-03, val/acc 6.899e-01, val/nll 9.054e-01
[2023-02-07 19:42:00] [Epoch   167/  200] trn/loss 8.535e-01, trn/lr 6.766e-03, val/acc 6.832e-01, val/nll 9.249e-01
[2023-02-07 19:42:07] [Epoch   168/  200] trn/loss 8.283e-01, trn/lr 6.377e-03, val/acc 6.711e-01, val/nll 9.721e-01
[2023-02-07 19:42:15] [Epoch   169/  200] trn/loss 8.142e-01, trn/lr 5.998e-03, val/acc 6.254e-01, val/nll 1.121e+00
[2023-02-07 19:42:22] [Epoch   170/  200] trn/loss 7.953e-01, trn/lr 5.631e-03, val/acc 6.442e-01, val/nll 1.103e+00
[2023-02-07 19:42:29] [Epoch   171/  200] trn/loss 7.871e-01, trn/lr 5.274e-03, val/acc 6.815e-01, val/nll 9.796e-01
[2023-02-07 19:42:37] [Epoch   172/  200] trn/loss 7.840e-01, trn/lr 4.929e-03, val/acc 7.213e-01, val/nll 8.396e-01 (best_acc: 7.049e-01 -> 7.213e-01, test_acc: 7.161e-01, test_nll: 8.390e-01)
[2023-02-07 19:42:44] [Epoch   173/  200] trn/loss 7.705e-01, trn/lr 4.594e-03, val/acc 7.021e-01, val/nll 8.782e-01
[2023-02-07 19:42:52] [Epoch   174/  200] trn/loss 7.694e-01, trn/lr 4.271e-03, val/acc 7.371e-01, val/nll 7.871e-01 (best_acc: 7.213e-01 -> 7.371e-01, test_acc: 7.235e-01, test_nll: 8.099e-01)
[2023-02-07 19:42:59] [Epoch   175/  200] trn/loss 7.499e-01, trn/lr 3.959e-03, val/acc 6.987e-01, val/nll 8.515e-01
[2023-02-07 19:43:07] [Epoch   176/  200] trn/loss 7.472e-01, trn/lr 3.659e-03, val/acc 7.546e-01, val/nll 7.211e-01 (best_acc: 7.371e-01 -> 7.546e-01, test_acc: 7.479e-01, test_nll: 7.273e-01)
[2023-02-07 19:43:15] [Epoch   177/  200] trn/loss 7.283e-01, trn/lr 3.369e-03, val/acc 7.622e-01, val/nll 6.901e-01 (best_acc: 7.546e-01 -> 7.622e-01, test_acc: 7.632e-01, test_nll: 6.949e-01)
[2023-02-07 19:43:22] [Epoch   178/  200] trn/loss 7.058e-01, trn/lr 3.092e-03, val/acc 7.588e-01, val/nll 7.072e-01
[2023-02-07 19:43:30] [Epoch   179/  200] trn/loss 7.089e-01, trn/lr 2.826e-03, val/acc 7.636e-01, val/nll 7.076e-01 (best_acc: 7.622e-01 -> 7.636e-01, test_acc: 7.514e-01, test_nll: 7.199e-01)
[2023-02-07 19:43:37] [Epoch   180/  200] trn/loss 6.987e-01, trn/lr 2.571e-03, val/acc 7.270e-01, val/nll 8.166e-01
[2023-02-07 19:43:45] [Epoch   181/  200] trn/loss 6.831e-01, trn/lr 2.329e-03, val/acc 7.723e-01, val/nll 6.709e-01 (best_acc: 7.636e-01 -> 7.723e-01, test_acc: 7.703e-01, test_nll: 6.784e-01)
[2023-02-07 19:43:53] [Epoch   182/  200] trn/loss 6.598e-01, trn/lr 2.098e-03, val/acc 7.759e-01, val/nll 6.618e-01 (best_acc: 7.723e-01 -> 7.759e-01, test_acc: 7.673e-01, test_nll: 6.807e-01)
[2023-02-07 19:44:01] [Epoch   183/  200] trn/loss 6.458e-01, trn/lr 1.878e-03, val/acc 7.904e-01, val/nll 6.178e-01 (best_acc: 7.759e-01 -> 7.904e-01, test_acc: 7.837e-01, test_nll: 6.314e-01)
[2023-02-07 19:44:09] [Epoch   184/  200] trn/loss 6.426e-01, trn/lr 1.671e-03, val/acc 7.896e-01, val/nll 6.173e-01
[2023-02-07 19:44:16] [Epoch   185/  200] trn/loss 6.245e-01, trn/lr 1.476e-03, val/acc 7.882e-01, val/nll 6.202e-01
[2023-02-07 19:44:24] [Epoch   186/  200] trn/loss 6.098e-01, trn/lr 1.292e-03, val/acc 8.091e-01, val/nll 5.642e-01 (best_acc: 7.904e-01 -> 8.091e-01, test_acc: 8.014e-01, test_nll: 5.671e-01)
[2023-02-07 19:44:32] [Epoch   187/  200] trn/loss 5.989e-01, trn/lr 1.121e-03, val/acc 8.132e-01, val/nll 5.548e-01 (best_acc: 8.091e-01 -> 8.132e-01, test_acc: 8.090e-01, test_nll: 5.556e-01)
[2023-02-07 19:44:39] [Epoch   188/  200] trn/loss 5.740e-01, trn/lr 9.617e-04, val/acc 8.022e-01, val/nll 5.857e-01
[2023-02-07 19:44:47] [Epoch   189/  200] trn/loss 5.617e-01, trn/lr 8.145e-04, val/acc 8.137e-01, val/nll 5.438e-01 (best_acc: 8.132e-01 -> 8.137e-01, test_acc: 8.081e-01, test_nll: 5.524e-01)
[2023-02-07 19:44:55] [Epoch   190/  200] trn/loss 5.554e-01, trn/lr 6.794e-04, val/acc 8.194e-01, val/nll 5.293e-01 (best_acc: 8.137e-01 -> 8.194e-01, test_acc: 8.111e-01, test_nll: 5.525e-01)
[2023-02-07 19:45:03] [Epoch   191/  200] trn/loss 5.376e-01, trn/lr 5.565e-04, val/acc 8.279e-01, val/nll 5.080e-01 (best_acc: 8.194e-01 -> 8.279e-01, test_acc: 8.216e-01, test_nll: 5.219e-01)
[2023-02-07 19:45:11] [Epoch   192/  200] trn/loss 5.280e-01, trn/lr 4.458e-04, val/acc 8.321e-01, val/nll 5.067e-01 (best_acc: 8.279e-01 -> 8.321e-01, test_acc: 8.217e-01, test_nll: 5.218e-01)
[2023-02-07 19:45:19] [Epoch   193/  200] trn/loss 5.198e-01, trn/lr 3.474e-04, val/acc 8.356e-01, val/nll 4.816e-01 (best_acc: 8.321e-01 -> 8.356e-01, test_acc: 8.287e-01, test_nll: 4.956e-01)
[2023-02-07 19:45:26] [Epoch   194/  200] trn/loss 5.103e-01, trn/lr 2.612e-04, val/acc 8.355e-01, val/nll 4.773e-01
[2023-02-07 19:45:34] [Epoch   195/  200] trn/loss 4.931e-01, trn/lr 1.872e-04, val/acc 8.388e-01, val/nll 4.672e-01 (best_acc: 8.356e-01 -> 8.388e-01, test_acc: 8.353e-01, test_nll: 4.814e-01)
[2023-02-07 19:45:42] [Epoch   196/  200] trn/loss 4.892e-01, trn/lr 1.255e-04, val/acc 8.412e-01, val/nll 4.640e-01 (best_acc: 8.388e-01 -> 8.412e-01, test_acc: 8.330e-01, test_nll: 4.804e-01)
[2023-02-07 19:45:50] [Epoch   197/  200] trn/loss 4.814e-01, trn/lr 7.619e-05, val/acc 8.414e-01, val/nll 4.619e-01 (best_acc: 8.412e-01 -> 8.414e-01, test_acc: 8.335e-01, test_nll: 4.780e-01)
[2023-02-07 19:45:58] [Epoch   198/  200] trn/loss 4.795e-01, trn/lr 3.916e-05, val/acc 8.460e-01, val/nll 4.580e-01 (best_acc: 8.414e-01 -> 8.460e-01, test_acc: 8.353e-01, test_nll: 4.734e-01)
[2023-02-07 19:46:05] [Epoch   199/  200] trn/loss 4.744e-01, trn/lr 1.445e-05, val/acc 8.456e-01, val/nll 4.553e-01
[2023-02-07 19:46:12] [Epoch   200/  200] trn/loss 4.754e-01, trn/lr 2.075e-06, val/acc 8.455e-01, val/nll 4.553e-01
