[2023-02-03 12:55:31] Environments:
------------  --------------------------------------------------------------------------------
sys.platform  linux
Python        3.10.8 (main, Nov 24 2022, 14:13:03) [GCC 11.2.0]
JAX           0.4.1 @/mnt/home/giung/.conda/envs/jax-vessl/lib/python3.10/site-packages/jax
jaxlib        0.4.1 @/mnt/home/giung/.conda/envs/jax-vessl/lib/python3.10/site-packages/jaxlib
Flax          0.6.3 @/mnt/home/giung/.conda/envs/jax-vessl/lib/python3.10/site-packages/flax
Optax         0.1.4 @/mnt/home/giung/.conda/envs/jax-vessl/lib/python3.10/site-packages/optax
------------  --------------------------------------------------------------------------------

[2023-02-03 12:55:31] Command line arguments:
- args.data_root          : ./data/
- args.data_name          : CIFAR10_x32
- args.data_augmentation  : standard
- args.data_proportional  : 1.0
- args.model_depth        : 20
- args.model_width        : 4
- args.model_style        : BN-ReLU
- args.optim_bs           : 256
- args.optim_ne           : 200
- args.optim_lr           : 0.1
- args.optim_momentum     : 0.9
- args.optim_weight_decay : 0.0003
- args.save               : /mnt/home/giung/giung2-dev/projects/residual-networks/save/CIFAR10_x32/R20x4-BN-ReLU/bs-0256_ne-0200_lr-0.10_mo-0.90_wd-0.0003_fp32/42
- args.seed               : 42
- args.precision          : fp32

[2023-02-03 12:56:11] [Epoch     1/  200] trn/loss 1.839e+00, trn/lr 1.000e-01, val/acc 4.629e-01, val/nll 1.502e+00 (best_acc: 0.000e+00 -> 4.629e-01, test_acc: 4.650e-01, test_nll: 1.491e+00)
[2023-02-03 12:56:26] [Epoch     2/  200] trn/loss 1.290e+00, trn/lr 9.999e-02, val/acc 5.539e-01, val/nll 1.235e+00 (best_acc: 4.629e-01 -> 5.539e-01, test_acc: 5.494e-01, test_nll: 1.247e+00)
[2023-02-03 12:56:41] [Epoch     3/  200] trn/loss 1.012e+00, trn/lr 9.996e-02, val/acc 6.454e-01, val/nll 1.001e+00 (best_acc: 5.539e-01 -> 6.454e-01, test_acc: 6.416e-01, test_nll: 1.004e+00)
[2023-02-03 12:56:56] [Epoch     4/  200] trn/loss 8.633e-01, trn/lr 9.992e-02, val/acc 6.791e-01, val/nll 9.330e-01 (best_acc: 6.454e-01 -> 6.791e-01, test_acc: 6.791e-01, test_nll: 9.496e-01)
[2023-02-03 12:57:10] [Epoch     5/  200] trn/loss 7.450e-01, trn/lr 9.987e-02, val/acc 6.726e-01, val/nll 1.079e+00
[2023-02-03 12:57:25] [Epoch     6/  200] trn/loss 6.517e-01, trn/lr 9.981e-02, val/acc 7.410e-01, val/nll 7.797e-01 (best_acc: 6.791e-01 -> 7.410e-01, test_acc: 7.417e-01, test_nll: 7.838e-01)
[2023-02-03 12:57:40] [Epoch     7/  200] trn/loss 5.765e-01, trn/lr 9.974e-02, val/acc 7.529e-01, val/nll 7.336e-01 (best_acc: 7.410e-01 -> 7.529e-01, test_acc: 7.494e-01, test_nll: 7.457e-01)
[2023-02-03 12:57:55] [Epoch     8/  200] trn/loss 5.261e-01, trn/lr 9.965e-02, val/acc 7.893e-01, val/nll 6.564e-01 (best_acc: 7.529e-01 -> 7.893e-01, test_acc: 7.860e-01, test_nll: 6.611e-01)
[2023-02-03 12:58:08] [Epoch     9/  200] trn/loss 4.774e-01, trn/lr 9.955e-02, val/acc 7.767e-01, val/nll 7.007e-01
[2023-02-03 12:58:23] [Epoch    10/  200] trn/loss 4.437e-01, trn/lr 9.944e-02, val/acc 8.123e-01, val/nll 5.573e-01 (best_acc: 7.893e-01 -> 8.123e-01, test_acc: 8.109e-01, test_nll: 5.672e-01)
[2023-02-03 12:58:37] [Epoch    11/  200] trn/loss 4.081e-01, trn/lr 9.932e-02, val/acc 7.962e-01, val/nll 6.173e-01
[2023-02-03 12:58:50] [Epoch    12/  200] trn/loss 3.827e-01, trn/lr 9.919e-02, val/acc 7.829e-01, val/nll 7.248e-01
[2023-02-03 12:59:04] [Epoch    13/  200] trn/loss 3.557e-01, trn/lr 9.904e-02, val/acc 8.115e-01, val/nll 6.033e-01
[2023-02-03 12:59:19] [Epoch    14/  200] trn/loss 3.387e-01, trn/lr 9.888e-02, val/acc 8.292e-01, val/nll 5.166e-01 (best_acc: 8.123e-01 -> 8.292e-01, test_acc: 8.263e-01, test_nll: 5.235e-01)
[2023-02-03 12:59:34] [Epoch    15/  200] trn/loss 3.285e-01, trn/lr 9.871e-02, val/acc 8.414e-01, val/nll 4.737e-01 (best_acc: 8.292e-01 -> 8.414e-01, test_acc: 8.380e-01, test_nll: 4.884e-01)
[2023-02-03 12:59:47] [Epoch    16/  200] trn/loss 3.064e-01, trn/lr 9.853e-02, val/acc 8.115e-01, val/nll 6.389e-01
[2023-02-03 13:00:02] [Epoch    17/  200] trn/loss 2.875e-01, trn/lr 9.833e-02, val/acc 8.417e-01, val/nll 4.872e-01 (best_acc: 8.414e-01 -> 8.417e-01, test_acc: 8.335e-01, test_nll: 5.244e-01)
[2023-02-03 13:00:17] [Epoch    18/  200] trn/loss 2.769e-01, trn/lr 9.812e-02, val/acc 8.492e-01, val/nll 4.651e-01 (best_acc: 8.417e-01 -> 8.492e-01, test_acc: 8.420e-01, test_nll: 4.846e-01)
[2023-02-03 13:00:32] [Epoch    19/  200] trn/loss 2.675e-01, trn/lr 9.790e-02, val/acc 8.632e-01, val/nll 4.129e-01 (best_acc: 8.492e-01 -> 8.632e-01, test_acc: 8.622e-01, test_nll: 4.206e-01)
[2023-02-03 13:00:45] [Epoch    20/  200] trn/loss 2.497e-01, trn/lr 9.767e-02, val/acc 8.477e-01, val/nll 4.896e-01
[2023-02-03 13:00:59] [Epoch    21/  200] trn/loss 2.412e-01, trn/lr 9.743e-02, val/acc 8.262e-01, val/nll 5.813e-01
[2023-02-03 13:01:13] [Epoch    22/  200] trn/loss 2.343e-01, trn/lr 9.718e-02, val/acc 8.628e-01, val/nll 4.438e-01
[2023-02-03 13:01:26] [Epoch    23/  200] trn/loss 2.365e-01, trn/lr 9.691e-02, val/acc 8.525e-01, val/nll 4.580e-01
[2023-02-03 13:01:40] [Epoch    24/  200] trn/loss 2.217e-01, trn/lr 9.663e-02, val/acc 8.624e-01, val/nll 4.268e-01
[2023-02-03 13:01:53] [Epoch    25/  200] trn/loss 2.109e-01, trn/lr 9.634e-02, val/acc 8.363e-01, val/nll 5.640e-01
[2023-02-03 13:02:07] [Epoch    26/  200] trn/loss 2.093e-01, trn/lr 9.604e-02, val/acc 8.279e-01, val/nll 5.917e-01
[2023-02-03 13:02:21] [Epoch    27/  200] trn/loss 2.010e-01, trn/lr 9.573e-02, val/acc 8.210e-01, val/nll 6.042e-01
[2023-02-03 13:02:34] [Epoch    28/  200] trn/loss 2.004e-01, trn/lr 9.541e-02, val/acc 8.629e-01, val/nll 4.228e-01
[2023-02-03 13:02:48] [Epoch    29/  200] trn/loss 1.914e-01, trn/lr 9.507e-02, val/acc 8.240e-01, val/nll 6.089e-01
[2023-02-03 13:03:03] [Epoch    30/  200] trn/loss 1.836e-01, trn/lr 9.473e-02, val/acc 8.652e-01, val/nll 4.482e-01 (best_acc: 8.632e-01 -> 8.652e-01, test_acc: 8.615e-01, test_nll: 4.350e-01)
[2023-02-03 13:03:16] [Epoch    31/  200] trn/loss 1.823e-01, trn/lr 9.437e-02, val/acc 8.616e-01, val/nll 4.309e-01
[2023-02-03 13:03:31] [Epoch    32/  200] trn/loss 1.714e-01, trn/lr 9.400e-02, val/acc 8.852e-01, val/nll 3.628e-01 (best_acc: 8.652e-01 -> 8.852e-01, test_acc: 8.849e-01, test_nll: 3.616e-01)
[2023-02-03 13:03:45] [Epoch    33/  200] trn/loss 1.740e-01, trn/lr 9.363e-02, val/acc 7.959e-01, val/nll 7.653e-01
[2023-02-03 13:03:58] [Epoch    34/  200] trn/loss 1.679e-01, trn/lr 9.324e-02, val/acc 8.440e-01, val/nll 5.334e-01
[2023-02-03 13:04:12] [Epoch    35/  200] trn/loss 1.629e-01, trn/lr 9.284e-02, val/acc 8.535e-01, val/nll 5.474e-01
[2023-02-03 13:04:26] [Epoch    36/  200] trn/loss 1.676e-01, trn/lr 9.243e-02, val/acc 8.520e-01, val/nll 5.074e-01
[2023-02-03 13:04:39] [Epoch    37/  200] trn/loss 1.571e-01, trn/lr 9.201e-02, val/acc 8.763e-01, val/nll 4.027e-01
[2023-02-03 13:04:53] [Epoch    38/  200] trn/loss 1.510e-01, trn/lr 9.157e-02, val/acc 8.782e-01, val/nll 4.186e-01
[2023-02-03 13:05:06] [Epoch    39/  200] trn/loss 1.507e-01, trn/lr 9.113e-02, val/acc 8.347e-01, val/nll 6.177e-01
[2023-02-03 13:05:20] [Epoch    40/  200] trn/loss 1.513e-01, trn/lr 9.068e-02, val/acc 8.643e-01, val/nll 4.812e-01
[2023-02-03 13:05:34] [Epoch    41/  200] trn/loss 1.512e-01, trn/lr 9.022e-02, val/acc 8.775e-01, val/nll 3.995e-01
[2023-02-03 13:05:47] [Epoch    42/  200] trn/loss 1.439e-01, trn/lr 8.975e-02, val/acc 8.726e-01, val/nll 4.370e-01
[2023-02-03 13:06:01] [Epoch    43/  200] trn/loss 1.370e-01, trn/lr 8.927e-02, val/acc 8.815e-01, val/nll 3.807e-01
[2023-02-03 13:06:14] [Epoch    44/  200] trn/loss 1.396e-01, trn/lr 8.878e-02, val/acc 8.655e-01, val/nll 4.529e-01
[2023-02-03 13:06:28] [Epoch    45/  200] trn/loss 1.370e-01, trn/lr 8.828e-02, val/acc 8.635e-01, val/nll 4.863e-01
[2023-02-03 13:06:42] [Epoch    46/  200] trn/loss 1.342e-01, trn/lr 8.777e-02, val/acc 8.685e-01, val/nll 4.675e-01
[2023-02-03 13:06:55] [Epoch    47/  200] trn/loss 1.305e-01, trn/lr 8.725e-02, val/acc 8.705e-01, val/nll 4.652e-01
[2023-02-03 13:07:09] [Epoch    48/  200] trn/loss 1.329e-01, trn/lr 8.672e-02, val/acc 8.587e-01, val/nll 4.889e-01
[2023-02-03 13:07:22] [Epoch    49/  200] trn/loss 1.332e-01, trn/lr 8.618e-02, val/acc 8.610e-01, val/nll 4.804e-01
[2023-02-03 13:07:36] [Epoch    50/  200] trn/loss 1.209e-01, trn/lr 8.563e-02, val/acc 8.834e-01, val/nll 3.981e-01
[2023-02-03 13:07:51] [Epoch    51/  200] trn/loss 1.205e-01, trn/lr 8.508e-02, val/acc 8.868e-01, val/nll 3.812e-01 (best_acc: 8.852e-01 -> 8.868e-01, test_acc: 8.877e-01, test_nll: 3.821e-01)
[2023-02-03 13:08:04] [Epoch    52/  200] trn/loss 1.223e-01, trn/lr 8.451e-02, val/acc 8.652e-01, val/nll 5.032e-01
[2023-02-03 13:08:18] [Epoch    53/  200] trn/loss 1.245e-01, trn/lr 8.394e-02, val/acc 8.638e-01, val/nll 5.128e-01
[2023-02-03 13:08:33] [Epoch    54/  200] trn/loss 1.112e-01, trn/lr 8.336e-02, val/acc 8.920e-01, val/nll 3.900e-01 (best_acc: 8.868e-01 -> 8.920e-01, test_acc: 8.904e-01, test_nll: 3.898e-01)
[2023-02-03 13:08:47] [Epoch    55/  200] trn/loss 1.150e-01, trn/lr 8.277e-02, val/acc 8.587e-01, val/nll 5.218e-01
[2023-02-03 13:09:00] [Epoch    56/  200] trn/loss 1.101e-01, trn/lr 8.217e-02, val/acc 8.716e-01, val/nll 4.491e-01
[2023-02-03 13:09:14] [Epoch    57/  200] trn/loss 1.087e-01, trn/lr 8.157e-02, val/acc 8.678e-01, val/nll 4.805e-01
[2023-02-03 13:09:27] [Epoch    58/  200] trn/loss 1.080e-01, trn/lr 8.096e-02, val/acc 8.546e-01, val/nll 5.339e-01
[2023-02-03 13:09:41] [Epoch    59/  200] trn/loss 1.102e-01, trn/lr 8.034e-02, val/acc 8.796e-01, val/nll 4.152e-01
[2023-02-03 13:09:55] [Epoch    60/  200] trn/loss 1.111e-01, trn/lr 7.971e-02, val/acc 8.374e-01, val/nll 6.128e-01
[2023-02-03 13:10:10] [Epoch    61/  200] trn/loss 9.587e-02, trn/lr 7.907e-02, val/acc 8.936e-01, val/nll 3.601e-01 (best_acc: 8.920e-01 -> 8.936e-01, test_acc: 8.906e-01, test_nll: 3.655e-01)
[2023-02-03 13:10:23] [Epoch    62/  200] trn/loss 1.048e-01, trn/lr 7.843e-02, val/acc 8.321e-01, val/nll 6.880e-01
[2023-02-03 13:10:37] [Epoch    63/  200] trn/loss 1.050e-01, trn/lr 7.778e-02, val/acc 8.887e-01, val/nll 3.949e-01
[2023-02-03 13:10:50] [Epoch    64/  200] trn/loss 1.003e-01, trn/lr 7.712e-02, val/acc 8.710e-01, val/nll 4.973e-01
[2023-02-03 13:11:04] [Epoch    65/  200] trn/loss 9.552e-02, trn/lr 7.646e-02, val/acc 8.842e-01, val/nll 4.073e-01
[2023-02-03 13:11:18] [Epoch    66/  200] trn/loss 9.653e-02, trn/lr 7.579e-02, val/acc 8.803e-01, val/nll 4.532e-01
[2023-02-03 13:11:31] [Epoch    67/  200] trn/loss 8.901e-02, trn/lr 7.512e-02, val/acc 8.784e-01, val/nll 4.584e-01
[2023-02-03 13:11:45] [Epoch    68/  200] trn/loss 8.373e-02, trn/lr 7.443e-02, val/acc 8.687e-01, val/nll 5.161e-01
[2023-02-03 13:11:59] [Epoch    69/  200] trn/loss 9.925e-02, trn/lr 7.374e-02, val/acc 8.906e-01, val/nll 3.761e-01
[2023-02-03 13:12:13] [Epoch    70/  200] trn/loss 8.797e-02, trn/lr 7.305e-02, val/acc 8.937e-01, val/nll 3.978e-01 (best_acc: 8.936e-01 -> 8.937e-01, test_acc: 8.870e-01, test_nll: 4.346e-01)
[2023-02-03 13:12:27] [Epoch    71/  200] trn/loss 9.062e-02, trn/lr 7.235e-02, val/acc 8.917e-01, val/nll 3.902e-01
[2023-02-03 13:12:41] [Epoch    72/  200] trn/loss 9.256e-02, trn/lr 7.165e-02, val/acc 8.730e-01, val/nll 4.919e-01
[2023-02-03 13:12:56] [Epoch    73/  200] trn/loss 7.916e-02, trn/lr 7.093e-02, val/acc 8.963e-01, val/nll 3.743e-01 (best_acc: 8.937e-01 -> 8.963e-01, test_acc: 8.919e-01, test_nll: 3.809e-01)
[2023-02-03 13:13:09] [Epoch    74/  200] trn/loss 8.150e-02, trn/lr 7.022e-02, val/acc 8.659e-01, val/nll 5.049e-01
[2023-02-03 13:13:23] [Epoch    75/  200] trn/loss 8.078e-02, trn/lr 6.950e-02, val/acc 8.956e-01, val/nll 3.957e-01
[2023-02-03 13:13:36] [Epoch    76/  200] trn/loss 7.834e-02, trn/lr 6.877e-02, val/acc 8.906e-01, val/nll 4.067e-01
[2023-02-03 13:13:50] [Epoch    77/  200] trn/loss 7.322e-02, trn/lr 6.804e-02, val/acc 8.847e-01, val/nll 4.287e-01
[2023-02-03 13:14:04] [Epoch    78/  200] trn/loss 8.063e-02, trn/lr 6.731e-02, val/acc 8.813e-01, val/nll 4.890e-01
[2023-02-03 13:14:17] [Epoch    79/  200] trn/loss 6.927e-02, trn/lr 6.657e-02, val/acc 8.888e-01, val/nll 4.153e-01
[2023-02-03 13:14:31] [Epoch    80/  200] trn/loss 7.176e-02, trn/lr 6.583e-02, val/acc 8.749e-01, val/nll 4.664e-01
[2023-02-03 13:14:45] [Epoch    81/  200] trn/loss 7.135e-02, trn/lr 6.508e-02, val/acc 8.950e-01, val/nll 3.764e-01
[2023-02-03 13:14:58] [Epoch    82/  200] trn/loss 7.224e-02, trn/lr 6.433e-02, val/acc 8.757e-01, val/nll 5.053e-01
[2023-02-03 13:15:12] [Epoch    83/  200] trn/loss 7.410e-02, trn/lr 6.357e-02, val/acc 8.850e-01, val/nll 4.693e-01
[2023-02-03 13:15:25] [Epoch    84/  200] trn/loss 7.348e-02, trn/lr 6.282e-02, val/acc 8.958e-01, val/nll 3.746e-01
[2023-02-03 13:15:39] [Epoch    85/  200] trn/loss 6.693e-02, trn/lr 6.206e-02, val/acc 8.861e-01, val/nll 4.330e-01
[2023-02-03 13:15:53] [Epoch    86/  200] trn/loss 5.785e-02, trn/lr 6.129e-02, val/acc 8.843e-01, val/nll 4.478e-01
[2023-02-03 13:16:06] [Epoch    87/  200] trn/loss 6.810e-02, trn/lr 6.053e-02, val/acc 8.948e-01, val/nll 4.055e-01
[2023-02-03 13:16:21] [Epoch    88/  200] trn/loss 5.986e-02, trn/lr 5.976e-02, val/acc 9.066e-01, val/nll 3.543e-01 (best_acc: 8.963e-01 -> 9.066e-01, test_acc: 9.024e-01, test_nll: 3.660e-01)
[2023-02-03 13:16:35] [Epoch    89/  200] trn/loss 6.401e-02, trn/lr 5.899e-02, val/acc 8.796e-01, val/nll 4.605e-01
[2023-02-03 13:16:48] [Epoch    90/  200] trn/loss 6.464e-02, trn/lr 5.821e-02, val/acc 8.775e-01, val/nll 4.807e-01
[2023-02-03 13:17:02] [Epoch    91/  200] trn/loss 6.131e-02, trn/lr 5.744e-02, val/acc 8.986e-01, val/nll 3.803e-01
[2023-02-03 13:17:16] [Epoch    92/  200] trn/loss 5.669e-02, trn/lr 5.666e-02, val/acc 8.875e-01, val/nll 4.574e-01
[2023-02-03 13:17:31] [Epoch    93/  200] trn/loss 5.566e-02, trn/lr 5.588e-02, val/acc 9.085e-01, val/nll 3.546e-01 (best_acc: 9.066e-01 -> 9.085e-01, test_acc: 9.036e-01, test_nll: 3.771e-01)
[2023-02-03 13:17:44] [Epoch    94/  200] trn/loss 5.342e-02, trn/lr 5.510e-02, val/acc 9.028e-01, val/nll 3.702e-01
[2023-02-03 13:17:59] [Epoch    95/  200] trn/loss 5.125e-02, trn/lr 5.432e-02, val/acc 9.136e-01, val/nll 3.366e-01 (best_acc: 9.085e-01 -> 9.136e-01, test_acc: 9.097e-01, test_nll: 3.444e-01)
[2023-02-03 13:18:13] [Epoch    96/  200] trn/loss 5.274e-02, trn/lr 5.353e-02, val/acc 9.033e-01, val/nll 3.733e-01
[2023-02-03 13:18:27] [Epoch    97/  200] trn/loss 5.797e-02, trn/lr 5.275e-02, val/acc 9.066e-01, val/nll 3.736e-01
[2023-02-03 13:18:40] [Epoch    98/  200] trn/loss 4.602e-02, trn/lr 5.197e-02, val/acc 9.025e-01, val/nll 3.963e-01
[2023-02-03 13:18:55] [Epoch    99/  200] trn/loss 4.457e-02, trn/lr 5.118e-02, val/acc 9.147e-01, val/nll 3.472e-01 (best_acc: 9.136e-01 -> 9.147e-01, test_acc: 9.123e-01, test_nll: 3.755e-01)
[2023-02-03 13:19:09] [Epoch   100/  200] trn/loss 4.564e-02, trn/lr 5.040e-02, val/acc 9.076e-01, val/nll 3.436e-01
[2023-02-03 13:19:22] [Epoch   101/  200] trn/loss 4.425e-02, trn/lr 4.961e-02, val/acc 8.975e-01, val/nll 4.143e-01
[2023-02-03 13:19:36] [Epoch   102/  200] trn/loss 4.205e-02, trn/lr 4.882e-02, val/acc 9.042e-01, val/nll 3.569e-01
[2023-02-03 13:19:50] [Epoch   103/  200] trn/loss 4.024e-02, trn/lr 4.804e-02, val/acc 9.086e-01, val/nll 3.579e-01
[2023-02-03 13:20:03] [Epoch   104/  200] trn/loss 4.376e-02, trn/lr 4.725e-02, val/acc 9.033e-01, val/nll 3.649e-01
[2023-02-03 13:20:17] [Epoch   105/  200] trn/loss 4.025e-02, trn/lr 4.647e-02, val/acc 9.093e-01, val/nll 3.544e-01
[2023-02-03 13:20:31] [Epoch   106/  200] trn/loss 3.890e-02, trn/lr 4.569e-02, val/acc 9.105e-01, val/nll 3.355e-01
[2023-02-03 13:20:44] [Epoch   107/  200] trn/loss 3.847e-02, trn/lr 4.491e-02, val/acc 9.050e-01, val/nll 3.692e-01
[2023-02-03 13:20:58] [Epoch   108/  200] trn/loss 4.688e-02, trn/lr 4.413e-02, val/acc 8.937e-01, val/nll 4.181e-01
[2023-02-03 13:21:11] [Epoch   109/  200] trn/loss 3.661e-02, trn/lr 4.335e-02, val/acc 9.096e-01, val/nll 3.581e-01
[2023-02-03 13:21:25] [Epoch   110/  200] trn/loss 3.584e-02, trn/lr 4.257e-02, val/acc 9.080e-01, val/nll 3.641e-01
[2023-02-03 13:21:39] [Epoch   111/  200] trn/loss 3.378e-02, trn/lr 4.179e-02, val/acc 9.034e-01, val/nll 4.001e-01
[2023-02-03 13:21:52] [Epoch   112/  200] trn/loss 3.552e-02, trn/lr 4.102e-02, val/acc 9.146e-01, val/nll 3.345e-01
[2023-02-03 13:22:06] [Epoch   113/  200] trn/loss 2.805e-02, trn/lr 4.025e-02, val/acc 9.125e-01, val/nll 3.542e-01
[2023-02-03 13:22:21] [Epoch   114/  200] trn/loss 2.974e-02, trn/lr 3.948e-02, val/acc 9.237e-01, val/nll 3.089e-01 (best_acc: 9.147e-01 -> 9.237e-01, test_acc: 9.185e-01, test_nll: 3.233e-01)
[2023-02-03 13:22:35] [Epoch   115/  200] trn/loss 2.890e-02, trn/lr 3.871e-02, val/acc 9.075e-01, val/nll 3.704e-01
[2023-02-03 13:22:48] [Epoch   116/  200] trn/loss 2.776e-02, trn/lr 3.795e-02, val/acc 9.119e-01, val/nll 3.670e-01
[2023-02-03 13:23:02] [Epoch   117/  200] trn/loss 2.411e-02, trn/lr 3.719e-02, val/acc 9.154e-01, val/nll 3.220e-01
[2023-02-03 13:23:15] [Epoch   118/  200] trn/loss 2.519e-02, trn/lr 3.643e-02, val/acc 9.150e-01, val/nll 3.415e-01
[2023-02-03 13:23:29] [Epoch   119/  200] trn/loss 2.985e-02, trn/lr 3.568e-02, val/acc 9.206e-01, val/nll 3.318e-01
[2023-02-03 13:23:43] [Epoch   120/  200] trn/loss 2.221e-02, trn/lr 3.493e-02, val/acc 9.189e-01, val/nll 3.318e-01
[2023-02-03 13:23:56] [Epoch   121/  200] trn/loss 1.729e-02, trn/lr 3.418e-02, val/acc 9.118e-01, val/nll 3.665e-01
[2023-02-03 13:24:11] [Epoch   122/  200] trn/loss 1.765e-02, trn/lr 3.344e-02, val/acc 9.259e-01, val/nll 3.069e-01 (best_acc: 9.237e-01 -> 9.259e-01, test_acc: 9.225e-01, test_nll: 3.039e-01)
[2023-02-03 13:24:25] [Epoch   123/  200] trn/loss 1.645e-02, trn/lr 3.270e-02, val/acc 9.237e-01, val/nll 3.132e-01
[2023-02-03 13:24:40] [Epoch   124/  200] trn/loss 1.872e-02, trn/lr 3.196e-02, val/acc 9.269e-01, val/nll 2.906e-01 (best_acc: 9.259e-01 -> 9.269e-01, test_acc: 9.255e-01, test_nll: 3.054e-01)
[2023-02-03 13:24:53] [Epoch   125/  200] trn/loss 1.960e-02, trn/lr 3.123e-02, val/acc 9.201e-01, val/nll 3.278e-01
[2023-02-03 13:25:07] [Epoch   126/  200] trn/loss 1.923e-02, trn/lr 3.051e-02, val/acc 9.206e-01, val/nll 3.231e-01
[2023-02-03 13:25:22] [Epoch   127/  200] trn/loss 1.647e-02, trn/lr 2.979e-02, val/acc 9.311e-01, val/nll 2.778e-01 (best_acc: 9.269e-01 -> 9.311e-01, test_acc: 9.281e-01, test_nll: 2.992e-01)
[2023-02-03 13:25:35] [Epoch   128/  200] trn/loss 9.933e-03, trn/lr 2.907e-02, val/acc 9.310e-01, val/nll 2.953e-01
[2023-02-03 13:25:50] [Epoch   129/  200] trn/loss 1.124e-02, trn/lr 2.836e-02, val/acc 9.312e-01, val/nll 2.807e-01 (best_acc: 9.311e-01 -> 9.312e-01, test_acc: 9.275e-01, test_nll: 2.925e-01)
[2023-02-03 13:26:05] [Epoch   130/  200] trn/loss 1.086e-02, trn/lr 2.765e-02, val/acc 9.362e-01, val/nll 2.590e-01 (best_acc: 9.312e-01 -> 9.362e-01, test_acc: 9.324e-01, test_nll: 2.681e-01)
[2023-02-03 13:26:19] [Epoch   131/  200] trn/loss 8.327e-03, trn/lr 2.695e-02, val/acc 9.296e-01, val/nll 2.909e-01
[2023-02-03 13:26:34] [Epoch   132/  200] trn/loss 6.710e-03, trn/lr 2.626e-02, val/acc 9.379e-01, val/nll 2.622e-01 (best_acc: 9.362e-01 -> 9.379e-01, test_acc: 9.352e-01, test_nll: 2.777e-01)
[2023-02-03 13:26:48] [Epoch   133/  200] trn/loss 5.020e-03, trn/lr 2.557e-02, val/acc 9.354e-01, val/nll 2.733e-01
[2023-02-03 13:27:01] [Epoch   134/  200] trn/loss 5.969e-03, trn/lr 2.489e-02, val/acc 9.324e-01, val/nll 2.792e-01
[2023-02-03 13:27:15] [Epoch   135/  200] trn/loss 5.100e-03, trn/lr 2.421e-02, val/acc 9.360e-01, val/nll 2.746e-01
[2023-02-03 13:27:30] [Epoch   136/  200] trn/loss 3.113e-03, trn/lr 2.354e-02, val/acc 9.406e-01, val/nll 2.556e-01 (best_acc: 9.379e-01 -> 9.406e-01, test_acc: 9.384e-01, test_nll: 2.520e-01)
[2023-02-03 13:27:45] [Epoch   137/  200] trn/loss 2.770e-03, trn/lr 2.288e-02, val/acc 9.425e-01, val/nll 2.391e-01 (best_acc: 9.406e-01 -> 9.425e-01, test_acc: 9.432e-01, test_nll: 2.272e-01)
[2023-02-03 13:27:59] [Epoch   138/  200] trn/loss 1.974e-03, trn/lr 2.222e-02, val/acc 9.456e-01, val/nll 2.348e-01 (best_acc: 9.425e-01 -> 9.456e-01, test_acc: 9.447e-01, test_nll: 2.320e-01)
[2023-02-03 13:28:13] [Epoch   139/  200] trn/loss 1.827e-03, trn/lr 2.157e-02, val/acc 9.427e-01, val/nll 2.381e-01
[2023-02-03 13:28:28] [Epoch   140/  200] trn/loss 1.761e-03, trn/lr 2.093e-02, val/acc 9.458e-01, val/nll 2.296e-01 (best_acc: 9.456e-01 -> 9.458e-01, test_acc: 9.437e-01, test_nll: 2.243e-01)
[2023-02-03 13:28:42] [Epoch   141/  200] trn/loss 1.813e-03, trn/lr 2.030e-02, val/acc 9.458e-01, val/nll 2.266e-01
[2023-02-03 13:28:57] [Epoch   142/  200] trn/loss 1.368e-03, trn/lr 1.967e-02, val/acc 9.480e-01, val/nll 2.179e-01 (best_acc: 9.458e-01 -> 9.480e-01, test_acc: 9.432e-01, test_nll: 2.225e-01)
[2023-02-03 13:29:11] [Epoch   143/  200] trn/loss 1.558e-03, trn/lr 1.905e-02, val/acc 9.449e-01, val/nll 2.195e-01
[2023-02-03 13:29:25] [Epoch   144/  200] trn/loss 1.291e-03, trn/lr 1.843e-02, val/acc 9.470e-01, val/nll 2.221e-01
[2023-02-03 13:29:39] [Epoch   145/  200] trn/loss 1.482e-03, trn/lr 1.783e-02, val/acc 9.454e-01, val/nll 2.287e-01
[2023-02-03 13:29:53] [Epoch   146/  200] trn/loss 1.374e-03, trn/lr 1.723e-02, val/acc 9.487e-01, val/nll 2.186e-01 (best_acc: 9.480e-01 -> 9.487e-01, test_acc: 9.466e-01, test_nll: 2.107e-01)
[2023-02-03 13:30:07] [Epoch   147/  200] trn/loss 1.366e-03, trn/lr 1.664e-02, val/acc 9.469e-01, val/nll 2.178e-01
[2023-02-03 13:30:21] [Epoch   148/  200] trn/loss 1.189e-03, trn/lr 1.606e-02, val/acc 9.478e-01, val/nll 2.088e-01
[2023-02-03 13:30:35] [Epoch   149/  200] trn/loss 1.121e-03, trn/lr 1.549e-02, val/acc 9.491e-01, val/nll 2.074e-01 (best_acc: 9.487e-01 -> 9.491e-01, test_acc: 9.467e-01, test_nll: 2.067e-01)
[2023-02-03 13:30:49] [Epoch   150/  200] trn/loss 1.211e-03, trn/lr 1.493e-02, val/acc 9.489e-01, val/nll 2.060e-01
[2023-02-03 13:31:03] [Epoch   151/  200] trn/loss 1.167e-03, trn/lr 1.437e-02, val/acc 9.477e-01, val/nll 2.051e-01
[2023-02-03 13:31:16] [Epoch   152/  200] trn/loss 1.070e-03, trn/lr 1.382e-02, val/acc 9.481e-01, val/nll 2.075e-01
[2023-02-03 13:31:30] [Epoch   153/  200] trn/loss 1.053e-03, trn/lr 1.329e-02, val/acc 9.486e-01, val/nll 2.040e-01
[2023-02-03 13:31:43] [Epoch   154/  200] trn/loss 1.026e-03, trn/lr 1.276e-02, val/acc 9.488e-01, val/nll 2.026e-01
[2023-02-03 13:31:57] [Epoch   155/  200] trn/loss 1.105e-03, trn/lr 1.224e-02, val/acc 9.490e-01, val/nll 2.024e-01
[2023-02-03 13:32:11] [Epoch   156/  200] trn/loss 1.105e-03, trn/lr 1.173e-02, val/acc 9.486e-01, val/nll 2.044e-01
[2023-02-03 13:32:24] [Epoch   157/  200] trn/loss 1.253e-03, trn/lr 1.123e-02, val/acc 9.485e-01, val/nll 2.032e-01
[2023-02-03 13:32:38] [Epoch   158/  200] trn/loss 1.128e-03, trn/lr 1.074e-02, val/acc 9.473e-01, val/nll 2.046e-01
[2023-02-03 13:32:51] [Epoch   159/  200] trn/loss 1.120e-03, trn/lr 1.025e-02, val/acc 9.490e-01, val/nll 2.012e-01
[2023-02-03 13:33:06] [Epoch   160/  200] trn/loss 1.099e-03, trn/lr 9.783e-03, val/acc 9.497e-01, val/nll 1.996e-01 (best_acc: 9.491e-01 -> 9.497e-01, test_acc: 9.472e-01, test_nll: 1.977e-01)
[2023-02-03 13:33:20] [Epoch   161/  200] trn/loss 1.065e-03, trn/lr 9.321e-03, val/acc 9.497e-01, val/nll 1.989e-01
[2023-02-03 13:33:35] [Epoch   162/  200] trn/loss 1.024e-03, trn/lr 8.870e-03, val/acc 9.500e-01, val/nll 1.980e-01 (best_acc: 9.497e-01 -> 9.500e-01, test_acc: 9.473e-01, test_nll: 1.960e-01)
[2023-02-03 13:33:48] [Epoch   163/  200] trn/loss 1.066e-03, trn/lr 8.428e-03, val/acc 9.491e-01, val/nll 2.002e-01
[2023-02-03 13:34:02] [Epoch   164/  200] trn/loss 1.065e-03, trn/lr 7.997e-03, val/acc 9.500e-01, val/nll 1.971e-01
[2023-02-03 13:34:16] [Epoch   165/  200] trn/loss 1.023e-03, trn/lr 7.576e-03, val/acc 9.498e-01, val/nll 1.956e-01
[2023-02-03 13:34:30] [Epoch   166/  200] trn/loss 1.031e-03, trn/lr 7.166e-03, val/acc 9.508e-01, val/nll 1.964e-01 (best_acc: 9.500e-01 -> 9.508e-01, test_acc: 9.471e-01, test_nll: 1.943e-01)
[2023-02-03 13:34:44] [Epoch   167/  200] trn/loss 1.030e-03, trn/lr 6.766e-03, val/acc 9.493e-01, val/nll 1.961e-01
[2023-02-03 13:34:58] [Epoch   168/  200] trn/loss 9.969e-04, trn/lr 6.377e-03, val/acc 9.493e-01, val/nll 1.962e-01
[2023-02-03 13:35:11] [Epoch   169/  200] trn/loss 1.021e-03, trn/lr 5.998e-03, val/acc 9.488e-01, val/nll 1.961e-01
[2023-02-03 13:35:25] [Epoch   170/  200] trn/loss 1.027e-03, trn/lr 5.631e-03, val/acc 9.502e-01, val/nll 1.950e-01
[2023-02-03 13:35:38] [Epoch   171/  200] trn/loss 1.017e-03, trn/lr 5.274e-03, val/acc 9.491e-01, val/nll 1.959e-01
[2023-02-03 13:35:52] [Epoch   172/  200] trn/loss 1.098e-03, trn/lr 4.929e-03, val/acc 9.506e-01, val/nll 1.938e-01
[2023-02-03 13:36:06] [Epoch   173/  200] trn/loss 1.046e-03, trn/lr 4.594e-03, val/acc 9.501e-01, val/nll 1.943e-01
[2023-02-03 13:36:19] [Epoch   174/  200] trn/loss 1.107e-03, trn/lr 4.271e-03, val/acc 9.493e-01, val/nll 1.939e-01
[2023-02-03 13:36:33] [Epoch   175/  200] trn/loss 1.008e-03, trn/lr 3.959e-03, val/acc 9.497e-01, val/nll 1.929e-01
[2023-02-03 13:36:47] [Epoch   176/  200] trn/loss 1.026e-03, trn/lr 3.659e-03, val/acc 9.490e-01, val/nll 1.934e-01
[2023-02-03 13:37:01] [Epoch   177/  200] trn/loss 1.066e-03, trn/lr 3.369e-03, val/acc 9.510e-01, val/nll 1.933e-01 (best_acc: 9.508e-01 -> 9.510e-01, test_acc: 9.492e-01, test_nll: 1.923e-01)
[2023-02-03 13:37:15] [Epoch   178/  200] trn/loss 1.038e-03, trn/lr 3.092e-03, val/acc 9.499e-01, val/nll 1.921e-01
[2023-02-03 13:37:29] [Epoch   179/  200] trn/loss 1.067e-03, trn/lr 2.826e-03, val/acc 9.497e-01, val/nll 1.932e-01
[2023-02-03 13:37:42] [Epoch   180/  200] trn/loss 1.058e-03, trn/lr 2.571e-03, val/acc 9.508e-01, val/nll 1.919e-01
[2023-02-03 13:37:56] [Epoch   181/  200] trn/loss 1.055e-03, trn/lr 2.329e-03, val/acc 9.496e-01, val/nll 1.944e-01
[2023-02-03 13:38:10] [Epoch   182/  200] trn/loss 1.049e-03, trn/lr 2.098e-03, val/acc 9.507e-01, val/nll 1.946e-01
[2023-02-03 13:38:23] [Epoch   183/  200] trn/loss 1.043e-03, trn/lr 1.878e-03, val/acc 9.507e-01, val/nll 1.926e-01
[2023-02-03 13:38:37] [Epoch   184/  200] trn/loss 1.040e-03, trn/lr 1.671e-03, val/acc 9.506e-01, val/nll 1.932e-01
[2023-02-03 13:38:50] [Epoch   185/  200] trn/loss 1.029e-03, trn/lr 1.476e-03, val/acc 9.501e-01, val/nll 1.946e-01
[2023-02-03 13:39:04] [Epoch   186/  200] trn/loss 1.013e-03, trn/lr 1.292e-03, val/acc 9.494e-01, val/nll 1.938e-01
[2023-02-03 13:39:18] [Epoch   187/  200] trn/loss 1.057e-03, trn/lr 1.121e-03, val/acc 9.503e-01, val/nll 1.928e-01
[2023-02-03 13:39:31] [Epoch   188/  200] trn/loss 1.057e-03, trn/lr 9.617e-04, val/acc 9.502e-01, val/nll 1.929e-01
[2023-02-03 13:39:45] [Epoch   189/  200] trn/loss 1.015e-03, trn/lr 8.145e-04, val/acc 9.507e-01, val/nll 1.932e-01
[2023-02-03 13:39:58] [Epoch   190/  200] trn/loss 1.049e-03, trn/lr 6.794e-04, val/acc 9.497e-01, val/nll 1.929e-01
[2023-02-03 13:40:12] [Epoch   191/  200] trn/loss 1.027e-03, trn/lr 5.565e-04, val/acc 9.507e-01, val/nll 1.923e-01
[2023-02-03 13:40:26] [Epoch   192/  200] trn/loss 1.039e-03, trn/lr 4.458e-04, val/acc 9.501e-01, val/nll 1.934e-01
[2023-02-03 13:40:39] [Epoch   193/  200] trn/loss 1.066e-03, trn/lr 3.474e-04, val/acc 9.503e-01, val/nll 1.927e-01
[2023-02-03 13:40:53] [Epoch   194/  200] trn/loss 1.060e-03, trn/lr 2.612e-04, val/acc 9.494e-01, val/nll 1.918e-01
[2023-02-03 13:41:06] [Epoch   195/  200] trn/loss 1.050e-03, trn/lr 1.872e-04, val/acc 9.497e-01, val/nll 1.933e-01
[2023-02-03 13:41:20] [Epoch   196/  200] trn/loss 1.003e-03, trn/lr 1.255e-04, val/acc 9.501e-01, val/nll 1.931e-01
[2023-02-03 13:41:34] [Epoch   197/  200] trn/loss 1.009e-03, trn/lr 7.619e-05, val/acc 9.494e-01, val/nll 1.927e-01
[2023-02-03 13:41:47] [Epoch   198/  200] trn/loss 1.105e-03, trn/lr 3.916e-05, val/acc 9.502e-01, val/nll 1.926e-01
[2023-02-03 13:42:01] [Epoch   199/  200] trn/loss 1.039e-03, trn/lr 1.445e-05, val/acc 9.507e-01, val/nll 1.936e-01
[2023-02-03 13:42:14] [Epoch   200/  200] trn/loss 1.099e-03, trn/lr 2.075e-06, val/acc 9.509e-01, val/nll 1.943e-01
