[2023-02-12 23:05:27] Environments:
------------  ------------------------------------------------------------
sys.platform  linux
Python        3.8.10 (default, Nov 14 2022, 12:59:47) [GCC 9.4.0]
JAX           0.4.2 @/home/giung/.local/lib/python3.8/site-packages/jax
jaxlib        0.4.2 @/home/giung/.local/lib/python3.8/site-packages/jaxlib
Flax          0.6.4 @/home/giung/.local/lib/python3.8/site-packages/flax
Optax         0.1.4 @/home/giung/.local/lib/python3.8/site-packages/optax
------------  ------------------------------------------------------------

[2023-02-12 23:05:27] Command line arguments:
- args.data_root          : ./data/
- args.data_name          : CIFAR100_x32
- args.data_augmentation  : standard
- args.data_proportional  : 1.0
- args.model_depth        : 20
- args.model_width        : 4
- args.model_style        : BN-ReLU
- args.optim_bs           : 256
- args.optim_ne           : 200
- args.optim_lr           : 1.0
- args.optim_b1           : 0.99
- args.optim_b2           : 0.999
- args.optim_eps          : 0.1
- args.optim_weight_decay : 0.001
- args.rho                : 0.01
- args.num_data_factor    : 1.0
- args.save               : /home/giung/giung2-dev/projects/sam/save/CIFAR100_x32/R20x4-BN-ReLU/BayesSAM/bs-0256_ne-0200_lr-1.00_b1-0.990_b2-0.999_wd-0.0010_eps-1e-1_rho-0.0100_factor-1.0_fp32/42
- args.seed               : 42
- args.precision          : fp32

[2023-02-12 23:05:32] Multiple local devices are detected:
[TpuDevice(id=0, process_index=0, coords=(0,0,0), core_on_chip=0), TpuDevice(id=1, process_index=0, coords=(0,0,0), core_on_chip=1), TpuDevice(id=2, process_index=0, coords=(1,0,0), core_on_chip=0), TpuDevice(id=3, process_index=0, coords=(1,0,0), core_on_chip=1), TpuDevice(id=4, process_index=0, coords=(0,1,0), core_on_chip=0), TpuDevice(id=5, process_index=0, coords=(0,1,0), core_on_chip=1), TpuDevice(id=6, process_index=0, coords=(1,1,0), core_on_chip=0), TpuDevice(id=7, process_index=0, coords=(1,1,0), core_on_chip=1)]

[2023-02-12 23:06:44] [Epoch     1/  200] trn/loss 4.559e+00, trn/lr 1.000e+00, trn/scale 9.322e-01, val/acc 7.909e-02, val/nll 4.152e+00 (best_acc: 0.000e+00 -> 7.909e-02, test_acc: 7.880e-02, test_nll: 4.129e+00)
[2023-02-12 23:06:53] [Epoch     2/  200] trn/loss 3.886e+00, trn/lr 9.999e-01, trn/scale 8.093e-01, val/acc 1.163e-01, val/nll 3.805e+00 (best_acc: 7.909e-02 -> 1.163e-01, test_acc: 1.188e-01, test_nll: 3.768e+00)
[2023-02-12 23:07:02] [Epoch     3/  200] trn/loss 3.574e+00, trn/lr 9.996e-01, trn/scale 7.046e-01, val/acc 1.677e-01, val/nll 3.453e+00 (best_acc: 1.163e-01 -> 1.677e-01, test_acc: 1.702e-01, test_nll: 3.429e+00)
[2023-02-12 23:07:12] [Epoch     4/  200] trn/loss 3.266e+00, trn/lr 9.992e-01, trn/scale 6.154e-01, val/acc 2.061e-01, val/nll 3.298e+00 (best_acc: 1.677e-01 -> 2.061e-01, test_acc: 2.122e-01, test_nll: 3.271e+00)
[2023-02-12 23:07:21] [Epoch     5/  200] trn/loss 2.986e+00, trn/lr 9.987e-01, trn/scale 5.394e-01, val/acc 2.524e-01, val/nll 2.997e+00 (best_acc: 2.061e-01 -> 2.524e-01, test_acc: 2.645e-01, test_nll: 2.941e+00)
[2023-02-12 23:07:30] [Epoch     6/  200] trn/loss 2.749e+00, trn/lr 9.981e-01, trn/scale 4.747e-01, val/acc 2.789e-01, val/nll 2.870e+00 (best_acc: 2.524e-01 -> 2.789e-01, test_acc: 2.779e-01, test_nll: 2.839e+00)
[2023-02-12 23:07:40] [Epoch     7/  200] trn/loss 2.545e+00, trn/lr 9.974e-01, trn/scale 4.195e-01, val/acc 3.098e-01, val/nll 2.658e+00 (best_acc: 2.789e-01 -> 3.098e-01, test_acc: 3.263e-01, test_nll: 2.599e+00)
[2023-02-12 23:07:49] [Epoch     8/  200] trn/loss 2.409e+00, trn/lr 9.965e-01, trn/scale 3.725e-01, val/acc 3.468e-01, val/nll 2.531e+00 (best_acc: 3.098e-01 -> 3.468e-01, test_acc: 3.537e-01, test_nll: 2.508e+00)
[2023-02-12 23:07:57] [Epoch     9/  200] trn/loss 2.335e+00, trn/lr 9.955e-01, trn/scale 3.324e-01, val/acc 3.433e-01, val/nll 2.561e+00
[2023-02-12 23:08:07] [Epoch    10/  200] trn/loss 2.254e+00, trn/lr 9.944e-01, trn/scale 2.983e-01, val/acc 3.573e-01, val/nll 2.477e+00 (best_acc: 3.468e-01 -> 3.573e-01, test_acc: 3.605e-01, test_nll: 2.460e+00)
[2023-02-12 23:08:16] [Epoch    11/  200] trn/loss 2.157e+00, trn/lr 9.932e-01, trn/scale 2.692e-01, val/acc 3.654e-01, val/nll 2.496e+00 (best_acc: 3.573e-01 -> 3.654e-01, test_acc: 3.745e-01, test_nll: 2.462e+00)
[2023-02-12 23:08:24] [Epoch    12/  200] trn/loss 2.141e+00, trn/lr 9.919e-01, trn/scale 2.444e-01, val/acc 3.628e-01, val/nll 2.444e+00
[2023-02-12 23:08:32] [Epoch    13/  200] trn/loss 2.143e+00, trn/lr 9.904e-01, trn/scale 2.233e-01, val/acc 3.544e-01, val/nll 2.570e+00
[2023-02-12 23:08:42] [Epoch    14/  200] trn/loss 2.163e+00, trn/lr 9.888e-01, trn/scale 2.053e-01, val/acc 3.802e-01, val/nll 2.338e+00 (best_acc: 3.654e-01 -> 3.802e-01, test_acc: 3.915e-01, test_nll: 2.308e+00)
[2023-02-12 23:08:50] [Epoch    15/  200] trn/loss 2.158e+00, trn/lr 9.871e-01, trn/scale 1.900e-01, val/acc 3.282e-01, val/nll 2.703e+00
[2023-02-12 23:08:58] [Epoch    16/  200] trn/loss 2.210e+00, trn/lr 9.853e-01, trn/scale 1.769e-01, val/acc 3.143e-01, val/nll 2.740e+00
[2023-02-12 23:09:07] [Epoch    17/  200] trn/loss 2.239e+00, trn/lr 9.833e-01, trn/scale 1.658e-01, val/acc 2.917e-01, val/nll 2.985e+00
[2023-02-12 23:09:15] [Epoch    18/  200] trn/loss 2.261e+00, trn/lr 9.812e-01, trn/scale 1.563e-01, val/acc 3.521e-01, val/nll 2.573e+00
[2023-02-12 23:09:23] [Epoch    19/  200] trn/loss 2.294e+00, trn/lr 9.790e-01, trn/scale 1.482e-01, val/acc 3.559e-01, val/nll 2.553e+00
[2023-02-12 23:09:31] [Epoch    20/  200] trn/loss 2.352e+00, trn/lr 9.767e-01, trn/scale 1.413e-01, val/acc 2.738e-01, val/nll 3.017e+00
[2023-02-12 23:09:39] [Epoch    21/  200] trn/loss 2.347e+00, trn/lr 9.743e-01, trn/scale 1.354e-01, val/acc 3.468e-01, val/nll 2.604e+00
[2023-02-12 23:09:48] [Epoch    22/  200] trn/loss 2.373e+00, trn/lr 9.718e-01, trn/scale 1.304e-01, val/acc 2.323e-01, val/nll 3.442e+00
[2023-02-12 23:09:56] [Epoch    23/  200] trn/loss 2.433e+00, trn/lr 9.691e-01, trn/scale 1.261e-01, val/acc 2.564e-01, val/nll 3.148e+00
[2023-02-12 23:10:04] [Epoch    24/  200] trn/loss 2.432e+00, trn/lr 9.663e-01, trn/scale 1.225e-01, val/acc 2.614e-01, val/nll 3.011e+00
[2023-02-12 23:10:12] [Epoch    25/  200] trn/loss 2.470e+00, trn/lr 9.634e-01, trn/scale 1.194e-01, val/acc 2.872e-01, val/nll 2.998e+00
[2023-02-12 23:10:21] [Epoch    26/  200] trn/loss 2.473e+00, trn/lr 9.604e-01, trn/scale 1.167e-01, val/acc 2.827e-01, val/nll 2.903e+00
[2023-02-12 23:10:29] [Epoch    27/  200] trn/loss 2.515e+00, trn/lr 9.573e-01, trn/scale 1.144e-01, val/acc 2.485e-01, val/nll 3.302e+00
[2023-02-12 23:10:37] [Epoch    28/  200] trn/loss 2.513e+00, trn/lr 9.541e-01, trn/scale 1.125e-01, val/acc 2.668e-01, val/nll 2.971e+00
[2023-02-12 23:10:45] [Epoch    29/  200] trn/loss 2.576e+00, trn/lr 9.507e-01, trn/scale 1.109e-01, val/acc 2.738e-01, val/nll 3.016e+00
[2023-02-12 23:10:54] [Epoch    30/  200] trn/loss 2.557e+00, trn/lr 9.473e-01, trn/scale 1.095e-01, val/acc 2.652e-01, val/nll 3.010e+00
[2023-02-12 23:11:02] [Epoch    31/  200] trn/loss 2.584e+00, trn/lr 9.437e-01, trn/scale 1.083e-01, val/acc 2.569e-01, val/nll 3.175e+00
[2023-02-12 23:11:10] [Epoch    32/  200] trn/loss 2.581e+00, trn/lr 9.400e-01, trn/scale 1.072e-01, val/acc 2.450e-01, val/nll 3.112e+00
[2023-02-12 23:11:18] [Epoch    33/  200] trn/loss 2.600e+00, trn/lr 9.363e-01, trn/scale 1.064e-01, val/acc 1.728e-01, val/nll 4.038e+00
[2023-02-12 23:11:27] [Epoch    34/  200] trn/loss 2.587e+00, trn/lr 9.324e-01, trn/scale 1.056e-01, val/acc 1.913e-01, val/nll 3.588e+00
[2023-02-12 23:11:35] [Epoch    35/  200] trn/loss 2.625e+00, trn/lr 9.284e-01, trn/scale 1.050e-01, val/acc 2.402e-01, val/nll 3.300e+00
[2023-02-12 23:11:43] [Epoch    36/  200] trn/loss 2.661e+00, trn/lr 9.243e-01, trn/scale 1.044e-01, val/acc 2.028e-01, val/nll 3.865e+00
[2023-02-12 23:11:51] [Epoch    37/  200] trn/loss 2.689e+00, trn/lr 9.201e-01, trn/scale 1.040e-01, val/acc 2.181e-01, val/nll 3.505e+00
[2023-02-12 23:11:59] [Epoch    38/  200] trn/loss 2.634e+00, trn/lr 9.157e-01, trn/scale 1.036e-01, val/acc 2.258e-01, val/nll 3.287e+00
[2023-02-12 23:12:08] [Epoch    39/  200] trn/loss 2.620e+00, trn/lr 9.113e-01, trn/scale 1.032e-01, val/acc 2.003e-01, val/nll 3.888e+00
[2023-02-12 23:12:16] [Epoch    40/  200] trn/loss 2.643e+00, trn/lr 9.068e-01, trn/scale 1.029e-01, val/acc 2.569e-01, val/nll 3.014e+00
[2023-02-12 23:12:24] [Epoch    41/  200] trn/loss 2.631e+00, trn/lr 9.022e-01, trn/scale 1.027e-01, val/acc 2.290e-01, val/nll 3.261e+00
[2023-02-12 23:12:33] [Epoch    42/  200] trn/loss 2.641e+00, trn/lr 8.975e-01, trn/scale 1.025e-01, val/acc 2.475e-01, val/nll 3.155e+00
[2023-02-12 23:12:41] [Epoch    43/  200] trn/loss 2.633e+00, trn/lr 8.927e-01, trn/scale 1.023e-01, val/acc 1.761e-01, val/nll 3.666e+00
[2023-02-12 23:12:49] [Epoch    44/  200] trn/loss 2.655e+00, trn/lr 8.878e-01, trn/scale 1.022e-01, val/acc 2.535e-01, val/nll 3.058e+00
[2023-02-12 23:12:57] [Epoch    45/  200] trn/loss 2.638e+00, trn/lr 8.828e-01, trn/scale 1.020e-01, val/acc 2.313e-01, val/nll 3.309e+00
[2023-02-12 23:13:06] [Epoch    46/  200] trn/loss 2.648e+00, trn/lr 8.777e-01, trn/scale 1.019e-01, val/acc 1.987e-01, val/nll 3.775e+00
[2023-02-12 23:13:14] [Epoch    47/  200] trn/loss 2.656e+00, trn/lr 8.725e-01, trn/scale 1.018e-01, val/acc 1.722e-01, val/nll 3.957e+00
[2023-02-12 23:13:22] [Epoch    48/  200] trn/loss 2.650e+00, trn/lr 8.672e-01, trn/scale 1.017e-01, val/acc 2.857e-01, val/nll 2.853e+00
[2023-02-12 23:13:30] [Epoch    49/  200] trn/loss 2.641e+00, trn/lr 8.618e-01, trn/scale 1.017e-01, val/acc 2.587e-01, val/nll 3.039e+00
[2023-02-12 23:13:38] [Epoch    50/  200] trn/loss 2.657e+00, trn/lr 8.563e-01, trn/scale 1.016e-01, val/acc 2.313e-01, val/nll 3.224e+00
[2023-02-12 23:13:47] [Epoch    51/  200] trn/loss 2.667e+00, trn/lr 8.508e-01, trn/scale 1.015e-01, val/acc 2.038e-01, val/nll 3.377e+00
[2023-02-12 23:13:55] [Epoch    52/  200] trn/loss 2.647e+00, trn/lr 8.451e-01, trn/scale 1.015e-01, val/acc 2.197e-01, val/nll 3.374e+00
[2023-02-12 23:14:03] [Epoch    53/  200] trn/loss 2.636e+00, trn/lr 8.394e-01, trn/scale 1.015e-01, val/acc 1.488e-01, val/nll 4.518e+00
[2023-02-12 23:14:11] [Epoch    54/  200] trn/loss 2.653e+00, trn/lr 8.336e-01, trn/scale 1.014e-01, val/acc 1.996e-01, val/nll 3.697e+00
[2023-02-12 23:14:19] [Epoch    55/  200] trn/loss 2.639e+00, trn/lr 8.277e-01, trn/scale 1.014e-01, val/acc 2.660e-01, val/nll 3.013e+00
[2023-02-12 23:14:28] [Epoch    56/  200] trn/loss 2.643e+00, trn/lr 8.217e-01, trn/scale 1.014e-01, val/acc 1.563e-01, val/nll 4.166e+00
[2023-02-12 23:14:36] [Epoch    57/  200] trn/loss 2.637e+00, trn/lr 8.157e-01, trn/scale 1.014e-01, val/acc 2.271e-01, val/nll 3.420e+00
[2023-02-12 23:14:44] [Epoch    58/  200] trn/loss 2.632e+00, trn/lr 8.096e-01, trn/scale 1.013e-01, val/acc 1.989e-01, val/nll 3.723e+00
[2023-02-12 23:14:52] [Epoch    59/  200] trn/loss 2.680e+00, trn/lr 8.034e-01, trn/scale 1.013e-01, val/acc 2.040e-01, val/nll 3.495e+00
[2023-02-12 23:15:01] [Epoch    60/  200] trn/loss 2.604e+00, trn/lr 7.971e-01, trn/scale 1.013e-01, val/acc 1.660e-01, val/nll 3.897e+00
[2023-02-12 23:15:09] [Epoch    61/  200] trn/loss 2.622e+00, trn/lr 7.907e-01, trn/scale 1.013e-01, val/acc 2.017e-01, val/nll 3.413e+00
[2023-02-12 23:15:17] [Epoch    62/  200] trn/loss 2.642e+00, trn/lr 7.843e-01, trn/scale 1.013e-01, val/acc 2.694e-01, val/nll 3.105e+00
[2023-02-12 23:15:25] [Epoch    63/  200] trn/loss 2.625e+00, trn/lr 7.778e-01, trn/scale 1.013e-01, val/acc 2.430e-01, val/nll 3.302e+00
[2023-02-12 23:15:34] [Epoch    64/  200] trn/loss 2.604e+00, trn/lr 7.712e-01, trn/scale 1.013e-01, val/acc 2.673e-01, val/nll 3.036e+00
[2023-02-12 23:15:42] [Epoch    65/  200] trn/loss 2.600e+00, trn/lr 7.646e-01, trn/scale 1.013e-01, val/acc 1.925e-01, val/nll 3.485e+00
[2023-02-12 23:15:50] [Epoch    66/  200] trn/loss 2.620e+00, trn/lr 7.579e-01, trn/scale 1.013e-01, val/acc 2.649e-01, val/nll 3.059e+00
[2023-02-12 23:15:58] [Epoch    67/  200] trn/loss 2.590e+00, trn/lr 7.512e-01, trn/scale 1.012e-01, val/acc 1.729e-01, val/nll 3.857e+00
[2023-02-12 23:16:07] [Epoch    68/  200] trn/loss 2.586e+00, trn/lr 7.443e-01, trn/scale 1.012e-01, val/acc 2.439e-01, val/nll 3.432e+00
[2023-02-12 23:16:15] [Epoch    69/  200] trn/loss 2.597e+00, trn/lr 7.374e-01, trn/scale 1.012e-01, val/acc 2.445e-01, val/nll 3.155e+00
[2023-02-12 23:16:23] [Epoch    70/  200] trn/loss 2.581e+00, trn/lr 7.305e-01, trn/scale 1.012e-01, val/acc 1.555e-01, val/nll 4.338e+00
[2023-02-12 23:16:31] [Epoch    71/  200] trn/loss 2.572e+00, trn/lr 7.235e-01, trn/scale 1.012e-01, val/acc 1.904e-01, val/nll 3.814e+00
[2023-02-12 23:16:40] [Epoch    72/  200] trn/loss 2.568e+00, trn/lr 7.165e-01, trn/scale 1.012e-01, val/acc 2.414e-01, val/nll 3.186e+00
[2023-02-12 23:16:48] [Epoch    73/  200] trn/loss 2.547e+00, trn/lr 7.093e-01, trn/scale 1.012e-01, val/acc 2.360e-01, val/nll 3.124e+00
[2023-02-12 23:16:56] [Epoch    74/  200] trn/loss 2.541e+00, trn/lr 7.022e-01, trn/scale 1.012e-01, val/acc 2.800e-01, val/nll 2.907e+00
[2023-02-12 23:17:04] [Epoch    75/  200] trn/loss 2.578e+00, trn/lr 6.950e-01, trn/scale 1.012e-01, val/acc 2.329e-01, val/nll 3.428e+00
[2023-02-12 23:17:13] [Epoch    76/  200] trn/loss 2.526e+00, trn/lr 6.877e-01, trn/scale 1.012e-01, val/acc 2.813e-01, val/nll 2.827e+00
[2023-02-12 23:17:21] [Epoch    77/  200] trn/loss 2.570e+00, trn/lr 6.804e-01, trn/scale 1.012e-01, val/acc 2.560e-01, val/nll 3.089e+00
[2023-02-12 23:17:29] [Epoch    78/  200] trn/loss 2.542e+00, trn/lr 6.731e-01, trn/scale 1.012e-01, val/acc 2.473e-01, val/nll 2.993e+00
[2023-02-12 23:17:37] [Epoch    79/  200] trn/loss 2.537e+00, trn/lr 6.657e-01, trn/scale 1.012e-01, val/acc 2.360e-01, val/nll 3.213e+00
[2023-02-12 23:17:46] [Epoch    80/  200] trn/loss 2.505e+00, trn/lr 6.583e-01, trn/scale 1.012e-01, val/acc 2.978e-01, val/nll 2.725e+00
[2023-02-12 23:17:54] [Epoch    81/  200] trn/loss 2.515e+00, trn/lr 6.508e-01, trn/scale 1.012e-01, val/acc 2.904e-01, val/nll 2.801e+00
[2023-02-12 23:18:02] [Epoch    82/  200] trn/loss 2.531e+00, trn/lr 6.433e-01, trn/scale 1.012e-01, val/acc 2.950e-01, val/nll 2.971e+00
[2023-02-12 23:18:10] [Epoch    83/  200] trn/loss 2.529e+00, trn/lr 6.357e-01, trn/scale 1.012e-01, val/acc 2.493e-01, val/nll 3.208e+00
[2023-02-12 23:18:18] [Epoch    84/  200] trn/loss 2.492e+00, trn/lr 6.282e-01, trn/scale 1.012e-01, val/acc 1.777e-01, val/nll 4.029e+00
[2023-02-12 23:18:27] [Epoch    85/  200] trn/loss 2.523e+00, trn/lr 6.206e-01, trn/scale 1.012e-01, val/acc 3.079e-01, val/nll 2.778e+00
[2023-02-12 23:18:35] [Epoch    86/  200] trn/loss 2.478e+00, trn/lr 6.129e-01, trn/scale 1.012e-01, val/acc 1.979e-01, val/nll 3.585e+00
[2023-02-12 23:18:43] [Epoch    87/  200] trn/loss 2.487e+00, trn/lr 6.053e-01, trn/scale 1.012e-01, val/acc 2.372e-01, val/nll 3.312e+00
[2023-02-12 23:18:51] [Epoch    88/  200] trn/loss 2.466e+00, trn/lr 5.976e-01, trn/scale 1.012e-01, val/acc 2.553e-01, val/nll 3.089e+00
[2023-02-12 23:19:00] [Epoch    89/  200] trn/loss 2.455e+00, trn/lr 5.899e-01, trn/scale 1.012e-01, val/acc 2.597e-01, val/nll 3.090e+00
[2023-02-12 23:19:08] [Epoch    90/  200] trn/loss 2.453e+00, trn/lr 5.821e-01, trn/scale 1.012e-01, val/acc 2.793e-01, val/nll 3.088e+00
[2023-02-12 23:19:16] [Epoch    91/  200] trn/loss 2.450e+00, trn/lr 5.744e-01, trn/scale 1.012e-01, val/acc 3.227e-01, val/nll 2.589e+00
[2023-02-12 23:19:24] [Epoch    92/  200] trn/loss 2.444e+00, trn/lr 5.666e-01, trn/scale 1.012e-01, val/acc 2.340e-01, val/nll 3.218e+00
[2023-02-12 23:19:33] [Epoch    93/  200] trn/loss 2.432e+00, trn/lr 5.588e-01, trn/scale 1.012e-01, val/acc 3.122e-01, val/nll 2.778e+00
[2023-02-12 23:19:41] [Epoch    94/  200] trn/loss 2.430e+00, trn/lr 5.510e-01, trn/scale 1.012e-01, val/acc 1.872e-01, val/nll 3.898e+00
[2023-02-12 23:19:49] [Epoch    95/  200] trn/loss 2.416e+00, trn/lr 5.432e-01, trn/scale 1.012e-01, val/acc 2.139e-01, val/nll 3.812e+00
[2023-02-12 23:19:57] [Epoch    96/  200] trn/loss 2.413e+00, trn/lr 5.353e-01, trn/scale 1.012e-01, val/acc 2.982e-01, val/nll 2.941e+00
[2023-02-12 23:20:06] [Epoch    97/  200] trn/loss 2.403e+00, trn/lr 5.275e-01, trn/scale 1.012e-01, val/acc 2.939e-01, val/nll 2.900e+00
[2023-02-12 23:20:14] [Epoch    98/  200] trn/loss 2.395e+00, trn/lr 5.197e-01, trn/scale 1.012e-01, val/acc 2.654e-01, val/nll 3.114e+00
[2023-02-12 23:20:22] [Epoch    99/  200] trn/loss 2.396e+00, trn/lr 5.118e-01, trn/scale 1.012e-01, val/acc 2.804e-01, val/nll 2.985e+00
[2023-02-12 23:20:30] [Epoch   100/  200] trn/loss 2.406e+00, trn/lr 5.040e-01, trn/scale 1.012e-01, val/acc 3.128e-01, val/nll 2.721e+00
[2023-02-12 23:20:39] [Epoch   101/  200] trn/loss 2.386e+00, trn/lr 4.961e-01, trn/scale 1.012e-01, val/acc 2.962e-01, val/nll 2.880e+00
[2023-02-12 23:20:47] [Epoch   102/  200] trn/loss 2.376e+00, trn/lr 4.882e-01, trn/scale 1.012e-01, val/acc 2.942e-01, val/nll 2.921e+00
[2023-02-12 23:20:55] [Epoch   103/  200] trn/loss 2.339e+00, trn/lr 4.804e-01, trn/scale 1.012e-01, val/acc 2.382e-01, val/nll 3.269e+00
[2023-02-12 23:21:03] [Epoch   104/  200] trn/loss 2.338e+00, trn/lr 4.725e-01, trn/scale 1.012e-01, val/acc 2.876e-01, val/nll 2.978e+00
[2023-02-12 23:21:12] [Epoch   105/  200] trn/loss 2.349e+00, trn/lr 4.647e-01, trn/scale 1.012e-01, val/acc 2.972e-01, val/nll 2.784e+00
[2023-02-12 23:21:20] [Epoch   106/  200] trn/loss 2.290e+00, trn/lr 4.569e-01, trn/scale 1.012e-01, val/acc 3.356e-01, val/nll 2.604e+00
[2023-02-12 23:21:28] [Epoch   107/  200] trn/loss 2.294e+00, trn/lr 4.491e-01, trn/scale 1.012e-01, val/acc 2.696e-01, val/nll 3.028e+00
[2023-02-12 23:21:36] [Epoch   108/  200] trn/loss 2.300e+00, trn/lr 4.413e-01, trn/scale 1.012e-01, val/acc 2.853e-01, val/nll 2.905e+00
[2023-02-12 23:21:45] [Epoch   109/  200] trn/loss 2.311e+00, trn/lr 4.335e-01, trn/scale 1.012e-01, val/acc 2.910e-01, val/nll 2.866e+00
[2023-02-12 23:21:53] [Epoch   110/  200] trn/loss 2.295e+00, trn/lr 4.257e-01, trn/scale 1.013e-01, val/acc 3.077e-01, val/nll 2.779e+00
[2023-02-12 23:22:01] [Epoch   111/  200] trn/loss 2.251e+00, trn/lr 4.179e-01, trn/scale 1.013e-01, val/acc 2.304e-01, val/nll 3.479e+00
[2023-02-12 23:22:09] [Epoch   112/  200] trn/loss 2.281e+00, trn/lr 4.102e-01, trn/scale 1.013e-01, val/acc 3.306e-01, val/nll 2.724e+00
[2023-02-12 23:22:18] [Epoch   113/  200] trn/loss 2.267e+00, trn/lr 4.025e-01, trn/scale 1.013e-01, val/acc 3.384e-01, val/nll 2.543e+00
[2023-02-12 23:22:26] [Epoch   114/  200] trn/loss 2.255e+00, trn/lr 3.948e-01, trn/scale 1.013e-01, val/acc 3.158e-01, val/nll 2.742e+00
[2023-02-12 23:22:34] [Epoch   115/  200] trn/loss 2.260e+00, trn/lr 3.871e-01, trn/scale 1.013e-01, val/acc 3.204e-01, val/nll 2.843e+00
[2023-02-12 23:22:42] [Epoch   116/  200] trn/loss 2.235e+00, trn/lr 3.795e-01, trn/scale 1.013e-01, val/acc 3.534e-01, val/nll 2.488e+00
[2023-02-12 23:22:51] [Epoch   117/  200] trn/loss 2.223e+00, trn/lr 3.719e-01, trn/scale 1.013e-01, val/acc 2.914e-01, val/nll 3.113e+00
[2023-02-12 23:22:59] [Epoch   118/  200] trn/loss 2.198e+00, trn/lr 3.643e-01, trn/scale 1.013e-01, val/acc 3.400e-01, val/nll 2.636e+00
[2023-02-12 23:23:08] [Epoch   119/  200] trn/loss 2.191e+00, trn/lr 3.568e-01, trn/scale 1.013e-01, val/acc 3.914e-01, val/nll 2.335e+00 (best_acc: 3.802e-01 -> 3.914e-01, test_acc: 3.974e-01, test_nll: 2.283e+00)
[2023-02-12 23:23:16] [Epoch   120/  200] trn/loss 2.188e+00, trn/lr 3.493e-01, trn/scale 1.013e-01, val/acc 3.122e-01, val/nll 2.763e+00
[2023-02-12 23:23:25] [Epoch   121/  200] trn/loss 2.186e+00, trn/lr 3.418e-01, trn/scale 1.013e-01, val/acc 3.140e-01, val/nll 2.726e+00
[2023-02-12 23:23:33] [Epoch   122/  200] trn/loss 2.118e+00, trn/lr 3.344e-01, trn/scale 1.013e-01, val/acc 3.867e-01, val/nll 2.314e+00
[2023-02-12 23:23:41] [Epoch   123/  200] trn/loss 2.132e+00, trn/lr 3.270e-01, trn/scale 1.013e-01, val/acc 3.741e-01, val/nll 2.422e+00
[2023-02-12 23:23:49] [Epoch   124/  200] trn/loss 2.153e+00, trn/lr 3.196e-01, trn/scale 1.013e-01, val/acc 3.879e-01, val/nll 2.305e+00
[2023-02-12 23:23:58] [Epoch   125/  200] trn/loss 2.120e+00, trn/lr 3.123e-01, trn/scale 1.013e-01, val/acc 3.545e-01, val/nll 2.457e+00
[2023-02-12 23:24:06] [Epoch   126/  200] trn/loss 2.099e+00, trn/lr 3.051e-01, trn/scale 1.013e-01, val/acc 3.747e-01, val/nll 2.413e+00
[2023-02-12 23:24:14] [Epoch   127/  200] trn/loss 2.067e+00, trn/lr 2.979e-01, trn/scale 1.013e-01, val/acc 3.719e-01, val/nll 2.563e+00
[2023-02-12 23:24:22] [Epoch   128/  200] trn/loss 2.058e+00, trn/lr 2.907e-01, trn/scale 1.013e-01, val/acc 3.735e-01, val/nll 2.449e+00
[2023-02-12 23:24:31] [Epoch   129/  200] trn/loss 2.059e+00, trn/lr 2.836e-01, trn/scale 1.013e-01, val/acc 3.540e-01, val/nll 2.559e+00
[2023-02-12 23:24:40] [Epoch   130/  200] trn/loss 2.050e+00, trn/lr 2.765e-01, trn/scale 1.013e-01, val/acc 4.110e-01, val/nll 2.194e+00 (best_acc: 3.914e-01 -> 4.110e-01, test_acc: 4.186e-01, test_nll: 2.175e+00)
[2023-02-12 23:24:48] [Epoch   131/  200] trn/loss 2.014e+00, trn/lr 2.695e-01, trn/scale 1.013e-01, val/acc 3.883e-01, val/nll 2.394e+00
[2023-02-12 23:24:58] [Epoch   132/  200] trn/loss 2.007e+00, trn/lr 2.626e-01, trn/scale 1.013e-01, val/acc 4.237e-01, val/nll 2.193e+00 (best_acc: 4.110e-01 -> 4.237e-01, test_acc: 4.290e-01, test_nll: 2.173e+00)
[2023-02-12 23:25:06] [Epoch   133/  200] trn/loss 1.993e+00, trn/lr 2.557e-01, trn/scale 1.013e-01, val/acc 4.023e-01, val/nll 2.335e+00
[2023-02-12 23:25:14] [Epoch   134/  200] trn/loss 1.989e+00, trn/lr 2.489e-01, trn/scale 1.013e-01, val/acc 3.935e-01, val/nll 2.335e+00
[2023-02-12 23:25:22] [Epoch   135/  200] trn/loss 1.952e+00, trn/lr 2.421e-01, trn/scale 1.013e-01, val/acc 3.951e-01, val/nll 2.317e+00
[2023-02-12 23:25:30] [Epoch   136/  200] trn/loss 1.953e+00, trn/lr 2.354e-01, trn/scale 1.013e-01, val/acc 3.656e-01, val/nll 2.565e+00
[2023-02-12 23:25:39] [Epoch   137/  200] trn/loss 1.922e+00, trn/lr 2.288e-01, trn/scale 1.013e-01, val/acc 3.976e-01, val/nll 2.287e+00
[2023-02-12 23:25:47] [Epoch   138/  200] trn/loss 1.909e+00, trn/lr 2.222e-01, trn/scale 1.013e-01, val/acc 3.812e-01, val/nll 2.416e+00
[2023-02-12 23:25:56] [Epoch   139/  200] trn/loss 1.895e+00, trn/lr 2.157e-01, trn/scale 1.013e-01, val/acc 4.399e-01, val/nll 2.063e+00 (best_acc: 4.237e-01 -> 4.399e-01, test_acc: 4.591e-01, test_nll: 2.006e+00)
[2023-02-12 23:26:04] [Epoch   140/  200] trn/loss 1.875e+00, trn/lr 2.093e-01, trn/scale 1.013e-01, val/acc 4.152e-01, val/nll 2.234e+00
[2023-02-12 23:26:13] [Epoch   141/  200] trn/loss 1.877e+00, trn/lr 2.030e-01, trn/scale 1.013e-01, val/acc 4.613e-01, val/nll 1.979e+00 (best_acc: 4.399e-01 -> 4.613e-01, test_acc: 4.720e-01, test_nll: 1.950e+00)
[2023-02-12 23:26:22] [Epoch   142/  200] trn/loss 1.850e+00, trn/lr 1.967e-01, trn/scale 1.013e-01, val/acc 4.479e-01, val/nll 2.056e+00
[2023-02-12 23:26:30] [Epoch   143/  200] trn/loss 1.834e+00, trn/lr 1.905e-01, trn/scale 1.013e-01, val/acc 4.452e-01, val/nll 2.038e+00
[2023-02-12 23:26:38] [Epoch   144/  200] trn/loss 1.824e+00, trn/lr 1.843e-01, trn/scale 1.013e-01, val/acc 4.490e-01, val/nll 2.060e+00
[2023-02-12 23:26:47] [Epoch   145/  200] trn/loss 1.802e+00, trn/lr 1.783e-01, trn/scale 1.014e-01, val/acc 4.684e-01, val/nll 1.993e+00 (best_acc: 4.613e-01 -> 4.684e-01, test_acc: 4.674e-01, test_nll: 1.974e+00)
[2023-02-12 23:26:56] [Epoch   146/  200] trn/loss 1.776e+00, trn/lr 1.723e-01, trn/scale 1.014e-01, val/acc 4.741e-01, val/nll 1.918e+00 (best_acc: 4.684e-01 -> 4.741e-01, test_acc: 4.828e-01, test_nll: 1.906e+00)
[2023-02-12 23:27:05] [Epoch   147/  200] trn/loss 1.773e+00, trn/lr 1.664e-01, trn/scale 1.014e-01, val/acc 4.795e-01, val/nll 1.911e+00 (best_acc: 4.741e-01 -> 4.795e-01, test_acc: 4.963e-01, test_nll: 1.869e+00)
[2023-02-12 23:27:15] [Epoch   148/  200] trn/loss 1.759e+00, trn/lr 1.606e-01, trn/scale 1.014e-01, val/acc 4.810e-01, val/nll 1.936e+00 (best_acc: 4.795e-01 -> 4.810e-01, test_acc: 4.870e-01, test_nll: 1.903e+00)
[2023-02-12 23:27:24] [Epoch   149/  200] trn/loss 1.743e+00, trn/lr 1.549e-01, trn/scale 1.014e-01, val/acc 4.821e-01, val/nll 1.902e+00 (best_acc: 4.810e-01 -> 4.821e-01, test_acc: 4.885e-01, test_nll: 1.891e+00)
[2023-02-12 23:27:32] [Epoch   150/  200] trn/loss 1.715e+00, trn/lr 1.493e-01, trn/scale 1.014e-01, val/acc 4.790e-01, val/nll 1.926e+00
[2023-02-12 23:27:42] [Epoch   151/  200] trn/loss 1.696e+00, trn/lr 1.437e-01, trn/scale 1.014e-01, val/acc 4.905e-01, val/nll 1.867e+00 (best_acc: 4.821e-01 -> 4.905e-01, test_acc: 4.943e-01, test_nll: 1.844e+00)
[2023-02-12 23:27:50] [Epoch   152/  200] trn/loss 1.679e+00, trn/lr 1.382e-01, trn/scale 1.014e-01, val/acc 4.738e-01, val/nll 1.938e+00
[2023-02-12 23:27:58] [Epoch   153/  200] trn/loss 1.657e+00, trn/lr 1.329e-01, trn/scale 1.014e-01, val/acc 4.822e-01, val/nll 1.955e+00
[2023-02-12 23:28:07] [Epoch   154/  200] trn/loss 1.650e+00, trn/lr 1.276e-01, trn/scale 1.014e-01, val/acc 4.919e-01, val/nll 1.905e+00 (best_acc: 4.905e-01 -> 4.919e-01, test_acc: 4.935e-01, test_nll: 1.885e+00)
[2023-02-12 23:28:16] [Epoch   155/  200] trn/loss 1.624e+00, trn/lr 1.224e-01, trn/scale 1.014e-01, val/acc 5.074e-01, val/nll 1.803e+00 (best_acc: 4.919e-01 -> 5.074e-01, test_acc: 5.165e-01, test_nll: 1.762e+00)
[2023-02-12 23:28:26] [Epoch   156/  200] trn/loss 1.611e+00, trn/lr 1.173e-01, trn/scale 1.014e-01, val/acc 5.155e-01, val/nll 1.763e+00 (best_acc: 5.074e-01 -> 5.155e-01, test_acc: 5.277e-01, test_nll: 1.736e+00)
[2023-02-12 23:28:35] [Epoch   157/  200] trn/loss 1.590e+00, trn/lr 1.123e-01, trn/scale 1.014e-01, val/acc 5.337e-01, val/nll 1.695e+00 (best_acc: 5.155e-01 -> 5.337e-01, test_acc: 5.337e-01, test_nll: 1.687e+00)
[2023-02-12 23:28:44] [Epoch   158/  200] trn/loss 1.569e+00, trn/lr 1.074e-01, trn/scale 1.014e-01, val/acc 5.342e-01, val/nll 1.703e+00 (best_acc: 5.337e-01 -> 5.342e-01, test_acc: 5.357e-01, test_nll: 1.682e+00)
[2023-02-12 23:28:53] [Epoch   159/  200] trn/loss 1.553e+00, trn/lr 1.025e-01, trn/scale 1.014e-01, val/acc 5.299e-01, val/nll 1.717e+00
[2023-02-12 23:29:02] [Epoch   160/  200] trn/loss 1.544e+00, trn/lr 9.783e-02, trn/scale 1.014e-01, val/acc 5.382e-01, val/nll 1.686e+00 (best_acc: 5.342e-01 -> 5.382e-01, test_acc: 5.405e-01, test_nll: 1.658e+00)
[2023-02-12 23:29:10] [Epoch   161/  200] trn/loss 1.521e+00, trn/lr 9.321e-02, trn/scale 1.014e-01, val/acc 5.321e-01, val/nll 1.692e+00
[2023-02-12 23:29:19] [Epoch   162/  200] trn/loss 1.474e+00, trn/lr 8.870e-02, trn/scale 1.015e-01, val/acc 5.492e-01, val/nll 1.631e+00 (best_acc: 5.382e-01 -> 5.492e-01, test_acc: 5.583e-01, test_nll: 1.591e+00)
[2023-02-12 23:29:28] [Epoch   163/  200] trn/loss 1.480e+00, trn/lr 8.428e-02, trn/scale 1.015e-01, val/acc 5.402e-01, val/nll 1.671e+00
[2023-02-12 23:29:36] [Epoch   164/  200] trn/loss 1.455e+00, trn/lr 7.997e-02, trn/scale 1.015e-01, val/acc 5.418e-01, val/nll 1.637e+00
[2023-02-12 23:29:45] [Epoch   165/  200] trn/loss 1.428e+00, trn/lr 7.576e-02, trn/scale 1.015e-01, val/acc 5.719e-01, val/nll 1.543e+00 (best_acc: 5.492e-01 -> 5.719e-01, test_acc: 5.762e-01, test_nll: 1.521e+00)
[2023-02-12 23:29:53] [Epoch   166/  200] trn/loss 1.408e+00, trn/lr 7.166e-02, trn/scale 1.015e-01, val/acc 5.518e-01, val/nll 1.626e+00
[2023-02-12 23:30:02] [Epoch   167/  200] trn/loss 1.399e+00, trn/lr 6.766e-02, trn/scale 1.015e-01, val/acc 5.696e-01, val/nll 1.545e+00
[2023-02-12 23:30:10] [Epoch   168/  200] trn/loss 1.374e+00, trn/lr 6.377e-02, trn/scale 1.015e-01, val/acc 5.706e-01, val/nll 1.531e+00
[2023-02-12 23:30:19] [Epoch   169/  200] trn/loss 1.357e+00, trn/lr 5.998e-02, trn/scale 1.015e-01, val/acc 5.817e-01, val/nll 1.506e+00 (best_acc: 5.719e-01 -> 5.817e-01, test_acc: 5.784e-01, test_nll: 1.490e+00)
[2023-02-12 23:30:28] [Epoch   170/  200] trn/loss 1.339e+00, trn/lr 5.631e-02, trn/scale 1.015e-01, val/acc 5.830e-01, val/nll 1.491e+00 (best_acc: 5.817e-01 -> 5.830e-01, test_acc: 5.924e-01, test_nll: 1.464e+00)
[2023-02-12 23:30:37] [Epoch   171/  200] trn/loss 1.317e+00, trn/lr 5.274e-02, trn/scale 1.015e-01, val/acc 5.892e-01, val/nll 1.462e+00 (best_acc: 5.830e-01 -> 5.892e-01, test_acc: 5.869e-01, test_nll: 1.464e+00)
[2023-02-12 23:30:47] [Epoch   172/  200] trn/loss 1.275e+00, trn/lr 4.929e-02, trn/scale 1.015e-01, val/acc 5.948e-01, val/nll 1.445e+00 (best_acc: 5.892e-01 -> 5.948e-01, test_acc: 5.987e-01, test_nll: 1.421e+00)
[2023-02-12 23:30:56] [Epoch   173/  200] trn/loss 1.265e+00, trn/lr 4.594e-02, trn/scale 1.015e-01, val/acc 5.972e-01, val/nll 1.433e+00 (best_acc: 5.948e-01 -> 5.972e-01, test_acc: 5.949e-01, test_nll: 1.420e+00)
[2023-02-12 23:31:05] [Epoch   174/  200] trn/loss 1.248e+00, trn/lr 4.271e-02, trn/scale 1.015e-01, val/acc 6.101e-01, val/nll 1.383e+00 (best_acc: 5.972e-01 -> 6.101e-01, test_acc: 6.000e-01, test_nll: 1.391e+00)
[2023-02-12 23:31:13] [Epoch   175/  200] trn/loss 1.242e+00, trn/lr 3.959e-02, trn/scale 1.016e-01, val/acc 6.052e-01, val/nll 1.388e+00
[2023-02-12 23:31:23] [Epoch   176/  200] trn/loss 1.204e+00, trn/lr 3.659e-02, trn/scale 1.016e-01, val/acc 6.114e-01, val/nll 1.378e+00 (best_acc: 6.101e-01 -> 6.114e-01, test_acc: 6.125e-01, test_nll: 1.355e+00)
[2023-02-12 23:31:31] [Epoch   177/  200] trn/loss 1.187e+00, trn/lr 3.369e-02, trn/scale 1.016e-01, val/acc 6.114e-01, val/nll 1.364e+00
[2023-02-12 23:31:40] [Epoch   178/  200] trn/loss 1.161e+00, trn/lr 3.092e-02, trn/scale 1.016e-01, val/acc 6.241e-01, val/nll 1.329e+00 (best_acc: 6.114e-01 -> 6.241e-01, test_acc: 6.263e-01, test_nll: 1.309e+00)
[2023-02-12 23:31:49] [Epoch   179/  200] trn/loss 1.136e+00, trn/lr 2.826e-02, trn/scale 1.016e-01, val/acc 6.308e-01, val/nll 1.299e+00 (best_acc: 6.241e-01 -> 6.308e-01, test_acc: 6.319e-01, test_nll: 1.294e+00)
[2023-02-12 23:31:58] [Epoch   180/  200] trn/loss 1.114e+00, trn/lr 2.571e-02, trn/scale 1.016e-01, val/acc 6.220e-01, val/nll 1.316e+00
[2023-02-12 23:32:07] [Epoch   181/  200] trn/loss 1.090e+00, trn/lr 2.329e-02, trn/scale 1.016e-01, val/acc 6.340e-01, val/nll 1.277e+00 (best_acc: 6.308e-01 -> 6.340e-01, test_acc: 6.397e-01, test_nll: 1.266e+00)
[2023-02-12 23:32:16] [Epoch   182/  200] trn/loss 1.082e+00, trn/lr 2.098e-02, trn/scale 1.016e-01, val/acc 6.348e-01, val/nll 1.282e+00 (best_acc: 6.340e-01 -> 6.348e-01, test_acc: 6.367e-01, test_nll: 1.277e+00)
[2023-02-12 23:32:25] [Epoch   183/  200] trn/loss 1.046e+00, trn/lr 1.878e-02, trn/scale 1.016e-01, val/acc 6.415e-01, val/nll 1.255e+00 (best_acc: 6.348e-01 -> 6.415e-01, test_acc: 6.431e-01, test_nll: 1.240e+00)
[2023-02-12 23:32:35] [Epoch   184/  200] trn/loss 1.031e+00, trn/lr 1.671e-02, trn/scale 1.017e-01, val/acc 6.424e-01, val/nll 1.252e+00 (best_acc: 6.415e-01 -> 6.424e-01, test_acc: 6.498e-01, test_nll: 1.235e+00)
[2023-02-12 23:32:44] [Epoch   185/  200] trn/loss 1.008e+00, trn/lr 1.476e-02, trn/scale 1.017e-01, val/acc 6.513e-01, val/nll 1.235e+00 (best_acc: 6.424e-01 -> 6.513e-01, test_acc: 6.497e-01, test_nll: 1.221e+00)
[2023-02-12 23:32:52] [Epoch   186/  200] trn/loss 9.905e-01, trn/lr 1.292e-02, trn/scale 1.017e-01, val/acc 6.473e-01, val/nll 1.234e+00
[2023-02-12 23:33:01] [Epoch   187/  200] trn/loss 9.765e-01, trn/lr 1.121e-02, trn/scale 1.017e-01, val/acc 6.521e-01, val/nll 1.210e+00 (best_acc: 6.513e-01 -> 6.521e-01, test_acc: 6.573e-01, test_nll: 1.191e+00)
[2023-02-12 23:33:11] [Epoch   188/  200] trn/loss 9.559e-01, trn/lr 9.617e-03, trn/scale 1.017e-01, val/acc 6.584e-01, val/nll 1.205e+00 (best_acc: 6.521e-01 -> 6.584e-01, test_acc: 6.622e-01, test_nll: 1.187e+00)
[2023-02-12 23:33:19] [Epoch   189/  200] trn/loss 9.452e-01, trn/lr 8.145e-03, trn/scale 1.017e-01, val/acc 6.559e-01, val/nll 1.212e+00
[2023-02-12 23:33:28] [Epoch   190/  200] trn/loss 9.299e-01, trn/lr 6.794e-03, trn/scale 1.017e-01, val/acc 6.586e-01, val/nll 1.195e+00 (best_acc: 6.584e-01 -> 6.586e-01, test_acc: 6.636e-01, test_nll: 1.177e+00)
[2023-02-12 23:33:37] [Epoch   191/  200] trn/loss 9.114e-01, trn/lr 5.565e-03, trn/scale 1.017e-01, val/acc 6.615e-01, val/nll 1.173e+00 (best_acc: 6.586e-01 -> 6.615e-01, test_acc: 6.659e-01, test_nll: 1.161e+00)
[2023-02-12 23:33:46] [Epoch   192/  200] trn/loss 9.070e-01, trn/lr 4.458e-03, trn/scale 1.017e-01, val/acc 6.614e-01, val/nll 1.180e+00
[2023-02-12 23:33:55] [Epoch   193/  200] trn/loss 8.877e-01, trn/lr 3.474e-03, trn/scale 1.017e-01, val/acc 6.627e-01, val/nll 1.169e+00 (best_acc: 6.615e-01 -> 6.627e-01, test_acc: 6.695e-01, test_nll: 1.154e+00)
[2023-02-12 23:34:04] [Epoch   194/  200] trn/loss 8.834e-01, trn/lr 2.612e-03, trn/scale 1.018e-01, val/acc 6.666e-01, val/nll 1.168e+00 (best_acc: 6.627e-01 -> 6.666e-01, test_acc: 6.700e-01, test_nll: 1.153e+00)
[2023-02-12 23:34:13] [Epoch   195/  200] trn/loss 8.757e-01, trn/lr 1.872e-03, trn/scale 1.018e-01, val/acc 6.669e-01, val/nll 1.162e+00 (best_acc: 6.666e-01 -> 6.669e-01, test_acc: 6.715e-01, test_nll: 1.148e+00)
[2023-02-12 23:34:22] [Epoch   196/  200] trn/loss 8.678e-01, trn/lr 1.255e-03, trn/scale 1.018e-01, val/acc 6.656e-01, val/nll 1.161e+00
[2023-02-12 23:34:30] [Epoch   197/  200] trn/loss 8.640e-01, trn/lr 7.619e-04, trn/scale 1.018e-01, val/acc 6.638e-01, val/nll 1.160e+00
[2023-02-12 23:34:38] [Epoch   198/  200] trn/loss 8.615e-01, trn/lr 3.916e-04, trn/scale 1.018e-01, val/acc 6.638e-01, val/nll 1.159e+00
[2023-02-12 23:34:46] [Epoch   199/  200] trn/loss 8.606e-01, trn/lr 1.445e-04, trn/scale 1.018e-01, val/acc 6.642e-01, val/nll 1.158e+00
[2023-02-12 23:34:55] [Epoch   200/  200] trn/loss 8.597e-01, trn/lr 2.075e-05, trn/scale 1.018e-01, val/acc 6.633e-01, val/nll 1.159e+00
