[2023-02-08 20:32:40] Environments:
------------  ------------------------------------------------------------
sys.platform  linux
Python        3.8.10 (default, Nov 14 2022, 12:59:47) [GCC 9.4.0]
JAX           0.4.2 @/home/giung/.local/lib/python3.8/site-packages/jax
jaxlib        0.4.2 @/home/giung/.local/lib/python3.8/site-packages/jaxlib
Flax          0.6.4 @/home/giung/.local/lib/python3.8/site-packages/flax
Optax         0.1.4 @/home/giung/.local/lib/python3.8/site-packages/optax
------------  ------------------------------------------------------------

[2023-02-08 20:32:40] Command line arguments:
- args.data_root          : ./data/
- args.data_name          : CIFAR10_x32
- args.data_augmentation  : standard
- args.data_proportional  : 1.0
- args.model_depth        : 20
- args.model_width        : 4
- args.model_style        : BN-ReLU
- args.optim_bs           : 256
- args.optim_ne           : 200
- args.optim_lr           : 0.0003
- args.optim_b1           : 0.9
- args.optim_b2           : 0.999
- args.optim_eps          : 1e-08
- args.optim_weight_decay : 0.0001
- args.rho                : 0.0
- args.save               : /home/giung/giung2-dev/projects/sam/save/CIFAR10_x32/R20x4-BN-ReLU/Adam/bs-0256_ne-0200_lr-0.0003_b1-0.9000_b2-0.9990_wd-0.0001_rho-0.0000_fp32/42
- args.seed               : 42
- args.precision          : fp32

[2023-02-08 20:32:45] Multiple local devices are detected:
[TpuDevice(id=0, process_index=0, coords=(0,0,0), core_on_chip=0), TpuDevice(id=1, process_index=0, coords=(0,0,0), core_on_chip=1), TpuDevice(id=2, process_index=0, coords=(1,0,0), core_on_chip=0), TpuDevice(id=3, process_index=0, coords=(1,0,0), core_on_chip=1), TpuDevice(id=4, process_index=0, coords=(0,1,0), core_on_chip=0), TpuDevice(id=5, process_index=0, coords=(0,1,0), core_on_chip=1), TpuDevice(id=6, process_index=0, coords=(1,1,0), core_on_chip=0), TpuDevice(id=7, process_index=0, coords=(1,1,0), core_on_chip=1)]

[2023-02-08 20:33:46] [Epoch     1/  200] trn/loss 1.569e+00, trn/lr 3.000e-04, val/acc 5.243e-01, val/nll 1.336e+00 (best_acc: 0.000e+00 -> 5.243e-01, test_acc: 5.117e-01, test_nll: 1.359e+00)
[2023-02-08 20:33:55] [Epoch     2/  200] trn/loss 1.151e+00, trn/lr 3.000e-04, val/acc 5.623e-01, val/nll 1.321e+00 (best_acc: 5.243e-01 -> 5.623e-01, test_acc: 5.581e-01, test_nll: 1.347e+00)
[2023-02-08 20:34:03] [Epoch     3/  200] trn/loss 9.529e-01, trn/lr 2.999e-04, val/acc 6.913e-01, val/nll 8.934e-01 (best_acc: 5.623e-01 -> 6.913e-01, test_acc: 6.911e-01, test_nll: 9.080e-01)
[2023-02-08 20:34:10] [Epoch     4/  200] trn/loss 8.139e-01, trn/lr 2.998e-04, val/acc 6.863e-01, val/nll 9.578e-01
[2023-02-08 20:34:19] [Epoch     5/  200] trn/loss 7.114e-01, trn/lr 2.996e-04, val/acc 7.442e-01, val/nll 7.617e-01 (best_acc: 6.913e-01 -> 7.442e-01, test_acc: 7.337e-01, test_nll: 7.923e-01)
[2023-02-08 20:34:27] [Epoch     6/  200] trn/loss 6.370e-01, trn/lr 2.994e-04, val/acc 7.646e-01, val/nll 7.045e-01 (best_acc: 7.442e-01 -> 7.646e-01, test_acc: 7.652e-01, test_nll: 7.011e-01)
[2023-02-08 20:34:34] [Epoch     7/  200] trn/loss 5.813e-01, trn/lr 2.992e-04, val/acc 7.447e-01, val/nll 8.319e-01
[2023-02-08 20:34:41] [Epoch     8/  200] trn/loss 5.403e-01, trn/lr 2.990e-04, val/acc 7.584e-01, val/nll 7.818e-01
[2023-02-08 20:34:50] [Epoch     9/  200] trn/loss 4.924e-01, trn/lr 2.987e-04, val/acc 7.767e-01, val/nll 6.746e-01 (best_acc: 7.646e-01 -> 7.767e-01, test_acc: 7.736e-01, test_nll: 6.885e-01)
[2023-02-08 20:34:58] [Epoch    10/  200] trn/loss 4.588e-01, trn/lr 2.983e-04, val/acc 7.800e-01, val/nll 6.866e-01 (best_acc: 7.767e-01 -> 7.800e-01, test_acc: 7.690e-01, test_nll: 6.986e-01)
[2023-02-08 20:35:06] [Epoch    11/  200] trn/loss 4.258e-01, trn/lr 2.980e-04, val/acc 7.897e-01, val/nll 6.473e-01 (best_acc: 7.800e-01 -> 7.897e-01, test_acc: 7.772e-01, test_nll: 6.551e-01)
[2023-02-08 20:35:14] [Epoch    12/  200] trn/loss 4.039e-01, trn/lr 2.976e-04, val/acc 8.064e-01, val/nll 6.080e-01 (best_acc: 7.897e-01 -> 8.064e-01, test_acc: 8.018e-01, test_nll: 6.166e-01)
[2023-02-08 20:35:23] [Epoch    13/  200] trn/loss 3.728e-01, trn/lr 2.971e-04, val/acc 8.187e-01, val/nll 5.686e-01 (best_acc: 8.064e-01 -> 8.187e-01, test_acc: 8.200e-01, test_nll: 5.643e-01)
[2023-02-08 20:35:30] [Epoch    14/  200] trn/loss 3.556e-01, trn/lr 2.966e-04, val/acc 8.123e-01, val/nll 6.190e-01
[2023-02-08 20:35:37] [Epoch    15/  200] trn/loss 3.298e-01, trn/lr 2.961e-04, val/acc 8.020e-01, val/nll 6.400e-01
[2023-02-08 20:35:45] [Epoch    16/  200] trn/loss 3.148e-01, trn/lr 2.956e-04, val/acc 8.157e-01, val/nll 6.095e-01
[2023-02-08 20:35:53] [Epoch    17/  200] trn/loss 2.943e-01, trn/lr 2.950e-04, val/acc 8.462e-01, val/nll 5.127e-01 (best_acc: 8.187e-01 -> 8.462e-01, test_acc: 8.388e-01, test_nll: 5.203e-01)
[2023-02-08 20:36:00] [Epoch    18/  200] trn/loss 2.822e-01, trn/lr 2.944e-04, val/acc 8.398e-01, val/nll 5.167e-01
[2023-02-08 20:36:07] [Epoch    19/  200] trn/loss 2.606e-01, trn/lr 2.937e-04, val/acc 8.424e-01, val/nll 5.179e-01
[2023-02-08 20:36:15] [Epoch    20/  200] trn/loss 2.486e-01, trn/lr 2.930e-04, val/acc 8.169e-01, val/nll 6.273e-01
[2023-02-08 20:36:22] [Epoch    21/  200] trn/loss 2.332e-01, trn/lr 2.923e-04, val/acc 8.379e-01, val/nll 5.566e-01
[2023-02-08 20:36:29] [Epoch    22/  200] trn/loss 2.211e-01, trn/lr 2.915e-04, val/acc 8.414e-01, val/nll 5.417e-01
[2023-02-08 20:36:38] [Epoch    23/  200] trn/loss 2.140e-01, trn/lr 2.907e-04, val/acc 8.527e-01, val/nll 5.057e-01 (best_acc: 8.462e-01 -> 8.527e-01, test_acc: 8.479e-01, test_nll: 5.124e-01)
[2023-02-08 20:36:45] [Epoch    24/  200] trn/loss 2.043e-01, trn/lr 2.899e-04, val/acc 8.364e-01, val/nll 6.068e-01
[2023-02-08 20:36:52] [Epoch    25/  200] trn/loss 1.890e-01, trn/lr 2.890e-04, val/acc 8.452e-01, val/nll 5.212e-01
[2023-02-08 20:36:59] [Epoch    26/  200] trn/loss 1.811e-01, trn/lr 2.881e-04, val/acc 8.482e-01, val/nll 5.365e-01
[2023-02-08 20:37:07] [Epoch    27/  200] trn/loss 1.738e-01, trn/lr 2.872e-04, val/acc 8.469e-01, val/nll 5.236e-01
[2023-02-08 20:37:14] [Epoch    28/  200] trn/loss 1.611e-01, trn/lr 2.862e-04, val/acc 8.502e-01, val/nll 5.739e-01
[2023-02-08 20:37:22] [Epoch    29/  200] trn/loss 1.602e-01, trn/lr 2.852e-04, val/acc 8.626e-01, val/nll 5.082e-01 (best_acc: 8.527e-01 -> 8.626e-01, test_acc: 8.578e-01, test_nll: 5.208e-01)
[2023-02-08 20:37:29] [Epoch    30/  200] trn/loss 1.484e-01, trn/lr 2.842e-04, val/acc 8.262e-01, val/nll 6.430e-01
[2023-02-08 20:37:37] [Epoch    31/  200] trn/loss 1.393e-01, trn/lr 2.831e-04, val/acc 8.253e-01, val/nll 6.774e-01
[2023-02-08 20:37:45] [Epoch    32/  200] trn/loss 1.355e-01, trn/lr 2.820e-04, val/acc 8.770e-01, val/nll 4.402e-01 (best_acc: 8.626e-01 -> 8.770e-01, test_acc: 8.769e-01, test_nll: 4.472e-01)
[2023-02-08 20:37:52] [Epoch    33/  200] trn/loss 1.309e-01, trn/lr 2.809e-04, val/acc 8.694e-01, val/nll 4.483e-01
[2023-02-08 20:37:59] [Epoch    34/  200] trn/loss 1.187e-01, trn/lr 2.797e-04, val/acc 8.579e-01, val/nll 5.155e-01
[2023-02-08 20:38:06] [Epoch    35/  200] trn/loss 1.172e-01, trn/lr 2.785e-04, val/acc 8.730e-01, val/nll 4.677e-01
[2023-02-08 20:38:14] [Epoch    36/  200] trn/loss 1.117e-01, trn/lr 2.773e-04, val/acc 8.730e-01, val/nll 4.748e-01
[2023-02-08 20:38:21] [Epoch    37/  200] trn/loss 1.079e-01, trn/lr 2.760e-04, val/acc 8.562e-01, val/nll 5.638e-01
[2023-02-08 20:38:28] [Epoch    38/  200] trn/loss 1.037e-01, trn/lr 2.747e-04, val/acc 8.701e-01, val/nll 5.147e-01
[2023-02-08 20:38:37] [Epoch    39/  200] trn/loss 1.004e-01, trn/lr 2.734e-04, val/acc 8.782e-01, val/nll 4.495e-01 (best_acc: 8.770e-01 -> 8.782e-01, test_acc: 8.786e-01, test_nll: 4.563e-01)
[2023-02-08 20:38:45] [Epoch    40/  200] trn/loss 9.717e-02, trn/lr 2.720e-04, val/acc 8.847e-01, val/nll 4.637e-01 (best_acc: 8.782e-01 -> 8.847e-01, test_acc: 8.788e-01, test_nll: 4.665e-01)
[2023-02-08 20:38:52] [Epoch    41/  200] trn/loss 8.914e-02, trn/lr 2.707e-04, val/acc 8.814e-01, val/nll 4.458e-01
[2023-02-08 20:38:59] [Epoch    42/  200] trn/loss 8.616e-02, trn/lr 2.692e-04, val/acc 8.744e-01, val/nll 4.969e-01
[2023-02-08 20:39:07] [Epoch    43/  200] trn/loss 8.262e-02, trn/lr 2.678e-04, val/acc 8.844e-01, val/nll 4.714e-01
[2023-02-08 20:39:14] [Epoch    44/  200] trn/loss 7.889e-02, trn/lr 2.663e-04, val/acc 8.605e-01, val/nll 5.766e-01
[2023-02-08 20:39:21] [Epoch    45/  200] trn/loss 8.230e-02, trn/lr 2.648e-04, val/acc 8.825e-01, val/nll 4.970e-01
[2023-02-08 20:39:29] [Epoch    46/  200] trn/loss 7.848e-02, trn/lr 2.633e-04, val/acc 8.885e-01, val/nll 4.365e-01 (best_acc: 8.847e-01 -> 8.885e-01, test_acc: 8.891e-01, test_nll: 4.258e-01)
[2023-02-08 20:39:37] [Epoch    47/  200] trn/loss 7.565e-02, trn/lr 2.617e-04, val/acc 8.716e-01, val/nll 5.209e-01
[2023-02-08 20:39:45] [Epoch    48/  200] trn/loss 6.954e-02, trn/lr 2.602e-04, val/acc 8.929e-01, val/nll 4.223e-01 (best_acc: 8.885e-01 -> 8.929e-01, test_acc: 8.939e-01, test_nll: 4.188e-01)
[2023-02-08 20:39:52] [Epoch    49/  200] trn/loss 7.269e-02, trn/lr 2.585e-04, val/acc 8.919e-01, val/nll 4.475e-01
[2023-02-08 20:39:59] [Epoch    50/  200] trn/loss 6.191e-02, trn/lr 2.569e-04, val/acc 8.831e-01, val/nll 4.893e-01
[2023-02-08 20:40:06] [Epoch    51/  200] trn/loss 6.082e-02, trn/lr 2.552e-04, val/acc 8.867e-01, val/nll 4.765e-01
[2023-02-08 20:40:14] [Epoch    52/  200] trn/loss 6.560e-02, trn/lr 2.535e-04, val/acc 8.844e-01, val/nll 4.621e-01
[2023-02-08 20:40:21] [Epoch    53/  200] trn/loss 6.505e-02, trn/lr 2.518e-04, val/acc 8.570e-01, val/nll 6.262e-01
[2023-02-08 20:40:28] [Epoch    54/  200] trn/loss 6.054e-02, trn/lr 2.501e-04, val/acc 8.789e-01, val/nll 5.289e-01
[2023-02-08 20:40:36] [Epoch    55/  200] trn/loss 6.062e-02, trn/lr 2.483e-04, val/acc 8.972e-01, val/nll 4.275e-01 (best_acc: 8.929e-01 -> 8.972e-01, test_acc: 8.874e-01, test_nll: 4.702e-01)
[2023-02-08 20:40:44] [Epoch    56/  200] trn/loss 5.779e-02, trn/lr 2.465e-04, val/acc 8.930e-01, val/nll 4.551e-01
[2023-02-08 20:40:51] [Epoch    57/  200] trn/loss 5.547e-02, trn/lr 2.447e-04, val/acc 8.926e-01, val/nll 4.697e-01
[2023-02-08 20:40:58] [Epoch    58/  200] trn/loss 5.191e-02, trn/lr 2.429e-04, val/acc 8.970e-01, val/nll 4.276e-01
[2023-02-08 20:41:05] [Epoch    59/  200] trn/loss 5.218e-02, trn/lr 2.410e-04, val/acc 8.874e-01, val/nll 5.103e-01
[2023-02-08 20:41:13] [Epoch    60/  200] trn/loss 4.974e-02, trn/lr 2.391e-04, val/acc 8.907e-01, val/nll 4.669e-01
[2023-02-08 20:41:20] [Epoch    61/  200] trn/loss 4.943e-02, trn/lr 2.372e-04, val/acc 8.864e-01, val/nll 5.076e-01
[2023-02-08 20:41:27] [Epoch    62/  200] trn/loss 5.005e-02, trn/lr 2.353e-04, val/acc 8.916e-01, val/nll 4.723e-01
[2023-02-08 20:41:34] [Epoch    63/  200] trn/loss 4.749e-02, trn/lr 2.333e-04, val/acc 8.834e-01, val/nll 5.425e-01
[2023-02-08 20:41:43] [Epoch    64/  200] trn/loss 4.542e-02, trn/lr 2.314e-04, val/acc 8.981e-01, val/nll 4.686e-01 (best_acc: 8.972e-01 -> 8.981e-01, test_acc: 8.894e-01, test_nll: 4.973e-01)
[2023-02-08 20:41:50] [Epoch    65/  200] trn/loss 4.466e-02, trn/lr 2.294e-04, val/acc 8.892e-01, val/nll 4.542e-01
[2023-02-08 20:41:57] [Epoch    66/  200] trn/loss 5.098e-02, trn/lr 2.274e-04, val/acc 8.907e-01, val/nll 4.731e-01
[2023-02-08 20:42:05] [Epoch    67/  200] trn/loss 4.278e-02, trn/lr 2.253e-04, val/acc 8.996e-01, val/nll 4.232e-01 (best_acc: 8.981e-01 -> 8.996e-01, test_acc: 8.933e-01, test_nll: 4.584e-01)
[2023-02-08 20:42:13] [Epoch    68/  200] trn/loss 4.197e-02, trn/lr 2.233e-04, val/acc 8.988e-01, val/nll 4.313e-01
[2023-02-08 20:42:21] [Epoch    69/  200] trn/loss 4.362e-02, trn/lr 2.212e-04, val/acc 8.999e-01, val/nll 4.223e-01 (best_acc: 8.996e-01 -> 8.999e-01, test_acc: 8.919e-01, test_nll: 4.711e-01)
[2023-02-08 20:42:28] [Epoch    70/  200] trn/loss 3.821e-02, trn/lr 2.192e-04, val/acc 8.979e-01, val/nll 4.545e-01
[2023-02-08 20:42:35] [Epoch    71/  200] trn/loss 4.183e-02, trn/lr 2.171e-04, val/acc 8.869e-01, val/nll 5.153e-01
[2023-02-08 20:42:43] [Epoch    72/  200] trn/loss 3.999e-02, trn/lr 2.149e-04, val/acc 8.963e-01, val/nll 4.474e-01
[2023-02-08 20:42:50] [Epoch    73/  200] trn/loss 3.785e-02, trn/lr 2.128e-04, val/acc 8.980e-01, val/nll 4.182e-01
[2023-02-08 20:42:57] [Epoch    74/  200] trn/loss 3.492e-02, trn/lr 2.107e-04, val/acc 8.900e-01, val/nll 5.469e-01
[2023-02-08 20:43:04] [Epoch    75/  200] trn/loss 3.673e-02, trn/lr 2.085e-04, val/acc 8.996e-01, val/nll 4.486e-01
[2023-02-08 20:43:12] [Epoch    76/  200] trn/loss 3.892e-02, trn/lr 2.063e-04, val/acc 8.959e-01, val/nll 4.476e-01
[2023-02-08 20:43:19] [Epoch    77/  200] trn/loss 3.069e-02, trn/lr 2.041e-04, val/acc 8.918e-01, val/nll 4.679e-01
[2023-02-08 20:43:26] [Epoch    78/  200] trn/loss 3.265e-02, trn/lr 2.019e-04, val/acc 8.982e-01, val/nll 4.375e-01
[2023-02-08 20:43:33] [Epoch    79/  200] trn/loss 3.421e-02, trn/lr 1.997e-04, val/acc 8.954e-01, val/nll 4.814e-01
[2023-02-08 20:43:40] [Epoch    80/  200] trn/loss 2.939e-02, trn/lr 1.975e-04, val/acc 8.917e-01, val/nll 4.833e-01
[2023-02-08 20:43:48] [Epoch    81/  200] trn/loss 3.072e-02, trn/lr 1.952e-04, val/acc 8.994e-01, val/nll 4.798e-01
[2023-02-08 20:43:56] [Epoch    82/  200] trn/loss 2.848e-02, trn/lr 1.930e-04, val/acc 9.064e-01, val/nll 4.200e-01 (best_acc: 8.999e-01 -> 9.064e-01, test_acc: 9.033e-01, test_nll: 4.266e-01)
[2023-02-08 20:44:03] [Epoch    83/  200] trn/loss 2.771e-02, trn/lr 1.907e-04, val/acc 8.890e-01, val/nll 5.289e-01
[2023-02-08 20:44:10] [Epoch    84/  200] trn/loss 2.846e-02, trn/lr 1.885e-04, val/acc 8.908e-01, val/nll 4.942e-01
[2023-02-08 20:44:18] [Epoch    85/  200] trn/loss 2.910e-02, trn/lr 1.862e-04, val/acc 8.906e-01, val/nll 5.194e-01
[2023-02-08 20:44:25] [Epoch    86/  200] trn/loss 2.374e-02, trn/lr 1.839e-04, val/acc 9.010e-01, val/nll 4.637e-01
[2023-02-08 20:44:32] [Epoch    87/  200] trn/loss 2.742e-02, trn/lr 1.816e-04, val/acc 9.006e-01, val/nll 4.646e-01
[2023-02-08 20:44:39] [Epoch    88/  200] trn/loss 2.622e-02, trn/lr 1.793e-04, val/acc 9.052e-01, val/nll 4.433e-01
[2023-02-08 20:44:47] [Epoch    89/  200] trn/loss 3.058e-02, trn/lr 1.770e-04, val/acc 9.012e-01, val/nll 4.668e-01
[2023-02-08 20:44:54] [Epoch    90/  200] trn/loss 2.510e-02, trn/lr 1.746e-04, val/acc 8.946e-01, val/nll 5.057e-01
[2023-02-08 20:45:01] [Epoch    91/  200] trn/loss 2.540e-02, trn/lr 1.723e-04, val/acc 8.970e-01, val/nll 5.194e-01
[2023-02-08 20:45:09] [Epoch    92/  200] trn/loss 2.187e-02, trn/lr 1.700e-04, val/acc 9.067e-01, val/nll 4.559e-01 (best_acc: 9.064e-01 -> 9.067e-01, test_acc: 9.019e-01, test_nll: 4.476e-01)
[2023-02-08 20:45:18] [Epoch    93/  200] trn/loss 2.584e-02, trn/lr 1.676e-04, val/acc 9.081e-01, val/nll 4.417e-01 (best_acc: 9.067e-01 -> 9.081e-01, test_acc: 9.017e-01, test_nll: 4.641e-01)
[2023-02-08 20:45:25] [Epoch    94/  200] trn/loss 2.269e-02, trn/lr 1.653e-04, val/acc 8.990e-01, val/nll 4.625e-01
[2023-02-08 20:45:33] [Epoch    95/  200] trn/loss 2.039e-02, trn/lr 1.630e-04, val/acc 9.090e-01, val/nll 4.368e-01 (best_acc: 9.081e-01 -> 9.090e-01, test_acc: 9.058e-01, test_nll: 4.435e-01)
[2023-02-08 20:45:40] [Epoch    96/  200] trn/loss 1.634e-02, trn/lr 1.606e-04, val/acc 9.079e-01, val/nll 4.200e-01
[2023-02-08 20:45:48] [Epoch    97/  200] trn/loss 2.032e-02, trn/lr 1.582e-04, val/acc 9.027e-01, val/nll 4.550e-01
[2023-02-08 20:45:55] [Epoch    98/  200] trn/loss 2.116e-02, trn/lr 1.559e-04, val/acc 9.028e-01, val/nll 4.750e-01
[2023-02-08 20:46:02] [Epoch    99/  200] trn/loss 2.148e-02, trn/lr 1.535e-04, val/acc 9.051e-01, val/nll 4.798e-01
[2023-02-08 20:46:09] [Epoch   100/  200] trn/loss 2.180e-02, trn/lr 1.512e-04, val/acc 9.054e-01, val/nll 4.362e-01
[2023-02-08 20:46:17] [Epoch   101/  200] trn/loss 1.634e-02, trn/lr 1.488e-04, val/acc 9.077e-01, val/nll 4.554e-01
[2023-02-08 20:46:24] [Epoch   102/  200] trn/loss 1.698e-02, trn/lr 1.465e-04, val/acc 8.909e-01, val/nll 5.103e-01
[2023-02-08 20:46:31] [Epoch   103/  200] trn/loss 1.899e-02, trn/lr 1.441e-04, val/acc 9.071e-01, val/nll 4.596e-01
[2023-02-08 20:46:38] [Epoch   104/  200] trn/loss 1.700e-02, trn/lr 1.418e-04, val/acc 9.074e-01, val/nll 4.499e-01
[2023-02-08 20:46:46] [Epoch   105/  200] trn/loss 1.438e-02, trn/lr 1.394e-04, val/acc 9.031e-01, val/nll 4.687e-01
[2023-02-08 20:46:53] [Epoch   106/  200] trn/loss 1.753e-02, trn/lr 1.371e-04, val/acc 9.063e-01, val/nll 4.526e-01
[2023-02-08 20:47:00] [Epoch   107/  200] trn/loss 1.445e-02, trn/lr 1.347e-04, val/acc 9.081e-01, val/nll 4.452e-01
[2023-02-08 20:47:07] [Epoch   108/  200] trn/loss 1.919e-02, trn/lr 1.324e-04, val/acc 9.049e-01, val/nll 4.535e-01
[2023-02-08 20:47:15] [Epoch   109/  200] trn/loss 1.755e-02, trn/lr 1.300e-04, val/acc 9.090e-01, val/nll 4.462e-01
[2023-02-08 20:47:22] [Epoch   110/  200] trn/loss 1.468e-02, trn/lr 1.277e-04, val/acc 9.077e-01, val/nll 4.514e-01
[2023-02-08 20:47:30] [Epoch   111/  200] trn/loss 1.588e-02, trn/lr 1.254e-04, val/acc 9.097e-01, val/nll 4.196e-01 (best_acc: 9.090e-01 -> 9.097e-01, test_acc: 9.080e-01, test_nll: 4.477e-01)
[2023-02-08 20:47:37] [Epoch   112/  200] trn/loss 1.137e-02, trn/lr 1.231e-04, val/acc 9.092e-01, val/nll 4.351e-01
[2023-02-08 20:47:45] [Epoch   113/  200] trn/loss 1.029e-02, trn/lr 1.207e-04, val/acc 9.045e-01, val/nll 4.568e-01
[2023-02-08 20:47:52] [Epoch   114/  200] trn/loss 9.822e-03, trn/lr 1.184e-04, val/acc 9.095e-01, val/nll 4.430e-01
[2023-02-08 20:47:59] [Epoch   115/  200] trn/loss 1.031e-02, trn/lr 1.161e-04, val/acc 9.088e-01, val/nll 4.691e-01
[2023-02-08 20:48:07] [Epoch   116/  200] trn/loss 1.049e-02, trn/lr 1.138e-04, val/acc 9.159e-01, val/nll 4.095e-01 (best_acc: 9.097e-01 -> 9.159e-01, test_acc: 9.089e-01, test_nll: 4.367e-01)
[2023-02-08 20:48:15] [Epoch   117/  200] trn/loss 1.128e-02, trn/lr 1.116e-04, val/acc 9.082e-01, val/nll 4.761e-01
[2023-02-08 20:48:22] [Epoch   118/  200] trn/loss 1.354e-02, trn/lr 1.093e-04, val/acc 9.129e-01, val/nll 4.132e-01
[2023-02-08 20:48:29] [Epoch   119/  200] trn/loss 1.123e-02, trn/lr 1.070e-04, val/acc 9.112e-01, val/nll 4.428e-01
[2023-02-08 20:48:37] [Epoch   120/  200] trn/loss 7.721e-03, trn/lr 1.048e-04, val/acc 9.181e-01, val/nll 4.066e-01 (best_acc: 9.159e-01 -> 9.181e-01, test_acc: 9.133e-01, test_nll: 4.187e-01)
[2023-02-08 20:48:45] [Epoch   121/  200] trn/loss 8.497e-03, trn/lr 1.025e-04, val/acc 9.085e-01, val/nll 4.725e-01
[2023-02-08 20:48:52] [Epoch   122/  200] trn/loss 1.043e-02, trn/lr 1.003e-04, val/acc 9.055e-01, val/nll 4.717e-01
[2023-02-08 20:48:59] [Epoch   123/  200] trn/loss 7.447e-03, trn/lr 9.809e-05, val/acc 9.077e-01, val/nll 4.548e-01
[2023-02-08 20:49:06] [Epoch   124/  200] trn/loss 8.629e-03, trn/lr 9.589e-05, val/acc 9.162e-01, val/nll 4.246e-01
[2023-02-08 20:49:13] [Epoch   125/  200] trn/loss 7.038e-03, trn/lr 9.370e-05, val/acc 9.167e-01, val/nll 4.203e-01
[2023-02-08 20:49:21] [Epoch   126/  200] trn/loss 7.188e-03, trn/lr 9.152e-05, val/acc 9.113e-01, val/nll 4.512e-01
[2023-02-08 20:49:28] [Epoch   127/  200] trn/loss 6.911e-03, trn/lr 8.936e-05, val/acc 9.116e-01, val/nll 4.635e-01
[2023-02-08 20:49:35] [Epoch   128/  200] trn/loss 8.085e-03, trn/lr 8.721e-05, val/acc 9.116e-01, val/nll 4.727e-01
[2023-02-08 20:49:42] [Epoch   129/  200] trn/loss 7.576e-03, trn/lr 8.508e-05, val/acc 9.166e-01, val/nll 4.302e-01
[2023-02-08 20:49:50] [Epoch   130/  200] trn/loss 5.785e-03, trn/lr 8.296e-05, val/acc 9.145e-01, val/nll 4.354e-01
[2023-02-08 20:49:57] [Epoch   131/  200] trn/loss 6.507e-03, trn/lr 8.086e-05, val/acc 9.144e-01, val/nll 4.394e-01
[2023-02-08 20:50:04] [Epoch   132/  200] trn/loss 8.450e-03, trn/lr 7.878e-05, val/acc 9.159e-01, val/nll 4.161e-01
[2023-02-08 20:50:12] [Epoch   133/  200] trn/loss 6.643e-03, trn/lr 7.671e-05, val/acc 9.164e-01, val/nll 4.283e-01
[2023-02-08 20:50:19] [Epoch   134/  200] trn/loss 4.787e-03, trn/lr 7.467e-05, val/acc 9.179e-01, val/nll 4.273e-01
[2023-02-08 20:50:26] [Epoch   135/  200] trn/loss 4.514e-03, trn/lr 7.264e-05, val/acc 9.180e-01, val/nll 4.266e-01
[2023-02-08 20:50:33] [Epoch   136/  200] trn/loss 5.269e-03, trn/lr 7.063e-05, val/acc 9.181e-01, val/nll 4.203e-01
[2023-02-08 20:50:41] [Epoch   137/  200] trn/loss 3.818e-03, trn/lr 6.864e-05, val/acc 9.180e-01, val/nll 4.048e-01
[2023-02-08 20:50:48] [Epoch   138/  200] trn/loss 4.939e-03, trn/lr 6.667e-05, val/acc 9.154e-01, val/nll 4.403e-01
[2023-02-08 20:50:56] [Epoch   139/  200] trn/loss 3.357e-03, trn/lr 6.472e-05, val/acc 9.226e-01, val/nll 4.049e-01 (best_acc: 9.181e-01 -> 9.226e-01, test_acc: 9.201e-01, test_nll: 4.148e-01)
[2023-02-08 20:51:03] [Epoch   140/  200] trn/loss 3.092e-03, trn/lr 6.279e-05, val/acc 9.198e-01, val/nll 4.152e-01
[2023-02-08 20:51:11] [Epoch   141/  200] trn/loss 3.997e-03, trn/lr 6.089e-05, val/acc 9.206e-01, val/nll 3.997e-01
[2023-02-08 20:51:18] [Epoch   142/  200] trn/loss 3.237e-03, trn/lr 5.900e-05, val/acc 9.194e-01, val/nll 4.222e-01
[2023-02-08 20:51:25] [Epoch   143/  200] trn/loss 3.316e-03, trn/lr 5.714e-05, val/acc 9.157e-01, val/nll 4.241e-01
[2023-02-08 20:51:32] [Epoch   144/  200] trn/loss 3.858e-03, trn/lr 5.530e-05, val/acc 9.205e-01, val/nll 4.118e-01
[2023-02-08 20:51:40] [Epoch   145/  200] trn/loss 3.353e-03, trn/lr 5.349e-05, val/acc 9.215e-01, val/nll 4.105e-01
[2023-02-08 20:51:47] [Epoch   146/  200] trn/loss 3.195e-03, trn/lr 5.170e-05, val/acc 9.213e-01, val/nll 4.193e-01
[2023-02-08 20:51:54] [Epoch   147/  200] trn/loss 3.758e-03, trn/lr 4.993e-05, val/acc 9.157e-01, val/nll 4.418e-01
[2023-02-08 20:52:01] [Epoch   148/  200] trn/loss 3.567e-03, trn/lr 4.819e-05, val/acc 9.192e-01, val/nll 4.266e-01
[2023-02-08 20:52:09] [Epoch   149/  200] trn/loss 2.932e-03, trn/lr 4.647e-05, val/acc 9.219e-01, val/nll 4.069e-01
[2023-02-08 20:52:16] [Epoch   150/  200] trn/loss 2.421e-03, trn/lr 4.478e-05, val/acc 9.210e-01, val/nll 4.094e-01
[2023-02-08 20:52:23] [Epoch   151/  200] trn/loss 2.596e-03, trn/lr 4.311e-05, val/acc 9.179e-01, val/nll 4.269e-01
[2023-02-08 20:52:30] [Epoch   152/  200] trn/loss 2.581e-03, trn/lr 4.147e-05, val/acc 9.211e-01, val/nll 3.999e-01
[2023-02-08 20:52:38] [Epoch   153/  200] trn/loss 2.117e-03, trn/lr 3.986e-05, val/acc 9.237e-01, val/nll 3.991e-01 (best_acc: 9.226e-01 -> 9.237e-01, test_acc: 9.193e-01, test_nll: 4.108e-01)
[2023-02-08 20:52:47] [Epoch   154/  200] trn/loss 2.311e-03, trn/lr 3.827e-05, val/acc 9.248e-01, val/nll 3.925e-01 (best_acc: 9.237e-01 -> 9.248e-01, test_acc: 9.191e-01, test_nll: 4.134e-01)
[2023-02-08 20:52:54] [Epoch   155/  200] trn/loss 1.954e-03, trn/lr 3.671e-05, val/acc 9.194e-01, val/nll 4.230e-01
[2023-02-08 20:53:01] [Epoch   156/  200] trn/loss 1.351e-03, trn/lr 3.518e-05, val/acc 9.229e-01, val/nll 3.985e-01
[2023-02-08 20:53:08] [Epoch   157/  200] trn/loss 1.533e-03, trn/lr 3.368e-05, val/acc 9.228e-01, val/nll 3.969e-01
[2023-02-08 20:53:16] [Epoch   158/  200] trn/loss 1.354e-03, trn/lr 3.221e-05, val/acc 9.244e-01, val/nll 3.969e-01
[2023-02-08 20:53:23] [Epoch   159/  200] trn/loss 1.096e-03, trn/lr 3.076e-05, val/acc 9.217e-01, val/nll 4.013e-01
[2023-02-08 20:53:30] [Epoch   160/  200] trn/loss 1.351e-03, trn/lr 2.935e-05, val/acc 9.227e-01, val/nll 3.956e-01
[2023-02-08 20:53:38] [Epoch   161/  200] trn/loss 1.307e-03, trn/lr 2.796e-05, val/acc 9.241e-01, val/nll 3.906e-01
[2023-02-08 20:53:45] [Epoch   162/  200] trn/loss 1.327e-03, trn/lr 2.661e-05, val/acc 9.216e-01, val/nll 4.073e-01
[2023-02-08 20:53:52] [Epoch   163/  200] trn/loss 9.549e-04, trn/lr 2.528e-05, val/acc 9.206e-01, val/nll 3.956e-01
[2023-02-08 20:54:00] [Epoch   164/  200] trn/loss 1.533e-03, trn/lr 2.399e-05, val/acc 9.254e-01, val/nll 3.879e-01 (best_acc: 9.248e-01 -> 9.254e-01, test_acc: 9.221e-01, test_nll: 4.147e-01)
[2023-02-08 20:54:08] [Epoch   165/  200] trn/loss 9.127e-04, trn/lr 2.273e-05, val/acc 9.251e-01, val/nll 3.829e-01
[2023-02-08 20:54:15] [Epoch   166/  200] trn/loss 8.680e-04, trn/lr 2.150e-05, val/acc 9.248e-01, val/nll 3.814e-01
[2023-02-08 20:54:22] [Epoch   167/  200] trn/loss 1.041e-03, trn/lr 2.030e-05, val/acc 9.233e-01, val/nll 3.824e-01
[2023-02-08 20:54:30] [Epoch   168/  200] trn/loss 1.075e-03, trn/lr 1.913e-05, val/acc 9.259e-01, val/nll 3.787e-01 (best_acc: 9.254e-01 -> 9.259e-01, test_acc: 9.227e-01, test_nll: 4.077e-01)
[2023-02-08 20:54:38] [Epoch   169/  200] trn/loss 1.018e-03, trn/lr 1.800e-05, val/acc 9.235e-01, val/nll 3.806e-01
[2023-02-08 20:54:45] [Epoch   170/  200] trn/loss 7.760e-04, trn/lr 1.689e-05, val/acc 9.253e-01, val/nll 3.810e-01
[2023-02-08 20:54:52] [Epoch   171/  200] trn/loss 9.116e-04, trn/lr 1.582e-05, val/acc 9.248e-01, val/nll 3.731e-01
[2023-02-08 20:54:59] [Epoch   172/  200] trn/loss 8.076e-04, trn/lr 1.479e-05, val/acc 9.246e-01, val/nll 3.749e-01
[2023-02-08 20:55:06] [Epoch   173/  200] trn/loss 8.009e-04, trn/lr 1.378e-05, val/acc 9.247e-01, val/nll 3.779e-01
[2023-02-08 20:55:14] [Epoch   174/  200] trn/loss 6.619e-04, trn/lr 1.281e-05, val/acc 9.257e-01, val/nll 3.752e-01
[2023-02-08 20:55:22] [Epoch   175/  200] trn/loss 6.598e-04, trn/lr 1.188e-05, val/acc 9.263e-01, val/nll 3.711e-01 (best_acc: 9.259e-01 -> 9.263e-01, test_acc: 9.260e-01, test_nll: 3.890e-01)
[2023-02-08 20:55:29] [Epoch   176/  200] trn/loss 6.311e-04, trn/lr 1.098e-05, val/acc 9.253e-01, val/nll 3.797e-01
[2023-02-08 20:55:36] [Epoch   177/  200] trn/loss 5.835e-04, trn/lr 1.011e-05, val/acc 9.254e-01, val/nll 3.698e-01
[2023-02-08 20:55:44] [Epoch   178/  200] trn/loss 6.169e-04, trn/lr 9.275e-06, val/acc 9.252e-01, val/nll 3.719e-01
[2023-02-08 20:55:51] [Epoch   179/  200] trn/loss 5.813e-04, trn/lr 8.477e-06, val/acc 9.262e-01, val/nll 3.737e-01
[2023-02-08 20:55:58] [Epoch   180/  200] trn/loss 5.457e-04, trn/lr 7.714e-06, val/acc 9.262e-01, val/nll 3.689e-01
[2023-02-08 20:56:05] [Epoch   181/  200] trn/loss 4.569e-04, trn/lr 6.986e-06, val/acc 9.259e-01, val/nll 3.698e-01
[2023-02-08 20:56:13] [Epoch   182/  200] trn/loss 4.520e-04, trn/lr 6.293e-06, val/acc 9.262e-01, val/nll 3.747e-01
[2023-02-08 20:56:20] [Epoch   183/  200] trn/loss 5.186e-04, trn/lr 5.635e-06, val/acc 9.262e-01, val/nll 3.689e-01
[2023-02-08 20:56:27] [Epoch   184/  200] trn/loss 6.749e-04, trn/lr 5.013e-06, val/acc 9.254e-01, val/nll 3.720e-01
[2023-02-08 20:56:35] [Epoch   185/  200] trn/loss 4.786e-04, trn/lr 4.427e-06, val/acc 9.271e-01, val/nll 3.673e-01 (best_acc: 9.263e-01 -> 9.271e-01, test_acc: 9.262e-01, test_nll: 3.813e-01)
[2023-02-08 20:56:44] [Epoch   186/  200] trn/loss 4.605e-04, trn/lr 3.877e-06, val/acc 9.277e-01, val/nll 3.678e-01 (best_acc: 9.271e-01 -> 9.277e-01, test_acc: 9.256e-01, test_nll: 3.846e-01)
[2023-02-08 20:56:51] [Epoch   187/  200] trn/loss 4.819e-04, trn/lr 3.363e-06, val/acc 9.270e-01, val/nll 3.666e-01
[2023-02-08 20:56:58] [Epoch   188/  200] trn/loss 4.275e-04, trn/lr 2.885e-06, val/acc 9.269e-01, val/nll 3.661e-01
[2023-02-08 20:57:05] [Epoch   189/  200] trn/loss 5.891e-04, trn/lr 2.444e-06, val/acc 9.261e-01, val/nll 3.658e-01
[2023-02-08 20:57:13] [Epoch   190/  200] trn/loss 5.874e-04, trn/lr 2.038e-06, val/acc 9.259e-01, val/nll 3.677e-01
[2023-02-08 20:57:20] [Epoch   191/  200] trn/loss 5.197e-04, trn/lr 1.670e-06, val/acc 9.261e-01, val/nll 3.637e-01
[2023-02-08 20:57:27] [Epoch   192/  200] trn/loss 4.986e-04, trn/lr 1.338e-06, val/acc 9.256e-01, val/nll 3.656e-01
[2023-02-08 20:57:34] [Epoch   193/  200] trn/loss 4.997e-04, trn/lr 1.042e-06, val/acc 9.254e-01, val/nll 3.653e-01
[2023-02-08 20:57:42] [Epoch   194/  200] trn/loss 4.534e-04, trn/lr 7.835e-07, val/acc 9.269e-01, val/nll 3.630e-01
[2023-02-08 20:57:49] [Epoch   195/  200] trn/loss 4.761e-04, trn/lr 5.616e-07, val/acc 9.264e-01, val/nll 3.646e-01
[2023-02-08 20:57:56] [Epoch   196/  200] trn/loss 4.006e-04, trn/lr 3.766e-07, val/acc 9.258e-01, val/nll 3.669e-01
[2023-02-08 20:58:03] [Epoch   197/  200] trn/loss 4.730e-04, trn/lr 2.286e-07, val/acc 9.262e-01, val/nll 3.653e-01
[2023-02-08 20:58:10] [Epoch   198/  200] trn/loss 5.593e-04, trn/lr 1.175e-07, val/acc 9.264e-01, val/nll 3.644e-01
[2023-02-08 20:58:18] [Epoch   199/  200] trn/loss 4.996e-04, trn/lr 4.335e-08, val/acc 9.267e-01, val/nll 3.646e-01
[2023-02-08 20:58:25] [Epoch   200/  200] trn/loss 4.550e-04, trn/lr 6.226e-09, val/acc 9.270e-01, val/nll 3.644e-01
