[2023-02-21 10:11:02] Environments:
------------  ------------------------------------------------------------
sys.platform  linux
Python        3.8.10 (default, Nov 14 2022, 12:59:47) [GCC 9.4.0]
JAX           0.4.2 @/home/giung/.local/lib/python3.8/site-packages/jax
jaxlib        0.4.2 @/home/giung/.local/lib/python3.8/site-packages/jaxlib
Flax          0.6.4 @/home/giung/.local/lib/python3.8/site-packages/flax
Optax         0.1.4 @/home/giung/.local/lib/python3.8/site-packages/optax
------------  ------------------------------------------------------------

[2023-02-21 10:11:02] Command line arguments:
- args.data_root          : ./data/
- args.data_name          : CIFAR10_x32
- args.data_augmentation  : standard
- args.data_proportional  : 1.0
- args.model_depth        : 20
- args.model_width        : 4
- args.model_style        : BN-ReLU
- args.optim_bs           : 256
- args.optim_ne           : 200
- args.optim_lr           : 0.1
- args.optim_momentum     : 0.99
- args.optim_weight_decay : 0.003
- args.rho                : 3.0
- args.save               : /home/giung/giung2-dev/projects/sam/save/CIFAR10_x32/R20x4-BN-ReLU/ASAM/bs-0256_ne-0200_lr-0.10_mo-0.99_wd-0.0030_rho-3.0000_fp32/42
- args.seed               : 42
- args.precision          : fp32

[2023-02-21 10:11:16] Multiple local devices are detected:
[TpuDevice(id=0, process_index=0, coords=(0,0,0), core_on_chip=0), TpuDevice(id=1, process_index=0, coords=(0,0,0), core_on_chip=1), TpuDevice(id=2, process_index=0, coords=(1,0,0), core_on_chip=0), TpuDevice(id=3, process_index=0, coords=(1,0,0), core_on_chip=1), TpuDevice(id=4, process_index=0, coords=(0,1,0), core_on_chip=0), TpuDevice(id=5, process_index=0, coords=(0,1,0), core_on_chip=1), TpuDevice(id=6, process_index=0, coords=(1,1,0), core_on_chip=0), TpuDevice(id=7, process_index=0, coords=(1,1,0), core_on_chip=1)]

[2023-02-21 10:12:20] [Epoch     1/  200] trn/loss 2.556e+00, trn/lr 1.000e-01, val/acc 1.002e-01, val/nll 2.441e+00 (best_acc: 0.000e+00 -> 1.002e-01, test_acc: 1.052e-01, test_nll: 2.454e+00)
[2023-02-21 10:12:28] [Epoch     2/  200] trn/loss 2.358e+00, trn/lr 9.999e-02, val/acc 1.081e-01, val/nll 2.330e+00 (best_acc: 1.002e-01 -> 1.081e-01, test_acc: 1.000e-01, test_nll: 2.332e+00)
[2023-02-21 10:12:35] [Epoch     3/  200] trn/loss 2.335e+00, trn/lr 9.996e-02, val/acc 1.081e-01, val/nll 2.317e+00
[2023-02-21 10:12:43] [Epoch     4/  200] trn/loss 2.340e+00, trn/lr 9.992e-02, val/acc 1.059e-01, val/nll 2.331e+00
[2023-02-21 10:12:50] [Epoch     5/  200] trn/loss 2.330e+00, trn/lr 9.987e-02, val/acc 9.845e-02, val/nll 2.333e+00
[2023-02-21 10:12:57] [Epoch     6/  200] trn/loss 2.322e+00, trn/lr 9.981e-02, val/acc 1.081e-01, val/nll 2.309e+00
[2023-02-21 10:13:05] [Epoch     7/  200] trn/loss 2.333e+00, trn/lr 9.974e-02, val/acc 9.834e-02, val/nll 2.339e+00
[2023-02-21 10:13:12] [Epoch     8/  200] trn/loss 2.342e+00, trn/lr 9.965e-02, val/acc 9.945e-02, val/nll 2.336e+00
[2023-02-21 10:13:19] [Epoch     9/  200] trn/loss 2.317e+00, trn/lr 9.955e-02, val/acc 9.281e-02, val/nll 2.367e+00
[2023-02-21 10:13:26] [Epoch    10/  200] trn/loss 2.316e+00, trn/lr 9.944e-02, val/acc 9.978e-02, val/nll 4.785e+00
[2023-02-21 10:13:34] [Epoch    11/  200] trn/loss 2.317e+00, trn/lr 9.932e-02, val/acc 1.157e-01, val/nll 2.392e+00 (best_acc: 1.081e-01 -> 1.157e-01, test_acc: 1.194e-01, test_nll: 2.376e+00)
[2023-02-21 10:13:42] [Epoch    12/  200] trn/loss 2.325e+00, trn/lr 9.919e-02, val/acc 1.077e-01, val/nll 2.336e+00
[2023-02-21 10:13:49] [Epoch    13/  200] trn/loss 2.324e+00, trn/lr 9.904e-02, val/acc 9.403e-02, val/nll 2.990e+00
[2023-02-21 10:13:56] [Epoch    14/  200] trn/loss 2.318e+00, trn/lr 9.888e-02, val/acc 9.978e-02, val/nll 2.337e+00
[2023-02-21 10:14:03] [Epoch    15/  200] trn/loss 2.331e+00, trn/lr 9.871e-02, val/acc 9.723e-02, val/nll 2.332e+00
[2023-02-21 10:14:11] [Epoch    16/  200] trn/loss 2.328e+00, trn/lr 9.853e-02, val/acc 1.085e-01, val/nll 2.298e+00
[2023-02-21 10:14:18] [Epoch    17/  200] trn/loss 2.331e+00, trn/lr 9.833e-02, val/acc 1.081e-01, val/nll 2.336e+00
[2023-02-21 10:14:25] [Epoch    18/  200] trn/loss 2.321e+00, trn/lr 9.812e-02, val/acc 1.071e-01, val/nll 2.327e+00
[2023-02-21 10:14:32] [Epoch    19/  200] trn/loss 2.331e+00, trn/lr 9.790e-02, val/acc 7.157e-02, val/nll 3.928e+00
[2023-02-21 10:14:41] [Epoch    20/  200] trn/loss 2.323e+00, trn/lr 9.767e-02, val/acc 1.455e-01, val/nll 2.924e+00 (best_acc: 1.157e-01 -> 1.455e-01, test_acc: 1.522e-01, test_nll: 2.910e+00)
[2023-02-21 10:14:48] [Epoch    21/  200] trn/loss 2.308e+00, trn/lr 9.743e-02, val/acc 1.007e-01, val/nll 2.320e+00
[2023-02-21 10:14:55] [Epoch    22/  200] trn/loss 2.337e+00, trn/lr 9.718e-02, val/acc 1.007e-01, val/nll 2.350e+00
[2023-02-21 10:15:02] [Epoch    23/  200] trn/loss 2.327e+00, trn/lr 9.691e-02, val/acc 9.281e-02, val/nll 2.356e+00
[2023-02-21 10:15:10] [Epoch    24/  200] trn/loss 2.328e+00, trn/lr 9.663e-02, val/acc 1.377e-01, val/nll 2.380e+00
[2023-02-21 10:15:17] [Epoch    25/  200] trn/loss 2.279e+00, trn/lr 9.634e-02, val/acc 1.063e-01, val/nll 2.360e+00
[2023-02-21 10:15:24] [Epoch    26/  200] trn/loss 2.319e+00, trn/lr 9.604e-02, val/acc 9.978e-02, val/nll 2.317e+00
[2023-02-21 10:15:31] [Epoch    27/  200] trn/loss 2.335e+00, trn/lr 9.573e-02, val/acc 9.823e-02, val/nll 2.347e+00
[2023-02-21 10:15:39] [Epoch    28/  200] trn/loss 2.342e+00, trn/lr 9.541e-02, val/acc 9.823e-02, val/nll 2.372e+00
[2023-02-21 10:15:46] [Epoch    29/  200] trn/loss 2.373e+00, trn/lr 9.507e-02, val/acc 7.577e-02, val/nll 3.289e+00
[2023-02-21 10:15:53] [Epoch    30/  200] trn/loss 2.353e+00, trn/lr 9.473e-02, val/acc 1.183e-01, val/nll 2.316e+00
[2023-02-21 10:16:00] [Epoch    31/  200] trn/loss 2.326e+00, trn/lr 9.437e-02, val/acc 9.823e-02, val/nll 2.325e+00
[2023-02-21 10:16:07] [Epoch    32/  200] trn/loss 2.322e+00, trn/lr 9.400e-02, val/acc 9.823e-02, val/nll 2.319e+00
[2023-02-21 10:16:15] [Epoch    33/  200] trn/loss 2.318e+00, trn/lr 9.363e-02, val/acc 1.004e-01, val/nll 5.124e+00
[2023-02-21 10:16:22] [Epoch    34/  200] trn/loss 2.319e+00, trn/lr 9.324e-02, val/acc 1.007e-01, val/nll 2.329e+00
[2023-02-21 10:16:29] [Epoch    35/  200] trn/loss 2.327e+00, trn/lr 9.284e-02, val/acc 9.978e-02, val/nll 2.351e+00
[2023-02-21 10:16:36] [Epoch    36/  200] trn/loss 2.334e+00, trn/lr 9.243e-02, val/acc 7.611e-02, val/nll 2.545e+00
[2023-02-21 10:16:43] [Epoch    37/  200] trn/loss 2.322e+00, trn/lr 9.201e-02, val/acc 7.190e-02, val/nll 9.418e+00
[2023-02-21 10:16:51] [Epoch    38/  200] trn/loss 2.328e+00, trn/lr 9.157e-02, val/acc 9.613e-02, val/nll 2.707e+00
[2023-02-21 10:16:58] [Epoch    39/  200] trn/loss 2.324e+00, trn/lr 9.113e-02, val/acc 9.823e-02, val/nll 2.339e+00
[2023-02-21 10:17:05] [Epoch    40/  200] trn/loss 2.323e+00, trn/lr 9.068e-02, val/acc 1.044e-01, val/nll 2.329e+00
[2023-02-21 10:17:12] [Epoch    41/  200] trn/loss 2.323e+00, trn/lr 9.022e-02, val/acc 9.071e-02, val/nll 5.099e+00
[2023-02-21 10:17:19] [Epoch    42/  200] trn/loss 2.325e+00, trn/lr 8.975e-02, val/acc 9.945e-02, val/nll 2.319e+00
[2023-02-21 10:17:27] [Epoch    43/  200] trn/loss 2.344e+00, trn/lr 8.927e-02, val/acc 9.856e-02, val/nll 2.312e+00
[2023-02-21 10:17:34] [Epoch    44/  200] trn/loss 2.322e+00, trn/lr 8.878e-02, val/acc 1.160e-01, val/nll 2.605e+00
[2023-02-21 10:17:41] [Epoch    45/  200] trn/loss 2.335e+00, trn/lr 8.828e-02, val/acc 9.336e-02, val/nll 2.365e+00
[2023-02-21 10:17:49] [Epoch    46/  200] trn/loss 2.323e+00, trn/lr 8.777e-02, val/acc 9.856e-02, val/nll 2.317e+00
[2023-02-21 10:17:56] [Epoch    47/  200] trn/loss 2.319e+00, trn/lr 8.725e-02, val/acc 9.823e-02, val/nll 2.329e+00
[2023-02-21 10:18:03] [Epoch    48/  200] trn/loss 2.333e+00, trn/lr 8.672e-02, val/acc 9.823e-02, val/nll 2.339e+00
[2023-02-21 10:18:10] [Epoch    49/  200] trn/loss 2.325e+00, trn/lr 8.618e-02, val/acc 9.414e-02, val/nll 2.478e+00
[2023-02-21 10:18:17] [Epoch    50/  200] trn/loss 2.330e+00, trn/lr 8.563e-02, val/acc 8.396e-02, val/nll 1.209e+01
[2023-02-21 10:18:25] [Epoch    51/  200] trn/loss 2.315e+00, trn/lr 8.508e-02, val/acc 8.750e-02, val/nll 2.372e+00
[2023-02-21 10:18:32] [Epoch    52/  200] trn/loss 2.321e+00, trn/lr 8.451e-02, val/acc 1.044e-01, val/nll 2.352e+00
[2023-02-21 10:18:39] [Epoch    53/  200] trn/loss 2.333e+00, trn/lr 8.394e-02, val/acc 1.007e-01, val/nll 2.361e+00
[2023-02-21 10:18:46] [Epoch    54/  200] trn/loss 2.329e+00, trn/lr 8.336e-02, val/acc 1.087e-01, val/nll 2.327e+00
[2023-02-21 10:18:53] [Epoch    55/  200] trn/loss 2.320e+00, trn/lr 8.277e-02, val/acc 9.945e-02, val/nll 2.316e+00
[2023-02-21 10:19:01] [Epoch    56/  200] trn/loss 2.331e+00, trn/lr 8.217e-02, val/acc 1.063e-01, val/nll 3.086e+00
[2023-02-21 10:19:08] [Epoch    57/  200] trn/loss 2.332e+00, trn/lr 8.157e-02, val/acc 1.072e-01, val/nll 1.080e+01
[2023-02-21 10:19:15] [Epoch    58/  200] trn/loss 2.333e+00, trn/lr 8.096e-02, val/acc 1.004e-01, val/nll 2.342e+00
[2023-02-21 10:19:22] [Epoch    59/  200] trn/loss 2.344e+00, trn/lr 8.034e-02, val/acc 1.271e-01, val/nll 6.583e+00
[2023-02-21 10:19:29] [Epoch    60/  200] trn/loss 2.365e+00, trn/lr 7.971e-02, val/acc 9.945e-02, val/nll 2.509e+00
[2023-02-21 10:19:37] [Epoch    61/  200] trn/loss 2.332e+00, trn/lr 7.907e-02, val/acc 9.978e-02, val/nll 2.351e+00
[2023-02-21 10:19:44] [Epoch    62/  200] trn/loss 2.325e+00, trn/lr 7.843e-02, val/acc 1.429e-01, val/nll 2.651e+00
[2023-02-21 10:19:51] [Epoch    63/  200] trn/loss 2.320e+00, trn/lr 7.778e-02, val/acc 1.376e-01, val/nll 2.375e+00
[2023-02-21 10:19:58] [Epoch    64/  200] trn/loss 2.328e+00, trn/lr 7.712e-02, val/acc 1.028e-01, val/nll 2.328e+00
[2023-02-21 10:20:05] [Epoch    65/  200] trn/loss 2.339e+00, trn/lr 7.646e-02, val/acc 8.750e-02, val/nll 2.387e+00
[2023-02-21 10:20:13] [Epoch    66/  200] trn/loss 2.344e+00, trn/lr 7.579e-02, val/acc 7.942e-02, val/nll 2.345e+00
[2023-02-21 10:20:20] [Epoch    67/  200] trn/loss 2.343e+00, trn/lr 7.512e-02, val/acc 9.281e-02, val/nll 2.321e+00
[2023-02-21 10:20:27] [Epoch    68/  200] trn/loss 2.327e+00, trn/lr 7.443e-02, val/acc 1.147e-01, val/nll 5.115e+00
[2023-02-21 10:20:34] [Epoch    69/  200] trn/loss 2.314e+00, trn/lr 7.374e-02, val/acc 9.004e-02, val/nll 2.318e+00
[2023-02-21 10:20:41] [Epoch    70/  200] trn/loss 2.315e+00, trn/lr 7.305e-02, val/acc 9.281e-02, val/nll 2.315e+00
[2023-02-21 10:20:49] [Epoch    71/  200] trn/loss 2.324e+00, trn/lr 7.235e-02, val/acc 9.978e-02, val/nll 2.318e+00
[2023-02-21 10:20:56] [Epoch    72/  200] trn/loss 2.323e+00, trn/lr 7.165e-02, val/acc 1.320e-01, val/nll 2.307e+00
[2023-02-21 10:21:03] [Epoch    73/  200] trn/loss 2.320e+00, trn/lr 7.093e-02, val/acc 9.834e-02, val/nll 3.166e+00
[2023-02-21 10:21:10] [Epoch    74/  200] trn/loss 2.318e+00, trn/lr 7.022e-02, val/acc 1.112e-01, val/nll 2.573e+00
[2023-02-21 10:21:17] [Epoch    75/  200] trn/loss 2.325e+00, trn/lr 6.950e-02, val/acc 9.978e-02, val/nll 2.347e+00
[2023-02-21 10:21:25] [Epoch    76/  200] trn/loss 2.334e+00, trn/lr 6.877e-02, val/acc 9.878e-02, val/nll 2.336e+00
[2023-02-21 10:21:32] [Epoch    77/  200] trn/loss 2.334e+00, trn/lr 6.804e-02, val/acc 9.834e-02, val/nll 2.419e+00
[2023-02-21 10:21:39] [Epoch    78/  200] trn/loss 2.328e+00, trn/lr 6.731e-02, val/acc 9.591e-02, val/nll 2.346e+00
[2023-02-21 10:21:46] [Epoch    79/  200] trn/loss 2.326e+00, trn/lr 6.657e-02, val/acc 9.281e-02, val/nll 2.324e+00
[2023-02-21 10:21:54] [Epoch    80/  200] trn/loss 2.320e+00, trn/lr 6.583e-02, val/acc 9.281e-02, val/nll 4.078e+00
[2023-02-21 10:22:01] [Epoch    81/  200] trn/loss 2.282e+00, trn/lr 6.508e-02, val/acc 9.392e-02, val/nll 2.311e+00
[2023-02-21 10:22:08] [Epoch    82/  200] trn/loss 2.308e+00, trn/lr 6.433e-02, val/acc 9.945e-02, val/nll 2.344e+00
[2023-02-21 10:22:15] [Epoch    83/  200] trn/loss 2.347e+00, trn/lr 6.357e-02, val/acc 9.414e-02, val/nll 2.371e+00
[2023-02-21 10:22:23] [Epoch    84/  200] trn/loss 2.326e+00, trn/lr 6.282e-02, val/acc 9.945e-02, val/nll 2.316e+00
[2023-02-21 10:22:30] [Epoch    85/  200] trn/loss 2.320e+00, trn/lr 6.206e-02, val/acc 6.527e-02, val/nll 3.984e+00
[2023-02-21 10:22:37] [Epoch    86/  200] trn/loss 2.326e+00, trn/lr 6.129e-02, val/acc 1.081e-01, val/nll 2.333e+00
[2023-02-21 10:22:44] [Epoch    87/  200] trn/loss 2.343e+00, trn/lr 6.053e-02, val/acc 9.181e-02, val/nll 2.335e+00
[2023-02-21 10:22:52] [Epoch    88/  200] trn/loss 2.323e+00, trn/lr 5.976e-02, val/acc 9.978e-02, val/nll 2.311e+00
[2023-02-21 10:22:59] [Epoch    89/  200] trn/loss 2.317e+00, trn/lr 5.899e-02, val/acc 9.281e-02, val/nll 2.352e+00
[2023-02-21 10:23:06] [Epoch    90/  200] trn/loss 2.323e+00, trn/lr 5.821e-02, val/acc 9.978e-02, val/nll 2.317e+00
[2023-02-21 10:23:13] [Epoch    91/  200] trn/loss 2.328e+00, trn/lr 5.744e-02, val/acc 9.270e-02, val/nll 2.309e+00
[2023-02-21 10:23:21] [Epoch    92/  200] trn/loss 2.326e+00, trn/lr 5.666e-02, val/acc 1.715e-01, val/nll 2.366e+00 (best_acc: 1.455e-01 -> 1.715e-01, test_acc: 1.657e-01, test_nll: 2.376e+00)
[2023-02-21 10:23:28] [Epoch    93/  200] trn/loss 2.323e+00, trn/lr 5.588e-02, val/acc 1.044e-01, val/nll 2.324e+00
[2023-02-21 10:23:36] [Epoch    94/  200] trn/loss 2.321e+00, trn/lr 5.510e-02, val/acc 9.856e-02, val/nll 2.313e+00
[2023-02-21 10:23:43] [Epoch    95/  200] trn/loss 2.330e+00, trn/lr 5.432e-02, val/acc 9.978e-02, val/nll 2.332e+00
[2023-02-21 10:23:50] [Epoch    96/  200] trn/loss 2.332e+00, trn/lr 5.353e-02, val/acc 1.419e-01, val/nll 2.327e+00
[2023-02-21 10:23:57] [Epoch    97/  200] trn/loss 2.323e+00, trn/lr 5.275e-02, val/acc 1.044e-01, val/nll 2.319e+00
[2023-02-21 10:24:04] [Epoch    98/  200] trn/loss 2.316e+00, trn/lr 5.197e-02, val/acc 9.823e-02, val/nll 2.349e+00
[2023-02-21 10:24:12] [Epoch    99/  200] trn/loss 2.323e+00, trn/lr 5.118e-02, val/acc 9.823e-02, val/nll 2.327e+00
[2023-02-21 10:24:19] [Epoch   100/  200] trn/loss 2.328e+00, trn/lr 5.040e-02, val/acc 9.823e-02, val/nll 2.338e+00
[2023-02-21 10:24:26] [Epoch   101/  200] trn/loss 2.322e+00, trn/lr 4.961e-02, val/acc 9.856e-02, val/nll 2.318e+00
[2023-02-21 10:24:33] [Epoch   102/  200] trn/loss 2.318e+00, trn/lr 4.882e-02, val/acc 1.273e-01, val/nll 2.266e+00
[2023-02-21 10:24:41] [Epoch   103/  200] trn/loss 2.313e+00, trn/lr 4.804e-02, val/acc 9.945e-02, val/nll 2.326e+00
[2023-02-21 10:24:48] [Epoch   104/  200] trn/loss 2.318e+00, trn/lr 4.725e-02, val/acc 9.823e-02, val/nll 2.316e+00
[2023-02-21 10:24:55] [Epoch   105/  200] trn/loss 2.336e+00, trn/lr 4.647e-02, val/acc 1.007e-01, val/nll 2.339e+00
[2023-02-21 10:25:02] [Epoch   106/  200] trn/loss 2.331e+00, trn/lr 4.569e-02, val/acc 1.198e-01, val/nll 2.350e+00
[2023-02-21 10:25:09] [Epoch   107/  200] trn/loss 2.324e+00, trn/lr 4.491e-02, val/acc 9.978e-02, val/nll 2.331e+00
[2023-02-21 10:25:17] [Epoch   108/  200] trn/loss 2.323e+00, trn/lr 4.413e-02, val/acc 9.823e-02, val/nll 2.316e+00
[2023-02-21 10:25:24] [Epoch   109/  200] trn/loss 2.320e+00, trn/lr 4.335e-02, val/acc 9.303e-02, val/nll 2.330e+00
[2023-02-21 10:25:31] [Epoch   110/  200] trn/loss 2.323e+00, trn/lr 4.257e-02, val/acc 9.945e-02, val/nll 2.306e+00
[2023-02-21 10:25:38] [Epoch   111/  200] trn/loss 2.320e+00, trn/lr 4.179e-02, val/acc 1.007e-01, val/nll 2.328e+00
[2023-02-21 10:25:45] [Epoch   112/  200] trn/loss 2.325e+00, trn/lr 4.102e-02, val/acc 9.823e-02, val/nll 2.370e+00
[2023-02-21 10:25:53] [Epoch   113/  200] trn/loss 2.339e+00, trn/lr 4.025e-02, val/acc 9.945e-02, val/nll 2.320e+00
[2023-02-21 10:26:00] [Epoch   114/  200] trn/loss 2.323e+00, trn/lr 3.948e-02, val/acc 1.044e-01, val/nll 2.331e+00
[2023-02-21 10:26:07] [Epoch   115/  200] trn/loss 2.327e+00, trn/lr 3.871e-02, val/acc 9.978e-02, val/nll 2.337e+00
[2023-02-21 10:26:14] [Epoch   116/  200] trn/loss 2.325e+00, trn/lr 3.795e-02, val/acc 1.007e-01, val/nll 2.317e+00
[2023-02-21 10:26:22] [Epoch   117/  200] trn/loss 2.322e+00, trn/lr 3.719e-02, val/acc 9.856e-02, val/nll 2.318e+00
[2023-02-21 10:26:29] [Epoch   118/  200] trn/loss 2.314e+00, trn/lr 3.643e-02, val/acc 9.978e-02, val/nll 2.324e+00
[2023-02-21 10:26:36] [Epoch   119/  200] trn/loss 2.323e+00, trn/lr 3.568e-02, val/acc 9.978e-02, val/nll 2.326e+00
[2023-02-21 10:26:43] [Epoch   120/  200] trn/loss 2.319e+00, trn/lr 3.493e-02, val/acc 9.281e-02, val/nll 2.320e+00
[2023-02-21 10:26:50] [Epoch   121/  200] trn/loss 2.321e+00, trn/lr 3.418e-02, val/acc 9.823e-02, val/nll 2.324e+00
[2023-02-21 10:26:58] [Epoch   122/  200] trn/loss 2.322e+00, trn/lr 3.344e-02, val/acc 9.978e-02, val/nll 2.331e+00
[2023-02-21 10:27:05] [Epoch   123/  200] trn/loss 2.323e+00, trn/lr 3.270e-02, val/acc 1.007e-01, val/nll 2.327e+00
[2023-02-21 10:27:12] [Epoch   124/  200] trn/loss 2.319e+00, trn/lr 3.196e-02, val/acc 9.978e-02, val/nll 2.313e+00
[2023-02-21 10:27:19] [Epoch   125/  200] trn/loss 2.325e+00, trn/lr 3.123e-02, val/acc 9.823e-02, val/nll 2.316e+00
[2023-02-21 10:27:27] [Epoch   126/  200] trn/loss 2.322e+00, trn/lr 3.051e-02, val/acc 9.856e-02, val/nll 2.320e+00
[2023-02-21 10:27:34] [Epoch   127/  200] trn/loss 2.325e+00, trn/lr 2.979e-02, val/acc 9.945e-02, val/nll 2.320e+00
[2023-02-21 10:27:41] [Epoch   128/  200] trn/loss 2.316e+00, trn/lr 2.907e-02, val/acc 9.978e-02, val/nll 2.318e+00
[2023-02-21 10:27:48] [Epoch   129/  200] trn/loss 2.317e+00, trn/lr 2.836e-02, val/acc 9.823e-02, val/nll 2.320e+00
[2023-02-21 10:27:55] [Epoch   130/  200] trn/loss 2.317e+00, trn/lr 2.765e-02, val/acc 9.281e-02, val/nll 2.318e+00
[2023-02-21 10:28:03] [Epoch   131/  200] trn/loss 2.322e+00, trn/lr 2.695e-02, val/acc 9.823e-02, val/nll 2.321e+00
[2023-02-21 10:28:10] [Epoch   132/  200] trn/loss 2.328e+00, trn/lr 2.626e-02, val/acc 9.856e-02, val/nll 2.332e+00
[2023-02-21 10:28:17] [Epoch   133/  200] trn/loss 2.331e+00, trn/lr 2.557e-02, val/acc 9.978e-02, val/nll 2.352e+00
[2023-02-21 10:28:24] [Epoch   134/  200] trn/loss 2.321e+00, trn/lr 2.489e-02, val/acc 9.823e-02, val/nll 2.321e+00
[2023-02-21 10:28:31] [Epoch   135/  200] trn/loss 2.316e+00, trn/lr 2.421e-02, val/acc 9.856e-02, val/nll 2.312e+00
[2023-02-21 10:28:39] [Epoch   136/  200] trn/loss 2.315e+00, trn/lr 2.354e-02, val/acc 9.978e-02, val/nll 2.316e+00
[2023-02-21 10:28:46] [Epoch   137/  200] trn/loss 2.314e+00, trn/lr 2.288e-02, val/acc 9.856e-02, val/nll 2.317e+00
[2023-02-21 10:28:53] [Epoch   138/  200] trn/loss 2.315e+00, trn/lr 2.222e-02, val/acc 1.081e-01, val/nll 2.307e+00
[2023-02-21 10:29:00] [Epoch   139/  200] trn/loss 2.316e+00, trn/lr 2.157e-02, val/acc 9.856e-02, val/nll 2.320e+00
[2023-02-21 10:29:08] [Epoch   140/  200] trn/loss 2.317e+00, trn/lr 2.093e-02, val/acc 1.081e-01, val/nll 2.318e+00
[2023-02-21 10:29:15] [Epoch   141/  200] trn/loss 2.315e+00, trn/lr 2.030e-02, val/acc 9.823e-02, val/nll 2.320e+00
[2023-02-21 10:29:22] [Epoch   142/  200] trn/loss 2.313e+00, trn/lr 1.967e-02, val/acc 9.945e-02, val/nll 2.306e+00
[2023-02-21 10:29:29] [Epoch   143/  200] trn/loss 2.316e+00, trn/lr 1.905e-02, val/acc 9.856e-02, val/nll 2.325e+00
[2023-02-21 10:29:36] [Epoch   144/  200] trn/loss 2.323e+00, trn/lr 1.843e-02, val/acc 9.856e-02, val/nll 2.324e+00
[2023-02-21 10:29:44] [Epoch   145/  200] trn/loss 2.310e+00, trn/lr 1.783e-02, val/acc 1.007e-01, val/nll 2.307e+00
[2023-02-21 10:29:51] [Epoch   146/  200] trn/loss 2.311e+00, trn/lr 1.723e-02, val/acc 1.081e-01, val/nll 2.311e+00
[2023-02-21 10:29:58] [Epoch   147/  200] trn/loss 2.311e+00, trn/lr 1.664e-02, val/acc 1.044e-01, val/nll 2.312e+00
[2023-02-21 10:30:05] [Epoch   148/  200] trn/loss 2.314e+00, trn/lr 1.606e-02, val/acc 1.007e-01, val/nll 2.313e+00
[2023-02-21 10:30:12] [Epoch   149/  200] trn/loss 2.317e+00, trn/lr 1.549e-02, val/acc 1.044e-01, val/nll 2.317e+00
[2023-02-21 10:30:20] [Epoch   150/  200] trn/loss 2.317e+00, trn/lr 1.493e-02, val/acc 9.978e-02, val/nll 2.317e+00
[2023-02-21 10:30:27] [Epoch   151/  200] trn/loss 2.313e+00, trn/lr 1.437e-02, val/acc 9.978e-02, val/nll 2.304e+00
[2023-02-21 10:30:34] [Epoch   152/  200] trn/loss 2.309e+00, trn/lr 1.382e-02, val/acc 9.823e-02, val/nll 2.308e+00
[2023-02-21 10:30:41] [Epoch   153/  200] trn/loss 2.306e+00, trn/lr 1.329e-02, val/acc 1.044e-01, val/nll 2.304e+00
[2023-02-21 10:30:48] [Epoch   154/  200] trn/loss 2.308e+00, trn/lr 1.276e-02, val/acc 9.856e-02, val/nll 2.313e+00
[2023-02-21 10:30:56] [Epoch   155/  200] trn/loss 2.314e+00, trn/lr 1.224e-02, val/acc 9.945e-02, val/nll 2.304e+00
[2023-02-21 10:31:03] [Epoch   156/  200] trn/loss 2.310e+00, trn/lr 1.173e-02, val/acc 9.945e-02, val/nll 2.317e+00
[2023-02-21 10:31:10] [Epoch   157/  200] trn/loss 2.313e+00, trn/lr 1.123e-02, val/acc 9.281e-02, val/nll 2.322e+00
[2023-02-21 10:31:17] [Epoch   158/  200] trn/loss 2.311e+00, trn/lr 1.074e-02, val/acc 1.007e-01, val/nll 2.315e+00
[2023-02-21 10:31:25] [Epoch   159/  200] trn/loss 2.312e+00, trn/lr 1.025e-02, val/acc 9.945e-02, val/nll 2.310e+00
[2023-02-21 10:31:32] [Epoch   160/  200] trn/loss 2.307e+00, trn/lr 9.783e-03, val/acc 9.856e-02, val/nll 2.310e+00
[2023-02-21 10:31:39] [Epoch   161/  200] trn/loss 2.309e+00, trn/lr 9.321e-03, val/acc 9.281e-02, val/nll 2.307e+00
[2023-02-21 10:31:46] [Epoch   162/  200] trn/loss 2.306e+00, trn/lr 8.870e-03, val/acc 9.978e-02, val/nll 2.306e+00
[2023-02-21 10:31:53] [Epoch   163/  200] trn/loss 2.306e+00, trn/lr 8.428e-03, val/acc 9.281e-02, val/nll 2.304e+00
[2023-02-21 10:32:01] [Epoch   164/  200] trn/loss 2.308e+00, trn/lr 7.997e-03, val/acc 9.823e-02, val/nll 2.313e+00
[2023-02-21 10:32:08] [Epoch   165/  200] trn/loss 2.307e+00, trn/lr 7.576e-03, val/acc 9.945e-02, val/nll 2.307e+00
[2023-02-21 10:32:15] [Epoch   166/  200] trn/loss 2.308e+00, trn/lr 7.166e-03, val/acc 9.978e-02, val/nll 2.309e+00
[2023-02-21 10:32:22] [Epoch   167/  200] trn/loss 2.307e+00, trn/lr 6.766e-03, val/acc 9.823e-02, val/nll 2.306e+00
[2023-02-21 10:32:29] [Epoch   168/  200] trn/loss 2.304e+00, trn/lr 6.377e-03, val/acc 9.281e-02, val/nll 2.304e+00
[2023-02-21 10:32:37] [Epoch   169/  200] trn/loss 2.305e+00, trn/lr 5.998e-03, val/acc 1.044e-01, val/nll 2.304e+00
[2023-02-21 10:32:44] [Epoch   170/  200] trn/loss 2.307e+00, trn/lr 5.631e-03, val/acc 9.856e-02, val/nll 2.311e+00
[2023-02-21 10:32:51] [Epoch   171/  200] trn/loss 2.306e+00, trn/lr 5.274e-03, val/acc 9.978e-02, val/nll 2.304e+00
[2023-02-21 10:32:58] [Epoch   172/  200] trn/loss 2.304e+00, trn/lr 4.929e-03, val/acc 9.978e-02, val/nll 2.304e+00
[2023-02-21 10:33:05] [Epoch   173/  200] trn/loss 2.305e+00, trn/lr 4.594e-03, val/acc 9.281e-02, val/nll 2.306e+00
[2023-02-21 10:33:13] [Epoch   174/  200] trn/loss 2.306e+00, trn/lr 4.271e-03, val/acc 1.044e-01, val/nll 2.303e+00
[2023-02-21 10:33:20] [Epoch   175/  200] trn/loss 2.305e+00, trn/lr 3.959e-03, val/acc 1.044e-01, val/nll 2.306e+00
[2023-02-21 10:33:27] [Epoch   176/  200] trn/loss 2.306e+00, trn/lr 3.659e-03, val/acc 1.044e-01, val/nll 2.304e+00
[2023-02-21 10:33:34] [Epoch   177/  200] trn/loss 2.305e+00, trn/lr 3.369e-03, val/acc 9.281e-02, val/nll 2.306e+00
[2023-02-21 10:33:41] [Epoch   178/  200] trn/loss 2.305e+00, trn/lr 3.092e-03, val/acc 1.044e-01, val/nll 2.304e+00
[2023-02-21 10:33:49] [Epoch   179/  200] trn/loss 2.305e+00, trn/lr 2.826e-03, val/acc 9.823e-02, val/nll 2.305e+00
[2023-02-21 10:33:56] [Epoch   180/  200] trn/loss 2.304e+00, trn/lr 2.571e-03, val/acc 9.945e-02, val/nll 2.305e+00
[2023-02-21 10:34:03] [Epoch   181/  200] trn/loss 2.304e+00, trn/lr 2.329e-03, val/acc 1.007e-01, val/nll 2.304e+00
[2023-02-21 10:34:10] [Epoch   182/  200] trn/loss 2.304e+00, trn/lr 2.098e-03, val/acc 9.823e-02, val/nll 2.303e+00
[2023-02-21 10:34:18] [Epoch   183/  200] trn/loss 2.303e+00, trn/lr 1.878e-03, val/acc 9.281e-02, val/nll 2.304e+00
[2023-02-21 10:34:25] [Epoch   184/  200] trn/loss 2.304e+00, trn/lr 1.671e-03, val/acc 9.945e-02, val/nll 2.304e+00
[2023-02-21 10:34:32] [Epoch   185/  200] trn/loss 2.303e+00, trn/lr 1.476e-03, val/acc 1.007e-01, val/nll 2.303e+00
[2023-02-21 10:34:39] [Epoch   186/  200] trn/loss 2.303e+00, trn/lr 1.292e-03, val/acc 9.281e-02, val/nll 2.304e+00
[2023-02-21 10:34:46] [Epoch   187/  200] trn/loss 2.303e+00, trn/lr 1.121e-03, val/acc 9.823e-02, val/nll 2.303e+00
[2023-02-21 10:34:54] [Epoch   188/  200] trn/loss 2.303e+00, trn/lr 9.617e-04, val/acc 9.856e-02, val/nll 2.303e+00
[2023-02-21 10:35:01] [Epoch   189/  200] trn/loss 2.303e+00, trn/lr 8.145e-04, val/acc 9.281e-02, val/nll 2.304e+00
[2023-02-21 10:35:08] [Epoch   190/  200] trn/loss 2.303e+00, trn/lr 6.794e-04, val/acc 9.978e-02, val/nll 2.303e+00
[2023-02-21 10:35:15] [Epoch   191/  200] trn/loss 2.303e+00, trn/lr 5.565e-04, val/acc 9.281e-02, val/nll 2.303e+00
[2023-02-21 10:35:23] [Epoch   192/  200] trn/loss 2.303e+00, trn/lr 4.458e-04, val/acc 9.281e-02, val/nll 2.303e+00
[2023-02-21 10:35:30] [Epoch   193/  200] trn/loss 2.303e+00, trn/lr 3.474e-04, val/acc 9.823e-02, val/nll 2.303e+00
[2023-02-21 10:35:37] [Epoch   194/  200] trn/loss 2.303e+00, trn/lr 2.612e-04, val/acc 9.945e-02, val/nll 2.303e+00
[2023-02-21 10:35:44] [Epoch   195/  200] trn/loss 2.303e+00, trn/lr 1.872e-04, val/acc 9.281e-02, val/nll 2.303e+00
[2023-02-21 10:35:51] [Epoch   196/  200] trn/loss 2.303e+00, trn/lr 1.255e-04, val/acc 9.281e-02, val/nll 2.303e+00
[2023-02-21 10:35:59] [Epoch   197/  200] trn/loss 2.303e+00, trn/lr 7.619e-05, val/acc 9.281e-02, val/nll 2.303e+00
[2023-02-21 10:36:06] [Epoch   198/  200] trn/loss 2.303e+00, trn/lr 3.916e-05, val/acc 9.281e-02, val/nll 2.303e+00
[2023-02-21 10:36:13] [Epoch   199/  200] trn/loss 2.303e+00, trn/lr 1.445e-05, val/acc 9.281e-02, val/nll 2.303e+00
[2023-02-21 10:36:20] [Epoch   200/  200] trn/loss 2.303e+00, trn/lr 2.075e-06, val/acc 9.281e-02, val/nll 2.303e+00
