[2023-02-11 12:53:09] Environments:
------------  ------------------------------------------------------------
sys.platform  linux
Python        3.8.10 (default, Nov 14 2022, 12:59:47) [GCC 9.4.0]
JAX           0.4.2 @/home/giung/.local/lib/python3.8/site-packages/jax
jaxlib        0.4.2 @/home/giung/.local/lib/python3.8/site-packages/jaxlib
Flax          0.6.4 @/home/giung/.local/lib/python3.8/site-packages/flax
Optax         0.1.4 @/home/giung/.local/lib/python3.8/site-packages/optax
------------  ------------------------------------------------------------

[2023-02-11 12:53:09] Command line arguments:
- args.data_root          : ./data/
- args.data_name          : CIFAR10_x32
- args.data_augmentation  : standard
- args.data_proportional  : 1.0
- args.model_depth        : 20
- args.model_width        : 4
- args.model_style        : BN-ReLU
- args.optim_bs           : 256
- args.optim_ne           : 200
- args.optim_lr           : 1.0
- args.optim_b1           : 0.99
- args.optim_b2           : 0.999
- args.optim_eps          : 0.1
- args.optim_weight_decay : 0.001
- args.rho                : 0.01
- args.num_data_factor    : 1.0
- args.save               : /home/giung/giung2-dev/projects/sam/save/CIFAR10_x32/R20x4-BN-ReLU/BayesSAM/bs-0256_ne-0200_lr-1.00_b1-0.990_b2-0.999_wd-0.0010_eps-1e-1_rho-0.0100_factor-1.0_fp32/42
- args.seed               : 42
- args.precision          : fp32

[2023-02-11 12:53:15] Multiple local devices are detected:
[TpuDevice(id=0, process_index=0, coords=(0,0,0), core_on_chip=0), TpuDevice(id=1, process_index=0, coords=(0,0,0), core_on_chip=1), TpuDevice(id=2, process_index=0, coords=(1,0,0), core_on_chip=0), TpuDevice(id=3, process_index=0, coords=(1,0,0), core_on_chip=1), TpuDevice(id=4, process_index=0, coords=(0,1,0), core_on_chip=0), TpuDevice(id=5, process_index=0, coords=(0,1,0), core_on_chip=1), TpuDevice(id=6, process_index=0, coords=(1,1,0), core_on_chip=0), TpuDevice(id=7, process_index=0, coords=(1,1,0), core_on_chip=1)]

[2023-02-11 12:54:26] [Epoch     1/  200] trn/loss 1.996e+00, trn/lr 1.000e+00, trn/scale 9.322e-01, val/acc 3.989e-01, val/nll 1.635e+00 (best_acc: 0.000e+00 -> 3.989e-01, test_acc: 3.949e-01, test_nll: 1.649e+00)
[2023-02-11 12:54:35] [Epoch     2/  200] trn/loss 1.474e+00, trn/lr 9.999e-01, trn/scale 8.094e-01, val/acc 5.046e-01, val/nll 1.382e+00 (best_acc: 3.989e-01 -> 5.046e-01, test_acc: 5.115e-01, test_nll: 1.372e+00)
[2023-02-11 12:54:45] [Epoch     3/  200] trn/loss 1.242e+00, trn/lr 9.996e-01, trn/scale 7.047e-01, val/acc 6.066e-01, val/nll 1.098e+00 (best_acc: 5.046e-01 -> 6.066e-01, test_acc: 6.026e-01, test_nll: 1.115e+00)
[2023-02-11 12:54:54] [Epoch     4/  200] trn/loss 1.016e+00, trn/lr 9.992e-01, trn/scale 6.155e-01, val/acc 6.465e-01, val/nll 9.932e-01 (best_acc: 6.066e-01 -> 6.465e-01, test_acc: 6.498e-01, test_nll: 1.007e+00)
[2023-02-11 12:55:02] [Epoch     5/  200] trn/loss 9.067e-01, trn/lr 9.987e-01, trn/scale 5.394e-01, val/acc 6.342e-01, val/nll 1.079e+00
[2023-02-11 12:55:11] [Epoch     6/  200] trn/loss 7.919e-01, trn/lr 9.981e-01, trn/scale 4.747e-01, val/acc 6.595e-01, val/nll 9.953e-01 (best_acc: 6.465e-01 -> 6.595e-01, test_acc: 6.525e-01, test_nll: 1.024e+00)
[2023-02-11 12:55:20] [Epoch     7/  200] trn/loss 7.211e-01, trn/lr 9.974e-01, trn/scale 4.195e-01, val/acc 7.317e-01, val/nll 7.804e-01 (best_acc: 6.595e-01 -> 7.317e-01, test_acc: 7.292e-01, test_nll: 7.776e-01)
[2023-02-11 12:55:28] [Epoch     8/  200] trn/loss 6.776e-01, trn/lr 9.965e-01, trn/scale 3.724e-01, val/acc 6.811e-01, val/nll 9.005e-01
[2023-02-11 12:55:38] [Epoch     9/  200] trn/loss 6.659e-01, trn/lr 9.955e-01, trn/scale 3.323e-01, val/acc 7.615e-01, val/nll 6.876e-01 (best_acc: 7.317e-01 -> 7.615e-01, test_acc: 7.579e-01, test_nll: 7.094e-01)
[2023-02-11 12:55:46] [Epoch    10/  200] trn/loss 6.877e-01, trn/lr 9.944e-01, trn/scale 2.982e-01, val/acc 6.751e-01, val/nll 1.007e+00
[2023-02-11 12:55:54] [Epoch    11/  200] trn/loss 6.803e-01, trn/lr 9.932e-01, trn/scale 2.691e-01, val/acc 7.299e-01, val/nll 7.658e-01
[2023-02-11 12:56:02] [Epoch    12/  200] trn/loss 6.845e-01, trn/lr 9.919e-01, trn/scale 2.443e-01, val/acc 7.013e-01, val/nll 8.426e-01
[2023-02-11 12:56:10] [Epoch    13/  200] trn/loss 6.813e-01, trn/lr 9.904e-01, trn/scale 2.232e-01, val/acc 7.196e-01, val/nll 8.311e-01
[2023-02-11 12:56:19] [Epoch    14/  200] trn/loss 7.018e-01, trn/lr 9.888e-01, trn/scale 2.052e-01, val/acc 6.180e-01, val/nll 1.289e+00
[2023-02-11 12:56:27] [Epoch    15/  200] trn/loss 7.509e-01, trn/lr 9.871e-01, trn/scale 1.898e-01, val/acc 6.520e-01, val/nll 1.030e+00
[2023-02-11 12:56:35] [Epoch    16/  200] trn/loss 7.368e-01, trn/lr 9.853e-01, trn/scale 1.768e-01, val/acc 7.421e-01, val/nll 7.521e-01
[2023-02-11 12:56:43] [Epoch    17/  200] trn/loss 7.411e-01, trn/lr 9.833e-01, trn/scale 1.656e-01, val/acc 6.027e-01, val/nll 1.313e+00
[2023-02-11 12:56:51] [Epoch    18/  200] trn/loss 7.523e-01, trn/lr 9.812e-01, trn/scale 1.561e-01, val/acc 6.024e-01, val/nll 1.397e+00
[2023-02-11 12:57:00] [Epoch    19/  200] trn/loss 7.634e-01, trn/lr 9.790e-01, trn/scale 1.480e-01, val/acc 6.858e-01, val/nll 9.184e-01
[2023-02-11 12:57:08] [Epoch    20/  200] trn/loss 7.893e-01, trn/lr 9.767e-01, trn/scale 1.411e-01, val/acc 6.653e-01, val/nll 9.766e-01
[2023-02-11 12:57:16] [Epoch    21/  200] trn/loss 8.018e-01, trn/lr 9.743e-01, trn/scale 1.352e-01, val/acc 7.050e-01, val/nll 8.697e-01
[2023-02-11 12:57:24] [Epoch    22/  200] trn/loss 7.947e-01, trn/lr 9.718e-01, trn/scale 1.302e-01, val/acc 6.597e-01, val/nll 9.697e-01
[2023-02-11 12:57:32] [Epoch    23/  200] trn/loss 8.355e-01, trn/lr 9.691e-01, trn/scale 1.260e-01, val/acc 5.763e-01, val/nll 1.357e+00
[2023-02-11 12:57:40] [Epoch    24/  200] trn/loss 8.428e-01, trn/lr 9.663e-01, trn/scale 1.223e-01, val/acc 6.431e-01, val/nll 1.023e+00
[2023-02-11 12:57:49] [Epoch    25/  200] trn/loss 8.385e-01, trn/lr 9.634e-01, trn/scale 1.192e-01, val/acc 6.552e-01, val/nll 1.110e+00
[2023-02-11 12:57:57] [Epoch    26/  200] trn/loss 8.662e-01, trn/lr 9.604e-01, trn/scale 1.165e-01, val/acc 5.395e-01, val/nll 1.342e+00
[2023-02-11 12:58:05] [Epoch    27/  200] trn/loss 8.813e-01, trn/lr 9.573e-01, trn/scale 1.143e-01, val/acc 5.071e-01, val/nll 1.649e+00
[2023-02-11 12:58:13] [Epoch    28/  200] trn/loss 8.716e-01, trn/lr 9.541e-01, trn/scale 1.124e-01, val/acc 5.570e-01, val/nll 1.331e+00
[2023-02-11 12:58:21] [Epoch    29/  200] trn/loss 8.979e-01, trn/lr 9.507e-01, trn/scale 1.107e-01, val/acc 5.971e-01, val/nll 1.213e+00
[2023-02-11 12:58:30] [Epoch    30/  200] trn/loss 8.956e-01, trn/lr 9.473e-01, trn/scale 1.093e-01, val/acc 5.968e-01, val/nll 1.180e+00
[2023-02-11 12:58:38] [Epoch    31/  200] trn/loss 8.979e-01, trn/lr 9.437e-01, trn/scale 1.081e-01, val/acc 4.907e-01, val/nll 1.808e+00
[2023-02-11 12:58:46] [Epoch    32/  200] trn/loss 8.971e-01, trn/lr 9.400e-01, trn/scale 1.071e-01, val/acc 5.957e-01, val/nll 1.259e+00
[2023-02-11 12:58:54] [Epoch    33/  200] trn/loss 9.164e-01, trn/lr 9.363e-01, trn/scale 1.062e-01, val/acc 6.670e-01, val/nll 9.818e-01
[2023-02-11 12:59:02] [Epoch    34/  200] trn/loss 9.368e-01, trn/lr 9.324e-01, trn/scale 1.055e-01, val/acc 4.195e-01, val/nll 2.572e+00
[2023-02-11 12:59:11] [Epoch    35/  200] trn/loss 9.500e-01, trn/lr 9.284e-01, trn/scale 1.048e-01, val/acc 4.442e-01, val/nll 1.845e+00
[2023-02-11 12:59:19] [Epoch    36/  200] trn/loss 9.480e-01, trn/lr 9.243e-01, trn/scale 1.043e-01, val/acc 5.629e-01, val/nll 1.314e+00
[2023-02-11 12:59:27] [Epoch    37/  200] trn/loss 9.364e-01, trn/lr 9.201e-01, trn/scale 1.038e-01, val/acc 5.860e-01, val/nll 1.314e+00
[2023-02-11 12:59:35] [Epoch    38/  200] trn/loss 9.432e-01, trn/lr 9.157e-01, trn/scale 1.034e-01, val/acc 5.415e-01, val/nll 1.464e+00
[2023-02-11 12:59:43] [Epoch    39/  200] trn/loss 9.310e-01, trn/lr 9.113e-01, trn/scale 1.031e-01, val/acc 5.010e-01, val/nll 1.515e+00
[2023-02-11 12:59:51] [Epoch    40/  200] trn/loss 9.482e-01, trn/lr 9.068e-01, trn/scale 1.028e-01, val/acc 4.652e-01, val/nll 2.255e+00
[2023-02-11 13:00:00] [Epoch    41/  200] trn/loss 9.462e-01, trn/lr 9.022e-01, trn/scale 1.026e-01, val/acc 5.058e-01, val/nll 1.775e+00
[2023-02-11 13:00:08] [Epoch    42/  200] trn/loss 9.584e-01, trn/lr 8.975e-01, trn/scale 1.024e-01, val/acc 3.931e-01, val/nll 2.770e+00
[2023-02-11 13:00:16] [Epoch    43/  200] trn/loss 9.515e-01, trn/lr 8.927e-01, trn/scale 1.022e-01, val/acc 4.884e-01, val/nll 1.663e+00
[2023-02-11 13:00:24] [Epoch    44/  200] trn/loss 9.643e-01, trn/lr 8.878e-01, trn/scale 1.020e-01, val/acc 5.500e-01, val/nll 1.388e+00
[2023-02-11 13:00:32] [Epoch    45/  200] trn/loss 9.785e-01, trn/lr 8.828e-01, trn/scale 1.019e-01, val/acc 6.319e-01, val/nll 1.036e+00
[2023-02-11 13:00:40] [Epoch    46/  200] trn/loss 9.504e-01, trn/lr 8.777e-01, trn/scale 1.018e-01, val/acc 6.244e-01, val/nll 1.104e+00
[2023-02-11 13:00:49] [Epoch    47/  200] trn/loss 9.611e-01, trn/lr 8.725e-01, trn/scale 1.017e-01, val/acc 4.918e-01, val/nll 1.911e+00
[2023-02-11 13:00:57] [Epoch    48/  200] trn/loss 9.624e-01, trn/lr 8.672e-01, trn/scale 1.016e-01, val/acc 5.785e-01, val/nll 1.230e+00
[2023-02-11 13:01:05] [Epoch    49/  200] trn/loss 9.664e-01, trn/lr 8.618e-01, trn/scale 1.015e-01, val/acc 5.773e-01, val/nll 1.267e+00
[2023-02-11 13:01:13] [Epoch    50/  200] trn/loss 9.658e-01, trn/lr 8.563e-01, trn/scale 1.015e-01, val/acc 6.720e-01, val/nll 9.712e-01
[2023-02-11 13:01:21] [Epoch    51/  200] trn/loss 9.633e-01, trn/lr 8.508e-01, trn/scale 1.014e-01, val/acc 5.436e-01, val/nll 1.464e+00
[2023-02-11 13:01:29] [Epoch    52/  200] trn/loss 9.933e-01, trn/lr 8.451e-01, trn/scale 1.014e-01, val/acc 5.343e-01, val/nll 1.469e+00
[2023-02-11 13:01:38] [Epoch    53/  200] trn/loss 9.597e-01, trn/lr 8.394e-01, trn/scale 1.013e-01, val/acc 5.496e-01, val/nll 1.339e+00
[2023-02-11 13:01:46] [Epoch    54/  200] trn/loss 9.727e-01, trn/lr 8.336e-01, trn/scale 1.013e-01, val/acc 4.802e-01, val/nll 1.616e+00
[2023-02-11 13:01:54] [Epoch    55/  200] trn/loss 9.532e-01, trn/lr 8.277e-01, trn/scale 1.013e-01, val/acc 5.735e-01, val/nll 1.464e+00
[2023-02-11 13:02:02] [Epoch    56/  200] trn/loss 9.699e-01, trn/lr 8.217e-01, trn/scale 1.013e-01, val/acc 5.572e-01, val/nll 1.315e+00
[2023-02-11 13:02:10] [Epoch    57/  200] trn/loss 9.625e-01, trn/lr 8.157e-01, trn/scale 1.012e-01, val/acc 4.021e-01, val/nll 2.036e+00
[2023-02-11 13:02:18] [Epoch    58/  200] trn/loss 9.770e-01, trn/lr 8.096e-01, trn/scale 1.012e-01, val/acc 5.515e-01, val/nll 1.265e+00
[2023-02-11 13:02:27] [Epoch    59/  200] trn/loss 9.788e-01, trn/lr 8.034e-01, trn/scale 1.012e-01, val/acc 6.060e-01, val/nll 1.122e+00
[2023-02-11 13:02:35] [Epoch    60/  200] trn/loss 9.832e-01, trn/lr 7.971e-01, trn/scale 1.012e-01, val/acc 5.055e-01, val/nll 1.456e+00
[2023-02-11 13:02:43] [Epoch    61/  200] trn/loss 9.551e-01, trn/lr 7.907e-01, trn/scale 1.012e-01, val/acc 6.279e-01, val/nll 1.102e+00
[2023-02-11 13:02:51] [Epoch    62/  200] trn/loss 9.458e-01, trn/lr 7.843e-01, trn/scale 1.012e-01, val/acc 5.811e-01, val/nll 1.242e+00
[2023-02-11 13:02:59] [Epoch    63/  200] trn/loss 9.441e-01, trn/lr 7.778e-01, trn/scale 1.012e-01, val/acc 5.741e-01, val/nll 1.282e+00
[2023-02-11 13:03:07] [Epoch    64/  200] trn/loss 9.623e-01, trn/lr 7.712e-01, trn/scale 1.012e-01, val/acc 5.695e-01, val/nll 1.481e+00
[2023-02-11 13:03:16] [Epoch    65/  200] trn/loss 9.525e-01, trn/lr 7.646e-01, trn/scale 1.011e-01, val/acc 6.518e-01, val/nll 1.058e+00
[2023-02-11 13:03:24] [Epoch    66/  200] trn/loss 9.405e-01, trn/lr 7.579e-01, trn/scale 1.011e-01, val/acc 6.094e-01, val/nll 1.220e+00
[2023-02-11 13:03:32] [Epoch    67/  200] trn/loss 9.642e-01, trn/lr 7.512e-01, trn/scale 1.011e-01, val/acc 5.728e-01, val/nll 1.335e+00
[2023-02-11 13:03:40] [Epoch    68/  200] trn/loss 9.331e-01, trn/lr 7.443e-01, trn/scale 1.011e-01, val/acc 5.827e-01, val/nll 1.284e+00
[2023-02-11 13:03:48] [Epoch    69/  200] trn/loss 9.368e-01, trn/lr 7.374e-01, trn/scale 1.011e-01, val/acc 5.504e-01, val/nll 1.361e+00
[2023-02-11 13:03:56] [Epoch    70/  200] trn/loss 9.301e-01, trn/lr 7.305e-01, trn/scale 1.011e-01, val/acc 5.878e-01, val/nll 1.255e+00
[2023-02-11 13:04:05] [Epoch    71/  200] trn/loss 9.259e-01, trn/lr 7.235e-01, trn/scale 1.011e-01, val/acc 6.170e-01, val/nll 1.102e+00
[2023-02-11 13:04:13] [Epoch    72/  200] trn/loss 9.364e-01, trn/lr 7.165e-01, trn/scale 1.011e-01, val/acc 5.074e-01, val/nll 1.696e+00
[2023-02-11 13:04:21] [Epoch    73/  200] trn/loss 9.608e-01, trn/lr 7.093e-01, trn/scale 1.011e-01, val/acc 5.400e-01, val/nll 1.395e+00
[2023-02-11 13:04:29] [Epoch    74/  200] trn/loss 9.308e-01, trn/lr 7.022e-01, trn/scale 1.011e-01, val/acc 6.455e-01, val/nll 1.003e+00
[2023-02-11 13:04:37] [Epoch    75/  200] trn/loss 9.396e-01, trn/lr 6.950e-01, trn/scale 1.011e-01, val/acc 6.319e-01, val/nll 1.076e+00
[2023-02-11 13:04:45] [Epoch    76/  200] trn/loss 9.436e-01, trn/lr 6.877e-01, trn/scale 1.011e-01, val/acc 5.793e-01, val/nll 1.293e+00
[2023-02-11 13:04:54] [Epoch    77/  200] trn/loss 9.341e-01, trn/lr 6.804e-01, trn/scale 1.011e-01, val/acc 5.263e-01, val/nll 1.405e+00
[2023-02-11 13:05:02] [Epoch    78/  200] trn/loss 9.413e-01, trn/lr 6.731e-01, trn/scale 1.011e-01, val/acc 6.575e-01, val/nll 1.011e+00
[2023-02-11 13:05:10] [Epoch    79/  200] trn/loss 9.365e-01, trn/lr 6.657e-01, trn/scale 1.011e-01, val/acc 6.543e-01, val/nll 9.845e-01
[2023-02-11 13:05:18] [Epoch    80/  200] trn/loss 9.298e-01, trn/lr 6.583e-01, trn/scale 1.011e-01, val/acc 5.737e-01, val/nll 1.251e+00
[2023-02-11 13:05:26] [Epoch    81/  200] trn/loss 9.485e-01, trn/lr 6.508e-01, trn/scale 1.011e-01, val/acc 6.103e-01, val/nll 1.194e+00
[2023-02-11 13:05:35] [Epoch    82/  200] trn/loss 9.461e-01, trn/lr 6.433e-01, trn/scale 1.011e-01, val/acc 5.938e-01, val/nll 1.170e+00
[2023-02-11 13:05:43] [Epoch    83/  200] trn/loss 9.253e-01, trn/lr 6.357e-01, trn/scale 1.011e-01, val/acc 5.878e-01, val/nll 1.275e+00
[2023-02-11 13:05:51] [Epoch    84/  200] trn/loss 9.333e-01, trn/lr 6.282e-01, trn/scale 1.011e-01, val/acc 6.398e-01, val/nll 1.084e+00
[2023-02-11 13:05:59] [Epoch    85/  200] trn/loss 9.243e-01, trn/lr 6.206e-01, trn/scale 1.011e-01, val/acc 6.058e-01, val/nll 1.148e+00
[2023-02-11 13:06:07] [Epoch    86/  200] trn/loss 9.118e-01, trn/lr 6.129e-01, trn/scale 1.011e-01, val/acc 5.601e-01, val/nll 1.197e+00
[2023-02-11 13:06:16] [Epoch    87/  200] trn/loss 9.331e-01, trn/lr 6.053e-01, trn/scale 1.011e-01, val/acc 5.156e-01, val/nll 1.628e+00
[2023-02-11 13:06:24] [Epoch    88/  200] trn/loss 9.114e-01, trn/lr 5.976e-01, trn/scale 1.011e-01, val/acc 5.524e-01, val/nll 1.261e+00
[2023-02-11 13:06:32] [Epoch    89/  200] trn/loss 8.845e-01, trn/lr 5.899e-01, trn/scale 1.011e-01, val/acc 6.562e-01, val/nll 9.953e-01
[2023-02-11 13:06:40] [Epoch    90/  200] trn/loss 9.242e-01, trn/lr 5.821e-01, trn/scale 1.011e-01, val/acc 5.340e-01, val/nll 1.471e+00
[2023-02-11 13:06:48] [Epoch    91/  200] trn/loss 9.018e-01, trn/lr 5.744e-01, trn/scale 1.011e-01, val/acc 5.804e-01, val/nll 1.326e+00
[2023-02-11 13:06:56] [Epoch    92/  200] trn/loss 8.811e-01, trn/lr 5.666e-01, trn/scale 1.011e-01, val/acc 5.419e-01, val/nll 1.518e+00
[2023-02-11 13:07:05] [Epoch    93/  200] trn/loss 9.105e-01, trn/lr 5.588e-01, trn/scale 1.011e-01, val/acc 6.378e-01, val/nll 1.066e+00
[2023-02-11 13:07:13] [Epoch    94/  200] trn/loss 8.915e-01, trn/lr 5.510e-01, trn/scale 1.011e-01, val/acc 5.608e-01, val/nll 1.448e+00
[2023-02-11 13:07:21] [Epoch    95/  200] trn/loss 8.903e-01, trn/lr 5.432e-01, trn/scale 1.011e-01, val/acc 6.209e-01, val/nll 1.094e+00
[2023-02-11 13:07:29] [Epoch    96/  200] trn/loss 8.842e-01, trn/lr 5.353e-01, trn/scale 1.011e-01, val/acc 6.809e-01, val/nll 9.410e-01
[2023-02-11 13:07:37] [Epoch    97/  200] trn/loss 8.637e-01, trn/lr 5.275e-01, trn/scale 1.011e-01, val/acc 6.517e-01, val/nll 1.039e+00
[2023-02-11 13:07:45] [Epoch    98/  200] trn/loss 8.800e-01, trn/lr 5.197e-01, trn/scale 1.011e-01, val/acc 5.941e-01, val/nll 1.122e+00
[2023-02-11 13:07:54] [Epoch    99/  200] trn/loss 8.830e-01, trn/lr 5.118e-01, trn/scale 1.011e-01, val/acc 6.581e-01, val/nll 1.017e+00
[2023-02-11 13:08:02] [Epoch   100/  200] trn/loss 8.744e-01, trn/lr 5.040e-01, trn/scale 1.011e-01, val/acc 6.729e-01, val/nll 9.541e-01
[2023-02-11 13:08:10] [Epoch   101/  200] trn/loss 8.342e-01, trn/lr 4.961e-01, trn/scale 1.011e-01, val/acc 6.832e-01, val/nll 9.315e-01
[2023-02-11 13:08:18] [Epoch   102/  200] trn/loss 8.518e-01, trn/lr 4.882e-01, trn/scale 1.011e-01, val/acc 5.897e-01, val/nll 1.251e+00
[2023-02-11 13:08:26] [Epoch   103/  200] trn/loss 8.593e-01, trn/lr 4.804e-01, trn/scale 1.011e-01, val/acc 6.510e-01, val/nll 1.007e+00
[2023-02-11 13:08:34] [Epoch   104/  200] trn/loss 8.657e-01, trn/lr 4.725e-01, trn/scale 1.011e-01, val/acc 5.479e-01, val/nll 1.403e+00
[2023-02-11 13:08:43] [Epoch   105/  200] trn/loss 8.501e-01, trn/lr 4.647e-01, trn/scale 1.011e-01, val/acc 6.459e-01, val/nll 1.016e+00
[2023-02-11 13:08:51] [Epoch   106/  200] trn/loss 8.231e-01, trn/lr 4.569e-01, trn/scale 1.011e-01, val/acc 6.910e-01, val/nll 8.801e-01
[2023-02-11 13:08:59] [Epoch   107/  200] trn/loss 8.543e-01, trn/lr 4.491e-01, trn/scale 1.011e-01, val/acc 6.759e-01, val/nll 9.619e-01
[2023-02-11 13:09:07] [Epoch   108/  200] trn/loss 8.448e-01, trn/lr 4.413e-01, trn/scale 1.011e-01, val/acc 6.606e-01, val/nll 9.940e-01
[2023-02-11 13:09:15] [Epoch   109/  200] trn/loss 8.449e-01, trn/lr 4.335e-01, trn/scale 1.011e-01, val/acc 6.649e-01, val/nll 9.912e-01
[2023-02-11 13:09:24] [Epoch   110/  200] trn/loss 8.313e-01, trn/lr 4.257e-01, trn/scale 1.011e-01, val/acc 6.238e-01, val/nll 1.112e+00
[2023-02-11 13:09:32] [Epoch   111/  200] trn/loss 8.313e-01, trn/lr 4.179e-01, trn/scale 1.011e-01, val/acc 5.792e-01, val/nll 1.489e+00
[2023-02-11 13:09:40] [Epoch   112/  200] trn/loss 8.051e-01, trn/lr 4.102e-01, trn/scale 1.011e-01, val/acc 6.615e-01, val/nll 9.736e-01
[2023-02-11 13:09:48] [Epoch   113/  200] trn/loss 8.194e-01, trn/lr 4.025e-01, trn/scale 1.011e-01, val/acc 6.598e-01, val/nll 1.007e+00
[2023-02-11 13:09:56] [Epoch   114/  200] trn/loss 8.024e-01, trn/lr 3.948e-01, trn/scale 1.011e-01, val/acc 6.619e-01, val/nll 9.850e-01
[2023-02-11 13:10:04] [Epoch   115/  200] trn/loss 8.079e-01, trn/lr 3.871e-01, trn/scale 1.011e-01, val/acc 6.438e-01, val/nll 1.106e+00
[2023-02-11 13:10:13] [Epoch   116/  200] trn/loss 7.966e-01, trn/lr 3.795e-01, trn/scale 1.011e-01, val/acc 6.768e-01, val/nll 9.798e-01
[2023-02-11 13:10:21] [Epoch   117/  200] trn/loss 8.029e-01, trn/lr 3.719e-01, trn/scale 1.011e-01, val/acc 6.637e-01, val/nll 1.051e+00
[2023-02-11 13:10:29] [Epoch   118/  200] trn/loss 7.956e-01, trn/lr 3.643e-01, trn/scale 1.011e-01, val/acc 7.008e-01, val/nll 8.894e-01
[2023-02-11 13:10:37] [Epoch   119/  200] trn/loss 7.909e-01, trn/lr 3.568e-01, trn/scale 1.011e-01, val/acc 7.342e-01, val/nll 7.835e-01
[2023-02-11 13:10:45] [Epoch   120/  200] trn/loss 7.715e-01, trn/lr 3.493e-01, trn/scale 1.011e-01, val/acc 7.001e-01, val/nll 8.814e-01
[2023-02-11 13:10:53] [Epoch   121/  200] trn/loss 7.884e-01, trn/lr 3.418e-01, trn/scale 1.011e-01, val/acc 6.746e-01, val/nll 9.842e-01
[2023-02-11 13:11:02] [Epoch   122/  200] trn/loss 7.760e-01, trn/lr 3.344e-01, trn/scale 1.011e-01, val/acc 6.764e-01, val/nll 9.215e-01
[2023-02-11 13:11:10] [Epoch   123/  200] trn/loss 7.684e-01, trn/lr 3.270e-01, trn/scale 1.011e-01, val/acc 6.820e-01, val/nll 9.500e-01
[2023-02-11 13:11:18] [Epoch   124/  200] trn/loss 7.599e-01, trn/lr 3.196e-01, trn/scale 1.011e-01, val/acc 6.173e-01, val/nll 1.321e+00
[2023-02-11 13:11:26] [Epoch   125/  200] trn/loss 7.554e-01, trn/lr 3.123e-01, trn/scale 1.011e-01, val/acc 6.652e-01, val/nll 1.013e+00
[2023-02-11 13:11:34] [Epoch   126/  200] trn/loss 7.470e-01, trn/lr 3.051e-01, trn/scale 1.011e-01, val/acc 7.309e-01, val/nll 7.813e-01
[2023-02-11 13:11:42] [Epoch   127/  200] trn/loss 7.508e-01, trn/lr 2.979e-01, trn/scale 1.011e-01, val/acc 7.434e-01, val/nll 7.520e-01
[2023-02-11 13:11:51] [Epoch   128/  200] trn/loss 7.500e-01, trn/lr 2.907e-01, trn/scale 1.011e-01, val/acc 7.204e-01, val/nll 8.128e-01
[2023-02-11 13:11:59] [Epoch   129/  200] trn/loss 7.509e-01, trn/lr 2.836e-01, trn/scale 1.011e-01, val/acc 7.438e-01, val/nll 7.375e-01
[2023-02-11 13:12:07] [Epoch   130/  200] trn/loss 7.388e-01, trn/lr 2.765e-01, trn/scale 1.011e-01, val/acc 6.996e-01, val/nll 8.762e-01
[2023-02-11 13:12:15] [Epoch   131/  200] trn/loss 7.389e-01, trn/lr 2.695e-01, trn/scale 1.011e-01, val/acc 7.058e-01, val/nll 8.251e-01
[2023-02-11 13:12:23] [Epoch   132/  200] trn/loss 7.193e-01, trn/lr 2.626e-01, trn/scale 1.011e-01, val/acc 7.387e-01, val/nll 7.637e-01
[2023-02-11 13:12:31] [Epoch   133/  200] trn/loss 7.244e-01, trn/lr 2.557e-01, trn/scale 1.011e-01, val/acc 7.191e-01, val/nll 8.096e-01
[2023-02-11 13:12:40] [Epoch   134/  200] trn/loss 7.202e-01, trn/lr 2.489e-01, trn/scale 1.011e-01, val/acc 7.436e-01, val/nll 7.231e-01
[2023-02-11 13:12:48] [Epoch   135/  200] trn/loss 7.015e-01, trn/lr 2.421e-01, trn/scale 1.011e-01, val/acc 7.540e-01, val/nll 7.079e-01
[2023-02-11 13:12:56] [Epoch   136/  200] trn/loss 6.978e-01, trn/lr 2.354e-01, trn/scale 1.011e-01, val/acc 6.832e-01, val/nll 9.416e-01
[2023-02-11 13:13:05] [Epoch   137/  200] trn/loss 6.892e-01, trn/lr 2.288e-01, trn/scale 1.011e-01, val/acc 7.709e-01, val/nll 6.668e-01 (best_acc: 7.615e-01 -> 7.709e-01, test_acc: 7.614e-01, test_nll: 6.840e-01)
[2023-02-11 13:13:13] [Epoch   138/  200] trn/loss 7.008e-01, trn/lr 2.222e-01, trn/scale 1.011e-01, val/acc 7.420e-01, val/nll 7.677e-01
[2023-02-11 13:13:21] [Epoch   139/  200] trn/loss 6.822e-01, trn/lr 2.157e-01, trn/scale 1.011e-01, val/acc 7.284e-01, val/nll 8.176e-01
[2023-02-11 13:13:30] [Epoch   140/  200] trn/loss 6.736e-01, trn/lr 2.093e-01, trn/scale 1.011e-01, val/acc 7.260e-01, val/nll 8.446e-01
[2023-02-11 13:13:39] [Epoch   141/  200] trn/loss 6.627e-01, trn/lr 2.030e-01, trn/scale 1.012e-01, val/acc 7.827e-01, val/nll 6.261e-01 (best_acc: 7.709e-01 -> 7.827e-01, test_acc: 7.781e-01, test_nll: 6.427e-01)
[2023-02-11 13:13:47] [Epoch   142/  200] trn/loss 6.628e-01, trn/lr 1.967e-01, trn/scale 1.012e-01, val/acc 7.346e-01, val/nll 7.415e-01
[2023-02-11 13:13:55] [Epoch   143/  200] trn/loss 6.741e-01, trn/lr 1.905e-01, trn/scale 1.012e-01, val/acc 6.687e-01, val/nll 1.068e+00
[2023-02-11 13:14:03] [Epoch   144/  200] trn/loss 6.559e-01, trn/lr 1.843e-01, trn/scale 1.012e-01, val/acc 7.619e-01, val/nll 6.998e-01
[2023-02-11 13:14:11] [Epoch   145/  200] trn/loss 6.479e-01, trn/lr 1.783e-01, trn/scale 1.012e-01, val/acc 7.468e-01, val/nll 7.316e-01
[2023-02-11 13:14:20] [Epoch   146/  200] trn/loss 6.408e-01, trn/lr 1.723e-01, trn/scale 1.012e-01, val/acc 7.366e-01, val/nll 7.707e-01
[2023-02-11 13:14:28] [Epoch   147/  200] trn/loss 6.409e-01, trn/lr 1.664e-01, trn/scale 1.012e-01, val/acc 7.650e-01, val/nll 6.734e-01
[2023-02-11 13:14:36] [Epoch   148/  200] trn/loss 6.389e-01, trn/lr 1.606e-01, trn/scale 1.012e-01, val/acc 7.756e-01, val/nll 6.475e-01
[2023-02-11 13:14:44] [Epoch   149/  200] trn/loss 6.298e-01, trn/lr 1.549e-01, trn/scale 1.012e-01, val/acc 7.705e-01, val/nll 6.708e-01
[2023-02-11 13:14:52] [Epoch   150/  200] trn/loss 6.173e-01, trn/lr 1.493e-01, trn/scale 1.012e-01, val/acc 7.687e-01, val/nll 6.807e-01
[2023-02-11 13:15:02] [Epoch   151/  200] trn/loss 6.104e-01, trn/lr 1.437e-01, trn/scale 1.012e-01, val/acc 7.865e-01, val/nll 6.314e-01 (best_acc: 7.827e-01 -> 7.865e-01, test_acc: 7.845e-01, test_nll: 6.322e-01)
[2023-02-11 13:15:10] [Epoch   152/  200] trn/loss 5.924e-01, trn/lr 1.382e-01, trn/scale 1.012e-01, val/acc 7.461e-01, val/nll 7.190e-01
[2023-02-11 13:15:18] [Epoch   153/  200] trn/loss 6.104e-01, trn/lr 1.329e-01, trn/scale 1.012e-01, val/acc 7.843e-01, val/nll 6.268e-01
[2023-02-11 13:15:27] [Epoch   154/  200] trn/loss 6.001e-01, trn/lr 1.276e-01, trn/scale 1.012e-01, val/acc 7.989e-01, val/nll 5.844e-01 (best_acc: 7.865e-01 -> 7.989e-01, test_acc: 7.926e-01, test_nll: 5.978e-01)
[2023-02-11 13:15:35] [Epoch   155/  200] trn/loss 5.877e-01, trn/lr 1.224e-01, trn/scale 1.012e-01, val/acc 7.775e-01, val/nll 6.409e-01
[2023-02-11 13:15:43] [Epoch   156/  200] trn/loss 5.739e-01, trn/lr 1.173e-01, trn/scale 1.012e-01, val/acc 7.978e-01, val/nll 5.931e-01
[2023-02-11 13:15:51] [Epoch   157/  200] trn/loss 5.660e-01, trn/lr 1.123e-01, trn/scale 1.012e-01, val/acc 7.447e-01, val/nll 7.893e-01
[2023-02-11 13:16:00] [Epoch   158/  200] trn/loss 5.776e-01, trn/lr 1.074e-01, trn/scale 1.012e-01, val/acc 7.962e-01, val/nll 5.983e-01
[2023-02-11 13:16:09] [Epoch   159/  200] trn/loss 5.755e-01, trn/lr 1.025e-01, trn/scale 1.012e-01, val/acc 8.038e-01, val/nll 5.832e-01 (best_acc: 7.989e-01 -> 8.038e-01, test_acc: 7.931e-01, test_nll: 6.093e-01)
[2023-02-11 13:16:18] [Epoch   160/  200] trn/loss 5.497e-01, trn/lr 9.783e-02, trn/scale 1.012e-01, val/acc 8.051e-01, val/nll 5.671e-01 (best_acc: 8.038e-01 -> 8.051e-01, test_acc: 7.973e-01, test_nll: 5.875e-01)
[2023-02-11 13:16:26] [Epoch   161/  200] trn/loss 5.421e-01, trn/lr 9.321e-02, trn/scale 1.012e-01, val/acc 7.983e-01, val/nll 5.802e-01
[2023-02-11 13:16:34] [Epoch   162/  200] trn/loss 5.414e-01, trn/lr 8.870e-02, trn/scale 1.012e-01, val/acc 7.961e-01, val/nll 6.030e-01
[2023-02-11 13:16:43] [Epoch   163/  200] trn/loss 5.335e-01, trn/lr 8.428e-02, trn/scale 1.012e-01, val/acc 8.134e-01, val/nll 5.542e-01 (best_acc: 8.051e-01 -> 8.134e-01, test_acc: 8.058e-01, test_nll: 5.759e-01)
[2023-02-11 13:16:52] [Epoch   164/  200] trn/loss 5.347e-01, trn/lr 7.997e-02, trn/scale 1.012e-01, val/acc 7.785e-01, val/nll 6.439e-01
[2023-02-11 13:17:01] [Epoch   165/  200] trn/loss 5.292e-01, trn/lr 7.576e-02, trn/scale 1.012e-01, val/acc 8.218e-01, val/nll 5.085e-01 (best_acc: 8.134e-01 -> 8.218e-01, test_acc: 8.144e-01, test_nll: 5.325e-01)
[2023-02-11 13:17:09] [Epoch   166/  200] trn/loss 5.121e-01, trn/lr 7.166e-02, trn/scale 1.012e-01, val/acc 8.094e-01, val/nll 5.410e-01
[2023-02-11 13:17:18] [Epoch   167/  200] trn/loss 5.168e-01, trn/lr 6.766e-02, trn/scale 1.012e-01, val/acc 8.236e-01, val/nll 5.047e-01 (best_acc: 8.218e-01 -> 8.236e-01, test_acc: 8.204e-01, test_nll: 5.288e-01)
[2023-02-11 13:17:27] [Epoch   168/  200] trn/loss 4.964e-01, trn/lr 6.377e-02, trn/scale 1.012e-01, val/acc 8.242e-01, val/nll 5.022e-01 (best_acc: 8.236e-01 -> 8.242e-01, test_acc: 8.220e-01, test_nll: 5.204e-01)
[2023-02-11 13:17:36] [Epoch   169/  200] trn/loss 4.958e-01, trn/lr 5.998e-02, trn/scale 1.012e-01, val/acc 8.174e-01, val/nll 5.365e-01
[2023-02-11 13:17:45] [Epoch   170/  200] trn/loss 4.811e-01, trn/lr 5.631e-02, trn/scale 1.012e-01, val/acc 8.250e-01, val/nll 5.159e-01 (best_acc: 8.242e-01 -> 8.250e-01, test_acc: 8.208e-01, test_nll: 5.295e-01)
[2023-02-11 13:17:53] [Epoch   171/  200] trn/loss 4.818e-01, trn/lr 5.274e-02, trn/scale 1.012e-01, val/acc 8.248e-01, val/nll 4.989e-01
[2023-02-11 13:18:02] [Epoch   172/  200] trn/loss 4.805e-01, trn/lr 4.929e-02, trn/scale 1.012e-01, val/acc 8.365e-01, val/nll 4.625e-01 (best_acc: 8.250e-01 -> 8.365e-01, test_acc: 8.330e-01, test_nll: 4.887e-01)
[2023-02-11 13:18:11] [Epoch   173/  200] trn/loss 4.704e-01, trn/lr 4.594e-02, trn/scale 1.012e-01, val/acc 8.420e-01, val/nll 4.625e-01 (best_acc: 8.365e-01 -> 8.420e-01, test_acc: 8.337e-01, test_nll: 4.834e-01)
[2023-02-11 13:18:20] [Epoch   174/  200] trn/loss 4.576e-01, trn/lr 4.271e-02, trn/scale 1.012e-01, val/acc 8.332e-01, val/nll 4.775e-01
[2023-02-11 13:18:29] [Epoch   175/  200] trn/loss 4.449e-01, trn/lr 3.959e-02, trn/scale 1.012e-01, val/acc 8.494e-01, val/nll 4.358e-01 (best_acc: 8.420e-01 -> 8.494e-01, test_acc: 8.436e-01, test_nll: 4.538e-01)
[2023-02-11 13:18:37] [Epoch   176/  200] trn/loss 4.391e-01, trn/lr 3.659e-02, trn/scale 1.012e-01, val/acc 8.351e-01, val/nll 4.752e-01
[2023-02-11 13:18:46] [Epoch   177/  200] trn/loss 4.351e-01, trn/lr 3.369e-02, trn/scale 1.012e-01, val/acc 8.559e-01, val/nll 4.244e-01 (best_acc: 8.494e-01 -> 8.559e-01, test_acc: 8.432e-01, test_nll: 4.474e-01)
[2023-02-11 13:18:56] [Epoch   178/  200] trn/loss 4.232e-01, trn/lr 3.092e-02, trn/scale 1.013e-01, val/acc 8.562e-01, val/nll 4.200e-01 (best_acc: 8.559e-01 -> 8.562e-01, test_acc: 8.506e-01, test_nll: 4.413e-01)
[2023-02-11 13:19:05] [Epoch   179/  200] trn/loss 4.127e-01, trn/lr 2.826e-02, trn/scale 1.013e-01, val/acc 8.631e-01, val/nll 4.020e-01 (best_acc: 8.562e-01 -> 8.631e-01, test_acc: 8.554e-01, test_nll: 4.192e-01)
[2023-02-11 13:19:13] [Epoch   180/  200] trn/loss 4.123e-01, trn/lr 2.571e-02, trn/scale 1.013e-01, val/acc 8.566e-01, val/nll 4.272e-01
[2023-02-11 13:19:21] [Epoch   181/  200] trn/loss 4.021e-01, trn/lr 2.329e-02, trn/scale 1.013e-01, val/acc 8.606e-01, val/nll 4.012e-01
[2023-02-11 13:19:29] [Epoch   182/  200] trn/loss 3.990e-01, trn/lr 2.098e-02, trn/scale 1.013e-01, val/acc 8.619e-01, val/nll 4.075e-01
[2023-02-11 13:19:39] [Epoch   183/  200] trn/loss 3.899e-01, trn/lr 1.878e-02, trn/scale 1.013e-01, val/acc 8.656e-01, val/nll 3.943e-01 (best_acc: 8.631e-01 -> 8.656e-01, test_acc: 8.577e-01, test_nll: 4.190e-01)
[2023-02-11 13:19:48] [Epoch   184/  200] trn/loss 3.834e-01, trn/lr 1.671e-02, trn/scale 1.013e-01, val/acc 8.673e-01, val/nll 3.849e-01 (best_acc: 8.656e-01 -> 8.673e-01, test_acc: 8.614e-01, test_nll: 4.037e-01)
[2023-02-11 13:19:57] [Epoch   185/  200] trn/loss 3.769e-01, trn/lr 1.476e-02, trn/scale 1.013e-01, val/acc 8.700e-01, val/nll 3.851e-01 (best_acc: 8.673e-01 -> 8.700e-01, test_acc: 8.611e-01, test_nll: 3.990e-01)
[2023-02-11 13:20:06] [Epoch   186/  200] trn/loss 3.652e-01, trn/lr 1.292e-02, trn/scale 1.013e-01, val/acc 8.763e-01, val/nll 3.669e-01 (best_acc: 8.700e-01 -> 8.763e-01, test_acc: 8.696e-01, test_nll: 3.807e-01)
[2023-02-11 13:20:14] [Epoch   187/  200] trn/loss 3.657e-01, trn/lr 1.121e-02, trn/scale 1.013e-01, val/acc 8.736e-01, val/nll 3.705e-01
[2023-02-11 13:20:22] [Epoch   188/  200] trn/loss 3.556e-01, trn/lr 9.617e-03, trn/scale 1.013e-01, val/acc 8.757e-01, val/nll 3.694e-01
[2023-02-11 13:20:32] [Epoch   189/  200] trn/loss 3.508e-01, trn/lr 8.145e-03, trn/scale 1.013e-01, val/acc 8.804e-01, val/nll 3.555e-01 (best_acc: 8.763e-01 -> 8.804e-01, test_acc: 8.733e-01, test_nll: 3.740e-01)
[2023-02-11 13:20:40] [Epoch   190/  200] trn/loss 3.463e-01, trn/lr 6.794e-03, trn/scale 1.013e-01, val/acc 8.787e-01, val/nll 3.578e-01
[2023-02-11 13:20:48] [Epoch   191/  200] trn/loss 3.403e-01, trn/lr 5.565e-03, trn/scale 1.013e-01, val/acc 8.800e-01, val/nll 3.579e-01
[2023-02-11 13:20:57] [Epoch   192/  200] trn/loss 3.409e-01, trn/lr 4.458e-03, trn/scale 1.013e-01, val/acc 8.811e-01, val/nll 3.522e-01 (best_acc: 8.804e-01 -> 8.811e-01, test_acc: 8.759e-01, test_nll: 3.669e-01)
[2023-02-11 13:21:05] [Epoch   193/  200] trn/loss 3.352e-01, trn/lr 3.474e-03, trn/scale 1.013e-01, val/acc 8.806e-01, val/nll 3.501e-01
[2023-02-11 13:21:14] [Epoch   194/  200] trn/loss 3.329e-01, trn/lr 2.612e-03, trn/scale 1.013e-01, val/acc 8.821e-01, val/nll 3.510e-01 (best_acc: 8.811e-01 -> 8.821e-01, test_acc: 8.722e-01, test_nll: 3.687e-01)
[2023-02-11 13:21:23] [Epoch   195/  200] trn/loss 3.279e-01, trn/lr 1.872e-03, trn/scale 1.013e-01, val/acc 8.823e-01, val/nll 3.488e-01 (best_acc: 8.821e-01 -> 8.823e-01, test_acc: 8.737e-01, test_nll: 3.654e-01)
[2023-02-11 13:21:33] [Epoch   196/  200] trn/loss 3.274e-01, trn/lr 1.255e-03, trn/scale 1.013e-01, val/acc 8.827e-01, val/nll 3.486e-01 (best_acc: 8.823e-01 -> 8.827e-01, test_acc: 8.760e-01, test_nll: 3.636e-01)
[2023-02-11 13:21:42] [Epoch   197/  200] trn/loss 3.263e-01, trn/lr 7.619e-04, trn/scale 1.013e-01, val/acc 8.841e-01, val/nll 3.485e-01 (best_acc: 8.827e-01 -> 8.841e-01, test_acc: 8.742e-01, test_nll: 3.638e-01)
[2023-02-11 13:21:51] [Epoch   198/  200] trn/loss 3.282e-01, trn/lr 3.916e-04, trn/scale 1.013e-01, val/acc 8.842e-01, val/nll 3.459e-01 (best_acc: 8.841e-01 -> 8.842e-01, test_acc: 8.757e-01, test_nll: 3.610e-01)
[2023-02-11 13:21:59] [Epoch   199/  200] trn/loss 3.216e-01, trn/lr 1.445e-04, trn/scale 1.013e-01, val/acc 8.837e-01, val/nll 3.464e-01
[2023-02-11 13:22:08] [Epoch   200/  200] trn/loss 3.243e-01, trn/lr 2.075e-05, trn/scale 1.013e-01, val/acc 8.847e-01, val/nll 3.460e-01 (best_acc: 8.842e-01 -> 8.847e-01, test_acc: 8.751e-01, test_nll: 3.609e-01)
