[2023-02-07 00:06:17] Environments:
------------  ------------------------------------------------------------
sys.platform  linux
Python        3.8.10 (default, Nov 14 2022, 12:59:47) [GCC 9.4.0]
JAX           0.4.2 @/home/giung/.local/lib/python3.8/site-packages/jax
jaxlib        0.4.2 @/home/giung/.local/lib/python3.8/site-packages/jaxlib
Flax          0.6.4 @/home/giung/.local/lib/python3.8/site-packages/flax
Optax         0.1.4 @/home/giung/.local/lib/python3.8/site-packages/optax
------------  ------------------------------------------------------------

[2023-02-07 00:06:17] Command line arguments:
- args.data_root          : ./data/
- args.data_name          : CIFAR10_x32
- args.data_augmentation  : standard
- args.data_proportional  : 1.0
- args.model_depth        : 20
- args.model_width        : 4
- args.model_style        : BN-ReLU
- args.optim_bs           : 256
- args.optim_ne           : 200
- args.optim_lr           : 0.03
- args.optim_momentum     : 0.9
- args.optim_weight_decay : 0.0001
- args.rho                : 0.03
- args.save               : /home/giung/giung2-dev/projects/sam/save/CIFAR10_x32/R20x4-BN-ReLU/SAM/bs-0256_ne-0200_lr-0.03_mo-0.90_wd-0.0001_rho-0.0300_fp32/42
- args.seed               : 42
- args.precision          : fp32

[2023-02-07 00:06:23] Multiple local devices are detected:
[TpuDevice(id=0, process_index=0, coords=(0,0,0), core_on_chip=0), TpuDevice(id=1, process_index=0, coords=(0,0,0), core_on_chip=1), TpuDevice(id=2, process_index=0, coords=(1,0,0), core_on_chip=0), TpuDevice(id=3, process_index=0, coords=(1,0,0), core_on_chip=1), TpuDevice(id=4, process_index=0, coords=(0,1,0), core_on_chip=0), TpuDevice(id=5, process_index=0, coords=(0,1,0), core_on_chip=1), TpuDevice(id=6, process_index=0, coords=(1,1,0), core_on_chip=0), TpuDevice(id=7, process_index=0, coords=(1,1,0), core_on_chip=1)]

[2023-02-07 00:07:21] [Epoch     1/  200] trn/loss 1.643e+00, trn/lr 3.000e-02, val/acc 5.499e-01, val/nll 1.277e+00 (best_acc: 0.000e+00 -> 5.499e-01, test_acc: 5.533e-01, test_nll: 1.285e+00)
[2023-02-07 00:07:29] [Epoch     2/  200] trn/loss 1.127e+00, trn/lr 3.000e-02, val/acc 5.970e-01, val/nll 1.163e+00 (best_acc: 5.499e-01 -> 5.970e-01, test_acc: 5.937e-01, test_nll: 1.175e+00)
[2023-02-07 00:07:37] [Epoch     3/  200] trn/loss 9.143e-01, trn/lr 2.999e-02, val/acc 7.194e-01, val/nll 8.157e-01 (best_acc: 5.970e-01 -> 7.194e-01, test_acc: 7.204e-01, test_nll: 8.322e-01)
[2023-02-07 00:07:44] [Epoch     4/  200] trn/loss 7.649e-01, trn/lr 2.998e-02, val/acc 7.179e-01, val/nll 8.122e-01
[2023-02-07 00:07:52] [Epoch     5/  200] trn/loss 6.568e-01, trn/lr 2.996e-02, val/acc 7.531e-01, val/nll 7.513e-01 (best_acc: 7.194e-01 -> 7.531e-01, test_acc: 7.489e-01, test_nll: 7.658e-01)
[2023-02-07 00:08:00] [Epoch     6/  200] trn/loss 6.026e-01, trn/lr 2.994e-02, val/acc 7.960e-01, val/nll 5.957e-01 (best_acc: 7.531e-01 -> 7.960e-01, test_acc: 8.054e-01, test_nll: 5.841e-01)
[2023-02-07 00:08:08] [Epoch     7/  200] trn/loss 5.464e-01, trn/lr 2.992e-02, val/acc 7.767e-01, val/nll 6.646e-01
[2023-02-07 00:08:15] [Epoch     8/  200] trn/loss 4.985e-01, trn/lr 2.990e-02, val/acc 7.655e-01, val/nll 7.535e-01
[2023-02-07 00:08:23] [Epoch     9/  200] trn/loss 4.505e-01, trn/lr 2.987e-02, val/acc 8.052e-01, val/nll 5.913e-01 (best_acc: 7.960e-01 -> 8.052e-01, test_acc: 8.013e-01, test_nll: 5.982e-01)
[2023-02-07 00:08:31] [Epoch    10/  200] trn/loss 4.279e-01, trn/lr 2.983e-02, val/acc 8.233e-01, val/nll 5.215e-01 (best_acc: 8.052e-01 -> 8.233e-01, test_acc: 8.253e-01, test_nll: 5.396e-01)
[2023-02-07 00:08:38] [Epoch    11/  200] trn/loss 3.929e-01, trn/lr 2.980e-02, val/acc 8.093e-01, val/nll 5.700e-01
[2023-02-07 00:08:46] [Epoch    12/  200] trn/loss 3.714e-01, trn/lr 2.976e-02, val/acc 8.348e-01, val/nll 5.005e-01 (best_acc: 8.233e-01 -> 8.348e-01, test_acc: 8.326e-01, test_nll: 4.998e-01)
[2023-02-07 00:08:53] [Epoch    13/  200] trn/loss 3.425e-01, trn/lr 2.971e-02, val/acc 8.269e-01, val/nll 5.538e-01
[2023-02-07 00:09:00] [Epoch    14/  200] trn/loss 3.332e-01, trn/lr 2.966e-02, val/acc 8.337e-01, val/nll 5.192e-01
[2023-02-07 00:09:08] [Epoch    15/  200] trn/loss 3.026e-01, trn/lr 2.961e-02, val/acc 8.365e-01, val/nll 5.198e-01 (best_acc: 8.348e-01 -> 8.365e-01, test_acc: 8.303e-01, test_nll: 5.219e-01)
[2023-02-07 00:09:16] [Epoch    16/  200] trn/loss 2.879e-01, trn/lr 2.956e-02, val/acc 8.564e-01, val/nll 4.525e-01 (best_acc: 8.365e-01 -> 8.564e-01, test_acc: 8.524e-01, test_nll: 4.638e-01)
[2023-02-07 00:09:24] [Epoch    17/  200] trn/loss 2.732e-01, trn/lr 2.950e-02, val/acc 8.598e-01, val/nll 4.386e-01 (best_acc: 8.564e-01 -> 8.598e-01, test_acc: 8.567e-01, test_nll: 4.478e-01)
[2023-02-07 00:09:32] [Epoch    18/  200] trn/loss 2.560e-01, trn/lr 2.944e-02, val/acc 8.667e-01, val/nll 4.107e-01 (best_acc: 8.598e-01 -> 8.667e-01, test_acc: 8.682e-01, test_nll: 4.089e-01)
[2023-02-07 00:09:40] [Epoch    19/  200] trn/loss 2.393e-01, trn/lr 2.937e-02, val/acc 8.611e-01, val/nll 4.476e-01
[2023-02-07 00:09:47] [Epoch    20/  200] trn/loss 2.232e-01, trn/lr 2.930e-02, val/acc 8.470e-01, val/nll 4.822e-01
[2023-02-07 00:09:54] [Epoch    21/  200] trn/loss 2.094e-01, trn/lr 2.923e-02, val/acc 8.618e-01, val/nll 4.369e-01
[2023-02-07 00:10:02] [Epoch    22/  200] trn/loss 2.018e-01, trn/lr 2.915e-02, val/acc 8.749e-01, val/nll 3.847e-01 (best_acc: 8.667e-01 -> 8.749e-01, test_acc: 8.728e-01, test_nll: 3.910e-01)
[2023-02-07 00:10:10] [Epoch    23/  200] trn/loss 1.915e-01, trn/lr 2.907e-02, val/acc 8.769e-01, val/nll 4.031e-01 (best_acc: 8.749e-01 -> 8.769e-01, test_acc: 8.733e-01, test_nll: 4.204e-01)
[2023-02-07 00:10:18] [Epoch    24/  200] trn/loss 1.812e-01, trn/lr 2.899e-02, val/acc 8.882e-01, val/nll 3.597e-01 (best_acc: 8.769e-01 -> 8.882e-01, test_acc: 8.863e-01, test_nll: 3.682e-01)
[2023-02-07 00:10:26] [Epoch    25/  200] trn/loss 1.693e-01, trn/lr 2.890e-02, val/acc 8.832e-01, val/nll 3.938e-01
[2023-02-07 00:10:33] [Epoch    26/  200] trn/loss 1.589e-01, trn/lr 2.881e-02, val/acc 8.813e-01, val/nll 3.866e-01
[2023-02-07 00:10:40] [Epoch    27/  200] trn/loss 1.548e-01, trn/lr 2.872e-02, val/acc 8.719e-01, val/nll 4.286e-01
[2023-02-07 00:10:47] [Epoch    28/  200] trn/loss 1.431e-01, trn/lr 2.862e-02, val/acc 8.616e-01, val/nll 4.773e-01
[2023-02-07 00:10:55] [Epoch    29/  200] trn/loss 1.379e-01, trn/lr 2.852e-02, val/acc 8.962e-01, val/nll 3.561e-01 (best_acc: 8.882e-01 -> 8.962e-01, test_acc: 8.879e-01, test_nll: 3.622e-01)
[2023-02-07 00:11:02] [Epoch    30/  200] trn/loss 1.295e-01, trn/lr 2.842e-02, val/acc 8.883e-01, val/nll 3.671e-01
[2023-02-07 00:11:10] [Epoch    31/  200] trn/loss 1.183e-01, trn/lr 2.831e-02, val/acc 8.752e-01, val/nll 4.238e-01
[2023-02-07 00:11:17] [Epoch    32/  200] trn/loss 1.132e-01, trn/lr 2.820e-02, val/acc 8.929e-01, val/nll 3.637e-01
[2023-02-07 00:11:24] [Epoch    33/  200] trn/loss 1.089e-01, trn/lr 2.809e-02, val/acc 8.893e-01, val/nll 3.797e-01
[2023-02-07 00:11:31] [Epoch    34/  200] trn/loss 9.834e-02, trn/lr 2.797e-02, val/acc 8.935e-01, val/nll 3.658e-01
[2023-02-07 00:11:39] [Epoch    35/  200] trn/loss 1.003e-01, trn/lr 2.785e-02, val/acc 8.959e-01, val/nll 3.628e-01
[2023-02-07 00:11:46] [Epoch    36/  200] trn/loss 9.245e-02, trn/lr 2.773e-02, val/acc 8.780e-01, val/nll 4.262e-01
[2023-02-07 00:11:53] [Epoch    37/  200] trn/loss 8.737e-02, trn/lr 2.760e-02, val/acc 8.923e-01, val/nll 3.846e-01
[2023-02-07 00:12:01] [Epoch    38/  200] trn/loss 8.440e-02, trn/lr 2.747e-02, val/acc 8.986e-01, val/nll 3.464e-01 (best_acc: 8.962e-01 -> 8.986e-01, test_acc: 8.963e-01, test_nll: 3.525e-01)
[2023-02-07 00:12:08] [Epoch    39/  200] trn/loss 7.774e-02, trn/lr 2.734e-02, val/acc 8.881e-01, val/nll 3.831e-01
[2023-02-07 00:12:16] [Epoch    40/  200] trn/loss 7.127e-02, trn/lr 2.720e-02, val/acc 8.980e-01, val/nll 3.480e-01
[2023-02-07 00:12:23] [Epoch    41/  200] trn/loss 6.623e-02, trn/lr 2.707e-02, val/acc 9.012e-01, val/nll 3.526e-01 (best_acc: 8.986e-01 -> 9.012e-01, test_acc: 8.993e-01, test_nll: 3.553e-01)
[2023-02-07 00:12:31] [Epoch    42/  200] trn/loss 6.811e-02, trn/lr 2.692e-02, val/acc 8.965e-01, val/nll 3.844e-01
[2023-02-07 00:12:39] [Epoch    43/  200] trn/loss 6.482e-02, trn/lr 2.678e-02, val/acc 9.017e-01, val/nll 3.491e-01 (best_acc: 9.012e-01 -> 9.017e-01, test_acc: 9.006e-01, test_nll: 3.669e-01)
[2023-02-07 00:12:47] [Epoch    44/  200] trn/loss 5.888e-02, trn/lr 2.663e-02, val/acc 9.048e-01, val/nll 3.251e-01 (best_acc: 9.017e-01 -> 9.048e-01, test_acc: 9.040e-01, test_nll: 3.282e-01)
[2023-02-07 00:12:54] [Epoch    45/  200] trn/loss 5.618e-02, trn/lr 2.648e-02, val/acc 8.975e-01, val/nll 3.631e-01
[2023-02-07 00:13:01] [Epoch    46/  200] trn/loss 5.204e-02, trn/lr 2.633e-02, val/acc 9.002e-01, val/nll 3.761e-01
[2023-02-07 00:13:09] [Epoch    47/  200] trn/loss 4.807e-02, trn/lr 2.617e-02, val/acc 9.083e-01, val/nll 3.297e-01 (best_acc: 9.048e-01 -> 9.083e-01, test_acc: 9.065e-01, test_nll: 3.350e-01)
[2023-02-07 00:13:17] [Epoch    48/  200] trn/loss 5.072e-02, trn/lr 2.602e-02, val/acc 8.961e-01, val/nll 4.018e-01
[2023-02-07 00:13:24] [Epoch    49/  200] trn/loss 4.883e-02, trn/lr 2.585e-02, val/acc 9.018e-01, val/nll 3.585e-01
[2023-02-07 00:13:31] [Epoch    50/  200] trn/loss 4.440e-02, trn/lr 2.569e-02, val/acc 9.024e-01, val/nll 3.610e-01
[2023-02-07 00:13:38] [Epoch    51/  200] trn/loss 4.467e-02, trn/lr 2.552e-02, val/acc 9.054e-01, val/nll 3.490e-01
[2023-02-07 00:13:46] [Epoch    52/  200] trn/loss 3.871e-02, trn/lr 2.535e-02, val/acc 9.020e-01, val/nll 3.588e-01
[2023-02-07 00:13:53] [Epoch    53/  200] trn/loss 3.630e-02, trn/lr 2.518e-02, val/acc 9.059e-01, val/nll 3.427e-01
[2023-02-07 00:14:01] [Epoch    54/  200] trn/loss 3.761e-02, trn/lr 2.501e-02, val/acc 9.105e-01, val/nll 3.390e-01 (best_acc: 9.083e-01 -> 9.105e-01, test_acc: 9.045e-01, test_nll: 3.383e-01)
[2023-02-07 00:14:08] [Epoch    55/  200] trn/loss 3.263e-02, trn/lr 2.483e-02, val/acc 9.074e-01, val/nll 3.413e-01
[2023-02-07 00:14:15] [Epoch    56/  200] trn/loss 3.260e-02, trn/lr 2.465e-02, val/acc 9.082e-01, val/nll 3.576e-01
[2023-02-07 00:14:23] [Epoch    57/  200] trn/loss 2.951e-02, trn/lr 2.447e-02, val/acc 9.119e-01, val/nll 3.281e-01 (best_acc: 9.105e-01 -> 9.119e-01, test_acc: 9.106e-01, test_nll: 3.285e-01)
[2023-02-07 00:14:31] [Epoch    58/  200] trn/loss 2.993e-02, trn/lr 2.429e-02, val/acc 9.116e-01, val/nll 3.343e-01
[2023-02-07 00:14:39] [Epoch    59/  200] trn/loss 2.895e-02, trn/lr 2.410e-02, val/acc 9.131e-01, val/nll 3.417e-01 (best_acc: 9.119e-01 -> 9.131e-01, test_acc: 9.058e-01, test_nll: 3.586e-01)
[2023-02-07 00:14:46] [Epoch    60/  200] trn/loss 3.139e-02, trn/lr 2.391e-02, val/acc 9.128e-01, val/nll 3.158e-01
[2023-02-07 00:14:53] [Epoch    61/  200] trn/loss 2.717e-02, trn/lr 2.372e-02, val/acc 9.034e-01, val/nll 3.769e-01
[2023-02-07 00:15:00] [Epoch    62/  200] trn/loss 2.673e-02, trn/lr 2.353e-02, val/acc 9.123e-01, val/nll 3.337e-01
[2023-02-07 00:15:08] [Epoch    63/  200] trn/loss 2.437e-02, trn/lr 2.333e-02, val/acc 9.129e-01, val/nll 3.372e-01
[2023-02-07 00:15:16] [Epoch    64/  200] trn/loss 2.335e-02, trn/lr 2.314e-02, val/acc 9.157e-01, val/nll 3.238e-01 (best_acc: 9.131e-01 -> 9.157e-01, test_acc: 9.113e-01, test_nll: 3.308e-01)
[2023-02-07 00:15:23] [Epoch    65/  200] trn/loss 2.142e-02, trn/lr 2.294e-02, val/acc 9.097e-01, val/nll 3.475e-01
[2023-02-07 00:15:30] [Epoch    66/  200] trn/loss 2.090e-02, trn/lr 2.274e-02, val/acc 9.128e-01, val/nll 3.398e-01
[2023-02-07 00:15:37] [Epoch    67/  200] trn/loss 2.257e-02, trn/lr 2.253e-02, val/acc 9.105e-01, val/nll 3.453e-01
[2023-02-07 00:15:45] [Epoch    68/  200] trn/loss 2.129e-02, trn/lr 2.233e-02, val/acc 9.076e-01, val/nll 3.714e-01
[2023-02-07 00:15:52] [Epoch    69/  200] trn/loss 2.009e-02, trn/lr 2.212e-02, val/acc 9.137e-01, val/nll 3.222e-01
[2023-02-07 00:15:59] [Epoch    70/  200] trn/loss 1.961e-02, trn/lr 2.192e-02, val/acc 9.105e-01, val/nll 3.353e-01
[2023-02-07 00:16:06] [Epoch    71/  200] trn/loss 1.924e-02, trn/lr 2.171e-02, val/acc 9.142e-01, val/nll 3.305e-01
[2023-02-07 00:16:13] [Epoch    72/  200] trn/loss 1.951e-02, trn/lr 2.149e-02, val/acc 9.157e-01, val/nll 3.249e-01
[2023-02-07 00:16:21] [Epoch    73/  200] trn/loss 1.726e-02, trn/lr 2.128e-02, val/acc 9.181e-01, val/nll 3.106e-01 (best_acc: 9.157e-01 -> 9.181e-01, test_acc: 9.171e-01, test_nll: 3.111e-01)
[2023-02-07 00:16:29] [Epoch    74/  200] trn/loss 1.644e-02, trn/lr 2.107e-02, val/acc 9.171e-01, val/nll 3.267e-01
[2023-02-07 00:16:37] [Epoch    75/  200] trn/loss 1.650e-02, trn/lr 2.085e-02, val/acc 9.184e-01, val/nll 3.046e-01 (best_acc: 9.181e-01 -> 9.184e-01, test_acc: 9.183e-01, test_nll: 3.124e-01)
[2023-02-07 00:16:45] [Epoch    76/  200] trn/loss 1.602e-02, trn/lr 2.063e-02, val/acc 9.189e-01, val/nll 3.124e-01 (best_acc: 9.184e-01 -> 9.189e-01, test_acc: 9.181e-01, test_nll: 3.107e-01)
[2023-02-07 00:16:52] [Epoch    77/  200] trn/loss 1.415e-02, trn/lr 2.041e-02, val/acc 9.188e-01, val/nll 3.261e-01
[2023-02-07 00:17:00] [Epoch    78/  200] trn/loss 1.538e-02, trn/lr 2.019e-02, val/acc 9.195e-01, val/nll 3.169e-01 (best_acc: 9.189e-01 -> 9.195e-01, test_acc: 9.162e-01, test_nll: 3.291e-01)
[2023-02-07 00:17:07] [Epoch    79/  200] trn/loss 1.343e-02, trn/lr 1.997e-02, val/acc 9.170e-01, val/nll 3.226e-01
[2023-02-07 00:17:15] [Epoch    80/  200] trn/loss 1.271e-02, trn/lr 1.975e-02, val/acc 9.196e-01, val/nll 3.119e-01 (best_acc: 9.195e-01 -> 9.196e-01, test_acc: 9.166e-01, test_nll: 3.095e-01)
[2023-02-07 00:17:23] [Epoch    81/  200] trn/loss 1.259e-02, trn/lr 1.952e-02, val/acc 9.217e-01, val/nll 3.091e-01 (best_acc: 9.196e-01 -> 9.217e-01, test_acc: 9.194e-01, test_nll: 3.110e-01)
[2023-02-07 00:17:31] [Epoch    82/  200] trn/loss 1.219e-02, trn/lr 1.930e-02, val/acc 9.129e-01, val/nll 3.334e-01
[2023-02-07 00:17:38] [Epoch    83/  200] trn/loss 1.192e-02, trn/lr 1.907e-02, val/acc 9.206e-01, val/nll 3.123e-01
[2023-02-07 00:17:45] [Epoch    84/  200] trn/loss 1.137e-02, trn/lr 1.885e-02, val/acc 9.202e-01, val/nll 3.253e-01
[2023-02-07 00:17:52] [Epoch    85/  200] trn/loss 1.098e-02, trn/lr 1.862e-02, val/acc 9.190e-01, val/nll 3.131e-01
[2023-02-07 00:17:59] [Epoch    86/  200] trn/loss 1.074e-02, trn/lr 1.839e-02, val/acc 9.195e-01, val/nll 2.995e-01
[2023-02-07 00:18:07] [Epoch    87/  200] trn/loss 9.400e-03, trn/lr 1.816e-02, val/acc 9.166e-01, val/nll 3.239e-01
[2023-02-07 00:18:14] [Epoch    88/  200] trn/loss 1.041e-02, trn/lr 1.793e-02, val/acc 9.209e-01, val/nll 3.122e-01
[2023-02-07 00:18:21] [Epoch    89/  200] trn/loss 1.024e-02, trn/lr 1.770e-02, val/acc 9.206e-01, val/nll 3.057e-01
[2023-02-07 00:18:28] [Epoch    90/  200] trn/loss 9.565e-03, trn/lr 1.746e-02, val/acc 9.191e-01, val/nll 3.068e-01
[2023-02-07 00:18:36] [Epoch    91/  200] trn/loss 8.859e-03, trn/lr 1.723e-02, val/acc 9.249e-01, val/nll 2.922e-01 (best_acc: 9.217e-01 -> 9.249e-01, test_acc: 9.210e-01, test_nll: 3.030e-01)
[2023-02-07 00:18:44] [Epoch    92/  200] trn/loss 8.505e-03, trn/lr 1.700e-02, val/acc 9.209e-01, val/nll 3.132e-01
[2023-02-07 00:18:51] [Epoch    93/  200] trn/loss 8.567e-03, trn/lr 1.676e-02, val/acc 9.200e-01, val/nll 3.123e-01
[2023-02-07 00:18:58] [Epoch    94/  200] trn/loss 7.505e-03, trn/lr 1.653e-02, val/acc 9.248e-01, val/nll 2.949e-01
[2023-02-07 00:19:05] [Epoch    95/  200] trn/loss 7.977e-03, trn/lr 1.630e-02, val/acc 9.217e-01, val/nll 3.196e-01
[2023-02-07 00:19:13] [Epoch    96/  200] trn/loss 7.996e-03, trn/lr 1.606e-02, val/acc 9.229e-01, val/nll 3.034e-01
[2023-02-07 00:19:21] [Epoch    97/  200] trn/loss 7.533e-03, trn/lr 1.582e-02, val/acc 9.251e-01, val/nll 2.929e-01 (best_acc: 9.249e-01 -> 9.251e-01, test_acc: 9.256e-01, test_nll: 2.825e-01)
[2023-02-07 00:19:28] [Epoch    98/  200] trn/loss 7.088e-03, trn/lr 1.559e-02, val/acc 9.195e-01, val/nll 3.167e-01
[2023-02-07 00:19:35] [Epoch    99/  200] trn/loss 7.037e-03, trn/lr 1.535e-02, val/acc 9.194e-01, val/nll 3.161e-01
[2023-02-07 00:19:42] [Epoch   100/  200] trn/loss 6.541e-03, trn/lr 1.512e-02, val/acc 9.222e-01, val/nll 3.078e-01
[2023-02-07 00:19:49] [Epoch   101/  200] trn/loss 6.592e-03, trn/lr 1.488e-02, val/acc 9.235e-01, val/nll 3.061e-01
[2023-02-07 00:19:57] [Epoch   102/  200] trn/loss 6.689e-03, trn/lr 1.465e-02, val/acc 9.221e-01, val/nll 3.015e-01
[2023-02-07 00:20:04] [Epoch   103/  200] trn/loss 6.375e-03, trn/lr 1.441e-02, val/acc 9.250e-01, val/nll 3.015e-01
[2023-02-07 00:20:11] [Epoch   104/  200] trn/loss 6.062e-03, trn/lr 1.418e-02, val/acc 9.249e-01, val/nll 2.903e-01
[2023-02-07 00:20:18] [Epoch   105/  200] trn/loss 5.592e-03, trn/lr 1.394e-02, val/acc 9.233e-01, val/nll 3.000e-01
[2023-02-07 00:20:25] [Epoch   106/  200] trn/loss 5.673e-03, trn/lr 1.371e-02, val/acc 9.223e-01, val/nll 3.017e-01
[2023-02-07 00:20:33] [Epoch   107/  200] trn/loss 6.068e-03, trn/lr 1.347e-02, val/acc 9.222e-01, val/nll 3.062e-01
[2023-02-07 00:20:40] [Epoch   108/  200] trn/loss 5.591e-03, trn/lr 1.324e-02, val/acc 9.236e-01, val/nll 3.061e-01
[2023-02-07 00:20:47] [Epoch   109/  200] trn/loss 5.742e-03, trn/lr 1.300e-02, val/acc 9.226e-01, val/nll 3.086e-01
[2023-02-07 00:20:54] [Epoch   110/  200] trn/loss 5.281e-03, trn/lr 1.277e-02, val/acc 9.238e-01, val/nll 2.983e-01
[2023-02-07 00:21:02] [Epoch   111/  200] trn/loss 5.380e-03, trn/lr 1.254e-02, val/acc 9.250e-01, val/nll 2.999e-01
[2023-02-07 00:21:10] [Epoch   112/  200] trn/loss 4.832e-03, trn/lr 1.231e-02, val/acc 9.270e-01, val/nll 3.015e-01 (best_acc: 9.251e-01 -> 9.270e-01, test_acc: 9.204e-01, test_nll: 3.088e-01)
[2023-02-07 00:21:17] [Epoch   113/  200] trn/loss 5.095e-03, trn/lr 1.207e-02, val/acc 9.232e-01, val/nll 3.070e-01
[2023-02-07 00:21:24] [Epoch   114/  200] trn/loss 4.762e-03, trn/lr 1.184e-02, val/acc 9.243e-01, val/nll 3.009e-01
[2023-02-07 00:21:32] [Epoch   115/  200] trn/loss 4.513e-03, trn/lr 1.161e-02, val/acc 9.275e-01, val/nll 2.979e-01 (best_acc: 9.270e-01 -> 9.275e-01, test_acc: 9.264e-01, test_nll: 2.916e-01)
[2023-02-07 00:21:39] [Epoch   116/  200] trn/loss 4.349e-03, trn/lr 1.138e-02, val/acc 9.248e-01, val/nll 2.902e-01
[2023-02-07 00:21:46] [Epoch   117/  200] trn/loss 4.063e-03, trn/lr 1.116e-02, val/acc 9.252e-01, val/nll 2.918e-01
[2023-02-07 00:21:54] [Epoch   118/  200] trn/loss 4.407e-03, trn/lr 1.093e-02, val/acc 9.251e-01, val/nll 2.965e-01
[2023-02-07 00:22:02] [Epoch   119/  200] trn/loss 3.987e-03, trn/lr 1.070e-02, val/acc 9.281e-01, val/nll 2.868e-01 (best_acc: 9.275e-01 -> 9.281e-01, test_acc: 9.235e-01, test_nll: 2.956e-01)
[2023-02-07 00:22:09] [Epoch   120/  200] trn/loss 3.883e-03, trn/lr 1.048e-02, val/acc 9.261e-01, val/nll 2.857e-01
[2023-02-07 00:22:16] [Epoch   121/  200] trn/loss 3.820e-03, trn/lr 1.025e-02, val/acc 9.261e-01, val/nll 2.876e-01
[2023-02-07 00:22:23] [Epoch   122/  200] trn/loss 3.830e-03, trn/lr 1.003e-02, val/acc 9.269e-01, val/nll 2.817e-01
[2023-02-07 00:22:31] [Epoch   123/  200] trn/loss 3.757e-03, trn/lr 9.809e-03, val/acc 9.254e-01, val/nll 2.821e-01
[2023-02-07 00:22:39] [Epoch   124/  200] trn/loss 3.379e-03, trn/lr 9.589e-03, val/acc 9.296e-01, val/nll 2.794e-01 (best_acc: 9.281e-01 -> 9.296e-01, test_acc: 9.269e-01, test_nll: 2.792e-01)
[2023-02-07 00:22:46] [Epoch   125/  200] trn/loss 3.390e-03, trn/lr 9.370e-03, val/acc 9.275e-01, val/nll 2.789e-01
[2023-02-07 00:22:53] [Epoch   126/  200] trn/loss 3.375e-03, trn/lr 9.152e-03, val/acc 9.292e-01, val/nll 2.837e-01
[2023-02-07 00:23:00] [Epoch   127/  200] trn/loss 3.353e-03, trn/lr 8.936e-03, val/acc 9.284e-01, val/nll 2.805e-01
[2023-02-07 00:23:07] [Epoch   128/  200] trn/loss 3.196e-03, trn/lr 8.721e-03, val/acc 9.289e-01, val/nll 2.770e-01
[2023-02-07 00:23:15] [Epoch   129/  200] trn/loss 3.063e-03, trn/lr 8.508e-03, val/acc 9.298e-01, val/nll 2.747e-01 (best_acc: 9.296e-01 -> 9.298e-01, test_acc: 9.273e-01, test_nll: 2.770e-01)
[2023-02-07 00:23:23] [Epoch   130/  200] trn/loss 2.779e-03, trn/lr 8.296e-03, val/acc 9.322e-01, val/nll 2.751e-01 (best_acc: 9.298e-01 -> 9.322e-01, test_acc: 9.263e-01, test_nll: 2.849e-01)
[2023-02-07 00:23:31] [Epoch   131/  200] trn/loss 2.879e-03, trn/lr 8.086e-03, val/acc 9.291e-01, val/nll 2.802e-01
[2023-02-07 00:23:38] [Epoch   132/  200] trn/loss 2.740e-03, trn/lr 7.878e-03, val/acc 9.279e-01, val/nll 2.797e-01
[2023-02-07 00:23:45] [Epoch   133/  200] trn/loss 2.656e-03, trn/lr 7.671e-03, val/acc 9.290e-01, val/nll 2.791e-01
[2023-02-07 00:23:52] [Epoch   134/  200] trn/loss 2.912e-03, trn/lr 7.467e-03, val/acc 9.298e-01, val/nll 2.809e-01
[2023-02-07 00:23:59] [Epoch   135/  200] trn/loss 2.664e-03, trn/lr 7.264e-03, val/acc 9.253e-01, val/nll 2.846e-01
[2023-02-07 00:24:07] [Epoch   136/  200] trn/loss 2.667e-03, trn/lr 7.063e-03, val/acc 9.273e-01, val/nll 2.883e-01
[2023-02-07 00:24:14] [Epoch   137/  200] trn/loss 2.506e-03, trn/lr 6.864e-03, val/acc 9.281e-01, val/nll 2.822e-01
[2023-02-07 00:24:21] [Epoch   138/  200] trn/loss 2.520e-03, trn/lr 6.667e-03, val/acc 9.277e-01, val/nll 2.798e-01
[2023-02-07 00:24:28] [Epoch   139/  200] trn/loss 2.407e-03, trn/lr 6.472e-03, val/acc 9.280e-01, val/nll 2.798e-01
[2023-02-07 00:24:35] [Epoch   140/  200] trn/loss 2.422e-03, trn/lr 6.279e-03, val/acc 9.301e-01, val/nll 2.748e-01
[2023-02-07 00:24:43] [Epoch   141/  200] trn/loss 2.212e-03, trn/lr 6.089e-03, val/acc 9.314e-01, val/nll 2.797e-01
[2023-02-07 00:24:50] [Epoch   142/  200] trn/loss 2.150e-03, trn/lr 5.900e-03, val/acc 9.306e-01, val/nll 2.769e-01
[2023-02-07 00:24:57] [Epoch   143/  200] trn/loss 2.270e-03, trn/lr 5.714e-03, val/acc 9.302e-01, val/nll 2.767e-01
[2023-02-07 00:25:04] [Epoch   144/  200] trn/loss 2.177e-03, trn/lr 5.530e-03, val/acc 9.306e-01, val/nll 2.776e-01
[2023-02-07 00:25:11] [Epoch   145/  200] trn/loss 2.011e-03, trn/lr 5.349e-03, val/acc 9.300e-01, val/nll 2.748e-01
[2023-02-07 00:25:19] [Epoch   146/  200] trn/loss 2.095e-03, trn/lr 5.170e-03, val/acc 9.312e-01, val/nll 2.746e-01
[2023-02-07 00:25:26] [Epoch   147/  200] trn/loss 1.911e-03, trn/lr 4.993e-03, val/acc 9.292e-01, val/nll 2.734e-01
[2023-02-07 00:25:33] [Epoch   148/  200] trn/loss 2.012e-03, trn/lr 4.819e-03, val/acc 9.316e-01, val/nll 2.757e-01
[2023-02-07 00:25:40] [Epoch   149/  200] trn/loss 1.923e-03, trn/lr 4.647e-03, val/acc 9.309e-01, val/nll 2.744e-01
[2023-02-07 00:25:47] [Epoch   150/  200] trn/loss 2.027e-03, trn/lr 4.478e-03, val/acc 9.301e-01, val/nll 2.751e-01
[2023-02-07 00:25:55] [Epoch   151/  200] trn/loss 1.897e-03, trn/lr 4.311e-03, val/acc 9.298e-01, val/nll 2.773e-01
[2023-02-07 00:26:02] [Epoch   152/  200] trn/loss 1.869e-03, trn/lr 4.147e-03, val/acc 9.321e-01, val/nll 2.755e-01
[2023-02-07 00:26:09] [Epoch   153/  200] trn/loss 1.914e-03, trn/lr 3.986e-03, val/acc 9.306e-01, val/nll 2.733e-01
[2023-02-07 00:26:16] [Epoch   154/  200] trn/loss 1.877e-03, trn/lr 3.827e-03, val/acc 9.312e-01, val/nll 2.779e-01
[2023-02-07 00:26:24] [Epoch   155/  200] trn/loss 1.884e-03, trn/lr 3.671e-03, val/acc 9.302e-01, val/nll 2.779e-01
[2023-02-07 00:26:32] [Epoch   156/  200] trn/loss 1.766e-03, trn/lr 3.518e-03, val/acc 9.332e-01, val/nll 2.765e-01 (best_acc: 9.322e-01 -> 9.332e-01, test_acc: 9.283e-01, test_nll: 2.817e-01)
[2023-02-07 00:26:39] [Epoch   157/  200] trn/loss 1.790e-03, trn/lr 3.368e-03, val/acc 9.313e-01, val/nll 2.767e-01
[2023-02-07 00:26:46] [Epoch   158/  200] trn/loss 1.690e-03, trn/lr 3.221e-03, val/acc 9.311e-01, val/nll 2.741e-01
[2023-02-07 00:26:53] [Epoch   159/  200] trn/loss 1.699e-03, trn/lr 3.076e-03, val/acc 9.311e-01, val/nll 2.723e-01
[2023-02-07 00:27:00] [Epoch   160/  200] trn/loss 1.762e-03, trn/lr 2.935e-03, val/acc 9.315e-01, val/nll 2.728e-01
[2023-02-07 00:27:08] [Epoch   161/  200] trn/loss 1.689e-03, trn/lr 2.796e-03, val/acc 9.317e-01, val/nll 2.738e-01
[2023-02-07 00:27:15] [Epoch   162/  200] trn/loss 1.692e-03, trn/lr 2.661e-03, val/acc 9.319e-01, val/nll 2.715e-01
[2023-02-07 00:27:22] [Epoch   163/  200] trn/loss 1.641e-03, trn/lr 2.528e-03, val/acc 9.317e-01, val/nll 2.717e-01
[2023-02-07 00:27:29] [Epoch   164/  200] trn/loss 1.633e-03, trn/lr 2.399e-03, val/acc 9.308e-01, val/nll 2.732e-01
[2023-02-07 00:27:36] [Epoch   165/  200] trn/loss 1.665e-03, trn/lr 2.273e-03, val/acc 9.315e-01, val/nll 2.731e-01
[2023-02-07 00:27:44] [Epoch   166/  200] trn/loss 1.629e-03, trn/lr 2.150e-03, val/acc 9.323e-01, val/nll 2.708e-01
[2023-02-07 00:27:51] [Epoch   167/  200] trn/loss 1.651e-03, trn/lr 2.030e-03, val/acc 9.311e-01, val/nll 2.726e-01
[2023-02-07 00:27:58] [Epoch   168/  200] trn/loss 1.657e-03, trn/lr 1.913e-03, val/acc 9.324e-01, val/nll 2.717e-01
[2023-02-07 00:28:05] [Epoch   169/  200] trn/loss 1.602e-03, trn/lr 1.800e-03, val/acc 9.326e-01, val/nll 2.706e-01
[2023-02-07 00:28:12] [Epoch   170/  200] trn/loss 1.542e-03, trn/lr 1.689e-03, val/acc 9.321e-01, val/nll 2.703e-01
[2023-02-07 00:28:20] [Epoch   171/  200] trn/loss 1.589e-03, trn/lr 1.582e-03, val/acc 9.321e-01, val/nll 2.712e-01
[2023-02-07 00:28:27] [Epoch   172/  200] trn/loss 1.497e-03, trn/lr 1.479e-03, val/acc 9.323e-01, val/nll 2.700e-01
[2023-02-07 00:28:34] [Epoch   173/  200] trn/loss 1.579e-03, trn/lr 1.378e-03, val/acc 9.330e-01, val/nll 2.700e-01
[2023-02-07 00:28:41] [Epoch   174/  200] trn/loss 1.535e-03, trn/lr 1.281e-03, val/acc 9.325e-01, val/nll 2.698e-01
[2023-02-07 00:28:48] [Epoch   175/  200] trn/loss 1.488e-03, trn/lr 1.188e-03, val/acc 9.322e-01, val/nll 2.701e-01
[2023-02-07 00:28:56] [Epoch   176/  200] trn/loss 1.509e-03, trn/lr 1.098e-03, val/acc 9.327e-01, val/nll 2.697e-01
[2023-02-07 00:29:03] [Epoch   177/  200] trn/loss 1.458e-03, trn/lr 1.011e-03, val/acc 9.329e-01, val/nll 2.704e-01
[2023-02-07 00:29:10] [Epoch   178/  200] trn/loss 1.481e-03, trn/lr 9.275e-04, val/acc 9.327e-01, val/nll 2.691e-01
[2023-02-07 00:29:17] [Epoch   179/  200] trn/loss 1.453e-03, trn/lr 8.477e-04, val/acc 9.330e-01, val/nll 2.694e-01
[2023-02-07 00:29:24] [Epoch   180/  200] trn/loss 1.466e-03, trn/lr 7.714e-04, val/acc 9.326e-01, val/nll 2.700e-01
[2023-02-07 00:29:32] [Epoch   181/  200] trn/loss 1.434e-03, trn/lr 6.986e-04, val/acc 9.325e-01, val/nll 2.704e-01
[2023-02-07 00:29:39] [Epoch   182/  200] trn/loss 1.364e-03, trn/lr 6.293e-04, val/acc 9.326e-01, val/nll 2.701e-01
[2023-02-07 00:29:46] [Epoch   183/  200] trn/loss 1.418e-03, trn/lr 5.635e-04, val/acc 9.330e-01, val/nll 2.690e-01
[2023-02-07 00:29:53] [Epoch   184/  200] trn/loss 1.438e-03, trn/lr 5.013e-04, val/acc 9.331e-01, val/nll 2.696e-01
[2023-02-07 00:30:00] [Epoch   185/  200] trn/loss 1.351e-03, trn/lr 4.427e-04, val/acc 9.327e-01, val/nll 2.689e-01
[2023-02-07 00:30:08] [Epoch   186/  200] trn/loss 1.387e-03, trn/lr 3.877e-04, val/acc 9.335e-01, val/nll 2.696e-01 (best_acc: 9.332e-01 -> 9.335e-01, test_acc: 9.306e-01, test_nll: 2.735e-01)
[2023-02-07 00:30:16] [Epoch   187/  200] trn/loss 1.475e-03, trn/lr 3.363e-04, val/acc 9.326e-01, val/nll 2.696e-01
[2023-02-07 00:30:23] [Epoch   188/  200] trn/loss 1.345e-03, trn/lr 2.885e-04, val/acc 9.331e-01, val/nll 2.691e-01
[2023-02-07 00:30:30] [Epoch   189/  200] trn/loss 1.389e-03, trn/lr 2.444e-04, val/acc 9.330e-01, val/nll 2.681e-01
[2023-02-07 00:30:37] [Epoch   190/  200] trn/loss 1.397e-03, trn/lr 2.038e-04, val/acc 9.325e-01, val/nll 2.688e-01
[2023-02-07 00:30:45] [Epoch   191/  200] trn/loss 1.422e-03, trn/lr 1.670e-04, val/acc 9.323e-01, val/nll 2.680e-01
[2023-02-07 00:30:52] [Epoch   192/  200] trn/loss 1.367e-03, trn/lr 1.338e-04, val/acc 9.326e-01, val/nll 2.687e-01
[2023-02-07 00:30:59] [Epoch   193/  200] trn/loss 1.352e-03, trn/lr 1.042e-04, val/acc 9.325e-01, val/nll 2.688e-01
[2023-02-07 00:31:06] [Epoch   194/  200] trn/loss 1.393e-03, trn/lr 7.835e-05, val/acc 9.329e-01, val/nll 2.690e-01
[2023-02-07 00:31:13] [Epoch   195/  200] trn/loss 1.299e-03, trn/lr 5.616e-05, val/acc 9.330e-01, val/nll 2.692e-01
[2023-02-07 00:31:21] [Epoch   196/  200] trn/loss 1.378e-03, trn/lr 3.766e-05, val/acc 9.327e-01, val/nll 2.701e-01
[2023-02-07 00:31:28] [Epoch   197/  200] trn/loss 1.366e-03, trn/lr 2.286e-05, val/acc 9.324e-01, val/nll 2.690e-01
[2023-02-07 00:31:35] [Epoch   198/  200] trn/loss 1.392e-03, trn/lr 1.175e-05, val/acc 9.325e-01, val/nll 2.686e-01
[2023-02-07 00:31:42] [Epoch   199/  200] trn/loss 1.420e-03, trn/lr 4.335e-06, val/acc 9.323e-01, val/nll 2.693e-01
[2023-02-07 00:31:49] [Epoch   200/  200] trn/loss 1.484e-03, trn/lr 6.226e-07, val/acc 9.330e-01, val/nll 2.694e-01
