[2023-02-09 04:21:14] Environments:
------------  ------------------------------------------------------------
sys.platform  linux
Python        3.8.10 (default, Nov 14 2022, 12:59:47) [GCC 9.4.0]
JAX           0.4.2 @/home/giung/.local/lib/python3.8/site-packages/jax
jaxlib        0.4.2 @/home/giung/.local/lib/python3.8/site-packages/jaxlib
Flax          0.6.4 @/home/giung/.local/lib/python3.8/site-packages/flax
Optax         0.1.4 @/home/giung/.local/lib/python3.8/site-packages/optax
------------  ------------------------------------------------------------

[2023-02-09 04:21:14] Command line arguments:
- args.data_root          : ./data/
- args.data_name          : CIFAR10_x32
- args.data_augmentation  : standard
- args.data_proportional  : 1.0
- args.model_depth        : 20
- args.model_width        : 4
- args.model_style        : BN-ReLU
- args.optim_bs           : 256
- args.optim_ne           : 200
- args.optim_lr           : 0.0001
- args.optim_b1           : 0.9
- args.optim_b2           : 0.999
- args.optim_eps          : 1e-08
- args.optim_weight_decay : 0.001
- args.rho                : 0.0
- args.save               : /home/giung/giung2-dev/projects/sam/save/CIFAR10_x32/R20x4-BN-ReLU/Adam/bs-0256_ne-0200_lr-0.0001_b1-0.9000_b2-0.9990_wd-0.0010_rho-0.0000_fp32/42
- args.seed               : 42
- args.precision          : fp32

[2023-02-09 04:21:29] Multiple local devices are detected:
[TpuDevice(id=0, process_index=0, coords=(0,0,0), core_on_chip=0), TpuDevice(id=1, process_index=0, coords=(0,0,0), core_on_chip=1), TpuDevice(id=2, process_index=0, coords=(1,0,0), core_on_chip=0), TpuDevice(id=3, process_index=0, coords=(1,0,0), core_on_chip=1), TpuDevice(id=4, process_index=0, coords=(0,1,0), core_on_chip=0), TpuDevice(id=5, process_index=0, coords=(0,1,0), core_on_chip=1), TpuDevice(id=6, process_index=0, coords=(1,1,0), core_on_chip=0), TpuDevice(id=7, process_index=0, coords=(1,1,0), core_on_chip=1)]

[2023-02-09 04:22:29] [Epoch     1/  200] trn/loss 1.723e+00, trn/lr 1.000e-04, val/acc 4.862e-01, val/nll 1.407e+00 (best_acc: 0.000e+00 -> 4.862e-01, test_acc: 4.812e-01, test_nll: 1.404e+00)
[2023-02-09 04:22:38] [Epoch     2/  200] trn/loss 1.345e+00, trn/lr 9.999e-05, val/acc 5.403e-01, val/nll 1.275e+00 (best_acc: 4.862e-01 -> 5.403e-01, test_acc: 5.426e-01, test_nll: 1.283e+00)
[2023-02-09 04:22:46] [Epoch     3/  200] trn/loss 1.199e+00, trn/lr 9.996e-05, val/acc 5.961e-01, val/nll 1.124e+00 (best_acc: 5.403e-01 -> 5.961e-01, test_acc: 5.887e-01, test_nll: 1.142e+00)
[2023-02-09 04:22:54] [Epoch     4/  200] trn/loss 1.088e+00, trn/lr 9.992e-05, val/acc 6.298e-01, val/nll 1.048e+00 (best_acc: 5.961e-01 -> 6.298e-01, test_acc: 6.238e-01, test_nll: 1.076e+00)
[2023-02-09 04:23:02] [Epoch     5/  200] trn/loss 9.984e-01, trn/lr 9.987e-05, val/acc 6.618e-01, val/nll 9.722e-01 (best_acc: 6.298e-01 -> 6.618e-01, test_acc: 6.505e-01, test_nll: 1.010e+00)
[2023-02-09 04:23:10] [Epoch     6/  200] trn/loss 9.230e-01, trn/lr 9.981e-05, val/acc 6.559e-01, val/nll 1.012e+00
[2023-02-09 04:23:18] [Epoch     7/  200] trn/loss 8.597e-01, trn/lr 9.974e-05, val/acc 6.936e-01, val/nll 8.676e-01 (best_acc: 6.618e-01 -> 6.936e-01, test_acc: 6.988e-01, test_nll: 8.788e-01)
[2023-02-09 04:23:25] [Epoch     8/  200] trn/loss 8.000e-01, trn/lr 9.965e-05, val/acc 6.926e-01, val/nll 9.063e-01
[2023-02-09 04:23:34] [Epoch     9/  200] trn/loss 7.460e-01, trn/lr 9.955e-05, val/acc 7.132e-01, val/nll 8.414e-01 (best_acc: 6.936e-01 -> 7.132e-01, test_acc: 7.124e-01, test_nll: 8.593e-01)
[2023-02-09 04:23:42] [Epoch    10/  200] trn/loss 7.059e-01, trn/lr 9.944e-05, val/acc 7.440e-01, val/nll 7.473e-01 (best_acc: 7.132e-01 -> 7.440e-01, test_acc: 7.363e-01, test_nll: 7.589e-01)
[2023-02-09 04:23:49] [Epoch    11/  200] trn/loss 6.603e-01, trn/lr 9.932e-05, val/acc 7.225e-01, val/nll 8.081e-01
[2023-02-09 04:23:57] [Epoch    12/  200] trn/loss 6.200e-01, trn/lr 9.919e-05, val/acc 7.678e-01, val/nll 6.907e-01 (best_acc: 7.440e-01 -> 7.678e-01, test_acc: 7.654e-01, test_nll: 7.097e-01)
[2023-02-09 04:24:05] [Epoch    13/  200] trn/loss 5.929e-01, trn/lr 9.904e-05, val/acc 7.668e-01, val/nll 7.222e-01
[2023-02-09 04:24:12] [Epoch    14/  200] trn/loss 5.655e-01, trn/lr 9.888e-05, val/acc 7.619e-01, val/nll 7.279e-01
[2023-02-09 04:24:19] [Epoch    15/  200] trn/loss 5.331e-01, trn/lr 9.871e-05, val/acc 7.472e-01, val/nll 7.761e-01
[2023-02-09 04:24:28] [Epoch    16/  200] trn/loss 5.041e-01, trn/lr 9.853e-05, val/acc 7.778e-01, val/nll 6.849e-01 (best_acc: 7.678e-01 -> 7.778e-01, test_acc: 7.749e-01, test_nll: 6.992e-01)
[2023-02-09 04:24:36] [Epoch    17/  200] trn/loss 4.849e-01, trn/lr 9.833e-05, val/acc 7.831e-01, val/nll 6.711e-01 (best_acc: 7.778e-01 -> 7.831e-01, test_acc: 7.808e-01, test_nll: 6.844e-01)
[2023-02-09 04:24:44] [Epoch    18/  200] trn/loss 4.616e-01, trn/lr 9.812e-05, val/acc 8.106e-01, val/nll 5.797e-01 (best_acc: 7.831e-01 -> 8.106e-01, test_acc: 8.088e-01, test_nll: 5.905e-01)
[2023-02-09 04:24:51] [Epoch    19/  200] trn/loss 4.413e-01, trn/lr 9.790e-05, val/acc 7.913e-01, val/nll 6.341e-01
[2023-02-09 04:24:58] [Epoch    20/  200] trn/loss 4.227e-01, trn/lr 9.767e-05, val/acc 7.994e-01, val/nll 6.139e-01
[2023-02-09 04:25:06] [Epoch    21/  200] trn/loss 4.037e-01, trn/lr 9.743e-05, val/acc 8.014e-01, val/nll 6.115e-01
[2023-02-09 04:25:13] [Epoch    22/  200] trn/loss 3.927e-01, trn/lr 9.718e-05, val/acc 8.002e-01, val/nll 6.262e-01
[2023-02-09 04:25:20] [Epoch    23/  200] trn/loss 3.700e-01, trn/lr 9.691e-05, val/acc 8.034e-01, val/nll 6.437e-01
[2023-02-09 04:25:27] [Epoch    24/  200] trn/loss 3.559e-01, trn/lr 9.663e-05, val/acc 8.071e-01, val/nll 6.260e-01
[2023-02-09 04:25:35] [Epoch    25/  200] trn/loss 3.390e-01, trn/lr 9.634e-05, val/acc 7.642e-01, val/nll 8.047e-01
[2023-02-09 04:25:43] [Epoch    26/  200] trn/loss 3.339e-01, trn/lr 9.604e-05, val/acc 8.181e-01, val/nll 5.957e-01 (best_acc: 8.106e-01 -> 8.181e-01, test_acc: 8.141e-01, test_nll: 5.952e-01)
[2023-02-09 04:25:50] [Epoch    27/  200] trn/loss 3.176e-01, trn/lr 9.573e-05, val/acc 8.176e-01, val/nll 5.846e-01
[2023-02-09 04:25:57] [Epoch    28/  200] trn/loss 3.058e-01, trn/lr 9.541e-05, val/acc 8.117e-01, val/nll 6.361e-01
[2023-02-09 04:26:06] [Epoch    29/  200] trn/loss 2.921e-01, trn/lr 9.507e-05, val/acc 8.406e-01, val/nll 5.074e-01 (best_acc: 8.181e-01 -> 8.406e-01, test_acc: 8.353e-01, test_nll: 5.160e-01)
[2023-02-09 04:26:13] [Epoch    30/  200] trn/loss 2.779e-01, trn/lr 9.473e-05, val/acc 7.977e-01, val/nll 6.809e-01
[2023-02-09 04:26:20] [Epoch    31/  200] trn/loss 2.666e-01, trn/lr 9.437e-05, val/acc 8.037e-01, val/nll 6.671e-01
[2023-02-09 04:26:27] [Epoch    32/  200] trn/loss 2.562e-01, trn/lr 9.400e-05, val/acc 8.084e-01, val/nll 6.456e-01
[2023-02-09 04:26:36] [Epoch    33/  200] trn/loss 2.430e-01, trn/lr 9.363e-05, val/acc 8.434e-01, val/nll 5.037e-01 (best_acc: 8.406e-01 -> 8.434e-01, test_acc: 8.378e-01, test_nll: 5.209e-01)
[2023-02-09 04:26:43] [Epoch    34/  200] trn/loss 2.358e-01, trn/lr 9.324e-05, val/acc 8.083e-01, val/nll 6.569e-01
[2023-02-09 04:26:50] [Epoch    35/  200] trn/loss 2.244e-01, trn/lr 9.284e-05, val/acc 8.280e-01, val/nll 6.101e-01
[2023-02-09 04:26:57] [Epoch    36/  200] trn/loss 2.190e-01, trn/lr 9.243e-05, val/acc 8.264e-01, val/nll 5.944e-01
[2023-02-09 04:27:04] [Epoch    37/  200] trn/loss 2.111e-01, trn/lr 9.201e-05, val/acc 8.271e-01, val/nll 6.129e-01
[2023-02-09 04:27:12] [Epoch    38/  200] trn/loss 2.028e-01, trn/lr 9.157e-05, val/acc 8.387e-01, val/nll 5.320e-01
[2023-02-09 04:27:20] [Epoch    39/  200] trn/loss 1.920e-01, trn/lr 9.113e-05, val/acc 8.498e-01, val/nll 4.870e-01 (best_acc: 8.434e-01 -> 8.498e-01, test_acc: 8.543e-01, test_nll: 4.879e-01)
[2023-02-09 04:27:27] [Epoch    40/  200] trn/loss 1.913e-01, trn/lr 9.068e-05, val/acc 8.455e-01, val/nll 5.104e-01
[2023-02-09 04:27:34] [Epoch    41/  200] trn/loss 1.763e-01, trn/lr 9.022e-05, val/acc 8.467e-01, val/nll 5.216e-01
[2023-02-09 04:27:42] [Epoch    42/  200] trn/loss 1.709e-01, trn/lr 8.975e-05, val/acc 8.437e-01, val/nll 5.538e-01
[2023-02-09 04:27:49] [Epoch    43/  200] trn/loss 1.702e-01, trn/lr 8.927e-05, val/acc 8.258e-01, val/nll 6.186e-01
[2023-02-09 04:27:56] [Epoch    44/  200] trn/loss 1.577e-01, trn/lr 8.878e-05, val/acc 7.978e-01, val/nll 7.619e-01
[2023-02-09 04:28:03] [Epoch    45/  200] trn/loss 1.570e-01, trn/lr 8.828e-05, val/acc 8.361e-01, val/nll 5.916e-01
[2023-02-09 04:28:10] [Epoch    46/  200] trn/loss 1.468e-01, trn/lr 8.777e-05, val/acc 8.494e-01, val/nll 5.142e-01
[2023-02-09 04:28:19] [Epoch    47/  200] trn/loss 1.402e-01, trn/lr 8.725e-05, val/acc 8.560e-01, val/nll 4.876e-01 (best_acc: 8.498e-01 -> 8.560e-01, test_acc: 8.553e-01, test_nll: 4.948e-01)
[2023-02-09 04:28:26] [Epoch    48/  200] trn/loss 1.384e-01, trn/lr 8.672e-05, val/acc 8.345e-01, val/nll 5.738e-01
[2023-02-09 04:28:33] [Epoch    49/  200] trn/loss 1.367e-01, trn/lr 8.618e-05, val/acc 8.437e-01, val/nll 5.483e-01
[2023-02-09 04:28:40] [Epoch    50/  200] trn/loss 1.261e-01, trn/lr 8.563e-05, val/acc 8.496e-01, val/nll 5.563e-01
[2023-02-09 04:28:48] [Epoch    51/  200] trn/loss 1.214e-01, trn/lr 8.508e-05, val/acc 8.282e-01, val/nll 6.108e-01
[2023-02-09 04:28:55] [Epoch    52/  200] trn/loss 1.192e-01, trn/lr 8.451e-05, val/acc 8.431e-01, val/nll 5.582e-01
[2023-02-09 04:29:02] [Epoch    53/  200] trn/loss 1.176e-01, trn/lr 8.394e-05, val/acc 8.444e-01, val/nll 5.683e-01
[2023-02-09 04:29:09] [Epoch    54/  200] trn/loss 1.076e-01, trn/lr 8.336e-05, val/acc 8.537e-01, val/nll 5.157e-01
[2023-02-09 04:29:18] [Epoch    55/  200] trn/loss 1.043e-01, trn/lr 8.277e-05, val/acc 8.579e-01, val/nll 5.106e-01 (best_acc: 8.560e-01 -> 8.579e-01, test_acc: 8.553e-01, test_nll: 5.418e-01)
[2023-02-09 04:29:26] [Epoch    56/  200] trn/loss 9.900e-02, trn/lr 8.217e-05, val/acc 8.604e-01, val/nll 4.961e-01 (best_acc: 8.579e-01 -> 8.604e-01, test_acc: 8.586e-01, test_nll: 5.055e-01)
[2023-02-09 04:29:33] [Epoch    57/  200] trn/loss 1.002e-01, trn/lr 8.157e-05, val/acc 8.551e-01, val/nll 5.130e-01
[2023-02-09 04:29:40] [Epoch    58/  200] trn/loss 9.273e-02, trn/lr 8.096e-05, val/acc 8.572e-01, val/nll 5.297e-01
[2023-02-09 04:29:48] [Epoch    59/  200] trn/loss 9.569e-02, trn/lr 8.034e-05, val/acc 8.473e-01, val/nll 5.807e-01
[2023-02-09 04:29:56] [Epoch    60/  200] trn/loss 9.053e-02, trn/lr 7.971e-05, val/acc 8.679e-01, val/nll 4.760e-01 (best_acc: 8.604e-01 -> 8.679e-01, test_acc: 8.626e-01, test_nll: 5.027e-01)
[2023-02-09 04:30:03] [Epoch    61/  200] trn/loss 8.894e-02, trn/lr 7.907e-05, val/acc 8.413e-01, val/nll 5.684e-01
[2023-02-09 04:30:10] [Epoch    62/  200] trn/loss 8.587e-02, trn/lr 7.843e-05, val/acc 8.586e-01, val/nll 5.292e-01
[2023-02-09 04:30:18] [Epoch    63/  200] trn/loss 8.140e-02, trn/lr 7.778e-05, val/acc 8.525e-01, val/nll 5.597e-01
[2023-02-09 04:30:25] [Epoch    64/  200] trn/loss 8.022e-02, trn/lr 7.712e-05, val/acc 8.574e-01, val/nll 5.372e-01
[2023-02-09 04:30:32] [Epoch    65/  200] trn/loss 7.203e-02, trn/lr 7.646e-05, val/acc 8.640e-01, val/nll 4.816e-01
[2023-02-09 04:30:39] [Epoch    66/  200] trn/loss 7.851e-02, trn/lr 7.579e-05, val/acc 8.338e-01, val/nll 6.711e-01
[2023-02-09 04:30:47] [Epoch    67/  200] trn/loss 7.367e-02, trn/lr 7.512e-05, val/acc 8.575e-01, val/nll 5.393e-01
[2023-02-09 04:30:54] [Epoch    68/  200] trn/loss 6.782e-02, trn/lr 7.443e-05, val/acc 8.563e-01, val/nll 5.413e-01
[2023-02-09 04:31:01] [Epoch    69/  200] trn/loss 6.982e-02, trn/lr 7.374e-05, val/acc 8.629e-01, val/nll 5.160e-01
[2023-02-09 04:31:08] [Epoch    70/  200] trn/loss 6.497e-02, trn/lr 7.305e-05, val/acc 8.462e-01, val/nll 5.811e-01
[2023-02-09 04:31:16] [Epoch    71/  200] trn/loss 6.871e-02, trn/lr 7.235e-05, val/acc 8.563e-01, val/nll 5.653e-01
[2023-02-09 04:31:23] [Epoch    72/  200] trn/loss 6.577e-02, trn/lr 7.165e-05, val/acc 8.417e-01, val/nll 6.321e-01
[2023-02-09 04:31:31] [Epoch    73/  200] trn/loss 6.582e-02, trn/lr 7.093e-05, val/acc 8.781e-01, val/nll 4.560e-01 (best_acc: 8.679e-01 -> 8.781e-01, test_acc: 8.715e-01, test_nll: 4.573e-01)
[2023-02-09 04:31:39] [Epoch    74/  200] trn/loss 6.036e-02, trn/lr 7.022e-05, val/acc 8.698e-01, val/nll 4.672e-01
[2023-02-09 04:31:46] [Epoch    75/  200] trn/loss 6.048e-02, trn/lr 6.950e-05, val/acc 8.764e-01, val/nll 4.457e-01
[2023-02-09 04:31:53] [Epoch    76/  200] trn/loss 5.966e-02, trn/lr 6.877e-05, val/acc 8.697e-01, val/nll 4.992e-01
[2023-02-09 04:32:00] [Epoch    77/  200] trn/loss 5.502e-02, trn/lr 6.804e-05, val/acc 8.455e-01, val/nll 5.917e-01
[2023-02-09 04:32:07] [Epoch    78/  200] trn/loss 5.722e-02, trn/lr 6.731e-05, val/acc 8.575e-01, val/nll 5.554e-01
[2023-02-09 04:32:15] [Epoch    79/  200] trn/loss 5.317e-02, trn/lr 6.657e-05, val/acc 8.508e-01, val/nll 6.101e-01
[2023-02-09 04:32:22] [Epoch    80/  200] trn/loss 5.038e-02, trn/lr 6.583e-05, val/acc 8.681e-01, val/nll 5.080e-01
[2023-02-09 04:32:29] [Epoch    81/  200] trn/loss 5.017e-02, trn/lr 6.508e-05, val/acc 8.733e-01, val/nll 4.760e-01
[2023-02-09 04:32:36] [Epoch    82/  200] trn/loss 5.007e-02, trn/lr 6.433e-05, val/acc 8.733e-01, val/nll 4.948e-01
[2023-02-09 04:32:44] [Epoch    83/  200] trn/loss 4.856e-02, trn/lr 6.357e-05, val/acc 8.614e-01, val/nll 5.158e-01
[2023-02-09 04:32:51] [Epoch    84/  200] trn/loss 4.376e-02, trn/lr 6.282e-05, val/acc 8.742e-01, val/nll 4.771e-01
[2023-02-09 04:32:58] [Epoch    85/  200] trn/loss 4.570e-02, trn/lr 6.206e-05, val/acc 8.525e-01, val/nll 5.773e-01
[2023-02-09 04:33:05] [Epoch    86/  200] trn/loss 4.511e-02, trn/lr 6.129e-05, val/acc 8.712e-01, val/nll 4.844e-01
[2023-02-09 04:33:13] [Epoch    87/  200] trn/loss 4.289e-02, trn/lr 6.053e-05, val/acc 8.715e-01, val/nll 4.975e-01
[2023-02-09 04:33:20] [Epoch    88/  200] trn/loss 4.054e-02, trn/lr 5.976e-05, val/acc 8.733e-01, val/nll 4.910e-01
[2023-02-09 04:33:28] [Epoch    89/  200] trn/loss 4.554e-02, trn/lr 5.899e-05, val/acc 8.794e-01, val/nll 4.533e-01 (best_acc: 8.781e-01 -> 8.794e-01, test_acc: 8.771e-01, test_nll: 4.708e-01)
[2023-02-09 04:33:35] [Epoch    90/  200] trn/loss 3.931e-02, trn/lr 5.821e-05, val/acc 8.720e-01, val/nll 5.054e-01
[2023-02-09 04:33:43] [Epoch    91/  200] trn/loss 4.397e-02, trn/lr 5.744e-05, val/acc 8.793e-01, val/nll 4.422e-01
[2023-02-09 04:33:50] [Epoch    92/  200] trn/loss 3.467e-02, trn/lr 5.666e-05, val/acc 8.775e-01, val/nll 4.993e-01
[2023-02-09 04:33:58] [Epoch    93/  200] trn/loss 3.511e-02, trn/lr 5.588e-05, val/acc 8.795e-01, val/nll 4.805e-01 (best_acc: 8.794e-01 -> 8.795e-01, test_acc: 8.763e-01, test_nll: 4.791e-01)
[2023-02-09 04:34:05] [Epoch    94/  200] trn/loss 3.543e-02, trn/lr 5.510e-05, val/acc 8.742e-01, val/nll 4.832e-01
[2023-02-09 04:34:13] [Epoch    95/  200] trn/loss 3.370e-02, trn/lr 5.432e-05, val/acc 8.744e-01, val/nll 4.891e-01
[2023-02-09 04:34:20] [Epoch    96/  200] trn/loss 3.694e-02, trn/lr 5.353e-05, val/acc 8.702e-01, val/nll 5.032e-01
[2023-02-09 04:34:27] [Epoch    97/  200] trn/loss 3.531e-02, trn/lr 5.275e-05, val/acc 8.688e-01, val/nll 5.169e-01
[2023-02-09 04:34:35] [Epoch    98/  200] trn/loss 3.382e-02, trn/lr 5.197e-05, val/acc 8.653e-01, val/nll 5.600e-01
[2023-02-09 04:34:42] [Epoch    99/  200] trn/loss 3.370e-02, trn/lr 5.118e-05, val/acc 8.726e-01, val/nll 4.833e-01
[2023-02-09 04:34:49] [Epoch   100/  200] trn/loss 3.288e-02, trn/lr 5.040e-05, val/acc 8.701e-01, val/nll 5.131e-01
[2023-02-09 04:34:56] [Epoch   101/  200] trn/loss 2.848e-02, trn/lr 4.961e-05, val/acc 8.767e-01, val/nll 4.967e-01
[2023-02-09 04:35:05] [Epoch   102/  200] trn/loss 3.031e-02, trn/lr 4.882e-05, val/acc 8.801e-01, val/nll 4.622e-01 (best_acc: 8.795e-01 -> 8.801e-01, test_acc: 8.792e-01, test_nll: 4.755e-01)
[2023-02-09 04:35:13] [Epoch   103/  200] trn/loss 3.044e-02, trn/lr 4.804e-05, val/acc 8.835e-01, val/nll 4.596e-01 (best_acc: 8.801e-01 -> 8.835e-01, test_acc: 8.771e-01, test_nll: 4.742e-01)
[2023-02-09 04:35:20] [Epoch   104/  200] trn/loss 2.983e-02, trn/lr 4.725e-05, val/acc 8.671e-01, val/nll 5.254e-01
[2023-02-09 04:35:27] [Epoch   105/  200] trn/loss 2.867e-02, trn/lr 4.647e-05, val/acc 8.783e-01, val/nll 4.791e-01
[2023-02-09 04:35:34] [Epoch   106/  200] trn/loss 2.368e-02, trn/lr 4.569e-05, val/acc 8.832e-01, val/nll 4.481e-01
[2023-02-09 04:35:43] [Epoch   107/  200] trn/loss 2.463e-02, trn/lr 4.491e-05, val/acc 8.850e-01, val/nll 4.478e-01 (best_acc: 8.835e-01 -> 8.850e-01, test_acc: 8.839e-01, test_nll: 4.535e-01)
[2023-02-09 04:35:50] [Epoch   108/  200] trn/loss 2.801e-02, trn/lr 4.413e-05, val/acc 8.705e-01, val/nll 5.023e-01
[2023-02-09 04:35:57] [Epoch   109/  200] trn/loss 2.482e-02, trn/lr 4.335e-05, val/acc 8.774e-01, val/nll 4.797e-01
[2023-02-09 04:36:04] [Epoch   110/  200] trn/loss 2.577e-02, trn/lr 4.257e-05, val/acc 8.585e-01, val/nll 6.058e-01
[2023-02-09 04:36:12] [Epoch   111/  200] trn/loss 2.718e-02, trn/lr 4.179e-05, val/acc 8.830e-01, val/nll 4.708e-01
[2023-02-09 04:36:19] [Epoch   112/  200] trn/loss 2.404e-02, trn/lr 4.102e-05, val/acc 8.811e-01, val/nll 4.562e-01
[2023-02-09 04:36:26] [Epoch   113/  200] trn/loss 1.971e-02, trn/lr 4.025e-05, val/acc 8.805e-01, val/nll 4.731e-01
[2023-02-09 04:36:33] [Epoch   114/  200] trn/loss 1.878e-02, trn/lr 3.948e-05, val/acc 8.796e-01, val/nll 4.732e-01
[2023-02-09 04:36:41] [Epoch   115/  200] trn/loss 1.917e-02, trn/lr 3.871e-05, val/acc 8.757e-01, val/nll 4.861e-01
[2023-02-09 04:36:48] [Epoch   116/  200] trn/loss 1.990e-02, trn/lr 3.795e-05, val/acc 8.844e-01, val/nll 4.522e-01
[2023-02-09 04:36:56] [Epoch   117/  200] trn/loss 2.241e-02, trn/lr 3.719e-05, val/acc 8.854e-01, val/nll 4.525e-01 (best_acc: 8.850e-01 -> 8.854e-01, test_acc: 8.808e-01, test_nll: 4.566e-01)
[2023-02-09 04:37:03] [Epoch   118/  200] trn/loss 2.139e-02, trn/lr 3.643e-05, val/acc 8.827e-01, val/nll 4.714e-01
[2023-02-09 04:37:11] [Epoch   119/  200] trn/loss 1.879e-02, trn/lr 3.568e-05, val/acc 8.852e-01, val/nll 4.591e-01
[2023-02-09 04:37:18] [Epoch   120/  200] trn/loss 1.711e-02, trn/lr 3.493e-05, val/acc 8.814e-01, val/nll 4.787e-01
[2023-02-09 04:37:25] [Epoch   121/  200] trn/loss 1.776e-02, trn/lr 3.418e-05, val/acc 8.845e-01, val/nll 4.571e-01
[2023-02-09 04:37:33] [Epoch   122/  200] trn/loss 1.784e-02, trn/lr 3.344e-05, val/acc 8.913e-01, val/nll 4.212e-01 (best_acc: 8.854e-01 -> 8.913e-01, test_acc: 8.867e-01, test_nll: 4.241e-01)
[2023-02-09 04:37:41] [Epoch   123/  200] trn/loss 1.544e-02, trn/lr 3.270e-05, val/acc 8.875e-01, val/nll 4.487e-01
[2023-02-09 04:37:48] [Epoch   124/  200] trn/loss 1.827e-02, trn/lr 3.196e-05, val/acc 8.810e-01, val/nll 4.807e-01
[2023-02-09 04:37:55] [Epoch   125/  200] trn/loss 1.559e-02, trn/lr 3.123e-05, val/acc 8.881e-01, val/nll 4.392e-01
[2023-02-09 04:38:02] [Epoch   126/  200] trn/loss 1.445e-02, trn/lr 3.051e-05, val/acc 8.881e-01, val/nll 4.360e-01
[2023-02-09 04:38:10] [Epoch   127/  200] trn/loss 1.367e-02, trn/lr 2.979e-05, val/acc 8.883e-01, val/nll 4.419e-01
[2023-02-09 04:38:17] [Epoch   128/  200] trn/loss 1.479e-02, trn/lr 2.907e-05, val/acc 8.907e-01, val/nll 4.178e-01
[2023-02-09 04:38:24] [Epoch   129/  200] trn/loss 1.630e-02, trn/lr 2.836e-05, val/acc 8.894e-01, val/nll 4.163e-01
[2023-02-09 04:38:31] [Epoch   130/  200] trn/loss 1.336e-02, trn/lr 2.765e-05, val/acc 8.893e-01, val/nll 4.300e-01
[2023-02-09 04:38:39] [Epoch   131/  200] trn/loss 1.238e-02, trn/lr 2.695e-05, val/acc 8.855e-01, val/nll 4.451e-01
[2023-02-09 04:38:46] [Epoch   132/  200] trn/loss 1.397e-02, trn/lr 2.626e-05, val/acc 8.885e-01, val/nll 4.341e-01
[2023-02-09 04:38:53] [Epoch   133/  200] trn/loss 1.218e-02, trn/lr 2.557e-05, val/acc 8.896e-01, val/nll 4.181e-01
[2023-02-09 04:39:00] [Epoch   134/  200] trn/loss 1.123e-02, trn/lr 2.489e-05, val/acc 8.878e-01, val/nll 4.577e-01
[2023-02-09 04:39:08] [Epoch   135/  200] trn/loss 1.204e-02, trn/lr 2.421e-05, val/acc 8.819e-01, val/nll 4.523e-01
[2023-02-09 04:39:16] [Epoch   136/  200] trn/loss 1.147e-02, trn/lr 2.354e-05, val/acc 8.917e-01, val/nll 4.250e-01 (best_acc: 8.913e-01 -> 8.917e-01, test_acc: 8.913e-01, test_nll: 4.191e-01)
[2023-02-09 04:39:23] [Epoch   137/  200] trn/loss 9.778e-03, trn/lr 2.288e-05, val/acc 8.913e-01, val/nll 4.297e-01
[2023-02-09 04:39:30] [Epoch   138/  200] trn/loss 1.152e-02, trn/lr 2.222e-05, val/acc 8.902e-01, val/nll 4.294e-01
[2023-02-09 04:39:38] [Epoch   139/  200] trn/loss 1.028e-02, trn/lr 2.157e-05, val/acc 8.909e-01, val/nll 4.316e-01
[2023-02-09 04:39:45] [Epoch   140/  200] trn/loss 9.106e-03, trn/lr 2.093e-05, val/acc 8.899e-01, val/nll 4.402e-01
[2023-02-09 04:39:52] [Epoch   141/  200] trn/loss 1.009e-02, trn/lr 2.030e-05, val/acc 8.887e-01, val/nll 4.274e-01
[2023-02-09 04:39:59] [Epoch   142/  200] trn/loss 9.618e-03, trn/lr 1.967e-05, val/acc 8.912e-01, val/nll 4.163e-01
[2023-02-09 04:40:08] [Epoch   143/  200] trn/loss 7.683e-03, trn/lr 1.905e-05, val/acc 8.961e-01, val/nll 4.090e-01 (best_acc: 8.917e-01 -> 8.961e-01, test_acc: 8.913e-01, test_nll: 4.172e-01)
[2023-02-09 04:40:15] [Epoch   144/  200] trn/loss 8.503e-03, trn/lr 1.843e-05, val/acc 8.939e-01, val/nll 4.225e-01
[2023-02-09 04:40:22] [Epoch   145/  200] trn/loss 9.820e-03, trn/lr 1.783e-05, val/acc 8.898e-01, val/nll 4.243e-01
[2023-02-09 04:40:29] [Epoch   146/  200] trn/loss 8.616e-03, trn/lr 1.723e-05, val/acc 8.930e-01, val/nll 4.099e-01
[2023-02-09 04:40:37] [Epoch   147/  200] trn/loss 8.161e-03, trn/lr 1.664e-05, val/acc 8.929e-01, val/nll 4.142e-01
[2023-02-09 04:40:44] [Epoch   148/  200] trn/loss 7.326e-03, trn/lr 1.606e-05, val/acc 8.908e-01, val/nll 4.262e-01
[2023-02-09 04:40:51] [Epoch   149/  200] trn/loss 7.900e-03, trn/lr 1.549e-05, val/acc 8.947e-01, val/nll 4.033e-01
[2023-02-09 04:40:59] [Epoch   150/  200] trn/loss 7.321e-03, trn/lr 1.493e-05, val/acc 8.962e-01, val/nll 4.020e-01 (best_acc: 8.961e-01 -> 8.962e-01, test_acc: 8.936e-01, test_nll: 4.051e-01)
[2023-02-09 04:41:07] [Epoch   151/  200] trn/loss 8.053e-03, trn/lr 1.437e-05, val/acc 8.925e-01, val/nll 4.165e-01
[2023-02-09 04:41:14] [Epoch   152/  200] trn/loss 7.719e-03, trn/lr 1.382e-05, val/acc 8.935e-01, val/nll 4.182e-01
[2023-02-09 04:41:21] [Epoch   153/  200] trn/loss 6.818e-03, trn/lr 1.329e-05, val/acc 8.914e-01, val/nll 4.146e-01
[2023-02-09 04:41:28] [Epoch   154/  200] trn/loss 6.485e-03, trn/lr 1.276e-05, val/acc 8.961e-01, val/nll 4.073e-01
[2023-02-09 04:41:37] [Epoch   155/  200] trn/loss 6.636e-03, trn/lr 1.224e-05, val/acc 8.970e-01, val/nll 4.010e-01 (best_acc: 8.962e-01 -> 8.970e-01, test_acc: 8.987e-01, test_nll: 3.969e-01)
[2023-02-09 04:41:44] [Epoch   156/  200] trn/loss 6.465e-03, trn/lr 1.173e-05, val/acc 8.960e-01, val/nll 3.990e-01
[2023-02-09 04:41:51] [Epoch   157/  200] trn/loss 6.367e-03, trn/lr 1.123e-05, val/acc 8.924e-01, val/nll 4.128e-01
[2023-02-09 04:41:58] [Epoch   158/  200] trn/loss 6.278e-03, trn/lr 1.074e-05, val/acc 8.966e-01, val/nll 3.973e-01
[2023-02-09 04:42:06] [Epoch   159/  200] trn/loss 5.855e-03, trn/lr 1.025e-05, val/acc 8.947e-01, val/nll 4.046e-01
[2023-02-09 04:42:13] [Epoch   160/  200] trn/loss 6.087e-03, trn/lr 9.783e-06, val/acc 8.948e-01, val/nll 4.051e-01
[2023-02-09 04:42:21] [Epoch   161/  200] trn/loss 5.403e-03, trn/lr 9.321e-06, val/acc 8.978e-01, val/nll 3.922e-01 (best_acc: 8.970e-01 -> 8.978e-01, test_acc: 8.969e-01, test_nll: 3.933e-01)
[2023-02-09 04:42:29] [Epoch   162/  200] trn/loss 5.413e-03, trn/lr 8.870e-06, val/acc 8.987e-01, val/nll 3.940e-01 (best_acc: 8.978e-01 -> 8.987e-01, test_acc: 8.988e-01, test_nll: 3.912e-01)
[2023-02-09 04:42:37] [Epoch   163/  200] trn/loss 5.415e-03, trn/lr 8.428e-06, val/acc 8.959e-01, val/nll 3.976e-01
[2023-02-09 04:42:44] [Epoch   164/  200] trn/loss 5.674e-03, trn/lr 7.997e-06, val/acc 8.976e-01, val/nll 4.016e-01
[2023-02-09 04:42:51] [Epoch   165/  200] trn/loss 5.805e-03, trn/lr 7.576e-06, val/acc 8.980e-01, val/nll 3.935e-01
[2023-02-09 04:42:58] [Epoch   166/  200] trn/loss 5.519e-03, trn/lr 7.166e-06, val/acc 8.972e-01, val/nll 3.924e-01
[2023-02-09 04:43:07] [Epoch   167/  200] trn/loss 5.149e-03, trn/lr 6.766e-06, val/acc 8.993e-01, val/nll 3.875e-01 (best_acc: 8.987e-01 -> 8.993e-01, test_acc: 8.972e-01, test_nll: 3.895e-01)
[2023-02-09 04:43:15] [Epoch   168/  200] trn/loss 4.973e-03, trn/lr 6.377e-06, val/acc 9.009e-01, val/nll 3.891e-01 (best_acc: 8.993e-01 -> 9.009e-01, test_acc: 8.970e-01, test_nll: 3.901e-01)
[2023-02-09 04:43:22] [Epoch   169/  200] trn/loss 5.365e-03, trn/lr 5.998e-06, val/acc 8.978e-01, val/nll 3.949e-01
[2023-02-09 04:43:30] [Epoch   170/  200] trn/loss 4.682e-03, trn/lr 5.631e-06, val/acc 8.997e-01, val/nll 3.827e-01
[2023-02-09 04:43:37] [Epoch   171/  200] trn/loss 4.875e-03, trn/lr 5.274e-06, val/acc 9.008e-01, val/nll 3.832e-01
[2023-02-09 04:43:44] [Epoch   172/  200] trn/loss 4.702e-03, trn/lr 4.929e-06, val/acc 8.999e-01, val/nll 3.811e-01
[2023-02-09 04:43:51] [Epoch   173/  200] trn/loss 4.640e-03, trn/lr 4.594e-06, val/acc 8.979e-01, val/nll 3.827e-01
[2023-02-09 04:43:59] [Epoch   174/  200] trn/loss 4.836e-03, trn/lr 4.271e-06, val/acc 8.983e-01, val/nll 3.873e-01
[2023-02-09 04:44:06] [Epoch   175/  200] trn/loss 4.837e-03, trn/lr 3.959e-06, val/acc 8.989e-01, val/nll 3.892e-01
[2023-02-09 04:44:13] [Epoch   176/  200] trn/loss 5.027e-03, trn/lr 3.659e-06, val/acc 8.975e-01, val/nll 3.911e-01
[2023-02-09 04:44:20] [Epoch   177/  200] trn/loss 4.390e-03, trn/lr 3.369e-06, val/acc 8.987e-01, val/nll 3.844e-01
[2023-02-09 04:44:28] [Epoch   178/  200] trn/loss 4.563e-03, trn/lr 3.092e-06, val/acc 8.980e-01, val/nll 3.840e-01
[2023-02-09 04:44:35] [Epoch   179/  200] trn/loss 4.565e-03, trn/lr 2.826e-06, val/acc 8.990e-01, val/nll 3.856e-01
[2023-02-09 04:44:42] [Epoch   180/  200] trn/loss 4.566e-03, trn/lr 2.571e-06, val/acc 8.973e-01, val/nll 3.876e-01
[2023-02-09 04:44:49] [Epoch   181/  200] trn/loss 4.208e-03, trn/lr 2.329e-06, val/acc 8.991e-01, val/nll 3.818e-01
[2023-02-09 04:44:56] [Epoch   182/  200] trn/loss 4.354e-03, trn/lr 2.098e-06, val/acc 9.002e-01, val/nll 3.842e-01
[2023-02-09 04:45:04] [Epoch   183/  200] trn/loss 4.211e-03, trn/lr 1.878e-06, val/acc 8.991e-01, val/nll 3.824e-01
[2023-02-09 04:45:11] [Epoch   184/  200] trn/loss 4.221e-03, trn/lr 1.671e-06, val/acc 8.996e-01, val/nll 3.802e-01
[2023-02-09 04:45:18] [Epoch   185/  200] trn/loss 3.893e-03, trn/lr 1.476e-06, val/acc 9.001e-01, val/nll 3.794e-01
[2023-02-09 04:45:25] [Epoch   186/  200] trn/loss 3.922e-03, trn/lr 1.292e-06, val/acc 8.993e-01, val/nll 3.816e-01
[2023-02-09 04:45:33] [Epoch   187/  200] trn/loss 4.328e-03, trn/lr 1.121e-06, val/acc 8.987e-01, val/nll 3.820e-01
[2023-02-09 04:45:40] [Epoch   188/  200] trn/loss 4.000e-03, trn/lr 9.617e-07, val/acc 8.985e-01, val/nll 3.817e-01
[2023-02-09 04:45:47] [Epoch   189/  200] trn/loss 4.167e-03, trn/lr 8.145e-07, val/acc 8.983e-01, val/nll 3.810e-01
[2023-02-09 04:45:54] [Epoch   190/  200] trn/loss 4.061e-03, trn/lr 6.794e-07, val/acc 8.963e-01, val/nll 3.818e-01
[2023-02-09 04:46:02] [Epoch   191/  200] trn/loss 4.094e-03, trn/lr 5.565e-07, val/acc 8.990e-01, val/nll 3.798e-01
[2023-02-09 04:46:09] [Epoch   192/  200] trn/loss 3.976e-03, trn/lr 4.458e-07, val/acc 8.982e-01, val/nll 3.809e-01
[2023-02-09 04:46:16] [Epoch   193/  200] trn/loss 3.976e-03, trn/lr 3.474e-07, val/acc 8.991e-01, val/nll 3.800e-01
[2023-02-09 04:46:23] [Epoch   194/  200] trn/loss 4.137e-03, trn/lr 2.612e-07, val/acc 8.996e-01, val/nll 3.788e-01
[2023-02-09 04:46:31] [Epoch   195/  200] trn/loss 3.854e-03, trn/lr 1.872e-07, val/acc 8.989e-01, val/nll 3.796e-01
[2023-02-09 04:46:38] [Epoch   196/  200] trn/loss 3.991e-03, trn/lr 1.255e-07, val/acc 8.986e-01, val/nll 3.800e-01
[2023-02-09 04:46:45] [Epoch   197/  200] trn/loss 3.981e-03, trn/lr 7.619e-08, val/acc 8.983e-01, val/nll 3.801e-01
[2023-02-09 04:46:52] [Epoch   198/  200] trn/loss 4.024e-03, trn/lr 3.916e-08, val/acc 8.989e-01, val/nll 3.805e-01
[2023-02-09 04:47:00] [Epoch   199/  200] trn/loss 3.855e-03, trn/lr 1.445e-08, val/acc 8.993e-01, val/nll 3.795e-01
[2023-02-09 04:47:07] [Epoch   200/  200] trn/loss 4.034e-03, trn/lr 2.075e-09, val/acc 8.987e-01, val/nll 3.789e-01
