[2023-02-08 23:34:25] Environments:
------------  ------------------------------------------------------------
sys.platform  linux
Python        3.8.10 (default, Nov 14 2022, 12:59:47) [GCC 9.4.0]
JAX           0.4.2 @/home/giung/.local/lib/python3.8/site-packages/jax
jaxlib        0.4.2 @/home/giung/.local/lib/python3.8/site-packages/jaxlib
Flax          0.6.4 @/home/giung/.local/lib/python3.8/site-packages/flax
Optax         0.1.4 @/home/giung/.local/lib/python3.8/site-packages/optax
------------  ------------------------------------------------------------

[2023-02-08 23:34:25] Command line arguments:
- args.data_root          : ./data/
- args.data_name          : CIFAR10_x32
- args.data_augmentation  : standard
- args.data_proportional  : 1.0
- args.model_depth        : 20
- args.model_width        : 4
- args.model_style        : BN-ReLU
- args.optim_bs           : 256
- args.optim_ne           : 200
- args.optim_lr           : 0.0003
- args.optim_b1           : 0.97
- args.optim_b2           : 0.999
- args.optim_eps          : 1e-08
- args.optim_weight_decay : 0.003
- args.rho                : 0.0
- args.save               : /home/giung/giung2-dev/projects/sam/save/CIFAR10_x32/R20x4-BN-ReLU/Adam/bs-0256_ne-0200_lr-0.0003_b1-0.9700_b2-0.9990_wd-0.0030_rho-0.0000_fp32/42
- args.seed               : 42
- args.precision          : fp32

[2023-02-08 23:34:31] Multiple local devices are detected:
[TpuDevice(id=0, process_index=0, coords=(0,0,0), core_on_chip=0), TpuDevice(id=1, process_index=0, coords=(0,0,0), core_on_chip=1), TpuDevice(id=2, process_index=0, coords=(1,0,0), core_on_chip=0), TpuDevice(id=3, process_index=0, coords=(1,0,0), core_on_chip=1), TpuDevice(id=4, process_index=0, coords=(0,1,0), core_on_chip=0), TpuDevice(id=5, process_index=0, coords=(0,1,0), core_on_chip=1), TpuDevice(id=6, process_index=0, coords=(1,1,0), core_on_chip=0), TpuDevice(id=7, process_index=0, coords=(1,1,0), core_on_chip=1)]

[2023-02-08 23:35:32] [Epoch     1/  200] trn/loss 1.609e+00, trn/lr 3.000e-04, val/acc 5.202e-01, val/nll 1.351e+00 (best_acc: 0.000e+00 -> 5.202e-01, test_acc: 5.118e-01, test_nll: 1.344e+00)
[2023-02-08 23:35:41] [Epoch     2/  200] trn/loss 1.201e+00, trn/lr 3.000e-04, val/acc 5.616e-01, val/nll 1.278e+00 (best_acc: 5.202e-01 -> 5.616e-01, test_acc: 5.620e-01, test_nll: 1.292e+00)
[2023-02-08 23:35:49] [Epoch     3/  200] trn/loss 9.968e-01, trn/lr 2.999e-04, val/acc 6.758e-01, val/nll 9.301e-01 (best_acc: 5.616e-01 -> 6.758e-01, test_acc: 6.700e-01, test_nll: 9.489e-01)
[2023-02-08 23:35:57] [Epoch     4/  200] trn/loss 8.513e-01, trn/lr 2.998e-04, val/acc 6.881e-01, val/nll 8.939e-01 (best_acc: 6.758e-01 -> 6.881e-01, test_acc: 6.828e-01, test_nll: 9.124e-01)
[2023-02-08 23:36:06] [Epoch     5/  200] trn/loss 7.504e-01, trn/lr 2.996e-04, val/acc 7.147e-01, val/nll 8.293e-01 (best_acc: 6.881e-01 -> 7.147e-01, test_acc: 7.092e-01, test_nll: 8.564e-01)
[2023-02-08 23:36:14] [Epoch     6/  200] trn/loss 6.683e-01, trn/lr 2.994e-04, val/acc 7.257e-01, val/nll 8.074e-01 (best_acc: 7.147e-01 -> 7.257e-01, test_acc: 7.157e-01, test_nll: 8.283e-01)
[2023-02-08 23:36:22] [Epoch     7/  200] trn/loss 6.263e-01, trn/lr 2.992e-04, val/acc 7.400e-01, val/nll 7.878e-01 (best_acc: 7.257e-01 -> 7.400e-01, test_acc: 7.426e-01, test_nll: 8.030e-01)
[2023-02-08 23:36:30] [Epoch     8/  200] trn/loss 5.843e-01, trn/lr 2.990e-04, val/acc 7.252e-01, val/nll 8.517e-01
[2023-02-08 23:36:38] [Epoch     9/  200] trn/loss 5.438e-01, trn/lr 2.987e-04, val/acc 7.535e-01, val/nll 7.693e-01 (best_acc: 7.400e-01 -> 7.535e-01, test_acc: 7.443e-01, test_nll: 7.876e-01)
[2023-02-08 23:36:46] [Epoch    10/  200] trn/loss 5.282e-01, trn/lr 2.983e-04, val/acc 7.973e-01, val/nll 5.974e-01 (best_acc: 7.535e-01 -> 7.973e-01, test_acc: 7.918e-01, test_nll: 6.100e-01)
[2023-02-08 23:36:53] [Epoch    11/  200] trn/loss 4.929e-01, trn/lr 2.980e-04, val/acc 7.613e-01, val/nll 7.249e-01
[2023-02-08 23:37:02] [Epoch    12/  200] trn/loss 4.721e-01, trn/lr 2.976e-04, val/acc 8.032e-01, val/nll 5.645e-01 (best_acc: 7.973e-01 -> 8.032e-01, test_acc: 8.006e-01, test_nll: 5.800e-01)
[2023-02-08 23:37:10] [Epoch    13/  200] trn/loss 4.500e-01, trn/lr 2.971e-04, val/acc 8.103e-01, val/nll 5.667e-01 (best_acc: 8.032e-01 -> 8.103e-01, test_acc: 8.104e-01, test_nll: 5.790e-01)
[2023-02-08 23:37:18] [Epoch    14/  200] trn/loss 4.362e-01, trn/lr 2.966e-04, val/acc 8.268e-01, val/nll 5.123e-01 (best_acc: 8.103e-01 -> 8.268e-01, test_acc: 8.224e-01, test_nll: 5.267e-01)
[2023-02-08 23:37:26] [Epoch    15/  200] trn/loss 4.209e-01, trn/lr 2.961e-04, val/acc 8.164e-01, val/nll 5.487e-01
[2023-02-08 23:37:34] [Epoch    16/  200] trn/loss 3.952e-01, trn/lr 2.956e-04, val/acc 8.291e-01, val/nll 5.083e-01 (best_acc: 8.268e-01 -> 8.291e-01, test_acc: 8.231e-01, test_nll: 5.146e-01)
[2023-02-08 23:37:41] [Epoch    17/  200] trn/loss 3.873e-01, trn/lr 2.950e-04, val/acc 8.106e-01, val/nll 5.734e-01
[2023-02-08 23:37:48] [Epoch    18/  200] trn/loss 3.909e-01, trn/lr 2.944e-04, val/acc 8.067e-01, val/nll 5.906e-01
[2023-02-08 23:37:56] [Epoch    19/  200] trn/loss 3.682e-01, trn/lr 2.937e-04, val/acc 8.227e-01, val/nll 5.146e-01
[2023-02-08 23:38:04] [Epoch    20/  200] trn/loss 3.662e-01, trn/lr 2.930e-04, val/acc 8.396e-01, val/nll 4.829e-01 (best_acc: 8.291e-01 -> 8.396e-01, test_acc: 8.320e-01, test_nll: 5.089e-01)
[2023-02-08 23:38:12] [Epoch    21/  200] trn/loss 3.423e-01, trn/lr 2.923e-04, val/acc 8.421e-01, val/nll 4.849e-01 (best_acc: 8.396e-01 -> 8.421e-01, test_acc: 8.342e-01, test_nll: 5.113e-01)
[2023-02-08 23:38:19] [Epoch    22/  200] trn/loss 3.451e-01, trn/lr 2.915e-04, val/acc 8.303e-01, val/nll 5.142e-01
[2023-02-08 23:38:28] [Epoch    23/  200] trn/loss 3.373e-01, trn/lr 2.907e-04, val/acc 8.670e-01, val/nll 4.173e-01 (best_acc: 8.421e-01 -> 8.670e-01, test_acc: 8.596e-01, test_nll: 4.286e-01)
[2023-02-08 23:38:35] [Epoch    24/  200] trn/loss 3.229e-01, trn/lr 2.899e-04, val/acc 8.563e-01, val/nll 4.302e-01
[2023-02-08 23:38:42] [Epoch    25/  200] trn/loss 3.173e-01, trn/lr 2.890e-04, val/acc 8.549e-01, val/nll 4.330e-01
[2023-02-08 23:38:49] [Epoch    26/  200] trn/loss 3.092e-01, trn/lr 2.881e-04, val/acc 8.472e-01, val/nll 4.789e-01
[2023-02-08 23:38:57] [Epoch    27/  200] trn/loss 3.039e-01, trn/lr 2.872e-04, val/acc 8.518e-01, val/nll 4.417e-01
[2023-02-08 23:39:05] [Epoch    28/  200] trn/loss 2.890e-01, trn/lr 2.862e-04, val/acc 8.821e-01, val/nll 3.574e-01 (best_acc: 8.670e-01 -> 8.821e-01, test_acc: 8.732e-01, test_nll: 3.770e-01)
[2023-02-08 23:39:12] [Epoch    29/  200] trn/loss 2.914e-01, trn/lr 2.852e-04, val/acc 8.723e-01, val/nll 3.852e-01
[2023-02-08 23:39:19] [Epoch    30/  200] trn/loss 2.752e-01, trn/lr 2.842e-04, val/acc 8.820e-01, val/nll 3.537e-01
[2023-02-08 23:39:27] [Epoch    31/  200] trn/loss 2.691e-01, trn/lr 2.831e-04, val/acc 8.650e-01, val/nll 4.055e-01
[2023-02-08 23:39:34] [Epoch    32/  200] trn/loss 2.671e-01, trn/lr 2.820e-04, val/acc 8.719e-01, val/nll 3.899e-01
[2023-02-08 23:39:41] [Epoch    33/  200] trn/loss 2.684e-01, trn/lr 2.809e-04, val/acc 8.713e-01, val/nll 3.941e-01
[2023-02-08 23:39:48] [Epoch    34/  200] trn/loss 2.520e-01, trn/lr 2.797e-04, val/acc 8.741e-01, val/nll 3.840e-01
[2023-02-08 23:39:56] [Epoch    35/  200] trn/loss 2.531e-01, trn/lr 2.785e-04, val/acc 8.640e-01, val/nll 4.139e-01
[2023-02-08 23:40:03] [Epoch    36/  200] trn/loss 2.439e-01, trn/lr 2.773e-04, val/acc 8.671e-01, val/nll 4.014e-01
[2023-02-08 23:40:10] [Epoch    37/  200] trn/loss 2.423e-01, trn/lr 2.760e-04, val/acc 8.721e-01, val/nll 3.881e-01
[2023-02-08 23:40:18] [Epoch    38/  200] trn/loss 2.386e-01, trn/lr 2.747e-04, val/acc 8.841e-01, val/nll 3.626e-01 (best_acc: 8.821e-01 -> 8.841e-01, test_acc: 8.755e-01, test_nll: 3.830e-01)
[2023-02-08 23:40:26] [Epoch    39/  200] trn/loss 2.385e-01, trn/lr 2.734e-04, val/acc 8.747e-01, val/nll 3.913e-01
[2023-02-08 23:40:34] [Epoch    40/  200] trn/loss 2.285e-01, trn/lr 2.720e-04, val/acc 8.938e-01, val/nll 3.269e-01 (best_acc: 8.841e-01 -> 8.938e-01, test_acc: 8.920e-01, test_nll: 3.376e-01)
[2023-02-08 23:40:41] [Epoch    41/  200] trn/loss 2.210e-01, trn/lr 2.707e-04, val/acc 8.841e-01, val/nll 3.698e-01
[2023-02-08 23:40:48] [Epoch    42/  200] trn/loss 2.123e-01, trn/lr 2.692e-04, val/acc 8.890e-01, val/nll 3.463e-01
[2023-02-08 23:40:56] [Epoch    43/  200] trn/loss 2.105e-01, trn/lr 2.678e-04, val/acc 8.716e-01, val/nll 3.979e-01
[2023-02-08 23:41:03] [Epoch    44/  200] trn/loss 2.032e-01, trn/lr 2.663e-04, val/acc 8.926e-01, val/nll 3.403e-01
[2023-02-08 23:41:10] [Epoch    45/  200] trn/loss 1.998e-01, trn/lr 2.648e-04, val/acc 8.752e-01, val/nll 3.863e-01
[2023-02-08 23:41:17] [Epoch    46/  200] trn/loss 2.077e-01, trn/lr 2.633e-04, val/acc 8.810e-01, val/nll 3.730e-01
[2023-02-08 23:41:25] [Epoch    47/  200] trn/loss 1.940e-01, trn/lr 2.617e-04, val/acc 8.934e-01, val/nll 3.326e-01
[2023-02-08 23:41:32] [Epoch    48/  200] trn/loss 1.936e-01, trn/lr 2.602e-04, val/acc 8.893e-01, val/nll 3.616e-01
[2023-02-08 23:41:39] [Epoch    49/  200] trn/loss 1.886e-01, trn/lr 2.585e-04, val/acc 8.725e-01, val/nll 4.225e-01
[2023-02-08 23:41:47] [Epoch    50/  200] trn/loss 1.796e-01, trn/lr 2.569e-04, val/acc 8.979e-01, val/nll 3.304e-01 (best_acc: 8.938e-01 -> 8.979e-01, test_acc: 8.958e-01, test_nll: 3.425e-01)
[2023-02-08 23:41:55] [Epoch    51/  200] trn/loss 1.826e-01, trn/lr 2.552e-04, val/acc 8.947e-01, val/nll 3.317e-01
[2023-02-08 23:42:02] [Epoch    52/  200] trn/loss 1.799e-01, trn/lr 2.535e-04, val/acc 8.844e-01, val/nll 3.787e-01
[2023-02-08 23:42:09] [Epoch    53/  200] trn/loss 1.769e-01, trn/lr 2.518e-04, val/acc 8.939e-01, val/nll 3.363e-01
[2023-02-08 23:42:17] [Epoch    54/  200] trn/loss 1.694e-01, trn/lr 2.501e-04, val/acc 8.912e-01, val/nll 3.440e-01
[2023-02-08 23:42:25] [Epoch    55/  200] trn/loss 1.653e-01, trn/lr 2.483e-04, val/acc 8.996e-01, val/nll 3.128e-01 (best_acc: 8.979e-01 -> 8.996e-01, test_acc: 8.933e-01, test_nll: 3.381e-01)
[2023-02-08 23:42:33] [Epoch    56/  200] trn/loss 1.648e-01, trn/lr 2.465e-04, val/acc 9.012e-01, val/nll 3.167e-01 (best_acc: 8.996e-01 -> 9.012e-01, test_acc: 8.994e-01, test_nll: 3.275e-01)
[2023-02-08 23:42:40] [Epoch    57/  200] trn/loss 1.590e-01, trn/lr 2.447e-04, val/acc 8.909e-01, val/nll 3.566e-01
[2023-02-08 23:42:47] [Epoch    58/  200] trn/loss 1.578e-01, trn/lr 2.429e-04, val/acc 8.893e-01, val/nll 3.694e-01
[2023-02-08 23:42:55] [Epoch    59/  200] trn/loss 1.630e-01, trn/lr 2.410e-04, val/acc 8.982e-01, val/nll 3.347e-01
[2023-02-08 23:43:02] [Epoch    60/  200] trn/loss 1.561e-01, trn/lr 2.391e-04, val/acc 8.835e-01, val/nll 3.782e-01
[2023-02-08 23:43:10] [Epoch    61/  200] trn/loss 1.511e-01, trn/lr 2.372e-04, val/acc 9.069e-01, val/nll 3.053e-01 (best_acc: 9.012e-01 -> 9.069e-01, test_acc: 9.028e-01, test_nll: 3.289e-01)
[2023-02-08 23:43:18] [Epoch    62/  200] trn/loss 1.509e-01, trn/lr 2.353e-04, val/acc 9.018e-01, val/nll 3.135e-01
[2023-02-08 23:43:25] [Epoch    63/  200] trn/loss 1.460e-01, trn/lr 2.333e-04, val/acc 9.022e-01, val/nll 3.186e-01
[2023-02-08 23:43:32] [Epoch    64/  200] trn/loss 1.452e-01, trn/lr 2.314e-04, val/acc 8.897e-01, val/nll 3.681e-01
[2023-02-08 23:43:39] [Epoch    65/  200] trn/loss 1.444e-01, trn/lr 2.294e-04, val/acc 9.044e-01, val/nll 3.221e-01
[2023-02-08 23:43:47] [Epoch    66/  200] trn/loss 1.365e-01, trn/lr 2.274e-04, val/acc 9.001e-01, val/nll 3.348e-01
[2023-02-08 23:43:54] [Epoch    67/  200] trn/loss 1.314e-01, trn/lr 2.253e-04, val/acc 9.001e-01, val/nll 3.298e-01
[2023-02-08 23:44:01] [Epoch    68/  200] trn/loss 1.318e-01, trn/lr 2.233e-04, val/acc 9.029e-01, val/nll 3.224e-01
[2023-02-08 23:44:08] [Epoch    69/  200] trn/loss 1.234e-01, trn/lr 2.212e-04, val/acc 8.975e-01, val/nll 3.437e-01
[2023-02-08 23:44:16] [Epoch    70/  200] trn/loss 1.315e-01, trn/lr 2.192e-04, val/acc 8.967e-01, val/nll 3.459e-01
[2023-02-08 23:44:23] [Epoch    71/  200] trn/loss 1.301e-01, trn/lr 2.171e-04, val/acc 8.942e-01, val/nll 3.493e-01
[2023-02-08 23:44:30] [Epoch    72/  200] trn/loss 1.280e-01, trn/lr 2.149e-04, val/acc 8.942e-01, val/nll 3.506e-01
[2023-02-08 23:44:38] [Epoch    73/  200] trn/loss 1.225e-01, trn/lr 2.128e-04, val/acc 9.051e-01, val/nll 3.183e-01
[2023-02-08 23:44:45] [Epoch    74/  200] trn/loss 1.201e-01, trn/lr 2.107e-04, val/acc 9.028e-01, val/nll 3.320e-01
[2023-02-08 23:44:52] [Epoch    75/  200] trn/loss 1.170e-01, trn/lr 2.085e-04, val/acc 9.020e-01, val/nll 3.268e-01
[2023-02-08 23:44:59] [Epoch    76/  200] trn/loss 1.186e-01, trn/lr 2.063e-04, val/acc 9.060e-01, val/nll 3.017e-01
[2023-02-08 23:45:07] [Epoch    77/  200] trn/loss 1.159e-01, trn/lr 2.041e-04, val/acc 8.729e-01, val/nll 4.581e-01
[2023-02-08 23:45:14] [Epoch    78/  200] trn/loss 1.193e-01, trn/lr 2.019e-04, val/acc 8.933e-01, val/nll 3.713e-01
[2023-02-08 23:45:21] [Epoch    79/  200] trn/loss 1.126e-01, trn/lr 1.997e-04, val/acc 8.998e-01, val/nll 3.453e-01
[2023-02-08 23:45:29] [Epoch    80/  200] trn/loss 1.079e-01, trn/lr 1.975e-04, val/acc 9.076e-01, val/nll 3.153e-01 (best_acc: 9.069e-01 -> 9.076e-01, test_acc: 9.031e-01, test_nll: 3.232e-01)
[2023-02-08 23:45:37] [Epoch    81/  200] trn/loss 9.857e-02, trn/lr 1.952e-04, val/acc 9.003e-01, val/nll 3.405e-01
[2023-02-08 23:45:44] [Epoch    82/  200] trn/loss 1.127e-01, trn/lr 1.930e-04, val/acc 8.971e-01, val/nll 3.601e-01
[2023-02-08 23:45:52] [Epoch    83/  200] trn/loss 1.037e-01, trn/lr 1.907e-04, val/acc 9.077e-01, val/nll 3.100e-01 (best_acc: 9.076e-01 -> 9.077e-01, test_acc: 9.033e-01, test_nll: 3.249e-01)
[2023-02-08 23:45:59] [Epoch    84/  200] trn/loss 9.889e-02, trn/lr 1.885e-04, val/acc 9.048e-01, val/nll 3.240e-01
[2023-02-08 23:46:07] [Epoch    85/  200] trn/loss 9.475e-02, trn/lr 1.862e-04, val/acc 9.054e-01, val/nll 3.388e-01
[2023-02-08 23:46:15] [Epoch    86/  200] trn/loss 9.473e-02, trn/lr 1.839e-04, val/acc 9.128e-01, val/nll 3.090e-01 (best_acc: 9.077e-01 -> 9.128e-01, test_acc: 9.085e-01, test_nll: 3.149e-01)
[2023-02-08 23:46:22] [Epoch    87/  200] trn/loss 9.933e-02, trn/lr 1.816e-04, val/acc 8.998e-01, val/nll 3.489e-01
[2023-02-08 23:46:29] [Epoch    88/  200] trn/loss 9.069e-02, trn/lr 1.793e-04, val/acc 9.110e-01, val/nll 3.161e-01
[2023-02-08 23:46:38] [Epoch    89/  200] trn/loss 9.209e-02, trn/lr 1.770e-04, val/acc 9.148e-01, val/nll 2.941e-01 (best_acc: 9.128e-01 -> 9.148e-01, test_acc: 9.106e-01, test_nll: 3.094e-01)
[2023-02-08 23:46:45] [Epoch    90/  200] trn/loss 9.177e-02, trn/lr 1.746e-04, val/acc 9.091e-01, val/nll 3.176e-01
[2023-02-08 23:46:52] [Epoch    91/  200] trn/loss 8.997e-02, trn/lr 1.723e-04, val/acc 9.083e-01, val/nll 3.173e-01
[2023-02-08 23:47:00] [Epoch    92/  200] trn/loss 8.581e-02, trn/lr 1.700e-04, val/acc 9.062e-01, val/nll 3.470e-01
[2023-02-08 23:47:07] [Epoch    93/  200] trn/loss 8.404e-02, trn/lr 1.676e-04, val/acc 9.142e-01, val/nll 2.979e-01
[2023-02-08 23:47:14] [Epoch    94/  200] trn/loss 8.859e-02, trn/lr 1.653e-04, val/acc 9.031e-01, val/nll 3.386e-01
[2023-02-08 23:47:21] [Epoch    95/  200] trn/loss 8.500e-02, trn/lr 1.630e-04, val/acc 9.143e-01, val/nll 2.958e-01
[2023-02-08 23:47:28] [Epoch    96/  200] trn/loss 7.755e-02, trn/lr 1.606e-04, val/acc 9.112e-01, val/nll 3.081e-01
[2023-02-08 23:47:36] [Epoch    97/  200] trn/loss 8.411e-02, trn/lr 1.582e-04, val/acc 9.059e-01, val/nll 3.243e-01
[2023-02-08 23:47:43] [Epoch    98/  200] trn/loss 8.205e-02, trn/lr 1.559e-04, val/acc 8.887e-01, val/nll 3.796e-01
[2023-02-08 23:47:50] [Epoch    99/  200] trn/loss 8.522e-02, trn/lr 1.535e-04, val/acc 9.082e-01, val/nll 3.365e-01
[2023-02-08 23:47:57] [Epoch   100/  200] trn/loss 7.146e-02, trn/lr 1.512e-04, val/acc 9.110e-01, val/nll 3.250e-01
[2023-02-08 23:48:04] [Epoch   101/  200] trn/loss 6.843e-02, trn/lr 1.488e-04, val/acc 9.137e-01, val/nll 3.121e-01
[2023-02-08 23:48:13] [Epoch   102/  200] trn/loss 7.024e-02, trn/lr 1.465e-04, val/acc 9.170e-01, val/nll 2.963e-01 (best_acc: 9.148e-01 -> 9.170e-01, test_acc: 9.134e-01, test_nll: 3.119e-01)
[2023-02-08 23:48:20] [Epoch   103/  200] trn/loss 6.555e-02, trn/lr 1.441e-04, val/acc 9.162e-01, val/nll 3.201e-01
[2023-02-08 23:48:27] [Epoch   104/  200] trn/loss 6.579e-02, trn/lr 1.418e-04, val/acc 9.148e-01, val/nll 3.106e-01
[2023-02-08 23:48:34] [Epoch   105/  200] trn/loss 6.284e-02, trn/lr 1.394e-04, val/acc 9.158e-01, val/nll 3.009e-01
[2023-02-08 23:48:41] [Epoch   106/  200] trn/loss 6.183e-02, trn/lr 1.371e-04, val/acc 9.077e-01, val/nll 3.442e-01
[2023-02-08 23:48:49] [Epoch   107/  200] trn/loss 6.265e-02, trn/lr 1.347e-04, val/acc 9.100e-01, val/nll 3.369e-01
[2023-02-08 23:48:57] [Epoch   108/  200] trn/loss 6.039e-02, trn/lr 1.324e-04, val/acc 9.190e-01, val/nll 3.068e-01 (best_acc: 9.170e-01 -> 9.190e-01, test_acc: 9.150e-01, test_nll: 3.127e-01)
[2023-02-08 23:49:04] [Epoch   109/  200] trn/loss 5.971e-02, trn/lr 1.300e-04, val/acc 9.132e-01, val/nll 3.157e-01
[2023-02-08 23:49:12] [Epoch   110/  200] trn/loss 5.523e-02, trn/lr 1.277e-04, val/acc 9.191e-01, val/nll 2.911e-01 (best_acc: 9.190e-01 -> 9.191e-01, test_acc: 9.168e-01, test_nll: 3.088e-01)
[2023-02-08 23:49:19] [Epoch   111/  200] trn/loss 5.794e-02, trn/lr 1.254e-04, val/acc 9.142e-01, val/nll 3.123e-01
[2023-02-08 23:49:27] [Epoch   112/  200] trn/loss 5.573e-02, trn/lr 1.231e-04, val/acc 9.185e-01, val/nll 2.957e-01
[2023-02-08 23:49:34] [Epoch   113/  200] trn/loss 5.556e-02, trn/lr 1.207e-04, val/acc 9.134e-01, val/nll 3.144e-01
[2023-02-08 23:49:41] [Epoch   114/  200] trn/loss 5.465e-02, trn/lr 1.184e-04, val/acc 9.088e-01, val/nll 3.323e-01
[2023-02-08 23:49:48] [Epoch   115/  200] trn/loss 5.040e-02, trn/lr 1.161e-04, val/acc 9.116e-01, val/nll 3.250e-01
[2023-02-08 23:49:55] [Epoch   116/  200] trn/loss 4.858e-02, trn/lr 1.138e-04, val/acc 9.070e-01, val/nll 3.434e-01
[2023-02-08 23:50:03] [Epoch   117/  200] trn/loss 4.827e-02, trn/lr 1.116e-04, val/acc 9.163e-01, val/nll 3.238e-01
[2023-02-08 23:50:11] [Epoch   118/  200] trn/loss 4.720e-02, trn/lr 1.093e-04, val/acc 9.215e-01, val/nll 3.018e-01 (best_acc: 9.191e-01 -> 9.215e-01, test_acc: 9.175e-01, test_nll: 3.093e-01)
[2023-02-08 23:50:18] [Epoch   119/  200] trn/loss 4.979e-02, trn/lr 1.070e-04, val/acc 9.180e-01, val/nll 3.018e-01
[2023-02-08 23:50:25] [Epoch   120/  200] trn/loss 4.485e-02, trn/lr 1.048e-04, val/acc 9.164e-01, val/nll 3.078e-01
[2023-02-08 23:50:32] [Epoch   121/  200] trn/loss 4.616e-02, trn/lr 1.025e-04, val/acc 9.150e-01, val/nll 3.180e-01
[2023-02-08 23:50:40] [Epoch   122/  200] trn/loss 4.204e-02, trn/lr 1.003e-04, val/acc 9.131e-01, val/nll 3.214e-01
[2023-02-08 23:50:47] [Epoch   123/  200] trn/loss 4.220e-02, trn/lr 9.809e-05, val/acc 9.211e-01, val/nll 3.025e-01
[2023-02-08 23:50:54] [Epoch   124/  200] trn/loss 3.502e-02, trn/lr 9.589e-05, val/acc 9.213e-01, val/nll 3.044e-01
[2023-02-08 23:51:01] [Epoch   125/  200] trn/loss 3.760e-02, trn/lr 9.370e-05, val/acc 9.166e-01, val/nll 3.266e-01
[2023-02-08 23:51:08] [Epoch   126/  200] trn/loss 4.085e-02, trn/lr 9.152e-05, val/acc 9.134e-01, val/nll 3.465e-01
[2023-02-08 23:51:16] [Epoch   127/  200] trn/loss 4.088e-02, trn/lr 8.936e-05, val/acc 9.155e-01, val/nll 3.211e-01
[2023-02-08 23:51:23] [Epoch   128/  200] trn/loss 3.833e-02, trn/lr 8.721e-05, val/acc 9.187e-01, val/nll 3.057e-01
[2023-02-08 23:51:31] [Epoch   129/  200] trn/loss 3.529e-02, trn/lr 8.508e-05, val/acc 9.227e-01, val/nll 2.928e-01 (best_acc: 9.215e-01 -> 9.227e-01, test_acc: 9.190e-01, test_nll: 3.056e-01)
[2023-02-08 23:51:38] [Epoch   130/  200] trn/loss 3.293e-02, trn/lr 8.296e-05, val/acc 9.205e-01, val/nll 2.902e-01
[2023-02-08 23:51:46] [Epoch   131/  200] trn/loss 2.997e-02, trn/lr 8.086e-05, val/acc 9.232e-01, val/nll 2.920e-01 (best_acc: 9.227e-01 -> 9.232e-01, test_acc: 9.186e-01, test_nll: 3.028e-01)
[2023-02-08 23:51:53] [Epoch   132/  200] trn/loss 3.102e-02, trn/lr 7.878e-05, val/acc 9.175e-01, val/nll 3.185e-01
[2023-02-08 23:52:01] [Epoch   133/  200] trn/loss 3.118e-02, trn/lr 7.671e-05, val/acc 9.199e-01, val/nll 2.985e-01
[2023-02-08 23:52:08] [Epoch   134/  200] trn/loss 3.223e-02, trn/lr 7.467e-05, val/acc 9.185e-01, val/nll 3.115e-01
[2023-02-08 23:52:15] [Epoch   135/  200] trn/loss 3.167e-02, trn/lr 7.264e-05, val/acc 9.187e-01, val/nll 2.952e-01
[2023-02-08 23:52:22] [Epoch   136/  200] trn/loss 2.767e-02, trn/lr 7.063e-05, val/acc 9.220e-01, val/nll 2.943e-01
[2023-02-08 23:52:29] [Epoch   137/  200] trn/loss 2.451e-02, trn/lr 6.864e-05, val/acc 9.219e-01, val/nll 2.957e-01
[2023-02-08 23:52:38] [Epoch   138/  200] trn/loss 2.575e-02, trn/lr 6.667e-05, val/acc 9.242e-01, val/nll 3.085e-01 (best_acc: 9.232e-01 -> 9.242e-01, test_acc: 9.175e-01, test_nll: 3.222e-01)
[2023-02-08 23:52:45] [Epoch   139/  200] trn/loss 2.893e-02, trn/lr 6.472e-05, val/acc 9.211e-01, val/nll 3.044e-01
[2023-02-08 23:52:52] [Epoch   140/  200] trn/loss 2.517e-02, trn/lr 6.279e-05, val/acc 9.190e-01, val/nll 3.165e-01
[2023-02-08 23:52:59] [Epoch   141/  200] trn/loss 2.924e-02, trn/lr 6.089e-05, val/acc 9.242e-01, val/nll 2.908e-01
[2023-02-08 23:53:07] [Epoch   142/  200] trn/loss 2.256e-02, trn/lr 5.900e-05, val/acc 9.243e-01, val/nll 2.911e-01 (best_acc: 9.242e-01 -> 9.243e-01, test_acc: 9.176e-01, test_nll: 3.155e-01)
[2023-02-08 23:53:16] [Epoch   143/  200] trn/loss 2.228e-02, trn/lr 5.714e-05, val/acc 9.247e-01, val/nll 2.839e-01 (best_acc: 9.243e-01 -> 9.247e-01, test_acc: 9.209e-01, test_nll: 3.095e-01)
[2023-02-08 23:53:24] [Epoch   144/  200] trn/loss 2.044e-02, trn/lr 5.530e-05, val/acc 9.263e-01, val/nll 2.860e-01 (best_acc: 9.247e-01 -> 9.263e-01, test_acc: 9.222e-01, test_nll: 2.989e-01)
[2023-02-08 23:53:31] [Epoch   145/  200] trn/loss 2.090e-02, trn/lr 5.349e-05, val/acc 9.211e-01, val/nll 3.162e-01
[2023-02-08 23:53:38] [Epoch   146/  200] trn/loss 2.196e-02, trn/lr 5.170e-05, val/acc 9.258e-01, val/nll 2.867e-01
[2023-02-08 23:53:46] [Epoch   147/  200] trn/loss 1.892e-02, trn/lr 4.993e-05, val/acc 9.263e-01, val/nll 2.820e-01
[2023-02-08 23:53:54] [Epoch   148/  200] trn/loss 1.917e-02, trn/lr 4.819e-05, val/acc 9.272e-01, val/nll 2.805e-01 (best_acc: 9.263e-01 -> 9.272e-01, test_acc: 9.234e-01, test_nll: 3.016e-01)
[2023-02-08 23:54:02] [Epoch   149/  200] trn/loss 1.881e-02, trn/lr 4.647e-05, val/acc 9.300e-01, val/nll 2.801e-01 (best_acc: 9.272e-01 -> 9.300e-01, test_acc: 9.222e-01, test_nll: 2.985e-01)
[2023-02-08 23:54:09] [Epoch   150/  200] trn/loss 1.950e-02, trn/lr 4.478e-05, val/acc 9.262e-01, val/nll 2.930e-01
[2023-02-08 23:54:17] [Epoch   151/  200] trn/loss 2.005e-02, trn/lr 4.311e-05, val/acc 9.269e-01, val/nll 2.897e-01
[2023-02-08 23:54:24] [Epoch   152/  200] trn/loss 1.897e-02, trn/lr 4.147e-05, val/acc 9.279e-01, val/nll 2.936e-01
[2023-02-08 23:54:31] [Epoch   153/  200] trn/loss 1.873e-02, trn/lr 3.986e-05, val/acc 9.273e-01, val/nll 2.915e-01
[2023-02-08 23:54:38] [Epoch   154/  200] trn/loss 1.603e-02, trn/lr 3.827e-05, val/acc 9.277e-01, val/nll 2.874e-01
[2023-02-08 23:54:46] [Epoch   155/  200] trn/loss 1.506e-02, trn/lr 3.671e-05, val/acc 9.271e-01, val/nll 2.864e-01
[2023-02-08 23:54:53] [Epoch   156/  200] trn/loss 1.576e-02, trn/lr 3.518e-05, val/acc 9.279e-01, val/nll 2.893e-01
[2023-02-08 23:55:00] [Epoch   157/  200] trn/loss 1.698e-02, trn/lr 3.368e-05, val/acc 9.249e-01, val/nll 3.001e-01
[2023-02-08 23:55:07] [Epoch   158/  200] trn/loss 1.513e-02, trn/lr 3.221e-05, val/acc 9.260e-01, val/nll 2.888e-01
[2023-02-08 23:55:15] [Epoch   159/  200] trn/loss 1.386e-02, trn/lr 3.076e-05, val/acc 9.235e-01, val/nll 2.938e-01
[2023-02-08 23:55:22] [Epoch   160/  200] trn/loss 1.407e-02, trn/lr 2.935e-05, val/acc 9.277e-01, val/nll 2.864e-01
[2023-02-08 23:55:29] [Epoch   161/  200] trn/loss 1.348e-02, trn/lr 2.796e-05, val/acc 9.289e-01, val/nll 2.845e-01
[2023-02-08 23:55:36] [Epoch   162/  200] trn/loss 1.390e-02, trn/lr 2.661e-05, val/acc 9.274e-01, val/nll 2.855e-01
[2023-02-08 23:55:45] [Epoch   163/  200] trn/loss 1.409e-02, trn/lr 2.528e-05, val/acc 9.311e-01, val/nll 2.769e-01 (best_acc: 9.300e-01 -> 9.311e-01, test_acc: 9.292e-01, test_nll: 2.842e-01)
[2023-02-08 23:55:52] [Epoch   164/  200] trn/loss 1.485e-02, trn/lr 2.399e-05, val/acc 9.308e-01, val/nll 2.770e-01
[2023-02-08 23:55:59] [Epoch   165/  200] trn/loss 1.295e-02, trn/lr 2.273e-05, val/acc 9.306e-01, val/nll 2.824e-01
[2023-02-08 23:56:06] [Epoch   166/  200] trn/loss 1.271e-02, trn/lr 2.150e-05, val/acc 9.304e-01, val/nll 2.726e-01
[2023-02-08 23:56:15] [Epoch   167/  200] trn/loss 1.168e-02, trn/lr 2.030e-05, val/acc 9.322e-01, val/nll 2.670e-01 (best_acc: 9.311e-01 -> 9.322e-01, test_acc: 9.283e-01, test_nll: 2.819e-01)
[2023-02-08 23:56:22] [Epoch   168/  200] trn/loss 1.218e-02, trn/lr 1.913e-05, val/acc 9.287e-01, val/nll 2.795e-01
[2023-02-08 23:56:29] [Epoch   169/  200] trn/loss 1.270e-02, trn/lr 1.800e-05, val/acc 9.305e-01, val/nll 2.713e-01
[2023-02-08 23:56:36] [Epoch   170/  200] trn/loss 1.194e-02, trn/lr 1.689e-05, val/acc 9.312e-01, val/nll 2.688e-01
[2023-02-08 23:56:44] [Epoch   171/  200] trn/loss 1.120e-02, trn/lr 1.582e-05, val/acc 9.302e-01, val/nll 2.712e-01
[2023-02-08 23:56:51] [Epoch   172/  200] trn/loss 1.152e-02, trn/lr 1.479e-05, val/acc 9.301e-01, val/nll 2.728e-01
[2023-02-08 23:56:59] [Epoch   173/  200] trn/loss 1.134e-02, trn/lr 1.378e-05, val/acc 9.324e-01, val/nll 2.701e-01 (best_acc: 9.322e-01 -> 9.324e-01, test_acc: 9.277e-01, test_nll: 2.794e-01)
[2023-02-08 23:57:07] [Epoch   174/  200] trn/loss 1.138e-02, trn/lr 1.281e-05, val/acc 9.326e-01, val/nll 2.708e-01 (best_acc: 9.324e-01 -> 9.326e-01, test_acc: 9.288e-01, test_nll: 2.794e-01)
[2023-02-08 23:57:16] [Epoch   175/  200] trn/loss 1.151e-02, trn/lr 1.188e-05, val/acc 9.329e-01, val/nll 2.723e-01 (best_acc: 9.326e-01 -> 9.329e-01, test_acc: 9.282e-01, test_nll: 2.849e-01)
[2023-02-08 23:57:23] [Epoch   176/  200] trn/loss 1.113e-02, trn/lr 1.098e-05, val/acc 9.321e-01, val/nll 2.713e-01
[2023-02-08 23:57:30] [Epoch   177/  200] trn/loss 1.082e-02, trn/lr 1.011e-05, val/acc 9.320e-01, val/nll 2.717e-01
[2023-02-08 23:57:38] [Epoch   178/  200] trn/loss 1.084e-02, trn/lr 9.275e-06, val/acc 9.326e-01, val/nll 2.668e-01
[2023-02-08 23:57:45] [Epoch   179/  200] trn/loss 1.073e-02, trn/lr 8.477e-06, val/acc 9.322e-01, val/nll 2.709e-01
[2023-02-08 23:57:53] [Epoch   180/  200] trn/loss 1.064e-02, trn/lr 7.714e-06, val/acc 9.341e-01, val/nll 2.644e-01 (best_acc: 9.329e-01 -> 9.341e-01, test_acc: 9.293e-01, test_nll: 2.743e-01)
[2023-02-08 23:58:00] [Epoch   181/  200] trn/loss 1.045e-02, trn/lr 6.986e-06, val/acc 9.336e-01, val/nll 2.682e-01
[2023-02-08 23:58:08] [Epoch   182/  200] trn/loss 1.038e-02, trn/lr 6.293e-06, val/acc 9.334e-01, val/nll 2.660e-01
[2023-02-08 23:58:16] [Epoch   183/  200] trn/loss 1.060e-02, trn/lr 5.635e-06, val/acc 9.342e-01, val/nll 2.637e-01 (best_acc: 9.341e-01 -> 9.342e-01, test_acc: 9.315e-01, test_nll: 2.689e-01)
[2023-02-08 23:58:23] [Epoch   184/  200] trn/loss 1.066e-02, trn/lr 5.013e-06, val/acc 9.321e-01, val/nll 2.693e-01
[2023-02-08 23:58:30] [Epoch   185/  200] trn/loss 1.038e-02, trn/lr 4.427e-06, val/acc 9.341e-01, val/nll 2.681e-01
[2023-02-08 23:58:38] [Epoch   186/  200] trn/loss 1.022e-02, trn/lr 3.877e-06, val/acc 9.335e-01, val/nll 2.641e-01
[2023-02-08 23:58:45] [Epoch   187/  200] trn/loss 1.060e-02, trn/lr 3.363e-06, val/acc 9.342e-01, val/nll 2.636e-01
[2023-02-08 23:58:52] [Epoch   188/  200] trn/loss 1.017e-02, trn/lr 2.885e-06, val/acc 9.338e-01, val/nll 2.622e-01
[2023-02-08 23:58:59] [Epoch   189/  200] trn/loss 1.019e-02, trn/lr 2.444e-06, val/acc 9.334e-01, val/nll 2.637e-01
[2023-02-08 23:59:07] [Epoch   190/  200] trn/loss 1.025e-02, trn/lr 2.038e-06, val/acc 9.340e-01, val/nll 2.629e-01
[2023-02-08 23:59:15] [Epoch   191/  200] trn/loss 1.017e-02, trn/lr 1.670e-06, val/acc 9.344e-01, val/nll 2.629e-01 (best_acc: 9.342e-01 -> 9.344e-01, test_acc: 9.301e-01, test_nll: 2.700e-01)
[2023-02-08 23:59:23] [Epoch   192/  200] trn/loss 1.039e-02, trn/lr 1.338e-06, val/acc 9.346e-01, val/nll 2.636e-01 (best_acc: 9.344e-01 -> 9.346e-01, test_acc: 9.301e-01, test_nll: 2.704e-01)
[2023-02-08 23:59:30] [Epoch   193/  200] trn/loss 1.021e-02, trn/lr 1.042e-06, val/acc 9.340e-01, val/nll 2.647e-01
[2023-02-08 23:59:38] [Epoch   194/  200] trn/loss 1.030e-02, trn/lr 7.835e-07, val/acc 9.341e-01, val/nll 2.631e-01
[2023-02-08 23:59:45] [Epoch   195/  200] trn/loss 1.009e-02, trn/lr 5.616e-07, val/acc 9.338e-01, val/nll 2.634e-01
[2023-02-08 23:59:52] [Epoch   196/  200] trn/loss 9.957e-03, trn/lr 3.766e-07, val/acc 9.343e-01, val/nll 2.636e-01
[2023-02-08 23:59:59] [Epoch   197/  200] trn/loss 1.008e-02, trn/lr 2.286e-07, val/acc 9.337e-01, val/nll 2.639e-01
[2023-02-09 00:00:07] [Epoch   198/  200] trn/loss 1.032e-02, trn/lr 1.175e-07, val/acc 9.341e-01, val/nll 2.636e-01
[2023-02-09 00:00:14] [Epoch   199/  200] trn/loss 9.927e-03, trn/lr 4.335e-08, val/acc 9.338e-01, val/nll 2.633e-01
[2023-02-09 00:00:21] [Epoch   200/  200] trn/loss 9.975e-03, trn/lr 6.226e-09, val/acc 9.334e-01, val/nll 2.630e-01
