[2023-02-03 10:05:19] Environments:
------------  --------------------------------------------------------------------------------
sys.platform  linux
Python        3.10.8 (main, Nov 24 2022, 14:13:03) [GCC 11.2.0]
JAX           0.4.1 @/mnt/home/giung/.conda/envs/jax-vessl/lib/python3.10/site-packages/jax
jaxlib        0.4.1 @/mnt/home/giung/.conda/envs/jax-vessl/lib/python3.10/site-packages/jaxlib
Flax          0.6.3 @/mnt/home/giung/.conda/envs/jax-vessl/lib/python3.10/site-packages/flax
Optax         0.1.4 @/mnt/home/giung/.conda/envs/jax-vessl/lib/python3.10/site-packages/optax
------------  --------------------------------------------------------------------------------

[2023-02-03 10:05:19] Command line arguments:
- args.data_root         : ./data/
- args.data_name         : CIFAR10_x32
- args.data_augmentation : none
- args.data_proportional : 1.0
- args.model_depth       : 20
- args.model_width       : 1
- args.model_style       : FRN-Swish
- args.optim_bs          : 80
- args.optim_ne          : 500
- args.optim_lr          : 3e-06
- args.optim_momentum    : 0.99
- args.prior_precision   : 40.0
- args.save              : /mnt/home/giung/giung2-dev/projects/bnn-sgmcmc/save/CIFAR10_x32/R20-FRN-Swish/bs-0080_ne-0500_lr-0.0000030_mo-0.99_pr-04/42
- args.seed              : 42
- args.precision         : fp32

[2023-02-03 10:05:42] [Epoch     1/  500] trn/posterior_energy  4.072e+05, trn/neg_log_likelihood  9.554e+04, trn/neg_log_prior  3.117e+05, trn/lr  3.000e-06, val/acc 1.950e-01, val/nll 2.185e+00 (best_acc: 0.000e+00 -> 1.950e-01, test_acc: 2.015e-01, test_nll: 2.191e+00)
[2023-02-03 10:05:46] [Epoch     2/  500] trn/posterior_energy  3.559e+05, trn/neg_log_likelihood  8.722e+04, trn/neg_log_prior  2.687e+05, trn/lr  3.000e-06, val/acc 1.889e-01, val/nll 2.140e+00
[2023-02-03 10:05:50] [Epoch     3/  500] trn/posterior_energy  3.515e+05, trn/neg_log_likelihood  8.797e+04, trn/neg_log_prior  2.635e+05, trn/lr  3.000e-06, val/acc 1.704e-01, val/nll 2.230e+00
[2023-02-03 10:05:54] [Epoch     4/  500] trn/posterior_energy  3.524e+05, trn/neg_log_likelihood  8.758e+04, trn/neg_log_prior  2.648e+05, trn/lr  3.000e-06, val/acc 2.085e-01, val/nll 2.080e+00 (best_acc: 1.950e-01 -> 2.085e-01, test_acc: 2.161e-01, test_nll: 2.078e+00)
[2023-02-03 10:05:58] [Epoch     5/  500] trn/posterior_energy  3.629e+05, trn/neg_log_likelihood  8.972e+04, trn/neg_log_prior  2.731e+05, trn/lr  2.999e-06, val/acc 1.483e-01, val/nll 2.205e+00
[2023-02-03 10:06:02] [Epoch     6/  500] trn/posterior_energy  3.752e+05, trn/neg_log_likelihood  9.394e+04, trn/neg_log_prior  2.812e+05, trn/lr  2.999e-06, val/acc 1.629e-01, val/nll 2.200e+00
[2023-02-03 10:06:05] [Epoch     7/  500] trn/posterior_energy  3.787e+05, trn/neg_log_likelihood  9.307e+04, trn/neg_log_prior  2.857e+05, trn/lr  2.999e-06, val/acc 9.823e-02, val/nll 2.336e+00
[2023-02-03 10:06:09] [Epoch     8/  500] trn/posterior_energy  3.759e+05, trn/neg_log_likelihood  9.557e+04, trn/neg_log_prior  2.804e+05, trn/lr  2.998e-06, val/acc 1.007e-01, val/nll 2.321e+00
[2023-02-03 10:06:13] [Epoch     9/  500] trn/posterior_energy  3.531e+05, trn/neg_log_likelihood  9.512e+04, trn/neg_log_prior  2.580e+05, trn/lr  2.998e-06, val/acc 1.081e-01, val/nll 2.335e+00
[2023-02-03 10:06:17] [Epoch    10/  500] trn/posterior_energy  3.898e+05, trn/neg_log_likelihood  9.522e+04, trn/neg_log_prior  2.946e+05, trn/lr  2.997e-06, val/acc 9.978e-02, val/nll 2.317e+00
[2023-02-03 10:06:21] [Epoch    11/  500] trn/posterior_energy  3.521e+05, trn/neg_log_likelihood  9.515e+04, trn/neg_log_prior  2.570e+05, trn/lr  2.997e-06, val/acc 9.856e-02, val/nll 2.337e+00
[2023-02-03 10:06:25] [Epoch    12/  500] trn/posterior_energy  3.601e+05, trn/neg_log_likelihood  9.538e+04, trn/neg_log_prior  2.647e+05, trn/lr  2.996e-06, val/acc 9.978e-02, val/nll 2.356e+00
[2023-02-03 10:06:28] [Epoch    13/  500] trn/posterior_energy  3.691e+05, trn/neg_log_likelihood  9.537e+04, trn/neg_log_prior  2.737e+05, trn/lr  2.995e-06, val/acc 9.856e-02, val/nll 2.317e+00
[2023-02-03 10:06:32] [Epoch    14/  500] trn/posterior_energy  3.579e+05, trn/neg_log_likelihood  9.533e+04, trn/neg_log_prior  2.625e+05, trn/lr  2.995e-06, val/acc 9.978e-02, val/nll 2.337e+00
[2023-02-03 10:06:36] [Epoch    15/  500] trn/posterior_energy  4.123e+05, trn/neg_log_likelihood  9.534e+04, trn/neg_log_prior  3.170e+05, trn/lr  2.994e-06, val/acc 9.281e-02, val/nll 2.323e+00
[2023-02-03 10:06:40] [Epoch    16/  500] trn/posterior_energy  4.045e+05, trn/neg_log_likelihood  9.558e+04, trn/neg_log_prior  3.090e+05, trn/lr  2.993e-06, val/acc 1.007e-01, val/nll 2.311e+00
[2023-02-03 10:06:43] [Epoch    17/  500] trn/posterior_energy  3.739e+05, trn/neg_log_likelihood  9.519e+04, trn/neg_log_prior  2.788e+05, trn/lr  2.992e-06, val/acc 1.007e-01, val/nll 2.325e+00
[2023-02-03 10:06:47] [Epoch    18/  500] trn/posterior_energy  3.640e+05, trn/neg_log_likelihood  9.512e+04, trn/neg_log_prior  2.688e+05, trn/lr  2.991e-06, val/acc 9.281e-02, val/nll 2.338e+00
[2023-02-03 10:06:51] [Epoch    19/  500] trn/posterior_energy  3.573e+05, trn/neg_log_likelihood  9.526e+04, trn/neg_log_prior  2.621e+05, trn/lr  2.990e-06, val/acc 1.081e-01, val/nll 2.351e+00
[2023-02-03 10:06:55] [Epoch    20/  500] trn/posterior_energy  3.589e+05, trn/neg_log_likelihood  9.517e+04, trn/neg_log_prior  2.637e+05, trn/lr  2.989e-06, val/acc 1.081e-01, val/nll 2.320e+00
[2023-02-03 10:06:59] [Epoch    21/  500] trn/posterior_energy  3.519e+05, trn/neg_log_likelihood  9.522e+04, trn/neg_log_prior  2.567e+05, trn/lr  2.988e-06, val/acc 9.281e-02, val/nll 2.341e+00
[2023-02-03 10:07:03] [Epoch    22/  500] trn/posterior_energy  3.545e+05, trn/neg_log_likelihood  9.558e+04, trn/neg_log_prior  2.589e+05, trn/lr  2.986e-06, val/acc 9.823e-02, val/nll 2.332e+00
[2023-02-03 10:07:06] [Epoch    23/  500] trn/posterior_energy  4.046e+05, trn/neg_log_likelihood  9.563e+04, trn/neg_log_prior  3.089e+05, trn/lr  2.985e-06, val/acc 9.978e-02, val/nll 2.331e+00
[2023-02-03 10:07:10] [Epoch    24/  500] trn/posterior_energy  8.564e+05, trn/neg_log_likelihood  9.555e+04, trn/neg_log_prior  7.608e+05, trn/lr  2.984e-06, val/acc 9.978e-02, val/nll 2.325e+00
[2023-02-03 10:07:14] [Epoch    25/  500] trn/posterior_energy  3.871e+05, trn/neg_log_likelihood  9.540e+04, trn/neg_log_prior  2.917e+05, trn/lr  2.982e-06, val/acc 9.823e-02, val/nll 2.324e+00
[2023-02-03 10:07:18] [Epoch    26/  500] trn/posterior_energy  3.666e+05, trn/neg_log_likelihood  9.547e+04, trn/neg_log_prior  2.711e+05, trn/lr  2.981e-06, val/acc 9.978e-02, val/nll 2.350e+00
[2023-02-03 10:07:22] [Epoch    27/  500] trn/posterior_energy  3.539e+05, trn/neg_log_likelihood  9.534e+04, trn/neg_log_prior  2.585e+05, trn/lr  2.979e-06, val/acc 1.007e-01, val/nll 2.323e+00
[2023-02-03 10:07:26] [Epoch    28/  500] trn/posterior_energy  3.655e+05, trn/neg_log_likelihood  9.528e+04, trn/neg_log_prior  2.702e+05, trn/lr  2.978e-06, val/acc 9.978e-02, val/nll 2.346e+00
[2023-02-03 10:07:29] [Epoch    29/  500] trn/posterior_energy  3.544e+05, trn/neg_log_likelihood  9.554e+04, trn/neg_log_prior  2.588e+05, trn/lr  2.976e-06, val/acc 1.044e-01, val/nll 2.333e+00
[2023-02-03 10:07:33] [Epoch    30/  500] trn/posterior_energy  3.579e+05, trn/neg_log_likelihood  9.536e+04, trn/neg_log_prior  2.625e+05, trn/lr  2.974e-06, val/acc 9.281e-02, val/nll 2.315e+00
[2023-02-03 10:07:37] [Epoch    31/  500] trn/posterior_energy  3.529e+05, trn/neg_log_likelihood  9.547e+04, trn/neg_log_prior  2.574e+05, trn/lr  2.973e-06, val/acc 9.823e-02, val/nll 2.320e+00
[2023-02-03 10:07:41] [Epoch    32/  500] trn/posterior_energy  3.584e+05, trn/neg_log_likelihood  9.538e+04, trn/neg_log_prior  2.630e+05, trn/lr  2.971e-06, val/acc 9.281e-02, val/nll 2.328e+00
[2023-02-03 10:07:44] [Epoch    33/  500] trn/posterior_energy  3.591e+05, trn/neg_log_likelihood  9.578e+04, trn/neg_log_prior  2.633e+05, trn/lr  2.969e-06, val/acc 1.081e-01, val/nll 2.324e+00
[2023-02-03 10:07:48] [Epoch    34/  500] trn/posterior_energy  3.808e+05, trn/neg_log_likelihood  9.530e+04, trn/neg_log_prior  2.855e+05, trn/lr  2.967e-06, val/acc 9.978e-02, val/nll 2.314e+00
[2023-02-03 10:07:52] [Epoch    35/  500] trn/posterior_energy  3.611e+05, trn/neg_log_likelihood  9.544e+04, trn/neg_log_prior  2.656e+05, trn/lr  2.965e-06, val/acc 9.978e-02, val/nll 2.343e+00
[2023-02-03 10:07:56] [Epoch    36/  500] trn/posterior_energy  3.708e+05, trn/neg_log_likelihood  9.563e+04, trn/neg_log_prior  2.751e+05, trn/lr  2.963e-06, val/acc 9.823e-02, val/nll 2.367e+00
[2023-02-03 10:08:00] [Epoch    37/  500] trn/posterior_energy  3.603e+05, trn/neg_log_likelihood  9.536e+04, trn/neg_log_prior  2.650e+05, trn/lr  2.961e-06, val/acc 9.823e-02, val/nll 2.324e+00
[2023-02-03 10:08:03] [Epoch    38/  500] trn/posterior_energy  3.590e+05, trn/neg_log_likelihood  9.534e+04, trn/neg_log_prior  2.636e+05, trn/lr  2.959e-06, val/acc 9.281e-02, val/nll 2.336e+00
[2023-02-03 10:08:07] [Epoch    39/  500] trn/posterior_energy  3.545e+05, trn/neg_log_likelihood  9.515e+04, trn/neg_log_prior  2.593e+05, trn/lr  2.956e-06, val/acc 1.007e-01, val/nll 2.331e+00
[2023-02-03 10:08:11] [Epoch    40/  500] trn/posterior_energy  3.643e+05, trn/neg_log_likelihood  9.526e+04, trn/neg_log_prior  2.691e+05, trn/lr  2.954e-06, val/acc 1.007e-01, val/nll 2.334e+00
[2023-02-03 10:08:15] [Epoch    41/  500] trn/posterior_energy  3.779e+05, trn/neg_log_likelihood  9.545e+04, trn/neg_log_prior  2.825e+05, trn/lr  2.952e-06, val/acc 9.978e-02, val/nll 2.331e+00
[2023-02-03 10:08:19] [Epoch    42/  500] trn/posterior_energy  3.562e+05, trn/neg_log_likelihood  9.547e+04, trn/neg_log_prior  2.608e+05, trn/lr  2.949e-06, val/acc 9.856e-02, val/nll 2.341e+00
[2023-02-03 10:08:22] [Epoch    43/  500] trn/posterior_energy  3.804e+05, trn/neg_log_likelihood  9.525e+04, trn/neg_log_prior  2.851e+05, trn/lr  2.947e-06, val/acc 1.044e-01, val/nll 2.343e+00
[2023-02-03 10:08:26] [Epoch    44/  500] trn/posterior_energy  3.550e+05, trn/neg_log_likelihood  9.528e+04, trn/neg_log_prior  2.597e+05, trn/lr  2.944e-06, val/acc 9.856e-02, val/nll 2.328e+00
[2023-02-03 10:08:30] [Epoch    45/  500] trn/posterior_energy  3.527e+05, trn/neg_log_likelihood  9.530e+04, trn/neg_log_prior  2.574e+05, trn/lr  2.942e-06, val/acc 1.007e-01, val/nll 2.325e+00
[2023-02-03 10:08:34] [Epoch    46/  500] trn/posterior_energy  3.674e+05, trn/neg_log_likelihood  9.546e+04, trn/neg_log_prior  2.719e+05, trn/lr  2.939e-06, val/acc 9.281e-02, val/nll 2.357e+00
[2023-02-03 10:08:38] [Epoch    47/  500] trn/posterior_energy  3.939e+05, trn/neg_log_likelihood  9.528e+04, trn/neg_log_prior  2.986e+05, trn/lr  2.936e-06, val/acc 9.856e-02, val/nll 2.311e+00
[2023-02-03 10:08:41] [Epoch    48/  500] trn/posterior_energy  3.559e+05, trn/neg_log_likelihood  9.530e+04, trn/neg_log_prior  2.606e+05, trn/lr  2.934e-06, val/acc 9.823e-02, val/nll 2.325e+00
[2023-02-03 10:08:45] [Epoch    49/  500] trn/posterior_energy  3.647e+05, trn/neg_log_likelihood  9.547e+04, trn/neg_log_prior  2.692e+05, trn/lr  2.931e-06, val/acc 9.823e-02, val/nll 2.354e+00
[2023-02-03 10:08:49] [Epoch    50/  500] trn/posterior_energy  3.582e+05, trn/neg_log_likelihood  9.519e+04, trn/neg_log_prior  2.630e+05, trn/lr  2.928e-06, val/acc 1.044e-01, val/nll 2.311e+00
[2023-02-03 10:08:53] [Epoch    51/  500] trn/posterior_energy  3.569e+05, trn/neg_log_likelihood  9.518e+04, trn/neg_log_prior  2.618e+05, trn/lr  2.925e-06, val/acc 9.978e-02, val/nll 2.321e+00
[2023-02-03 10:08:56] [Epoch    52/  500] trn/posterior_energy  3.585e+05, trn/neg_log_likelihood  9.549e+04, trn/neg_log_prior  2.630e+05, trn/lr  2.922e-06, val/acc 1.044e-01, val/nll 2.347e+00
[2023-02-03 10:09:00] [Epoch    53/  500] trn/posterior_energy  3.584e+05, trn/neg_log_likelihood  9.511e+04, trn/neg_log_prior  2.633e+05, trn/lr  2.919e-06, val/acc 9.823e-02, val/nll 2.347e+00
[2023-02-03 10:09:04] [Epoch    54/  500] trn/posterior_energy  4.006e+05, trn/neg_log_likelihood  9.529e+04, trn/neg_log_prior  3.053e+05, trn/lr  2.916e-06, val/acc 1.007e-01, val/nll 2.314e+00
[2023-02-03 10:09:08] [Epoch    55/  500] trn/posterior_energy  3.558e+05, trn/neg_log_likelihood  9.542e+04, trn/neg_log_prior  2.603e+05, trn/lr  2.913e-06, val/acc 1.044e-01, val/nll 2.338e+00
[2023-02-03 10:09:12] [Epoch    56/  500] trn/posterior_energy  3.626e+05, trn/neg_log_likelihood  9.536e+04, trn/neg_log_prior  2.673e+05, trn/lr  2.910e-06, val/acc 1.044e-01, val/nll 2.320e+00
[2023-02-03 10:09:15] [Epoch    57/  500] trn/posterior_energy  3.600e+05, trn/neg_log_likelihood  9.556e+04, trn/neg_log_prior  2.644e+05, trn/lr  2.906e-06, val/acc 9.281e-02, val/nll 2.353e+00
[2023-02-03 10:09:19] [Epoch    58/  500] trn/posterior_energy  3.566e+05, trn/neg_log_likelihood  9.534e+04, trn/neg_log_prior  2.612e+05, trn/lr  2.903e-06, val/acc 9.281e-02, val/nll 2.332e+00
[2023-02-03 10:09:23] [Epoch    59/  500] trn/posterior_energy  3.630e+05, trn/neg_log_likelihood  9.528e+04, trn/neg_log_prior  2.677e+05, trn/lr  2.900e-06, val/acc 1.044e-01, val/nll 2.331e+00
[2023-02-03 10:09:27] [Epoch    60/  500] trn/posterior_energy  4.151e+05, trn/neg_log_likelihood  9.554e+04, trn/neg_log_prior  3.196e+05, trn/lr  2.896e-06, val/acc 1.007e-01, val/nll 2.332e+00
[2023-02-03 10:09:31] [Epoch    61/  500] trn/posterior_energy  3.741e+05, trn/neg_log_likelihood  9.530e+04, trn/neg_log_prior  2.788e+05, trn/lr  2.893e-06, val/acc 9.978e-02, val/nll 2.329e+00
[2023-02-03 10:09:34] [Epoch    62/  500] trn/posterior_energy  3.563e+05, trn/neg_log_likelihood  9.547e+04, trn/neg_log_prior  2.608e+05, trn/lr  2.889e-06, val/acc 9.978e-02, val/nll 2.340e+00
[2023-02-03 10:09:38] [Epoch    63/  500] trn/posterior_energy  3.580e+05, trn/neg_log_likelihood  9.560e+04, trn/neg_log_prior  2.624e+05, trn/lr  2.886e-06, val/acc 9.978e-02, val/nll 2.344e+00
[2023-02-03 10:09:42] [Epoch    64/  500] trn/posterior_energy  4.077e+05, trn/neg_log_likelihood  9.557e+04, trn/neg_log_prior  3.122e+05, trn/lr  2.882e-06, val/acc 1.081e-01, val/nll 2.309e+00
[2023-02-03 10:09:45] [Epoch    65/  500] trn/posterior_energy  3.683e+05, trn/neg_log_likelihood  9.533e+04, trn/neg_log_prior  2.729e+05, trn/lr  2.878e-06, val/acc 1.081e-01, val/nll 2.351e+00
[2023-02-03 10:09:49] [Epoch    66/  500] trn/posterior_energy  3.805e+05, trn/neg_log_likelihood  9.573e+04, trn/neg_log_prior  2.848e+05, trn/lr  2.875e-06, val/acc 1.081e-01, val/nll 2.327e+00
[2023-02-03 10:09:53] [Epoch    67/  500] trn/posterior_energy  3.633e+05, trn/neg_log_likelihood  9.548e+04, trn/neg_log_prior  2.678e+05, trn/lr  2.871e-06, val/acc 9.856e-02, val/nll 2.330e+00
[2023-02-03 10:09:57] [Epoch    68/  500] trn/posterior_energy  3.639e+05, trn/neg_log_likelihood  9.531e+04, trn/neg_log_prior  2.686e+05, trn/lr  2.867e-06, val/acc 9.978e-02, val/nll 2.328e+00
[2023-02-03 10:10:01] [Epoch    69/  500] trn/posterior_energy  3.658e+05, trn/neg_log_likelihood  9.534e+04, trn/neg_log_prior  2.705e+05, trn/lr  2.863e-06, val/acc 9.978e-02, val/nll 2.321e+00
[2023-02-03 10:10:04] [Epoch    70/  500] trn/posterior_energy  3.538e+05, trn/neg_log_likelihood  9.537e+04, trn/neg_log_prior  2.584e+05, trn/lr  2.859e-06, val/acc 1.081e-01, val/nll 2.331e+00
[2023-02-03 10:10:08] [Epoch    71/  500] trn/posterior_energy  3.666e+05, trn/neg_log_likelihood  9.552e+04, trn/neg_log_prior  2.711e+05, trn/lr  2.855e-06, val/acc 9.978e-02, val/nll 2.338e+00
[2023-02-03 10:10:12] [Epoch    72/  500] trn/posterior_energy  3.751e+05, trn/neg_log_likelihood  9.537e+04, trn/neg_log_prior  2.797e+05, trn/lr  2.851e-06, val/acc 9.281e-02, val/nll 2.341e+00
[2023-02-03 10:10:16] [Epoch    73/  500] trn/posterior_energy  3.693e+05, trn/neg_log_likelihood  9.546e+04, trn/neg_log_prior  2.738e+05, trn/lr  2.847e-06, val/acc 9.945e-02, val/nll 2.336e+00
[2023-02-03 10:10:19] [Epoch    74/  500] trn/posterior_energy  3.791e+05, trn/neg_log_likelihood  9.555e+04, trn/neg_log_prior  2.835e+05, trn/lr  2.843e-06, val/acc 9.945e-02, val/nll 2.316e+00
[2023-02-03 10:10:23] [Epoch    75/  500] trn/posterior_energy  3.567e+05, trn/neg_log_likelihood  9.522e+04, trn/neg_log_prior  2.615e+05, trn/lr  2.839e-06, val/acc 9.978e-02, val/nll 2.331e+00
[2023-02-03 10:10:27] [Epoch    76/  500] trn/posterior_energy  3.528e+05, trn/neg_log_likelihood  9.535e+04, trn/neg_log_prior  2.575e+05, trn/lr  2.834e-06, val/acc 1.081e-01, val/nll 2.331e+00
[2023-02-03 10:10:31] [Epoch    77/  500] trn/posterior_energy  3.590e+05, trn/neg_log_likelihood  9.553e+04, trn/neg_log_prior  2.635e+05, trn/lr  2.830e-06, val/acc 9.945e-02, val/nll 2.329e+00
[2023-02-03 10:10:35] [Epoch    78/  500] trn/posterior_energy  3.777e+05, trn/neg_log_likelihood  9.547e+04, trn/neg_log_prior  2.822e+05, trn/lr  2.826e-06, val/acc 9.281e-02, val/nll 2.339e+00
[2023-02-03 10:10:38] [Epoch    79/  500] trn/posterior_energy  3.609e+05, trn/neg_log_likelihood  9.540e+04, trn/neg_log_prior  2.656e+05, trn/lr  2.821e-06, val/acc 9.978e-02, val/nll 2.333e+00
[2023-02-03 10:10:42] [Epoch    80/  500] trn/posterior_energy  3.579e+05, trn/neg_log_likelihood  9.512e+04, trn/neg_log_prior  2.628e+05, trn/lr  2.817e-06, val/acc 1.081e-01, val/nll 2.331e+00
[2023-02-03 10:10:46] [Epoch    81/  500] trn/posterior_energy  3.524e+05, trn/neg_log_likelihood  9.539e+04, trn/neg_log_prior  2.570e+05, trn/lr  2.812e-06, val/acc 1.044e-01, val/nll 2.322e+00
[2023-02-03 10:10:50] [Epoch    82/  500] trn/posterior_energy  3.687e+05, trn/neg_log_likelihood  9.538e+04, trn/neg_log_prior  2.733e+05, trn/lr  2.808e-06, val/acc 1.044e-01, val/nll 2.313e+00
[2023-02-03 10:10:53] [Epoch    83/  500] trn/posterior_energy  3.602e+05, trn/neg_log_likelihood  9.535e+04, trn/neg_log_prior  2.648e+05, trn/lr  2.803e-06, val/acc 9.823e-02, val/nll 2.331e+00
[2023-02-03 10:10:57] [Epoch    84/  500] trn/posterior_energy  3.742e+05, trn/neg_log_likelihood  9.547e+04, trn/neg_log_prior  2.788e+05, trn/lr  2.798e-06, val/acc 9.823e-02, val/nll 2.329e+00
[2023-02-03 10:11:01] [Epoch    85/  500] trn/posterior_energy  3.567e+05, trn/neg_log_likelihood  9.535e+04, trn/neg_log_prior  2.614e+05, trn/lr  2.794e-06, val/acc 9.856e-02, val/nll 2.324e+00
[2023-02-03 10:11:05] [Epoch    86/  500] trn/posterior_energy  3.606e+05, trn/neg_log_likelihood  9.527e+04, trn/neg_log_prior  2.654e+05, trn/lr  2.789e-06, val/acc 9.281e-02, val/nll 2.314e+00
[2023-02-03 10:11:09] [Epoch    87/  500] trn/posterior_energy  3.649e+05, trn/neg_log_likelihood  9.541e+04, trn/neg_log_prior  2.695e+05, trn/lr  2.784e-06, val/acc 9.281e-02, val/nll 2.346e+00
[2023-02-03 10:11:12] [Epoch    88/  500] trn/posterior_energy  3.782e+05, trn/neg_log_likelihood  9.552e+04, trn/neg_log_prior  2.826e+05, trn/lr  2.779e-06, val/acc 9.978e-02, val/nll 2.325e+00
[2023-02-03 10:11:16] [Epoch    89/  500] trn/posterior_energy  3.582e+05, trn/neg_log_likelihood  9.553e+04, trn/neg_log_prior  2.627e+05, trn/lr  2.774e-06, val/acc 9.281e-02, val/nll 2.323e+00
[2023-02-03 10:11:20] [Epoch    90/  500] trn/posterior_energy  3.833e+05, trn/neg_log_likelihood  9.549e+04, trn/neg_log_prior  2.879e+05, trn/lr  2.769e-06, val/acc 9.978e-02, val/nll 2.346e+00
[2023-02-03 10:11:24] [Epoch    91/  500] trn/posterior_energy  3.847e+05, trn/neg_log_likelihood  9.528e+04, trn/neg_log_prior  2.894e+05, trn/lr  2.764e-06, val/acc 9.978e-02, val/nll 2.339e+00
[2023-02-03 10:11:28] [Epoch    92/  500] trn/posterior_energy  3.570e+05, trn/neg_log_likelihood  9.524e+04, trn/neg_log_prior  2.617e+05, trn/lr  2.759e-06, val/acc 1.081e-01, val/nll 2.321e+00
[2023-02-03 10:11:32] [Epoch    93/  500] trn/posterior_energy  3.612e+05, trn/neg_log_likelihood  9.523e+04, trn/neg_log_prior  2.660e+05, trn/lr  2.754e-06, val/acc 9.945e-02, val/nll 2.333e+00
[2023-02-03 10:11:35] [Epoch    94/  500] trn/posterior_energy  3.535e+05, trn/neg_log_likelihood  9.526e+04, trn/neg_log_prior  2.583e+05, trn/lr  2.749e-06, val/acc 9.978e-02, val/nll 2.311e+00
[2023-02-03 10:11:39] [Epoch    95/  500] trn/posterior_energy  3.560e+05, trn/neg_log_likelihood  9.518e+04, trn/neg_log_prior  2.609e+05, trn/lr  2.743e-06, val/acc 1.081e-01, val/nll 2.315e+00
[2023-02-03 10:11:43] [Epoch    96/  500] trn/posterior_energy  3.539e+05, trn/neg_log_likelihood  9.500e+04, trn/neg_log_prior  2.589e+05, trn/lr  2.738e-06, val/acc 9.978e-02, val/nll 2.325e+00
[2023-02-03 10:11:47] [Epoch    97/  500] trn/posterior_energy  3.550e+05, trn/neg_log_likelihood  9.543e+04, trn/neg_log_prior  2.596e+05, trn/lr  2.733e-06, val/acc 9.856e-02, val/nll 2.307e+00
[2023-02-03 10:11:51] [Epoch    98/  500] trn/posterior_energy  3.573e+05, trn/neg_log_likelihood  9.539e+04, trn/neg_log_prior  2.619e+05, trn/lr  2.727e-06, val/acc 1.081e-01, val/nll 2.322e+00
[2023-02-03 10:11:54] [Epoch    99/  500] trn/posterior_energy  3.630e+05, trn/neg_log_likelihood  9.531e+04, trn/neg_log_prior  2.677e+05, trn/lr  2.722e-06, val/acc 9.823e-02, val/nll 2.310e+00
[2023-02-03 10:11:58] [Epoch   100/  500] trn/posterior_energy  3.651e+05, trn/neg_log_likelihood  9.520e+04, trn/neg_log_prior  2.699e+05, trn/lr  2.716e-06, val/acc 1.044e-01, val/nll 2.321e+00
[2023-02-03 10:12:02] [Epoch   101/  500] trn/posterior_energy  3.656e+05, trn/neg_log_likelihood  9.516e+04, trn/neg_log_prior  2.704e+05, trn/lr  2.711e-06, val/acc 9.823e-02, val/nll 2.340e+00
[2023-02-03 10:12:06] [Epoch   102/  500] trn/posterior_energy  3.610e+05, trn/neg_log_likelihood  9.529e+04, trn/neg_log_prior  2.657e+05, trn/lr  2.705e-06, val/acc 9.978e-02, val/nll 2.314e+00
[2023-02-03 10:12:10] [Epoch   103/  500] trn/posterior_energy  3.651e+05, trn/neg_log_likelihood  9.518e+04, trn/neg_log_prior  2.699e+05, trn/lr  2.700e-06, val/acc 1.044e-01, val/nll 2.350e+00
[2023-02-03 10:12:14] [Epoch   104/  500] trn/posterior_energy  3.706e+05, trn/neg_log_likelihood  9.531e+04, trn/neg_log_prior  2.753e+05, trn/lr  2.694e-06, val/acc 9.856e-02, val/nll 2.329e+00
[2023-02-03 10:12:17] [Epoch   105/  500] trn/posterior_energy  3.568e+05, trn/neg_log_likelihood  9.532e+04, trn/neg_log_prior  2.615e+05, trn/lr  2.688e-06, val/acc 9.823e-02, val/nll 2.336e+00
[2023-02-03 10:12:21] [Epoch   106/  500] trn/posterior_energy  3.545e+05, trn/neg_log_likelihood  9.512e+04, trn/neg_log_prior  2.594e+05, trn/lr  2.682e-06, val/acc 1.007e-01, val/nll 2.320e+00
[2023-02-03 10:12:25] [Epoch   107/  500] trn/posterior_energy  3.556e+05, trn/neg_log_likelihood  9.525e+04, trn/neg_log_prior  2.603e+05, trn/lr  2.677e-06, val/acc 9.856e-02, val/nll 2.324e+00
[2023-02-03 10:12:29] [Epoch   108/  500] trn/posterior_energy  3.527e+05, trn/neg_log_likelihood  9.528e+04, trn/neg_log_prior  2.574e+05, trn/lr  2.671e-06, val/acc 1.081e-01, val/nll 2.315e+00
[2023-02-03 10:12:33] [Epoch   109/  500] trn/posterior_energy  3.651e+05, trn/neg_log_likelihood  9.504e+04, trn/neg_log_prior  2.701e+05, trn/lr  2.665e-06, val/acc 9.945e-02, val/nll 2.329e+00
[2023-02-03 10:12:37] [Epoch   110/  500] trn/posterior_energy  3.563e+05, trn/neg_log_likelihood  9.534e+04, trn/neg_log_prior  2.610e+05, trn/lr  2.659e-06, val/acc 1.044e-01, val/nll 2.342e+00
[2023-02-03 10:12:40] [Epoch   111/  500] trn/posterior_energy  3.549e+05, trn/neg_log_likelihood  9.528e+04, trn/neg_log_prior  2.597e+05, trn/lr  2.653e-06, val/acc 9.978e-02, val/nll 2.314e+00
[2023-02-03 10:12:44] [Epoch   112/  500] trn/posterior_energy  3.658e+05, trn/neg_log_likelihood  9.522e+04, trn/neg_log_prior  2.706e+05, trn/lr  2.647e-06, val/acc 9.823e-02, val/nll 2.332e+00
[2023-02-03 10:12:48] [Epoch   113/  500] trn/posterior_energy  3.672e+05, trn/neg_log_likelihood  9.550e+04, trn/neg_log_prior  2.717e+05, trn/lr  2.641e-06, val/acc 9.978e-02, val/nll 2.341e+00
[2023-02-03 10:12:52] [Epoch   114/  500] trn/posterior_energy  3.697e+05, trn/neg_log_likelihood  9.542e+04, trn/neg_log_prior  2.742e+05, trn/lr  2.634e-06, val/acc 1.044e-01, val/nll 2.330e+00
[2023-02-03 10:12:56] [Epoch   115/  500] trn/posterior_energy  3.641e+05, trn/neg_log_likelihood  9.531e+04, trn/neg_log_prior  2.688e+05, trn/lr  2.628e-06, val/acc 9.945e-02, val/nll 2.323e+00
[2023-02-03 10:12:59] [Epoch   116/  500] trn/posterior_energy  3.777e+05, trn/neg_log_likelihood  9.502e+04, trn/neg_log_prior  2.827e+05, trn/lr  2.622e-06, val/acc 1.081e-01, val/nll 2.318e+00
[2023-02-03 10:13:03] [Epoch   117/  500] trn/posterior_energy  3.554e+05, trn/neg_log_likelihood  9.513e+04, trn/neg_log_prior  2.602e+05, trn/lr  2.616e-06, val/acc 1.081e-01, val/nll 2.308e+00
[2023-02-03 10:13:07] [Epoch   118/  500] trn/posterior_energy  3.566e+05, trn/neg_log_likelihood  9.505e+04, trn/neg_log_prior  2.615e+05, trn/lr  2.609e-06, val/acc 9.823e-02, val/nll 2.333e+00
[2023-02-03 10:13:11] [Epoch   119/  500] trn/posterior_energy  3.521e+05, trn/neg_log_likelihood  9.512e+04, trn/neg_log_prior  2.570e+05, trn/lr  2.603e-06, val/acc 9.823e-02, val/nll 2.325e+00
[2023-02-03 10:13:14] [Epoch   120/  500] trn/posterior_energy  3.584e+05, trn/neg_log_likelihood  9.497e+04, trn/neg_log_prior  2.634e+05, trn/lr  2.597e-06, val/acc 1.007e-01, val/nll 2.329e+00
[2023-02-03 10:13:18] [Epoch   121/  500] trn/posterior_energy  3.513e+05, trn/neg_log_likelihood  9.532e+04, trn/neg_log_prior  2.560e+05, trn/lr  2.590e-06, val/acc 9.823e-02, val/nll 2.329e+00
[2023-02-03 10:13:22] [Epoch   122/  500] trn/posterior_energy  3.893e+05, trn/neg_log_likelihood  9.507e+04, trn/neg_log_prior  2.942e+05, trn/lr  2.584e-06, val/acc 1.007e-01, val/nll 2.328e+00
[2023-02-03 10:13:26] [Epoch   123/  500] trn/posterior_energy  3.546e+05, trn/neg_log_likelihood  9.538e+04, trn/neg_log_prior  2.592e+05, trn/lr  2.577e-06, val/acc 9.978e-02, val/nll 2.319e+00
[2023-02-03 10:13:29] [Epoch   124/  500] trn/posterior_energy  3.554e+05, trn/neg_log_likelihood  9.521e+04, trn/neg_log_prior  2.602e+05, trn/lr  2.571e-06, val/acc 9.281e-02, val/nll 2.333e+00
[2023-02-03 10:13:33] [Epoch   125/  500] trn/posterior_energy  3.637e+05, trn/neg_log_likelihood  9.526e+04, trn/neg_log_prior  2.684e+05, trn/lr  2.564e-06, val/acc 9.281e-02, val/nll 2.327e+00
[2023-02-03 10:13:37] [Epoch   126/  500] trn/posterior_energy  3.556e+05, trn/neg_log_likelihood  9.528e+04, trn/neg_log_prior  2.604e+05, trn/lr  2.557e-06, val/acc 1.081e-01, val/nll 2.317e+00
[2023-02-03 10:13:41] [Epoch   127/  500] trn/posterior_energy  3.527e+05, trn/neg_log_likelihood  9.515e+04, trn/neg_log_prior  2.575e+05, trn/lr  2.551e-06, val/acc 1.007e-01, val/nll 2.310e+00
[2023-02-03 10:13:44] [Epoch   128/  500] trn/posterior_energy  3.535e+05, trn/neg_log_likelihood  9.538e+04, trn/neg_log_prior  2.581e+05, trn/lr  2.544e-06, val/acc 1.007e-01, val/nll 2.320e+00
[2023-02-03 10:13:48] [Epoch   129/  500] trn/posterior_energy  3.542e+05, trn/neg_log_likelihood  9.510e+04, trn/neg_log_prior  2.591e+05, trn/lr  2.537e-06, val/acc 1.044e-01, val/nll 2.321e+00
[2023-02-03 10:13:52] [Epoch   130/  500] trn/posterior_energy  3.551e+05, trn/neg_log_likelihood  9.498e+04, trn/neg_log_prior  2.602e+05, trn/lr  2.530e-06, val/acc 9.978e-02, val/nll 2.319e+00
[2023-02-03 10:13:56] [Epoch   131/  500] trn/posterior_energy  3.663e+05, trn/neg_log_likelihood  9.514e+04, trn/neg_log_prior  2.711e+05, trn/lr  2.523e-06, val/acc 9.856e-02, val/nll 2.320e+00
[2023-02-03 10:14:00] [Epoch   132/  500] trn/posterior_energy  3.528e+05, trn/neg_log_likelihood  9.512e+04, trn/neg_log_prior  2.577e+05, trn/lr  2.516e-06, val/acc 9.823e-02, val/nll 2.323e+00
[2023-02-03 10:14:04] [Epoch   133/  500] trn/posterior_energy  3.524e+05, trn/neg_log_likelihood  9.504e+04, trn/neg_log_prior  2.574e+05, trn/lr  2.510e-06, val/acc 9.281e-02, val/nll 2.327e+00
[2023-02-03 10:14:07] [Epoch   134/  500] trn/posterior_energy  3.574e+05, trn/neg_log_likelihood  9.515e+04, trn/neg_log_prior  2.622e+05, trn/lr  2.503e-06, val/acc 1.081e-01, val/nll 2.322e+00
[2023-02-03 10:14:11] [Epoch   135/  500] trn/posterior_energy  3.559e+05, trn/neg_log_likelihood  9.526e+04, trn/neg_log_prior  2.607e+05, trn/lr  2.496e-06, val/acc 9.823e-02, val/nll 2.309e+00
[2023-02-03 10:14:15] [Epoch   136/  500] trn/posterior_energy  3.552e+05, trn/neg_log_likelihood  9.508e+04, trn/neg_log_prior  2.602e+05, trn/lr  2.488e-06, val/acc 9.281e-02, val/nll 2.332e+00
[2023-02-03 10:14:19] [Epoch   137/  500] trn/posterior_energy  3.612e+05, trn/neg_log_likelihood  9.526e+04, trn/neg_log_prior  2.660e+05, trn/lr  2.481e-06, val/acc 1.044e-01, val/nll 2.334e+00
[2023-02-03 10:14:23] [Epoch   138/  500] trn/posterior_energy  3.547e+05, trn/neg_log_likelihood  9.536e+04, trn/neg_log_prior  2.593e+05, trn/lr  2.474e-06, val/acc 9.978e-02, val/nll 2.336e+00
[2023-02-03 10:14:26] [Epoch   139/  500] trn/posterior_energy  3.546e+05, trn/neg_log_likelihood  9.527e+04, trn/neg_log_prior  2.593e+05, trn/lr  2.467e-06, val/acc 9.823e-02, val/nll 2.315e+00
[2023-02-03 10:14:30] [Epoch   140/  500] trn/posterior_energy  3.656e+05, trn/neg_log_likelihood  9.520e+04, trn/neg_log_prior  2.705e+05, trn/lr  2.460e-06, val/acc 9.945e-02, val/nll 2.317e+00
[2023-02-03 10:14:34] [Epoch   141/  500] trn/posterior_energy  3.528e+05, trn/neg_log_likelihood  9.510e+04, trn/neg_log_prior  2.577e+05, trn/lr  2.453e-06, val/acc 1.044e-01, val/nll 2.316e+00
[2023-02-03 10:14:38] [Epoch   142/  500] trn/posterior_energy  3.554e+05, trn/neg_log_likelihood  9.550e+04, trn/neg_log_prior  2.599e+05, trn/lr  2.445e-06, val/acc 9.856e-02, val/nll 2.320e+00
[2023-02-03 10:14:42] [Epoch   143/  500] trn/posterior_energy  3.576e+05, trn/neg_log_likelihood  9.530e+04, trn/neg_log_prior  2.623e+05, trn/lr  2.438e-06, val/acc 9.281e-02, val/nll 2.332e+00
[2023-02-03 10:14:46] [Epoch   144/  500] trn/posterior_energy  3.539e+05, trn/neg_log_likelihood  9.528e+04, trn/neg_log_prior  2.586e+05, trn/lr  2.430e-06, val/acc 9.978e-02, val/nll 2.323e+00
[2023-02-03 10:14:49] [Epoch   145/  500] trn/posterior_energy  3.512e+05, trn/neg_log_likelihood  9.508e+04, trn/neg_log_prior  2.561e+05, trn/lr  2.423e-06, val/acc 9.823e-02, val/nll 2.314e+00
[2023-02-03 10:14:53] [Epoch   146/  500] trn/posterior_energy  3.524e+05, trn/neg_log_likelihood  9.517e+04, trn/neg_log_prior  2.572e+05, trn/lr  2.416e-06, val/acc 9.856e-02, val/nll 2.331e+00
[2023-02-03 10:14:57] [Epoch   147/  500] trn/posterior_energy  3.637e+05, trn/neg_log_likelihood  9.515e+04, trn/neg_log_prior  2.686e+05, trn/lr  2.408e-06, val/acc 1.007e-01, val/nll 2.318e+00
[2023-02-03 10:15:01] [Epoch   148/  500] trn/posterior_energy  3.574e+05, trn/neg_log_likelihood  9.495e+04, trn/neg_log_prior  2.625e+05, trn/lr  2.401e-06, val/acc 1.081e-01, val/nll 2.321e+00
[2023-02-03 10:15:05] [Epoch   149/  500] trn/posterior_energy  4.400e+05, trn/neg_log_likelihood  9.525e+04, trn/neg_log_prior  3.447e+05, trn/lr  2.393e-06, val/acc 9.281e-02, val/nll 2.327e+00
[2023-02-03 10:15:08] [Epoch   150/  500] trn/posterior_energy  4.535e+05, trn/neg_log_likelihood  9.509e+04, trn/neg_log_prior  3.584e+05, trn/lr  2.385e-06, val/acc 1.044e-01, val/nll 2.329e+00
[2023-02-03 10:15:12] [Epoch   151/  500] trn/posterior_energy  3.611e+05, trn/neg_log_likelihood  9.508e+04, trn/neg_log_prior  2.660e+05, trn/lr  2.378e-06, val/acc 1.044e-01, val/nll 2.313e+00
[2023-02-03 10:15:16] [Epoch   152/  500] trn/posterior_energy  3.511e+05, trn/neg_log_likelihood  9.511e+04, trn/neg_log_prior  2.560e+05, trn/lr  2.370e-06, val/acc 1.081e-01, val/nll 2.329e+00
[2023-02-03 10:15:19] [Epoch   153/  500] trn/posterior_energy  3.524e+05, trn/neg_log_likelihood  9.515e+04, trn/neg_log_prior  2.572e+05, trn/lr  2.363e-06, val/acc 9.281e-02, val/nll 2.313e+00
[2023-02-03 10:15:23] [Epoch   154/  500] trn/posterior_energy  3.535e+05, trn/neg_log_likelihood  9.506e+04, trn/neg_log_prior  2.584e+05, trn/lr  2.355e-06, val/acc 9.978e-02, val/nll 2.310e+00
[2023-02-03 10:15:27] [Epoch   155/  500] trn/posterior_energy  3.523e+05, trn/neg_log_likelihood  9.511e+04, trn/neg_log_prior  2.572e+05, trn/lr  2.347e-06, val/acc 9.823e-02, val/nll 2.313e+00
[2023-02-03 10:15:31] [Epoch   156/  500] trn/posterior_energy  3.499e+05, trn/neg_log_likelihood  9.496e+04, trn/neg_log_prior  2.549e+05, trn/lr  2.339e-06, val/acc 1.044e-01, val/nll 2.310e+00
[2023-02-03 10:15:34] [Epoch   157/  500] trn/posterior_energy  3.527e+05, trn/neg_log_likelihood  9.547e+04, trn/neg_log_prior  2.572e+05, trn/lr  2.331e-06, val/acc 9.823e-02, val/nll 2.327e+00
[2023-02-03 10:15:38] [Epoch   158/  500] trn/posterior_energy  3.606e+05, trn/neg_log_likelihood  9.516e+04, trn/neg_log_prior  2.654e+05, trn/lr  2.324e-06, val/acc 9.945e-02, val/nll 2.316e+00
[2023-02-03 10:15:42] [Epoch   159/  500] trn/posterior_energy  3.566e+05, trn/neg_log_likelihood  9.495e+04, trn/neg_log_prior  2.617e+05, trn/lr  2.316e-06, val/acc 9.978e-02, val/nll 2.328e+00
[2023-02-03 10:15:46] [Epoch   160/  500] trn/posterior_energy  3.516e+05, trn/neg_log_likelihood  9.503e+04, trn/neg_log_prior  2.565e+05, trn/lr  2.308e-06, val/acc 9.978e-02, val/nll 2.325e+00
[2023-02-03 10:15:49] [Epoch   161/  500] trn/posterior_energy  3.523e+05, trn/neg_log_likelihood  9.507e+04, trn/neg_log_prior  2.572e+05, trn/lr  2.300e-06, val/acc 9.978e-02, val/nll 2.309e+00
[2023-02-03 10:15:53] [Epoch   162/  500] trn/posterior_energy  3.505e+05, trn/neg_log_likelihood  9.518e+04, trn/neg_log_prior  2.554e+05, trn/lr  2.292e-06, val/acc 9.823e-02, val/nll 2.325e+00
[2023-02-03 10:15:57] [Epoch   163/  500] trn/posterior_energy  3.531e+05, trn/neg_log_likelihood  9.519e+04, trn/neg_log_prior  2.579e+05, trn/lr  2.284e-06, val/acc 9.978e-02, val/nll 2.332e+00
[2023-02-03 10:16:01] [Epoch   164/  500] trn/posterior_energy  3.582e+05, trn/neg_log_likelihood  9.514e+04, trn/neg_log_prior  2.630e+05, trn/lr  2.276e-06, val/acc 9.945e-02, val/nll 2.318e+00
[2023-02-03 10:16:04] [Epoch   165/  500] trn/posterior_energy  3.506e+05, trn/neg_log_likelihood  9.512e+04, trn/neg_log_prior  2.555e+05, trn/lr  2.268e-06, val/acc 1.081e-01, val/nll 2.307e+00
[2023-02-03 10:16:08] [Epoch   166/  500] trn/posterior_energy  3.530e+05, trn/neg_log_likelihood  9.511e+04, trn/neg_log_prior  2.579e+05, trn/lr  2.260e-06, val/acc 9.281e-02, val/nll 2.320e+00
[2023-02-03 10:16:12] [Epoch   167/  500] trn/posterior_energy  3.527e+05, trn/neg_log_likelihood  9.516e+04, trn/neg_log_prior  2.575e+05, trn/lr  2.251e-06, val/acc 9.945e-02, val/nll 2.312e+00
[2023-02-03 10:16:16] [Epoch   168/  500] trn/posterior_energy  3.544e+05, trn/neg_log_likelihood  9.523e+04, trn/neg_log_prior  2.591e+05, trn/lr  2.243e-06, val/acc 9.281e-02, val/nll 2.320e+00
[2023-02-03 10:16:20] [Epoch   169/  500] trn/posterior_energy  3.562e+05, trn/neg_log_likelihood  9.508e+04, trn/neg_log_prior  2.611e+05, trn/lr  2.235e-06, val/acc 9.978e-02, val/nll 2.333e+00
[2023-02-03 10:16:24] [Epoch   170/  500] trn/posterior_energy  3.543e+05, trn/neg_log_likelihood  9.510e+04, trn/neg_log_prior  2.592e+05, trn/lr  2.227e-06, val/acc 1.081e-01, val/nll 2.325e+00
[2023-02-03 10:16:27] [Epoch   171/  500] trn/posterior_energy  3.501e+05, trn/neg_log_likelihood  9.513e+04, trn/neg_log_prior  2.550e+05, trn/lr  2.219e-06, val/acc 9.856e-02, val/nll 2.334e+00
[2023-02-03 10:16:31] [Epoch   172/  500] trn/posterior_energy  3.541e+05, trn/neg_log_likelihood  9.523e+04, trn/neg_log_prior  2.589e+05, trn/lr  2.210e-06, val/acc 1.044e-01, val/nll 2.315e+00
[2023-02-03 10:16:35] [Epoch   173/  500] trn/posterior_energy  3.499e+05, trn/neg_log_likelihood  9.510e+04, trn/neg_log_prior  2.548e+05, trn/lr  2.202e-06, val/acc 1.044e-01, val/nll 2.316e+00
[2023-02-03 10:16:39] [Epoch   174/  500] trn/posterior_energy  3.501e+05, trn/neg_log_likelihood  9.502e+04, trn/neg_log_prior  2.551e+05, trn/lr  2.194e-06, val/acc 9.823e-02, val/nll 2.322e+00
[2023-02-03 10:16:42] [Epoch   175/  500] trn/posterior_energy  3.502e+05, trn/neg_log_likelihood  9.490e+04, trn/neg_log_prior  2.553e+05, trn/lr  2.185e-06, val/acc 9.978e-02, val/nll 2.316e+00
[2023-02-03 10:16:46] [Epoch   176/  500] trn/posterior_energy  3.583e+05, trn/neg_log_likelihood  9.509e+04, trn/neg_log_prior  2.632e+05, trn/lr  2.177e-06, val/acc 1.007e-01, val/nll 2.314e+00
[2023-02-03 10:16:50] [Epoch   177/  500] trn/posterior_energy  3.518e+05, trn/neg_log_likelihood  9.504e+04, trn/neg_log_prior  2.567e+05, trn/lr  2.168e-06, val/acc 9.823e-02, val/nll 2.308e+00
[2023-02-03 10:16:54] [Epoch   178/  500] trn/posterior_energy  3.512e+05, trn/neg_log_likelihood  9.500e+04, trn/neg_log_prior  2.562e+05, trn/lr  2.160e-06, val/acc 9.945e-02, val/nll 2.315e+00
[2023-02-03 10:16:58] [Epoch   179/  500] trn/posterior_energy  3.497e+05, trn/neg_log_likelihood  9.518e+04, trn/neg_log_prior  2.545e+05, trn/lr  2.151e-06, val/acc 9.978e-02, val/nll 2.334e+00
[2023-02-03 10:17:01] [Epoch   180/  500] trn/posterior_energy  3.500e+05, trn/neg_log_likelihood  9.509e+04, trn/neg_log_prior  2.550e+05, trn/lr  2.143e-06, val/acc 1.007e-01, val/nll 2.320e+00
[2023-02-03 10:17:05] [Epoch   181/  500] trn/posterior_energy  3.523e+05, trn/neg_log_likelihood  9.515e+04, trn/neg_log_prior  2.571e+05, trn/lr  2.134e-06, val/acc 9.978e-02, val/nll 2.322e+00
[2023-02-03 10:17:09] [Epoch   182/  500] trn/posterior_energy  3.573e+05, trn/neg_log_likelihood  9.494e+04, trn/neg_log_prior  2.624e+05, trn/lr  2.126e-06, val/acc 9.856e-02, val/nll 2.307e+00
[2023-02-03 10:17:13] [Epoch   183/  500] trn/posterior_energy  3.493e+05, trn/neg_log_likelihood  9.502e+04, trn/neg_log_prior  2.542e+05, trn/lr  2.117e-06, val/acc 1.007e-01, val/nll 2.322e+00
[2023-02-03 10:17:16] [Epoch   184/  500] trn/posterior_energy  3.499e+05, trn/neg_log_likelihood  9.494e+04, trn/neg_log_prior  2.549e+05, trn/lr  2.109e-06, val/acc 1.081e-01, val/nll 2.314e+00
[2023-02-03 10:17:20] [Epoch   185/  500] trn/posterior_energy  3.501e+05, trn/neg_log_likelihood  9.505e+04, trn/neg_log_prior  2.551e+05, trn/lr  2.100e-06, val/acc 1.044e-01, val/nll 2.312e+00
[2023-02-03 10:17:24] [Epoch   186/  500] trn/posterior_energy  3.533e+05, trn/neg_log_likelihood  9.506e+04, trn/neg_log_prior  2.582e+05, trn/lr  2.091e-06, val/acc 9.823e-02, val/nll 2.313e+00
[2023-02-03 10:17:28] [Epoch   187/  500] trn/posterior_energy  3.553e+05, trn/neg_log_likelihood  9.522e+04, trn/neg_log_prior  2.601e+05, trn/lr  2.083e-06, val/acc 9.945e-02, val/nll 2.320e+00
[2023-02-03 10:17:31] [Epoch   188/  500] trn/posterior_energy  3.521e+05, trn/neg_log_likelihood  9.515e+04, trn/neg_log_prior  2.570e+05, trn/lr  2.074e-06, val/acc 9.856e-02, val/nll 2.327e+00
[2023-02-03 10:17:35] [Epoch   189/  500] trn/posterior_energy  3.495e+05, trn/neg_log_likelihood  9.500e+04, trn/neg_log_prior  2.545e+05, trn/lr  2.065e-06, val/acc 1.081e-01, val/nll 2.309e+00
[2023-02-03 10:17:39] [Epoch   190/  500] trn/posterior_energy  3.506e+05, trn/neg_log_likelihood  9.501e+04, trn/neg_log_prior  2.556e+05, trn/lr  2.057e-06, val/acc 9.856e-02, val/nll 2.319e+00
[2023-02-03 10:17:43] [Epoch   191/  500] trn/posterior_energy  3.502e+05, trn/neg_log_likelihood  9.501e+04, trn/neg_log_prior  2.552e+05, trn/lr  2.048e-06, val/acc 9.823e-02, val/nll 2.330e+00
[2023-02-03 10:17:46] [Epoch   192/  500] trn/posterior_energy  3.496e+05, trn/neg_log_likelihood  9.499e+04, trn/neg_log_prior  2.547e+05, trn/lr  2.039e-06, val/acc 9.978e-02, val/nll 2.324e+00
[2023-02-03 10:17:50] [Epoch   193/  500] trn/posterior_energy  3.557e+05, trn/neg_log_likelihood  9.506e+04, trn/neg_log_prior  2.606e+05, trn/lr  2.030e-06, val/acc 9.281e-02, val/nll 2.332e+00
[2023-02-03 10:17:54] [Epoch   194/  500] trn/posterior_energy  3.516e+05, trn/neg_log_likelihood  9.534e+04, trn/neg_log_prior  2.562e+05, trn/lr  2.021e-06, val/acc 9.945e-02, val/nll 2.323e+00
[2023-02-03 10:17:58] [Epoch   195/  500] trn/posterior_energy  3.607e+05, trn/neg_log_likelihood  9.516e+04, trn/neg_log_prior  2.656e+05, trn/lr  2.013e-06, val/acc 9.281e-02, val/nll 2.325e+00
[2023-02-03 10:18:01] [Epoch   196/  500] trn/posterior_energy  3.502e+05, trn/neg_log_likelihood  9.521e+04, trn/neg_log_prior  2.550e+05, trn/lr  2.004e-06, val/acc 9.945e-02, val/nll 2.315e+00
[2023-02-03 10:18:05] [Epoch   197/  500] trn/posterior_energy  3.516e+05, trn/neg_log_likelihood  9.515e+04, trn/neg_log_prior  2.565e+05, trn/lr  1.995e-06, val/acc 9.823e-02, val/nll 2.322e+00
[2023-02-03 10:18:09] [Epoch   198/  500] trn/posterior_energy  3.516e+05, trn/neg_log_likelihood  9.508e+04, trn/neg_log_prior  2.565e+05, trn/lr  1.986e-06, val/acc 9.945e-02, val/nll 2.326e+00
[2023-02-03 10:18:13] [Epoch   199/  500] trn/posterior_energy  3.512e+05, trn/neg_log_likelihood  9.508e+04, trn/neg_log_prior  2.561e+05, trn/lr  1.977e-06, val/acc 9.978e-02, val/nll 2.317e+00
[2023-02-03 10:18:16] [Epoch   200/  500] trn/posterior_energy  3.517e+05, trn/neg_log_likelihood  9.504e+04, trn/neg_log_prior  2.566e+05, trn/lr  1.968e-06, val/acc 9.823e-02, val/nll 2.327e+00
[2023-02-03 10:18:20] [Epoch   201/  500] trn/posterior_energy  3.550e+05, trn/neg_log_likelihood  9.516e+04, trn/neg_log_prior  2.598e+05, trn/lr  1.959e-06, val/acc 9.945e-02, val/nll 2.331e+00
[2023-02-03 10:18:24] [Epoch   202/  500] trn/posterior_energy  3.513e+05, trn/neg_log_likelihood  9.507e+04, trn/neg_log_prior  2.563e+05, trn/lr  1.950e-06, val/acc 1.081e-01, val/nll 2.311e+00
[2023-02-03 10:18:28] [Epoch   203/  500] trn/posterior_energy  3.518e+05, trn/neg_log_likelihood  9.507e+04, trn/neg_log_prior  2.568e+05, trn/lr  1.941e-06, val/acc 9.978e-02, val/nll 2.326e+00
[2023-02-03 10:18:32] [Epoch   204/  500] trn/posterior_energy  3.496e+05, trn/neg_log_likelihood  9.518e+04, trn/neg_log_prior  2.545e+05, trn/lr  1.932e-06, val/acc 9.823e-02, val/nll 2.325e+00
[2023-02-03 10:18:35] [Epoch   205/  500] trn/posterior_energy  3.524e+05, trn/neg_log_likelihood  9.502e+04, trn/neg_log_prior  2.574e+05, trn/lr  1.923e-06, val/acc 9.978e-02, val/nll 2.318e+00
[2023-02-03 10:18:39] [Epoch   206/  500] trn/posterior_energy  3.508e+05, trn/neg_log_likelihood  9.485e+04, trn/neg_log_prior  2.560e+05, trn/lr  1.914e-06, val/acc 9.978e-02, val/nll 2.313e+00
[2023-02-03 10:18:43] [Epoch   207/  500] trn/posterior_energy  3.536e+05, trn/neg_log_likelihood  9.512e+04, trn/neg_log_prior  2.585e+05, trn/lr  1.905e-06, val/acc 1.007e-01, val/nll 2.317e+00
[2023-02-03 10:18:47] [Epoch   208/  500] trn/posterior_energy  3.501e+05, trn/neg_log_likelihood  9.512e+04, trn/neg_log_prior  2.550e+05, trn/lr  1.896e-06, val/acc 9.856e-02, val/nll 2.333e+00
[2023-02-03 10:18:50] [Epoch   209/  500] trn/posterior_energy  3.521e+05, trn/neg_log_likelihood  9.519e+04, trn/neg_log_prior  2.569e+05, trn/lr  1.887e-06, val/acc 9.978e-02, val/nll 2.331e+00
[2023-02-03 10:18:54] [Epoch   210/  500] trn/posterior_energy  3.513e+05, trn/neg_log_likelihood  9.504e+04, trn/neg_log_prior  2.563e+05, trn/lr  1.878e-06, val/acc 9.281e-02, val/nll 2.332e+00
[2023-02-03 10:18:58] [Epoch   211/  500] trn/posterior_energy  3.496e+05, trn/neg_log_likelihood  9.495e+04, trn/neg_log_prior  2.547e+05, trn/lr  1.868e-06, val/acc 9.978e-02, val/nll 2.320e+00
[2023-02-03 10:19:02] [Epoch   212/  500] trn/posterior_energy  3.490e+05, trn/neg_log_likelihood  9.499e+04, trn/neg_log_prior  2.540e+05, trn/lr  1.859e-06, val/acc 1.007e-01, val/nll 2.318e+00
[2023-02-03 10:19:06] [Epoch   213/  500] trn/posterior_energy  3.492e+05, trn/neg_log_likelihood  9.501e+04, trn/neg_log_prior  2.542e+05, trn/lr  1.850e-06, val/acc 9.823e-02, val/nll 2.324e+00
[2023-02-03 10:19:09] [Epoch   214/  500] trn/posterior_energy  3.502e+05, trn/neg_log_likelihood  9.496e+04, trn/neg_log_prior  2.553e+05, trn/lr  1.841e-06, val/acc 9.823e-02, val/nll 2.309e+00
[2023-02-03 10:19:13] [Epoch   215/  500] trn/posterior_energy  3.504e+05, trn/neg_log_likelihood  9.486e+04, trn/neg_log_prior  2.555e+05, trn/lr  1.832e-06, val/acc 9.281e-02, val/nll 2.321e+00
[2023-02-03 10:19:17] [Epoch   216/  500] trn/posterior_energy  3.497e+05, trn/neg_log_likelihood  9.509e+04, trn/neg_log_prior  2.546e+05, trn/lr  1.823e-06, val/acc 9.978e-02, val/nll 2.310e+00
[2023-02-03 10:19:21] [Epoch   217/  500] trn/posterior_energy  3.533e+05, trn/neg_log_likelihood  9.480e+04, trn/neg_log_prior  2.585e+05, trn/lr  1.813e-06, val/acc 9.945e-02, val/nll 2.339e+00
[2023-02-03 10:19:24] [Epoch   218/  500] trn/posterior_energy  3.499e+05, trn/neg_log_likelihood  9.495e+04, trn/neg_log_prior  2.550e+05, trn/lr  1.804e-06, val/acc 9.945e-02, val/nll 2.320e+00
[2023-02-03 10:19:28] [Epoch   219/  500] trn/posterior_energy  3.493e+05, trn/neg_log_likelihood  9.492e+04, trn/neg_log_prior  2.544e+05, trn/lr  1.795e-06, val/acc 9.978e-02, val/nll 2.316e+00
[2023-02-03 10:19:32] [Epoch   220/  500] trn/posterior_energy  3.488e+05, trn/neg_log_likelihood  9.479e+04, trn/neg_log_prior  2.540e+05, trn/lr  1.786e-06, val/acc 1.081e-01, val/nll 2.310e+00
[2023-02-03 10:19:35] [Epoch   221/  500] trn/posterior_energy  3.488e+05, trn/neg_log_likelihood  9.494e+04, trn/neg_log_prior  2.538e+05, trn/lr  1.776e-06, val/acc 9.823e-02, val/nll 2.312e+00
[2023-02-03 10:19:39] [Epoch   222/  500] trn/posterior_energy  3.493e+05, trn/neg_log_likelihood  9.508e+04, trn/neg_log_prior  2.543e+05, trn/lr  1.767e-06, val/acc 9.823e-02, val/nll 2.312e+00
[2023-02-03 10:19:43] [Epoch   223/  500] trn/posterior_energy  3.517e+05, trn/neg_log_likelihood  9.488e+04, trn/neg_log_prior  2.568e+05, trn/lr  1.758e-06, val/acc 9.281e-02, val/nll 2.315e+00
[2023-02-03 10:19:47] [Epoch   224/  500] trn/posterior_energy  3.530e+05, trn/neg_log_likelihood  9.502e+04, trn/neg_log_prior  2.580e+05, trn/lr  1.749e-06, val/acc 9.281e-02, val/nll 2.332e+00
[2023-02-03 10:19:50] [Epoch   225/  500] trn/posterior_energy  3.495e+05, trn/neg_log_likelihood  9.486e+04, trn/neg_log_prior  2.546e+05, trn/lr  1.739e-06, val/acc 9.945e-02, val/nll 2.309e+00
[2023-02-03 10:19:54] [Epoch   226/  500] trn/posterior_energy  3.490e+05, trn/neg_log_likelihood  9.496e+04, trn/neg_log_prior  2.541e+05, trn/lr  1.730e-06, val/acc 9.978e-02, val/nll 2.314e+00
[2023-02-03 10:19:58] [Epoch   227/  500] trn/posterior_energy  3.488e+05, trn/neg_log_likelihood  9.488e+04, trn/neg_log_prior  2.540e+05, trn/lr  1.721e-06, val/acc 9.978e-02, val/nll 2.310e+00
[2023-02-03 10:20:02] [Epoch   228/  500] trn/posterior_energy  3.488e+05, trn/neg_log_likelihood  9.494e+04, trn/neg_log_prior  2.538e+05, trn/lr  1.711e-06, val/acc 9.945e-02, val/nll 2.316e+00
[2023-02-03 10:20:05] [Epoch   229/  500] trn/posterior_energy  3.486e+05, trn/neg_log_likelihood  9.484e+04, trn/neg_log_prior  2.538e+05, trn/lr  1.702e-06, val/acc 9.823e-02, val/nll 2.310e+00
[2023-02-03 10:20:09] [Epoch   230/  500] trn/posterior_energy  3.488e+05, trn/neg_log_likelihood  9.494e+04, trn/neg_log_prior  2.539e+05, trn/lr  1.693e-06, val/acc 9.978e-02, val/nll 2.318e+00
[2023-02-03 10:20:13] [Epoch   231/  500] trn/posterior_energy  3.490e+05, trn/neg_log_likelihood  9.505e+04, trn/neg_log_prior  2.539e+05, trn/lr  1.683e-06, val/acc 9.978e-02, val/nll 2.323e+00
[2023-02-03 10:20:17] [Epoch   232/  500] trn/posterior_energy  3.491e+05, trn/neg_log_likelihood  9.500e+04, trn/neg_log_prior  2.541e+05, trn/lr  1.674e-06, val/acc 1.007e-01, val/nll 2.328e+00
[2023-02-03 10:20:20] [Epoch   233/  500] trn/posterior_energy  3.498e+05, trn/neg_log_likelihood  9.501e+04, trn/neg_log_prior  2.548e+05, trn/lr  1.665e-06, val/acc 9.978e-02, val/nll 2.316e+00
[2023-02-03 10:20:24] [Epoch   234/  500] trn/posterior_energy  3.502e+05, trn/neg_log_likelihood  9.497e+04, trn/neg_log_prior  2.552e+05, trn/lr  1.655e-06, val/acc 9.856e-02, val/nll 2.311e+00
[2023-02-03 10:20:28] [Epoch   235/  500] trn/posterior_energy  3.492e+05, trn/neg_log_likelihood  9.496e+04, trn/neg_log_prior  2.543e+05, trn/lr  1.646e-06, val/acc 9.823e-02, val/nll 2.334e+00
[2023-02-03 10:20:32] [Epoch   236/  500] trn/posterior_energy  3.499e+05, trn/neg_log_likelihood  9.521e+04, trn/neg_log_prior  2.547e+05, trn/lr  1.636e-06, val/acc 9.281e-02, val/nll 2.330e+00
[2023-02-03 10:20:36] [Epoch   237/  500] trn/posterior_energy  3.495e+05, trn/neg_log_likelihood  9.495e+04, trn/neg_log_prior  2.545e+05, trn/lr  1.627e-06, val/acc 9.978e-02, val/nll 2.319e+00
[2023-02-03 10:20:39] [Epoch   238/  500] trn/posterior_energy  3.488e+05, trn/neg_log_likelihood  9.487e+04, trn/neg_log_prior  2.539e+05, trn/lr  1.618e-06, val/acc 1.081e-01, val/nll 2.310e+00
[2023-02-03 10:20:43] [Epoch   239/  500] trn/posterior_energy  3.487e+05, trn/neg_log_likelihood  9.487e+04, trn/neg_log_prior  2.538e+05, trn/lr  1.608e-06, val/acc 9.945e-02, val/nll 2.315e+00
[2023-02-03 10:20:47] [Epoch   240/  500] trn/posterior_energy  3.497e+05, trn/neg_log_likelihood  9.502e+04, trn/neg_log_prior  2.547e+05, trn/lr  1.599e-06, val/acc 9.823e-02, val/nll 2.324e+00
[2023-02-03 10:20:51] [Epoch   241/  500] trn/posterior_energy  3.490e+05, trn/neg_log_likelihood  9.489e+04, trn/neg_log_prior  2.541e+05, trn/lr  1.589e-06, val/acc 9.823e-02, val/nll 2.314e+00
[2023-02-03 10:20:54] [Epoch   242/  500] trn/posterior_energy  3.495e+05, trn/neg_log_likelihood  9.493e+04, trn/neg_log_prior  2.545e+05, trn/lr  1.580e-06, val/acc 9.823e-02, val/nll 2.314e+00
[2023-02-03 10:20:58] [Epoch   243/  500] trn/posterior_energy  3.488e+05, trn/neg_log_likelihood  9.499e+04, trn/neg_log_prior  2.538e+05, trn/lr  1.571e-06, val/acc 9.945e-02, val/nll 2.320e+00
[2023-02-03 10:21:02] [Epoch   244/  500] trn/posterior_energy  3.489e+05, trn/neg_log_likelihood  9.496e+04, trn/neg_log_prior  2.539e+05, trn/lr  1.561e-06, val/acc 1.007e-01, val/nll 2.315e+00
[2023-02-03 10:21:05] [Epoch   245/  500] trn/posterior_energy  3.489e+05, trn/neg_log_likelihood  9.508e+04, trn/neg_log_prior  2.538e+05, trn/lr  1.552e-06, val/acc 1.081e-01, val/nll 2.324e+00
[2023-02-03 10:21:09] [Epoch   246/  500] trn/posterior_energy  3.507e+05, trn/neg_log_likelihood  9.508e+04, trn/neg_log_prior  2.557e+05, trn/lr  1.542e-06, val/acc 9.823e-02, val/nll 2.324e+00
[2023-02-03 10:21:13] [Epoch   247/  500] trn/posterior_energy  3.490e+05, trn/neg_log_likelihood  9.490e+04, trn/neg_log_prior  2.541e+05, trn/lr  1.533e-06, val/acc 1.007e-01, val/nll 2.308e+00
[2023-02-03 10:21:17] [Epoch   248/  500] trn/posterior_energy  3.489e+05, trn/neg_log_likelihood  9.496e+04, trn/neg_log_prior  2.540e+05, trn/lr  1.524e-06, val/acc 1.044e-01, val/nll 2.324e+00
[2023-02-03 10:21:21] [Epoch   249/  500] trn/posterior_energy  3.488e+05, trn/neg_log_likelihood  9.489e+04, trn/neg_log_prior  2.539e+05, trn/lr  1.514e-06, val/acc 9.856e-02, val/nll 2.313e+00
[2023-02-03 10:21:24] [Epoch   250/  500] trn/posterior_energy  3.488e+05, trn/neg_log_likelihood  9.493e+04, trn/neg_log_prior  2.539e+05, trn/lr  1.505e-06, val/acc 9.856e-02, val/nll 2.326e+00
[2023-02-03 10:21:28] [Epoch   251/  500] trn/posterior_energy  3.489e+05, trn/neg_log_likelihood  9.504e+04, trn/neg_log_prior  2.539e+05, trn/lr  1.495e-06, val/acc 1.044e-01, val/nll 2.313e+00
[2023-02-03 10:21:32] [Epoch   252/  500] trn/posterior_energy  3.489e+05, trn/neg_log_likelihood  9.489e+04, trn/neg_log_prior  2.540e+05, trn/lr  1.486e-06, val/acc 9.281e-02, val/nll 2.322e+00
[2023-02-03 10:21:35] [Epoch   253/  500] trn/posterior_energy  3.491e+05, trn/neg_log_likelihood  9.485e+04, trn/neg_log_prior  2.542e+05, trn/lr  1.476e-06, val/acc 9.978e-02, val/nll 2.307e+00
[2023-02-03 10:21:39] [Epoch   254/  500] trn/posterior_energy  3.487e+05, trn/neg_log_likelihood  9.492e+04, trn/neg_log_prior  2.538e+05, trn/lr  1.467e-06, val/acc 9.823e-02, val/nll 2.318e+00
[2023-02-03 10:21:43] [Epoch   255/  500] trn/posterior_energy  3.494e+05, trn/neg_log_likelihood  9.498e+04, trn/neg_log_prior  2.544e+05, trn/lr  1.458e-06, val/acc 9.281e-02, val/nll 2.338e+00
[2023-02-03 10:21:47] [Epoch   256/  500] trn/posterior_energy  3.489e+05, trn/neg_log_likelihood  9.500e+04, trn/neg_log_prior  2.539e+05, trn/lr  1.448e-06, val/acc 9.856e-02, val/nll 2.326e+00
[2023-02-03 10:21:50] [Epoch   257/  500] trn/posterior_energy  3.493e+05, trn/neg_log_likelihood  9.490e+04, trn/neg_log_prior  2.544e+05, trn/lr  1.439e-06, val/acc 9.945e-02, val/nll 2.310e+00
[2023-02-03 10:21:54] [Epoch   258/  500] trn/posterior_energy  3.486e+05, trn/neg_log_likelihood  9.490e+04, trn/neg_log_prior  2.537e+05, trn/lr  1.429e-06, val/acc 9.978e-02, val/nll 2.315e+00
[2023-02-03 10:21:58] [Epoch   259/  500] trn/posterior_energy  3.488e+05, trn/neg_log_likelihood  9.493e+04, trn/neg_log_prior  2.539e+05, trn/lr  1.420e-06, val/acc 9.978e-02, val/nll 2.316e+00
[2023-02-03 10:22:02] [Epoch   260/  500] trn/posterior_energy  3.495e+05, trn/neg_log_likelihood  9.493e+04, trn/neg_log_prior  2.545e+05, trn/lr  1.411e-06, val/acc 9.978e-02, val/nll 2.308e+00
[2023-02-03 10:22:06] [Epoch   261/  500] trn/posterior_energy  3.487e+05, trn/neg_log_likelihood  9.487e+04, trn/neg_log_prior  2.538e+05, trn/lr  1.401e-06, val/acc 1.007e-01, val/nll 2.316e+00
[2023-02-03 10:22:09] [Epoch   262/  500] trn/posterior_energy  3.487e+05, trn/neg_log_likelihood  9.488e+04, trn/neg_log_prior  2.538e+05, trn/lr  1.392e-06, val/acc 1.081e-01, val/nll 2.318e+00
[2023-02-03 10:22:13] [Epoch   263/  500] trn/posterior_energy  3.487e+05, trn/neg_log_likelihood  9.496e+04, trn/neg_log_prior  2.537e+05, trn/lr  1.382e-06, val/acc 9.978e-02, val/nll 2.309e+00
[2023-02-03 10:22:17] [Epoch   264/  500] trn/posterior_energy  3.486e+05, trn/neg_log_likelihood  9.489e+04, trn/neg_log_prior  2.537e+05, trn/lr  1.373e-06, val/acc 9.823e-02, val/nll 2.317e+00
[2023-02-03 10:22:21] [Epoch   265/  500] trn/posterior_energy  3.496e+05, trn/neg_log_likelihood  9.493e+04, trn/neg_log_prior  2.546e+05, trn/lr  1.364e-06, val/acc 9.978e-02, val/nll 2.318e+00
[2023-02-03 10:22:24] [Epoch   266/  500] trn/posterior_energy  3.485e+05, trn/neg_log_likelihood  9.481e+04, trn/neg_log_prior  2.537e+05, trn/lr  1.354e-06, val/acc 1.044e-01, val/nll 2.311e+00
[2023-02-03 10:22:28] [Epoch   267/  500] trn/posterior_energy  3.486e+05, trn/neg_log_likelihood  9.490e+04, trn/neg_log_prior  2.537e+05, trn/lr  1.345e-06, val/acc 9.856e-02, val/nll 2.312e+00
[2023-02-03 10:22:32] [Epoch   268/  500] trn/posterior_energy  3.486e+05, trn/neg_log_likelihood  9.486e+04, trn/neg_log_prior  2.537e+05, trn/lr  1.335e-06, val/acc 9.978e-02, val/nll 2.322e+00
[2023-02-03 10:22:36] [Epoch   269/  500] trn/posterior_energy  3.488e+05, trn/neg_log_likelihood  9.488e+04, trn/neg_log_prior  2.539e+05, trn/lr  1.326e-06, val/acc 9.823e-02, val/nll 2.322e+00
[2023-02-03 10:22:39] [Epoch   270/  500] trn/posterior_energy  3.485e+05, trn/neg_log_likelihood  9.479e+04, trn/neg_log_prior  2.537e+05, trn/lr  1.317e-06, val/acc 9.823e-02, val/nll 2.316e+00
[2023-02-03 10:22:43] [Epoch   271/  500] trn/posterior_energy  3.485e+05, trn/neg_log_likelihood  9.477e+04, trn/neg_log_prior  2.537e+05, trn/lr  1.307e-06, val/acc 9.856e-02, val/nll 2.309e+00
[2023-02-03 10:22:47] [Epoch   272/  500] trn/posterior_energy  3.485e+05, trn/neg_log_likelihood  9.487e+04, trn/neg_log_prior  2.536e+05, trn/lr  1.298e-06, val/acc 9.856e-02, val/nll 2.322e+00
[2023-02-03 10:22:51] [Epoch   273/  500] trn/posterior_energy  3.489e+05, trn/neg_log_likelihood  9.498e+04, trn/neg_log_prior  2.539e+05, trn/lr  1.289e-06, val/acc 1.044e-01, val/nll 2.307e+00
[2023-02-03 10:22:55] [Epoch   274/  500] trn/posterior_energy  3.498e+05, trn/neg_log_likelihood  9.485e+04, trn/neg_log_prior  2.550e+05, trn/lr  1.279e-06, val/acc 9.823e-02, val/nll 2.314e+00
[2023-02-03 10:22:58] [Epoch   275/  500] trn/posterior_energy  3.487e+05, trn/neg_log_likelihood  9.489e+04, trn/neg_log_prior  2.538e+05, trn/lr  1.270e-06, val/acc 1.007e-01, val/nll 2.307e+00
[2023-02-03 10:23:02] [Epoch   276/  500] trn/posterior_energy  3.484e+05, trn/neg_log_likelihood  9.469e+04, trn/neg_log_prior  2.537e+05, trn/lr  1.261e-06, val/acc 1.007e-01, val/nll 2.321e+00
[2023-02-03 10:23:06] [Epoch   277/  500] trn/posterior_energy  3.486e+05, trn/neg_log_likelihood  9.494e+04, trn/neg_log_prior  2.537e+05, trn/lr  1.251e-06, val/acc 9.978e-02, val/nll 2.316e+00
[2023-02-03 10:23:10] [Epoch   278/  500] trn/posterior_energy  3.487e+05, trn/neg_log_likelihood  9.482e+04, trn/neg_log_prior  2.539e+05, trn/lr  1.242e-06, val/acc 9.978e-02, val/nll 2.317e+00
[2023-02-03 10:23:13] [Epoch   279/  500] trn/posterior_energy  3.487e+05, trn/neg_log_likelihood  9.493e+04, trn/neg_log_prior  2.538e+05, trn/lr  1.233e-06, val/acc 9.823e-02, val/nll 2.317e+00
[2023-02-03 10:23:17] [Epoch   280/  500] trn/posterior_energy  3.486e+05, trn/neg_log_likelihood  9.488e+04, trn/neg_log_prior  2.537e+05, trn/lr  1.224e-06, val/acc 9.823e-02, val/nll 2.317e+00
[2023-02-03 10:23:21] [Epoch   281/  500] trn/posterior_energy  3.485e+05, trn/neg_log_likelihood  9.481e+04, trn/neg_log_prior  2.537e+05, trn/lr  1.214e-06, val/acc 1.081e-01, val/nll 2.319e+00
[2023-02-03 10:23:25] [Epoch   282/  500] trn/posterior_energy  3.486e+05, trn/neg_log_likelihood  9.482e+04, trn/neg_log_prior  2.538e+05, trn/lr  1.205e-06, val/acc 9.978e-02, val/nll 2.322e+00
[2023-02-03 10:23:28] [Epoch   283/  500] trn/posterior_energy  3.487e+05, trn/neg_log_likelihood  9.495e+04, trn/neg_log_prior  2.537e+05, trn/lr  1.196e-06, val/acc 1.007e-01, val/nll 2.311e+00
[2023-02-03 10:23:32] [Epoch   284/  500] trn/posterior_energy  3.485e+05, trn/neg_log_likelihood  9.489e+04, trn/neg_log_prior  2.537e+05, trn/lr  1.187e-06, val/acc 9.823e-02, val/nll 2.315e+00
[2023-02-03 10:23:36] [Epoch   285/  500] trn/posterior_energy  3.484e+05, trn/neg_log_likelihood  9.478e+04, trn/neg_log_prior  2.537e+05, trn/lr  1.177e-06, val/acc 1.007e-01, val/nll 2.312e+00
[2023-02-03 10:23:40] [Epoch   286/  500] trn/posterior_energy  3.483e+05, trn/neg_log_likelihood  9.469e+04, trn/neg_log_prior  2.536e+05, trn/lr  1.168e-06, val/acc 9.945e-02, val/nll 2.308e+00
[2023-02-03 10:23:44] [Epoch   287/  500] trn/posterior_energy  3.484e+05, trn/neg_log_likelihood  9.479e+04, trn/neg_log_prior  2.536e+05, trn/lr  1.159e-06, val/acc 9.281e-02, val/nll 2.322e+00
[2023-02-03 10:23:47] [Epoch   288/  500] trn/posterior_energy  3.485e+05, trn/neg_log_likelihood  9.488e+04, trn/neg_log_prior  2.536e+05, trn/lr  1.150e-06, val/acc 9.945e-02, val/nll 2.318e+00
[2023-02-03 10:23:51] [Epoch   289/  500] trn/posterior_energy  3.484e+05, trn/neg_log_likelihood  9.480e+04, trn/neg_log_prior  2.536e+05, trn/lr  1.141e-06, val/acc 9.823e-02, val/nll 2.314e+00
[2023-02-03 10:23:55] [Epoch   290/  500] trn/posterior_energy  3.485e+05, trn/neg_log_likelihood  9.487e+04, trn/neg_log_prior  2.536e+05, trn/lr  1.132e-06, val/acc 9.945e-02, val/nll 2.325e+00
[2023-02-03 10:23:59] [Epoch   291/  500] trn/posterior_energy  3.484e+05, trn/neg_log_likelihood  9.480e+04, trn/neg_log_prior  2.536e+05, trn/lr  1.122e-06, val/acc 9.856e-02, val/nll 2.315e+00
[2023-02-03 10:24:02] [Epoch   292/  500] trn/posterior_energy  3.484e+05, trn/neg_log_likelihood  9.477e+04, trn/neg_log_prior  2.536e+05, trn/lr  1.113e-06, val/acc 9.856e-02, val/nll 2.328e+00
[2023-02-03 10:24:06] [Epoch   293/  500] trn/posterior_energy  3.487e+05, trn/neg_log_likelihood  9.494e+04, trn/neg_log_prior  2.537e+05, trn/lr  1.104e-06, val/acc 9.281e-02, val/nll 2.317e+00
[2023-02-03 10:24:10] [Epoch   294/  500] trn/posterior_energy  3.485e+05, trn/neg_log_likelihood  9.480e+04, trn/neg_log_prior  2.537e+05, trn/lr  1.095e-06, val/acc 9.978e-02, val/nll 2.309e+00
[2023-02-03 10:24:14] [Epoch   295/  500] trn/posterior_energy  3.483e+05, trn/neg_log_likelihood  9.471e+04, trn/neg_log_prior  2.536e+05, trn/lr  1.086e-06, val/acc 1.007e-01, val/nll 2.314e+00
[2023-02-03 10:24:18] [Epoch   296/  500] trn/posterior_energy  3.484e+05, trn/neg_log_likelihood  9.481e+04, trn/neg_log_prior  2.536e+05, trn/lr  1.077e-06, val/acc 9.823e-02, val/nll 2.316e+00
[2023-02-03 10:24:21] [Epoch   297/  500] trn/posterior_energy  3.483e+05, trn/neg_log_likelihood  9.470e+04, trn/neg_log_prior  2.536e+05, trn/lr  1.068e-06, val/acc 9.978e-02, val/nll 2.319e+00
[2023-02-03 10:24:25] [Epoch   298/  500] trn/posterior_energy  3.484e+05, trn/neg_log_likelihood  9.475e+04, trn/neg_log_prior  2.536e+05, trn/lr  1.059e-06, val/acc 9.823e-02, val/nll 2.309e+00
[2023-02-03 10:24:29] [Epoch   299/  500] trn/posterior_energy  3.485e+05, trn/neg_log_likelihood  9.488e+04, trn/neg_log_prior  2.536e+05, trn/lr  1.050e-06, val/acc 9.856e-02, val/nll 2.324e+00
[2023-02-03 10:24:33] [Epoch   300/  500] trn/posterior_energy  3.486e+05, trn/neg_log_likelihood  9.493e+04, trn/neg_log_prior  2.536e+05, trn/lr  1.041e-06, val/acc 9.823e-02, val/nll 2.307e+00
[2023-02-03 10:24:37] [Epoch   301/  500] trn/posterior_energy  3.486e+05, trn/neg_log_likelihood  9.475e+04, trn/neg_log_prior  2.539e+05, trn/lr  1.032e-06, val/acc 1.007e-01, val/nll 2.311e+00
[2023-02-03 10:24:40] [Epoch   302/  500] trn/posterior_energy  3.484e+05, trn/neg_log_likelihood  9.475e+04, trn/neg_log_prior  2.536e+05, trn/lr  1.023e-06, val/acc 9.823e-02, val/nll 2.313e+00
[2023-02-03 10:24:44] [Epoch   303/  500] trn/posterior_energy  3.484e+05, trn/neg_log_likelihood  9.475e+04, trn/neg_log_prior  2.536e+05, trn/lr  1.014e-06, val/acc 9.978e-02, val/nll 2.315e+00
[2023-02-03 10:24:48] [Epoch   304/  500] trn/posterior_energy  3.484e+05, trn/neg_log_likelihood  9.475e+04, trn/neg_log_prior  2.536e+05, trn/lr  1.005e-06, val/acc 1.081e-01, val/nll 2.307e+00
[2023-02-03 10:24:52] [Epoch   305/  500] trn/posterior_energy  3.483e+05, trn/neg_log_likelihood  9.472e+04, trn/neg_log_prior  2.536e+05, trn/lr  9.963e-07, val/acc 9.945e-02, val/nll 2.310e+00
[2023-02-03 10:24:55] [Epoch   306/  500] trn/posterior_energy  3.485e+05, trn/neg_log_likelihood  9.483e+04, trn/neg_log_prior  2.536e+05, trn/lr  9.875e-07, val/acc 9.823e-02, val/nll 2.307e+00
[2023-02-03 10:24:59] [Epoch   307/  500] trn/posterior_energy  3.485e+05, trn/neg_log_likelihood  9.488e+04, trn/neg_log_prior  2.536e+05, trn/lr  9.786e-07, val/acc 9.823e-02, val/nll 2.312e+00
[2023-02-03 10:25:03] [Epoch   308/  500] trn/posterior_energy  3.484e+05, trn/neg_log_likelihood  9.477e+04, trn/neg_log_prior  2.536e+05, trn/lr  9.698e-07, val/acc 9.978e-02, val/nll 2.305e+00
[2023-02-03 10:25:07] [Epoch   309/  500] trn/posterior_energy  3.483e+05, trn/neg_log_likelihood  9.468e+04, trn/neg_log_prior  2.536e+05, trn/lr  9.610e-07, val/acc 9.856e-02, val/nll 2.310e+00
[2023-02-03 10:25:10] [Epoch   310/  500] trn/posterior_energy  3.483e+05, trn/neg_log_likelihood  9.465e+04, trn/neg_log_prior  2.536e+05, trn/lr  9.522e-07, val/acc 9.823e-02, val/nll 2.311e+00
[2023-02-03 10:25:14] [Epoch   311/  500] trn/posterior_energy  3.485e+05, trn/neg_log_likelihood  9.491e+04, trn/neg_log_prior  2.536e+05, trn/lr  9.434e-07, val/acc 9.823e-02, val/nll 2.313e+00
[2023-02-03 10:25:18] [Epoch   312/  500] trn/posterior_energy  3.483e+05, trn/neg_log_likelihood  9.462e+04, trn/neg_log_prior  2.536e+05, trn/lr  9.347e-07, val/acc 1.044e-01, val/nll 2.308e+00
[2023-02-03 10:25:22] [Epoch   313/  500] trn/posterior_energy  3.482e+05, trn/neg_log_likelihood  9.461e+04, trn/neg_log_prior  2.536e+05, trn/lr  9.260e-07, val/acc 9.823e-02, val/nll 2.308e+00
[2023-02-03 10:25:25] [Epoch   314/  500] trn/posterior_energy  3.483e+05, trn/neg_log_likelihood  9.468e+04, trn/neg_log_prior  2.536e+05, trn/lr  9.173e-07, val/acc 9.978e-02, val/nll 2.316e+00
[2023-02-03 10:25:29] [Epoch   315/  500] trn/posterior_energy  3.484e+05, trn/neg_log_likelihood  9.472e+04, trn/neg_log_prior  2.536e+05, trn/lr  9.086e-07, val/acc 9.978e-02, val/nll 2.312e+00
[2023-02-03 10:25:33] [Epoch   316/  500] trn/posterior_energy  3.483e+05, trn/neg_log_likelihood  9.463e+04, trn/neg_log_prior  2.536e+05, trn/lr  9.000e-07, val/acc 9.856e-02, val/nll 2.304e+00
[2023-02-03 10:25:37] [Epoch   317/  500] trn/posterior_energy  3.484e+05, trn/neg_log_likelihood  9.475e+04, trn/neg_log_prior  2.536e+05, trn/lr  8.913e-07, val/acc 9.978e-02, val/nll 2.313e+00
[2023-02-03 10:25:40] [Epoch   318/  500] trn/posterior_energy  3.485e+05, trn/neg_log_likelihood  9.485e+04, trn/neg_log_prior  2.536e+05, trn/lr  8.827e-07, val/acc 1.007e-01, val/nll 2.313e+00
[2023-02-03 10:25:44] [Epoch   319/  500] trn/posterior_energy  3.483e+05, trn/neg_log_likelihood  9.470e+04, trn/neg_log_prior  2.536e+05, trn/lr  8.742e-07, val/acc 9.281e-02, val/nll 2.306e+00
[2023-02-03 10:25:48] [Epoch   320/  500] trn/posterior_energy  3.482e+05, trn/neg_log_likelihood  9.462e+04, trn/neg_log_prior  2.536e+05, trn/lr  8.656e-07, val/acc 9.978e-02, val/nll 2.310e+00
[2023-02-03 10:25:52] [Epoch   321/  500] trn/posterior_energy  3.483e+05, trn/neg_log_likelihood  9.466e+04, trn/neg_log_prior  2.536e+05, trn/lr  8.571e-07, val/acc 9.978e-02, val/nll 2.307e+00
[2023-02-03 10:25:56] [Epoch   322/  500] trn/posterior_energy  3.483e+05, trn/neg_log_likelihood  9.469e+04, trn/neg_log_prior  2.536e+05, trn/lr  8.486e-07, val/acc 9.945e-02, val/nll 2.309e+00
[2023-02-03 10:26:00] [Epoch   323/  500] trn/posterior_energy  3.484e+05, trn/neg_log_likelihood  9.476e+04, trn/neg_log_prior  2.536e+05, trn/lr  8.401e-07, val/acc 1.007e-01, val/nll 2.306e+00
[2023-02-03 10:26:03] [Epoch   324/  500] trn/posterior_energy  3.485e+05, trn/neg_log_likelihood  9.484e+04, trn/neg_log_prior  2.536e+05, trn/lr  8.316e-07, val/acc 9.856e-02, val/nll 2.310e+00
[2023-02-03 10:26:07] [Epoch   325/  500] trn/posterior_energy  3.484e+05, trn/neg_log_likelihood  9.474e+04, trn/neg_log_prior  2.536e+05, trn/lr  8.232e-07, val/acc 9.823e-02, val/nll 2.310e+00
[2023-02-03 10:26:11] [Epoch   326/  500] trn/posterior_energy  3.482e+05, trn/neg_log_likelihood  9.461e+04, trn/neg_log_prior  2.536e+05, trn/lr  8.148e-07, val/acc 9.945e-02, val/nll 2.308e+00
[2023-02-03 10:26:15] [Epoch   327/  500] trn/posterior_energy  3.484e+05, trn/neg_log_likelihood  9.476e+04, trn/neg_log_prior  2.536e+05, trn/lr  8.065e-07, val/acc 9.978e-02, val/nll 2.307e+00
[2023-02-03 10:26:19] [Epoch   328/  500] trn/posterior_energy  3.484e+05, trn/neg_log_likelihood  9.478e+04, trn/neg_log_prior  2.536e+05, trn/lr  7.981e-07, val/acc 1.081e-01, val/nll 2.307e+00
[2023-02-03 10:26:22] [Epoch   329/  500] trn/posterior_energy  3.483e+05, trn/neg_log_likelihood  9.464e+04, trn/neg_log_prior  2.536e+05, trn/lr  7.898e-07, val/acc 9.945e-02, val/nll 2.315e+00
[2023-02-03 10:26:26] [Epoch   330/  500] trn/posterior_energy  3.482e+05, trn/neg_log_likelihood  9.460e+04, trn/neg_log_prior  2.536e+05, trn/lr  7.815e-07, val/acc 9.856e-02, val/nll 2.309e+00
[2023-02-03 10:26:30] [Epoch   331/  500] trn/posterior_energy  3.484e+05, trn/neg_log_likelihood  9.473e+04, trn/neg_log_prior  2.536e+05, trn/lr  7.733e-07, val/acc 9.945e-02, val/nll 2.313e+00
[2023-02-03 10:26:34] [Epoch   332/  500] trn/posterior_energy  3.483e+05, trn/neg_log_likelihood  9.465e+04, trn/neg_log_prior  2.536e+05, trn/lr  7.650e-07, val/acc 9.281e-02, val/nll 2.310e+00
[2023-02-03 10:26:37] [Epoch   333/  500] trn/posterior_energy  3.483e+05, trn/neg_log_likelihood  9.466e+04, trn/neg_log_prior  2.536e+05, trn/lr  7.568e-07, val/acc 9.823e-02, val/nll 2.309e+00
[2023-02-03 10:26:41] [Epoch   334/  500] trn/posterior_energy  3.483e+05, trn/neg_log_likelihood  9.471e+04, trn/neg_log_prior  2.536e+05, trn/lr  7.486e-07, val/acc 9.856e-02, val/nll 2.307e+00
[2023-02-03 10:26:45] [Epoch   335/  500] trn/posterior_energy  3.483e+05, trn/neg_log_likelihood  9.462e+04, trn/neg_log_prior  2.536e+05, trn/lr  7.405e-07, val/acc 9.823e-02, val/nll 2.311e+00
[2023-02-03 10:26:49] [Epoch   336/  500] trn/posterior_energy  3.482e+05, trn/neg_log_likelihood  9.462e+04, trn/neg_log_prior  2.536e+05, trn/lr  7.324e-07, val/acc 9.978e-02, val/nll 2.316e+00
[2023-02-03 10:26:53] [Epoch   337/  500] trn/posterior_energy  3.482e+05, trn/neg_log_likelihood  9.454e+04, trn/neg_log_prior  2.536e+05, trn/lr  7.243e-07, val/acc 1.044e-01, val/nll 2.303e+00
[2023-02-03 10:26:56] [Epoch   338/  500] trn/posterior_energy  3.483e+05, trn/neg_log_likelihood  9.466e+04, trn/neg_log_prior  2.536e+05, trn/lr  7.163e-07, val/acc 9.978e-02, val/nll 2.306e+00
[2023-02-03 10:27:00] [Epoch   339/  500] trn/posterior_energy  3.482e+05, trn/neg_log_likelihood  9.454e+04, trn/neg_log_prior  2.536e+05, trn/lr  7.082e-07, val/acc 9.978e-02, val/nll 2.306e+00
[2023-02-03 10:27:04] [Epoch   340/  500] trn/posterior_energy  3.482e+05, trn/neg_log_likelihood  9.457e+04, trn/neg_log_prior  2.536e+05, trn/lr  7.003e-07, val/acc 1.044e-01, val/nll 2.305e+00
[2023-02-03 10:27:08] [Epoch   341/  500] trn/posterior_energy  3.481e+05, trn/neg_log_likelihood  9.452e+04, trn/neg_log_prior  2.536e+05, trn/lr  6.923e-07, val/acc 9.823e-02, val/nll 2.314e+00
[2023-02-03 10:27:11] [Epoch   342/  500] trn/posterior_energy  3.483e+05, trn/neg_log_likelihood  9.467e+04, trn/neg_log_prior  2.536e+05, trn/lr  6.844e-07, val/acc 9.978e-02, val/nll 2.316e+00
[2023-02-03 10:27:15] [Epoch   343/  500] trn/posterior_energy  3.484e+05, trn/neg_log_likelihood  9.473e+04, trn/neg_log_prior  2.536e+05, trn/lr  6.765e-07, val/acc 9.823e-02, val/nll 2.311e+00
[2023-02-03 10:27:19] [Epoch   344/  500] trn/posterior_energy  3.483e+05, trn/neg_log_likelihood  9.462e+04, trn/neg_log_prior  2.536e+05, trn/lr  6.686e-07, val/acc 9.945e-02, val/nll 2.309e+00
[2023-02-03 10:27:23] [Epoch   345/  500] trn/posterior_energy  3.482e+05, trn/neg_log_likelihood  9.455e+04, trn/neg_log_prior  2.536e+05, trn/lr  6.608e-07, val/acc 1.007e-01, val/nll 2.312e+00
[2023-02-03 10:27:26] [Epoch   346/  500] trn/posterior_energy  3.481e+05, trn/neg_log_likelihood  9.451e+04, trn/neg_log_prior  2.536e+05, trn/lr  6.530e-07, val/acc 9.978e-02, val/nll 2.312e+00
[2023-02-03 10:27:30] [Epoch   347/  500] trn/posterior_energy  3.482e+05, trn/neg_log_likelihood  9.461e+04, trn/neg_log_prior  2.536e+05, trn/lr  6.452e-07, val/acc 9.281e-02, val/nll 2.318e+00
[2023-02-03 10:27:34] [Epoch   348/  500] trn/posterior_energy  3.482e+05, trn/neg_log_likelihood  9.462e+04, trn/neg_log_prior  2.536e+05, trn/lr  6.375e-07, val/acc 1.081e-01, val/nll 2.306e+00
[2023-02-03 10:27:38] [Epoch   349/  500] trn/posterior_energy  3.482e+05, trn/neg_log_likelihood  9.453e+04, trn/neg_log_prior  2.536e+05, trn/lr  6.298e-07, val/acc 1.007e-01, val/nll 2.311e+00
[2023-02-03 10:27:41] [Epoch   350/  500] trn/posterior_energy  3.482e+05, trn/neg_log_likelihood  9.458e+04, trn/neg_log_prior  2.536e+05, trn/lr  6.221e-07, val/acc 9.978e-02, val/nll 2.307e+00
[2023-02-03 10:27:45] [Epoch   351/  500] trn/posterior_energy  3.482e+05, trn/neg_log_likelihood  9.461e+04, trn/neg_log_prior  2.536e+05, trn/lr  6.145e-07, val/acc 9.945e-02, val/nll 2.308e+00
[2023-02-03 10:27:49] [Epoch   352/  500] trn/posterior_energy  3.483e+05, trn/neg_log_likelihood  9.468e+04, trn/neg_log_prior  2.536e+05, trn/lr  6.069e-07, val/acc 1.007e-01, val/nll 2.308e+00
[2023-02-03 10:27:53] [Epoch   353/  500] trn/posterior_energy  3.482e+05, trn/neg_log_likelihood  9.456e+04, trn/neg_log_prior  2.536e+05, trn/lr  5.994e-07, val/acc 1.081e-01, val/nll 2.306e+00
[2023-02-03 10:27:56] [Epoch   354/  500] trn/posterior_energy  3.482e+05, trn/neg_log_likelihood  9.454e+04, trn/neg_log_prior  2.536e+05, trn/lr  5.919e-07, val/acc 1.044e-01, val/nll 2.305e+00
[2023-02-03 10:28:00] [Epoch   355/  500] trn/posterior_energy  3.482e+05, trn/neg_log_likelihood  9.459e+04, trn/neg_log_prior  2.536e+05, trn/lr  5.844e-07, val/acc 9.978e-02, val/nll 2.308e+00
[2023-02-03 10:28:04] [Epoch   356/  500] trn/posterior_energy  3.482e+05, trn/neg_log_likelihood  9.456e+04, trn/neg_log_prior  2.536e+05, trn/lr  5.769e-07, val/acc 1.044e-01, val/nll 2.306e+00
[2023-02-03 10:28:08] [Epoch   357/  500] trn/posterior_energy  3.482e+05, trn/neg_log_likelihood  9.461e+04, trn/neg_log_prior  2.536e+05, trn/lr  5.695e-07, val/acc 9.856e-02, val/nll 2.309e+00
[2023-02-03 10:28:12] [Epoch   358/  500] trn/posterior_energy  3.482e+05, trn/neg_log_likelihood  9.454e+04, trn/neg_log_prior  2.536e+05, trn/lr  5.621e-07, val/acc 9.281e-02, val/nll 2.310e+00
[2023-02-03 10:28:15] [Epoch   359/  500] trn/posterior_energy  3.482e+05, trn/neg_log_likelihood  9.454e+04, trn/neg_log_prior  2.536e+05, trn/lr  5.548e-07, val/acc 1.081e-01, val/nll 2.310e+00
[2023-02-03 10:28:19] [Epoch   360/  500] trn/posterior_energy  3.482e+05, trn/neg_log_likelihood  9.458e+04, trn/neg_log_prior  2.536e+05, trn/lr  5.475e-07, val/acc 9.823e-02, val/nll 2.313e+00
[2023-02-03 10:28:23] [Epoch   361/  500] trn/posterior_energy  3.481e+05, trn/neg_log_likelihood  9.449e+04, trn/neg_log_prior  2.536e+05, trn/lr  5.402e-07, val/acc 9.978e-02, val/nll 2.309e+00
[2023-02-03 10:28:26] [Epoch   362/  500] trn/posterior_energy  3.482e+05, trn/neg_log_likelihood  9.460e+04, trn/neg_log_prior  2.536e+05, trn/lr  5.330e-07, val/acc 1.081e-01, val/nll 2.308e+00
[2023-02-03 10:28:30] [Epoch   363/  500] trn/posterior_energy  3.482e+05, trn/neg_log_likelihood  9.459e+04, trn/neg_log_prior  2.536e+05, trn/lr  5.258e-07, val/acc 9.978e-02, val/nll 2.308e+00
[2023-02-03 10:28:34] [Epoch   364/  500] trn/posterior_energy  3.483e+05, trn/neg_log_likelihood  9.471e+04, trn/neg_log_prior  2.536e+05, trn/lr  5.187e-07, val/acc 9.823e-02, val/nll 2.316e+00
[2023-02-03 10:28:38] [Epoch   365/  500] trn/posterior_energy  3.482e+05, trn/neg_log_likelihood  9.460e+04, trn/neg_log_prior  2.536e+05, trn/lr  5.116e-07, val/acc 9.856e-02, val/nll 2.311e+00
[2023-02-03 10:28:42] [Epoch   366/  500] trn/posterior_energy  3.482e+05, trn/neg_log_likelihood  9.457e+04, trn/neg_log_prior  2.536e+05, trn/lr  5.045e-07, val/acc 9.945e-02, val/nll 2.309e+00
[2023-02-03 10:28:45] [Epoch   367/  500] trn/posterior_energy  3.483e+05, trn/neg_log_likelihood  9.470e+04, trn/neg_log_prior  2.536e+05, trn/lr  4.975e-07, val/acc 9.281e-02, val/nll 2.315e+00
[2023-02-03 10:28:49] [Epoch   368/  500] trn/posterior_energy  3.482e+05, trn/neg_log_likelihood  9.453e+04, trn/neg_log_prior  2.536e+05, trn/lr  4.905e-07, val/acc 9.823e-02, val/nll 2.307e+00
[2023-02-03 10:28:53] [Epoch   369/  500] trn/posterior_energy  3.482e+05, trn/neg_log_likelihood  9.461e+04, trn/neg_log_prior  2.536e+05, trn/lr  4.835e-07, val/acc 1.081e-01, val/nll 2.306e+00
[2023-02-03 10:28:57] [Epoch   370/  500] trn/posterior_energy  3.482e+05, trn/neg_log_likelihood  9.456e+04, trn/neg_log_prior  2.536e+05, trn/lr  4.766e-07, val/acc 9.823e-02, val/nll 2.306e+00
[2023-02-03 10:29:00] [Epoch   371/  500] trn/posterior_energy  3.482e+05, trn/neg_log_likelihood  9.457e+04, trn/neg_log_prior  2.536e+05, trn/lr  4.698e-07, val/acc 9.823e-02, val/nll 2.312e+00
[2023-02-03 10:29:04] [Epoch   372/  500] trn/posterior_energy  3.481e+05, trn/neg_log_likelihood  9.449e+04, trn/neg_log_prior  2.536e+05, trn/lr  4.629e-07, val/acc 9.281e-02, val/nll 2.312e+00
[2023-02-03 10:29:08] [Epoch   373/  500] trn/posterior_energy  3.482e+05, trn/neg_log_likelihood  9.458e+04, trn/neg_log_prior  2.536e+05, trn/lr  4.561e-07, val/acc 9.281e-02, val/nll 2.306e+00
[2023-02-03 10:29:12] [Epoch   374/  500] trn/posterior_energy  3.481e+05, trn/neg_log_likelihood  9.445e+04, trn/neg_log_prior  2.536e+05, trn/lr  4.494e-07, val/acc 1.007e-01, val/nll 2.307e+00
[2023-02-03 10:29:15] [Epoch   375/  500] trn/posterior_energy  3.481e+05, trn/neg_log_likelihood  9.447e+04, trn/neg_log_prior  2.536e+05, trn/lr  4.427e-07, val/acc 1.081e-01, val/nll 2.304e+00
[2023-02-03 10:29:19] [Epoch   376/  500] trn/posterior_energy  3.481e+05, trn/neg_log_likelihood  9.451e+04, trn/neg_log_prior  2.536e+05, trn/lr  4.360e-07, val/acc 9.978e-02, val/nll 2.305e+00
[2023-02-03 10:29:23] [Epoch   377/  500] trn/posterior_energy  3.481e+05, trn/neg_log_likelihood  9.451e+04, trn/neg_log_prior  2.536e+05, trn/lr  4.294e-07, val/acc 9.978e-02, val/nll 2.308e+00
[2023-02-03 10:29:27] [Epoch   378/  500] trn/posterior_energy  3.482e+05, trn/neg_log_likelihood  9.453e+04, trn/neg_log_prior  2.536e+05, trn/lr  4.228e-07, val/acc 9.281e-02, val/nll 2.306e+00
[2023-02-03 10:29:31] [Epoch   379/  500] trn/posterior_energy  3.482e+05, trn/neg_log_likelihood  9.458e+04, trn/neg_log_prior  2.536e+05, trn/lr  4.163e-07, val/acc 1.081e-01, val/nll 2.305e+00
[2023-02-03 10:29:34] [Epoch   380/  500] trn/posterior_energy  3.482e+05, trn/neg_log_likelihood  9.455e+04, trn/neg_log_prior  2.536e+05, trn/lr  4.098e-07, val/acc 9.823e-02, val/nll 2.308e+00
[2023-02-03 10:29:38] [Epoch   381/  500] trn/posterior_energy  3.482e+05, trn/neg_log_likelihood  9.457e+04, trn/neg_log_prior  2.536e+05, trn/lr  4.033e-07, val/acc 9.945e-02, val/nll 2.306e+00
[2023-02-03 10:29:42] [Epoch   382/  500] trn/posterior_energy  3.482e+05, trn/neg_log_likelihood  9.453e+04, trn/neg_log_prior  2.536e+05, trn/lr  3.969e-07, val/acc 1.081e-01, val/nll 2.306e+00
[2023-02-03 10:29:46] [Epoch   383/  500] trn/posterior_energy  3.481e+05, trn/neg_log_likelihood  9.444e+04, trn/neg_log_prior  2.536e+05, trn/lr  3.906e-07, val/acc 9.978e-02, val/nll 2.304e+00
[2023-02-03 10:29:49] [Epoch   384/  500] trn/posterior_energy  3.481e+05, trn/neg_log_likelihood  9.449e+04, trn/neg_log_prior  2.536e+05, trn/lr  3.842e-07, val/acc 9.978e-02, val/nll 2.307e+00
[2023-02-03 10:29:53] [Epoch   385/  500] trn/posterior_energy  3.482e+05, trn/neg_log_likelihood  9.453e+04, trn/neg_log_prior  2.536e+05, trn/lr  3.780e-07, val/acc 9.856e-02, val/nll 2.308e+00
[2023-02-03 10:29:57] [Epoch   386/  500] trn/posterior_energy  3.481e+05, trn/neg_log_likelihood  9.446e+04, trn/neg_log_prior  2.536e+05, trn/lr  3.717e-07, val/acc 9.945e-02, val/nll 2.306e+00
[2023-02-03 10:30:01] [Epoch   387/  500] trn/posterior_energy  3.481e+05, trn/neg_log_likelihood  9.451e+04, trn/neg_log_prior  2.536e+05, trn/lr  3.655e-07, val/acc 9.823e-02, val/nll 2.304e+00
[2023-02-03 10:30:04] [Epoch   388/  500] trn/posterior_energy  3.482e+05, trn/neg_log_likelihood  9.452e+04, trn/neg_log_prior  2.536e+05, trn/lr  3.594e-07, val/acc 9.945e-02, val/nll 2.308e+00
[2023-02-03 10:30:08] [Epoch   389/  500] trn/posterior_energy  3.481e+05, trn/neg_log_likelihood  9.448e+04, trn/neg_log_prior  2.536e+05, trn/lr  3.533e-07, val/acc 9.945e-02, val/nll 2.308e+00
[2023-02-03 10:30:12] [Epoch   390/  500] trn/posterior_energy  3.481e+05, trn/neg_log_likelihood  9.446e+04, trn/neg_log_prior  2.536e+05, trn/lr  3.472e-07, val/acc 9.856e-02, val/nll 2.307e+00
[2023-02-03 10:30:16] [Epoch   391/  500] trn/posterior_energy  3.481e+05, trn/neg_log_likelihood  9.450e+04, trn/neg_log_prior  2.536e+05, trn/lr  3.412e-07, val/acc 9.281e-02, val/nll 2.309e+00
[2023-02-03 10:30:19] [Epoch   392/  500] trn/posterior_energy  3.481e+05, trn/neg_log_likelihood  9.449e+04, trn/neg_log_prior  2.536e+05, trn/lr  3.353e-07, val/acc 1.044e-01, val/nll 2.304e+00
[2023-02-03 10:30:23] [Epoch   393/  500] trn/posterior_energy  3.481e+05, trn/neg_log_likelihood  9.445e+04, trn/neg_log_prior  2.536e+05, trn/lr  3.294e-07, val/acc 9.281e-02, val/nll 2.312e+00
[2023-02-03 10:30:27] [Epoch   394/  500] trn/posterior_energy  3.481e+05, trn/neg_log_likelihood  9.443e+04, trn/neg_log_prior  2.536e+05, trn/lr  3.235e-07, val/acc 9.856e-02, val/nll 2.305e+00
[2023-02-03 10:30:31] [Epoch   395/  500] trn/posterior_energy  3.481e+05, trn/neg_log_likelihood  9.446e+04, trn/neg_log_prior  2.536e+05, trn/lr  3.177e-07, val/acc 9.823e-02, val/nll 2.309e+00
[2023-02-03 10:30:35] [Epoch   396/  500] trn/posterior_energy  3.481e+05, trn/neg_log_likelihood  9.448e+04, trn/neg_log_prior  2.536e+05, trn/lr  3.119e-07, val/acc 1.044e-01, val/nll 2.304e+00
[2023-02-03 10:30:38] [Epoch   397/  500] trn/posterior_energy  3.480e+05, trn/neg_log_likelihood  9.439e+04, trn/neg_log_prior  2.536e+05, trn/lr  3.062e-07, val/acc 9.945e-02, val/nll 2.307e+00
[2023-02-03 10:30:42] [Epoch   398/  500] trn/posterior_energy  3.481e+05, trn/neg_log_likelihood  9.444e+04, trn/neg_log_prior  2.536e+05, trn/lr  3.005e-07, val/acc 9.856e-02, val/nll 2.307e+00
[2023-02-03 10:30:46] [Epoch   399/  500] trn/posterior_energy  3.481e+05, trn/neg_log_likelihood  9.444e+04, trn/neg_log_prior  2.536e+05, trn/lr  2.948e-07, val/acc 1.007e-01, val/nll 2.306e+00
[2023-02-03 10:30:50] [Epoch   400/  500] trn/posterior_energy  3.481e+05, trn/neg_log_likelihood  9.447e+04, trn/neg_log_prior  2.536e+05, trn/lr  2.893e-07, val/acc 1.044e-01, val/nll 2.303e+00
[2023-02-03 10:30:54] [Epoch   401/  500] trn/posterior_energy  3.481e+05, trn/neg_log_likelihood  9.450e+04, trn/neg_log_prior  2.536e+05, trn/lr  2.837e-07, val/acc 9.945e-02, val/nll 2.306e+00
[2023-02-03 10:30:57] [Epoch   402/  500] trn/posterior_energy  3.480e+05, trn/neg_log_likelihood  9.442e+04, trn/neg_log_prior  2.536e+05, trn/lr  2.782e-07, val/acc 9.978e-02, val/nll 2.303e+00
[2023-02-03 10:31:01] [Epoch   403/  500] trn/posterior_energy  3.481e+05, trn/neg_log_likelihood  9.443e+04, trn/neg_log_prior  2.536e+05, trn/lr  2.728e-07, val/acc 1.044e-01, val/nll 2.305e+00
[2023-02-03 10:31:05] [Epoch   404/  500] trn/posterior_energy  3.481e+05, trn/neg_log_likelihood  9.447e+04, trn/neg_log_prior  2.536e+05, trn/lr  2.674e-07, val/acc 9.978e-02, val/nll 2.306e+00
[2023-02-03 10:31:09] [Epoch   405/  500] trn/posterior_energy  3.481e+05, trn/neg_log_likelihood  9.443e+04, trn/neg_log_prior  2.536e+05, trn/lr  2.620e-07, val/acc 9.823e-02, val/nll 2.311e+00
[2023-02-03 10:31:12] [Epoch   406/  500] trn/posterior_energy  3.481e+05, trn/neg_log_likelihood  9.446e+04, trn/neg_log_prior  2.536e+05, trn/lr  2.567e-07, val/acc 9.281e-02, val/nll 2.308e+00
[2023-02-03 10:31:16] [Epoch   407/  500] trn/posterior_energy  3.481e+05, trn/neg_log_likelihood  9.443e+04, trn/neg_log_prior  2.536e+05, trn/lr  2.515e-07, val/acc 9.823e-02, val/nll 2.306e+00
[2023-02-03 10:31:20] [Epoch   408/  500] trn/posterior_energy  3.481e+05, trn/neg_log_likelihood  9.443e+04, trn/neg_log_prior  2.536e+05, trn/lr  2.463e-07, val/acc 9.978e-02, val/nll 2.312e+00
[2023-02-03 10:31:24] [Epoch   409/  500] trn/posterior_energy  3.480e+05, trn/neg_log_likelihood  9.441e+04, trn/neg_log_prior  2.536e+05, trn/lr  2.411e-07, val/acc 9.281e-02, val/nll 2.306e+00
[2023-02-03 10:31:27] [Epoch   410/  500] trn/posterior_energy  3.480e+05, trn/neg_log_likelihood  9.441e+04, trn/neg_log_prior  2.536e+05, trn/lr  2.360e-07, val/acc 9.945e-02, val/nll 2.304e+00
[2023-02-03 10:31:31] [Epoch   411/  500] trn/posterior_energy  3.481e+05, trn/neg_log_likelihood  9.444e+04, trn/neg_log_prior  2.536e+05, trn/lr  2.310e-07, val/acc 9.281e-02, val/nll 2.307e+00
[2023-02-03 10:31:35] [Epoch   412/  500] trn/posterior_energy  3.481e+05, trn/neg_log_likelihood  9.446e+04, trn/neg_log_prior  2.536e+05, trn/lr  2.260e-07, val/acc 1.081e-01, val/nll 2.303e+00
[2023-02-03 10:31:39] [Epoch   413/  500] trn/posterior_energy  3.481e+05, trn/neg_log_likelihood  9.442e+04, trn/neg_log_prior  2.536e+05, trn/lr  2.210e-07, val/acc 1.007e-01, val/nll 2.306e+00
[2023-02-03 10:31:43] [Epoch   414/  500] trn/posterior_energy  3.480e+05, trn/neg_log_likelihood  9.441e+04, trn/neg_log_prior  2.536e+05, trn/lr  2.161e-07, val/acc 9.978e-02, val/nll 2.304e+00
[2023-02-03 10:31:46] [Epoch   415/  500] trn/posterior_energy  3.481e+05, trn/neg_log_likelihood  9.442e+04, trn/neg_log_prior  2.536e+05, trn/lr  2.113e-07, val/acc 9.823e-02, val/nll 2.304e+00
[2023-02-03 10:31:50] [Epoch   416/  500] trn/posterior_energy  3.480e+05, trn/neg_log_likelihood  9.439e+04, trn/neg_log_prior  2.536e+05, trn/lr  2.065e-07, val/acc 9.823e-02, val/nll 2.304e+00
[2023-02-03 10:31:54] [Epoch   417/  500] trn/posterior_energy  3.481e+05, trn/neg_log_likelihood  9.446e+04, trn/neg_log_prior  2.536e+05, trn/lr  2.018e-07, val/acc 9.281e-02, val/nll 2.307e+00
[2023-02-03 10:31:58] [Epoch   418/  500] trn/posterior_energy  3.481e+05, trn/neg_log_likelihood  9.444e+04, trn/neg_log_prior  2.536e+05, trn/lr  1.971e-07, val/acc 9.856e-02, val/nll 2.306e+00
[2023-02-03 10:32:02] [Epoch   419/  500] trn/posterior_energy  3.480e+05, trn/neg_log_likelihood  9.438e+04, trn/neg_log_prior  2.536e+05, trn/lr  1.924e-07, val/acc 1.081e-01, val/nll 2.304e+00
[2023-02-03 10:32:05] [Epoch   420/  500] trn/posterior_energy  3.480e+05, trn/neg_log_likelihood  9.441e+04, trn/neg_log_prior  2.536e+05, trn/lr  1.878e-07, val/acc 1.007e-01, val/nll 2.307e+00
[2023-02-03 10:32:09] [Epoch   421/  500] trn/posterior_energy  3.480e+05, trn/neg_log_likelihood  9.440e+04, trn/neg_log_prior  2.536e+05, trn/lr  1.833e-07, val/acc 9.978e-02, val/nll 2.304e+00
[2023-02-03 10:32:13] [Epoch   422/  500] trn/posterior_energy  3.480e+05, trn/neg_log_likelihood  9.441e+04, trn/neg_log_prior  2.536e+05, trn/lr  1.788e-07, val/acc 9.945e-02, val/nll 2.307e+00
[2023-02-03 10:32:17] [Epoch   423/  500] trn/posterior_energy  3.480e+05, trn/neg_log_likelihood  9.440e+04, trn/neg_log_prior  2.536e+05, trn/lr  1.744e-07, val/acc 9.945e-02, val/nll 2.305e+00
[2023-02-03 10:32:20] [Epoch   424/  500] trn/posterior_energy  3.480e+05, trn/neg_log_likelihood  9.441e+04, trn/neg_log_prior  2.536e+05, trn/lr  1.700e-07, val/acc 9.823e-02, val/nll 2.304e+00
[2023-02-03 10:32:24] [Epoch   425/  500] trn/posterior_energy  3.480e+05, trn/neg_log_likelihood  9.438e+04, trn/neg_log_prior  2.536e+05, trn/lr  1.656e-07, val/acc 9.978e-02, val/nll 2.308e+00
[2023-02-03 10:32:28] [Epoch   426/  500] trn/posterior_energy  3.480e+05, trn/neg_log_likelihood  9.439e+04, trn/neg_log_prior  2.536e+05, trn/lr  1.614e-07, val/acc 9.978e-02, val/nll 2.304e+00
[2023-02-03 10:32:32] [Epoch   427/  500] trn/posterior_energy  3.480e+05, trn/neg_log_likelihood  9.438e+04, trn/neg_log_prior  2.536e+05, trn/lr  1.571e-07, val/acc 1.044e-01, val/nll 2.304e+00
[2023-02-03 10:32:36] [Epoch   428/  500] trn/posterior_energy  3.480e+05, trn/neg_log_likelihood  9.437e+04, trn/neg_log_prior  2.536e+05, trn/lr  1.530e-07, val/acc 9.856e-02, val/nll 2.303e+00
[2023-02-03 10:32:39] [Epoch   429/  500] trn/posterior_energy  3.480e+05, trn/neg_log_likelihood  9.438e+04, trn/neg_log_prior  2.536e+05, trn/lr  1.488e-07, val/acc 9.945e-02, val/nll 2.308e+00
[2023-02-03 10:32:43] [Epoch   430/  500] trn/posterior_energy  3.480e+05, trn/neg_log_likelihood  9.438e+04, trn/neg_log_prior  2.536e+05, trn/lr  1.448e-07, val/acc 9.856e-02, val/nll 2.307e+00
[2023-02-03 10:32:47] [Epoch   431/  500] trn/posterior_energy  3.480e+05, trn/neg_log_likelihood  9.439e+04, trn/neg_log_prior  2.536e+05, trn/lr  1.408e-07, val/acc 9.281e-02, val/nll 2.307e+00
[2023-02-03 10:32:51] [Epoch   432/  500] trn/posterior_energy  3.480e+05, trn/neg_log_likelihood  9.438e+04, trn/neg_log_prior  2.536e+05, trn/lr  1.368e-07, val/acc 9.281e-02, val/nll 2.306e+00
[2023-02-03 10:32:54] [Epoch   433/  500] trn/posterior_energy  3.480e+05, trn/neg_log_likelihood  9.439e+04, trn/neg_log_prior  2.536e+05, trn/lr  1.329e-07, val/acc 9.978e-02, val/nll 2.303e+00
[2023-02-03 10:32:58] [Epoch   434/  500] trn/posterior_energy  3.480e+05, trn/neg_log_likelihood  9.436e+04, trn/neg_log_prior  2.536e+05, trn/lr  1.290e-07, val/acc 9.823e-02, val/nll 2.305e+00
[2023-02-03 10:33:02] [Epoch   435/  500] trn/posterior_energy  3.480e+05, trn/neg_log_likelihood  9.438e+04, trn/neg_log_prior  2.536e+05, trn/lr  1.253e-07, val/acc 9.856e-02, val/nll 2.303e+00
[2023-02-03 10:33:06] [Epoch   436/  500] trn/posterior_energy  3.480e+05, trn/neg_log_likelihood  9.437e+04, trn/neg_log_prior  2.536e+05, trn/lr  1.215e-07, val/acc 9.823e-02, val/nll 2.305e+00
[2023-02-03 10:33:10] [Epoch   437/  500] trn/posterior_energy  3.480e+05, trn/neg_log_likelihood  9.438e+04, trn/neg_log_prior  2.536e+05, trn/lr  1.178e-07, val/acc 9.281e-02, val/nll 2.307e+00
[2023-02-03 10:33:13] [Epoch   438/  500] trn/posterior_energy  3.480e+05, trn/neg_log_likelihood  9.436e+04, trn/neg_log_prior  2.536e+05, trn/lr  1.142e-07, val/acc 1.044e-01, val/nll 2.303e+00
[2023-02-03 10:33:17] [Epoch   439/  500] trn/posterior_energy  3.480e+05, trn/neg_log_likelihood  9.437e+04, trn/neg_log_prior  2.536e+05, trn/lr  1.106e-07, val/acc 9.281e-02, val/nll 2.305e+00
[2023-02-03 10:33:21] [Epoch   440/  500] trn/posterior_energy  3.480e+05, trn/neg_log_likelihood  9.436e+04, trn/neg_log_prior  2.536e+05, trn/lr  1.071e-07, val/acc 1.007e-01, val/nll 2.304e+00
[2023-02-03 10:33:25] [Epoch   441/  500] trn/posterior_energy  3.480e+05, trn/neg_log_likelihood  9.435e+04, trn/neg_log_prior  2.536e+05, trn/lr  1.036e-07, val/acc 9.978e-02, val/nll 2.304e+00
[2023-02-03 10:33:29] [Epoch   442/  500] trn/posterior_energy  3.480e+05, trn/neg_log_likelihood  9.436e+04, trn/neg_log_prior  2.536e+05, trn/lr  1.002e-07, val/acc 9.823e-02, val/nll 2.303e+00
[2023-02-03 10:33:32] [Epoch   443/  500] trn/posterior_energy  3.480e+05, trn/neg_log_likelihood  9.437e+04, trn/neg_log_prior  2.536e+05, trn/lr  9.684e-08, val/acc 9.856e-02, val/nll 2.305e+00
[2023-02-03 10:33:36] [Epoch   444/  500] trn/posterior_energy  3.480e+05, trn/neg_log_likelihood  9.436e+04, trn/neg_log_prior  2.536e+05, trn/lr  9.354e-08, val/acc 1.044e-01, val/nll 2.303e+00
[2023-02-03 10:33:40] [Epoch   445/  500] trn/posterior_energy  3.480e+05, trn/neg_log_likelihood  9.436e+04, trn/neg_log_prior  2.536e+05, trn/lr  9.029e-08, val/acc 9.978e-02, val/nll 2.304e+00
[2023-02-03 10:33:44] [Epoch   446/  500] trn/posterior_energy  3.480e+05, trn/neg_log_likelihood  9.436e+04, trn/neg_log_prior  2.536e+05, trn/lr  8.709e-08, val/acc 9.281e-02, val/nll 2.304e+00
[2023-02-03 10:33:47] [Epoch   447/  500] trn/posterior_energy  3.480e+05, trn/neg_log_likelihood  9.436e+04, trn/neg_log_prior  2.536e+05, trn/lr  8.396e-08, val/acc 9.978e-02, val/nll 2.304e+00
[2023-02-03 10:33:51] [Epoch   448/  500] trn/posterior_energy  3.480e+05, trn/neg_log_likelihood  9.436e+04, trn/neg_log_prior  2.536e+05, trn/lr  8.088e-08, val/acc 9.823e-02, val/nll 2.305e+00
[2023-02-03 10:33:55] [Epoch   449/  500] trn/posterior_energy  3.480e+05, trn/neg_log_likelihood  9.435e+04, trn/neg_log_prior  2.536e+05, trn/lr  7.785e-08, val/acc 1.044e-01, val/nll 2.303e+00
[2023-02-03 10:33:59] [Epoch   450/  500] trn/posterior_energy  3.480e+05, trn/neg_log_likelihood  9.436e+04, trn/neg_log_prior  2.536e+05, trn/lr  7.488e-08, val/acc 9.281e-02, val/nll 2.305e+00
[2023-02-03 10:34:03] [Epoch   451/  500] trn/posterior_energy  3.480e+05, trn/neg_log_likelihood  9.435e+04, trn/neg_log_prior  2.536e+05, trn/lr  7.197e-08, val/acc 9.945e-02, val/nll 2.304e+00
[2023-02-03 10:34:06] [Epoch   452/  500] trn/posterior_energy  3.480e+05, trn/neg_log_likelihood  9.435e+04, trn/neg_log_prior  2.536e+05, trn/lr  6.912e-08, val/acc 9.281e-02, val/nll 2.304e+00
[2023-02-03 10:34:10] [Epoch   453/  500] trn/posterior_energy  3.480e+05, trn/neg_log_likelihood  9.434e+04, trn/neg_log_prior  2.536e+05, trn/lr  6.632e-08, val/acc 1.044e-01, val/nll 2.303e+00
[2023-02-03 10:34:14] [Epoch   454/  500] trn/posterior_energy  3.480e+05, trn/neg_log_likelihood  9.434e+04, trn/neg_log_prior  2.536e+05, trn/lr  6.357e-08, val/acc 9.945e-02, val/nll 2.304e+00
[2023-02-03 10:34:18] [Epoch   455/  500] trn/posterior_energy  3.480e+05, trn/neg_log_likelihood  9.433e+04, trn/neg_log_prior  2.536e+05, trn/lr  6.089e-08, val/acc 9.856e-02, val/nll 2.304e+00
[2023-02-03 10:34:22] [Epoch   456/  500] trn/posterior_energy  3.480e+05, trn/neg_log_likelihood  9.435e+04, trn/neg_log_prior  2.536e+05, trn/lr  5.826e-08, val/acc 9.823e-02, val/nll 2.304e+00
[2023-02-03 10:34:25] [Epoch   457/  500] trn/posterior_energy  3.480e+05, trn/neg_log_likelihood  9.434e+04, trn/neg_log_prior  2.536e+05, trn/lr  5.568e-08, val/acc 9.978e-02, val/nll 2.305e+00
[2023-02-03 10:34:29] [Epoch   458/  500] trn/posterior_energy  3.480e+05, trn/neg_log_likelihood  9.435e+04, trn/neg_log_prior  2.536e+05, trn/lr  5.317e-08, val/acc 1.044e-01, val/nll 2.304e+00
[2023-02-03 10:34:33] [Epoch   459/  500] trn/posterior_energy  3.480e+05, trn/neg_log_likelihood  9.434e+04, trn/neg_log_prior  2.536e+05, trn/lr  5.071e-08, val/acc 9.823e-02, val/nll 2.304e+00
[2023-02-03 10:34:37] [Epoch   460/  500] trn/posterior_energy  3.480e+05, trn/neg_log_likelihood  9.434e+04, trn/neg_log_prior  2.536e+05, trn/lr  4.831e-08, val/acc 1.007e-01, val/nll 2.304e+00
[2023-02-03 10:34:40] [Epoch   461/  500] trn/posterior_energy  3.480e+05, trn/neg_log_likelihood  9.434e+04, trn/neg_log_prior  2.536e+05, trn/lr  4.597e-08, val/acc 9.856e-02, val/nll 2.303e+00
[2023-02-03 10:34:44] [Epoch   462/  500] trn/posterior_energy  3.480e+05, trn/neg_log_likelihood  9.434e+04, trn/neg_log_prior  2.536e+05, trn/lr  4.368e-08, val/acc 9.945e-02, val/nll 2.303e+00
[2023-02-03 10:34:48] [Epoch   463/  500] trn/posterior_energy  3.480e+05, trn/neg_log_likelihood  9.434e+04, trn/neg_log_prior  2.536e+05, trn/lr  4.145e-08, val/acc 9.823e-02, val/nll 2.304e+00
[2023-02-03 10:34:52] [Epoch   464/  500] trn/posterior_energy  3.480e+05, trn/neg_log_likelihood  9.434e+04, trn/neg_log_prior  2.536e+05, trn/lr  3.928e-08, val/acc 9.945e-02, val/nll 2.303e+00
[2023-02-03 10:34:56] [Epoch   465/  500] trn/posterior_energy  3.480e+05, trn/neg_log_likelihood  9.433e+04, trn/neg_log_prior  2.536e+05, trn/lr  3.716e-08, val/acc 9.823e-02, val/nll 2.303e+00
[2023-02-03 10:35:00] [Epoch   466/  500] trn/posterior_energy  3.480e+05, trn/neg_log_likelihood  9.433e+04, trn/neg_log_prior  2.536e+05, trn/lr  3.511e-08, val/acc 1.081e-01, val/nll 2.303e+00
[2023-02-03 10:35:03] [Epoch   467/  500] trn/posterior_energy  3.480e+05, trn/neg_log_likelihood  9.433e+04, trn/neg_log_prior  2.536e+05, trn/lr  3.311e-08, val/acc 9.281e-02, val/nll 2.303e+00
[2023-02-03 10:35:07] [Epoch   468/  500] trn/posterior_energy  3.480e+05, trn/neg_log_likelihood  9.433e+04, trn/neg_log_prior  2.536e+05, trn/lr  3.117e-08, val/acc 9.281e-02, val/nll 2.303e+00
[2023-02-03 10:35:11] [Epoch   469/  500] trn/posterior_energy  3.480e+05, trn/neg_log_likelihood  9.433e+04, trn/neg_log_prior  2.536e+05, trn/lr  2.929e-08, val/acc 9.978e-02, val/nll 2.303e+00
[2023-02-03 10:35:15] [Epoch   470/  500] trn/posterior_energy  3.480e+05, trn/neg_log_likelihood  9.433e+04, trn/neg_log_prior  2.536e+05, trn/lr  2.746e-08, val/acc 9.281e-02, val/nll 2.303e+00
[2023-02-03 10:35:19] [Epoch   471/  500] trn/posterior_energy  3.479e+05, trn/neg_log_likelihood  9.432e+04, trn/neg_log_prior  2.536e+05, trn/lr  2.570e-08, val/acc 9.823e-02, val/nll 2.303e+00
[2023-02-03 10:35:22] [Epoch   472/  500] trn/posterior_energy  3.480e+05, trn/neg_log_likelihood  9.433e+04, trn/neg_log_prior  2.536e+05, trn/lr  2.399e-08, val/acc 9.978e-02, val/nll 2.303e+00
[2023-02-03 10:35:26] [Epoch   473/  500] trn/posterior_energy  3.479e+05, trn/neg_log_likelihood  9.432e+04, trn/neg_log_prior  2.536e+05, trn/lr  2.234e-08, val/acc 9.281e-02, val/nll 2.303e+00
[2023-02-03 10:35:30] [Epoch   474/  500] trn/posterior_energy  3.480e+05, trn/neg_log_likelihood  9.432e+04, trn/neg_log_prior  2.536e+05, trn/lr  2.075e-08, val/acc 9.281e-02, val/nll 2.303e+00
[2023-02-03 10:35:34] [Epoch   475/  500] trn/posterior_energy  3.480e+05, trn/neg_log_likelihood  9.432e+04, trn/neg_log_prior  2.536e+05, trn/lr  1.922e-08, val/acc 9.281e-02, val/nll 2.303e+00
[2023-02-03 10:35:38] [Epoch   476/  500] trn/posterior_energy  3.479e+05, trn/neg_log_likelihood  9.432e+04, trn/neg_log_prior  2.536e+05, trn/lr  1.774e-08, val/acc 9.281e-02, val/nll 2.303e+00
[2023-02-03 10:35:42] [Epoch   477/  500] trn/posterior_energy  3.479e+05, trn/neg_log_likelihood  9.432e+04, trn/neg_log_prior  2.536e+05, trn/lr  1.633e-08, val/acc 1.007e-01, val/nll 2.303e+00
[2023-02-03 10:35:45] [Epoch   478/  500] trn/posterior_energy  3.480e+05, trn/neg_log_likelihood  9.432e+04, trn/neg_log_prior  2.536e+05, trn/lr  1.497e-08, val/acc 9.945e-02, val/nll 2.303e+00
[2023-02-03 10:35:49] [Epoch   479/  500] trn/posterior_energy  3.479e+05, trn/neg_log_likelihood  9.432e+04, trn/neg_log_prior  2.536e+05, trn/lr  1.367e-08, val/acc 9.281e-02, val/nll 2.303e+00
[2023-02-03 10:35:53] [Epoch   480/  500] trn/posterior_energy  3.479e+05, trn/neg_log_likelihood  9.432e+04, trn/neg_log_prior  2.536e+05, trn/lr  1.243e-08, val/acc 9.281e-02, val/nll 2.303e+00
[2023-02-03 10:35:57] [Epoch   481/  500] trn/posterior_energy  3.479e+05, trn/neg_log_likelihood  9.432e+04, trn/neg_log_prior  2.536e+05, trn/lr  1.125e-08, val/acc 9.281e-02, val/nll 2.303e+00
[2023-02-03 10:36:01] [Epoch   482/  500] trn/posterior_energy  3.479e+05, trn/neg_log_likelihood  9.432e+04, trn/neg_log_prior  2.536e+05, trn/lr  1.013e-08, val/acc 9.281e-02, val/nll 2.303e+00
[2023-02-03 10:36:05] [Epoch   483/  500] trn/posterior_energy  3.479e+05, trn/neg_log_likelihood  9.432e+04, trn/neg_log_prior  2.536e+05, trn/lr  9.062e-09, val/acc 9.281e-02, val/nll 2.303e+00
[2023-02-03 10:36:08] [Epoch   484/  500] trn/posterior_energy  3.479e+05, trn/neg_log_likelihood  9.432e+04, trn/neg_log_prior  2.536e+05, trn/lr  8.057e-09, val/acc 9.281e-02, val/nll 2.303e+00
[2023-02-03 10:36:12] [Epoch   485/  500] trn/posterior_energy  3.479e+05, trn/neg_log_likelihood  9.432e+04, trn/neg_log_prior  2.536e+05, trn/lr  7.111e-09, val/acc 9.281e-02, val/nll 2.303e+00
[2023-02-03 10:36:16] [Epoch   486/  500] trn/posterior_energy  3.479e+05, trn/neg_log_likelihood  9.432e+04, trn/neg_log_prior  2.536e+05, trn/lr  6.224e-09, val/acc 9.281e-02, val/nll 2.303e+00
[2023-02-03 10:36:20] [Epoch   487/  500] trn/posterior_energy  3.479e+05, trn/neg_log_likelihood  9.432e+04, trn/neg_log_prior  2.536e+05, trn/lr  5.396e-09, val/acc 9.281e-02, val/nll 2.303e+00
[2023-02-03 10:36:24] [Epoch   488/  500] trn/posterior_energy  3.479e+05, trn/neg_log_likelihood  9.432e+04, trn/neg_log_prior  2.536e+05, trn/lr  4.627e-09, val/acc 9.281e-02, val/nll 2.303e+00
[2023-02-03 10:36:28] [Epoch   489/  500] trn/posterior_energy  3.479e+05, trn/neg_log_likelihood  9.431e+04, trn/neg_log_prior  2.536e+05, trn/lr  3.917e-09, val/acc 9.281e-02, val/nll 2.303e+00
[2023-02-03 10:36:31] [Epoch   490/  500] trn/posterior_energy  3.479e+05, trn/neg_log_likelihood  9.431e+04, trn/neg_log_prior  2.536e+05, trn/lr  3.266e-09, val/acc 9.281e-02, val/nll 2.303e+00
[2023-02-03 10:36:35] [Epoch   491/  500] trn/posterior_energy  3.479e+05, trn/neg_log_likelihood  9.431e+04, trn/neg_log_prior  2.536e+05, trn/lr  2.674e-09, val/acc 9.281e-02, val/nll 2.303e+00
[2023-02-03 10:36:39] [Epoch   492/  500] trn/posterior_energy  3.479e+05, trn/neg_log_likelihood  9.431e+04, trn/neg_log_prior  2.536e+05, trn/lr  2.142e-09, val/acc 9.281e-02, val/nll 2.303e+00
[2023-02-03 10:36:43] [Epoch   493/  500] trn/posterior_energy  3.479e+05, trn/neg_log_likelihood  9.431e+04, trn/neg_log_prior  2.536e+05, trn/lr  1.668e-09, val/acc 9.281e-02, val/nll 2.303e+00
[2023-02-03 10:36:47] [Epoch   494/  500] trn/posterior_energy  3.479e+05, trn/neg_log_likelihood  9.431e+04, trn/neg_log_prior  2.536e+05, trn/lr  1.254e-09, val/acc 9.281e-02, val/nll 2.303e+00
[2023-02-03 10:36:50] [Epoch   495/  500] trn/posterior_energy  3.479e+05, trn/neg_log_likelihood  9.431e+04, trn/neg_log_prior  2.536e+05, trn/lr  8.983e-10, val/acc 9.281e-02, val/nll 2.303e+00
[2023-02-03 10:36:54] [Epoch   496/  500] trn/posterior_energy  3.479e+05, trn/neg_log_likelihood  9.431e+04, trn/neg_log_prior  2.536e+05, trn/lr  6.023e-10, val/acc 9.281e-02, val/nll 2.303e+00
[2023-02-03 10:36:58] [Epoch   497/  500] trn/posterior_energy  3.479e+05, trn/neg_log_likelihood  9.431e+04, trn/neg_log_prior  2.536e+05, trn/lr  3.654e-10, val/acc 9.281e-02, val/nll 2.303e+00
[2023-02-03 10:37:02] [Epoch   498/  500] trn/posterior_energy  3.479e+05, trn/neg_log_likelihood  9.431e+04, trn/neg_log_prior  2.536e+05, trn/lr  1.877e-10, val/acc 9.281e-02, val/nll 2.303e+00
[2023-02-03 10:37:06] [Epoch   499/  500] trn/posterior_energy  3.479e+05, trn/neg_log_likelihood  9.431e+04, trn/neg_log_prior  2.536e+05, trn/lr  6.917e-11, val/acc 9.281e-02, val/nll 2.303e+00
[2023-02-03 10:37:09] [Epoch   500/  500] trn/posterior_energy  3.479e+05, trn/neg_log_likelihood  9.431e+04, trn/neg_log_prior  2.536e+05, trn/lr  9.896e-12, val/acc 9.281e-02, val/nll 2.303e+00
