[2023-02-08 05:25:16] Environments:
------------  ------------------------------------------------------------
sys.platform  linux
Python        3.8.10 (default, Nov 14 2022, 12:59:47) [GCC 9.4.0]
JAX           0.4.2 @/home/giung/.local/lib/python3.8/site-packages/jax
jaxlib        0.4.2 @/home/giung/.local/lib/python3.8/site-packages/jaxlib
Flax          0.6.4 @/home/giung/.local/lib/python3.8/site-packages/flax
Optax         0.1.4 @/home/giung/.local/lib/python3.8/site-packages/optax
------------  ------------------------------------------------------------

[2023-02-08 05:25:16] Command line arguments:
- args.data_root          : ./data/
- args.data_name          : CIFAR10_x32
- args.data_augmentation  : standard
- args.data_proportional  : 1.0
- args.model_depth        : 20
- args.model_width        : 4
- args.model_style        : BN-ReLU
- args.optim_bs           : 256
- args.optim_ne           : 200
- args.optim_lr           : 0.003
- args.optim_b1           : 0.7
- args.optim_b2           : 0.999
- args.optim_eps          : 1e-08
- args.optim_weight_decay : 0.0001
- args.rho                : 0.1
- args.save               : /home/giung/giung2-dev/projects/sam/save/CIFAR10_x32/R20x4-BN-ReLU/SAM-Adam/bs-0256_ne-0200_lr-0.0030_b1-0.7000_b2-0.9990_wd-0.0001_rho-0.1000_fp32/42
- args.seed               : 42
- args.precision          : fp32

[2023-02-08 05:25:22] Multiple local devices are detected:
[TpuDevice(id=0, process_index=0, coords=(0,0,0), core_on_chip=0), TpuDevice(id=1, process_index=0, coords=(0,0,0), core_on_chip=1), TpuDevice(id=2, process_index=0, coords=(1,0,0), core_on_chip=0), TpuDevice(id=3, process_index=0, coords=(1,0,0), core_on_chip=1), TpuDevice(id=4, process_index=0, coords=(0,1,0), core_on_chip=0), TpuDevice(id=5, process_index=0, coords=(0,1,0), core_on_chip=1), TpuDevice(id=6, process_index=0, coords=(1,1,0), core_on_chip=0), TpuDevice(id=7, process_index=0, coords=(1,1,0), core_on_chip=1)]

[2023-02-08 05:26:23] [Epoch     1/  200] trn/loss 1.746e+00, trn/lr 3.000e-03, val/acc 4.980e-01, val/nll 1.349e+00 (best_acc: 0.000e+00 -> 4.980e-01, test_acc: 5.003e-01, test_nll: 1.344e+00)
[2023-02-08 05:26:31] [Epoch     2/  200] trn/loss 1.171e+00, trn/lr 3.000e-03, val/acc 5.371e-01, val/nll 1.285e+00 (best_acc: 4.980e-01 -> 5.371e-01, test_acc: 5.333e-01, test_nll: 1.298e+00)
[2023-02-08 05:26:39] [Epoch     3/  200] trn/loss 9.458e-01, trn/lr 2.999e-03, val/acc 6.697e-01, val/nll 9.326e-01 (best_acc: 5.371e-01 -> 6.697e-01, test_acc: 6.640e-01, test_nll: 9.427e-01)
[2023-02-08 05:26:48] [Epoch     4/  200] trn/loss 8.147e-01, trn/lr 2.998e-03, val/acc 7.236e-01, val/nll 7.993e-01 (best_acc: 6.697e-01 -> 7.236e-01, test_acc: 7.230e-01, test_nll: 7.966e-01)
[2023-02-08 05:26:55] [Epoch     5/  200] trn/loss 7.037e-01, trn/lr 2.996e-03, val/acc 7.069e-01, val/nll 8.855e-01
[2023-02-08 05:27:03] [Epoch     6/  200] trn/loss 6.342e-01, trn/lr 2.994e-03, val/acc 7.921e-01, val/nll 5.952e-01 (best_acc: 7.236e-01 -> 7.921e-01, test_acc: 7.934e-01, test_nll: 6.071e-01)
[2023-02-08 05:27:11] [Epoch     7/  200] trn/loss 5.845e-01, trn/lr 2.992e-03, val/acc 7.095e-01, val/nll 9.470e-01
[2023-02-08 05:27:18] [Epoch     8/  200] trn/loss 5.324e-01, trn/lr 2.990e-03, val/acc 7.488e-01, val/nll 7.741e-01
[2023-02-08 05:27:25] [Epoch     9/  200] trn/loss 4.969e-01, trn/lr 2.987e-03, val/acc 7.781e-01, val/nll 6.946e-01
[2023-02-08 05:27:32] [Epoch    10/  200] trn/loss 4.766e-01, trn/lr 2.983e-03, val/acc 7.764e-01, val/nll 6.752e-01
[2023-02-08 05:27:41] [Epoch    11/  200] trn/loss 4.491e-01, trn/lr 2.980e-03, val/acc 8.227e-01, val/nll 5.134e-01 (best_acc: 7.921e-01 -> 8.227e-01, test_acc: 8.230e-01, test_nll: 5.265e-01)
[2023-02-08 05:27:48] [Epoch    12/  200] trn/loss 4.313e-01, trn/lr 2.976e-03, val/acc 8.187e-01, val/nll 5.300e-01
[2023-02-08 05:27:55] [Epoch    13/  200] trn/loss 4.145e-01, trn/lr 2.971e-03, val/acc 8.084e-01, val/nll 5.746e-01
[2023-02-08 05:28:04] [Epoch    14/  200] trn/loss 3.988e-01, trn/lr 2.966e-03, val/acc 8.376e-01, val/nll 4.776e-01 (best_acc: 8.227e-01 -> 8.376e-01, test_acc: 8.298e-01, test_nll: 4.896e-01)
[2023-02-08 05:28:11] [Epoch    15/  200] trn/loss 3.838e-01, trn/lr 2.961e-03, val/acc 8.356e-01, val/nll 4.792e-01
[2023-02-08 05:28:19] [Epoch    16/  200] trn/loss 3.727e-01, trn/lr 2.956e-03, val/acc 8.482e-01, val/nll 4.562e-01 (best_acc: 8.376e-01 -> 8.482e-01, test_acc: 8.467e-01, test_nll: 4.629e-01)
[2023-02-08 05:28:26] [Epoch    17/  200] trn/loss 3.554e-01, trn/lr 2.950e-03, val/acc 8.242e-01, val/nll 5.629e-01
[2023-02-08 05:28:34] [Epoch    18/  200] trn/loss 3.493e-01, trn/lr 2.944e-03, val/acc 7.769e-01, val/nll 7.136e-01
[2023-02-08 05:28:42] [Epoch    19/  200] trn/loss 3.345e-01, trn/lr 2.937e-03, val/acc 8.619e-01, val/nll 4.146e-01 (best_acc: 8.482e-01 -> 8.619e-01, test_acc: 8.552e-01, test_nll: 4.389e-01)
[2023-02-08 05:28:49] [Epoch    20/  200] trn/loss 3.271e-01, trn/lr 2.930e-03, val/acc 8.579e-01, val/nll 4.158e-01
[2023-02-08 05:28:56] [Epoch    21/  200] trn/loss 3.156e-01, trn/lr 2.923e-03, val/acc 8.593e-01, val/nll 4.181e-01
[2023-02-08 05:29:04] [Epoch    22/  200] trn/loss 3.102e-01, trn/lr 2.915e-03, val/acc 8.306e-01, val/nll 5.125e-01
[2023-02-08 05:29:12] [Epoch    23/  200] trn/loss 3.076e-01, trn/lr 2.907e-03, val/acc 8.697e-01, val/nll 3.893e-01 (best_acc: 8.619e-01 -> 8.697e-01, test_acc: 8.689e-01, test_nll: 3.983e-01)
[2023-02-08 05:29:19] [Epoch    24/  200] trn/loss 3.004e-01, trn/lr 2.899e-03, val/acc 8.435e-01, val/nll 5.123e-01
[2023-02-08 05:29:27] [Epoch    25/  200] trn/loss 2.949e-01, trn/lr 2.890e-03, val/acc 8.592e-01, val/nll 4.181e-01
[2023-02-08 05:29:34] [Epoch    26/  200] trn/loss 2.856e-01, trn/lr 2.881e-03, val/acc 8.585e-01, val/nll 4.169e-01
[2023-02-08 05:29:41] [Epoch    27/  200] trn/loss 2.827e-01, trn/lr 2.872e-03, val/acc 8.644e-01, val/nll 4.187e-01
[2023-02-08 05:29:48] [Epoch    28/  200] trn/loss 2.774e-01, trn/lr 2.862e-03, val/acc 8.665e-01, val/nll 4.225e-01
[2023-02-08 05:29:56] [Epoch    29/  200] trn/loss 2.742e-01, trn/lr 2.852e-03, val/acc 8.690e-01, val/nll 3.933e-01
[2023-02-08 05:30:03] [Epoch    30/  200] trn/loss 2.647e-01, trn/lr 2.842e-03, val/acc 8.637e-01, val/nll 4.096e-01
[2023-02-08 05:30:10] [Epoch    31/  200] trn/loss 2.633e-01, trn/lr 2.831e-03, val/acc 8.596e-01, val/nll 4.305e-01
[2023-02-08 05:30:18] [Epoch    32/  200] trn/loss 2.541e-01, trn/lr 2.820e-03, val/acc 8.819e-01, val/nll 3.476e-01 (best_acc: 8.697e-01 -> 8.819e-01, test_acc: 8.789e-01, test_nll: 3.508e-01)
[2023-02-08 05:30:26] [Epoch    33/  200] trn/loss 2.491e-01, trn/lr 2.809e-03, val/acc 8.857e-01, val/nll 3.524e-01 (best_acc: 8.819e-01 -> 8.857e-01, test_acc: 8.717e-01, test_nll: 3.769e-01)
[2023-02-08 05:30:34] [Epoch    34/  200] trn/loss 2.468e-01, trn/lr 2.797e-03, val/acc 8.844e-01, val/nll 3.592e-01
[2023-02-08 05:30:41] [Epoch    35/  200] trn/loss 2.478e-01, trn/lr 2.785e-03, val/acc 8.768e-01, val/nll 3.667e-01
[2023-02-08 05:30:48] [Epoch    36/  200] trn/loss 2.450e-01, trn/lr 2.773e-03, val/acc 8.819e-01, val/nll 3.542e-01
[2023-02-08 05:30:55] [Epoch    37/  200] trn/loss 2.350e-01, trn/lr 2.760e-03, val/acc 8.607e-01, val/nll 4.124e-01
[2023-02-08 05:31:03] [Epoch    38/  200] trn/loss 2.355e-01, trn/lr 2.747e-03, val/acc 8.740e-01, val/nll 3.874e-01
[2023-02-08 05:31:10] [Epoch    39/  200] trn/loss 2.298e-01, trn/lr 2.734e-03, val/acc 8.778e-01, val/nll 3.657e-01
[2023-02-08 05:31:17] [Epoch    40/  200] trn/loss 2.282e-01, trn/lr 2.720e-03, val/acc 8.629e-01, val/nll 4.104e-01
[2023-02-08 05:31:24] [Epoch    41/  200] trn/loss 2.211e-01, trn/lr 2.707e-03, val/acc 8.848e-01, val/nll 3.493e-01
[2023-02-08 05:31:32] [Epoch    42/  200] trn/loss 2.218e-01, trn/lr 2.692e-03, val/acc 8.829e-01, val/nll 3.551e-01
[2023-02-08 05:31:39] [Epoch    43/  200] trn/loss 2.179e-01, trn/lr 2.678e-03, val/acc 8.483e-01, val/nll 4.536e-01
[2023-02-08 05:31:46] [Epoch    44/  200] trn/loss 2.138e-01, trn/lr 2.663e-03, val/acc 8.810e-01, val/nll 3.725e-01
[2023-02-08 05:31:54] [Epoch    45/  200] trn/loss 2.121e-01, trn/lr 2.648e-03, val/acc 8.898e-01, val/nll 3.303e-01 (best_acc: 8.857e-01 -> 8.898e-01, test_acc: 8.852e-01, test_nll: 3.450e-01)
[2023-02-08 05:32:02] [Epoch    46/  200] trn/loss 2.050e-01, trn/lr 2.633e-03, val/acc 8.687e-01, val/nll 3.906e-01
[2023-02-08 05:32:09] [Epoch    47/  200] trn/loss 2.035e-01, trn/lr 2.617e-03, val/acc 8.808e-01, val/nll 3.665e-01
[2023-02-08 05:32:16] [Epoch    48/  200] trn/loss 2.056e-01, trn/lr 2.602e-03, val/acc 8.681e-01, val/nll 3.946e-01
[2023-02-08 05:32:23] [Epoch    49/  200] trn/loss 2.035e-01, trn/lr 2.585e-03, val/acc 8.702e-01, val/nll 4.101e-01
[2023-02-08 05:32:31] [Epoch    50/  200] trn/loss 1.992e-01, trn/lr 2.569e-03, val/acc 8.858e-01, val/nll 3.447e-01
[2023-02-08 05:32:39] [Epoch    51/  200] trn/loss 1.922e-01, trn/lr 2.552e-03, val/acc 8.991e-01, val/nll 2.967e-01 (best_acc: 8.898e-01 -> 8.991e-01, test_acc: 8.969e-01, test_nll: 3.120e-01)
[2023-02-08 05:32:46] [Epoch    52/  200] trn/loss 1.926e-01, trn/lr 2.535e-03, val/acc 8.962e-01, val/nll 3.111e-01
[2023-02-08 05:32:53] [Epoch    53/  200] trn/loss 1.900e-01, trn/lr 2.518e-03, val/acc 8.867e-01, val/nll 3.406e-01
[2023-02-08 05:33:02] [Epoch    54/  200] trn/loss 1.905e-01, trn/lr 2.501e-03, val/acc 9.018e-01, val/nll 2.901e-01 (best_acc: 8.991e-01 -> 9.018e-01, test_acc: 8.986e-01, test_nll: 3.067e-01)
[2023-02-08 05:33:10] [Epoch    55/  200] trn/loss 1.847e-01, trn/lr 2.483e-03, val/acc 9.059e-01, val/nll 2.909e-01 (best_acc: 9.018e-01 -> 9.059e-01, test_acc: 9.001e-01, test_nll: 3.064e-01)
[2023-02-08 05:33:17] [Epoch    56/  200] trn/loss 1.855e-01, trn/lr 2.465e-03, val/acc 8.740e-01, val/nll 3.898e-01
[2023-02-08 05:33:24] [Epoch    57/  200] trn/loss 1.809e-01, trn/lr 2.447e-03, val/acc 8.605e-01, val/nll 4.287e-01
[2023-02-08 05:33:32] [Epoch    58/  200] trn/loss 1.754e-01, trn/lr 2.429e-03, val/acc 8.989e-01, val/nll 3.100e-01
[2023-02-08 05:33:39] [Epoch    59/  200] trn/loss 1.775e-01, trn/lr 2.410e-03, val/acc 9.025e-01, val/nll 3.052e-01
[2023-02-08 05:33:46] [Epoch    60/  200] trn/loss 1.776e-01, trn/lr 2.391e-03, val/acc 8.890e-01, val/nll 3.603e-01
[2023-02-08 05:33:53] [Epoch    61/  200] trn/loss 1.716e-01, trn/lr 2.372e-03, val/acc 8.961e-01, val/nll 3.122e-01
[2023-02-08 05:34:01] [Epoch    62/  200] trn/loss 1.734e-01, trn/lr 2.353e-03, val/acc 8.825e-01, val/nll 3.624e-01
[2023-02-08 05:34:08] [Epoch    63/  200] trn/loss 1.682e-01, trn/lr 2.333e-03, val/acc 8.989e-01, val/nll 3.063e-01
[2023-02-08 05:34:15] [Epoch    64/  200] trn/loss 1.652e-01, trn/lr 2.314e-03, val/acc 8.933e-01, val/nll 3.283e-01
[2023-02-08 05:34:22] [Epoch    65/  200] trn/loss 1.642e-01, trn/lr 2.294e-03, val/acc 8.868e-01, val/nll 3.570e-01
[2023-02-08 05:34:30] [Epoch    66/  200] trn/loss 1.615e-01, trn/lr 2.274e-03, val/acc 8.879e-01, val/nll 3.309e-01
[2023-02-08 05:34:37] [Epoch    67/  200] trn/loss 1.581e-01, trn/lr 2.253e-03, val/acc 8.902e-01, val/nll 3.527e-01
[2023-02-08 05:34:45] [Epoch    68/  200] trn/loss 1.568e-01, trn/lr 2.233e-03, val/acc 9.101e-01, val/nll 2.742e-01 (best_acc: 9.059e-01 -> 9.101e-01, test_acc: 9.054e-01, test_nll: 2.903e-01)
[2023-02-08 05:34:53] [Epoch    69/  200] trn/loss 1.548e-01, trn/lr 2.212e-03, val/acc 9.110e-01, val/nll 2.594e-01 (best_acc: 9.101e-01 -> 9.110e-01, test_acc: 9.040e-01, test_nll: 2.846e-01)
[2023-02-08 05:35:01] [Epoch    70/  200] trn/loss 1.514e-01, trn/lr 2.192e-03, val/acc 8.969e-01, val/nll 3.131e-01
[2023-02-08 05:35:08] [Epoch    71/  200] trn/loss 1.508e-01, trn/lr 2.171e-03, val/acc 8.898e-01, val/nll 3.675e-01
[2023-02-08 05:35:15] [Epoch    72/  200] trn/loss 1.507e-01, trn/lr 2.149e-03, val/acc 8.913e-01, val/nll 3.478e-01
[2023-02-08 05:35:22] [Epoch    73/  200] trn/loss 1.443e-01, trn/lr 2.128e-03, val/acc 8.980e-01, val/nll 3.107e-01
[2023-02-08 05:35:30] [Epoch    74/  200] trn/loss 1.417e-01, trn/lr 2.107e-03, val/acc 8.900e-01, val/nll 3.258e-01
[2023-02-08 05:35:37] [Epoch    75/  200] trn/loss 1.385e-01, trn/lr 2.085e-03, val/acc 9.095e-01, val/nll 2.778e-01
[2023-02-08 05:35:44] [Epoch    76/  200] trn/loss 1.413e-01, trn/lr 2.063e-03, val/acc 9.075e-01, val/nll 2.775e-01
[2023-02-08 05:35:51] [Epoch    77/  200] trn/loss 1.335e-01, trn/lr 2.041e-03, val/acc 9.067e-01, val/nll 2.775e-01
[2023-02-08 05:35:59] [Epoch    78/  200] trn/loss 1.348e-01, trn/lr 2.019e-03, val/acc 8.890e-01, val/nll 3.718e-01
[2023-02-08 05:36:06] [Epoch    79/  200] trn/loss 1.361e-01, trn/lr 1.997e-03, val/acc 8.912e-01, val/nll 3.354e-01
[2023-02-08 05:36:13] [Epoch    80/  200] trn/loss 1.326e-01, trn/lr 1.975e-03, val/acc 8.822e-01, val/nll 3.712e-01
[2023-02-08 05:36:20] [Epoch    81/  200] trn/loss 1.287e-01, trn/lr 1.952e-03, val/acc 8.976e-01, val/nll 3.183e-01
[2023-02-08 05:36:27] [Epoch    82/  200] trn/loss 1.262e-01, trn/lr 1.930e-03, val/acc 9.008e-01, val/nll 3.228e-01
[2023-02-08 05:36:36] [Epoch    83/  200] trn/loss 1.219e-01, trn/lr 1.907e-03, val/acc 9.133e-01, val/nll 2.710e-01 (best_acc: 9.110e-01 -> 9.133e-01, test_acc: 9.066e-01, test_nll: 2.951e-01)
[2023-02-08 05:36:43] [Epoch    84/  200] trn/loss 1.210e-01, trn/lr 1.885e-03, val/acc 8.935e-01, val/nll 3.121e-01
[2023-02-08 05:36:50] [Epoch    85/  200] trn/loss 1.211e-01, trn/lr 1.862e-03, val/acc 9.072e-01, val/nll 2.875e-01
[2023-02-08 05:36:58] [Epoch    86/  200] trn/loss 1.198e-01, trn/lr 1.839e-03, val/acc 9.150e-01, val/nll 2.559e-01 (best_acc: 9.133e-01 -> 9.150e-01, test_acc: 9.113e-01, test_nll: 2.707e-01)
[2023-02-08 05:37:06] [Epoch    87/  200] trn/loss 1.146e-01, trn/lr 1.816e-03, val/acc 9.044e-01, val/nll 2.955e-01
[2023-02-08 05:37:13] [Epoch    88/  200] trn/loss 1.174e-01, trn/lr 1.793e-03, val/acc 9.013e-01, val/nll 2.900e-01
[2023-02-08 05:37:20] [Epoch    89/  200] trn/loss 1.116e-01, trn/lr 1.770e-03, val/acc 9.082e-01, val/nll 2.850e-01
[2023-02-08 05:37:27] [Epoch    90/  200] trn/loss 1.128e-01, trn/lr 1.746e-03, val/acc 9.008e-01, val/nll 2.878e-01
[2023-02-08 05:37:35] [Epoch    91/  200] trn/loss 1.068e-01, trn/lr 1.723e-03, val/acc 9.149e-01, val/nll 2.676e-01
[2023-02-08 05:37:42] [Epoch    92/  200] trn/loss 1.063e-01, trn/lr 1.700e-03, val/acc 9.045e-01, val/nll 3.035e-01
[2023-02-08 05:37:50] [Epoch    93/  200] trn/loss 1.062e-01, trn/lr 1.676e-03, val/acc 9.157e-01, val/nll 2.521e-01 (best_acc: 9.150e-01 -> 9.157e-01, test_acc: 9.117e-01, test_nll: 2.683e-01)
[2023-02-08 05:37:57] [Epoch    94/  200] trn/loss 1.012e-01, trn/lr 1.653e-03, val/acc 9.147e-01, val/nll 2.668e-01
[2023-02-08 05:38:05] [Epoch    95/  200] trn/loss 9.920e-02, trn/lr 1.630e-03, val/acc 8.950e-01, val/nll 3.536e-01
[2023-02-08 05:38:12] [Epoch    96/  200] trn/loss 1.001e-01, trn/lr 1.606e-03, val/acc 9.142e-01, val/nll 2.533e-01
[2023-02-08 05:38:19] [Epoch    97/  200] trn/loss 9.455e-02, trn/lr 1.582e-03, val/acc 9.119e-01, val/nll 2.730e-01
[2023-02-08 05:38:27] [Epoch    98/  200] trn/loss 9.113e-02, trn/lr 1.559e-03, val/acc 9.206e-01, val/nll 2.380e-01 (best_acc: 9.157e-01 -> 9.206e-01, test_acc: 9.165e-01, test_nll: 2.608e-01)
[2023-02-08 05:38:35] [Epoch    99/  200] trn/loss 9.697e-02, trn/lr 1.535e-03, val/acc 9.159e-01, val/nll 2.713e-01
[2023-02-08 05:38:42] [Epoch   100/  200] trn/loss 9.010e-02, trn/lr 1.512e-03, val/acc 9.155e-01, val/nll 2.642e-01
[2023-02-08 05:38:49] [Epoch   101/  200] trn/loss 9.116e-02, trn/lr 1.488e-03, val/acc 9.175e-01, val/nll 2.589e-01
[2023-02-08 05:38:56] [Epoch   102/  200] trn/loss 8.906e-02, trn/lr 1.465e-03, val/acc 9.165e-01, val/nll 2.611e-01
[2023-02-08 05:39:04] [Epoch   103/  200] trn/loss 8.208e-02, trn/lr 1.441e-03, val/acc 9.155e-01, val/nll 2.627e-01
[2023-02-08 05:39:11] [Epoch   104/  200] trn/loss 8.322e-02, trn/lr 1.418e-03, val/acc 9.064e-01, val/nll 2.952e-01
[2023-02-08 05:39:18] [Epoch   105/  200] trn/loss 8.114e-02, trn/lr 1.394e-03, val/acc 9.154e-01, val/nll 2.643e-01
[2023-02-08 05:39:25] [Epoch   106/  200] trn/loss 7.876e-02, trn/lr 1.371e-03, val/acc 9.118e-01, val/nll 2.714e-01
[2023-02-08 05:39:33] [Epoch   107/  200] trn/loss 7.852e-02, trn/lr 1.347e-03, val/acc 9.189e-01, val/nll 2.529e-01
[2023-02-08 05:39:40] [Epoch   108/  200] trn/loss 7.582e-02, trn/lr 1.324e-03, val/acc 9.034e-01, val/nll 3.087e-01
[2023-02-08 05:39:48] [Epoch   109/  200] trn/loss 7.585e-02, trn/lr 1.300e-03, val/acc 9.228e-01, val/nll 2.384e-01 (best_acc: 9.206e-01 -> 9.228e-01, test_acc: 9.226e-01, test_nll: 2.536e-01)
[2023-02-08 05:39:56] [Epoch   110/  200] trn/loss 7.519e-02, trn/lr 1.277e-03, val/acc 9.248e-01, val/nll 2.336e-01 (best_acc: 9.228e-01 -> 9.248e-01, test_acc: 9.196e-01, test_nll: 2.506e-01)
[2023-02-08 05:40:04] [Epoch   111/  200] trn/loss 7.229e-02, trn/lr 1.254e-03, val/acc 9.146e-01, val/nll 2.636e-01
[2023-02-08 05:40:11] [Epoch   112/  200] trn/loss 6.956e-02, trn/lr 1.231e-03, val/acc 9.137e-01, val/nll 2.792e-01
[2023-02-08 05:40:18] [Epoch   113/  200] trn/loss 6.743e-02, trn/lr 1.207e-03, val/acc 9.210e-01, val/nll 2.542e-01
[2023-02-08 05:40:25] [Epoch   114/  200] trn/loss 6.619e-02, trn/lr 1.184e-03, val/acc 9.153e-01, val/nll 2.553e-01
[2023-02-08 05:40:32] [Epoch   115/  200] trn/loss 6.330e-02, trn/lr 1.161e-03, val/acc 9.209e-01, val/nll 2.532e-01
[2023-02-08 05:40:40] [Epoch   116/  200] trn/loss 6.176e-02, trn/lr 1.138e-03, val/acc 9.230e-01, val/nll 2.411e-01
[2023-02-08 05:40:47] [Epoch   117/  200] trn/loss 6.067e-02, trn/lr 1.116e-03, val/acc 9.199e-01, val/nll 2.488e-01
[2023-02-08 05:40:55] [Epoch   118/  200] trn/loss 6.063e-02, trn/lr 1.093e-03, val/acc 9.267e-01, val/nll 2.287e-01 (best_acc: 9.248e-01 -> 9.267e-01, test_acc: 9.216e-01, test_nll: 2.485e-01)
[2023-02-08 05:41:03] [Epoch   119/  200] trn/loss 5.846e-02, trn/lr 1.070e-03, val/acc 9.248e-01, val/nll 2.428e-01
[2023-02-08 05:41:10] [Epoch   120/  200] trn/loss 5.605e-02, trn/lr 1.048e-03, val/acc 9.253e-01, val/nll 2.290e-01
[2023-02-08 05:41:17] [Epoch   121/  200] trn/loss 5.471e-02, trn/lr 1.025e-03, val/acc 9.181e-01, val/nll 2.603e-01
[2023-02-08 05:41:24] [Epoch   122/  200] trn/loss 5.468e-02, trn/lr 1.003e-03, val/acc 9.256e-01, val/nll 2.342e-01
[2023-02-08 05:41:32] [Epoch   123/  200] trn/loss 5.092e-02, trn/lr 9.809e-04, val/acc 9.163e-01, val/nll 2.691e-01
[2023-02-08 05:41:39] [Epoch   124/  200] trn/loss 5.061e-02, trn/lr 9.589e-04, val/acc 9.240e-01, val/nll 2.569e-01
[2023-02-08 05:41:46] [Epoch   125/  200] trn/loss 5.031e-02, trn/lr 9.370e-04, val/acc 9.217e-01, val/nll 2.527e-01
[2023-02-08 05:41:54] [Epoch   126/  200] trn/loss 4.718e-02, trn/lr 9.152e-04, val/acc 9.299e-01, val/nll 2.188e-01 (best_acc: 9.267e-01 -> 9.299e-01, test_acc: 9.242e-01, test_nll: 2.451e-01)
[2023-02-08 05:42:01] [Epoch   127/  200] trn/loss 4.479e-02, trn/lr 8.936e-04, val/acc 9.299e-01, val/nll 2.222e-01
[2023-02-08 05:42:09] [Epoch   128/  200] trn/loss 4.564e-02, trn/lr 8.721e-04, val/acc 9.285e-01, val/nll 2.340e-01
[2023-02-08 05:42:17] [Epoch   129/  200] trn/loss 4.356e-02, trn/lr 8.508e-04, val/acc 9.304e-01, val/nll 2.199e-01 (best_acc: 9.299e-01 -> 9.304e-01, test_acc: 9.267e-01, test_nll: 2.357e-01)
[2023-02-08 05:42:24] [Epoch   130/  200] trn/loss 4.492e-02, trn/lr 8.296e-04, val/acc 9.246e-01, val/nll 2.415e-01
[2023-02-08 05:42:31] [Epoch   131/  200] trn/loss 4.134e-02, trn/lr 8.086e-04, val/acc 9.302e-01, val/nll 2.199e-01
[2023-02-08 05:42:40] [Epoch   132/  200] trn/loss 3.963e-02, trn/lr 7.878e-04, val/acc 9.316e-01, val/nll 2.225e-01 (best_acc: 9.304e-01 -> 9.316e-01, test_acc: 9.237e-01, test_nll: 2.462e-01)
[2023-02-08 05:42:47] [Epoch   133/  200] trn/loss 3.848e-02, trn/lr 7.671e-04, val/acc 9.305e-01, val/nll 2.191e-01
[2023-02-08 05:42:54] [Epoch   134/  200] trn/loss 3.725e-02, trn/lr 7.467e-04, val/acc 9.229e-01, val/nll 2.454e-01
[2023-02-08 05:43:01] [Epoch   135/  200] trn/loss 3.705e-02, trn/lr 7.264e-04, val/acc 9.311e-01, val/nll 2.199e-01
[2023-02-08 05:43:08] [Epoch   136/  200] trn/loss 3.424e-02, trn/lr 7.063e-04, val/acc 9.301e-01, val/nll 2.248e-01
[2023-02-08 05:43:16] [Epoch   137/  200] trn/loss 3.359e-02, trn/lr 6.864e-04, val/acc 9.314e-01, val/nll 2.233e-01
[2023-02-08 05:43:23] [Epoch   138/  200] trn/loss 3.285e-02, trn/lr 6.667e-04, val/acc 9.212e-01, val/nll 2.586e-01
[2023-02-08 05:43:31] [Epoch   139/  200] trn/loss 3.243e-02, trn/lr 6.472e-04, val/acc 9.319e-01, val/nll 2.185e-01 (best_acc: 9.316e-01 -> 9.319e-01, test_acc: 9.280e-01, test_nll: 2.403e-01)
[2023-02-08 05:43:38] [Epoch   140/  200] trn/loss 2.991e-02, trn/lr 6.279e-04, val/acc 9.278e-01, val/nll 2.205e-01
[2023-02-08 05:43:46] [Epoch   141/  200] trn/loss 2.794e-02, trn/lr 6.089e-04, val/acc 9.264e-01, val/nll 2.321e-01
[2023-02-08 05:43:53] [Epoch   142/  200] trn/loss 2.792e-02, trn/lr 5.900e-04, val/acc 9.280e-01, val/nll 2.272e-01
[2023-02-08 05:44:01] [Epoch   143/  200] trn/loss 2.712e-02, trn/lr 5.714e-04, val/acc 9.354e-01, val/nll 2.118e-01 (best_acc: 9.319e-01 -> 9.354e-01, test_acc: 9.295e-01, test_nll: 2.389e-01)
[2023-02-08 05:44:09] [Epoch   144/  200] trn/loss 2.609e-02, trn/lr 5.530e-04, val/acc 9.319e-01, val/nll 2.270e-01
[2023-02-08 05:44:16] [Epoch   145/  200] trn/loss 2.489e-02, trn/lr 5.349e-04, val/acc 9.330e-01, val/nll 2.101e-01
[2023-02-08 05:44:24] [Epoch   146/  200] trn/loss 2.419e-02, trn/lr 5.170e-04, val/acc 9.363e-01, val/nll 2.157e-01 (best_acc: 9.354e-01 -> 9.363e-01, test_acc: 9.279e-01, test_nll: 2.343e-01)
[2023-02-08 05:44:31] [Epoch   147/  200] trn/loss 2.426e-02, trn/lr 4.993e-04, val/acc 9.308e-01, val/nll 2.303e-01
[2023-02-08 05:44:40] [Epoch   148/  200] trn/loss 2.293e-02, trn/lr 4.819e-04, val/acc 9.378e-01, val/nll 2.048e-01 (best_acc: 9.363e-01 -> 9.378e-01, test_acc: 9.310e-01, test_nll: 2.266e-01)
[2023-02-08 05:44:47] [Epoch   149/  200] trn/loss 2.128e-02, trn/lr 4.647e-04, val/acc 9.303e-01, val/nll 2.202e-01
[2023-02-08 05:44:54] [Epoch   150/  200] trn/loss 2.154e-02, trn/lr 4.478e-04, val/acc 9.341e-01, val/nll 2.157e-01
[2023-02-08 05:45:01] [Epoch   151/  200] trn/loss 2.024e-02, trn/lr 4.311e-04, val/acc 9.346e-01, val/nll 2.115e-01
[2023-02-08 05:45:08] [Epoch   152/  200] trn/loss 1.943e-02, trn/lr 4.147e-04, val/acc 9.329e-01, val/nll 2.212e-01
[2023-02-08 05:45:16] [Epoch   153/  200] trn/loss 1.901e-02, trn/lr 3.986e-04, val/acc 9.373e-01, val/nll 2.109e-01
[2023-02-08 05:45:23] [Epoch   154/  200] trn/loss 1.835e-02, trn/lr 3.827e-04, val/acc 9.356e-01, val/nll 2.068e-01
[2023-02-08 05:45:30] [Epoch   155/  200] trn/loss 1.783e-02, trn/lr 3.671e-04, val/acc 9.362e-01, val/nll 2.038e-01
[2023-02-08 05:45:38] [Epoch   156/  200] trn/loss 1.668e-02, trn/lr 3.518e-04, val/acc 9.371e-01, val/nll 2.051e-01
[2023-02-08 05:45:46] [Epoch   157/  200] trn/loss 1.664e-02, trn/lr 3.368e-04, val/acc 9.385e-01, val/nll 2.063e-01 (best_acc: 9.378e-01 -> 9.385e-01, test_acc: 9.317e-01, test_nll: 2.243e-01)
[2023-02-08 05:45:53] [Epoch   158/  200] trn/loss 1.533e-02, trn/lr 3.221e-04, val/acc 9.335e-01, val/nll 2.230e-01
[2023-02-08 05:46:01] [Epoch   159/  200] trn/loss 1.490e-02, trn/lr 3.076e-04, val/acc 9.405e-01, val/nll 2.016e-01 (best_acc: 9.385e-01 -> 9.405e-01, test_acc: 9.365e-01, test_nll: 2.221e-01)
[2023-02-08 05:46:08] [Epoch   160/  200] trn/loss 1.479e-02, trn/lr 2.935e-04, val/acc 9.382e-01, val/nll 2.061e-01
[2023-02-08 05:46:16] [Epoch   161/  200] trn/loss 1.453e-02, trn/lr 2.796e-04, val/acc 9.381e-01, val/nll 2.054e-01
[2023-02-08 05:46:24] [Epoch   162/  200] trn/loss 1.331e-02, trn/lr 2.661e-04, val/acc 9.434e-01, val/nll 1.953e-01 (best_acc: 9.405e-01 -> 9.434e-01, test_acc: 9.348e-01, test_nll: 2.192e-01)
[2023-02-08 05:46:31] [Epoch   163/  200] trn/loss 1.261e-02, trn/lr 2.528e-04, val/acc 9.423e-01, val/nll 1.969e-01
[2023-02-08 05:46:38] [Epoch   164/  200] trn/loss 1.272e-02, trn/lr 2.399e-04, val/acc 9.385e-01, val/nll 2.008e-01
[2023-02-08 05:46:46] [Epoch   165/  200] trn/loss 1.207e-02, trn/lr 2.273e-04, val/acc 9.409e-01, val/nll 1.939e-01
[2023-02-08 05:46:53] [Epoch   166/  200] trn/loss 1.222e-02, trn/lr 2.150e-04, val/acc 9.420e-01, val/nll 1.916e-01
[2023-02-08 05:47:00] [Epoch   167/  200] trn/loss 1.112e-02, trn/lr 2.030e-04, val/acc 9.397e-01, val/nll 2.000e-01
[2023-02-08 05:47:07] [Epoch   168/  200] trn/loss 1.100e-02, trn/lr 1.913e-04, val/acc 9.405e-01, val/nll 1.930e-01
[2023-02-08 05:47:15] [Epoch   169/  200] trn/loss 1.079e-02, trn/lr 1.800e-04, val/acc 9.414e-01, val/nll 1.917e-01
[2023-02-08 05:47:22] [Epoch   170/  200] trn/loss 1.003e-02, trn/lr 1.689e-04, val/acc 9.383e-01, val/nll 1.942e-01
[2023-02-08 05:47:29] [Epoch   171/  200] trn/loss 9.774e-03, trn/lr 1.582e-04, val/acc 9.419e-01, val/nll 1.931e-01
[2023-02-08 05:47:36] [Epoch   172/  200] trn/loss 9.603e-03, trn/lr 1.479e-04, val/acc 9.420e-01, val/nll 1.988e-01
[2023-02-08 05:47:43] [Epoch   173/  200] trn/loss 9.230e-03, trn/lr 1.378e-04, val/acc 9.396e-01, val/nll 1.944e-01
[2023-02-08 05:47:51] [Epoch   174/  200] trn/loss 8.915e-03, trn/lr 1.281e-04, val/acc 9.396e-01, val/nll 1.951e-01
[2023-02-08 05:47:58] [Epoch   175/  200] trn/loss 8.536e-03, trn/lr 1.188e-04, val/acc 9.404e-01, val/nll 1.938e-01
[2023-02-08 05:48:05] [Epoch   176/  200] trn/loss 8.545e-03, trn/lr 1.098e-04, val/acc 9.419e-01, val/nll 1.941e-01
[2023-02-08 05:48:12] [Epoch   177/  200] trn/loss 8.422e-03, trn/lr 1.011e-04, val/acc 9.423e-01, val/nll 1.917e-01
[2023-02-08 05:48:20] [Epoch   178/  200] trn/loss 7.778e-03, trn/lr 9.275e-05, val/acc 9.400e-01, val/nll 1.933e-01
[2023-02-08 05:48:27] [Epoch   179/  200] trn/loss 7.928e-03, trn/lr 8.477e-05, val/acc 9.429e-01, val/nll 1.908e-01
[2023-02-08 05:48:34] [Epoch   180/  200] trn/loss 7.587e-03, trn/lr 7.714e-05, val/acc 9.406e-01, val/nll 1.927e-01
[2023-02-08 05:48:41] [Epoch   181/  200] trn/loss 7.294e-03, trn/lr 6.986e-05, val/acc 9.419e-01, val/nll 1.927e-01
[2023-02-08 05:48:49] [Epoch   182/  200] trn/loss 7.280e-03, trn/lr 6.293e-05, val/acc 9.410e-01, val/nll 1.898e-01
[2023-02-08 05:48:56] [Epoch   183/  200] trn/loss 7.187e-03, trn/lr 5.635e-05, val/acc 9.415e-01, val/nll 1.872e-01
[2023-02-08 05:49:03] [Epoch   184/  200] trn/loss 7.116e-03, trn/lr 5.013e-05, val/acc 9.433e-01, val/nll 1.882e-01
[2023-02-08 05:49:11] [Epoch   185/  200] trn/loss 6.687e-03, trn/lr 4.427e-05, val/acc 9.441e-01, val/nll 1.879e-01 (best_acc: 9.434e-01 -> 9.441e-01, test_acc: 9.392e-01, test_nll: 2.073e-01)
[2023-02-08 05:49:19] [Epoch   186/  200] trn/loss 6.691e-03, trn/lr 3.877e-05, val/acc 9.440e-01, val/nll 1.884e-01
[2023-02-08 05:49:26] [Epoch   187/  200] trn/loss 6.533e-03, trn/lr 3.363e-05, val/acc 9.421e-01, val/nll 1.894e-01
[2023-02-08 05:49:33] [Epoch   188/  200] trn/loss 6.416e-03, trn/lr 2.885e-05, val/acc 9.423e-01, val/nll 1.887e-01
[2023-02-08 05:49:40] [Epoch   189/  200] trn/loss 6.499e-03, trn/lr 2.444e-05, val/acc 9.417e-01, val/nll 1.898e-01
[2023-02-08 05:49:47] [Epoch   190/  200] trn/loss 6.464e-03, trn/lr 2.038e-05, val/acc 9.430e-01, val/nll 1.886e-01
[2023-02-08 05:49:55] [Epoch   191/  200] trn/loss 6.532e-03, trn/lr 1.670e-05, val/acc 9.428e-01, val/nll 1.874e-01
[2023-02-08 05:50:02] [Epoch   192/  200] trn/loss 6.472e-03, trn/lr 1.338e-05, val/acc 9.429e-01, val/nll 1.883e-01
[2023-02-08 05:50:09] [Epoch   193/  200] trn/loss 6.314e-03, trn/lr 1.042e-05, val/acc 9.425e-01, val/nll 1.883e-01
[2023-02-08 05:50:16] [Epoch   194/  200] trn/loss 6.112e-03, trn/lr 7.835e-06, val/acc 9.421e-01, val/nll 1.884e-01
[2023-02-08 05:50:24] [Epoch   195/  200] trn/loss 5.959e-03, trn/lr 5.616e-06, val/acc 9.414e-01, val/nll 1.889e-01
[2023-02-08 05:50:31] [Epoch   196/  200] trn/loss 6.410e-03, trn/lr 3.766e-06, val/acc 9.421e-01, val/nll 1.884e-01
[2023-02-08 05:50:38] [Epoch   197/  200] trn/loss 6.173e-03, trn/lr 2.286e-06, val/acc 9.421e-01, val/nll 1.884e-01
[2023-02-08 05:50:45] [Epoch   198/  200] trn/loss 6.170e-03, trn/lr 1.175e-06, val/acc 9.419e-01, val/nll 1.879e-01
[2023-02-08 05:50:53] [Epoch   199/  200] trn/loss 6.096e-03, trn/lr 4.335e-07, val/acc 9.421e-01, val/nll 1.890e-01
[2023-02-08 05:51:00] [Epoch   200/  200] trn/loss 6.444e-03, trn/lr 6.226e-08, val/acc 9.424e-01, val/nll 1.890e-01
